1 of 1 MIP starts provided solutions.
MIP start 'm1' defined initial solution with objective 6139.7375.
Tried aggregator 2 times.
MIP Presolve eliminated 46 rows and 45 columns.
MIP Presolve modified 4211 coefficients.
Aggregator did 5 substitutions.
Reduced MIP has 3399 rows, 1937 columns, and 20528 nonzeros.
Reduced MIP has 1585 binaries, 0 generals, 0 SOSs, and 0 indicators.
Presolve time = 0.02 sec. (12.95 ticks)
Probing time = 0.01 sec. (3.49 ticks)
Tried aggregator 1 time.
Reduced MIP has 3399 rows, 1937 columns, and 20528 nonzeros.
Reduced MIP has 1585 binaries, 0 generals, 0 SOSs, and 0 indicators.
Presolve time = 0.01 sec. (7.29 ticks)
Probing time = 0.01 sec. (3.50 ticks)
Clique table members: 630.
MIP emphasis: balance optimality and feasibility.
MIP search method: dynamic search.
Parallel mode: none, using 1 thread.
Root relaxation solution time = 0.01 sec. (9.53 ticks)

        Nodes                                         Cuts/
   Node  Left     Objective  IInf  Best Integer    Best Bound    ItCnt     Gap

*     0+    0                         6139.7375    27571.1947      492  349.06%
      0     0     7702.0654   366     6139.7375     7702.0654      492   25.45%
      0     0     7250.7576   333     6139.7375     Cuts: 724      828   18.10%
      0     0     7072.7021   369     6139.7375     Cuts: 746     1166   15.20%
      0     0     7022.0618   385     6139.7375     Cuts: 597     1352   14.37%
      0     0     6983.8540   427     6139.7375     Cuts: 542     1518   13.75%
      0     0     6957.7259   421     6139.7375     Cuts: 463     1685   13.32%
      0     0     6930.5147   435     6139.7375     Cuts: 469     1881   12.88%
      0     0     6908.1388   433     6139.7375     Cuts: 470     2054   12.52%
      0     0     6888.7646   442     6139.7375     Cuts: 417     2177   12.20%
      0     0     6871.7757   430     6139.7375     Cuts: 338     2333   11.92%
      0     0     6857.9327   474     6139.7375     Cuts: 356     2473   11.70%
      0     0     6841.1204   480     6139.7375     Cuts: 302     2642   11.42%
      0     0     6830.6509   461     6139.7375     Cuts: 335     2771   11.25%
      0     0     6817.7812   480     6139.7375     Cuts: 259     2927   11.04%
      0     0     6810.0447   510     6139.7375     Cuts: 241     3111   10.92%
      0     0     6801.3483   520     6139.7375     Cuts: 156     3237   10.78%
      0     0     6791.4971   517     6139.7375     Cuts: 181     3336   10.62%
      0     0     6783.7015   518     6139.7375     Cuts: 176     3402   10.49%
      0     0     6776.5179   519     6139.7375     Cuts: 133     3472   10.37%
      0     0     6773.3056   519     6139.7375     Cuts: 192     3556   10.32%
      0     0     6770.4472   511     6139.7375     Cuts: 131     3636   10.27%
      0     0     6765.7983   510     6139.7375     Cuts: 117     3699   10.20%
      0     0     6764.4643   492     6139.7375     Cuts: 148     3761   10.18%
      0     0     6759.6434   520     6139.7375     Cuts: 130     3808   10.10%
      0     0     6758.2919   521     6139.7375      Cuts: 81     3851   10.07%
      0     2     6758.2919   521     6139.7375     6758.1219     3851   10.07%
Elapsed time = 3.81 sec. (1825.87 ticks, tree = 0.00 MB, solutions = 1)
     19    21     6503.4045   341     6139.7375     6746.8268     5496    9.89%
     30    32     6630.7673   386     6139.7375     6746.8268     6676    9.89%
     41    43     6232.9136   318     6139.7375     6746.8268     8721    9.89%
    100    98     6501.8044   278     6139.7375     6746.8268    10592    9.89%
    200   178     6245.4322   225     6139.7375     6746.8268    12557    9.89%
    266   219     6703.2277   467     6139.7375     6746.6804    13705    9.89%
    300   243     6680.1845   445     6139.7375     6746.6804    15201    9.89%
    360   299     6561.5040   317     6139.7375     6746.6804    17027    9.89%
    440   375     6436.5649   188     6139.7375     6746.6804    18120    9.89%
    824   690        cutoff           6139.7375     6732.2426    25235    9.65%
Elapsed time = 8.85 sec. (5053.53 ticks, tree = 1.36 MB, solutions = 1)
   1000   827     6636.2360   513     6139.7375     6636.2192    32493    8.09%
   1003   830     6612.2558   468     6139.7375     6635.2054    32888    8.07%
   1010   832     6282.6830   327     6139.7375     6635.2054    33715    8.07%
   1051   793     6633.4722   509     6139.7375     6635.1600    34273    8.07%
   1160   795     6243.4322   286     6139.7375     6633.2910    37592    8.04%
   1297   787     6630.2935   507     6139.7375     6630.2914    42399    7.99%
   1367   831     6588.9619   369     6139.7375     6630.2785    45065    7.99%
   1593   927        cutoff           6139.7375     6629.6339    49686    7.98%
   1618   918     6583.8986   489     6139.7375     6627.9504    53630    7.95%
   1772   986        cutoff           6139.7375     6626.9764    58241    7.94%
Elapsed time = 38.45 sec. (21680.83 ticks, tree = 2.27 MB, solutions = 1)
   1871  1046     6416.0940   314     6139.7375     6626.2093    62409    7.92%
   2063  1153     6514.4589   448     6139.7375     6625.8621    66181    7.92%
   2298  1261     6491.3675   457     6139.7375     6625.5960    70647    7.91%
   2458  1346     6315.0546   247     6139.7375     6624.8803    76099    7.90%
   2698  1522     6380.5968   281     6139.7375     6624.8626    79860    7.90%
   2972  1784     6393.0204   223     6139.7375     6624.6856    84350    7.90%
   3309  2109     6401.5611   339     6139.7375     6624.0404    89245    7.89%
   3532  2301     6465.6114   325     6139.7375     6622.3699    95364    7.86%
   3791  2544        cutoff           6139.7375     6620.7439   101034    7.83%
   3840  2589        cutoff           6139.7375     6620.6549   105234    7.83%
Elapsed time = 53.40 sec. (31422.16 ticks, tree = 4.28 MB, solutions = 1)
   4000  2735     6453.5197   341     6139.7375     6620.6418   109887    7.83%
   4219  2947     6434.1614   401     6139.7375     6620.5627   113599    7.83%
   4490  3206     6433.8706   306     6139.7375     6619.9740   118077    7.82%
   4733  3441     6373.8720   323     6139.7375     6617.3928   122393    7.78%
   4920  3620     6280.9577   279     6139.7375     6617.1855   127222    7.78%
   5094  3786     6274.8897   243     6139.7375     6617.1836   131868    7.78%
   5360  4039     6166.0024    95     6139.7375     6617.0406   136281    7.77%
   5625  4279        cutoff           6139.7375     6615.0404   140818    7.74%
   5852  4497     6444.8202   451     6139.7375     6611.7184   146130    7.69%
   6096  4729     6355.5947   257     6139.7375     6610.0812   151374    7.66%
Elapsed time = 68.65 sec. (41191.50 ticks, tree = 7.21 MB, solutions = 1)
   6269  4882     6552.1274   480     6139.7375     6608.7714   156252    7.64%
   6558  5166     6286.1310   327     6139.7375     6608.6968   162690    7.64%
   6778  5375     6563.6701   494     6139.7375     6606.0867   168149    7.60%
   6912  5482     6526.9227   439     6139.7375     6605.1374   173495    7.58%
   7147  5707     6563.3591   487     6139.7375     6604.2476   178019    7.57%
   7453  6007     6539.1263   459     6139.7375     6603.9058   182703    7.56%
   7528  6076        cutoff           6139.7375     6603.9058   187806    7.56%
   7680  6219     6366.6977   284     6139.7375     6602.6658   192698    7.54%
   8028  6552     6483.2926   473     6139.7375     6600.1971   197896    7.50%
   8262  6780     6481.9930   426     6139.7375     6599.5237   202176    7.49%
Elapsed time = 84.60 sec. (51357.07 ticks, tree = 9.93 MB, solutions = 1)
   8385  6886     6554.2568   457     6139.7375     6597.4600   208755    7.46%
   8658  7146     6140.0296   333     6139.7375     6597.3797   214073    7.45%
   8910  7390     6519.5529   449     6139.7375     6596.7393   218975    7.44%
   9043  7510     6504.5842   427     6139.7375     6596.7102   224913    7.44%
   9396  7849     6216.0548   265     6139.7375     6596.1563   230326    7.43%
   9655  8094     6360.3159   378     6139.7375     6593.9005   235331    7.40%
   9838  8258        cutoff           6139.7375     6593.5112   240548    7.39%
   9976  8390     6517.8925   437     6139.7375     6592.9335   245192    7.38%
  10167  8552     6384.9004   414     6139.7375     6592.8207   251749    7.38%
  10306  8680     6500.0332   448     6139.7375     6592.3308   256719    7.37%
Elapsed time = 100.43 sec. (61316.38 ticks, tree = 12.70 MB, solutions = 1)
  10511  8879     6464.1569   329     6139.7375     6590.8909   261302    7.35%
  10762  9118     6344.1717   385     6139.7375     6590.5591   266363    7.34%
  10828  9163     6523.6209   437     6139.7375     6589.6307   270904    7.33%
  11000  9335     6270.1373   179     6139.7375     6589.6307   274506    7.33%
  11001  9336     6535.7392   467     6139.7375     6589.0472   275070    7.32%
  11165  9459     6226.4357   396     6139.7375     6588.0378   281456    7.30%
  11443  9718     6533.3068   443     6139.7375     6587.6325   286271    7.30%
  11684  9935     6157.4804   342     6139.7375     6587.6311   290957    7.29%
  11968 10200     6169.0330   120     6139.7375     6586.3414   296642    7.27%
  12243 10458     6372.8983   375     6139.7375     6585.2195   301798    7.26%
Elapsed time = 126.30 sec. (77126.95 ticks, tree = 15.08 MB, solutions = 1)
  12419 10610     6200.5833   329     6139.7375     6584.0864   308099    7.24%
  12554 10734     6434.5175   441     6139.7375     6583.8730   313763    7.23%
  12733 10887        cutoff           6139.7375     6583.5239   320672    7.23%
  12864 10992     6382.5399   438     6139.7375     6583.1660   326679    7.22%
  13053 11163     6292.5033   305     6139.7375     6583.1347   333128    7.22%
  13216 11305        cutoff           6139.7375     6581.7722   339030    7.20%
  13461 11541     6521.6976   474     6139.7375     6580.9077   344278    7.19%
  13710 11785     6437.4501   451     6139.7375     6579.4768   350399    7.16%
  13985 12044     6201.9236   207     6139.7375     6579.2939   356444    7.16%
  14261 12304     6434.3540   466     6139.7375     6578.5105   361334    7.15%
Elapsed time = 141.65 sec. (86895.00 ticks, tree = 17.53 MB, solutions = 1)
  14431 12467     6152.4649   328     6139.7375     6578.2332   366268    7.14%
  14633 12658     6370.4256   350     6139.7375     6577.5461   371894    7.13%
  14848 12866     6360.0094   394     6139.7375     6576.4986   377160    7.11%
  15088 13098     6282.7100   260     6139.7375     6575.9286   382742    7.10%
  15292 13283     6354.3323   384     6139.7375     6574.1698   388097    7.08%
  15498 13479     6448.6498   483     6139.7375     6573.7486   393214    7.07%
  15757 13733     6183.2750   267     6139.7375     6573.6930   398771    7.07%
  15956 13923     6415.9159   322     6139.7375     6572.6728   403888    7.05%
  16272 14227     6247.8824   309     6139.7375     6572.5551   408809    7.05%
  16542 14475     6527.4219   503     6139.7375     6572.1945   414288    7.04%
Elapsed time = 156.99 sec. (96667.00 ticks, tree = 20.43 MB, solutions = 1)
  16710 14614     6372.1618   370     6139.7375     6571.9280   420665    7.04%
  17002 14892     6346.8129   326     6139.7375     6571.9002   426217    7.04%
  17373 15251     6478.4138   412     6139.7375     6571.3899   432250    7.03%
  17572 15443     6368.3062   340     6139.7375     6570.2077   437794    7.01%
  17783 15629        cutoff           6139.7375     6569.3303   444029    7.00%
  18006 15847     6158.1392   155     6139.7375     6568.6970   449951    6.99%
  18238 16066     6447.8266   407     6139.7375     6568.3654   455045    6.98%
  18511 16329     6319.2500   373     6139.7375     6568.2375   461463    6.98%
  18687 16479     6338.1253   371     6139.7375     6567.5865   467584    6.97%
  19683 17423     6493.5514   392     6139.7375     6565.3260   490984    6.93%
Elapsed time = 176.93 sec. (109185.52 ticks, tree = 24.84 MB, solutions = 1)
  20689 18392     6432.6153   377     6139.7375     6563.6265   512885    6.90%
  21518 19164     6513.8562   469     6139.7375     6562.9194   534602    6.89%
  22306 19890     6445.8251   370     6139.7375     6560.3799   557025    6.85%
  23227 20769     6392.2868   396     6139.7375     6558.4162   579835    6.82%
  24152 21638        cutoff           6139.7375     6557.0263   603354    6.80%
  25099 22553     6517.0105   456     6139.7375     6556.0205   623011    6.78%
  26261 23641     6418.7241   369     6139.7375     6553.5226   642471    6.74%
  27400 24743     6165.9860   219     6139.7375     6552.6348   660572    6.73%
  28443 25714     6232.7861   358     6139.7375     6551.0904   679626    6.70%
  29343 26539     6205.7009   197     6139.7375     6550.2457   698034    6.69%
Elapsed time = 239.73 sec. (147471.22 ticks, tree = 37.09 MB, solutions = 1)
  30062 27154     6480.3191   452     6139.7375     6548.1325   719606    6.65%
  30968 27979     6185.4055   322     6139.7375     6545.0089   740320    6.60%
  32121 29078     6161.4582   383     6139.7375     6543.6061   760770    6.58%
  32950 29834     6472.9783   488     6139.7375     6541.7798   782596    6.55%
  33640 30472     6356.8658   356     6139.7375     6539.7248   804062    6.51%
  34655 31417     6274.7258   423     6139.7375     6538.6020   823275    6.50%
  35373 32068     6401.3891   363     6139.7375     6536.9456   842159    6.47%
  36589 33242     6292.1682   407     6139.7375     6536.1116   861498    6.46%
  37477 34024     6463.5787   430     6139.7375     6535.3365   880207    6.44%
  38600 35088     6355.1765   420     6139.7375     6534.0691   898983    6.42%
Elapsed time = 301.30 sec. (185854.25 ticks, tree = 49.49 MB, solutions = 1)
  39594 36016     6266.1868   406     6139.7375     6533.0847   919863    6.41%
  40485 36840     6149.1564   361     6139.7375     6531.6582   940908    6.38%
  41488 37778     6369.3431   447     6139.7375     6530.6658   961618    6.37%
  42731 38977     6198.0059   276     6139.7375     6529.7791   980953    6.35%
  43800 39964     6266.1906   329     6139.7375     6528.4441  1001189    6.33%
  44686 40785     6264.5684   394     6139.7375     6527.0976  1020438    6.31%
  45597 41645     6152.0086   177     6139.7375     6526.5804  1038885    6.30%
  46458 42446     6237.8639   390     6139.7375     6525.7415  1057836    6.29%
  47409 43341        cutoff           6139.7375     6525.0289  1076684    6.28%
  48255 44104     6430.7828   364     6139.7375     6524.3128  1096628    6.26%
Elapsed time = 362.23 sec. (224094.97 ticks, tree = 61.63 MB, solutions = 1)
  49363 45154     6177.5333   306     6139.7375     6523.2319  1117357    6.25%
  50398 46129     6407.6590   383     6139.7375     6522.3441  1137847    6.23%
  51437 47094     6403.8929   466     6139.7375     6521.1062  1159663    6.21%
  52315 47909     6300.1627   423     6139.7375     6520.3039  1181382    6.20%
  53190 48723     6451.5505   452     6139.7375     6518.9665  1203049    6.18%
  54132 49598     6345.1091   384     6139.7375     6518.1326  1223104    6.16%
  55118 50522     6431.3800   480     6139.7375     6517.5695  1242060    6.15%
  55973 51291     6376.9213   430     6139.7375     6516.4238  1262056    6.14%
  57000 52260     6179.3279   204     6139.7375     6516.2067  1281723    6.13%
  57870 53039     6440.5744   426     6139.7375     6515.5399  1301526    6.12%
Elapsed time = 428.64 sec. (262614.59 ticks, tree = 73.66 MB, solutions = 1)
  59058 54163        cutoff           6139.7375     6514.6352  1321619    6.11%
  60008 55044     6242.1587   312     6139.7375     6513.7846  1342485    6.09%
  61020 55982     6348.3253   395     6139.7375     6513.2180  1364143    6.08%
  62146 57035        cutoff           6139.7375     6512.6008  1384431    6.07%
  63097 57918     6201.6469   351     6139.7375     6512.0724  1404964    6.06%
  64190 58944     6142.8178   334     6139.7375     6511.2226  1426559    6.05%
  65284 59983     6267.9699   415     6139.7375     6510.7467  1446888    6.04%
  66305 60956     6464.2887   408     6139.7375     6510.5000  1466660    6.04%
  67219 61818     6429.2306   417     6139.7375     6510.0393  1486423    6.03%
  67988 62526     6454.3150   395     6139.7375     6509.4116  1507148    6.02%
Elapsed time = 490.70 sec. (300933.63 ticks, tree = 86.47 MB, solutions = 1)
  69025 63496     6173.1851   361     6139.7375     6509.0866  1527192    6.02%
  69885 64270     6247.7160   371     6139.7375     6508.7066  1547857    6.01%
  70880 65197     6316.2439   356     6139.7375     6508.2736  1569032    6.00%
  72035 66286     6425.6467   352     6139.7375     6507.8860  1589367    6.00%
  73100 67293     6395.8350   397     6139.7375     6507.6327  1610333    5.99%
  74211 68359     6299.9560   283     6139.7375     6507.1446  1631070    5.98%
  75227 69312     6256.0529   363     6139.7375     6506.2456  1652366    5.97%
  76139 70149     6140.8808   286     6139.7375     6505.5311  1674509    5.96%
  77184 71130     6294.7819   287     6139.7375     6505.0660  1694850    5.95%
  77977 71840     6285.5789   309     6139.7375     6504.4732  1714141    5.94%
Elapsed time = 554.07 sec. (339147.07 ticks, tree = 101.07 MB, solutions = 1)
  79085 72886     6437.2327   416     6139.7375     6503.7883  1733835    5.93%
  80057 73807     6164.8234   267     6139.7375     6503.4550  1752826    5.92%
  80939 74614     6346.4408   356     6139.7375     6502.9786  1773032    5.92%
  81872 75472     6212.5796   310     6139.7375     6502.4767  1792911    5.91%
  82685 76215     6260.8187   305     6139.7375     6502.2593  1814423    5.90%
  83603 77036     6271.1090   387     6139.7375     6501.8476  1835582    5.90%
  84416 77764     6318.8552   358     6139.7375     6501.4206  1856667    5.89%
  85568 78860     6162.9492   402     6139.7375     6500.9169  1877443    5.88%
  86440 79652     6370.5855   397     6139.7375     6500.3945  1897877    5.87%
  87605 80727     6425.7523   407     6139.7375     6499.8477  1920667    5.87%
Elapsed time = 616.28 sec. (377479.89 ticks, tree = 113.14 MB, solutions = 1)
  88767 81802     6163.9864   278     6139.7375     6499.4340  1941449    5.86%
  89814 82779     6275.1413   374     6139.7375     6499.0321  1961371    5.85%
  90715 83591     6448.8829   437     6139.7375     6498.4688  1981616    5.84%
  91723 84544     6355.6855   374     6139.7375     6498.3030  2000733    5.84%
  92700 85441     6426.3309   427     6139.7375     6497.7630  2022247    5.83%
  93601 86267     6249.5884   387     6139.7375     6497.2708  2042232    5.82%
  94580 87176     6144.6661   337     6139.7375     6496.8103  2062577    5.82%
  95544 88061     6150.5874   361     6139.7375     6496.3287  2082568    5.81%
  96639 89076     6391.3545   375     6139.7375     6496.0967  2103092    5.80%
  97613 89970     6232.8666   376     6139.7375     6495.6870  2125139    5.80%
Elapsed time = 679.09 sec. (415778.04 ticks, tree = 125.71 MB, solutions = 1)
  98657 90964     6325.4104   319     6139.7375     6495.4782  2146463    5.79%
  99761 91987     6397.6901   445     6139.7375     6495.1398  2168797    5.79%
 100723 92877        cutoff           6139.7375     6494.8680  2189959    5.78%
 101591 93651     6282.4178   385     6139.7375     6494.3146  2212793    5.78%
 102553 94531     6279.5324   410     6139.7375     6494.0289  2234642    5.77%
 103581 95489     6428.0759   445     6139.7375     6493.6647  2255015    5.76%
 104554 96379     6152.4333   334     6139.7375     6493.2316  2274770    5.76%
 105512 97253     6250.2806   408     6139.7375     6492.8395  2296333    5.75%
 106477 98138     6228.4402   378     6139.7375     6492.4545  2316736    5.74%
 107409 98978     6359.9095   338     6139.7375     6492.1880  2336455    5.74%
Elapsed time = 741.90 sec. (454207.94 ticks, tree = 137.97 MB, solutions = 1)
 108280 99753     6225.6834   293     6139.7375     6491.8458  2357546    5.73%
 109079 100475     6256.6215   416     6139.7375     6491.3529  2379240    5.73%
 109895 101199     6147.0580   380     6139.7375     6491.0021  2401722    5.72%
 110693 101897     6432.8877   460     6139.7375     6490.4057  2424712    5.71%
 111604 102724     6318.6649   414     6139.7375     6490.2065  2446809    5.71%
 112538 103603     6216.5359   352     6139.7375     6489.7869  2467426    5.70%
 113740 104736     6292.8964   258     6139.7375     6489.4893  2487566    5.70%
 114637 105559     6359.4310   353     6139.7375     6489.0261  2509082    5.69%
 115591 106435     6407.7024   368     6139.7375     6488.7305  2530478    5.68%
 116640 107417     6157.6358   276     6139.7375     6488.4968  2550577    5.68%
Elapsed time = 805.38 sec. (492506.40 ticks, tree = 149.49 MB, solutions = 1)
 117488 108167     6440.1747   401     6139.7375     6488.2076  2571173    5.68%
 118605 109227     6415.5900   448     6139.7375     6487.7990  2591520    5.67%
 119367 109915     6360.0743   409     6139.7375     6487.2800  2611829    5.66%
 120370 110852     6306.8073   306     6139.7375     6486.9503  2631752    5.66%
 121336 111717     6393.0791   426     6139.7375     6486.8412  2653465    5.65%
 122345 112643     6172.1772   339     6139.7375     6486.3227  2676016    5.64%
 123344 113562     6185.3012   298     6139.7375     6486.0211  2697752    5.64%
 124419 114584     6274.6906   277     6139.7375     6485.7630  2719696    5.64%
 125547 115643     6298.9278   371     6139.7375     6485.4920  2740837    5.63%
 126648 116660     6150.9144   392     6139.7375     6485.3371  2764433    5.63%
Elapsed time = 868.31 sec. (530846.47 ticks, tree = 162.08 MB, solutions = 1)
 127642 117553     6256.1785   246     6139.7375     6485.0008  2786557    5.62%
 128634 118434     6328.7466   407     6139.7375     6484.7645  2808640    5.62%
 129576 119305     6396.4215   409     6139.7375     6484.3244  2830218    5.61%
 130686 120339     6414.3902   382     6139.7375     6484.0954  2851177    5.61%
 131697 121267     6347.2693   359     6139.7375     6483.8529  2872244    5.60%
 132624 122105     6158.0474   329     6139.7375     6483.6402  2893020    5.60%
 133569 122954     6202.0310   208     6139.7375     6483.0748  2914358    5.59%
 134550 123857     6236.6444   392     6139.7375     6482.8944  2932585    5.59%
 135551 124767     6219.6364   370     6139.7375     6482.4557  2954195    5.58%
 136600 125733     6325.7742   308     6139.7375     6482.2452  2974814    5.58%
Elapsed time = 931.22 sec. (569076.83 ticks, tree = 174.44 MB, solutions = 1)
 137593 126649     6298.1977   382     6139.7375     6481.9762  2996299    5.57%
 138586 127539     6240.8820   334     6139.7375     6481.6520  3017004    5.57%
 139567 128433        cutoff           6139.7375     6481.1905  3038916    5.56%
 140438 129213     6375.2100   332     6139.7375     6480.8866  3061257    5.56%
 141522 130239     6424.8237   410     6139.7375     6480.6709  3082582    5.55%
 142533 131154        cutoff           6139.7375     6480.3096  3104824    5.55%
 143431 132003     6178.8691   327     6139.7375     6480.1467  3126316    5.54%
 144441 132920     6340.0955   332     6139.7375     6479.7347  3147934    5.54%
 145504 133899     6293.5815   413     6139.7375     6479.4683  3170678    5.53%
 146478 134802     6390.3676   445     6139.7375     6479.1613  3192455    5.53%
Elapsed time = 994.89 sec. (607368.34 ticks, tree = 188.46 MB, solutions = 1)
 147251 135519     6287.0907   364     6139.7375     6478.8197  3211357    5.52%
 148251 136408     6146.3033   188     6139.7375     6478.4756  3234179    5.52%
 149352 137429     6331.9480   308     6139.7375     6478.2034  3254740    5.51%
 150373 138388     6424.5015   445     6139.7375     6478.0485  3276249    5.51%
 151299 139251     6396.2352   409     6139.7375     6477.8101  3296573    5.51%
 152177 140047     6313.1149   333     6139.7375     6477.4014  3317644    5.50%
 153414 141194     6156.3397   329     6139.7375     6477.1876  3337924    5.50%
 154558 142248     6275.4467   337     6139.7375     6477.0765  3359273    5.49%
 155559 143152     6165.7027   367     6139.7375     6476.8459  3381577    5.49%
 156585 144078     6370.5693   356     6139.7375     6476.4460  3404229    5.48%
Elapsed time = 1059.68 sec. (645633.74 ticks, tree = 201.16 MB, solutions = 1)
 157525 144932     6309.4656   403     6139.7375     6476.2950  3425717    5.48%
 158660 145990     6157.6788   388     6139.7375     6476.1685  3447401    5.48%
 159638 146870     6157.2936   269     6139.7375     6475.8144  3469031    5.47%
 160567 147681     6413.8382   360     6139.7375     6475.5452  3491219    5.47%
 161854 148887     6222.3175   209     6139.7375     6475.3489  3512703    5.47%
 162863 149793     6309.9727   359     6139.7375     6474.9835  3536964    5.46%
 163807 150633     6388.0872   333     6139.7375     6474.7956  3557744    5.46%
 164924 151660     6300.6484   371     6139.7375     6474.5038  3578775    5.45%
 165801 152434     6261.3218   290     6139.7375     6474.3162  3600232    5.45%
 166841 153394     6211.2490   393     6139.7375     6474.1552  3620588    5.45%
Elapsed time = 1122.40 sec. (683893.04 ticks, tree = 213.85 MB, solutions = 1)
 167655 154108     6155.8042   380     6139.7375     6473.9295  3642143    5.44%
 168705 155075     6209.7690   218     6139.7375     6473.6434  3662355    5.44%
 169644 155909     6144.4917   300     6139.7375     6473.3895  3682727    5.43%
 170760 156929        cutoff           6139.7375     6473.1525  3704878    5.43%
 171775 157854     6400.0081   377     6139.7375     6472.9138  3726698    5.43%
 172677 158678     6237.5809   373     6139.7375     6472.7788  3748190    5.42%
 173825 159738     6215.4547   368     6139.7375     6472.4844  3770459    5.42%
 174832 160628     6153.3117   148     6139.7375     6472.2633  3792074    5.42%
 175620 161339     6321.8653   386     6139.7375     6472.0493  3814896    5.41%
 176654 162304     6302.3077   349     6139.7375     6471.9498  3836622    5.41%
Elapsed time = 1186.02 sec. (722243.84 ticks, tree = 227.08 MB, solutions = 1)
 177768 163336     6160.7371   363     6139.7375     6471.8135  3858964    5.41%
 178753 164194     6399.8140   351     6139.7375     6471.4614  3881731    5.40%
 180105 165456     6396.4760   431     6139.7375     6471.3502  3902957    5.40%
 181137 166378     6383.5194   364     6139.7375     6471.1716  3923964    5.40%
 182267 167436     6303.5552   365     6139.7375     6470.9694  3943612    5.39%
 183158 168236     6385.7474   410     6139.7375     6470.7167  3964512    5.39%
 184142 169158     6211.4039   350     6139.7375     6470.6038  3985941    5.39%
 184997 169912     6276.5695   364     6139.7375     6470.3019  4006792    5.38%
 185880 170704     6289.5248   365     6139.7375     6470.1201  4028107    5.38%
 186570 171267     6208.7761   340     6139.7375     6469.8991  4048859    5.38%
Elapsed time = 1249.23 sec. (760650.27 ticks, tree = 239.34 MB, solutions = 1)
 187465 172043     6416.6345   412     6139.7375     6469.7338  4069597    5.37%
 188399 172882     6315.4314   336     6139.7375     6469.6429  4090361    5.37%
 189483 173899     6273.7196   388     6139.7375     6469.4847  4111797    5.37%
 190609 174955     6141.2055   179     6139.7375     6469.3453  4132710    5.37%
 191535 175747     6220.1929   387     6139.7375     6469.0497  4154992    5.36%
 192194 176291     6176.5180   354     6139.7375     6468.8200  4177587    5.36%
 193118 177114     6164.6340   352     6139.7375     6468.5775  4200362    5.36%
 193962 177876     6230.8378   365     6139.7375     6468.3944  4221440    5.35%
 194766 178583     6192.2638   387     6139.7375     6468.1964  4243873    5.35%
 195652 179381     6164.7320   305     6139.7375     6468.0530  4264397    5.35%
Elapsed time = 1313.65 sec. (799005.84 ticks, tree = 250.47 MB, solutions = 1)
 196551 180184     6403.3406   306     6139.7375     6467.8407  4285837    5.34%
 197560 181099     6301.5643   347     6139.7375     6467.7179  4306742    5.34%
 198552 182001     6276.9381   376     6139.7375     6467.5600  4327051    5.34%
 199542 182895     6296.3659   407     6139.7375     6467.3945  4347496    5.34%
 200519 183822     6152.4929   359     6139.7375     6467.2752  4367645    5.33%
 201199 184424     6177.2519   380     6139.7375     6467.0570  4388659    5.33%
 202200 185356     6308.5330   354     6139.7375     6466.9576  4408906    5.33%
 203053 186108     6310.6025   314     6139.7375     6466.7646  4429720    5.33%
 203933 186907     6183.2930   413     6139.7375     6466.6271  4450872    5.32%
 204920 187797     6269.7278   347     6139.7375     6466.4275  4472502    5.32%
Elapsed time = 1378.39 sec. (837437.66 ticks, tree = 262.01 MB, solutions = 1)
 205797 188564     6267.7162   336     6139.7375     6466.2006  4493884    5.32%
 206747 189423     6299.3262   408     6139.7375     6466.0546  4515200    5.31%
 207775 190361     6347.3362   347     6139.7375     6465.8086  4536989    5.31%
 208892 191375     6197.3084   251     6139.7375     6465.5740  4558612    5.31%
 209878 192258     6162.4174   219     6139.7375     6465.4197  4580803    5.30%
 210555 192855     6292.6933   389     6139.7375     6465.3138  4602126    5.30%
 211551 193753     6320.7747   405     6139.7375     6465.1284  4623693    5.30%
 212560 194673     6330.5497   438     6139.7375     6465.0052  4645871    5.30%
 213540 195574     6173.9940   325     6139.7375     6464.8690  4667114    5.30%
 214481 196422     6390.3449   394     6139.7375     6464.6587  4688115    5.29%
Elapsed time = 1442.11 sec. (875655.39 ticks, tree = 275.47 MB, solutions = 1)
 215587 197455     6307.7840   231     6139.7375     6464.5028  4709071    5.29%
 216452 198210        cutoff           6139.7375     6464.3891  4729858    5.29%
 217322 198962     6397.3517   355     6139.7375     6464.1753  4750499    5.28%
 218202 199756     6170.6854   226     6139.7375     6463.9522  4771520    5.28%
 219024 200499     6145.3396   367     6139.7375     6463.8154  4793070    5.28%
 219806 201190     6309.3238   427     6139.7375     6463.6428  4814704    5.28%
 220680 201984     6296.5684   370     6139.7375     6463.5119  4835363    5.27%
 221470 202672     6319.4095   392     6139.7375     6463.3657  4856860    5.27%
 222612 203728     6247.5350   380     6139.7375     6463.1853  4878580    5.27%
 223430 204429     6332.3943   429     6139.7375     6463.0076  4900703    5.27%
Elapsed time = 1505.43 sec. (913874.24 ticks, tree = 286.66 MB, solutions = 1)
 224267 205194     6256.5340   349     6139.7375     6462.9076  4922851    5.26%
 225377 206212     6166.5055   164     6139.7375     6462.7440  4944979    5.26%
 226100 206853     6317.4659   376     6139.7375     6462.5009  4967431    5.26%
 226998 207686     6162.1446   264     6139.7375     6462.4203  4989635    5.26%
 227662 208276     6286.2082   363     6139.7375     6462.2979  5011523    5.25%
 228581 209100     6295.5403   279     6139.7375     6462.1128  5033328    5.25%
 229487 209895     6396.0099   379     6139.7375     6461.9209  5054883    5.25%
 230503 210832     6144.6369   323     6139.7375     6461.8015  5076870    5.25%
 231635 211860     6143.1819   339     6139.7375     6461.6055  5097694    5.24%
 232466 212622     6276.0718   389     6139.7375     6461.3783  5118539    5.24%
Elapsed time = 1568.89 sec. (952071.27 ticks, tree = 297.95 MB, solutions = 1)
 233496 213579     6172.6942   296     6139.7375     6461.2231  5138822    5.24%
 234200 214198     6191.8979   319     6139.7375     6461.0944  5160385    5.23%
 235201 215105     6153.4934   379     6139.7375     6460.9110  5181942    5.23%
 236115 215904     6166.8516   294     6139.7375     6460.8017  5203421    5.23%
 237323 217041     6244.1006   337     6139.7375     6460.6734  5223769    5.23%
 238240 217894     6264.4352   333     6139.7375     6460.5120  5244219    5.22%
 239352 218936     6247.7377   389     6139.7375     6460.4179  5265434    5.22%
 240177 219688     6192.9439   377     6139.7375     6460.2997  5286285    5.22%
 241310 220724     6251.1745   372     6139.7375     6460.1634  5308288    5.22%
 242276 221609     6184.8183   194     6139.7375     6460.0134  5329648    5.22%
Elapsed time = 1631.53 sec. (990460.16 ticks, tree = 310.41 MB, solutions = 1)
 243250 222487     6323.3814   403     6139.7375     6459.8617  5351471    5.21%
 244444 223590     6211.9811   218     6139.7375     6459.7621  5373294    5.21%
 245610 224621     6257.0001   345     6139.7375     6459.6246  5395275    5.21%
 246576 225496     6272.1450   393     6139.7375     6459.4989  5416745    5.21%
 247643 226483     6317.9541   375     6139.7375     6459.4349  5438452    5.21%
 248669 227414        cutoff           6139.7375     6459.1920  5460894    5.20%
 249696 228345     6228.3506   393     6139.7375     6459.0725  5482795    5.20%
 250523 229060     6384.3882   445     6139.7375     6458.8417  5504567    5.20%
 251410 229859     6286.7435   317     6139.7375     6458.6951  5525786    5.19%
 252555 230942     6373.4971   387     6139.7375     6458.5419  5546891    5.19%
Elapsed time = 1694.20 sec. (1028698.79 ticks, tree = 324.83 MB, solutions = 1)
 253643 231975     6155.6418   291     6139.7375     6458.4348  5567620    5.19%
 254563 232789     6185.4751   311     6139.7375     6458.3452  5589092    5.19%
 255520 233667     6397.4589   370     6139.7375     6458.1684  5608571    5.19%
 256464 234528     6263.1033   349     6139.7375     6457.9551  5629724    5.18%
 257492 235458     6147.9897   293     6139.7375     6457.8513  5650709    5.18%
 258449 236337     6323.6890   336     6139.7375     6457.6923  5671512    5.18%
 259319 237086     6383.3978   359     6139.7375     6457.5047  5693744    5.18%
 260259 237930     6291.7073   372     6139.7375     6457.3889  5713980    5.17%
 261210 238794     6227.3414   346     6139.7375     6457.2313  5735949    5.17%
 262270 239794     6397.0861   405     6139.7375     6457.1363  5756713    5.17%
Elapsed time = 1758.01 sec. (1066871.34 ticks, tree = 336.99 MB, solutions = 1)
 263322 240736     6258.6060   362     6139.7375     6456.9841  5778706    5.17%
 264193 241508     6274.9967   375     6139.7375     6456.8425  5800803    5.16%
 265459 242685     6309.3196   346     6139.7375     6456.7457  5822177    5.16%
 266517 243659     6263.6791   303     6139.7375     6456.5888  5844337    5.16%
 267639 244706     6254.9633   351     6139.7375     6456.4947  5866859    5.16%
 268485 245439     6407.5465   332     6139.7375     6456.2648  5888501    5.16%
 269405 246283     6194.9470   336     6139.7375     6456.1670  5910578    5.15%
 270275 247054     6323.9885   346     6139.7375     6456.0455  5932363    5.15%
 271320 248030     6195.3907   170     6139.7375     6455.8674  5955156    5.15%
 272166 248804     6173.2989   258     6139.7375     6455.6206  5977207    5.14%
Elapsed time = 1821.71 sec. (1105199.41 ticks, tree = 349.31 MB, solutions = 1)
 273081 249602     6272.5435   369     6139.7375     6455.4894  5999639    5.14%
 274019 250466     6273.7377   354     6139.7375     6455.3580  6020900    5.14%
 275034 251399     6294.9977   380     6139.7375     6455.2498  6042355    5.14%
 276084 252370     6282.4214   417     6139.7375     6455.1470  6063639    5.14%
 276955 253178     6151.7660   299     6139.7375     6455.0068  6085343    5.13%
 277783 253908     6200.9237   335     6139.7375     6454.8213  6107188    5.13%
 278743 254766     6417.3145   418     6139.7375     6454.6788  6129057    5.13%
 279839 255778     6246.0719   386     6139.7375     6454.6227  6150720    5.13%
 280753 256600     6267.7470   375     6139.7375     6454.4879  6172100    5.13%
 281727 257481     6399.2581   402     6139.7375     6454.3377  6194657    5.12%
Elapsed time = 1885.20 sec. (1143522.31 ticks, tree = 361.22 MB, solutions = 1)
 282740 258392     6375.1397   382     6139.7375     6454.3014  6219435    5.12%
 283789 259373     6153.2713   340     6139.7375     6454.2473  6241792    5.12%
 284870 260381     6239.0452   342     6139.7375     6454.1431  6264101    5.12%
 285888 261289     6374.4674   392     6139.7375     6454.0317  6285993    5.12%
 286904 262218     6325.0785   382     6139.7375     6453.8940  6308607    5.12%
 287800 263016     6224.9596   350     6139.7375     6453.7979  6330931    5.12%
 288686 263824     6423.5643   403     6139.7375     6453.7080  6354834    5.11%
 289690 264726     6188.3295   362     6139.7375     6453.5923  6377225    5.11%
 290719 265666     6226.3832   367     6139.7375     6453.5450  6401074    5.11%
 291607 266470     6254.7273   364     6139.7375     6453.4478  6423563    5.11%
Elapsed time = 1948.55 sec. (1181754.49 ticks, tree = 373.56 MB, solutions = 1)
 292546 267314     6215.5554   247     6139.7375     6453.3387  6446750    5.11%
 293500 268189     6356.2847   387     6139.7375     6453.2445  6468655    5.11%
 294496 269103     6308.9968   363     6139.7375     6453.1789  6490024    5.11%
 295473 269970     6386.6125   400     6139.7375     6453.0966  6511805    5.10%
 296628 271031     6295.5890   340     6139.7375     6453.0382  6532991    5.10%
 297689 272018     6343.5715   346     6139.7375     6452.9206  6553222    5.10%
 298723 272972     6322.5778   387     6139.7375     6452.8589  6573713    5.10%
 299735 273887     6238.8630   374     6139.7375     6452.7582  6596114    5.10%
 300776 274836     6204.8369   352     6139.7375     6452.6706  6618208    5.10%
 301755 275731     6347.9679   358     6139.7375     6452.6004  6639304    5.10%
Elapsed time = 2011.41 sec. (1220077.34 ticks, tree = 388.16 MB, solutions = 1)
 302771 276657     6307.0498   342     6139.7375     6452.5039  6659845    5.09%
 303837 277621     6185.9250   367     6139.7375     6452.4130  6681804    5.09%
 304981 278663        cutoff           6139.7375     6452.2727  6703207    5.09%
 305963 279547     6225.8618   435     6139.7375     6452.1689  6725800    5.09%
 306899 280381     6140.4889   323     6139.7375     6452.0629  6747115    5.09%
 307924 281314     6156.9609   335     6139.7375     6451.9818  6768680    5.09%
 308872 282176     6229.1816   357     6139.7375     6451.8965  6790710    5.08%
 309971 283176     6262.9331   269     6139.7375     6451.7543  6813016    5.08%
 310871 283964     6317.5262   380     6139.7375     6451.6681  6834371    5.08%
 311940 284935     6282.9766   354     6139.7375     6451.5378  6856128    5.08%
Elapsed time = 2074.99 sec. (1258386.39 ticks, tree = 400.81 MB, solutions = 1)
 312963 285879     6274.9526   385     6139.7375     6451.4188  6878827    5.08%
 313934 286759        cutoff           6139.7375     6451.3017  6900661    5.07%
 314979 287718        cutoff           6139.7375     6451.1522  6922364    5.07%
 315871 288505     6274.6121   398     6139.7375     6451.0322  6944644    5.07%
 316840 289389        cutoff           6139.7375     6450.9563  6965893    5.07%
 317817 290278     6322.9337   332     6139.7375     6450.8026  6987343    5.07%
 318825 291140     6285.6690   351     6139.7375     6450.7101  7009468    5.06%
 319906 292138     6169.4135   161     6139.7375     6450.6379  7031384    5.06%
 320957 293078     6166.0756   288     6139.7375     6450.5200  7052759    5.06%
 321881 293911     6337.3773   385     6139.7375     6450.4316  7074161    5.06%
Elapsed time = 2137.42 sec. (1296665.51 ticks, tree = 413.14 MB, solutions = 1)
 323025 294959     6391.5874   381     6139.7375     6450.3271  7095199    5.06%
 323877 295742     6295.7879   389     6139.7375     6450.2440  7116350    5.06%
 324760 296533     6243.1417   450     6139.7375     6450.1375  7139214    5.06%
 325822 297542     6165.4449   376     6139.7375     6450.0595  7159584    5.05%
 326792 298432     6203.6917   283     6139.7375     6449.9473  7181109    5.05%
 327787 299333     6232.1710   368     6139.7375     6449.8868  7202502    5.05%
 328888 300340     6381.0146   308     6139.7375     6449.7629  7225099    5.05%
 329865 301203     6306.0813   416     6139.7375     6449.6408  7248037    5.05%
 330841 302056     6218.0682   188     6139.7375     6449.4613  7270763    5.04%
 331869 302984     6172.4054   319     6139.7375     6449.3493  7292046    5.04%
Elapsed time = 2201.90 sec. (1334962.04 ticks, tree = 425.62 MB, solutions = 1)
 333057 304074     6181.7405   251     6139.7375     6449.2874  7313813    5.04%
 334166 305083     6256.1906   320     6139.7375     6449.2041  7336220    5.04%
 335240 306061     6264.7973   327     6139.7375     6449.1238  7357735    5.04%
 336556 307299     6187.6873   302     6139.7375     6449.0635  7380332    5.04%
 337597 308259     6200.9892   324     6139.7375     6448.9986  7401476    5.04%
 338601 309170     6366.4915   418     6139.7375     6448.9261  7423708    5.04%
 339774 310250     6180.9518   316     6139.7375     6448.8207  7446709    5.03%
 340828 311225     6143.9628   319     6139.7375     6448.6738  7467831    5.03%
 341907 312213     6152.1416   203     6139.7375     6448.5668  7489162    5.03%
 342968 313207     6285.7902   316     6139.7375     6448.4529  7509298    5.03%
Elapsed time = 2264.34 sec. (1373136.29 ticks, tree = 439.70 MB, solutions = 1)
 343987 314154     6313.1274   345     6139.7375     6448.3501  7530244    5.03%
 344954 315018     6153.2768   361     6139.7375     6448.2554  7550759    5.02%
 346000 315926     6209.9154   358     6139.7375     6448.1798  7572544    5.02%
 346981 316792        cutoff           6139.7375     6448.1117  7593267    5.02%
 347739 317461     6207.8875   405     6139.7375     6447.9947  7614472    5.02%
 348692 318329     6371.2275   381     6139.7375     6447.9009  7635428    5.02%
 349624 319150     6341.3167   404     6139.7375     6447.8259  7657131    5.02%
 350576 320040     6186.0826   332     6139.7375     6447.7548  7677944    5.02%
 351686 321078     6187.0159   317     6139.7375     6447.6331  7699770    5.01%
 352732 322041     6325.8591   353     6139.7375     6447.5135  7721142    5.01%
Elapsed time = 2327.73 sec. (1411389.66 ticks, tree = 451.87 MB, solutions = 1)
 353715 322916     6278.0319   278     6139.7375     6447.4012  7744013    5.01%
 354852 323973     6233.8275   367     6139.7375     6447.2770  7766270    5.01%
 355725 324721     6348.8312   355     6139.7375     6447.1680  7789356    5.01%
 356632 325518     6225.5137   376     6139.7375     6447.0237  7811621    5.00%
 357775 326595     6293.8329   325     6139.7375     6446.9158  7834642    5.00%
 358982 327702        cutoff           6139.7375     6446.8244  7856803    5.00%
 359914 328544        cutoff           6139.7375     6446.7341  7877963    5.00%
 361056 329599     6150.3299   370     6139.7375     6446.6307  7900146    5.00%
 362045 330477     6193.3829   244     6139.7375     6446.5547  7922357    5.00%
 363203 331567     6320.7557   413     6139.7375     6446.4573  7944677    5.00%
Elapsed time = 2390.76 sec. (1449600.51 ticks, tree = 467.25 MB, solutions = 1)
 364332 332618     6188.3026   208     6139.7375     6446.3720  7966912    4.99%
 365261 333427     6177.0209   244     6139.7375     6446.2511  7989724    4.99%
 366277 334334     6172.8460   332     6139.7375     6446.1802  8011527    4.99%
 367223 335200     6356.2564   362     6139.7375     6446.0754  8032315    4.99%
 368218 336106     6248.5366   313     6139.7375     6445.9337  8053464    4.99%
 369285 337064     6354.6575   346     6139.7375     6445.8326  8074840    4.99%
 370361 338054     6298.0262   363     6139.7375     6445.7975  8096207    4.98%
 371603 339217     6391.8599   374     6139.7375     6445.7186  8117404    4.98%
 372471 339991     6151.1786   339     6139.7375     6445.6314  8138540    4.98%
 373543 340956     6345.2322   428     6139.7375     6445.5286  8159832    4.98%
Elapsed time = 2453.74 sec. (1487843.38 ticks, tree = 480.18 MB, solutions = 1)
 374570 341900     6278.0338   401     6139.7375     6445.4622  8180994    4.98%
 375585 342822     6309.5076   331     6139.7375     6445.3771  8203010    4.98%
 376620 343745     6357.9841   440     6139.7375     6445.2704  8225597    4.98%
 377631 344660     6342.2841   404     6139.7375     6445.2080  8245774    4.98%
 378696 345621     6275.4900   380     6139.7375     6445.1150  8267647    4.97%
 379778 346616     6212.1728   336     6139.7375     6445.0185  8289904    4.97%
 380853 347602     6149.2743   147     6139.7375     6444.9142  8312930    4.97%
 381901 348523     6309.3277   369     6139.7375     6444.7826  8335362    4.97%
 383000 349547     6301.2198   353     6139.7375     6444.7292  8357204    4.97%
 384142 350608     6140.1098   232     6139.7375     6444.6292  8379077    4.97%
Elapsed time = 2516.53 sec. (1526090.62 ticks, tree = 493.46 MB, solutions = 1)
 385317 351703     6365.0542   317     6139.7375     6444.5535  8401649    4.96%
 386260 352549     6318.2113   342     6139.7375     6444.3796  8424625    4.96%
 387300 353482     6159.2066   326     6139.7375     6444.3140  8446689    4.96%
 388232 354306     6159.5482   379     6139.7375     6444.1893  8469717    4.96%
 389075 355038     6339.2026   372     6139.7375     6444.1207  8491663    4.96%
 390117 355997     6284.1282   415     6139.7375     6444.0240  8514441    4.96%
 391162 356931     6227.7586   382     6139.7375     6443.9486  8536844    4.95%
 392117 357809     6279.6371   423     6139.7375     6443.8605  8558304    4.95%
 393140 358747     6258.5083   393     6139.7375     6443.7611  8578996    4.95%
 394046 359573     6357.0613   399     6139.7375     6443.6531  8601226    4.95%
Elapsed time = 2579.90 sec. (1564293.64 ticks, tree = 505.81 MB, solutions = 1)
 395032 360497     6234.2139   247     6139.7375     6443.6013  8622499    4.95%
 396152 361525        cutoff           6139.7375     6443.4776  8643929    4.95%
 397039 362318     6278.8677   341     6139.7375     6443.4049  8665474    4.95%
 398091 363260     6227.8288   361     6139.7375     6443.2625  8687972    4.94%
 399171 364216     6185.2540   273     6139.7375     6443.1881  8710374    4.94%
 400324 365262     6223.4517   317     6139.7375     6443.1339  8732425    4.94%
 401523 366372     6166.9362   334     6139.7375     6443.0508  8752952    4.94%
 402516 367239     6217.9408   359     6139.7375     6442.9241  8774699    4.94%
 403547 368167     6177.7547   320     6139.7375     6442.8623  8797102    4.94%
 404564 369118     6233.6616   296     6139.7375     6442.7848  8818059    4.94%
Elapsed time = 2642.44 sec. (1602603.17 ticks, tree = 518.95 MB, solutions = 1)
 405571 370048     6370.3053   340     6139.7375     6442.6699  8840433    4.93%
 406750 371117     6383.4604   401     6139.7375     6442.5679  8862500    4.93%
 407754 372068     6328.6452   348     6139.7375     6442.4807  8883561    4.93%
 408816 373031     6266.2904   363     6139.7375     6442.4038  8904502    4.93%
 409850 373981     6287.9585   332     6139.7375     6442.3324  8926258    4.93%
 410887 374933     6233.2187   366     6139.7375     6442.2462  8948146    4.93%
 412037 375974     6225.5707   355     6139.7375     6442.1699  8970248    4.93%
 412990 376844     6224.8631   423     6139.7375     6442.0754  8992620    4.92%
 414090 377842     6326.0209   368     6139.7375     6442.0089  9015285    4.92%
 415156 378823     6207.4117   325     6139.7375     6441.9241  9037552    4.92%
Elapsed time = 2705.21 sec. (1640777.96 ticks, tree = 532.38 MB, solutions = 1)
 416223 379793     6425.7245   391     6139.7375     6441.8423  9060934    4.92%
 417190 380659     6179.2986   367     6139.7375     6441.7169  9083478    4.92%
 418077 381451     6374.8237   384     6139.7375     6441.5757  9105311    4.92%
 419106 382398     6359.2055   385     6139.7375     6441.5097  9126479    4.92%
 420129 383335     6142.6955   282     6139.7375     6441.4552  9148099    4.91%
 421044 384168     6255.9529   318     6139.7375     6441.3628  9169199    4.91%
 422200 385220     6267.9380   287     6139.7375     6441.2931  9190695    4.91%
 423224 386127     6406.9467   376     6139.7375     6441.2115  9212951    4.91%
 424328 387154     6324.7829   313     6139.7375     6441.1607  9233916    4.91%
 425378 388117     6147.9028   228     6139.7375     6441.0685  9255386    4.91%
Elapsed time = 2767.74 sec. (1679033.05 ticks, tree = 546.46 MB, solutions = 1)
 426488 389138     6362.0337   433     6139.7375     6440.9806  9276636    4.91%
 427322 389907     6149.2044   293     6139.7375     6440.9400  9296877    4.91%
 428491 390964     6160.9663   259     6139.7375     6440.8917  9318266    4.91%
 429671 392047     6146.6884   151     6139.7375     6440.7789  9338730    4.90%
 430491 392770     6325.1555   382     6139.7375     6440.6762  9353790    4.90%
 431249 393428     6144.8241   301     6139.7375     6440.5832  9371934    4.90%
 432404 394517     6235.2736   278     6139.7375     6440.4691  9394163    4.90%
 433300 395301     6366.1585   336     6139.7375     6440.3932  9416968    4.90%
 434516 396430     6405.8858   385     6139.7375     6440.2751  9439559    4.89%
 435571 397374     6151.7967   336     6139.7375     6440.1897  9461680    4.89%
Elapsed time = 2829.56 sec. (1717239.17 ticks, tree = 611.68 MB, solutions = 1)
 436620 398348     6167.4827   214     6139.7375     6440.1146  9483795    4.89%
 437520 399133     6200.8394   276     6139.7375     6440.0049  9506009    4.89%
 438489 400006     6193.9372   349     6139.7375     6439.9239  9527679    4.89%
 439538 400965     6257.8701   315     6139.7375     6439.8222  9550495    4.89%
 440765 402121     6196.2748   242     6139.7375     6439.7518  9572691    4.89%
 441630 402882     6360.8495   469     6139.7375     6439.6756  9595001    4.89%
 442669 403829     6283.7099   307     6139.7375     6439.6134  9617276    4.88%
 443746 404806     6163.1594   311     6139.7375     6439.4976  9639850    4.88%
 444680 405668     6178.5665   362     6139.7375     6439.4122  9660716    4.88%
 445817 406717     6151.1369   344     6139.7375     6439.3454  9682451    4.88%
Elapsed time = 2892.47 sec. (1755435.15 ticks, tree = 624.55 MB, solutions = 1)
 446784 407557     6183.3157   326     6139.7375     6439.1880  9704549    4.88%
 447920 408605     6379.5816   363     6139.7375     6439.1014  9726151    4.88%
 448987 409556     6338.1887   343     6139.7375     6439.0118  9747469    4.87%
 449907 410375     6216.0076   357     6139.7375     6438.8910  9769611    4.87%
 450878 411274     6256.9890   288     6139.7375     6438.8095  9791464    4.87%
 452018 412340     6290.8217   335     6139.7375     6438.7242  9812837    4.87%
 452982 413210        cutoff           6139.7375     6438.6457  9834433    4.87%
 453953 414087     6158.7535   261     6139.7375     6438.5499  9855593    4.87%
 455062 415072     6195.8404   167     6139.7375     6438.4620  9877620    4.87%
 456118 416038     6335.6826   341     6139.7375     6438.3844  9899228    4.86%
Elapsed time = 2955.06 sec. (1793644.56 ticks, tree = 637.41 MB, solutions = 1)
 457128 416961     6348.5541   447     6139.7375     6438.3219  9921665    4.86%
 458272 418010     6200.2082   303     6139.7375     6438.2210  9943567    4.86%
 459248 418882     6175.2039   331     6139.7375     6438.1072  9966352    4.86%
 460290 419821     6246.2464   379     6139.7375     6438.0206  9988306    4.86%
 461358 420795     6389.7747   367     6139.7375     6437.9785 10010576    4.86%
 462503 421854     6235.0787   386     6139.7375     6437.9085 10033387    4.86%
 463509 422732        cutoff           6139.7375     6437.7800 10056402    4.85%
 464621 423770     6343.4614   392     6139.7375     6437.7113 10078269    4.85%
 465664 424714     6402.2163   397     6139.7375     6437.5809 10100269    4.85%
 466811 425776     6232.3741   359     6139.7375     6437.4673 10122563    4.85%
Elapsed time = 3018.57 sec. (1831991.80 ticks, tree = 650.86 MB, solutions = 1)
 467799 426635     6221.0505   351     6139.7375     6437.3999 10144443    4.85%
 468878 427617     6219.1808   356     6139.7375     6437.3107 10166884    4.85%
 469755 428389     6371.9040   397     6139.7375     6437.2582 10189159    4.85%
 470787 429340     6249.3593   315     6139.7375     6437.1866 10211284    4.84%
 471749 430207     6212.5108   234     6139.7375     6437.1233 10233165    4.84%
 472631 431002     6248.7879   237     6139.7375     6437.0148 10254703    4.84%
 473910 432193     6152.9130   224     6139.7375     6436.9446 10275616    4.84%
 475117 433317     6185.3360   330     6139.7375     6436.8082 10297369    4.84%
 476214 434318     6300.8238   300     6139.7375     6436.6770 10319021    4.84%
 477331 435353     6152.3637   178     6139.7375     6436.5909 10341056    4.83%
Elapsed time = 3083.72 sec. (1870230.05 ticks, tree = 664.09 MB, solutions = 1)
 478326 436248     6170.3464   341     6139.7375     6436.4686 10362506    4.83%
 479200 437034     6220.3535   260     6139.7375     6436.4010 10384041    4.83%
 480219 437972     6391.3231   460     6139.7375     6436.3068 10405484    4.83%
 481336 438998     6140.4102   270     6139.7375     6436.2283 10427225    4.83%
 482289 439865     6396.0264   367     6139.7375     6436.1085 10448568    4.83%
 483333 440798     6193.5414   153     6139.7375     6436.0163 10470516    4.83%
 484463 441829     6261.7486   358     6139.7375     6435.9280 10492483    4.82%
 485361 442612     6286.7715   412     6139.7375     6435.8418 10513706    4.82%
 486396 443548     6216.1413   308     6139.7375     6435.7370 10535694    4.82%
 487465 444550     6153.9379   189     6139.7375     6435.6694 10557338    4.82%
Elapsed time = 3146.82 sec. (1908453.72 ticks, tree = 676.91 MB, solutions = 1)
 488466 445455     6230.9022   188     6139.7375     6435.5969 10579295    4.82%
 489622 446516     6255.4531   358     6139.7375     6435.5194 10601716    4.82%
 490579 447376     6225.1809   368     6139.7375     6435.4086 10623680    4.82%
 491490 448168     6278.8342   363     6139.7375     6435.3387 10646223    4.81%
 492590 449177     6329.3130   358     6139.7375     6435.2740 10668323    4.81%
 493932 450420     6371.9105   330     6139.7375     6435.1859 10690965    4.81%
 495127 451494     6169.3806   241     6139.7375     6435.1105 10713670    4.81%
 496061 452318     6278.6297   343     6139.7375     6435.0389 10735890    4.81%
 497231 453388     6221.1022   309     6139.7375     6434.9645 10758222    4.81%
 498252 454325     6181.7656   326     6139.7375     6434.8654 10780244    4.81%
Elapsed time = 3210.90 sec. (1946686.60 ticks, tree = 690.48 MB, solutions = 1)
 499264 455250     6203.5577   310     6139.7375     6434.7929 10802927    4.81%
 500550 456433     6227.0457   347     6139.7375     6434.6792 10825681    4.80%
 501611 457363     6395.7155   371     6139.7375     6434.5840 10847251    4.80%
 502617 458268     6221.4419   374     6139.7375     6434.5046 10869846    4.80%
 503500 459059     6197.9015   290     6139.7375     6434.4167 10889884    4.80%
 503800 459344     6222.4583   306     6139.7375     6434.4104 10895587    4.80%
 504000 459522     6344.6164   396     6139.7375     6434.3926 10900569    4.80%
 504200 459716     6154.2810   316     6139.7375     6434.3819 10903978    4.80%
 504400 459882     6142.3444   322     6139.7375     6434.3504 10909917    4.80%
 504600 460063     6369.7769   351     6139.7375     6434.3139 10914313    4.80%
Elapsed time = 3298.35 sec. (2000486.74 ticks, tree = 698.40 MB, solutions = 1)
 504800 460243     6202.9516   331     6139.7375     6434.2897 10918123    4.80%
 504900 460339     6211.1547   329     6139.7375     6434.2866 10920099    4.80%
 505000 460415     6334.9293   383     6139.7375     6434.2530 10923964    4.80%
 505100 460515     6169.7804   228     6139.7375     6434.2530 10925500    4.80%
 505300 460708     6201.6216   319     6139.7375     6434.2432 10928758    4.80%
 505400 460803     6196.0250   335     6139.7375     6434.2430 10930581    4.80%
 505600 460988     6185.0527   164     6139.7375     6434.2230 10934816    4.80%
 505700 461076     6262.7855   394     6139.7375     6434.1996 10936899    4.80%
 505900 461269     6206.6221   283     6139.7375     6434.1849 10940937    4.80%
 506000 461353     6167.0016   347     6139.7375     6434.1731 10943840    4.80%
Elapsed time = 3386.00 sec. (2055456.33 ticks, tree = 700.19 MB, solutions = 1)
 506200 461530     6327.6018   325     6139.7375     6434.1547 10949180    4.80%
 506400 461723     6154.8195   324     6139.7375     6434.1520 10952004    4.80%
 507000 462262     6301.9194   336     6139.7375     6434.1250 10963170    4.79%
 507719 462936     6342.3539   403     6139.7375     6434.0828 10976028    4.79%
 508200 463385     6165.7919   213     6139.7375     6434.0655 10984854    4.79%
 508800 463941     6314.3778   345     6139.7375     6434.0445 10997545    4.79%
 509146 464261     6172.8499   249     6139.7375     6434.0152 11003671    4.79%
 509300 464391     6325.4455   327     6139.7375     6433.9974 11007885    4.79%
 509596 464660        cutoff           6139.7375     6433.9744 11014277    4.79%
 509892 464923     6302.4667   386     6139.7375     6433.9623 11020110    4.79%
Elapsed time = 3456.62 sec. (2098920.75 ticks, tree = 705.12 MB, solutions = 1)
 510293 465300     6249.0708   381     6139.7375     6433.9243 11027237    4.79%
 510742 465679        cutoff           6139.7375     6433.8741 11037052    4.79%
 511121 466001     6151.0380   297     6139.7375     6433.8392 11045904    4.79%
 511500 466343     6209.9083   354     6139.7375     6433.8166 11054204    4.79%
 512100 466867     6256.5978   240     6139.7375     6433.7848 11067659    4.79%
 512590 467321     6152.9397   350     6139.7375     6433.7707 11077350    4.79%
 513100 467765     6353.0563   363     6139.7375     6433.7203 11088658    4.79%
 513600 468233     6252.9024   254     6139.7375     6433.7047 11096930    4.79%
 514100 468689     6349.7617   360     6139.7375     6433.6667 11107487    4.79%
 514600 469137     6294.0351   316     6139.7375     6433.6033 11120515    4.79%
Elapsed time = 3529.08 sec. (2143575.83 ticks, tree = 710.95 MB, solutions = 1)
 515100 469606     6142.9654   331     6139.7375     6433.5645 11130064    4.79%
 516047 470485     6264.0038   380     6139.7375     6433.4864 11146947    4.78%
 517030 471361        cutoff           6139.7375     6433.4308 11169804    4.78%
 518100 472330     6267.9644   335     6139.7375     6433.3907 11192128    4.78%
 519301 473436        cutoff           6139.7375     6433.3387 11214236    4.78%
 520290 474313        cutoff           6139.7375     6433.2930 11237449    4.78%
 521321 475271     6274.5745   353     6139.7375     6433.2318 11255772    4.78%
 521500 475423     6166.0990   357     6139.7375     6433.2184 11259912    4.78%
 522683 476503     6323.6122   356     6139.7375     6433.1586 11282583    4.78%
 523810 477548     6171.1462   365     6139.7375     6433.0908 11304039    4.78%
Elapsed time = 3594.21 sec. (2183307.64 ticks, tree = 725.82 MB, solutions = 1)

GUB cover cuts applied:  1
Clique cuts applied:  2
Cover cuts applied:  2
Implied bound cuts applied:  963
Flow cuts applied:  37
Mixed integer rounding cuts applied:  136
Lift and project cuts applied:  185
Gomory fractional cuts applied:  117

Root node processing (before b&c):
  Real time             =    3.78 sec. (1805.39 ticks)
Sequential b&c:
  Real time             = 3596.22 sec. (2185165.46 ticks)
                          ------------
Total (root+branch&cut) = 3600.00 sec. (2186970.85 ticks)
