1 of 1 MIP starts provided solutions.
MIP start 'm1' defined initial solution with objective 7274.6699.
Tried aggregator 1 time.
MIP Presolve eliminated 47 rows and 1 columns.
Reduced MIP has 5053 rows, 3295 columns, and 33619 nonzeros.
Reduced MIP has 1600 binaries, 0 generals, 0 SOSs, and 0 indicators.
Presolve time = 0.02 sec. (10.77 ticks)
Probing time = 0.01 sec. (5.26 ticks)
Tried aggregator 1 time.
Reduced MIP has 5053 rows, 3295 columns, and 33619 nonzeros.
Reduced MIP has 1600 binaries, 0 generals, 0 SOSs, and 0 indicators.
Presolve time = 0.02 sec. (13.16 ticks)
Probing time = 0.01 sec. (5.15 ticks)
Clique table members: 6844.
MIP emphasis: balance optimality and feasibility.
MIP search method: dynamic search.
Parallel mode: none, using 1 thread.
Root relaxation solution time = 0.07 sec. (52.26 ticks)

        Nodes                                         Cuts/
   Node  Left     Objective  IInf  Best Integer    Best Bound    ItCnt     Gap

*     0+    0                         7274.6699    31774.3616     2978  336.78%
      0     0     9138.4470   423     7274.6699     9138.4470     2978   25.62%
      0     0     8798.2735   464     7274.6699     Cuts: 497     3479   20.94%
      0     0     8555.2149   473     7274.6699     Cuts: 566     4016   17.60%
      0     0     8439.8889   509     7274.6699     Cuts: 473     4557   16.02%
      0     0     8372.2799   543     7274.6699     Cuts: 470     5103   15.09%
      0     0     8307.2305   567     7274.6699     Cuts: 430     5566   14.19%
      0     0     8277.6136   588     7274.6699     Cuts: 367     6024   13.79%
      0     0     8255.5281   592     7274.6699     Cuts: 318     6350   13.48%
      0     0     8233.5790   601     7274.6699     Cuts: 285     6703   13.18%
      0     0     8217.2796   602     7274.6699     Cuts: 220     7004   12.96%
      0     0     8203.6213   603     7274.6699     Cuts: 255     7256   12.77%
      0     0     8193.5185   599     7274.6699     Cuts: 209     7535   12.63%
      0     0     8187.2741   584     7274.6699     Cuts: 265     7755   12.54%
      0     0     8177.1000   580     7274.6699     Cuts: 229     7976   12.41%
      0     0     8172.9473   608     7274.6699     Cuts: 181     8105   12.35%
      0     0     8166.8551   616     7274.6699     Cuts: 110     8235   12.26%
      0     0     8165.1221   612     7274.6699     Cuts: 135     8319   12.24%
      0     0     8161.4251   592     7274.6699     Cuts: 111     8433   12.19%
      0     0     8159.6259   608     7274.6699     Cuts: 138     8527   12.16%
      0     0     8158.5862   605     7274.6699      Cuts: 64     8603   12.15%
      0     0     8156.5189   603     7274.6699      Cuts: 96     8705   12.12%
      0     0     8155.5636   603     7274.6699      Cuts: 88     8777   12.11%
      0     2     8155.5636   603     7274.6699     8155.3249     8777   12.11%
Elapsed time = 7.12 sec. (3722.36 ticks, tree = 0.00 MB, solutions = 1)
      8    10     8139.6620   570     7274.6699     8151.2768    10122   12.05%
     10    12     8121.5353   527     7274.6699     8151.2768    10673   12.05%
     20    22     8094.4693   499     7274.6699     8151.2768    11552   12.05%
     40    42     8043.2252   443     7274.6699     8151.2768    13126   12.05%
     79    81     7655.9595   332     7274.6699     8151.2768    15620   12.05%
    119   121     7783.0774   274     7274.6699     8151.2768    17607   12.05%
    190   176     7594.4345   235     7274.6699     8151.2768    19826   12.05%
    261   219     8150.3217   594     7274.6699     8151.2551    21427   12.05%
    266   224     7428.9993   332     7274.6699     8151.2551    24100   12.05%
    377   319     7401.0884   217     7274.6699     8151.2551    31472   12.05%
Elapsed time = 12.81 sec. (7217.74 ticks, tree = 0.90 MB, solutions = 1)
    518   419     8070.8711   537     7274.6699     8149.3481    36681   12.02%
    573   474     7648.8350   400     7274.6699     8149.3481    42024   12.02%
    733   626     7428.8005   338     7274.6699     8148.1455    50674   12.01%
    901   768     7375.3611   216     7274.6699     8148.1455    60191   12.01%
   1024   846     8049.1669   637     7274.6699     8049.1283    74016   10.65%
   1026   848     8048.0491   629     7274.6699     8048.0480    74288   10.63%
   1028   849     8044.0547   626     7274.6699     8048.0480    74708   10.63%
   1030   851     7976.7260   565     7274.6699     8048.0480    76044   10.63%
   1033   853     7936.1224   548     7274.6699     8048.0480    77829   10.63%
   1036   856     7911.9328   544     7274.6699     8048.0480    79834   10.63%
Elapsed time = 49.12 sec. (28701.73 ticks, tree = 2.17 MB, solutions = 1)
   1042   858     7890.8085   536     7274.6699     8048.0480    81230   10.63%
   1047   860     7916.6021   549     7274.6699     8048.0480    81984   10.63%
   1054   864     7801.9601   531     7274.6699     8048.0480    84086   10.63%
   1084   879     7875.9880   482     7274.6699     8048.0480    87748   10.63%
   1104   891     7804.0626   435     7274.6699     8048.0480    90449   10.63%
   1148   873     7642.0388   387     7274.6699     8043.7030    94334   10.57%
   1297   889     8041.2722   624     7274.6699     8043.1927    97129   10.56%
   1320   899     8004.3395   585     7274.6699     8043.1927   100233   10.56%
   1353   921     7966.5191   536     7274.6699     8043.1927   102483   10.56%
   1392   939     7926.5576   476     7274.6699     8043.1927   105527   10.56%
Elapsed time = 65.72 sec. (38911.49 ticks, tree = 2.38 MB, solutions = 1)
   1426   956     7945.0072   585     7274.6699     8042.5757   108792   10.56%
   1452   971     7901.7808   555     7274.6699     8042.5757   111774   10.56%
   1495   995     7825.0238   469     7274.6699     8042.5757   115559   10.56%
   1584  1044     7580.8407   310     7274.6699     8042.5757   119148   10.56%
   1628  1070     7823.0806   536     7274.6699     8041.0980   122874   10.54%
   1649  1081     7630.7032   433     7274.6699     8041.0980   126578   10.54%
   1724  1112     7282.9000   278     7274.6699     8041.0980   131473   10.54%
   1748  1116     7864.5419   514     7274.6699     8040.0861   134646   10.52%
   1825  1158     7689.3052   420     7274.6699     8040.0861   137987   10.52%
   1984  1245     7752.3051   423     7274.6699     8037.1744   141979   10.48%
Elapsed time = 82.20 sec. (48788.89 ticks, tree = 2.90 MB, solutions = 1)
   2166  1320     8002.6133   621     7274.6699     8037.0323   145523   10.48%
   2186  1330     7933.4218   561     7274.6699     8037.0323   150111   10.48%
   2241  1359     7841.3122   468     7274.6699     8037.0323   154084   10.48%
   2334  1409     7595.2744   328     7274.6699     8037.0323   157767   10.48%
   2368  1427     7979.4550   580     7274.6699     8033.6894   161905   10.43%
   2421  1452     7874.6794   489     7274.6699     8033.6894   166318   10.43%
   2588  1548     7461.4135   229     7274.6699     8033.6894   170907   10.43%
   2656  1570     7959.0047   603     7274.6699     8031.8566   173634   10.41%
   2703  1589     7274.9991   322     7274.6699     8031.8566   176861   10.41%
   2714  1593     7862.7077   555     7274.6699     8031.1879   180742   10.40%
Elapsed time = 98.93 sec. (58711.34 ticks, tree = 3.57 MB, solutions = 1)
   2804  1658     7676.9633   375     7274.6699     8031.1879   185043   10.40%
   2932  1779     7988.7629   580     7274.6699     8024.2453   189743   10.30%
   2957  1804     7896.1269   506     7274.6699     8024.2453   192350   10.30%
   3032  1879     7572.1786   330     7274.6699     8024.2453   196399   10.30%
   3185  2025     7946.8973   573     7274.6699     8024.2174   199251   10.30%
   3205  2045     7861.6920   505     7274.6699     8024.2174   202597   10.30%
   3289  2129     7707.3427   388     7274.6699     8024.2174   206669   10.30%
   3423  2253     7949.2442   606     7274.6699     8023.8605   211140   10.30%
   3436  2266     7888.0531   546     7274.6699     8023.8605   214137   10.30%
   3481  2311     7796.9496   469     7274.6699     8023.8605   217858   10.30%
Elapsed time = 116.16 sec. (69052.54 ticks, tree = 5.27 MB, solutions = 1)
   3547  2377     7651.8859   430     7274.6699     8023.8605   220673   10.30%
   3647  2469    infeasible           7274.6699     8023.7995   224133   10.30%
   3658  2480     7886.2943   521     7274.6699     8023.5326   227411   10.29%
   3724  2546     7736.9690   446     7274.6699     8023.5326   231884   10.29%
   3816  2638     7483.1454   325     7274.6699     8023.5326   235948   10.29%
   3900  2715     7957.4723   549     7274.6699     8018.5853   239460   10.23%
   3956  2771     7801.6597   467     7274.6699     8018.5853   244474   10.23%
   4071  2886     7543.5112   347     7274.6699     8018.5853   249246   10.23%
   4149  2954     7914.2505   550     7274.6699     8016.2547   253560   10.19%
   4169  2970     7357.1979   374     7274.6699     8015.0360   257200   10.18%
Elapsed time = 133.41 sec. (78759.28 ticks, tree = 6.76 MB, solutions = 1)
   4202  2999     7791.6629   526     7274.6699     8014.9404   261114   10.18%
   4231  3028     7684.9965   463     7274.6699     8014.9404   264473   10.18%
   4272  3069     7493.7714   436     7274.6699     8014.9404   268579   10.18%
   4317  3109     7560.4752   384     7274.6699     8013.2133   272917   10.15%
   4408  3188     7882.6523   578     7274.6699     8012.7599   277181   10.15%
   4432  3212     7775.2051   515     7274.6699     8012.7599   280326   10.15%
   4536  3316     7436.2895   369     7274.6699     8012.7599   284824   10.15%
   4602  3378     7934.3246   593     7274.6699     8012.3531   287621   10.14%
   4620  3396     7756.2913   512     7274.6699     8012.3531   291155   10.14%
   4648  3419     7421.3990   345     7274.6699     8012.3531   294373   10.14%
Elapsed time = 151.21 sec. (89080.69 ticks, tree = 7.75 MB, solutions = 1)
   4720  3469     7952.8801   587     7274.6699     8012.3457   298405   10.14%
   4735  3484     7875.8520   517     7274.6699     8012.3457   301267   10.14%
   4797  3546     7732.6413   455     7274.6699     8012.3457   304738   10.14%
   4939  3683     7742.4115   468     7274.6699     8011.3611   309856   10.13%
   5053  3794     7397.1295   344     7274.6699     8011.3611   313350   10.13%
   5112  3846     7826.8287   561     7274.6699     8011.2126   316299   10.12%
   5133  3867     7720.2847   490     7274.6699     8011.2126   319118   10.12%
   5217  3951     7456.9778   385     7274.6699     8011.2126   323852   10.12%
   5275  4004     7859.5054   561     7274.6699     8010.8241   327398   10.12%
   5300  4029     7755.3923   494     7274.6699     8010.8241   331831   10.12%
Elapsed time = 168.85 sec. (99054.90 ticks, tree = 9.08 MB, solutions = 1)
   5348  4075     7396.4197   384     7274.6699     8010.8241   336172   10.12%
   5394  4115     7716.4167   496     7274.6699     8010.6149   341276   10.12%
   5444  4163     7352.2166   335     7274.6699     8010.6149   346710   10.12%
   5474  4186     7793.0907   516     7274.6699     8008.0343   351527   10.08%
   5586  4298     7484.4608   297     7274.6699     8008.0343   355752   10.08%
   5698  4399     7950.9662   558     7274.6699     8006.9928   359812   10.07%
   5735  4436     7805.1136   493     7274.6699     8006.9928   364778   10.07%
   5797  4498     7584.3176   356     7274.6699     8006.9928   369695   10.07%
   5879  4570     7950.1968   601     7274.6699     8006.4448   373245   10.06%
   6072  4748     7874.5197   574     7274.6699     8004.5683   386520   10.03%
Elapsed time = 191.40 sec. (111731.17 ticks, tree = 10.82 MB, solutions = 1)
   6283  4955     7658.4202   483     7274.6699     8004.5495   401553   10.03%
   6519  5181     7790.1542   547     7274.6699     8003.8201   417982   10.02%
   6678  5329     7344.0415   359     7274.6699     8003.2825   432264   10.02%
   6934  5568     7706.7595   443     7274.6699     8002.7025   447725   10.01%
   7224  5840     7421.1119   264     7274.6699     8001.1330   465395    9.99%
   7574  6172     7310.2078   205     7274.6699     7999.7088   482473    9.97%
   7749  6317     7887.4777   543     7274.6699     7998.2034   502381    9.95%
   8119  6669     7909.7058   567     7274.6699     7988.9482   521669    9.82%
   8432  6956     7759.6754   540     7274.6699     7986.7091   540315    9.79%
   8581  7091     7417.8563   382     7274.6699     7986.5121   557281    9.79%
Elapsed time = 260.54 sec. (150598.19 ticks, tree = 16.21 MB, solutions = 1)
   8777  7272     7867.3696   549     7274.6699     7985.1309   573189    9.77%
   9014  7503     7736.4030   484     7274.6699     7985.0323   588207    9.76%
   9288  7770     7312.0105   264     7274.6699     7984.4587   602253    9.76%
   9413  7871     7822.9291   533     7274.6699     7984.1686   618687    9.75%
   9727  8174     7667.9153   483     7274.6699     7983.8009   636981    9.75%
   9923  8358     7937.4064   552     7274.6699     7982.2681   654119    9.73%
  10086  8500     7853.1275   552     7274.6699     7978.6847   672397    9.68%
  10337  8741     7680.7673   423     7274.6699     7976.4209   690752    9.65%
  10593  8968     7659.7476   483     7274.6699     7974.5510   710452    9.62%
  10879  9232     7762.5722   507     7274.6699     7973.0476   729905    9.60%
Elapsed time = 329.81 sec. (189313.17 ticks, tree = 21.41 MB, solutions = 1)
  11070  9398     7723.2756   457     7274.6699     7972.4042   748872    9.59%
  11264  9587     7387.2079   373     7274.6699     7971.9736   761338    9.59%
  11462  9777     7891.1572   543     7274.6699     7969.5804   776480    9.55%
  11785 10087     7850.2730   540     7274.6699     7969.2398   794591    9.55%
  11966 10265     7750.6940   478     7274.6699     7969.2358   810168    9.55%
  12232 10510     7838.3079   541     7274.6699     7965.3733   827978    9.49%
  12430 10691     7321.4346   236     7274.6699     7964.6174   845925    9.48%
  12653 10892     7910.6953   571     7274.6699     7961.3209   865146    9.44%
  12839 11071     7489.9103   391     7274.6699     7961.0461   883335    9.44%
  13042 11233     7651.9155   455     7274.6699     7959.0242   903291    9.41%
Elapsed time = 438.74 sec. (250017.11 ticks, tree = 26.10 MB, solutions = 1)
  13234 11412     7370.0027   281     7274.6699     7958.2466   924141    9.40%
  13434 11584     7645.2409   519     7274.6699     7957.7452   944887    9.39%
  13690 11806     7822.6232   501     7274.6699     7956.1166   967600    9.37%
  13869 11967     7492.3651   372     7274.6699     7955.9548   984340    9.37%
  14115 12202     7482.6142   381     7274.6699     7955.8586  1000751    9.36%
  14319 12397     7791.9194   526     7274.6699     7955.5247  1017972    9.36%
  14505 12557     7348.3324   276     7274.6699     7955.3992  1035521    9.36%
  14774 12813     7602.5907   394     7274.6699     7955.2533  1053118    9.36%
  15016 13028     7625.9811   436     7274.6699     7955.0056  1070772    9.35%
  15172 13167     7802.5572   532     7274.6699     7954.1790  1088080    9.34%
Elapsed time = 508.05 sec. (288711.96 ticks, tree = 30.51 MB, solutions = 1)
  15475 13456     7837.7970   495     7274.6699     7953.7573  1107500    9.33%
  15793 13752     7280.7163   358     7274.6699     7952.6311  1129107    9.32%
  15952 13888     7565.4825   439     7274.6699     7951.7396  1146550    9.31%
  16280 14187     7535.3983   368     7274.6699     7950.8390  1166065    9.29%
  16520 14407        cutoff           7274.6699     7950.1887  1187642    9.29%
  16803 14617     7662.1175   496     7274.6699     7948.5390  1209329    9.26%
  16979 14771     7434.6520   416     7274.6699     7948.3871  1229958    9.26%
  17192 14966     7687.4694   513     7274.6699     7947.5027  1247482    9.25%
  17377 15139     7313.7489   401     7274.6699     7947.4618  1265458    9.25%
  17517 15254     7764.9629   502     7274.6699     7946.4387  1281393    9.23%
Elapsed time = 578.68 sec. (327456.99 ticks, tree = 35.33 MB, solutions = 1)
  17812 15544     7343.8480   191     7274.6699     7945.4877  1300371    9.22%
  17947 15662     7640.6389   433     7274.6699     7945.1484  1316497    9.22%
  18197 15881     7734.3660   434     7274.6699     7943.9454  1334934    9.20%
  18432 16095     7629.5234   517     7274.6699     7943.1756  1351395    9.19%
  18706 16347     7856.4371   513     7274.6699     7942.3335  1370738    9.18%
  18896 16519     7303.1403   429     7274.6699     7941.9145  1389221    9.17%
  19142 16744     7822.6467   559     7274.6699     7941.3559  1409907    9.16%
  19532 17120     7826.6064   555     7274.6699     7940.9203  1427649    9.16%
  19784 17335     7736.1754   517     7274.6699     7940.6274  1447071    9.15%
  20006 17539     7695.2146   484     7274.6699     7940.1073  1466539    9.15%
Elapsed time = 647.48 sec. (366149.82 ticks, tree = 41.46 MB, solutions = 1)
  20193 17707     7477.8713   407     7274.6699     7939.7920  1486940    9.14%
  20409 17910     7391.4292   464     7274.6699     7939.5250  1505203    9.14%
  20721 18205     7469.3796   364     7274.6699     7939.1348  1525593    9.13%
  20909 18384     7754.7640   504     7274.6699     7938.4914  1542308    9.13%
  21211 18674     7916.0789   549     7274.6699     7937.6457  1558904    9.11%
  21535 18984     7828.2162   495     7274.6699     7936.7018  1575231    9.10%
  21801 19237     7275.1973   373     7274.6699     7936.4807  1593665    9.10%
  21980 19401     7828.7238   516     7274.6699     7934.3419  1613047    9.07%
  22110 19523     7796.1346   512     7274.6699     7934.1415  1630812    9.07%
  22350 19753     7633.3844   415     7274.6699     7934.0454  1647603    9.06%
Elapsed time = 715.66 sec. (404585.84 ticks, tree = 46.66 MB, solutions = 1)
  22614 20003     7886.5715   562     7274.6699     7933.4190  1664319    9.06%
  22802 20176     7654.2230   488     7274.6699     7933.0442  1682833    9.05%
  22955 20304     7436.9327   417     7274.6699     7932.4569  1702337    9.04%
  23317 20653     7374.5224   348     7274.6699     7932.2184  1720228    9.04%
  23519 20839     7626.4324   466     7274.6699     7931.8698  1738323    9.03%
  23789 21099     7554.0702   453     7274.6699     7931.4435  1756648    9.03%
  23982 21280     7731.1354   491     7274.6699     7930.8086  1775851    9.02%
  24289 21545     7700.8517   484     7274.6699     7929.9849  1795566    9.01%
  24524 21768     7520.6036   450     7274.6699     7929.9539  1816280    9.01%
  24781 21993     7849.1844   537     7274.6699     7929.1322  1835544    9.00%
Elapsed time = 785.26 sec. (443198.72 ticks, tree = 51.91 MB, solutions = 1)
  25171 22364     7776.5894   538     7274.6699     7928.0613  1855440    8.98%
  25443 22618     7505.5578   418     7274.6699     7927.3089  1873597    8.97%
  25654 22821     7796.0525   540     7274.6699     7927.0462  1889411    8.97%
  25841 22995     7813.6121   559     7274.6699     7926.9998  1906433    8.97%
  25986 23116     7860.1497   580     7274.6699     7925.9780  1926310    8.95%
  26246 23361     7620.0494   414     7274.6699     7925.9220  1943394    8.95%
  26503 23608     7549.6271   428     7274.6699     7925.1447  1961746    8.94%
  26759 23853     7559.0578   438     7274.6699     7924.8881  1978597    8.94%
  26909 23993     7387.3124   395     7274.6699     7923.8930  1995057    8.92%
  27083 24159     7330.6778   299     7274.6699     7923.6787  2012588    8.92%
Elapsed time = 853.22 sec. (482151.31 ticks, tree = 56.90 MB, solutions = 1)
  27298 24363     7722.0335   463     7274.6699     7923.3724  2030673    8.92%
  27535 24575     7480.8758   370     7274.6699     7923.3210  2051922    8.92%
  27761 24790     7582.0853   394     7274.6699     7923.2412  2071251    8.92%
  28044 25058     7786.9112   522     7274.6699     7922.9424  2089597    8.91%
  28160 25145     7660.7253   486     7274.6699     7922.4552  2107683    8.90%
  28407 25362     7726.7074   488     7274.6699     7922.2784  2129232    8.90%
  28723 25663     7853.9716   554     7274.6699     7922.0401  2147774    8.90%
  28933 25859     7292.7543   321     7274.6699     7921.9632  2168263    8.90%
  29248 26159     7756.1348   568     7274.6699     7921.5441  2187134    8.89%
  29502 26402     7822.1322   546     7274.6699     7921.2245  2206531    8.89%
Elapsed time = 921.57 sec. (520576.02 ticks, tree = 62.06 MB, solutions = 1)
  29705 26555     7373.2954   390     7274.6699     7918.7677  2227823    8.85%
  29872 26694     7663.6230   534     7274.6699     7918.6564  2245075    8.85%
  30031 26843     7575.1079   397     7274.6699     7918.0051  2262074    8.84%
  30281 27076     7779.5642   552     7274.6699     7916.7493  2281747    8.83%
  30476 27267     7611.3586   442     7274.6699     7916.7130  2298052    8.83%
  30662 27435     7695.3524   491     7274.6699     7915.8074  2315976    8.81%
  30859 27617     7546.1959   438     7274.6699     7915.6559  2333573    8.81%
  31060 27792     7771.0316   483     7274.6699     7914.4442  2351723    8.79%
  31244 27951        cutoff           7274.6699     7914.0638  2370942    8.79%
  31457 28121     7628.4455   483     7274.6699     7913.7391  2387745    8.78%
Elapsed time = 989.02 sec. (559119.03 ticks, tree = 65.86 MB, solutions = 1)
  31738 28383     7621.1358   430     7274.6699     7913.2271  2407720    8.78%
  31888 28492     7359.0648   363     7274.6699     7911.8699  2429493    8.76%
  32163 28737     7649.8459   461     7274.6699     7911.1700  2449911    8.75%
  32395 28941     7432.1924   408     7274.6699     7910.9724  2467839    8.75%
  32637 29151        cutoff           7274.6699     7910.5774  2488735    8.74%
  32826 29335     7538.2120   434     7274.6699     7910.5352  2507385    8.74%
  33090 29577     7660.1678   525     7274.6699     7909.8407  2527091    8.73%
  33320 29799     7818.7858   564     7274.6699     7909.7598  2546832    8.73%
  33449 29916     7605.0301   451     7274.6699     7909.6980  2563288    8.73%
  33667 30122     7757.3222   530     7274.6699     7908.9309  2582693    8.72%
Elapsed time = 1058.91 sec. (597836.19 ticks, tree = 70.50 MB, solutions = 1)
  33954 30402     7661.5065   412     7274.6699     7908.6202  2603502    8.71%
  34310 30735     7281.5093   321     7274.6699     7908.3396  2622119    8.71%
  34515 30916     7527.4012   479     7274.6699     7907.9684  2641528    8.71%
  34722 31099     7688.2073   507     7274.6699     7907.7806  2659415    8.70%
  35022 31366     7714.8510   482     7274.6699     7907.3934  2678004    8.70%
  35271 31596     7727.5375   524     7274.6699     7906.7415  2696850    8.69%
  35449 31748     7276.8950   335     7274.6699     7906.6149  2714914    8.69%
  35819 32100     7729.6402   456     7274.6699     7906.0975  2733031    8.68%
  36141 32399     7864.0335   590     7274.6699     7905.7173  2751437    8.67%
  36325 32558     7790.6428   534     7274.6699     7905.5802  2769227    8.67%
Elapsed time = 1129.00 sec. (636574.00 ticks, tree = 76.30 MB, solutions = 1)
  36540 32763        cutoff           7274.6699     7905.4282  2787145    8.67%
  36835 33007     7738.9470   504     7274.6699     7904.7691  2808962    8.66%
  37037 33189     7700.1198   480     7274.6699     7904.4724  2828289    8.66%
  37318 33449     7718.6198   530     7274.6699     7904.3115  2849400    8.66%
  37529 33643     7589.1399   443     7274.6699     7903.5601  2868526    8.64%
  37787 33885     7511.8878   408     7274.6699     7903.4827  2888144    8.64%
  38010 34093     7638.0909   461     7274.6699     7903.0697  2907360    8.64%
  38390 34456     7412.4970   332     7274.6699     7902.8039  2928318    8.63%
  38624 34679     7280.1473   288     7274.6699     7902.4469  2948027    8.63%
  39000 35011     7818.3567   518     7274.6699     7901.9676  2969161    8.62%
Elapsed time = 1199.88 sec. (675308.31 ticks, tree = 82.91 MB, solutions = 1)
  39326 35314     7834.3071   521     7274.6699     7901.8223  2988017    8.62%
  39646 35619     7531.4292   504     7274.6699     7901.4125  3010007    8.62%
  39837 35792     7721.9924   511     7274.6699     7901.0733  3029593    8.61%
  40147 36080     7347.3563   317     7274.6699     7900.8737  3050344    8.61%
  40381 36293     7713.6661   500     7274.6699     7900.7488  3068998    8.61%
  40629 36517     7568.2580   420     7274.6699     7900.3924  3087959    8.60%
  40830 36704     7541.5697   408     7274.6699     7900.2258  3105337    8.60%
  41210 37070     7340.6488   263     7274.6699     7899.9045  3123256    8.59%
  41471 37317     7305.6328   326     7274.6699     7899.8144  3140607    8.59%
  41629 37464     7486.3721   401     7274.6699     7899.4546  3156915    8.59%
Elapsed time = 1269.20 sec. (714038.25 ticks, tree = 88.63 MB, solutions = 1)
  41892 37717     7315.8144   197     7274.6699     7899.3147  3175839    8.59%
  42102 37888     7530.8418   420     7274.6699     7898.9971  3192260    8.58%
  42312 38085     7663.1099   425     7274.6699     7898.3177  3208782    8.57%
  42585 38331     7637.0686   428     7274.6699     7897.6310  3227760    8.56%
  42832 38559     7372.5104   358     7274.6699     7897.5393  3246180    8.56%
  43020 38719     7802.6286   530     7274.6699     7897.2756  3265451    8.56%
  43412 39095     7853.7776   577     7274.6699     7897.2050  3284723    8.56%
  43642 39321     7440.8628   389     7274.6699     7897.0612  3300764    8.56%
  43917 39545     7743.9640   533     7274.6699     7896.6025  3320010    8.55%
  44178 39779        cutoff           7274.6699     7896.1057  3341784    8.54%
Elapsed time = 1338.86 sec. (752523.35 ticks, tree = 97.02 MB, solutions = 1)
  44484 40053     7676.5633   496     7274.6699     7895.7502  3362516    8.54%
  44698 40253     7622.9765   484     7274.6699     7895.2760  3382655    8.53%
  44920 40460     7624.3602   422     7274.6699     7895.2274  3403199    8.53%
  45141 40653     7330.5821   324     7274.6699     7895.0520  3423942    8.53%
  45431 40921     7599.4592   499     7274.6699     7894.9455  3442718    8.53%
  45685 41150     7754.7332   524     7274.6699     7894.7055  3462312    8.52%
  45957 41408     7624.2103   547     7274.6699     7894.1809  3483752    8.52%
  46224 41668     7669.5348   453     7274.6699     7894.1663  3501750    8.52%
  46509 41918     7733.3187   531     7274.6699     7893.9315  3521621    8.51%
  46837 42225     7424.5283   348     7274.6699     7893.6078  3541891    8.51%
Elapsed time = 1409.44 sec. (791042.89 ticks, tree = 102.71 MB, solutions = 1)
  47028 42406     7540.0455   453     7274.6699     7893.4872  3558518    8.51%
  47243 42609     7762.6205   496     7274.6699     7893.4106  3576514    8.51%
  47512 42856     7420.0607   378     7274.6699     7892.3030  3596580    8.49%
  47720 43046     7473.6627   432     7274.6699     7891.9431  3615915    8.49%
  47955 43249     7421.1003   397     7274.6699     7891.3056  3634735    8.48%
  48176 43437     7434.5278   405     7274.6699     7890.7782  3653527    8.47%
  48377 43624     7831.1198   572     7274.6699     7890.7141  3670475    8.47%
  48555 43791     7667.3437   491     7274.6699     7890.5393  3689254    8.47%
  48714 43936     7441.5373   367     7274.6699     7890.4934  3705585    8.47%
  48989 44168        cutoff           7274.6699     7889.8875  3725663    8.46%
Elapsed time = 1479.50 sec. (830040.55 ticks, tree = 107.30 MB, solutions = 1)
  49224 44359     7692.9262   479     7274.6699     7889.3081  3744951    8.45%
  49502 44615     7584.2213   345     7274.6699     7888.7929  3766343    8.44%
  49849 44943     7767.4342   534     7274.6699     7888.5882  3786869    8.44%
  50102 45173     7691.9436   504     7274.6699     7888.2020  3808684    8.43%
  50275 45335     7771.7704   518     7274.6699     7887.8681  3828388    8.43%
  50525 45572        cutoff           7274.6699     7887.5316  3848253    8.42%
  50767 45800     7330.2734   329     7274.6699     7887.4701  3867567    8.42%
  50936 45952     7675.0619   519     7274.6699     7886.8483  3887337    8.42%
  51152 46134     7564.0664   439     7274.6699     7886.5450  3907826    8.41%
  51609 46574     7609.9460   446     7274.6699     7886.2548  3929287    8.41%
Elapsed time = 1549.99 sec. (868759.50 ticks, tree = 113.18 MB, solutions = 1)
  51895 46847     7297.2655   359     7274.6699     7885.4994  3948881    8.40%
  52071 47010     7548.3646   441     7274.6699     7885.3964  3968008    8.40%
  52264 47178     7823.3846   548     7274.6699     7885.3157  3986821    8.39%
  52540 47441     7701.4582   507     7274.6699     7884.7558  4006523    8.39%
  52733 47617     7546.3252   388     7274.6699     7884.5467  4024747    8.38%
  52933 47810     7726.7005   536     7274.6699     7884.4622  4043126    8.38%
  53158 48013     7714.3006   507     7274.6699     7884.2662  4059393    8.38%
  53401 48233     7799.9069   550     7274.6699     7883.6590  4079257    8.37%
  53685 48498     7686.9742   464     7274.6699     7883.3854  4096154    8.37%
  53958 48754     7391.4739   358     7274.6699     7882.8036  4114283    8.36%
Elapsed time = 1619.65 sec. (907313.05 ticks, tree = 118.32 MB, solutions = 1)
  54101 48871     7483.1391   352     7274.6699     7882.0910  4133354    8.35%
  54359 49121     7562.6979   428     7274.6699     7881.5443  4150752    8.34%
  54634 49377     7487.7689   499     7274.6699     7881.0191  4172742    8.34%
  54916 49644     7570.8351   419     7274.6699     7880.5569  4192216    8.33%
  55166 49878     7649.5142   505     7274.6699     7880.1208  4210209    8.32%
  55351 50047     7306.8887   318     7274.6699     7879.3584  4229902    8.31%
  55610 50287     7343.5168   235     7274.6699     7879.1584  4250533    8.31%
  55829 50467     7624.2190   421     7274.6699     7878.4678  4270077    8.30%
  56065 50693     7608.5152   448     7274.6699     7878.1601  4289359    8.30%
  56407 50998     7750.8222   541     7274.6699     7877.5901  4310551    8.29%
Elapsed time = 1689.37 sec. (945759.97 ticks, tree = 123.58 MB, solutions = 1)
  56583 51151     7776.0309   503     7274.6699     7877.4529  4330616    8.29%
  56841 51377     7614.0280   451     7274.6699     7876.9023  4351504    8.28%
  57113 51639     7569.9509   463     7274.6699     7876.8363  4369898    8.28%
  57352 51861     7691.7409   495     7274.6699     7876.2807  4389437    8.27%
  57558 52039     7789.6772   520     7274.6699     7875.9308  4409805    8.27%
  57829 52299     7622.9135   475     7274.6699     7875.8935  4429241    8.26%
  58056 52510     7291.2929   285     7274.6699     7875.5307  4448772    8.26%
  58272 52708     7332.7057   414     7274.6699     7875.2138  4468431    8.26%
  58530 52934     7287.5355   342     7274.6699     7874.8463  4489522    8.25%
  58744 53133     7742.3378   547     7274.6699     7874.6591  4507140    8.25%
Elapsed time = 1759.09 sec. (984022.80 ticks, tree = 128.51 MB, solutions = 1)
  59024 53393     7327.5166   245     7274.6699     7874.5398  4526512    8.25%
  59197 53536     7775.0908   523     7274.6699     7873.9825  4545100    8.24%
  59436 53761     7467.7541   455     7274.6699     7873.6658  4564988    8.23%
  59637 53941     7605.2941   490     7274.6699     7873.4327  4583588    8.23%
  59888 54167     7281.8504   388     7274.6699     7872.9347  4603177    8.22%
  60163 54432     7349.3239   348     7274.6699     7872.8683  4622610    8.22%
  60307 54546     7569.0020   411     7274.6699     7872.6702  4642216    8.22%
  60590 54805     7772.4530   538     7274.6699     7872.0015  4662917    8.21%
  60808 55014     7570.9807   471     7274.6699     7871.9419  4681663    8.21%
  61116 55302     7402.0747   285     7274.6699     7871.8424  4700857    8.21%
Elapsed time = 1829.97 sec. (1022861.11 ticks, tree = 133.66 MB, solutions = 1)
  61357 55526     7483.1064   428     7274.6699     7871.7541  4719837    8.21%
  61597 55741     7725.2081   550     7274.6699     7871.5413  4739712    8.20%
  61839 55968        cutoff           7274.6699     7871.3486  4758983    8.20%
  62127 56224        cutoff           7274.6699     7870.8193  4779870    8.19%
  62295 56368        cutoff           7274.6699     7870.4638  4798845    8.19%
  62450 56490     7444.8992   488     7274.6699     7870.1431  4818814    8.19%
  62701 56733     7289.6333   282     7274.6699     7870.0820  4838066    8.18%
  62945 56957     7496.3396   381     7274.6699     7869.7582  4858056    8.18%
  63194 57199     7461.4894   384     7274.6699     7869.6183  4877381    8.18%
  63419 57359     7707.3764   539     7274.6699     7868.9533  4898796    8.17%
Elapsed time = 1900.07 sec. (1061344.89 ticks, tree = 138.39 MB, solutions = 1)
  63669 57595     7552.5567   428     7274.6699     7868.7114  4919277    8.17%
  64064 57956     7642.0739   443     7274.6699     7868.5085  4938042    8.16%
  64389 58262     7450.8915   387     7274.6699     7868.3254  4959176    8.16%
  64680 58534     7524.5190   423     7274.6699     7868.0427  4979154    8.16%
  64959 58795     7745.9992   548     7274.6699     7867.7103  5001117    8.15%
  65192 59014     7768.0876   506     7274.6699     7867.4438  5020853    8.15%
  65528 59319     7517.4166   507     7274.6699     7867.2180  5043775    8.15%
  65838 59608     7572.5479   445     7274.6699     7867.1455  5064384    8.14%
  66107 59839     7711.5696   551     7274.6699     7866.6746  5084534    8.14%
  66351 60074     7766.9675   521     7274.6699     7866.6124  5103262    8.14%
Elapsed time = 1971.54 sec. (1100287.57 ticks, tree = 144.75 MB, solutions = 1)
  66666 60357     7521.5770   415     7274.6699     7866.5077  5121045    8.14%
  66973 60636        cutoff           7274.6699     7866.1297  5140679    8.13%
  67264 60890     7551.4901   454     7274.6699     7865.8233  5159327    8.13%
  67509 61123     7454.0377   351     7274.6699     7865.4235  5178118    8.12%
  67750 61347     7303.3098   364     7274.6699     7865.3009  5197524    8.12%
  68151 61715     7594.9800   414     7274.6699     7865.0909  5217104    8.12%
  68342 61883     7601.5164   487     7274.6699     7864.9386  5236046    8.11%
  68512 62034     7474.4579   397     7274.6699     7864.6873  5254078    8.11%
  68707 62207     7342.3794   352     7274.6699     7864.3135  5273285    8.11%
  68912 62392     7502.2111   412     7274.6699     7864.2296  5292201    8.10%
Elapsed time = 2042.07 sec. (1138924.39 ticks, tree = 150.13 MB, solutions = 1)
  69059 62513     7453.1789   467     7274.6699     7864.0525  5309406    8.10%
  69302 62733     7777.2466   498     7274.6699     7863.6110  5329580    8.10%
  69676 63057     7637.4617   503     7274.6699     7863.5119  5351056    8.09%
  69926 63295     7352.7758   288     7274.6699     7863.4073  5370729    8.09%
  70215 63544        cutoff           7274.6699     7862.7272  5391148    8.08%
  70455 63764     7534.0274   444     7274.6699     7862.1163  5411616    8.08%
  70661 63940     7734.9150   506     7274.6699     7861.6801  5430216    8.07%
  70966 64226     7773.7141   463     7274.6699     7861.6349  5451021    8.07%
  71148 64388     7705.2762   509     7274.6699     7861.5541  5470339    8.07%
  71433 64663     7528.2404   400     7274.6699     7861.4830  5489783    8.07%
Elapsed time = 2113.00 sec. (1177615.80 ticks, tree = 155.44 MB, solutions = 1)
  71670 64863     7475.7419   403     7274.6699     7861.3574  5511024    8.06%
  71925 65084     7323.9689   276     7274.6699     7861.1107  5533961    8.06%
  72211 65323     7309.5488   273     7274.6699     7860.4502  5556211    8.05%
  72545 65628     7405.8066   389     7274.6699     7860.0909  5576569    8.05%
  72802 65818        cutoff           7274.6699     7859.1977  5597510    8.04%
  72985 65979     7575.3602   451     7274.6699     7858.8807  5617615    8.03%
  73242 66203     7397.6289   398     7274.6699     7858.6553  5639093    8.03%
  73533 66449     7361.3849   392     7274.6699     7858.3202  5658683    8.02%
  73732 66625     7537.8450   498     7274.6699     7858.2296  5679252    8.02%
  73923 66792        cutoff           7274.6699     7858.0251  5698862    8.02%
Elapsed time = 2185.40 sec. (1216057.89 ticks, tree = 162.35 MB, solutions = 1)
  74039 66889     7662.0104   524     7274.6699     7857.7346  5716604    8.01%
  74266 67101     7302.6767   379     7274.6699     7857.5567  5735987    8.01%
  74542 67335     7623.1122   529     7274.6699     7856.9873  5756013    8.00%
  74764 67544     7557.7987   426     7274.6699     7856.8381  5775461    8.00%
  75041 67798     7577.0387   425     7274.6699     7856.5519  5794680    8.00%
  75257 67990     7616.9584   477     7274.6699     7856.4569  5813660    8.00%
  75524 68237     7795.7146   536     7274.6699     7856.1990  5833773    7.99%
  75774 68440     7668.3208   437     7274.6699     7855.4817  5853286    7.98%
  76001 68621     7704.6818   499     7274.6699     7855.2161  5871922    7.98%
  76156 68735     7656.7036   471     7274.6699     7854.5352  5891313    7.97%
Elapsed time = 2255.88 sec. (1254421.18 ticks, tree = 166.86 MB, solutions = 1)
  76388 68958     7541.4002   424     7274.6699     7854.2921  5909994    7.97%
  76719 69240        cutoff           7274.6699     7854.1461  5931036    7.97%
  76959 69444     7701.7350   526     7274.6699     7853.9862  5951946    7.96%
  77199 69643     7716.6205   496     7274.6699     7853.5296  5972246    7.96%
  77436 69842        cutoff           7274.6699     7853.2193  5994477    7.95%
  77665 70058     7450.5412   322     7274.6699     7853.0206  6014555    7.95%
  77956 70323     7691.2182   467     7274.6699     7852.8442  6034366    7.95%
  78158 70497     7581.4821   441     7274.6699     7852.4546  6055596    7.94%
  78408 70712     7604.1835   497     7274.6699     7852.1678  6075833    7.94%
  78588 70859     7566.9907   423     7274.6699     7851.8544  6097545    7.93%
Elapsed time = 2327.79 sec. (1292750.76 ticks, tree = 171.77 MB, solutions = 1)
  78855 71098     7300.2459   376     7274.6699     7851.5498  6118938    7.93%
  79060 71262     7683.4477   528     7274.6699     7851.0209  6141375    7.92%
  79263 71448     7652.6987   479     7274.6699     7850.9143  6158644    7.92%
  79628 71791     7677.8450   455     7274.6699     7850.7332  6179533    7.92%
  79802 71951     7583.9274   442     7274.6699     7850.5654  6199217    7.92%
  80077 72211     7531.9937   406     7274.6699     7850.5366  6220466    7.92%
  80315 72397     7712.0694   499     7274.6699     7850.2591  6240473    7.91%
  80587 72615     7588.5874   487     7274.6699     7849.8661  6263198    7.91%
  80842 72833        cutoff           7274.6699     7849.7771  6283044    7.91%
  81018 72990     7567.0927   423     7274.6699     7849.5036  6302308    7.90%
Elapsed time = 2401.22 sec. (1331878.61 ticks, tree = 179.03 MB, solutions = 1)
  81140 73091     7660.4524   525     7274.6699     7849.3464  6320307    7.90%
  81341 73282     7690.8550   507     7274.6699     7849.2784  6339247    7.90%
  81637 73564     7299.9408   326     7274.6699     7849.1454  6357779    7.90%
  81883 73777     7334.2485   356     7274.6699     7849.0855  6376523    7.90%
  82092 73977     7339.1149   372     7274.6699     7849.0591  6395731    7.90%
  82354 74212     7368.3038   299     7274.6699     7848.9438  6415560    7.89%
  82595 74429     7378.7180   353     7274.6699     7848.7919  6435988    7.89%
  82768 74582     7304.7830   409     7274.6699     7848.6348  6455192    7.89%
  83047 74820        cutoff           7274.6699     7848.3656  6475461    7.89%
  83243 75000     7371.7130   322     7274.6699     7847.9209  6493983    7.88%
Elapsed time = 2472.35 sec. (1370426.10 ticks, tree = 183.69 MB, solutions = 1)
  83472 75187     7407.6425   363     7274.6699     7847.7761  6513668    7.88%
  83662 75351     7620.2039   427     7274.6699     7847.5033  6532852    7.87%
  83926 75584     7661.2091   491     7274.6699     7847.1132  6554121    7.87%
  84224 75862     7615.6282   465     7274.6699     7846.9829  6574283    7.87%
  84546 76157     7600.9333   484     7274.6699     7846.8183  6596815    7.86%
  84763 76345     7663.3564   444     7274.6699     7846.4439  6617723    7.86%
  85048 76583     7629.8747   493     7274.6699     7846.1351  6637865    7.86%
  85269 76776     7440.8780   388     7274.6699     7845.8854  6659219    7.85%
  85529 77015     7620.1409   503     7274.6699     7845.7239  6679081    7.85%
  85890 77322     7480.0685   392     7274.6699     7845.6273  6700367    7.85%
Elapsed time = 2545.27 sec. (1409060.33 ticks, tree = 189.13 MB, solutions = 1)
  86151 77544     7502.9024   406     7274.6699     7845.4002  6721287    7.85%
  86367 77730     7798.5275   531     7274.6699     7845.2037  6742891    7.84%
  86645 77990     7734.7312   461     7274.6699     7845.1246  6764910    7.84%
  86937 78257        cutoff           7274.6699     7844.6964  6785559    7.84%
  87265 78551     7688.0566   445     7274.6699     7844.5141  6804782    7.83%
  87513 78763     7695.5350   452     7274.6699     7844.1293  6827720    7.83%
  87846 79051     7730.7600   486     7274.6699     7843.8823  6850284    7.82%
  88108 79299     7575.3741   450     7274.6699     7843.8049  6871299    7.82%
  88310 79467     7279.8032   343     7274.6699     7843.6121  6892481    7.82%
  88512 79604     7493.7010   429     7274.6699     7843.2551  6913682    7.82%
Elapsed time = 2617.63 sec. (1447582.62 ticks, tree = 194.46 MB, solutions = 1)
  88793 79862     7778.4423   523     7274.6699     7843.0438  6932850    7.81%
  88980 80037     7431.3587   401     7274.6699     7842.9365  6952788    7.81%
  89248 80274     7747.8303   533     7274.6699     7842.6339  6971377    7.81%
  89459 80468     7345.4787   359     7274.6699     7842.4444  6990191    7.80%
  89734 80718     7428.5672   375     7274.6699     7842.3619  7009627    7.80%
  90046 80997     7665.2828   482     7274.6699     7842.2583  7026916    7.80%
  90261 81195     7677.2787   501     7274.6699     7842.0548  7046391    7.80%
  90514 81439     7546.2284   392     7274.6699     7841.9778  7066609    7.80%
  90741 81649     7601.5296   491     7274.6699     7841.8342  7087858    7.80%
  91112 82007     7400.6012   354     7274.6699     7841.7132  7106016    7.79%
Elapsed time = 2688.85 sec. (1486171.16 ticks, tree = 200.14 MB, solutions = 1)
  91336 82202     7593.7321   417     7274.6699     7841.1533  7126836    7.79%
  91659 82497     7658.4803   497     7274.6699     7840.8579  7147333    7.78%
  91995 82819     7336.4270   332     7274.6699     7840.7486  7166650    7.78%
  92346 83141     7604.7564   476     7274.6699     7840.6448  7188120    7.78%
  92514 83298     7370.4024   360     7274.6699     7840.5464  7207645    7.78%
  92730 83494     7686.8707   491     7274.6699     7840.3017  7227598    7.78%
  93086 83819     7710.0820   481     7274.6699     7839.8948  7249670    7.77%
  93344 84055     7420.6234   374     7274.6699     7839.7019  7270564    7.77%
  93582 84245        cutoff           7274.6699     7839.5662  7291478    7.77%
  93817 84445        cutoff           7274.6699     7839.2052  7313537    7.76%
Elapsed time = 2762.75 sec. (1525405.47 ticks, tree = 205.91 MB, solutions = 1)
  94056 84671     7770.6823   474     7274.6699     7839.1419  7329854    7.76%
  94373 84961     7325.8604   241     7274.6699     7838.9076  7351227    7.76%
  94562 85121     7461.1482   339     7274.6699     7838.3722  7371329    7.75%
  94846 85390     7573.8420   452     7274.6699     7838.3411  7392067    7.75%
  95092 85618     7322.6891   335     7274.6699     7838.3198  7411680    7.75%
  95365 85857     7768.8255   463     7274.6699     7838.1840  7433445    7.75%
  95718 86180     7615.4745   458     7274.6699     7838.0345  7454363    7.74%
  96005 86447        cutoff           7274.6699     7837.9063  7474502    7.74%
  96227 86611     7355.8136   346     7274.6699     7837.5802  7495771    7.74%
  96418 86764     7408.8855   383     7274.6699     7837.1267  7517599    7.73%
Elapsed time = 2835.10 sec. (1563699.17 ticks, tree = 211.37 MB, solutions = 1)
  96732 87055     7764.8363   517     7274.6699     7836.8389  7537776    7.73%
  97024 87320     7608.5655   434     7274.6699     7836.8202  7558374    7.73%
  97270 87511     7716.3033   500     7274.6699     7836.5539  7580768    7.72%
  97517 87739     7632.7732   456     7274.6699     7836.3573  7600318    7.72%
  97697 87880     7739.9225   490     7274.6699     7836.0086  7621592    7.72%
  97914 88074     7363.2065   360     7274.6699     7835.8507  7641130    7.71%
  98007 88139     7495.8553   375     7274.6699     7835.4120  7661003    7.71%
  98279 88385     7553.0208   446     7274.6699     7835.1941  7681442    7.71%
  98469 88557     7714.3307   493     7274.6699     7835.0726  7700768    7.70%
  98775 88828     7546.2231   412     7274.6699     7834.5975  7721768    7.70%
Elapsed time = 2909.04 sec. (1602810.70 ticks, tree = 216.39 MB, solutions = 1)
  99051 89054     7456.8736   379     7274.6699     7834.3333  7741471    7.69%
  99316 89292     7637.8196   446     7274.6699     7834.1679  7761185    7.69%
  99570 89517     7536.4649   388     7274.6699     7833.9644  7780076    7.69%
  99744 89661     7569.1998   388     7274.6699     7833.7664  7799821    7.69%
  99964 89831     7447.9596   413     7274.6699     7833.5091  7820393    7.68%
 100205 90049     7628.5088   478     7274.6699     7833.2715  7838801    7.68%
 100426 90248     7579.4056   466     7274.6699     7833.0283  7857958    7.68%
 100691 90480     7363.3261   318     7274.6699     7832.8455  7877894    7.67%
 100933 90668     7498.0627   413     7274.6699     7832.4805  7899496    7.67%
 101099 90801     7584.3279   451     7274.6699     7832.3079  7919111    7.67%
Elapsed time = 2980.31 sec. (1641159.05 ticks, tree = 221.13 MB, solutions = 1)
 101435 91116     7696.2364   511     7274.6699     7832.2315  7940477    7.66%
 101649 91311     7323.0053   294     7274.6699     7832.0657  7960463    7.66%
 101932 91559        cutoff           7274.6699     7832.0086  7982870    7.66%
 102195 91791        cutoff           7274.6699     7831.6172  8005115    7.66%
 102441 92008     7736.1087   500     7274.6699     7831.1654  8027468    7.65%
 102645 92183     7768.5532   514     7274.6699     7831.0517  8047696    7.65%
 102918 92402     7544.7139   496     7274.6699     7830.7229  8070756    7.64%
 103162 92616     7325.1944   406     7274.6699     7830.5554  8090968    7.64%
 103349 92765     7752.5453   524     7274.6699     7830.2291  8112628    7.64%
 103535 92932     7716.0953   505     7274.6699     7829.9776  8133624    7.63%
Elapsed time = 3052.72 sec. (1679986.12 ticks, tree = 226.15 MB, solutions = 1)
 103790 93169     7523.5966   333     7274.6699     7829.8074  8155035    7.63%
 104087 93442     7567.7365   367     7274.6699     7829.5974  8175956    7.63%
 104367 93693     7734.8463   499     7274.6699     7829.2395  8198924    7.62%
 104691 93994     7693.3061   510     7274.6699     7828.8700  8220043    7.62%
 104925 94207     7740.7736   539     7274.6699     7828.5983  8239767    7.61%
 105196 94458     7753.6082   482     7274.6699     7828.4655  8260066    7.61%
 105483 94701     7617.1143   492     7274.6699     7828.2371  8281352    7.61%
 105771 94966     7393.6442   347     7274.6699     7828.2234  8302198    7.61%
 105982 95157     7451.4465   378     7274.6699     7828.0494  8321392    7.61%
 106282 95423     7535.1873   442     7274.6699     7827.8710  8341252    7.60%
Elapsed time = 3124.07 sec. (1718295.58 ticks, tree = 231.82 MB, solutions = 1)
 106498 95608     7668.0864   474     7274.6699     7827.6921  8361476    7.60%
 106827 95901     7722.0690   503     7274.6699     7827.5578  8382568    7.60%
 107163 96196     7313.4494   417     7274.6699     7827.4322  8403272    7.60%
 107362 96376     7602.3588   443     7274.6699     7827.2320  8424164    7.60%
 107641 96623     7482.7345   394     7274.6699     7827.1557  8443629    7.59%
 107893 96838     7545.1056   418     7274.6699     7826.7942  8463496    7.59%
 108136 97051     7283.1691   296     7274.6699     7826.7694  8482864    7.59%
 108334 97218     7460.5314   391     7274.6699     7826.4346  8502599    7.58%
 108611 97460     7487.8849   377     7274.6699     7826.2603  8522838    7.58%
 108900 97723     7582.4669   461     7274.6699     7826.0280  8543120    7.58%
Elapsed time = 3195.68 sec. (1756768.60 ticks, tree = 237.28 MB, solutions = 1)
 109145 97937     7610.3689   515     7274.6699     7825.8422  8562707    7.58%
 109414 98189     7280.6377   276     7274.6699     7825.8143  8581975    7.58%
 109677 98431     7334.2892   348     7274.6699     7825.7408  8601575    7.58%
 109833 98560     7359.1675   410     7274.6699     7825.4046  8624109    7.57%
 110098 98799     7313.1884   343     7274.6699     7825.2938  8644596    7.57%
 110398 99048        cutoff           7274.6699     7825.0873  8665894    7.57%
 110524 99164     7479.7729   345     7274.6699     7824.9371  8678493    7.56%
 110624 99256     7408.9595   335     7274.6699     7824.8813  8688583    7.56%
 110724 99342     7404.7203   429     7274.6699     7824.7645  8697128    7.56%
 110976 99576     7395.6030   391     7274.6699     7824.6286  8715947    7.56%
Elapsed time = 3288.75 sec. (1809536.86 ticks, tree = 241.73 MB, solutions = 1)
 111124 99703     7449.7809   433     7274.6699     7824.5019  8727972    7.56%
 111224 99795     7684.9983   500     7274.6699     7824.4195  8735927    7.56%
 111324 99893     7304.1513   300     7274.6699     7824.4195  8741612    7.56%
 111424 99989     7347.1735   309     7274.6699     7824.3647  8750126    7.56%
 111524 100078     7692.4663   449     7274.6699     7824.2107  8759547    7.55%
 111624 100173     7632.6888   451     7274.6699     7824.1767  8766674    7.55%
 111724 100261     7471.6819   401     7274.6699     7824.1039  8780264    7.55%
 111824 100355     7471.3231   428     7274.6699     7823.8512  8785553    7.55%
 111924 100447     7291.7525   406     7274.6699     7823.8466  8793266    7.55%
 112024 100533     7401.2924   431     7274.6699     7823.7429  8802271    7.55%
Elapsed time = 3443.23 sec. (1901005.29 ticks, tree = 243.92 MB, solutions = 1)
 112124 100624     7329.3104   305     7274.6699     7823.7353  8808535    7.55%
 112288 100763        cutoff           7274.6699     7823.6553  8818836    7.55%
 112324 100797     7580.3498   444     7274.6699     7823.5361  8824417    7.54%
 112424 100892     7511.2994   424     7274.6699     7823.5301  8831833    7.54%
 112524 100984     7472.2530   367     7274.6699     7823.5212  8839670    7.54%
 112624 101067     7387.5020   396     7274.6699     7823.3620  8853904    7.54%
 112799 101205     7702.2130   484     7274.6699     7823.0426  8874664    7.54%
 113129 101509     7372.1231   391     7274.6699     7822.9168  8894473    7.54%
 113406 101745     7667.6541   535     7274.6699     7822.7339  8916633    7.53%
 113662 101980     7385.6482   390     7274.6699     7822.7082  8937145    7.53%
Elapsed time = 3552.94 sec. (1963716.41 ticks, tree = 247.35 MB, solutions = 1)
 113933 102214     7400.8090   268     7274.6699     7822.5908  8958922    7.53%
 114274 102530     7693.0476   432     7274.6699     7822.5210  8981343    7.53%
 114511 102750     7658.1417   494     7274.6699     7822.4612  9000890    7.53%
 114735 102962     7362.0476   460     7274.6699     7822.4163  9020680    7.53%

Clique cuts applied:  9
Implied bound cuts applied:  85
Flow cuts applied:  134
Mixed integer rounding cuts applied:  1019
Lift and project cuts applied:  144
Gomory fractional cuts applied:  44

Root node processing (before b&c):
  Real time             =    6.99 sec. (3662.35 ticks)
Sequential b&c:
  Real time             = 3593.02 sec. (1987257.80 ticks)
                          ------------
Total (root+branch&cut) = 3600.01 sec. (1990920.15 ticks)
