1 of 1 MIP starts provided solutions.
MIP start 'm1' defined initial solution with objective 7376.5267.
Tried aggregator 1 time.
MIP Presolve eliminated 47 rows and 1 columns.
Reduced MIP has 5053 rows, 3290 columns, and 33407 nonzeros.
Reduced MIP has 1600 binaries, 0 generals, 0 SOSs, and 0 indicators.
Presolve time = 0.02 sec. (10.73 ticks)
Probing time = 0.01 sec. (4.85 ticks)
Tried aggregator 1 time.
Reduced MIP has 5053 rows, 3290 columns, and 33407 nonzeros.
Reduced MIP has 1600 binaries, 0 generals, 0 SOSs, and 0 indicators.
Presolve time = 0.03 sec. (13.10 ticks)
Probing time = 0.01 sec. (4.73 ticks)
Clique table members: 5163.
MIP emphasis: balance optimality and feasibility.
MIP search method: dynamic search.
Parallel mode: none, using 1 thread.
Root relaxation solution time = 0.08 sec. (55.82 ticks)

        Nodes                                         Cuts/
   Node  Left     Objective  IInf  Best Integer    Best Bound    ItCnt     Gap

*     0+    0                         7376.5267    32217.0928     2936  336.75%
      0     0     9353.4150   435     7376.5267     9353.4150     2936   26.80%
      0     0     9087.5479   471     7376.5267     Cuts: 598     3362   23.20%
      0     0     8838.6333   485     7376.5267     Cuts: 545     4002   19.82%
      0     0     8713.7043   516     7376.5267     Cuts: 444     4499   18.13%
      0     0     8617.0240   541     7376.5267     Cuts: 473     4952   16.82%
      0     0     8535.2287   567     7376.5267     Cuts: 420     5532   15.71%
      0     0     8486.0404   592     7376.5267     Cuts: 410     5975   15.04%
      0     0     8455.6470   594     7376.5267     Cuts: 427     6380   14.63%
      0     0     8419.7762   610     7376.5267     Cuts: 389     6861   14.14%
      0     0     8403.8578   584     7376.5267     Cuts: 412     7237   13.93%
      0     0     8388.8644   612     7376.5267     Cuts: 359     7647   13.72%
      0     0     8367.7478   611     7376.5267     Cuts: 358     7971   13.44%
      0     0     8359.0518   630     7376.5267     Cuts: 367     8183   13.32%
      0     0     8351.0693   615     7376.5267     Cuts: 322     8381   13.21%
      0     0     8341.4303   631     7376.5267     Cuts: 255     8632   13.08%
      0     0     8332.5918   625     7376.5267     Cuts: 304     8900   12.96%
      0     0     8323.7031   628     7376.5267     Cuts: 309     9151   12.84%
      0     0     8312.4634   611     7376.5267     Cuts: 250     9477   12.69%
      0     0     8307.9236   613     7376.5267     Cuts: 170     9659   12.63%
      0     0     8302.9120   625     7376.5267     Cuts: 197     9848   12.56%
      0     0     8295.2710   632     7376.5267     Cuts: 232    10111   12.45%
      0     0     8282.4097   613     7376.5267     Cuts: 218    10368   12.28%
      0     0     8276.9306   623     7376.5267     Cuts: 282    10548   12.21%
      0     0     8268.9876   622     7376.5267     Cuts: 237    10716   12.10%
      0     0     8265.4468   635     7376.5267     Cuts: 206    10825   12.05%
      0     0     8260.2126   648     7376.5267     Cuts: 132    10965   11.98%
      0     0     8256.5861   635     7376.5267     Cuts: 214    11104   11.93%
      0     0     8255.4371   645     7376.5267     Cuts: 164    11194   11.91%
      0     0     8253.5841   643     7376.5267     Cuts: 103    11339   11.89%
      0     2     8253.5841   643     7376.5267     8253.5657    11339   11.89%
Elapsed time = 9.10 sec. (5031.03 ticks, tree = 0.00 MB, solutions = 1)
      3     5     8237.4656   593     7376.5267     8253.1775    12907   11.88%
      6     8     8210.7016   588     7376.5267     8235.0266    13938   11.64%
      9    11     8198.2232   565     7376.5267     8232.8151    16165   11.61%
     11    13     8105.5215   512     7376.5267     8232.8151    17279   11.61%
     15    17     8176.4501   567     7376.5267     8232.8151    18734   11.61%
     21    23     8147.0548   543     7376.5267     8232.8151    20499   11.61%
     25    27     8100.4825   527     7376.5267     8232.8151    21420   11.61%
     28    30     8003.9944   487     7376.5267     8232.8151    22770   11.61%
     40    42     8040.2372   471     7376.5267     8232.8151    24793   11.61%
     98   100     7492.7780   323     7376.5267     8232.8151    31431   11.61%
Elapsed time = 15.87 sec. (8918.85 ticks, tree = 0.46 MB, solutions = 1)
    222   196     8196.8800   586     7376.5267     8231.8448    38898   11.60%
    255   227     7970.7456   457     7376.5267     8231.8448    46463   11.60%
    333   293     7771.8827   342     7376.5267     8231.8448    54794   11.60%
    465   397     8171.8592   607     7376.5267     8229.1104    61409   11.56%
    507   439     8116.5987   665     7376.5267     8116.5629    74357   10.03%
    509   440     8109.1550   656     7376.5267     8112.8456    75073    9.98%
    511   442     8103.5745   650     7376.5267     8112.8456    75754    9.98%
    514   387        cutoff           7376.5267     8112.8456    77122    9.98%
    516   388     8099.2628   658     7376.5267     8112.8456    77267    9.98%
    518   389     8001.0167   579     7376.5267     8112.8456    79041    9.98%
Elapsed time = 55.34 sec. (32153.09 ticks, tree = 1.04 MB, solutions = 1)
    523   392     8096.5208   640     7376.5267     8112.8456    80987    9.98%
    527   395     8077.6183   600     7376.5267     8112.8456    82525    9.98%
    535   398     8068.4586   598     7376.5267     8112.8456    84848    9.98%
    542   389        cutoff           7376.5267     8112.8456    88251    9.98%
    547   389     8059.1779   577     7376.5267     8112.8456    90204    9.98%
    565   388     8036.6399   545     7376.5267     8112.8456    93251    9.98%
    587   393     7411.1605   374     7376.5267     8112.8456    95036    9.98%
    607   375     8064.3048   609     7376.5267     8103.5141    96280    9.86%
    638   373     8099.8275   645     7376.5267     8100.3436    99335    9.81%
    667   389     8060.8187   587     7376.5267     8100.3436   101219    9.81%
Elapsed time = 73.39 sec. (43429.62 ticks, tree = 7.62 MB, solutions = 1)
    688   403     8023.3427   513     7376.5267     8100.3436   102408    9.81%
    747   440     7885.9644   440     7376.5267     8100.3436   104272    9.81%
    844   480        cutoff           7376.5267     8099.4362   107168    9.80%
    850   475     7758.5987   506     7376.5267     8097.9104   110199    9.78%
    907   501     7617.4326   437     7376.5267     8097.9104   112613    9.78%
    942   501        cutoff           7376.5267     8097.2503   116378    9.77%
    946   496     7948.0161   515     7376.5267     8096.5127   120704    9.76%
    957   503     7940.0057   515     7376.5267     8096.5127   121075    9.76%
   1024   538     7777.7309   405     7376.5267     8096.5127   123533    9.76%
   1106   561        cutoff           7376.5267     8096.0078   126964    9.75%
Elapsed time = 91.53 sec. (54519.29 ticks, tree = 24.66 MB, solutions = 1)
   1121   568     7958.3641   537     7376.5267     8094.6628   129048    9.74%
   1163   592     7768.1295   429     7376.5267     8094.6628   131631    9.74%
   1331   734     7415.4704   132     7376.5267     8094.6628   133740    9.74%
   1366   764     7622.6467   439     7376.5267     8091.3889   135729    9.69%
   1491   874        cutoff           7376.5267     8091.1510   139013    9.69%
   1515   898     7797.4740   503     7376.5267     8088.6300   141076    9.65%
   1563   946     7623.2365   399     7376.5267     8088.6300   143758    9.65%
   1655  1025        cutoff           7376.5267     8088.3666   147007    9.65%
   1658  1024     7899.6215   588     7376.5267     8087.2756   150028    9.64%
   1704  1070     7768.6326   483     7376.5267     8087.2756   152981    9.64%
Elapsed time = 107.75 sec. (64440.07 ticks, tree = 25.40 MB, solutions = 1)
   1801  1167     7531.5394   316     7376.5267     8087.2756   155476    9.64%
   1852  1208     7945.4915   547     7376.5267     8083.2202   157919    9.58%
   1896  1252     7784.5305   481     7376.5267     8083.2202   160647    9.58%
   2000  1353     7441.0424   277     7376.5267     8083.2202   163311    9.58%
   2039  1389     7912.8710   565     7376.5267     8080.4699   166058    9.54%
   2107  1457     7636.7992   402     7376.5267     8080.4699   169248    9.54%
   2207  1545     7915.5131   594     7376.5267     8078.3982   172077    9.51%
   2218  1553     7541.1659   422     7376.5267     8078.3982   175570    9.51%
   2260  1582     7879.8362   571     7376.5267     8075.4642   179110    9.48%
   2276  1598     7660.5147   480     7376.5267     8075.4642   180550    9.48%
Elapsed time = 125.08 sec. (74681.10 ticks, tree = 29.54 MB, solutions = 1)
   2330  1649     7905.1545   561     7376.5267     8074.6962   184614    9.46%
   2347  1666     7869.3720   516     7376.5267     8074.6962   185495    9.46%
   2413  1732     7669.3909   363     7376.5267     8074.6962   188238    9.46%
   2464  1779     7894.6130   525     7376.5267     8073.9292   190675    9.45%
   2507  1822     7752.4017   392     7376.5267     8073.9292   192821    9.45%
   2620  1930     7940.2578   582     7376.5267     8073.9282   196129    9.45%
   2632  1938     7910.9788   570     7376.5267     8073.9282   198746    9.45%
   2640  1945     7386.2133   414     7376.5267     8073.9282   201043    9.45%
   2648  1945     8004.6135   605     7376.5267     8073.2353   202922    9.44%
   2683  1980     7879.3711   493     7376.5267     8073.2353   205463    9.44%
Elapsed time = 143.31 sec. (85542.41 ticks, tree = 39.96 MB, solutions = 1)
   2748  2045     7707.0817   384     7376.5267     8073.2353   207981    9.44%
   2843  2133     7724.4993   495     7376.5267     8073.0497   211061    9.44%
   2890  2180     7567.6605   387     7376.5267     8073.0497   213438    9.44%
   2981  2264     7661.3740   487     7376.5267     8071.9133   217230    9.43%
   3013  2290     7433.6459   432     7376.5267     8071.9133   219271    9.43%
   3042  2306        cutoff           7376.5267     8070.6567   221972    9.41%
   3063  2327     7920.0283   568     7376.5267     8070.5843   224207    9.41%
   3108  2372     7723.5415   421     7376.5267     8070.5843   226803    9.41%
   3234  2489     7959.7197   595     7376.5267     8068.9214   229896    9.39%
   3275  2530     7855.0384   480     7376.5267     8068.9214   232541    9.39%
Elapsed time = 160.80 sec. (95957.20 ticks, tree = 44.36 MB, solutions = 1)
   3417  2672     7522.9594   231     7376.5267     8068.9214   235411    9.39%
   3484  2730     7991.9000   600     7376.5267     8068.6184   237588    9.38%
   3531  2777     7807.6730   476     7376.5267     8068.6184   240483    9.38%
   3599  2840     7995.0361   597     7376.5267     8068.0057   243816    9.37%
   3628  2869     7908.1077   524     7376.5267     8068.0057   246943    9.37%
   3658  2899     7724.3354   415     7376.5267     8068.0057   250226    9.37%
   3698  2915        cutoff           7376.5267     8066.0277   254156    9.35%
   3721  2938     7857.4094   492     7376.5267     8064.1442   256178    9.32%
   3785  3002     7589.7497   373     7376.5267     8064.1442   259107    9.32%
   3853  3065     7565.1369   528     7376.5267     8064.0228   261902    9.32%
Elapsed time = 177.65 sec. (105893.15 ticks, tree = 50.94 MB, solutions = 1)
   3918  3125     7447.9225   470     7376.5267     8063.6802   266029    9.32%
   3948  3140     7772.3046   565     7376.5267     8063.2475   269315    9.31%
   3983  3175     7663.9879   438     7376.5267     8063.2475   271543    9.31%
   4056  3242        cutoff           7376.5267     8062.5630   275734    9.30%
   4062  3244     8037.9862   616     7376.5267     8060.2777   277685    9.27%
   4068  3246     8029.5010   614     7376.5267     8060.2777   280191    9.27%
   4080  3254     8011.0157   590     7376.5267     8060.2777   282961    9.27%
   4099  3271     7873.3589   480     7376.5267     8060.2777   285385    9.27%
   4111  3282     7437.1610   395     7376.5267     8060.2777   287613    9.27%
   4324  3481     7937.8495   507     7376.5267     8058.9230   296866    9.25%
Elapsed time = 199.66 sec. (119391.79 ticks, tree = 68.77 MB, solutions = 1)
   4586  3726        cutoff           7376.5267     8058.0308   308411    9.24%
   4737  3867     7787.7213   454     7376.5267     8057.4386   317877    9.23%
   4947  4063     7849.3471   483     7376.5267     8057.3642   327859    9.23%
   5227  4331     7829.4182   548     7376.5267     8056.8137   340160    9.22%
   5413  4495     7886.9401   562     7376.5267     8055.9368   351884    9.21%
   5663  4735     7502.0118   404     7376.5267     8054.2420   363418    9.19%
   5848  4896     7978.9912   573     7376.5267     8053.0471   375304    9.17%
   6150  5193     7716.3737   374     7376.5267     8052.0990   385473    9.16%
   6414  5443     7751.9260   426     7376.5267     8051.3668   395909    9.15%
   6610  5613     7805.9904   497     7376.5267     8050.2324   406797    9.13%
Elapsed time = 264.28 sec. (157996.68 ticks, tree = 174.44 MB, solutions = 1)
   6816  5801     7603.1289   479     7376.5267     8049.7288   417055    9.13%
   6973  5932     7680.3595   412     7376.5267     8048.9787   426605    9.12%
   7231  6174     7807.8368   466     7376.5267     8045.1549   436403    9.06%
   7578  6502     7950.5738   579     7376.5267     8044.0823   446770    9.05%
   7893  6808     7452.4153   332     7376.5267     8041.9372   457391    9.02%
   8163  7054     7978.4203   590     7376.5267     8036.3376   469197    8.94%
   8453  7334     7380.3120   304     7376.5267     8030.0372   481012    8.86%
   8581  7429     7605.8571   417     7376.5267     8026.5578   492369    8.81%
   8907  7736     7560.1688   477     7376.5267     8023.0872   505551    8.77%
   9170  7974        cutoff           7376.5267     8022.8538   518034    8.76%
Elapsed time = 329.59 sec. (196676.89 ticks, tree = 350.50 MB, solutions = 1)
   9368  8166     7525.1207   295     7376.5267     8018.3478   529448    8.70%
   9644  8415     7476.6944   304     7376.5267     8015.6453   542894    8.66%
   9709  8454     7612.5980   457     7376.5267     8010.9104   554095    8.60%
   9937  8665     7681.1053   342     7376.5267     8009.9299   565240    8.59%
  10170  8875     7892.4623   491     7376.5267     8009.0196   575495    8.57%
  10507  9200     7400.4082   163     7376.5267     8008.5034   586938    8.57%
  10605  9276     7770.1436   473     7376.5267     8007.3089   597657    8.55%
  10647  9318     7597.0440   338     7376.5267     8007.3089   598832    8.55%
  10836  9490     7914.2610   560     7376.5267     8005.2070   609649    8.52%
  11148  9780     7393.8774   469     7376.5267     8004.9097   620658    8.52%
Elapsed time = 417.06 sec. (248289.03 ticks, tree = 432.32 MB, solutions = 1)
  11365  9962        cutoff           7376.5267     8004.0478   632886    8.51%
  11574 10147     7749.6413   520     7376.5267     8001.4112   645805    8.47%
  11782 10331        cutoff           7376.5267     7999.4170   657481    8.44%
  11980 10519     7788.1235   465     7376.5267     7998.9759   669133    8.44%
  12207 10727     7616.2441   469     7376.5267     7997.8297   681072    8.42%
  12287 10794     7495.1893   380     7376.5267     7995.9820   692830    8.40%
  12458 10931     7603.5613   435     7376.5267     7995.0106   705446    8.38%
  12655 11109     7460.4109   448     7376.5267     7994.1899   717521    8.37%
  12847 11284     7419.8631   423     7376.5267     7993.4707   729282    8.36%
  13074 11476     7458.7407   448     7376.5267     7992.8890   741733    8.36%
Elapsed time = 483.30 sec. (287332.22 ticks, tree = 523.89 MB, solutions = 1)
  13268 11652     7589.3432   465     7376.5267     7991.8092   753783    8.34%
  13448 11821     7456.8937   381     7376.5267     7990.9612   764253    8.33%
  13552 11904     7968.9606   551     7376.5267     7989.7655   774795    8.31%
  13840 12172        cutoff           7376.5267     7989.5813   786516    8.31%
  13927 12242     7537.2039   451     7376.5267     7988.6681   799441    8.30%
  14052 12342     7464.1389   407     7376.5267     7987.8116   809764    8.29%
  14298 12566     7403.1323   458     7376.5267     7987.6357   820049    8.28%
  14537 12790     7518.0988   395     7376.5267     7987.0263   831100    8.28%
  14764 13003     7652.2982   383     7376.5267     7986.3536   841975    8.27%
  15097 13318     7854.4559   540     7376.5267     7986.2495   853882    8.27%
Elapsed time = 548.76 sec. (326807.84 ticks, tree = 603.67 MB, solutions = 1)
  15303 13511     7739.8518   428     7376.5267     7985.4498   865393    8.25%
  15665 13843     7763.0446   547     7376.5267     7984.5702   878422    8.24%
  15837 13999     7534.6337   409     7376.5267     7983.9164   889467    8.23%
  16083 14226     7608.6707   347     7376.5267     7983.6168   902472    8.23%
  16313 14432        cutoff           7376.5267     7982.8827   914715    8.22%
  16582 14695     7510.8216   256     7376.5267     7982.1255   925392    8.21%
  16709 14801     7410.5234   414     7376.5267     7979.4658   938660    8.17%
  16960 15025        cutoff           7376.5267     7977.7729   952187    8.15%
  17149 15197     7862.3707   554     7376.5267     7976.4969   963929    8.13%
  17412 15441     7540.5869   400     7376.5267     7975.9416   974698    8.13%
Elapsed time = 614.58 sec. (365744.05 ticks, tree = 697.11 MB, solutions = 1)
  17600 15621     7537.1440   402     7376.5267     7975.3778   985580    8.12%
  17824 15823     7421.3999   298     7376.5267     7975.0295   996976    8.11%
  18054 16038     7578.4019   471     7376.5267     7974.5500  1007888    8.11%
  18157 16123     7786.3828   543     7376.5267     7973.1478  1018966    8.09%
  18360 16314     7465.3294   473     7376.5267     7972.2151  1030610    8.08%
  18608 16551     7707.9192   444     7376.5267     7971.1252  1040457    8.06%
  18879 16804     7868.6279   502     7376.5267     7969.6825  1051402    8.04%
  19076 16985     7399.9590   433     7376.5267     7969.6014  1062785    8.04%
  19299 17186     7761.3967   481     7376.5267     7968.7536  1074104    8.03%
  19600 17475     7866.6334   537     7376.5267     7968.0689  1085572    8.02%
Elapsed time = 679.10 sec. (404457.45 ticks, tree = 760.05 MB, solutions = 1)
  19831 17690     7608.3221   469     7376.5267     7967.3710  1095775    8.01%
  19897 17729     7866.9973   532     7376.5267     7965.3274  1107239    7.98%
  20082 17886     7811.3626   515     7376.5267     7965.0423  1118884    7.98%
  20369 18160     7861.2920   569     7376.5267     7963.8523  1130827    7.96%
  20580 18344        cutoff           7376.5267     7962.5594  1143744    7.94%
  20724 18479     7606.5628   379     7376.5267     7961.9562  1154579    7.94%
  20912 18653     7608.3867   371     7376.5267     7961.1676  1166906    7.93%
  21130 18854     7570.2798   492     7376.5267     7960.8658  1179189    7.92%
  21342 19029     7405.1687   474     7376.5267     7959.8417  1191275    7.91%
  21463 19126     7491.1999   348     7376.5267     7958.8344  1202924    7.89%
Elapsed time = 743.42 sec. (442874.92 ticks, tree = 817.07 MB, solutions = 1)
  21701 19343     7643.3110   425     7376.5267     7957.3927  1215244    7.87%
  21908 19516     7605.5776   454     7376.5267     7956.6269  1226933    7.86%
  22143 19727     7376.9722   446     7376.5267     7956.3921  1237809    7.86%
  22218 19788     7446.8915   383     7376.5267     7956.0916  1249570    7.86%
  22377 19907     7402.6048   436     7376.5267     7954.2247  1260366    7.83%
  22562 20071     7569.6570   447     7376.5267     7953.4752  1270754    7.82%
  22732 20214     7749.3668   436     7376.5267     7953.4378  1282208    7.82%
  23060 20521     7483.8436   414     7376.5267     7952.5577  1293904    7.81%
  23191 20635     7820.9509   579     7376.5267     7951.2089  1305568    7.79%
  23443 20867     7795.9731   515     7376.5267     7950.9384  1315915    7.79%
Elapsed time = 810.11 sec. (481838.38 ticks, tree = 912.55 MB, solutions = 1)
  23577 20975     7410.8070   388     7376.5267     7950.3905  1326771    7.78%
  23811 21178     7819.1847   505     7376.5267     7949.7588  1337970    7.77%
  24057 21397     7690.2539   495     7376.5267     7948.0020  1350371    7.75%
  24250 21575     7559.2911   346     7376.5267     7947.2123  1362131    7.74%
  24509 21809        cutoff           7376.5267     7946.2180  1373802    7.72%
  24564 21845        cutoff           7376.5267     7945.9667  1384502    7.72%
  24797 22052     7793.4932   521     7376.5267     7944.5612  1396940    7.70%
  24954 22191     7681.8345   505     7376.5267     7943.8380  1407411    7.69%
  25107 22327     7459.8323   325     7376.5267     7942.9564  1419355    7.68%
  25247 22430     7831.3523   474     7376.5267     7942.3228  1434013    7.67%
Elapsed time = 874.91 sec. (520378.83 ticks, tree = 958.84 MB, solutions = 1)
  25481 22625        cutoff           7376.5267     7941.7939  1445075    7.66%
  25672 22797     7529.7505   467     7376.5267     7940.8515  1458199    7.65%
  25871 22963     7628.2711   505     7376.5267     7939.2874  1470801    7.63%
  26103 23166     7395.5462   243     7376.5267     7938.5251  1482456    7.62%
  26215 23252     7483.1685   425     7376.5267     7937.8108  1494335    7.61%
  26465 23474        cutoff           7376.5267     7937.1233  1508174    7.60%
  26783 23770        cutoff           7376.5267     7936.6682  1520519    7.59%
  26955 23925     7434.0910   454     7376.5267     7936.3012  1531276    7.59%
  27128 24077     7681.3575   429     7376.5267     7936.2607  1542128    7.59%
  27293 24211     7649.1772   482     7376.5267     7935.7031  1553819    7.58%
Elapsed time = 941.98 sec. (560044.58 ticks, tree = 1012.83 MB, solutions = 1)
  27459 24349     7785.7047   510     7376.5267     7934.9962  1564185    7.57%
  27621 24486        cutoff           7376.5267     7934.7057  1576009    7.57%
  27733 24574     7774.7054   538     7376.5267     7934.4840  1586743    7.56%
  27906 24733     7537.6939   428     7376.5267     7934.1092  1598317    7.56%
  28265 25067     7754.9351   435     7376.5267     7933.6109  1609022    7.55%
  28507 25296     7413.5645   279     7376.5267     7933.2751  1619188    7.55%
  28698 25470     7781.3386   504     7376.5267     7933.0177  1631378    7.54%
  28894 25645     7767.0894   482     7376.5267     7932.3902  1642114    7.54%
  29096 25837     7433.6595   417     7376.5267     7932.0456  1653412    7.53%
  29221 25938     7628.8667   423     7376.5267     7930.7455  1664876    7.51%
Elapsed time = 1007.81 sec. (599096.30 ticks, tree = 1113.58 MB, solutions = 1)
  29546 26241     7605.2186   519     7376.5267     7930.5591  1675250    7.51%
  29717 26367        cutoff           7376.5267     7930.0469  1687254    7.50%
  29906 26539     7411.7586   264     7376.5267     7929.9907  1698462    7.50%
  30279 26879     7531.3912   388     7376.5267     7929.1334  1710866    7.49%
  30530 27115     7838.4169   537     7376.5267     7928.4489  1722568    7.48%
  30719 27285     7593.5804   446     7376.5267     7928.1660  1734911    7.48%
  30907 27452     7499.5897   345     7376.5267     7927.8037  1747326    7.47%
  31051 27557     7415.0091   448     7376.5267     7926.9942  1759505    7.46%
  31266 27741     7681.0980   473     7376.5267     7926.5030  1771736    7.46%
  31488 27935     7690.6323   546     7376.5267     7926.2294  1785270    7.45%
Elapsed time = 1074.81 sec. (638063.90 ticks, tree = 1200.05 MB, solutions = 1)
  31568 27984        cutoff           7376.5267     7925.8278  1796136    7.45%
  31856 28247     7645.0879   500     7376.5267     7925.5391  1808456    7.44%
  31983 28356     7467.5326   392     7376.5267     7925.0341  1819462    7.44%
  32175 28519     7716.1296   401     7376.5267     7924.6162  1831786    7.43%
  32522 28852     7777.1065   513     7376.5267     7924.4102  1843509    7.43%
  32832 29144     7747.8998   457     7376.5267     7924.0187  1855022    7.42%
  33082 29377     7662.4710   422     7376.5267     7923.8064  1865888    7.42%
  33279 29547     7409.1393   426     7376.5267     7923.4683  1877656    7.41%
  33464 29700     7786.5309   535     7376.5267     7923.2165  1889576    7.41%
  33697 29915     7768.2416   565     7376.5267     7922.8350  1900939    7.41%
Elapsed time = 1141.16 sec. (676769.41 ticks, tree = 1238.38 MB, solutions = 1)
  33969 30178     7633.2782   477     7376.5267     7922.7905  1911776    7.41%
  34086 30260        cutoff           7376.5267     7922.2834  1922943    7.40%
  34187 30334        cutoff           7376.5267     7921.7600  1934597    7.39%
  34255 30385     7508.0052   443     7376.5267     7921.4243  1946019    7.39%
  34390 30495        cutoff           7376.5267     7921.2830  1957164    7.38%
  34689 30778     7631.9517   479     7376.5267     7921.1291  1968656    7.38%
  34895 30953     7469.3049   388     7376.5267     7921.0690  1980018    7.38%
  35003 31044     7390.9234   425     7376.5267     7920.8442  1991169    7.38%
  35298 31324     7490.2585   351     7376.5267     7920.7185  2003080    7.38%
  35429 31428     7495.3147   454     7376.5267     7920.0074  2015293    7.37%
Elapsed time = 1206.11 sec. (715396.81 ticks, tree = 1298.95 MB, solutions = 1)
  35691 31676     7394.7921   247     7376.5267     7919.8735  2027329    7.37%
  35848 31817        cutoff           7376.5267     7919.6325  2036480    7.36%
  36136 32060     7599.9863   477     7376.5267     7919.2915  2048955    7.36%
  36282 32171     7615.7593   510     7376.5267     7918.8134  2061071    7.35%
  36467 32320     7767.2143   533     7376.5267     7918.6017  2073199    7.35%
  36741 32545     7557.3295   446     7376.5267     7918.3411  2085104    7.35%
  36940 32728     7469.1740   339     7376.5267     7918.2125  2097415    7.34%
  37223 32983     7463.6580   255     7376.5267     7917.9118  2110225    7.34%
  37466 33202     7620.0221   442     7376.5267     7917.4040  2122626    7.33%
  37556 33264     7541.6869   459     7376.5267     7917.1231  2134198    7.33%
Elapsed time = 1273.00 sec. (754042.69 ticks, tree = 1378.43 MB, solutions = 1)
  37740 33430     7613.9855   482     7376.5267     7916.8281  2146098    7.32%
  37951 33610     7431.8583   445     7376.5267     7916.4649  2159353    7.32%
  38123 33756     7476.7217   449     7376.5267     7916.0328  2171168    7.31%
  38353 33968     7408.1013   435     7376.5267     7915.6574  2184605    7.31%
  38553 34150     7639.0864   533     7376.5267     7915.4999  2194191    7.31%
  38753 34333     7878.0809   549     7376.5267     7915.0325  2205946    7.30%
  38867 34430     7525.8955   365     7376.5267     7914.8012  2216789    7.30%
  39027 34570     7482.8064   380     7376.5267     7914.0546  2228418    7.29%
  39317 34840     7439.1780   427     7376.5267     7913.6950  2240183    7.28%
  39457 34945     7499.2058   467     7376.5267     7913.3681  2252117    7.28%
Elapsed time = 1338.63 sec. (792858.03 ticks, tree = 1444.04 MB, solutions = 1)
  39605 35081     7434.1486   408     7376.5267     7913.2756  2263302    7.28%
  39825 35285     7741.4090   522     7376.5267     7912.9103  2275136    7.27%
  40027 35461     7511.8201   455     7376.5267     7912.4595  2287054    7.27%
  40168 35575     7589.5780   451     7376.5267     7912.2141  2298552    7.26%
  40319 35697     7489.6534   415     7376.5267     7911.9039  2311023    7.26%
  40576 35935        cutoff           7376.5267     7911.8091  2321874    7.26%
  40693 36029     7676.2712   320     7376.5267     7911.1650  2332890    7.25%
  40924 36238     7714.2682   487     7376.5267     7910.9543  2343051    7.24%
  41123 36421     7474.5359   350     7376.5267     7910.9268  2354164    7.24%
  41210 36479     7416.6482   491     7376.5267     7910.7909  2365859    7.24%
Elapsed time = 1403.67 sec. (831158.23 ticks, tree = 1491.12 MB, solutions = 1)
  41397 36653     7654.4740   364     7376.5267     7910.7051  2377493    7.24%
  41647 36865     7789.0234   499     7376.5267     7910.4337  2388769    7.24%
  41843 37047     7751.2051   531     7376.5267     7910.4122  2399926    7.24%
  42117 37301     7497.7809   467     7376.5267     7910.3298  2412666    7.24%
  42292 37452     7543.8902   461     7376.5267     7909.8240  2425729    7.23%
  42409 37549     7491.0801   516     7376.5267     7909.3827  2437777    7.22%
  42571 37680     7808.1435   562     7376.5267     7908.9901  2449207    7.22%
  42734 37814        cutoff           7376.5267     7908.5371  2463173    7.21%
  42881 37934     7442.0632   489     7376.5267     7908.2999  2474919    7.21%
  43159 38180     7856.0737   559     7376.5267     7908.1310  2486761    7.21%
Elapsed time = 1470.20 sec. (870190.84 ticks, tree = 1581.24 MB, solutions = 1)
  43444 38450     7667.0243   489     7376.5267     7907.8335  2499178    7.20%
  43738 38726     7434.8446   312     7376.5267     7907.3577  2510859    7.20%
  44063 39022     7500.2079   443     7376.5267     7907.2335  2522692    7.19%
  44241 39179     7557.5876   460     7376.5267     7906.5310  2534269    7.19%
  44400 39316     7415.8389   481     7376.5267     7906.0566  2546630    7.18%
  44540 39433     7407.0185   317     7376.5267     7906.0099  2557377    7.18%
  44761 39636     7645.2099   484     7376.5267     7905.8465  2569348    7.18%
  44950 39792     7589.4521   476     7376.5267     7905.6647  2580474    7.17%
  45110 39937     7634.1921   511     7376.5267     7905.2057  2591871    7.17%
  45331 40130     7399.6168   354     7376.5267     7904.9999  2603509    7.16%
Elapsed time = 1536.55 sec. (908847.85 ticks, tree = 1630.91 MB, solutions = 1)
  45423 40183     7646.0535   463     7376.5267     7904.4284  2614137    7.16%
  45661 40406     7802.3265   516     7376.5267     7904.3430  2625765    7.16%
  45778 40507     7676.8907   440     7376.5267     7904.1508  2635908    7.15%
  46001 40710     7820.5055   537     7376.5267     7903.4810  2647898    7.14%
  46155 40845     7425.0167   263     7376.5267     7903.0911  2658422    7.14%
  46362 41019     7712.4934   460     7376.5267     7902.5282  2669980    7.13%
  46607 41244     7543.9305   311     7376.5267     7902.1482  2681494    7.13%
  46785 41403     7740.7864   499     7376.5267     7901.9321  2692419    7.12%
  46949 41522     7750.5149   494     7376.5267     7901.3001  2703168    7.11%
  47184 41745     7519.6574   443     7376.5267     7900.9997  2714630    7.11%
Elapsed time = 1602.75 sec. (947534.85 ticks, tree = 1695.29 MB, solutions = 1)
  47339 41873     7569.9172   381     7376.5267     7900.8110  2725394    7.11%
  47554 42065     7664.7319   477     7376.5267     7900.4802  2736177    7.10%
  47748 42239     7604.2730   415     7376.5267     7900.1959  2746922    7.10%
  48029 42469     7390.0992   418     7376.5267     7899.7544  2759182    7.09%
  48151 42577     7530.0858   418     7376.5267     7899.7012  2767894    7.09%
  48377 42783     7799.2920   454     7376.5267     7899.4583  2780209    7.09%
  48693 43074     7777.8285   560     7376.5267     7899.3662  2791514    7.09%
  48922 43287     7411.1969   447     7376.5267     7899.1760  2803357    7.09%
  49126 43472     7618.9436   483     7376.5267     7898.5179  2815366    7.08%
  49319 43638     7810.9796   486     7376.5267     7898.0457  2826358    7.07%
Elapsed time = 1668.09 sec. (985838.07 ticks, tree = 1789.33 MB, solutions = 1)
  49522 43785     7523.7272   441     7376.5267     7897.7324  2838702    7.07%
  49737 43984     7463.6968   315     7376.5267     7897.5383  2850604    7.06%
  49956 44180     7729.8649   480     7376.5267     7897.1083  2864091    7.06%
  50146 44336     7488.3413   436     7376.5267     7896.1605  2876241    7.04%
  50484 44649     7651.1129   454     7376.5267     7895.7358  2888767    7.04%
  50727 44865     7444.7898   182     7376.5267     7895.5587  2900479    7.04%
  50857 44973     7591.2675   470     7376.5267     7895.2415  2912592    7.03%
  51022 45103     7868.0522   552     7376.5267     7894.7367  2924864    7.03%
  51357 45426     7608.9786   490     7376.5267     7894.0806  2936691    7.02%
  51547 45600     7482.8742   252     7376.5267     7893.9189  2948781    7.01%
Elapsed time = 1734.68 sec. (1024672.08 ticks, tree = 1850.91 MB, solutions = 1)
  51737 45746     7703.2010   473     7376.5267     7893.5742  2961430    7.01%
  51982 45969     7431.3064   305     7376.5267     7893.3647  2973540    7.01%
  52281 46247     7381.7167   383     7376.5267     7893.2721  2985802    7.01%
  52507 46460     7487.4844   389     7376.5267     7893.2457  2996307    7.00%
  52711 46633     7494.4003   442     7376.5267     7892.5699  3008429    7.00%
  52859 46759     7569.8521   476     7376.5267     7892.3639  3020934    6.99%
  53024 46907     7794.7218   541     7376.5267     7892.1973  3032441    6.99%
  53317 47179     7602.7020   511     7376.5267     7891.8582  3044795    6.99%
  53554 47393     7703.6021   445     7376.5267     7891.5248  3054595    6.98%
  53733 47537     7531.1889   432     7376.5267     7891.3282  3066940    6.98%
Elapsed time = 1802.94 sec. (1064050.67 ticks, tree = 1955.01 MB, solutions = 1)
  53907 47685     7634.7476   418     7376.5267     7890.9170  3078414    6.97%
  54126 47880     7522.7623   310     7376.5267     7890.5815  3089423    6.97%
  54391 48117     7637.8179   490     7376.5267     7890.3213  3100548    6.97%
  54547 48250        cutoff           7376.5267     7890.1148  3112319    6.96%
  54922 48609        cutoff           7376.5267     7890.0390  3124117    6.96%
  55172 48828     7515.6650   474     7376.5267     7889.5086  3136908    6.95%
  55244 48877     7481.7901   445     7376.5267     7889.1724  3147016    6.95%
  55456 49069     7825.2108   566     7376.5267     7888.7995  3158375    6.94%
  55622 49220     7712.0001   460     7376.5267     7888.5858  3169372    6.94%
  55943 49527     7728.6998   512     7376.5267     7888.3868  3181456    6.94%
Elapsed time = 1870.21 sec. (1103216.39 ticks, tree = 2028.40 MB, solutions = 1)
  56223 49773     7572.1450   453     7376.5267     7888.1719  3193435    6.94%
  56562 50077     7743.8974   434     7376.5267     7888.0031  3206110    6.93%
  56996 50486     7413.0879   428     7376.5267     7887.6933  3218385    6.93%
  57143 50602     7777.4292   518     7376.5267     7887.2968  3230115    6.92%
  57325 50745     7539.7088   456     7376.5267     7887.1164  3241047    6.92%
  57505 50903     7453.4058   447     7376.5267     7886.7405  3253366    6.92%
  57671 51036     7689.5167   416     7376.5267     7886.1101  3265232    6.91%
  57908 51247        cutoff           7376.5267     7885.8512  3276867    6.90%
  58095 51412     7742.9136   497     7376.5267     7885.6522  3288722    6.90%
  58348 51619     7408.3673   455     7376.5267     7885.3361  3299855    6.90%
Elapsed time = 1936.47 sec. (1141566.11 ticks, tree = 2129.85 MB, solutions = 1)
  58562 51811     7706.4790   527     7376.5267     7884.9903  3311866    6.89%
  58788 52018     7489.6797   348     7376.5267     7884.9246  3323639    6.89%
  58956 52162     7478.2706   495     7376.5267     7884.6323  3335764    6.89%
  59300 52485     7669.5354   422     7376.5267     7884.5394  3347579    6.89%
  59593 52760        cutoff           7376.5267     7884.4738  3358974    6.89%
  59875 53030     7648.8823   489     7376.5267     7884.2227  3370911    6.88%
  60137 53249     7623.4838   466     7376.5267     7883.8540  3382752    6.88%
  60287 53375     7501.5390   420     7376.5267     7883.5826  3394668    6.87%
  60501 53555     7483.4722   386     7376.5267     7883.3429  3406381    6.87%
  60703 53730     7689.6555   409     7376.5267     7883.1182  3419251    6.87%
Elapsed time = 2003.39 sec. (1180002.98 ticks, tree = 2209.86 MB, solutions = 1)
  61009 54011     7871.9753   559     7376.5267     7883.0054  3430364    6.87%
  61125 54103     7529.4739   485     7376.5267     7882.9555  3441637    6.87%
  61216 54165     7495.1431   455     7376.5267     7882.6770  3452817    6.86%
  61424 54343     7460.4776   402     7376.5267     7882.5281  3463909    6.86%
  61507 54403     7769.3180   529     7376.5267     7882.2750  3473637    6.86%
  61851 54732     7496.2107   352     7376.5267     7882.0699  3486863    6.85%
  62003 54861     7602.7250   505     7376.5267     7881.9721  3498390    6.85%
  62202 55038     7599.8325   448     7376.5267     7881.2670  3509230    6.84%
  62461 55272     7506.8069   434     7376.5267     7881.0931  3521231    6.84%
  62576 55373     7452.4500   356     7376.5267     7880.9262  3531911    6.84%
Elapsed time = 2068.46 sec. (1218245.18 ticks, tree = 2273.75 MB, solutions = 1)
  62747 55506     7612.6459   442     7376.5267     7880.6731  3543245    6.83%
  62975 55716     7464.8048   434     7376.5267     7880.4853  3555180    6.83%
  63110 55807     7569.8721   432     7376.5267     7880.1457  3566364    6.83%
  63365 56032     7433.4277   416     7376.5267     7879.9610  3578705    6.82%
  63512 56142     7598.5119   435     7376.5267     7879.8927  3589698    6.82%
  63698 56309     7426.8580   450     7376.5267     7879.6570  3601173    6.82%
  63824 56409     7526.1850   462     7376.5267     7879.5552  3612534    6.82%
  64031 56591        cutoff           7376.5267     7879.4063  3624174    6.82%
  64174 56699     7594.0664   432     7376.5267     7879.1649  3636878    6.81%
  64422 56913     7566.2977   471     7376.5267     7878.8333  3649489    6.81%
Elapsed time = 2137.03 sec. (1257030.53 ticks, tree = 2354.29 MB, solutions = 1)
  64760 57226        cutoff           7376.5267     7878.4982  3661766    6.80%
  64896 57326     7784.9651   475     7376.5267     7878.2348  3674229    6.80%
  65154 57547     7412.9812   426     7376.5267     7878.0617  3685685    6.80%
  65350 57718     7479.7208   423     7376.5267     7877.8700  3697749    6.80%
  65574 57913     7568.6009   464     7376.5267     7877.8286  3708446    6.80%
  65881 58180     7417.4934   396     7376.5267     7877.4688  3719788    6.79%
  66094 58363     7585.0552   504     7376.5267     7877.1394  3731887    6.79%
  66292 58540        cutoff           7376.5267     7877.0498  3743799    6.79%
  66439 58673     7398.6240   350     7376.5267     7876.7767  3755238    6.78%
  66628 58835     7563.8630   433     7376.5267     7876.5670  3767078    6.78%
Elapsed time = 2204.75 sec. (1295385.56 ticks, tree = 2429.19 MB, solutions = 1)
  66850 59009     7681.0144   515     7376.5267     7876.3263  3779944    6.78%
  67099 59242     7613.8673   387     7376.5267     7876.1897  3792766    6.77%
  67346 59462     7413.3757   386     7376.5267     7875.8956  3804995    6.77%
  67511 59607     7422.6880   274     7376.5267     7875.8278  3815753    6.77%
  67764 59832     7579.1098   457     7376.5267     7875.5961  3828151    6.77%
  67978 60018     7453.7127   449     7376.5267     7875.4902  3840176    6.76%
  68171 60190     7780.4951   469     7376.5267     7875.2602  3852166    6.76%
  68477 60473     7638.8998   473     7376.5267     7875.0253  3864369    6.76%
  68641 60614        cutoff           7376.5267     7874.7891  3877711    6.75%
  68908 60871     7582.8801   405     7376.5267     7874.6849  3888637    6.75%
Elapsed time = 2271.96 sec. (1334197.09 ticks, tree = 2504.01 MB, solutions = 1)
  69083 61012     7707.7085   445     7376.5267     7874.6124  3900380    6.75%
  69318 61217     7457.3892   380     7376.5267     7874.3429  3913653    6.75%
  69438 61307     7698.9908   457     7376.5267     7874.0379  3925478    6.74%
  69673 61527     7466.2173   392     7376.5267     7873.9790  3937111    6.74%
  69910 61730     7657.2154   408     7376.5267     7873.8806  3948495    6.74%
  70162 61961     7758.3089   518     7376.5267     7873.5809  3960120    6.74%
  70387 62161     7569.3195   440     7376.5267     7873.4482  3971431    6.74%
  70638 62395     7620.2572   477     7376.5267     7873.3792  3982560    6.74%
  70944 62681     7524.2225   457     7376.5267     7873.2630  3994164    6.73%
  71198 62906     7437.5971   455     7376.5267     7873.1795  4006089    6.73%
Elapsed time = 2338.89 sec. (1372958.63 ticks, tree = 2583.35 MB, solutions = 1)
  71413 63092     7490.3916   471     7376.5267     7873.0091  4017697    6.73%
  71627 63284     7712.6660   497     7376.5267     7872.8655  4028956    6.73%
  71813 63444     7486.3543   452     7376.5267     7872.7352  4040432    6.73%
  71929 63531     7498.5109   487     7376.5267     7872.3881  4051436    6.72%
  72126 63701     7433.3690   452     7376.5267     7872.1736  4063854    6.72%
  72347 63900     7677.7895   513     7376.5267     7871.9990  4076553    6.72%
  72533 64070     7395.9789   455     7376.5267     7871.8180  4088525    6.71%
  72768 64273     7485.4223   475     7376.5267     7871.5099  4101270    6.71%
  73007 64494     7627.5446   498     7376.5267     7871.4362  4113084    6.71%
  73177 64637     7533.7820   455     7376.5267     7871.3945  4124888    6.71%
Elapsed time = 2405.11 sec. (1411914.86 ticks, tree = 2662.23 MB, solutions = 1)
  73399 64837        cutoff           7376.5267     7871.0134  4136093    6.70%
  73582 64987     7770.2871   460     7376.5267     7870.9414  4148504    6.70%
  73911 65287     7717.2482   442     7376.5267     7870.6134  4161243    6.70%
  74177 65531     7383.9914   375     7376.5267     7870.3373  4173744    6.69%
  74368 65693     7458.0396   431     7376.5267     7869.8548  4186569    6.69%
  74517 65815     7421.9947   298     7376.5267     7869.5910  4198642    6.68%
  74676 65948     7614.4966   366     7376.5267     7869.1300  4210886    6.68%
  74978 66203     7495.6246   239     7376.5267     7868.8833  4223438    6.67%
  75299 66502     7792.0275   544     7376.5267     7868.6303  4235930    6.67%
  75489 66669     7762.7397   441     7376.5267     7868.3293  4247694    6.67%
Elapsed time = 2472.41 sec. (1450545.35 ticks, tree = 2714.08 MB, solutions = 1)
  75706 66843     7645.6539   467     7376.5267     7868.0209  4260482    6.66%
  75921 67038     7742.4020   456     7376.5267     7867.7348  4272637    6.66%
  76216 67319     7760.6235   547     7376.5267     7867.5307  4285281    6.66%
  76434 67512     7790.6224   511     7376.5267     7866.9922  4298021    6.65%
  76677 67733     7465.1229   429     7376.5267     7866.7376  4310340    6.65%
  76829 67833     7476.5428   467     7376.5267     7866.5448  4323370    6.64%
  77084 68060     7441.0489   513     7376.5267     7866.2647  4335845    6.64%
  77218 68162     7465.3013   508     7376.5267     7866.0184  4348261    6.64%
  77455 68367     7489.5878   405     7376.5267     7865.8101  4360654    6.63%
  77677 68573     7672.3917   535     7376.5267     7865.5269  4372910    6.63%
Elapsed time = 2539.55 sec. (1489577.84 ticks, tree = 2746.46 MB, solutions = 1)
  77890 68765     7484.5515   380     7376.5267     7865.1683  4384867    6.62%
  78024 68881     7459.8112   404     7376.5267     7865.0178  4396196    6.62%
  78323 69158     7613.5360   507     7376.5267     7864.7920  4408656    6.62%
  78497 69306     7420.8070   467     7376.5267     7864.2778  4420111    6.61%
  78793 69564     7605.7011   502     7376.5267     7863.8332  4433017    6.61%
  78976 69720     7590.5323   474     7376.5267     7863.5885  4444559    6.60%
  79194 69898     7385.5445   397     7376.5267     7863.4304  4456748    6.60%
  79391 70072     7642.5960   478     7376.5267     7863.1959  4468126    6.60%
  79527 70186     7548.5431   389     7376.5267     7862.8030  4479424    6.59%
  79764 70395     7735.9907   503     7376.5267     7862.6124  4491487    6.59%
Elapsed time = 2605.49 sec. (1528416.41 ticks, tree = 2790.38 MB, solutions = 1)
  80012 70618     7788.1118   469     7376.5267     7862.4722  4503297    6.59%
  80407 70982     7385.0366   115     7376.5267     7862.4196  4515610    6.59%
  80621 71183     7472.3780   388     7376.5267     7862.3580  4527000    6.59%
  80800 71329     7773.9782   467     7376.5267     7862.0606  4539061    6.58%
  81096 71611     7705.2559   380     7376.5267     7861.9070  4551525    6.58%
  81442 71929     7753.0129   414     7376.5267     7861.6952  4564634    6.58%
  81707 72177     7732.1107   452     7376.5267     7861.4750  4574422    6.57%
  81998 72440        cutoff           7376.5267     7861.3859  4586637    6.57%
  82307 72716     7485.3406   412     7376.5267     7861.3319  4599429    6.57%
  82595 72978        cutoff           7376.5267     7861.2226  4612049    6.57%
Elapsed time = 2671.84 sec. (1567230.16 ticks, tree = 2899.48 MB, solutions = 1)
  82768 73129     7575.2224   493     7376.5267     7861.0775  4623575    6.57%
  82948 73289     7628.0184   411     7376.5267     7860.7723  4635188    6.56%
  83174 73492     7518.9341   424     7376.5267     7860.5752  4647174    6.56%
  83355 73645     7452.3598   387     7376.5267     7860.3965  4658941    6.56%
  83507 73772     7773.2407   430     7376.5267     7860.1568  4671558    6.56%
  83898 74136     7423.0263   164     7376.5267     7860.0537  4684757    6.55%
  84243 74423     7429.6171   454     7376.5267     7859.9647  4697324    6.55%
  84390 74529        cutoff           7376.5267     7859.5807  4709279    6.55%
  84596 74722     7475.0422   348     7376.5267     7859.4001  4721436    6.55%
  84826 74925     7527.2061   368     7376.5267     7859.2353  4733822    6.54%
Elapsed time = 2738.60 sec. (1605633.43 ticks, tree = 2982.30 MB, solutions = 1)
  85047 75107     7390.0297   411     7376.5267     7858.8453  4746576    6.54%
  85313 75345        cutoff           7376.5267     7858.7798  4758591    6.54%
  85507 75520     7467.8872   390     7376.5267     7858.5506  4770961    6.53%
  85823 75813        cutoff           7376.5267     7858.4725  4784147    6.53%
  85941 75919     7591.1569   459     7376.5267     7858.2983  4795224    6.53%
  86170 76118        cutoff           7376.5267     7857.9818  4807878    6.53%
  86397 76329     7577.9917   493     7376.5267     7857.8358  4820506    6.52%
  86555 76458     7494.1792   431     7376.5267     7857.6669  4831874    6.52%
  86762 76642     7637.6675   497     7376.5267     7857.5121  4843109    6.52%
  86991 76847     7468.3380   451     7376.5267     7857.2709  4856224    6.52%
Elapsed time = 2805.24 sec. (1644392.75 ticks, tree = 3062.20 MB, solutions = 1)
  87187 77004        cutoff           7376.5267     7856.8756  4868757    6.51%
  87367 77167     7495.6892   435     7376.5267     7856.6938  4880811    6.51%
  87576 77339     7579.8728   459     7376.5267     7856.6300  4893091    6.51%
  87791 77536     7682.3340   416     7376.5267     7856.4241  4904852    6.51%
  88070 77790     7669.5139   517     7376.5267     7856.3133  4917826    6.50%
  88243 77950     7432.3808   484     7376.5267     7856.2531  4928690    6.50%
  88413 78083     7484.8275   445     7376.5267     7855.9896  4940043    6.50%
  88664 78308     7761.0474   472     7376.5267     7855.9422  4951288    6.50%
  89028 78645     7659.1667   464     7376.5267     7855.8039  4962629    6.50%
  89330 78929     7434.1752   491     7376.5267     7855.5725  4974961    6.49%
Elapsed time = 2872.96 sec. (1682941.35 ticks, tree = 3144.90 MB, solutions = 1)
  89517 79097     7486.7069   420     7376.5267     7855.2748  4986919    6.49%
  89719 79269     7551.6711   475     7376.5267     7855.0809  4999064    6.49%
  90009 79532        cutoff           7376.5267     7854.7960  5011710    6.48%
  90191 79691     7522.2011   461     7376.5267     7854.6966  5022531    6.48%
  90356 79828     7514.3951   452     7376.5267     7854.4162  5034711    6.48%
  90561 80011     7552.8311   483     7376.5267     7854.1910  5045469    6.48%
  90781 80185     7775.3821   519     7376.5267     7854.1413  5057990    6.47%
  91160 80544     7732.3949   464     7376.5267     7854.0237  5069572    6.47%
  91376 80731     7720.7901   500     7376.5267     7853.9390  5081609    6.47%
  91607 80946     7518.9141   475     7376.5267     7853.8202  5092333    6.47%
Elapsed time = 2941.39 sec. (1721934.87 ticks, tree = 3220.42 MB, solutions = 1)
  91724 81024     7489.1456   459     7376.5267     7853.6720  5103291    6.47%
  91905 81189     7729.2621   553     7376.5267     7853.5732  5114954    6.47%
  92206 81449     7832.1381   533     7376.5267     7853.4452  5126941    6.47%
  92518 81738     7730.5206   454     7376.5267     7853.3545  5139869    6.46%
  92795 81990        cutoff           7376.5267     7853.3089  5151783    6.46%
  93079 82255     7536.2312   507     7376.5267     7853.1662  5163205    6.46%
  93249 82400        cutoff           7376.5267     7852.9573  5175572    6.46%
  93386 82513     7488.3357   449     7376.5267     7852.8634  5187181    6.46%
  93604 82711     7476.8927   440     7376.5267     7852.7182  5197431    6.46%
  93891 82945        cutoff           7376.5267     7852.4735  5209691    6.45%
Elapsed time = 3009.04 sec. (1760444.40 ticks, tree = 3308.22 MB, solutions = 1)
  94207 83243     7525.8797   468     7376.5267     7852.3786  5222089    6.45%
  94490 83498     7504.7154   230     7376.5267     7852.3261  5234338    6.45%
  94770 83746     7525.4652   310     7376.5267     7852.0479  5245816    6.45%
  95048 83978     7502.7645   438     7376.5267     7851.8896  5259449    6.44%
  95276 84186     7377.4845   467     7376.5267     7851.7477  5272675    6.44%
  95484 84351     7442.9582   456     7376.5267     7851.6906  5284427    6.44%
  95649 84493     7513.6713   466     7376.5267     7851.5674  5296309    6.44%
  95871 84695     7557.6359   399     7376.5267     7851.4559  5308011    6.44%
  96069 84871     7559.8258   392     7376.5267     7851.3954  5320079    6.44%
  96318 85098     7597.9452   437     7376.5267     7851.2759  5332713    6.44%
Elapsed time = 3076.96 sec. (1799356.38 ticks, tree = 3399.58 MB, solutions = 1)
  96635 85377     7772.9923   549     7376.5267     7851.0209  5345828    6.43%
  96869 85602     7601.1002   365     7376.5267     7850.8713  5358647    6.43%
  97204 85907     7738.9424   474     7376.5267     7850.5924  5371064    6.43%
  97564 86244     7519.9763   274     7376.5267     7850.5372  5384132    6.43%
  97776 86414     7619.6103   493     7376.5267     7850.3315  5396223    6.42%
  97951 86558     7566.5046   452     7376.5267     7850.2510  5408758    6.42%
  98241 86831     7636.7789   411     7376.5267     7850.1196  5420501    6.42%
  98402 86966        cutoff           7376.5267     7849.9701  5431881    6.42%
  98509 87044     7610.1235   449     7376.5267     7849.7071  5443083    6.41%
  98663 87172        cutoff           7376.5267     7849.5258  5455072    6.41%
Elapsed time = 3143.42 sec. (1837769.99 ticks, tree = 3499.88 MB, solutions = 1)
  98828 87314     7740.2716   505     7376.5267     7849.3559  5466816    6.41%
  99094 87565     7400.7688   362     7376.5267     7849.2375  5478624    6.41%
  99307 87738     7718.2797   547     7376.5267     7849.1303  5491043    6.41%
  99501 87920     7542.3440   405     7376.5267     7849.1167  5502543    6.41%
  99674 88051     7589.1872   426     7376.5267     7849.0639  5513955    6.41%
 100000 88357     7527.6474   393     7376.5267     7848.8245  5526240    6.40%
 100216 88550     7584.9546   442     7376.5267     7848.7057  5537779    6.40%
 100429 88727     7660.0093   548     7376.5267     7848.4655  5549860    6.40%
 100565 88836     7716.3525   498     7376.5267     7848.2683  5560795    6.40%
 100847 89092     7659.8529   449     7376.5267     7848.1371  5573142    6.39%
Elapsed time = 3210.26 sec. (1876236.58 ticks, tree = 3571.90 MB, solutions = 1)
 101064 89279     7452.4639   401     7376.5267     7848.0553  5585013    6.39%
 101218 89412     7471.4062   464     7376.5267     7847.8504  5596487    6.39%
 101563 89714        cutoff           7376.5267     7847.5889  5609921    6.39%
 101873 89995     7616.1742   503     7376.5267     7847.4339  5621287    6.38%
 102072 90168     7576.9766   436     7376.5267     7847.2005  5633337    6.38%
 102173 90260     7723.7381   560     7376.5267     7847.1784  5636741    6.38%
 102207 90294     7485.8424   444     7376.5267     7847.1784  5639215    6.38%
 102399 90464     7675.5557   371     7376.5267     7847.1293  5650607    6.38%
 102597 90649     7446.2213   335     7376.5267     7847.0684  5655916    6.38%
 102707 90743     7580.0975   471     7376.5267     7847.0158  5661583    6.38%
Elapsed time = 3284.16 sec. (1918333.24 ticks, tree = 3633.95 MB, solutions = 1)
 102807 90829     7550.9043   440     7376.5267     7846.9774  5668075    6.38%
 102987 90985     7466.4177   331     7376.5267     7846.7856  5680670    6.38%
 103039 91022     7468.3838   389     7376.5267     7846.7028  5683926    6.37%
 103107 91084     7465.4083   387     7376.5267     7846.6272  5687390    6.37%
 103207 91177     7553.5176   310     7376.5267     7846.6000  5690937    6.37%
 103307 91272     7488.1332   441     7376.5267     7846.5827  5694421    6.37%
 103407 91360     7468.1308   432     7376.5267     7846.4951  5702309    6.37%
 103507 91448     7668.4349   359     7376.5267     7846.4492  5707763    6.37%
 103662 91595     7634.3119   460     7376.5267     7846.4026  5712055    6.37%
 103707 91640     7430.3708   343     7376.5267     7846.4026  5714434    6.37%
Elapsed time = 3444.11 sec. (2010877.39 ticks, tree = 3656.69 MB, solutions = 1)
 103807 91720     7413.7985   386     7376.5267     7846.1573  5722040    6.37%
 103907 91806     7604.7187   339     7376.5267     7846.0440  5725378    6.37%
 104007 91897     7625.2101   492     7376.5267     7845.9610  5727944    6.36%
 104107 91990     7527.8489   467     7376.5267     7845.9607  5732011    6.36%
 104207 92075     7569.8653   408     7376.5267     7845.8704  5737210    6.36%
 104485 92333     7624.5906   492     7376.5267     7845.8051  5749114    6.36%
 104788 92598     7802.4743   545     7376.5267     7845.6379  5762211    6.36%
 105140 92937     7461.2709   292     7376.5267     7845.5264  5774472    6.36%
 105614 93388        cutoff           7376.5267     7845.2050  5787972    6.35%
 106001 93759     7514.3799   457     7376.5267     7845.0008  5800971    6.35%
Elapsed time = 3578.53 sec. (2089835.31 ticks, tree = 3744.96 MB, solutions = 1)
 106163 93890     7669.0071   528     7376.5267     7844.7578  5813987    6.35%
 106320 94014     7492.5403   414     7376.5267     7844.7069  5825927    6.35%
 106550 94215     7516.9912   434     7376.5267     7844.2737  5837846    6.34%

GUB cover cuts applied:  1
Clique cuts applied:  7
Implied bound cuts applied:  45
Flow cuts applied:  156
Mixed integer rounding cuts applied:  1170
Lift and project cuts applied:  150
Gomory fractional cuts applied:  45

Root node processing (before b&c):
  Real time             =    8.97 sec. (4969.74 ticks)
Sequential b&c:
  Real time             = 3591.03 sec. (2096842.71 ticks)
                          ------------
Total (root+branch&cut) = 3600.00 sec. (2101812.45 ticks)
