1 of 1 MIP starts provided solutions.
MIP start 'm1' defined initial solution with objective 7154.5659.
Tried aggregator 2 times.
MIP Presolve eliminated 61 rows and 59 columns.
MIP Presolve modified 2214 coefficients.
Aggregator did 4 substitutions.
Reduced MIP has 3435 rows, 1935 columns, and 18941 nonzeros.
Reduced MIP has 1587 binaries, 0 generals, 0 SOSs, and 0 indicators.
Presolve time = 0.02 sec. (11.88 ticks)
Probing time = 0.01 sec. (3.68 ticks)
Tried aggregator 1 time.
Reduced MIP has 3435 rows, 1935 columns, and 18941 nonzeros.
Reduced MIP has 1587 binaries, 0 generals, 0 SOSs, and 0 indicators.
Presolve time = 0.01 sec. (6.87 ticks)
Probing time = 0.01 sec. (3.68 ticks)
Clique table members: 718.
MIP emphasis: balance optimality and feasibility.
MIP search method: dynamic search.
Parallel mode: none, using 1 thread.
Root relaxation solution time = 0.01 sec. (9.16 ticks)

        Nodes                                         Cuts/
   Node  Left     Objective  IInf  Best Integer    Best Bound    ItCnt     Gap

*     0+    0                         7154.5659    30243.4336      535  322.72%
      0     0     9316.7091   404     7154.5659     9316.7091      535   30.22%
      0     0     8854.1477   400     7154.5659     Cuts: 817      899   23.76%
      0     0     8629.9783   425     7154.5659     Cuts: 752     1220   20.62%
      0     0     8555.9447   453     7154.5659     Cuts: 595     1487   19.59%
      0     0     8497.6637   495     7154.5659     Cuts: 613     1786   18.77%
      0     0     8456.6125   525     7154.5659     Cuts: 492     2084   18.20%
      0     0     8441.7940   521     7154.5659     Cuts: 470     2298   17.99%
      0     0     8419.0262   507     7154.5659     Cuts: 359     2464   17.67%
      0     0     8397.4344   524     7154.5659     Cuts: 392     2619   17.37%
      0     0     8368.3087   531     7154.5659     Cuts: 265     2757   16.96%
      0     0     8341.1274   516     7154.5659     Cuts: 297     2917   16.58%
      0     0     8329.0609   573     7154.5659     Cuts: 291     3091   16.42%
      0     0     8320.0065   565     7154.5659     Cuts: 242     3216   16.29%
      0     0     8308.5321   528     7154.5659     Cuts: 255     3311   16.13%
      0     0     8290.4329   548     7154.5659     Cuts: 295     3439   15.88%
      0     0     8274.8016   551     7154.5659     Cuts: 254     3555   15.66%
      0     0     8270.1218   561     7154.5659     Cuts: 337     3648   15.59%
      0     0     8267.6738   565     7154.5659     Cuts: 182     3718   15.56%
      0     0     8265.6389   562     7154.5659     Cuts: 216     3780   15.53%
      0     0     8262.7430   571     7154.5659     Cuts: 142     3861   15.49%
      0     0     8259.9876   560     7154.5659     Cuts: 172     3956   15.45%
      0     0     8257.9381   570     7154.5659     Cuts: 235     4045   15.42%
      0     0     8256.4012   576     7154.5659     Cuts: 225     4104   15.40%
      0     0     8255.6017   578     7154.5659     Cuts: 119     4143   15.39%
      0     2     8255.6017   577     7154.5659     8255.5754     4143   15.39%
Elapsed time = 4.04 sec. (1933.72 ticks, tree = 0.00 MB, solutions = 1)
     20    22     8149.8957   415     7154.5659     8253.2721     5179   15.36%
     66    68     7179.3750   263     7154.5659     8253.2721     7337   15.36%
    138   136     7797.1358   280     7154.5659     8253.2721     8935   15.36%
    230   218     7484.6578   223     7154.5659     8253.2721    10658   15.36%
    355   306     7297.2014   184     7154.5659     8253.2721    12705   15.36%
    440   333     7707.0121   358     7154.5659     8252.4112    14491   15.34%
    458   351     7982.5588   428     7154.5659     8252.4112    16693   15.34%
    494   385     8007.3143   596     7154.5659     8007.2550    22651   11.92%
    495   385     8001.1915   599     7154.5659     8001.1827    22747   11.83%
    498   387     7991.0855   567     7154.5659     7994.9706    23023   11.75%
Elapsed time = 29.91 sec. (14182.44 ticks, tree = 0.61 MB, solutions = 1)
    503   342     7986.9192   566     7154.5659     7994.7332    24444   11.74%
    512   346     7939.6732   461     7154.5659     7994.7332    25252   11.74%
    566   332     7819.4418   487     7154.5659     7994.0580    27689   11.73%
    697   363     7555.2467   384     7154.5659     7991.5812    31749   11.70%
    962   469     7976.9660   559     7154.5659     7986.0748    35097   11.62%
   1214   632     7240.6186   187     7154.5659     7986.0748    39259   11.62%
   1419   818     7637.1586   384     7154.5659     7985.1127    43376   11.61%
   1565   952     7763.4118   417     7154.5659     7976.9181    46850   11.49%
   1785  1158     7252.3927   352     7154.5659     7970.3824    50792   11.40%
   2014  1363     7735.3109   425     7154.5659     7966.1694    54759   11.34%
Elapsed time = 45.92 sec. (24267.86 ticks, tree = 1.90 MB, solutions = 1)
   2283  1623     7691.6708   445     7154.5659     7964.7036    58511   11.32%
   2536  1862     7491.8929   377     7154.5659     7964.3538    62433   11.32%
   2670  1978     7894.2042   517     7154.5659     7963.9044    66860   11.31%
   2978  2282     7932.7751   568     7154.5659     7962.5271    70747   11.29%
   3193  2489     7913.5237   549     7154.5659     7962.4943    74693   11.29%
   3370  2666     7381.8789   309     7154.5659     7962.4943    78553   11.29%
   3615  2887     7514.0621   433     7154.5659     7940.5960    84020   10.99%
   3912  3164     7170.5390   278     7154.5659     7939.2056    89935   10.97%
   4143  3382     7900.7438   516     7154.5659     7939.0388    95001   10.96%
   4455  3678     7295.8231   416     7154.5659     7937.7434   100697   10.95%
Elapsed time = 62.06 sec. (34040.52 ticks, tree = 4.99 MB, solutions = 1)
   4817  4023     7827.0916   526     7154.5659     7936.1563   105514   10.92%
   5087  4288     7160.2781   367     7154.5659     7936.0890   110447   10.92%
   5204  4384     7383.3083   393     7154.5659     7934.8525   115026   10.91%
   5401  4566     7812.3902   450     7154.5659     7933.7310   119270   10.89%
   5688  4835     7911.7875   564     7154.5659     7932.2294   123968   10.87%
   5829  4976     7463.2519   387     7154.5659     7932.2294   127132   10.87%
   5986  5112     7842.0543   516     7154.5659     7931.6968   131181   10.86%
   6243  5363     7895.0603   547     7154.5659     7931.3342   134893   10.86%
   6515  5631     7312.1420   408     7154.5659     7930.9681   139823   10.85%
   6602  5706     7225.3520   373     7154.5659     7927.8678   144253   10.81%
Elapsed time = 77.81 sec. (43895.08 ticks, tree = 7.77 MB, solutions = 1)
   6802  5896     7636.6041   419     7154.5659     7927.7471   148788   10.81%
   7079  6151     7824.2485   554     7154.5659     7927.1128   153733   10.80%
   7376  6431     7497.4200   430     7154.5659     7925.7140   158852   10.78%
   7602  6653     7630.4989   407     7154.5659     7924.9220   163582   10.77%
   7953  6999     7192.4184   280     7154.5659     7924.5014   168798   10.76%
   8239  7270     7719.0525   478     7154.5659     7920.9124   174002   10.71%
   8479  7495     7877.5832   519     7154.5659     7920.1665   179529   10.70%
   8782  7785     7547.1154   484     7154.5659     7919.6552   184058   10.69%
   8961  7960     7797.5616   575     7154.5659     7919.3939   188251   10.69%
   9159  8158     7336.9756   299     7154.5659     7919.3939   192096   10.69%
Elapsed time = 93.59 sec. (53827.13 ticks, tree = 11.04 MB, solutions = 1)
   9316  8310     7656.7127   491     7154.5659     7918.8402   195652   10.68%
   9522  8507     7579.2302   434     7154.5659     7918.5364   200576   10.68%
   9708  8678     7189.2280   314     7154.5659     7918.2847   204915   10.67%
   9910  8866     7895.0597   572     7154.5659     7915.5978   209164   10.64%
   9963  8918     7507.0635   415     7154.5659     7915.5978   213996   10.64%
  10043  8995     7591.9719   486     7154.5659     7915.2562   218110   10.63%
  10212  9155     7880.3589   558     7154.5659     7914.6174   221883   10.62%
  10374  9317     7355.6876   344     7154.5659     7914.6174   225546   10.62%
  10429  9370     7380.9637   328     7154.5659     7913.2677   230732   10.60%
  10624  9542     7595.1413   430     7154.5659     7913.1579   235546   10.60%
Elapsed time = 120.88 sec. (70870.33 ticks, tree = 13.11 MB, solutions = 1)
  10901  9815     7498.7612   349     7154.5659     7912.9167   240590   10.60%
  11107 10010     7587.5971   479     7154.5659     7912.6675   245395   10.60%
  11336 10226     7423.6455   444     7154.5659     7911.6644   250508   10.58%
  11577 10456     7187.3706   333     7154.5659     7909.8913   256442   10.56%
  11672 10543     7675.2284   441     7154.5659     7906.7893   261539   10.51%
  11955 10811     7486.2684   411     7154.5659     7906.2555   266765   10.51%
  12155 11003     7573.4043   405     7154.5659     7905.8179   272093   10.50%
  12399 11242     7388.3090   248     7154.5659     7905.6994   276853   10.50%
  12520 11357     7320.2235   441     7154.5659     7905.6567   280770   10.50%
  12635 11458     7552.2849   418     7154.5659     7905.5781   285369   10.50%
Elapsed time = 136.73 sec. (80503.68 ticks, tree = 15.68 MB, solutions = 1)
  12871 11690     7593.9846   482     7154.5659     7905.2364   289809   10.49%
  13080 11892     7684.5125   490     7154.5659     7903.9100   294266   10.47%
  13244 12049     7751.4336   504     7154.5659     7903.6874   298534   10.47%
  13476 12277     7625.0010   475     7154.5659     7903.2292   303284   10.46%
  13648 12420     7402.7839   408     7154.5659     7902.6946   308121   10.46%
  13814 12564     7753.9286   548     7154.5659     7900.5948   312831   10.43%
  14019 12765     7163.9241   259     7154.5659     7900.5948   317026   10.43%
  14108 12843     7508.6414   422     7154.5659     7900.3630   321657   10.42%
  14247 12971     7327.1373   380     7154.5659     7899.0091   326906   10.41%
  14395 13106     7751.5095   565     7154.5659     7897.4468   332003   10.38%
Elapsed time = 152.47 sec. (90199.75 ticks, tree = 17.90 MB, solutions = 1)
  14651 13351     7272.7565   439     7154.5659     7897.3868   336948   10.38%
  14855 13539     7581.9422   472     7154.5659     7897.0516   342376   10.38%
  15092 13770     7667.7988   477     7154.5659     7896.7985   347795   10.37%
  15321 13972     7244.8891   396     7154.5659     7895.1539   353896   10.35%
  15547 14192     7191.3627   318     7154.5659     7894.8956   359070   10.35%
  15769 14407     7318.8517   300     7154.5659     7894.4209   364525   10.34%
  15925 14545     7766.5683   506     7154.5659     7893.3344   369961   10.33%
  16133 14749     7477.5397   440     7154.5659     7893.3153   376194   10.33%
  16284 14886     7255.0717   386     7154.5659     7892.9426   381796   10.32%
  16498 15092     7557.3057   469     7154.5659     7892.8710   387069   10.32%
Elapsed time = 168.60 sec. (99961.38 ticks, tree = 20.57 MB, solutions = 1)
  16702 15288     7811.0075   540     7154.5659     7892.2846   392873   10.31%
  16908 15484     7481.5797   457     7154.5659     7892.1004   399062   10.31%
  17058 15624     7557.9443   503     7154.5659     7891.7608   404802   10.30%
  17212 15770     7427.6318   448     7154.5659     7891.6273   409639   10.30%
  17338 15891     7542.5714   423     7154.5659     7891.4363   413728   10.30%
  17631 16171     7285.4986   376     7154.5659     7890.5367   419089   10.29%
  17762 16288     7535.6117   427     7154.5659     7889.6831   423813   10.27%
  17943 16458     7202.3519   393     7154.5659     7889.5665   429045   10.27%
  18041 16538     7486.9514   422     7154.5659     7889.3793   433459   10.27%
  18715 17184     7467.4797   458     7154.5659     7887.1129   452205   10.24%
Elapsed time = 189.40 sec. (112539.73 ticks, tree = 23.86 MB, solutions = 1)
  19234 17683     7512.8580   427     7154.5659     7886.9444   470357   10.24%
  19998 18393     7768.3119   527     7154.5659     7884.9193   490475   10.21%
  20768 19132     7556.0022   472     7154.5659     7884.1966   511509   10.20%
  21594 19917     7467.8560   481     7154.5659     7883.9260   533152   10.19%
  22241 20516     7666.8486   496     7154.5659     7882.7959   553345   10.18%
  22970 21202     7503.8359   423     7154.5659     7881.2594   572534   10.16%
  23647 21832     7542.5282   497     7154.5659     7880.3539   591758   10.14%
  24250 22404     7203.6097   368     7154.5659     7878.9533   610450   10.12%
  24729 22825     7639.0417   508     7154.5659     7877.5631   629900   10.11%
  25278 23307     7384.1690   406     7154.5659     7874.9716   651231   10.07%
Elapsed time = 253.59 sec. (150916.89 ticks, tree = 32.12 MB, solutions = 1)
  26015 23975     7705.3483   459     7154.5659     7874.0788   673811   10.06%
  26788 24711     7694.9267   481     7154.5659     7872.2641   695352   10.03%
  27494 25381     7325.2474   248     7154.5659     7869.8463   717097   10.00%
  28173 26010     7727.7420   557     7154.5659     7868.7947   739290    9.98%
  28692 26504     7196.3995   301     7154.5659     7868.4433   760562    9.98%
  29190 26975     7151.4102   373     7154.5659     7868.0730   779025    9.97%
  29891 27639     7180.9684   244     7154.5659     7867.1376   799578    9.96%
  30475 28171     7738.1338   483     7154.5659     7866.2498   818895    9.95%
  31077 28704     7274.3167   351     7154.5659     7865.3690   838903    9.93%
  31814 29404     7643.7865   505     7154.5659     7864.5243   859333    9.92%
Elapsed time = 317.95 sec. (189453.44 ticks, tree = 40.41 MB, solutions = 1)
  32676 30238     7502.3605   456     7154.5659     7863.4971   880837    9.91%
  33486 31022     7654.7912   550     7154.5659     7862.1344   903462    9.89%
  34112 31604     7448.0978   457     7154.5659     7860.6404   925950    9.87%
  34806 32249     7548.4294   436     7154.5659     7859.4476   948338    9.85%
  35294 32692     7618.2600   457     7154.5659     7858.1423   969059    9.83%
  36037 33408     7381.8564   389     7154.5659     7857.7069   988892    9.83%
  36634 33968     7450.4920   453     7154.5659     7856.6437  1009193    9.81%
  37284 34590     7480.9387   449     7154.5659     7855.5932  1027581    9.80%
  37998 35246     7303.2219   472     7154.5659     7854.7166  1047766    9.79%
  38759 35959     7746.9846   524     7154.5659     7853.2711  1067686    9.77%
Elapsed time = 382.22 sec. (227943.89 ticks, tree = 50.46 MB, solutions = 1)
  39488 36664     7165.0336   330     7154.5659     7852.3618  1087328    9.75%
  40283 37407     7704.0012   484     7154.5659     7851.6064  1108774    9.74%
  41174 38258     7495.4049   402     7154.5659     7851.0020  1130878    9.73%
  41954 38981     7352.2474   384     7154.5659     7849.9798  1151737    9.72%
  42568 39542     7554.4521   451     7154.5659     7849.3813  1173781    9.71%
  43248 40178     7497.0563   419     7154.5659     7848.5966  1194256    9.70%
  43931 40821     7700.4682   509     7154.5659     7847.7602  1215084    9.69%
  44550 41422     7833.1981   552     7154.5659     7847.5907  1233963    9.69%
  45120 41962     7498.7347   449     7154.5659     7847.3363  1253557    9.68%
  45765 42567     7170.1131   405     7154.5659     7846.5754  1274020    9.67%
Elapsed time = 445.50 sec. (266332.73 ticks, tree = 59.61 MB, solutions = 1)
  46354 43121     7295.6365   352     7154.5659     7845.8065  1293127    9.66%
  47034 43761     7749.2000   532     7154.5659     7845.0727  1312410    9.65%
  47757 44439     7646.6658   509     7154.5659     7844.6016  1334857    9.64%
  48301 44927     7172.7566   431     7154.5659     7843.6183  1356269    9.63%
  48974 45565     7570.4306   464     7154.5659     7843.0944  1377433    9.62%
  49625 46169     7154.9249   356     7154.5659     7842.9646  1398931    9.62%
  50450 46957     7806.0881   531     7154.5659     7842.4840  1420810    9.62%
  51170 47622     7523.4343   426     7154.5659     7841.4964  1442494    9.60%
  51987 48388     7504.9371   461     7154.5659     7840.9192  1463352    9.59%
  52670 49016     7669.8687   529     7154.5659     7840.1478  1483720    9.58%
Elapsed time = 510.06 sec. (304800.54 ticks, tree = 68.74 MB, solutions = 1)
  53394 49711     7434.0900   421     7154.5659     7839.8925  1504267    9.58%
  54007 50295     7641.4918   532     7154.5659     7839.0611  1523797    9.57%
  54508 50739     7767.9655   578     7154.5659     7838.2318  1543412    9.56%
  55080 51285     7577.1668   551     7154.5659     7837.6941  1563264    9.55%
  55703 51873     7510.3239   492     7154.5659     7836.9266  1582341    9.54%
  56318 52451     7473.9093   469     7154.5659     7836.5699  1603287    9.53%
  57114 53186     7793.8469   548     7154.5659     7836.2526  1623892    9.53%
  57678 53700     7604.5834   463     7154.5659     7835.8550  1646436    9.52%
  58281 54280     7220.5043   382     7154.5659     7835.5730  1668160    9.52%
  58994 54958     7301.3310   332     7154.5659     7835.2954  1689480    9.51%
Elapsed time = 573.27 sec. (343081.92 ticks, tree = 76.97 MB, solutions = 1)
  59671 55578     7166.8740   310     7154.5659     7834.5858  1712229    9.50%
  60300 56171     7707.2613   542     7154.5659     7833.7392  1733009    9.49%
  60852 56683     7234.5634   280     7154.5659     7833.2551  1755353    9.49%
  61404 57194     7463.2085   401     7154.5659     7832.0482  1775271    9.47%
  62033 57756     7518.5752   432     7154.5659     7831.5339  1796107    9.46%
  62731 58416     7177.4975   421     7154.5659     7831.2504  1816179    9.46%
  63362 59007     7351.0317   485     7154.5659     7830.8535  1836696    9.45%
  63990 59586     7805.4010   572     7154.5659     7830.1080  1856633    9.44%
  64634 60189     7336.7151   397     7154.5659     7829.9853  1876528    9.44%
  65305 60811     7614.4990   516     7154.5659     7829.6445  1896926    9.44%
Elapsed time = 640.03 sec. (381291.47 ticks, tree = 85.20 MB, solutions = 1)
  65816 61265     7759.5537   521     7154.5659     7829.2219  1919439    9.43%
  66486 61902     7227.5077   199     7154.5659     7828.7139  1941346    9.42%
  67094 62440     7181.1073   386     7154.5659     7828.2805  1962497    9.42%
  67843 63158     7332.6739   471     7154.5659     7827.7764  1983737    9.41%
  68574 63846     7224.8052   384     7154.5659     7827.3300  2006297    9.40%
  69208 64423     7420.3444   341     7154.5659     7826.4958  2028170    9.39%
  70036 65178     7217.7161   399     7154.5659     7826.0770  2049105    9.39%
  70641 65739     7363.5573   447     7154.5659     7825.7395  2069726    9.38%
  71268 66327     7755.7222   526     7154.5659     7825.4857  2090361    9.38%
  71987 67000     7507.6735   400     7154.5659     7824.8593  2110236    9.37%
Elapsed time = 705.59 sec. (419637.03 ticks, tree = 95.62 MB, solutions = 1)
  72718 67696     7162.3997   456     7154.5659     7824.5075  2127599    9.36%
  73519 68442     7467.0503   453     7154.5659     7823.9834  2147901    9.36%
  74120 69015     7587.2771   440     7154.5659     7823.7038  2167324    9.35%
  74936 69796     7395.7955   278     7154.5659     7823.4340  2188142    9.35%
  75624 70433     7399.3384   400     7154.5659     7823.0585  2208671    9.34%
  76431 71199     7253.1841   266     7154.5659     7822.5655  2230837    9.34%
  77304 72030     7175.3309   367     7154.5659     7822.3193  2251626    9.33%
  77993 72677     7523.2897   434     7154.5659     7822.2070  2274329    9.33%
  78606 73248     7669.4816   534     7154.5659     7821.9405  2296408    9.33%
  79172 73782     7642.7347   513     7154.5659     7821.2903  2318224    9.32%
Elapsed time = 769.70 sec. (457938.89 ticks, tree = 112.84 MB, solutions = 1)
  79894 74473     7316.2701   474     7154.5659     7821.0945  2339533    9.32%
  80645 75181     7386.1826   514     7154.5659     7820.5200  2361382    9.31%
  81516 76015     7206.1202   407     7154.5659     7820.1516  2380484    9.30%
  82152 76582     7211.7259   410     7154.5659     7819.3306  2401819    9.29%
  82590 76996     7595.8996   525     7154.5659     7819.0898  2421381    9.29%
  83160 77536     7210.0655   340     7154.5659     7818.8656  2441705    9.28%
  83638 77994     7290.5655   400     7154.5659     7818.7132  2461592    9.28%
  84094 78409     7335.0200   431     7154.5659     7818.3635  2483081    9.28%
  84683 78941     7157.8028   437     7154.5659     7818.0961  2504687    9.27%
  85539 79760     7608.7038   490     7154.5659     7817.8265  2524365    9.27%
Elapsed time = 834.41 sec. (496369.08 ticks, tree = 121.05 MB, solutions = 1)
  86423 80597     7399.5069   420     7154.5659     7817.4245  2545023    9.26%
  86954 81097     7237.2692   403     7154.5659     7816.8610  2565743    9.26%
  87770 81869     7376.9608   471     7154.5659     7816.6700  2587527    9.25%
  88474 82518     7741.9354   526     7154.5659     7816.1899  2608689    9.25%
  89313 83321     7339.5947   440     7154.5659     7815.7408  2629800    9.24%
  90009 83988     7381.6904   372     7154.5659     7815.2407  2652508    9.23%
  90853 84784        cutoff           7154.5659     7814.7132  2674900    9.23%
  91601 85499     7242.5996   341     7154.5659     7814.2519  2697059    9.22%
  92289 86146     7574.4756   484     7154.5659     7813.7859  2718742    9.21%
  93152 86976     7664.8176   495     7154.5659     7813.0606  2740128    9.20%
Elapsed time = 898.79 sec. (534592.65 ticks, tree = 130.95 MB, solutions = 1)
  93744 87531     7359.4749   334     7154.5659     7812.5894  2759783    9.20%
  94595 88346     7642.0189   495     7154.5659     7811.9886  2779726    9.19%
  95216 88905     7579.7293   437     7154.5659     7811.3722  2801788    9.18%
  95793 89413        cutoff           7154.5659     7811.2869  2821999    9.18%
  96354 89943     7286.3151   372     7154.5659     7811.1042  2842538    9.18%
  96993 90540     7156.8660   332     7154.5659     7810.8363  2862969    9.17%
  97499 91012     7518.6537   367     7154.5659     7810.5703  2884016    9.17%
  98277 91746     7450.5890   428     7154.5659     7810.2729  2904172    9.16%
  99113 92548     7724.1126   521     7154.5659     7810.0429  2925564    9.16%
  99698 93099        cutoff           7154.5659     7809.6299  2946609    9.16%
Elapsed time = 963.53 sec. (573048.30 ticks, tree = 139.37 MB, solutions = 1)
 100383 93732     7221.1113   371     7154.5659     7809.2838  2968615    9.15%
 101075 94389     7174.6718   309     7154.5659     7808.6389  2990334    9.14%
 101727 95011     7380.1534   331     7154.5659     7808.3429  3011877    9.14%
 102425 95662        cutoff           7154.5659     7807.7342  3032824    9.13%
 103015 96202     7249.2538   377     7154.5659     7807.1411  3054417    9.12%
 103799 96927     7764.4692   540     7154.5659     7806.5755  3075737    9.11%
 104594 97672     7193.7397   264     7154.5659     7806.4924  3097727    9.11%
 105379 98399     7681.1892   509     7154.5659     7806.0364  3119251    9.11%
 105992 98971     7736.8154   537     7154.5659     7805.8415  3140444    9.10%
 106647 99595     7535.9357   437     7154.5659     7805.5748  3161476    9.10%
Elapsed time = 1029.26 sec. (611420.94 ticks, tree = 148.32 MB, solutions = 1)
 107346 100258     7598.6820   461     7154.5659     7805.3071  3182050    9.10%
 107827 100687     7669.1140   508     7154.5659     7804.8025  3202523    9.09%
 108687 101517     7646.0772   482     7154.5659     7804.5341  3222744    9.08%
 109384 102154     7571.0070   482     7154.5659     7804.3470  3243165    9.08%
 110094 102828     7486.6614   463     7154.5659     7804.0374  3263224    9.08%
 110769 103470     7420.6319   394     7154.5659     7803.7462  3283392    9.07%
 111417 104075     7330.0821   385     7154.5659     7803.5969  3303582    9.07%
 112169 104784     7594.4604   476     7154.5659     7803.3319  3324356    9.07%
 112838 105427     7277.0829   458     7154.5659     7802.9836  3345754    9.06%
 113371 105919     7443.1611   470     7154.5659     7802.5032  3366468    9.06%
Elapsed time = 1094.22 sec. (649734.87 ticks, tree = 157.09 MB, solutions = 1)
 113877 106358     7431.9119   405     7154.5659     7802.0558  3387940    9.05%
 114658 107106     7298.4880   489     7154.5659     7801.4500  3410010    9.04%
 115351 107755     7449.3584   537     7154.5659     7801.0095  3432075    9.04%
 116056 108416     7388.2713   469     7154.5659     7800.6198  3454447    9.03%
 116658 108941     7746.7329   539     7154.5659     7799.8129  3477527    9.02%
 117238 109442    infeasible           7154.5659     7799.4486  3499326    9.01%
 117862 110021     7352.6750   394     7154.5659     7799.3014  3520124    9.01%
 118410 110536     7364.1734   429     7154.5659     7799.0522  3541676    9.01%
 118960 111056     7271.6575   426     7154.5659     7798.7861  3562807    9.00%
 119450 111489     7314.0526   327     7154.5659     7798.4922  3582917    9.00%
Elapsed time = 1159.20 sec. (688237.93 ticks, tree = 164.83 MB, solutions = 1)
 120123 112135     7310.7498   382     7154.5659     7798.1621  3601747    9.00%
 120906 112892     7207.5044   317     7154.5659     7798.0587  3622015    8.99%
 121621 113553     7505.2454   490     7154.5659     7797.6252  3642825    8.99%
 122238 114124     7401.9876   425     7154.5659     7797.3851  3663255    8.98%
 123081 114941     7516.6487   421     7154.5659     7797.2668  3683544    8.98%
 123799 115639     7421.5824   418     7154.5659     7797.0435  3703556    8.98%
 124372 116150     7524.0746   476     7154.5659     7796.7989  3725455    8.98%
 124864 116596     7506.7670   481     7154.5659     7796.5875  3748078    8.97%
 125568 117255     7463.6547   411     7154.5659     7796.5010  3769416    8.97%
 126199 117844     7177.3179   223     7154.5659     7796.2720  3791027    8.97%
Elapsed time = 1225.15 sec. (726481.02 ticks, tree = 173.63 MB, solutions = 1)
 126766 118366     7442.6145   420     7154.5659     7796.1008  3813312    8.97%
 127424 118980     7685.8214   494     7154.5659     7795.8598  3834762    8.96%
 128233 119750     7270.7972   448     7154.5659     7795.6690  3856971    8.96%
 128895 120369     7326.9943   461     7154.5659     7795.4652  3878615    8.96%
 129517 120965     7490.8519   411     7154.5659     7795.2514  3900867    8.95%
 130267 121679     7634.0201   552     7154.5659     7795.1008  3922715    8.95%
 130878 122253     7574.4443   444     7154.5659     7794.9221  3944679    8.95%
 131591 122918     7680.5232   532     7154.5659     7794.7008  3965559    8.95%
 132260 123540     7601.6827   530     7154.5659     7794.5036  3986627    8.94%
 132846 124112     7297.3690   315     7154.5659     7794.4643  4006144    8.94%
Elapsed time = 1290.91 sec. (764714.67 ticks, tree = 182.42 MB, solutions = 1)
 133479 124709        cutoff           7154.5659     7794.2628  4025651    8.94%
 134136 125341     7247.8205   450     7154.5659     7793.9895  4045216    8.94%
 134830 125992     7381.1313   409     7154.5659     7793.6699  4065076    8.93%
 135444 126568     7493.7275   464     7154.5659     7793.4149  4086135    8.93%
 136042 127142     7225.6368   441     7154.5659     7793.3265  4105997    8.93%
 136693 127748     7621.1112   483     7154.5659     7793.0774  4126585    8.92%
 137294 128314     7706.8799   528     7154.5659     7792.8520  4146782    8.92%
 138034 129026     7278.5784   382     7154.5659     7792.6518  4167429    8.92%
 138634 129561     7510.9946   431     7154.5659     7792.3558  4189209    8.91%
 139254 130142     7192.7994   398     7154.5659     7792.2337  4210719    8.91%
Elapsed time = 1355.21 sec. (802994.63 ticks, tree = 190.78 MB, solutions = 1)
 139919 130770     7500.3193   452     7154.5659     7792.0390  4231805    8.91%
 140541 131354     7455.1564   420     7154.5659     7791.8715  4253841    8.91%
 141163 131933     7348.2940   412     7154.5659     7791.7853  4275243    8.91%
 141795 132529     7356.0812   545     7154.5659     7791.6406  4297234    8.90%
 142681 133373     7193.2190   393     7154.5659     7791.4760  4318048    8.90%
 143168 133785     7442.1200   376     7154.5659     7791.0373  4340334    8.90%
 143752 134314     7282.4798   419     7154.5659     7790.9354  4362700    8.89%
 144182 134706     7555.3132   481     7154.5659     7790.8442  4384420    8.89%
 144894 135378     7596.8662   557     7154.5659     7790.7780  4406408    8.89%
 145362 135813     7430.3485   401     7154.5659     7790.6758  4427967    8.89%
Elapsed time = 1419.66 sec. (841328.72 ticks, tree = 200.33 MB, solutions = 1)
 145854 136250     7782.5187   547     7154.5659     7790.5303  4447183    8.89%
 146492 136851     7523.3747   482     7154.5659     7790.3449  4468416    8.89%
 147083 137390     7235.5083   407     7154.5659     7790.0406  4490151    8.88%
 147628 137879     7731.9544   563     7154.5659     7789.7845  4510643    8.88%
 148223 138442     7555.0391   512     7154.5659     7789.5335  4530529    8.87%
 148809 138978     7505.6218   435     7154.5659     7789.3190  4552478    8.87%
 149402 139544     7661.7288   491     7154.5659     7788.9953  4572695    8.87%
 149959 140070     7700.9636   556     7154.5659     7788.8336  4592943    8.87%
 150660 140728     7684.9795   524     7154.5659     7788.5804  4614517    8.86%
 151385 141406     7624.2536   502     7154.5659     7788.3132  4636031    8.86%
Elapsed time = 1485.74 sec. (879749.64 ticks, tree = 208.13 MB, solutions = 1)
 152120 142094     7263.3130   376     7154.5659     7788.2395  4656500    8.86%
 152693 142616     7618.9353   512     7154.5659     7787.8115  4677866    8.85%
 153298 143180     7690.4003   504     7154.5659     7787.7552  4699401    8.85%
 153853 143691     7654.0557   496     7154.5659     7787.3768  4722472    8.84%
 154701 144508     7256.4792   352     7154.5659     7787.1902  4743967    8.84%
 155363 145136     7377.7056   418     7154.5659     7787.0292  4765931    8.84%
 156164 145900     7737.8303   567     7154.5659     7786.8422  4787336    8.84%
 156986 146666     7236.9975   435     7154.5659     7786.6340  4808290    8.83%
 157702 147327     7552.7079   480     7154.5659     7786.3400  4830194    8.83%
 158369 147962     7631.4273   521     7154.5659     7786.1347  4851457    8.83%
Elapsed time = 1549.48 sec. (918000.09 ticks, tree = 217.22 MB, solutions = 1)
 159010 148576     7718.9291   513     7154.5659     7785.8684  4871861    8.82%
 159731 149259        cutoff           7154.5659     7785.6889  4893632    8.82%
 160315 149782     7209.0729   440     7154.5659     7785.4314  4914995    8.82%
 161004 150420     7221.7089   242     7154.5659     7785.3187  4936922    8.82%
 161622 150986     7379.5748   435     7154.5659     7785.1913  4958193    8.81%
 162449 151779     7617.1549   530     7154.5659     7784.9643  4979077    8.81%
 163080 152384     7659.5483   554     7154.5659     7784.9188  4998876    8.81%
 163664 152922     7619.5073   510     7154.5659     7784.6684  5020006    8.81%
 164201 153433     7170.9271   345     7154.5659     7784.6187  5040134    8.81%
 164639 153841     7492.9249   417     7154.5659     7784.3828  5059367    8.80%
Elapsed time = 1613.35 sec. (956250.36 ticks, tree = 225.38 MB, solutions = 1)
 165326 154497     7572.6794   493     7154.5659     7784.1747  5080271    8.80%
 165838 154965     7750.2603   549     7154.5659     7784.0189  5101520    8.80%
 166349 155386     7352.0110   414     7154.5659     7783.8114  5123641    8.80%
 167259 156260     7221.9663   366     7154.5659     7783.6947  5144514    8.79%
 167803 156757     7183.0955   435     7154.5659     7783.4859  5166531    8.79%
 168296 157197     7278.9878   456     7154.5659     7783.4055  5188005    8.79%
 168929 157783     7499.3191   441     7154.5659     7783.2709  5209104    8.79%
 169716 158547     7186.9225   274     7154.5659     7783.1058  5230983    8.79%
 170414 159204     7485.0339   386     7154.5659     7782.9688  5253179    8.78%
 171298 160058     7638.1520   522     7154.5659     7782.8633  5275151    8.78%
Elapsed time = 1677.71 sec. (994512.22 ticks, tree = 235.08 MB, solutions = 1)
 171930 160645     7535.3216   493     7154.5659     7782.7112  5297434    8.78%
 172563 161251     7351.8125   398     7154.5659     7782.6248  5318854    8.78%
 173170 161814     7529.3267   451     7154.5659     7782.3761  5340652    8.77%
 173719 162323        cutoff           7154.5659     7782.3319  5361489    8.77%
 174329 162900     7337.6323   431     7154.5659     7782.2080  5382100    8.77%
 174872 163404     7560.9212   456     7154.5659     7782.1000  5402815    8.77%
 175654 164147     7392.5122   439     7154.5659     7781.9345  5423785    8.77%
 176194 164656     7330.0746   353     7154.5659     7781.7851  5444512    8.77%
 176753 165157     7355.7443   363     7154.5659     7781.5456  5465443    8.76%
 177452 165796     7598.4771   456     7154.5659     7781.3928  5486419    8.76%
Elapsed time = 1741.84 sec. (1032816.55 ticks, tree = 243.04 MB, solutions = 1)
 177995 166294     7455.8739   414     7154.5659     7781.0438  5504537    8.76%
 178713 166965     7229.6562   271     7154.5659     7780.9376  5526441    8.75%
 179387 167582        cutoff           7154.5659     7780.7941  5546447    8.75%
 180073 168234     7657.2684   544     7154.5659     7780.6281  5568357    8.75%
 180563 168654     7237.8500   305     7154.5659     7780.3977  5589356    8.75%
 181179 169230     7357.2888   357     7154.5659     7780.2926  5611218    8.75%
 181963 169961     7211.1632   426     7154.5659     7780.0825  5632980    8.74%
 182554 170480     7502.7712   433     7154.5659     7779.8892  5655054    8.74%
 183082 170975     7301.6146   387     7154.5659     7779.7246  5677274    8.74%
 183694 171535     7332.2971   384     7154.5659     7779.6728  5700601    8.74%
Elapsed time = 1809.92 sec. (1071216.19 ticks, tree = 254.62 MB, solutions = 1)
 184394 172203     7458.8828   411     7154.5659     7779.5057  5722068    8.73%
 185142 172898     7239.5882   335     7154.5659     7779.2592  5743945    8.73%
 185864 173556     7315.9735   374     7154.5659     7779.0751  5764973    8.73%
 186355 173972     7473.4790   419     7154.5659     7778.8922  5787858    8.73%
 187038 174619     7389.9192   415     7154.5659     7778.7258  5809979    8.72%
 187613 175167     7437.5784   388     7154.5659     7778.5738  5832070    8.72%
 188355 175841     7226.3333   279     7154.5659     7778.4144  5853397    8.72%
 188841 176274     7740.3075   544     7154.5659     7778.1574  5875006    8.72%
 189363 176767     7294.8240   420     7154.5659     7778.0234  5896262    8.71%
 190131 177498     7239.0085   441     7154.5659     7777.9140  5917806    8.71%
Elapsed time = 1876.04 sec. (1109447.91 ticks, tree = 262.90 MB, solutions = 1)
 190771 178105     7185.0665   352     7154.5659     7777.8670  5938362    8.71%
 191470 178747     7374.2030   460     7154.5659     7777.6278  5959691    8.71%
 192136 179374     7575.3146   463     7154.5659     7777.5102  5979448    8.71%
 192937 180155     7615.1437   520     7154.5659     7777.4500  5999618    8.71%
 193511 180700     7326.6571   399     7154.5659     7777.3759  6021006    8.71%
 194169 181311     7477.5716   471     7154.5659     7777.2875  6041018    8.70%
 194718 181825     7411.9941   418     7154.5659     7777.1670  6062244    8.70%
 195326 182374     7635.9369   481     7154.5659     7776.8440  6082460    8.70%
 195986 182967     7511.4248   495     7154.5659     7776.5974  6104244    8.69%
 196555 183483     7183.6625   398     7154.5659     7776.3461  6125563    8.69%
Elapsed time = 1940.96 sec. (1147834.66 ticks, tree = 271.25 MB, solutions = 1)
 197197 184064     7716.1595   559     7154.5659     7776.1306  6147151    8.69%
 197834 184667     7333.1903   461     7154.5659     7776.0567  6168710    8.69%
 198578 185369     7630.8231   473     7154.5659     7775.8706  6190861    8.68%
 199327 186105     7176.7432   254     7154.5659     7775.8010  6211924    8.68%
 200111 186833     7665.2688   498     7154.5659     7775.6032  6233646    8.68%
 200634 187287     7633.6244   531     7154.5659     7775.3837  6253884    8.68%
 201314 187925     7359.1744   372     7154.5659     7775.3654  6274289    8.68%
 202102 188650     7659.6995   512     7154.5659     7775.2772  6295467    8.68%
 202823 189313     7219.5500   329     7154.5659     7775.2092  6317582    8.67%
 203482 189933     7476.4376   416     7154.5659     7775.1001  6339321    8.67%
Elapsed time = 2006.39 sec. (1186282.61 ticks, tree = 294.62 MB, solutions = 1)
 204111 190512     7298.2838   288     7154.5659     7774.8827  6361551    8.67%
 204836 191184     7615.9460   556     7154.5659     7774.7020  6383625    8.67%
 205334 191642     7211.8797   425     7154.5659     7774.5249  6404273    8.67%
 205873 192146     7678.2288   570     7154.5659     7774.3393  6425532    8.66%
 206606 192858     7550.8066   473     7154.5659     7774.2818  6445829    8.66%
 207333 193549     7399.5816   377     7154.5659     7774.1837  6466439    8.66%
 207804 194000     7686.4534   524     7154.5659     7774.1224  6486588    8.66%
 208448 194605     7453.2159   422     7154.5659     7773.9207  6508122    8.66%
 209184 195305     7250.0235   457     7154.5659     7773.8052  6528230    8.66%
 209724 195808     7359.8897   408     7154.5659     7773.7147  6548307    8.65%
Elapsed time = 2073.69 sec. (1224568.43 ticks, tree = 302.78 MB, solutions = 1)
 210393 196446     7576.6229   471     7154.5659     7773.6093  6568975    8.65%
 211125 197115     7690.6521   505     7154.5659     7773.4542  6589846    8.65%
 211648 197595     7261.4407   414     7154.5659     7773.3215  6610577    8.65%
 212485 198391     7443.1975   449     7154.5659     7773.0401  6631542    8.64%
 213161 199032     7241.7483   477     7154.5659     7772.8309  6652237    8.64%
 213992 199812     7232.2892   314     7154.5659     7772.6701  6673792    8.64%
 214533 200273     7462.7419   463     7154.5659     7772.3798  6694958    8.64%
 215311 201011     7621.9406   482     7154.5659     7772.2459  6717206    8.63%
 215925 201587     7478.5210   431     7154.5659     7772.1388  6738133    8.63%
 216720 202359     7165.8039   283     7154.5659     7772.1066  6759479    8.63%
Elapsed time = 2138.26 sec. (1262854.76 ticks, tree = 311.84 MB, solutions = 1)
 217490 203085        cutoff           7154.5659     7771.9671  6780539    8.63%
 218024 203577     7669.3788   536     7154.5659     7771.6472  6802319    8.62%
 218652 204177     7598.2588   446     7154.5659     7771.5557  6823508    8.62%
 219339 204821     7341.6162   467     7154.5659     7771.4497  6845359    8.62%
 220091 205521     7422.2560   442     7154.5659     7771.2810  6867127    8.62%
 220817 206204     7258.6318   391     7154.5659     7771.1558  6888397    8.62%
 221562 206886     7315.5184   450     7154.5659     7771.0906  6910520    8.62%
 222128 207414     7557.8268   467     7154.5659     7770.8880  6931911    8.61%
 222770 208025     7700.7744   511     7154.5659     7770.7459  6953674    8.61%
 223250 208459     7374.2178   406     7154.5659     7770.5653  6975039    8.61%
Elapsed time = 2203.22 sec. (1301124.83 ticks, tree = 320.87 MB, solutions = 1)
 223924 209090     7712.2096   576     7154.5659     7770.4147  6995119    8.61%
 224677 209816     7535.5492   487     7154.5659     7770.2336  7016051    8.61%
 225279 210380     7538.8609   482     7154.5659     7770.0885  7036960    8.60%
 225883 210926     7638.0837   486     7154.5659     7769.9010  7058119    8.60%
 226485 211497     7471.0661   364     7154.5659     7769.8226  7079087    8.60%
 227175 212140     7549.5240   548     7154.5659     7769.6901  7100267    8.60%
 227903 212825     7653.0504   470     7154.5659     7769.6116  7120041    8.60%
 228598 213470     7588.0461   528     7154.5659     7769.4750  7139963    8.59%
 229272 214104     7684.0415   473     7154.5659     7769.2514  7160440    8.59%
 229916 214717     7430.6365   415     7154.5659     7769.1717  7181488    8.59%
Elapsed time = 2268.79 sec. (1339492.09 ticks, tree = 329.63 MB, solutions = 1)
 230628 215391     7354.1841   351     7154.5659     7768.9956  7202116    8.59%
 231312 216021     7433.5459   452     7154.5659     7768.8886  7223053    8.59%
 231856 216495     7714.1924   534     7154.5659     7768.6711  7244920    8.58%
 232474 217068     7338.7294   418     7154.5659     7768.5660  7265935    8.58%
 233136 217701     7383.5150   435     7154.5659     7768.4270  7288058    8.58%
 233616 218107     7244.8066   392     7154.5659     7768.2858  7310620    8.58%
 234255 218701     7592.0879   511     7154.5659     7768.1543  7332397    8.58%
 235036 219442     7579.9725   469     7154.5659     7768.0882  7353103    8.58%
 235728 220097     7188.2695   355     7154.5659     7768.0273  7375397    8.57%
 236409 220719     7526.8929   445     7154.5659     7767.7635  7397152    8.57%
Elapsed time = 2336.66 sec. (1377877.27 ticks, tree = 337.98 MB, solutions = 1)
 237074 221320     7290.0366   301     7154.5659     7767.4811  7419387    8.57%
 237749 221948     7353.4018   305     7154.5659     7767.2397  7441104    8.56%
 238319 222474     7410.3249   446     7154.5659     7767.1164  7461140    8.56%
 238858 222939     7546.0354   454     7154.5659     7766.9406  7483397    8.56%
 239782 223829     7415.4589   452     7154.5659     7766.7616  7505476    8.56%
 240365 224354     7604.3127   497     7154.5659     7766.6448  7528240    8.56%
 240983 224927     7483.7548   483     7154.5659     7766.5173  7550040    8.55%
 241522 225434     7327.1406   496     7154.5659     7766.3562  7569313    8.55%
 242057 225904     7459.5662   431     7154.5659     7766.2182  7590342    8.55%
 242633 226439     7583.0720   508     7154.5659     7766.1042  7610945    8.55%
Elapsed time = 2401.99 sec. (1416215.02 ticks, tree = 346.12 MB, solutions = 1)
 243245 227009     7606.9522   410     7154.5659     7765.9664  7632523    8.55%
 243947 227653     7477.9502   476     7154.5659     7765.8053  7653230    8.54%
 244463 228126     7482.3752   416     7154.5659     7765.7781  7675002    8.54%
 245109 228719     7225.6502   286     7154.5659     7765.7243  7696793    8.54%
 245707 229283     7170.0386   486     7154.5659     7765.5252  7717655    8.54%
 246311 229825     7455.0336   499     7154.5659     7765.3057  7738540    8.54%
 247021 230485     7180.8993   438     7154.5659     7765.2009  7760354    8.53%
 247730 231165     7177.0394   394     7154.5659     7765.1390  7780739    8.53%
 248274 231645     7571.4957   453     7154.5659     7764.9601  7802884    8.53%
 249132 232445     7160.2276   354     7154.5659     7764.8327  7824071    8.53%
Elapsed time = 2470.65 sec. (1454515.45 ticks, tree = 356.06 MB, solutions = 1)
 249701 232971     7352.1928   495     7154.5659     7764.5681  7845553    8.53%
 250141 233359     7354.8472   447     7154.5659     7764.4283  7867388    8.52%
 250825 233988     7434.1543   468     7154.5659     7764.2929  7889099    8.52%
 251516 234630     7639.5124   495     7154.5659     7764.2050  7910177    8.52%
 252181 235255     7511.4678   446     7154.5659     7764.1491  7931485    8.52%
 252803 235817     7603.4738   508     7154.5659     7764.0377  7953547    8.52%
 253434 236404     7503.1295   433     7154.5659     7763.9757  7976607    8.52%
 254210 237128     7580.3083   467     7154.5659     7763.7844  7998386    8.52%
 254941 237810     7373.0839   383     7154.5659     7763.6686  8020022    8.51%
 255585 238420     7211.3154   324     7154.5659     7763.5572  8042115    8.51%
Elapsed time = 2536.28 sec. (1492792.29 ticks, tree = 364.37 MB, solutions = 1)
 256204 238988     7441.8170   440     7154.5659     7763.4469  8063839    8.51%
 256780 239518     7183.1521   458     7154.5659     7763.2533  8085467    8.51%
 257280 239943     7684.0532   487     7154.5659     7763.1256  8107368    8.51%
 258098 240732     7559.8032   449     7154.5659     7762.9578  8128619    8.50%
 258675 241272     7443.7258   463     7154.5659     7762.8832  8150271    8.50%
 259311 241868     7421.8594   390     7154.5659     7762.7368  8170682    8.50%
 259905 242417     7168.9497   415     7154.5659     7762.6350  8192648    8.50%
 260591 243056     7418.7896   426     7154.5659     7762.5112  8213628    8.50%
 261152 243583     7225.4357   373     7154.5659     7762.3480  8234965    8.50%
 261817 244213     7424.6835   418     7154.5659     7762.2662  8256333    8.49%
Elapsed time = 2602.23 sec. (1531014.89 ticks, tree = 372.39 MB, solutions = 1)
 262286 244587     7563.5225   452     7154.5659     7762.0783  8276750    8.49%
 262871 245139     7440.7746   424     7154.5659     7762.0097  8297264    8.49%
 263448 245653     7684.2927   470     7154.5659     7761.9081  8318185    8.49%
 264121 246304     7404.4353   399     7154.5659     7761.8378  8339216    8.49%
 264738 246887     7239.8526   344     7154.5659     7761.7450  8359915    8.49%
 265357 247468     7315.1416   388     7154.5659     7761.6096  8380386    8.48%
 266150 248203     7656.7106   495     7154.5659     7761.4472  8402859    8.48%
 266996 249020     7376.9980   494     7154.5659     7761.4052  8425313    8.48%
 267745 249701     7182.2755   415     7154.5659     7761.2982  8447742    8.48%
 268591 250509     7586.3518   473     7154.5659     7761.1846  8469730    8.48%
Elapsed time = 2669.27 sec. (1569401.48 ticks, tree = 381.19 MB, solutions = 1)
 269238 251106     7309.6423   386     7154.5659     7761.1277  8490268    8.48%
 269867 251684     7410.7450   409     7154.5659     7761.0194  8512229    8.48%
 270534 252319     7501.5293   439     7154.5659     7760.9742  8533745    8.48%
 271184 252931     7454.3791   429     7154.5659     7760.8460  8554693    8.47%
 271849 253555     7261.1405   490     7154.5659     7760.7141  8576122    8.47%
 272402 254040     7155.3952   264     7154.5659     7760.5667  8596703    8.47%
 273085 254681        cutoff           7154.5659     7760.4620  8618463    8.47%
 273810 255365     7614.4138   491     7154.5659     7760.3701  8639740    8.47%
 274400 255914     7616.9874   473     7154.5659     7760.2965  8660464    8.47%
 275028 256507     7422.9501   401     7154.5659     7760.1706  8682391    8.46%
Elapsed time = 2733.53 sec. (1607678.39 ticks, tree = 389.55 MB, solutions = 1)
 275834 257254     7294.6394   449     7154.5659     7760.0217  8704838    8.46%
 276500 257864     7377.2798   386     7154.5659     7759.9910  8727197    8.46%
 277236 258539     7255.1906   328     7154.5659     7759.8862  8747886    8.46%
 277761 259025     7413.8712   389     7154.5659     7759.7391  8768362    8.46%
 278403 259628     7429.2470   512     7154.5659     7759.6691  8790233    8.46%
 278858 260028    infeasible           7154.5659     7759.4707  8811940    8.45%
 279609 260750     7420.5520   446     7154.5659     7759.3747  8832760    8.45%
 280237 261319     7416.8118   439     7154.5659     7759.3088  8853076    8.45%
 280876 261899     7279.7996   459     7154.5659     7759.1977  8874049    8.45%
 281591 262543     7503.1524   445     7154.5659     7759.0359  8894986    8.45%
Elapsed time = 2798.58 sec. (1646255.17 ticks, tree = 397.95 MB, solutions = 1)
 282303 263220     7418.9624   419     7154.5659     7758.9005  8915745    8.45%
 282866 263724     7664.8611   467     7154.5659     7758.8115  8937521    8.45%
 283621 264436     7183.8454   289     7154.5659     7758.7753  8958893    8.45%
 284279 265053     7163.4332   314     7154.5659     7758.7046  8979652    8.44%
 284847 265558     7754.3830   489     7154.5659     7758.5446  9000163    8.44%
 285447 266124     7511.8856   461     7154.5659     7758.4416  9021155    8.44%
 286164 266777     7575.7392   464     7154.5659     7758.2783  9042757    8.44%
 286808 267377     7353.3947   332     7154.5659     7758.0962  9063955    8.44%
 287487 267992     7293.8083   445     7154.5659     7757.9239  9084878    8.43%
 287992 268460     7294.5869   362     7154.5659     7757.7807  9106170    8.43%
Elapsed time = 2864.69 sec. (1684479.48 ticks, tree = 406.15 MB, solutions = 1)
 288700 269114     7306.7687   445     7154.5659     7757.7018  9127738    8.43%
 289272 269643     7336.6677   393     7154.5659     7757.5348  9149499    8.43%
 290012 270321     7222.1496   274     7154.5659     7757.3657  9171002    8.43%
 290672 270945     7187.3380   352     7154.5659     7757.2540  9193562    8.42%
 291341 271569     7323.6447   357     7154.5659     7757.1868  9215357    8.42%
 292000 272183     7251.9020   352     7154.5659     7757.1011  9237413    8.42%
 292728 272858     7595.8080   478     7154.5659     7757.0069  9257871    8.42%
 293234 273291     7527.3840   492     7154.5659     7756.8781  9279320    8.42%
 293864 273871     7548.5354   446     7154.5659     7756.7515  9301031    8.42%
 294413 274363        cutoff           7154.5659     7756.6817  9323263    8.42%
Elapsed time = 2930.38 sec. (1722699.56 ticks, tree = 416.55 MB, solutions = 1)
 295017 274922     7241.8901   330     7154.5659     7756.5446  9344704    8.41%
 295662 275535     7308.3584   511     7154.5659     7756.4462  9365635    8.41%
 296400 276236     7387.8182   359     7154.5659     7756.3739  9386529    8.41%
 297105 276899     7299.8760   440     7154.5659     7756.2651  9408684    8.41%
 297683 277423     7208.1568   405     7154.5659     7756.1408  9430917    8.41%
 298461 278138     7227.9837   434     7154.5659     7756.0255  9452331    8.41%
 298987 278616     7195.6940   416     7154.5659     7755.8976  9473359    8.40%
 299588 279164     7709.7054   524     7154.5659     7755.7352  9494010    8.40%
 300279 279826     7485.9978   410     7154.5659     7755.7041  9515428    8.40%
 300894 280388     7515.0718   448     7154.5659     7755.6037  9536578    8.40%
Elapsed time = 2996.85 sec. (1761014.80 ticks, tree = 424.94 MB, solutions = 1)
 301653 281092     7449.6096   512     7154.5659     7755.4710  9558448    8.40%
 302324 281720     7210.3411   417     7154.5659     7755.3975  9580155    8.40%
 302995 282337     7705.0823   516     7154.5659     7755.2720  9601141    8.40%
 303694 283003     7475.6840   397     7154.5659     7755.1863  9622006    8.39%
 304340 283608     7158.8292   449     7154.5659     7755.1619  9643657    8.39%
 305045 284274     7157.2845   381     7154.5659     7755.0902  9663998    8.39%
 305784 284972     7717.1018   525     7154.5659     7754.9809  9685044    8.39%
 306403 285542        cutoff           7154.5659     7754.9456  9705722    8.39%
 307084 286165     7202.4597   414     7154.5659     7754.8598  9727141    8.39%
 307678 286704     7692.0909   528     7154.5659     7754.7563  9749820    8.39%
Elapsed time = 3063.21 sec. (1799466.23 ticks, tree = 433.75 MB, solutions = 1)
 308274 287255     7651.7046   477     7154.5659     7754.6833  9770648    8.39%
 308891 287827     7537.1001   420     7154.5659     7754.6293  9790400    8.39%
 309726 288622     7384.0165   439     7154.5659     7754.4775  9811878    8.39%
 310418 289271     7591.9478   477     7154.5659     7754.3991  9833308    8.38%
 311060 289864     7281.3015   458     7154.5659     7754.3105  9855227    8.38%
 311672 290410     7304.5188   324     7154.5659     7754.1796  9876347    8.38%
 312504 291204     7299.9188   374     7154.5659     7754.0799  9897938    8.38%
 313083 291725     7235.3902   371     7154.5659     7754.0059  9920034    8.38%
 313783 292373     7587.3339   476     7154.5659     7753.9058  9942060    8.38%
 314394 292936     7487.1901   499     7154.5659     7753.8208  9964027    8.38%
Elapsed time = 3128.15 sec. (1837765.35 ticks, tree = 442.38 MB, solutions = 1)
 315092 293571     7583.2568   461     7154.5659     7753.6538  9985137    8.37%
 315889 294335     7371.3243   420     7154.5659     7753.5454 10006637    8.37%
 316610 295001     7361.6700   286     7154.5659     7753.4263 10028171    8.37%
 317144 295496     7400.2896   343     7154.5659     7753.3694 10049048    8.37%
 317854 296168     7342.2511   361     7154.5659     7753.2918 10070749    8.37%
 318502 296751     7315.1032   338     7154.5659     7753.1976 10093543    8.37%
 319120 297327     7402.0445   400     7154.5659     7753.1039 10113346    8.37%
 319866 298028     7582.3577   459     7154.5659     7753.0602 10134214    8.37%
 320539 298644     7522.3134   502     7154.5659     7752.9308 10155751    8.36%
 321203 299263     7373.7556   377     7154.5659     7752.8280 10176272    8.36%
Elapsed time = 3194.97 sec. (1876020.03 ticks, tree = 451.15 MB, solutions = 1)
 321620 299629     7190.4766   442     7154.5659     7752.6897 10196219    8.36%
 322180 300134     7569.5823   470     7154.5659     7752.6157 10216427    8.36%
 322846 300733     7637.3292   478     7154.5659     7752.4637 10236531    8.36%
 323591 301425     7697.5440   522     7154.5659     7752.3860 10257181    8.36%
 324236 302030     7658.5071   483     7154.5659     7752.2902 10277429    8.35%
 324932 302654     7385.6513   392     7154.5659     7752.1858 10297829    8.35%
 325610 303289     7609.6832   442     7154.5659     7752.0668 10318548    8.35%
 326094 303735     7181.6155   433     7154.5659     7752.0108 10331099    8.35%
 326194 303818     7436.6447   439     7154.5659     7751.9959 10336263    8.35%
 326319 303923        cutoff           7154.5659     7751.9776 10342734    8.35%
Elapsed time = 3264.83 sec. (1918129.81 ticks, tree = 457.59 MB, solutions = 1)
 326394 303994     7458.9092   478     7154.5659     7751.9477 10347112    8.35%
 326564 304133     7470.2246   471     7154.5659     7751.8649 10356461    8.35%
 326694 304253     7528.9796   461     7154.5659     7751.8092 10360485    8.35%
 326794 304353     7205.5307   335     7154.5659     7751.8092 10362666    8.35%
 326994 304539     7434.6298   441     7154.5659     7751.7453 10368564    8.35%
 327094 304634     7591.8076   460     7154.5659     7751.7349 10371187    8.35%
 327294 304827     7554.2334   474     7154.5659     7751.7088 10377069    8.35%
 327494 305017     7644.5873   485     7154.5659     7751.6253 10381460    8.35%
 327594 305117     7352.5750   373     7154.5659     7751.6253 10384358    8.35%
 327694 305201     7588.8255   463     7154.5659     7751.5776 10387585    8.34%
Elapsed time = 3374.28 sec. (1987619.40 ticks, tree = 459.37 MB, solutions = 1)
 328266 305715     7159.3280   238     7154.5659     7751.4615 10408024    8.34%
 328858 306267     7317.2663   383     7154.5659     7751.3267 10427886    8.34%
 329556 306938     7205.7014   332     7154.5659     7751.2601 10447596    8.34%
 330010 307342     7171.8190   354     7154.5659     7751.1615 10468125    8.34%
 330695 307976     7253.4173   357     7154.5659     7751.0667 10487450    8.34%
 331122 308366     7193.7375   315     7154.5659     7750.9892 10507468    8.34%
 331634 308833     7490.8390   460     7154.5659     7750.8227 10528600    8.33%
 332213 309359     7591.4711   469     7154.5659     7750.6771 10548510    8.33%
 332815 309921     7330.6305   413     7154.5659     7750.5953 10569472    8.33%
 333357 310422     7395.6051   434     7154.5659     7750.5274 10589126    8.33%
Elapsed time = 3440.51 sec. (2025829.60 ticks, tree = 468.86 MB, solutions = 1)
 334074 311089     7586.9802   419     7154.5659     7750.4100 10609607    8.33%
 334706 311676     7480.4568   435     7154.5659     7750.3587 10627133    8.33%
 335433 312372     7255.7958   383     7154.5659     7750.2653 10645698    8.33%
 335958 312839     7567.9415   454     7154.5659     7750.1316 10665830    8.32%
 336630 313477     7304.9678   326     7154.5659     7750.0653 10683846    8.32%
 337194 314012     7244.0384   420     7154.5659     7750.0293 10702859    8.32%
 337694 314463     7289.8676   483     7154.5659     7749.8651 10722829    8.32%
 338372 315091     7304.1791   418     7154.5659     7749.7994 10741701    8.32%
 338806 315486     7438.3149   350     7154.5659     7749.6982 10761244    8.32%
 339472 316086     7177.4704   344     7154.5659     7749.5796 10782180    8.32%
Elapsed time = 3507.31 sec. (2064162.25 ticks, tree = 476.78 MB, solutions = 1)
 339959 316538     7280.7664   429     7154.5659     7749.5136 10796477    8.32%
 340464 317006     7572.2391   435     7154.5659     7749.4800 10814798    8.32%
 341020 317523     7577.4116   450     7154.5659     7749.3700 10831608    8.31%
 341643 318116     7462.5784   376     7154.5659     7749.3513 10850657    8.31%
 342224 318663     7168.4785   450     7154.5659     7749.2769 10866818    8.31%
 342694 319074     7528.9370   420     7154.5659     7749.1607 10886002    8.31%
 343144 319509     7534.7937   465     7154.5659     7749.1227 10898295    8.31%
 343643 319942     7651.4706   529     7154.5659     7749.0177 10917773    8.31%
 344318 320567     7654.0204   525     7154.5659     7748.9325 10936068    8.31%
 344894 321126     7198.2184   216     7154.5659     7748.8496 10951967    8.31%
Elapsed time = 3575.00 sec. (2103152.29 ticks, tree = 483.77 MB, solutions = 1)
 345494 321684     7412.2234   415     7154.5659     7748.7348 10971437    8.30%
 346082 322245     7502.2754   443     7154.5659     7748.7079 10986473    8.30%
 346554 322674     7634.3995   497     7154.5659     7748.6283 11006551    8.30%

Cover cuts applied:  3
Implied bound cuts applied:  858
Flow cuts applied:  65
Mixed integer rounding cuts applied:  234
Lift and project cuts applied:  262
Gomory fractional cuts applied:  95

Root node processing (before b&c):
  Real time             =    4.01 sec. (1912.34 ticks)
Sequential b&c:
  Real time             = 3595.99 sec. (2115837.16 ticks)
                          ------------
Total (root+branch&cut) = 3600.00 sec. (2117749.50 ticks)
