1 of 1 MIP starts provided solutions.
MIP start 'm1' defined initial solution with objective 7376.5267.
Tried aggregator 2 times.
MIP Presolve eliminated 47 rows and 47 columns.
MIP Presolve modified 1770 coefficients.
Aggregator did 4 substitutions.
Reduced MIP has 3449 rows, 1940 columns, and 18713 nonzeros.
Reduced MIP has 1596 binaries, 0 generals, 0 SOSs, and 0 indicators.
Presolve time = 0.02 sec. (11.55 ticks)
Probing time = 0.01 sec. (3.62 ticks)
Tried aggregator 1 time.
Reduced MIP has 3449 rows, 1940 columns, and 18713 nonzeros.
Reduced MIP has 1596 binaries, 0 generals, 0 SOSs, and 0 indicators.
Presolve time = 0.01 sec. (6.81 ticks)
Probing time = 0.01 sec. (3.67 ticks)
Clique table members: 757.
MIP emphasis: balance optimality and feasibility.
MIP search method: dynamic search.
Parallel mode: none, using 1 thread.
Root relaxation solution time = 0.01 sec. (9.29 ticks)

        Nodes                                         Cuts/
   Node  Left     Objective  IInf  Best Integer    Best Bound    ItCnt     Gap

*     0+    0                         7376.5267    31813.7952      543  331.28%
      0     0     9862.6108   432     7376.5267     9862.6108      543   33.70%
      0     0     9444.0138   424     7376.5267     Cuts: 962      901   28.03%
      0     0     9185.4999   454     7376.5267     Cuts: 728     1251   24.52%
      0     0     9104.0022   492     7376.5267     Cuts: 612     1480   23.42%
      0     0     9054.2213   512     7376.5267     Cuts: 503     1709   22.74%
      0     0     9027.8897   530     7376.5267     Cuts: 460     1886   22.39%
      0     0     8993.6278   518     7376.5267     Cuts: 439     2044   21.92%
      0     0     8974.8119   533     7376.5267     Cuts: 409     2196   21.67%
      0     0     8946.6712   553     7376.5267     Cuts: 418     2391   21.29%
      0     0     8928.8039   562     7376.5267     Cuts: 387     2545   21.04%
      0     0     8905.5647   561     7376.5267     Cuts: 327     2729   20.73%
      0     0     8879.3812   575     7376.5267     Cuts: 372     2975   20.37%
      0     0     8866.3612   587     7376.5267     Cuts: 308     3142   20.20%
      0     0     8849.8212   593     7376.5267     Cuts: 257     3259   19.97%
      0     0     8836.0850   614     7376.5267     Cuts: 300     3397   19.79%
      0     0     8823.9009   598     7376.5267     Cuts: 338     3521   19.62%
      0     0     8816.7847   607     7376.5267     Cuts: 309     3633   19.52%
      0     0     8809.9336   615     7376.5267     Cuts: 212     3766   19.43%
      0     0     8806.7327   615     7376.5267     Cuts: 194     3872   19.39%
      0     0     8804.7102   616     7376.5267     Cuts: 196     3957   19.36%
      0     0     8802.3802   602     7376.5267     Cuts: 136     4015   19.33%
      0     0     8798.6052   613     7376.5267     Cuts: 147     4080   19.28%
      0     0     8796.1504   612     7376.5267     Cuts: 131     4149   19.25%
      0     0     8792.2441   617     7376.5267     Cuts: 155     4230   19.19%
      0     0     8790.1888   619     7376.5267     Cuts: 221     4314   19.16%
      0     0     8788.7306   610     7376.5267     Cuts: 123     4364   19.14%
      0     2     8788.7306   610     7376.5267     8787.3213     4364   19.13%
Elapsed time = 4.21 sec. (1989.46 ticks, tree = 0.00 MB, solutions = 1)
     30    18     8597.6610   450     7376.5267     8777.0061     5790   18.99%
     94    80     8330.3039   331     7376.5267     8777.0061     7186   18.99%
    200   186     7946.2796   219     7376.5267     8777.0061     8986   18.99%
    327   288     7558.3309   174     7376.5267     8777.0061    11358   18.99%
    424   316        cutoff           7376.5267     8776.9147    13051   18.98%
    439   329     8468.3273   477     7376.5267     8776.9147    14861   18.98%
    446   336     8737.4487   561     7376.5267     8776.9147    15642   18.98%
    460   348     8711.0313   560     7376.5267     8776.9147    16841   18.98%
    473   361     8506.7112   644     7376.5267     8506.6171    22119   15.32%
    476   362     8484.8235   638     7376.5267     8499.1304    22451   15.22%
Elapsed time = 30.03 sec. (14042.59 ticks, tree = 0.69 MB, solutions = 1)
    479   364     8470.3315   590     7376.5267     8499.1304    23046   15.22%
    498   367     7513.2316   349     7376.5267     8499.1304    24462   15.22%
    553   343     8432.8415   548     7376.5267     8495.7994    26615   15.17%
    603   369     7524.2383   352     7376.5267     8495.7994    30045   15.17%
    789   453     8232.3048   411     7376.5267     8492.0230    33287   15.12%
   1003   566     8444.1263   594     7376.5267     8470.2315    36175   14.83%
   1182   667     7627.7270   349     7376.5267     8470.2315    40053   14.83%
   1396   830        cutoff           7376.5267     8465.1396    44710   14.76%
   1487   910        cutoff           7376.5267     8464.2930    49134   14.75%
   1543   966     8026.0432   426     7376.5267     8464.2930    53113   14.75%
Elapsed time = 44.79 sec. (24083.08 ticks, tree = 1.59 MB, solutions = 1)
   1610  1031     8096.1533   387     7376.5267     8464.2930    57456   14.75%
   1848  1238     8243.4251   557     7376.5267     8463.3104    62399   14.73%
   2023  1403        cutoff           7376.5267     8461.5604    66812   14.71%
   2123  1501     8118.0921   426     7376.5267     8458.5845    70047   14.67%
   2493  1838        cutoff           7376.5267     8455.3130    74751   14.62%
   2536  1875     8081.3374   495     7376.5267     8453.7481    80036   14.60%
   2726  2056     7461.1286   348     7376.5267     8452.7874    85044   14.59%
   2874  2178     7423.2150   339     7376.5267     8444.6922    92820   14.48%
   3024  2288     7409.2656   355     7376.5267     8441.7078    99278   14.44%
   3195  2447     7942.9803   431     7376.5267     8440.8876   103567   14.43%
Elapsed time = 60.78 sec. (34008.17 ticks, tree = 3.58 MB, solutions = 1)
   3314  2543     7391.9915   350     7376.5267     8437.6148   109270   14.38%
   3571  2778        cutoff           7376.5267     8437.3388   112633   14.38%
   3611  2818     7802.8441   398     7376.5267     8437.3220   117317   14.38%
   3774  2960     8298.3629   479     7376.5267     8435.9804   121919   14.36%
   4009  3184     7503.7170   353     7376.5267     8435.6649   126590   14.36%
   4179  3322     8098.3186   493     7376.5267     8434.5623   131682   14.34%
   4440  3575     7912.3346   442     7376.5267     8433.2452   135687   14.33%
   4618  3747     7832.2172   400     7376.5267     8433.1877   139997   14.32%
   4905  4026     7648.3942   340     7376.5267     8432.9776   144087   14.32%
   5083  4194     7708.0094   385     7376.5267     8431.9511   148380   14.31%
Elapsed time = 77.80 sec. (43821.56 ticks, tree = 5.95 MB, solutions = 1)
   5333  4426     7674.0567   304     7376.5267     8430.8405   152843   14.29%
   5580  4648     7681.7448   396     7376.5267     8430.5473   157324   14.29%
   5858  4904     8319.5622   531     7376.5267     8429.5411   162603   14.28%
   6038  5075     8207.8200   452     7376.5267     8429.5052   167554   14.27%
   6290  5322     7534.5043   353     7376.5267     8429.4943   172379   14.27%
   6473  5495     7708.9815   371     7376.5267     8428.7218   177883   14.26%
   6676  5691     8042.7456   453     7376.5267     8428.1379   182098   14.26%
   6857  5864     7754.8694   385     7376.5267     8427.6628   185953   14.25%
   7169  6168     7460.2807   242     7376.5267     8427.6504   190267   14.25%
   7372  6355     8327.7552   529     7376.5267     8427.5143   193803   14.25%
Elapsed time = 93.95 sec. (53504.29 ticks, tree = 8.74 MB, solutions = 1)
   7514  6497     7725.9572   350     7376.5267     8427.5143   197861   14.25%
   7690  6656     7403.9674   360     7376.5267     8426.6725   201711   14.24%
   7783  6737     8000.3012   433     7376.5267     8426.4601   205735   14.23%
   7980  6925     8283.9801   553     7376.5267     8425.9482   209534   14.23%
   8256  7193     7395.7308    83     7376.5267     8425.9482   213232   14.23%
   8317  7235     8318.4833   584     7376.5267     8425.5978   217386   14.22%
   8613  7529     7406.2827   228     7376.5267     8425.5978   221844   14.22%
   8765  7671     7671.1029   347     7376.5267     8425.4295   225714   14.22%
   8946  7845     7896.7478   434     7376.5267     8425.4098   229752   14.22%
   9192  8080     7756.3465   434     7376.5267     8425.1225   233919   14.22%
Elapsed time = 109.24 sec. (63179.86 ticks, tree = 11.20 MB, solutions = 1)
   9325  8190     8199.2016   497     7376.5267     8424.6748   238258   14.21%
   9614  8459     8320.9555   575     7376.5267     8423.9355   241832   14.20%
   9854  8698     7462.2409   253     7376.5267     8423.9355   246658   14.20%
   9933  8770     8204.9673   527     7376.5267     8423.5081   248923   14.19%
   9984  8821     7663.5149   374     7376.5267     8423.3329   253974   14.19%
  10189  9011     8325.0787   582     7376.5267     8422.9007   259065   14.19%
  10465  9287     7503.8245   214     7376.5267     8422.9007   264101   14.19%
  10531  9342     7724.4519   440     7376.5267     8422.6324   268185   14.18%
  10709  9507     7402.7260   352     7376.5267     8422.6029   274141   14.18%
  10855  9645     7769.8849   388     7376.5267     8422.5519   279099   14.18%
Elapsed time = 139.97 sec. (81838.43 ticks, tree = 13.59 MB, solutions = 1)
  11141  9924     7735.7940   369     7376.5267     8422.4815   283822   14.18%
  11351 10126     8091.6930   486     7376.5267     8422.3570   288083   14.18%
  11594 10364     8293.6931   585     7376.5267     8421.7291   292034   14.17%
  11693 10435     8310.6509   533     7376.5267     8421.4448   296366   14.17%
  11886 10628     7621.2791   272     7376.5267     8421.4448   300431   14.17%
  12100 10829     7654.5272   409     7376.5267     8421.3551   304473   14.16%
  12252 10976     8001.0524   463     7376.5267     8421.2707   308404   14.16%
  12542 11257     8246.6491   530     7376.5267     8421.2168   312383   14.16%
  12748 11459     8150.6201   532     7376.5267     8421.1692   316736   14.16%
  12866 11563     7780.5376   385     7376.5267     8420.6952   321193   14.16%
Elapsed time = 155.19 sec. (91525.04 ticks, tree = 16.32 MB, solutions = 1)
  13006 11699     8135.5321   516     7376.5267     8419.7382   325323   14.14%
  13263 11956     7440.7874   226     7376.5267     8419.7382   329484   14.14%
  13410 12098     7891.0810   431     7376.5267     8419.5142   333602   14.14%
  13643 12316     7561.1874   387     7376.5267     8418.8101   337942   14.13%
  13757 12414     8044.4811   483     7376.5267     8418.7315   342718   14.13%
  14051 12690     8334.5911   588     7376.5267     8418.6885   346437   14.13%
  14224 12863     7697.4450   341     7376.5267     8418.6885   351429   14.13%
  14435 13069     8015.5423   468     7376.5267     8418.2609   355948   14.12%
  14748 13368     8134.3471   495     7376.5267     8418.1585   360827   14.12%
  14978 13581     8127.5519   500     7376.5267     8417.9713   366066   14.12%
Elapsed time = 171.10 sec. (101202.99 ticks, tree = 19.28 MB, solutions = 1)
  15247 13840     8059.8327   446     7376.5267     8417.3087   371185   14.11%
  15557 14132     8232.2931   518     7376.5267     8416.6677   375425   14.10%
  15905 14472     8324.8947   582     7376.5267     8416.5100   380050   14.10%
  16020 14566     8097.4233   484     7376.5267     8416.2559   385247   14.10%
  16252 14793     8251.8804   526     7376.5267     8416.0865   390266   14.09%
  16529 15061     8067.2900   496     7376.5267     8415.2787   395201   14.08%
  16757 15284     8290.7580   554     7376.5267     8414.7269   400290   14.07%
  17066 15589     8247.3775   582     7376.5267     8414.5226   406045   14.07%
  17142 15654     8280.3329   583     7376.5267     8414.1329   411820   14.07%
  17979 16469     7655.1229   425     7376.5267     8412.4082   431835   14.04%
Elapsed time = 191.87 sec. (113932.05 ticks, tree = 23.71 MB, solutions = 1)
  18623 17073     7436.8313   407     7376.5267     8411.0929   449971   14.03%
  19503 17919     8339.0402   585     7376.5267     8410.1699   467787   14.01%
  20291 18690     8185.6824   550     7376.5267     8409.4264   485341   14.00%
  20983 19364     7711.8018   364     7376.5267     8408.8709   499061   13.99%
  21827 20175     7449.6277   203     7376.5267     8407.9398   518300   13.98%
  22953 21258     8201.2372   572     7376.5267     8406.9145   538410   13.97%
  23895 22181     8097.6699   484     7376.5267     8406.6696   557000   13.97%
  24757 23006     7955.1085   474     7376.5267     8405.8792   575963   13.95%
  25743 23957     8313.6327   576     7376.5267     8404.9151   594789   13.94%
  26338 24522     8222.4937   502     7376.5267     8404.5667   611552   13.94%
Elapsed time = 255.17 sec. (152768.23 ticks, tree = 71.87 MB, solutions = 1)
  27096 25269     8064.7194   499     7376.5267     8404.1967   628946   13.93%
  27760 25892     7856.6986   441     7376.5267     8402.9975   645860   13.92%
  28693 26804     8251.7765   500     7376.5267     8402.1491   662981   13.90%
  29699 27786     7875.6646   442     7376.5267     8400.3667   680450   13.88%
  30503 28565     7983.4954   518     7376.5267     8397.7459   699415   13.84%
  31465 29486     8319.6971   564     7376.5267     8397.2747   719119   13.84%
  32438 30434     7993.5414   432     7376.5267     8396.0106   738189   13.82%
  33595 31569     7784.9036   411     7376.5267     8392.8406   757367   13.78%
  34543 32479     8335.1348   587     7376.5267     8391.2098   776929   13.76%
  35260 33178     7488.2983   376     7376.5267     8390.2941   795172   13.74%
Elapsed time = 319.70 sec. (191003.08 ticks, tree = 84.74 MB, solutions = 1)
  35966 33845     8113.4853   512     7376.5267     8388.9370   812714   13.72%
  37008 34862     7785.7275   434     7376.5267     8387.9951   831133   13.71%
  38005 35820     8297.5525   550     7376.5267     8384.9829   849543   13.67%
  38773 36548     7859.5583   446     7376.5267     8382.1550   867781   13.63%
  39526 37272     7553.6130   400     7376.5267     8380.6514   887015   13.61%
  40453 38173     7505.6630   246     7376.5267     8377.9432   907298   13.58%
  41282 38975     7850.4609   505     7376.5267     8375.6002   928511   13.54%
  42072 39732     7422.6193   384     7376.5267     8374.4759   949020   13.53%
  43084 40697     8270.5874   557     7376.5267     8371.7937   969051   13.49%
  43994 41582     8148.4060   504     7376.5267     8371.2518   990009   13.49%
Elapsed time = 383.98 sec. (229661.77 ticks, tree = 96.26 MB, solutions = 1)
  44743 42314     8168.3829   486     7376.5267     8370.1577  1008305   13.47%
  45546 43064     7455.9027   427     7376.5267     8369.7259  1028701   13.46%
  46254 43746     8273.8802   554     7376.5267     8368.7542  1046551   13.45%
  46935 44392        cutoff           7376.5267     8367.8730  1066642   13.44%
  47323 44746     7405.9562   393     7376.5267     8366.0667  1084701   13.41%
  47919 45284     7957.6942   437     7376.5267     8365.1975  1103931   13.40%
  48711 46037     7717.1951   430     7376.5267     8361.9960  1124749   13.36%
  49328 46589     7541.1602   335     7376.5267     8361.0680  1145272   13.35%
  50049 47275     7623.0663   422     7376.5267     8359.6019  1165970   13.33%
  51014 48210     8021.3201   524     7376.5267     8358.9284  1185142   13.32%
Elapsed time = 446.94 sec. (268012.94 ticks, tree = 105.57 MB, solutions = 1)
  51741 48911     7455.5936   408     7376.5267     8357.9573  1205462   13.30%
  52476 49573     7979.6894   498     7376.5267     8356.0584  1228493   13.28%
  52997 50051     7918.8599   450     7376.5267     8354.6512  1247843   13.26%
  53693 50711     7720.8286   472     7376.5267     8353.9290  1266563   13.25%
  54451 51433     7790.4728   469     7376.5267     8353.0870  1285524   13.24%
  55270 52194     8240.3899   571     7376.5267     8351.4800  1304598   13.22%
  56073 52956        cutoff           7376.5267     8350.6725  1323294   13.21%
  56771 53610     7732.4503   449     7376.5267     8350.1696  1342781   13.20%
  57401 54170     7676.7978   390     7376.5267     8349.0380  1362990   13.18%
  58185 54909     7658.8552   463     7376.5267     8347.8729  1383296   13.17%
Elapsed time = 511.16 sec. (306409.90 ticks, tree = 114.50 MB, solutions = 1)
  59141 55831     8141.2986   526     7376.5267     8347.3544  1404514   13.16%
  59859 56475     7500.6241   403     7376.5267     8346.0884  1426974   13.14%
  60656 57240     7569.8608   280     7376.5267     8344.8387  1448144   13.13%
  61511 58057     7403.2570   332     7376.5267     8343.9139  1470131   13.11%
  62293 58803     7564.4701   324     7376.5267     8342.9247  1490732   13.10%
  63090 59535     7537.9905   443     7376.5267     8341.6153  1511416   13.08%
  63478 59869     8058.5319   471     7376.5267     8340.4721  1531361   13.07%
  64183 60552     7928.0953   510     7376.5267     8340.0478  1550117   13.06%
  64839 61165     8197.1505   555     7376.5267     8339.3283  1570234   13.05%
  65520 61817     7771.5806   397     7376.5267     8338.9830  1588062   13.05%
Elapsed time = 574.54 sec. (344861.07 ticks, tree = 123.72 MB, solutions = 1)
  66431 62693     8030.3488   515     7376.5267     8338.4262  1607196   13.04%
  67219 63455     7557.6925   439     7376.5267     8338.2257  1625278   13.04%
  67879 64057     7816.6458   439     7376.5267     8337.3211  1647070   13.03%
  68549 64689     7518.6790   290     7376.5267     8336.6524  1667154   13.02%
  69332 65428     8222.5165   559     7376.5267     8335.8394  1687883   13.00%
  70263 66325     7710.6812   418     7376.5267     8335.2499  1709698   13.00%
  71084 67107     8060.0510   463     7376.5267     8334.6155  1730167   12.99%
  71881 67851     8124.8538   513     7376.5267     8334.0291  1751965   12.98%
  72720 68640     7519.5535   378     7376.5267     8333.7084  1773486   12.98%
  73673 69549     7694.9531   416     7376.5267     8333.0874  1794956   12.97%
Elapsed time = 638.18 sec. (383520.93 ticks, tree = 136.30 MB, solutions = 1)
  74501 70347     7546.8827   411     7376.5267     8332.4891  1814593   12.96%
  75084 70880     7977.0497   454     7376.5267     8331.9042  1834664   12.95%
  75909 71676     7943.9048   523     7376.5267     8331.2915  1854464   12.94%
  76626 72344     8240.5411   578     7376.5267     8330.7600  1874270   12.94%
  77373 73072     7818.3560   468     7376.5267     8330.4260  1892482   12.93%
  78058 73709     7644.7853   427     7376.5267     8330.2045  1913414   12.93%
  78804 74413     7674.2607   417     7376.5267     8329.6292  1934437   12.92%
  79616 75175     7744.4436   425     7376.5267     8329.2294  1956458   12.92%
  80478 75986     7775.5419   449     7376.5267     8328.8722  1977730   12.91%
  81157 76627     7499.7173   320     7376.5267     8328.4361  2000795   12.90%
Elapsed time = 702.61 sec. (421935.45 ticks, tree = 147.89 MB, solutions = 1)
  82005 77402     7992.8649   486     7376.5267     8327.8070  2022628   12.90%
  82962 78311        cutoff           7376.5267     8327.3260  2044156   12.89%
  83776 79094     7785.9741   435     7376.5267     8326.7757  2065847   12.88%
  84473 79737     7776.5142   444     7376.5267     8326.1369  2087764   12.87%
  85313 80535     7474.5524   314     7376.5267     8325.4831  2109531   12.86%
  86180 81346     7934.0502   495     7376.5267     8325.3447  2129679   12.86%
  86813 81924        cutoff           7376.5267     8324.8806  2150322   12.86%
  87476 82531     7413.1348   259     7376.5267     8324.7193  2170036   12.85%
  88166 83167     7642.7546   396     7376.5267     8324.0563  2189960   12.85%
  88824 83778        cutoff           7376.5267     8323.8244  2210503   12.84%
Elapsed time = 766.38 sec. (460319.92 ticks, tree = 158.49 MB, solutions = 1)
  89524 84430     7384.4783   306     7376.5267     8323.5349  2229481   12.84%
  90138 84999     7875.1517   447     7376.5267     8323.2315  2249704   12.83%
  91084 85894     8117.3557   517     7376.5267     8322.7844  2271406   12.83%
  91883 86654     7695.3884   440     7376.5267     8322.4382  2291730   12.82%
  92667 87389     8030.6668   557     7376.5267     8322.0556  2312790   12.82%
  93222 87882     8014.4920   521     7376.5267     8321.0915  2335241   12.81%
  93956 88567     8014.6075   486     7376.5267     8320.6500  2356968   12.80%
  94936 89525     7697.0477   438     7376.5267     8320.2824  2377642   12.79%
  95661 90187        cutoff           7376.5267     8319.6145  2399896   12.78%
  96238 90723     8005.7472   508     7376.5267     8319.2860  2422406   12.78%
Elapsed time = 830.19 sec. (498792.98 ticks, tree = 169.05 MB, solutions = 1)
  96999 91449     8238.3192   563     7376.5267     8318.8673  2443742   12.77%
  97880 92265     7611.5589   422     7376.5267     8318.6081  2463875   12.77%
  98472 92808     7728.3200   434     7376.5267     8318.0920  2483364   12.76%
  99079 93375     7616.7767   425     7376.5267     8317.9459  2503579   12.76%
  99568 93818     8086.9814   508     7376.5267     8317.6134  2522386   12.76%
 100128 94329     7440.4790   425     7376.5267     8317.3980  2543119   12.75%
 100769 94926     7626.3415   429     7376.5267     8317.0237  2562755   12.75%
 101347 95467     7520.3425   428     7376.5267     8316.6673  2582137   12.75%
 101990 96040     7716.8114   446     7376.5267     8315.9641  2603941   12.74%
 102744 96755     8209.7818   546     7376.5267     8315.7662  2625403   12.73%
Elapsed time = 895.71 sec. (537156.33 ticks, tree = 181.69 MB, solutions = 1)
 103513 97482     7740.7945   461     7376.5267     8315.4288  2645004   12.73%
 104196 98111     7683.8666   464     7376.5267     8315.2481  2668189   12.73%
 104781 98635     7990.3033   485     7376.5267     8314.9511  2689018   12.72%
 105477 99287     7820.5555   477     7376.5267     8314.7851  2710364   12.72%
 105897 99636     7480.6366   336     7376.5267     8313.7923  2733424   12.71%
 106566 100252     7802.1368   491     7376.5267     8313.5985  2755192   12.70%
 107099 100711     7424.2011   397     7376.5267     8313.2929  2777641   12.70%
 107757 101306     7602.0955   400     7376.5267     8312.9652  2798326   12.69%
 108457 101960     7728.9768   413     7376.5267     8312.6152  2819604   12.69%
 109292 102770     7713.6691   417     7376.5267     8312.2372  2838819   12.68%
Elapsed time = 960.83 sec. (575502.03 ticks, tree = 189.97 MB, solutions = 1)
 109952 103364     8244.4757   539     7376.5267     8311.9646  2859562   12.68%
 110572 103927     8245.9617   549     7376.5267     8311.4911  2880352   12.67%
 110994 104289     7546.6430   435     7376.5267     8311.0264  2900827   12.67%
 111682 104934     7825.6912   453     7376.5267     8310.6242  2920975   12.66%
 112146 105333     7999.3901   480     7376.5267     8310.1723  2941700   12.66%
 112917 106037     7772.0953   480     7376.5267     8309.9314  2962146   12.65%
 113531 106602        cutoff           7376.5267     8309.2581  2984268   12.64%
 114329 107339     8074.7969   534     7376.5267     8308.6448  3005887   12.64%
 115163 108145     7838.2458   482     7376.5267     8308.4704  3026260   12.63%
 115804 108734     7776.4971   487     7376.5267     8308.2924  3048155   12.63%
Elapsed time = 1027.04 sec. (614056.31 ticks, tree = 198.17 MB, solutions = 1)
 116482 109362     8111.3241   527     7376.5267     8308.1061  3070892   12.63%
 117189 110032     7985.4304   469     7376.5267     8307.9270  3092922   12.63%
 118124 110913     7485.4892   286     7376.5267     8307.7125  3114937   12.62%
 118725 111457     7605.0559   445     7376.5267     8307.3269  3136948   12.62%
 119527 112198     7999.0268   443     7376.5267     8306.7655  3158408   12.61%
 120442 113066     7458.7585   270     7376.5267     8306.1318  3180028   12.60%
 121123 113702     7412.0140   357     7376.5267     8305.9692  3201399   12.60%
 121941 114482     7472.7421   392     7376.5267     8305.7378  3221251   12.60%
 122671 115153     7950.9984   507     7376.5267     8305.6022  3240950   12.60%
 123515 115970     7986.7497   489     7376.5267     8305.4819  3261118   12.59%
Elapsed time = 1090.82 sec. (652399.62 ticks, tree = 207.95 MB, solutions = 1)
 124299 116702     7812.8146   471     7376.5267     8305.0769  3282082   12.59%
 124975 117323     7767.1001   483     7376.5267     8304.6083  3302926   12.58%
 125675 117969     8095.3054   562     7376.5267     8304.3012  3323787   12.58%
 126469 118728     7489.6399   374     7376.5267     8304.0246  3344530   12.57%
 127159 119385     8009.5834   514     7376.5267     8303.2865  3364034   12.56%
 127883 120066     7760.3873   399     7376.5267     8302.9800  3385372   12.56%
 128723 120880     7839.8732   462     7376.5267     8302.8486  3405617   12.56%
 129208 121289     7637.4948   427     7376.5267     8302.1969  3428819   12.55%
 129963 121994     7857.8971   463     7376.5267     8302.0062  3450618   12.55%
 130743 122729     7823.3772   460     7376.5267     8301.4844  3472536   12.54%
Elapsed time = 1155.92 sec. (690933.13 ticks, tree = 217.19 MB, solutions = 1)
 131505 123416     8012.0646   520     7376.5267     8301.1070  3495605   12.53%
 132336 124186     7825.0291   451     7376.5267     8300.8450  3517317   12.53%
 133223 125023     7985.1163   527     7376.5267     8300.6179  3539694   12.53%
 134006 125756     8286.3888   572     7376.5267     8300.3111  3560931   12.52%
 134647 126345     8031.0586   517     7376.5267     8299.6260  3582842   12.51%
 135310 126975     7853.0122   433     7376.5267     8299.4759  3604051   12.51%
 136085 127709     7538.5037   402     7376.5267     8299.2473  3625263   12.51%
 136745 128304     7774.5067   422     7376.5267     8298.6595  3645847   12.50%
 137593 129106     7670.8932   439     7376.5267     8298.5721  3665968   12.50%
 138382 129827     7724.0416   476     7376.5267     8298.2374  3687237   12.50%
Elapsed time = 1222.19 sec. (729267.67 ticks, tree = 226.86 MB, solutions = 1)
 139065 130482     7749.7352   469     7376.5267     8298.0858  3707253   12.49%
 139868 131239     7922.3341   453     7376.5267     8297.5014  3728424   12.49%
 140711 132042     7788.9754   473     7376.5267     8297.0304  3749143   12.48%
 141413 132713     7429.3604   429     7376.5267     8296.8571  3768566   12.48%
 142170 133405     7392.0401   320     7376.5267     8296.5066  3788189   12.47%
 142935 134137     7571.9201   400     7376.5267     8296.3125  3809173   12.47%
 143709 134846     7795.1765   454     7376.5267     8296.0900  3831122   12.47%
 144490 135563     7717.0043   439     7376.5267     8295.8698  3852279   12.46%
 145187 136184        cutoff           7376.5267     8295.5283  3875202   12.46%
 145741 136682     8054.7026   494     7376.5267     8295.0235  3897079   12.45%
Elapsed time = 1286.65 sec. (767648.66 ticks, tree = 237.73 MB, solutions = 1)
 146603 137500     7617.3272   376     7376.5267     8294.7530  3918505   12.45%
 147409 138262     7827.9929   438     7376.5267     8294.5066  3939850   12.44%
 148073 138870     7454.3478   338     7376.5267     8294.3284  3962140   12.44%
 148633 139360     7983.1176   484     7376.5267     8293.9747  3984278   12.44%
 149496 140187     7855.9886   468     7376.5267     8293.6963  4006446   12.43%
 150171 140802     7614.2992   409     7376.5267     8293.3003  4027804   12.43%
 150881 141466     8008.3172   524     7376.5267     8292.7336  4048676   12.42%
 151642 142202     7732.3720   412     7376.5267     8292.4871  4068371   12.42%
 152424 142935     7802.6387   509     7376.5267     8292.2675  4089132   12.41%
 153047 143495     7643.5008   414     7376.5267     8292.1501  4108965   12.41%
Elapsed time = 1352.49 sec. (805971.31 ticks, tree = 247.02 MB, solutions = 1)
 153853 144273     7481.6879   302     7376.5267     8291.8720  4128578   12.41%
 154560 144947     7640.9780   397     7376.5267     8291.5889  4148008   12.41%
 155343 145658     7981.6405   476     7376.5267     8291.2784  4168729   12.40%
 156022 146308     7779.2336   394     7376.5267     8291.0631  4188426   12.40%
 156843 147093     8155.2124   557     7376.5267     8290.8415  4207940   12.39%
 157764 147989     7415.2243   348     7376.5267     8290.6600  4227068   12.39%
 158375 148527     7880.6471   487     7376.5267     8290.3714  4248963   12.39%
 159194 149305     7507.6243   394     7376.5267     8289.9083  4270939   12.38%
 159893 149960     7727.0183   413     7376.5267     8289.6991  4291884   12.38%
 160744 150775     7399.3430   374     7376.5267     8289.2388  4312198   12.37%
Elapsed time = 1417.92 sec. (844164.22 ticks, tree = 257.11 MB, solutions = 1)
 161513 151490     8080.0986   571     7376.5267     8288.9973  4334784   12.37%
 162173 152101        cutoff           7376.5267     8288.7738  4355700   12.37%
 162899 152789     7784.8255   430     7376.5267     8288.5741  4377403   12.36%
 163632 153470     7478.5414   383     7376.5267     8288.3347  4398860   12.36%
 164330 154116     7606.6996   439     7376.5267     8287.8901  4421017   12.35%
 165212 154947     7719.8327   453     7376.5267     8287.6561  4442389   12.35%
 165886 155554     7807.8058   471     7376.5267     8287.0908  4465472   12.34%
 166590 156221     7849.5641   426     7376.5267     8286.8887  4487233   12.34%
 167453 157049     7570.0156   379     7376.5267     8286.4399  4508846   12.34%
 168162 157711     7770.7847   431     7376.5267     8286.1379  4529604   12.33%
Elapsed time = 1483.84 sec. (882540.56 ticks, tree = 267.60 MB, solutions = 1)
 168747 158230     7767.9591   454     7376.5267     8285.6791  4550825   12.32%
 169591 159022     7933.9997   507     7376.5267     8285.4505  4571027   12.32%
 170265 159649     7694.2673   449     7376.5267     8285.0079  4591092   12.32%
 170967 160304     7676.0894   425     7376.5267     8284.6713  4612894   12.31%
 171829 161131     8066.0229   514     7376.5267     8284.4320  4631631   12.31%
 172507 161751     7978.9288   504     7376.5267     8284.1149  4652702   12.30%
 173238 162440     7585.9374   363     7376.5267     8283.9486  4672905   12.30%
 173808 162973     7607.1393   421     7376.5267     8283.7475  4693805   12.30%
 174502 163604     7419.2967   411     7376.5267     8283.2608  4715730   12.29%
 175379 164447     7957.2470   468     7376.5267     8282.9174  4736568   12.29%
Elapsed time = 1547.78 sec. (920778.20 ticks, tree = 276.85 MB, solutions = 1)
 176297 165315     7671.0451   435     7376.5267     8282.6157  4757738   12.28%
 177016 165981     7869.1642   494     7376.5267     8282.0164  4778300   12.28%
 177737 166651     7928.5974   488     7376.5267     8281.5356  4800368   12.27%
 178398 167264     7903.9089   474     7376.5267     8281.2390  4821418   12.26%
 179319 168149     7596.7237   437     7376.5267     8280.9196  4843257   12.26%
 179941 168715     7779.2020   447     7376.5267     8280.6466  4864770   12.26%
 180617 169358        cutoff           7376.5267     8280.3604  4885231   12.25%
 181380 170077     8132.9281   500     7376.5267     8280.0088  4905879   12.25%
 182145 170805     7833.6433   435     7376.5267     8279.9180  4927670   12.25%
 182793 171383     7976.9579   492     7376.5267     8279.6689  4950585   12.24%
Elapsed time = 1613.08 sec. (959078.40 ticks, tree = 286.41 MB, solutions = 1)
 183550 172109     7405.1129   368     7376.5267     8279.5677  4971530   12.24%
 184289 172798     7887.8653   478     7376.5267     8279.4016  4991779   12.24%
 185158 173580     7913.1620   507     7376.5267     8279.1508  5013103   12.24%
 185807 174196     7600.9746   427     7376.5267     8278.8217  5034131   12.23%
 186558 174896        cutoff           7376.5267     8278.1075  5055722   12.22%
 187104 175390     7918.9293   494     7376.5267     8277.7717  5076778   12.22%
 187889 176140     7415.3730   215     7376.5267     8277.5605  5096170   12.21%
 188680 176861     7458.8237   348     7376.5267     8276.9333  5117225   12.21%
 189273 177387     7742.3593   414     7376.5267     8276.8226  5138048   12.20%
 189867 177938     7989.8168   505     7376.5267     8276.5589  5158347   12.20%
Elapsed time = 1678.22 sec. (997414.99 ticks, tree = 295.47 MB, solutions = 1)
 190592 178633     7968.4633   498     7376.5267     8276.3194  5178917   12.20%
 191432 179426     7671.6886   424     7376.5267     8276.2490  5199430   12.20%
 192136 180077     7587.7542   379     7376.5267     8276.0608  5219980   12.19%
 192897 180775     7924.9770   514     7376.5267     8275.8145  5240403   12.19%
 193655 181496     7706.5890   441     7376.5267     8275.4794  5262423   12.19%
 194417 182228     7973.2302   475     7376.5267     8275.2129  5283633   12.18%
 195126 182885     7809.1390   450     7376.5267     8275.0667  5305335   12.18%
 195877 183591     8009.1280   489     7376.5267     8274.8383  5326978   12.18%
 196663 184338     7714.6755   464     7376.5267     8274.6446  5347382   12.18%
 197396 185015     7596.6241   448     7376.5267     8274.4573  5368397   12.17%
Elapsed time = 1743.92 sec. (1035846.69 ticks, tree = 305.46 MB, solutions = 1)
 198146 185715     7479.7971   334     7376.5267     8274.0852  5389924   12.17%
 198956 186471     7787.2854   462     7376.5267     8273.8390  5411774   12.16%
 199855 187324     7906.1917   488     7376.5267     8273.6752  5433842   12.16%
 200667 188102     7780.3213   436     7376.5267     8273.4474  5454945   12.16%
 201508 188909     7554.3001   367     7376.5267     8273.3545  5475986   12.16%
 202091 189422     7711.3876   403     7376.5267     8273.0346  5496659   12.15%
 202667 189959     7923.3174   474     7376.5267     8272.7071  5516325   12.15%
 203442 190697     7477.3167   355     7376.5267     8272.5481  5536350   12.15%
 204182 191415     7718.3019   361     7376.5267     8272.4505  5556110   12.15%
 204970 192165     7527.3007   382     7376.5267     8272.2980  5576694   12.14%
Elapsed time = 1808.83 sec. (1074043.98 ticks, tree = 316.77 MB, solutions = 1)
 205589 192743     7570.6326   404     7376.5267     8271.9182  5597546   12.14%
 206233 193347     7669.3524   438     7376.5267     8271.7090  5617807   12.14%
 206831 193896     7973.5448   464     7376.5267     8271.2923  5638717   12.13%
 207660 194692     7909.9277   480     7376.5267     8271.2194  5658928   12.13%
 208385 195388     7882.6943   497     7376.5267     8270.9360  5678665   12.13%
 209140 196095     7973.3505   492     7376.5267     8270.5678  5699780   12.12%
 209879 196785     7690.3448   427     7376.5267     8270.3311  5721986   12.12%
 210801 197676     7381.3479   346     7376.5267     8269.9678  5743364   12.11%
 211466 198290     7743.3060   441     7376.5267     8269.6785  5765173   12.11%
 212135 198906     7690.4075   415     7376.5267     8269.4121  5785900   12.10%
Elapsed time = 1873.35 sec. (1112322.76 ticks, tree = 326.09 MB, solutions = 1)
 212846 199569     7882.1810   481     7376.5267     8269.1675  5806626   12.10%
 213613 200310     7796.3540   444     7376.5267     8269.0251  5827435   12.10%
 214397 201052     7460.9241   357     7376.5267     8268.9450  5847866   12.10%
 215079 201684     8095.7305   521     7376.5267     8268.6411  5869330   12.09%
 215719 202288     7932.0576   478     7376.5267     8268.0554  5891063   12.09%
 216399 202920     7783.7612   458     7376.5267     8267.7873  5912506   12.08%
 217187 203653     7598.1851   391     7376.5267     8267.6345  5934661   12.08%
 218026 204459     7671.2249   457     7376.5267     8267.4463  5955636   12.08%
 218728 205111     8066.1766   525     7376.5267     8267.1383  5977056   12.07%
 219328 205659     7775.8950   475     7376.5267     8266.9720  5998069   12.07%
Elapsed time = 1939.41 sec. (1150703.85 ticks, tree = 335.92 MB, solutions = 1)
 220127 206410     7604.8809   437     7376.5267     8266.6246  6019459   12.07%
 220833 207071     7783.2870   469     7376.5267     8266.3585  6040109   12.06%
 221430 207620     7939.1362   498     7376.5267     8266.0529  6060536   12.06%
 222349 208493     7981.6980   436     7376.5267     8265.8054  6081064   12.06%
 223016 209126     7405.9129   337     7376.5267     8265.5717  6102153   12.05%
 223788 209855     7644.4944   458     7376.5267     8265.2961  6122646   12.05%
 224577 210603     7758.8956   416     7376.5267     8265.1516  6143853   12.05%
 225323 211297     8067.0797   498     7376.5267     8264.9048  6163748   12.04%
 226084 212020     7915.2379   481     7376.5267     8264.7467  6184989   12.04%
 226826 212715     7578.9247   377     7376.5267     8264.5088  6205418   12.04%
Elapsed time = 2004.53 sec. (1189017.25 ticks, tree = 345.77 MB, solutions = 1)
 227454 213304     7667.1110   412     7376.5267     8264.2360  6226124   12.03%
 228333 214126     7611.1744   424     7376.5267     8264.0416  6247261   12.03%
 229161 214899     7894.2339   483     7376.5267     8263.7869  6269447   12.03%
 230043 215731     7753.6828   406     7376.5267     8263.5847  6289742   12.03%
 230669 216294     7778.8911   446     7376.5267     8263.3415  6310847   12.02%
 231405 216987     7583.1876   390     7376.5267     8263.2238  6331703   12.02%
 232103 217616     7766.6324   430     7376.5267     8262.9468  6353024   12.02%
 232741 218190     7935.0973   502     7376.5267     8262.6692  6375410   12.01%
 233392 218798     8124.2669   516     7376.5267     8262.4123  6398207   12.01%
 234262 219613     8036.1003   543     7376.5267     8262.1910  6418651   12.01%
Elapsed time = 2069.95 sec. (1227598.92 ticks, tree = 355.89 MB, solutions = 1)
 234888 220196     7959.9463   457     7376.5267     8261.9493  6438681   12.00%
 235748 221026        cutoff           7376.5267     8261.7808  6460741   12.00%
 236587 221818        cutoff           7376.5267     8261.7376  6482360   12.00%
 237278 222469     7764.5089   407     7376.5267     8261.6725  6503153   12.00%
 238001 223132     7517.1194   433     7376.5267     8261.2657  6525273   11.99%
 238698 223790     7462.9956   388     7376.5267     8261.0823  6547640   11.99%
 239566 224605     7923.2414   474     7376.5267     8260.9982  6568379   11.99%
 240299 225297     7946.2798   486     7376.5267     8260.9357  6588236   11.99%
 240917 225853     7759.7431   390     7376.5267     8260.5582  6608941   11.98%
 241728 226643     7693.2000   418     7376.5267     8260.4049  6628989   11.98%
Elapsed time = 2135.18 sec. (1265957.53 ticks, tree = 367.22 MB, solutions = 1)
 242457 227324     7992.9279   493     7376.5267     8260.1223  6649456   11.98%
 243192 228001     7932.8989   487     7376.5267     8259.9790  6670169   11.98%
 244046 228811     7941.0365   466     7376.5267     8259.7684  6691125   11.97%
 244848 229577     7577.9714   377     7376.5267     8259.6983  6710978   11.97%
 245580 230256     7903.1382   469     7376.5267     8259.5504  6731076   11.97%
 246432 231070     7399.4211   268     7376.5267     8259.3403  6751085   11.97%
 247077 231665     7828.6466   453     7376.5267     8259.1334  6771842   11.97%
 247747 232298     7502.0624   394     7376.5267     8258.9200  6792568   11.96%
 248480 232984     7908.2812   450     7376.5267     8258.6073  6813593   11.96%
 249152 233597     7880.1279   454     7376.5267     8258.3902  6836015   11.95%
Elapsed time = 2201.84 sec. (1304390.10 ticks, tree = 377.01 MB, solutions = 1)
 249946 234353     7498.6876   423     7376.5267     8258.2536  6856640   11.95%
 250653 234995     7571.0322   378     7376.5267     8258.0829  6877238   11.95%
 251375 235660     7929.9273   478     7376.5267     8257.6776  6899801   11.95%
 252130 236362     7817.1608   454     7376.5267     8257.4079  6921567   11.94%
 252819 237006     7477.0337   351     7376.5267     8257.1825  6943629   11.94%
 253600 237736     8030.5892   543     7376.5267     8256.9409  6965776   11.94%
 254202 238293     7924.9965   514     7376.5267     8256.7035  6987874   11.93%
 254807 238833     7478.8765   393     7376.5267     8256.3972  7009004   11.93%
 255457 239426     8060.4359   517     7376.5267     8256.0865  7030453   11.92%
 256164 240093     7427.3846   351     7376.5267     8255.8016  7051194   11.92%
Elapsed time = 2266.72 sec. (1342755.70 ticks, tree = 386.09 MB, solutions = 1)
 257023 240910     7958.8693   459     7376.5267     8255.4492  7072217   11.92%
 257811 241665     7423.6040   374     7376.5267     8255.3880  7093360   11.91%
 258498 242291        cutoff           7376.5267     8255.0857  7115127   11.91%
 259273 243013     7425.8923   365     7376.5267     8254.9027  7136330   11.91%
 260045 243750     7809.8175   463     7376.5267     8254.7867  7158216   11.91%
 260755 244402     7924.5805   477     7376.5267     8254.5162  7178997   11.90%
 261561 245186     7470.6606   284     7376.5267     8254.3665  7199157   11.90%
 262333 245911     8101.4973   502     7376.5267     8254.1584  7219601   11.90%
 263075 246621     7993.1954   477     7376.5267     8253.9783  7239752   11.90%
 263822 247328     7725.9793   434     7376.5267     8253.8588  7260296   11.89%
Elapsed time = 2331.32 sec. (1381174.56 ticks, tree = 396.10 MB, solutions = 1)
 264506 247976     7786.3191   443     7376.5267     8253.5877  7279707   11.89%
 265383 248810     7866.2691   461     7376.5267     8253.3766  7300516   11.89%
 265975 249347     7984.3096   517     7376.5267     8253.1349  7320939   11.88%
 266613 249940     7439.6198   347     7376.5267     8252.8698  7341816   11.88%
 267406 250696     7459.9914   387     7376.5267     8252.7633  7361969   11.88%
 268182 251439     7599.5262   394     7376.5267     8252.5679  7381970   11.88%
 269066 252276     8032.1547   496     7376.5267     8252.3155  7403189   11.87%
 269798 252955     7637.0412   457     7376.5267     8252.1956  7424381   11.87%
 270311 253428     7449.6778   398     7376.5267     8251.9000  7445260   11.87%
 271010 254079     7614.8978   397     7376.5267     8251.5840  7465648   11.86%
Elapsed time = 2396.33 sec. (1419353.94 ticks, tree = 405.48 MB, solutions = 1)
 271728 254750     7464.2192   298     7376.5267     8251.4406  7487761   11.86%
 272341 255319     7680.5998   463     7376.5267     8251.2099  7509227   11.86%
 273121 256037     8082.7555   491     7376.5267     8250.9830  7532042   11.85%
 273790 256657     7573.6800   404     7376.5267     8250.6920  7553772   11.85%
 274620 257430     7960.2474   503     7376.5267     8250.4946  7575238   11.85%
 275276 258050     7584.9918   366     7376.5267     8250.3961  7596793   11.85%
 276044 258758     7645.9513   372     7376.5267     8250.1692  7618635   11.84%
 276885 259537     7602.8473   448     7376.5267     8250.0265  7640612   11.84%
 277683 260289     7470.8066   396     7376.5267     8249.6521  7662701   11.84%
 278435 260987     7833.8567   473     7376.5267     8249.5085  7683375   11.83%
Elapsed time = 2462.62 sec. (1457652.23 ticks, tree = 415.04 MB, solutions = 1)
 279237 261763     7616.0041   330     7376.5267     8249.3496  7704515   11.83%
 280023 262505     8072.7585   554     7376.5267     8249.2461  7726039   11.83%
 280730 263160     7555.7989   454     7376.5267     8249.0529  7747695   11.83%
 281401 263791     7728.1811   453     7376.5267     8248.8214  7768669   11.83%
 282131 264476     7916.3999   520     7376.5267     8248.7071  7788384   11.82%
 282873 265173     7383.3484   403     7376.5267     8248.5361  7809113   11.82%
 283557 265791     8037.8895   522     7376.5267     8248.3221  7830060   11.82%
 284237 266435     7748.2571   480     7376.5267     8248.0814  7850443   11.82%
 284961 267122     8019.2470   496     7376.5267     8248.0244  7870161   11.81%
 285852 267983     7567.6200   374     7376.5267     8247.8575  7890543   11.81%
Elapsed time = 2527.35 sec. (1496127.12 ticks, tree = 424.73 MB, solutions = 1)
 286776 268873     7820.2596   449     7376.5267     8247.7586  7910702   11.81%
 287528 269579     8049.6358   508     7376.5267     8247.4483  7931543   11.81%
 288247 270252     7533.9052   437     7376.5267     8247.3512  7952996   11.81%
 288973 270934     7923.4782   480     7376.5267     8247.2042  7974212   11.80%
 289797 271704     7703.8897   427     7376.5267     8247.0871  7995829   11.80%
 290505 272357     7567.7837   433     7376.5267     8246.7034  8016550   11.80%
 291357 273166     7673.7443   435     7376.5267     8246.6013  8036709   11.80%
 291834 273592     7971.4406   490     7376.5267     8246.2103  8058727   11.79%
 292646 274356     7450.0126   385     7376.5267     8246.0743  8080151   11.79%
 293510 275180     8051.1677   442     7376.5267     8245.9575  8101443   11.79%
Elapsed time = 2592.43 sec. (1534365.35 ticks, tree = 436.64 MB, solutions = 1)
 294433 276065     7571.4320   342     7376.5267     8245.7896  8122436   11.78%
 295141 276715        cutoff           7376.5267     8245.5534  8143950   11.78%
 296073 277621     7898.9240   497     7376.5267     8245.4489  8164983   11.78%
 296923 278410     7435.7647   373     7376.5267     8245.1729  8186335   11.78%
 297707 279155     7798.5281   413     7376.5267     8245.0103  8208347   11.77%
 298465 279863     7443.3269   377     7376.5267     8244.8798  8229886   11.77%
 299231 280566     8048.4305   494     7376.5267     8244.5036  8251495   11.77%
 300136 281441     8141.9232   520     7376.5267     8244.3992  8272174   11.77%
 300797 282073     7427.7500   402     7376.5267     8244.2919  8293407   11.76%
 301538 282777     8115.1446   483     7376.5267     8244.0830  8314591   11.76%
Elapsed time = 2657.13 sec. (1572677.13 ticks, tree = 447.23 MB, solutions = 1)
 302344 283551     7680.9033   428     7376.5267     8243.7875  8335656   11.76%
 303101 284279     7398.1523   253     7376.5267     8243.5962  8355835   11.75%
 303676 284802     7940.8431   462     7376.5267     8243.3863  8375210   11.75%
 304545 285648     7470.7665   319     7376.5267     8243.2525  8395732   11.75%
 305117 286170     8089.3789   503     7376.5267     8243.1505  8416577   11.75%
 305918 286944     7379.3993   313     7376.5267     8243.0261  8437619   11.75%
 306678 287661     7505.8086   325     7376.5267     8242.8718  8457818   11.74%
 307344 288266     7399.4368   375     7376.5267     8242.5873  8478388   11.74%
 308073 288937     8040.6413   499     7376.5267     8242.1614  8499259   11.73%
 308758 289565     7384.4802   423     7376.5267     8241.6180  8521131   11.73%
Elapsed time = 2722.70 sec. (1610945.90 ticks, tree = 456.68 MB, solutions = 1)
 309389 290168     7966.5150   505     7376.5267     8241.4778  8540468   11.73%
 310213 290944     7776.9374   444     7376.5267     8241.3921  8560909   11.72%
 310949 291641     7637.6001   391     7376.5267     8241.2747  8581511   11.72%
 311692 292339     7619.8435   420     7376.5267     8241.1601  8601864   11.72%
 312446 293006     8041.2432   482     7376.5267     8240.8521  8623500   11.72%
 313078 293615     7614.9229   330     7376.5267     8240.7189  8643782   11.72%
 313843 294320     7489.8768   422     7376.5267     8240.5357  8664428   11.71%
 314437 294862     7868.7032   439     7376.5267     8240.2218  8685844   11.71%
 315305 295691     7935.9679   508     7376.5267     8240.0347  8707529   11.71%
 316038 296370     7580.1335   415     7376.5267     8239.7274  8728373   11.70%
Elapsed time = 2788.31 sec. (1649187.49 ticks, tree = 466.17 MB, solutions = 1)
 316709 297000     7563.3162   416     7376.5267     8239.5457  8750561   11.70%
 317441 297681     7806.0195   461     7376.5267     8239.2681  8772506   11.70%
 318066 298234     7890.8623   512     7376.5267     8238.9205  8794468   11.69%
 318758 298863     7704.8915   448     7376.5267     8238.6312  8815733   11.69%
 319516 299572     7958.0093   514     7376.5267     8238.3034  8836728   11.68%
 320228 300238     7557.5849   409     7376.5267     8238.0611  8859645   11.68%
 320872 300835     7562.9374   413     7376.5267     8238.0244  8880859   11.68%
 321637 301568     7920.4647   466     7376.5267     8237.6977  8901312   11.67%
 322507 302397     7740.4121   460     7376.5267     8237.5016  8921603   11.67%
 323296 303148     7502.8120   364     7376.5267     8237.2286  8942502   11.67%
Elapsed time = 2853.74 sec. (1687405.93 ticks, tree = 475.60 MB, solutions = 1)
 323956 303757     7393.0943   353     7376.5267     8236.9626  8965544   11.66%
 324682 304437     7440.8481   363     7376.5267     8236.8497  8985428   11.66%
 325550 305273     8063.0223   474     7376.5267     8236.6142  9005304   11.66%
 326471 306171     7454.0829   356     7376.5267     8236.5385  9025524   11.66%
 327167 306833     7678.4381   407     7376.5267     8236.4322  9046452   11.66%
 327800 307430     7635.5846   444     7376.5267     8236.2702  9067373   11.66%
 328391 307984     8023.0294   473     7376.5267     8236.2013  9087797   11.65%
 329076 308617     7755.1641   437     7376.5267     8235.8083  9109347   11.65%
 329766 309280     7893.8294   470     7376.5267     8235.5971  9129269   11.65%
 330483 309957     7721.2287   427     7376.5267     8235.4996  9150328   11.64%
Elapsed time = 2917.94 sec. (1725624.56 ticks, tree = 485.12 MB, solutions = 1)
 331184 310612     7733.0454   449     7376.5267     8235.3856  9169838   11.64%
 332073 311468     7448.5258   350     7376.5267     8235.2417  9190972   11.64%
 332766 312108     7924.7112   492     7376.5267     8234.9222  9211664   11.64%
 333584 312907     7545.6116   402     7376.5267     8234.7904  9232399   11.64%
 334393 313670     7864.2092   418     7376.5267     8234.5156  9253588   11.63%
 335230 314457     7370.2556   353     7376.5267     8234.4410  9274892   11.63%
 336031 315195     7867.0921   460     7376.5267     8234.2859  9296534   11.63%
 336823 315957     8078.8584   522     7376.5267     8233.9050  9316228   11.62%
 337594 316700     7504.9302   344     7376.5267     8233.6300  9337062   11.62%
 338522 317592     7765.6826   421     7376.5267     8233.4641  9358254   11.62%
Elapsed time = 2983.40 sec. (1763945.06 ticks, tree = 495.77 MB, solutions = 1)
 339282 318307     7448.6918   384     7376.5267     8233.2705  9379821   11.61%
 340086 319068     7873.0137   486     7376.5267     8233.0222  9400164   11.61%
 340785 319731     8100.8133   510     7376.5267     8232.8046  9422483   11.61%
 341518 320430     7431.7281   350     7376.5267     8232.7571  9443588   11.61%
 342013 320876     7512.1290   358     7376.5267     8232.5461  9465409   11.60%
 342815 321620     7463.6922   438     7376.5267     8232.3264  9487496   11.60%
 343503 322266     7743.1777   437     7376.5267     8232.2381  9508645   11.60%
 344189 322901     8094.3998   512     7376.5267     8232.0485  9529572   11.60%
 344980 323655     7711.8661   458     7376.5267     8231.8993  9550358   11.60%
 345694 324334     7385.7563   393     7376.5267     8231.6500  9571971   11.59%
Elapsed time = 3049.15 sec. (1802235.36 ticks, tree = 505.17 MB, solutions = 1)
 346413 325018     7767.5609   473     7376.5267     8231.5232  9592790   11.59%
 347277 325846     8091.2843   515     7376.5267     8231.4375  9613971   11.59%
 348147 326681     7997.3251   526     7376.5267     8231.2178  9634888   11.59%
 349092 327577     7937.1978   509     7376.5267     8231.0253  9655289   11.58%
 349831 328292     7500.7962   339     7376.5267     8230.9075  9674489   11.58%
 350640 329069     7847.7622   409     7376.5267     8230.5195  9695345   11.58%
 351298 329677     8000.8417   491     7376.5267     8230.3160  9715816   11.57%
 352073 330421     7911.4686   488     7376.5267     8230.1392  9736153   11.57%
 352739 331043     7954.2969   496     7376.5267     8229.8476  9757383   11.57%
 353538 331795        cutoff           7376.5267     8229.7339  9778039   11.57%
Elapsed time = 3114.64 sec. (1840614.78 ticks, tree = 517.88 MB, solutions = 1)
 354334 332562     7519.6470   398     7376.5267     8229.4736  9797856   11.56%
 354886 333068     8087.5808   470     7376.5267     8229.2475  9818698   11.56%
 355770 333916     7423.6584   343     7376.5267     8229.0217  9839618   11.56%
 356355 334431     7518.0950   406     7376.5267     8228.7848  9861645   11.55%
 356992 335022     7889.0065   475     7376.5267     8228.5893  9882002   11.55%
 357766 335757     8103.1583   485     7376.5267     8228.3050  9903199   11.55%
 358433 336352     7978.5677   451     7376.5267     8227.8123  9923919   11.54%
 359125 336984     8001.7437   545     7376.5267     8227.5359  9944661   11.54%
 359915 337740        cutoff           7376.5267     8227.3438  9964937   11.53%
 360545 338328        cutoff           7376.5267     8227.1624  9986167   11.53%
Elapsed time = 3180.79 sec. (1879004.14 ticks, tree = 527.02 MB, solutions = 1)
 361246 338974     7878.2546   451     7376.5267     8226.9666 10007082   11.53%
 361940 339619     8018.2980   480     7376.5267     8226.7674 10027107   11.53%
 362720 340367     7594.6803   407     7376.5267     8226.6567 10049090   11.52%
 363472 341083     7861.6630   518     7376.5267     8226.5484 10070404   11.52%
 364189 341770     7971.1982   484     7376.5267     8226.3959 10090984   11.52%
 364944 342489        cutoff           7376.5267     8226.2030 10111314   11.52%
 365636 343144        cutoff           7376.5267     8226.0435 10133876   11.52%
 366361 343839     7506.6328   340     7376.5267     8225.8425 10155296   11.51%
 367107 344551     7834.1111   466     7376.5267     8225.5623 10176036   11.51%
 367575 344993     7442.9808   383     7376.5267     8225.4117 10189572   11.51%
Elapsed time = 3247.13 sec. (1917275.82 ticks, tree = 536.35 MB, solutions = 1)
 367873 345278     7401.6336   354     7376.5267     8225.3456 10199657   11.51%
 367973 345362     7593.8416   414     7376.5267     8225.2648 10203842   11.51%
 368173 345541     7679.4088   447     7376.5267     8225.0627 10210895   11.50%
 368373 345730     7742.0940   466     7376.5267     8225.0317 10217528   11.50%
 368473 345830     7434.8673   336     7376.5267     8225.0317 10219861   11.50%
 368573 345918     7894.6252   454     7376.5267     8224.9693 10222911   11.50%
 368673 346018     7442.8442   358     7376.5267     8224.9693 10224768   11.50%
 368773 346114     7680.9082   408     7376.5267     8224.9391 10227357   11.50%
 368873 346214     7438.1180   320     7376.5267     8224.9391 10229236   11.50%
 369073 346400     7601.8176   387     7376.5267     8224.5964 10234238   11.50%
Elapsed time = 3349.83 sec. (1979490.30 ticks, tree = 538.31 MB, solutions = 1)
 369173 346495     7944.7117   484     7376.5267     8224.5848 10236056   11.50%
 369273 346595     7539.8751   380     7376.5267     8224.5848 10238558   11.50%
 369373 346687     7799.5979   439     7376.5267     8224.5140 10242389   11.50%
 370073 347349     7902.8034   448     7376.5267     8224.3868 10262688   11.49%
 370737 347988     8062.1427   534     7376.5267     8224.2545 10280217   11.49%
 371524 348732     7694.0050   486     7376.5267     8223.9727 10300469   11.49%
 372203 349375     7709.8583   454     7376.5267     8223.8597 10319437   11.49%
 372943 350091     7919.7562   493     7376.5267     8223.5656 10339758   11.48%
 373445 350554     7616.9268   477     7376.5267     8223.3996 10359360   11.48%
 374023 351108     7384.8140   350     7376.5267     8223.0609 10377893   11.48%
Elapsed time = 3425.44 sec. (2023484.63 ticks, tree = 544.90 MB, solutions = 1)
 374673 351728     7416.7038   235     7376.5267     8222.8658 10391229   11.47%
 375273 352282     7455.5486   391     7376.5267     8222.7644 10408103   11.47%
 375973 352940     7606.6715   455     7376.5267     8222.6555 10426897   11.47%
 376583 353511     7502.0668   410     7376.5267     8222.3361 10445879   11.47%
 377223 354105     7492.9877   344     7376.5267     8222.2055 10465158   11.46%
 377960 354815     7577.6315   380     7376.5267     8221.8553 10483350   11.46%
 378451 355277     7586.2060   429     7376.5267     8221.7150 10499518   11.46%
 379183 355985     7938.5503   495     7376.5267     8221.3532 10517307   11.45%
 379797 356563     7391.0100   397     7376.5267     8221.2605 10536604   11.45%
 380431 357151     7530.2690   368     7376.5267     8220.9783 10555840   11.45%
Elapsed time = 3492.45 sec. (2062735.58 ticks, tree = 553.36 MB, solutions = 1)
 381224 357914     7528.9905   437     7376.5267     8220.8522 10572557   11.45%
 381967 358626     7547.3706   363     7376.5267     8220.6335 10589988   11.44%
 382497 359114     7426.0761   391     7376.5267     8220.4282 10607669   11.44%
 382973 359565     7521.8132   376     7376.5267     8220.3893 10621796   11.44%
 383673 360216     7500.9711   366     7376.5267     8220.1622 10641319   11.44%
 384375 360867     8024.4510   537     7376.5267     8219.9682 10660007   11.43%
 385237 361690     7395.1310   340     7376.5267     8219.8100 10679488   11.43%
 385916 362324     7397.9613   413     7376.5267     8219.5550 10699782   11.43%
 386612 362986     7637.4156   385     7376.5267     8219.4960 10718391   11.43%
 387273 363621     7448.3038   292     7376.5267     8219.3582 10733143   11.43%
Elapsed time = 3566.49 sec. (2106523.16 ticks, tree = 562.33 MB, solutions = 1)
 387911 364216     7683.1762   407     7376.5267     8219.0987 10753777   11.42%
 388505 364777     7971.9630   477     7376.5267     8218.8229 10772191   11.42%
 389213 365452     7566.3401   444     7376.5267     8218.6969 10790178   11.42%
 389774 365975     7705.2970   387     7376.5267     8218.5391 10809584   11.41%

Clique cuts applied:  2
Implied bound cuts applied:  662
Flow cuts applied:  69
Mixed integer rounding cuts applied:  361
Lift and project cuts applied:  223
Gomory fractional cuts applied:  136

Root node processing (before b&c):
  Real time             =    4.17 sec. (1966.38 ticks)
Sequential b&c:
  Real time             = 3595.83 sec. (2123640.96 ticks)
                          ------------
Total (root+branch&cut) = 3600.00 sec. (2125607.33 ticks)
