1 of 1 MIP starts provided solutions.
MIP start 'm1' defined initial solution with objective 1326.4550.
Tried aggregator 1 time.
MIP Presolve eliminated 6 rows and 1 columns.
Reduced MIP has 4894 rows, 3455 columns, and 68720 nonzeros.
Reduced MIP has 1600 binaries, 0 generals, 0 SOSs, and 0 indicators.
Presolve time = 0.03 sec. (19.20 ticks)
Probing time = 0.01 sec. (5.26 ticks)
Tried aggregator 1 time.
Reduced MIP has 4894 rows, 3455 columns, and 68720 nonzeros.
Reduced MIP has 1600 binaries, 0 generals, 0 SOSs, and 0 indicators.
Presolve time = 0.04 sec. (22.89 ticks)
Probing time = 0.01 sec. (5.21 ticks)
Clique table members: 1731.
MIP emphasis: balance optimality and feasibility.
MIP search method: dynamic search.
Parallel mode: none, using 1 thread.
Root relaxation solution time = 0.06 sec. (35.80 ticks)

        Nodes                                         Cuts/
   Node  Left     Objective  IInf  Best Integer    Best Bound    ItCnt     Gap

*     0+    0                         1326.4550    11074.8443     1879  734.92%
      0     0     1341.0918    55     1326.4550     1341.0918     1879    1.10%
      0     0     1334.8162    45     1326.4550      Cuts: 65     2001    0.63%
      0     0     1331.5883    56     1326.4550      Cuts: 61     2058    0.39%
      0     0     1330.2851    49     1326.4550     Cuts: 134     2078    0.29%

Repeating presolve.
Tried aggregator 2 times.
MIP Presolve eliminated 1301 rows and 1267 columns.
MIP Presolve modified 429 coefficients.
Aggregator did 1 substitutions.
Reduced MIP has 3592 rows, 2187 columns, and 42631 nonzeros.
Reduced MIP has 978 binaries, 0 generals, 0 SOSs, and 0 indicators.
Presolve time = 0.05 sec. (28.96 ticks)
Probing time = 0.01 sec. (4.66 ticks)
Tried aggregator 1 time.
Reduced MIP has 3592 rows, 2187 columns, and 42631 nonzeros.
Reduced MIP has 978 binaries, 0 generals, 0 SOSs, and 0 indicators.
Presolve time = 0.02 sec. (14.57 ticks)
Represolve time = 0.09 sec. (55.46 ticks)
Probing time = 0.01 sec. (4.62 ticks)
Clique table members: 2113.
MIP emphasis: balance optimality and feasibility.
MIP search method: dynamic search.
Parallel mode: none, using 1 thread.
Root relaxation solution time = 0.06 sec. (38.85 ticks)

        Nodes                                         Cuts/
   Node  Left     Objective  IInf  Best Integer    Best Bound    ItCnt     Gap

*     0+    0                         1326.4550     1330.2851     3816    0.29%
      0     0     1330.2851    49     1326.4550     1330.2851     3816    0.29%
      0     2     1330.2851    49     1326.4550     1330.2513     3816    0.29%
Elapsed time = 0.78 sec. (507.01 ticks, tree = 0.00 MB, solutions = 1)
    110    67     1327.6708    26     1326.4550     1329.0289     4642    0.19%
    216   102        cutoff           1326.4550     1328.4460     5460    0.15%
    300    97     1326.7947    27     1326.4550     1327.8297     6350    0.10%
    441    66     1326.8005    29     1326.4550     1327.1739     7349    0.05%

Flow cuts applied:  70
Mixed integer rounding cuts applied:  95
Lift and project cuts applied:  3
Gomory fractional cuts applied:  18

Root node processing (before b&c):
  Real time             =    0.78 sec. (506.92 ticks)
Sequential b&c:
  Real time             =    1.50 sec. (1184.31 ticks)
                          ------------
Total (root+branch&cut) =    2.28 sec. (1691.23 ticks)
