1 of 1 MIP starts provided solutions.
MIP start 'm1' defined initial solution with objective 7027.8819.
Tried aggregator 1 time.
MIP Presolve eliminated 48 rows and 1 columns.
Reduced MIP has 5052 rows, 3292 columns, and 33563 nonzeros.
Reduced MIP has 1600 binaries, 0 generals, 0 SOSs, and 0 indicators.
Presolve time = 0.02 sec. (10.76 ticks)
Probing time = 0.01 sec. (4.74 ticks)
Tried aggregator 1 time.
Reduced MIP has 5052 rows, 3292 columns, and 33563 nonzeros.
Reduced MIP has 1600 binaries, 0 generals, 0 SOSs, and 0 indicators.
Presolve time = 0.02 sec. (13.14 ticks)
Probing time = 0.01 sec. (4.65 ticks)
Clique table members: 5128.
MIP emphasis: balance optimality and feasibility.
MIP search method: dynamic search.
Parallel mode: none, using 1 thread.
Root relaxation solution time = 0.10 sec. (64.47 ticks)

        Nodes                                         Cuts/
   Node  Left     Objective  IInf  Best Integer    Best Bound    ItCnt     Gap

*     0+    0                         7027.8819    31959.5634     2996  354.75%
      0     0     9058.0804   455     7027.8819     9058.0804     2996   28.89%
      0     0     8748.2920   508     7027.8819     Cuts: 544     3577   24.48%
      0     0     8517.4729   543     7027.8819     Cuts: 527     4261   21.20%
      0     0     8409.1355   567     7027.8819     Cuts: 452     4924   19.65%
      0     0     8347.7209   571     7027.8819     Cuts: 452     5528   18.78%
      0     0     8281.1656   589     7027.8819     Cuts: 439     6105   17.83%
      0     0     8238.4643   582     7027.8819     Cuts: 416     6559   17.23%
      0     0     8217.4997   598     7027.8819     Cuts: 406     6974   16.93%
      0     0     8195.1243   591     7027.8819     Cuts: 262     7333   16.61%
      0     0     8183.6275   608     7027.8819     Cuts: 361     7654   16.45%
      0     0     8165.8514   620     7027.8819     Cuts: 266     8063   16.19%
      0     0     8155.3702   621     7027.8819     Cuts: 317     8362   16.04%
      0     0     8145.3087   620     7027.8819     Cuts: 316     8650   15.90%
      0     0     8138.4620   612     7027.8819     Cuts: 262     8934   15.80%
      0     0     8133.5031   614     7027.8819     Cuts: 213     9167   15.73%
      0     0     8126.4268   624     7027.8819     Cuts: 324     9372   15.63%
      0     0     8116.8418   623     7027.8819     Cuts: 223     9638   15.49%
      0     0     8114.1700   638     7027.8819     Cuts: 229     9857   15.46%
      0     0     8107.7844   623     7027.8819     Cuts: 188    10118   15.37%
      0     0     8104.3598   632     7027.8819     Cuts: 204    10324   15.32%
      0     0     8101.8108   634     7027.8819     Cuts: 140    10464   15.28%
      0     0     8099.5605   637     7027.8819     Cuts: 176    10594   15.25%
      0     0     8098.2674   633     7027.8819     Cuts: 187    10699   15.23%
      0     0     8096.7572   637     7027.8819      Cuts: 94    10799   15.21%
      0     2     8096.7572   637     7027.8819     8096.7410    10799   15.21%
Elapsed time = 8.72 sec. (4904.23 ticks, tree = 0.00 MB, solutions = 1)
      3     5     8044.5823   570     7027.8819     8096.3820    12411   15.20%
      6     8     8092.4275   628     7027.8819     8092.4275    13322   15.15%
      8    10     8066.1982   628     7027.8819     8081.4143    15066   14.99%
     10    12     8060.4963   604     7027.8819     8072.4172    16253   14.86%
     13    15     8044.1111   583     7027.8819     8072.4172    17055   14.86%
     20    22     8020.9554   566     7027.8819     8072.4172    18580   14.86%
     25    27     8013.0156   560     7027.8819     8072.4172    20184   14.86%
     30    32     7998.0480   517     7027.8819     8072.4172    20889   14.86%
     40    42     7900.8675   431     7027.8819     8072.4172    22394   14.86%
    194   178     7759.7504   427     7027.8819     8072.1111    32360   14.86%
Elapsed time = 16.12 sec. (9477.59 ticks, tree = 0.70 MB, solutions = 1)
    250   234     7829.0332   390     7027.8819     8072.1111    40248   14.86%
    509   449     8069.4445   603     7027.8819     8070.6321    49653   14.84%
    560   500     7784.0925   467     7027.8819     8070.2216    55106   14.83%
    627   567     7829.1666   474     7027.8819     8070.1795    61914   14.83%
    781   717     7190.2058   349     7027.8819     8068.9297    69368   14.81%
    975   885     7228.1514   229     7027.8819     8068.9297    77117   14.81%
   1016   920     7990.4287   652     7027.8819     7990.3828    89553   13.70%
   1018   921     7981.2088   641     7027.8819     7981.4201    90361   13.57%
   1020   921     7910.8624   582     7027.8819     7981.4201    91213   13.57%
   1024   791     7979.7962   640     7027.8819     7981.4201    91366   13.57%
Elapsed time = 55.98 sec. (32404.70 ticks, tree = 2.11 MB, solutions = 1)
   1027   793     7813.0938   514     7027.8819     7981.4201    93597   13.57%
   1031   726     7973.4863   623     7027.8819     7981.4201    95676   13.57%
   1034   728     7698.3813   481     7027.8819     7981.4201    97925   13.57%
   1041   732     7673.3844   477     7027.8819     7981.4201    99132   13.57%
   1069   750     7415.5582   402     7027.8819     7981.4201   102862   13.57%
   1095   751     7027.5431   296     7027.8819     7981.4201   106209   13.57%
   1229   719     7793.0988   491     7027.8819     7981.3627   110824   13.57%
   1256   727     7709.3969   492     7027.8819     7981.3627   112949   13.57%
   1288   735     7138.0537   353     7027.8819     7981.3627   116496   13.57%
   1328   737     7904.4154   545     7027.8819     7979.8245   120119   13.55%
Elapsed time = 74.82 sec. (43157.85 ticks, tree = 1.89 MB, solutions = 1)
   1357   755     7833.4449   516     7027.8819     7979.8245   123343   13.55%
   1380   770     7553.3567   453     7027.8819     7979.8245   127264   13.55%
   1418   798     7803.1983   596     7027.8819     7979.5048   132640   13.54%
   1437   806     7775.1680   576     7027.8819     7979.5048   135351   13.54%
   1459   818     7723.2651   522     7027.8819     7979.5048   138337   13.54%
   1496   839     7601.5445   450     7027.8819     7979.5048   140497   13.54%
   1513   842     7592.9239   451     7027.8819     7978.4845   144082   13.53%
   1576   876     7422.3001   436     7027.8819     7978.4845   146980   13.53%
   1696   937     7052.8935   256     7027.8819     7978.4845   149997   13.53%
   1717   936     7818.0080   599     7027.8819     7975.9565   153216   13.49%
Elapsed time = 92.83 sec. (53543.25 ticks, tree = 2.26 MB, solutions = 1)
   1776   961     7181.6159   351     7027.8819     7975.9565   158954   13.49%
   1843   977     7954.6181   644     7027.8819     7973.4815   163584   13.45%
   1870   992     7923.8506   619     7027.8819     7973.4815   167608   13.45%
   1897  1002     7865.1006   574     7027.8819     7973.4815   172786   13.45%
   1935  1028     7791.8676   527     7027.8819     7973.4815   176837   13.45%
   2006  1062     7554.5623   366     7027.8819     7973.4815   180796   13.45%
   2081  1101     7838.1098   601     7027.8819     7954.3799   184497   13.18%
   2101  1110     7803.6955   573     7027.8819     7954.3799   187497   13.18%
   2131  1127     7720.3856   503     7027.8819     7954.3799   191529   13.18%
   2190  1161     7553.3660   387     7027.8819     7954.3799   195046   13.18%
Elapsed time = 110.52 sec. (63860.77 ticks, tree = 2.70 MB, solutions = 1)
   2317  1229     7612.4667   475     7027.8819     7948.6317   200499   13.10%
   2359  1247     7483.4092   475     7027.8819     7948.6317   203656   13.10%
   2413  1275     7253.6936   374     7027.8819     7948.6317   207333   13.10%
   2486  1327     7472.4460   443     7027.8819     7947.4075   213567   13.08%
   2524  1365     7348.1815   402     7027.8819     7947.4075   216049   13.08%
   2584  1419     7185.1143   388     7027.8819     7943.0313   222936   13.02%
   2625  1450     7029.1620   376     7027.8819     7941.8998   228756   13.01%
   2642  1465     7261.5600   421     7027.8819     7940.3704   232372   12.98%
   2691  1502        cutoff           7027.8819     7939.1179   238614   12.97%
   2699  1510     7178.3177   397     7027.8819     7938.4671   241903   12.96%
Elapsed time = 130.76 sec. (74901.50 ticks, tree = 3.46 MB, solutions = 1)
   2754  1560     7717.1844   520     7027.8819     7938.3221   246154   12.95%
   2774  1580     7676.8148   504     7027.8819     7938.3221   248787   12.95%
   2815  1621     7536.5682   461     7027.8819     7938.3221   252965   12.95%
   2903  1709     7194.0817   326     7027.8819     7938.3221   256888   12.95%
   2946  1739     7745.0257   547     7027.8819     7936.6784   261059   12.93%
   2991  1784     7625.4837   474     7027.8819     7936.6784   265928   12.93%
   3119  1899     7552.7010   470     7027.8819     7934.4625   272252   12.90%
   3161  1936     7140.9629   309     7027.8819     7934.4625   276606   12.90%
   3233  1990     7501.8024   513     7027.8819     7934.0875   280435   12.89%
   3261  2018     7137.7208   419     7027.8819     7934.0875   283572   12.89%
Elapsed time = 148.48 sec. (85110.33 ticks, tree = 4.59 MB, solutions = 1)
   3294  2045     7749.8749   553     7027.8819     7933.5408   287821   12.89%
   3315  2066     7637.9644   483     7027.8819     7933.5408   291088   12.89%
   3352  2103     7542.6148   460     7027.8819     7933.5408   294254   12.89%
   3421  2172     7335.7706   335     7027.8819     7933.5408   298005   12.89%
   3504  2246     7162.0074   411     7027.8819     7932.5912   302146   12.87%
   3513  2249     7855.7176   589     7027.8819     7927.7080   306109   12.80%
   3527  2263     7782.4620   542     7027.8819     7927.7080   308901   12.80%
   3536  2272     7201.4904   386     7027.8819     7927.7080   312984   12.80%
   3559  2288     7834.7513   589     7027.8819     7926.7144   316862   12.79%
   3580  2309     7747.3920   520     7027.8819     7926.7144   319731   12.79%
Elapsed time = 165.66 sec. (95240.59 ticks, tree = 5.59 MB, solutions = 1)
   3610  2339     7660.4064   489     7027.8819     7926.7144   323258   12.79%
   3646  2375     7407.7092   403     7027.8819     7926.7144   327450   12.79%
   3714  2428     7734.4667   566     7027.8819     7926.4521   332348   12.79%
   3737  2451     7597.5247   486     7027.8819     7926.4521   335805   12.79%
   3800  2513     7142.1526   358     7027.8819     7926.4521   340638   12.79%
   3836  2543     7824.1968   590     7027.8819     7924.4160   344089   12.76%
   3858  2565     7724.0067   508     7027.8819     7924.4160   348784   12.76%
   3905  2612     7563.6583   424     7027.8819     7924.4160   353371   12.76%
   3955  2656     7709.9261   510     7027.8819     7923.4687   358498   12.74%
   3991  2692     7433.9330   444     7027.8819     7923.4687   363609   12.74%
Elapsed time = 182.85 sec. (105058.67 ticks, tree = 6.44 MB, solutions = 1)
   4000  2697     7874.2605   618     7027.8819     7923.4660   367409   12.74%
   4022  2719     7755.8689   558     7027.8819     7923.4660   371662   12.74%
   4066  2763     7628.5956   494     7027.8819     7923.4660   376520   12.74%
   4153  2850     7294.9052   305     7027.8819     7923.4660   380847   12.74%
   4234  2922     7755.8147   587     7027.8819     7917.7105   384738   12.66%
   4259  2947     7598.4669   461     7027.8819     7917.7105   389323   12.66%
   4376  3064     7117.3743   174     7027.8819     7917.7105   394092   12.66%
   4415  3095     7803.7116   548     7027.8819     7915.1810   397069   12.63%
   4434  3114     7714.9954   487     7027.8819     7915.1810   400408   12.63%
   4639  3306     7519.6918   471     7027.8819     7914.7603   414853   12.62%
Elapsed time = 205.47 sec. (117831.37 ticks, tree = 7.84 MB, solutions = 1)
   4858  3503     7878.1391   598     7027.8819     7910.8442   431760   12.56%
   4967  3612     7493.3872   417     7027.8819     7910.8442   446124   12.56%
   5168  3804     7516.2596   454     7027.8819     7910.8125   460557   12.56%
   5368  3995     7775.5395   579     7027.8819     7910.1634   479193   12.55%
   5633  4253     7553.3411   430     7027.8819     7909.6856   496625   12.55%
   5914  4516     7184.8584   196     7027.8819     7909.2063   516621   12.54%
   6198  4785     7682.4858   496     7027.8819     7908.2748   534153   12.53%
   6449  5029     7539.8046   430     7027.8819     7906.9848   553080   12.51%
   6670  5234     7835.0762   605     7027.8819     7904.3956   573572   12.47%
   6909  5464     7752.3392   577     7027.8819     7903.9119   589271   12.47%
Elapsed time = 274.33 sec. (157352.68 ticks, tree = 13.28 MB, solutions = 1)
   7094  5642     7165.1929   456     7027.8819     7903.2094   605426   12.46%
   7280  5819     7643.1554   584     7027.8819     7901.8786   620914   12.44%
   7406  5937     7648.3932   558     7027.8819     7895.7057   636204   12.35%
   7482  5991     7617.3800   505     7027.8819     7894.8774   651389   12.34%
   7788  6277     7750.4197   588     7027.8819     7889.3591   671141   12.26%
   7981  6463     7560.9942   516     7027.8819     7889.0855   688642   12.25%
   8216  6694     7178.9840   237     7027.8819     7887.0254   708082   12.22%
   8513  6975     7619.0614   514     7027.8819     7878.0335   724958   12.10%
   8820  7259     7656.0807   515     7027.8819     7876.0340   747049   12.07%
   9016  7447     7491.1354   462     7027.8819     7874.4863   766259   12.05%
Elapsed time = 343.89 sec. (196951.83 ticks, tree = 18.48 MB, solutions = 1)
   9312  7724     7021.1502   338     7027.8819     7872.9860   785594   12.03%
   9370  7758     7159.0084   362     7027.8819     7866.4207   802660   11.93%
   9544  7916     7378.9638   376     7027.8819     7864.7311   819705   11.91%
   9829  8194     7690.2008   527     7027.8819     7863.6945   834831   11.89%
  10030  8389     7673.9687   539     7027.8819     7861.2271   848216   11.86%
  10204  8533     7473.3949   514     7027.8819     7859.0353   865259   11.83%
  10423  8738        cutoff           7027.8819     7858.7530   881175   11.82%
  10654  8960     7493.4383   488     7027.8819     7857.4378   897611   11.80%
  10812  9093     7550.1743   436     7027.8819     7857.1984   917253   11.80%
  11147  9418     7698.0897   552     7027.8819     7856.6363   935004   11.79%
Elapsed time = 412.63 sec. (235630.76 ticks, tree = 23.95 MB, solutions = 1)
  11176  9447     7561.4048   488     7027.8819     7856.6363   938740   11.79%
  11293  9557     7251.1814   397     7027.8819     7855.1854   958415   11.77%
  11412  9661        cutoff           7027.8819     7854.1525   978103   11.76%
  11551  9782     7283.7780   513     7027.8819     7853.3852   997837   11.75%
  11683  9896     7615.8030   456     7027.8819     7852.6075  1018001   11.74%
  11901 10101     7631.4450   503     7027.8819     7849.4915  1036606   11.69%
  12067 10258     7552.0235   451     7027.8819     7849.4149  1054224   11.69%
  12266 10446     7593.5995   487     7027.8819     7849.2560  1071588   11.69%
  12517 10685     7120.9602   386     7027.8819     7849.1304  1089774   11.69%
  12736 10889     7692.1994   544     7027.8819     7849.0515  1106343   11.68%
Elapsed time = 516.02 sec. (294313.22 ticks, tree = 27.31 MB, solutions = 1)
  12943 11086     7307.4971   398     7027.8819     7846.1695  1122902   11.64%
  13127 11252     7712.8065   557     7027.8819     7845.4404  1141641   11.63%
  13315 11430     7239.0448   333     7027.8819     7845.3403  1161301   11.63%
  13616 11718     7206.1363   402     7027.8819     7845.1559  1178624   11.63%
  13777 11866     7386.7724   415     7027.8819     7842.8922  1198603   11.60%
  14045 12124     7074.0541   181     7027.8819     7841.0018  1214635   11.57%
  14258 12321     7214.2424   333     7027.8819     7839.6104  1234869   11.55%
  14500 12539     7265.1985   513     7027.8819     7838.7883  1253808   11.54%
  14721 12748     7339.5237   489     7027.8819     7838.1101  1274150   11.53%
  14972 12980     7369.0669   427     7027.8819     7836.3556  1295867   11.50%
Elapsed time = 585.77 sec. (332970.80 ticks, tree = 32.40 MB, solutions = 1)
  15183 13177     7296.3626   292     7027.8819     7835.9124  1312802   11.50%
  15365 13337     7581.1434   497     7027.8819     7835.2897  1324523   11.49%
  15544 13504     7434.6375   433     7027.8819     7835.0332  1335957   11.48%
  15861 13809     7728.2585   576     7027.8819     7834.4588  1348659   11.48%
  16072 14007     7637.5727   481     7027.8819     7833.2703  1360514   11.46%
  16327 14244     7359.0651   440     7027.8819     7832.4882  1372434   11.45%
  16540 14440     7642.4079   508     7027.8819     7832.1244  1383462   11.44%
  16818 14707     7745.3425   584     7027.8819     7831.9107  1395892   11.44%
  16974 14852     7411.6487   406     7027.8819     7831.7773  1407430   11.44%
  17202 15063        cutoff           7027.8819     7830.6705  1418500   11.42%
Elapsed time = 653.74 sec. (372415.15 ticks, tree = 103.16 MB, solutions = 1)
  17292 15135     7355.2211   472     7027.8819     7829.9021  1429837   11.41%
  17534 15365     7151.1676   187     7027.8819     7829.7532  1442528   11.41%
  17649 15467     7140.2840   365     7027.8819     7828.3163  1455164   11.39%
  17830 15638     7112.3687   228     7027.8819     7827.6423  1467185   11.38%
  18009 15796     7313.3079   325     7027.8819     7827.3370  1480193   11.38%
  18320 16091     7351.5470   460     7027.8819     7825.7877  1492477   11.35%
  18512 16272     7268.8412   323     7027.8819     7825.1864  1505540   11.34%
  18804 16548     7220.6906   420     7027.8819     7824.5398  1519098   11.34%
  18973 16700     7628.2621   494     7027.8819     7824.4847  1531628   11.33%
  19347 17060     7677.6891   490     7027.8819     7823.8547  1544022   11.33%
Elapsed time = 720.04 sec. (411180.78 ticks, tree = 190.46 MB, solutions = 1)
  19526 17234     7177.1196   390     7027.8819     7823.3694  1556665   11.32%
  19786 17483     7249.5926   323     7027.8819     7823.2809  1569608   11.32%
  19925 17610     7313.8559   372     7027.8819     7822.6633  1583357   11.31%
  20178 17849     7540.5162   446     7027.8819     7822.3035  1596321   11.30%
  20545 18197     7302.9785   405     7027.8819     7821.5624  1609816   11.29%
  20801 18436     7496.4307   463     7027.8819     7821.1243  1622476   11.29%
  20999 18610        cutoff           7027.8819     7820.4568  1634793   11.28%
  21140 18732     7474.8213   427     7027.8819     7820.2746  1645634   11.27%
  21412 18994     7448.0081   478     7027.8819     7819.8284  1657301   11.27%
  21693 19272     7195.7758   271     7027.8819     7819.6964  1669081   11.27%
Elapsed time = 785.92 sec. (450176.79 ticks, tree = 272.09 MB, solutions = 1)
  21833 19403     7301.7509   394     7027.8819     7819.4327  1680500   11.26%
  21956 19508     7512.2034   402     7027.8819     7819.0128  1691963   11.26%
  22103 19652     7610.0772   504     7027.8819     7818.4206  1704403   11.25%
  22255 19780     7399.2815   428     7027.8819     7818.1394  1715468   11.24%
  22530 20040     7597.1795   529     7027.8819     7817.4659  1728330   11.24%
  22664 20159     7561.4090   491     7027.8819     7817.3335  1739426   11.23%
  22987 20474     7037.3013   200     7027.8819     7816.7658  1751638   11.23%
  23133 20598     7442.9223   419     7027.8819     7816.2714  1763013   11.22%
  23369 20826     7192.2347   392     7027.8819     7816.0682  1775173   11.22%
  23622 21055     7258.7168   357     7027.8819     7815.3381  1787889   11.20%
Elapsed time = 850.79 sec. (488776.45 ticks, tree = 344.45 MB, solutions = 1)
  23909 21333     7114.2272   241     7027.8819     7814.7118  1799885   11.20%
  24146 21558     7270.0614   365     7027.8819     7814.5580  1813168   11.19%
  24395 21789     7329.7497   390     7027.8819     7814.4032  1825935   11.19%
  24634 22019     7559.8898   505     7027.8819     7813.9247  1838435   11.18%
  24913 22275     7044.5465   369     7027.8819     7813.5333  1851851   11.18%
  25114 22462     7705.3174   559     7027.8819     7813.1244  1862858   11.17%
  25263 22597     7756.3029   547     7027.8819     7812.6522  1874870   11.17%
  25474 22791     7715.1402   553     7027.8819     7812.0996  1886502   11.16%
  25698 22993     7141.0031   412     7027.8819     7811.8590  1899229   11.16%
  25861 23136     7277.7181   470     7027.8819     7810.9667  1911924   11.14%
Elapsed time = 917.84 sec. (527217.39 ticks, tree = 426.38 MB, solutions = 1)
  26073 23332        cutoff           7027.8819     7810.5703  1924787   11.14%
  26290 23525     7604.9400   493     7027.8819     7809.9077  1938315   11.13%
  26496 23714     7305.8362   412     7027.8819     7809.8026  1950325   11.13%
  26793 23999        cutoff           7027.8819     7809.2608  1963066   11.12%
  26876 24069     7167.0988   401     7027.8819     7809.1383  1974653   11.12%
  27108 24292     7042.6414   214     7027.8819     7809.1334  1986069   11.12%
  27313 24476     7388.4875   527     7027.8819     7808.6481  1998450   11.11%
  27566 24725     7065.4642   191     7027.8819     7808.6257  2010769   11.11%
  27646 24779     7749.0490   558     7027.8819     7807.5848  2022353   11.09%
  27889 25016     7362.6792   419     7027.8819     7807.3977  2033739   11.09%
Elapsed time = 984.22 sec. (566219.05 ticks, tree = 503.68 MB, solutions = 1)
  28070 25184     7625.0222   508     7027.8819     7806.6832  2045250   11.08%
  28375 25481     7296.1520   306     7027.8819     7806.5183  2057013   11.08%
  28660 25755     7538.7274   503     7027.8819     7805.8218  2068030   11.07%
  28933 26022     7209.4161   239     7027.8819     7805.7279  2079882   11.07%
  29171 26245     7453.8655   449     7027.8819     7805.4842  2091076   11.06%
  29440 26495     7568.5503   462     7027.8819     7805.4276  2103554   11.06%
  29672 26720     7354.8150   407     7027.8819     7805.2825  2116125   11.06%
  29937 26970        cutoff           7027.8819     7804.9393  2129468   11.06%
  30074 27095     7050.9760   348     7027.8819     7803.8012  2141506   11.04%
  30305 27310     7230.6062   422     7027.8819     7803.1430  2154352   11.03%
Elapsed time = 1052.04 sec. (604789.53 ticks, tree = 580.98 MB, solutions = 1)
  30436 27429     7485.4395   464     7027.8819     7803.1260  2167451   11.03%
  30634 27607     7090.0447   394     7027.8819     7802.9676  2180452   11.03%
  30792 27743     7436.2946   420     7027.8819     7802.5403  2192835   11.02%
  31012 27948     7081.7333   327     7027.8819     7802.4461  2205803   11.02%
  31195 28116     7547.6244   471     7027.8819     7802.2793  2217063   11.02%
  31514 28422        cutoff           7027.8819     7801.9580  2231206   11.01%
  31746 28648     7620.6192   460     7027.8819     7801.4364  2242650   11.01%
  32053 28950     7057.5918   225     7027.8819     7801.3101  2255255   11.01%
  32274 29161     7173.1106   329     7027.8819     7801.1189  2267925   11.00%
  32482 29347     7500.3126   456     7027.8819     7800.2480  2280366   10.99%
Elapsed time = 1118.85 sec. (643510.02 ticks, tree = 649.52 MB, solutions = 1)
  32649 29502     7028.8584   339     7027.8819     7799.8944  2292565   10.98%
  32904 29743     7167.1569   342     7027.8819     7799.7713  2304919   10.98%
  33172 29994     7590.6925   534     7027.8819     7799.4409  2317503   10.98%
  33359 30178     7491.1513   441     7027.8819     7799.4091  2330613   10.98%
  33616 30424     7506.2888   486     7027.8819     7798.9902  2342691   10.97%
  33818 30612     7688.3463   552     7027.8819     7798.7841  2354281   10.97%
  34099 30883     7706.0297   549     7027.8819     7798.5643  2366617   10.97%
  34290 31066     7085.7676   482     7027.8819     7798.5095  2378090   10.97%
  34493 31254     7484.5922   413     7027.8819     7797.7686  2388732   10.95%
  34795 31544     7404.6498   462     7027.8819     7797.0196  2400966   10.94%
Elapsed time = 1185.70 sec. (682517.46 ticks, tree = 720.32 MB, solutions = 1)
  34987 31713     7390.8620   319     7027.8819     7796.8764  2412715   10.94%
  35249 31963     7648.9350   557     7027.8819     7796.5156  2424353   10.94%
  35439 32148     7506.2373   459     7027.8819     7796.5074  2435636   10.94%
  35611 32310     7535.4207   480     7027.8819     7796.0904  2448121   10.93%
  35922 32613     7533.2270   487     7027.8819     7795.6193  2460285   10.92%
  36106 32781     7281.7561   438     7027.8819     7795.4006  2472374   10.92%
  36254 32913     7464.0157   482     7027.8819     7795.0230  2485482   10.92%
  36557 33201     7764.2053   581     7027.8819     7794.6958  2498509   10.91%
  36754 33372     7468.1342   463     7027.8819     7794.6567  2510532   10.91%
  36997 33603     7254.7176   363     7027.8819     7794.4872  2523300   10.91%
Elapsed time = 1253.21 sec. (721188.88 ticks, tree = 810.51 MB, solutions = 1)
  37243 33817     7192.3132   424     7027.8819     7794.1371  2537465   10.90%
  37518 34083     7256.3362   337     7027.8819     7793.3608  2550686   10.89%
  37756 34308     7344.1908   516     7027.8819     7793.0260  2563276   10.89%
  38016 34563     7067.6039   189     7027.8819     7792.9983  2573891   10.89%
  38230 34760     7391.0285   423     7027.8819     7792.6004  2585681   10.88%
  38511 35026     7568.8228   519     7027.8819     7792.5325  2598718   10.88%
  38697 35200     7089.5081   321     7027.8819     7791.8982  2611657   10.87%
  38881 35361     7693.4564   574     7027.8819     7791.4146  2624473   10.86%
  39101 35574     7373.5478   421     7027.8819     7791.3166  2637848   10.86%
  39366 35814     7061.8185   191     7027.8819     7791.2193  2651171   10.86%
Elapsed time = 1320.57 sec. (759655.52 ticks, tree = 907.00 MB, solutions = 1)
  39557 35984     7056.7504   264     7027.8819     7790.8631  2663334   10.86%
  39733 36144     7279.3129   319     7027.8819     7790.3115  2676207   10.85%
  40060 36457     7496.6126   513     7027.8819     7789.4089  2685931   10.84%
  40373 36760     7658.2029   523     7027.8819     7789.1200  2698876   10.83%
  40468 36845     7685.7817   547     7027.8819     7788.1548  2710133   10.82%
  40702 37070     7627.0393   520     7027.8819     7788.0133  2722361   10.82%
  40920 37271     7495.4592   458     7027.8819     7787.4945  2734412   10.81%
  41147 37485     7591.9053   502     7027.8819     7787.2692  2746400   10.81%
  41388 37717     7321.7517   425     7027.8819     7787.0188  2757709   10.80%
  41630 37951     7167.1784   434     7027.8819     7786.5702  2769342   10.80%
Elapsed time = 1386.43 sec. (798202.73 ticks, tree = 991.17 MB, solutions = 1)
  41853 38166     7551.3623   536     7027.8819     7786.1151  2781283   10.79%
  42048 38350     7537.0979   516     7027.8819     7786.0382  2792512   10.79%
  42216 38508     7446.9952   487     7027.8819     7785.8296  2803234   10.78%
  42382 38663     7510.4845   422     7027.8819     7785.4711  2815424   10.78%
  42616 38889     7474.6890   428     7027.8819     7785.0711  2825905   10.77%
  42982 39238     7445.5402   441     7027.8819     7784.6830  2838305   10.77%
  43126 39354     7695.4014   534     7027.8819     7784.5897  2850196   10.77%
  43447 39662        cutoff           7027.8819     7784.2054  2862984   10.76%
  43622 39812     7527.9410   496     7027.8819     7783.8091  2874947   10.76%
  43890 40076     7112.6819   229     7027.8819     7783.7496  2888129   10.76%
Elapsed time = 1453.15 sec. (837056.60 ticks, tree = 1072.63 MB, solutions = 1)
  44191 40344        cutoff           7027.8819     7783.5683  2901160   10.75%
  44444 40591     7398.7056   345     7027.8819     7783.3087  2913082   10.75%
  44751 40882        cutoff           7027.8819     7782.9400  2927807   10.74%
  44875 40998     7610.6057   524     7027.8819     7782.4927  2940055   10.74%
  44999 41104     7655.8012   535     7027.8819     7782.3451  2953214   10.74%
  45221 41319     7511.0367   442     7027.8819     7782.3319  2964100   10.74%
  45470 41560     7190.3515   307     7027.8819     7782.2078  2977424   10.73%
  45731 41804     7348.8753   451     7027.8819     7782.1885  2989571   10.73%
  45951 42011     7388.9843   386     7027.8819     7782.1810  3001005   10.73%
  46109 42155     7645.5643   538     7027.8819     7781.7291  3011293   10.73%
Elapsed time = 1519.90 sec. (875735.47 ticks, tree = 1164.64 MB, solutions = 1)
  46351 42385     7383.9304   429     7027.8819     7781.3021  3024755   10.72%
  46545 42558     7563.4406   468     7027.8819     7781.1275  3036646   10.72%
  46732 42728     7424.9095   427     7027.8819     7780.8997  3048734   10.71%
  46972 42957     7172.3284   339     7027.8819     7780.7111  3061442   10.71%
  47075 43049     7683.3422   537     7027.8819     7780.6740  3074318   10.71%
  47492 43451     7700.0834   520     7027.8819     7780.6601  3086901   10.71%
  47741 43693     7545.5345   544     7027.8819     7779.9615  3100094   10.70%
  47835 43762     7582.9557   544     7027.8819     7779.6021  3113044   10.70%
  48020 43932     7081.5543   379     7027.8819     7779.3921  3125818   10.69%
  48187 44079     7159.9876   414     7027.8819     7778.9524  3138010   10.69%
Elapsed time = 1587.97 sec. (914230.30 ticks, tree = 1241.84 MB, solutions = 1)
  48379 44243     7571.4994   483     7027.8819     7778.8178  3150912   10.69%
  48594 44447     7066.0346   276     7027.8819     7778.5880  3163165   10.68%
  48843 44677     7037.5174   235     7027.8819     7778.5069  3175240   10.68%
  49016 44834     7111.2193   231     7027.8819     7778.4321  3187396   10.68%
  49259 45068     7486.8679   458     7027.8819     7778.4244  3199874   10.68%
  49484 45279     7669.0143   532     7027.8819     7778.2997  3210667   10.68%
  49766 45556     7402.3665   379     7027.8819     7778.1832  3222612   10.68%
  50016 45799     7090.3794   214     7027.8819     7777.8542  3234221   10.67%
  50130 45900     7563.4633   474     7027.8819     7777.4928  3245747   10.67%
  50394 46151     7557.1727   507     7027.8819     7777.1010  3257561   10.66%
Elapsed time = 1656.04 sec. (953367.90 ticks, tree = 1315.43 MB, solutions = 1)
  50563 46290     7151.4401   517     7027.8819     7776.8198  3270115   10.66%
  50787 46502     7732.8638   612     7027.8819     7776.5299  3280675   10.65%
  50913 46612     7229.5028   475     7027.8819     7776.4461  3293001   10.65%
  51168 46854     7730.4861   596     7027.8819     7776.1697  3304359   10.65%
  51412 47089     7556.9877   460     7027.8819     7775.7202  3316299   10.64%
  51669 47332     7468.1480   448     7027.8819     7775.6503  3328898   10.64%
  51938 47591     7413.2736   451     7027.8819     7775.5470  3341107   10.64%
  52153 47773     7618.9701   537     7027.8819     7775.0412  3354134   10.63%
  52445 48051        cutoff           7027.8819     7774.9465  3366877   10.63%
  52557 48148     7619.2357   521     7027.8819     7774.5819  3379355   10.62%
Elapsed time = 1722.66 sec. (992174.25 ticks, tree = 1402.70 MB, solutions = 1)
  52820 48402     7139.0889   379     7027.8819     7774.4682  3390608   10.62%
  52958 48530     7547.1488   470     7027.8819     7774.4155  3403160   10.62%
  53229 48792     7645.4657   562     7027.8819     7774.0603  3416210   10.62%
  53423 48980     7418.2178   484     7027.8819     7773.6815  3428071   10.61%
  53597 49130     7683.8888   537     7027.8819     7773.2396  3441364   10.61%
  53885 49407        cutoff           7027.8819     7773.2017  3454593   10.61%
  54106 49603     7605.4305   513     7027.8819     7772.8244  3467684   10.60%
  54324 49793     7671.8034   505     7027.8819     7772.6341  3481298   10.60%
  54632 50091        cutoff           7027.8819     7772.4620  3494748   10.59%
  54730 50163     7583.5940   532     7027.8819     7771.6558  3507358   10.58%
Elapsed time = 1789.37 sec. (1031012.09 ticks, tree = 1477.94 MB, solutions = 1)
  54931 50347     7362.8160   341     7027.8819     7771.4178  3520026   10.58%
  55148 50556     7227.5717   248     7027.8819     7771.3390  3529361   10.58%
  55350 50744     7531.9021   434     7027.8819     7771.0104  3542421   10.57%
  55651 51037     7549.8204   482     7027.8819     7770.9693  3554963   10.57%
  55867 51235     7659.6532   573     7027.8819     7770.4703  3568265   10.57%
  56094 51453     7323.6521   376     7027.8819     7770.3639  3580936   10.56%
  56265 51610     7379.0714   376     7027.8819     7769.6564  3592130   10.55%
  56544 51878     7683.0778   537     7027.8819     7769.4365  3604684   10.55%
  56718 52045     7651.0550   560     7027.8819     7769.4282  3616996   10.55%
  56880 52195     7191.0427   365     7027.8819     7769.3886  3629570   10.55%
Elapsed time = 1855.46 sec. (1069397.92 ticks, tree = 1532.39 MB, solutions = 1)
  57022 52317     7044.3818   349     7027.8819     7769.1498  3641479   10.55%
  57216 52503     7051.1175   255     7027.8819     7769.0960  3652802   10.55%
  57378 52657     7443.0400   426     7027.8819     7768.6557  3664607   10.54%
  57646 52913     7503.9517   463     7027.8819     7768.5997  3677869   10.54%
  57848 53095     7340.6371   441     7027.8819     7768.5219  3688919   10.54%
  58040 53273     7494.6336   423     7027.8819     7768.2632  3700626   10.53%
  58292 53514     7442.9645   467     7027.8819     7767.8515  3711943   10.53%
  58469 53674     7641.1949   523     7027.8819     7767.8385  3724033   10.53%
  58694 53894     7301.9651   415     7027.8819     7767.7076  3735892   10.53%
  58828 54017     7375.9527   449     7027.8819     7767.0606  3747019   10.52%
Elapsed time = 1922.20 sec. (1108046.58 ticks, tree = 1583.60 MB, solutions = 1)
  59121 54288        cutoff           7027.8819     7766.6373  3759333   10.51%
  59238 54397     7330.0752   435     7027.8819     7766.5281  3771353   10.51%
  59416 54558     7219.1694   306     7027.8819     7766.4577  3783717   10.51%
  59739 54868     7365.5423   444     7027.8819     7766.1631  3795449   10.51%
  59978 55092     7555.0532   537     7027.8819     7765.6634  3808946   10.50%
  60218 55323     7250.4501   458     7027.8819     7765.5430  3821312   10.50%
  60344 55431     7415.8125   487     7027.8819     7765.1468  3832895   10.49%
  60493 55560        cutoff           7027.8819     7764.9611  3845883   10.49%
  60754 55814     7487.7819   431     7027.8819     7764.9468  3857776   10.49%
  61028 56078     7583.4988   513     7027.8819     7764.7403  3870716   10.48%
Elapsed time = 1990.27 sec. (1146856.26 ticks, tree = 1667.16 MB, solutions = 1)
  61141 56174     7207.1631   422     7027.8819     7764.6450  3883214   10.48%
  61329 56338     7294.5329   358     7027.8819     7764.4770  3896656   10.48%
  61624 56622     7059.9852   391     7027.8819     7764.4588  3908341   10.48%
  61844 56824     7023.2742   240     7027.8819     7764.3838  3921618   10.48%
  62000 56965     7636.2821   545     7027.8819     7764.2135  3934853   10.48%
  62224 57185     7499.8054   471     7027.8819     7764.1395  3946153   10.48%
  62426 57383     7073.7478   319     7027.8819     7763.9213  3958624   10.47%
  62677 57620     7424.1388   456     7027.8819     7763.5930  3972044   10.47%
  62850 57762     7532.1687   523     7027.8819     7763.2156  3985158   10.46%
  63071 57979     7260.5877   421     7027.8819     7763.1465  3995254   10.46%
Elapsed time = 2057.67 sec. (1185615.19 ticks, tree = 1741.14 MB, solutions = 1)
  63295 58190     7567.1278   517     7027.8819     7762.9491  4008251   10.46%
  63562 58446     7115.7417   396     7027.8819     7762.7841  4021744   10.46%
  63656 58514     7152.7370   354     7027.8819     7762.5260  4034335   10.45%
  63807 58649     7275.5404   516     7027.8819     7762.2510  4048472   10.45%
  64003 58831     7609.7084   556     7027.8819     7762.0921  4059256   10.45%
  64177 58976        cutoff           7027.8819     7761.9049  4072055   10.44%
  64362 59151     7299.4302   417     7027.8819     7761.4289  4084273   10.44%
  64588 59364     7510.1663   432     7027.8819     7761.2115  4096553   10.43%
  64917 59681     7725.1461   587     7027.8819     7761.0710  4108243   10.43%
  65019 59763     7473.2802   461     7027.8819     7760.9459  4119635   10.43%
Elapsed time = 2125.14 sec. (1224631.55 ticks, tree = 1804.53 MB, solutions = 1)
  65214 59928     7423.9525   440     7027.8819     7760.9052  4132001   10.43%
  65530 60231     7153.4488   429     7027.8819     7760.8614  4145048   10.43%
  65683 60361     7689.7587   545     7027.8819     7760.6721  4156806   10.43%
  65801 60474     7337.4083   425     7027.8819     7760.6087  4169038   10.43%
  66017 60680     7703.1878   554     7027.8819     7760.5059  4180789   10.42%
  66203 60850     7650.1665   524     7027.8819     7760.3356  4193225   10.42%
  66488 61127     7409.7520   427     7027.8819     7760.2503  4204822   10.42%
  66743 61367     7497.0150   475     7027.8819     7760.0517  4216888   10.42%
  67016 61625     7203.8103   289     7027.8819     7759.8784  4229307   10.42%
  67149 61747     7351.4470   441     7027.8819     7759.7952  4242757   10.41%
Elapsed time = 2193.16 sec. (1263283.11 ticks, tree = 1877.41 MB, solutions = 1)
  67293 61871     7573.8195   517     7027.8819     7759.6294  4254862   10.41%
  67498 62071     7267.9159   440     7027.8819     7759.6107  4266172   10.41%
  67796 62358     7093.6664   202     7027.8819     7759.5534  4278664   10.41%
  67986 62534     7335.7848   357     7027.8819     7759.3265  4290598   10.41%
  68248 62777     7426.1137   462     7027.8819     7759.0398  4303515   10.40%
  68484 62994     7646.0585   552     7027.8819     7758.9388  4315663   10.40%
  68758 63264     7317.6703   341     7027.8819     7758.5972  4327882   10.40%
  68983 63477     7140.5239   452     7027.8819     7758.4383  4340844   10.40%
  69202 63675     7283.1558   412     7027.8819     7758.0996  4353572   10.39%
  69307 63767     7280.8727   438     7027.8819     7757.9851  4365808   10.39%
Elapsed time = 2258.99 sec. (1301636.72 ticks, tree = 1964.87 MB, solutions = 1)
  69522 63966     7362.6394   445     7027.8819     7757.9284  4378653   10.39%
  69761 64194     7070.3783   366     7027.8819     7757.7388  4391992   10.39%
  69935 64352     7050.3068   299     7027.8819     7757.4333  4404110   10.38%
  70097 64497     7480.6281   399     7027.8819     7757.3383  4415713   10.38%
  70341 64724     7571.6035   484     7027.8819     7757.2255  4428438   10.38%
  70585 64950     7590.2317   496     7027.8819     7756.7859  4441131   10.37%
  70857 65213     7658.7256   517     7027.8819     7756.6791  4454310   10.37%
  71128 65473     7250.2524   459     7027.8819     7756.6205  4467184   10.37%
  71374 65708     7140.9339   220     7027.8819     7756.4026  4479443   10.37%
  71557 65881     7627.2196   537     7027.8819     7756.3066  4489664   10.36%
Elapsed time = 2325.46 sec. (1339994.38 ticks, tree = 2027.70 MB, solutions = 1)
  71714 66020     7167.8168   289     7027.8819     7756.2123  4502394   10.36%
  71947 66239     7266.9834   505     7027.8819     7755.9549  4514712   10.36%
  72053 66340     7246.6741   406     7027.8819     7755.9457  4526750   10.36%
  72256 66522     7249.3236   445     7027.8819     7755.9167  4540807   10.36%
  72488 66743     7077.4217   446     7027.8819     7755.7760  4552927   10.36%
  72749 66993     7528.5472   511     7027.8819     7755.7520  4565354   10.36%
  72941 67163     7642.6381   559     7027.8819     7755.4145  4577973   10.35%
  73092 67302        cutoff           7027.8819     7755.2129  4590792   10.35%
  73305 67491        cutoff           7027.8819     7755.1505  4603255   10.35%
  73447 67621     7568.9822   491     7027.8819     7754.7569  4613484   10.34%
Elapsed time = 2394.61 sec. (1379319.28 ticks, tree = 2095.69 MB, solutions = 1)
  73590 67738     7559.7598   503     7027.8819     7754.5237  4626593   10.34%
  73749 67888     7286.8139   394     7027.8819     7754.4134  4638458   10.34%
  74004 68133     7123.2002   420     7027.8819     7754.1984  4650497   10.33%
  74247 68361     7470.7033   469     7027.8819     7754.0792  4662046   10.33%
  74430 68527     7086.3990   378     7027.8819     7753.5857  4674412   10.33%
  74608 68696     7507.4665   497     7027.8819     7753.1715  4685956   10.32%
  74791 68858     7168.7971   417     7027.8819     7753.1453  4698437   10.32%
  75016 69073     7292.2025   394     7027.8819     7752.9184  4710950   10.32%
  75285 69336     7148.0438   261     7027.8819     7752.8607  4722177   10.32%
  75416 69447     7593.3482   517     7027.8819     7752.8044  4733181   10.31%
Elapsed time = 2461.48 sec. (1417696.22 ticks, tree = 2165.83 MB, solutions = 1)
  75688 69710     7228.2104   272     7027.8819     7752.6949  4745753   10.31%
  75910 69913     7607.5036   542     7027.8819     7752.6166  4757953   10.31%
  76123 70119     7198.6250   442     7027.8819     7752.5252  4770207   10.31%
  76232 70217     7587.5306   532     7027.8819     7752.3927  4781969   10.31%
  76415 70386     7142.9925   403     7027.8819     7752.2216  4793918   10.31%
  76586 70539     7380.9067   413     7027.8819     7752.1433  4805922   10.31%
  76859 70797     7330.5880   464     7027.8819     7751.9872  4818402   10.30%
  76988 70905     7042.1845   463     7027.8819     7751.7533  4831663   10.30%
  77243 71140        cutoff           7027.8819     7751.7072  4843832   10.30%
  77419 71297     7547.1041   497     7027.8819     7751.5507  4855973   10.30%
Elapsed time = 2529.78 sec. (1456022.66 ticks, tree = 2237.47 MB, solutions = 1)
  77612 71473     7368.2859   464     7027.8819     7751.4222  4869080   10.30%
  77733 71564     7508.4368   471     7027.8819     7751.1560  4881414   10.29%
  78005 71818     7302.3896   404     7027.8819     7751.1053  4894350   10.29%
  78262 72063     7287.4262   426     7027.8819     7750.9852  4907401   10.29%
  78522 72307     7602.9720   537     7027.8819     7750.7783  4919623   10.29%
  78810 72586     7628.9107   514     7027.8819     7750.7164  4932967   10.29%
  78988 72753     7441.4106   493     7027.8819     7750.6248  4945374   10.28%
  79200 72949     7584.9087   494     7027.8819     7750.2612  4957813   10.28%
  79384 73107        cutoff           7027.8819     7750.1214  4970955   10.28%
  79572 73283     7428.5484   528     7027.8819     7749.9869  4983121   10.27%
Elapsed time = 2597.73 sec. (1494537.12 ticks, tree = 2324.45 MB, solutions = 1)
  79707 73393     7626.6971   536     7027.8819     7749.7411  4996743   10.27%
  80007 73681     7268.5280   438     7027.8819     7749.6288  5010064   10.27%
  80133 73792     7579.5894   480     7027.8819     7749.4100  5022103   10.27%
  80375 74022     7556.3287   514     7027.8819     7749.2594  5035816   10.26%
  80563 74195        cutoff           7027.8819     7749.0272  5048650   10.26%
  80791 74415     7611.9380   509     7027.8819     7748.9059  5059612   10.26%
  81108 74723     7567.6207   486     7027.8819     7748.6802  5073746   10.26%
  81410 75013     7596.4925   496     7027.8819     7748.5871  5087010   10.25%
  81656 75254     7272.6564   337     7027.8819     7748.5408  5099383   10.25%
  81861 75442     7660.8562   532     7027.8819     7748.3121  5111746   10.25%
Elapsed time = 2668.49 sec. (1533858.94 ticks, tree = 2435.19 MB, solutions = 1)
  82060 75636     7604.4735   488     7027.8819     7748.2564  5121424   10.25%
  82284 75849     7439.9927   476     7027.8819     7748.1140  5133658   10.25%
  82481 76036     7239.3744   348     7027.8819     7747.9061  5145094   10.25%
  82705 76247     7562.8007   479     7027.8819     7747.7878  5156876   10.24%
  82905 76437     7404.0301   466     7027.8819     7747.6600  5170235   10.24%
  83106 76624     7616.2143   536     7027.8819     7747.5473  5183539   10.24%
  83284 76791     7043.5614   447     7027.8819     7747.4606  5195363   10.24%
  83499 76994     7492.4260   500     7027.8819     7747.3799  5208338   10.24%
  83664 77143     7660.7140   579     7027.8819     7747.2500  5220432   10.24%
  83922 77392     7295.2450   486     7027.8819     7747.0831  5232906   10.23%
Elapsed time = 2735.95 sec. (1572928.58 ticks, tree = 2513.41 MB, solutions = 1)
  84115 77562     7631.5046   574     7027.8819     7747.0170  5245770   10.23%
  84328 77768     7498.0371   431     7027.8819     7747.0106  5257069   10.23%
  84579 78008     7590.7073   501     7027.8819     7746.9728  5268686   10.23%
  84791 78208     7383.4124   436     7027.8819     7746.5698  5280180   10.23%
  85088 78492     7632.6108   559     7027.8819     7746.4808  5293535   10.22%
  85245 78632     7455.2337   516     7027.8819     7746.3978  5306469   10.22%
  85404 78772        cutoff           7027.8819     7746.3527  5318316   10.22%
  85529 78880     7219.2938   413     7027.8819     7746.3523  5329213   10.22%
  85623 78955     7481.2903   452     7027.8819     7746.1826  5341082   10.22%
  85861 79180     7465.1256   474     7027.8819     7746.0571  5352931   10.22%
Elapsed time = 2804.14 sec. (1612092.99 ticks, tree = 2608.81 MB, solutions = 1)
  86090 79391     7652.1959   511     7027.8819     7745.9346  5364951   10.22%
  86301 79593     7616.2050   540     7027.8819     7745.7602  5377288   10.21%
  86520 79802     7261.3865   466     7027.8819     7745.7210  5390762   10.21%
  86697 79960     7357.0614   385     7027.8819     7745.6514  5402657   10.21%
  87021 80270     7033.9843   435     7027.8819     7745.5700  5414331   10.21%
  87249 80482     7046.9933   243     7027.8819     7745.5064  5427350   10.21%
  87436 80662     7185.7359   382     7027.8819     7745.4194  5439235   10.21%
  87642 80849        cutoff           7027.8819     7745.0762  5452475   10.20%
  87868 81068     7431.1139   394     7027.8819     7745.0249  5464629   10.20%
  88216 81407     7515.9540   456     7027.8819     7744.9593  5476651   10.20%
Elapsed time = 2871.31 sec. (1650643.65 ticks, tree = 2712.97 MB, solutions = 1)
  88535 81710        cutoff           7027.8819     7744.8394  5489764   10.20%
  88689 81839     7235.2798   447     7027.8819     7744.5459  5502442   10.20%
  88929 82063     7542.2122   499     7027.8819     7744.4327  5515094   10.20%
  89170 82294     7160.9906   413     7027.8819     7744.4087  5528683   10.20%
  89381 82490     7527.7182   504     7027.8819     7744.2703  5541796   10.19%
  89532 82635     7394.2803   377     7027.8819     7744.0162  5553934   10.19%
  89868 82945     7374.8043   449     7027.8819     7743.8132  5567951   10.19%
  90132 83202     7283.9908   479     7027.8819     7743.6891  5580695   10.19%
  90330 83390     7625.5646   537     7027.8819     7743.6452  5592790   10.18%
  90523 83572     7320.7353   417     7027.8819     7743.5370  5606307   10.18%
Elapsed time = 2944.12 sec. (1689006.46 ticks, tree = 2816.22 MB, solutions = 1)
  90825 83850     7446.5769   457     7027.8819     7743.3931  5619630   10.18%
  91088 84104     7305.4128   449     7027.8819     7743.2857  5632365   10.18%
  91322 84300     7380.5495   492     7027.8819     7743.1054  5647091   10.18%
  91496 84458     7616.5531   553     7027.8819     7742.9242  5658505   10.17%
  91710 84664     7419.7504   404     7027.8819     7742.8367  5671575   10.17%
  91940 84880     7424.2141   425     7027.8819     7742.5193  5684495   10.17%
  92137 85068     7252.8284   376     7027.8819     7742.4261  5697115   10.17%
  92375 85287     7610.0823   526     7027.8819     7742.3517  5709681   10.17%
  92652 85553     7622.2648   506     7027.8819     7742.2183  5722171   10.16%
  92912 85808     7337.0083   387     7027.8819     7742.1551  5734007   10.16%
Elapsed time = 3012.56 sec. (1727726.97 ticks, tree = 2914.60 MB, solutions = 1)
  93065 85954     7316.6691   408     7027.8819     7742.0689  5743867   10.16%
  93292 86165        cutoff           7027.8819     7741.7589  5757936   10.16%
  93417 86267     7271.2585   465     7027.8819     7741.6241  5769134   10.16%
  93614 86454     7613.4057   511     7027.8819     7741.4871  5781623   10.15%
  93879 86698     7084.5079   384     7027.8819     7741.4066  5795585   10.15%
  93979 86771     7641.0543   532     7027.8819     7741.2197  5808479   10.15%
  94207 86989     7363.0498   400     7027.8819     7741.1820  5820176   10.15%
  94447 87215     7377.3251   515     7027.8819     7741.0758  5833092   10.15%
  94679 87417     7643.1624   520     7027.8819     7741.0401  5845680   10.15%
  94888 87606     7044.6925   401     7027.8819     7740.8006  5857353   10.14%
Elapsed time = 3082.95 sec. (1767432.24 ticks, tree = 2982.01 MB, solutions = 1)
  95078 87778     7203.9459   445     7027.8819     7740.7476  5869827   10.14%
  95345 88031     7211.9690   475     7027.8819     7740.5672  5883720   10.14%
  95543 88221     7365.0530   450     7027.8819     7740.3926  5894998   10.14%
  95708 88380     7402.0222   426     7027.8819     7740.3508  5906286   10.14%
  95907 88558     7520.7513   530     7027.8819     7740.1771  5918150   10.14%
  96132 88774     7257.6802   304     7027.8819     7740.0168  5930166   10.13%
  96382 89009        cutoff           7027.8819     7739.9716  5941910   10.13%
  96616 89238     7604.4675   550     7027.8819     7739.7480  5953493   10.13%
  96799 89413     7446.0093   445     7027.8819     7739.4886  5966069   10.13%
  97020 89623     7328.4272   354     7027.8819     7739.3475  5976779   10.12%
Elapsed time = 3150.46 sec. (1806319.69 ticks, tree = 3076.58 MB, solutions = 1)
  97278 89859     7041.7918   370     7027.8819     7739.2757  5988949   10.12%
  97509 90072     7249.8115   321     7027.8819     7739.1611  6001778   10.12%
  97705 90232     7637.7779   529     7027.8819     7738.9911  6014296   10.12%
  97907 90425     7542.4639   481     7027.8819     7738.6417  6026343   10.11%
  98201 90706     7619.0592   545     7027.8819     7738.4173  6039586   10.11%
  98401 90886     7540.2614   487     7027.8819     7738.1945  6052865   10.11%
  98742 91217     7638.4351   533     7027.8819     7738.1373  6065485   10.11%
  98949 91411     7612.0290   552     7027.8819     7738.0145  6078643   10.10%
  99191 91647     7388.7410   455     7027.8819     7737.9387  6089978   10.10%
  99450 91895     7518.0000   478     7027.8819     7737.9119  6102564   10.10%
Elapsed time = 3218.43 sec. (1845049.11 ticks, tree = 3192.53 MB, solutions = 1)
  99544 91963     7412.6815   465     7027.8819     7737.6651  6115833   10.10%
  99770 92178     7427.1196   411     7027.8819     7737.6205  6128835   10.10%
 100002 92395     7168.5899   411     7027.8819     7737.4367  6141949   10.10%
 100104 92475        cutoff           7027.8819     7737.2791  6154401   10.09%
 100116 92487     7452.8060   487     7027.8819     7737.2791  6156367   10.09%
 100216 92565     7340.7912   452     7027.8819     7737.2650  6163630   10.09%
 100416 92761     7101.1161   259     7027.8819     7737.2098  6171698   10.09%
 100516 92857     7191.3758   332     7027.8819     7737.0955  6177939   10.09%
 100616 92948     7111.6579   328     7027.8819     7737.0752  6186345   10.09%
 100716 93040     7343.9911   314     7027.8819     7737.0745  6191563   10.09%
Elapsed time = 3319.45 sec. (1902776.70 ticks, tree = 3219.85 MB, solutions = 1)
 100916 93232     7289.3736   356     7027.8819     7736.8997  6199684   10.09%
 101016 93314     7641.3169   522     7027.8819     7736.6518  6207894   10.09%
 101116 93414     7256.8810   315     7027.8819     7736.6518  6212518   10.09%
 101303 93587     7588.6743   537     7027.8819     7736.5080  6221426   10.08%
 101316 93600     7523.2587   510     7027.8819     7736.5080  6222070   10.08%
 101416 93700     7077.5231   223     7027.8819     7736.5080  6226567   10.08%
 101516 93796     7295.7084   351     7027.8819     7736.4817  6230695   10.08%
 101616 93877     7058.9137   415     7027.8819     7736.3134  6238631   10.08%
 101716 93969     7344.0649   355     7027.8819     7736.2325  6243525   10.08%
 101816 94069     7052.4984   159     7027.8819     7736.2325  6245094   10.08%
Elapsed time = 3446.48 sec. (1976972.30 ticks, tree = 3268.53 MB, solutions = 1)
 101916 94164     7300.0336   359     7027.8819     7736.1348  6250212   10.08%
 102016 94258     7333.0950   455     7027.8819     7736.1268  6255453   10.08%
 102116 94350     7365.9750   471     7027.8819     7736.0929  6260738   10.08%
 102216 94440     7430.0555   374     7027.8819     7735.9928  6269454   10.08%
 102391 94605     7470.9330   478     7027.8819     7735.9405  6277686   10.07%
 102416 94630     7159.4595   376     7027.8819     7735.9405  6279621   10.07%
 102516 94724     7346.8925   339     7027.8819     7735.9267  6285794   10.07%
 102716 94919     7236.5666   304     7027.8819     7735.9002  6292761   10.07%
 102916 95113     7063.5747   199     7027.8819     7735.8976  6300094   10.07%
 103046 95238     7131.3384   285     7027.8819     7735.8166  6305293   10.07%
Elapsed time = 3557.53 sec. (2042835.81 ticks, tree = 3323.46 MB, solutions = 1)
 103216 95377     7429.2116   375     7027.8819     7735.7904  6313135   10.07%
 103519 95671     7280.4066   391     7027.8819     7735.7615  6325569   10.07%
 103686 95824     7235.0881   436     7027.8819     7735.7496  6337640   10.07%
 103867 95982     7586.2218   540     7027.8819     7735.4539  6349881   10.07%
 104070 96179     7167.8564   431     7027.8819     7735.3719  6361499   10.07%

Clique cuts applied:  1
Implied bound cuts applied:  8
Flow cuts applied:  154
Mixed integer rounding cuts applied:  1155
Lift and project cuts applied:  143
Gomory fractional cuts applied:  54

Root node processing (before b&c):
  Real time             =    8.60 sec. (4845.82 ticks)
Sequential b&c:
  Real time             = 3591.40 sec. (2062965.76 ticks)
                          ------------
Total (root+branch&cut) = 3600.00 sec. (2067811.58 ticks)
