1 of 1 MIP starts provided solutions.
MIP start 'm1' defined initial solution with objective 1336.0370.
Tried aggregator 1 time.
MIP Presolve eliminated 12 rows and 7 columns.
Reduced MIP has 3388 rows, 1945 columns, and 40174 nonzeros.
Reduced MIP has 1600 binaries, 0 generals, 0 SOSs, and 0 indicators.
Presolve time = 0.02 sec. (11.90 ticks)
Probing time = 0.00 sec. (3.69 ticks)
Tried aggregator 1 time.
Reduced MIP has 3388 rows, 1945 columns, and 40174 nonzeros.
Reduced MIP has 1600 binaries, 0 generals, 0 SOSs, and 0 indicators.
Presolve time = 0.02 sec. (11.91 ticks)
Probing time = 0.00 sec. (3.67 ticks)
Clique table members: 120.
MIP emphasis: balance optimality and feasibility.
MIP search method: dynamic search.
Parallel mode: none, using 1 thread.
Root relaxation solution time = 0.02 sec. (15.09 ticks)

        Nodes                                         Cuts/
   Node  Left     Objective  IInf  Best Integer    Best Bound    ItCnt     Gap

*     0+    0                         1336.0370     1437.5019      743    7.59%
      0     0     1418.0897    99     1336.0370     1418.0897      743    6.14%
      0     0     1373.3352    65     1336.0370     Cuts: 248      848    2.79%
      0     0     1361.6244    77     1336.0370     Cuts: 104      928    1.92%
      0     0     1358.0919    90     1336.0370      Cuts: 45      962    1.65%
      0     0     1355.7418    89     1336.0370      Cuts: 50      992    1.47%
      0     0     1353.9421    93     1336.0370      Cuts: 25     1018    1.34%
      0     0     1353.1524    87     1336.0370      Cuts: 17     1034    1.28%
      0     0     1352.6547    83     1336.0370      Cuts: 20     1050    1.24%
      0     0     1352.4895    99     1336.0370      Cuts: 11     1063    1.23%
      0     0     1352.1159    95     1336.0370      Cuts: 10     1074    1.20%
      0     0     1351.9865    93     1336.0370       Cuts: 8     1083    1.19%
      0     0     1351.2741    71     1336.0370      Cuts: 14     1096    1.14%
      0     0     1351.1646    73     1336.0370       Cuts: 6     1103    1.13%
      0     2     1351.1646    73     1336.0370     1351.0652     1103    1.12%
Elapsed time = 0.83 sec. (517.22 ticks, tree = 0.00 MB, solutions = 1)
    114    58     1349.0748    82     1336.0370     1349.9016     1662    1.04%
    253   157        cutoff           1336.0370     1348.8016     2262    0.96%
    400   269     1345.2401    71     1336.0370     1348.1896     2902    0.91%
    497   339     1337.2594    22     1336.0370     1337.2410     5594    0.09%

Implied bound cuts applied:  95
Flow cuts applied:  41
Mixed integer rounding cuts applied:  63
Lift and project cuts applied:  16
Gomory fractional cuts applied:  44

Root node processing (before b&c):
  Real time             =    0.82 sec. (517.12 ticks)
Sequential b&c:
  Real time             =    4.67 sec. (3258.47 ticks)
                          ------------
Total (root+branch&cut) =    5.50 sec. (3775.59 ticks)
