1 of 1 MIP starts provided solutions.
MIP start 'm1' defined initial solution with objective 152337.3712.
Tried aggregator 1 time.
MIP Presolve eliminated 1 rows and 1 columns.
Reduced MIP has 5631 rows, 3838 columns, and 41549 nonzeros.
Reduced MIP has 1794 binaries, 0 generals, 0 SOSs, and 0 indicators.
Presolve time = 0.02 sec. (13.04 ticks)
Probing time = 0.01 sec. (3.64 ticks)
Tried aggregator 1 time.
Reduced MIP has 5631 rows, 3838 columns, and 41549 nonzeros.
Reduced MIP has 1794 binaries, 0 generals, 0 SOSs, and 0 indicators.
Presolve time = 0.03 sec. (15.78 ticks)
Probing time = 0.01 sec. (3.69 ticks)
Clique table members: 2107.
MIP emphasis: balance optimality and feasibility.
MIP search method: dynamic search.
Parallel mode: none, using 1 thread.
Root relaxation solution time = 0.09 sec. (51.12 ticks)

        Nodes                                         Cuts/
   Node  Left     Objective  IInf  Best Integer    Best Bound    ItCnt     Gap

*     0+    0                       152337.3712   540065.7501     3391  254.52%
      0     0   160480.3483   445   152337.3712   160480.3483     3391    5.35%
      0     0   157719.4080   436   152337.3712     Cuts: 501     3946    3.53%
      0     0   156474.0229   490   152337.3712     Cuts: 424     4403    2.72%
      0     0   155850.8750   439   152337.3712     Cuts: 312     4755    2.31%
      0     0   155505.0475   470   152337.3712     Cuts: 217     5069    2.08%
      0     0   155262.8967   506   152337.3712     Cuts: 172     5308    1.92%
      0     0   155155.4791   505   152337.3712     Cuts: 125     5477    1.85%
      0     0   155097.7990   532   152337.3712     Cuts: 133     5655    1.81%
      0     0   155028.0915   551   152337.3712     Cuts: 107     5795    1.77%
      0     0   155007.4397   551   152337.3712      Cuts: 82     5892    1.75%
      0     0   154997.4863   559   152337.3712      Cuts: 50     5965    1.75%
      0     0   154992.1682   554   152337.3712      Cuts: 36     6016    1.74%
      0     2   154992.1682   554   152337.3712   154991.1100     6016    1.74%
Elapsed time = 2.47 sec. (1314.54 ticks, tree = 0.00 MB, solutions = 1)
     30    32   154165.4054   317   152337.3712   154939.8080     6973    1.71%
     90    79   154669.4588   440   152337.3712   154938.8439     8443    1.71%
    113   102   154151.6704   356   152337.3712   154938.8439     9363    1.71%
    172   159   152764.1772   153   152337.3712   154938.8439    10649    1.71%
    234   214   152992.3869   328   152337.3712   154853.6027    12181    1.65%
    290   264   153729.7736   441   152337.3712   154836.0439    13465    1.64%
    350   318   154670.3748   514   152337.3712   154789.8374    14783    1.61%
    420   388   152514.9875   276   152337.3712   154789.8374    16442    1.61%
    456   419   154231.7881   442   152337.3712   154786.9540    17728    1.61%
    751   691   152635.7821   279   152337.3712   154772.4420    23954    1.60%
Elapsed time = 7.92 sec. (4536.31 ticks, tree = 1.92 MB, solutions = 1)
   1046   962   153595.2655   473   152337.3712   153594.3743    37694    0.83%
   1050   965   153558.2950   463   152337.3712   153567.5410    37907    0.81%
   1055   966   153532.1875   455   152337.3712   153567.5410    38015    0.81%
   1069   972   153313.8613   375   152337.3712   153567.5410    38221    0.81%
   1110   860   153038.5585   464   152337.3712   153553.4808    39087    0.80%
   1206   773   153465.6802   381   152337.3712   153521.4032    40234    0.78%
   1316   793   152408.2915   344   152337.3712   153520.2800    41714    0.78%
   1484   831   152947.2112   400   152337.3712   153488.4569    44368    0.76%
   1646   874   152603.9824   326   152337.3712   153487.8193    46686    0.76%
   1880   964   152563.2896   307   152337.3712   153475.6224    49668    0.75%
Elapsed time = 34.45 sec. (19672.60 ticks, tree = 2.36 MB, solutions = 1)
   2085  1037   152875.8652   341   152337.3712   153456.1935    52656    0.73%
   2326  1146   152749.6248   192   152337.3712   153442.7625    56175    0.73%
   2606  1266   153103.8115   347   152337.3712   153404.7115    60268    0.70%
   2935  1569   152446.7159   351   152337.3712   153368.4388    64151    0.68%
   3227  1823   152731.1410   281   152337.3712   153349.4835    68186    0.66%
   3496  2048   152617.1871   452   152337.3712   153330.7168    72323    0.65%
   3778  2263   152637.6922   139   152337.3712   153309.9643    76880    0.64%
   4023  2468   152902.7388   300   152337.3712   153301.5714    81161    0.63%
   4240  2648   152367.7104   329   152337.3712   153297.0581    84117    0.63%
   4468  2848   152614.0701   288   152337.3712   153289.7741    87858    0.63%
Elapsed time = 50.29 sec. (29410.20 ticks, tree = 7.27 MB, solutions = 1)
   4665  2995   152389.6922   266   152337.3712   153286.8387    91363    0.62%
   4978  3252   152548.2325   143   152337.3712   153277.1730    96320    0.62%
   5273  3508   152458.9452    93   152337.3712   153273.0745   100006    0.61%
   5534  3727   152463.1581   309   152337.3712   153262.6973   103855    0.61%
   5767  3925   152405.9837   253   152337.3712   153258.4020   108033    0.60%
   6000  4112   152507.0423   182   152337.3712   153244.3105   111954    0.60%
   6232  4258   152898.4329   259   152337.3712   153235.7216   115998    0.59%
   6525  4507   152421.2945   131   152337.3712   153229.3402   120799    0.59%
   6816  4736   152431.0875   132   152337.3712   153221.6855   125928    0.58%
   7046  4926   152851.1216   258   152337.3712   153216.1519   130352    0.58%
Elapsed time = 67.26 sec. (39488.43 ticks, tree = 11.72 MB, solutions = 1)
   7353  5177   152397.5564   228   152337.3712   153211.3342   134928    0.57%
   7632  5377   152701.9764   337   152337.3712   153200.2092   139557    0.57%
   7828  5522   152448.6102   347   152337.3712   153191.8769   143833    0.56%
   8036  5668   153075.8131   306   152337.3712   153187.2617   147985    0.56%
   8277  5860   152914.9403   346   152337.3712   153182.1229   151909    0.55%
   8507  6043   152767.6778   280   152337.3712   153176.9315   156304    0.55%
   8704  6202   152682.8721   298   152337.3712   153171.5332   160656    0.55%
   8899  6351   152892.0052   279   152337.3712   153169.3818   164349    0.55%
   9070  6477   152905.8822   276   152337.3712   153164.2060   167760    0.54%
   9293  6632   152650.1955   310   152337.3712   153159.0921   171779    0.54%
Elapsed time = 83.79 sec. (49301.37 ticks, tree = 15.32 MB, solutions = 1)
   9526  6821   152818.7199   223   152337.3712   153157.0216   175783    0.54%
   9792  7007   152401.4671   281   152337.3712   153148.7784   180977    0.53%
  10046  7169   152737.9621   271   152337.3712   153134.9747   185421    0.52%
  10322  7385   152754.0952   288   152337.3712   153126.8386   190452    0.52%
  10580  7581   152663.0358   246   152337.3712   153121.7999   195492    0.51%
  10836  7764   152987.6584   278   152337.3712   153115.7097   200433    0.51%
  11046  7922   152719.1608   275   152337.3712   153110.0907   204619    0.51%
  11308  8155   152557.3332   261   152337.3712   153105.9647   208904    0.50%
  11469  8262   152581.9644   330   152337.3712   153099.5901   212474    0.50%
  11506  8281   152868.0920   290   152337.3712   153097.6899   213100    0.50%
Elapsed time = 104.23 sec. (61241.78 ticks, tree = 18.89 MB, solutions = 1)
  11508  8281   153394.6672   508   152337.3712   153096.9366   218534    0.50%
  11511  8284   153351.6326   478   152337.3712   153096.9366   218684    0.50%
  11520  6632   153332.9704   460   152337.3712   153096.9366   218794    0.50%
  11533  6641   153276.4143   462   152337.3712   153096.9366   218985    0.50%
  11547  6417   152939.8693   417   152337.3712   153096.9366   219554    0.50%
  11559  6417   152697.8517   364   152337.3712   153096.9366   219721    0.50%
  11577  6177   152598.9802   312   152337.3712   153096.9366   219999    0.50%
  11592  6176   152548.3689   275   152337.3712   153096.9366   220198    0.50%
  11607  6174   152439.1848   243   152337.3712   153096.9366   220460    0.50%
  11618  6077   153116.1569   462   152337.3712   153096.9366   220790    0.50%
Elapsed time = 127.60 sec. (74852.39 ticks, tree = 13.79 MB, solutions = 1)
  11632  5999   153099.3548   431   152337.3712   153096.9366   221015    0.50%
  11645  5711   152461.5108   444   152337.3712   153096.9366   222182    0.50%
  11658  5708   152368.5385   314   152337.3712   153096.9366   222635    0.50%
  11673  5636   152685.7751   435   152337.3712   153096.9366   223151    0.50%
  11701  5569   152344.5977   299   152337.3712   153096.9366   223866    0.50%
  11728  5466   152815.5068   414   152337.3712   153096.9366   224316    0.50%
  11774  5488   152664.0622   308   152337.3712   153096.9366   224988    0.50%
  11839  5267   152394.0886   435   152337.3712   153096.9366   226171    0.50%
  11908  5268   152477.6886   314   152337.3712   153096.9366   227225    0.50%
  11999  4998   152519.1561   379   152337.3712   153096.9366   228903    0.50%
Elapsed time = 144.00 sec. (84563.16 ticks, tree = 11.29 MB, solutions = 1)
  12089  5025   152585.3235   135   152337.3712   153096.9366   230162    0.50%
  12198  5029   152860.8209   400   152337.3712   153096.9366   231596    0.50%
  12309  4997   152884.1768   401   152337.3712   153096.9366   233330    0.50%
  12423  4977   152761.8814   327   152337.3712   153096.9366   235532    0.50%
  12520  4962   153013.1898   315   152337.3712   153096.9366   237412    0.50%
  12664  5003   153089.8348   408   152337.3712   153096.9366   239319    0.50%
  12800  4962        cutoff         152337.3712   153095.9343   241450    0.50%
  12923  4959   152651.1813   289   152337.3712   153091.6206   243921    0.50%
  13093  5014   152434.0025   335   152337.3712   153084.0292   246317    0.49%
  13219  4979   152363.5010   278   152337.3712   153072.3163   249024    0.48%
Elapsed time = 160.74 sec. (94153.71 ticks, tree = 11.09 MB, solutions = 1)
  13374  4981   152627.0173   305   152337.3712   153050.6159   251953    0.47%
  13535  4997   152738.4510   371   152337.3712   153043.3724   255213    0.46%
  13707  5047   152473.9553   144   152337.3712   153040.1423   258000    0.46%
  13860  5046   152764.8899   259   152337.3712   153023.2501   261476    0.45%
  14006  5086   152534.7454   267   152337.3712   153015.6447   264348    0.45%
  14101  5103   152376.2357   393   152337.3712   153009.1856   266066    0.44%
  14258  5152   152640.1827   250   152337.3712   153007.5600   268754    0.44%
  14413  5183        cutoff         152337.3712   152999.8593   271091    0.43%
  14501  5206   152528.4414   374   152337.3712   152984.4166   273005    0.42%
  15036  5235        cutoff         152337.3712   152948.8740   283847    0.40%
Elapsed time = 183.30 sec. (106789.64 ticks, tree = 12.27 MB, solutions = 1)
  15673  5417   152398.7573   199   152337.3712   152912.8355   295798    0.38%
  16254  5488   152364.6129   233   152337.3712   152876.1729   309085    0.35%
  16918  5644   152375.6326   163   152337.3712   152855.6431   322084    0.34%
  17611  5816   152468.6273   215   152337.3712   152840.2638   335182    0.33%
  18294  6005   152446.9359   359   152337.3712   152833.8330   347823    0.33%
  18998  6223   152581.6329   202   152337.3712   152826.9588   360754    0.32%
  19718  6361   152523.9827   405   152337.3712   152812.0456   375071    0.31%
  20367  6524   152390.5240   290   152337.3712   152803.1736   388072    0.31%
  21000  6779   152386.2536   274   152337.3712   152795.8623   399149    0.30%
  21572  7202   152465.0615   236   152337.3712   152790.9745   408995    0.30%
Elapsed time = 252.03 sec. (145019.59 ticks, tree = 16.20 MB, solutions = 1)
  22282  7716   152373.4359   307   152337.3712   152782.1024   420935    0.29%
  23030  8265   152439.5764   282   152337.3712   152773.7651   433150    0.29%
  23574  8632   152479.9648   254   152337.3712   152767.6681   443720    0.28%
  24156  9009   152403.3429   331   152337.3712   152759.3267   455005    0.28%
  24825  9428   152547.6284   266   152337.3712   152752.2217   467540    0.27%
  25508  9915   152452.1138   226   152337.3712   152746.6332   479501    0.27%
  26113 10272   152626.4807   341   152337.3712   152739.9141   490809    0.26%
  26710 10613   152353.0980   270   152337.3712   152729.9025   502593    0.26%
  27394 11037   152345.5950   232   152337.3712   152720.7283   514952    0.25%
  28046 11400   152467.5448   384   152337.3712   152714.8706   528478    0.25%
Elapsed time = 320.77 sec. (183202.29 ticks, tree = 25.33 MB, solutions = 1)
  28635 11684   152593.2869   290   152337.3712   152708.1875   540448    0.24%
  29267 12084   152496.6455   196   152337.3712   152703.6719   551876    0.24%
  30028 12628   152477.7817   235   152337.3712   152699.7673   565150    0.24%
  30751 13036   152369.3258   314   152337.3712   152692.9845   578081    0.23%
  31401 13448   152596.9339   266   152337.3712   152688.5542   590169    0.23%
  31981 13776        cutoff         152337.3712   152685.0733   601204    0.23%
  32627 14123   152552.6500   273   152337.3712   152681.2569   614139    0.23%
  33273 14453   152560.5529   283   152337.3712   152676.3753   627559    0.22%
  33916 14817   152565.3762   198   152337.3712   152672.2187   639180    0.22%
  34498 15161   152392.9368   148   152337.3712   152668.7649   650840    0.22%
Elapsed time = 388.06 sec. (221458.13 ticks, tree = 34.11 MB, solutions = 1)
  35119 15480   152407.9028   120   152337.3712   152663.5757   663317    0.21%
  35732 15832   152384.3905   192   152337.3712   152660.6935   674454    0.21%
  36349 16218   152439.1229   260   152337.3712   152657.2303   685900    0.21%
  37039 16587   152541.6967   247   152337.3712   152653.0820   699750    0.21%
  37790 16951        cutoff         152337.3712   152648.6814   713304    0.20%
  38506 17321   152384.3217   198   152337.3712   152644.3735   727203    0.20%
  39105 17587        cutoff         152337.3712   152640.3904   738977    0.20%
  39754 17916   152420.5255   216   152337.3712   152637.7412   751002    0.20%
  40452 18243   152402.7109   190   152337.3712   152632.9988   763659    0.19%
  41190 18559   152487.8873   216   152337.3712   152627.7534   777813    0.19%
Elapsed time = 454.98 sec. (259626.89 ticks, tree = 41.76 MB, solutions = 1)
  41935 18937   152455.8459   308   152337.3712   152624.5139   792594    0.19%
  42562 19268   152348.7906   102   152337.3712   152621.5739   804346    0.19%
  43196 19486   152363.4354   310   152337.3712   152617.5855   817438    0.18%
  43843 19764   152376.4630   317   152337.3712   152614.9919   830603    0.18%
  44540 20083        cutoff         152337.3712   152610.4366   843950    0.18%
  45279 20387   152542.9124   316   152337.3712   152606.9129   858479    0.18%
  45926 20600        cutoff         152337.3712   152603.6240   871725    0.17%
  46588 20925   152341.8094   157   152337.3712   152600.7614   884275    0.17%
  47237 21180        cutoff         152337.3712   152598.0310   896944    0.17%
  47901 21429        cutoff         152337.3712   152594.4036   911443    0.17%
Elapsed time = 523.26 sec. (297873.66 ticks, tree = 48.08 MB, solutions = 1)
  48607 21723   152484.2403   240   152337.3712   152590.9839   924772    0.17%
  49313 21916   152380.1188   209   152337.3712   152587.0677   940203    0.16%
  49948 22136   152369.1437   188   152337.3712   152583.5040   953505    0.16%
  50518 22287   152416.5672   202   152337.3712   152580.1623   966126    0.16%
  51100 22454        cutoff         152337.3712   152577.0766   978525    0.16%
  51719 22586        cutoff         152337.3712   152573.4357   992285    0.15%
  52434 22758        cutoff         152337.3712   152570.0706  1007975    0.15%
  53131 22887   152375.5858   200   152337.3712   152566.2657  1023577    0.15%
  53701 22978   152352.4668   221   152337.3712   152563.4122  1036576    0.15%
  54268 22996        cutoff         152337.3712   152560.0284  1050709    0.15%
Elapsed time = 591.01 sec. (336066.05 ticks, tree = 51.48 MB, solutions = 1)
  54893 23155        cutoff         152337.3712   152557.2101  1064300    0.14%
  55508 23288   152366.3833   255   152337.3712   152554.3051  1076783    0.14%
  56214 23488   152348.8180   195   152337.3712   152551.6637  1090869    0.14%
  56886 23619   152497.5961   193   152337.3712   152548.2386  1105686    0.14%
  57485 23732   152388.1000   172   152337.3712   152545.4699  1119313    0.14%
  58084 23801   152446.6044   100   152337.3712   152542.4049  1133239    0.13%
  58761 23875        cutoff         152337.3712   152539.5098  1147222    0.13%
  59461 23928   152354.7136   166   152337.3712   152536.0663  1161946    0.13%
  60228 24063        cutoff         152337.3712   152533.2431  1176992    0.13%
  60941 24187   152420.3846   205   152337.3712   152530.4153  1192161    0.13%
Elapsed time = 660.08 sec. (374247.14 ticks, tree = 54.34 MB, solutions = 1)
  61611 24220        cutoff         152337.3712   152527.2110  1207240    0.12%
  62283 24282   152374.7017   277   152337.3712   152524.1016  1221127    0.12%
  62937 24425   152461.3820   243   152337.3712   152521.6270  1234305    0.12%
  63673 24441   152361.7809   167   152337.3712   152517.8994  1249428    0.12%
  64402 24433   152436.9764   171   152337.3712   152514.7324  1265637    0.12%
  65085 24385        cutoff         152337.3712   152510.9086  1281226    0.11%
  65689 24379   152479.5443   165   152337.3712   152508.0889  1295779    0.11%
  66332 24445   152424.7249   312   152337.3712   152505.2894  1309467    0.11%
  66958 24363   152391.3624   228   152337.3712   152502.2181  1323596    0.11%
  67640 24265   152356.9292   215   152337.3712   152498.9645  1338886    0.11%
Elapsed time = 729.01 sec. (412464.62 ticks, tree = 54.65 MB, solutions = 1)
  68324 24182        cutoff         152337.3712   152495.6290  1355196    0.10%
  69030 24052   152371.7508   302   152337.3712   152492.0790  1371595    0.10%
  69726 23999   152348.5621   205   152337.3712   152489.4027  1387165    0.10%
  70421 23921   152390.9857    72   152337.3712   152486.6191  1402136    0.10%
  71104 23824   152410.9323   195   152337.3712   152483.8041  1417397    0.10%
  71848 23723        cutoff         152337.3712   152480.5989  1432450    0.09%
  72644 23587   152427.3273   163   152337.3712   152477.1637  1448223    0.09%
  73414 23444        cutoff         152337.3712   152474.0484  1464037    0.09%
  74244 23350        cutoff         152337.3712   152470.8408  1479916    0.09%
  75000 23219        cutoff         152337.3712   152467.8642  1494159    0.09%
Elapsed time = 798.26 sec. (450644.00 ticks, tree = 52.70 MB, solutions = 1)
  75708 23021   152418.7939   122   152337.3712   152464.7236  1508533    0.08%
  76425 22847   152442.1834   265   152337.3712   152461.9024  1522703    0.08%
  77202 22721   152373.2324   179   152337.3712   152459.1320  1538686    0.08%
  77992 22485   152340.2739    40   152337.3712   152455.9516  1554181    0.08%
  78813 22242        cutoff         152337.3712   152452.7405  1569486    0.08%
  79677 21897   152432.4888   104   152337.3712   152448.7212  1584374    0.07%
  80443 21623   152413.3387   117   152337.3712   152445.5907  1598085    0.07%
  81168 21392   152339.3853   180   152337.3712   152442.7250  1612179    0.07%
  81916 21151   152419.7995    45   152337.3712   152440.3404  1626489    0.07%
  82743 20855   152277.7853   313   152337.3712   152437.2555  1641040    0.07%
Elapsed time = 866.64 sec. (488845.74 ticks, tree = 47.75 MB, solutions = 1)
  83561 20552   152347.8593    34   152337.3712   152434.3200  1655152    0.06%
  84399 20278        cutoff         152337.3712   152431.4415  1669823    0.06%
  85167 19940        cutoff         152337.3712   152428.6886  1682702    0.06%
  85943 19626        cutoff         152337.3712   152425.9940  1696515    0.06%
  86736 19324        cutoff         152337.3712   152423.6341  1709840    0.06%
  87520 19009        cutoff         152337.3712   152421.0219  1722893    0.05%
  88321 18567        cutoff         152337.3712   152417.9550  1735830    0.05%
  89204 18258   152346.6061   318   152337.3712   152415.0791  1748323    0.05%
  90114 17859   152361.7758   179   152337.3712   152412.2208  1761320    0.05%
  90995 17513        cutoff         152337.3712   152409.6347  1774582    0.05%
Elapsed time = 934.24 sec. (527046.87 ticks, tree = 40.32 MB, solutions = 1)
  91869 16927   152341.7608   148   152337.3712   152406.2403  1787897    0.05%
  92727 16449   152263.9058   305   152337.3712   152403.2218  1800091    0.04%
  93536 16014   152348.7919    31   152337.3712   152400.5569  1810910    0.04%
  94365 15486        cutoff         152337.3712   152397.5844  1822227    0.04%
  95224 14865        cutoff         152337.3712   152394.7455  1832514    0.04%
  96083 14273   152370.9366    96   152337.3712   152391.8985  1843086    0.04%
  97009 13663        cutoff         152337.3712   152389.0041  1853193    0.03%
  97930 13131        cutoff         152337.3712   152386.3210  1863146    0.03%
  98887 12514        cutoff         152337.3712   152383.6017  1872655    0.03%
  99834 11874        cutoff         152337.3712   152380.7699  1882572    0.03%
Elapsed time = 1000.66 sec. (565208.44 ticks, tree = 27.48 MB, solutions = 1)
 100752 11143        cutoff         152337.3712   152377.7412  1891509    0.03%
 101698 10429        cutoff         152337.3712   152374.8460  1900417    0.02%
 102666  9750        cutoff         152337.3712   152372.0881  1909312    0.02%
 103557  9143        cutoff         152337.3712   152369.4097  1916994    0.02%
 104481  8400        cutoff         152337.3712   152366.7009  1924515    0.02%
 105413  7682        cutoff         152337.3712   152364.1846  1931641    0.02%
 106329  6875        cutoff         152337.3712   152361.5203  1938246    0.02%
 107281  6059        cutoff         152337.3712   152358.7134  1944874    0.01%
 108258  5213        cutoff         152337.3712   152355.8347  1951222    0.01%
 109221  4347        cutoff         152337.3712   152352.9430  1957053    0.01%
Elapsed time = 1067.09 sec. (603379.54 ticks, tree = 10.55 MB, solutions = 1)

GUB cover cuts applied:  4
Implied bound cuts applied:  25
Flow cuts applied:  147
Mixed integer rounding cuts applied:  491
Zero-half cuts applied:  1
Lift and project cuts applied:  201
Gomory fractional cuts applied:  43

Root node processing (before b&c):
  Real time             =    2.44 sec. (1298.73 ticks)
Sequential b&c:
  Real time             = 1065.32 sec. (603510.95 ticks)
                          ------------
Total (root+branch&cut) = 1067.76 sec. (604809.68 ticks)
