1 of 1 MIP starts provided solutions.
MIP start 'm1' defined initial solution with objective 114227.1660.
Tried aggregator 11 times.
MIP Presolve eliminated 1452 rows and 1 columns.
Aggregator did 6792 substitutions.
Reduced MIP has 9893 rows, 8443 columns, and 43654 nonzeros.
Reduced MIP has 1451 binaries, 0 generals, 0 SOSs, and 0 indicators.
Presolve time = 0.27 sec. (124.57 ticks)
Probing time = 0.02 sec. (5.59 ticks)
Tried aggregator 1 time.
Reduced MIP has 9893 rows, 8443 columns, and 43654 nonzeros.
Reduced MIP has 1451 binaries, 0 generals, 0 SOSs, and 0 indicators.
Presolve time = 0.05 sec. (21.27 ticks)
Probing time = 0.02 sec. (5.71 ticks)
Clique table members: 4340.
MIP emphasis: balance optimality and feasibility.
MIP search method: dynamic search.
Parallel mode: none, using 1 thread.
Root relaxation solution time = 0.23 sec. (132.73 ticks)

        Nodes                                         Cuts/
   Node  Left     Objective  IInf  Best Integer    Best Bound    ItCnt     Gap

*     0+    0                       114227.1660   393405.7555     7529  244.41%
      0     0   119311.4926   341   114227.1660   119311.4926     7529    4.45%
      0     0   117053.9580   357   114227.1660     Cuts: 750     8490    2.47%
      0     0   116431.6975   392   114227.1660     Cuts: 409     8964    1.93%
      0     0   116213.9091   446   114227.1660     Cuts: 305     9481    1.74%
      0     0   116147.6147   451   114227.1660     Cuts: 212     9740    1.68%
      0     0   116112.6167   445   114227.1660     Cuts: 144     9914    1.65%
      0     0   116103.7379   449   114227.1660      Cuts: 85    10000    1.64%
      0     0   116096.9539   441   114227.1660      Cuts: 58    10066    1.64%
      0     0   116095.4670   447   114227.1660      Cuts: 42    10095    1.64%
      0     0   116094.1706   447   114227.1660      Cuts: 17    10111    1.63%
      0     2   116094.1706   447   114227.1660   116093.5770    10111    1.63%
Elapsed time = 4.17 sec. (2304.52 ticks, tree = 0.00 MB, solutions = 1)
     20    22   115706.0491   363   114227.1660   116075.6950    11220    1.62%
     40    40   115219.4053   256   114227.1660   116075.6950    12192    1.62%
     68    67   114310.7287   181   114227.1660   116075.6950    13186    1.62%
    100    96   115357.3488   328   114227.1660   116075.5300    14648    1.62%
    139   135   114636.6832   211   114227.1660   116075.5300    15693    1.62%
    182   171   115432.9850   320   114227.1660   116046.5313    16839    1.59%
    220   204   115891.7705   426   114227.1660   116042.2101    17682    1.59%
    260   243   114903.6697   294   114227.1660   116042.2101    18775    1.59%
    300   278   116006.2920   445   114227.1660   116038.8250    20080    1.59%
    420   392   115027.6923   274   114227.1660   116030.5898    24529    1.58%
Elapsed time = 9.45 sec. (5584.28 ticks, tree = 1.56 MB, solutions = 1)
    601   548   115961.6418   437   114227.1660   116012.5755    30210    1.56%
    785   718   115132.0369   429   114227.1660   116007.1863    35812    1.56%
    950   874   114451.1860   222   114227.1660   116004.8380    40195    1.56%
    980   899   115334.9114   433   114227.1660   115333.9501    53858    0.97%
    982   900   114302.8035   415   114227.1660   115325.2869    53990    0.96%
    987   603   115252.6126   413   114227.1660   115252.5772    54179    0.90%
    991   517   114894.5837   421   114227.1660   115250.2692    55108    0.90%
    994   517   114881.7924   439   114227.1660   115250.2692    55251    0.90%
   1000   520   114803.8981   418   114227.1660   115250.2692    55326    0.90%
   1020   530   114758.0634   321   114227.1660   115250.2692    55792    0.90%
Elapsed time = 45.11 sec. (25419.07 ticks, tree = 3.34 MB, solutions = 1)
   1100   555   115228.9210   355   114227.1660   115249.1687    57491    0.89%
   1224   603   114731.2475   378   114227.1660   115237.5104    60919    0.88%
   1330   620   114492.7321   227   114227.1660   115229.4004    64021    0.88%
   1430   646   115131.3534   323   114227.1660   115215.0496    67009    0.86%
   1530   690   114333.6466   124   114227.1660   115215.0496    69501    0.86%
   1642   739   114606.2353   260   114227.1660   115182.6295    73997    0.84%
   1740   744   114565.9789   389   114227.1660   115172.6510    76721    0.83%
   1828   759   114947.4803   307   114227.1660   115159.4400    81478    0.82%
   1959   795   114368.6749   317   114227.1660   115146.9908    85505    0.81%
   2052   849   114730.3059   195   114227.1660   115115.3318    91378    0.78%
Elapsed time = 61.89 sec. (35403.53 ticks, tree = 6.60 MB, solutions = 1)
   2235  1010   114292.1426    99   114227.1660   115106.5242    95347    0.77%
   2400  1146   114653.0063   263   114227.1660   115080.8447   100001    0.75%
   2513  1235   114291.4548   214   114227.1660   115078.6891   103691    0.75%
   2660  1354   114965.3593   276   114227.1660   115073.9358   107496    0.74%
   2784  1449   114719.2885   278   114227.1660   115060.0136   112463    0.73%
   2932  1573   114523.1199   143   114227.1660   115054.0915   116323    0.72%
   3085  1692   114580.8032   250   114227.1660   115051.8327   120524    0.72%
   3236  1822   114301.9080    91   114227.1660   115050.2439   124927    0.72%
   3417  1953        cutoff         114227.1660   115040.4791   130436    0.71%
   3621  2115   114453.0521   185   114227.1660   115035.3063   135495    0.71%
Elapsed time = 78.42 sec. (45467.24 ticks, tree = 11.14 MB, solutions = 1)
   3821  2286   114436.9708   185   114227.1660   115032.7842   141337    0.71%
   4009  2445   114401.0742   169   114227.1660   115030.2347   146387    0.70%
   4185  2591   114280.3010   198   114227.1660   115027.7867   152404    0.70%
   4349  2721   114340.4471   173   114227.1660   115025.7516   157635    0.70%
   4476  2816   114459.8512   201   114227.1660   115014.8146   162054    0.69%
   4611  2924   114748.1560   200   114227.1660   115011.3034   166336    0.69%
   4736  3029   114950.2238   231   114227.1660   115010.3712   170127    0.69%
   4895  3178   114444.0833   191   114227.1660   115006.4351   173920    0.68%
   5033  3286   114512.0399   226   114227.1660   115001.8689   179143    0.68%
   5227  3450   114384.2441   126   114227.1660   114999.3678   185426    0.68%
Elapsed time = 95.48 sec. (55338.68 ticks, tree = 15.84 MB, solutions = 1)
   5385  3568   114296.4219   292   114227.1660   114995.7503   192188    0.67%
   5556  3703   114834.7737   196   114227.1660   114992.2406   199092    0.67%
   5740  3841   114389.6343   220   114227.1660   114984.2407   205552    0.66%
   5869  3935   114419.6904   233   114227.1660   114979.3064   211115    0.66%
   5977  4018   114314.6539   134   114227.1660   114978.0819   215166    0.66%
   6076  4103   114250.0034   242   114227.1660   114977.2140   219768    0.66%
   6209  4207   114807.9268   266   114227.1660   114975.5345   223890    0.66%
   6342  4313   114822.1150   219   114227.1660   114974.4205   228642    0.65%
   6493  4438   114652.8948   253   114227.1660   114971.0008   233292    0.65%
   6610  4527   114572.1599   272   114227.1660   114969.5300   237536    0.65%
Elapsed time = 111.62 sec. (65120.93 ticks, tree = 19.74 MB, solutions = 1)
   6785  4667   114461.0114   236   114227.1660   114965.8428   242724    0.65%
   6922  4777   114754.5312   205   114227.1660   114964.1640   249462    0.65%
   7099  4916   114770.0472   242   114227.1660   114961.8993   254531    0.64%
   7252  5036   114781.9042   343   114227.1660   114959.7953   261624    0.64%
   7454  5217   114491.0582   230   114227.1660   114958.5972   267692    0.64%
   7632  5357   114583.8479   242   114227.1660   114956.8097   274182    0.64%
   7803  5487   114351.8904   177   114227.1660   114954.9211   280379    0.64%
   7947  5581   114834.2830   240   114227.1660   114950.1146   286907    0.63%
   8096  5699   114787.2592   249   114227.1660   114948.6379   291439    0.63%
   8271  5836   114702.5166   178   114227.1660   114948.2132   295999    0.63%
Elapsed time = 127.48 sec. (74769.20 ticks, tree = 24.36 MB, solutions = 1)
   8424  5971   114402.2003   152   114227.1660   114947.0897   300643    0.63%
   8523  6047   114672.2812   239   114227.1660   114946.2547   304777    0.63%
   8638  6141   114541.3616   168   114227.1660   114943.1228   310279    0.63%
   8779  6256   114300.3690   134   114227.1660   114942.0112   314939    0.63%
   8936  6371   114340.1711   130   114227.1660   114938.6810   319569    0.62%
   9090  6501   114470.5677   241   114227.1660   114935.6241   323852    0.62%
   9250  6631   114610.1633   174   114227.1660   114934.6046   328905    0.62%
   9407  6755   114390.0537   129   114227.1660   114933.0815   334227    0.62%
   9573  6862   114719.3808   211   114227.1660   114928.7334   340923    0.61%
   9784  7039        cutoff         114227.1660   114926.9035   346460    0.61%
Elapsed time = 143.39 sec. (84352.76 ticks, tree = 28.61 MB, solutions = 1)
   9973  7195   114798.8388   231   114227.1660   114925.9331   351464    0.61%
  10180  7365   114288.8205   152   114227.1660   114925.3690   356869    0.61%
  10372  7526   114652.0542   204   114227.1660   114924.1244   362462    0.61%
  10568  7666   114694.0762   286   114227.1660   114920.2647   369370    0.61%
  10769  7826   114750.7130   210   114227.1660   114919.2367   374501    0.61%
  10780  7836   114656.6058   254   114227.1660   114919.2367   375045    0.61%
  10781  7837   114630.2884   290   114227.1660   114919.1217   375250    0.61%
  10782  7838   115163.9853   473   114227.1660   114919.1217   386223    0.61%
  10784  7839   115115.0330   467   114227.1660   114919.1217   386249    0.61%
  10789  6533   115107.4802   461   114227.1660   114919.1217   386323    0.61%
Elapsed time = 190.78 sec. (110511.45 ticks, tree = 26.19 MB, solutions = 1)
  10802  5604   115097.8135   436   114227.1660   114919.1217   387160    0.61%
  10816  4667   115081.5334   386   114227.1660   114919.1217   387949    0.61%
  10826  4673   114747.7996   335   114227.1660   114919.1217   388556    0.61%
  10836  4554   114708.9533   305   114227.1660   114919.1217   388948    0.61%
  10846  4560   114687.9447   270   114227.1660   114919.1217   389243    0.61%
  10858  4411   114215.6619   224   114227.1660   114919.1217   390015    0.61%
  10873  4341   114393.1224   161   114227.1660   114919.1217   390369    0.61%
  10893  3615   114284.5460   356   114227.1660   114919.1217   392237    0.61%
  10897  3547   114444.2518   399   114227.1660   114919.1217   392461    0.61%
  10932  3557   114262.7304   272   114227.1660   114919.1217   393411    0.61%
Elapsed time = 210.88 sec. (123614.75 ticks, tree = 14.33 MB, solutions = 1)
  10973  3528   114459.7876   293   114227.1660   114919.1217   394649    0.61%
  11104  3419   114241.6612   152   114227.1660   114919.1217   398212    0.61%
  11348  3489   114429.3603   267   114227.1660   114919.1217   404309    0.61%
  11556  3494   114932.1299   287   114227.1660   114919.1217   410601    0.61%
  11885  3527   114351.4123   321   114227.1660   114919.1217   421365    0.61%
  12091  3563   114809.7598   285   114227.1660   114919.1217   428531    0.61%
  12401  3676   114627.5005   277   114227.1660   114914.1377   436937    0.60%
  12835  3827   114831.6074   313   114227.1660   114885.5628   448091    0.58%
  13280  3981   114443.1557    77   114227.1660   114864.4215   461246    0.56%
  13711  4127   114289.2535    95   114227.1660   114846.0673   476517    0.54%
Elapsed time = 276.30 sec. (161911.02 ticks, tree = 15.29 MB, solutions = 1)
  14076  4257   114452.9263   162   114227.1660   114840.7917   488169    0.54%
  14512  4405   114590.2063   232   114227.1660   114829.4133   501253    0.53%
  14954  4545   114416.9697   179   114227.1660   114813.4549   515662    0.51%
  15397  4644        cutoff         114227.1660   114792.5075   530409    0.49%
  15791  4771   114475.7179   218   114227.1660   114786.1300   542025    0.49%
  16200  4856   114443.4307   215   114227.1660   114779.2028   553440    0.48%
  16512  4924   114246.2426   233   114227.1660   114773.1452   563834    0.48%
  16982  5078   114247.2140   209   114227.1660   114765.7264   578580    0.47%
  17331  5181   114419.0020   233   114227.1660   114759.8297   589861    0.47%
  17665  5329   114453.4966   251   114227.1660   114754.6053   601931    0.46%
Elapsed time = 344.61 sec. (200154.87 ticks, tree = 18.31 MB, solutions = 1)
  18123  5655        cutoff         114227.1660   114748.0352   617486    0.46%
  18429  5872   114439.9611   203   114227.1660   114743.6580   629277    0.45%
  18821  6163   114700.2029   289   114227.1660   114739.3084   641309    0.45%
  19259  6497   114328.2911   169   114227.1660   114735.4509   654792    0.44%
  19642  6782   114669.1590   213   114227.1660   114732.1061   667232    0.44%
  19982  7032   114432.5696   210   114227.1660   114727.9544   678172    0.44%
  20434  7387   114394.8524   201   114227.1660   114724.4264   691559    0.44%
  20854  7681   114555.4016   215   114227.1660   114720.5963   705647    0.43%
  21192  7929   114365.0948   230   114227.1660   114717.9129   717050    0.43%
  21550  8178   114478.0975   339   114227.1660   114713.5609   728304    0.43%
Elapsed time = 412.78 sec. (238469.94 ticks, tree = 27.93 MB, solutions = 1)
  21968  8507   114473.2726   227   114227.1660   114712.4125   739524    0.42%
  22452  8890   114240.6284   121   114227.1660   114709.0559   753526    0.42%
  22866  9175   114328.1004   340   114227.1660   114705.4655   766471    0.42%
  23233  9424   114333.5409   200   114227.1660   114702.2158   778427    0.42%
  23670  9748   114250.3650   155   114227.1660   114698.8470   790834    0.41%
  24105 10069   114373.6600   156   114227.1660   114696.8759   805030    0.41%
  24516 10347   114499.6341   245   114227.1660   114693.8448   819499    0.41%
  24868 10562   114420.1398   232   114227.1660   114690.8167   831114    0.41%
  25269 10845   114334.4428   191   114227.1660   114687.6264   843679    0.40%
  25747 11140   114228.0885   219   114227.1660   114682.7288   860444    0.40%
Elapsed time = 480.97 sec. (276728.76 ticks, tree = 38.06 MB, solutions = 1)
  26213 11468   114295.0382   192   114227.1660   114679.5950   874071    0.40%
  26610 11736   114479.6273   249   114227.1660   114676.7642   886008    0.39%
  26984 11985   114361.7525   203   114227.1660   114674.6885   898192    0.39%
  27359 12231   114344.7255   206   114227.1660   114672.0382   910874    0.39%
  27827 12555   114409.9570   116   114227.1660   114669.1766   926210    0.39%
  28293 12867   114432.1080   216   114227.1660   114666.8836   940250    0.38%
  28672 13112        cutoff         114227.1660   114664.3123   952292    0.38%
  29027 13328   114501.6638   223   114227.1660   114662.1061   965398    0.38%
  29443 13587        cutoff         114227.1660   114659.2021   978801    0.38%
  29901 13868   114362.0756   197   114227.1660   114656.1945   994613    0.38%
Elapsed time = 549.86 sec. (315026.20 ticks, tree = 47.85 MB, solutions = 1)
  30390 14179   114582.2790   248   114227.1660   114653.2577  1009596    0.37%
  30741 14393   114284.1603   260   114227.1660   114650.6422  1021442    0.37%
  31194 14701   114358.1563   244   114227.1660   114648.4313  1034156    0.37%
  31578 14934   114465.3129   227   114227.1660   114646.8950  1045973    0.37%
  32005 15194   114350.8226   346   114227.1660   114644.5717  1060471    0.37%
  32517 15527   114529.8361   214   114227.1660   114641.3869  1075932    0.36%
  32983 15819   114448.0017   127   114227.1660   114639.0066  1090673    0.36%
  33361 16048   114271.0512   264   114227.1660   114636.9990  1102676    0.36%
  33804 16350   114621.0684   227   114227.1660   114634.8019  1115411    0.36%
  34279 16670   114455.6117   221   114227.1660   114632.4677  1129019    0.35%
Elapsed time = 619.65 sec. (353272.63 ticks, tree = 58.03 MB, solutions = 1)
  34728 16955   114464.8023   216   114227.1660   114629.4698  1144817    0.35%
  35245 17333   114309.8073   128   114227.1660   114627.9120  1158455    0.35%
  35572 17535        cutoff         114227.1660   114626.2812  1167136    0.35%
  35978 17781   114352.1829   212   114227.1660   114624.1567  1181016    0.35%
  36404 18085   114349.6751   181   114227.1660   114622.2606  1192418    0.35%
  36778 18313   114385.6531   228   114227.1660   114620.7575  1205202    0.34%
  37231 18616   114521.3277   178   114227.1660   114618.9222  1219504    0.34%
  37698 18903   114254.5020   253   114227.1660   114616.5609  1234876    0.34%
  38128 19136   114378.6861   330   114227.1660   114614.2434  1250275    0.34%
  38564 19400   114230.8792   155   114227.1660   114611.7207  1263818    0.34%
Elapsed time = 689.46 sec. (391674.07 ticks, tree = 67.63 MB, solutions = 1)
  38920 19632   114332.0840   136   114227.1660   114610.3468  1275340    0.34%
  39375 19938   114331.3775   185   114227.1660   114609.1146  1286894    0.33%
  39801 20184   114360.8031   233   114227.1660   114607.1410  1300873    0.33%
  40188 20403   114284.7476   150   114227.1660   114605.1121  1313428    0.33%
  40628 20667   114260.0639   248   114227.1660   114603.2697  1328561    0.33%
  41106 20973   114567.3037   222   114227.1660   114600.8821  1343503    0.33%
  41494 21209   114448.6370   198   114227.1660   114599.2557  1356681    0.33%
  41940 21520        cutoff         114227.1660   114598.4496  1368766    0.33%
  42385 21799   114406.6284   193   114227.1660   114596.9029  1382514    0.32%
  42815 22036   114436.8529   196   114227.1660   114595.0881  1398426    0.32%
Elapsed time = 757.64 sec. (429901.04 ticks, tree = 76.69 MB, solutions = 1)
  43214 22245   114250.6673   287   114227.1660   114593.0307  1414747    0.32%
  43662 22497   114334.7806   189   114227.1660   114590.6988  1429763    0.32%
  44107 22791   114381.3635   218   114227.1660   114589.8150  1443044    0.32%
  44439 22979   114455.2653   242   114227.1660   114588.4775  1454614    0.32%
  44876 23250   114234.2815   225   114227.1660   114586.1803  1467585    0.31%
  45302 23498   114251.5503   215   114227.1660   114584.5635  1482210    0.31%
  45804 23815   114238.4469   182   114227.1660   114583.2368  1496871    0.31%
  46268 24097   114243.3206   171   114227.1660   114581.1054  1511989    0.31%
  46700 24353   114387.8654   198   114227.1660   114579.6768  1526735    0.31%
  47089 24611   114279.1180   232   114227.1660   114578.8058  1538764    0.31%
Elapsed time = 827.38 sec. (468225.85 ticks, tree = 85.43 MB, solutions = 1)
  47478 24844   114332.0018   276   114227.1660   114578.0075  1551909    0.31%
  47885 25059   114308.4965   212   114227.1660   114576.6151  1567556    0.31%
  48360 25348   114321.9875   244   114227.1660   114574.8718  1583540    0.30%
  48807 25596   114378.5972   213   114227.1660   114572.9441  1599946    0.30%
  49269 25835   114450.9231   199   114227.1660   114570.6516  1615916    0.30%
  49686 26064   114385.7919   194   114227.1660   114568.8222  1629883    0.30%
  50060 26272   114518.4345   252   114227.1660   114567.5639  1643001    0.30%
  50493 26525   114242.5392   216   114227.1660   114566.1122  1656920    0.30%
  50987 26853   114242.9000   147   114227.1660   114564.9043  1671008    0.30%
  51509 27146   114396.6358   196   114227.1660   114563.2882  1685788    0.29%
Elapsed time = 900.82 sec. (506431.50 ticks, tree = 94.03 MB, solutions = 1)
  52010 27434   114342.3762   187   114227.1660   114561.1725  1701244    0.29%
  52479 27730   114261.8061   178   114227.1660   114560.0284  1716277    0.29%
  52960 27975   114251.4256   156   114227.1660   114558.0072  1731444    0.29%
  53401 28200   114316.3733   220   114227.1660   114556.0528  1745197    0.29%
  53900 28497   114408.0279   115   114227.1660   114554.5689  1760068    0.29%
  54419 28811        cutoff         114227.1660   114552.7541  1776164    0.29%
  54906 29121   114283.0109   147   114227.1660   114551.5857  1791273    0.28%
  55398 29418   114267.6253   168   114227.1660   114550.3252  1807284    0.28%
  55875 29670   114246.4717   163   114227.1660   114548.4992  1822182    0.28%
  56318 29866   114450.7944   217   114227.1660   114546.6170  1837586    0.28%
Elapsed time = 973.06 sec. (544658.54 ticks, tree = 103.27 MB, solutions = 1)
  56792 30119   114231.4100   159   114227.1660   114545.2494  1850958    0.28%
  57237 30357   114366.7920   182   114227.1660   114543.6215  1867525    0.28%
  57700 30554   114279.7748   230   114227.1660   114542.2110  1883608    0.28%
  58237 30858        cutoff         114227.1660   114540.7590  1900094    0.27%
  58746 31144        cutoff         114227.1660   114539.4562  1917660    0.27%
  59150 31352   114313.7562   207   114227.1660   114538.0883  1932905    0.27%
  59596 31584   114333.2132   186   114227.1660   114536.7227  1946658    0.27%
  60048 31842   114412.2188   183   114227.1660   114535.1904  1959787    0.27%
  60489 32069   114292.9658   169   114227.1660   114533.6510  1975484    0.27%
  61019 32389   114352.2601   220   114227.1660   114531.9470  1989729    0.27%
Elapsed time = 1045.79 sec. (582839.69 ticks, tree = 111.72 MB, solutions = 1)
  61497 32624        cutoff         114227.1660   114529.9474  2005415    0.27%
  61997 32900        cutoff         114227.1660   114528.6876  2021893    0.26%
  62422 33108   114249.4620   192   114227.1660   114526.8512  2037932    0.26%
  62773 33263   114247.5653    99   114227.1660   114525.4742  2052739    0.26%
  63186 33502   114498.2817   137   114227.1660   114524.4925  2065677    0.26%
  63685 33746   114391.5843   201   114227.1660   114522.7087  2082956    0.26%
  64229 34102   114360.2436   164   114227.1660   114521.6343  2098224    0.26%
  64680 34344   114332.3013   152   114227.1660   114520.2963  2113377    0.26%
  65182 34607   114425.5133   102   114227.1660   114519.0314  2131007    0.26%
  65559 34791   114505.7146   234   114227.1660   114517.6406  2144784    0.25%
Elapsed time = 1117.00 sec. (621051.32 ticks, tree = 120.83 MB, solutions = 1)
  65922 34961   114411.4122   160   114227.1660   114516.2983  2160428    0.25%
  66330 35203   114231.8205   183   114227.1660   114515.5622  2172839    0.25%
  66753 35423   114319.4448   248   114227.1660   114514.3407  2187676    0.25%
  67223 35669   114419.1308   205   114227.1660   114512.7023  2204063    0.25%
  67680 35916   114376.6307   203   114227.1660   114512.0341  2221451    0.25%
  68166 36165        cutoff         114227.1660   114510.7488  2238772    0.25%
  68596 36332        cutoff         114227.1660   114509.1719  2258241    0.25%
  69041 36541        cutoff         114227.1660   114507.7480  2272917    0.25%
  69460 36744   114311.8366   231   114227.1660   114506.4496  2287357    0.24%
  69886 36914   114288.7101    91   114227.1660   114505.1976  2304385    0.24%
Elapsed time = 1188.13 sec. (659304.02 ticks, tree = 128.17 MB, solutions = 1)
  70317 37128   114415.2842   212   114227.1660   114504.0991  2321449    0.24%
  70762 37399   114271.6507   222   114227.1660   114503.0325  2337179    0.24%
  71250 37643   114397.7685   305   114227.1660   114501.9120  2354249    0.24%
  71663 37826   114236.9708   111   114227.1660   114500.6889  2370951    0.24%
  72099 38014        cutoff         114227.1660   114499.2035  2388119    0.24%
  72487 38185   114282.7826   148   114227.1660   114497.9694  2403358    0.24%
  72883 38369   114360.0880   205   114227.1660   114496.9870  2420528    0.24%
  73280 38569   114249.9958   224   114227.1660   114496.2277  2435578    0.24%
  73735 38756   114373.4859   231   114227.1660   114494.9883  2452756    0.23%
  74199 38989   114386.4277   217   114227.1660   114493.7403  2471462    0.23%
Elapsed time = 1258.16 sec. (697584.60 ticks, tree = 135.13 MB, solutions = 1)
  74654 39166        cutoff         114227.1660   114492.4428  2488808    0.23%
  75109 39362   114325.0314   236   114227.1660   114491.0248  2508335    0.23%
  75594 39589   114320.9425   245   114227.1660   114489.8072  2526946    0.23%
  76052 39804   114289.4808   235   114227.1660   114489.0615  2543152    0.23%
  76430 39937   114282.3223   297   114227.1660   114487.9606  2558796    0.23%
  76868 40147   114351.0170   175   114227.1660   114487.0267  2575697    0.23%
  77260 40327   114350.7510   222   114227.1660   114486.2734  2590860    0.23%
  77683 40509        cutoff         114227.1660   114485.3642  2608311    0.23%
  78113 40676   114325.6627   224   114227.1660   114484.2702  2628179    0.23%
  78587 40900   114280.2871   298   114227.1660   114483.1749  2646561    0.22%
Elapsed time = 1328.72 sec. (735898.72 ticks, tree = 141.43 MB, solutions = 1)
  79054 41136   114339.4268   105   114227.1660   114482.0828  2664438    0.22%
  79430 41249   114276.0611   212   114227.1660   114480.8169  2681427    0.22%
  79846 41395   114236.4074   153   114227.1660   114479.6331  2698638    0.22%
  80271 41588   114303.0541   102   114227.1660   114478.4651  2715744    0.22%
  80654 41769   114322.8590   232   114227.1660   114477.7785  2733284    0.22%
  81079 41945   114244.0901   187   114227.1660   114476.5767  2751185    0.22%
  81559 42172   114244.2010   138   114227.1660   114475.4966  2769070    0.22%
  81998 42334   114327.4690   279   114227.1660   114474.3065  2790234    0.22%
  82349 42476   114405.2578   158   114227.1660   114473.3432  2807616    0.22%
  82796 42671   114312.1841   236   114227.1660   114472.3408  2827093    0.21%
Elapsed time = 1399.25 sec. (774161.05 ticks, tree = 147.61 MB, solutions = 1)
  83194 42799   114422.4958   293   114227.1660   114471.0279  2845116    0.21%
  83612 42972   114236.8267   139   114227.1660   114469.9897  2862325    0.21%
  84061 43136   114255.4750   221   114227.1660   114468.9588  2881396    0.21%
  84493 43306   114282.2903   118   114227.1660   114468.0021  2900197    0.21%
  84937 43472   114371.3572   228   114227.1660   114466.8053  2920010    0.21%
  85386 43713   114322.9286   282   114227.1660   114466.1744  2938220    0.21%
  85850 43875   114258.7871   212   114227.1660   114464.8996  2956630    0.21%
  86251 43991   114263.5925   206   114227.1660   114464.0426  2975623    0.21%
  86751 44183   114410.8284   134   114227.1660   114462.7294  2994782    0.21%
  87198 44336   114333.3319   105   114227.1660   114461.5402  3013871    0.21%
Elapsed time = 1469.55 sec. (812494.15 ticks, tree = 153.77 MB, solutions = 1)
  87678 44497        cutoff         114227.1660   114460.2686  3034552    0.20%
  88078 44640   114388.2247   136   114227.1660   114459.4412  3054191    0.20%
  88522 44859        cutoff         114227.1660   114458.6411  3070118    0.20%
  88893 45005   114241.6641   191   114227.1660   114458.0688  3085941    0.20%
  89309 45082   114403.2966   113   114227.1660   114456.8087  3105060    0.20%
  89757 45280   114373.7527   367   114227.1660   114456.0061  3123188    0.20%
  90204 45450   114375.4970   230   114227.1660   114454.7178  3142106    0.20%
  90639 45646   114256.5138    93   114227.1660   114454.0417  3160562    0.20%
  91134 45835   114273.3962    84   114227.1660   114452.6862  3181778    0.20%
  91607 46013   114275.1421   145   114227.1660   114451.8980  3202867    0.20%
Elapsed time = 1539.89 sec. (851054.52 ticks, tree = 160.33 MB, solutions = 1)
  92034 46179   114240.3539   226   114227.1660   114451.2308  3220528    0.20%
  92419 46324   114403.8794   254   114227.1660   114450.4974  3237601    0.20%
  92849 46480   114385.8718   142   114227.1660   114449.3976  3256151    0.19%
  93269 46682   114260.7425   177   114227.1660   114448.8321  3272346    0.19%
  93698 46848   114395.4800   239   114227.1660   114447.8130  3290987    0.19%
  94142 47019   114398.4244   192   114227.1660   114447.0374  3309179    0.19%
  94607 47210   114412.1136   261   114227.1660   114446.1423  3328307    0.19%
  95058 47408   114244.4616   224   114227.1660   114445.2138  3346954    0.19%
  95531 47596   114361.3522   154   114227.1660   114444.3686  3367265    0.19%
  95927 47730   114276.0754   180   114227.1660   114443.3604  3385816    0.19%
Elapsed time = 1610.70 sec. (889344.78 ticks, tree = 166.34 MB, solutions = 1)
  96359 47890   114392.0157   113   114227.1660   114442.5449  3404514    0.19%
  96735 48015   114299.8345   187   114227.1660   114441.8136  3422381    0.19%
  97181 48165   114340.3552   190   114227.1660   114440.8982  3441938    0.19%
  97663 48355   114268.8356   225   114227.1660   114439.9545  3461623    0.19%
  98111 48418        cutoff         114227.1660   114438.4352  3481237    0.18%
  98575 48564   114306.6184    90   114227.1660   114437.4218  3500010    0.18%
  99051 48741   114299.4861   109   114227.1660   114436.4539  3520340    0.18%
  99470 48911   114315.0263   185   114227.1660   114435.7617  3536735    0.18%
  99875 49027        cutoff         114227.1660   114434.9318  3553775    0.18%
 100284 49134   114282.7712   228   114227.1660   114433.9856  3572755    0.18%
Elapsed time = 1680.07 sec. (927653.80 ticks, tree = 171.04 MB, solutions = 1)
 100749 49311   114343.3491   199   114227.1660   114433.1217  3592262    0.18%
 101247 49523   114293.7932   203   114227.1660   114432.3878  3609749    0.18%
 101802 49678   114324.3648   201   114227.1660   114431.2565  3630504    0.18%
 102316 49854   114285.8342   192   114227.1660   114430.2487  3650785    0.18%
 102809 50026   114262.9605   206   114227.1660   114429.2411  3670346    0.18%
 103205 50118   114252.0635   269   114227.1660   114428.5271  3687851    0.18%
 103647 50239        cutoff         114227.1660   114427.5903  3707294    0.18%
 104099 50374   114347.9529   202   114227.1660   114426.6020  3725351    0.17%
 104534 50512   114239.7623   161   114227.1660   114425.8529  3743073    0.17%
 104980 50663   114337.5998   220   114227.1660   114425.0658  3762206    0.17%
Elapsed time = 1749.87 sec. (965938.81 ticks, tree = 176.29 MB, solutions = 1)
 105444 50786   114319.3751   104   114227.1660   114424.0138  3781647    0.17%
 105939 50957   114362.8360   127   114227.1660   114423.0049  3802887    0.17%
 106397 51118   114248.3557   231   114227.1660   114422.1985  3823202    0.17%
 106889 51270   114250.1536    91   114227.1660   114421.3676  3842331    0.17%
 107319 51420        cutoff         114227.1660   114420.6535  3858634    0.17%
 107786 51592   114229.1898   222   114227.1660   114420.0962  3875931    0.17%
 108265 51687        cutoff         114227.1660   114419.0483  3899018    0.17%
 108725 51854   114323.4100    88   114227.1660   114418.2749  3917002    0.17%
 109179 52011   114255.8742   259   114227.1660   114417.5200  3935675    0.17%
 109609 52137   114262.2332    48   114227.1660   114416.8652  3954738    0.17%
Elapsed time = 1819.86 sec. (1004194.29 ticks, tree = 181.24 MB, solutions = 1)
 110093 52293   114231.9510   235   114227.1660   114415.9905  3976023    0.17%
 110542 52417        cutoff         114227.1660   114415.1507  3994291    0.16%
 110977 52511   114320.9733   147   114227.1660   114414.0954  4013224    0.16%
 111410 52641   114351.2208   214   114227.1660   114413.2454  4029930    0.16%
 111876 52766   114355.9420   250   114227.1660   114412.2710  4046854    0.16%
 112357 52959   114321.0668   201   114227.1660   114411.5772  4066178    0.16%
 112827 53036   114393.1697    81   114227.1660   114410.5402  4087050    0.16%
 113292 53210   114288.2509   224   114227.1660   114409.8759  4106232    0.16%
 113814 53339        cutoff         114227.1660   114408.9202  4126674    0.16%
 114270 53474   114335.3385   249   114227.1660   114408.2147  4144398    0.16%
Elapsed time = 1889.39 sec. (1042437.23 ticks, tree = 185.73 MB, solutions = 1)
 114744 53603   114396.5154   124   114227.1660   114407.5318  4162492    0.16%
 115164 53760   114284.7190   244   114227.1660   114407.0486  4179918    0.16%
 115580 53878   114260.9440   243   114227.1660   114406.4107  4198479    0.16%
 116032 54028   114336.3580   211   114227.1660   114405.7279  4217138    0.16%
 116485 54139   114266.8388   266   114227.1660   114404.9518  4235431    0.16%
 116972 54280   114250.2878   207   114227.1660   114404.1570  4254595    0.15%
 117435 54382        cutoff         114227.1660   114403.3805  4274202    0.15%
 117935 54546   114333.4341    91   114227.1660   114402.8352  4292755    0.15%
 118332 54645   114309.1297   230   114227.1660   114402.2072  4309548    0.15%
 118779 54736        cutoff         114227.1660   114401.3410  4328284    0.15%
Elapsed time = 1959.45 sec. (1080662.60 ticks, tree = 190.08 MB, solutions = 1)
 119182 54894   114284.7110   153   114227.1660   114400.9203  4344627    0.15%
 119630 55025        cutoff         114227.1660   114400.2156  4363484    0.15%
 120105 55118   114278.6273   107   114227.1660   114399.3099  4382504    0.15%
 120586 55227        cutoff         114227.1660   114398.4841  4402184    0.15%
 121058 55361   114273.6300    84   114227.1660   114397.7685  4420453    0.15%
 121573 55543   114259.0649   103   114227.1660   114397.1729  4439586    0.15%
 122074 55679   114231.0918    87   114227.1660   114396.5059  4458984    0.15%
 122461 55688   114275.5418   143   114227.1660   114395.7483  4476804    0.15%
 122912 55830   114246.1610   254   114227.1660   114395.1106  4494328    0.15%
 123317 55874   114293.6634   120   114227.1660   114394.4752  4513666    0.15%
Elapsed time = 2028.32 sec. (1118878.48 ticks, tree = 194.35 MB, solutions = 1)
 123774 55963        cutoff         114227.1660   114393.6916  4531395    0.15%
 124316 56115   114306.9289   102   114227.1660   114392.9436  4552670    0.15%
 124846 56208   114321.9475   122   114227.1660   114392.0319  4574636    0.14%
 125304 56301   114310.9032   232   114227.1660   114391.3737  4592150    0.14%
 125745 56448   114300.2767   217   114227.1660   114390.7829  4609842    0.14%
 126274 56612   114305.4923   121   114227.1660   114390.0001  4629419    0.14%
 126710 56701        cutoff         114227.1660   114389.4290  4648052    0.14%
 127172 56796   114245.2791   216   114227.1660   114388.7638  4666957    0.14%
 127658 56898   114323.2888   207   114227.1660   114388.0709  4685991    0.14%
 128147 57037   114249.3276   195   114227.1660   114387.3188  4704974    0.14%
Elapsed time = 2097.45 sec. (1157115.06 ticks, tree = 198.38 MB, solutions = 1)
 128682 57134   114252.8072   160   114227.1660   114386.4491  4726080    0.14%
 129164 57223   114385.6755   150   114227.1660   114385.7050  4746147    0.14%
 129696 57405        cutoff         114227.1660   114385.1163  4767153    0.14%
 130213 57484        cutoff         114227.1660   114384.2949  4789966    0.14%
 130677 57542   114249.6871   125   114227.1660   114383.6844  4808288    0.14%
 131148 57603   114341.1969    82   114227.1660   114383.0244  4829134    0.14%
 131644 57665        cutoff         114227.1660   114382.3859  4848174    0.14%
 132126 57727   114348.9969   209   114227.1660   114381.5868  4868416    0.14%
 132647 57831        cutoff         114227.1660   114380.9700  4888808    0.13%
 133144 57951   114246.9737   139   114227.1660   114380.2892  4909448    0.13%
Elapsed time = 2166.66 sec. (1195302.87 ticks, tree = 201.45 MB, solutions = 1)
 133599 58058        cutoff         114227.1660   114379.7703  4928395    0.13%
 134091 58203        cutoff         114227.1660   114379.2205  4946164    0.13%
 134614 58311        cutoff         114227.1660   114378.4651  4967141    0.13%
 135085 58395   114292.7745   155   114227.1660   114377.8473  4987037    0.13%
 135542 58462   114232.9848   126   114227.1660   114377.2218  5007516    0.13%
 135968 58508   114276.3125   291   114227.1660   114376.6133  5025941    0.13%
 136475 58664   114245.8319   218   114227.1660   114376.0660  5044899    0.13%
 136962 58759   114302.8544   195   114227.1660   114375.4698  5062981    0.13%
 137453 58867   114282.0391   124   114227.1660   114374.9209  5082900    0.13%
 137960 58957   114346.8636   121   114227.1660   114374.2841  5103122    0.13%
Elapsed time = 2234.68 sec. (1233629.97 ticks, tree = 204.60 MB, solutions = 1)
 138405 59022   114307.2225    35   114227.1660   114373.6421  5123116    0.13%
 138928 59139        cutoff         114227.1660   114372.9750  5143385    0.13%
 139449 59235   114245.0784    93   114227.1660   114372.3541  5163394    0.13%
 139906 59310   114250.1982   269   114227.1660   114371.7349  5182209    0.13%
 140382 59394        cutoff         114227.1660   114371.1618  5201301    0.13%
 140878 59340        cutoff         114227.1660   114370.2581  5221021    0.13%
 141379 59339        cutoff         114227.1660   114369.3165  5240976    0.12%
 141855 59426        cutoff         114227.1660   114368.6425  5259586    0.12%
 142351 59542        cutoff         114227.1660   114368.1081  5278101    0.12%
 142907 59612   114296.7729   209   114227.1660   114367.3027  5297803    0.12%
Elapsed time = 2305.11 sec. (1272068.48 ticks, tree = 206.90 MB, solutions = 1)
 143446 59695   114289.4022    90   114227.1660   114366.6711  5316412    0.12%
 143978 59731   114281.2997   213   114227.1660   114365.9876  5337116    0.12%
 144464 59806   114313.3242   194   114227.1660   114365.3793  5355773    0.12%
 144900 59778   114331.5464   157   114227.1660   114364.7532  5374399    0.12%
 145358 59854   114274.0017   230   114227.1660   114364.1771  5392797    0.12%
 145829 59979   114260.3734   153   114227.1660   114363.7630  5410646    0.12%
 146287 60017   114304.9522    99   114227.1660   114363.2036  5428601    0.12%
 146805 60072   114240.6423   144   114227.1660   114362.4690  5448416    0.12%
 147280 60095   114293.6163   181   114227.1660   114361.7874  5465456    0.12%
 147763 60167   114237.8955   146   114227.1660   114361.2787  5484736    0.12%
Elapsed time = 2373.94 sec. (1310355.08 ticks, tree = 208.86 MB, solutions = 1)
 148270 60189   114303.2793   227   114227.1660   114360.5868  5504923    0.12%
 148786 60186   114251.3647   220   114227.1660   114359.8906  5525173    0.12%
 149250 60242   114301.4646   212   114227.1660   114359.3853  5543187    0.12%
 149712 60300   114272.8949   192   114227.1660   114358.8468  5560815    0.12%
 150185 60320   114256.9345   176   114227.1660   114358.2712  5578950    0.11%
 150699 60367   114279.0524    42   114227.1660   114357.6297  5598189    0.11%
 151168 60389   114304.8689   131   114227.1660   114357.0432  5617576    0.11%
 151641 60423   114320.5895   215   114227.1660   114356.4322  5636588    0.11%
 152148 60508   114290.7775   151   114227.1660   114355.8384  5657215    0.11%
 152674 60572   114266.6197   252   114227.1660   114355.3232  5676890    0.11%
Elapsed time = 2442.11 sec. (1348574.90 ticks, tree = 210.30 MB, solutions = 1)
 153222 60648   114322.2281    38   114227.1660   114354.7096  5697108    0.11%
 153713 60729   114293.8241   220   114227.1660   114354.2284  5715964    0.11%
 154213 60758   114280.4334    87   114227.1660   114353.6159  5733951    0.11%
 154713 60840   114301.9116   106   114227.1660   114353.0335  5751973    0.11%
 155166 60887   114316.7160   164   114227.1660   114352.5591  5768680    0.11%
 155693 60839        cutoff         114227.1660   114351.7218  5789323    0.11%
 156229 60862   114259.3090   194   114227.1660   114351.0709  5808698    0.11%
 156702 60905   114324.4247    90   114227.1660   114350.5464  5827632    0.11%
 157161 60882   114252.7157   143   114227.1660   114349.9396  5846092    0.11%
 157669 60921   114270.4018   117   114227.1660   114349.4027  5865482    0.11%
Elapsed time = 2510.68 sec. (1386796.84 ticks, tree = 211.56 MB, solutions = 1)
 158192 60961   114289.5514    95   114227.1660   114348.8733  5884093    0.11%
 158650 60951   114278.0609    96   114227.1660   114348.2893  5901415    0.11%
 159132 60946   114244.9332   209   114227.1660   114347.7056  5920389    0.11%
 159560 60915   114319.5036    99   114227.1660   114347.2001  5936260    0.11%
 160067 60988        cutoff         114227.1660   114346.7746  5954090    0.10%
 160552 60978        cutoff         114227.1660   114346.2750  5973340    0.10%
 161043 61040        cutoff         114227.1660   114345.8348  5990788    0.10%
 161507 61054        cutoff         114227.1660   114345.3943  6006880    0.10%
 161951 61068   114310.0792   126   114227.1660   114344.8679  6024282    0.10%
 162434 61085        cutoff         114227.1660   114344.2931  6042415    0.10%
Elapsed time = 2579.12 sec. (1425031.70 ticks, tree = 212.07 MB, solutions = 1)
 162957 61083   114244.1439   139   114227.1660   114343.6796  6059855    0.10%
 163414 61055   114238.0392   185   114227.1660   114343.1073  6076014    0.10%
 163881 61056   114293.4915   123   114227.1660   114342.5924  6092991    0.10%
 164343 61070   114260.7411    75   114227.1660   114342.1025  6109089    0.10%
 164804 61104   114254.7245   222   114227.1660   114341.6014  6126337    0.10%
 165243 61063   114287.3043   206   114227.1660   114341.0828  6142932    0.10%
 165691 61043   114319.0164   175   114227.1660   114340.6277  6160956    0.10%
 166183 61013   114322.4716   208   114227.1660   114340.0521  6179404    0.10%
 166639 61015        cutoff         114227.1660   114339.5883  6195986    0.10%
 167122 60918   114285.5080   384   114227.1660   114338.9493  6213911    0.10%
Elapsed time = 2647.31 sec. (1463327.98 ticks, tree = 211.44 MB, solutions = 1)
 167648 60910   114259.1727   146   114227.1660   114338.4125  6232303    0.10%
 168195 60859   114273.1381   188   114227.1660   114337.7572  6253430    0.10%
 168762 60829   114239.4678   127   114227.1660   114337.1799  6274850    0.10%
 169234 60852   114284.2711   191   114227.1660   114336.7568  6294192    0.10%
 169759 60812   114233.2645   154   114227.1660   114336.1743  6312969    0.10%
 170257 60766   114248.5331   109   114227.1660   114335.6075  6333282    0.09%
 170747 60737   114229.7490    71   114227.1660   114335.0733  6352084    0.09%
 171272 60673        cutoff         114227.1660   114334.4573  6372680    0.09%
 171822 60641        cutoff         114227.1660   114333.7997  6391667    0.09%
 172377 60554   114258.0465    59   114227.1660   114333.0922  6410683    0.09%
Elapsed time = 2716.70 sec. (1501532.94 ticks, tree = 210.27 MB, solutions = 1)
 172924 60602   114261.4750   187   114227.1660   114332.6467  6432684    0.09%
 173485 60596   114285.0829    93   114227.1660   114332.0794  6452892    0.09%
 174024 60555   114241.1994   148   114227.1660   114331.4855  6474601    0.09%
 174554 60547        cutoff         114227.1660   114330.9911  6492658    0.09%
 175042 60526   114274.3933   119   114227.1660   114330.4795  6511978    0.09%
 175563 60509        cutoff         114227.1660   114329.9469  6530831    0.09%
 176061 60529   114259.8712   123   114227.1660   114329.4278  6548767    0.09%
 176589 60504   114248.7501   103   114227.1660   114328.9144  6568158    0.09%
 177161 60504        cutoff         114227.1660   114328.4259  6587685    0.09%
 177726 60455   114270.2976   216   114227.1660   114327.8566  6608550    0.09%
Elapsed time = 2792.05 sec. (1539708.23 ticks, tree = 209.88 MB, solutions = 1)
 178297 60440   114241.3889    84   114227.1660   114327.3782  6628458    0.09%
 178855 60339   114236.5991   197   114227.1660   114326.7071  6648176    0.09%
 179415 60281   114283.5665   227   114227.1660   114326.0948  6669494    0.09%
 179919 60252   114227.5376   174   114227.1660   114325.6274  6687376    0.09%
 180422 60217   114253.9432    66   114227.1660   114325.1223  6704712    0.09%
 180950 60144   114240.4010   183   114227.1660   114324.6137  6724677    0.09%
 181450 60092   114304.9655   171   114227.1660   114324.1397  6743170    0.08%
 181982 60063   114258.2458    75   114227.1660   114323.6670  6760841    0.08%
 182535 59988   114272.6286   170   114227.1660   114323.1549  6780956    0.08%
 183118 59922   114273.6471   156   114227.1660   114322.5704  6800102    0.08%
Elapsed time = 2867.57 sec. (1577967.66 ticks, tree = 208.13 MB, solutions = 1)
 183652 59863   114304.6477   131   114227.1660   114322.1011  6821594    0.08%
 184213 59795        cutoff         114227.1660   114321.5152  6842203    0.08%
 184779 59736        cutoff         114227.1660   114320.9475  6862147    0.08%
 185296 59657   114274.6838    78   114227.1660   114320.4277  6882367    0.08%
 185812 59546   114270.8463   147   114227.1660   114319.8863  6900546    0.08%
 186330 59452   114292.7443   126   114227.1660   114319.2853  6918953    0.08%
 186888 59379        cutoff         114227.1660   114318.6939  6937916    0.08%
 187424 59265   114255.0621   226   114227.1660   114318.1044  6958193    0.08%
 187993 59212   114232.9908   166   114227.1660   114317.6071  6976274    0.08%
 188533 59190        cutoff         114227.1660   114317.1509  6996416    0.08%
Elapsed time = 2942.96 sec. (1616158.78 ticks, tree = 205.82 MB, solutions = 1)
 189083 59051   114315.6671   194   114227.1660   114316.4839  7017296    0.08%
 189650 59003        cutoff         114227.1660   114315.9538  7036550    0.08%
 190222 58908   114267.0270   216   114227.1660   114315.4091  7056589    0.08%
 190747 58767   114240.5630   172   114227.1660   114314.9013  7075704    0.08%
 191300 58674        cutoff         114227.1660   114314.4085  7094269    0.08%
 191838 58563        cutoff         114227.1660   114313.9065  7113113    0.08%
 192357 58441        cutoff         114227.1660   114313.3687  7130906    0.08%
 192918 58269   114277.9593   159   114227.1660   114312.7860  7149932    0.07%
 193497 58122   114273.2167   145   114227.1660   114312.1606  7168558    0.07%
 194095 57947        cutoff         114227.1660   114311.5678  7187013    0.07%
Elapsed time = 3017.92 sec. (1654345.15 ticks, tree = 201.75 MB, solutions = 1)
 194680 57822        cutoff         114227.1660   114311.0501  7206367    0.07%
 195265 57670        cutoff         114227.1660   114310.5005  7224739    0.07%
 195816 57486        cutoff         114227.1660   114309.9661  7244175    0.07%
 196396 57297        cutoff         114227.1660   114309.3771  7264072    0.07%
 196925 57126        cutoff         114227.1660   114308.8512  7282298    0.07%
 197452 56984   114280.3709   133   114227.1660   114308.2764  7300494    0.07%
 198002 56794   114265.7920   163   114227.1660   114307.7658  7319579    0.07%
 198524 56689   114251.0465   188   114227.1660   114307.2872  7337572    0.07%
 199077 56539   114254.1868   210   114227.1660   114306.7325  7356946    0.07%
 199669 56306        cutoff         114227.1660   114306.0477  7375419    0.07%
Elapsed time = 3092.60 sec. (1692580.09 ticks, tree = 195.98 MB, solutions = 1)
 200228 56121   114238.0612   172   114227.1660   114305.4391  7395793    0.07%
 200810 55979        cutoff         114227.1660   114304.8742  7413541    0.07%
 201409 55790   114255.8304    65   114227.1660   114304.3188  7432174    0.07%
 201973 55613   114255.3752   143   114227.1660   114303.7306  7452067    0.07%
 202541 55428        cutoff         114227.1660   114303.1894  7471909    0.07%
 203034 55280        cutoff         114227.1660   114302.6851  7490976    0.07%
 203567 55115        cutoff         114227.1660   114302.1759  7509925    0.07%
 204120 54921   114262.1832   117   114227.1660   114301.6596  7529791    0.07%
 204653 54728   114232.8791   187   114227.1660   114301.0811  7548069    0.06%
 205170 54560        cutoff         114227.1660   114300.5421  7566594    0.06%
Elapsed time = 3166.25 sec. (1730753.98 ticks, tree = 190.08 MB, solutions = 1)
 205745 54435        cutoff         114227.1660   114300.0398  7584499    0.06%
 206322 54270   114252.3831   204   114227.1660   114299.5000  7602768    0.06%
 206904 53997        cutoff         114227.1660   114298.9072  7622465    0.06%
 207497 53848        cutoff         114227.1660   114298.4360  7641584    0.06%
 208084 53628        cutoff         114227.1660   114297.9308  7661191    0.06%
 208677 53398        cutoff         114227.1660   114297.3210  7681123    0.06%
 209212 53168   114247.4549    86   114227.1660   114296.7584  7698576    0.06%
 209771 52924   114261.6936   184   114227.1660   114296.1821  7717324    0.06%
 210316 52722        cutoff         114227.1660   114295.7031  7735044    0.06%
 210887 52476        cutoff         114227.1660   114295.1482  7752983    0.06%
Elapsed time = 3238.92 sec. (1768946.43 ticks, tree = 182.90 MB, solutions = 1)
 211417 52292        cutoff         114227.1660   114294.6972  7768751    0.06%
 211932 52066        cutoff         114227.1660   114294.2067  7783593    0.06%
 212379 51930        cutoff         114227.1660   114293.8458  7798229    0.06%
 212735 51821   114292.5529   134   114227.1660   114293.5208  7809085    0.06%
 213138 51679   114230.7542   210   114227.1660   114293.2302  7822640    0.06%
 213382 51555   114263.5183   128   114227.1660   114292.9786  7830442    0.06%
 213682 51445   114250.3162   180   114227.1660   114292.7060  7839711    0.06%
 213819 51393        cutoff         114227.1660   114292.5900  7844107    0.06%
 214182 51249   114234.5297   182   114227.1660   114292.2678  7856513    0.06%
 214282 51202   114282.0808   178   114227.1660   114292.1628  7859385    0.06%
Elapsed time = 3318.36 sec. (1812325.04 ticks, tree = 178.58 MB, solutions = 1)
 214482 51102   114239.8215   191   114227.1660   114291.9685  7865857    0.06%
 214735 51018        cutoff         114227.1660   114291.7758  7873248    0.06%
 215182 50814   114235.1954   214   114227.1660   114291.3527  7888465    0.06%
 215770 50527   114234.5526    87   114227.1660   114290.7414  7906827    0.06%
 216082 50403   114269.6579    89   114227.1660   114290.4336  7916900    0.06%
 216397 50267        cutoff         114227.1660   114290.1590  7926040    0.06%
 216532 50209   114228.4623   125   114227.1660   114290.0385  7930346    0.06%
 216682 50191   114261.1641   188   114227.1660   114289.9373  7934324    0.05%
 217163 49952        cutoff         114227.1660   114289.4337  7949104    0.05%
 217649 49788   114268.5015   118   114227.1660   114289.0200  7964657    0.05%
Elapsed time = 3407.72 sec. (1860640.80 ticks, tree = 173.78 MB, solutions = 1)
 218167 49493   114232.8415   113   114227.1660   114288.4486  7979314    0.05%
 218760 49208   114231.2458   155   114227.1660   114287.8792  7996344    0.05%
 219337 48971   114266.0321   165   114227.1660   114287.3787  8013401    0.05%
 219938 48728   114258.3759   136   114227.1660   114286.8843  8029735    0.05%
 220257 48588        cutoff         114227.1660   114286.6009  8038965    0.05%
 220882 48296   114282.1975    96   114227.1660   114286.0456  8056178    0.05%
 221489 47997   114236.2387   140   114227.1660   114285.4844  8073297    0.05%
 222121 47673        cutoff         114227.1660   114284.8910  8091307    0.05%
 222717 47374   114247.2423   183   114227.1660   114284.2996  8108594    0.05%
 223252 47111   114253.8768   137   114227.1660   114283.7873  8124015    0.05%
Elapsed time = 3481.95 sec. (1898886.23 ticks, tree = 164.69 MB, solutions = 1)
 223841 46798   114238.3291    25   114227.1660   114283.2125  8141749    0.05%
 224382 46527   114237.0281   218   114227.1660   114282.7335  8156831    0.05%
 224884 46193        cutoff         114227.1660   114282.1874  8169496    0.05%
 225475 45861   114273.1997   152   114227.1660   114281.6311  8184697    0.05%
 226089 45485        cutoff         114227.1660   114280.9896  8200690    0.05%
 226683 45133   114256.0128   109   114227.1660   114280.4414  8217470    0.05%
 227052 44944   114234.4058   138   114227.1660   114280.1037  8227188    0.05%
 227688 44589   114246.4353   181   114227.1660   114279.4846  8244103    0.05%
 228306 44177   114228.0174   126   114227.1660   114278.8460  8259351    0.05%
 228943 43804        cutoff         114227.1660   114278.2617  8274940    0.04%
Elapsed time = 3556.70 sec. (1937074.90 ticks, tree = 153.31 MB, solutions = 1)
 229562 43448        cutoff         114227.1660   114277.6947  8290939    0.04%
 230171 43039   114243.0094   184   114227.1660   114277.0298  8307826    0.04%
 230653 42744        cutoff         114227.1660   114276.5777  8321203    0.04%
 231254 42355   114248.6355   108   114227.1660   114276.0197  8336125    0.04%
 231826 41962        cutoff         114227.1660   114275.4686  8349881    0.04%

Implied bound cuts applied:  114
Flow cuts applied:  136
Mixed integer rounding cuts applied:  418
Lift and project cuts applied:  180
Gomory fractional cuts applied:  62

Root node processing (before b&c):
  Real time             =    4.11 sec. (2278.36 ticks)
Sequential b&c:
  Real time             = 3595.89 sec. (1961470.39 ticks)
                          ------------
Total (root+branch&cut) = 3600.00 sec. (1963748.74 ticks)
