1 of 1 MIP starts provided solutions.
MIP start 'm1' defined initial solution with objective 166927.8966.
Tried aggregator 1 time.
MIP Presolve eliminated 5 rows and 4 columns.
Reduced MIP has 4103 rows, 2301 columns, and 27512 nonzeros.
Reduced MIP has 1803 binaries, 0 generals, 0 SOSs, and 0 indicators.
Presolve time = 0.02 sec. (9.27 ticks)
Probing time = 0.01 sec. (2.86 ticks)
Tried aggregator 1 time.
Reduced MIP has 4103 rows, 2301 columns, and 27512 nonzeros.
Reduced MIP has 1803 binaries, 0 generals, 0 SOSs, and 0 indicators.
Presolve time = 0.02 sec. (11.10 ticks)
Probing time = 0.01 sec. (2.87 ticks)
Clique table members: 1563.
MIP emphasis: balance optimality and feasibility.
MIP search method: dynamic search.
Parallel mode: none, using 1 thread.
Root relaxation solution time = 0.04 sec. (25.51 ticks)

        Nodes                                         Cuts/
   Node  Left     Objective  IInf  Best Integer    Best Bound    ItCnt     Gap

*     0+    0                       166927.8966   195520.3562     1854   17.13%
      0     0   182211.3053   449   166927.8966   182211.3053     1854    9.16%
      0     0   176370.8436   412   166927.8966     Cuts: 919     2333    5.66%
      0     0   173985.1879   445   166927.8966     Cuts: 702     2800    4.23%
      0     0   173270.4281   458   166927.8966     Cuts: 440     3096    3.80%
      0     0   172954.9088   446   166927.8966     Cuts: 268     3302    3.61%
      0     0   172780.1440   447   166927.8966     Cuts: 143     3444    3.51%
      0     0   172675.6705   433   166927.8966     Cuts: 133     3565    3.44%
      0     0   172651.2550   431   166927.8966     Cuts: 121     3641    3.43%
      0     0   172624.8933   450   166927.8966      Cuts: 62     3704    3.41%
      0     0   172604.5955   474   166927.8966      Cuts: 64     3760    3.40%
      0     0   172575.2141   466   166927.8966      Cuts: 55     3817    3.38%
      0     0   172562.1840   491   166927.8966      Cuts: 39     3848    3.38%
      0     0   172554.2824   454   166927.8966      Cuts: 47     3875    3.37%
      0     0   172543.3202   474   166927.8966      Cuts: 15     3893    3.36%
      0     2   172543.3202   474   166927.8966   172503.0040     3893    3.34%
Elapsed time = 1.81 sec. (880.78 ticks, tree = 0.00 MB, solutions = 1)
     70    70   170118.5557   297   166927.8966   172435.2146     4636    3.30%
    131   129   167866.1758   182   166927.8966   172435.2146     5511    3.30%
    200   181   171044.3756   389   166927.8966   172411.1388     6407    3.28%
    292   267   168213.7554   206   166927.8966   172411.1388     7552    3.28%
    405   358   172259.0047   457   166927.8966   172318.7354     8499    3.23%
    518   471   170055.4127   520   166927.8966   170055.1982    13372    1.87%
    519   471   170045.0303   520   166927.8966   170044.1677    13403    1.87%
    521   472   170033.3856   515   166927.8966   170033.3664    13592    1.86%
    523   474   170032.8802   510   166927.8966   170032.9077    13671    1.86%
    529   478   170022.0258   493   166927.8966   170032.9077    13769    1.86%
Elapsed time = 15.94 sec. (8749.21 ticks, tree = 0.83 MB, solutions = 1)
    555   478        cutoff         166927.8966   170032.9077    14481    1.86%
    755   571   167858.6933   197   166927.8966   170014.5254    16543    1.85%
   1077   717   167043.2537   163   166927.8966   170013.7529    19599    1.85%
   1398   875   167738.3135   163   166927.8966   169993.0262    23713    1.84%
   1798  1199   169639.4698   398   166927.8966   169970.6149    26714    1.82%
   2238  1613   167775.1203   161   166927.8966   169962.5409    30442    1.82%
   2718  2068   168003.7435   301   166927.8966   169948.6231    33993    1.81%
   3155  2467   167991.8580   220   166927.8966   169936.4986    37365    1.80%
   3614  2891   167435.3483   337   166927.8966   169929.1331    40939    1.80%
   4118  3352   167701.6268   334   166927.8966   169918.2581    45793    1.79%
Elapsed time = 31.03 sec. (18364.82 ticks, tree = 5.28 MB, solutions = 1)
   4692  3899   169470.9801   370   166927.8966   169900.9318    50153    1.78%
   5252  4420   168228.8858   273   166927.8966   169895.4170    55146    1.78%
   5849  4982   167973.1868   342   166927.8966   169874.8617    60042    1.77%
   6444  5554   168546.6455   401   166927.8966   169862.3125    64769    1.76%
   7037  6111   168539.5082   274   166927.8966   169837.4298    68958    1.74%
   7523  6583   168091.8199   328   166927.8966   169797.8014    72333    1.72%
   8123  7136   168664.4508   226   166927.8966   169783.0943    76610    1.71%
   8597  7552   168711.7055   304   166927.8966   169767.6916    80577    1.70%
   9106  8010   168673.1920   324   166927.8966   169755.8810    84517    1.69%
   9670  8542   168383.1435   209   166927.8966   169746.0628    88310    1.69%
Elapsed time = 45.84 sec. (27923.23 ticks, tree = 13.47 MB, solutions = 1)
  10255  9110   167867.0110   256   166927.8966   169739.2614    91746    1.68%
  10730  9538   167566.9037   294   166927.8966   169732.6765    95697    1.68%
  10878  9659   167227.6553   278   166927.8966   169730.3292    96873    1.68%
  11336 10052   167014.6662   386   166927.8966   169710.8586   101333    1.67%
  11878 10548   167228.6049   422   166927.8966   169705.3810   106067    1.66%
  12393 11009   169132.2214   368   166927.8966   169702.9928   110719    1.66%
  12906 11478   167961.7972   416   166927.8966   169699.9068   115583    1.66%
  13460 11984   167775.6947   291   166927.8966   169695.3571   120298    1.66%
  14021 12499   168508.5719   284   166927.8966   169687.1073   124858    1.65%
  14519 12950   167956.2226   392   166927.8966   169683.2111   128791    1.65%
Elapsed time = 64.35 sec. (39564.80 ticks, tree = 20.30 MB, solutions = 1)
  15139 13551   168078.4789   264   166927.8966   169682.6583   133388    1.65%
  15640 14015   168874.0269   413   166927.8966   169681.4384   137554    1.65%
  16122 14460   167709.1450   397   166927.8966   169675.4308   141878    1.65%
  16624 14936   167819.9823   271   166927.8966   169672.4199   145905    1.64%
  17170 15460   168243.8443   213   166927.8966   169667.9911   149891    1.64%
  17714 15985   167440.2882   289   166927.8966   169665.7530   154084    1.64%
  18243 16488   166934.9636   198   166927.8966   169659.8895   158272    1.64%
  18781 16977   169235.3853   415   166927.8966   169649.9752   162934    1.63%
  19318 17466   168404.3275   315   166927.8966   169644.9234   167740    1.63%
  19860 17968    infeasible         166927.8966   169642.8641   172762    1.63%
Elapsed time = 78.87 sec. (49153.61 ticks, tree = 28.41 MB, solutions = 1)
  20371 18433   167575.9606   181   166927.8966   169640.5811   178654    1.63%
  20919 18945   169141.2859   368   166927.8966   169635.3265   183216    1.62%
  21424 19403   168788.3823   380   166927.8966   169634.0316   187976    1.62%
  21981 19903   168782.6049   395   166927.8966   169629.8217   192855    1.62%
  22552 20443   166955.7116   266   166927.8966   169626.5314   197817    1.62%
  22999 20850   169066.6756   338   166927.8966   169622.4787   202168    1.61%
  23451 21269   167793.0654   391   166927.8966   169619.5656   206653    1.61%
  23855 21636   168058.0813   438   166927.8966   169618.0490   210699    1.61%
  24356 22090   169092.2894   297   166927.8966   169613.9336   215222    1.61%
  24901 22615   167609.0136   240   166927.8966   169611.3068   219162    1.61%
Elapsed time = 93.62 sec. (58734.97 ticks, tree = 35.47 MB, solutions = 1)
  25352 23038   168336.8661   339   166927.8966   169609.6465   223057    1.61%
  25798 23431   167278.0365   344   166927.8966   169606.9162   227500    1.60%
  26291 23874   168032.4015   308   166927.8966   169603.6048   232041    1.60%
  26814 24349   168806.6161   300   166927.8966   169601.6901   236644    1.60%
  27349 24841   169132.5159   375   166927.8966   169587.1351   241485    1.59%
  27916 25370   167261.6958   272   166927.8966   169585.8173   246478    1.59%
  28505 25925   167780.6079   144   166927.8966   169577.2374   251222    1.59%
  28949 26315   168335.1959   322   166927.8966   169567.1934   255275    1.58%
  29474 26802   168912.8414   369   166927.8966   169563.6813   260592    1.58%
  30048 27324   169120.0875   403   166927.8966   169558.8907   265510    1.58%
Elapsed time = 108.86 sec. (68306.06 ticks, tree = 42.65 MB, solutions = 1)
  30573 27819   167863.3323   313   166927.8966   169555.0915   270499    1.57%
  31179 28403   167903.4236   318   166927.8966   169553.1195   275706    1.57%
  31724 28897   168376.4753   357   166927.8966   169548.7684   280454    1.57%
  32137 29263   169038.3685   338   166927.8966   169546.8792   284667    1.57%
  32602 29682   169068.2016   361   166927.8966   169541.1066   288584    1.57%
  33106 30126   167556.9990   381   166927.8966   169538.5962   293194    1.56%
  33591 30555   168589.0529   405   166927.8966   169535.7902   297657    1.56%
  34064 30993   166936.3921   223   166927.8966   169533.5242   302533    1.56%
  34521 31418   167127.6100   327   166927.8966   169531.7163   306137    1.56%
  34990 31853   167719.5857   202   166927.8966   169528.0766   310910    1.56%
Elapsed time = 123.58 sec. (77919.25 ticks, tree = 49.56 MB, solutions = 1)
  35415 32217   167139.8075   312   166927.8966   169524.3084   315375    1.56%
  35907 32669   167227.6228   222   166927.8966   169522.2061   319865    1.55%
  36432 33138   168143.8668   317   166927.8966   169519.0211   324202    1.55%
  36933 33600   167610.3392   277   166927.8966   169514.1714   328765    1.55%
  37518 34140   167638.9171   143   166927.8966   169510.8190   333759    1.55%
  38019 34606   167001.0944   128   166927.8966   169509.3861   338183    1.55%
  38576 35114   168690.6869   362   166927.8966   169507.2908   342930    1.55%
  39179 35692   167876.5279   121   166927.8966   169505.5637   347970    1.54%
  39721 36215   168066.7859   411   166927.8966   169504.6610   352294    1.54%
  40232 36669   167891.0786   205   166927.8966   169499.3886   356838    1.54%
Elapsed time = 138.33 sec. (87519.70 ticks, tree = 57.85 MB, solutions = 1)
  40737 37119   168079.4452   375   166927.8966   169494.0347   361542    1.54%
  41318 37666   168071.6423   286   166927.8966   169492.4373   366549    1.54%
  41888 38193   167771.1075   413   166927.8966   169488.7869   371428    1.53%
  42495 38775   168377.4948   359   166927.8966   169487.2649   376212    1.53%
  43056 39269   168841.3859   378   166927.8966   169483.9474   381212    1.53%
  43587 39773   168406.5145   468   166927.8966   169480.5622   385869    1.53%
  44105 40268   167143.8046   202   166927.8966   169477.0959   390381    1.53%
  44562 40678   168149.9204   352   166927.8966   169476.8037   394827    1.53%
  45018 41103   167480.7143   406   166927.8966   169473.7780   399293    1.53%
  47007 42938   168217.7451   332   166927.8966   169466.8560   417119    1.52%
Elapsed time = 157.38 sec. (99986.87 ticks, tree = 67.43 MB, solutions = 1)
  49070 44837   167949.9370   305   166927.8966   169455.2626   434716    1.51%
  51157 46771   167133.1257   426   166927.8966   169445.5877   453786    1.51%
  53234 48648   168912.0489   371   166927.8966   169437.8497   473348    1.50%
  55351 50584   168802.4906   302   166927.8966   169431.0743   493558    1.50%
  57398 52457   168737.7994   330   166927.8966   169422.5149   512894    1.49%
  59325 54255   166975.6849   279   166927.8966   169415.6700   532056    1.49%
  61387 56158   167756.5320   267   166927.8966   169410.5048   549304    1.49%
  63425 57940        cutoff         166927.8966   169404.5527   568552    1.48%
  65569 59892   167105.8444   206   166927.8966   169399.5813   587802    1.48%
  67695 61797   168241.0422   342   166927.8966   169390.5925   608301    1.48%
Elapsed time = 216.16 sec. (138263.19 ticks, tree = 96.31 MB, solutions = 1)
  69947 63929   167086.0492   329   166927.8966   169383.6093   628686    1.47%
  72009 65811   167442.8908   229   166927.8966   169379.0634   647565    1.47%
  74020 67644   167565.3414   306   166927.8966   169373.3571   666248    1.46%
  75952 69351   168489.7901   380   166927.8966   169368.7503   683982    1.46%
  78048 71256   168253.5321   367   166927.8966   169363.1558   703407    1.46%
  80285 73354   168438.2003   357   166927.8966   169357.1555   721602    1.46%
  82455 75319   166992.1362   419   166927.8966   169351.3361   742063    1.45%
  84514 77155   168142.0957   246   166927.8966   169344.5871   761769    1.45%
  86467 78908   168166.8007   215   166927.8966   169338.0609   780157    1.44%
  88430 80698   167341.9222   392   166927.8966   169332.7030   798614    1.44%
Elapsed time = 274.62 sec. (176437.66 ticks, tree = 127.21 MB, solutions = 1)
  90423 82486   168389.2857   343   166927.8966   169328.8209   817412    1.44%
  92539 84418   167940.2638   305   166927.8966   169324.3917   835307    1.44%
  94664 86322   167092.4237   189   166927.8966   169316.9710   854189    1.43%
  96810 88241   168410.6996   357   166927.8966   169312.0174   874773    1.43%
  98927 90175   168762.1213   367   166927.8966   169308.6475   894410    1.43%
 100987 91993   168097.3497   333   166927.8966   169305.5271   913945    1.42%
 103244 94050   168242.7450   363   166927.8966   169299.8454   933110    1.42%
 105270 95887   167303.2982   294   166927.8966   169295.2848   949067    1.42%
 107298 97679   168008.2687   378   166927.8966   169290.9183   967260    1.42%
 109300 99462   168074.7854   339   166927.8966   169287.4015   985525    1.41%
Elapsed time = 333.72 sec. (214629.69 ticks, tree = 155.99 MB, solutions = 1)
 111354 101318   168363.0667   324   166927.8966   169284.4683  1003626    1.41%
 113565 103358   167707.6472   304   166927.8966   169280.8653  1022919    1.41%
 115754 105369   168013.8553   338   166927.8966   169277.1202  1042241    1.41%
 117936 107360   168774.0605   461   166927.8966   169272.6421  1061478    1.40%
 120158 109383   168112.5862   356   166927.8966   169267.8138  1081317    1.40%
 122397 111455   168939.3624   376   166927.8966   169264.5088  1101700    1.40%
 124500 113332   166933.9868   270   166927.8966   169260.3520  1121447    1.40%
 126542 115209   168133.0764   292   166927.8966   169256.9466  1140971    1.40%
 128703 117199   167632.5153   348   166927.8966   169254.3833  1159038    1.39%
 130623 118923   168193.1382   291   166927.8966   169249.8190  1177436    1.39%
Elapsed time = 393.98 sec. (252796.75 ticks, tree = 185.88 MB, solutions = 1)
 132697 120805   167684.7683   257   166927.8966   169245.1819  1196050    1.39%
 134804 122749   167900.5718   286   166927.8966   169239.8232  1216045    1.38%
 136938 124714   168823.2030   361   166927.8966   169236.5749  1235871    1.38%
 139109 126705   167747.4721   191   166927.8966   169233.3668  1255460    1.38%
 141127 128474   168698.1842   334   166927.8966   169227.9865  1275732    1.38%
 143171 130314   167300.7021   363   166927.8966   169223.6562  1295525    1.38%
 145190 132110   168248.8709   343   166927.8966   169218.7642  1315818    1.37%
 147219 133958   168343.4788   395   166927.8966   169216.4413  1335638    1.37%
 149378 135956   167825.6569   283   166927.8966   169213.7132  1354534    1.37%
 151401 137771   168334.2337   242   166927.8966   169210.3055  1372487    1.37%
Elapsed time = 454.50 sec. (290952.57 ticks, tree = 216.55 MB, solutions = 1)
 153558 139754   166954.0237   138   166927.8966   169207.1814  1390883    1.37%
 155759 141770   167117.7478   221   166927.8966   169204.1110  1409585    1.36%
 157989 143811   168202.6018   406   166927.8966   169200.3676  1429816    1.36%
 160073 145692   167503.8400   335   166927.8966   169198.0906  1449593    1.36%
 162326 147778   167220.6296   233   166927.8966   169195.4700  1468841    1.36%
 164496 149739   167173.9413   326   166927.8966   169191.9768  1488902    1.36%
 166563 151573   166955.4620   302   166927.8966   169186.9382  1506364    1.35%
 168754 153559   167618.6447   399   166927.8966   169182.9461  1525911    1.35%
 170785 155340   168642.3864   296   166927.8966   169178.0161  1544890    1.35%
 172845 157170   168868.7174   386   166927.8966   169173.0680  1563677    1.34%
Elapsed time = 514.23 sec. (329137.42 ticks, tree = 246.41 MB, solutions = 1)
 174922 159061   168450.3784   366   166927.8966   169168.7551  1582283    1.34%
 177010 160943   167684.8365   292   166927.8966   169165.9410  1600521    1.34%
 179188 162898   168178.0219   334   166927.8966   169162.4348  1619419    1.34%
 181353 164846   167613.7716   235   166927.8966   169159.6375  1639502    1.34%
 183729 167006   168154.3667   357   166927.8966   169156.8280  1658602    1.34%
 185946 168971   167567.5777   360   166927.8966   169152.7901  1678095    1.33%
 188118 170872   167298.7112   126   166927.8966   169151.2470  1695019    1.33%
 190271 172830   167940.0931   285   166927.8966   169149.3349  1713506    1.33%
 192486 174832   167683.2375   316   166927.8966   169147.0518  1734036    1.33%
 194571 176728   168076.9550   386   166927.8966   169144.6116  1752521    1.33%
Elapsed time = 572.67 sec. (367320.58 ticks, tree = 277.61 MB, solutions = 1)
 196634 178613   167292.9003   251   166927.8966   169142.7034  1770917    1.33%
 198609 180319   168662.6243   356   166927.8966   169139.3893  1789581    1.32%
 200787 182303   167003.2691   238   166927.8966   169136.4612  1809024    1.32%
 202776 184050   168891.8289   345   166927.8966   169134.0808  1827597    1.32%
 204894 185945   167458.5434   177   166927.8966   169131.6075  1846110    1.32%
 207026 187800   167271.3581   312   166927.8966   169128.8972  1865221    1.32%
 209253 189826   168447.2626   294   166927.8966   169125.9124  1883404    1.32%
 211374 191677   168148.7450   298   166927.8966   169122.8471  1901540    1.31%
 213574 193649   168317.1471   356   166927.8966   169119.6592  1919744    1.31%
 215718 195593   167653.5040   203   166927.8966   169117.5566  1939556    1.31%
Elapsed time = 631.91 sec. (405499.64 ticks, tree = 307.96 MB, solutions = 1)
 217940 197591        cutoff         166927.8966   169115.1919  1958790    1.31%
 220033 199483   167024.4071   282   166927.8966   169112.4503  1978648    1.31%
 222205 201424   167741.5802   284   166927.8966   169110.8647  1997023    1.31%
 224316 203304   168157.3777   361   166927.8966   169108.5601  2016301    1.31%
 226460 205221   167698.0167   287   166927.8966   169105.8915  2034965    1.30%
 228642 207242   167469.1283   293   166927.8966   169104.2292  2053479    1.30%
 230661 209000   168807.3491   400   166927.8966   169101.1520  2071844    1.30%
 232936 211041   167704.1997   314   166927.8966   169098.9523  2091398    1.30%
 235148 213014   168525.6482   370   166927.8966   169096.8750  2110749    1.30%
 237372 215043   167131.7851   391   166927.8966   169094.7336  2129710    1.30%
Elapsed time = 691.30 sec. (443674.83 ticks, tree = 337.94 MB, solutions = 1)
 239639 217060   168338.1813   290   166927.8966   169092.8604  2148667    1.30%
 241821 218991   167077.6244   322   166927.8966   169090.3143  2168160    1.30%
 244141 221092   167447.1198   309   166927.8966   169088.3069  2188357    1.29%
 246447 223202   167898.0130   332   166927.8966   169086.1068  2208520    1.29%
 248586 225101   167482.5204   372   166927.8966   169083.7264  2227432    1.29%
 250660 226957   167033.6066   392   166927.8966   169082.1038  2246331    1.29%
 252797 228874   167069.3584   305   166927.8966   169080.2916  2265234    1.29%
 254913 230799   167038.4654   158   166927.8966   169078.6768  2283670    1.29%
 256909 232557   167068.2191   284   166927.8966   169076.7857  2302487    1.29%
 258998 234409   168480.0133   323   166927.8966   169074.6232  2317892    1.29%
Elapsed time = 750.60 sec. (481838.46 ticks, tree = 369.37 MB, solutions = 1)
 261158 236395   167163.6827   312   166927.8966   169072.8012  2334649    1.28%
 263328 238317   167964.4837   331   166927.8966   169071.2741  2352999    1.28%
 265597 240372   166957.5167   143   166927.8966   169069.1754  2372027    1.28%
 267721 242266   167236.3533   318   166927.8966   169067.1166  2391868    1.28%
 270012 244334        cutoff         166927.8966   169065.1067  2411815    1.28%
 272151 246202   167126.4930   207   166927.8966   169063.7250  2431773    1.28%
 274278 248126   167207.4245   305   166927.8966   169062.0349  2451516    1.28%
 276474 250068   167397.1708   280   166927.8966   169060.1361  2471817    1.28%
 278637 252034   167347.9934   253   166927.8966   169058.1858  2489703    1.28%
 280762 253943   168122.5886   295   166927.8966   169056.6403  2508204    1.28%
Elapsed time = 810.62 sec. (519991.51 ticks, tree = 399.49 MB, solutions = 1)
 282908 255843   167099.7386   371   166927.8966   169054.4714  2527225    1.27%
 284978 257681   168296.0198   370   166927.8966   169052.2132  2545364    1.27%
 287143 259590   167311.9770   405   166927.8966   169049.9779  2564459    1.27%
 289260 261467   167207.0127   280   166927.8966   169047.2211  2582834    1.27%
 291487 263442   167877.0259   316   166927.8966   169044.9146  2601162    1.27%
 293662 265410   168199.4158   274   166927.8966   169042.8257  2619861    1.27%
 295905 267412   168311.9133   339   166927.8966   169040.3718  2637591    1.27%
 298143 269413   167056.1266   220   166927.8966   169038.3350  2657068    1.26%
 300380 271380   167168.5826   402   166927.8966   169035.9591  2676432    1.26%
 302613 273340   167681.2001   267   166927.8966   169034.5375  2695395    1.26%
Elapsed time = 871.29 sec. (558157.91 ticks, tree = 431.15 MB, solutions = 1)
 304821 275329   167822.5151   316   166927.8966   169032.8754  2715335    1.26%
 307076 277335   168206.1226   393   166927.8966   169030.8825  2734878    1.26%
 309273 279293   167657.3147   277   166927.8966   169029.1456  2753461    1.26%
 311389 281117   167159.2664   293   166927.8966   169028.0396  2772245    1.26%
 313492 282993   168735.6835   336   166927.8966   169026.3065  2791279    1.26%
 315675 284966   167479.2227   226   166927.8966   169024.8199  2809932    1.26%
 317849 286924   167701.3212   278   166927.8966   169023.4703  2827881    1.26%
 320050 288899   168914.6991   326   166927.8966   169021.6568  2846585    1.25%
 322050 290678   168221.8962   371   166927.8966   169020.3780  2865666    1.25%
 324192 292558   168156.4953   403   166927.8966   169018.7716  2883509    1.25%
Elapsed time = 933.33 sec. (596353.71 ticks, tree = 460.79 MB, solutions = 1)
 326524 294682   167168.6778   216   166927.8966   169017.4245  2902271    1.25%
 328709 296609   167045.2750   163   166927.8966   169015.7560  2921258    1.25%
 330918 298606   168618.9911   348   166927.8966   169014.4235  2940706    1.25%
 333124 300595   167306.5190   133   166927.8966   169012.6448  2958997    1.25%
 335458 302661   168206.9778   376   166927.8966   169010.9018  2978578    1.25%
 337613 304571   167460.3430   383   166927.8966   169009.1079  2998691    1.25%
 339832 306525   168520.2247   328   166927.8966   169007.2545  3018433    1.25%
 342013 308456   167766.9423   224   166927.8966   169005.4148  3038115    1.24%
 344124 310347   168026.5169   338   166927.8966   169004.0471  3057432    1.24%
 346339 312337   167076.4640   291   166927.8966   169002.4511  3075890    1.24%
Elapsed time = 994.38 sec. (634531.14 ticks, tree = 491.32 MB, solutions = 1)
 348458 314200   168183.9928   358   166927.8966   169000.6090  3095111    1.24%
 350667 316157   167695.2500   360   166927.8966   168999.2197  3113641    1.24%
 352753 317958   167366.8069   349   166927.8966   168997.9529  3132837    1.24%
 354924 319919   167096.8978   278   166927.8966   168996.5487  3152026    1.24%
 357092 321793        cutoff         166927.8966   168995.0542  3170742    1.24%
 359260 323750        cutoff         166927.8966   168992.8871  3189589    1.24%
 361434 325664   167106.5106   392   166927.8966   168991.0802  3209018    1.24%
 363643 327593        cutoff         166927.8966   168989.5316  3228493    1.24%
 365904 329608   167456.0458   170   166927.8966   168988.0577  3247893    1.23%
 368032 331468   167124.5474   256   166927.8966   168985.3073  3268254    1.23%
Elapsed time = 1055.46 sec. (672721.61 ticks, tree = 523.10 MB, solutions = 1)
 370194 333375   168343.0032   342   166927.8966   168984.0268  3287749    1.23%
 372325 335198   167632.7873   294   166927.8966   168982.8380  3307921    1.23%
 374525 337152   167305.9715   174   166927.8966   168981.3686  3325916    1.23%
 376753 339127        cutoff         166927.8966   168979.4286  3344542    1.23%
 379029 341141   167749.7029   253   166927.8966   168978.0150  3363846    1.23%
 381109 342984   168212.8925   340   166927.8966   168976.5745  3382957    1.23%
 383240 344873   167694.3394   305   166927.8966   168975.1019  3402453    1.23%
 385190 346550   168749.5899   391   166927.8966   168973.6771  3420901    1.23%
 387433 348493   167776.4666   308   166927.8966   168972.2593  3439414    1.22%
 389506 350313   167053.4388   260   166927.8966   168971.0479  3458233    1.22%
Elapsed time = 1117.31 sec. (710892.47 ticks, tree = 552.18 MB, solutions = 1)
 391604 352173   167385.4701   281   166927.8966   168969.9931  3475564    1.22%
 393732 354054   168521.7840   307   166927.8966   168968.7133  3493558    1.22%
 395996 356104   167402.1024   250   166927.8966   168967.5195  3512674    1.22%
 398216 358070   168445.4390   357   166927.8966   168966.1110  3531532    1.22%
 400489 360108   167022.8556   224   166927.8966   168964.8814  3550939    1.22%
 402585 361930   168066.1435   388   166927.8966   168963.4538  3570848    1.22%
 404859 363953   167331.1120   281   166927.8966   168962.0883  3589781    1.22%
 407034 365862   168350.7046   322   166927.8966   168960.4898  3608782    1.22%
 409178 367723   168230.3280   334   166927.8966   168959.3053  3629203    1.22%
 411385 369682        cutoff         166927.8966   168958.3330  3647869    1.22%
Elapsed time = 1178.63 sec. (749069.24 ticks, tree = 582.08 MB, solutions = 1)
 413538 371603   167895.1605   317   166927.8966   168956.8501  3666781    1.22%
 415639 373460   168100.0877   365   166927.8966   168955.2608  3686398    1.21%
 417749 375342   166998.2190   313   166927.8966   168954.1399  3704479    1.21%
 419961 377293   167776.4297   231   166927.8966   168953.0183  3723695    1.21%
 422038 379118   168160.7067   315   166927.8966   168951.3666  3743090    1.21%
 424250 381062   167328.5254   232   166927.8966   168950.1132  3761544    1.21%
 426455 382977   167050.9300   377   166927.8966   168949.2173  3780368    1.21%
 428550 384846   167862.1831   314   166927.8966   168948.1222  3798843    1.21%
 430717 386753   167493.2026   228   166927.8966   168946.3801  3817382    1.21%
 432915 388715   168065.2796   341   166927.8966   168945.0981  3835475    1.21%
Elapsed time = 1238.82 sec. (787231.21 ticks, tree = 611.44 MB, solutions = 1)
 434982 390553   168295.7065   382   166927.8966   168944.2896  3854143    1.21%
 437260 392574   167033.3258   265   166927.8966   168943.1156  3872643    1.21%
 439398 394413   168044.1149   367   166927.8966   168941.8610  3891862    1.21%
 441584 396347   167150.3398   382   166927.8966   168940.6704  3911164    1.21%
 443760 398279   168332.3330   377   166927.8966   168939.5744  3929511    1.21%
 445993 400283   167900.6758   290   166927.8966   168938.4370  3947922    1.20%
 448221 402282   168651.0932   301   166927.8966   168937.0718  3966890    1.20%
 450375 404188   167002.4054   193   166927.8966   168935.9744  3987043    1.20%
 452556 406117   167876.6705   335   166927.8966   168935.2295  4006250    1.20%
 454839 408134   167647.0439   460   166927.8966   168933.7557  4024696    1.20%
Elapsed time = 1296.83 sec. (825447.07 ticks, tree = 644.14 MB, solutions = 1)
 457010 410010   168016.4361   298   166927.8966   168932.7324  4042796    1.20%
 459079 411813   167238.6966   286   166927.8966   168931.3651  4061470    1.20%
 461186 413625   167771.0391   369   166927.8966   168930.1541  4080909    1.20%
 463321 415468   168343.1298   380   166927.8966   168929.1002  4099892    1.20%
 465455 417334   168201.1453   385   166927.8966   168927.8214  4119136    1.20%
 467567 419211   167794.6192   291   166927.8966   168927.1256  4137032    1.20%
 469670 421067   167297.6818   312   166927.8966   168926.3147  4156241    1.20%
 471832 422930        cutoff         166927.8966   168925.2589  4174224    1.20%
 474093 424936   167106.4697   227   166927.8966   168923.7449  4192621    1.20%
 476271 426834   167317.7072   339   166927.8966   168922.8037  4211504    1.20%
Elapsed time = 1354.86 sec. (863630.05 ticks, tree = 673.03 MB, solutions = 1)
 478411 428707   167268.5755   146   166927.8966   168921.5777  4230871    1.19%
 480532 430560   167354.6975   199   166927.8966   168920.3620  4249709    1.19%
 482767 432519   167213.2273   290   166927.8966   168919.3844  4269569    1.19%
 485013 434507   168413.6158   253   166927.8966   168917.9431  4288697    1.19%
 487037 436235   167109.9445   164   166927.8966   168916.5927  4307956    1.19%
 489272 438190   167506.5699   294   166927.8966   168915.6869  4327815    1.19%
 491458 440107   168104.2828   370   166927.8966   168914.4818  4347267    1.19%
 493660 442040   167698.8383   288   166927.8966   168913.4480  4365752    1.19%
 495851 443988   167577.0436   180   166927.8966   168912.3214  4384257    1.19%
 498040 445922   166944.1155   220   166927.8966   168911.5284  4403997    1.19%
Elapsed time = 1413.05 sec. (901786.56 ticks, tree = 702.51 MB, solutions = 1)
 500243 447914   168029.8273   353   166927.8966   168910.5694  4422341    1.19%
 502387 449785   168174.2764   351   166927.8966   168909.5969  4441066    1.19%
 504487 451637   167078.5074   217   166927.8966   168908.7548  4458635    1.19%
 506458 453331   167687.3325   326   166927.8966   168907.9899  4476265    1.19%
 508414 455013   167237.8201   240   166927.8966   168907.2237  4495474    1.19%
 510486 456782   167985.1877   336   166927.8966   168906.2619  4513873    1.19%
 512630 458724   167316.6536   357   166927.8966   168905.7042  4531952    1.18%
 514661 460521   168292.8993   308   166927.8966   168904.7437  4550439    1.18%
 516776 462363   167776.4813   222   166927.8966   168903.8276  4568344    1.18%
 519028 464414   167421.5497   349   166927.8966   168902.7083  4586715    1.18%
Elapsed time = 1471.73 sec. (939978.16 ticks, tree = 731.19 MB, solutions = 1)
 521261 466390   168277.1600   335   166927.8966   168901.7052  4604847    1.18%
 523351 468226   167231.6297   310   166927.8966   168900.8461  4624439    1.18%
 525505 470126   167955.6616   350   166927.8966   168900.1933  4643507    1.18%
 527623 472016   167448.0263   302   166927.8966   168899.1346  4662290    1.18%
 529865 474002   168155.1953   372   166927.8966   168898.0458  4681075    1.18%
 531960 475851   167527.6062   332   166927.8966   168896.9375  4700149    1.18%
 534169 477871   167474.3180   227   166927.8966   168896.1301  4718432    1.18%
 536287 479712   167938.8317   323   166927.8966   168894.9989  4737976    1.18%
 538361 481526   168575.0055   377   166927.8966   168894.2317  4757944    1.18%
 540568 483520   166977.3536   219   166927.8966   168893.5489  4776835    1.18%
Elapsed time = 1530.37 sec. (978131.98 ticks, tree = 764.03 MB, solutions = 1)
 542535 485175   167689.3620   279   166927.8966   168892.7225  4795332    1.18%
 544758 487141   167083.2761   316   166927.8966   168891.8476  4813825    1.18%
 546860 488985   168403.9283   363   166927.8966   168891.1576  4832362    1.18%
 549000 490900   167846.1973   287   166927.8966   168890.3490  4850449    1.18%
 551158 492838   168441.7817   339   166927.8966   168889.4409  4868905    1.18%
 553225 494644   167534.0947   351   166927.8966   168888.6212  4887619    1.17%
 555396 496550   167748.8804   334   166927.8966   168887.7714  4905717    1.17%
 557452 498316   167002.4792    98   166927.8966   168886.9975  4924334    1.17%
 559648 500201   168117.2964   409   166927.8966   168885.9662  4942296    1.17%
 561786 502112   167123.5401   235   166927.8966   168885.3041  4961868    1.17%
Elapsed time = 1588.72 sec. (1016311.00 ticks, tree = 792.87 MB, solutions = 1)
 564015 504088   168254.2482   297   166927.8966   168884.3298  4980998    1.17%
 566129 505941   167544.6871   298   166927.8966   168883.3525  5000384    1.17%
 568184 507733   167599.5038   354   166927.8966   168881.9388  5020021    1.17%
 570203 509431        cutoff         166927.8966   168880.8200  5040282    1.17%
 572259 511216   167870.7105   337   166927.8966   168879.8647  5059367    1.17%
 574334 513013   167055.5032   197   166927.8966   168878.9761  5078813    1.17%
 576511 514927   168738.1932   368   166927.8966   168878.1330  5098672    1.17%
 578768 516964   167026.8085   209   166927.8966   168877.6214  5118022    1.17%
 580918 518855   167525.2067   224   166927.8966   168876.8839  5136894    1.17%
 583029 520710   168132.1702   299   166927.8966   168876.1958  5155023    1.17%
Elapsed time = 1648.09 sec. (1054493.97 ticks, tree = 821.68 MB, solutions = 1)
 585169 522587   167949.9569   343   166927.8966   168875.5008  5173963    1.17%
 587300 524518   167013.4489   323   166927.8966   168874.7390  5192404    1.17%
 589460 526409   167196.4508   139   166927.8966   168873.6588  5211209    1.17%
 591561 528235   167088.4378   317   166927.8966   168872.7888  5229775    1.17%
 593839 530258   168471.2982   366   166927.8966   168871.6576  5248721    1.16%
 596000 532164   168236.6139   365   166927.8966   168871.0535  5266991    1.16%
 598189 534087        cutoff         166927.8966   168870.5683  5285116    1.16%
 600202 535854        cutoff         166927.8966   168869.5202  5304599    1.16%
 602373 537769   167797.9445   318   166927.8966   168868.9571  5324023    1.16%
 604571 539707   168850.8122   320   166927.8966   168868.3643  5343281    1.16%
Elapsed time = 1707.38 sec. (1092650.79 ticks, tree = 851.12 MB, solutions = 1)
 606668 541473   167956.9436   308   166927.8966   168867.6176  5363426    1.16%
 608990 543581   167080.3144   329   166927.8966   168866.5629  5382196    1.16%
 611128 545430   167857.1197   268   166927.8966   168865.8348  5400834    1.16%
 613394 547478   167047.2723   295   166927.8966   168865.2393  5419421    1.16%
 615665 549488   166974.1854   467   166927.8966   168864.1438  5438543    1.16%
 617760 551335   167536.2769   224   166927.8966   168863.5020  5457763    1.16%
 619892 553253        cutoff         166927.8966   168862.8122  5477947    1.16%
 622183 555301   167464.0782   278   166927.8966   168862.0857  5497414    1.16%
 624236 557067   167791.8775   289   166927.8966   168861.0001  5517868    1.16%
 626403 558976   168353.7679   368   166927.8966   168860.3161  5536455    1.16%
Elapsed time = 1765.50 sec. (1130855.06 ticks, tree = 881.01 MB, solutions = 1)
 628477 560826   167050.4051   257   166927.8966   168859.6701  5554772    1.16%
 630699 562771   167652.6700   294   166927.8966   168858.9867  5573930    1.16%
 632889 564700   168121.1330   233   166927.8966   168858.0790  5592691    1.16%
 635084 566629   167381.8576   278   166927.8966   168857.3929  5611034    1.16%
 637181 568486   167263.3132   364   166927.8966   168856.5593  5630501    1.16%
 639240 570267        cutoff         166927.8966   168855.8433  5649513    1.15%
 641409 572207        cutoff         166927.8966   168855.1310  5667855    1.15%
 643493 574005   167374.9771   310   166927.8966   168854.3253  5686540    1.15%
 645611 575838   168029.3927   336   166927.8966   168853.4618  5705319    1.15%
 647624 577572   167257.1842   303   166927.8966   168852.7892  5723682    1.15%
Elapsed time = 1824.83 sec. (1169133.71 ticks, tree = 913.74 MB, solutions = 1)
 649776 579472   168347.2702   304   166927.8966   168851.9708  5742336    1.15%
 652042 581498   166971.2733   107   166927.8966   168851.3866  5760919    1.15%
 654018 583165   167922.8796   346   166927.8966   168850.5728  5780689    1.15%
 656101 584942   167605.6371   284   166927.8966   168849.9510  5798151    1.15%
 658223 586806        cutoff         166927.8966   168849.0666  5816268    1.15%
 660378 588725   167602.1062   280   166927.8966   168848.5861  5835692    1.15%
 662606 590714   167591.3582   255   166927.8966   168847.6070  5854422    1.15%
 664511 592359   167645.0338   221   166927.8966   168847.0210  5871391    1.15%
 666620 594206   167235.4245   326   166927.8966   168846.2172  5890990    1.15%
 668720 596015   167208.0040   199   166927.8966   168845.5405  5909632    1.15%
Elapsed time = 1882.95 sec. (1207292.41 ticks, tree = 942.35 MB, solutions = 1)
 670861 597879   167394.0415   209   166927.8966   168844.7965  5928425    1.15%
 672963 599703   167297.0050   406   166927.8966   168844.1618  5947145    1.15%
 675076 601528   166968.4650   336   166927.8966   168843.2037  5965397    1.15%
 677110 603300        cutoff         166927.8966   168842.5694  5982967    1.15%
 679366 605303   167301.7686   211   166927.8966   168841.8849  6001847    1.15%
 681554 607206   167741.3676   337   166927.8966   168841.1505  6020829    1.15%
 683578 608972   167337.0885   239   166927.8966   168840.4807  6039499    1.15%
 685681 610813   168081.5069   243   166927.8966   168839.7406  6058001    1.15%
 687744 612662   167717.7690   367   166927.8966   168839.2672  6076417    1.15%
 689748 614397   168024.4187   311   166927.8966   168838.6402  6094644    1.14%
Elapsed time = 1940.87 sec. (1245487.06 ticks, tree = 970.87 MB, solutions = 1)
 691782 616159   167205.0949   210   166927.8966   168838.0048  6113125    1.14%
 693819 617943        cutoff         166927.8966   168837.2252  6131192    1.14%
 695888 619741   167048.8960    52   166927.8966   168836.4030  6150488    1.14%
 698023 621625   167375.9363   358   166927.8966   168835.4346  6170496    1.14%
 700145 623497   167611.2959   359   166927.8966   168834.8809  6189968    1.14%
 702118 625163   167760.2445   274   166927.8966   168834.1813  6209255    1.14%
 704153 626888   167438.9356   313   166927.8966   168833.2066  6228844    1.14%
 706185 628659   167303.4539   360   166927.8966   168832.3919  6247389    1.14%
 708147 630290   167252.3498   298   166927.8966   168831.5155  6266806    1.14%
 710237 632107   166968.7219   280   166927.8966   168830.6861  6286003    1.14%
Elapsed time = 1999.77 sec. (1283669.36 ticks, tree = 998.37 MB, solutions = 1)
 712236 633827   167437.6829   304   166927.8966   168829.9174  6305973    1.14%
 714264 635573   167829.9351   284   166927.8966   168828.7747  6326242    1.14%
 716263 637302   167940.1098   331   166927.8966   168828.0276  6345554    1.14%
 718233 638978   167875.4272   303   166927.8966   168827.2300  6364023    1.14%
 720270 640754   167435.2340   307   166927.8966   168826.6334  6383499    1.14%
 722143 642330   167639.0062   349   166927.8966   168826.0821  6401177    1.14%
 724038 643940   167342.8018   321   166927.8966   168825.0999  6420725    1.14%
 726079 645671   167791.2689   325   166927.8966   168824.3585  6439415    1.14%
 728124 647462   166963.7694   281   166927.8966   168823.6342  6457301    1.14%
 730232 649352   168009.5133   345   166927.8966   168822.9000  6477700    1.14%
Elapsed time = 2058.70 sec. (1321848.16 ticks, tree = 1025.19 MB, solutions = 1)
 732244 651120   167833.1436   333   166927.8966   168822.2590  6497485    1.13%
 734308 652912   167204.1658   244   166927.8966   168821.6164  6516676    1.13%
 736315 654620   167862.7923   346   166927.8966   168820.9956  6535528    1.13%
 738263 656221   167403.5671   225   166927.8966   168820.2262  6554162    1.13%
 740315 658032        cutoff         166927.8966   168819.8242  6572780    1.13%
 742314 659750   167359.4995   321   166927.8966   168819.3848  6591727    1.13%
 744295 661406   168336.8583   354   166927.8966   168818.8000  6610748    1.13%
 746408 663238   167034.8132   239   166927.8966   168817.9678  6630771    1.13%
 748473 665021   166934.3672   325   166927.8966   168817.2412  6649838    1.13%
 750585 666872   168247.4128   311   166927.8966   168816.8130  6668527    1.13%
Elapsed time = 2117.45 sec. (1360025.83 ticks, tree = 1052.47 MB, solutions = 1)
 752605 668621   167377.0246   353   166927.8966   168815.9605  6688658    1.13%
 754778 670589   167260.4002   333   166927.8966   168815.2293  6708164    1.13%
 756866 672391   167518.9384   327   166927.8966   168814.6342  6727072    1.13%
 758910 674149   168178.1453   332   166927.8966   168814.0866  6746180    1.13%
 760981 675941   167579.4186   252   166927.8966   168813.3397  6765958    1.13%
 763086 677777   167150.9848   255   166927.8966   168812.7957  6786790    1.13%
 765014 679418   167776.4928   332   166927.8966   168812.2537  6805387    1.13%
 767098 681213        cutoff         166927.8966   168811.6555  6824824    1.13%
 769028 682859   168232.4597   339   166927.8966   168810.8931  6844828    1.13%
 770817 684404   167877.8193   318   166927.8966   168810.3763  6861870    1.13%
Elapsed time = 2176.36 sec. (1398213.82 ticks, tree = 1084.44 MB, solutions = 1)
 772888 686195   168098.8744   388   166927.8966   168809.8059  6881207    1.13%
 774880 687898   168068.5232   333   166927.8966   168809.2552  6900348    1.13%
 776946 689671   167011.9869   433   166927.8966   168808.6805  6918653    1.13%
 778958 691393   168258.6995   263   166927.8966   168808.2451  6937255    1.13%
 781002 693174   167030.8551   280   166927.8966   168807.6337  6956243    1.13%
 782985 694911   166988.4316   420   166927.8966   168807.1824  6974985    1.13%
 784960 696547   167861.2747   373   166927.8966   168806.5300  6993268    1.13%
 787105 698460   167440.9747   325   166927.8966   168806.1002  7012220    1.13%
 789104 700190   168282.7833   314   166927.8966   168805.4664  7031010    1.12%
 791241 702069   167827.7128   368   166927.8966   168804.7990  7050368    1.12%
Elapsed time = 2235.39 sec. (1436420.69 ticks, tree = 1111.93 MB, solutions = 1)
 793344 703954   167386.1332   323   166927.8966   168804.3518  7069154    1.12%
 795318 705590   168111.0938   341   166927.8966   168803.6520  7088490    1.12%
 797420 707450   166973.9384   251   166927.8966   168803.1496  7107740    1.12%
 799518 709239   168283.5755   295   166927.8966   168802.6964  7126608    1.12%
 801653 711075   167124.0641   223   166927.8966   168802.1055  7146112    1.12%
 803718 712868   168332.5412   326   166927.8966   168801.6832  7165688    1.12%
 805775 714596   167024.2898   193   166927.8966   168801.0340  7185491    1.12%
 807905 716420   167551.7155   297   166927.8966   168800.4687  7205201    1.12%
 809974 718185   168215.9206   343   166927.8966   168799.8265  7224540    1.12%
 812028 719971   167598.7528   277   166927.8966   168799.3043  7243394    1.12%
Elapsed time = 2294.56 sec. (1474598.55 ticks, tree = 1139.79 MB, solutions = 1)
 814176 721874   167032.1133   210   166927.8966   168798.7506  7263723    1.12%
 816147 723588   168206.0522   373   166927.8966   168798.2502  7282601    1.12%
 818159 725300   167571.5608   314   166927.8966   168797.6614  7301220    1.12%
 820196 727008   168129.2282   329   166927.8966   168797.0101  7320156    1.12%
 822238 728816   167817.0077   392   166927.8966   168796.4717  7338238    1.12%
 824177 730510   168192.3468   383   166927.8966   168796.0913  7357639    1.12%
 826034 732083   167278.5103   340   166927.8966   168795.3895  7376365    1.12%
 828056 733767   168327.4211   297   166927.8966   168794.8461  7394307    1.12%
 830067 735524   167592.1426   332   166927.8966   168794.2315  7412522    1.12%
 832059 737247   167535.9909   218   166927.8966   168793.5611  7432079    1.12%
Elapsed time = 2353.13 sec. (1512785.61 ticks, tree = 1166.69 MB, solutions = 1)
 834072 738987   167603.7534   326   166927.8966   168793.0325  7450929    1.12%
 836033 740662   168484.9865   362   166927.8966   168792.6599  7468137    1.12%
 838118 742519   167487.9517   362   166927.8966   168792.0453  7486440    1.12%
 840182 744329   168188.6482   333   166927.8966   168791.5849  7506202    1.12%
 842365 746255   168393.3661   312   166927.8966   168790.9671  7525610    1.12%
 844473 748112   167561.7157   293   166927.8966   168790.5806  7544456    1.12%
 846518 749883   167386.9861   339   166927.8966   168789.6437  7562725    1.12%
 848594 751639   166989.2555   325   166927.8966   168789.0711  7581404    1.11%
 850627 753386        cutoff         166927.8966   168788.4109  7600770    1.11%
 852684 755137   167787.5493   395   166927.8966   168787.9091  7620735    1.11%
Elapsed time = 2411.72 sec. (1550990.88 ticks, tree = 1194.53 MB, solutions = 1)
 854523 756708   167337.6301   275   166927.8966   168787.4629  7640205    1.11%
 856529 758454   167198.7621   365   166927.8966   168786.8927  7658995    1.11%
 858597 760240        cutoff         166927.8966   168786.0323  7677946    1.11%
 860566 761903   167904.5041   341   166927.8966   168785.4700  7697117    1.11%
 862608 763677   167557.3849   347   166927.8966   168784.6884  7716790    1.11%
 864615 765400   167666.4299   281   166927.8966   168783.9093  7737136    1.11%
 866698 767279   167084.4696   312   166927.8966   168783.4183  7756852    1.11%
 868709 768986   167289.6389   326   166927.8966   168782.9159  7775902    1.11%
 870753 770796   167730.5900   281   166927.8966   168782.3813  7795569    1.11%
 872892 772667   167896.6617   284   166927.8966   168781.8280  7815230    1.11%
Elapsed time = 2470.48 sec. (1589172.75 ticks, tree = 1221.88 MB, solutions = 1)
 874962 774491   167505.2808   315   166927.8966   168781.1837  7834236    1.11%
 877046 776312   166957.4120   271   166927.8966   168780.6136  7853268    1.11%
 879065 778064   167630.9608   251   166927.8966   168780.1439  7872597    1.11%
 881180 779923   167774.4463   346   166927.8966   168779.4684  7892413    1.11%
 883384 781865   167533.1513   284   166927.8966   168778.9755  7910964    1.11%
 885368 783577   167841.9619   377   166927.8966   168778.4043  7930772    1.11%
 887447 785420   167216.0667   345   166927.8966   168777.7451  7950202    1.11%
 889584 787258   167645.3164   250   166927.8966   168777.1081  7968822    1.11%
 891641 789038   167311.6176   346   166927.8966   168776.5989  7988578    1.11%
 893755 790854   166929.4406   213   166927.8966   168776.0137  8008086    1.11%
Elapsed time = 2529.06 sec. (1627348.16 ticks, tree = 1250.26 MB, solutions = 1)
 895978 792860   167280.5795   196   166927.8966   168775.5790  8027697    1.11%
 898140 794717        cutoff         166927.8966   168774.9960  8047219    1.11%
 900192 796506   167507.9401   376   166927.8966   168774.3326  8066339    1.11%
 902307 798324   166958.5367   317   166927.8966   168774.0215  8085626    1.11%
 904391 800132   167521.1957   295   166927.8966   168773.6098  8105145    1.11%
 906480 801885   167968.0059   306   166927.8966   168773.0580  8125117    1.11%
 908481 803556   167670.1372   316   166927.8966   168772.5908  8146526    1.11%
 910715 805548   167281.7368   258   166927.8966   168772.0351  8166020    1.10%
 912762 807336   167136.8031   190   166927.8966   168771.5690  8185377    1.10%
 914937 809227   167805.8230   297   166927.8966   168770.7425  8203996    1.10%
Elapsed time = 2587.42 sec. (1665516.12 ticks, tree = 1278.96 MB, solutions = 1)
 917112 811183   167417.4446   212   166927.8966   168770.2839  8223570    1.10%
 919186 813027   167960.3440   294   166927.8966   168769.8127  8242808    1.10%
 921339 814950   167765.6478   302   166927.8966   168769.3614  8260410    1.10%
 923477 816800   167435.3198   321   166927.8966   168768.6707  8280385    1.10%
 925448 818502   167581.7122   312   166927.8966   168768.0222  8300092    1.10%
 927394 820169   166967.5244   454   166927.8966   168767.5124  8319639    1.10%
 929408 821861   168294.6797   282   166927.8966   168767.0615  8338672    1.10%
 931379 823540   167641.9894   377   166927.8966   168766.2906  8357325    1.10%
 933411 825299   167348.2182   314   166927.8966   168765.7523  8376383    1.10%
 935440 827087   167556.3142   253   166927.8966   168765.2852  8394606    1.10%
Elapsed time = 2645.83 sec. (1703681.30 ticks, tree = 1312.46 MB, solutions = 1)
 937519 828887   167428.0194   351   166927.8966   168764.7550  8413119    1.10%
 939463 830487   167568.7699   313   166927.8966   168764.2388  8432437    1.10%
 941585 832368   166939.3574   198   166927.8966   168763.7253  8451322    1.10%
 943652 834105   167158.5393   353   166927.8966   168763.1097  8471678    1.10%
 945632 835807   167038.1308   285   166927.8966   168762.4708  8490874    1.10%
 947780 837653   167392.3139   296   166927.8966   168761.8515  8510765    1.10%
 949946 839543   167883.5575   243   166927.8966   168761.3212  8530731    1.10%
 952055 841393   168231.7231   311   166927.8966   168760.7881  8549576    1.10%
 954158 843216   167589.3215   304   166927.8966   168760.1754  8569890    1.10%
 956264 845060   167971.6345   334   166927.8966   168759.5079  8589932    1.10%
Elapsed time = 2704.65 sec. (1741835.53 ticks, tree = 1340.51 MB, solutions = 1)
 958406 846979   167631.8703   255   166927.8966   168759.1653  8609000    1.10%
 960518 848811   167058.1233   287   166927.8966   168758.4584  8628021    1.10%
 962683 850649   167856.9111   343   166927.8966   168757.9100  8648045    1.10%
 964826 852531   167603.8570   305   166927.8966   168757.4510  8666586    1.10%
 966947 854321   168147.9339   351   166927.8966   168756.8467  8686012    1.10%
 968976 856079   167202.8031   232   166927.8966   168756.3311  8706117    1.10%
 971042 857865   167405.0602   368   166927.8966   168755.7797  8725691    1.10%
 973018 859578   167048.0714   169   166927.8966   168755.4227  8745229    1.09%
 974934 861265   167491.2837   279   166927.8966   168754.9141  8763428    1.09%
 977026 863077   167572.2245   321   166927.8966   168754.2251  8781771    1.09%
Elapsed time = 2763.25 sec. (1780009.21 ticks, tree = 1368.65 MB, solutions = 1)
 979086 864834   166979.5145   243   166927.8966   168753.7991  8801101    1.09%
 981156 866639        cutoff         166927.8966   168753.3044  8820416    1.09%
 983195 868428   167491.1458   272   166927.8966   168752.8617  8838629    1.09%
 985061 869973   167280.1625   296   166927.8966   168752.3384  8857735    1.09%
 987090 871721   167812.7309   239   166927.8966   168751.8884  8877824    1.09%
 989157 873489   167080.4318   338   166927.8966   168751.5616  8897077    1.09%
 991151 875191   168480.4272   322   166927.8966   168750.9522  8916925    1.09%
 993145 876886        cutoff         166927.8966   168750.5108  8935845    1.09%
 995232 878701   167779.0613   316   166927.8966   168750.0923  8955398    1.09%
 997281 880448   167792.6293   289   166927.8966   168749.6522  8975217    1.09%
Elapsed time = 2822.20 sec. (1818183.17 ticks, tree = 1395.77 MB, solutions = 1)
 999414 882349   167812.5235   330   166927.8966   168749.2349  8994023    1.09%
 1001480 884095   167120.5659   200   166927.8966   168748.5376  9013849    1.09%
 1003644 886011   166974.6159   302   166927.8966   168748.2574  9032603    1.09%
 1005689 887780   167873.5908   390   166927.8966   168747.8623  9052269    1.09%
 1007638 889463   167435.8794   339   166927.8966   168747.3540  9071910    1.09%
 1009711 891241   167660.5989   284   166927.8966   168746.9726  9090473    1.09%
 1011769 893000   167734.1886   335   166927.8966   168746.4909  9109035    1.09%
 1013880 894807   167675.5279   307   166927.8966   168746.0048  9128319    1.09%
 1015811 896500   167982.2369   302   166927.8966   168745.6651  9146549    1.09%
 1017898 898308   167262.7426   397   166927.8966   168745.3348  9165409    1.09%
Elapsed time = 2881.19 sec. (1856348.71 ticks, tree = 1423.69 MB, solutions = 1)
 1019956 900160   167626.3887   343   166927.8966   168745.0063  9184538    1.09%
 1022022 901986   167405.8888   311   166927.8966   168744.5059  9203958    1.09%
 1024148 903840   167020.9018   223   166927.8966   168744.0610  9222477    1.09%
 1026179 905599   167245.3118   290   166927.8966   168743.5432  9241389    1.09%
 1028222 907381   168074.2039   345   166927.8966   168743.1443  9259885    1.09%
 1030341 909254   167992.8759   358   166927.8966   168742.7473  9278266    1.09%
 1032214 910840   167116.1038   317   166927.8966   168742.3922  9296774    1.09%
 1034171 912475        cutoff         166927.8966   168742.0331  9316603    1.09%
 1036250 914315   167485.2904   299   166927.8966   168741.7818  9335912    1.09%
 1038200 915993   167702.1872   399   166927.8966   168741.3421  9354545    1.09%
Elapsed time = 2940.36 sec. (1894557.93 ticks, tree = 1451.32 MB, solutions = 1)
 1040183 917689   167139.2027   210   166927.8966   168740.9605  9373108    1.09%
 1042251 919478   167761.0257   310   166927.8966   168740.4550  9392550    1.09%
 1044278 921237   167613.3977   358   166927.8966   168739.9441  9411336    1.09%
 1046246 922912   168160.1286   349   166927.8966   168739.5704  9431082    1.09%
 1048271 924709   167158.4021   321   166927.8966   168739.1524  9450595    1.09%
 1050374 926538   167339.5941   290   166927.8966   168738.6581  9471039    1.08%
 1052314 928196   167317.0125   131   166927.8966   168738.1837  9489443    1.08%
 1054439 930037   167095.5244   212   166927.8966   168737.8201  9509507    1.08%
 1056519 931870   167451.6652   274   166927.8966   168737.4861  9529847    1.08%
 1058628 933729   168391.4487   308   166927.8966   168737.0668  9550785    1.08%
Elapsed time = 2999.20 sec. (1932736.39 ticks, tree = 1479.01 MB, solutions = 1)
 1060669 935485   167771.3328   327   166927.8966   168736.5883  9571515    1.08%
 1062704 937257   167833.5481   349   166927.8966   168736.1369  9592920    1.08%
 1064677 938967   167727.6433   333   166927.8966   168735.7444  9612035    1.08%
 1066658 940668   167904.2525   333   166927.8966   168735.2647  9631961    1.08%
 1068713 942419   167701.5951   323   166927.8966   168734.7043  9652653    1.08%
 1070638 944077   168267.1995   313   166927.8966   168734.2605  9673016    1.08%
 1072645 945825   167279.4436   372   166927.8966   168733.7942  9694282    1.08%
 1074608 947497   167047.7874   384   166927.8966   168733.4196  9713756    1.08%
 1076715 949352   167407.3714   201   166927.8966   168732.9552  9734374    1.08%
 1078611 951012   167655.3847   320   166927.8966   168732.6634  9754693    1.08%
Elapsed time = 3058.68 sec. (1970928.66 ticks, tree = 1506.05 MB, solutions = 1)
 1080743 952902   168348.1077   363   166927.8966   168732.2785  9774988    1.08%
 1082733 954594   167224.4998   292   166927.8966   168731.8980  9794290    1.08%
 1084706 956266   167165.6529   348   166927.8966   168731.5176  9814772    1.08%
 1086688 958003   167276.6480   183   166927.8966   168731.2023  9834939    1.08%
 1088583 959637   168379.1479   357   166927.8966   168730.8027  9854112    1.08%
 1090519 961280   168028.2977   369   166927.8966   168730.3761  9874124    1.08%
 1092511 962985   167361.2743   260   166927.8966   168729.9863  9893664    1.08%
 1094498 964688   167658.1457   364   166927.8966   168729.4872  9912580    1.08%
 1096460 966354   167704.9213   332   166927.8966   168728.8942  9933279    1.08%
 1098518 968175   167826.9584   357   166927.8966   168728.6289  9952481    1.08%
Elapsed time = 3117.83 sec. (2009127.46 ticks, tree = 1532.88 MB, solutions = 1)
 1100546 969931   167698.8546   304   166927.8966   168728.2408  9972434    1.08%
 1102676 971803   168164.8363   333   166927.8966   168727.7244  9992468    1.08%
 1104761 973615   166955.5700   103   166927.8966   168727.3357 10011315    1.08%
 1106845 975417   167424.5161   300   166927.8966   168726.9370 10031859    1.08%
 1108840 977139   166928.9234   344   166927.8966   168726.4708 10052338    1.08%
 1110838 978838   167594.4158   323   166927.8966   168726.1027 10072762    1.08%
 1113010 980821   167160.5648   168   166927.8966   168725.8373 10091866    1.08%
 1114946 982413   168011.8955   370   166927.8966   168725.3084 10113405    1.08%
 1116954 984123   167277.3731   374   166927.8966   168724.8871 10135189    1.08%
 1118974 985872        cutoff         166927.8966   168724.5945 10154844    1.08%
Elapsed time = 3177.21 sec. (2047287.99 ticks, tree = 1567.38 MB, solutions = 1)
 1120942 987573   167419.1066   364   166927.8966   168724.2709 10175643    1.08%
 1123053 989412   167619.6598   299   166927.8966   168723.9744 10196533    1.08%
 1124992 991090   167690.6092   255   166927.8966   168723.6896 10216487    1.08%
 1127063 992830   168455.9766   349   166927.8966   168723.2459 10236592    1.08%
 1129094 994528   167135.8161   300   166927.8966   168722.7039 10257934    1.08%
 1131136 996283   167076.8021   360   166927.8966   168722.2154 10278127    1.07%
 1133048 997909   167152.9594   318   166927.8966   168721.7129 10298002    1.07%
 1135047 999626   167104.5364   335   166927.8966   168721.3387 10318183    1.07%
 1136971 1001220   167735.6709   362   166927.8966   168720.8677 10338544    1.07%
 1138992 1002970   168091.6696   330   166927.8966   168720.4327 10359455    1.07%
Elapsed time = 3236.71 sec. (2085453.42 ticks, tree = 1594.18 MB, solutions = 1)
 1140418 1004170   167103.0272   313   166927.8966   168720.1295 10373897    1.07%
 1140718 1004437   167311.2133   397   166927.8966   168720.0892 10377387    1.07%
 1141018 1004697   167336.8063   276   166927.8966   168720.0656 10380803    1.07%
 1141218 1004879   167832.3778   259   166927.8966   168720.0337 10382843    1.07%
 1141418 1005033   167138.8811   361   166927.8966   168719.9736 10384851    1.07%
 1141618 1005206   167842.8560   329   166927.8966   168719.9610 10386949    1.07%
 1141818 1005364   168123.6164   375   166927.8966   168719.9422 10388924    1.07%
 1142018 1005534   166960.5018   232   166927.8966   168719.9243 10390872    1.07%
 1142118 1005626   167853.1019   277   166927.8966   168719.9037 10391792    1.07%
 1142218 1005721   167233.1989   212   166927.8966   168719.9034 10392606    1.07%
Elapsed time = 3327.96 sec. (2139664.27 ticks, tree = 1598.49 MB, solutions = 1)
 1142418 1005887   168450.1311   326   166927.8966   168719.8842 10394540    1.07%
 1142518 1005970   167751.3301   321   166927.8966   168719.8801 10395602    1.07%
 1142718 1006155   167055.6946   255   166927.8966   168719.8573 10397590    1.07%
 1142918 1006331   166947.0825   322   166927.8966   168719.8244 10399808    1.07%
 1143118 1006514   168141.0551   407   166927.8966   168719.8028 10402000    1.07%
 1143218 1006609   167778.6659   326   166927.8966   168719.7966 10402904    1.07%
 1143418 1006783   167338.4832   209   166927.8966   168719.7611 10404705    1.07%
 1143618 1006952   167647.7590   351   166927.8966   168719.6962 10406815    1.07%
 1143818 1007141   167534.2155   325   166927.8966   168719.6738 10408763    1.07%
 1143979 1007281   167403.8959   299   166927.8966   168719.6406 10410440    1.07%
Elapsed time = 3417.19 sec. (2192071.66 ticks, tree = 1600.93 MB, solutions = 1)
 1144218 1007502   168066.0036   352   166927.8966   168719.6133 10412134    1.07%
 1144718 1007916   167150.3101   281   166927.8966   168719.5581 10416644    1.07%
 1145218 1008312   168033.0644   363   166927.8966   168719.4536 10422715    1.07%
 1145818 1008844   167622.5199   338   166927.8966   168719.3258 10428372    1.07%
 1146218 1009180   167032.9743   326   166927.8966   168719.2609 10432504    1.07%
 1146855 1009754   167059.7030   351   166927.8966   168719.1348 10438095    1.07%
 1147218 1010052   167058.4022   331   166927.8966   168719.0933 10441535    1.07%
 1147618 1010380   167299.2640   249   166927.8966   168718.9789 10446548    1.07%
 1147926 1010637        cutoff         166927.8966   168718.8923 10449456    1.07%
 1148318 1010978   167366.9501   310   166927.8966   168718.8027 10453737    1.07%
Elapsed time = 3484.36 sec. (2233320.59 ticks, tree = 1606.72 MB, solutions = 1)
 1148865 1011433   167746.0945   315   166927.8966   168718.6774 10459402    1.07%
 1149118 1011655   167432.3369   281   166927.8966   168718.6538 10462296    1.07%
 1149518 1011979   166973.6663   344   166927.8966   168718.5394 10466479    1.07%
 1150118 1012511   167544.6753   335   166927.8966   168718.4322 10472638    1.07%
 1151180 1013407   167662.1448   348   166927.8966   168718.1673 10483432    1.07%
 1152918 1014858   167012.7941   280   166927.8966   168717.5460 10502286    1.07%
 1154531 1016270   167398.5734   303   166927.8966   168717.1331 10517660    1.07%
 1156710 1018141   167163.9720   194   166927.8966   168716.7261 10538592    1.07%
 1158923 1020089   167149.3033   283   166927.8966   168716.2805 10559905    1.07%
 1161033 1021914   167481.7611   309   166927.8966   168715.7578 10580865    1.07%
Elapsed time = 3548.43 sec. (2273328.15 ticks, tree = 1623.87 MB, solutions = 1)
 1163191 1023772   167800.6759   364   166927.8966   168715.3830 10601389    1.07%
 1164787 1025157   167144.3651   254   166927.8966   168715.1407 10616712    1.07%
 1166969 1027032   167919.0283   264   166927.8966   168714.6819 10638626    1.07%
 1169112 1028916   167735.6165   249   166927.8966   168714.2640 10660444    1.07%
 1170559 1030205   167415.7965   380   166927.8966   168714.1064 10675654    1.07%
 1172743 1032149   167409.9419   195   166927.8966   168713.8041 10697020    1.07%
 1174968 1034081   167559.1019   367   166927.8966   168713.5315 10718514    1.07%
 1177104 1035899   168312.3056   370   166927.8966   168712.9110 10740019    1.07%

GUB cover cuts applied:  1
Clique cuts applied:  4
Cover cuts applied:  3
Implied bound cuts applied:  452
Flow cuts applied:  153
Mixed integer rounding cuts applied:  223
Lift and project cuts applied:  170
Gomory fractional cuts applied:  86

Root node processing (before b&c):
  Real time             =    1.81 sec. (880.63 ticks)
Sequential b&c:
  Real time             = 3598.19 sec. (2305854.83 ticks)
                          ------------
Total (root+branch&cut) = 3600.00 sec. (2306735.45 ticks)
