1 of 1 MIP starts provided solutions.
MIP start 'm1' defined initial solution with objective 107357.0890.
Tried aggregator 2 times.
MIP Presolve eliminated 1 rows and 1 columns.
MIP Presolve modified 199 coefficients.
Aggregator did 1 substitutions.
Reduced MIP has 2974 rows, 1787 columns, and 17445 nonzeros.
Reduced MIP has 1387 binaries, 0 generals, 0 SOSs, and 0 indicators.
Presolve time = 0.02 sec. (8.93 ticks)
Probing time = 0.01 sec. (2.60 ticks)
Tried aggregator 1 time.
Reduced MIP has 2974 rows, 1787 columns, and 17445 nonzeros.
Reduced MIP has 1387 binaries, 0 generals, 0 SOSs, and 0 indicators.
Presolve time = 0.02 sec. (7.64 ticks)
Probing time = 0.01 sec. (2.58 ticks)
Clique table members: 1168.
MIP emphasis: balance optimality and feasibility.
MIP search method: dynamic search.
Parallel mode: none, using 1 thread.
Root relaxation solution time = 0.02 sec. (9.46 ticks)

        Nodes                                         Cuts/
   Node  Left     Objective  IInf  Best Integer    Best Bound    ItCnt     Gap

*     0+    0                       107357.0890   383988.9195      691  257.67%
      0     0   119448.5344   367   107357.0890   119448.5344      691   11.26%
      0     0   114388.5652   327   107357.0890     Cuts: 843     1136    6.55%
      0     0   112251.9123   280   107357.0890     Cuts: 843     1548    4.56%
      0     0   111446.8045   328   107357.0890     Cuts: 630     1834    3.81%
      0     0   110988.0643   323   107357.0890     Cuts: 369     2054    3.38%
      0     0   110681.2210   378   107357.0890     Cuts: 279     2208    3.10%
      0     0   110432.0334   352   107357.0890     Cuts: 230     2344    2.86%
      0     0   110296.4344   360   107357.0890     Cuts: 137     2465    2.74%
      0     0   110263.2064   393   107357.0890     Cuts: 138     2555    2.71%
      0     0   110245.4901   400   107357.0890      Cuts: 84     2607    2.69%
      0     0   110233.3272   368   107357.0890      Cuts: 44     2645    2.68%
      0     0   110228.7895   419   107357.0890      Cuts: 42     2679    2.67%
      0     0   110227.3760   414   107357.0890      Cuts: 42     2697    2.67%
      0     2   110227.3760   414   107357.0890   110218.3607     2697    2.67%
Elapsed time = 1.42 sec. (698.34 ticks, tree = 0.00 MB, solutions = 1)
     50    52   109707.4175   230   107357.0890   110187.7177     3508    2.64%
    160   152   107564.9164   126   107357.0890   110187.7177     5317    2.64%
    258   239   107836.0864   174   107357.0890   110146.5615     7065    2.60%
    380   352   107913.1333   218   107357.0890   110141.7258     8243    2.59%
    490   459   109424.8507   437   107357.0890   109424.3377    11975    1.93%
    491   460   109403.9458   434   107357.0890   109403.5281    12026    1.91%
    493   461   109187.9388   423   107357.0890   109361.5841    12216    1.87%
    495   461   109163.7803   418   107357.0890   109361.5841    12233    1.87%
    497   462   108838.9498   408   107357.0890   109361.5841    12291    1.87%
    520   452   108545.4323   364   107357.0890   109361.5841    12469    1.87%
Elapsed time = 16.51 sec. (8260.16 ticks, tree = 0.72 MB, solutions = 1)
    620   461   108002.4746   216   107357.0890   109357.1883    14093    1.86%
    939   610   109023.8305   328   107357.0890   109347.0316    16439    1.85%
   1345   800   108800.7811   350   107357.0890   109284.6236    19480    1.80%
   1770  1169   108002.2505   160   107357.0890   109278.5883    24474    1.79%
   2080  1445   108750.9932   210   107357.0890   109266.6218    28621    1.78%
   2424  1747   108075.9521   382   107357.0890   109256.6528    32638    1.77%
   2906  2192   108688.6279   376   107357.0890   109229.6373    39853    1.74%
   3433  2686   108665.5930   380   107357.0890   109217.0730    47110    1.73%
   3859  3071   107458.3516   311   107357.0890   109205.6238    53853    1.72%
   4155  3320   108204.4594   186   107357.0890   109185.7414    59243    1.70%
Elapsed time = 32.07 sec. (18087.06 ticks, tree = 7.67 MB, solutions = 1)
   4633  3772   107885.6729   234   107357.0890   109173.2822    64619    1.69%
   5044  4122   108004.9307   330   107357.0890   109151.8525    70218    1.67%
   5415  4449   107475.4230   229   107357.0890   109144.7342    75572    1.67%
   5814  4797        cutoff         107357.0890   109136.8844    80580    1.66%
   6212  5174   107533.3687   184   107357.0890   109135.5796    86412    1.66%
   6655  5594   108524.0493   310   107357.0890   109127.2865    92930    1.65%
   7163  6049   107984.6772   375   107357.0890   109108.2671    99391    1.63%
   7639  6487   108315.8342   261   107357.0890   109091.4789   106317    1.62%
   8076  6866   108086.2690   242   107357.0890   109085.9492   112820    1.61%
   8390  7123   108621.3667   329   107357.0890   109068.0159   118471    1.59%
Elapsed time = 47.31 sec. (27677.29 ticks, tree = 12.36 MB, solutions = 1)
   8688  7375   108149.1069   277   107357.0890   109053.2558   123648    1.58%
   9087  7716   108796.0241   366   107357.0890   109042.9877   129181    1.57%
   9435  8029   107747.8665   224   107357.0890   109038.5504   134638    1.57%
   9802  8354   108384.5651   336   107357.0890   109031.9120   140989    1.56%
  10249  8772   107450.5564    76   107357.0890   109028.2629   149232    1.56%
  10290  8807   108119.5832   330   107357.0890   109026.9913   150344    1.56%
  10674  9130   107615.0046   352   107357.0890   109017.0232   157279    1.55%
  11139  9555   108543.7299   353   107357.0890   109014.1067   165092    1.54%
  11629  9993   108335.6243   259   107357.0890   109007.6577   172644    1.54%
  11986 10309   107397.5399   364   107357.0890   109003.1099   178917    1.53%
Elapsed time = 67.60 sec. (39580.35 ticks, tree = 16.50 MB, solutions = 1)
  12322 10589   107583.2224   178   107357.0890   108993.2943   184930    1.52%
  12582 10760   108646.8126   337   107357.0890   108978.4171   190640    1.51%
  13015 11158   108411.8814   342   107357.0890   108973.7780   196855    1.51%
  13428 11509   108391.9709   347   107357.0890   108968.8497   202400    1.50%
  13768 11781   108350.5088   336   107357.0890   108961.3051   208239    1.49%
  14185 12148   107640.7565   327   107357.0890   108957.1809   215765    1.49%
  14534 12437   108608.3851   369   107357.0890   108951.5898   222477    1.49%
  14909 12772   108297.4940   356   107357.0890   108948.6969   229676    1.48%
  15340 13152   108541.6164   350   107357.0890   108941.9241   236832    1.48%
  15803 13590   107421.8933   122   107357.0890   108940.8558   244260    1.48%
Elapsed time = 83.20 sec. (49211.05 ticks, tree = 20.48 MB, solutions = 1)
  16159 13890   108571.3766   300   107357.0890   108934.1070   251837    1.47%
  16580 14268   108488.6991   313   107357.0890   108931.0021   258089    1.47%
  16964 14603   107368.4750   161   107357.0890   108925.6210   264426    1.46%
  17275 14856   108624.0757   348   107357.0890   108920.3086   270232    1.46%
  17586 15119   107846.3335   400   107357.0890   108917.1397   276293    1.45%
  17903 15381   107755.2023   389   107357.0890   108914.4901   282399    1.45%
  18258 15648   108212.6204   371   107357.0890   108909.5483   287928    1.45%
  18603 15945   107847.0252   388   107357.0890   108900.4692   293514    1.44%
  18946 16229   107794.0258   255   107357.0890   108895.7338   298919    1.43%
  19219 16418   108169.7430   248   107357.0890   108891.9649   304775    1.43%
Elapsed time = 98.94 sec. (58797.02 ticks, tree = 23.91 MB, solutions = 1)
  19606 16760   107419.7827   292   107357.0890   108885.1793   311491    1.42%
  19985 17062   107584.4606   232   107357.0890   108883.4851   317814    1.42%
  20335 17335   108849.2835   398   107357.0890   108878.1419   323577    1.42%
  20701 17658   107944.4754   306   107357.0890   108872.7270   330453    1.41%
  21137 18044   107413.1967   154   107357.0890   108865.8962   337329    1.41%
  21536 18404   107402.8135   247   107357.0890   108860.9476   345273    1.40%
  21971 18799   108336.8233   349   107357.0890   108855.9424   352804    1.40%
  22300 19089   107745.1986   248   107357.0890   108854.0947   359924    1.39%
  22651 19380   108099.1362   331   107357.0890   108849.4065   365268    1.39%
  22912 19559   107555.9421   385   107357.0890   108842.2094   371645    1.38%
Elapsed time = 114.83 sec. (68341.45 ticks, tree = 27.62 MB, solutions = 1)
  23270 19847        cutoff         107357.0890   108835.1110   377261    1.38%
  23592 20117   107988.0959   282   107357.0890   108832.3444   382257    1.37%
  23932 20408   107891.1884   285   107357.0890   108829.8884   388484    1.37%
  24333 20754   108295.9941   300   107357.0890   108828.1996   396402    1.37%
  24759 21126   108170.3121   258   107357.0890   108826.2993   402334    1.37%
  25082 21393   107781.5099   230   107357.0890   108822.3378   408543    1.36%
  25554 21834   107681.3511   228   107357.0890   108817.5080   415124    1.36%
  25940 22159   108394.8316   293   107357.0890   108811.9220   421585    1.36%
  26354 22504   107451.5950   361   107357.0890   108807.1603   427945    1.35%
  26772 22847   108261.1694   290   107357.0890   108804.1845   434424    1.35%
Elapsed time = 130.44 sec. (77944.67 ticks, tree = 31.56 MB, solutions = 1)
  27198 23220   107630.9182   198   107357.0890   108799.1551   441128    1.34%
  27633 23591   107426.9192    75   107357.0890   108796.6349   447988    1.34%
  28093 23978   107362.1805   316   107357.0890   108791.8702   455006    1.34%
  28490 24318   107996.7412   294   107357.0890   108787.6120   462015    1.33%
  28832 24602        cutoff         107357.0890   108782.8325   468970    1.33%
  29172 24882   108002.4735   297   107357.0890   108778.2225   475056    1.32%
  29482 25141   107662.7483   180   107357.0890   108775.9367   480857    1.32%
  29876 25479   108053.2050   266   107357.0890   108773.9632   487871    1.32%
  30249 25792   108391.3440   329   107357.0890   108768.7315   494001    1.31%
  30645 26145   108486.5590   346   107357.0890   108764.6510   500145    1.31%
Elapsed time = 145.91 sec. (87614.29 ticks, tree = 35.33 MB, solutions = 1)
  30978 26434   107743.5488   319   107357.0890   108762.4522   505956    1.31%
  31351 26709   108424.6782   292   107357.0890   108759.5237   511684    1.31%
  31751 27066   107582.6135   261   107357.0890   108755.2984   517867    1.30%
  32187 27435   107696.7401   221   107357.0890   108752.6301   523892    1.30%
  32546 27721   107987.6750   312   107357.0890   108750.6281   529872    1.30%
  32927 28046   108089.2861   246   107357.0890   108746.9757   536690    1.29%
  33279 28347        cutoff         107357.0890   108745.3321   543123    1.29%
  33645 28624   108299.1830   315   107357.0890   108743.1503   550047    1.29%
  34035 28964   107571.1242   330   107357.0890   108740.8576   556604    1.29%
  35616 30243   107970.6293   342   107357.0890   108733.4081   582390    1.28%
Elapsed time = 165.97 sec. (100075.56 ticks, tree = 40.23 MB, solutions = 1)
  37088 31473        cutoff         107357.0890   108724.4255   605650    1.27%
  38561 32699   108006.6470   259   107357.0890   108718.0831   629405    1.27%
  40090 34037   107669.4794   200   107357.0890   108709.5214   653665    1.26%
  41851 35592   107440.2873   194   107357.0890   108700.2217   680217    1.25%
  43537 37052   107526.9050   139   107357.0890   108693.2976   706836    1.24%
  45072 38344   107374.3668   213   107357.0890   108685.4898   733220    1.24%
  46710 39716   107871.3234   162   107357.0890   108679.3119   758711    1.23%
  48328 41073   107477.0903   228   107357.0890   108672.3693   783547    1.23%
  49752 42252        cutoff         107357.0890   108664.6444   809841    1.22%
  51378 43655   107745.0475   268   107357.0890   108656.8590   836174    1.21%
Elapsed time = 227.97 sec. (138260.08 ticks, tree = 57.43 MB, solutions = 1)
  52904 44932        cutoff         107357.0890   108649.2776   863565    1.20%
  54629 46382        cutoff         107357.0890   108641.6495   891120    1.20%
  56080 47564   107751.6654   268   107357.0890   108633.8187   916275    1.19%
  57568 48777   108047.5719   393   107357.0890   108625.1869   941846    1.18%
  59152 50095   107571.8058   310   107357.0890   108619.1563   968956    1.18%
  60812 51521   107505.1659   279   107357.0890   108612.7187   996099    1.17%
  62447 52835   107454.1898   118   107357.0890   108605.1716  1024591    1.16%
  64090 54254   107881.8914   214   107357.0890   108598.6199  1051043    1.16%
  65734 55649   107560.6601   238   107357.0890   108594.3749  1076277    1.15%
  67334 56982   107405.8951   133   107357.0890   108589.7467  1101084    1.15%
Elapsed time = 289.93 sec. (176486.14 ticks, tree = 73.99 MB, solutions = 1)
  68677 58058   107463.0162   183   107357.0890   108585.1703  1127479    1.14%
  70144 59237        cutoff         107357.0890   108579.8243  1154707    1.14%
  71686 60514   107960.0649   310   107357.0890   108576.3266  1182553    1.14%
  73253 61784   107536.6282   289   107357.0890   108569.4790  1212230    1.13%
  74835 63109   107717.0265   190   107357.0890   108564.1814  1237900    1.12%
  76351 64369   107999.2821   284   107357.0890   108559.4316  1263436    1.12%
  77744 65485   107881.0232   300   107357.0890   108554.4732  1288172    1.12%
  79243 66674   107360.6758   347   107357.0890   108550.5360  1314349    1.11%
  80767 67927   108094.1471   357   107357.0890   108545.6529  1342566    1.11%
  82381 69235   107689.9802   341   107357.0890   108541.0286  1370514    1.10%
Elapsed time = 353.85 sec. (214646.36 ticks, tree = 91.22 MB, solutions = 1)
  83861 70424   107700.3420   377   107357.0890   108536.1867  1397910    1.10%
  85261 71542   107389.5639   333   107357.0890   108531.9038  1427019    1.09%
  86755 72751   107434.1349   237   107357.0890   108528.1717  1452547    1.09%
  88031 73761   107572.3861   220   107357.0890   108523.9756  1479130    1.09%
  89329 74762   107388.8574   345   107357.0890   108518.5738  1504124    1.08%
  90621 75782   107759.4791   306   107357.0890   108515.3892  1530760    1.08%
  92188 77076   107476.3933   239   107357.0890   108512.3425  1557092    1.08%
  93618 78238   107472.5125   200   107357.0890   108508.2193  1587000    1.07%
  94917 79205   107901.7844   336   107357.0890   108502.6982  1615348    1.07%
  96085 80101   107392.7291   369   107357.0890   108499.0148  1641919    1.06%
Elapsed time = 418.19 sec. (252808.95 ticks, tree = 104.54 MB, solutions = 1)
  97427 81193   107859.7003   271   107357.0890   108495.2178  1668216    1.06%
  98830 82310   108152.3175   335   107357.0890   108491.8403  1694279    1.06%
  99965 83200   107591.4026   281   107357.0890   108488.8161  1714742    1.05%
 101132 84124   107765.7221   280   107357.0890   108486.5006  1734825    1.05%
 102542 85232   107392.6506   267   107357.0890   108482.7468  1762541    1.05%
 103963 86352   107457.0079   165   107357.0890   108479.1676  1790680    1.05%
 105419 87488   107857.6658   278   107357.0890   108475.3053  1819750    1.04%
 106851 88650   107838.5954   280   107357.0890   108471.6648  1847938    1.04%
 108186 89758   107412.8585   315   107357.0890   108468.1769  1875389    1.03%
 109595 90918   107505.1840   317   107357.0890   108465.3424  1901432    1.03%
Elapsed time = 483.93 sec. (290994.05 ticks, tree = 166.66 MB, solutions = 1)
 111024 92109   107382.1499   192   107357.0890   108461.9600  1929788    1.03%
 112377 93183   108219.1173   210   107357.0890   108458.7945  1955932    1.03%
 113725 94261   107522.0650   183   107357.0890   108456.1528  1982997    1.02%
 115135 95341   107534.8493   256   107357.0890   108453.1286  2011053    1.02%
 116556 96480   107707.9964   285   107357.0890   108450.6526  2038711    1.02%
 117866 97495   107569.3413   262   107357.0890   108447.0728  2068363    1.02%
 119297 98653   108037.4959   281   107357.0890   108444.4846  2095177    1.01%
 120563 99617   107705.0103   278   107357.0890   108441.9763  2122263    1.01%
 121761 100567   107868.0121   316   107357.0890   108439.5363  2149335    1.01%
 123040 101602   107592.4838   276   107357.0890   108436.4037  2176114    1.01%
Elapsed time = 546.32 sec. (329181.12 ticks, tree = 181.18 MB, solutions = 1)
 124435 102730   107556.9731   301   107357.0890   108434.3736  2203080    1.00%
 125827 103818   107482.7956   301   107357.0890   108431.1111  2230139    1.00%
 127178 104902   107452.9134   247   107357.0890   108428.6790  2257779    1.00%
 128557 105973   107874.6063   303   107357.0890   108425.5201  2287013    1.00%
 130078 107190   107437.7499   165   107357.0890   108423.7517  2314830    0.99%
 131470 108239   107861.0718   206   107357.0890   108421.2967  2341367    0.99%
 132827 109373   107611.9383   238   107357.0890   108419.5229  2368970    0.99%
 134102 110353   107532.4363   280   107357.0890   108416.5518  2396759    0.99%
 135406 111374   107680.7203   200   107357.0890   108413.7403  2425054    0.98%
 136649 112310   107410.9586   269   107357.0890   108411.1914  2451919    0.98%
Elapsed time = 608.98 sec. (367371.47 ticks, tree = 205.54 MB, solutions = 1)
 138012 113380   107748.4211   290   107357.0890   108409.0355  2479304    0.98%
 139393 114461   107372.9321   175   107357.0890   108407.0256  2506812    0.98%
 140751 115501   107392.4392   213   107357.0890   108404.7278  2534659    0.98%
 142190 116641   107807.0074   308   107357.0890   108402.6190  2562772    0.97%
 143541 117665   107406.9004   312   107357.0890   108399.8171  2591896    0.97%
 144724 118548   107510.6472   273   107357.0890   108397.6736  2617430    0.97%
 146122 119619   107643.1589   274   107357.0890   108395.4854  2645050    0.97%
 147275 120539   107669.1237   274   107357.0890   108393.1862  2671346    0.97%
 148628 121538   107936.8048   312   107357.0890   108390.9999  2697396    0.96%
 149952 122582   107811.0545   271   107357.0890   108388.9333  2724664    0.96%
Elapsed time = 672.26 sec. (405556.66 ticks, tree = 220.51 MB, solutions = 1)
 151226 123547   107774.2278   265   107357.0890   108385.7468  2752224    0.96%
 152554 124569   107487.0316   344   107357.0890   108383.4284  2780002    0.96%
 153967 125670   107605.9527   309   107357.0890   108381.7628  2808915    0.95%
 155352 126758   107749.1870   223   107357.0890   108379.2596  2837768    0.95%
 156680 127809   107676.1586   351   107357.0890   108377.4510  2865786    0.95%
 157868 128748   107555.3865   187   107357.0890   108375.2204  2891280    0.95%
 159173 129738   108280.9642   338   107357.0890   108373.1191  2919620    0.95%
 160462 130762   107381.3223   300   107357.0890   108371.2160  2947000    0.94%
 161771 131800        cutoff         107357.0890   108369.4360  2972727    0.94%
 163066 132787   107374.9007   271   107357.0890   108367.8972  3001869    0.94%
Elapsed time = 735.32 sec. (443721.92 ticks, tree = 244.65 MB, solutions = 1)
 164445 133851        cutoff         107357.0890   108365.6388  3029509    0.94%
 165793 134909   107483.5399   236   107357.0890   108363.9054  3058543    0.94%
 167077 135886   107952.8572   260   107357.0890   108361.6921  3086861    0.94%
 168312 136867   107440.5530   128   107357.0890   108359.5328  3114742    0.93%
 169640 137904   107660.6780   217   107357.0890   108357.3737  3142141    0.93%
 170819 138793   107366.7236   189   107357.0890   108355.6244  3167794    0.93%
 172103 139754   107471.9142   352   107357.0890   108353.9967  3196665    0.93%
 173318 140695   107698.2729   308   107357.0890   108351.8061  3223368    0.93%
 174761 141837   107903.2045   287   107357.0890   108349.6114  3251748    0.92%
 176127 142911   107413.8591   322   107357.0890   108348.0869  3278962    0.92%
Elapsed time = 799.61 sec. (481934.81 ticks, tree = 258.46 MB, solutions = 1)
 177423 143937   107432.1473   302   107357.0890   108346.1451  3306131    0.92%
 178907 145115   107407.7876   217   107357.0890   108344.2890  3334299    0.92%
 180156 146079   107847.7888   360   107357.0890   108342.4440  3362742    0.92%
 181466 147120   107534.1834   248   107357.0890   108340.6584  3391386    0.92%
 182850 148190   107731.9395   271   107357.0890   108338.3982  3419578    0.91%
 184069 149093   107815.6161   321   107357.0890   108336.1551  3447857    0.91%
 185527 150271   107437.8213   246   107357.0890   108334.9173  3475086    0.91%
 186853 151305   107865.2417   233   107357.0890   108333.3207  3504299    0.91%
 188179 152320        cutoff         107357.0890   108331.3627  3532473    0.91%
 189475 153335   107884.3590   308   107357.0890   108329.4186  3560561    0.91%
Elapsed time = 866.01 sec. (520105.57 ticks, tree = 274.11 MB, solutions = 1)
 190738 154331   107358.0393   319   107357.0890   108327.8064  3587573    0.90%
 191978 155273   108050.3927   323   107357.0890   108325.8030  3616138    0.90%
 193277 156265   108015.6443   294   107357.0890   108323.7367  3643876    0.90%
 194728 157388   107448.4965   285   107357.0890   108322.3671  3672281    0.90%
 195908 158239   107395.2967   240   107357.0890   108320.0945  3700297    0.90%
 197310 159316   107506.7114   296   107357.0890   108318.6586  3728590    0.90%
 198569 160269   107459.2334   284   107357.0890   108317.1433  3756975    0.89%
 199797 161149   107399.7936   292   107357.0890   108315.3888  3784719    0.89%
 201079 162103   107802.5390   282   107357.0890   108313.6763  3812171    0.89%
 202459 163128   107453.8581   243   107357.0890   108311.9651  3839810    0.89%
Elapsed time = 933.05 sec. (558307.21 ticks, tree = 289.49 MB, solutions = 1)
 203642 164010   107526.4540   217   107357.0890   108310.0640  3867142    0.89%
 204863 164956   108117.6602   249   107357.0890   108308.4756  3895950    0.89%
 206199 165949   107640.3364   263   107357.0890   108306.3315  3924455    0.88%
 207558 166960   107702.4243   290   107357.0890   108304.6500  3953349    0.88%
 208848 167904   107939.0129   318   107357.0890   108302.2034  3981563    0.88%
 210107 168828   107457.1287   278   107357.0890   108300.2503  4010868    0.88%
 211303 169718   108058.3506   309   107357.0890   108298.4672  4039513    0.88%
 212608 170680   107658.0671   302   107357.0890   108297.2511  4067093    0.88%
 213788 171535   107661.2387   340   107357.0890   108295.9098  4093215    0.87%
 215113 172518   107952.4648   347   107357.0890   108294.6245  4121575    0.87%
Elapsed time = 999.90 sec. (596514.86 ticks, tree = 308.50 MB, solutions = 1)
 216260 173388   107705.2054   284   107357.0890   108293.3201  4147801    0.87%
 217518 174315   107608.9149   255   107357.0890   108291.9606  4176535    0.87%
 218797 175277   107676.2855   207   107357.0890   108289.7784  4203984    0.87%
 220162 176362   107526.7363   127   107357.0890   108288.6453  4230661    0.87%
 221515 177350   107686.0583   296   107357.0890   108286.9227  4258053    0.87%
 222938 178470   107532.6557   290   107357.0890   108285.3480  4286826    0.86%
 224159 179386   107538.9184   207   107357.0890   108283.5747  4316322    0.86%
 225559 180461   107611.3816   324   107357.0890   108281.6247  4345873    0.86%
 226864 181434   107408.7362   332   107357.0890   108279.7508  4374336    0.86%
 228046 182286        cutoff         107357.0890   108277.7386  4402320    0.86%
Elapsed time = 1066.92 sec. (634690.69 ticks, tree = 321.94 MB, solutions = 1)
 229289 183160   107894.7846   321   107357.0890   108276.2905  4430188    0.86%
 230588 184100   107821.9389   221   107357.0890   108274.8099  4456498    0.85%
 231815 185036   107770.7482   303   107357.0890   108273.9996  4483028    0.85%
 233030 185882   107532.5313   244   107357.0890   108271.9306  4511775    0.85%
 234219 186724   107899.9005   283   107357.0890   108270.3053  4540581    0.85%
 235481 187637   107443.5915   153   107357.0890   108268.8489  4567171    0.85%
 236846 188714   107677.4945   252   107357.0890   108267.2991  4594753    0.85%
 238129 189624   107655.1161   298   107357.0890   108265.3668  4621935    0.85%
 239445 190648   107381.7200   284   107357.0890   108263.9630  4650183    0.84%
 240660 191529   107400.5680   186   107357.0890   108262.2947  4677022    0.84%
Elapsed time = 1133.84 sec. (672877.12 ticks, tree = 338.39 MB, solutions = 1)
 241907 192438   107711.6147   251   107357.0890   108260.5023  4705882    0.84%
 243229 193436   107830.3885   292   107357.0890   108259.0655  4733269    0.84%
 244515 194365   107395.7749   281   107357.0890   108257.4542  4763236    0.84%
 245708 195217   107499.0016   247   107357.0890   108256.0825  4791537    0.84%
 246937 196143   107508.5306   290   107357.0890   108254.9235  4819542    0.84%
 248310 197175   107474.3377   272   107357.0890   108253.3023  4847636    0.83%
 249663 198206   107736.6580   370   107357.0890   108251.8771  4876484    0.83%
 250951 199170   107616.4022   304   107357.0890   108250.8141  4902976    0.83%
 252194 200099   107636.5037   304   107357.0890   108249.3983  4930123    0.83%
 253515 201097   107475.7295   148   107357.0890   108248.1046  4957901    0.83%
Elapsed time = 1200.84 sec. (711151.05 ticks, tree = 352.88 MB, solutions = 1)
 254911 202148   107865.5133   278   107357.0890   108246.2912  4987307    0.83%
 256228 203121   107410.8501   301   107357.0890   108245.0866  5016544    0.83%
 257589 204095   107941.4631   293   107357.0890   108243.5586  5046183    0.83%
 258902 205041        cutoff         107357.0890   108241.9759  5075129    0.82%
 260191 206013        cutoff         107357.0890   108240.6226  5103712    0.82%
 261290 206732   107588.6711   236   107357.0890   108239.0045  5128784    0.82%
 262578 207672   107782.2182   330   107357.0890   108237.7626  5157871    0.82%
 263880 208633   107955.4097   320   107357.0890   108236.4124  5186018    0.82%
 265127 209546   107991.1534   297   107357.0890   108235.2319  5213057    0.82%
 266464 210558   107840.3592   276   107357.0890   108234.2225  5241249    0.82%
Elapsed time = 1267.59 sec. (749357.60 ticks, tree = 367.14 MB, solutions = 1)
 267660 211438   107586.6294   198   107357.0890   108232.6028  5268674    0.82%
 268870 212295   107460.6455   306   107357.0890   108231.2678  5295978    0.81%
 270065 213120   107600.9390   312   107357.0890   108229.6485  5324287    0.81%
 271580 214269   107435.5647   122   107357.0890   108228.1876  5352700    0.81%
 272948 215213   107535.1183   267   107357.0890   108226.3703  5380974    0.81%
 274280 216219   107722.0931   285   107357.0890   108225.1673  5409652    0.81%
 275600 217198   107817.8431   232   107357.0890   108224.0362  5437519    0.81%
 276890 218125   107510.5553   205   107357.0890   108222.7429  5467203    0.81%
 278241 219080   107387.8817   308   107357.0890   108221.4610  5495400    0.81%
 279465 219950   107696.7796   240   107357.0890   108220.0125  5522124    0.80%
Elapsed time = 1334.26 sec. (787540.30 ticks, tree = 380.30 MB, solutions = 1)
 280747 220897   107633.4907   310   107357.0890   108218.6757  5550046    0.80%
 281932 221727   107725.6384   301   107357.0890   108217.1937  5576973    0.80%
 283181 222629   107458.5811   316   107357.0890   108215.7798  5604401    0.80%
 284438 223553   107459.8885   309   107357.0890   108214.7752  5632043    0.80%
 285732 224513        cutoff         107357.0890   108213.8300  5659806    0.80%
 287083 225480   107578.4698   283   107357.0890   108212.7378  5688799    0.80%
 288405 226410        cutoff         107357.0890   108211.3336  5717057    0.80%
 289807 227450   107683.2805   325   107357.0890   108209.9024  5746180    0.79%
 291109 228405   107808.5217   287   107357.0890   108208.5393  5776113    0.79%
 292374 229360   107440.6538   294   107357.0890   108207.2632  5805627    0.79%
Elapsed time = 1401.52 sec. (825759.66 ticks, tree = 394.66 MB, solutions = 1)
 293693 230292   107846.5538   194   107357.0890   108205.9111  5834426    0.79%
 295078 231325        cutoff         107357.0890   108204.7904  5863733    0.79%
 296259 232133   107413.6140   262   107357.0890   108203.5382  5892489    0.79%
 297512 233059   107508.6969   236   107357.0890   108202.4870  5921888    0.79%
 298844 233992   107721.7483   283   107357.0890   108201.1889  5949813    0.79%
 300115 234930   108022.4174   302   107357.0890   108200.1066  5979188    0.79%
 301451 235918   107407.5621   255   107357.0890   108199.2307  6007069    0.78%
 302747 236817   107404.4762   289   107357.0890   108197.7122  6035203    0.78%
 303937 237660   107370.0005   278   107357.0890   108196.4083  6062907    0.78%
 305255 238585   107920.2924   267   107357.0890   108195.0851  6090800    0.78%
Elapsed time = 1468.76 sec. (864080.35 ticks, tree = 409.72 MB, solutions = 1)
 306630 239632   107398.3048   282   107357.0890   108194.1682  6119413    0.78%
 308023 240650   107734.6047   340   107357.0890   108192.8004  6148511    0.78%
 309423 241714   107445.6852   183   107357.0890   108191.5849  6177462    0.78%
 310678 242592   107508.7211   340   107357.0890   108190.4418  6206830    0.78%
 312085 243662   107385.6358   314   107357.0890   108189.5750  6235923    0.78%
 313570 244727   107606.9047   212   107357.0890   108188.3879  6264317    0.77%
 314812 245610   108022.0365   243   107357.0890   108187.3882  6291693    0.77%
 316018 246440   107564.6923   241   107357.0890   108186.1390  6319325    0.77%
 317338 247412   107699.7233   273   107357.0890   108185.1814  6347525    0.77%
 318629 248370   107920.3739   302   107357.0890   108184.1140  6375715    0.77%
Elapsed time = 1534.46 sec. (902286.01 ticks, tree = 423.41 MB, solutions = 1)
 319855 249231   107428.1680   276   107357.0890   108183.1191  6404066    0.77%
 321199 250217   107563.4350   289   107357.0890   108181.7162  6432751    0.77%
 322464 251134   107409.9107   153   107357.0890   108180.8472  6460535    0.77%
 323875 252163   107382.3188   230   107357.0890   108179.5667  6489629    0.77%
 325237 253120   107380.0814   280   107357.0890   108178.1570  6518472    0.76%
 326509 254023   107516.7141   281   107357.0890   108177.0227  6546428    0.76%
 327770 254921   107842.6151   213   107357.0890   108176.0881  6575819    0.76%
 329229 256022   107836.7637   324   107357.0890   108174.8653  6603971    0.76%
 330593 257061   107833.5215   241   107357.0890   108173.9668  6631887    0.76%
 332070 258153   107603.9675   307   107357.0890   108173.0211  6660692    0.76%
Elapsed time = 1600.84 sec. (940454.09 ticks, tree = 437.95 MB, solutions = 1)
 333330 259056   107459.2434   171   107357.0890   108172.2425  6689476    0.76%
 334564 259926        cutoff         107357.0890   108171.3575  6717687    0.76%
 335826 260808   107882.6145   206   107357.0890   108170.3561  6746017    0.76%
 337097 261734   107897.3843   275   107357.0890   108169.3554  6774716    0.76%
 338466 262777   107818.9594   327   107357.0890   108168.2249  6801451    0.76%
 339878 263803   107740.2342   300   107357.0890   108167.3070  6828857    0.75%
 341096 264652   107661.1507   295   107357.0890   108166.1681  6856723    0.75%
 342332 265522   107595.7554   286   107357.0890   108164.8899  6885274    0.75%
 343540 266343   107681.1540   269   107357.0890   108163.9513  6913627    0.75%
 344800 267216   107800.8923   284   107357.0890   108162.7052  6941765    0.75%
Elapsed time = 1667.70 sec. (978641.62 ticks, tree = 449.66 MB, solutions = 1)
 346217 268262        cutoff         107357.0890   108161.7359  6969631    0.75%
 347589 269277        cutoff         107357.0890   108160.9116  6997979    0.75%
 348865 270146   107663.0232   228   107357.0890   108159.9098  7026666    0.75%
 350242 271131   107913.7152   315   107357.0890   108158.7970  7055121    0.75%
 351500 272040        cutoff         107357.0890   108157.8754  7085540    0.75%
 352801 272950   107793.0735   293   107357.0890   108156.7749  7113438    0.74%
 354002 273799   107873.5272   283   107357.0890   108155.9587  7141688    0.74%
 355308 274771   107847.3182   287   107357.0890   108155.1783  7167730    0.74%
 356541 275582   107685.1936   322   107357.0890   108153.7650  7196576    0.74%
 357912 276636   107413.9903   139   107357.0890   108152.8082  7225134    0.74%
Elapsed time = 1734.17 sec. (1016839.48 ticks, tree = 465.48 MB, solutions = 1)
 359213 277590   107474.2633   220   107357.0890   108151.7301  7253756    0.74%
 360515 278539   107457.6115   235   107357.0890   108150.8999  7280715    0.74%
 361710 279403   107726.0080   166   107357.0890   108150.0767  7309699    0.74%
 363071 280393   107555.9311   304   107357.0890   108149.1668  7338843    0.74%
 364277 281202   107473.4828   309   107357.0890   108148.1400  7368202    0.74%
 365568 282140        cutoff         107357.0890   108147.3965  7396610    0.74%
 366792 282963   107679.7449   285   107357.0890   108146.2976  7426014    0.74%
 368062 283878   107403.7697   263   107357.0890   108145.5294  7454435    0.73%
 369350 284807   107744.8024   299   107357.0890   108144.5900  7483601    0.73%
 370767 285858   107502.6185   301   107357.0890   108143.7328  7512496    0.73%
Elapsed time = 1801.06 sec. (1055040.16 ticks, tree = 477.22 MB, solutions = 1)
 372085 286798        cutoff         107357.0890   108142.7430  7542757    0.73%
 373440 287780   107511.1878   207   107357.0890   108141.8376  7572646    0.73%
 374659 288648   107630.3607   200   107357.0890   108140.9494  7600577    0.73%
 375954 289577   107361.6944   195   107357.0890   108139.9743  7630925    0.73%
 377205 290473   107632.1846   329   107357.0890   108139.3678  7656834    0.73%
 378610 291496   107662.9711   229   107357.0890   108138.4667  7685185    0.73%
 379974 292468        cutoff         107357.0890   108137.4294  7713553    0.73%
 381270 293389        cutoff         107357.0890   108136.4909  7741494    0.73%
 382579 294361   107582.3274   273   107357.0890   108135.6298  7768722    0.73%
 383875 295247   107401.9952   299   107357.0890   108134.6796  7795912    0.72%
Elapsed time = 1867.83 sec. (1093210.36 ticks, tree = 489.34 MB, solutions = 1)
 385240 296199   107771.8553   249   107357.0890   108133.6849  7823948    0.72%
 386556 297148   107560.2467   307   107357.0890   108132.6943  7852497    0.72%
 387893 298129   107644.1654   333   107357.0890   108131.7096  7881018    0.72%
 389167 299028   107446.3044   346   107357.0890   108130.9424  7908816    0.72%
 390457 299940   107525.6177   210   107357.0890   108129.9931  7936981    0.72%
 391814 300906   107797.9541   257   107357.0890   108129.2188  7966027    0.72%
 393123 301814   107575.5038   269   107357.0890   108128.4682  7994792    0.72%
 394531 302819   107536.6809   308   107357.0890   108127.5573  8023296    0.72%
 395871 303814   107640.2537   312   107357.0890   108126.8457  8052263    0.72%
 397089 304666   107567.6865   164   107357.0890   108126.0208  8079510    0.72%
Elapsed time = 1933.55 sec. (1131379.35 ticks, tree = 503.48 MB, solutions = 1)
 398552 305778   107433.0108   167   107357.0890   108125.1810  8107662    0.72%
 399728 306575   107733.9166   272   107357.0890   108124.3960  8134728    0.71%
 401056 307523   107565.7556   320   107357.0890   108123.5002  8162191    0.71%
 402385 308425   107414.2128   199   107357.0890   108122.3418  8190618    0.71%
 403619 309235   107452.8813   252   107357.0890   108121.0692  8218327    0.71%
 404973 310179        cutoff         107357.0890   108120.3251  8246363    0.71%
 406295 311133   107659.4436   250   107357.0890   108119.3684  8275080    0.71%
 407695 312091   107718.0233   287   107357.0890   108118.3244  8304112    0.71%
 409010 313021   107371.9179   183   107357.0890   108117.4357  8333957    0.71%
 410233 313831   107809.0948   299   107357.0890   108116.4349  8363021    0.71%
Elapsed time = 1999.38 sec. (1169590.47 ticks, tree = 515.11 MB, solutions = 1)
 411497 314737   107850.9964   289   107357.0890   108115.4476  8391808    0.71%
 412633 315511   107741.5538   312   107357.0890   108114.6135  8421239    0.71%
 413889 316354   107875.9028   183   107357.0890   108113.4822  8451231    0.70%
 415290 317354   107655.9685   259   107357.0890   108112.7080  8479756    0.70%
 416790 318452   107548.7273   149   107357.0890   108111.8781  8507804    0.70%
 418126 319373   107400.4482   119   107357.0890   108110.9553  8536217    0.70%
 419490 320324   107395.2502   193   107357.0890   108110.1819  8564573    0.70%
 420738 321167   107914.1163   241   107357.0890   108109.4060  8591787    0.70%
 422096 322133   107375.1270   302   107357.0890   108108.4038  8620615    0.70%
 423442 323085   107748.8534   284   107357.0890   108107.6386  8648084    0.70%
Elapsed time = 2065.02 sec. (1207806.07 ticks, tree = 527.08 MB, solutions = 1)
 424668 323899   107415.5110   215   107357.0890   108106.7445  8676945    0.70%
 425969 324798   107644.7702   270   107357.0890   108106.0073  8704647    0.70%
 427249 325693   107503.6330   222   107357.0890   108105.3794  8732819    0.70%
 428402 326390   107877.9037   302   107357.0890   108104.2412  8762102    0.70%
 429694 327239   107642.2734   205   107357.0890   108103.1856  8791163    0.69%
 430925 328060        cutoff         107357.0890   108102.0704  8820487    0.69%
 432260 328998        cutoff         107357.0890   108101.1506  8849682    0.69%
 433661 329946   107640.6898   212   107357.0890   108100.0301  8878974    0.69%
 434913 330846   107577.7802   240   107357.0890   108099.4094  8907602    0.69%
 436241 331801   107651.8759   333   107357.0890   108098.8007  8934988    0.69%
Elapsed time = 2133.24 sec. (1245986.53 ticks, tree = 541.47 MB, solutions = 1)
 437438 332591   107579.3419   236   107357.0890   108097.8620  8965862    0.69%
 438829 333578        cutoff         107357.0890   108097.0917  8995848    0.69%
 440071 334471   107491.0801   278   107357.0890   108096.3977  9024059    0.69%
 441348 335380   107399.4452   182   107357.0890   108095.7481  9051869    0.69%
 442668 336263   107857.0773   264   107357.0890   108094.9196  9079933    0.69%
 443979 337173   107508.4520   308   107357.0890   108094.1703  9108948    0.69%
 445209 338018   107526.1553   292   107357.0890   108093.3757  9137451    0.69%
 446416 338820   107465.3034   278   107357.0890   108092.5645  9165810    0.69%
 447596 339597   107525.3627   303   107357.0890   108091.5926  9193873    0.68%
 448855 340415   107874.5644   310   107357.0890   108090.6516  9223434    0.68%
Elapsed time = 2199.42 sec. (1284147.25 ticks, tree = 554.06 MB, solutions = 1)
 450126 341201   107663.7002   256   107357.0890   108089.7677  9251296    0.68%
 451418 342046   107799.8539   244   107357.0890   108089.0233  9280338    0.68%
 452781 342995   107619.5341   297   107357.0890   108088.2327  9310386    0.68%
 454131 344016   107596.8006   277   107357.0890   108087.5650  9338836    0.68%
 455428 344899   107565.1900   307   107357.0890   108086.7039  9368002    0.68%
 456660 345691   107455.3715   207   107357.0890   108085.7510  9398618    0.68%
 458154 346772   107692.9308   269   107357.0890   108085.0619  9427347    0.68%
 459475 347688   107697.7773   297   107357.0890   108084.1670  9457124    0.68%
 460732 348502   107704.7713   237   107357.0890   108083.1853  9485126    0.68%
 461999 349354   107604.0706   339   107357.0890   108082.4806  9513847    0.68%
Elapsed time = 2264.59 sec. (1322374.22 ticks, tree = 566.63 MB, solutions = 1)
 463274 350217   107507.0946   181   107357.0890   108081.7099  9543711    0.67%
 464641 351121   107595.1957   218   107357.0890   108080.8101  9571743    0.67%
 465928 352057   107511.6611   278   107357.0890   108080.1210  9599307    0.67%
 467238 352963   107483.3744   292   107357.0890   108079.2782  9627330    0.67%
 468595 353920   107464.9728   252   107357.0890   108078.4738  9655209    0.67%
 469829 354770        cutoff         107357.0890   108077.7935  9683518    0.67%
 471063 355585   107593.8582   240   107357.0890   108077.0391  9712458    0.67%
 472410 356505   107450.6620   285   107357.0890   108076.2863  9742291    0.67%
 473690 357328   107803.4185   182   107357.0890   108075.2377  9771186    0.67%
 475032 358274   107364.5236   230   107357.0890   108074.4443  9801329    0.67%
Elapsed time = 2329.91 sec. (1360644.02 ticks, tree = 578.42 MB, solutions = 1)
 476291 359097   107454.3362   145   107357.0890   108073.4663  9831258    0.67%
 477557 359965        cutoff         107357.0890   108072.6929  9860940    0.67%
 478887 360902   107416.8606    98   107357.0890   108071.9488  9890120    0.67%
 480294 361880   107358.0729   137   107357.0890   108071.1812  9919880    0.67%
 481610 362763   107422.4463   205   107357.0890   108070.3269  9949946    0.66%
 482920 363675   107370.9664   220   107357.0890   108069.4459  9978647    0.66%
 484319 364711        cutoff         107357.0890   108068.9572 10006225    0.66%
 485496 365442   107460.9335   328   107357.0890   108068.0801 10035278    0.66%
 486610 366181   107647.6325   236   107357.0890   108067.5560 10062446    0.66%
 488036 367202   107448.5357   191   107357.0890   108066.9077 10091097    0.66%
Elapsed time = 2395.76 sec. (1398811.50 ticks, tree = 589.86 MB, solutions = 1)
 489482 368199   107581.8496   279   107357.0890   108066.2317 10119791    0.66%
 490717 369025   107652.7287   253   107357.0890   108065.2033 10148827    0.66%
 492031 369853   107500.4592   311   107357.0890   108064.3896 10177880    0.66%
 493385 370718        cutoff         107357.0890   108063.4026 10206661    0.66%
 494724 371679   107610.7221   276   107357.0890   108062.8103 10235660    0.66%
 496090 372616   107389.3217   245   107357.0890   108061.9942 10264901    0.66%
 497491 373595   107429.9119   280   107357.0890   108061.1539 10294303    0.66%
 498871 374570        cutoff         107357.0890   108060.5173 10324245    0.66%
 500265 375554   107459.9078   288   107357.0890   108059.7581 10353051    0.65%
 501664 376497   107749.3129   286   107357.0890   108059.2014 10381641    0.65%
Elapsed time = 2461.75 sec. (1437004.15 ticks, tree = 602.01 MB, solutions = 1)
 503070 377505   107579.3538   240   107357.0890   108058.6139 10409352    0.65%
 504486 378443   107744.2576   299   107357.0890   108057.7805 10439412    0.65%
 505723 379260   107588.6463   250   107357.0890   108057.0688 10469716    0.65%
 507125 380221        cutoff         107357.0890   108056.3422 10498054    0.65%
 508540 381236   107915.9897   221   107357.0890   108055.6535 10525998    0.65%
 509807 382029   107722.2849   258   107357.0890   108054.7986 10553987    0.65%
 511243 383058   107723.6497   277   107357.0890   108054.0982 10582911    0.65%
 512617 384005   107361.8336   188   107357.0890   108053.3101 10610728    0.65%
 513970 384956   107455.4529   201   107357.0890   108052.7087 10638089    0.65%
 515380 385904   107458.7340   284   107357.0890   108051.9075 10665580    0.65%
Elapsed time = 2526.29 sec. (1475197.18 ticks, tree = 614.33 MB, solutions = 1)
 516670 386793   107844.2034   299   107357.0890   108051.2206 10694807    0.65%
 518063 387759   107558.3224   294   107357.0890   108050.6437 10723068    0.65%
 519404 388654   107542.3340   326   107357.0890   108049.7221 10752064    0.65%
 520752 389545        cutoff         107357.0890   108048.8955 10781623    0.64%
 522117 390454   107495.4164   234   107357.0890   108048.1848 10810768    0.64%
 523520 391439   107710.9518   278   107357.0890   108047.6223 10839107    0.64%
 524910 392426   107667.3213   215   107357.0890   108046.8993 10867324    0.64%
 526216 393258   107708.4667   309   107357.0890   108046.0852 10896518    0.64%
 527579 394215   107926.9927   342   107357.0890   108045.3944 10925745    0.64%
 528878 395096   107519.9993   262   107357.0890   108044.7054 10953994    0.64%
Elapsed time = 2591.94 sec. (1513375.12 ticks, tree = 629.03 MB, solutions = 1)
 530237 395991   107438.8109   169   107357.0890   108044.0074 10983877    0.64%
 531430 396760   107415.7405   242   107357.0890   108043.1879 11012490    0.64%
 532732 397670   107624.2848   275   107357.0890   108042.5975 11040620    0.64%
 534050 398599   107570.7539   283   107357.0890   108042.0857 11069101    0.64%
 535411 399561   107433.1699   281   107357.0890   108041.4464 11096973    0.64%
 536875 400593   107378.3114   254   107357.0890   108040.6927 11124752    0.64%
 538144 401455   107690.1533   298   107357.0890   108040.0313 11152492    0.64%
 539483 402373   107605.7864   165   107357.0890   108039.5007 11179587    0.64%
 540733 403157   107420.7264   253   107357.0890   108038.7846 11208862    0.63%
 542053 403994   107640.7635   300   107357.0890   108037.9865 11237414    0.63%
Elapsed time = 2657.04 sec. (1551531.43 ticks, tree = 640.43 MB, solutions = 1)
 543582 405081   107651.3781   258   107357.0890   108037.3928 11265230    0.63%
 545013 405996   107441.6576   253   107357.0890   108036.6096 11294608    0.63%
 546488 406990   107646.9232   305   107357.0890   108035.9631 11323777    0.63%
 547878 407908   107574.8699   260   107357.0890   108035.2280 11352246    0.63%
 549273 408820        cutoff         107357.0890   108034.6038 11380013    0.63%
 550695 409829   107858.6288   292   107357.0890   108034.0766 11408040    0.63%
 551913 410613   107676.0669   332   107357.0890   108033.2414 11437024    0.63%
 553290 411547   107390.0511   179   107357.0890   108032.5235 11465227    0.63%
 554668 412488   107590.9779   291   107357.0890   108031.8192 11493323    0.63%
 556064 413428   107512.6278   200   107357.0890   108031.0912 11522308    0.63%
Elapsed time = 2722.23 sec. (1589713.04 ticks, tree = 652.76 MB, solutions = 1)
 557440 414390   107609.8232   322   107357.0890   108030.5181 11549307    0.63%
 558846 415348   107381.4261   257   107357.0890   108029.8459 11577864    0.63%
 560117 416192   107558.6144   264   107357.0890   108029.1007 11607139    0.63%
 561396 417049        cutoff         107357.0890   108028.5407 11635746    0.63%
 562621 417809   107445.0630   266   107357.0890   108027.8180 11665114    0.62%
 563940 418650   107712.6127   225   107357.0890   108026.9980 11694457    0.62%
 565358 419607   107656.8504   366   107357.0890   108026.3067 11723056    0.62%
 566639 420509   107579.6449   310   107357.0890   108025.7258 11752263    0.62%
 567968 421371   107408.3477   269   107357.0890   108025.0035 11780980    0.62%
 569280 422239   107415.4947   275   107357.0890   108024.2759 11810353    0.62%
Elapsed time = 2790.73 sec. (1627887.31 ticks, tree = 664.15 MB, solutions = 1)
 570558 423053   107414.4207   270   107357.0890   108023.6044 11840346    0.62%
 572002 424043   107534.0410   159   107357.0890   108022.9500 11868994    0.62%
 573455 425059   107433.5335   299   107357.0890   108022.4080 11897662    0.62%
 574846 425980   107669.7023   233   107357.0890   108021.7818 11926783    0.62%
 576212 426922   107431.2273   183   107357.0890   108021.2268 11955699    0.62%
 577544 427772   107434.0195   253   107357.0890   108020.4239 11984691    0.62%
 578965 428777        cutoff         107357.0890   108019.7971 12014037    0.62%
 580155 429586        cutoff         107357.0890   108019.0355 12043692    0.62%
 581524 430535   107787.6437   186   107357.0890   108018.5944 12071525    0.62%
 582934 431531   107579.2198   302   107357.0890   108018.0355 12100160    0.62%
Elapsed time = 2854.35 sec. (1666054.85 ticks, tree = 676.38 MB, solutions = 1)
 584372 432559   107512.1565   192   107357.0890   108017.5490 12127242    0.62%
 585691 433419        cutoff         107357.0890   108016.7940 12156372    0.61%
 586911 434212   107783.7210   238   107357.0890   108016.1302 12184555    0.61%
 588268 435109   107457.6962   335   107357.0890   108015.4283 12214234    0.61%
 589764 436134        cutoff         107357.0890   108014.7589 12242766    0.61%
 591040 436997   107459.8420   196   107357.0890   108014.2284 12271141    0.61%
 592434 437990   107598.5595   246   107357.0890   108013.6999 12299972    0.61%
 593821 438922   107464.1892   358   107357.0890   108013.0542 12329156    0.61%
 595170 439814   107779.9871   281   107357.0890   108012.4433 12358518    0.61%
 596400 440596   107419.4229   270   107357.0890   108011.8526 12388204    0.61%
Elapsed time = 2917.32 sec. (1704453.26 ticks, tree = 688.15 MB, solutions = 1)
 597711 441440   107365.8198   183   107357.0890   108011.1169 12417742    0.61%
 598925 442169   107376.1089   234   107357.0890   108010.3930 12448223    0.61%
 600272 443034   107791.1469   315   107357.0890   108009.7499 12477144    0.61%
 601641 443897   107649.2267   309   107357.0890   108009.0456 12506922    0.61%
 603021 444842   107606.9922   354   107357.0890   108008.3191 12536395    0.61%
 604427 445818   107619.4720   228   107357.0890   108007.7410 12565754    0.61%
 605678 446665   107511.0351   197   107357.0890   108007.1580 12595117    0.61%
 606913 447484   107672.7915   299   107357.0890   108006.5692 12625057    0.60%
 608173 448307        cutoff         107357.0890   108005.9786 12653988    0.60%
 609314 449002   107556.3137   187   107357.0890   108005.3623 12682555    0.60%
Elapsed time = 2980.64 sec. (1742638.89 ticks, tree = 699.01 MB, solutions = 1)
 610490 449721   107639.4142   251   107357.0890   108004.8255 12711525    0.60%
 611798 450596        cutoff         107357.0890   108004.3389 12740996    0.60%
 613126 451502   107661.6059   314   107357.0890   108003.8248 12769898    0.60%
 614580 452504   107537.1395   328   107357.0890   108003.2338 12798569    0.60%
 615865 453335   107678.3896   307   107357.0890   108002.6020 12827854    0.60%
 617099 454146   107418.7744   275   107357.0890   108002.0169 12856765    0.60%
 618433 454977   107441.9227   253   107357.0890   108001.3987 12885348    0.60%
 619869 455915   107639.7180   219   107357.0890   108000.8962 12913230    0.60%
 621260 456866   107794.9292   225   107357.0890   108000.3620 12942280    0.60%
 622634 457718   107516.8530   308   107357.0890   107999.6745 12971298    0.60%
Elapsed time = 3042.55 sec. (1780807.13 ticks, tree = 710.19 MB, solutions = 1)
 624055 458710   107424.2569   253   107357.0890   107999.1898 13000768    0.60%
 625423 459605   107504.8398   318   107357.0890   107998.5778 13030568    0.60%
 626833 460555   107538.2518   325   107357.0890   107997.9665 13060073    0.60%
 627966 461268   107643.4757   262   107357.0890   107997.5573 13085115    0.60%
 629384 462169   107736.2221   243   107357.0890   107996.9252 13114242    0.60%
 630736 463011   107661.9078   275   107357.0890   107996.2639 13143627    0.60%
 632040 463875   107567.2184   295   107357.0890   107995.6657 13172130    0.59%
 633355 464737   107712.6952   319   107357.0890   107995.0830 13202046    0.59%
 634691 465612   107739.6051   302   107357.0890   107994.4302 13228768    0.59%
 635957 466432   107421.9047   269   107357.0890   107993.8596 13258354    0.59%
Elapsed time = 3104.36 sec. (1818979.57 ticks, tree = 721.71 MB, solutions = 1)
 637336 467370   107503.1862   276   107357.0890   107993.2394 13287955    0.59%
 638557 468134        cutoff         107357.0890   107992.7489 13315864    0.59%
 639958 469080        cutoff         107357.0890   107992.2387 13342988    0.59%
 641232 469856   107512.7356   218   107357.0890   107991.4984 13372185    0.59%
 642555 470650   107687.7387   238   107357.0890   107990.8813 13402555    0.59%
 643919 471470   107623.5944   319   107357.0890   107990.2082 13431459    0.59%
 645312 472418        cutoff         107357.0890   107989.5698 13460074    0.59%
 646697 473329   107555.3782   306   107357.0890   107989.0840 13489200    0.59%
 648079 474227        cutoff         107357.0890   107988.5307 13518051    0.59%
 649424 475122   107554.8477   291   107357.0890   107988.0108 13547104    0.59%
Elapsed time = 3166.93 sec. (1857180.89 ticks, tree = 736.35 MB, solutions = 1)
 650872 476110   107581.6506   283   107357.0890   107987.4334 13575702    0.59%
 652274 477048   107538.6265   137   107357.0890   107986.8453 13605317    0.59%
 653579 477923   107449.3704   259   107357.0890   107986.2644 13634305    0.59%
 654959 478818        cutoff         107357.0890   107985.6355 13664468    0.59%
 656271 479655   107747.2536   287   107357.0890   107985.0317 13692601    0.58%
 657544 480489   107525.1867   318   107357.0890   107984.4558 13722911    0.58%
 658837 481361   107411.2453   141   107357.0890   107983.8828 13752971    0.58%
 660065 482120   107366.1430   187   107357.0890   107983.2838 13781589    0.58%
 661568 483195   107365.8364    66   107357.0890   107982.8802 13810239    0.58%
 662870 484092   107643.5683   230   107357.0890   107982.3291 13837589    0.58%
Elapsed time = 3229.71 sec. (1895372.22 ticks, tree = 747.85 MB, solutions = 1)
 664445 485145   107831.0784   247   107357.0890   107981.8367 13866641    0.58%
 665690 486015   107870.8364   232   107357.0890   107981.3781 13891609    0.58%
 666250 486375   107398.2140   283   107357.0890   107981.1324 13904436    0.58%
 666590 486554   107464.8238   284   107357.0890   107980.9068 13913952    0.58%
 666890 486754   107376.0174   235   107357.0890   107980.8078 13920692    0.58%
 667190 486944   107465.7215   294   107357.0890   107980.6699 13927305    0.58%
 667490 487129   107480.1637   150   107357.0890   107980.5432 13932891    0.58%
 667590 487195   107623.2546   199   107357.0890   107980.4886 13935090    0.58%
 667790 487314   107441.5383   287   107357.0890   107980.3540 13938981    0.58%
 667990 487437   107683.2379   270   107357.0890   107980.2598 13943372    0.58%
Elapsed time = 3310.75 sec. (1942099.16 ticks, tree = 752.32 MB, solutions = 1)
 668090 487505   107614.5357   200   107357.0890   107980.2165 13945562    0.58%
 668290 487635   107578.4746   277   107357.0890   107980.1220 13949784    0.58%
 668690 487895   107435.8999   155   107357.0890   107980.0576 13956633    0.58%
 668790 487958   107426.9777   137   107357.0890   107980.0168 13958451    0.58%
 668960 488061   107410.8361   316   107357.0890   107979.9714 13962735    0.58%
 669090 488156   107382.1039   293   107357.0890   107979.9197 13964969    0.58%
 669290 488300   107577.1675   321   107357.0890   107979.8940 13969097    0.58%
 669490 488432   107505.6971   196   107357.0890   107979.8295 13973518    0.58%
 669690 488546   107534.8453   310   107357.0890   107979.6815 13978431    0.58%
 670227 488878   107694.5525   308   107357.0890   107979.4600 13992235    0.58%
Elapsed time = 3393.23 sec. (1989396.81 ticks, tree = 754.21 MB, solutions = 1)
 671134 489485   107611.7536   203   107357.0890   107979.1935 14010198    0.58%
 671990 490010   107592.6599   327   107357.0890   107978.7818 14031261    0.58%
 672813 490488   107426.9435   270   107357.0890   107978.4104 14049340    0.58%
 673790 491108   107459.3128   135   107357.0890   107977.9248 14070748    0.58%
 674656 491634   107651.6754   227   107357.0890   107977.5649 14090443    0.58%
 675678 492319        cutoff         107357.0890   107977.2421 14111600    0.58%
 676590 492929   107598.6938   166   107357.0890   107976.8457 14129964    0.58%
 677702 493698   107406.9415   269   107357.0890   107976.4883 14150670    0.58%
 678700 494392   107405.2661   152   107357.0890   107976.0737 14170246    0.58%
 679678 494981   107795.5184   240   107357.0890   107975.5415 14192527    0.58%
Elapsed time = 3462.74 sec. (2030626.31 ticks, tree = 762.73 MB, solutions = 1)
 680598 495571   107786.8580   238   107357.0890   107975.1692 14212634    0.58%
 681490 496124   107679.7395   244   107357.0890   107974.7384 14232945    0.58%
 682470 496762   107495.2514   163   107357.0890   107974.3906 14254201    0.57%
 683300 497318   107853.6100   155   107357.0890   107974.1070 14272645    0.57%
 684290 497902   107583.1440   321   107357.0890   107973.7056 14294425    0.57%
 685250 498548   107795.3031   235   107357.0890   107973.3520 14314170    0.57%
 686290 499255   107537.6543   205   107357.0890   107973.0705 14334510    0.57%
 687332 499944   107359.8493   138   107357.0890   107972.6388 14354599    0.57%
 688190 500503   107648.1541   117   107357.0890   107972.2696 14374549    0.57%
 689143 501137   107654.9781   262   107357.0890   107971.9186 14395672    0.57%
Elapsed time = 3527.66 sec. (2069157.28 ticks, tree = 771.04 MB, solutions = 1)
 690090 501755   107767.2050   206   107357.0890   107971.4781 14414614    0.57%
 691290 502530   107384.3907   157   107357.0890   107970.9428 14439285    0.57%
 692404 503246   107798.4390   173   107357.0890   107970.5470 14462494    0.57%
 693287 503780   107439.1642   296   107357.0890   107970.1947 14483946    0.57%
 694232 504422   107364.2872   216   107357.0890   107969.9967 14503730    0.57%
 695235 505029   107741.2247   291   107357.0890   107969.4913 14527143    0.57%
 696090 505585   107453.6629   203   107357.0890   107969.2415 14545677    0.57%
 696890 506094   107445.9340   194   107357.0890   107968.8991 14563276    0.57%
 697875 506677   107764.1726   290   107357.0890   107968.5189 14584397    0.57%
 698706 507242   107598.6908   288   107357.0890   107968.2673 14602925    0.57%
Elapsed time = 3592.05 sec. (2107702.68 ticks, tree = 779.39 MB, solutions = 1)
 699759 507940   107572.5503   255   107357.0890   107967.9129 14624524    0.57%

Cover cuts applied:  1
Implied bound cuts applied:  1153
Flow cuts applied:  33
Mixed integer rounding cuts applied:  56
Lift and project cuts applied:  146
Gomory fractional cuts applied:  69

Root node processing (before b&c):
  Real time             =    1.42 sec. (698.22 ticks)
Sequential b&c:
  Real time             = 3598.58 sec. (2111853.14 ticks)
                          ------------
Total (root+branch&cut) = 3600.00 sec. (2112551.36 ticks)
