1 of 1 MIP starts provided solutions.
MIP start 'm1' defined initial solution with objective 93770.8162.
Tried aggregator 1 time.
MIP Presolve eliminated 4 rows and 2 columns.
Reduced MIP has 3186 rows, 1794 columns, and 21175 nonzeros.
Reduced MIP has 1395 binaries, 0 generals, 0 SOSs, and 0 indicators.
Presolve time = 0.01 sec. (7.08 ticks)
Probing time = 0.01 sec. (2.77 ticks)
Tried aggregator 1 time.
Reduced MIP has 3186 rows, 1794 columns, and 21175 nonzeros.
Reduced MIP has 1395 binaries, 0 generals, 0 SOSs, and 0 indicators.
Presolve time = 0.02 sec. (8.63 ticks)
Probing time = 0.01 sec. (2.80 ticks)
Clique table members: 1986.
MIP emphasis: balance optimality and feasibility.
MIP search method: dynamic search.
Parallel mode: none, using 1 thread.
Root relaxation solution time = 0.03 sec. (20.11 ticks)

        Nodes                                         Cuts/
   Node  Left     Objective  IInf  Best Integer    Best Bound    ItCnt     Gap

*     0+    0                        93770.8162   110850.7624     1571   18.21%
      0     0   103714.1001   420    93770.8162   103714.1001     1571   10.60%
      0     0    99378.6184   395    93770.8162     Cuts: 781     1997    5.98%
      0     0    97884.3574   424    93770.8162     Cuts: 650     2366    4.39%
      0     0    97461.2835   402    93770.8162     Cuts: 368     2588    3.94%
      0     0    97265.5055   450    93770.8162     Cuts: 215     2756    3.73%
      0     0    97144.6187   426    93770.8162     Cuts: 161     2901    3.60%
      0     0    97109.3444   443    93770.8162     Cuts: 117     2997    3.56%
      0     0    97080.5557   455    93770.8162      Cuts: 85     3064    3.53%
      0     0    97069.3260   455    93770.8162      Cuts: 43     3105    3.52%
      0     0    97048.7216   451    93770.8162      Cuts: 27     3133    3.50%
      0     0    97034.4214   478    93770.8162      Cuts: 27     3161    3.48%
      0     0    97022.4095   480    93770.8162      Cuts: 37     3178    3.47%
      0     0    97020.6172   482    93770.8162      Cuts: 17     3190    3.47%
      0     0    97018.1271   481    93770.8162      Cuts: 16     3205    3.46%
      0     2    97018.1271   481    93770.8162    97017.9964     3205    3.46%
Elapsed time = 1.58 sec. (771.81 ticks, tree = 0.00 MB, solutions = 1)
     79    79    95474.7938   256    93770.8162    96973.9030     4426    3.42%
    174   150    93959.5098   172    93770.8162    96973.9030     5412    3.42%
    262   230    95938.3709   345    93770.8162    96959.9784     6815    3.40%
    380   335    94010.3483   141    93770.8162    96959.9784     8450    3.40%
    509   449    95283.8138   440    93770.8162    95283.5539    13027    1.61%
    510   449    95265.3790   433    93770.8162    95264.5185    13036    1.59%
    512   448    94591.2643   420    93770.8162    95264.5185    13152    1.59%
    514   448    94590.3446   420    93770.8162    95264.5185    13158    1.59%
    524   354    94477.0637   402    93770.8162    95264.5185    13237    1.59%
    539   356    94156.7693   327    93770.8162    95264.5185    13431    1.59%
Elapsed time = 12.91 sec. (7337.08 ticks, tree = 0.61 MB, solutions = 1)
    646   295    94195.2798   365    93770.8162    95256.9236    14333    1.58%
    981   368    94830.4041   257    93770.8162    95244.0720    16929    1.57%
   1393   705    93843.9347   188    93770.8162    95212.1019    20198    1.54%
   1869  1095    94497.7038   243    93770.8162    95172.9358    24733    1.50%
   2445  1595    93902.8539   282    93770.8162    95154.7472    29426    1.48%
   3052  2128    94319.4890   329    93770.8162    95139.9245    34501    1.46%
   3642  2621    94403.3962   203    93770.8162    95101.1414    40104    1.42%
   4244  3157    94186.1707   186    93770.8162    95079.2604    46218    1.40%
   4789  3623    94701.3297   250    93770.8162    95016.3347    51731    1.33%
   5295  4071    94097.1576   220    93770.8162    94940.7157    56265    1.25%
Elapsed time = 27.75 sec. (16913.44 ticks, tree = 5.19 MB, solutions = 1)
   5830  4512    94272.8509   185    93770.8162    94927.4654    61699    1.23%
   6357  4928    93892.1400   358    93770.8162    94916.3788    66786    1.22%
   6845  5271    93849.1392   356    93770.8162    94901.1239    71732    1.21%
   7286  5633    94146.1324   150    93770.8162    94892.5625    77346    1.20%
   7834  6093    93820.7162   217    93770.8162    94879.4278    83065    1.18%
   8344  6518    94242.0548   187    93770.8162    94870.9450    89040    1.17%
   8866  6951    94201.1281   217    93770.8162    94862.4708    94784    1.16%
   9409  7397    93999.5979   270    93770.8162    94850.7400   101025    1.15%
   9800  7712    93884.8458   185    93770.8162    94834.0625   105639    1.13%
  10306  8103    94117.7954   312    93770.8162    94821.0628   111180    1.12%
Elapsed time = 43.23 sec. (26527.66 ticks, tree = 10.25 MB, solutions = 1)
  10689  8409    94025.1879   249    93770.8162    94816.5544   115761    1.12%
  10691  8411    94955.8415   419    93770.8162    94816.4449   118847    1.12%
  10695  8410    94938.3541   399    93770.8162    94816.4449   118917    1.12%
  10723  7538    94631.3609   341    93770.8162    94816.4449   119392    1.12%
  10741  7544    94011.6679   278    93770.8162    94816.4449   119632    1.12%
  10761  7380    93845.7934   251    93770.8162    94816.4449   120148    1.12%
  10788  6255    94146.2669   306    93770.8162    94816.4449   120601    1.12%
  10799  5883    93901.4139   327    93770.8162    94816.4449   121308    1.12%
  10821  5395    93897.0842   309    93770.8162    94816.4449   121974    1.12%
  10910  5201    94451.0225   185    93770.8162    94816.4449   122578    1.12%
Elapsed time = 67.24 sec. (40948.75 ticks, tree = 6.87 MB, solutions = 1)
  11055  5232    94265.9463   259    93770.8162    94816.4449   123455    1.12%
  11171  5067    94008.1169   330    93770.8162    94816.4449   124630    1.12%
  11338  5087    93817.3965   121    93770.8162    94816.4449   126119    1.12%
  11508  4939    94253.5121   400    93770.8162    94816.4449   128550    1.12%
  11728  4906    93909.1293   218    93770.8162    94816.4449   130503    1.12%
  12002  4964    94216.6822   291    93770.8162    94816.4449   132669    1.12%
  12281  5013    93900.1964   111    93770.8162    94816.4449   135101    1.12%
  12575  5093    94083.5586   287    93770.8162    94808.4610   137440    1.11%
  12861  5159    94102.7053   258    93770.8162    94730.4955   140266    1.02%
  13160  5221        cutoff          93770.8162    94711.2148   142855    1.00%
Elapsed time = 82.77 sec. (50551.55 ticks, tree = 6.60 MB, solutions = 1)
  13491  5297    94187.9950   176    93770.8162    94673.3607   145744    0.96%
  13837  5357    93995.5496   193    93770.8162    94637.2112   148917    0.92%
  14216  5484    93962.2534   148    93770.8162    94628.1981   152101    0.91%
  14602  5571    93890.9306   109    93770.8162    94604.8385   155330    0.89%
  14904  5654    93949.3459   294    93770.8162    94589.9533   158308    0.87%
  15158  5663    93912.5884   204    93770.8162    94569.9041   161331    0.85%
  15413  5663    94271.2213   241    93770.8162    94552.2803   164689    0.83%
  15732  5781    94399.0335   251    93770.8162    94546.3749   167223    0.83%
  16019  5851    93838.9485   231    93770.8162    94537.5267   169965    0.82%
  16268  5889    94006.2673   246    93770.8162    94519.5135   172741    0.80%
Elapsed time = 98.66 sec. (60133.41 ticks, tree = 7.32 MB, solutions = 1)
  16624  5984    94062.5625   292    93770.8162    94502.8819   175990    0.78%
  16928  6047    94014.9301   205    93770.8162    94484.3938   179008    0.76%
  17302  6121    94129.0169   168    93770.8162    94472.7777   182746    0.75%
  17648  6230    93814.4656   224    93770.8162    94466.8257   186086    0.74%
  17988  6284    94179.5690   187    93770.8162    94458.7109   189695    0.73%
  18317  6360    94293.8911   202    93770.8162    94449.8059   192802    0.72%
  18660  6407    94215.2734   200    93770.8162    94442.0069   196109    0.72%
  19008  6496    93964.7082   276    93770.8162    94432.4013   199144    0.71%
  19342  6570    94015.2007   282    93770.8162    94423.6025   202345    0.70%
  19674  6630    93891.0195   219    93770.8162    94414.2987   206035    0.69%
Elapsed time = 114.78 sec. (69688.25 ticks, tree = 8.17 MB, solutions = 1)
  19999  6667    94105.0552   173    93770.8162    94406.2631   209301    0.68%
  20330  6922    93781.6253   272    93770.8162    94400.8055   212349    0.67%
  20691  7203    93934.4176   113    93770.8162    94397.4835   215305    0.67%
  21046  7460    94327.2722   244    93770.8162    94392.9415   218159    0.66%
  21384  7680    93818.9192   233    93770.8162    94380.9836   222031    0.65%
  21731  7902    93775.0833   201    93770.8162    94374.6906   225317    0.64%
  22069  8117    93832.1198   261    93770.8162    94366.3152   228977    0.64%
  22399  8337    93898.0211   191    93770.8162    94360.5685   232484    0.63%
  22720  8512    93928.3309   283    93770.8162    94352.2845   236229    0.62%
  23075  8781    93796.3435   152    93770.8162    94350.1584   239272    0.62%
Elapsed time = 131.10 sec. (79258.81 ticks, tree = 10.98 MB, solutions = 1)
  23420  9003    93849.2427   133    93770.8162    94348.0002   242684    0.62%
  23748  9202    93820.5434   184    93770.8162    94342.2804   246407    0.61%
  24067  9398    93787.7991   242    93770.8162    94334.6592   250078    0.60%
  24412  9596        cutoff          93770.8162    94329.4575   253855    0.60%
  24719  9788    94024.0198   219    93770.8162    94326.0091   257326    0.59%
  25077 10064    93899.0278   134    93770.8162    94324.0697   260387    0.59%
  25431 10309    93876.0541   199    93770.8162    94321.1837   263645    0.59%
  25763 10544    94064.0380   249    93770.8162    94318.1849   266614    0.58%
  26166 10848        cutoff          93770.8162    94315.4378   269504    0.58%
  26512 11067    93900.0370   293    93770.8162    94311.9737   272908    0.58%
Elapsed time = 147.69 sec. (88804.64 ticks, tree = 13.75 MB, solutions = 1)
  26877 11348    94044.8698   202    93770.8162    94309.4011   275869    0.57%
  27249 11577    93982.6260   255    93770.8162    94304.5902   280004    0.57%
  27618 11837    94115.7534   222    93770.8162    94303.1139   283024    0.57%
  27989 12090    94055.0761   232    93770.8162    94299.5413   286338    0.56%
  28347 12352    93844.1950   221    93770.8162    94297.6182   288955    0.56%
  28691 12572    93949.0084   195    93770.8162    94295.2844   291596    0.56%
  29055 12846    93977.8967   345    93770.8162    94294.0804   294204    0.56%
  29371 13032    93956.8358   181    93770.8162    94290.5293   297206    0.55%
  29761 13299    94058.3427   268    93770.8162    94287.0148   300376    0.55%
  31242 14264    93913.9458   269    93770.8162    94274.3820   312852    0.54%
Elapsed time = 169.00 sec. (101243.47 ticks, tree = 17.64 MB, solutions = 1)
  32729 15207    93811.4255   122    93770.8162    94263.9256   324883    0.53%
  34052 16062    93997.9536   136    93770.8162    94254.6836   335353    0.52%
  35574 17059    93880.0982   119    93770.8162    94245.6805   347364    0.51%
  37025 17872    93833.4377   173    93770.8162    94234.2168   360700    0.49%
  38519 18812    93887.7337   211    93770.8162    94225.2506   372626    0.48%
  39961 19648    94002.3887   250    93770.8162    94216.2531   385942    0.48%
  41508 20655    93787.6649   101    93770.8162    94210.5705   399070    0.47%
  42951 21515    93993.3698   120    93770.8162    94202.8064   412651    0.46%
  44507 22491    94067.2359   206    93770.8162    94196.8442   426629    0.45%
  45929 23366    93847.7366   182    93770.8162    94192.0827   439609    0.45%
Elapsed time = 233.82 sec. (139432.24 ticks, tree = 29.24 MB, solutions = 1)
  47411 24262    93849.1210   223    93770.8162    94186.2745   452327    0.44%
  48995 25263    93846.8715    78    93770.8162    94180.5938   466666    0.44%
  50643 26171    93833.7555   126    93770.8162    94174.3254   481013    0.43%
  52102 27025    94070.5024   143    93770.8162    94169.9076   493901    0.43%
  53691 27962    93783.1905   207    93770.8162    94163.4725   507863    0.42%
  55204 28828    93774.4702   190    93770.8162    94157.6612   522412    0.41%
  56693 29590    93815.5060   204    93770.8162    94152.8170   536246    0.41%
  58124 30273    93795.1138   225    93770.8162    94145.1992   550625    0.40%
  59724 31111    93864.0898   174    93770.8162    94139.3827   564215    0.39%
  61389 32004    93943.3047    92    93770.8162    94133.9366   578645    0.39%
Elapsed time = 298.13 sec. (177610.34 ticks, tree = 39.87 MB, solutions = 1)
  62812 32651    93852.2881   186    93770.8162    94128.9998   591914    0.38%
  64397 33349    93777.7321   154    93770.8162    94123.8051   606153    0.38%
  65938 34058    93892.9630   165    93770.8162    94117.4727   620483    0.37%
  67510 34843    93805.7065   219    93770.8162    94111.8581   634387    0.36%
  69059 35640    93949.8611   136    93770.8162    94108.7309   647792    0.36%
  70679 36394        cutoff          93770.8162    94102.9715   662465    0.35%
  72364 37242    93779.3966   149    93770.8162    94097.8469   676773    0.35%
  73949 38030    93942.2138   136    93770.8162    94093.5810   690698    0.34%
  75470 38812    93901.1501   169    93770.8162    94089.3619   705081    0.34%
  77144 39716    93782.7849   155    93770.8162    94085.2148   720136    0.34%
Elapsed time = 361.97 sec. (215825.07 ticks, tree = 50.38 MB, solutions = 1)
  78824 40593    93777.2070   223    93770.8162    94081.6275   734659    0.33%
  80442 41410    93856.3508   163    93770.8162    94077.5950   748163    0.33%
  82094 42182    93807.5959   196    93770.8162    94073.7491   762981    0.32%
  83689 42907    93820.1824   108    93770.8162    94070.7059   776781    0.32%
  85344 43646    93835.9129   135    93770.8162    94066.8302   790915    0.32%
  86985 44489    93875.4820   181    93770.8162    94063.7086   804806    0.31%
  88604 45237    93859.0669   132    93770.8162    94060.0419   819352    0.31%
  90208 45889        cutoff          93770.8162    94055.6405   834235    0.30%
  91918 46688    93844.8898   138    93770.8162    94052.1737   849404    0.30%
  93502 47469    93933.8111   154    93770.8162    94049.6165   862602    0.30%
Elapsed time = 425.55 sec. (254047.50 ticks, tree = 60.02 MB, solutions = 1)
  95058 48141    93827.0005   124    93770.8162    94046.0395   876440    0.29%
  96674 48757    93976.5235   127    93770.8162    94042.2076   890742    0.29%
  98348 49529    93899.6962    80    93770.8162    94039.2782   904874    0.29%
  99997 50269    93866.9085   143    93770.8162    94036.5719   917932    0.28%
 101586 50878    93892.6611   120    93770.8162    94033.0423   931206    0.28%
 103290 51682    93792.1794   154    93770.8162    94030.5902   944818    0.28%
 104935 52342    93821.3572    74    93770.8162    94027.4897   958491    0.27%
 106625 53045    93779.0310   233    93770.8162    94024.1659   972694    0.27%
 108229 53563    93929.7886    82    93770.8162    94021.1739   987118    0.27%
 109844 54160    93789.9014   154    93770.8162    94018.3120  1000864    0.26%
Elapsed time = 489.62 sec. (292290.07 ticks, tree = 68.44 MB, solutions = 1)
 111534 54746    93902.1649   139    93770.8162    94014.8767  1015547    0.26%
 113236 55366    93781.8950   106    93770.8162    94011.7593  1030355    0.26%
 114851 56022    93868.1236   195    93770.8162    94009.5787  1044035    0.25%
 116479 56624    93935.4440    97    93770.8162    94006.9813  1057171    0.25%
 118160 57164        cutoff          93770.8162    94003.9525  1072093    0.25%
 119836 57770    93805.1705   118    93770.8162    94001.4541  1087121    0.25%
 121604 58453        cutoff          93770.8162    93999.0788  1101250    0.24%
 123261 59007        cutoff          93770.8162    93996.5748  1115325    0.24%
 124835 59611    93832.7771   214    93770.8162    93994.5422  1127851    0.24%
 126520 60171    93848.0266   150    93770.8162    93992.0839  1142774    0.24%
Elapsed time = 552.20 sec. (330450.31 ticks, tree = 76.06 MB, solutions = 1)
 128156 60746    93786.6528   114    93770.8162    93990.0729  1156918    0.23%
 129821 61295    93897.4885   105    93770.8162    93987.5036  1171341    0.23%
 131391 61897    93810.0138   191    93770.8162    93985.7006  1183830    0.23%
 132920 62305    93882.3402   133    93770.8162    93983.0674  1197186    0.23%
 134577 62879    93923.5541   121    93770.8162    93980.9316  1210944    0.22%
 136153 63351    93800.6654   184    93770.8162    93978.1601  1224927    0.22%
 137735 63866    93871.5012   185    93770.8162    93975.7867  1238261    0.22%
 139331 64282    93849.0239   152    93770.8162    93973.3718  1252051    0.22%
 140836 64734    93909.6035   164    93770.8162    93971.4707  1265766    0.21%
 142415 65139        cutoff          93770.8162    93969.0078  1279255    0.21%
Elapsed time = 614.20 sec. (368618.30 ticks, tree = 82.40 MB, solutions = 1)
 144188 65597        cutoff          93770.8162    93966.4323  1294233    0.21%
 145837 66019    93874.1584   147    93770.8162    93964.0289  1309173    0.21%
 147464 66472    93804.2497   134    93770.8162    93961.9994  1323761    0.20%
 149029 66858    93809.2993   159    93770.8162    93959.8823  1336970    0.20%
 150682 67331    93885.4793   101    93770.8162    93957.8457  1351414    0.20%
 152441 67787        cutoff          93770.8162    93955.7643  1366796    0.20%
 154172 68203    93859.8728   153    93770.8162    93953.7478  1381926    0.20%
 155864 68520    93787.2607   145    93770.8162    93951.5317  1396211    0.19%
 157499 68864    93804.8999    76    93770.8162    93949.4492  1411380    0.19%
 159181 69263    93891.1641   147    93770.8162    93947.0280  1426469    0.19%
Elapsed time = 677.28 sec. (406775.82 ticks, tree = 89.67 MB, solutions = 1)
 160831 69666        cutoff          93770.8162    93945.0050  1441602    0.19%
 162547 70075        cutoff          93770.8162    93943.0016  1457196    0.18%
 164182 70498        cutoff          93770.8162    93941.2887  1470859    0.18%
 165810 70824    93885.4634   129    93770.8162    93939.2673  1484372    0.18%
 167301 71085    93829.6635    91    93770.8162    93937.7991  1498175    0.18%
 169062 71358    93814.1628    64    93770.8162    93935.7125  1513211    0.18%
 170776 71641        cutoff          93770.8162    93933.6529  1527736    0.17%
 172414 71856        cutoff          93770.8162    93931.5777  1543372    0.17%
 174046 72111    93815.7962    93    93770.8162    93929.9248  1557868    0.17%
 175603 72290    93791.9827   200    93770.8162    93928.1796  1572595    0.17%
Elapsed time = 739.75 sec. (444933.55 ticks, tree = 93.67 MB, solutions = 1)
 177151 72565    93791.5416   210    93770.8162    93926.6098  1587248    0.17%
 178837 72786    93824.8732   116    93770.8162    93924.7093  1602895    0.16%
 180541 73029        cutoff          93770.8162    93922.7589  1617895    0.16%
 182112 73177    93890.8240   110    93770.8162    93920.9537  1632971    0.16%
 183662 73248        cutoff          93770.8162    93919.0844  1647175    0.16%
 185325 73366        cutoff          93770.8162    93917.3189  1661774    0.16%
 187026 73448        cutoff          93770.8162    93915.2848  1678515    0.15%
 188665 73544    93788.5896   122    93770.8162    93913.4874  1693524    0.15%
 190198 73666    93847.9035   143    93770.8162    93911.7778  1707970    0.15%
 191831 73845        cutoff          93770.8162    93910.1652  1723140    0.15%
Elapsed time = 802.57 sec. (483109.02 ticks, tree = 95.87 MB, solutions = 1)
 193463 73870    93865.3469   155    93770.8162    93908.4665  1738842    0.15%
 195175 74002        cutoff          93770.8162    93906.8950  1754057    0.15%
 196806 74010    93842.8806   131    93770.8162    93905.0542  1769119    0.14%
 198461 74156    93847.2628   142    93770.8162    93903.5058  1784355    0.14%
 200096 74019    93819.2113   173    93770.8162    93901.5956  1800316    0.14%
 201772 73897    93777.0584   105    93770.8162    93899.6401  1816285    0.14%
 203471 73903    93790.4765   150    93770.8162    93897.9640  1832627    0.14%
 205206 73802        cutoff          93770.8162    93896.0077  1848275    0.13%
 206860 73641    93819.3521   183    93770.8162    93894.1499  1864466    0.13%
 208562 73630        cutoff          93770.8162    93892.4873  1879649    0.13%
Elapsed time = 863.57 sec. (521304.06 ticks, tree = 95.90 MB, solutions = 1)
 210270 73490    93793.5773    90    93770.8162    93890.7081  1895303    0.13%
 212043 73399    93811.9221   136    93770.8162    93888.9622  1910925    0.13%
 213768 73272    93790.6858   163    93770.8162    93887.3640  1927031    0.12%
 215475 73069    93800.6306   104    93770.8162    93885.6002  1943041    0.12%
 217131 72855        cutoff          93770.8162    93883.9534  1958262    0.12%
 218778 72756        cutoff          93770.8162    93882.5227  1972507    0.12%
 220473 72501    93833.9027    80    93770.8162    93880.7809  1987874    0.12%
 222210 72263    93799.5715   132    93770.8162    93879.0157  2003750    0.12%
 223978 72057    93802.3083   107    93770.8162    93877.4429  2019049    0.11%
 225712 71773    93793.0892   149    93770.8162    93875.6680  2034828    0.11%
Elapsed time = 923.54 sec. (559465.86 ticks, tree = 93.90 MB, solutions = 1)
 227318 71470        cutoff          93770.8162    93874.1284  2049749    0.11%
 229019 71046        cutoff          93770.8162    93872.3549  2065158    0.11%
 230708 70781        cutoff          93770.8162    93870.9630  2080476    0.11%
 232468 70317    93860.7520    51    93770.8162    93868.9983  2096401    0.10%
 234218 69908    93796.6803    82    93770.8162    93867.3222  2111403    0.10%
 235860 69485        cutoff          93770.8162    93865.7443  2126238    0.10%
 237474 69041        cutoff          93770.8162    93864.1614  2140914    0.10%
 239228 68563        cutoff          93770.8162    93862.4483  2155741    0.10%
 240984 68117    93795.8061    78    93770.8162    93860.8281  2171458    0.10%
 242734 67525        cutoff          93770.8162    93859.1529  2187520    0.09%
Elapsed time = 983.15 sec. (597623.15 ticks, tree = 88.87 MB, solutions = 1)
 244404 66971        cutoff          93770.8162    93857.5361  2202375    0.09%
 246043 66326    93834.5473    72    93770.8162    93855.8863  2216630    0.09%
 247714 65655    93812.6699   102    93770.8162    93854.2876  2230996    0.09%
 249411 65036        cutoff          93770.8162    93852.7032  2245977    0.09%
 251151 64306    93815.7014    86    93770.8162    93851.0641  2261405    0.09%
 252882 63669        cutoff          93770.8162    93849.5484  2275618    0.08%
 254576 62875        cutoff          93770.8162    93847.8556  2291183    0.08%
 256228 62189        cutoff          93770.8162    93846.3059  2305909    0.08%
 257910 61493    93807.4720    70    93770.8162    93844.7916  2320536    0.08%
 259632 60739    93790.2920   168    93770.8162    93843.1624  2335703    0.08%
Elapsed time = 1041.72 sec. (635783.35 ticks, tree = 80.61 MB, solutions = 1)
 261366 59809    93836.9647    54    93770.8162    93841.4226  2350723    0.08%
 263055 58955        cutoff          93770.8162    93839.8125  2365122    0.07%
 264754 57950    93782.0117   153    93770.8162    93838.0105  2378716    0.07%
 266411 57081    93821.4478   136    93770.8162    93836.5103  2392576    0.07%
 268057 56252    93800.2026    87    93770.8162    93835.1065  2406614    0.07%
 269799 55317        cutoff          93770.8162    93833.4642  2419985    0.07%
 271536 54440        cutoff          93770.8162    93831.9179  2433544    0.07%
 273300 53396        cutoff          93770.8162    93830.3095  2447250    0.06%
 275062 52236    93783.5514   131    93770.8162    93828.5943  2460462    0.06%
 276744 51189        cutoff          93770.8162    93827.0142  2473912    0.06%
Elapsed time = 1099.41 sec. (673939.95 ticks, tree = 68.81 MB, solutions = 1)
 278410 50033    93783.8601    81    93770.8162    93825.3634  2486718    0.06%
 280097 48934    93785.2189    68    93770.8162    93823.8432  2500032    0.06%
 281834 47772        cutoff          93770.8162    93822.2773  2512879    0.05%
 283601 46485    93781.8602    79    93770.8162    93820.4824  2525837    0.05%
 285377 45314    93816.0099    97    93770.8162    93818.9514  2538584    0.05%
 287162 44098        cutoff          93770.8162    93817.3910  2551153    0.05%
 288863 42928        cutoff          93770.8162    93815.9374  2563868    0.05%
 290577 41529        cutoff          93770.8162    93814.2850  2575812    0.05%
 292334 40194        cutoff          93770.8162    93812.7277  2587378    0.04%
 294086 38879        cutoff          93770.8162    93811.2090  2599170    0.04%
Elapsed time = 1156.96 sec. (712103.61 ticks, tree = 53.42 MB, solutions = 1)
 295845 37441        cutoff          93770.8162    93809.5614  2610254    0.04%
 297643 35927        cutoff          93770.8162    93808.0302  2620989    0.04%
 299447 34455        cutoff          93770.8162    93806.4123  2631446    0.04%
 301258 33018        cutoff          93770.8162    93804.8448  2641843    0.04%
 303055 31541        cutoff          93770.8162    93803.3122  2651340    0.03%
 304798 29993        cutoff          93770.8162    93801.7913  2660611    0.03%
 306582 28471        cutoff          93770.8162    93800.1926  2669549    0.03%
 308415 26904    93777.8067    43    93770.8162    93798.6911  2678602    0.03%
 310212 25335        cutoff          93770.8162    93797.1691  2687480    0.03%
 312060 23700    93789.9048   101    93770.8162    93795.5639  2696337    0.03%
Elapsed time = 1212.67 sec. (750264.21 ticks, tree = 34.20 MB, solutions = 1)
 313891 22064        cutoff          93770.8162    93794.0368  2704806    0.02%
 315741 20407        cutoff          93770.8162    93792.4806  2713176    0.02%
 317584 18726        cutoff          93770.8162    93790.8402  2720944    0.02%
 319439 17037        cutoff          93770.8162    93789.2200  2728342    0.02%
 321269 15371        cutoff          93770.8162    93787.6164  2735418    0.02%
 323046 13701        cutoff          93770.8162    93785.9069  2742137    0.02%
 324881 11989        cutoff          93770.8162    93784.2258  2748660    0.01%
 326746 10224        cutoff          93770.8162    93782.4571  2754563    0.01%
 328580  8502        cutoff          93770.8162    93780.6866  2760286    0.01%

Clique cuts applied:  1
Implied bound cuts applied:  271
Flow cuts applied:  75
Mixed integer rounding cuts applied:  147
Lift and project cuts applied:  231
Gomory fractional cuts applied:  60

Root node processing (before b&c):
  Real time             =    1.58 sec. (771.64 ticks)
Sequential b&c:
  Real time             = 1263.09 sec. (786527.07 ticks)
                          ------------
Total (root+branch&cut) = 1264.68 sec. (787298.71 ticks)
