1 of 1 MIP starts provided solutions.
MIP start 'm1' defined initial solution with objective 32272.8550.
Tried aggregator 1 time.
MIP Presolve eliminated 1 rows and 1 columns.
Reduced MIP has 1629 rows, 915 columns, and 10791 nonzeros.
Reduced MIP has 715 binaries, 0 generals, 0 SOSs, and 0 indicators.
Presolve time = 0.01 sec. (3.74 ticks)
Probing time = 0.01 sec. (2.47 ticks)
Tried aggregator 1 time.
Reduced MIP has 1629 rows, 915 columns, and 10791 nonzeros.
Reduced MIP has 715 binaries, 0 generals, 0 SOSs, and 0 indicators.
Presolve time = 0.01 sec. (4.53 ticks)
Probing time = 0.00 sec. (2.49 ticks)
Clique table members: 1712.
MIP emphasis: balance optimality and feasibility.
MIP search method: dynamic search.
Parallel mode: none, using 1 thread.
Root relaxation solution time = 0.02 sec. (8.93 ticks)

        Nodes                                         Cuts/
   Node  Left     Objective  IInf  Best Integer    Best Bound    ItCnt     Gap

*     0+    0                        32272.8550    38986.7984      786   20.80%
      0     0    36229.6315   221    32272.8550    36229.6315      786   12.26%
      0     0    34758.3166   207    32272.8550     Cuts: 473     1040    7.70%
      0     0    34102.2946   225    32272.8550     Cuts: 358     1277    5.67%
      0     0    33939.3221   244    32272.8550     Cuts: 225     1435    5.16%
      0     0    33798.6728   242    32272.8550     Cuts: 165     1561    4.73%
      0     0    33761.8760   266    32272.8550     Cuts: 110     1642    4.61%
      0     0    33744.2517   250    32272.8550      Cuts: 98     1723    4.56%
      0     0    33721.4867   260    32272.8550      Cuts: 81     1787    4.49%
      0     0    33710.1662   270    32272.8550      Cuts: 77     1836    4.45%
      0     0    33694.1759   268    32272.8550      Cuts: 48     1884    4.40%
      0     0    33687.7563   268    32272.8550      Cuts: 26     1908    4.38%
      0     0    33684.9344   273    32272.8550      Cuts: 30     1938    4.38%
      0     0    33680.5603   270    32272.8550      Cuts: 24     1950    4.36%
      0     0    33677.4237   267    32272.8550      Cuts: 21     1964    4.35%
      0     2    33677.4237   267    32272.8550    33666.0539     1964    4.32%
Elapsed time = 0.85 sec. (424.11 ticks, tree = 0.00 MB, solutions = 1)
    121    98    33078.2078   232    32272.8550    33602.7399     3695    4.12%
    338   286    33366.1497   208    32272.8550    33560.2124     5461    3.99%
    513   457    32954.8612   283    32272.8550    32954.5046     9107    2.11%
    515   459    32796.8091   264    32272.8550    32954.3663     9141    2.11%
    518   459    32310.6423   208    32272.8550    32954.3663     9259    2.11%
    529   346    32397.9638   249    32272.8550    32952.6604     9436    2.11%
    541   280        cutoff          32272.8550    32949.9768     9763    2.10%
    583   300    32813.9782   157    32272.8550    32946.2784    10175    2.09%
    736   354    32451.4224   179    32272.8550    32946.2493    11200    2.09%
   1330   667    32513.9690    72    32272.8550    32865.7231    18287    1.84%
Elapsed time = 9.91 sec. (5670.49 ticks, tree = 0.47 MB, solutions = 1)
   2270  1476    32496.2989   196    32272.8550    32840.1801    25219    1.76%
   3313  2329    32448.3358   107    32272.8550    32796.2007    32900    1.62%
   4394  3174    32406.8604    81    32272.8550    32769.3607    41168    1.54%
   5426  3986    32574.5113    99    32272.8550    32752.4694    50255    1.49%
   6394  4743        cutoff          32272.8550    32737.4223    58726    1.44%
   7168  5337    32357.0467    94    32272.8550    32722.2835    67137    1.39%
   8090  6058    32297.4916   124    32272.8550    32714.2063    75663    1.37%
   8923  6681    32520.3577   151    32272.8550    32705.8384    84863    1.34%
   9863  7405    32464.1603   191    32272.8550    32693.8652    95087    1.30%
  10676  8010    32312.9244   132    32272.8550    32685.2480   104207    1.28%
Elapsed time = 24.82 sec. (15217.60 ticks, tree = 5.64 MB, solutions = 1)
  10774  8078    32535.7964   171    32272.8550    32684.3600   105492    1.28%
  11464  8509    32281.0482    66    32272.8550    32674.8233   115569    1.25%
  12266  9046    32454.4668   153    32272.8550    32663.9935   125947    1.21%
  13113  9628    32420.9558   160    32272.8550    32656.2764   136667    1.19%
  14038 10292    32312.8605   147    32272.8550    32650.4375   146776    1.17%
  14776 10782    32379.4342    66    32272.8550    32643.3501   156540    1.15%
  15564 11331    32540.8314   139    32272.8550    32637.3914   165367    1.13%
  16335 11811    32477.5371   144    32272.8550    32629.8741   175646    1.11%
  17188 12372    32279.2178   180    32272.8550    32625.1742   186236    1.09%
  17869 12740    32441.9231    56    32272.8550    32616.7901   197461    1.07%
Elapsed time = 41.39 sec. (25404.97 ticks, tree = 9.20 MB, solutions = 1)
  18692 13236    32299.4748    88    32272.8550    32610.7341   206786    1.05%
  19438 13685        cutoff          32272.8550    32605.0766   216452    1.03%
  20120 14060        cutoff          32272.8550    32598.9446   225840    1.01%
  20871 14462        cutoff          32272.8550    32592.7962   236013    0.99%
  21654 14877    32346.1837   163    32272.8550    32586.5303   246464    0.97%
  22482 15324        cutoff          32272.8550    32580.3583   257483    0.95%
  23368 15889    32277.6407    63    32272.8550    32574.6916   267957    0.94%
  24202 16389        cutoff          32272.8550    32571.0744   277647    0.92%
  25033 16894    32440.9567   124    32272.8550    32567.1671   288019    0.91%
  25813 17260    32385.1763   160    32272.8550    32562.2825   299258    0.90%
Elapsed time = 56.56 sec. (34967.15 ticks, tree = 12.80 MB, solutions = 1)
  26565 17655    32393.3183   113    32272.8550    32556.9213   309678    0.88%
  27404 18096    32366.5831   219    32272.8550    32551.0400   320990    0.86%
  28286 18597    32384.4863   175    32272.8550    32546.8722   331352    0.85%
  29060 19003    32389.7921   170    32272.8550    32542.4828   341614    0.84%
  29803 19340    32409.6204    92    32272.8550    32538.1140   352106    0.82%
  30632 19742    32341.8556   184    32272.8550    32533.7948   361570    0.81%
  31520 20187        cutoff          32272.8550    32528.6062   372358    0.79%
  32418 20617        cutoff          32272.8550    32524.7541   383334    0.78%
  33147 20891    32398.4193    82    32272.8550    32520.2926   394261    0.77%
  34003 21291        cutoff          32272.8550    32515.6913   405972    0.75%
Elapsed time = 71.88 sec. (44531.23 ticks, tree = 15.62 MB, solutions = 1)
  34836 21639        cutoff          32272.8550    32511.9288   416921    0.74%
  35634 21961        cutoff          32272.8550    32507.5880   426754    0.73%
  36283 22157        cutoff          32272.8550    32503.5439   437058    0.71%
  36965 22371    32430.1537   171    32272.8550    32499.6430   446688    0.70%
  37768 22707        cutoff          32272.8550    32495.5482   457480    0.69%
  38603 23095    32296.9788   130    32272.8550    32492.4674   467021    0.68%
  39375 23359    32377.9867   111    32272.8550    32487.9570   478059    0.67%
  40148 23657    32356.5568   186    32272.8550    32483.8948   489710    0.65%
  41043 24045    32280.2649   156    32272.8550    32480.7141   499093    0.64%
  41863 24376    32315.5381    72    32272.8550    32477.2973   507929    0.63%
Elapsed time = 87.18 sec. (54094.05 ticks, tree = 17.80 MB, solutions = 1)
  42695 24667    32320.6460   158    32272.8550    32473.5333   518550    0.62%
  43563 25062    32404.3247   105    32272.8550    32470.5917   528091    0.61%
  44471 25421    32387.3083   120    32272.8550    32467.5303   538515    0.60%
  45293 25723    32328.8015    68    32272.8550    32464.3122   548909    0.59%
  46121 26094    32323.1491    50    32272.8550    32461.9607   558362    0.59%
  47035 26338    32399.5257   161    32272.8550    32458.4453   569649    0.58%
  48053 26791    32328.4858    57    32272.8550    32455.7348   579617    0.57%
  49066 27251    32290.4951    21    32272.8550    32453.3111   589444    0.56%
  49913 27541    32294.3339    59    32272.8550    32450.4705   600339    0.55%
  50861 27877        cutoff          32272.8550    32447.4360   610840    0.54%
Elapsed time = 102.28 sec. (63636.21 ticks, tree = 20.29 MB, solutions = 1)
  51804 28243    32359.4716   107    32272.8550    32444.6012   620400    0.53%
  52683 28578    32311.7079    66    32272.8550    32442.0354   630470    0.52%
  53565 28836    32290.3572    83    32272.8550    32439.4290   640036    0.52%
  54561 29216    32335.5254   128    32272.8550    32436.7083   649371    0.51%
  55515 29529    32363.7458   143    32272.8550    32434.5491   659125    0.50%
  56513 29902    32349.4178    55    32272.8550    32432.1855   668627    0.49%
  57509 30260    32294.2464   134    32272.8550    32430.3469   678374    0.49%
  58524 30568    32390.0376    68    32272.8550    32427.8999   688072    0.48%
  59611 30978        cutoff          32272.8550    32425.6646   697362    0.47%
  60685 31377        cutoff          32272.8550    32423.7707   706472    0.47%
Elapsed time = 117.26 sec. (73192.78 ticks, tree = 22.78 MB, solutions = 1)
  61693 31682        cutoff          32272.8550    32420.9940   716221    0.46%
  62770 32101    32291.4512   149    32272.8550    32419.0216   725247    0.45%
  63768 32464        cutoff          32272.8550    32417.0861   733496    0.45%
  64852 32818    32364.0423    41    32272.8550    32414.8169   742198    0.44%
  65852 33103    32332.3248   139    32272.8550    32412.8651   750823    0.43%
  66894 33497    32374.4385    65    32272.8550    32410.9908   759516    0.43%
  67907 33806    32374.0736   122    32272.8550    32409.1259   768472    0.42%
  68953 34060        cutoff          32272.8550    32406.9738   777343    0.42%
  70020 34447        cutoff          32272.8550    32404.9337   786093    0.41%
  71160 34784        cutoff          32272.8550    32403.2223   794564    0.40%
Elapsed time = 132.04 sec. (82740.93 ticks, tree = 26.16 MB, solutions = 1)
  72293 35120    32305.4027    44    32272.8550    32401.3656   802896    0.40%
  73413 35494        cutoff          32272.8550    32399.9245   811264    0.39%
  74451 35806    32285.9237    18    32272.8550    32398.2183   819508    0.39%
  75484 36074    32380.8033    73    32272.8550    32396.5383   827663    0.38%
  76491 36301    32329.5522   148    32272.8550    32395.0899   835647    0.38%
  77470 36559    32283.5772    73    32272.8550    32393.6027   843772    0.37%
  78478 36711    32287.5623   111    32272.8550    32391.8113   851665    0.37%
  79557 36973        cutoff          32272.8550    32390.1718   859384    0.36%
  80618 37185        cutoff          32272.8550    32388.6069   867180    0.36%
  84798 38064        cutoff          32272.8550    32382.5306   898300    0.34%
Elapsed time = 151.01 sec. (95145.21 ticks, tree = 28.54 MB, solutions = 1)
  89123 38802    32276.7099    90    32272.8550    32376.6186   929112    0.32%
  93495 39752    32356.8961    85    32272.8550    32371.9334   958612    0.31%
  97842 40546    32308.4713    52    32272.8550    32367.2813   987954    0.29%
 101973 40950    32296.8514    55    32272.8550    32362.2816  1016725    0.28%
 106341 41433    32290.1159    88    32272.8550    32357.6118  1044635    0.26%
 110429 41610    32304.5653   106    32272.8550    32353.1469  1071906    0.25%
 114471 41828        cutoff          32272.8550    32349.0846  1097649    0.24%
 118711 42154        cutoff          32272.8550    32345.2151  1122983    0.22%
 122853 42297        cutoff          32272.8550    32341.8804  1148444    0.21%
 126940 42224    32296.9687    70    32272.8550    32338.4775  1172159    0.20%
Elapsed time = 209.02 sec. (133302.28 ticks, tree = 31.77 MB, solutions = 1)
 131138 42074        cutoff          32272.8550    32335.0914  1196238    0.19%
 135307 41765        cutoff          32272.8550    32331.9535  1219346    0.18%
 139302 41385        cutoff          32272.8550    32328.9371  1242077    0.17%
 143237 40655    32282.1895    37    32272.8550    32325.6010  1264383    0.16%
 147185 39772        cutoff          32272.8550    32322.4107  1286260    0.15%
 151171 38888        cutoff          32272.8550    32319.4899  1307135    0.14%
 155100 37874        cutoff          32272.8550    32316.6829  1327456    0.14%
 158877 36660        cutoff          32272.8550    32313.9716  1346275    0.13%
 162608 35267    32283.5861    32    32272.8550    32311.3563  1364954    0.12%
 166069 33805        cutoff          32272.8550    32308.6694  1381874    0.11%
Elapsed time = 264.06 sec. (171455.64 ticks, tree = 25.99 MB, solutions = 1)
 169752 32266    32282.2116    41    32272.8550    32306.1228  1399651    0.10%
 173274 30333    32275.3420    48    32272.8550    32303.4344  1416075    0.09%
 176730 28348        cutoff          32272.8550    32300.9490  1432032    0.09%
 180102 26292        cutoff          32272.8550    32298.4491  1447292    0.08%
 183493 24143    32278.4665    35    32272.8550    32295.8500  1461835    0.07%
 186817 21841        cutoff          32272.8550    32293.2964  1475631    0.06%
 190024 19525    32289.8947    56    32272.8550    32290.8338  1488653    0.06%
 193162 17084    32282.3985    49    32272.8550    32288.4138  1500865    0.05%
 196260 14563    32285.5728    33    32272.8550    32286.0452  1512326    0.04%
 199276 12022        cutoff          32272.8550    32283.7595  1523152    0.03%
Elapsed time = 320.30 sec. (209613.15 ticks, tree = 10.49 MB, solutions = 1)
 202420  9206        cutoff          32272.8550    32281.2497  1533713    0.03%
 205655  6195    32274.0645    43    32272.8550    32278.6681  1543713    0.02%

Cover cuts applied:  1
Implied bound cuts applied:  198
Flow cuts applied:  70
Mixed integer rounding cuts applied:  98
Lift and project cuts applied:  158
Gomory fractional cuts applied:  37

Root node processing (before b&c):
  Real time             =    0.85 sec. (424.04 ticks)
Sequential b&c:
  Real time             =  335.37 sec. (220559.12 ticks)
                          ------------
Total (root+branch&cut) =  336.22 sec. (220983.16 ticks)
