1 of 1 MIP starts provided solutions.
MIP start 'm1' defined initial solution with objective 152337.3712.
Tried aggregator 2 times.
MIP Presolve eliminated 1 rows and 1 columns.
MIP Presolve modified 117 coefficients.
Aggregator did 3 substitutions.
Reduced MIP has 3834 rows, 2291 columns, and 23192 nonzeros.
Reduced MIP has 1791 binaries, 0 generals, 0 SOSs, and 0 indicators.
Presolve time = 0.02 sec. (9.98 ticks)
Probing time = 0.01 sec. (2.72 ticks)
Tried aggregator 1 time.
Reduced MIP has 3834 rows, 2291 columns, and 23192 nonzeros.
Reduced MIP has 1791 binaries, 0 generals, 0 SOSs, and 0 indicators.
Presolve time = 0.02 sec. (9.95 ticks)
Probing time = 0.01 sec. (2.70 ticks)
Clique table members: 1486.
MIP emphasis: balance optimality and feasibility.
MIP search method: dynamic search.
Parallel mode: none, using 1 thread.
Root relaxation solution time = 0.02 sec. (12.52 ticks)

        Nodes                                         Cuts/
   Node  Left     Objective  IInf  Best Integer    Best Bound    ItCnt     Gap

*     0+    0                       152337.3712   539358.1481      884  254.06%
      0     0   167318.2527   478   152337.3712   167318.2527      884    9.83%
      0     0   159847.0375   431   152337.3712    Cuts: 1058     1533    4.93%
      0     0   157270.6309   416   152337.3712    Cuts: 1058     2121    3.24%
      0     0   156357.1386   399   152337.3712     Cuts: 881     2503    2.64%
      0     0   155832.9224   474   152337.3712     Cuts: 632     2834    2.29%
      0     0   155587.5670   467   152337.3712     Cuts: 417     3060    2.13%
      0     0   155428.6736   533   152337.3712     Cuts: 322     3265    2.03%
      0     0   155297.2590   517   152337.3712     Cuts: 272     3414    1.94%
      0     0   155222.4932   519   152337.3712     Cuts: 143     3523    1.89%
      0     0   155187.1939   549   152337.3712     Cuts: 145     3615    1.87%
      0     0   155161.1910   537   152337.3712     Cuts: 118     3685    1.85%
      0     0   155143.5142   593   152337.3712      Cuts: 97     3770    1.84%
      0     0   155134.4903   605   152337.3712      Cuts: 65     3814    1.84%
      0     0   155129.6771   581   152337.3712      Cuts: 61     3841    1.83%
      0     0   155127.7448   601   152337.3712      Cuts: 29     3859    1.83%
      0     2   155127.7448   601   152337.3712   155119.5786     3859    1.83%
Elapsed time = 2.24 sec. (1059.92 ticks, tree = 0.00 MB, solutions = 1)
     67    69   154013.7721   364   152337.3712   155092.7958     4967    1.81%
    134   131   152835.2443   202   152337.3712   155092.7958     5935    1.81%
    210   189   153300.3590   419   152337.3712   155048.6066     7222    1.78%
    338   311   153092.6941   335   152337.3712   154981.7211     8472    1.74%
    440   410   152372.3562   275   152337.3712   154981.2706     9687    1.74%
    519   485   154442.6842   557   152337.3712   154432.6963    13592    1.38%
    520   486   154400.1990   557   152337.3712   154399.8436    13608    1.35%
    522   487   154169.1227   528   152337.3712   154399.8436    13678    1.35%
    524   488   153880.9682   516   152337.3712   154399.8436    13748    1.35%
    540   493   153366.3310   498   152337.3712   154399.8436    14042    1.35%
Elapsed time = 21.05 sec. (9492.13 ticks, tree = 1.24 MB, solutions = 1)
    601   486   152380.6564   279   152337.3712   154399.8436    14841    1.35%
    889   531   153275.6119   399   152337.3712   154272.2475    18879    1.27%
   1266   712   152540.1587   374   152337.3712   154248.5377    23273    1.25%
   1602   916   153360.3676   308   152337.3712   154193.2037    27510    1.22%
   2012  1294   154056.9603   468   152337.3712   154176.0083    31572    1.21%
   2430  1678   153669.8867   448   152337.3712   154112.8928    35764    1.17%
   2921  2124   153427.1660   417   152337.3712   154097.8378    40652    1.16%
   3434  2584   152922.2518   391   152337.3712   154051.3188    46087    1.13%
   4005  3107   152626.7597   358   152337.3712   154036.2725    52272    1.12%
   4560  3586   153208.0139   473   152337.3712   154003.7129    58501    1.09%
Elapsed time = 36.49 sec. (19113.76 ticks, tree = 5.61 MB, solutions = 1)
   5103  4086   153210.3747   392   152337.3712   153979.7688    64040    1.08%
   5522  4419        cutoff         152337.3712   153973.3074    69497    1.07%
   6051  4906   153045.0260   374   152337.3712   153950.9366    75231    1.06%
   6461  5237   153223.7621   414   152337.3712   153941.4111    80444    1.05%
   6917  5623   152832.8650   357   152337.3712   153929.0111    86011    1.04%
   7423  6083   152946.5166   351   152337.3712   153921.0557    90814    1.04%
   7928  6521   152354.8516   395   152337.3712   153908.1229    95926    1.03%
   8380  6867        cutoff         152337.3712   153898.7085   101968    1.02%
   8919  7333   152826.8390   412   152337.3712   153884.7836   107302    1.02%
   9537  7903   153045.8997   207   152337.3712   153880.6825   112574    1.01%
Elapsed time = 51.15 sec. (28710.99 ticks, tree = 12.27 MB, solutions = 1)
  10093  8367   152924.7713   470   152337.3712   153864.7547   118941    1.00%
  10638  8842   152730.5223   249   152337.3712   153854.1112   124774    1.00%
  10899  9078   153049.8848   352   152337.3712   153849.0239   127661    0.99%
  11393  9516   152338.5116   386   152337.3712   153837.2706   133391    0.98%
  11861  9916   152703.8274   399   152337.3712   153822.3790   138606    0.97%
  12312 10325   152885.1826   343   152337.3712   153819.0235   143249    0.97%
  12882 10835   153151.4811   382   152337.3712   153813.0761   148724    0.97%
  13371 11257   153019.7883   407   152337.3712   153808.6581   154358    0.97%
  13946 11759   152599.5195   398   152337.3712   153805.2730   159970    0.96%
  14467 12196   152475.3874   362   152337.3712   153794.8321   166509    0.96%
Elapsed time = 71.06 sec. (40800.84 ticks, tree = 18.91 MB, solutions = 1)
  14977 12591   153243.2285   446   152337.3712   153786.1133   172421    0.95%
  15530 13054   152992.7452   335   152337.3712   153780.3974   179230    0.95%
  16086 13528   153379.6531   390   152337.3712   153772.3968   186263    0.94%
  16645 14017   153293.6239   388   152337.3712   153767.6393   191988    0.94%
  17134 14453   152414.8689   261   152337.3712   153763.5528   197668    0.94%
  17581 14831   152634.3329   446   152337.3712   153758.4407   203239    0.93%
  18007 15196   152441.4569   337   152337.3712   153751.5710   208670    0.93%
  18472 15588   152756.7962   333   152337.3712   153748.3721   214572    0.93%
  19004 16054   153169.6868   289   152337.3712   153742.3768   218605    0.92%
  19544 16517   152339.6150   373   152337.3712   153737.8457   222948    0.92%
Elapsed time = 85.56 sec. (50367.13 ticks, tree = 25.96 MB, solutions = 1)
  20073 16999   152398.1968   321   152337.3712   153732.5535   227259    0.92%
  20532 17383   152762.6562   404   152337.3712   153725.7223   232029    0.91%
  21107 17886   152448.1765    90   152337.3712   153721.9330   237099    0.91%
  21667 18391   152793.1080   376   152337.3712   153712.7913   243257    0.90%
  22221 18882   152436.3955   205   152337.3712   153707.5003   249308    0.90%
  22736 19338   152724.7980   161   152337.3712   153700.3854   255057    0.89%
  23329 19868   152644.6854   422   152337.3712   153693.8254   261289    0.89%
  23867 20320   152358.9540   214   152337.3712   153690.6959   267577    0.89%
  24397 20790   152600.8722   218   152337.3712   153686.0067   273852    0.89%
  24829 21144   152796.5854   270   152337.3712   153682.9358   278822    0.88%
Elapsed time = 100.17 sec. (59924.83 ticks, tree = 33.04 MB, solutions = 1)
  25236 21511        cutoff         152337.3712   153674.9567   284142    0.88%
  25688 21853        cutoff         152337.3712   153663.0057   290820    0.87%
  26089 22180   153168.6506   457   152337.3712   153658.6415   295526    0.87%
  26588 22637   152542.8061   411   152337.3712   153656.4221   300812    0.87%
  27042 23024   152513.2499   300   152337.3712   153650.1880   306781    0.86%
  27520 23449   152527.0834   365   152337.3712   153647.5498   312116    0.86%
  28048 23908   152458.3264   120   152337.3712   153644.3352   318053    0.86%
  28519 24297   152786.4292   383   152337.3712   153639.8445   323845    0.85%
  29078 24801   152358.9028   251   152337.3712   153632.7854   330354    0.85%
  29497 25123   153145.2320   263   152337.3712   153624.2118   336306    0.84%
Elapsed time = 115.89 sec. (69523.28 ticks, tree = 39.14 MB, solutions = 1)
  30022 25579   153003.9790   437   152337.3712   153619.4077   342477    0.84%
  30539 26009        cutoff         152337.3712   153614.8101   348075    0.84%
  31068 26437   152625.7708   348   152337.3712   153609.6909   353289    0.84%
  31626 26937   153005.8934   420   152337.3712   153606.2965   358021    0.83%
  32131 27359   153063.7246   373   152337.3712   153600.9330   364009    0.83%
  32632 27797   153055.9543   456   152337.3712   153598.2996   370025    0.83%
  33146 28218        cutoff         152337.3712   153593.4058   377201    0.82%
  33579 28590   152740.5870   246   152337.3712   153589.8603   382753    0.82%
  34043 28981   152383.8026   422   152337.3712   153587.0180   387317    0.82%
  34473 29314   153161.0808   416   152337.3712   153581.8972   393287    0.82%
Elapsed time = 130.62 sec. (79121.50 ticks, tree = 45.61 MB, solutions = 1)
  34994 29794   152719.3376   333   152337.3712   153578.9374   399176    0.82%
  35438 30160   152473.3812   470   152337.3712   153574.4617   405251    0.81%
  35821 30429        cutoff         152337.3712   153572.5952   410821    0.81%
  36200 30738   152392.2144   445   152337.3712   153568.2866   416072    0.81%
  36573 31029   152670.3442   330   152337.3712   153563.7400   422123    0.81%
  37076 31432   152412.1569   329   152337.3712   153558.7722   428510    0.80%
  37479 31714   152563.8994   396   152337.3712   153551.8316   435098    0.80%
  37987 32120   152605.9471   475   152337.3712   153548.1288   441741    0.79%
  38439 32483   152987.1761   471   152337.3712   153545.0566   447907    0.79%
  38903 32857   152505.3933   349   152337.3712   153543.2894   454162    0.79%
Elapsed time = 145.51 sec. (88684.60 ticks, tree = 52.02 MB, solutions = 1)
  39383 33249   152590.1112   353   152337.3712   153540.5735   459872    0.79%
  39882 33666   152769.0028   456   152337.3712   153538.2528   465192    0.79%
  40379 34055   152538.7947   132   152337.3712   153535.9575   470394    0.79%
  40828 34403   152830.1309   383   152337.3712   153533.9274   477047    0.79%
  41345 34859   153115.8025   395   152337.3712   153530.5968   482786    0.78%
  41840 35293   152566.5147   131   152337.3712   153529.5433   487709    0.78%
  42181 35562   152693.8157   383   152337.3712   153525.7987   492564    0.78%
  42690 35961        cutoff         152337.3712   153523.2789   499358    0.78%
  43103 36283        cutoff         152337.3712   153521.5283   504612    0.78%
  44643 37336   152487.0401   427   152337.3712   153507.3276   528270    0.77%
Elapsed time = 164.49 sec. (101100.94 ticks, tree = 58.98 MB, solutions = 1)
  46229 38477   152920.1072   405   152337.3712   153496.3058   551613    0.76%
  48017 39910   152468.5310   455   152337.3712   153486.6548   574666    0.75%
  49806 41286        cutoff         152337.3712   153477.5774   596936    0.75%
  51531 42627   152360.2819   363   152337.3712   153464.5828   622731    0.74%
  53328 44106        cutoff         152337.3712   153455.8208   647383    0.73%
  54978 45385   152649.2915   263   152337.3712   153448.9820   670213    0.73%
  56737 46685   152494.7108   204   152337.3712   153438.9469   695558    0.72%
  58523 48065        cutoff         152337.3712   153428.6205   720683    0.72%
  60299 49413   152600.1660   406   152337.3712   153418.4616   745212    0.71%
  62119 50845   152609.0368   406   152337.3712   153409.2159   768352    0.70%
Elapsed time = 223.91 sec. (139290.89 ticks, tree = 80.08 MB, solutions = 1)
  63759 52061   152915.3679   402   152337.3712   153401.6198   791660    0.70%
  65551 53440   152357.1228   327   152337.3712   153392.8528   815369    0.69%
  67288 54821   152409.8366   349   152337.3712   153387.3007   839426    0.69%
  69128 56203   152764.9864   387   152337.3712   153380.1063   863912    0.68%
  70900 57423   152815.7484   405   152337.3712   153370.2233   892076    0.68%
  72734 58807        cutoff         152337.3712   153363.9760   918314    0.67%
  74418 60057   152580.3231   456   152337.3712   153359.0962   943004    0.67%
  76202 61491   153026.8045   440   152337.3712   153353.3828   965420    0.67%
  77801 62666        cutoff         152337.3712   153349.2774   986944    0.66%
  79369 63775        cutoff         152337.3712   153343.4502  1011485    0.66%
Elapsed time = 283.33 sec. (177458.01 ticks, tree = 100.37 MB, solutions = 1)
  81227 65242        cutoff         152337.3712   153338.9056  1033919    0.66%
  82901 66449   152605.2700   405   152337.3712   153333.0427  1057594    0.65%
  84645 67812   153090.4943   453   152337.3712   153328.3863  1080907    0.65%
  86342 69021        cutoff         152337.3712   153322.5605  1105357    0.65%
  87889 70135   152983.5657   402   152337.3712   153318.2836  1129062    0.64%
  89525 71329   152759.9124   378   152337.3712   153314.9755  1152397    0.64%
  91030 72380   152863.1660   445   152337.3712   153309.9842  1174494    0.64%
  92658 73558   152509.4407   422   152337.3712   153305.1305  1197006    0.64%
  94285 74782   152733.5441   365   152337.3712   153299.3349  1223268    0.63%
  95897 75792   152536.5947   418   152337.3712   153293.7586  1249170    0.63%
Elapsed time = 342.93 sec. (215643.07 ticks, tree = 121.23 MB, solutions = 1)
  97525 76910   152383.2519   382   152337.3712   153288.6293  1273378    0.62%
  99215 78108   152739.4744   393   152337.3712   153285.0705  1297483    0.62%
 100768 79193   152804.1130   353   152337.3712   153280.3712  1321601    0.62%
 102370 80390   152528.1594   358   152337.3712   153275.7960  1345924    0.62%
 104010 81602   152357.4340   424   152337.3712   153272.3633  1369624    0.61%
 105564 82659   152595.8845   213   152337.3712   153268.0943  1392736    0.61%
 107226 83797   152668.5453   373   152337.3712   153262.6555  1417934    0.61%
 108826 84828   153015.0960   410   152337.3712   153256.3329  1443769    0.60%
 110542 86006   152378.7224   388   152337.3712   153251.6011  1469018    0.60%
 112277 87257   152430.3493   436   152337.3712   153247.2869  1494648    0.60%
Elapsed time = 404.45 sec. (253865.46 ticks, tree = 139.42 MB, solutions = 1)
 113811 88239   152406.3601   320   152337.3712   153241.7969  1520464    0.59%
 115432 89326        cutoff         152337.3712   153238.1686  1545252    0.59%
 117068 90525   152447.9837   409   152337.3712   153233.9491  1570469    0.59%
 118715 91620   152854.6266   355   152337.3712   153228.8133  1596191    0.59%
 120332 92674   152404.8188   394   152337.3712   153223.2861  1621411    0.58%
 121974 93703   152500.1284   423   152337.3712   153218.4596  1648832    0.58%
 123727 94904   152448.1859   401   152337.3712   153213.0693  1675239    0.57%
 125330 95964   152413.2415   353   152337.3712   153207.9594  1700837    0.57%
 127018 97117        cutoff         152337.3712   153204.0141  1727250    0.57%
 128626 98197   152402.9150   380   152337.3712   153199.9750  1752226    0.57%
Elapsed time = 464.65 sec. (292051.94 ticks, tree = 156.82 MB, solutions = 1)
 130212 99244   152507.6209   377   152337.3712   153195.7108  1777360    0.56%
 131708 100232   152514.0491   440   152337.3712   153191.5280  1802017    0.56%
 133217 101175   152577.3307   390   152337.3712   153186.1384  1829340    0.56%
 134799 102269   152828.7318   445   152337.3712   153181.6110  1855338    0.55%
 136427 103326   152524.2683   417   152337.3712   153176.1389  1882231    0.55%
 138052 104397   152755.0973   375   152337.3712   153172.1039  1909307    0.55%
 139719 105545   152446.9418   227   152337.3712   153168.0730  1936423    0.55%
 141330 106544   152972.1874   333   152337.3712   153162.9106  1964271    0.54%
 142870 107542   152650.0098   406   152337.3712   153158.5973  1991143    0.54%
 144480 108662   152763.3944   279   152337.3712   153155.2988  2016011    0.54%
Elapsed time = 524.78 sec. (330215.26 ticks, tree = 173.52 MB, solutions = 1)
 146010 109628        cutoff         152337.3712   153151.6699  2039336    0.53%
 147552 110664   152626.5205   392   152337.3712   153147.4886  2064146    0.53%
 149170 111698   152815.8016   394   152337.3712   153144.0000  2089888    0.53%
 150852 112806   152855.8332   292   152337.3712   153140.7294  2115660    0.53%
 152493 113843   152486.1870   444   152337.3712   153136.1199  2143684    0.52%
 154008 114782        cutoff         152337.3712   153131.6246  2169487    0.52%
 155492 115698   152495.0277   467   152337.3712   153128.0235  2195423    0.52%
 157024 116699        cutoff         152337.3712   153124.2999  2221114    0.52%
 158547 117654   152434.4659   430   152337.3712   153121.3054  2246375    0.51%
 160176 118613   152550.5391   325   152337.3712   153116.7223  2272206    0.51%
Elapsed time = 585.17 sec. (368476.79 ticks, tree = 189.48 MB, solutions = 1)
 161789 119738   152460.0966   373   152337.3712   153114.0774  2295861    0.51%
 163404 120751   152659.6444   424   152337.3712   153110.2141  2320451    0.51%
 165002 121806   152573.4337   398   152337.3712   153107.3630  2346689    0.51%
 166623 122847   152843.2117   376   152337.3712   153104.4329  2372777    0.50%
 168131 123816   152641.6464   378   152337.3712   153101.3003  2398882    0.50%
 169805 124931   152969.5222   322   152337.3712   153098.1000  2425326    0.50%
 171401 125921   152486.8672   400   152337.3712   153094.7687  2452580    0.50%
 173128 127089   152476.4058   264   152337.3712   153091.7848  2477271    0.50%
 174533 127985   152879.6020   396   152337.3712   153088.6290  2502016    0.49%
 175919 128773   152898.6367   377   152337.3712   153085.4631  2527520    0.49%
Elapsed time = 645.83 sec. (406674.19 ticks, tree = 205.75 MB, solutions = 1)
 177437 129792   152535.3473   388   152337.3712   153082.2563  2549297    0.49%
 178997 130790   152417.2608   323   152337.3712   153078.9424  2571574    0.49%
 180571 131774   152395.5679   342   152337.3712   153075.7510  2595942    0.48%
 182093 132697   152628.3287   359   152337.3712   153072.6045  2620619    0.48%
 183546 133508   152495.3628   398   152337.3712   153069.0988  2644839    0.48%
 185015 134391   152385.4595   370   152337.3712   153066.3411  2670020    0.48%
 186452 135186        cutoff         152337.3712   153063.0625  2695008    0.48%
 188038 136105        cutoff         152337.3712   153060.0163  2720397    0.47%
 189633 137146        cutoff         152337.3712   153057.2457  2745750    0.47%
 191059 138027        cutoff         152337.3712   153054.3597  2769080    0.47%
Elapsed time = 706.47 sec. (444836.57 ticks, tree = 222.30 MB, solutions = 1)
 192531 138910   152378.8857   374   152337.3712   153051.2720  2794439    0.47%
 194040 139820   152405.8245   228   152337.3712   153048.1993  2817990    0.47%
 195545 140730   152863.4831   301   152337.3712   153045.5187  2842064    0.46%
 197029 141666   152358.2111   265   152337.3712   153043.1955  2865147    0.46%
 198548 142632   152410.8364   278   152337.3712   153040.8096  2887931    0.46%
 200203 143635        cutoff         152337.3712   153038.0799  2913409    0.46%
 201630 144377   152930.7249   337   152337.3712   153034.7956  2938464    0.46%
 203154 145336   152340.6843   356   152337.3712   153031.6546  2962818    0.46%
 204606 146208        cutoff         152337.3712   153029.6682  2987642    0.45%
 206189 147163   152593.2313   399   152337.3712   153027.0659  3012836    0.45%
Elapsed time = 767.15 sec. (483009.98 ticks, tree = 237.01 MB, solutions = 1)
 207645 147956   152433.8401   260   152337.3712   153024.1859  3039624    0.45%
 209090 148762   152367.1879   360   152337.3712   153021.2494  3064812    0.45%
 210544 149639   152464.7778   304   152337.3712   153018.6716  3088211    0.45%
 212009 150492   152420.8206   333   152337.3712   153015.9810  3112663    0.45%
 213528 151410   152781.1623   411   152337.3712   153013.6173  3135034    0.44%
 215047 152316   152728.6788   278   152337.3712   153010.9423  3159856    0.44%
 216582 153214   152620.7043   344   152337.3712   153008.3598  3184230    0.44%
 218269 154246        cutoff         152337.3712   153005.6115  3209666    0.44%
 219749 155067   152344.1139   307   152337.3712   153002.6663  3235630    0.44%
 221229 155871   152564.2771   467   152337.3712   152999.6234  3261538    0.43%
Elapsed time = 828.73 sec. (521182.04 ticks, tree = 251.08 MB, solutions = 1)
 222664 156720   152496.2641   393   152337.3712   152997.3741  3285797    0.43%
 224064 157399   152510.9338   293   152337.3712   152994.7182  3312310    0.43%
 225550 158273   152369.7560   352   152337.3712   152992.5090  3337819    0.43%
 226975 159035   152422.4875   388   152337.3712   152990.2901  3363532    0.43%
 228607 160013        cutoff         152337.3712   152987.9806  3388730    0.43%
 230124 160851   152488.8624   391   152337.3712   152985.2132  3414967    0.43%
 231626 161657   152766.9393   348   152337.3712   152982.7852  3439514    0.42%
 233123 162476   152538.1084   361   152337.3712   152980.5363  3464316    0.42%
 234565 163219   152437.8492   376   152337.3712   152978.6301  3489173    0.42%
 236100 164081        cutoff         152337.3712   152976.4669  3515140    0.42%
Elapsed time = 889.60 sec. (559341.21 ticks, tree = 265.44 MB, solutions = 1)
 237595 164889   152420.0546   416   152337.3712   152974.2492  3540963    0.42%
 238960 165604   152426.4074   417   152337.3712   152971.9333  3565760    0.42%
 240316 166328   152609.3472   393   152337.3712   152969.5726  3591506    0.42%
 241766 167110   152662.3000   387   152337.3712   152967.3456  3618334    0.41%
 243341 168023   152340.5914   338   152337.3712   152965.2377  3643935    0.41%
 244786 168760        cutoff         152337.3712   152962.8006  3669642    0.41%
 246233 169596   152730.2660   252   152337.3712   152960.6636  3693674    0.41%
 247558 170319   152390.1761   371   152337.3712   152959.0128  3718412    0.41%
 249034 171097   152548.2843   276   152337.3712   152956.9662  3742540    0.41%
 250403 171834        cutoff         152337.3712   152955.0952  3767071    0.41%
Elapsed time = 951.01 sec. (597508.73 ticks, tree = 278.06 MB, solutions = 1)
 251798 172584        cutoff         152337.3712   152952.7868  3793177    0.40%
 253291 173440   152535.3724   378   152337.3712   152950.8755  3817687    0.40%
 254766 174220   152416.5888   403   152337.3712   152948.6730  3845216    0.40%
 256355 175130        cutoff         152337.3712   152946.6249  3870911    0.40%
 257882 175945        cutoff         152337.3712   152944.5842  3896410    0.40%
 259397 176749   152568.7363   165   152337.3712   152942.8199  3923148    0.40%
 260919 177609   152750.4742   306   152337.3712   152941.0988  3948527    0.40%
 262455 178456   152449.4742   335   152337.3712   152939.0707  3975587    0.39%
 263839 179186   152397.8587   362   152337.3712   152937.1503  4001270    0.39%
 265266 179930   152356.4530   258   152337.3712   152935.1593  4028714    0.39%
Elapsed time = 1012.03 sec. (635760.34 ticks, tree = 291.25 MB, solutions = 1)
 266614 180538   152429.7956   296   152337.3712   152932.7714  4055223    0.39%
 268027 181292   152431.0222   360   152337.3712   152930.8420  4079872    0.39%
 269473 182118   152638.3343   360   152337.3712   152929.4726  4102337    0.39%
 270877 182867   152551.7339   420   152337.3712   152927.6905  4127303    0.39%
 272439 183737   152525.5496   396   152337.3712   152925.7293  4151217    0.39%
 273985 184512   152549.3419   413   152337.3712   152923.8520  4176093    0.38%
 275428 185274   152400.1450   439   152337.3712   152922.0858  4200700    0.38%
 276898 186058        cutoff         152337.3712   152920.4180  4224984    0.38%
 278475 186925   152446.4356   384   152337.3712   152918.5096  4249643    0.38%
 279975 187619   152472.6401   354   152337.3712   152916.1546  4275738    0.38%
Elapsed time = 1072.21 sec. (673930.20 ticks, tree = 303.83 MB, solutions = 1)
 281389 188291   152470.6301   234   152337.3712   152914.2750  4301672    0.38%
 282807 188958   152524.7210   262   152337.3712   152912.2992  4328545    0.38%
 284206 189684   152559.0626   386   152337.3712   152910.3387  4355054    0.38%
 285700 190501   152652.8481   389   152337.3712   152908.3890  4379449    0.37%
 286985 191089   152535.0808   324   152337.3712   152906.4513  4405353    0.37%
 288293 191709   152514.0255   344   152337.3712   152904.5953  4430468    0.37%
 289691 192409        cutoff         152337.3712   152902.8704  4456529    0.37%
 290962 192961   152493.4778   429   152337.3712   152900.7836  4482817    0.37%
 292320 193554   152756.7558   411   152337.3712   152898.8045  4510158    0.37%
 293719 194284   152477.1624   425   152337.3712   152897.7118  4535093    0.37%
Elapsed time = 1133.67 sec. (712154.77 ticks, tree = 316.11 MB, solutions = 1)
 295089 194900   152432.7829   171   152337.3712   152895.6352  4560422    0.37%
 296616 195738   152450.0592   314   152337.3712   152893.9856  4587173    0.37%
 298119 196522   152827.2935   390   152337.3712   152892.3637  4615001    0.36%
 299670 197284   152357.4633   187   152337.3712   152890.5331  4642014    0.36%
 301124 198021   152425.9579   336   152337.3712   152888.5948  4668046    0.36%
 302650 198806   152624.8601   375   152337.3712   152886.7141  4695306    0.36%
 304165 199651   152355.3048   182   152337.3712   152885.4395  4721575    0.36%
 305602 200282        cutoff         152337.3712   152883.4891  4748913    0.36%
 307189 201156   152432.6721   390   152337.3712   152881.7473  4774538    0.36%
 308507 201750   152361.0860   180   152337.3712   152879.7219  4800323    0.36%
Elapsed time = 1194.97 sec. (750358.34 ticks, tree = 328.37 MB, solutions = 1)
 309909 202461   152453.9377   251   152337.3712   152878.0767  4826938    0.35%
 311331 203154   152341.3743   273   152337.3712   152876.3390  4851659    0.35%
 312679 203775   152469.4651   300   152337.3712   152875.0056  4876989    0.35%
 314197 204597   152413.9202   443   152337.3712   152873.4864  4902002    0.35%
 315795 205510   152484.4585   318   152337.3712   152872.0430  4926615    0.35%
 317295 206200   152606.1108   398   152337.3712   152869.8924  4954012    0.35%
 318788 206942   152681.9545   268   152337.3712   152868.0070  4981340    0.35%
 320430 207739   152438.8173   361   152337.3712   152866.1643  5007462    0.35%
 322015 208490        cutoff         152337.3712   152864.4215  5033821    0.35%
 323523 209109   152530.8389   401   152337.3712   152862.5950  5063284    0.34%
Elapsed time = 1256.40 sec. (788522.75 ticks, tree = 340.52 MB, solutions = 1)
 325029 209857   152425.7017   371   152337.3712   152860.8232  5089870    0.34%
 326430 210415   152614.6480   262   152337.3712   152859.1714  5116633    0.34%
 327964 211143   152512.6866   422   152337.3712   152857.4335  5142937    0.34%
 329392 211780   152544.0897   387   152337.3712   152855.6386  5168559    0.34%
 330915 212531   152528.0238   324   152337.3712   152854.0842  5194756    0.34%
 332431 213245   152604.3680   427   152337.3712   152852.6475  5219407    0.34%
 333714 213745   152673.8018   375   152337.3712   152850.8372  5243327    0.34%
 335363 214583        cutoff         152337.3712   152849.6151  5268410    0.34%
 336779 215147        cutoff         152337.3712   152848.0066  5294632    0.34%
 338211 215827        cutoff         152337.3712   152846.5254  5318506    0.33%
Elapsed time = 1316.66 sec. (826691.61 ticks, tree = 351.62 MB, solutions = 1)
 339618 216409   152747.7111   336   152337.3712   152844.9156  5346692    0.33%
 341071 217109   152597.0339   305   152337.3712   152843.4468  5373095    0.33%
 342495 217785   152390.2160   363   152337.3712   152841.9800  5398235    0.33%
 343958 218426   152501.3070   289   152337.3712   152840.3663  5425038    0.33%
 345313 218930        cutoff         152337.3712   152838.5189  5452012    0.33%
 346740 219475   152624.5212   399   152337.3712   152836.5212  5477774    0.33%
 348160 220129   152469.1106   355   152337.3712   152835.2602  5503570    0.33%
 349603 220748   152487.1144   368   152337.3712   152833.7311  5530500    0.33%
 351027 221379        cutoff         152337.3712   152832.3664  5556589    0.32%
 352492 222050   152587.0451   356   152337.3712   152831.0158  5581133    0.32%
Elapsed time = 1378.64 sec. (865028.29 ticks, tree = 361.95 MB, solutions = 1)
 353809 222537        cutoff         152337.3712   152829.2259  5606204    0.32%
 355113 223102   152416.5630   366   152337.3712   152827.5877  5631341    0.32%
 356430 223538        cutoff         152337.3712   152826.0002  5656983    0.32%
 357769 224081   152572.2357   321   152337.3712   152824.6610  5683428    0.32%
 359308 224829   152535.7454   321   152337.3712   152823.1745  5707414    0.32%
 360810 225566   152358.6729   228   152337.3712   152821.5773  5735064    0.32%
 362348 226310   152455.8769   190   152337.3712   152820.0416  5762021    0.32%
 363842 226931   152655.7796   391   152337.3712   152818.4776  5786780    0.32%
 365381 227699   152381.6748   249   152337.3712   152817.0976  5812533    0.31%
 366764 228164   152423.0815   283   152337.3712   152815.4953  5837281    0.31%
Elapsed time = 1440.85 sec. (903189.66 ticks, tree = 373.69 MB, solutions = 1)
 368102 228717   152383.1019   324   152337.3712   152814.1034  5861392    0.31%
 369542 229383   152686.0322   149   152337.3712   152812.7080  5886717    0.31%
 370897 229933   152454.0873   387   152337.3712   152811.0893  5913080    0.31%
 372166 230336        cutoff         152337.3712   152809.5000  5937751    0.31%
 373523 230724        cutoff         152337.3712   152807.8675  5962277    0.31%
 375001 231318   152360.2487   313   152337.3712   152806.3001  5987151    0.31%
 376483 231914   152538.0841   211   152337.3712   152804.7504  6012535    0.31%
 377939 232584   152442.0186   389   152337.3712   152803.5674  6038074    0.31%
 379480 233313        cutoff         152337.3712   152802.2154  6063645    0.31%
 380914 233823   152517.2042   339   152337.3712   152800.6173  6090616    0.30%
Elapsed time = 1503.82 sec. (941377.64 ticks, tree = 383.17 MB, solutions = 1)
 382298 234345   152430.6626   421   152337.3712   152799.3280  6116151    0.30%
 383836 235017   152614.9013   320   152337.3712   152798.0947  6140792    0.30%
 385275 235533   152375.2931   317   152337.3712   152796.7325  6165974    0.30%
 386804 236212   152503.2262   345   152337.3712   152795.4412  6192367    0.30%
 388331 236861        cutoff         152337.3712   152794.0225  6219021    0.30%
 389884 237541   152529.6314   402   152337.3712   152792.6658  6243625    0.30%
 391341 238161   152411.9745   209   152337.3712   152791.3199  6270724    0.30%
 392653 238661   152486.6736   395   152337.3712   152790.0767  6295301    0.30%
 394009 239197   152455.7850   350   152337.3712   152788.7713  6319777    0.30%
 395410 239783   152524.6382   240   152337.3712   152787.5303  6344828    0.30%
Elapsed time = 1566.33 sec. (979542.42 ticks, tree = 393.17 MB, solutions = 1)
 396761 240332   152499.6870   383   152337.3712   152786.4705  6368124    0.29%
 398348 241053   152416.1469   396   152337.3712   152785.2117  6391687    0.29%
 399741 241682   152482.8831   339   152337.3712   152784.0690  6416704    0.29%
 401283 242388        cutoff         152337.3712   152782.9098  6441797    0.29%
 402664 242969   152503.1497   388   152337.3712   152781.8122  6466073    0.29%
 404144 243640   152378.5582   309   152337.3712   152780.6978  6488613    0.29%
 405672 244258   152576.4653   359   152337.3712   152779.5149  6514159    0.29%
 407142 244870   152380.0997   342   152337.3712   152778.3149  6537451    0.29%
 408611 245521   152501.8108   385   152337.3712   152777.2805  6562307    0.29%
 410116 246222   152605.2623   320   152337.3712   152776.2207  6586605    0.29%
Elapsed time = 1628.49 sec. (1017722.32 ticks, tree = 403.98 MB, solutions = 1)
 411575 246782        cutoff         152337.3712   152774.9328  6613292    0.29%
 413009 247324   152360.1417   317   152337.3712   152773.8326  6636261    0.29%
 414484 247976   152499.4424   352   152337.3712   152772.8258  6660015    0.29%
 415981 248556        cutoff         152337.3712   152771.4359  6684414    0.28%
 417416 249119   152563.3737   359   152337.3712   152770.0938  6708034    0.28%
 418873 249713   152580.8893   360   152337.3712   152768.9762  6733513    0.28%
 420329 250289   152440.3676   401   152337.3712   152767.6899  6755470    0.28%
 421698 250785   152439.0231   370   152337.3712   152766.5457  6778442    0.28%
 423221 251279   152468.9516   330   152337.3712   152765.1144  6803919    0.28%
 424656 251855   152472.7174   341   152337.3712   152764.1086  6827143    0.28%
Elapsed time = 1690.42 sec. (1055892.21 ticks, tree = 413.46 MB, solutions = 1)
 426089 252454   152587.1804   341   152337.3712   152763.0298  6849760    0.28%
 427588 253057        cutoff         152337.3712   152761.9728  6872510    0.28%
 429060 253722   152664.2741   119   152337.3712   152760.9562  6898348    0.28%
 430431 254189   152394.8450   346   152337.3712   152759.9814  6922175    0.28%
 431793 254613   152416.8753   264   152337.3712   152758.6977  6947352    0.28%
 433311 255248        cutoff         152337.3712   152757.6727  6970309    0.28%
 434749 255735        cutoff         152337.3712   152756.3355  6995501    0.28%
 436191 256290   152415.8903   427   152337.3712   152755.1021  7020737    0.27%
 437679 256874   152614.1099   400   152337.3712   152753.9755  7043380    0.27%
 439316 257646        cutoff         152337.3712   152753.0842  7067295    0.27%
Elapsed time = 1752.73 sec. (1094059.21 ticks, tree = 423.22 MB, solutions = 1)
 440712 257977        cutoff         152337.3712   152751.6669  7093200    0.27%
 442149 258460   152473.8333   336   152337.3712   152750.4393  7117847    0.27%
 443624 259103   152477.0186   224   152337.3712   152749.4997  7144623    0.27%
 445099 259561   152474.3996   450   152337.3712   152748.0875  7170090    0.27%
 446642 260149   152488.5187   392   152337.3712   152746.9734  7193563    0.27%
 448139 260656   152552.4304   310   152337.3712   152745.7152  7222058    0.27%
 449501 261188   152460.6752   117   152337.3712   152744.7509  7245644    0.27%
 450879 261569        cutoff         152337.3712   152743.5890  7270747    0.27%
 452288 262069        cutoff         152337.3712   152742.7535  7292355    0.27%
 453583 262394   152548.6056   382   152337.3712   152741.3670  7317683    0.27%
Elapsed time = 1815.71 sec. (1132234.46 ticks, tree = 431.33 MB, solutions = 1)
 455001 262781   152550.3525   288   152337.3712   152740.1277  7341697    0.26%
 456419 263251   152369.2309   383   152337.3712   152739.2554  7367338    0.26%
 457886 263703   152401.0822   210   152337.3712   152738.0136  7391618    0.26%
 459478 264490   152417.3418   297   152337.3712   152737.2740  7413307    0.26%
 460801 264794   152388.0630   240   152337.3712   152735.9855  7436553    0.26%
 462263 265355        cutoff         152337.3712   152734.9526  7460160    0.26%
 463705 265861   152448.8610   116   152337.3712   152733.9142  7482268    0.26%
 465107 266266   152391.3753   300   152337.3712   152732.6762  7508702    0.26%
 466394 266626   152393.9070   331   152337.3712   152731.6194  7533132    0.26%
 467826 267142   152382.5206   333   152337.3712   152730.5680  7558109    0.26%
Elapsed time = 1877.48 sec. (1170392.12 ticks, tree = 439.45 MB, solutions = 1)
 469280 267665        cutoff         152337.3712   152729.5031  7581861    0.26%
 470731 268112        cutoff         152337.3712   152728.3917  7607126    0.26%
 472241 268609        cutoff         152337.3712   152727.2247  7631665    0.26%
 473645 268977   152501.1925   285   152337.3712   152726.0127  7655334    0.26%
 475076 269530        cutoff         152337.3712   152725.1669  7680350    0.25%
 476519 270044   152538.5044   192   152337.3712   152724.2082  7702911    0.25%
 477931 270417   152552.1682   323   152337.3712   152723.1091  7727119    0.25%
 479358 270953        cutoff         152337.3712   152722.2471  7748401    0.25%
 480717 271352   152644.3331   240   152337.3712   152721.3704  7772485    0.25%
 482035 271790        cutoff         152337.3712   152720.4344  7795360    0.25%
Elapsed time = 1939.36 sec. (1208587.11 ticks, tree = 449.30 MB, solutions = 1)
 483471 272300   152482.7683   401   152337.3712   152719.4018  7818375    0.25%
 484902 272758   152408.1740   254   152337.3712   152718.2429  7842368    0.25%
 486311 273325   152445.8800   313   152337.3712   152717.3736  7865268    0.25%
 487587 273646   152378.4890   243   152337.3712   152716.4663  7889882    0.25%
 488952 273952   152448.5138   364   152337.3712   152715.3193  7914631    0.25%
 490470 274600   152368.7947   368   152337.3712   152714.6310  7937374    0.25%
 492038 275181   152446.0252   182   152337.3712   152713.7553  7960352    0.25%
 493410 275435        cutoff         152337.3712   152712.6024  7984960    0.25%
 494831 275881   152549.6685   370   152337.3712   152711.6663  8008975    0.25%
 496157 276215        cutoff         152337.3712   152710.6318  8033012    0.25%
Elapsed time = 1999.84 sec. (1246759.95 ticks, tree = 456.90 MB, solutions = 1)
 497508 276573   152348.9588   131   152337.3712   152709.5561  8059039    0.24%
 498985 276970   152371.6139   286   152337.3712   152708.4202  8083871    0.24%
 500452 277417   152623.8930   218   152337.3712   152707.3508  8107620    0.24%
 501934 277885   152516.4772   396   152337.3712   152706.2894  8134738    0.24%
 503369 278258   152500.6778   286   152337.3712   152705.2659  8160356    0.24%
 504744 278635   152543.4130   273   152337.3712   152704.3688  8185136    0.24%
 506199 279042   152521.5081   275   152337.3712   152703.4188  8209706    0.24%
 507595 279472   152388.8699   356   152337.3712   152702.4940  8232303    0.24%
 508951 279841        cutoff         152337.3712   152701.4647  8257026    0.24%
 510365 280155   152478.0220   297   152337.3712   152700.3912  8283769    0.24%
Elapsed time = 2060.64 sec. (1284919.65 ticks, tree = 463.71 MB, solutions = 1)
 511758 280544   152346.1963    88   152337.3712   152699.5129  8305588    0.24%
 513120 280912        cutoff         152337.3712   152698.7236  8329366    0.24%
 514597 281368   152490.5101   285   152337.3712   152697.8754  8353245    0.24%
 516029 281826        cutoff         152337.3712   152697.0356  8378098    0.24%
 517449 282029   152355.4563   345   152337.3712   152695.7807  8403265    0.24%
 518785 282342   152381.7999   283   152337.3712   152694.8555  8426496    0.23%
 520230 282812   152481.1348   360   152337.3712   152693.9272  8449862    0.23%
 521664 283255        cutoff         152337.3712   152693.0638  8473245    0.23%
 523017 283651   152351.6042   263   152337.3712   152692.2821  8498483    0.23%
 524486 284071        cutoff         152337.3712   152691.3303  8523631    0.23%
Elapsed time = 2121.02 sec. (1323079.38 ticks, tree = 470.53 MB, solutions = 1)
 525912 284452   152423.1764   368   152337.3712   152690.3523  8549709    0.23%
 527391 284777   152413.8577   267   152337.3712   152689.2932  8577281    0.23%
 528801 285039        cutoff         152337.3712   152688.0893  8603437    0.23%
 530218 285357   152427.6198   269   152337.3712   152687.0621  8628946    0.23%
 531756 285836   152439.5185   294   152337.3712   152686.1370  8655550    0.23%
 533199 286036        cutoff         152337.3712   152685.0083  8682872    0.23%
 534722 286374   152348.5500   420   152337.3712   152683.9286  8708348    0.23%
 536264 286923   152435.2540   342   152337.3712   152683.0781  8734325    0.23%
 537754 287194   152626.4794   364   152337.3712   152681.9250  8759358    0.23%
 539312 287723   152400.7007   306   152337.3712   152681.0908  8787136    0.23%
Elapsed time = 2182.38 sec. (1361252.25 ticks, tree = 476.97 MB, solutions = 1)
 540832 288125        cutoff         152337.3712   152680.1657  8813377    0.23%
 542267 288481   152538.5271   427   152337.3712   152679.3004  8838069    0.22%
 543734 288814   152428.5588   291   152337.3712   152678.3041  8861119    0.22%
 545210 289173   152403.4860   308   152337.3712   152677.4327  8884607    0.22%
 546795 289685   152413.4687   434   152337.3712   152676.6001  8908219    0.22%
 548211 289904   152430.4082   238   152337.3712   152675.5223  8933032    0.22%
 549695 290300        cutoff         152337.3712   152674.6778  8956551    0.22%
 551175 290577        cutoff         152337.3712   152673.5079  8982042    0.22%
 552667 290933   152662.6028   294   152337.3712   152672.5454  9008668    0.22%
 554119 291329   152427.8388   173   152337.3712   152671.7240  9030527    0.22%
Elapsed time = 2243.30 sec. (1399415.46 ticks, tree = 483.34 MB, solutions = 1)
 555618 291634   152376.3470   139   152337.3712   152670.7534  9053326    0.22%
 557058 291948   152416.5302   278   152337.3712   152669.8130  9078831    0.22%
 558472 292184    infeasible         152337.3712   152668.8626  9101827    0.22%
 559961 292500   152363.3556   307   152337.3712   152667.8847  9126055    0.22%
 561487 292889   152579.6252   233   152337.3712   152666.9934  9151872    0.22%
 562970 293248   152339.3371   361   152337.3712   152666.0982  9175989    0.22%
 564357 293497   152400.9120   320   152337.3712   152665.1847  9200467    0.22%
 565857 293850   152389.9325   369   152337.3712   152664.2174  9224271    0.21%
 567320 294167   152351.0179   280   152337.3712   152663.2810  9249058    0.21%
 568821 294488        cutoff         152337.3712   152662.4623  9273932    0.21%
Elapsed time = 2302.44 sec. (1437593.40 ticks, tree = 489.00 MB, solutions = 1)
 570324 294827   152357.9099   363   152337.3712   152661.5394  9297559    0.21%
 571775 295021   152445.0538   207   152337.3712   152660.3451  9322657    0.21%
 573315 295327   152525.1273   357   152337.3712   152659.3744  9348213    0.21%
 574765 295695   152451.8853   272   152337.3712   152658.5767  9371690    0.21%
 576296 296031   152416.1321   233   152337.3712   152657.7183  9396466    0.21%
 577711 296263   152519.2855   213   152337.3712   152656.8483  9419956    0.21%
 579145 296534   152356.5482   151   152337.3712   152655.9177  9441466    0.21%
 580649 296894   152379.4765   258   152337.3712   152655.0516  9463356    0.21%
 582027 297020   152357.6243   260   152337.3712   152654.1658  9487393    0.21%
 583414 297192   152398.2584   284   152337.3712   152653.2496  9511620    0.21%
Elapsed time = 2362.24 sec. (1475766.48 ticks, tree = 493.89 MB, solutions = 1)
 584891 297499   152349.4876   317   152337.3712   152652.4092  9533975    0.21%
 586345 297820   152372.5222   183   152337.3712   152651.5776  9556605    0.21%
 587777 298078        cutoff         152337.3712   152650.7267  9579385    0.21%
 589279 298454   152475.4921   276   152337.3712   152649.9386  9601728    0.21%
 590735 298661        cutoff         152337.3712   152649.0531  9625927    0.20%
 592191 298793        cutoff         152337.3712   152648.1022  9651856    0.20%
 593632 299009   152425.4493   340   152337.3712   152647.1305  9676895    0.20%
 595098 299229        cutoff         152337.3712   152646.2050  9702058    0.20%
 596519 299489   152378.7218   263   152337.3712   152645.3262  9727904    0.20%
 598034 299811        cutoff         152337.3712   152644.4675  9752263    0.20%
Elapsed time = 2421.92 sec. (1513937.94 ticks, tree = 498.69 MB, solutions = 1)
 599571 300114        cutoff         152337.3712   152643.6426  9777023    0.20%
 601027 300234   152572.9936   338   152337.3712   152642.7119  9801664    0.20%
 602548 300549        cutoff         152337.3712   152641.8462  9825956    0.20%
 603907 300575        cutoff         152337.3712   152640.8587  9851667    0.20%
 605364 300785   152351.1843    48   152337.3712   152640.0750  9877026    0.20%
 606810 300963        cutoff         152337.3712   152639.0922  9902873    0.20%
 608247 301242        cutoff         152337.3712   152638.3071  9928352    0.20%
 609890 301742        cutoff         152337.3712   152637.5740  9950057    0.20%
 611333 301933        cutoff         152337.3712   152636.6592  9972098    0.20%
 612858 302306   152466.2194   269   152337.3712   152635.8361  9995696    0.20%
Elapsed time = 2482.65 sec. (1552099.55 ticks, tree = 503.30 MB, solutions = 1)
 614318 302431        cutoff         152337.3712   152634.8777 10021214    0.20%
 615792 302741   152469.1412   152   152337.3712   152634.1392 10045618    0.19%
 617304 303107        cutoff         152337.3712   152633.4398 10072208    0.19%
 618858 303376   152538.9041   232   152337.3712   152632.5882 10096666    0.19%
 620307 303556   152514.5474   263   152337.3712   152631.7553 10122864    0.19%
 621832 303785   152515.8169   295   152337.3712   152630.9272 10146660    0.19%
 623274 303817   152486.2819   210   152337.3712   152630.0095 10171262    0.19%
 624719 303919        cutoff         152337.3712   152629.0919 10197101    0.19%
 626173 304005   152458.8775   209   152337.3712   152628.1783 10220708    0.19%
 627603 304088   152556.3166   253   152337.3712   152627.2321 10247198    0.19%
Elapsed time = 2544.23 sec. (1590268.80 ticks, tree = 506.76 MB, solutions = 1)
 629049 304232        cutoff         152337.3712   152626.3853 10272898    0.19%
 630563 304512        cutoff         152337.3712   152625.5464 10299253    0.19%
 632018 304734   152367.9727   257   152337.3712   152624.7490 10323759    0.19%
 633467 304830   152424.3009   399   152337.3712   152623.8759 10350223    0.19%
 634962 305036        cutoff         152337.3712   152623.0888 10376121    0.19%
 636466 305314   152607.0632   277   152337.3712   152622.3244 10402322    0.19%
 637957 305552   152346.6588   118   152337.3712   152621.6456 10427304    0.19%
 639498 305898   152403.1435   147   152337.3712   152620.9368 10453630    0.19%
 640991 306157   152549.2040   267   152337.3712   152620.1297 10473989    0.19%
 642357 306291   152492.3310   218   152337.3712   152619.3751 10496780    0.19%
Elapsed time = 2605.89 sec. (1628445.99 ticks, tree = 510.96 MB, solutions = 1)
 643730 306423   152384.9327   397   152337.3712   152618.6088 10519072    0.18%
 645061 306437   152378.6025   302   152337.3712   152617.6749 10544741    0.18%
 646459 306629   152497.6877   204   152337.3712   152616.9113 10567616    0.18%
 647810 306723        cutoff         152337.3712   152616.2488 10591597    0.18%
 649232 306914   152425.4665   331   152337.3712   152615.5848 10612888    0.18%
 650586 306936        cutoff         152337.3712   152614.7242 10635826    0.18%
 652029 307023        cutoff         152337.3712   152613.8982 10660066    0.18%
 653474 307237   152343.5424   416   152337.3712   152613.1415 10683708    0.18%
 654912 307372        cutoff         152337.3712   152612.3732 10708010    0.18%
 656317 307549   152515.3387   212   152337.3712   152611.6507 10733107    0.18%
Elapsed time = 2669.29 sec. (1666638.35 ticks, tree = 513.57 MB, solutions = 1)
 657675 307583   152430.8440   303   152337.3712   152610.8137 10755177    0.18%
 659100 307725        cutoff         152337.3712   152610.0490 10778032    0.18%
 660519 307892   152488.7311   269   152337.3712   152609.2100 10801200    0.18%
 661982 308210   152520.5489   439   152337.3712   152608.6523 10824654    0.18%
 663369 308167   152473.1809   367   152337.3712   152607.7224 10849512    0.18%
 664782 308258        cutoff         152337.3712   152606.9667 10873308    0.18%
 665669 308479   152390.7892   384   152337.3712   152606.6146 10886696    0.18%
 667108 308565        cutoff         152337.3712   152605.7801 10909623    0.18%
 668484 308707   152600.2359   377   152337.3712   152605.0500 10934479    0.18%
 669924 308872   152387.6899   316   152337.3712   152604.3049 10956789    0.18%
Elapsed time = 2727.58 sec. (1704864.40 ticks, tree = 516.28 MB, solutions = 1)
 671343 308942   152374.8090   256   152337.3712   152603.5139 10981233    0.17%
 672718 309040        cutoff         152337.3712   152602.8032 11004248    0.17%
 674251 309311   152411.7589   297   152337.3712   152602.1540 11028527    0.17%
 675757 309414   152427.4452   389   152337.3712   152601.3217 11051731    0.17%
 677049 309453   152387.5623   183   152337.3712   152600.5702 11071897    0.17%
 678502 309452        cutoff         152337.3712   152599.7358 11095218    0.17%
 679952 309593   152430.5777   267   152337.3712   152599.0384 11118567    0.17%
 681353 309617        cutoff         152337.3712   152598.2614 11141129    0.17%
 682761 309620        cutoff         152337.3712   152597.4115 11163489    0.17%
 684207 309681        cutoff         152337.3712   152596.6119 11187388    0.17%
Elapsed time = 2788.22 sec. (1743041.14 ticks, tree = 518.18 MB, solutions = 1)
 685674 309778        cutoff         152337.3712   152595.8327 11209558    0.17%
 687140 309868   152340.6420   418   152337.3712   152595.0743 11232893    0.17%
 688561 309917   152395.8009   275   152337.3712   152594.2733 11257136    0.17%
 689949 309823   152592.7009   300   152337.3712   152593.4603 11281331    0.17%
 691426 309900   152383.0276   299   152337.3712   152592.7272 11307091    0.17%
 692880 310024   152438.5053   258   152337.3712   152592.0177 11329007    0.17%
 694454 310225   152386.3184    96   152337.3712   152591.2655 11353439    0.17%
 695937 310351        cutoff         152337.3712   152590.4874 11377234    0.17%
 697409 310444   152338.2721   359   152337.3712   152589.7402 11403229    0.17%
 698804 310389   152430.3016   266   152337.3712   152588.9127 11428083    0.17%
Elapsed time = 2849.29 sec. (1781218.63 ticks, tree = 519.94 MB, solutions = 1)
 700247 310509   152503.2408   384   152337.3712   152588.2076 11450774    0.16%
 701679 310504   152389.0465   354   152337.3712   152587.3807 11474126    0.16%
 703123 310597   152452.4110   346   152337.3712   152586.7316 11496247    0.16%
 704507 310581        cutoff         152337.3712   152585.9900 11518958    0.16%
 705960 310645        cutoff         152337.3712   152585.3810 11543460    0.16%
 707306 310726   152379.0905   273   152337.3712   152584.6911 11564931    0.16%
 708743 310775        cutoff         152337.3712   152583.9870 11588231    0.16%
 710210 310855   152499.3639   378   152337.3712   152583.2323 11612742    0.16%
 711660 310847   152400.4985   399   152337.3712   152582.4658 11635879    0.16%
 713123 310975        cutoff         152337.3712   152581.8211 11663300    0.16%
Elapsed time = 2910.92 sec. (1819421.78 ticks, tree = 521.49 MB, solutions = 1)
 714469 310933        cutoff         152337.3712   152581.0729 11687991    0.16%
 715896 311077   152407.3073   257   152337.3712   152580.4709 11710660    0.16%
 717290 311122   152418.5981   260   152337.3712   152579.7871 11733242    0.16%
 718699 311138   152496.4669   261   152337.3712   152579.0452 11756673    0.16%
 720150 311281        cutoff         152337.3712   152578.4064 11778379    0.16%
 721602 311385   152445.1132   197   152337.3712   152577.7437 11804809    0.16%
 723078 311489        cutoff         152337.3712   152577.0749 11828786    0.16%
 724442 311469        cutoff         152337.3712   152576.4066 11849215    0.16%
 725831 311470        cutoff         152337.3712   152575.7349 11873745    0.16%
 727269 311401   152506.5797   211   152337.3712   152574.9534 11897518    0.16%
Elapsed time = 2970.18 sec. (1857578.27 ticks, tree = 522.77 MB, solutions = 1)
 728682 311418        cutoff         152337.3712   152574.2414 11922031    0.16%
 730122 311301   152362.0181   343   152337.3712   152573.3848 11944440    0.15%
 731546 311196   152418.4568   279   152337.3712   152572.5920 11968837    0.15%
 733004 311043   152465.7581   365   152337.3712   152571.8140 11991749    0.15%
 734522 311105        cutoff         152337.3712   152571.0988 12016404    0.15%
 735970 311094   152372.1632   383   152337.3712   152570.3840 12041090    0.15%
 737429 311134   152361.6234   355   152337.3712   152569.7209 12065699    0.15%
 738870 311118        cutoff         152337.3712   152569.0189 12090176    0.15%
 740326 311092   152485.0441   359   152337.3712   152568.3461 12115683    0.15%
 741719 311102   152420.3170   268   152337.3712   152567.6722 12138753    0.15%
Elapsed time = 3030.01 sec. (1895776.69 ticks, tree = 522.89 MB, solutions = 1)
 743175 311149        cutoff         152337.3712   152566.9823 12163827    0.15%
 744552 311037        cutoff         152337.3712   152566.3211 12187975    0.15%
 745945 310936   152369.2003   254   152337.3712   152565.5297 12212215    0.15%
 747370 310826   152476.7966   293   152337.3712   152564.7994 12236529    0.15%
 748810 310874        cutoff         152337.3712   152564.1653 12261674    0.15%
 750289 310861   152478.2959   249   152337.3712   152563.4857 12284852    0.15%
 751756 310823   152426.1803   268   152337.3712   152562.7019 12309251    0.15%
 753138 310675        cutoff         152337.3712   152561.9665 12334349    0.15%
 754562 310617        cutoff         152337.3712   152561.2872 12359091    0.15%
 755947 310422        cutoff         152337.3712   152560.5462 12382692    0.15%
Elapsed time = 3089.70 sec. (1933943.71 ticks, tree = 522.39 MB, solutions = 1)
 757415 310408        cutoff         152337.3712   152559.8542 12407466    0.15%
 758848 310279   152361.3238   216   152337.3712   152559.1018 12432487    0.15%
 760300 310185   152357.8264   224   152337.3712   152558.3991 12455767    0.15%
 761750 310129        cutoff         152337.3712   152557.6988 12481685    0.14%
 763234 310038   152411.5384   358   152337.3712   152556.9746 12504726    0.14%
 764709 309957   152410.3962   394   152337.3712   152556.2502 12528936    0.14%
 766209 309936   152387.0772   266   152337.3712   152555.5383 12554223    0.14%
 767673 309809        cutoff         152337.3712   152554.8111 12578271    0.14%
 769156 309836   152346.2665   210   152337.3712   152554.1571 12602393    0.14%
 770598 309750        cutoff         152337.3712   152553.4636 12628654    0.14%
Elapsed time = 3149.47 sec. (1972118.78 ticks, tree = 521.91 MB, solutions = 1)
 772044 309723   152345.9697   138   152337.3712   152552.7719 12652071    0.14%
 773500 309610   152414.3479    97   152337.3712   152552.0477 12676224    0.14%
 774854 309442        cutoff         152337.3712   152551.3718 12701407    0.14%
 776287 309271   152362.8740   228   152337.3712   152550.6371 12726270    0.14%
 777734 309163        cutoff         152337.3712   152549.9319 12749983    0.14%
 779113 308975   152340.6285   265   152337.3712   152549.2830 12772188    0.14%
 780574 308892        cutoff         152337.3712   152548.6269 12796538    0.14%
 781969 308784        cutoff         152337.3712   152547.9153 12821759    0.14%
 783391 308674   152405.3690   226   152337.3712   152547.2840 12845044    0.14%
 784820 308534        cutoff         152337.3712   152546.6277 12867614    0.14%
Elapsed time = 3209.26 sec. (2010277.91 ticks, tree = 520.49 MB, solutions = 1)
 786147 308312   152538.9767   251   152337.3712   152545.9017 12891554    0.14%
 787612 308321        cutoff         152337.3712   152545.2424 12915024    0.14%
 788995 308108        cutoff         152337.3712   152544.5825 12938936    0.14%
 790415 307997        cutoff         152337.3712   152543.9325 12962230    0.14%
 791829 307848   152373.9083   243   152337.3712   152543.2824 12986741    0.14%
 793057 307788   152493.2344   214   152337.3712   152542.7265 13007711    0.13%
 793619 307807   152403.8984   200   152337.3712   152542.5020 13016283    0.13%
 794219 307740   152394.0689   175   152337.3712   152542.1620 13026316    0.13%
 795019 307601   152526.5069   244   152337.3712   152541.7500 13039691    0.13%
 795319 307601   152383.8610   206   152337.3712   152541.6256 13045198    0.13%
Elapsed time = 3274.48 sec. (2049739.98 ticks, tree = 519.38 MB, solutions = 1)
 795619 307609   152362.5577   323   152337.3712   152541.5090 13049778    0.13%
 796019 307610   152417.8406   247   152337.3712   152541.3421 13057520    0.13%
 796219 307638   152433.0255   236   152337.3712   152541.2771 13060658    0.13%
 796419 307619   152367.2972   210   152337.3712   152541.1719 13063645    0.13%
 796519 307634   152454.2328   234   152337.3712   152541.1438 13064942    0.13%
 796719 307600   152338.7039   158   152337.3712   152541.0392 13067723    0.13%
 797019 307551   152398.4995   192   152337.3712   152540.9063 13072238    0.13%
 797119 307507   152412.5932   203   152337.3712   152540.8383 13073981    0.13%
 797219 307503   152377.5650   215   152337.3712   152540.7922 13075732    0.13%
 797419 307466   152349.5320   213   152337.3712   152540.6666 13078973    0.13%
Elapsed time = 3367.45 sec. (2103236.99 ticks, tree = 519.25 MB, solutions = 1)
 797819 307454   152364.0509   184   152337.3712   152540.5043 13085096    0.13%
 798104 307437   152463.8490   175   152337.3712   152540.3988 13089347    0.13%
 798319 307430   152353.1408   184   152337.3712   152540.3129 13092424    0.13%
 799359 307234   152343.1868   120   152337.3712   152539.7562 13109932    0.13%
 800607 307261   152338.8350   112   152337.3712   152539.2681 13129438    0.13%
 801692 307146   152433.3076   228   152337.3712   152538.7404 13148181    0.13%
 802864 307015        cutoff         152337.3712   152538.1714 13166976    0.13%
 804123 306869   152341.8787   340   152337.3712   152537.5944 13186074    0.13%
 805319 306751   152344.3419   312   152337.3712   152537.0316 13205121    0.13%
 806546 306558        cutoff         152337.3712   152536.4256 13225355    0.13%
Elapsed time = 3444.30 sec. (2149438.37 ticks, tree = 518.14 MB, solutions = 1)
 807662 306342        cutoff         152337.3712   152535.8325 13244774    0.13%
 808630 306249   152361.9356   301   152337.3712   152535.3676 13261606    0.13%
 809819 306161   152465.1042   318   152337.3712   152534.8623 13281263    0.13%
 810945 306071        cutoff         152337.3712   152534.3664 13297531    0.13%
 811774 305923        cutoff         152337.3712   152533.9313 13310924    0.13%
 812969 305969        cutoff         152337.3712   152533.5142 13330828    0.13%
 814271 305738        cutoff         152337.3712   152532.8645 13352695    0.13%
 815119 305569   152352.6017   209   152337.3712   152532.4633 13366535    0.13%
 816319 305424   152434.6116   301   152337.3712   152531.9768 13385033    0.13%
 817519 305185   152458.7609   186   152337.3712   152531.3666 13406762    0.13%
Elapsed time = 3509.96 sec. (2189759.18 ticks, tree = 516.32 MB, solutions = 1)
 818701 304930        cutoff         152337.3712   152530.8059 13426665    0.13%
 819799 304801   152484.1489   179   152337.3712   152530.3036 13444662    0.13%
 820981 304679   152529.2157   242   152337.3712   152529.7315 13463848    0.13%
 822234 304563   152382.7191   380   152337.3712   152529.1636 13483787    0.13%
 823319 304483   152361.6887   288   152337.3712   152528.6738 13502115    0.13%
 824419 304346   152365.8400   206   152337.3712   152528.1324 13519668    0.13%
 825478 304222        cutoff         152337.3712   152527.6583 13536774    0.12%
 826632 303955   152357.3010   212   152337.3712   152527.1022 13555777    0.12%
 827704 303731   152383.0457   403   152337.3712   152526.5633 13573893    0.12%
 828895 303549   152378.4428   338   152337.3712   152526.0114 13593041    0.12%
Elapsed time = 3572.83 sec. (2228139.90 ticks, tree = 514.08 MB, solutions = 1)
 830110 303376        cutoff         152337.3712   152525.4707 13612304    0.12%
 831265 303197   152437.2347   170   152337.3712   152524.9154 13630291    0.12%
 832381 302986        cutoff         152337.3712   152524.4073 13648489    0.12%
 833405 302781        cutoff         152337.3712   152523.9447 13665766    0.12%

GUB cover cuts applied:  1
Implied bound cuts applied:  1260
Flow cuts applied:  54
Mixed integer rounding cuts applied:  67
Zero-half cuts applied:  1
Lift and project cuts applied:  116
Gomory fractional cuts applied:  58

Root node processing (before b&c):
  Real time             =    2.23 sec. (1051.80 ticks)
Sequential b&c:
  Real time             = 3597.77 sec. (2245496.46 ticks)
                          ------------
Total (root+branch&cut) = 3600.01 sec. (2246548.26 ticks)
