1 of 1 MIP starts provided solutions.
MIP start 'm1' defined initial solution with objective 132201.1846.
Tried aggregator 1 time.
MIP Presolve eliminated 1 rows and 1 columns.
Reduced MIP has 3281 rows, 1840 columns, and 21735 nonzeros.
Reduced MIP has 1441 binaries, 0 generals, 0 SOSs, and 0 indicators.
Presolve time = 0.01 sec. (7.27 ticks)
Probing time = 0.01 sec. (2.76 ticks)
Tried aggregator 1 time.
Reduced MIP has 3281 rows, 1840 columns, and 21735 nonzeros.
Reduced MIP has 1441 binaries, 0 generals, 0 SOSs, and 0 indicators.
Presolve time = 0.02 sec. (8.86 ticks)
Probing time = 0.01 sec. (2.77 ticks)
Clique table members: 2209.
MIP emphasis: balance optimality and feasibility.
MIP search method: dynamic search.
Parallel mode: none, using 1 thread.
Root relaxation solution time = 0.03 sec. (20.24 ticks)

        Nodes                                         Cuts/
   Node  Left     Objective  IInf  Best Integer    Best Bound    ItCnt     Gap

*     0+    0                       132201.1846   149658.0111     1565   13.20%
      0     0   142972.9695   389   132201.1846   142972.9695     1565    8.15%
      0     0   138617.6223   379   132201.1846     Cuts: 736     1967    4.85%
      0     0   137087.3948   377   132201.1846     Cuts: 636     2342    3.70%
      0     0   136608.6804   404   132201.1846     Cuts: 341     2562    3.33%
      0     0   136413.2497   384   132201.1846     Cuts: 199     2722    3.19%
      0     0   136296.3531   367   132201.1846     Cuts: 117     2822    3.10%
      0     0   136213.4504   377   132201.1846     Cuts: 101     2915    3.03%
      0     0   136169.7564   415   132201.1846      Cuts: 92     2997    3.00%
      0     0   136134.5184   390   132201.1846      Cuts: 70     3052    2.98%
      0     0   136121.8886   399   132201.1846      Cuts: 47     3096    2.97%
      0     0   136101.9194   396   132201.1846      Cuts: 21     3118    2.95%
      0     0   136087.1429   390   132201.1846      Cuts: 32     3143    2.94%
      0     0   136080.9277   398   132201.1846      Cuts: 16     3157    2.93%
      0     2   136080.9277   398   132201.1846   136053.0613     3157    2.91%
Elapsed time = 1.54 sec. (741.27 ticks, tree = 0.00 MB, solutions = 1)
     57    59   135171.4356   319   132201.1846   136020.4162     3984    2.89%
    149   148   133727.8766   222   132201.1846   136020.4162     5361    2.89%
    245   213    infeasible         132201.1846   136000.1302     6775    2.87%
    337   301   133281.2851   223   132201.1846   136000.1302     8532    2.87%
    432   378   135302.4284   311   132201.1846   135919.4872     9482    2.81%
    475   421   134028.2461   401   132201.1846   134028.1525    13439    1.38%
    476   422   134028.1158   399   132201.1846   134028.0479    13445    1.38%
    478   423   133550.5262   368   132201.1846   134025.0523    13505    1.38%
    480   424   133538.7550   359   132201.1846   134025.0523    13517    1.38%
    523   377   132564.9970   281   132201.1846   134025.0523    13921    1.38%
Elapsed time = 13.71 sec. (7288.71 ticks, tree = 1.27 MB, solutions = 1)
    648   344   132342.3017   294   132201.1846   134019.4674    14936    1.38%
    955   476   132618.2150   333   132201.1846   133997.2055    17131    1.36%
   1355   701   132202.6690   245   132201.1846   133921.8995    20626    1.30%
   1807  1087   132590.8759   204   132201.1846   133899.9130    24325    1.28%
   2173  1377   133171.6921   275   132201.1846   133861.5989    27638    1.26%
   2692  1832   133470.2504   291   132201.1846   133768.1291    31572    1.19%
   3269  2339   133043.5682   302   132201.1846   133741.0123    35120    1.16%
   3835  2845   132937.5653   257   132201.1846   133698.5534    39082    1.13%
   4475  3400   133126.1673   233   132201.1846   133680.4511    43433    1.12%
   5115  3970   132850.4556   292   132201.1846   133652.3020    47429    1.10%
Elapsed time = 30.34 sec. (16916.49 ticks, tree = 5.00 MB, solutions = 1)
   5649  4417   132789.7946   236   132201.1846   133630.2938    51956    1.08%
   6283  4989   133264.3292   277   132201.1846   133616.6367    56302    1.07%
   6855  5491        cutoff         132201.1846   133584.8767    60529    1.05%
   7341  5930   132449.8846   192   132201.1846   133571.6151    64726    1.04%
   7872  6381   132982.0965   127   132201.1846   133555.0022    68932    1.02%
   8283  6712   132407.6167   343   132201.1846   133542.0042    73057    1.01%
   8734  7090   132261.2992   284   132201.1846   133532.8674    77305    1.01%
   9197  7453   132820.2267   227   132201.1846   133524.2243    81368    1.00%
   9752  7937   132935.1275   285   132201.1846   133520.0897    85996    1.00%
   9975  8093   132974.2923   280   132201.1846   133515.7907    89301    0.99%
Elapsed time = 49.34 sec. (28121.29 ticks, tree = 10.18 MB, solutions = 1)
   9977  8095   133559.9324   428   132201.1846   133513.9968    92533    0.99%
   9983  6749   133538.7364   412   132201.1846   133513.9968    92651    0.99%
  10005  6755   132738.4043   347   132201.1846   133513.9968    92869    0.99%
  10033  6336   132967.1948   388   132201.1846   133513.9968    93210    0.99%
  10057  5893   132842.8762   340   132201.1846   133513.9968    93483    0.99%
  10090  5661   132306.1197   272   132201.1846   133513.9968    93728    0.99%
  10107  5390   133504.7336   379   132201.1846   133513.9968    94236    0.99%
  10133  5406   133389.5939   325   132201.1846   133513.9968    94507    0.99%
  10205  5447   133029.0415   157   132201.1846   133513.9968    94967    0.99%
  10311  5341   132519.2566   302   132201.1846   133503.0721    96104    0.98%
Elapsed time = 70.68 sec. (40314.73 ticks, tree = 6.79 MB, solutions = 1)
  10436  5192   132796.9595   190   132201.1846   133499.5566    97104    0.98%
  10607  5106   132428.9415   323   132201.1846   133460.1451    99281    0.95%
  10785  5060   132293.6742   219   132201.1846   133429.0551   101018    0.93%
  11006  5011   132379.9093   314   132201.1846   133393.9848   102618    0.90%
  11206  4986   132274.1398   202   132201.1846   133367.6417   104501    0.88%
  11467  5031   132441.5456   193   132201.1846   133339.0681   106410    0.86%
  11730  5096   132476.6035   172   132201.1846   133335.5198   108874    0.86%
  12029  5181   132572.6057   258   132201.1846   133324.1198   111159    0.85%
  12346  5307   132441.1948    65   132201.1846   133316.0571   113623    0.84%
  12589  5360   132688.1942   255   132201.1846   133277.4786   116097    0.81%
Elapsed time = 87.75 sec. (49873.19 ticks, tree = 6.69 MB, solutions = 1)
  12933  5456   132269.4265   149   132201.1846   133237.4113   118679    0.78%
  13278  5573   132770.6788   194   132201.1846   133200.4162   121230    0.76%
  13638  5668   132914.6878   149   132201.1846   133171.4677   124394    0.73%
  13995  5794   133040.4600   277   132201.1846   133156.3720   127642    0.72%
  14376  5898   132241.3711   109   132201.1846   133110.7186   130951    0.69%
  14783  6051   132220.7279   164   132201.1846   133093.2992   133782    0.67%
  15146  6170   132467.3050   166   132201.1846   133081.7711   136739    0.67%
  15531  6275   132662.4980   172   132201.1846   133062.3769   139889    0.65%
  15850  6376        cutoff         132201.1846   133053.8232   142435    0.64%
  16169  6511   132255.7736   166   132201.1846   133041.0414   144899    0.64%
Elapsed time = 105.28 sec. (59448.01 ticks, tree = 8.17 MB, solutions = 1)
  16504  6592   132520.5621   152   132201.1846   133031.9576   147384    0.63%
  16878  6702   132304.5007   196   132201.1846   133017.4063   150986    0.62%
  17246  6814   132501.1996   177   132201.1846   133000.1516   154067    0.60%
  17629  6908   132296.8055   217   132201.1846   132991.4082   157210    0.60%
  18061  7078   132460.5366    99   132201.1846   132988.0632   160828    0.60%
  18489  7236   132141.6891   262   132201.1846   132982.0021   164399    0.59%
  18897  7361   132512.0422   203   132201.1846   132969.6859   168060    0.58%
  19283  7456   132280.2605   204   132201.1846   132963.6571   171360    0.58%
  19709  7598   132651.3250   167   132201.1846   132953.6250   174830    0.57%
  20063  7819   132280.0350   254   132201.1846   132948.7212   178336    0.57%
Elapsed time = 122.98 sec. (69009.59 ticks, tree = 9.69 MB, solutions = 1)
  20415  8054   132631.7230   293   132201.1846   132942.7182   181676    0.56%
  20848  8389   132417.6026   207   132201.1846   132936.7998   185296    0.56%
  21195  8642   132290.2905   152   132201.1846   132926.7067   188659    0.55%
  21577  8919   132527.8366   260   132201.1846   132922.8094   192172    0.55%
  21938  9175   132219.9125   157   132201.1846   132918.6402   195351    0.54%
  22372  9531   131347.9611    14   132201.1846   132913.3785   198561    0.54%
  22798  9875   132412.0727   113   132201.1846   132902.4989   202491    0.53%
  23185 10181   132451.1907   201   132201.1846   132898.5955   206111    0.53%
  23630 10543   132502.9518   218   132201.1846   132889.1970   210412    0.52%
  24040 10876   132429.0971   167   132201.1846   132884.5504   213873    0.52%
Elapsed time = 140.00 sec. (78568.26 ticks, tree = 13.65 MB, solutions = 1)
  24472 11216   132334.6561    36   132201.1846   132880.4081   217465    0.51%
  24863 11481   132557.8827   269   132201.1846   132875.9398   221731    0.51%
  25308 11803   132261.9295   150   132201.1846   132872.1474   225445    0.51%
  25692 12070   132369.2062   249   132201.1846   132867.8749   228863    0.50%
  26071 12347   132382.6291   121   132201.1846   132865.8893   232258    0.50%
  26503 12696   132495.4368    81   132201.1846   132863.3648   235792    0.50%
  26942 13021   132335.9799   190   132201.1846   132858.3117   239316    0.50%
  27319 13274   132552.4367   263   132201.1846   132852.7165   243085    0.49%
  27718 13572   132240.5756   212   132201.1846   132849.5830   246581    0.49%
  28056 13782   132375.3042    47   132201.1846   132844.8689   250632    0.49%
Elapsed time = 156.90 sec. (88130.90 ticks, tree = 17.22 MB, solutions = 1)
  28484 14104   132231.9568    47   132201.1846   132841.8654   254626    0.48%
  28915 14449   132242.6069   155   132201.1846   132837.6620   258637    0.48%
  29353 14795   132559.1471   230   132201.1846   132833.9532   262526    0.48%
  29721 15088   132391.9249   169   132201.1846   132829.9267   265736    0.48%
  30040 15300   132546.6861   220   132201.1846   132825.9634   268976    0.47%
  30377 15531   132493.8525   183   132201.1846   132822.0693   272094    0.47%
  30712 15767   132349.4008   103   132201.1846   132817.8266   275919    0.47%
  31105 16030   132253.0959   208   132201.1846   132813.8436   279749    0.46%
  31514 16345   132445.8095   116   132201.1846   132811.6689   283222    0.46%
  33110 17544   132740.2232   272   132201.1846   132797.0427   298279    0.45%
Elapsed time = 178.68 sec. (100560.82 ticks, tree = 22.29 MB, solutions = 1)
  34555 18573   132625.9951    86   132201.1846   132785.0701   311601    0.44%
  36150 19761   132345.4351    45   132201.1846   132775.6108   326358    0.43%
  37680 20845   132221.5853    87   132201.1846   132762.4455   341057    0.42%
  39172 21865   132336.4078   124   132201.1846   132753.5135   355140    0.42%
  40813 23042   132370.8473   109   132201.1846   132743.8534   371393    0.41%
  42352 24145   132351.3450    93   132201.1846   132734.4840   385723    0.40%
  43833 25168   132582.4827   257   132201.1846   132727.3757   399998    0.40%
  45565 26438   132233.7300   148   132201.1846   132718.7307   416111    0.39%
  46985 27361   132275.1502    93   132201.1846   132712.3288   429597    0.39%
  48541 28395   132485.5755   140   132201.1846   132703.6144   444065    0.38%
Elapsed time = 244.36 sec. (138724.14 ticks, tree = 35.65 MB, solutions = 1)
  50067 29387   132455.7205   211   132201.1846   132695.5283   460908    0.37%
  51583 30396   132379.4309    77   132201.1846   132690.0232   476080    0.37%
  53077 31371   132392.3420   101   132201.1846   132682.6221   490950    0.36%
  54789 32541   132491.4244    46   132201.1846   132676.3715   508474    0.36%
  56436 33584   132274.9805   151   132201.1846   132669.0327   526205    0.35%
  57937 34500   132363.2087   145   132201.1846   132662.6547   543035    0.35%
  59555 35589   132224.1333   106   132201.1846   132657.5917   562009    0.35%
  61206 36639   132216.5795    82   132201.1846   132651.9469   580781    0.34%
  62733 37629   132272.0666   129   132201.1846   132647.0184   598393    0.34%
  64378 38666   132323.5530   114   132201.1846   132639.6515   617216    0.33%
Elapsed time = 310.27 sec. (176895.95 ticks, tree = 49.28 MB, solutions = 1)
  66004 39774   132258.2627   228   132201.1846   132635.5769   632956    0.33%
  67564 40750   132524.8684    99   132201.1846   132631.0383   649074    0.33%
  69293 41842        cutoff         132201.1846   132625.7014   667836    0.32%
  71170 43103   132577.1970   171   132201.1846   132621.1185   687352    0.32%
  72855 44272        cutoff         132201.1846   132617.0347   704648    0.31%
  74558 45304   132484.5101    60   132201.1846   132611.9603   724512    0.31%
  76487 46641   132470.4229    67   132201.1846   132607.4652   744220    0.31%
  78097 47688   132268.5568   204   132201.1846   132603.9172   761068    0.30%
  79759 48686   132429.6707   189   132201.1846   132600.4483   778847    0.30%
  81558 49811   132234.7694   159   132201.1846   132596.0827   798483    0.30%
Elapsed time = 377.03 sec. (215073.63 ticks, tree = 63.12 MB, solutions = 1)
  83276 50868   132210.5243   218   132201.1846   132592.7233   816834    0.30%
  84799 51704   132211.8032    72   132201.1846   132588.6625   834429    0.29%
  86585 52793   132400.8323    73   132201.1846   132585.3362   853199    0.29%
  88490 53994   132270.8047    45   132201.1846   132581.7961   872327    0.29%
  90274 55133   132263.6754    37   132201.1846   132578.2600   890603    0.29%
  91913 56120   132346.3171   260   132201.1846   132575.0546   908402    0.28%
  93673 57201   132457.5909    65   132201.1846   132571.4136   926965    0.28%
  95438 58259   132266.4829   156   132201.1846   132568.1067   945658    0.28%
  97099 59232   132243.6366    77   132201.1846   132565.0718   963316    0.28%
  98744 60182        cutoff         132201.1846   132562.3412   980747    0.27%
Elapsed time = 443.58 sec. (253236.57 ticks, tree = 76.05 MB, solutions = 1)
 100378 61217   132329.5878   194   132201.1846   132559.6804   998104    0.27%
 102103 62208   132230.5161    70   132201.1846   132556.7581  1016695    0.27%
 103761 63224   132234.7371    39   132201.1846   132553.8792  1035273    0.27%
 105259 63994   132392.6053    82   132201.1846   132550.8552  1052852    0.26%
 107031 64925   132274.1314   132   132201.1846   132547.2693  1073028    0.26%
 108900 66081   132394.6726   175   132201.1846   132544.8613  1093240    0.26%
 110519 66912   132343.5562   108   132201.1846   132541.4267  1112528    0.26%
 112116 67757        cutoff         132201.1846   132538.6476  1131229    0.26%
 113848 68693        cutoff         132201.1846   132536.4749  1151341    0.25%
 115469 69562   132423.4199    41   132201.1846   132533.0793  1171269    0.25%
Elapsed time = 510.83 sec. (291394.40 ticks, tree = 89.73 MB, solutions = 1)
 117064 70429   132344.2570    64   132201.1846   132530.4789  1189011    0.25%
 118665 71269   132450.2985    88   132201.1846   132528.2395  1208764    0.25%
 120563 72371   132206.7965    77   132201.1846   132525.4793  1230056    0.25%
 122254 73262   132211.5065    51   132201.1846   132522.4534  1250012    0.24%
 123858 74054   132277.0322    67   132201.1846   132519.9187  1269602    0.24%
 125564 74948   132262.3592    37   132201.1846   132517.6073  1289168    0.24%
 127368 75898        cutoff         132201.1846   132514.7085  1310524    0.24%
 129023 76650   132288.3649   215   132201.1846   132511.7375  1329691    0.23%
 130700 77455   132213.9823    82   132201.1846   132509.2675  1350085    0.23%
 132374 78206   132284.8207    47   132201.1846   132506.7505  1370199    0.23%
Elapsed time = 577.97 sec. (329587.62 ticks, tree = 100.62 MB, solutions = 1)
 134074 78898        cutoff         132201.1846   132503.9062  1392738    0.23%
 135831 79755   132213.3363   129   132201.1846   132500.9683  1415649    0.23%
 137447 80491   132369.3767    75   132201.1846   132498.8434  1434847    0.23%
 139189 81231   132260.7248    49   132201.1846   132496.4476  1455830    0.22%
 140898 81999   132203.4719    38   132201.1846   132493.9542  1476269    0.22%
 142654 82780   132235.8649   150   132201.1846   132491.4622  1497381    0.22%
 144329 83485   132376.0901    85   132201.1846   132489.0132  1517101    0.22%
 146002 84260        cutoff         132201.1846   132486.9402  1536238    0.22%
 147729 84941   132219.0368    91   132201.1846   132484.5353  1558175    0.21%
 149419 85714   132291.9933    78   132201.1846   132482.4004  1578348    0.21%
Elapsed time = 644.04 sec. (367758.32 ticks, tree = 110.16 MB, solutions = 1)
 151257 86687   132272.4294    33   132201.1846   132480.6163  1598145    0.21%
 152834 87350   132318.9815   166   132201.1846   132478.4361  1616871    0.21%
 154377 88000   132403.7097    95   132201.1846   132476.5266  1635203    0.21%
 156001 88639   132426.1108    72   132201.1846   132474.3998  1654340    0.21%
 157614 89316   132235.2458    79   132201.1846   132472.3987  1672955    0.21%
 159155 89890   132307.0377    90   132201.1846   132470.1927  1692029    0.20%
 160737 90511   132259.1197    92   132201.1846   132468.3572  1711649    0.20%
 162385 91252   132231.3751    57   132201.1846   132466.5150  1731040    0.20%
 164065 91997   132260.2307   171   132201.1846   132464.6891  1751012    0.20%
 165839 92719   132261.4750   185   132201.1846   132462.5499  1771950    0.20%
Elapsed time = 710.62 sec. (405911.73 ticks, tree = 119.10 MB, solutions = 1)
 167466 93287   132374.5437    97   132201.1846   132460.4876  1792815    0.20%
 168977 93920   132343.1115    92   132201.1846   132458.5672  1811390    0.19%
 170656 94564   132259.1915    72   132201.1846   132456.7378  1831660    0.19%
 172366 95282   132276.6782    82   132201.1846   132454.8103  1851247    0.19%
 174048 95944   132235.7358    52   132201.1846   132452.8503  1871643    0.19%
 175600 96551        cutoff         132201.1846   132451.3347  1890948    0.19%
 177130 97170        cutoff         132201.1846   132449.4353  1909128    0.19%
 178853 97836   132266.1305    64   132201.1846   132447.3859  1930628    0.19%
 180514 98565   132211.1546   127   132201.1846   132445.6373  1950739    0.18%
 182245 99164   132381.0964   164   132201.1846   132443.8873  1972059    0.18%
Elapsed time = 775.47 sec. (444084.08 ticks, tree = 127.36 MB, solutions = 1)
 183829 99717   132407.2881    95   132201.1846   132442.1766  1992542    0.18%
 185349 100182   132360.3215    32   132201.1846   132440.2859  2011397    0.18%
 187025 100631   132219.6576    54   132201.1846   132438.2000  2033043    0.18%
 188732 101166        cutoff         132201.1846   132436.2544  2053715    0.18%
 190475 101789        cutoff         132201.1846   132434.5866  2074772    0.18%
 192153 102290        cutoff         132201.1846   132432.4258  2094658    0.17%
 193889 102734        cutoff         132201.1846   132430.3702  2115814    0.17%
 195590 103166        cutoff         132201.1846   132428.3668  2137923    0.17%
 197367 103772        cutoff         132201.1846   132426.5126  2158717    0.17%
 199065 104184   132266.0934    66   132201.1846   132424.3198  2180346    0.17%
Elapsed time = 840.81 sec. (482246.61 ticks, tree = 133.86 MB, solutions = 1)
 200753 104669   132331.6035    56   132201.1846   132422.4974  2200898    0.17%
 202510 105213   132207.2470    42   132201.1846   132420.6457  2221362    0.17%
 204277 105672   132352.7153    72   132201.1846   132418.7065  2243126    0.16%
 206063 106218        cutoff         132201.1846   132416.9615  2265226    0.16%
 207776 106599   132373.1369    80   132201.1846   132415.0294  2287321    0.16%
 209386 107080        cutoff         132201.1846   132413.4678  2306828    0.16%
 211023 107530        cutoff         132201.1846   132411.9387  2327464    0.16%
 212804 107990   132208.5229   101   132201.1846   132410.2689  2348310    0.16%
 214578 108495   132358.1146    56   132201.1846   132408.6891  2369144    0.16%
 216387 109000   132359.8183    69   132201.1846   132406.9794  2390391    0.16%
Elapsed time = 903.98 sec. (520405.23 ticks, tree = 140.13 MB, solutions = 1)
 218027 109381   132213.2262   197   132201.1846   132405.4270  2410151    0.15%
 219543 109667   132207.4489   103   132201.1846   132403.8032  2428516    0.15%
 221291 110130   132268.1795    80   132201.1846   132402.2268  2449074    0.15%
 222952 110578   132247.4341   174   132201.1846   132400.7287  2468962    0.15%
 224587 110885        cutoff         132201.1846   132399.1718  2487630    0.15%
 226179 111184        cutoff         132201.1846   132397.5931  2506538    0.15%
 227678 111436   132351.7316    93   132201.1846   132396.0596  2524674    0.15%
 229311 111733        cutoff         132201.1846   132394.4220  2544326    0.15%
 230870 111970   132286.2614    45   132201.1846   132392.8144  2563779    0.14%
 232525 112239   132252.8252    71   132201.1846   132391.0228  2583232    0.14%
Elapsed time = 965.53 sec. (558569.38 ticks, tree = 144.42 MB, solutions = 1)
 234259 112582   132328.4059    50   132201.1846   132389.5226  2602179    0.14%
 235901 112841        cutoff         132201.1846   132387.9954  2622077    0.14%
 237582 113222        cutoff         132201.1846   132386.5085  2641825    0.14%
 239245 113504   132322.1685    78   132201.1846   132385.0724  2661804    0.14%
 240977 113773   132350.7684    46   132201.1846   132383.5085  2682407    0.14%
 242815 114097   132212.1595   113   132201.1846   132381.9671  2703559    0.14%
 244499 114362        cutoff         132201.1846   132380.5043  2723440    0.14%
 246100 114503   132223.1811   128   132201.1846   132379.0104  2742246    0.13%
 247758 114739   132264.7010    96   132201.1846   132377.6197  2760557    0.13%
 249476 114938   132278.1568    81   132201.1846   132375.9521  2780898    0.13%
Elapsed time = 1027.05 sec. (596761.68 ticks, tree = 148.07 MB, solutions = 1)
 251278 115229   132321.4398    64   132201.1846   132374.3529  2801116    0.13%
 252988 115259        cutoff         132201.1846   132372.6566  2820711    0.13%
 254627 115562   132275.0721    44   132201.1846   132371.3803  2838514    0.13%
 256348 115655   132207.6266    21   132201.1846   132369.8219  2857989    0.13%
 258025 115733        cutoff         132201.1846   132368.2568  2877512    0.13%
 259767 115797   132224.9906   162   132201.1846   132366.6401  2898462    0.13%
 261591 116138   132238.6440    62   132201.1846   132365.3354  2918175    0.12%
 263423 116359        cutoff         132201.1846   132363.9770  2938132    0.12%
 265186 116495   132234.7995    34   132201.1846   132362.4770  2957648    0.12%
 266977 116655   132286.6292    61   132201.1846   132360.8948  2977147    0.12%
Elapsed time = 1088.13 sec. (634967.64 ticks, tree = 150.50 MB, solutions = 1)
 268761 116617   132231.4723    45   132201.1846   132359.3150  2998287    0.12%
 270534 116642   132237.4211    57   132201.1846   132357.8141  3017743    0.12%
 272278 116738   132226.5987    80   132201.1846   132356.4040  3037035    0.12%
 273889 116807        cutoff         132201.1846   132355.1614  3055890    0.12%
 275478 116848   132251.9857    54   132201.1846   132353.8506  3074547    0.12%
 277114 116845   132286.2672   103   132201.1846   132352.4235  3092657    0.11%
 278843 116883   132216.6076    72   132201.1846   132351.1133  3112108    0.11%
 280626 117010        cutoff         132201.1846   132349.7172  3131443    0.11%
 282429 116998   132205.1998    73   132201.1846   132348.2857  3151357    0.11%
 284114 116932        cutoff         132201.1846   132346.8152  3169550    0.11%
Elapsed time = 1150.73 sec. (673121.71 ticks, tree = 151.13 MB, solutions = 1)
 285811 116876        cutoff         132201.1846   132345.3589  3188351    0.11%
 287708 116660        cutoff         132201.1846   132343.7511  3209416    0.11%
 289516 116567        cutoff         132201.1846   132342.3298  3229823    0.11%
 291412 116387        cutoff         132201.1846   132340.7219  3251308    0.11%
 293225 116246        cutoff         132201.1846   132339.2728  3270564    0.10%
 295049 116130   132249.5941    65   132201.1846   132337.9140  3289806    0.10%
 296842 115896        cutoff         132201.1846   132336.4654  3309257    0.10%
 298677 115728   132286.1366    72   132201.1846   132334.9971  3329495    0.10%
 300561 115587   132238.8813    49   132201.1846   132333.6484  3349828    0.10%
 302408 115425        cutoff         132201.1846   132332.2395  3370071    0.10%
Elapsed time = 1213.97 sec. (711278.73 ticks, tree = 149.54 MB, solutions = 1)
 304309 115277        cutoff         132201.1846   132330.7942  3389015    0.10%
 306093 114973   132271.5289    82   132201.1846   132329.3438  3407623    0.10%
 307907 114660   132211.0545    93   132201.1846   132327.8796  3426940    0.10%
 309741 114466   132212.9505    47   132201.1846   132326.4786  3447035    0.09%
 311555 114101        cutoff         132201.1846   132325.0952  3467041    0.09%
 313460 113805   132257.9916    73   132201.1846   132323.6828  3486117    0.09%
 315260 113272   132205.0977    66   132201.1846   132322.1151  3506306    0.09%
 317035 112864        cutoff         132201.1846   132320.6988  3524668    0.09%
 318861 112421        cutoff         132201.1846   132319.1336  3543144    0.09%
 320709 111968   132201.9570    95   132201.1846   132317.6641  3562108    0.09%
Elapsed time = 1277.32 sec. (749434.86 ticks, tree = 145.50 MB, solutions = 1)
 322498 111586        cutoff         132201.1846   132316.2669  3581808    0.09%
 324371 111174   132272.1233    67   132201.1846   132314.8084  3600440    0.09%
 326246 110800   132234.9395    63   132201.1846   132313.4747  3619583    0.08%
 328060 110395   131105.4397    43   132201.1846   132312.0714  3637881    0.08%
 329823 109967        cutoff         132201.1846   132310.7748  3655175    0.08%
 331642 109434   132223.4262   126   132201.1846   132309.3429  3674163    0.08%
 333438 108973   132235.2138    82   132201.1846   132308.0237  3693133    0.08%
 335268 108301   132255.1933    53   132201.1846   132306.5662  3712113    0.08%
 337168 107640        cutoff         132201.1846   132304.9851  3730169    0.08%
 338981 107001        cutoff         132201.1846   132303.5691  3748896    0.08%
Elapsed time = 1342.83 sec. (787596.13 ticks, tree = 139.53 MB, solutions = 1)
 340747 106329   132217.1414    75   132201.1846   132302.1024  3766883    0.08%
 342539 105631        cutoff         132201.1846   132300.6455  3784386    0.08%
 344303 104978   132228.9043   102   132201.1846   132299.3913  3803486    0.07%
 346167 104294   132273.5523   112   132201.1846   132297.9479  3821571    0.07%
 348008 103558        cutoff         132201.1846   132296.5263  3839545    0.07%
 349846 102867   132291.4324    64   132201.1846   132295.1364  3857620    0.07%
 351623 102122        cutoff         132201.1846   132293.7591  3875365    0.07%
 353382 101437   132280.7983    29   132201.1846   132292.4490  3892362    0.07%
 355200 100613        cutoff         132201.1846   132291.0526  3909687    0.07%
 357051 99803   132206.4653    76   132201.1846   132289.7271  3927425    0.07%
Elapsed time = 1405.38 sec. (825755.02 ticks, tree = 130.70 MB, solutions = 1)
 358887 98901   132266.3377    50   132201.1846   132288.3447  3945111    0.07%
 360703 98055        cutoff         132201.1846   132287.0735  3962362    0.06%
 362511 97157        cutoff         132201.1846   132285.7343  3979047    0.06%
 364306 96194        cutoff         132201.1846   132284.3344  3995593    0.06%
 366076 95209        cutoff         132201.1846   132283.0414  4011657    0.06%
 367903 94259        cutoff         132201.1846   132281.7488  4027901    0.06%
 369706 93316        cutoff         132201.1846   132280.4146  4044402    0.06%
 371555 92365        cutoff         132201.1846   132279.1136  4061222    0.06%
 373416 91377        cutoff         132201.1846   132277.7726  4077887    0.06%
 375247 90223   132219.5543    72   132201.1846   132276.3996  4094371    0.06%
Elapsed time = 1467.06 sec. (863914.27 ticks, tree = 118.77 MB, solutions = 1)
 377034 89080   132209.4908    27   132201.1846   132275.1228  4110039    0.06%
 378810 87953        cutoff         132201.1846   132273.8328  4125467    0.05%
 380641 86931   132226.0485    26   132201.1846   132272.5337  4141112    0.05%
 382458 85918        cutoff         132201.1846   132271.3032  4156702    0.05%
 384263 84719        cutoff         132201.1846   132269.9320  4172849    0.05%
 386111 83494        cutoff         132201.1846   132268.5811  4188425    0.05%
 387952 82355        cutoff         132201.1846   132267.3186  4203668    0.05%
 389792 81139   132229.2230    60   132201.1846   132266.0333  4219087    0.05%
 391518 79949   132221.7738    41   132201.1846   132264.8824  4233679    0.05%
 393359 78678   132258.9865    81   132201.1846   132263.6144  4248644    0.05%
Elapsed time = 1527.57 sec. (902069.31 ticks, tree = 104.25 MB, solutions = 1)
 395178 77414        cutoff         132201.1846   132262.3651  4264142    0.05%
 397016 76100        cutoff         132201.1846   132261.0679  4278671    0.05%
 398875 74764        cutoff         132201.1846   132259.8311  4293638    0.04%
 400701 73464        cutoff         132201.1846   132258.6428  4307839    0.04%
 402510 72155        cutoff         132201.1846   132257.4481  4321422    0.04%
 404309 70890   132240.5188    28   132201.1846   132256.2380  4335481    0.04%
 406136 69541   132245.8852    83   132201.1846   132255.0421  4349157    0.04%
 407887 68234   132222.0562    62   132201.1846   132253.7821  4362583    0.04%
 409688 66960        cutoff         132201.1846   132252.6390  4376624    0.04%
 411514 65534        cutoff         132201.1846   132251.4246  4390256    0.04%
Elapsed time = 1587.55 sec. (940226.20 ticks, tree = 87.62 MB, solutions = 1)
 413339 64106        cutoff         132201.1846   132250.1958  4403937    0.04%
 415169 62661        cutoff         132201.1846   132248.9849  4417824    0.04%
 416981 61246        cutoff         132201.1846   132247.7788  4431096    0.04%
 418821 59773        cutoff         132201.1846   132246.5559  4444375    0.03%
 420654 58286        cutoff         132201.1846   132245.3611  4457140    0.03%
 422436 56806        cutoff         132201.1846   132244.1903  4469748    0.03%
 424233 55302        cutoff         132201.1846   132243.0531  4482095    0.03%
 426071 53792   132216.8013    86   132201.1846   132241.8611  4495128    0.03%
 427886 52187        cutoff         132201.1846   132240.6965  4507418    0.03%
 429725 50563        cutoff         132201.1846   132239.4535  4519063    0.03%
Elapsed time = 1647.18 sec. (978386.95 ticks, tree = 68.59 MB, solutions = 1)
 431581 48985        cutoff         132201.1846   132238.1922  4530935    0.03%
 433421 47376        cutoff         132201.1846   132236.9343  4542385    0.03%
 435264 45736        cutoff         132201.1846   132235.7569  4553706    0.03%
 437128 44041        cutoff         132201.1846   132234.5647  4564909    0.03%
 438983 42370        cutoff         132201.1846   132233.3446  4575660    0.02%
 440806 40726        cutoff         132201.1846   132232.1901  4585432    0.02%
 442657 39030        cutoff         132201.1846   132230.9676  4595353    0.02%
 444461 37350        cutoff         132201.1846   132229.6831  4605155    0.02%
 446326 35626        cutoff         132201.1846   132228.4451  4614956    0.02%
 448204 33865        cutoff         132201.1846   132227.1257  4623933    0.02%
Elapsed time = 1705.86 sec. (1016544.86 ticks, tree = 47.29 MB, solutions = 1)
 450082 32078        cutoff         132201.1846   132225.9107  4633157    0.02%
 451953 30316        cutoff         132201.1846   132224.6945  4642210    0.02%
 453832 28524   132207.8116    38   132201.1846   132223.4102  4650729    0.02%
 455703 26750        cutoff         132201.1846   132222.1292  4659078    0.02%
 457588 24972        cutoff         132201.1846   132220.8340  4667000    0.01%
 459455 23184        cutoff         132201.1846   132219.5338  4674652    0.01%
 461282 21434        cutoff         132201.1846   132218.2736  4682298    0.01%
 463147 19620        cutoff         132201.1846   132216.9819  4690136    0.01%
 465014 17812        cutoff         132201.1846   132215.6537  4696910    0.01%

Clique cuts applied:  2
Implied bound cuts applied:  259
Flow cuts applied:  77
Mixed integer rounding cuts applied:  149
Lift and project cuts applied:  240
Gomory fractional cuts applied:  82

Root node processing (before b&c):
  Real time             =    1.54 sec. (741.15 ticks)
Sequential b&c:
  Real time             = 1763.18 sec. (1056325.61 ticks)
                          ------------
Total (root+branch&cut) = 1764.73 sec. (1057066.76 ticks)
