1 of 1 MIP starts provided solutions.
MIP start 'm1' defined initial solution with objective 79252.9930.
Tried aggregator 1 time.
MIP Presolve eliminated 0 rows and 1 columns.
Reduced MIP has 2636 rows, 1468 columns, and 18872 nonzeros.
Reduced MIP has 1168 binaries, 0 generals, 0 SOSs, and 0 indicators.
Presolve time = 0.01 sec. (6.23 ticks)
Probing time = 0.01 sec. (2.90 ticks)
Tried aggregator 1 time.
Reduced MIP has 2636 rows, 1468 columns, and 18872 nonzeros.
Reduced MIP has 1168 binaries, 0 generals, 0 SOSs, and 0 indicators.
Presolve time = 0.02 sec. (7.55 ticks)
Probing time = 0.01 sec. (2.95 ticks)
Clique table members: 1969.
MIP emphasis: balance optimality and feasibility.
MIP search method: dynamic search.
Parallel mode: none, using 1 thread.
Root relaxation solution time = 0.03 sec. (15.49 ticks)

        Nodes                                         Cuts/
   Node  Left     Objective  IInf  Best Integer    Best Bound    ItCnt     Gap

*     0+    0                        79252.9930    94080.4839     1159   18.71%
      0     0    87044.0987   324    79252.9930    87044.0987     1159    9.83%
      0     0    84165.4695   301    79252.9930     Cuts: 613     1480    6.20%
      0     0    82958.4962   297    79252.9930     Cuts: 551     1778    4.68%
      0     0    82580.8371   326    79252.9930     Cuts: 315     1993    4.20%
      0     0    82444.8018   332    79252.9930     Cuts: 185     2128    4.03%
      0     0    82350.8372   311    79252.9930     Cuts: 131     2226    3.91%
      0     0    82308.5954   337    79252.9930     Cuts: 105     2305    3.86%
      0     0    82274.0053   336    79252.9930      Cuts: 40     2352    3.81%
      0     0    82261.2554   350    79252.9930      Cuts: 57     2399    3.80%
      0     0    82234.5577   333    79252.9930      Cuts: 31     2436    3.76%
      0     0    82229.7614   343    79252.9930      Cuts: 30     2455    3.76%
      0     0    82221.5350   340    79252.9930      Cuts: 16     2469    3.75%
      0     2    82221.5350   340    79252.9930    82212.6579     2469    3.73%
Elapsed time = 1.16 sec. (573.89 ticks, tree = 0.00 MB, solutions = 1)
     91    88    81495.7742   267    79252.9930    82158.9171     3981    3.67%
    186   162    81835.0534   311    79252.9930    82148.1201     5400    3.65%
    302   270    80407.7985   235    79252.9930    82139.1944     6756    3.64%
    507   464    79315.9490   145    79252.9930    82109.4744     8472    3.60%
    523   476    80819.6581   362    79252.9930    80817.6324    11870    1.97%
    524   476    80816.5804   356    79252.9930    80816.2374    11882    1.97%
    526   476    80809.1382   348    79252.9930    80809.1382    11888    1.96%
    538   478    79514.8731   269    79252.9930    80801.9263    12190    1.95%
    542   474    79477.3135   210    79252.9930    80801.9263    12334    1.95%
    743   381    80756.6315   297    79252.9930    80767.5889    14224    1.91%
Elapsed time = 12.13 sec. (6745.51 ticks, tree = 0.61 MB, solutions = 1)
   1304   646    80122.2775   257    79252.9930    80733.6431    17491    1.87%
   1871  1136    79607.8715   168    79252.9930    80708.8586    21017    1.84%
   2523  1706    79839.9616   146    79252.9930    80662.5602    25542    1.78%
   3239  2360    79653.7620    63    79252.9930    80649.9781    29685    1.76%
   4025  3047    79313.3120    48    79252.9930    80638.3582    34405    1.75%
   4848  3766    80240.2636   125    79252.9930    80599.5907    39431    1.70%
   5614  4427    79649.9638   159    79252.9930    80566.1436    44331    1.66%
   6419  5151    80046.3448   221    79252.9930    80542.6731    49850    1.63%
   7130  5758    79792.1594    90    79252.9930    80525.9807    55722    1.61%
   7840  6397    80002.0288   145    79252.9930    80516.0785    60944    1.59%
Elapsed time = 27.06 sec. (16316.36 ticks, tree = 6.76 MB, solutions = 1)
   8486  6961    79293.8714   102    79252.9930    80504.4053    65912    1.58%
   9143  7546    80206.1246   177    79252.9930    80501.3391    70998    1.58%
   9841  8183    79443.1880    82    79252.9930    80490.8895    75677    1.56%
  10580  8815    79309.8432    74    79252.9930    80481.1038    81259    1.55%
  10983  9149    79298.8727   250    79252.9930    80476.4674    84346    1.54%
  10985  9151    80535.1039   388    79252.9930    80475.9677    86892    1.54%
  11009  7772    79388.9801   279    79252.9930    80475.9677    87147    1.54%
  11024  7286    79468.9021   317    79252.9930    80475.9677    87573    1.54%
  11050  6972    80479.0413   305    79252.9930    80475.9677    87848    1.54%
  11088  6994    80354.8607   220    79252.9930    80475.9677    88261    1.54%
Elapsed time = 51.78 sec. (30424.23 ticks, tree = 7.47 MB, solutions = 1)
  11140  7019    80073.0090   142    79252.9930    80475.9677    88903    1.54%
  11295  6855    79393.0828   155    79252.9930    80473.1356    90103    1.54%
  11405  6744    79438.8963   165    79252.9930    80470.2101    91300    1.54%
  11583  6695    79811.0716   288    79252.9930    80458.1648    92791    1.52%
  11795  6724    79590.5278   245    79252.9930    80452.4109    94226    1.51%
  12013  6740    79341.3418   252    79252.9930    80439.5741    96269    1.50%
  12295  6739    79794.2403   119    79252.9930    80425.9101    99190    1.48%
  12609  6760    79606.2664   220    79252.9930    80416.3937   101927    1.47%
  12900  6805    79520.4677   218    79252.9930    80402.6325   105060    1.45%
  13249  6943    79846.6819   129    79252.9930    80382.6104   107684    1.43%
Elapsed time = 67.49 sec. (39989.86 ticks, tree = 7.46 MB, solutions = 1)
  13580  7040    79542.8646   258    79252.9930    80361.8699   110167    1.40%
  13974  7220    79918.4459   175    79252.9930    80351.4465   113049    1.39%
  14385  7387    79818.9654   165    79252.9930    80325.4209   116205    1.35%
  14774  7527    79732.9340   158    79252.9930    80316.2190   119681    1.34%
  15177  7695    79442.9666   272    79252.9930    80297.1291   123046    1.32%
  15532  7817    79644.0949   231    79252.9930    80284.9430   125942    1.30%
  15815  7914    79266.4290   136    79252.9930    80263.5556   128690    1.28%
  16125  8010    79654.7268   122    79252.9930    80255.5255   131853    1.26%
  16519  8200    79496.9994   105    79252.9930    80249.7206   134717    1.26%
  16896  8351    79496.6736   231    79252.9930    80240.3356   138613    1.25%
Elapsed time = 83.83 sec. (49540.13 ticks, tree = 8.86 MB, solutions = 1)
  17290  8504    79656.1658   141    79252.9930    80231.4541   142233    1.23%
  17707  8699    79805.8796   164    79252.9930    80223.8902   145445    1.23%
  18110  8865    79378.1556    73    79252.9930    80221.2926   148983    1.22%
  18517  9039    79846.4120   251    79252.9930    80218.6807   152616    1.22%
  18949  9247    79626.4630   139    79252.9930    80212.8642   155705    1.21%
  19370  9422    79942.1854   151    79252.9930    80201.7133   159428    1.20%
  19777  9600    79546.4515   193    79252.9930    80190.5913   162788    1.18%
  20148  9709    79853.2530   151    79252.9930    80183.7688   166695    1.17%
  20540  9862    79591.4690   109    79252.9930    80178.8891   170200    1.17%
  20949 10033    79637.9049   104    79252.9930    80175.8175   173726    1.16%
Elapsed time = 101.76 sec. (59086.76 ticks, tree = 10.60 MB, solutions = 1)
  21372 10225    79705.0628   175    79252.9930    80165.7314   177768    1.15%
  21790 10426    79283.2964    77    79252.9930    80161.5177   181733    1.15%
  22165 10571    79314.6325    78    79252.9930    80157.7872   185950    1.14%
  22538 10726    79627.3282   227    79252.9930    80148.5187   190188    1.13%
  22912 10858    79286.0552   223    79252.9930    80145.9768   194163    1.13%
  23299 11001    79583.0564   183    79252.9930    80139.3302   197815    1.12%
  23655 11136    79878.2007   135    79252.9930    80130.9532   202033    1.11%
  24063 11301    79809.3084   239    79252.9930    80126.7893   205422    1.10%
  24481 11517    79776.6543   130    79252.9930    80122.1475   209450    1.10%
  24888 11849    79365.9575   196    79252.9930    80117.1309   213208    1.09%
Elapsed time = 118.58 sec. (68651.73 ticks, tree = 12.28 MB, solutions = 1)
  25238 12148    79565.0560   117    79252.9930    80109.3093   216772    1.08%
  25618 12469    79417.1158   148    79252.9930    80102.0957   220663    1.07%
  25985 12748    79395.0152   108    79252.9930    80096.7713   224747    1.06%
  26347 13051    79308.1005   110    79252.9930    80092.5075   228943    1.06%
  26764 13400    79420.2215   124    79252.9930    80088.9829   232944    1.05%
  27119 13688    79351.5070   202    79252.9930    80085.3461   236525    1.05%
  27421 13924    79592.3043   183    79252.9930    80083.5530   239901    1.05%
  27758 14216    79807.9194   236    79252.9930    80081.4626   243514    1.05%
  28125 14503    79341.0623   168    79252.9930    80080.2392   247905    1.04%
  28503 14822    79643.0764   164    79252.9930    80076.0099   251804    1.04%
Elapsed time = 136.02 sec. (78211.75 ticks, tree = 15.24 MB, solutions = 1)
  28918 15184    79640.0827   162    79252.9930    80073.2329   255839    1.03%
  29282 15460    79808.3035   211    79252.9930    80066.1518   260801    1.03%
  29690 15795    79823.5165   144    79252.9930    80064.8370   264663    1.02%
  30004 16068    79482.5329   147    79252.9930    80061.7720   267584    1.02%
  30402 16386    79460.7497   115    79252.9930    80058.5583   271552    1.02%
  30711 16614    79441.0566   131    79252.9930    80051.3066   275997    1.01%
  31080 16936    79738.5808   201    79252.9930    80048.4299   279470    1.00%
  31438 17245    79609.1992   195    79252.9930    80046.4586   283121    1.00%
  31811 17558    79446.1557   155    79252.9930    80044.6224   286833    1.00%
  32167 17847    79302.9280   188    79252.9930    80041.8475   290308    1.00%
Elapsed time = 152.76 sec. (87763.05 ticks, tree = 18.73 MB, solutions = 1)
  32565 18179    79802.5813   177    79252.9930    80036.4250   294318    0.99%
  32940 18491    79395.8100   132    79252.9930    80034.4967   297717    0.99%
  33261 18768    79284.9678   115    79252.9930    80031.8657   301263    0.98%
  33600 19033    79326.8541   118    79252.9930    80027.6980   304883    0.98%
  33974 19334    79489.6991   144    79252.9930    80025.0504   309073    0.97%
  34338 19632    79457.9682   235    79252.9930    80023.6013   312402    0.97%
  34749 19969    79254.9144    89    79252.9930    80022.1784   316281    0.97%
  35183 20321    79424.4855   147    79252.9930    80018.8540   320421    0.97%
  35564 20631    79253.0654    64    79252.9930    80016.4430   324614    0.96%
  37114 21923    79381.7289   102    79252.9930    80005.7177   339643    0.95%
Elapsed time = 174.22 sec. (100176.62 ticks, tree = 22.80 MB, solutions = 1)
  38704 23223    79525.4974    82    79252.9930    79994.0472   355378    0.94%
  40149 24339    79350.7974    57    79252.9930    79984.1572   371505    0.92%
  41613 25471        cutoff          79252.9930    79976.6702   385618    0.91%
  43207 26756    79714.9621   114    79252.9930    79971.5081   402260    0.91%
  44695 27937    79596.9664   160    79252.9930    79966.5133   416941    0.90%
  46189 29092    79315.7969   148    79252.9930    79958.7898   431943    0.89%
  47717 30255    79414.5609   151    79252.9930    79950.6854   447695    0.88%
  49173 31364    79607.3964   174    79252.9930    79943.4625   463142    0.87%
  50689 32492    79506.9527   134    79252.9930    79937.0983   478832    0.86%
  52197 33613    79264.5913   164    79252.9930    79928.3530   496174    0.85%
Elapsed time = 241.41 sec. (138331.46 ticks, tree = 35.35 MB, solutions = 1)
  53681 34699    79311.0732   135    79252.9930    79920.4970   512956    0.84%
  55231 35884    79757.0560   209    79252.9930    79913.5951   529728    0.83%
  56744 37078    79509.5520   161    79252.9930    79909.9743   546607    0.83%
  58140 38132    79358.8860   110    79252.9930    79905.1430   560732    0.82%
  59603 39249    79391.7851   237    79252.9930    79900.2478   576506    0.82%
  61168 40409    79705.3208   231    79252.9930    79895.7633   592757    0.81%
  62624 41484    79351.6450   125    79252.9930    79891.0624   608278    0.81%
  64081 42540    79426.2653   184    79252.9930    79886.9564   624298    0.80%
  65665 43696    79684.3700   163    79252.9930    79882.5599   639463    0.79%
  67169 44808    79274.1755   134    79252.9930    79877.9844   655534    0.79%
Elapsed time = 309.72 sec. (176490.35 ticks, tree = 46.59 MB, solutions = 1)
  68578 45883    79643.2836   157    79252.9930    79873.8009   670815    0.78%
  70048 46985    79274.2901   184    79252.9930    79869.6496   685881    0.78%
  71545 48055    79530.4528   171    79252.9930    79866.2755   703396    0.77%
  72939 49074    79693.9151   196    79252.9930    79862.6259   719290    0.77%
  74281 50050    79537.0502   144    79252.9930    79857.4258   734617    0.76%
  75586 50918    79412.9406   170    79252.9930    79852.7027   752385    0.76%
  77009 51977    79475.9474   186    79252.9930    79849.3860   769040    0.75%
  78363 52930    79431.4368   179    79252.9930    79844.8094   785853    0.75%
  79716 53886    79508.7950   176    79252.9930    79841.2434   802046    0.74%
  81030 54731    79456.9384   140    79252.9930    79837.5867   819661    0.74%
Elapsed time = 376.31 sec. (214676.17 ticks, tree = 56.59 MB, solutions = 1)
  82355 55619    79482.1985   140    79252.9930    79833.1764   838088    0.73%
  83670 56536    79288.5732   161    79252.9930    79829.7191   854933    0.73%
  84940 57425    79383.0536   185    79252.9930    79826.8961   871306    0.72%
  86259 58327    79355.0746   146    79252.9930    79823.6506   889081    0.72%
  87662 59319    79436.6014   205    79252.9930    79820.6691   907786    0.72%
  89003 60235    79440.5204    93    79252.9930    79816.9378   925175    0.71%
  90268 61008    79283.3440   150    79252.9930    79813.0343   943469    0.71%
  91640 61882    79415.3790   183    79252.9930    79809.7695   962584    0.70%
  93034 62851    79400.5819   274    79252.9930    79806.9911   980546    0.70%
  94358 63770    79398.1552   178    79252.9930    79804.5499   997635    0.70%
Elapsed time = 443.18 sec. (252871.11 ticks, tree = 65.72 MB, solutions = 1)
  95676 64692    79487.0856   154    79252.9930    79802.2658  1013345    0.69%
  97019 65557    79452.1418   104    79252.9930    79798.9814  1031794    0.69%
  98389 66423    79475.1510   170    79252.9930    79794.5071  1051176    0.68%
  99733 67248    79346.7341   159    79252.9930    79790.5466  1070403    0.68%
 101056 68117    79522.2067   163    79252.9930    79787.9252  1087838    0.67%
 102427 68944    79394.0488   126    79252.9930    79783.4290  1106730    0.67%
 103810 69832    79580.0469   167    79252.9930    79779.9043  1126561    0.66%
 105204 70745    79356.0690   128    79252.9930    79776.0695  1145372    0.66%
 106460 71477    79304.0757   170    79252.9930    79772.3822  1163820    0.66%
 107771 72266    79469.4897   151    79252.9930    79769.5250  1182609    0.65%
Elapsed time = 511.11 sec. (291045.48 ticks, tree = 76.23 MB, solutions = 1)
 109154 73115    79354.1049   153    79252.9930    79766.2499  1202142    0.65%
 110547 73968    79496.6746   162    79252.9930    79763.3635  1221513    0.64%
 111865 74749    79588.5742   149    79252.9930    79760.4775  1239255    0.64%
 113175 75527    79384.2728   177    79252.9930    79756.6681  1257590    0.64%
 114531 76331    79435.7586   155    79252.9930    79752.9409  1278010    0.63%
 115956 77216    79611.6087   146    79252.9930    79750.0176  1298042    0.63%
 117365 78073    79350.8486   149    79252.9930    79747.4167  1316749    0.62%
 118637 78807    79459.4540   179    79252.9930    79744.1842  1336421    0.62%
 120002 79668    79360.6498   136    79252.9930    79741.5107  1355507    0.62%
 121332 80405        cutoff          79252.9930    79737.9366  1376180    0.61%
Elapsed time = 579.34 sec. (329217.10 ticks, tree = 84.47 MB, solutions = 1)
 122586 81085        cutoff          79252.9930    79734.8658  1396053    0.61%
 123895 81847    79295.9603   161    79252.9930    79731.9238  1415471    0.60%
 125184 82608    79352.9622   186    79252.9930    79729.3571  1434406    0.60%
 126525 83363    79383.3889   146    79252.9930    79726.6033  1454192    0.60%
 127891 84120    79267.9492   213    79252.9930    79723.8301  1475384    0.59%
 129124 84768    79451.4613   131    79252.9930    79720.7113  1494611    0.59%
 130403 85488    79328.2789   119    79252.9930    79717.9778  1513649    0.59%
 131760 86271    79357.4976   153    79252.9930    79715.5760  1533556    0.58%
 133117 87037    79261.4645   163    79252.9930    79712.8849  1553705    0.58%
 134468 87850    79255.3971   124    79252.9930    79710.8960  1572584    0.58%
Elapsed time = 647.71 sec. (367387.33 ticks, tree = 92.01 MB, solutions = 1)
 135760 88542    79296.2024   206    79252.9930    79707.8535  1593001    0.57%
 137057 89145    79500.0534   179    79252.9930    79704.5187  1614494    0.57%
 138415 89820    79327.4930   172    79252.9930    79701.8861  1635825    0.57%
 139828 90626    79347.7927   160    79252.9930    79699.2140  1657178    0.56%
 141149 91319    79448.4449   141    79252.9930    79696.8708  1677809    0.56%
 142410 91916    79484.5327   187    79252.9930    79694.1748  1697854    0.56%
 143785 92593    79456.2937   139    79252.9930    79691.6911  1719511    0.55%
 145168 93293    79588.9252   185    79252.9930    79689.1866  1741394    0.55%
 146583 94056    79319.3460   157    79252.9930    79686.6672  1761759    0.55%
 147923 94762        cutoff          79252.9930    79684.3072  1781588    0.54%
Elapsed time = 717.75 sec. (405604.29 ticks, tree = 99.00 MB, solutions = 1)
 149243 95441    79425.8246   160    79252.9930    79681.5549  1801941    0.54%
 150638 96156    79302.9372   123    79252.9930    79679.3341  1824409    0.54%
 151979 96735    79461.4335   206    79252.9930    79676.3629  1847021    0.53%
 153306 97388    79396.1155   128    79252.9930    79673.8176  1868299    0.53%
 154637 98049    79355.6641   183    79252.9930    79671.6862  1888702    0.53%
 156023 98709    79350.9372   177    79252.9930    79668.9697  1909791    0.52%
 157432 99432    79337.5931   125    79252.9930    79666.3765  1931182    0.52%
 158780 99962    79353.4015   122    79252.9930    79663.5253  1954006    0.52%
 160060 100407    79391.1966   136    79252.9930    79660.0442  1977233    0.51%
 161385 101023    79265.8787   169    79252.9930    79657.4792  1999069    0.51%
Elapsed time = 786.56 sec. (443785.04 ticks, tree = 105.39 MB, solutions = 1)
 162769 101616    79293.2678    91    79252.9930    79654.1342  2022538    0.51%
 164178 102288    79317.3016   145    79252.9930    79651.7826  2044961    0.50%
 165491 102867    79329.6004   159    79252.9930    79649.5283  2066550    0.50%
 166753 103400    79405.7083   142    79252.9930    79647.0125  2087932    0.50%
 168098 103859    79343.8899   136    79252.9930    79643.7819  2111616    0.49%
 169498 104462    79400.4845   103    79252.9930    79641.1692  2132869    0.49%
 170908 105034    79279.6872   137    79252.9930    79638.4938  2154997    0.49%
 172134 105463    79318.5886   144    79252.9930    79635.6341  2177725    0.48%
 173389 105933    79341.5293   146    79252.9930    79633.2633  2198629    0.48%
 174732 106484    79268.4929   111    79252.9930    79631.0033  2221435    0.48%
Elapsed time = 853.83 sec. (481946.49 ticks, tree = 110.98 MB, solutions = 1)
 176162 107099        cutoff          79252.9930    79628.4844  2243573    0.47%
 177514 107615    79458.0089   111    79252.9930    79625.8899  2264668    0.47%
 178854 108227    79367.7459   157    79252.9930    79623.7986  2285904    0.47%
 180192 108703    79366.8445   149    79252.9930    79621.2867  2307912    0.46%
 181565 109182    79511.4561   125    79252.9930    79618.4534  2330350    0.46%
 182928 109631    79298.3539   126    79252.9930    79615.5645  2353792    0.46%
 184247 109982    79327.1313   168    79252.9930    79612.5074  2377155    0.45%
 185586 110460    79343.4830   173    79252.9930    79609.7570  2400551    0.45%
 186925 110766    79317.2413   107    79252.9930    79607.0090  2422854    0.45%
 188273 111205    79311.9382   138    79252.9930    79604.3781  2445938    0.44%
Elapsed time = 921.99 sec. (520129.34 ticks, tree = 115.82 MB, solutions = 1)
 189650 111593    79409.3997   134    79252.9930    79601.7383  2468901    0.44%
 190975 111964        cutoff          79252.9930    79599.1809  2492265    0.44%
 192281 112413    79269.3554   119    79252.9930    79597.3005  2513775    0.43%
 193635 112894    79316.9310   164    79252.9930    79594.9914  2534832    0.43%
 194984 113317        cutoff          79252.9930    79592.8722  2558199    0.43%
 196354 113636    79320.5168   162    79252.9930    79590.2983  2582591    0.43%
 197734 113979    79326.7555   158    79252.9930    79588.0454  2605975    0.42%
 199113 114277    79314.5688   144    79252.9930    79585.3943  2628455    0.42%
 200490 114605    79328.6904   158    79252.9930    79583.0157  2651541    0.42%
 201883 114937    79276.6765   170    79252.9930    79580.7066  2675774    0.41%
Elapsed time = 989.09 sec. (558298.55 ticks, tree = 119.68 MB, solutions = 1)
 203230 115154    79267.0566   150    79252.9930    79578.1394  2699464    0.41%
 204590 115324    79263.5294   130    79252.9930    79575.0514  2723402    0.41%
 205919 115529    79275.9018    95    79252.9930    79572.3403  2748212    0.40%
 207258 115794    79300.2958   158    79252.9930    79570.0891  2771499    0.40%
 208646 116068    79489.2032   181    79252.9930    79567.9478  2795537    0.40%
 210035 116332    79411.4663   139    79252.9930    79565.6488  2819146    0.39%
 211399 116607        cutoff          79252.9930    79563.2560  2842987    0.39%
 212746 116827    79290.9717   159    79252.9930    79560.6431  2866362    0.39%
 214159 117059    79280.4309   175    79252.9930    79558.1888  2890734    0.39%
 215520 117158        cutoff          79252.9930    79555.5097  2916516    0.38%
Elapsed time = 1055.73 sec. (596462.54 ticks, tree = 122.02 MB, solutions = 1)
 216899 117448    79324.7165   149    79252.9930    79553.3529  2939293    0.38%
 218325 117657    79343.4301   109    79252.9930    79551.0395  2963410    0.38%
 219622 117720    79315.4219   165    79252.9930    79548.5216  2987772    0.37%
 220968 117937    79328.9055   203    79252.9930    79546.3253  3010760    0.37%
 222380 118160    79290.2867   124    79252.9930    79544.0072  3034682    0.37%
 223742 118341    79357.9076   137    79252.9930    79542.0251  3057778    0.36%
 225068 118374    79258.4911   110    79252.9930    79539.4806  3081391    0.36%
 226462 118408        cutoff          79252.9930    79536.8877  3105732    0.36%
 227873 118558    79289.4126    89    79252.9930    79534.4710  3128741    0.36%
 229287 118750    79267.7980   152    79252.9930    79532.1524  3151481    0.35%
Elapsed time = 1122.66 sec. (634627.40 ticks, tree = 123.74 MB, solutions = 1)
 230696 118892        cutoff          79252.9930    79529.9856  3175648    0.35%
 232052 119004    79330.2564    93    79252.9930    79527.7250  3199462    0.35%
 233481 119139        cutoff          79252.9930    79525.3816  3222420    0.34%
 234905 119212    79317.7736    82    79252.9930    79522.9164  3246001    0.34%
 236375 119285    79259.5524   107    79252.9930    79520.3320  3270715    0.34%
 237818 119313    79272.4038   146    79252.9930    79517.9590  3295529    0.33%
 239219 119273    79420.5165   175    79252.9930    79515.4526  3319606    0.33%
 240537 119255        cutoff          79252.9930    79513.2285  3342587    0.33%
 241976 119159    79326.5290   149    79252.9930    79510.6841  3367322    0.33%
 243356 119158    79280.8544    95    79252.9930    79508.1474  3391913    0.32%
Elapsed time = 1188.82 sec. (672799.61 ticks, tree = 124.28 MB, solutions = 1)
 244854 119160        cutoff          79252.9930    79505.6041  3416152    0.32%
 246220 119008        cutoff          79252.9930    79503.0564  3440683    0.32%
 247652 118899    79385.4043   149    79252.9930    79500.5033  3465389    0.31%
 249064 119040    79264.4036   172    79252.9930    79498.7210  3487862    0.31%
 250516 118987        cutoff          79252.9930    79496.3356  3513163    0.31%
 252015 118919    79275.2053   147    79252.9930    79493.8424  3537937    0.30%
 253505 118776        cutoff          79252.9930    79491.2206  3562876    0.30%
 254989 118704        cutoff          79252.9930    79488.7598  3586667    0.30%
 256456 118544    79293.5753   135    79252.9930    79486.3626  3610483    0.29%
 258006 118359        cutoff          79252.9930    79483.6973  3635901    0.29%
Elapsed time = 1253.20 sec. (710960.94 ticks, tree = 123.62 MB, solutions = 1)
 259549 118115    79360.7443   191    79252.9930    79480.9690  3662009    0.29%
 261005 117859    79370.3460   188    79252.9930    79478.4577  3687292    0.28%
 262524 117651    79336.3008   151    79252.9930    79475.9100  3711540    0.28%
 263977 117421        cutoff          79252.9930    79473.6605  3735492    0.28%
 265505 117109        cutoff          79252.9930    79470.8622  3760719    0.27%
 267029 116627    79255.0351   181    79252.9930    79468.0934  3787522    0.27%
 268550 116253    79346.9105   132    79252.9930    79465.3356  3813953    0.27%
 269987 115738    79253.1306   121    79252.9930    79462.6336  3839372    0.26%
 271489 115397        cutoff          79252.9930    79460.1938  3865077    0.26%
 273032 115022        cutoff          79252.9930    79457.5422  3891014    0.26%
Elapsed time = 1317.15 sec. (749138.30 ticks, tree = 120.38 MB, solutions = 1)
 274562 114600        cutoff          79252.9930    79454.9705  3917986    0.25%
 276093 114168    79322.3833   145    79252.9930    79452.5311  3943524    0.25%
 277585 113653    79300.3175   119    79252.9930    79450.0146  3968931    0.25%
 279184 113087    79280.0827   151    79252.9930    79447.3685  3994172    0.25%
 280763 112560    79287.4076    96    79252.9930    79444.7102  4018376    0.24%
 282299 112070        cutoff          79252.9930    79442.2223  4043795    0.24%
 283846 111513        cutoff          79252.9930    79439.7459  4069472    0.24%
 285356 111030        cutoff          79252.9930    79437.4049  4093444    0.23%
 286883 110430        cutoff          79252.9930    79434.9449  4117969    0.23%
 288483 109634        cutoff          79252.9930    79432.2464  4144323    0.23%
Elapsed time = 1380.60 sec. (787300.16 ticks, tree = 115.07 MB, solutions = 1)
 290057 108960        cutoff          79252.9930    79429.7539  4170027    0.22%
 291695 108115    79359.5429   142    79252.9930    79426.9915  4196995    0.22%
 293271 107298        cutoff          79252.9930    79424.3583  4222495    0.22%
 294790 106528    79281.8594   117    79252.9930    79421.9402  4247107    0.21%
 296417 105555    79269.8717   148    79252.9930    79419.1149  4273799    0.21%
 298107 104804    79297.6352    71    79252.9930    79416.6810  4298264    0.21%
 299775 104010        cutoff          79252.9930    79414.1784  4323122    0.20%
 301357 103122    79287.1690   140    79252.9930    79411.6429  4347726    0.20%
 302993 102113        cutoff          79252.9930    79408.9360  4372092    0.20%
 304697 101318        cutoff          79252.9930    79406.5578  4396020    0.19%
Elapsed time = 1443.34 sec. (825464.75 ticks, tree = 106.79 MB, solutions = 1)
 306393 100259        cutoff          79252.9930    79403.7122  4421822    0.19%
 308106 98972        cutoff          79252.9930    79400.7450  4448155    0.19%
 309806 97861    79365.3156   232    79252.9930    79398.0963  4472983    0.18%
 311486 96807        cutoff          79252.9930    79395.4987  4496383    0.18%
 313185 95702        cutoff          79252.9930    79392.8111  4520282    0.18%
 314960 94628        cutoff          79252.9930    79390.1681  4544456    0.17%
 316744 93428        cutoff          79252.9930    79387.3641  4568388    0.17%
 318442 92131        cutoff          79252.9930    79384.6372  4593025    0.17%
 320155 90897        cutoff          79252.9930    79381.9460  4617189    0.16%
 321893 89614        cutoff          79252.9930    79379.4077  4640417    0.16%
Elapsed time = 1505.05 sec. (863632.65 ticks, tree = 95.07 MB, solutions = 1)
 323650 88359        cutoff          79252.9930    79376.6972  4663455    0.16%
 325467 87029        cutoff          79252.9930    79374.1290  4686866    0.15%
 327290 85645        cutoff          79252.9930    79371.4680  4709600    0.15%
 329066 84243        cutoff          79252.9930    79368.8114  4731670    0.15%
 330844 82886        cutoff          79252.9930    79366.2729  4753150    0.14%
 332630 81445        cutoff          79252.9930    79363.6591  4774896    0.14%
 334490 79895        cutoff          79252.9930    79361.0361  4797325    0.14%
 336338 78455        cutoff          79252.9930    79358.5115  4819242    0.13%
 338183 76924        cutoff          79252.9930    79356.0141  4840660    0.13%
 340045 75340        cutoff          79252.9930    79353.3469  4861474    0.13%
Elapsed time = 1565.47 sec. (901787.61 ticks, tree = 80.72 MB, solutions = 1)
 341870 73825        cutoff          79252.9930    79350.9045  4881809    0.12%
 343724 72374        cutoff          79252.9930    79348.5334  4901358    0.12%
 345615 70769        cutoff          79252.9930    79345.9954  4921209    0.12%
 347517 69101        cutoff          79252.9930    79343.4084  4941164    0.11%
 349428 67472        cutoff          79252.9930    79340.9244  4960609    0.11%
 351386 65702        cutoff          79252.9930    79338.2432  4979636    0.11%
 353270 64076        cutoff          79252.9930    79335.8533  4997878    0.10%
 355170 62385    79261.2069    47    79252.9930    79333.4404  5016147    0.10%
 357066 60704        cutoff          79252.9930    79331.1531  5033634    0.10%
 359041 58922        cutoff          79252.9930    79328.5550  5051872    0.10%
Elapsed time = 1624.50 sec. (939942.54 ticks, tree = 64.14 MB, solutions = 1)
 361020 57242    79309.7136   115    79252.9930    79326.1995  5069588    0.09%
 363005 55550    79289.6274   140    79252.9930    79323.9759  5086696    0.09%
 364989 53731        cutoff          79252.9930    79321.6265  5103601    0.09%
 366991 51946        cutoff          79252.9930    79319.2331  5119574    0.08%
 368958 50169        cutoff          79252.9930    79316.8532  5135109    0.08%
 370913 48405        cutoff          79252.9930    79314.6230  5149989    0.08%
 372928 46584        cutoff          79252.9930    79312.2585  5165550    0.07%
 374947 44784        cutoff          79252.9930    79309.9113  5180644    0.07%
 376964 42992    79281.1876    12    79252.9930    79307.6431  5195515    0.07%
 378991 41111    79259.9129   124    79252.9930    79305.2294  5210014    0.07%
Elapsed time = 1682.83 sec. (978099.29 ticks, tree = 46.05 MB, solutions = 1)
 381038 39225        cutoff          79252.9930    79302.8747  5223905    0.06%
 383066 37346        cutoff          79252.9930    79300.5934  5237537    0.06%
 385095 35441        cutoff          79252.9930    79298.2178  5250866    0.06%
 387099 33572        cutoff          79252.9930    79295.9258  5263353    0.05%
 389113 31689        cutoff          79252.9930    79293.6895  5275713    0.05%
 391144 29779    79261.9025    68    79252.9930    79291.3994  5287362    0.05%
 393223 27815        cutoff          79252.9930    79289.0415  5299086    0.05%
 395281 25828        cutoff          79252.9930    79286.6637  5310644    0.04%
 397354 23824        cutoff          79252.9930    79284.3007  5321358    0.04%
 399443 21818        cutoff          79252.9930    79281.9501  5331860    0.04%
Elapsed time = 1740.19 sec. (1016256.57 ticks, tree = 26.30 MB, solutions = 1)
 401541 19779        cutoff          79252.9930    79279.6018  5341889    0.03%
 403642 17740        cutoff          79252.9930    79277.0713  5351776    0.03%
 405734 15695        cutoff          79252.9930    79274.6978  5361229    0.03%
 407856 13620        cutoff          79252.9930    79272.1715  5370124    0.02%
 409944 11561        cutoff          79252.9930    79269.6429  5378402    0.02%
 412060  9468        cutoff          79252.9930    79266.9749  5386161    0.02%
 414170  7377        cutoff          79252.9930    79264.2664  5393489    0.01%
 416276  5286        cutoff          79252.9930    79261.3898  5400155    0.01%

GUB cover cuts applied:  1
Implied bound cuts applied:  257
Flow cuts applied:  67
Mixed integer rounding cuts applied:  130
Lift and project cuts applied:  204
Gomory fractional cuts applied:  57

Root node processing (before b&c):
  Real time             =    1.16 sec. (573.76 ticks)
Sequential b&c:
  Real time             = 1786.27 sec. (1048760.50 ticks)
                          ------------
Total (root+branch&cut) = 1787.44 sec. (1049334.26 ticks)
