1 of 1 MIP starts provided solutions.
MIP start 'm1' defined initial solution with objective 143280.6500.
Tried aggregator 1 time.
MIP Presolve eliminated 1 rows and 1 columns.
Reduced MIP has 4141 rows, 2321 columns, and 27819 nonzeros.
Reduced MIP has 1821 binaries, 0 generals, 0 SOSs, and 0 indicators.
Presolve time = 0.02 sec. (9.19 ticks)
Probing time = 0.01 sec. (2.90 ticks)
Tried aggregator 1 time.
Reduced MIP has 4141 rows, 2321 columns, and 27819 nonzeros.
Reduced MIP has 1821 binaries, 0 generals, 0 SOSs, and 0 indicators.
Presolve time = 0.02 sec. (11.21 ticks)
Probing time = 0.01 sec. (2.92 ticks)
Clique table members: 1624.
MIP emphasis: balance optimality and feasibility.
MIP search method: dynamic search.
Parallel mode: none, using 1 thread.
Root relaxation solution time = 0.05 sec. (28.00 ticks)

        Nodes                                         Cuts/
   Node  Left     Objective  IInf  Best Integer    Best Bound    ItCnt     Gap

*     0+    0                       143280.6500   168911.4216     1990   17.89%
      0     0   159718.7047   510   143280.6500   159718.7047     1990   11.47%
      0     0   153805.3468   484   143280.6500    Cuts: 1016     2511    7.35%
      0     0   151678.1202   520   143280.6500     Cuts: 698     3025    5.86%
      0     0   151069.1597   537   143280.6500     Cuts: 536     3362    5.44%
      0     0   150684.2935   520   143280.6500     Cuts: 274     3564    5.17%
      0     0   150529.3653   561   143280.6500     Cuts: 211     3745    5.06%
      0     0   150448.6079   559   143280.6500     Cuts: 115     3846    5.00%
      0     0   150418.7673   561   143280.6500      Cuts: 75     3926    4.98%
      0     0   150351.9629   540   143280.6500      Cuts: 67     4007    4.94%
      0     0   150297.8132   535   143280.6500     Cuts: 104     4099    4.90%
      0     0   150271.3669   547   143280.6500      Cuts: 59     4152    4.88%
      0     0   150257.8925   554   143280.6500      Cuts: 58     4182    4.87%
      0     0   150246.8069   557   143280.6500      Cuts: 42     4211    4.86%
      0     2   150246.8069   557   143280.6500   150244.4276     4211    4.86%
Elapsed time = 2.10 sec. (1025.02 ticks, tree = 0.00 MB, solutions = 1)
     60    62   148766.8293   431   143280.6500   150215.7453     5004    4.84%
    130   128   146921.8816   312   143280.6500   150215.7453     5972    4.84%
    210   202   144892.0845   251   143280.6500   150215.7453     6967    4.84%
    297   259   148761.1604   539   143280.6500   150213.5534     7964    4.84%
    360   322   148922.9468   436   143280.6500   150213.5534     8985    4.84%
    451   411   145128.1915   315   143280.6500   150213.5534    10317    4.84%
    481   441   147606.7069   586   143280.6500   147605.9498    15601    3.02%
    482   442   147595.2878   572   143280.6500   147594.5776    15641    3.01%
    483   442   147591.2696   573   143280.6500   147589.8100    15648    3.01%
    488   443   144976.2070   527   143280.6500   147589.8100    16058    3.01%
Elapsed time = 17.92 sec. (9341.78 ticks, tree = 0.85 MB, solutions = 1)
    496   448   146425.6546   534   143280.6500   147589.8100    16088    3.01%
    568   430   143347.7745   314   143280.6500   147589.8100    17125    3.01%
    696   457   144687.5525   449   143280.6500   147578.6241    19375    3.00%
    960   588   146557.7806   535   143280.6500   147565.0285    22221    2.99%
   1228   741   145254.2706   350   143280.6500   147561.4480    26206    2.99%
   1514   946   147433.8688   516   143280.6500   147545.6853    29568    2.98%
   1865  1285   144220.4699   371   143280.6500   147528.3814    32964    2.96%
   2203  1603   144408.4030   348   143280.6500   147515.0410    37171    2.96%
   2531  1917   146404.5399   496   143280.6500   147496.9199    40713    2.94%
   2948  2317   144497.8558   278   143280.6500   147494.1266    44892    2.94%
Elapsed time = 33.45 sec. (18976.25 ticks, tree = 3.65 MB, solutions = 1)
   3333  2682   143343.8854   307   143280.6500   147483.4729    49896    2.93%
   3763  3094   144122.2459   254   143280.6500   147469.7792    54391    2.92%
   4242  3531   145539.9188   380   143280.6500   147456.0225    59634    2.91%
   4743  4016   145109.4521   278   143280.6500   147419.5526    64881    2.89%
   5210  4456   146391.0333   496   143280.6500   147413.4227    70301    2.88%
   5769  5002   146974.8730   424   143280.6500   147393.2878    75383    2.87%
   6163  5369   144411.2469   286   143280.6500   147379.3090    80358    2.86%
   6625  5818   145409.2597   331   143280.6500   147371.5108    84188    2.86%
   7159  6336   144950.4418   309   143280.6500   147365.3059    88840    2.85%
   7531  6684   144026.0367   223   143280.6500   147337.4211    93794    2.83%
Elapsed time = 48.92 sec. (28567.26 ticks, tree = 10.35 MB, solutions = 1)
   7989  7125   143343.7120   139   143280.6500   147320.1116    97929    2.82%
   8357  7482   145631.6664   335   143280.6500   147295.4928   103160    2.80%
   8786  7896   144662.2924   323   143280.6500   147287.3449   107427    2.80%
   9282  8386   144226.5554   172   143280.6500   147279.0194   112153    2.79%
   9683  8764   147120.5632   465   143280.6500   147266.8349   118004    2.78%
  10101  9181   146068.8483   446   143280.6500   147263.6086   121959    2.78%
  10659  9725   145946.4565   348   143280.6500   147237.7270   127107    2.76%
  11212 10256   144510.5155   142   143280.6500   147227.2366   132355    2.75%
  11767 10791   143687.6562   154   143280.6500   147206.2529   136935    2.74%
  12211 11210   144481.0296   173   143280.6500   147194.4176   141598    2.73%
Elapsed time = 73.69 sec. (43406.81 ticks, tree = 17.47 MB, solutions = 1)
  12675 11645   145047.1769   515   143280.6500   147184.9027   145627    2.72%
  13107 12064   146964.9911   431   143280.6500   147179.3891   150381    2.72%
  13557 12501   145444.2919   353   143280.6500   147177.1367   155122    2.72%
  14049 12974   144903.9461   260   143280.6500   147175.5602   159997    2.72%
  14572 13481   144331.8284   286   143280.6500   147174.8858   164410    2.72%
  15042 13919   145176.8137   265   143280.6500   147169.7502   169003    2.71%
  15621 14475   143555.3821   267   143280.6500   147167.8624   173569    2.71%
  16130 14945   146266.1165   445   143280.6500   147163.1933   178925    2.71%
  16683 15473   143935.0985   395   143280.6500   147160.7881   184609    2.71%
  17280 16055   146272.1378   466   143280.6500   147158.0716   190263    2.71%
Elapsed time = 89.02 sec. (52994.42 ticks, tree = 24.85 MB, solutions = 1)
  17708 16438   145264.6674   358   143280.6500   147157.5779   195530    2.71%
  18307 17016   144000.7726   285   143280.6500   147154.0834   200826    2.70%
  18858 17527   146401.1478   441   143280.6500   147147.5431   206416    2.70%
  19357 18015   145003.8335   311   143280.6500   147140.2061   211517    2.69%
  19855 18492   145416.7881   381   143280.6500   147139.7088   215856    2.69%
  20354 18981   145372.4096   354   143280.6500   147137.0541   220635    2.69%
  20761 19355   143360.0698   334   143280.6500   147127.8199   225256    2.69%
  21253 19835   143384.5184   198   143280.6500   147123.6502   229917    2.68%
  21673 20231   145583.1050   402   143280.6500   147119.9735   234951    2.68%
  22218 20764   145148.3322   339   143280.6500   147115.4424   239283    2.68%
Elapsed time = 104.36 sec. (62585.18 ticks, tree = 32.49 MB, solutions = 1)
  22659 21179   143326.7012   200   143280.6500   147112.7873   244368    2.67%
  23131 21619   144733.1647   293   143280.6500   147110.8182   248786    2.67%
  23636 22068   144620.0495   278   143280.6500   147108.4888   254474    2.67%
  24216 22636   143901.0152   223   143280.6500   147106.7713   259681    2.67%
  24681 23068   143565.7605   260   143280.6500   147100.4937   265483    2.67%
  25158 23507   144199.8726   282   143280.6500   147097.6276   271424    2.66%
  25725 24047   144237.6214   197   143280.6500   147094.2178   276864    2.66%
  26353 24659   144094.8030   172   143280.6500   147086.5848   281701    2.66%
  26920 25201   143413.9777   113   143280.6500   147083.9665   287083    2.65%
  27389 25648   143880.7350   307   143280.6500   147076.1096   293138    2.65%
Elapsed time = 119.75 sec. (72141.39 ticks, tree = 39.95 MB, solutions = 1)
  27992 26221   143501.2547   154   143280.6500   147073.3142   298369    2.65%
  28441 26641   144748.9076   376   143280.6500   147069.5698   303936    2.64%
  28946 27121   144907.0940   385   143280.6500   147066.8689   308504    2.64%
  29330 27483   146576.7746   448   143280.6500   147065.4156   312314    2.64%
  29934 28070   143340.8083   359   143280.6500   147064.7757   317269    2.64%
  30392 28496   146092.6959   472   143280.6500   147060.8381   321840    2.64%
  30762 28824   144244.8520   423   143280.6500   147058.4657   326876    2.64%
  31199 29248   143589.1288   336   143280.6500   147054.5895   331555    2.63%
  31614 29630   143492.6068   151   143280.6500   147049.1352   336413    2.63%
  32111 30107   143629.3406   443   143280.6500   147048.1229   341240    2.63%
Elapsed time = 135.04 sec. (81729.73 ticks, tree = 46.77 MB, solutions = 1)
  32631 30595   146211.4388   406   143280.6500   147043.8348   346049    2.63%
  33171 31119   145551.8904   431   143280.6500   147043.5865   350543    2.63%
  33718 31631   143349.1789   118   143280.6500   147042.6182   356140    2.63%
  34263 32158   143333.1246   166   143280.6500   147039.2610   361345    2.62%
  34713 32581   145605.6173   374   143280.6500   147035.9414   367013    2.62%
  35241 33087   145445.1591   352   143280.6500   147031.2218   371973    2.62%
  35860 33697   145037.6711   249   143280.6500   147030.8359   377164    2.62%
  36396 34217   144089.0356   294   143280.6500   147027.4349   381769    2.61%
  36939 34751   143788.7591   118   143280.6500   147026.3717   386930    2.61%
  37325 35085   145504.2308   538   143280.6500   147025.3902   391799    2.61%
Elapsed time = 150.58 sec. (91313.32 ticks, tree = 55.33 MB, solutions = 1)
  37878 35624   144992.1597   367   143280.6500   147021.8942   397230    2.61%
  38464 36174   144973.9263   199   143280.6500   147020.1465   402267    2.61%
  38931 36625   144816.9529   338   143280.6500   147018.2794   406802    2.61%
  39418 37082   146172.8458   455   143280.6500   147016.2437   412354    2.61%
  39920 37567   145471.0255   288   143280.6500   147016.0239   417333    2.61%
  40349 37974   145244.2346   311   143280.6500   147015.2987   422654    2.61%
  40750 38358   145603.3597   374   143280.6500   147012.8500   427190    2.60%
  41221 38797   143480.2938   243   143280.6500   147011.5086   431792    2.60%
  41715 39269   144857.8894   506   143280.6500   147006.6582   436400    2.60%
  43531 40995   144060.6478   365   143280.6500   146999.8136   455499    2.60%
Elapsed time = 170.50 sec. (103733.99 ticks, tree = 64.43 MB, solutions = 1)
  45417 42788   144152.6054   233   143280.6500   146997.0876   473717    2.59%
  47347 44598   144418.1975   308   143280.6500   146988.3451   494757    2.59%
  49496 46649   143639.1586   192   143280.6500   146980.3174   513015    2.58%
  51562 48581   144278.7354   248   143280.6500   146968.9085   530922    2.57%
  53598 50501   144014.1160   140   143280.6500   146960.3711   552327    2.57%
  55612 52433   143679.7803   105   143280.6500   146955.0710   571884    2.56%
  57717 54419   145290.0915   432   143280.6500   146949.3718   591007    2.56%
  59602 56191   143533.8854   317   143280.6500   146945.5683   610456    2.56%
  61524 57999   143884.3908   338   143280.6500   146933.2673   632217    2.55%
  63686 60049   144251.4465   171   143280.6500   146927.5023   653496    2.55%
Elapsed time = 231.88 sec. (141888.97 ticks, tree = 93.57 MB, solutions = 1)
  65665 61879   145757.8939   524   143280.6500   146921.2451   674388    2.54%
  67977 64104   145953.6334   442   143280.6500   146913.4484   694576    2.54%
  70089 66115   145493.5147   269   143280.6500   146909.1550   715122    2.53%
  72084 67994   145518.5528   411   143280.6500   146899.7567   734263    2.53%
  74155 69948   143807.2178   342   143280.6500   146894.0295   753778    2.52%
  76271 71923   143374.0773   313   143280.6500   146886.9655   775327    2.52%
  78471 74001   144165.8135   235   143280.6500   146881.6585   796679    2.51%
  80616 76035   143428.9280   180   143280.6500   146876.2191   817805    2.51%
  82661 77963   145815.9529   339   143280.6500   146869.8256   840238    2.50%
  84823 80020   144409.9383   287   143280.6500   146865.8254   861254    2.50%
Elapsed time = 292.76 sec. (180063.48 ticks, tree = 126.02 MB, solutions = 1)
  86881 81985   145844.7245   369   143280.6500   146859.6441   881533    2.50%
  88977 83973   143293.1856   237   143280.6500   146854.9785   900402    2.49%
  90903 85769   144000.1359   377   143280.6500   146851.6356   920974    2.49%
  93135 87872   145843.8832   397   143280.6500   146847.6577   941697    2.49%
  95281 89890   144031.2387   392   143280.6500   146845.2965   962149    2.49%
  97506 91964        cutoff         143280.6500   146840.7818   984005    2.48%
  99802 94168   146102.4837   397   143280.6500   146836.8404  1004654    2.48%
 101914 96148   143845.5938   371   143280.6500   146834.3830  1026303    2.48%
 104217 98354   146434.9165   504   143280.6500   146830.4803  1046335    2.48%
 106209 100251   145932.8175   440   143280.6500   146828.2275  1065564    2.48%
Elapsed time = 353.47 sec. (218264.68 ticks, tree = 156.97 MB, solutions = 1)
 108334 102263   145188.7920   427   143280.6500   146823.8946  1085231    2.47%
 110481 104322   143315.5578   182   143280.6500   146821.9522  1104828    2.47%
 112622 106371   143716.5050   223   143280.6500   146818.6304  1126438    2.47%
 114756 108349   144282.9267   382   143280.6500   146814.1677  1147208    2.47%
 117068 110568        cutoff         143280.6500   146811.5185  1168013    2.46%
 119412 112820   144383.0284   260   143280.6500   146809.1238  1188206    2.46%
 121585 114856   146076.4851   377   143280.6500   146805.3430  1208411    2.46%
 123643 116783   144107.9277   311   143280.6500   146801.7609  1227144    2.46%
 125762 118787   144008.3823   148   143280.6500   146799.9489  1246622    2.46%
 127702 120607   145290.4611   292   143280.6500   146796.8864  1266991    2.45%
Elapsed time = 413.60 sec. (256454.39 ticks, tree = 188.13 MB, solutions = 1)
 129870 122673   145450.5146   360   143280.6500   146793.6983  1287507    2.45%
 132137 124777   143914.9610   157   143280.6500   146790.6190  1306439    2.45%
 134298 126789   144586.8998   403   143280.6500   146786.8899  1326850    2.45%
 136431 128776   144716.3180   457   143280.6500   146784.1926  1348271    2.45%
 138481 130710   143734.9719   263   143280.6500   146782.1341  1369950    2.44%
 140770 132882        cutoff         143280.6500   146778.2401  1390745    2.44%
 142881 134828   144732.4553   408   143280.6500   146772.8081  1410658    2.44%
 145056 136919   143816.2182   371   143280.6500   146770.0465  1432747    2.44%
 147100 138856   144564.2103   270   143280.6500   146765.3565  1452267    2.43%
 149270 140876   145083.0287   316   143280.6500   146761.3459  1474279    2.43%
Elapsed time = 474.12 sec. (294644.89 ticks, tree = 220.86 MB, solutions = 1)
 151327 142815   145074.4661   387   143280.6500   146758.8125  1494336    2.43%
 153438 144769   143390.6493   377   143280.6500   146755.5527  1514600    2.43%
 155540 146744   146150.4549   375   143280.6500   146753.2452  1535074    2.42%
 157786 148871   145084.6276   399   143280.6500   146749.9570  1556325    2.42%
 160014 150941   143383.8691   168   143280.6500   146748.0599  1576950    2.42%
 162480 153253   145869.2462   369   143280.6500   146746.0120  1597441    2.42%
 164829 155489   144223.5330   366   143280.6500   146743.1144  1618147    2.42%
 167059 157611   145179.2727   291   143280.6500   146741.2216  1639423    2.42%
 169190 159610   143380.6274   353   143280.6500   146738.3476  1659375    2.41%
 171454 161714   144224.3183   241   143280.6500   146735.2022  1678559    2.41%
Elapsed time = 535.01 sec. (332801.43 ticks, tree = 253.83 MB, solutions = 1)
 173689 163842   144477.9739   383   143280.6500   146731.7051  1698290    2.41%
 175867 165888   146064.3971   327   143280.6500   146728.1896  1718661    2.41%
 178052 167960   143382.0968   266   143280.6500   146726.1530  1738236    2.40%
 180185 169977   143323.3332   362   143280.6500   146723.4612  1759954    2.40%
 182285 171949   145643.7331   393   143280.6500   146719.7443  1780799    2.40%
 184291 173845   145148.6983   380   143280.6500   146717.3311  1802286    2.40%
 186525 175928   145243.5102   435   143280.6500   146713.6247  1823051    2.40%
 188851 178141   143761.8863   252   143280.6500   146711.1518  1845239    2.39%
 190900 180026   146369.5320   426   143280.6500   146709.6844  1866911    2.39%
 193036 182067   146102.1865   476   143280.6500   146707.6590  1888641    2.39%
Elapsed time = 595.70 sec. (371009.11 ticks, tree = 285.05 MB, solutions = 1)
 195135 184042   145968.2143   432   143280.6500   146705.4550  1909401    2.39%
 197141 185938   144596.4472   325   143280.6500   146703.6553  1930653    2.39%
 199151 187825   144407.2819   273   143280.6500   146700.7186  1950931    2.39%
 201281 189862   145133.3171   400   143280.6500   146699.7076  1971878    2.39%
 203491 191964   143522.6992   315   143280.6500   146697.3264  1993367    2.38%
 205682 194024   145053.3836   403   143280.6500   146695.0476  2015563    2.38%
 207828 196014   146259.9980   378   143280.6500   146692.0484  2036771    2.38%
 210111 198166   144594.1663   308   143280.6500   146690.0651  2058113    2.38%
 212299 200196   144517.1165   317   143280.6500   146687.9304  2079365    2.38%
 214481 202274   143362.5189   184   143280.6500   146686.6535  2100489    2.38%
Elapsed time = 656.61 sec. (409243.62 ticks, tree = 317.37 MB, solutions = 1)
 216681 204328   143758.7059   163   143280.6500   146684.8175  2121802    2.38%
 218789 206336        cutoff         143280.6500   146683.3735  2143391    2.37%
 220939 208342   143401.9574   267   143280.6500   146682.1432  2164004    2.37%
 223084 210342   143856.0356   238   143280.6500   146680.5731  2184751    2.37%
 225355 212531   143700.8728   197   143280.6500   146678.8157  2205155    2.37%
 227471 214520   144344.6075   368   143280.6500   146677.1246  2226461    2.37%
 229800 216747   144245.8295   290   143280.6500   146675.3860  2247220    2.37%
 232102 218920   145238.6896   289   143280.6500   146673.2597  2269187    2.37%
 234264 220967   143665.2597   336   143280.6500   146671.1677  2291280    2.37%
 236481 223089   144318.3249   435   143280.6500   146669.4265  2313606    2.37%
Elapsed time = 716.21 sec. (447423.74 ticks, tree = 349.29 MB, solutions = 1)
 238626 225075   144790.8606   269   143280.6500   146667.5740  2335590    2.36%
 240660 226968   145758.5822   348   143280.6500   146665.9463  2358086    2.36%
 242987 229161   143842.5678   259   143280.6500   146664.5365  2378943    2.36%
 245119 231158   145399.7937   420   143280.6500   146662.5064  2399984    2.36%
 247223 233169   143941.5937   291   143280.6500   146660.3515  2421164    2.36%
 249374 235188   144084.6463   197   143280.6500   146659.3491  2441162    2.36%
 251481 237169   145675.7175   360   143280.6500   146657.4131  2462383    2.36%
 253624 239184   145382.5170   401   143280.6500   146655.9439  2484172    2.36%
 255756 241195   144567.6706   349   143280.6500   146654.2937  2505668    2.35%
 257920 243197   143297.5960   318   143280.6500   146652.4956  2527175    2.35%
Elapsed time = 776.19 sec. (485616.39 ticks, tree = 381.73 MB, solutions = 1)
 260101 245272   144203.6217   298   143280.6500   146650.6554  2548842    2.35%
 262296 247352   145775.7986   307   143280.6500   146649.0810  2571402    2.35%
 264647 249592   143812.6138   402   143280.6500   146647.9008  2592646    2.35%
 266758 251517        cutoff         143280.6500   146645.4255  2614319    2.35%
 268945 253557   145885.8156   415   143280.6500   146643.6906  2634573    2.35%
 271105 255570   144954.9819   408   143280.6500   146642.2233  2656062    2.35%
 273360 257732   144728.5104   282   143280.6500   146641.0419  2676572    2.35%
 275072 259295   144501.2566   371   143280.6500   146639.5880  2697916    2.34%
 277241 261340   145998.0293   383   143280.6500   146638.3429  2719619    2.34%
 279359 263338   145451.7823   321   143280.6500   146637.0388  2739979    2.34%
Elapsed time = 838.66 sec. (523790.71 ticks, tree = 412.62 MB, solutions = 1)
 281481 265333   144119.4491   350   143280.6500   146635.6106  2760489    2.34%
 283642 267349   144453.1645   328   143280.6500   146634.0623  2780809    2.34%
 285708 269278   143579.9229   309   143280.6500   146631.9621  2802235    2.34%
 287940 271376   144341.4096   276   143280.6500   146630.3368  2823692    2.34%
 290037 273296   145932.4763   392   143280.6500   146628.4433  2845475    2.34%
 292039 275161   144937.8057   389   143280.6500   146627.1417  2867832    2.34%
 294349 277313   145733.4868   361   143280.6500   146625.3193  2889308    2.33%
 296542 279413   143806.7977   224   143280.6500   146624.2218  2910523    2.33%
 298765 281528   143613.3186   220   143280.6500   146622.9899  2931149    2.33%
 300853 283496   144275.9385   421   143280.6500   146621.1185  2951827    2.33%
Elapsed time = 900.00 sec. (561966.02 ticks, tree = 445.44 MB, solutions = 1)
 303052 285573   143321.3269   357   143280.6500   146620.0796  2973554    2.33%
 305171 287557   145286.3060   288   143280.6500   146618.9695  2993553    2.33%
 307332 289595   144897.0394   292   143280.6500   146617.7810  3014087    2.33%
 309345 291485   144935.9139   369   143280.6500   146616.1478  3033542    2.33%
 311470 293494   145206.9268   377   143280.6500   146614.9449  3054378    2.33%
 313594 295515   144975.5866   261   143280.6500   146612.3120  3075576    2.33%
 315634 297380   146115.5691   361   143280.6500   146610.3889  3095773    2.32%
 317843 299492   143399.5497    92   143280.6500   146609.4260  3115035    2.32%
 319988 301479   145438.2573   372   143280.6500   146607.6163  3135729    2.32%
 322231 303635   144254.5375   216   143280.6500   146606.5714  3157149    2.32%
Elapsed time = 958.99 sec. (600122.14 ticks, tree = 476.37 MB, solutions = 1)
 324438 305666   143633.8026   305   143280.6500   146605.1630  3179203    2.32%
 326689 307772   143734.4574   276   143280.6500   146604.3695  3200445    2.32%
 328763 309721   146036.0526   392   143280.6500   146603.4517  3222676    2.32%
 330984 311822   145701.0228   372   143280.6500   146602.0324  3244547    2.32%
 333235 313927   145249.9993   306   143280.6500   146601.1135  3265432    2.32%
 335424 316015   143556.1919   388   143280.6500   146599.5458  3286722    2.32%
 337591 318041        cutoff         143280.6500   146598.0846  3307600    2.32%
 339763 320115   145717.5224   389   143280.6500   146595.8367  3328230    2.31%
 341907 322140   145139.6856   446   143280.6500   146594.3671  3348911    2.31%
 343899 324014        cutoff         143280.6500   146593.6051  3370677    2.31%
Elapsed time = 1018.80 sec. (638312.70 ticks, tree = 507.73 MB, solutions = 1)
 345967 325970   145564.0618   361   143280.6500   146592.5149  3391810    2.31%
 348122 328003   145251.0634   294   143280.6500   146591.5994  3412685    2.31%
 350229 329947   145089.9464   407   143280.6500   146590.2016  3434072    2.31%
 352429 331994   144444.4628   271   143280.6500   146589.1924  3455660    2.31%
 354676 334122   144623.4859   394   143280.6500   146588.2674  3477297    2.31%
 356844 336195   143546.8835   171   143280.6500   146586.8983  3499995    2.31%
 358881 338125   143819.0163   297   143280.6500   146585.6981  3522378    2.31%
 360978 340074   144573.5483   259   143280.6500   146584.6896  3544498    2.31%
 362857 341790   145311.1846   374   143280.6500   146583.4324  3566178    2.31%
 364968 343751   145858.7917   392   143280.6500   146582.2127  3587637    2.30%
Elapsed time = 1078.85 sec. (676484.25 ticks, tree = 540.38 MB, solutions = 1)
 367307 345984   144867.1499   227   143280.6500   146581.2637  3609277    2.30%
 369389 347926   144418.9846   236   143280.6500   146580.3858  3630592    2.30%
 371583 349959   144421.0768   183   143280.6500   146579.2522  3652709    2.30%
 373769 352002   144713.6268   381   143280.6500   146578.3900  3672274    2.30%
 375815 353882   145143.4281   358   143280.6500   146577.1072  3693440    2.30%
 378066 356019   144664.5337   248   143280.6500   146575.6340  3713501    2.30%
 380151 357937   143851.2882   298   143280.6500   146574.3943  3733513    2.30%
 382175 359806   143348.2738   300   143280.6500   146573.0157  3753626    2.30%
 384199 361652   144012.4783   285   143280.6500   146571.5821  3774775    2.30%
 386490 363783   144217.8409   232   143280.6500   146570.7033  3795670    2.30%
Elapsed time = 1138.52 sec. (714640.28 ticks, tree = 571.21 MB, solutions = 1)
 388652 365803   145812.8821   394   143280.6500   146569.7883  3816289    2.30%
 391065 368112   144519.7890   278   143280.6500   146568.6249  3837840    2.29%
 393264 370170   145968.5325   367   143280.6500   146567.4941  3858820    2.29%
 395482 372247   144482.9906   310   143280.6500   146566.3961  3881024    2.29%
 397577 374162        cutoff         143280.6500   146565.6915  3901678    2.29%
 399690 376161   146283.5606   443   143280.6500   146564.7004  3922947    2.29%
 401824 378196   143925.2165   344   143280.6500   146563.7035  3945506    2.29%
 404009 380222   144192.3058   351   143280.6500   146561.8549  3968486    2.29%
 406182 382279   143905.1743   344   143280.6500   146560.4533  3990073    2.29%
 408117 384095   143649.0290   259   143280.6500   146559.5759  4010559    2.29%
Elapsed time = 1198.25 sec. (752796.11 ticks, tree = 602.48 MB, solutions = 1)
 410346 386159   145617.7338   365   143280.6500   146558.5798  4032708    2.29%
 412586 388284   145358.8902   320   143280.6500   146557.5971  4053948    2.29%
 414663 390237   144226.1794   387   143280.6500   146556.2280  4075986    2.29%
 416906 392382   143597.5981   223   143280.6500   146554.8487  4096494    2.29%
 419130 394477   143672.2553   233   143280.6500   146553.7775  4118018    2.28%
 421198 396428   144433.8829   392   143280.6500   146552.0788  4138926    2.28%
 423375 398479   144805.2013   303   143280.6500   146551.0493  4161608    2.28%
 425576 400557   143976.0736   194   143280.6500   146549.8828  4183584    2.28%
 427906 402781   143992.1454   420   143280.6500   146548.7127  4206291    2.28%
 430109 404839   145765.2309   312   143280.6500   146547.8402  4228479    2.28%
Elapsed time = 1258.21 sec. (790962.44 ticks, tree = 637.13 MB, solutions = 1)
 432356 406930   143960.8773   371   143280.6500   146546.5959  4249251    2.28%
 434515 408983   144466.8549   415   143280.6500   146545.7863  4270728    2.28%
 436725 411053   144866.5774   379   143280.6500   146544.9009  4292436    2.28%
 438897 413103   143280.7583   294   143280.6500   146543.5792  4314979    2.28%
 441126 415212   144743.9441   419   143280.6500   146542.4036  4335251    2.28%
 443291 417260   145525.7779   459   143280.6500   146541.4995  4356800    2.28%
 445419 419254   145135.2425   398   143280.6500   146540.4547  4377541    2.28%
 447576 421296   143441.4451   279   143280.6500   146539.3995  4399369    2.27%
 449711 423309   143352.2369   264   143280.6500   146538.6360  4420110    2.27%
 451766 425223   144388.1590   326   143280.6500   146537.4742  4440422    2.27%
Elapsed time = 1318.04 sec. (829128.16 ticks, tree = 668.50 MB, solutions = 1)
 454036 427376   143412.9383   360   143280.6500   146536.5690  4462198    2.27%
 456157 429333   144117.9315   379   143280.6500   146535.2190  4483838    2.27%
 458309 431308   144871.1307   368   143280.6500   146534.4075  4506391    2.27%
 460539 433392   144763.0861   217   143280.6500   146533.5153  4527615    2.27%
 462752 435478   143875.7780   340   143280.6500   146532.7185  4548596    2.27%
 465057 437655   144030.0906   371   143280.6500   146531.6327  4570556    2.27%
 467210 439692   143964.2454   432   143280.6500   146530.7239  4592739    2.27%
 469379 441700   145287.1618   415   143280.6500   146529.0469  4614822    2.27%
 471659 443888   143375.7803   269   143280.6500   146528.6180  4636185    2.27%
 473737 445781   144253.4337   321   143280.6500   146527.4965  4657542    2.27%
Elapsed time = 1377.80 sec. (867294.74 ticks, tree = 700.15 MB, solutions = 1)
 476031 447885   145304.9939   329   143280.6500   146526.2555  4679383    2.27%
 478190 449866   143777.1206   375   143280.6500   146524.6842  4700645    2.26%
 480411 451931   145600.1183   474   143280.6500   146523.9816  4721300    2.26%
 482573 453938   144041.2228   271   143280.6500   146522.4896  4741526    2.26%
 484606 455842   144069.9332   337   143280.6500   146521.1336  4762660    2.26%
 486679 457751   143688.3032   308   143280.6500   146520.1773  4784694    2.26%
 488915 459895   145017.9984   243   143280.6500   146519.0999  4807308    2.26%
 491189 462024   145267.2975   320   143280.6500   146518.3610  4827571    2.26%
 493347 464076   143350.5438   273   143280.6500   146517.3760  4848056    2.26%
 495611 466202   143525.1936   337   143280.6500   146516.3862  4868795    2.26%
Elapsed time = 1437.02 sec. (905461.59 ticks, tree = 731.58 MB, solutions = 1)
 497920 468326   144932.1694   225   143280.6500   146515.4093  4890563    2.26%
 499940 470212   144579.8719   231   143280.6500   146514.5428  4913984    2.26%
 502176 472337   144803.8097   226   143280.6500   146513.6391  4936522    2.26%
 504299 474351   143750.9837   266   143280.6500   146512.7497  4955378    2.26%
 506528 476467   143412.4887   123   143280.6500   146512.3557  4974961    2.26%
 508758 478564   144559.5845   353   143280.6500   146511.1035  4997588    2.25%
 511084 480740   143427.8810   134   143280.6500   146510.3453  5018334    2.25%
 513261 482791   145280.7214   360   143280.6500   146509.3380  5041045    2.25%
 515585 485000   143819.6466   270   143280.6500   146508.6373  5063099    2.25%
 517745 487029   144553.1024   300   143280.6500   146507.4951  5084334    2.25%
Elapsed time = 1496.39 sec. (943638.88 ticks, tree = 766.90 MB, solutions = 1)
 520001 489122   145469.9421   318   143280.6500   146506.9741  5105257    2.25%
 522242 491204   143564.1670   445   143280.6500   146506.4557  5126603    2.25%
 524393 493208   145398.1731   279   143280.6500   146505.8061  5147793    2.25%
 526481 495154   145058.4123   264   143280.6500   146504.3451  5168062    2.25%
 528675 497189   143851.7813   243   143280.6500   146503.5514  5188739    2.25%
 530863 499240   143641.0917   290   143280.6500   146503.0268  5208913    2.25%
 533097 501262   144409.4024   370   143280.6500   146501.8322  5230128    2.25%
 535508 503561   144631.3934   309   143280.6500   146500.8375  5251241    2.25%
 537772 505636   144916.9050   270   143280.6500   146500.2022  5272345    2.25%
 539996 507696   143757.8905   182   143280.6500   146499.3618  5292642    2.25%
Elapsed time = 1556.52 sec. (981824.98 ticks, tree = 798.74 MB, solutions = 1)
 542315 509864   145391.7802   405   143280.6500   146498.3485  5314609    2.25%
 544548 511946   143394.3978   298   143280.6500   146497.5537  5335954    2.25%
 546868 514127   143333.6095   405   143280.6500   146496.0085  5357581    2.24%
 549032 516138   143604.9170   432   143280.6500   146495.1635  5379251    2.24%
 551240 518204   144580.4834   366   143280.6500   146494.4498  5401222    2.24%
 553414 520253   145567.9385   384   143280.6500   146493.5027  5423258    2.24%
 555715 522405   145203.6102   412   143280.6500   146492.7771  5444217    2.24%
 558046 524635   143758.2900   166   143280.6500   146491.6953  5466107    2.24%
 560319 526744   144205.4231   275   143280.6500   146491.2205  5487750    2.24%
 562526 528824   145491.9986   423   143280.6500   146490.2710  5509391    2.24%
Elapsed time = 1616.11 sec. (1020031.00 ticks, tree = 831.29 MB, solutions = 1)
 564742 530939   144919.4680   290   143280.6500   146489.5118  5529893    2.24%
 566859 532907   143876.0316   369   143280.6500   146488.7785  5551406    2.24%
 568949 534880   143487.2001   336   143280.6500   146487.6767  5573852    2.24%
 571287 537093   143752.1036   262   143280.6500   146486.6924  5594463    2.24%
 573481 539164   143325.4985   151   143280.6500   146485.8688  5615659    2.24%
 575880 541429   143483.7172   259   143280.6500   146485.2412  5636482    2.24%
 578118 543543   143691.5265   132   143280.6500   146484.1730  5659585    2.24%
 580463 545763   144203.8119   281   143280.6500   146483.5500  5681124    2.24%
 582669 547843   144483.1424   302   143280.6500   146482.7832  5702409    2.23%
 584887 549922   144280.7406   253   143280.6500   146482.0280  5723762    2.23%
Elapsed time = 1675.98 sec. (1058208.72 ticks, tree = 863.78 MB, solutions = 1)
 587184 552125   145570.1206   347   143280.6500   146481.0327  5744540    2.23%
 589386 554186   145119.4546   383   143280.6500   146480.2839  5766274    2.23%
 591637 556303   143597.2909   151   143280.6500   146479.4465  5788414    2.23%
 593816 558322   145094.1180   308   143280.6500   146478.5985  5809132    2.23%
 595891 560298   145561.5238   358   143280.6500   146477.6889  5831572    2.23%
 598010 562309   144490.5824   198   143280.6500   146476.7771  5852726    2.23%
 600221 564381   145110.8783   349   143280.6500   146475.6649  5873593    2.23%
 602435 566493   144107.5482   368   143280.6500   146474.6933  5894219    2.23%
 604675 568640   143610.4110   348   143280.6500   146474.2117  5915653    2.23%
 606871 570682   144500.2234   421   143280.6500   146473.5379  5935928    2.23%
Elapsed time = 1735.41 sec. (1096368.58 ticks, tree = 899.65 MB, solutions = 1)
 608990 572643   144426.0521   224   143280.6500   146472.8832  5956353    2.23%
 611063 574566   145249.2366   456   143280.6500   146472.3227  5978515    2.23%
 613271 576633   143796.1567   265   143280.6500   146471.7919  5998831    2.23%
 615481 578739   144698.1825   304   143280.6500   146470.3921  6018861    2.23%
 617569 580710   144008.3378   265   143280.6500   146469.7512  6039530    2.23%
 619791 582806   145419.9909   375   143280.6500   146468.6432  6060520    2.22%
 622128 585010   143716.9949   312   143280.6500   146467.6917  6081717    2.22%
 624413 587190   146121.5603   359   143280.6500   146467.0804  6103295    2.22%
 626833 589470   144077.6747   369   143280.6500   146466.6467  6123120    2.22%
 629188 591695   144550.2587   339   143280.6500   146465.8050  6145368    2.22%
Elapsed time = 1793.94 sec. (1134581.52 ticks, tree = 932.02 MB, solutions = 1)
 631490 593877   145746.8151   297   143280.6500   146464.9036  6166459    2.22%
 633822 596073   145086.3403   337   143280.6500   146464.1913  6188382    2.22%
 636204 598312   145280.5586   295   143280.6500   146463.6764  6208834    2.22%
 638468 600465   143902.8716   297   143280.6500   146463.2912  6230788    2.22%
 640752 602599   143714.8761   158   143280.6500   146462.6135  6251832    2.22%
 642972 604700   143671.7440   261   143280.6500   146461.9934  6272967    2.22%
 644886 606481   144274.3121   299   143280.6500   146460.9363  6295744    2.22%
 647189 608648   143294.8343   338   143280.6500   146460.0582  6317937    2.22%
 649407 610747   145569.6889   496   143280.6500   146459.4020  6339429    2.22%
 651514 612720   146025.3633   366   143280.6500   146459.0531  6361248    2.22%
Elapsed time = 1853.24 sec. (1172762.98 ticks, tree = 964.41 MB, solutions = 1)
 653577 614658   143427.8914   291   143280.6500   146458.4411  6382986    2.22%
 655826 616774   145211.8271   292   143280.6500   146457.9322  6403748    2.22%
 657769 618541   145405.7353   280   143280.6500   146457.3836  6424935    2.22%
 659914 620552   145579.4818   295   143280.6500   146456.3502  6447325    2.22%
 662220 622716   143503.1746   202   143280.6500   146455.6104  6469030    2.22%
 664530 624884   143357.9137    86   143280.6500   146455.1068  6490256    2.22%
 666840 627039   143303.3793   111   143280.6500   146454.2171  6510873    2.21%
 669129 629145   145534.0309   279   143280.6500   146453.4159  6533077    2.21%
 671351 631224   144771.7936   298   143280.6500   146452.6831  6554635    2.21%
 673665 633407   145681.3141   400   143280.6500   146451.9926  6575558    2.21%
Elapsed time = 1912.99 sec. (1210920.58 ticks, tree = 996.28 MB, solutions = 1)
 675954 635569   145404.3417   324   143280.6500   146451.3461  6598961    2.21%
 678299 637811   144914.9450   401   143280.6500   146450.8198  6619583    2.21%
 680668 640013   146069.9756   376   143280.6500   146449.9644  6640493    2.21%
 682942 642152   145328.8944   379   143280.6500   146449.1179  6661369    2.21%
 685229 644316   144974.6494   341   143280.6500   146448.6030  6683318    2.21%
 687449 646400   143913.8861   300   143280.6500   146447.8951  6704268    2.21%
 689645 648407   144101.2537   242   143280.6500   146446.9497  6726498    2.21%
 691781 650409   145476.6623   360   143280.6500   146446.2445  6748388    2.21%
 694032 652517   143622.2959   184   143280.6500   146445.4315  6769868    2.21%
 696362 654727   143892.0325   217   143280.6500   146444.5427  6790201    2.21%
Elapsed time = 1971.99 sec. (1249083.22 ticks, tree = 1029.12 MB, solutions = 1)
 698515 656738   144698.6889   292   143280.6500   146443.9613  6810952    2.21%
 700584 658670   145395.5259   401   143280.6500   146443.3603  6831704    2.21%
 702832 660788   145546.1022   306   143280.6500   146442.2672  6853098    2.21%
 705042 662857   144778.5612   294   143280.6500   146441.6733  6874865    2.21%
 707163 664835   144253.5522   210   143280.6500   146441.1312  6896692    2.21%
 709335 666881   143367.1854   287   143280.6500   146440.4507  6918555    2.21%
 711415 668805   143474.9486   241   143280.6500   146439.5968  6941642    2.20%
 713525 670782   145367.7735   413   143280.6500   146438.6606  6964052    2.20%
 715714 672810   145302.8560   348   143280.6500   146438.0539  6984801    2.20%
 718021 674988   144422.4483   200   143280.6500   146436.8049  7006609    2.20%
Elapsed time = 2031.38 sec. (1287237.46 ticks, tree = 1060.39 MB, solutions = 1)
 720170 676989   143645.3742   311   143280.6500   146436.0213  7028218    2.20%
 722402 679080   144341.2267   276   143280.6500   146435.3431  7051117    2.20%
 724680 681263   143347.5988   272   143280.6500   146434.8059  7072407    2.20%
 726803 683225   144236.9355   510   143280.6500   146433.8065  7093698    2.20%
 728881 685131   143439.1221   102   143280.6500   146433.2832  7115729    2.20%
 731014 687107   143627.0433   226   143280.6500   146432.6398  7137633    2.20%
 733115 689094   145437.6258   361   143280.6500   146431.7647  7159388    2.20%
 735264 691107   144735.2159   344   143280.6500   146430.9897  7177744    2.20%
 737374 693097   146019.2276   337   143280.6500   146430.3322  7199389    2.20%
 739512 695102   144608.3244   317   143280.6500   146429.8958  7220194    2.20%
Elapsed time = 2091.00 sec. (1325407.44 ticks, tree = 1096.07 MB, solutions = 1)
 741704 697179   145614.7102   330   143280.6500   146429.2622  7241093    2.20%
 743697 699088   143518.3037   208   143280.6500   146428.9761  7262400    2.20%
 745714 700998   145016.5117   411   143280.6500   146428.4004  7284855    2.20%
 747862 703024   144408.7209   339   143280.6500   146427.7058  7306317    2.20%
 749873 704845   143349.0897   390   143280.6500   146426.8622  7327474    2.20%
 751932 706777   145989.9551   425   143280.6500   146426.1524  7348989    2.20%
 754091 708830        cutoff         143280.6500   146425.5966  7369184    2.19%
 756199 710777   144147.8147   302   143280.6500   146424.7183  7391000    2.19%
 758321 712762   145037.1175   392   143280.6500   146423.9262  7413562    2.19%
 760508 714803   144073.0191   214   143280.6500   146423.6355  7433841    2.19%
Elapsed time = 2152.59 sec. (1363574.01 ticks, tree = 1126.47 MB, solutions = 1)
 762552 716735   145512.1751   373   143280.6500   146423.2345  7455665    2.19%
 764514 718563   145208.7611   420   143280.6500   146422.7783  7478948    2.19%
 766698 720587   143919.6439   195   143280.6500   146422.1020  7500778    2.19%
 768812 722544   145134.9614   318   143280.6500   146421.2414  7522842    2.19%
 770875 724474   145176.0875   337   143280.6500   146420.5479  7544967    2.19%
 772993 726458   144051.3620   199   143280.6500   146419.5642  7566611    2.19%
 775051 728372   144648.5923   396   143280.6500   146419.1659  7588506    2.19%
 777231 730411   144666.7914   324   143280.6500   146418.6209  7610239    2.19%
 779305 732332   144838.1433   320   143280.6500   146417.8861  7631767    2.19%
 781294 734213   143474.9691   308   143280.6500   146417.4024  7653733    2.19%
Elapsed time = 2213.47 sec. (1401745.52 ticks, tree = 1156.44 MB, solutions = 1)
 783316 736119   143985.1278   251   143280.6500   146416.9137  7676511    2.19%
 785394 738121   143469.1761   199   143280.6500   146416.1439  7695365    2.19%
 787536 740152   144004.9667   192   143280.6500   146415.7235  7713688    2.19%
 789527 742008   144875.6634   321   143280.6500   146415.1834  7733903    2.19%
 791597 743936   144629.1448   344   143280.6500   146414.7875  7756234    2.19%
 793749 745947   144428.9735   297   143280.6500   146414.1604  7776382    2.19%
 795781 747839   143603.4797   152   143280.6500   146413.5930  7798816    2.19%
 798015 749957   143677.3330   308   143280.6500   146413.1252  7821823    2.19%
 800169 751997   144872.7653   262   143280.6500   146412.6875  7842131    2.19%
 802363 754035   143408.2227   144   143280.6500   146412.2135  7862645    2.19%
Elapsed time = 2273.53 sec. (1439901.79 ticks, tree = 1187.05 MB, solutions = 1)
 804583 756156   144997.9229   436   143280.6500   146411.5711  7884650    2.19%
 806777 758182   145043.5216   331   143280.6500   146411.1166  7907068    2.18%
 808895 760183   145392.9799   296   143280.6500   146410.5658  7928050    2.18%
 811087 762234   144067.6036   339   143280.6500   146410.0080  7950375    2.18%
 813282 764280   145639.3889   446   143280.6500   146409.4935  7972188    2.18%
 815347 766212   144077.3840   313   143280.6500   146408.9284  7994826    2.18%
 817278 767970   144935.4063   364   143280.6500   146408.2622  8017177    2.18%
 819417 769993   143652.2466   154   143280.6500   146407.6279  8040843    2.18%
 821515 771915   143507.2907   210   143280.6500   146407.1405  8062182    2.18%
 823428 773712   145030.1590   283   143280.6500   146406.5888  8084069    2.18%
Elapsed time = 2334.82 sec. (1478066.70 ticks, tree = 1217.41 MB, solutions = 1)
 825569 775722   144874.7427   450   143280.6500   146405.9933  8105907    2.18%
 827668 777711   144692.0682   300   143280.6500   146405.7045  8128678    2.18%
 829858 779781   144707.8424   402   143280.6500   146405.1759  8148757    2.18%
 832035 781794   145323.9989   383   143280.6500   146404.8449  8169573    2.18%
 834110 783739   145159.3452   355   143280.6500   146404.2490  8192323    2.18%
 835999 785482   143452.4873   302   143280.6500   146403.6496  8213852    2.18%
 838059 787375   144331.5164   297   143280.6500   146402.8838  8235891    2.18%
 840224 789403   143825.0673   160   143280.6500   146402.0947  8257696    2.18%
 842332 791380   145721.2527   408   143280.6500   146401.5734  8279595    2.18%
 844428 793380   144972.3629   354   143280.6500   146401.2190  8300614    2.18%
Elapsed time = 2395.66 sec. (1516233.51 ticks, tree = 1247.77 MB, solutions = 1)
 846549 795394   145449.2469   400   143280.6500   146400.8096  8323076    2.18%
 848746 797453   143787.8518   293   143280.6500   146400.0792  8346283    2.18%
 850880 799439   145109.6128   252   143280.6500   146399.4460  8368158    2.18%
 853097 801514   145827.8794   363   143280.6500   146398.7516  8390848    2.18%
 855310 803599   145072.8294   297   143280.6500   146398.1604  8411702    2.18%
 857466 805657   145711.6237   332   143280.6500   146397.6358  8433884    2.18%
 859598 807662   143300.8297   388   143280.6500   146397.1107  8455562    2.18%
 861819 809723   145612.1384   383   143280.6500   146396.5200  8478047    2.17%
 863985 811791   143988.2800   395   143280.6500   146395.8149  8500408    2.17%
 866081 813748   144496.8995   445   143280.6500   146395.5625  8523336    2.17%
Elapsed time = 2457.99 sec. (1554424.48 ticks, tree = 1284.84 MB, solutions = 1)
 868309 815801   145320.1364   320   143280.6500   146394.7352  8545496    2.17%
 870424 817746   145477.1185   384   143280.6500   146394.2850  8568116    2.17%
 872640 819838   144587.4606   334   143280.6500   146393.6583  8588958    2.17%
 874574 821651   143367.6821   218   143280.6500   146393.2358  8611458    2.17%
 876568 823502   145667.2427   371   143280.6500   146392.3330  8631793    2.17%
 878698 825519   143720.5838   384   143280.6500   146391.6532  8653353    2.17%
 880915 827588   144192.4409   308   143280.6500   146391.3884  8673682    2.17%
 882966 829473   145302.8738   428   143280.6500   146390.8454  8696029    2.17%
 885029 831392   143760.9143   298   143280.6500   146390.2365  8717298    2.17%
 887073 833307   144755.2952   338   143280.6500   146389.7166  8740056    2.17%
Elapsed time = 2520.42 sec. (1592638.10 ticks, tree = 1315.05 MB, solutions = 1)
 889243 835356   145346.4185   347   143280.6500   146389.3396  8761457    2.17%
 891161 837125   144012.4399   331   143280.6500   146388.8313  8784846    2.17%
 893352 839182   145650.4166   299   143280.6500   146388.3926  8807207    2.17%
 895410 841116   145785.2016   317   143280.6500   146387.6839  8829475    2.17%
 897683 843263   143381.8593   238   143280.6500   146387.1597  8851526    2.17%
 899821 845268   143355.3514   344   143280.6500   146386.5927  8874066    2.17%
 901967 847309   144896.1789   304   143280.6500   146386.1637  8896375    2.17%
 904151 849332   145484.4435   287   143280.6500   146385.4711  8918741    2.17%
 906250 851277   144113.0611   217   143280.6500   146385.0107  8939942    2.17%
 908437 853338   144033.1278   288   143280.6500   146384.3999  8961577    2.17%
Elapsed time = 2583.46 sec. (1630791.69 ticks, tree = 1345.96 MB, solutions = 1)
 910536 855287   144618.1667   371   143280.6500   146383.8603  8984203    2.17%
 912653 857256   143519.1406   255   143280.6500   146383.3312  9006820    2.17%
 914726 859160   145148.3283   331   143280.6500   146382.8880  9029583    2.17%
 917092 861441   145111.3975   405   143280.6500   146382.5604  9051576    2.16%
 919139 863331   144603.4419   487   143280.6500   146381.9710  9073776    2.16%
 921203 865252   143368.9446   350   143280.6500   146381.7697  9093864    2.16%
 923471 867392   144232.2301   309   143280.6500   146381.4332  9115992    2.16%
 925569 869377   143397.1501   355   143280.6500   146380.8435  9137614    2.16%
 927493 871181        cutoff         143280.6500   146380.2010  9160067    2.16%
 929643 873221   145333.4788   357   143280.6500   146379.6043  9182559    2.16%
Elapsed time = 2645.46 sec. (1668978.17 ticks, tree = 1376.66 MB, solutions = 1)
 931786 875258   143340.2888   154   143280.6500   146379.0826  9203945    2.16%
 933774 877060   145313.3155   357   143280.6500   146378.7614  9225268    2.16%
 935809 878932   144905.6524   365   143280.6500   146378.2742  9246188    2.16%
 938081 881106   145900.2424   422   143280.6500   146377.7890  9267215    2.16%
 940230 883078   143284.1488   193   143280.6500   146377.2984  9289516    2.16%
 942416 885141   145207.9679   312   143280.6500   146376.8729  9311779    2.16%
 944750 887325   144700.7506   318   143280.6500   146376.4185  9332859    2.16%
 947091 889566   145386.9652   287   143280.6500   146375.9864  9353637    2.16%
 949328 891710   143674.1645   146   143280.6500   146375.5939  9375999    2.16%
 951363 893588   143553.1083   225   143280.6500   146374.8941  9399111    2.16%
Elapsed time = 2707.71 sec. (1707172.05 ticks, tree = 1408.10 MB, solutions = 1)
 953628 895719   143378.7868   336   143280.6500   146374.3771  9420960    2.16%
 955762 897725   144224.8188   256   143280.6500   146373.7910  9443860    2.16%
 957986 899849   145434.4933   381   143280.6500   146373.2734  9466119    2.16%
 960167 901901   143709.9314   243   143280.6500   146372.9848  9488339    2.16%
 962406 904007   144332.9560   220   143280.6500   146372.3732  9509971    2.16%
 964461 905914   144768.9687   307   143280.6500   146371.7056  9531599    2.16%
 966523 907833   144466.7943   360   143280.6500   146371.1014  9553766    2.16%
 968640 909814   144433.6135   316   143280.6500   146370.9004  9575823    2.16%
 970760 911795   145264.7941   336   143280.6500   146370.5010  9597394    2.16%
 972967 913853   144395.8902   287   143280.6500   146370.0047  9618194    2.16%
Elapsed time = 2769.95 sec. (1745336.49 ticks, tree = 1439.41 MB, solutions = 1)
 974952 915709   143340.5893   308   143280.6500   146369.6091  9640742    2.16%
 977186 917828   144350.5318   248   143280.6500   146369.1483  9662716    2.16%
 979365 919871   145241.5399   295   143280.6500   146368.7333  9685001    2.16%
 981389 921743   145819.4074   452   143280.6500   146368.0944  9707576    2.15%
 983544 923777   144385.1909   301   143280.6500   146367.6419  9724634    2.15%
 985756 925791   145478.4454   380   143280.6500   146367.3101  9741614    2.15%
 987937 927861   143298.2362   319   143280.6500   146366.9073  9758717    2.15%
 990081 929879   145559.0964   374   143280.6500   146366.4582  9776492    2.15%
 992233 931891   143675.2183   467   143280.6500   146365.9027  9799152    2.15%
 994401 933896   143793.0691   277   143280.6500   146365.6047  9821884    2.15%
Elapsed time = 2831.79 sec. (1783553.44 ticks, tree = 1470.36 MB, solutions = 1)
 996631 935999   143753.2605   305   143280.6500   146365.1697  9844426    2.15%
 998615 937808   144978.6298   288   143280.6500   146364.4050  9867725    2.15%
 1000778 939848   143826.6580   192   143280.6500   146363.8896  9888440    2.15%
 1002884 941825   144427.1056   343   143280.6500   146363.4475  9908631    2.15%
 1005040 943883   144161.7939   301   143280.6500   146363.0219  9930807    2.15%
 1007285 945987   144389.0581   263   143280.6500   146362.6609  9952962    2.15%
 1009431 947962   144747.9483   254   143280.6500   146362.3569  9974252    2.15%
 1011603 949979   144919.2841   352   143280.6500   146361.7984  9995640    2.15%
 1013701 951923   144750.5327   448   143280.6500   146361.3050 10018658    2.15%
 1015950 954044   144874.3312   495   143280.6500   146360.9540 10040857    2.15%
Elapsed time = 2893.49 sec. (1821721.24 ticks, tree = 1501.45 MB, solutions = 1)
 1018157 956110   143352.1150   193   143280.6500   146360.7163 10063200    2.15%
 1020261 958109   145449.2005   327   143280.6500   146360.2077 10085126    2.15%
 1022240 959917   145319.8005   299   143280.6500   146359.7650 10107453    2.15%
 1024309 961882   144055.4827   265   143280.6500   146359.4059 10129707    2.15%
 1026372 963811   144491.6744   239   143280.6500   146359.1539 10152279    2.15%
 1028420 965702   144020.0834   384   143280.6500   146358.5401 10172397    2.15%
 1030594 967753   144404.5521   319   143280.6500   146358.1547 10194368    2.15%
 1032788 969788   145905.3605   394   143280.6500   146357.4294 10215430    2.15%
 1034972 971809   145501.6793   374   143280.6500   146356.9430 10237219    2.15%
 1037226 973933   143510.8048   187   143280.6500   146356.5659 10258674    2.15%
Elapsed time = 2954.98 sec. (1859875.60 ticks, tree = 1538.90 MB, solutions = 1)
 1039350 975922   143900.5019   206   143280.6500   146356.1735 10281568    2.15%
 1041456 977893   145085.3008   481   143280.6500   146355.5230 10304105    2.15%
 1043596 979883   143401.6644   282   143280.6500   146355.1522 10325763    2.15%
 1045639 981756   143605.0250   281   143280.6500   146354.7110 10347445    2.15%
 1047815 983804   143340.9305   198   143280.6500   146354.1102 10366976    2.15%
 1050104 985975   144120.4534   287   143280.6500   146353.7765 10388370    2.14%
 1052275 988041   144522.5680   400   143280.6500   146353.3373 10411162    2.14%
 1054470 990130   144163.3923   222   143280.6500   146352.9904 10432154    2.14%
 1056634 992172   144159.4372   307   143280.6500   146352.4814 10451256    2.14%
 1058753 994129        cutoff         143280.6500   146351.7862 10473677    2.14%
Elapsed time = 3015.85 sec. (1898041.95 ticks, tree = 1570.09 MB, solutions = 1)
 1060904 996140   145503.4537   466   143280.6500   146351.3672 10496125    2.14%
 1063089 998158   143436.7932   227   143280.6500   146351.0889 10517950    2.14%
 1065237 1000188   143550.8132   237   143280.6500   146350.4576 10541011    2.14%
 1067281 1002098   145169.4439   346   143280.6500   146350.0026 10563734    2.14%
 1069408 1004113   144257.3248   290   143280.6500   146349.6092 10587680    2.14%
 1071617 1006164   143367.0636   244   143280.6500   146349.3251 10609814    2.14%
 1073635 1008028   144018.1857   269   143280.6500   146348.8624 10631850    2.14%
 1075681 1009966   144665.0097   294   143280.6500   146348.4843 10654002    2.14%
 1077871 1012032   143390.3838   366   143280.6500   146348.0863 10675785    2.14%
 1079888 1013898   145043.9688   307   143280.6500   146347.1571 10695738    2.14%
Elapsed time = 3080.67 sec. (1936208.35 ticks, tree = 1600.64 MB, solutions = 1)
 1082104 1015944   145205.5509   284   143280.6500   146346.6172 10712726    2.14%
 1084329 1018048   144166.8904   391   143280.6500   146346.1040 10730446    2.14%
 1086442 1020022   145417.4004   381   143280.6500   146345.4643 10747272    2.14%
 1088660 1022122   144518.6871   329   143280.6500   146345.0494 10764501    2.14%
 1090764 1024099   144337.0402   224   143280.6500   146344.8226 10782592    2.14%
 1092719 1025927   145341.9500   322   143280.6500   146344.3993 10804690    2.14%
 1094895 1028007   143412.8939   252   143280.6500   146343.8704 10826116    2.14%
 1097137 1030089   145631.5791   383   143280.6500   146343.5040 10843620    2.14%
 1099413 1032213   144670.9681   445   143280.6500   146343.0386 10861347    2.14%
 1101606 1034276   143538.6461   222   143280.6500   146342.6914 10881048    2.14%
Elapsed time = 3143.30 sec. (1974375.69 ticks, tree = 1632.16 MB, solutions = 1)
 1103661 1036180   143491.9443   312   143280.6500   146342.0861 10903295    2.14%
 1105741 1038112   144829.8598   399   143280.6500   146341.5652 10926609    2.14%
 1107956 1040183        cutoff         143280.6500   146341.3463 10947543    2.14%
 1110166 1042289   144786.4688   359   143280.6500   146340.8544 10969830    2.14%
 1112142 1044112   143585.8712   382   143280.6500   146340.4193 10991662    2.14%
 1114336 1046169   145695.7959   398   143280.6500   146339.9749 11009774    2.14%
 1116586 1048306   143528.3438   185   143280.6500   146339.7678 11027874    2.14%
 1118835 1050412   143704.4891   409   143280.6500   146339.2931 11045477    2.13%
 1121081 1052522   144364.2665   204   143280.6500   146338.8527 11063519    2.13%
 1123216 1054497   144710.3488   362   143280.6500   146338.2323 11085666    2.13%
Elapsed time = 3209.97 sec. (2012535.18 ticks, tree = 1663.44 MB, solutions = 1)
 1125327 1056486        cutoff         143280.6500   146337.6744 11108305    2.13%
 1127516 1058539        cutoff         143280.6500   146337.2192 11131062    2.13%
 1129702 1060600   143717.9867   283   143280.6500   146336.8065 11153160    2.13%
 1131853 1062595   144558.6677   332   143280.6500   146336.3747 11174572    2.13%
 1133581 1064188   144581.3858   255   143280.6500   146336.0422 11191354    2.13%
 1133781 1064374   144917.5589   367   143280.6500   146335.7685 11193818    2.13%
 1134081 1064666   143978.5886   294   143280.6500   146335.7670 11196784    2.13%
 1134281 1064859   143443.6861   242   143280.6500   146335.7365 11198458    2.13%
 1134481 1065053   143527.8645   184   143280.6500   146335.6589 11199959    2.13%
 1134681 1065229   143394.4786   247   143280.6500   146335.6219 11202071    2.13%
Elapsed time = 3285.68 sec. (2056313.38 ticks, tree = 1680.04 MB, solutions = 1)
 1134881 1065415   144503.4619   408   143280.6500   146335.5235 11204397    2.13%
 1134981 1065515   143465.4062   300   143280.6500   146335.5235 11205405    2.13%
 1135281 1065784   145800.0349   458   143280.6500   146335.4567 11209188    2.13%
 1135381 1065884   145039.5179   330   143280.6500   146335.4567 11209964    2.13%
 1135581 1066072   143415.5783   348   143280.6500   146335.4148 11211325    2.13%
 1135781 1066264   143806.3048   470   143280.6500   146335.3052 11212779    2.13%
 1135981 1066449   143718.8609   340   143280.6500   146335.2618 11215603    2.13%
 1136081 1066544   144396.3734   315   143280.6500   146335.2374 11216485    2.13%
 1136281 1066737   143688.4306   260   143280.6500   146335.1956 11217939    2.13%
 1136481 1066911   145464.0663   368   143280.6500   146334.9908 11221267    2.13%
Elapsed time = 3379.75 sec. (2109583.47 ticks, tree = 1682.64 MB, solutions = 1)
 1136681 1067104   144805.6304   383   143280.6500   146334.9835 11222894    2.13%
 1136881 1067297   144643.4997   285   143280.6500   146334.9818 11224673    2.13%
 1137081 1067478   144881.2674   283   143280.6500   146334.9171 11227123    2.13%
 1137281 1067668   144516.9342   300   143280.6500   146334.8720 11228840    2.13%
 1137681 1068053   144344.3093   321   143280.6500   146334.6918 11232202    2.13%
 1138013 1068366   143932.9647   191   143280.6500   146334.5308 11235740    2.13%
 1138468 1068792   144596.3693   514   143280.6500   146334.4687 11242426    2.13%
 1138881 1069196   145194.8655   342   143280.6500   146334.4459 11246394    2.13%
 1139389 1069653   143562.5668   365   143280.6500   146334.3949 11251821    2.13%
 1139781 1070025   145667.5340   352   143280.6500   146334.3178 11255446    2.13%
Elapsed time = 3460.31 sec. (2156485.01 ticks, tree = 1687.46 MB, solutions = 1)
 1140430 1070648   144615.3516   328   143280.6500   146334.1922 11260439    2.13%
 1141070 1071241   143935.0312   487   143280.6500   146334.1001 11265249    2.13%
 1141581 1071707   144349.8304   302   143280.6500   146333.9199 11269410    2.13%
 1141881 1071989   143419.8899   254   143280.6500   146333.7770 11271937    2.13%
 1142281 1072356   144990.3525   346   143280.6500   146333.7007 11275184    2.13%
 1143064 1073096   145127.9288   350   143280.6500   146333.5360 11282699    2.13%
 1145331 1075239   145680.2811   331   143280.6500   146333.0821 11306169    2.13%
 1147381 1077169   144070.2633   234   143280.6500   146332.5151 11325884    2.13%
 1149760 1079415   145153.0226   334   143280.6500   146331.8643 11346385    2.13%
 1151531 1081081   145786.5849   328   143280.6500   146331.4831 11363787    2.13%
Elapsed time = 3527.55 sec. (2196089.71 ticks, tree = 1704.54 MB, solutions = 1)
 1153281 1082725   144135.4703   336   143280.6500   146331.0891 11382268    2.13%
 1155581 1084838   143937.0551   351   143280.6500   146330.3977 11406076    2.13%
 1157912 1087053   144662.6842   392   143280.6500   146329.8543 11430180    2.13%
 1160242 1089250   144747.7640   347   143280.6500   146329.2208 11453050    2.13%
 1162546 1091420   144793.3839   360   143280.6500   146328.7126 11475992    2.13%
 1164288 1093062   144837.4533   346   143280.6500   146328.4035 11492687    2.13%
 1166597 1095250   143762.6322   208   143280.6500   146328.0176 11516549    2.13%
 1168126 1096609   144290.9820   488   143280.6500   146327.7848 11534442    2.13%
 1170423 1098764   144251.6083   348   143280.6500   146327.4215 11558251    2.13%
 1172237 1100449   145085.4231   388   143280.6500   146327.1105 11577420    2.13%
Elapsed time = 3594.50 sec. (2235662.66 ticks, tree = 1734.49 MB, solutions = 1)

GUB cover cuts applied:  1
Cover cuts applied:  1
Implied bound cuts applied:  413
Flow cuts applied:  139
Mixed integer rounding cuts applied:  247
Lift and project cuts applied:  186
Gomory fractional cuts applied:  114

Root node processing (before b&c):
  Real time             =    2.08 sec. (1016.11 ticks)
Sequential b&c:
  Real time             = 3597.92 sec. (2238105.18 ticks)
                          ------------
Total (root+branch&cut) = 3600.00 sec. (2239121.28 ticks)
