1 of 1 MIP starts provided solutions.
MIP start 'm1' defined initial solution with objective 107357.0890.
Tried aggregator 1 time.
MIP Presolve eliminated 1 rows and 1 columns.
Reduced MIP has 4363 rows, 2976 columns, and 31175 nonzeros.
Reduced MIP has 1388 binaries, 0 generals, 0 SOSs, and 0 indicators.
Presolve time = 0.02 sec. (9.92 ticks)
Probing time = 0.01 sec. (3.24 ticks)
Tried aggregator 1 time.
Reduced MIP has 4363 rows, 2976 columns, and 31175 nonzeros.
Reduced MIP has 1388 binaries, 0 generals, 0 SOSs, and 0 indicators.
Presolve time = 0.02 sec. (12.04 ticks)
Probing time = 0.01 sec. (3.27 ticks)
Clique table members: 1577.
MIP emphasis: balance optimality and feasibility.
MIP search method: dynamic search.
Parallel mode: none, using 1 thread.
Root relaxation solution time = 0.06 sec. (34.98 ticks)

        Nodes                                         Cuts/
   Node  Left     Objective  IInf  Best Integer    Best Bound    ItCnt     Gap

*     0+    0                       107357.0890   384551.3715     2598  258.20%
      0     0   114049.2808   341   107357.0890   114049.2808     2598    6.23%
      0     0   112051.6622   307   107357.0890     Cuts: 411     2974    4.37%
      0     0   110619.3094   379   107357.0890     Cuts: 319     3451    3.04%
      0     0   110229.0344   300   107357.0890     Cuts: 214     3721    2.68%
      0     0   109990.2403   336   107357.0890     Cuts: 149     3939    2.45%
      0     0   109862.0247   369   107357.0890     Cuts: 122     4106    2.33%
      0     0   109811.8072   395   107357.0890     Cuts: 115     4259    2.29%
      0     0   109787.7764   383   107357.0890      Cuts: 95     4361    2.26%
      0     0   109766.2868   366   107357.0890      Cuts: 55     4452    2.24%
      0     0   109754.4777   368   107357.0890      Cuts: 40     4521    2.23%
      0     0   109752.3399   418   107357.0890      Cuts: 23     4559    2.23%
      0     0   109749.3284   380   107357.0890      Cuts: 34     4592    2.23%
      0     0   109748.1258   383   107357.0890      Cuts: 13     4620    2.23%
      0     2   109748.1258   383   107357.0890   109745.6592     4620    2.22%
Elapsed time = 2.01 sec. (1044.40 ticks, tree = 0.00 MB, solutions = 1)
     51    53   108449.6407   197   107357.0890   109705.8516     6007    2.19%
    100    92   109172.0906   332   107357.0890   109640.2289     7169    2.13%
    160   146   109307.0199   348   107357.0890   109595.6679     8935    2.09%
    240   223   109366.4860   346   107357.0890   109592.6674    10876    2.08%
    315   294   108787.3909   270   107357.0890   109578.7294    12990    2.07%
    380   353   107944.5644   332   107357.0890   109577.8050    14583    2.07%
    450   418   107953.5840   189   107357.0890   109577.1455    16417    2.07%
    458   426   108729.6455   413   107357.0890   108728.8708    22473    1.28%
    459   427   108719.3362   408   107357.0890   108717.2146    22513    1.27%
    471   430   108481.6513   321   107357.0890   108717.2146    22825    1.27%
Elapsed time = 15.60 sec. (8452.04 ticks, tree = 1.07 MB, solutions = 1)
    484   437   108422.6394   281   107357.0890   108717.2146    23052    1.27%
    558   417   108714.5922   387   107357.0890   108714.5913    24695    1.26%
    788   477   107843.6516   341   107357.0890   108701.4757    28901    1.25%
    988   546   107573.2596   304   107357.0890   108688.6168    33304    1.24%
   1161   600   108094.5280   167   107357.0890   108684.1592    37569    1.24%
   1406   777   107593.0258   107   107357.0890   108682.2428    42088    1.23%
   1648   989   107638.6349   193   107357.0890   108676.5197    47506    1.23%
   1928  1248   107933.1767   173   107357.0890   108663.1920    53478    1.22%
   2257  1563   107903.6726   303   107357.0890   108634.1001    60460    1.19%
   2523  1804   107368.5109   172   107357.0890   108629.2783    66311    1.19%
Elapsed time = 32.71 sec. (18106.95 ticks, tree = 3.51 MB, solutions = 1)
   2773  2032   107557.7157   222   107357.0890   108615.7770    71779    1.17%
   3085  2328   107864.9165   126   107357.0890   108608.9844    77410    1.17%
   3340  2541   108502.1802   300   107357.0890   108591.9202    82877    1.15%
   3586  2776   108364.8419   304   107357.0890   108576.1641    87571    1.14%
   3878  3029        cutoff         107357.0890   108569.0955    93243    1.13%
   4129  3259   107612.1788   165   107357.0890   108556.3331    98794    1.12%
   4413  3502   107860.6533   170   107357.0890   108545.7204   104507    1.11%
   4680  3738   107693.7707    96   107357.0890   108541.0000   111125    1.10%
   4967  3987   107550.1564    69   107357.0890   108538.0929   117371    1.10%
   5284  4259   107500.3007   271   107357.0890   108530.1618   123297    1.09%
Elapsed time = 48.70 sec. (27702.28 ticks, tree = 8.71 MB, solutions = 1)
   5580  4525   107477.1671   272   107357.0890   108523.9177   130020    1.09%
   5889  4807   107608.6606   141   107357.0890   108520.3620   135641    1.08%
   6072  4940        cutoff         107357.0890   108511.3931   141463    1.08%
   6315  5147   108177.9872   226   107357.0890   108507.0818   147166    1.07%
   6556  5338   107666.0946   216   107357.0890   108502.9998   153406    1.07%
   6773  5515   108398.9931   301   107357.0890   108498.1446   159083    1.06%
   7030  5731   107510.0098   270   107357.0890   108495.2012   165608    1.06%
   7360  6030   107615.7614   276   107357.0890   108489.5325   171471    1.05%
   7676  6285   107393.4087   126   107357.0890   108488.3019   178071    1.05%
   7918  6474   107590.8165   117   107357.0890   108484.8316   185475    1.05%
Elapsed time = 65.06 sec. (37381.33 ticks, tree = 12.48 MB, solutions = 1)
   8200  6710   107407.5145   214   107357.0890   108483.7904   192320    1.05%
   8391  6857   108314.0710   258   107357.0890   108481.3426   197903    1.05%
   8694  7115   107756.0668   202   107357.0890   108479.4320   203976    1.05%
   8903  7292   107447.4886   247   107357.0890   108478.2008   209359    1.04%
   9126  7482   107702.2997   173   107357.0890   108476.0161   215500    1.04%
   9354  7690   107526.8652   193   107357.0890   108474.6574   221784    1.04%
   9458  7769   108222.7593   201   107357.0890   108472.2313   224648    1.04%
   9618  7914   107359.6005   128   107357.0890   108471.3745   228435    1.04%
   9619  7915   108121.2641   309   107357.0890   108470.9990   228776    1.04%
   9851  8118   108095.9970   249   107357.0890   108468.5691   236144    1.04%
Elapsed time = 90.25 sec. (50987.44 ticks, tree = 15.26 MB, solutions = 1)
  10115  8330   107719.2481   222   107357.0890   108465.9913   243235    1.03%
  10380  8545   107473.1488   110   107357.0890   108463.7001   250409    1.03%
  10646  8764   107839.2261   171   107357.0890   108460.9017   257833    1.03%
  10927  9009   107887.5482   261   107357.0890   108459.3755   264993    1.03%
  11221  9268   107448.7906   136   107357.0890   108457.2714   272212    1.02%
  11496  9510   107482.0878   224   107357.0890   108454.1516   280229    1.02%
  11711  9696   107805.1155    95   107357.0890   108451.8196   286820    1.02%
  11958  9906   107772.6844   135   107357.0890   108449.5421   293764    1.02%
  12223 10137   107651.5800    69   107357.0890   108446.9634   299936    1.02%
  12441 10324   108152.7478   251   107357.0890   108445.7968   306231    1.01%
Elapsed time = 106.53 sec. (60552.05 ticks, tree = 19.26 MB, solutions = 1)
  12731 10590   107626.9018   218   107357.0890   108444.5459   312491    1.01%
  13019 10847   107909.7011   267   107357.0890   108442.8790   318132    1.01%
  13277 11075   107614.9776   116   107357.0890   108441.8011   324837    1.01%
  13544 11298   108066.8206   240   107357.0890   108437.7668   332043    1.01%
  13844 11541   107627.7833   235   107357.0890   108436.0153   339204    1.00%
  14145 11814   107357.4077    78   107357.0890   108435.1744   346803    1.00%
  14404 12033   107390.7160   150   107357.0890   108432.8238   354262    1.00%
  14690 12264   107691.8563   179   107357.0890   108428.1010   361991    1.00%
  14985 12519   108203.5044   163   107357.0890   108426.1598   369609    1.00%
  15299 12794   107492.8625   149   107357.0890   108423.1714   377803    0.99%
Elapsed time = 123.66 sec. (70149.43 ticks, tree = 23.46 MB, solutions = 1)
  15555 13003   107999.6786   160   107357.0890   108421.4360   385355    0.99%
  15853 13280   107568.1963   195   107357.0890   108418.8284   391144    0.99%
  16136 13533   107656.6054   187   107357.0890   108417.3501   397263    0.99%
  16383 13757   107486.3565   217   107357.0890   108415.2127   402413    0.99%
  16633 13953   107810.7782   178   107357.0890   108413.9570   408803    0.98%
  16871 14146   108005.6970   217   107357.0890   108412.0249   414916    0.98%
  17120 14365   108157.9346   293   107357.0890   108410.5152   421580    0.98%
  17375 14586   107492.0753   257   107357.0890   108408.0542   428392    0.98%
  17554 14741   107757.2185   206   107357.0890   108407.4793   432533    0.98%
  17828 14974   107461.9366   328   107357.0890   108403.4771   439722    0.97%
Elapsed time = 141.39 sec. (79810.72 ticks, tree = 27.17 MB, solutions = 1)
  18059 15171   107766.0849   210   107357.0890   108401.0834   446153    0.97%
  18332 15391   107903.4627   156   107357.0890   108400.2348   453549    0.97%
  18509 15535   108019.4139   239   107357.0890   108399.3112   456927    0.97%
  18797 15792   107560.8264   236   107357.0890   108396.9649   463970    0.97%
  19134 16103   108127.7956   220   107357.0890   108395.7592   472321    0.97%
  19416 16333   107582.6572   270   107357.0890   108393.9829   480020    0.97%
  19658 16540   108086.1714   173   107357.0890   108390.7028   486808    0.96%
  19922 16757   107620.0410   170   107357.0890   108387.0342   493328    0.96%
  20225 17028   107784.4385   205   107357.0890   108386.3081   499693    0.96%
  20458 17247   107801.4420   168   107357.0890   108385.3423   504551    0.96%
Elapsed time = 158.42 sec. (89570.01 ticks, tree = 31.52 MB, solutions = 1)
  20750 17498   107363.2648   168   107357.0890   108382.9987   511300    0.96%
  21037 17739   107482.5328   186   107357.0890   108381.2305   518040    0.95%
  21316 17976   107442.5347   321   107357.0890   108379.9858   524703    0.95%
  21585 18222   107396.0449   267   107357.0890   108378.0083   531978    0.95%
  21831 18438   107768.1266   288   107357.0890   108376.7049   539573    0.95%
  22030 18596   108004.5377   268   107357.0890   108375.1816   546318    0.95%
  22226 18740   107853.3223   297   107357.0890   108373.1427   552777    0.95%
  22458 18940   108075.8434   146   107357.0890   108372.1943   558445    0.95%
  22779 19233   107402.8417   126   107357.0890   108371.2345   565641    0.94%
  23690 20004   107545.0820   130   107357.0890   108364.4771   592433    0.94%
Elapsed time = 181.52 sec. (102619.58 ticks, tree = 36.21 MB, solutions = 1)
  24627 20725   107367.7076    83   107357.0890   108355.5479   619030    0.93%
  25529 21495   107973.6908   252   107357.0890   108352.1171   645051    0.93%
  26410 22229   107586.3877   174   107357.0890   108347.1375   667708    0.92%
  27258 22948   107796.5981   136   107357.0890   108343.3967   688730    0.92%
  28140 23656   107653.0742   100   107357.0890   108338.1265   712684    0.91%
  29070 24445   107488.4573   196   107357.0890   108333.9312   737407    0.91%
  29918 25126   107421.4738    75   107357.0890   108325.4651   763574    0.90%
  30850 25933   107534.9534   265   107357.0890   108321.2779   787992    0.90%
  31655 26560        cutoff         107357.0890   108317.3788   811690    0.89%
  32458 27222   107607.5026   185   107357.0890   108314.9567   836398    0.89%
Elapsed time = 248.48 sec. (141034.87 ticks, tree = 48.68 MB, solutions = 1)
  33262 27855   107632.1954   240   107357.0890   108309.0228   862753    0.89%
  34156 28595   107595.2033   226   107357.0890   108304.7141   884597    0.88%
  35078 29354   107960.6862   170   107357.0890   108301.2359   912089    0.88%
  36050 30145   107513.8465   279   107357.0890   108297.9242   938425    0.88%
  36952 30888   107912.5545   255   107357.0890   108292.6551   963298    0.87%
  37764 31550   107645.0237   201   107357.0890   108289.6847   988243    0.87%
  38651 32235   107380.0109   163   107357.0890   108284.9567  1014948    0.86%
  39520 32902   107366.7153   102   107357.0890   108281.5634  1040454    0.86%
  40401 33610   107680.4705   148   107357.0890   108276.7424  1066742    0.86%
  41324 34334   107222.0811   201   107357.0890   108272.5521  1091784    0.85%
Elapsed time = 316.65 sec. (179260.48 ticks, tree = 61.87 MB, solutions = 1)
  42174 34977   107919.4564   270   107357.0890   108268.1180  1117488    0.85%
  43106 35714   107806.7118   272   107357.0890   108264.7862  1143436    0.85%
  44073 36478   107559.9561   223   107357.0890   108261.5140  1171824    0.84%
  44855 37097   107635.5345   256   107357.0890   108257.8055  1198070    0.84%
  45783 37845   107543.0543   285   107357.0890   108254.8054  1223265    0.84%
  46636 38507   107815.7712   285   107357.0890   108252.5380  1244728    0.83%
  47515 39210   107362.8762   111   107357.0890   108249.8095  1271811    0.83%
  48437 39912   108115.4794   210   107357.0890   108246.4380  1298915    0.83%
  49204 40519   107682.4097   234   107357.0890   108243.3111  1322845    0.83%
  50165 41298   107633.0498   169   107357.0890   108240.0130  1348473    0.82%
Elapsed time = 385.59 sec. (217486.64 ticks, tree = 73.98 MB, solutions = 1)
  51095 42051   107802.8098   193   107357.0890   108236.9797  1376463    0.82%
  51959 42737   107932.3007   207   107357.0890   108233.2840  1401650    0.82%
  52818 43404   107764.7565   243   107357.0890   108230.0116  1428253    0.81%
  53611 44021   107915.3553   241   107357.0890   108226.4304  1451910    0.81%
  54389 44598   107435.9112   139   107357.0890   108222.3111  1477661    0.81%
  55269 45252   107660.4141   155   107357.0890   108218.7252  1503283    0.80%
  56144 45954   107452.1771   190   107357.0890   108216.1746  1528269    0.80%
  56993 46580   107656.9219   246   107357.0890   108213.6238  1555713    0.80%
  57920 47316   107630.4980   160   107357.0890   108210.8513  1583885    0.80%
  58582 47791   107527.7739   215   107357.0890   108208.5467  1605996    0.79%
Elapsed time = 453.19 sec. (255689.55 ticks, tree = 85.84 MB, solutions = 1)
  59451 48453   107583.0887   218   107357.0890   108204.3539  1633732    0.79%
  60079 48904   107720.7153   263   107357.0890   108201.3521  1655997    0.79%
  60918 49532   107849.3526   203   107357.0890   108198.3989  1682723    0.78%
  61746 50125   108001.3456   248   107357.0890   108194.4430  1709330    0.78%
  62528 50707   107863.1543   264   107357.0890   108191.8544  1734729    0.78%
  63390 51392   107878.0998   218   107357.0890   108189.1572  1762185    0.78%
  64350 52130   107424.7319   143   107357.0890   108186.3041  1788408    0.77%
  65158 52752   107514.5556   206   107357.0890   108183.0481  1813271    0.77%
  66079 53473   107470.2950   156   107357.0890   108180.2092  1842266    0.77%
  66922 54146   107447.4324   245   107357.0890   108177.6311  1865040    0.76%
Elapsed time = 520.86 sec. (293874.00 ticks, tree = 101.50 MB, solutions = 1)
  67799 54810   107621.9160   253   107357.0890   108174.6332  1890492    0.76%
  68646 55438   107673.3046   263   107357.0890   108171.7869  1916971    0.76%
  69480 56089   107384.5999   209   107357.0890   108169.0748  1944190    0.76%
  70328 56721   107429.8241   251   107357.0890   108166.2713  1969454    0.75%
  71202 57377   107435.5956   173   107357.0890   108164.1780  1994472    0.75%
  72097 58047   107822.2374   177   107357.0890   108161.7857  2020465    0.75%
  72920 58674   108019.0707   223   107357.0890   108158.3264  2046935    0.75%
  73868 59421   107813.3172   290   107357.0890   108156.5575  2073758    0.74%
  74697 60028   108063.0021   186   107357.0890   108153.9884  2098824    0.74%
  75486 60658   107477.6371   184   107357.0890   108152.3163  2124563    0.74%
Elapsed time = 589.55 sec. (332111.37 ticks, tree = 113.49 MB, solutions = 1)
  76375 61362   107644.5476   109   107357.0890   108149.9900  2149978    0.74%
  77259 62018   107661.2004   271   107357.0890   108147.4469  2177241    0.74%
  78214 62762   107657.1886   221   107357.0890   108145.5368  2203834    0.73%
  79134 63478   107657.1545   214   107357.0890   108142.5673  2228755    0.73%
  80018 64134   107605.1743   229   107357.0890   108139.8710  2252955    0.73%
  80982 64893   107445.0980   166   107357.0890   108137.7412  2279606    0.73%
  81868 65549   107648.0550   240   107357.0890   108135.5118  2307507    0.73%
  82828 66294   107663.3801   274   107357.0890   108133.4966  2335765    0.72%
  83685 66917   107444.1570   110   107357.0890   108130.8006  2361358    0.72%
  84585 67575   107776.8911   210   107357.0890   108127.9070  2387110    0.72%
Elapsed time = 656.72 sec. (370358.79 ticks, tree = 128.93 MB, solutions = 1)
  85490 68235   107908.1199   174   107357.0890   108125.6873  2414679    0.72%
  86416 68951        cutoff         107357.0890   108123.6185  2439811    0.71%
  87253 69566   107614.0142   183   107357.0890   108121.2753  2463874    0.71%
  88051 70168   107383.0206   264   107357.0890   108118.7145  2486996    0.71%
  88793 70718   107741.5195   203   107357.0890   108116.5434  2510268    0.71%
  89692 71410   107553.0640   192   107357.0890   108113.7938  2536673    0.70%
  90668 72146   107608.8868   188   107357.0890   108111.1019  2563728    0.70%
  91652 72880   107433.0989   241   107357.0890   108109.0255  2591218    0.70%
  92549 73555        cutoff         107357.0890   108106.1406  2616370    0.70%
  93458 74233   107398.0695   182   107357.0890   108104.1107  2642187    0.70%
Elapsed time = 724.04 sec. (408649.58 ticks, tree = 140.56 MB, solutions = 1)
  94458 75011   107900.6771   237   107357.0890   108102.0335  2669308    0.69%
  95478 75822   107553.2944   207   107357.0890   108100.5145  2696542    0.69%
  96448 76562   107372.6922   216   107357.0890   108098.2609  2724127    0.69%
  97313 77227   107653.6282   173   107357.0890   108095.9695  2746497    0.69%
  98293 77990   107824.7695   173   107357.0890   108094.1999  2773420    0.69%
  99210 78646   107597.3344   176   107357.0890   108091.1960  2800192    0.68%
 100003 79260   107585.3280   231   107357.0890   108089.3684  2821373    0.68%
 101013 80049   107542.1624   253   107357.0890   108087.3221  2847107    0.68%
 102003 80787        cutoff         107357.0890   108085.6699  2874320    0.68%
 103062 81605   107541.2226   157   107357.0890   108083.3383  2901716    0.68%
Elapsed time = 789.12 sec. (446824.65 ticks, tree = 156.33 MB, solutions = 1)
 104037 82329        cutoff         107357.0890   108081.3214  2929585    0.67%
 105014 83037   107712.6913   154   107357.0890   108078.5739  2957334    0.67%
 105830 83661   107785.3001   155   107357.0890   108077.0426  2980624    0.67%
 106822 84383        cutoff         107357.0890   108074.5512  3008866    0.67%
 107847 85187        cutoff         107357.0890   108072.8566  3035595    0.67%
 108564 85717   107626.3268   244   107357.0890   108071.0674  3056608    0.67%
 109575 86441        cutoff         107357.0890   108068.5614  3083695    0.66%
 110563 87199   107500.5103   142   107357.0890   108066.3664  3109551    0.66%
 111570 87981   107831.7695   213   107357.0890   108065.1717  3135881    0.66%
 112484 88695   107510.0464   196   107357.0890   108063.6504  3157425    0.66%
Elapsed time = 855.13 sec. (485033.44 ticks, tree = 169.42 MB, solutions = 1)
 113491 89435   107513.8107   256   107357.0890   108061.6463  3183908    0.66%
 114433 90133   107791.5568   168   107357.0890   108059.8078  3211258    0.65%
 115413 90825   107652.8837   207   107357.0890   108057.6498  3238755    0.65%
 116331 91507   107483.9783   160   107357.0890   108055.9892  3263894    0.65%
 117358 92243   107990.2872   203   107357.0890   108053.7364  3292248    0.65%
 118312 92948   107476.2730   167   107357.0890   108051.3951  3320294    0.65%
 119143 93540   107489.6263   263   107357.0890   108049.0705  3343933    0.64%
 120018 94187   107715.5800   148   107357.0890   108047.2156  3370395    0.64%
 121030 94943   107427.7459   206   107357.0890   108045.6506  3397243    0.64%
 121964 95639   107737.3040   168   107357.0890   108043.8459  3423225    0.64%
Elapsed time = 921.52 sec. (523276.21 ticks, tree = 181.87 MB, solutions = 1)
 122935 96402   107476.3903   117   107357.0890   108042.6604  3447839    0.64%
 123785 96993   107517.1351   211   107357.0890   108041.0055  3472491    0.64%
 124684 97652   107532.8120   156   107357.0890   108039.4494  3499855    0.64%
 125568 98285   107604.7247   196   107357.0890   108037.4087  3523226    0.63%
 126598 99015   107993.1638   172   107357.0890   108035.2863  3550242    0.63%
 127585 99772   107517.5595   132   107357.0890   108033.3305  3576062    0.63%
 128478 100424   107630.4817   238   107357.0890   108031.7941  3599354    0.63%
 129555 101272   107736.7666   137   107357.0890   108029.8281  3626906    0.63%
 130501 101922   107669.4537   117   107357.0890   108027.8067  3654212    0.62%
 131547 102709   107553.2371   189   107357.0890   108026.4931  3682149    0.62%
Elapsed time = 988.55 sec. (561460.59 ticks, tree = 194.16 MB, solutions = 1)
 132452 103333   107628.0779   210   107357.0890   108024.6258  3708430    0.62%
 133288 103946   107531.4503   214   107357.0890   108023.0844  3732181    0.62%
 134227 104613   107855.7368   202   107357.0890   108021.6106  3758062    0.62%
 135216 105337   107514.3795   241   107357.0890   108019.5396  3784475    0.62%
 136121 105988   107646.8898   183   107357.0890   108017.8229  3810323    0.62%
 137131 106704   107885.3847   154   107357.0890   108016.0536  3836076    0.61%
 138122 107420   107406.5825   239   107357.0890   108014.5860  3862427    0.61%
 139108 108179   107468.8776   152   107357.0890   108013.0620  3889928    0.61%
 140134 108931        cutoff         107357.0890   108011.5624  3914926    0.61%
 141088 109627   107748.2156   193   107357.0890   108009.7893  3940783    0.61%
Elapsed time = 1055.21 sec. (599662.38 ticks, tree = 206.34 MB, solutions = 1)
 142058 110303   107778.8157   309   107357.0890   108008.2064  3968562    0.61%
 142853 110893   107448.2552   219   107357.0890   108007.0653  3992690    0.61%
 143947 111709   107629.9315   220   107357.0890   108005.5192  4020231    0.60%
 144867 112374   107563.8401   174   107357.0890   108003.9769  4044463    0.60%
 145776 113023   107401.5866   203   107357.0890   108002.4280  4070730    0.60%
 146760 113739   107523.5138    92   107357.0890   108000.8185  4098041    0.60%
 147605 114345   107562.1630   211   107357.0890   107999.8397  4122220    0.60%
 148458 114964   107605.1845   204   107357.0890   107998.7440  4145825    0.60%
 149395 115659   107572.3895   215   107357.0890   107997.6158  4171747    0.60%
 150348 116295   107477.4734   115   107357.0890   107996.2074  4198076    0.60%
Elapsed time = 1121.09 sec. (638138.67 ticks, tree = 217.89 MB, solutions = 1)
 151377 117065   107383.3057   189   107357.0890   107995.1883  4224932    0.59%
 152369 117792   107374.8894   237   107357.0890   107993.8921  4252772    0.59%
 153226 118413   107470.7177   184   107357.0890   107992.7610  4277745    0.59%
 154211 119151   107854.4409   244   107357.0890   107991.7952  4304957    0.59%
 155260 119936   107485.9348   175   107357.0890   107990.6286  4332625    0.59%
 156173 120580        cutoff         107357.0890   107989.4146  4357507    0.59%
 157171 121299   107721.5128   271   107357.0890   107988.1232  4384268    0.59%
 158055 121944   107388.6988   158   107357.0890   107987.0491  4408091    0.59%
 158935 122600        cutoff         107357.0890   107986.2132  4433051    0.59%
 159923 123316   107414.3346   230   107357.0890   107984.8355  4461076    0.58%
Elapsed time = 1186.90 sec. (676332.83 ticks, tree = 230.22 MB, solutions = 1)
 160886 124016   107646.7931   181   107357.0890   107983.7051  4487240    0.58%
 161759 124651   107467.1781   223   107357.0890   107982.6340  4511664    0.58%
 162694 125330   107420.9990   114   107357.0890   107981.5406  4537525    0.58%
 163621 125978   107680.2354   216   107357.0890   107980.2263  4561800    0.58%
 164458 126567   107815.7413   208   107357.0890   107979.3544  4585544    0.58%
 165418 127272   107473.0551   135   107357.0890   107978.2776  4611455    0.58%
 166463 128042   107648.6364   183   107357.0890   107977.2362  4637562    0.58%
 167430 128753   107608.3584   178   107357.0890   107976.1052  4663888    0.58%
 168399 129468   107649.1673   156   107357.0890   107974.8045  4692141    0.58%
 169292 130117   107420.8666   194   107357.0890   107973.4000  4717634    0.57%
Elapsed time = 1252.82 sec. (714748.66 ticks, tree = 242.01 MB, solutions = 1)
 170258 130774   107514.1649   206   107357.0890   107971.8829  4744618    0.57%
 171258 131535   107395.9043   143   107357.0890   107970.7373  4772154    0.57%
 172111 132145   107709.0509   246   107357.0890   107969.6324  4794877    0.57%
 173078 132845   107443.5685   217   107357.0890   107968.3744  4822014    0.57%
 174058 133554   107713.0371   195   107357.0890   107967.1905  4847705    0.57%
 174898 134142   107380.8478   211   107357.0890   107965.9324  4869767    0.57%
 175831 134775   107476.2581   129   107357.0890   107964.9278  4894912    0.57%
 176810 135465   107413.2983   107   107357.0890   107963.7630  4921362    0.57%
 177793 136201   107736.6426   237   107357.0890   107962.6857  4947175    0.56%
 178644 136813   107799.5608   216   107357.0890   107961.8628  4970809    0.56%
Elapsed time = 1318.72 sec. (753005.29 ticks, tree = 255.25 MB, solutions = 1)
 179611 137431   107551.5561   287   107357.0890   107960.5652  4997211    0.56%
 180602 138148   107408.8267    73   107357.0890   107959.4957  5022549    0.56%
 181458 138732   107405.9455   186   107357.0890   107958.1716  5047142    0.56%
 182431 139409   107730.9217   134   107357.0890   107956.8255  5074321    0.56%
 183458 140164   107644.6267   183   107357.0890   107955.7877  5100796    0.56%
 184400 140835   107454.2936   251   107357.0890   107954.9228  5128072    0.56%
 185415 141533   107400.3689   237   107357.0890   107953.6862  5155436    0.56%
 186337 142155   107491.1571    99   107357.0890   107952.5928  5181894    0.55%
 187319 142848   107489.5951   244   107357.0890   107951.9043  5206465    0.55%
 188296 143515   107878.3608   223   107357.0890   107950.7240  5233334    0.55%
Elapsed time = 1384.51 sec. (791368.42 ticks, tree = 266.99 MB, solutions = 1)
 189134 144106   107464.6865   220   107357.0890   107949.8642  5258675    0.55%
 189945 144704   107479.5851   204   107357.0890   107949.1594  5281227    0.55%
 190924 145408   107468.2798   214   107357.0890   107948.1281  5307371    0.55%
 191912 146108   107368.2712   200   107357.0890   107947.3388  5332511    0.55%
 192903 146822   107651.2973   173   107357.0890   107946.3533  5358456    0.55%
 193887 147495   107428.3582   195   107357.0890   107945.2748  5384266    0.55%
 194828 148174   107617.9595   193   107357.0890   107944.4553  5407743    0.55%
 195801 148850   107398.8106    85   107357.0890   107943.2957  5434236    0.55%
 196568 149378   107424.4765   162   107357.0890   107942.5581  5456632    0.55%
 197635 150105   107662.0671   143   107357.0890   107941.3846  5483000    0.54%
Elapsed time = 1450.71 sec. (829564.25 ticks, tree = 278.73 MB, solutions = 1)
 198658 150846   107627.3621   146   107357.0890   107940.1451  5510121    0.54%
 199667 151574        cutoff         107357.0890   107939.2166  5535852    0.54%
 200717 152359   107549.5252   195   107357.0890   107938.1062  5562887    0.54%
 201739 153101   107425.8313   161   107357.0890   107937.0531  5589994    0.54%
 202771 153859   107729.4062   221   107357.0890   107936.0825  5617051    0.54%
 203742 154561   107394.8590   154   107357.0890   107935.2004  5644926    0.54%
 204608 155155   107461.4801   178   107357.0890   107934.0360  5668781    0.54%
 205458 155782   107402.4227   191   107357.0890   107933.2787  5691868    0.54%
 206392 156470   107726.3765   145   107357.0890   107932.5820  5719068    0.54%
 207402 157200   107497.0210   138   107357.0890   107931.6748  5744763    0.54%
Elapsed time = 1517.50 sec. (867992.78 ticks, tree = 293.22 MB, solutions = 1)
 208308 157830   107424.2612   221   107357.0890   107930.5832  5772091    0.53%
 209257 158518   107660.3995   167   107357.0890   107929.8672  5797454    0.53%
 210243 159225   107507.7329   161   107357.0890   107928.9457  5822241    0.53%
 211258 159958   107548.6738   206   107357.0890   107928.0107  5847710    0.53%
 212125 160552   107391.1547    95   107357.0890   107927.1213  5872888    0.53%
 213044 161158        cutoff         107357.0890   107926.1727  5897634    0.53%
 214016 161831   107797.7545   184   107357.0890   107925.1831  5922740    0.53%
 214943 162449   107607.9825   193   107357.0890   107924.0260  5947900    0.53%
 215978 163165   107363.2173   126   107357.0890   107922.7942  5974457    0.53%
 216899 163845   107518.7866   206   107357.0890   107922.0580  5998370    0.53%
Elapsed time = 1581.75 sec. (906191.05 ticks, tree = 306.06 MB, solutions = 1)
 217865 164492   107766.1982   228   107357.0890   107920.8936  6026743    0.53%
 218721 165094   107754.5003   213   107357.0890   107920.0731  6050250    0.52%
 219778 165861   107399.8071   134   107357.0890   107919.1097  6077545    0.52%
 220742 166514        cutoff         107357.0890   107918.1408  6104462    0.52%
 221621 167141   107410.6303   227   107357.0890   107917.3596  6130175    0.52%
 222526 167763   107761.6734   170   107357.0890   107916.4644  6156644    0.52%
 223499 168407   107816.9080   216   107357.0890   107915.3037  6181912    0.52%
 224458 169034   107734.4718   133   107357.0890   107914.2503  6208901    0.52%
 225440 169685   107602.9175   205   107357.0890   107913.3235  6235103    0.52%
 226296 170277   107803.1889   252   107357.0890   107912.4065  6259104    0.52%
Elapsed time = 1646.31 sec. (944593.98 ticks, tree = 317.41 MB, solutions = 1)
 227291 171006   107527.5282   161   107357.0890   107911.6834  6285187    0.52%
 228308 171712   107460.2638   210   107357.0890   107910.8623  6310050    0.52%
 229171 172307   107372.5567   145   107357.0890   107910.1462  6333344    0.52%
 230187 173012   107476.5559   185   107357.0890   107909.1480  6359278    0.51%
 231181 173697   107373.8285   221   107357.0890   107908.2402  6384644    0.51%
 232192 174395   107535.7142   229   107357.0890   107907.4076  6412240    0.51%
 233140 175051   107528.0299   107   107357.0890   107906.4735  6439946    0.51%
 234169 175758   107390.6100   159   107357.0890   107905.7615  6467008    0.51%
 235161 176415   107699.5010   188   107357.0890   107904.9710  6490724    0.51%
 236123 177088   107499.9414   161   107357.0890   107904.3295  6517137    0.51%
Elapsed time = 1710.77 sec. (982770.08 ticks, tree = 329.34 MB, solutions = 1)
 237137 177798   107511.8080   198   107357.0890   107903.5570  6543409    0.51%
 238202 178573   107390.1408   187   107357.0890   107902.7956  6569603    0.51%
 239208 179276   107404.8827   206   107357.0890   107901.9210  6595751    0.51%
 240008 179816   107376.5500    92   107357.0890   107901.1153  6617966    0.51%
 240999 180572   107503.9035   203   107357.0890   107900.4758  6643852    0.51%
 241947 181221   107814.1512   174   107357.0890   107899.4981  6669261    0.51%
 242954 181916   107496.1341   197   107357.0890   107898.6449  6696379    0.50%
 243906 182554   107430.0747   116   107357.0890   107897.7318  6722343    0.50%
 244770 183117   107626.1297   151   107357.0890   107897.0392  6746639    0.50%
 245614 183711   107583.8097   136   107357.0890   107896.5083  6768563    0.50%
Elapsed time = 1777.10 sec. (1021003.00 ticks, tree = 340.94 MB, solutions = 1)
 246585 184421   107818.9109   196   107357.0890   107895.9748  6793611    0.50%
 247533 185082   107719.3930   158   107357.0890   107895.3147  6817368    0.50%
 248537 185792   107508.3561   126   107357.0890   107894.5982  6843100    0.50%
 249484 186448   107813.1393   196   107357.0890   107893.8365  6869714    0.50%
 250458 187118   107678.2185   144   107357.0890   107892.7738  6895434    0.50%
 251413 187769   107431.6993   225   107357.0890   107891.9835  6922160    0.50%
 252187 188278        cutoff         107357.0890   107891.2930  6944267    0.50%
 253213 188961        cutoff         107357.0890   107890.3004  6971231    0.50%
 254249 189692   107518.8589   206   107357.0890   107889.5616  6998424    0.50%
 255300 190459        cutoff         107357.0890   107888.9421  7025718    0.50%
Elapsed time = 1844.16 sec. (1059486.95 ticks, tree = 354.52 MB, solutions = 1)
 256226 191115   107703.7011   173   107357.0890   107888.1723  7046467    0.49%
 257227 191831   107360.2054   178   107357.0890   107887.5105  7073660    0.49%
 258248 192534   107357.6911   102   107357.0890   107886.9263  7098505    0.49%
 259212 193175   107467.9697   129   107357.0890   107886.2191  7124897    0.49%
 260202 193872   107453.9098   199   107357.0890   107885.5310  7151527    0.49%
 261071 194497   107368.1350    85   107357.0890   107884.9761  7175161    0.49%
 261928 195128   107761.5371   225   107357.0890   107884.4895  7197481    0.49%
 262939 195836   107740.1448   216   107357.0890   107883.7164  7223969    0.49%
 263965 196569   107464.7129   221   107357.0890   107883.2712  7250335    0.49%
 264950 197271   107683.7197   218   107357.0890   107882.7321  7274874    0.49%
Elapsed time = 1910.45 sec. (1097670.09 ticks, tree = 366.53 MB, solutions = 1)
 265791 197846        cutoff         107357.0890   107882.0966  7300248    0.49%
 266718 198480   107555.8023   213   107357.0890   107881.2241  7325397    0.49%
 267595 199062   107407.3439   180   107357.0890   107880.4974  7349959    0.49%
 268619 199756   107397.9191   103   107357.0890   107879.7803  7376828    0.49%
 269500 200353   107697.6719   172   107357.0890   107879.0518  7401118    0.49%
 270521 201032   107672.8394   212   107357.0890   107878.1685  7428035    0.49%
 271480 201668   107549.0124   222   107357.0890   107877.4742  7455100    0.48%
 272458 202354   107373.2399   112   107357.0890   107876.8408  7481251    0.48%
 273448 203014   107361.7932   129   107357.0890   107876.0801  7507910    0.48%
 274364 203600   107403.5477    98   107357.0890   107875.2875  7534106    0.48%
Elapsed time = 1976.88 sec. (1135858.54 ticks, tree = 377.77 MB, solutions = 1)
 275307 204250   107367.3895    93   107357.0890   107874.5879  7557887    0.48%
 276131 204796   107735.8744   198   107357.0890   107873.9171  7581319    0.48%
 277133 205530   107471.6882   176   107357.0890   107873.3400  7607364    0.48%
 278168 206248   107358.0356   177   107357.0890   107872.6150  7633695    0.48%
 279166 206946   107762.3770   206   107357.0890   107871.9939  7659498    0.48%
 280153 207645   107487.7534   162   107357.0890   107871.3455  7684915    0.48%
 281053 208235   107442.1253   161   107357.0890   107870.5453  7708353    0.48%
 282002 208838   107434.5464   188   107357.0890   107869.7468  7734926    0.48%
 283076 209560   107503.4956    92   107357.0890   107869.1301  7760795    0.48%
 283941 210168   107654.0036   147   107357.0890   107868.5781  7785335    0.48%
Elapsed time = 2041.38 sec. (1174037.69 ticks, tree = 389.34 MB, solutions = 1)
 284909 210822   107539.5612    88   107357.0890   107867.8077  7811153    0.48%
 285893 211496   107765.0003   211   107357.0890   107867.1659  7835282    0.48%
 286906 212172   107457.7688   155   107357.0890   107866.4640  7862184    0.47%
 287844 212790   107470.1993   172   107357.0890   107865.9246  7888438    0.47%
 288858 213490   107581.7238   180   107357.0890   107865.2466  7914129    0.47%
 289704 214069   107767.1890   199   107357.0890   107864.6057  7937360    0.47%
 290705 214723        cutoff         107357.0890   107863.9419  7964034    0.47%
 291728 215434   107393.3441   146   107357.0890   107863.2105  7989644    0.47%
 292660 216064   107727.0498   263   107357.0890   107862.6808  8012981    0.47%
 293642 216750   107378.1564   146   107357.0890   107862.1046  8037894    0.47%
Elapsed time = 2106.11 sec. (1212595.10 ticks, tree = 400.85 MB, solutions = 1)
 294509 217334   107761.5374   176   107357.0890   107861.5474  8061186    0.47%
 295469 217954   107603.9870   121   107357.0890   107860.8680  8087168    0.47%
 296408 218551   107449.3414   138   107357.0890   107860.2040  8113457    0.47%
 297363 219175   107416.9694    77   107357.0890   107859.6689  8138269    0.47%
 298222 219753   107627.1442   150   107357.0890   107859.0110  8164990    0.47%
 299197 220420   107414.5606   200   107357.0890   107858.6125  8189700    0.47%
 300160 221024   107660.4523   210   107357.0890   107857.8023  8217094    0.47%
 301038 221582        cutoff         107357.0890   107857.1582  8242913    0.47%
 301911 222146        cutoff         107357.0890   107856.6454  8267730    0.47%
 302608 222563   107661.3319    92   107357.0890   107856.1105  8291847    0.46%
Elapsed time = 2171.89 sec. (1250765.19 ticks, tree = 411.02 MB, solutions = 1)
 303558 223157        cutoff         107357.0890   107855.4527  8318849    0.46%
 304409 223625   107434.9842   152   107357.0890   107854.7244  8346378    0.46%
 305353 224285   107512.6802   234   107357.0890   107854.1551  8373943    0.46%
 306244 224860   107505.4855   126   107357.0890   107853.5815  8401771    0.46%
 307076 225369   107685.4312   217   107357.0890   107853.0911  8428483    0.46%
 307859 225843   107399.3546   205   107357.0890   107852.4611  8454236    0.46%
 308767 226358   107492.7420   210   107357.0890   107851.6129  8483284    0.46%
 309713 226935        cutoff         107357.0890   107851.0393  8510852    0.46%
 310556 227438   107587.5090   194   107357.0890   107850.3332  8538389    0.46%
 311392 227965   107738.2105   167   107357.0890   107849.7935  8565879    0.46%
Elapsed time = 2238.50 sec. (1288968.26 ticks, tree = 422.14 MB, solutions = 1)
 312252 228521   107409.8186    96   107357.0890   107849.3102  8592317    0.46%
 313131 229076   107664.0379   143   107357.0890   107848.8707  8620722    0.46%
 313928 229572   107435.5376   183   107357.0890   107848.2542  8646619    0.46%
 314678 230032   107453.3354   225   107357.0890   107847.5835  8674721    0.46%
 315513 230487   107535.5007   214   107357.0890   107846.8539  8701507    0.46%
 316355 230966   107504.8797   187   107357.0890   107846.3026  8728995    0.46%
 317186 231453   107483.5696   244   107357.0890   107845.7228  8756766    0.46%
 317939 231868   107437.5377   132   107357.0890   107845.0118  8783332    0.45%
 318774 232370   107689.6378   177   107357.0890   107844.4355  8808888    0.45%
 319629 232889   107577.8928   180   107357.0890   107843.8752  8836709    0.45%
Elapsed time = 2304.82 sec. (1327176.56 ticks, tree = 430.87 MB, solutions = 1)
 320506 233412   107749.8679   135   107357.0890   107843.2759  8864047    0.45%
 321435 234040   107402.9090   134   107357.0890   107842.8692  8892620    0.45%
 322302 234552   107370.1985   198   107357.0890   107842.2390  8920410    0.45%
 323242 235131   107387.0811   171   107357.0890   107841.6331  8947046    0.45%
 324108 235645   107581.2303   180   107357.0890   107841.0585  8973774    0.45%
 324993 236195   107476.8882   216   107357.0890   107840.4693  9002722    0.45%
 325733 236644   107366.7914    85   107357.0890   107840.0418  9025200    0.45%
 326511 237127   107490.8360   112   107357.0890   107839.6340  9048454    0.45%
 327449 237695   107548.2604   255   107357.0890   107839.0962  9075394    0.45%
 328324 238235   107646.9868   218   107357.0890   107838.5511  9102944    0.45%
Elapsed time = 2369.93 sec. (1365375.41 ticks, tree = 440.46 MB, solutions = 1)
 329186 238769   107401.1991   209   107357.0890   107838.0576  9129899    0.45%
 330018 239244   107580.2117   186   107357.0890   107837.4312  9157754    0.45%
 330828 239763   107468.6671   143   107357.0890   107836.9826  9185625    0.45%
 331707 240293   107655.5825   165   107357.0890   107836.3881  9214025    0.45%
 332513 240706   107651.9140   194   107357.0890   107835.7181  9240308    0.45%
 333408 241237   107445.7918   176   107357.0890   107835.2192  9266191    0.45%
 334263 241775   107400.0402   101   107357.0890   107834.7378  9292174    0.44%
 335043 242247   107593.8671   146   107357.0890   107834.3246  9318960    0.44%
 335906 242765   107445.3213   137   107357.0890   107833.8603  9346339    0.44%
 336828 243351   107429.2363   181   107357.0890   107833.1775  9374352    0.44%
Elapsed time = 2436.12 sec. (1403588.09 ticks, tree = 449.51 MB, solutions = 1)
 337636 243834   107780.8549   219   107357.0890   107832.6695  9400573    0.44%
 338520 244396        cutoff         107357.0890   107832.3229  9427643    0.44%
 339415 244975   107431.9281   213   107357.0890   107831.8941  9455993    0.44%
 340245 245486   107541.1053   188   107357.0890   107831.4678  9484076    0.44%
 341127 246043   107418.9273   183   107357.0890   107831.0398  9511385    0.44%
 342008 246564   107429.6723   181   107357.0890   107830.3914  9540438    0.44%
 342899 247102        cutoff         107357.0890   107829.8374  9568467    0.44%
 343651 247513   107451.3616   142   107357.0890   107829.2483  9593490    0.44%
 344556 248079   107469.3310    73   107357.0890   107828.8272  9621315    0.44%
 345420 248592   107563.2325   222   107357.0890   107828.2801  9648673    0.44%
Elapsed time = 2502.61 sec. (1441772.53 ticks, tree = 458.81 MB, solutions = 1)
 346243 249111   107544.7573   117   107357.0890   107827.8294  9674113    0.44%
 347060 249617   107373.2503   150   107357.0890   107827.2658  9699094    0.44%
 347855 250057   107378.7449   208   107357.0890   107826.6467  9726445    0.44%
 348661 250519   107604.2242   124   107357.0890   107826.1477  9754184    0.44%
 349526 251048        cutoff         107357.0890   107825.7088  9780699    0.44%
 350351 251555   107447.2155   160   107357.0890   107825.2454  9807716    0.44%
 351176 252033   107411.0325   146   107357.0890   107824.6854  9834403    0.44%
 351994 252543        cutoff         107357.0890   107824.2825  9862060    0.44%
 352801 253016   107677.1581   185   107357.0890   107823.7797  9890988    0.43%
 353710 253525   107645.1875   203   107357.0890   107823.1191  9919602    0.43%
Elapsed time = 2567.90 sec. (1479968.77 ticks, tree = 467.59 MB, solutions = 1)
 354467 254000   107468.8042   144   107357.0890   107822.7298  9943744    0.43%
 355347 254494   107682.3643   177   107357.0890   107822.1919  9972559    0.43%
 356223 255048   107625.9292   213   107357.0890   107821.7213 10000111    0.43%
 357059 255564   107698.3657   167   107357.0890   107821.1904 10026801    0.43%
 357883 256008   107457.2276   198   107357.0890   107820.5887 10055515    0.43%
 358751 256532        cutoff         107357.0890   107820.1561 10081652    0.43%
 359671 257063   107503.0122   115   107357.0890   107819.5399 10109727    0.43%
 360537 257523   107405.8803   152   107357.0890   107819.0217 10139148    0.43%
 361438 258085   107381.5726   146   107357.0890   107818.5268 10166241    0.43%
 362191 258531   107391.3980   206   107357.0890   107818.0182 10191106    0.43%
Elapsed time = 2633.24 sec. (1518144.33 ticks, tree = 476.62 MB, solutions = 1)
 363019 258999        cutoff         107357.0890   107817.4298 10218754    0.43%
 363815 259439   107453.8561   169   107357.0890   107816.9948 10245457    0.43%
 364642 259943   107571.3565   176   107357.0890   107816.5364 10271174    0.43%
 365497 260445   107416.3328   167   107357.0890   107816.0067 10297828    0.43%
 366315 260916   107408.5134   170   107357.0890   107815.5040 10325121    0.43%
 367179 261386   107666.4252   160   107357.0890   107814.8324 10353802    0.43%
 368049 261864   107626.3503   144   107357.0890   107814.1974 10380997    0.43%
 368847 262322   107421.9853   217   107357.0890   107813.6836 10407753    0.43%
 369666 262773   107475.9188   167   107357.0890   107813.1612 10435704    0.42%
 370554 263310   107465.2288   177   107357.0890   107812.7808 10463063    0.42%
Elapsed time = 2697.36 sec. (1556337.35 ticks, tree = 488.47 MB, solutions = 1)
 371425 263779   107404.7103   234   107357.0890   107812.2631 10490900    0.42%
 372343 264363   107552.1864   209   107357.0890   107811.8326 10517729    0.42%
 373134 264833   107747.3934   230   107357.0890   107811.3376 10543246    0.42%
 373939 265277   107673.7247   240   107357.0890   107810.7854 10569620    0.42%
 374830 265825   107373.2120   111   107357.0890   107810.3913 10596457    0.42%
 375785 266366   107592.7070   190   107357.0890   107809.8646 10624710    0.42%
 376672 266861   107641.4160   178   107357.0890   107809.2087 10653686    0.42%
 377591 267435   107610.7386   179   107357.0890   107808.8179 10681371    0.42%
 378529 267998   107399.6035   189   107357.0890   107808.4364 10709011    0.42%
 379458 268560   107529.6345   138   107357.0890   107807.9661 10736561    0.42%
Elapsed time = 2763.16 sec. (1594771.21 ticks, tree = 497.63 MB, solutions = 1)
 380332 269032   107568.2041   193   107357.0890   107807.4909 10765189    0.42%
 381157 269534   107439.0260   154   107357.0890   107807.1526 10792601    0.42%
 382013 270022   107598.8035   225   107357.0890   107806.7034 10820209    0.42%
 382785 270443   107368.7597   145   107357.0890   107806.3299 10846858    0.42%
 383659 270980        cutoff         107357.0890   107806.0140 10874385    0.42%
 384489 271465   107458.2518   192   107357.0890   107805.5426 10903332    0.42%
 385390 271918   107645.9333   213   107357.0890   107804.9308 10930759    0.42%
 386194 272367   107502.9298   190   107357.0890   107804.5059 10957726    0.42%
 387064 272857   107523.2629   164   107357.0890   107803.9751 10986004    0.42%
 387854 273311   107548.3042   223   107357.0890   107803.5101 11012393    0.42%
Elapsed time = 2828.51 sec. (1632990.68 ticks, tree = 507.91 MB, solutions = 1)
 388668 273811   107585.0634   156   107357.0890   107803.0413 11037491    0.42%
 389522 274278   107498.5826   208   107357.0890   107802.6069 11063854    0.41%
 390386 274775   107485.0446   110   107357.0890   107802.1679 11092556    0.41%
 391228 275263   107395.0700   242   107357.0890   107801.6919 11119953    0.41%
 392100 275790        cutoff         107357.0890   107801.2704 11145647    0.41%
 393076 276367   107601.0006   138   107357.0890   107800.7333 11173747    0.41%
 393942 276874   107572.6102   163   107357.0890   107800.3667 11200261    0.41%
 394850 277387   107597.1720   228   107357.0890   107799.8975 11228224    0.41%
 395676 277864   107539.6247   165   107357.0890   107799.4712 11255105    0.41%
 396497 278341   107407.5021   157   107357.0890   107799.0796 11283695    0.41%
Elapsed time = 2893.57 sec. (1671167.81 ticks, tree = 517.06 MB, solutions = 1)
 397458 278926   107514.1457   161   107357.0890   107798.6034 11311927    0.41%
 398303 279436   107676.7682   174   107357.0890   107798.2027 11340093    0.41%
 399108 279905   107359.1475   106   107357.0890   107797.7893 11364767    0.41%
 399968 280392   107563.2605   194   107357.0890   107797.2763 11394637    0.41%
 400905 280977   107510.5403   196   107357.0890   107796.8746 11419968    0.41%
 401769 281509   107486.5133   164   107357.0890   107796.4689 11446609    0.41%
 402520 281951        cutoff         107357.0890   107796.1623 11473719    0.41%
 403418 282486   107571.2602   204   107357.0890   107795.6516 11501234    0.41%
 404248 282946   107494.7178   177   107357.0890   107795.1456 11528878    0.41%
 404998 283363   107489.2133   169   107357.0890   107794.7354 11554019    0.41%
Elapsed time = 2959.09 sec. (1709919.70 ticks, tree = 526.00 MB, solutions = 1)
 405878 283854   107560.1618   151   107357.0890   107794.2758 11581016    0.41%
 406696 284285   107372.4609   155   107357.0890   107793.8480 11608687    0.41%
 407573 284710        cutoff         107357.0890   107793.2303 11636541    0.41%
 408447 285184   107498.2110   143   107357.0890   107792.6535 11664387    0.41%
 409308 285698   107411.7157   191   107357.0890   107792.2238 11691831    0.41%
 410295 286238   107497.6535   212   107357.0890   107791.6886 11719213    0.40%
 411125 286690   107676.1567   223   107357.0890   107791.2192 11744932    0.40%
 412025 287218   107448.5225   124   107357.0890   107790.8328 11772025    0.40%
 412873 287680   107437.3948   181   107357.0890   107790.4214 11800235    0.40%
 413727 288195   107392.5817   179   107357.0890   107790.0038 11828021    0.40%
Elapsed time = 3025.35 sec. (1748105.64 ticks, tree = 534.63 MB, solutions = 1)
 414647 288700   107566.2047   136   107357.0890   107789.5060 11856717    0.40%
 415524 289217   107391.7551   130   107357.0890   107789.2206 11885328    0.40%
 416371 289644   107501.7694   156   107357.0890   107788.6815 11914781    0.40%
 417225 290096   107458.5098   147   107357.0890   107788.2112 11942791    0.40%
 418079 290554        cutoff         107357.0890   107787.7259 11970306    0.40%
 418758 290905   107529.2835   183   107357.0890   107787.3507 11994649    0.40%
 419478 291294   107445.0081   207   107357.0890   107786.8955 12020689    0.40%
 420377 291790   107583.2721   158   107357.0890   107786.4453 12047287    0.40%
 421281 292278   107634.9046   188   107357.0890   107786.0106 12075357    0.40%
 422040 292677   107409.3360   102   107357.0890   107785.5158 12100931    0.40%
Elapsed time = 3090.60 sec. (1786334.13 ticks, tree = 542.68 MB, solutions = 1)
 422836 293099   107669.9100   201   107357.0890   107785.0893 12126240    0.40%
 423619 293582   107650.0932   201   107357.0890   107784.7094 12152012    0.40%
 424520 294081   107638.8841   203   107357.0890   107784.2153 12180380    0.40%
 425418 294596   107391.4401   129   107357.0890   107783.8572 12206661    0.40%
 426277 295045   107497.3354   186   107357.0890   107783.4106 12232532    0.40%
 427076 295470   107417.2783   206   107357.0890   107783.0328 12258200    0.40%
 427884 295884   107596.4882   199   107357.0890   107782.4943 12287663    0.40%
 428738 296385   107625.5441   209   107357.0890   107782.0804 12312887    0.40%
 429554 296802   107384.1359   144   107357.0890   107781.6617 12341733    0.40%
 430446 297275   107460.7231   158   107357.0890   107781.2359 12371083    0.40%
Elapsed time = 3156.85 sec. (1824520.67 ticks, tree = 550.82 MB, solutions = 1)
 431324 297732   107431.9255   127   107357.0890   107780.8078 12399834    0.39%
 432137 298171   107457.6216   243   107357.0890   107780.3597 12427458    0.39%
 433013 298594   107443.6904   129   107357.0890   107779.8713 12456948    0.39%
 433805 299006   107484.6788   202   107357.0890   107779.4401 12484595    0.39%
 434644 299471        cutoff         107357.0890   107779.0687 12510979    0.39%
 435478 299974   107679.3418   181   107357.0890   107778.7084 12537378    0.39%
 436341 300480   107449.2092   137   107357.0890   107778.2795 12565041    0.39%
 437251 300965   107364.1997   202   107357.0890   107777.8607 12593720    0.39%
 438105 301392   107619.9979   204   107357.0890   107777.4241 12621825    0.39%
 438914 301818   107582.5347   170   107357.0890   107776.9373 12650204    0.39%
Elapsed time = 3222.70 sec. (1862752.92 ticks, tree = 558.89 MB, solutions = 1)
 439662 302184        cutoff         107357.0890   107776.5047 12676850    0.39%
 440439 302610   107642.5596   146   107357.0890   107776.0770 12705604    0.39%
 441135 303005   107409.0076   149   107357.0890   107775.8199 12727339    0.39%
 441656 303310   107429.6021   180   107357.0890   107775.5415 12743978    0.39%
 441958 303491   107532.7514   163   107357.0890   107775.4242 12752922    0.39%
 442205 303635   107475.3190   137   107357.0890   107775.2986 12761585    0.39%
 442409 303743   107369.3535   154   107357.0890   107775.2236 12768092    0.39%
 442461 303772   107422.5300   190   107357.0890   107775.2024 12770298    0.39%
 442658 303897   107472.6828   162   107357.0890   107775.1536 12775578    0.39%
 442950 304038   107392.1970   120   107357.0890   107775.0359 12783489    0.39%
Elapsed time = 3296.57 sec. (1905016.02 ticks, tree = 564.67 MB, solutions = 1)
 443158 304138   107676.2942   220   107357.0890   107774.9324 12790345    0.39%
 443358 304232   107616.1984   197   107357.0890   107774.8144 12798569    0.39%
 443458 304302   107385.6591   107   107357.0890   107774.7860 12801171    0.39%
 443682 304416   107640.3847   183   107357.0890   107774.6475 12807615    0.39%
 443958 304550   107540.8202   197   107357.0890   107774.4393 12817417    0.39%
 444058 304613   107631.7397   194   107357.0890   107774.4087 12820349    0.39%
 444158 304667   107603.7018   180   107357.0890   107774.3890 12822666    0.39%
 444458 304824   107702.2833   212   107357.0890   107774.2580 12832246    0.39%
 444558 304886   107604.1935   207   107357.0890   107774.2303 12835119    0.39%
 444658 304937   107392.2645   121   107357.0890   107774.1519 12838860    0.39%
Elapsed time = 3397.69 sec. (1962940.35 ticks, tree = 566.28 MB, solutions = 1)
 444758 305005   107409.4536   193   107357.0890   107774.1105 12840686    0.39%
 444858 305061   107475.9889   163   107357.0890   107774.0587 12844160    0.39%
 444965 305118   107587.3799   177   107357.0890   107774.0299 12846977    0.39%
 445058 305159   107409.8739   171   107357.0890   107773.9757 12850378    0.39%
 445758 305545   107582.4771   196   107357.0890   107773.6072 12874213    0.39%
 446258 305837   107402.4459   186   107357.0890   107773.4089 12889767    0.39%
 446758 306111   107369.4994   149   107357.0890   107773.1665 12907158    0.39%
 447158 306314   107403.0866   166   107357.0890   107772.9883 12921116    0.39%
 447558 306541   107409.7348   144   107357.0890   107772.7884 12933021    0.39%
 448058 306790   107459.1058   183   107357.0890   107772.4909 12949128    0.39%
Elapsed time = 3477.98 sec. (2009480.63 ticks, tree = 569.58 MB, solutions = 1)
 448458 307039   107432.2363   148   107357.0890   107772.3382 12960168    0.39%
 449058 307398   107501.0718   118   107357.0890   107772.0958 12979377    0.39%
 449758 307711   107505.4655   203   107357.0890   107771.6817 13004639    0.39%
 450058 307878   107445.0167   135   107357.0890   107771.4554 13015442    0.39%
 450458 308095   107363.3515   181   107357.0890   107771.2585 13028862    0.39%
 451158 308456   107405.3114   146   107357.0890   107770.9241 13051078    0.39%
 452117 309025        cutoff         107357.0890   107770.6268 13079176    0.39%
 452926 309471   107362.7525   135   107357.0890   107770.3098 13105258    0.38%
 453536 309824        cutoff         107357.0890   107770.0448 13125552    0.38%
 454429 310347   107415.7823   162   107357.0890   107769.6384 13155298    0.38%
Elapsed time = 3549.10 sec. (2050988.03 ticks, tree = 575.92 MB, solutions = 1)
 455277 310781   107380.7348   135   107357.0890   107769.2425 13184689    0.38%
 455886 311109   107382.9029   157   107357.0890   107768.9566 13203931    0.38%
 456713 311526   107426.2454   217   107357.0890   107768.4741 13234302    0.38%
 457258 311818   107508.1359   215   107357.0890   107768.2150 13252031    0.38%
 458138 312315   107388.5631   189   107357.0890   107767.9109 13281115    0.38%
 459011 312749   107693.9954   170   107357.0890   107767.4865 13309052    0.38%
 459552 313046   107537.0720   212   107357.0890   107767.2301 13326607    0.38%

GUB cover cuts applied:  2
Cover cuts applied:  3
Implied bound cuts applied:  37
Flow cuts applied:  145
Mixed integer rounding cuts applied:  563
Lift and project cuts applied:  113
Gomory fractional cuts applied:  55

Root node processing (before b&c):
  Real time             =    1.99 sec. (1033.13 ticks)
Sequential b&c:
  Real time             = 3598.01 sec. (2080228.03 ticks)
                          ------------
Total (root+branch&cut) = 3600.00 sec. (2081261.16 ticks)
