1 of 1 MIP starts provided solutions.
MIP start 'm1' defined initial solution with objective 148579.4940.
Tried aggregator 14 times.
MIP Presolve eliminated 1865 rows and 1 columns.
Aggregator did 8689 substitutions.
Reduced MIP has 12660 rows, 10801 columns, and 55856 nonzeros.
Reduced MIP has 1862 binaries, 0 generals, 0 SOSs, and 0 indicators.
Presolve time = 0.40 sec. (173.99 ticks)
Probing time = 0.02 sec. (5.91 ticks)
Tried aggregator 1 time.
Reduced MIP has 12660 rows, 10801 columns, and 55856 nonzeros.
Reduced MIP has 1862 binaries, 0 generals, 0 SOSs, and 0 indicators.
Presolve time = 0.07 sec. (27.16 ticks)
Probing time = 0.02 sec. (6.04 ticks)
Clique table members: 5146.
MIP emphasis: balance optimality and feasibility.
MIP search method: dynamic search.
Parallel mode: none, using 1 thread.
Root relaxation solution time = 0.33 sec. (191.15 ticks)

        Nodes                                         Cuts/
   Node  Left     Objective  IInf  Best Integer    Best Bound    ItCnt     Gap

*     0+    0                       148579.4940   545158.3124     9894  266.91%
      0     0   155230.0487   357   148579.4940   155230.0487     9894    4.48%
      0     0   152436.7856   402   148579.4940     Cuts: 780    10912    2.60%
      0     0   151525.8726   439   148579.4940     Cuts: 587    11701    1.98%
      0     0   151184.2184   459   148579.4940     Cuts: 379    12130    1.75%
      0     0   151056.6108   490   148579.4940     Cuts: 261    12405    1.67%
      0     0   151024.3112   505   148579.4940     Cuts: 153    12583    1.65%
      0     0   151000.5959   507   148579.4940     Cuts: 102    12685    1.63%
      0     0   150992.9996   508   148579.4940      Cuts: 61    12797    1.62%
      0     0   150984.8018   512   148579.4940      Cuts: 42    12836    1.62%
      0     2   150984.8018   512   148579.4940   150975.4520    12836    1.61%
Elapsed time = 4.87 sec. (2551.78 ticks, tree = 0.00 MB, solutions = 1)
     10    12   150858.4674   469   148579.4940   150973.0229    13321    1.61%
     29    31   150225.4971   413   148579.4940   150973.0229    14119    1.61%
     51    52   149761.7317   337   148579.4940   150973.0229    15267    1.61%
     73    72   148993.9785   282   148579.4940   150973.0229    15973    1.61%
     90    83   150649.9254   471   148579.4940   150904.7071    16529    1.56%
    105    98   150250.6961   435   148579.4940   150904.7071    17255    1.56%
    126   119   148786.5798   384   148579.4940   150904.7071    18106    1.56%
    164   149        cutoff         148579.4940   150904.7071    19414    1.56%
    190   166   150483.9014   484   148579.4940   150902.1353    20161    1.56%
    339   304   150820.1914   481   148579.4940   150829.9711    24390    1.51%
Elapsed time = 10.98 sec. (5920.19 ticks, tree = 2.03 MB, solutions = 1)
    490   448   149974.8330   520   148579.4940   149969.3342    44628    0.94%
    492   449   149900.6922   517   148579.4940   149897.5691    44784    0.89%
    494   450   149811.8159   504   148579.4940   149897.5691    44803    0.89%
    496   450   149377.3794   485   148579.4940   149897.5691    44894    0.89%
    503   450   148904.9398   455   148579.4940   149897.5691    45094    0.89%
    507   447   148886.3081   443   148579.4940   149897.5691    45249    0.89%
    512   447   148837.9682   427   148579.4940   149897.5691    45314    0.89%
    528   435   148795.4133   381   148579.4940   149897.5691    46102    0.89%
    562   403   149883.9224   515   148579.4940   149876.1002    46900    0.87%
    620   401   149561.7912   402   148579.4940   149858.0388    49438    0.86%
Elapsed time = 54.56 sec. (28471.15 ticks, tree = 2.75 MB, solutions = 1)
    687   402   149123.7608   472   148579.4940   149840.1166    51484    0.85%
    768   438   149789.7946   490   148579.4940   149804.1774    53186    0.82%
    861   489   148979.5531   227   148579.4940   149804.1774    54989    0.82%
    953   510   149407.0870   460   148579.4940   149789.5752    57351    0.81%
   1065   542        cutoff         148579.4940   149773.0792    59602    0.80%
   1191   606   148780.9615   302   148579.4940   149767.8877    62622    0.80%
   1275   628   148946.9535   502   148579.4940   149765.1903    65710    0.80%
   1374   717   148923.6530   327   148579.4940   149762.6887    67988    0.80%
   1527   848   149395.0281   498   148579.4940   149760.1828    71467    0.79%
   1650   943   149359.9919   342   148579.4940   149752.3585    75305    0.79%
Elapsed time = 71.30 sec. (38190.26 ticks, tree = 4.77 MB, solutions = 1)
   1778  1049   149163.2179   389   148579.4940   149749.0114    78367    0.79%
   1938  1196   148945.6233   232   148579.4940   149727.9223    82267    0.77%
   2090  1332   149054.6441   227   148579.4940   149723.3809    86034    0.77%
   2249  1470   148629.7105   206   148579.4940   149715.7990    89505    0.76%
   2375  1587   148826.4742    62   148579.4940   149709.5633    92411    0.76%
   2503  1690   148580.2387   163   148579.4940   149701.4530    95121    0.76%
   2629  1796   148689.6440   361   148579.4940   149696.5469    98626    0.75%
   2745  1892   148590.2077   189   148579.4940   149696.2056   101243    0.75%
   2870  2008   148610.2554   122   148579.4940   149695.3590   104264    0.75%
   2974  2087   149302.8405   429   148579.4940   149686.1297   107489    0.74%
Elapsed time = 87.20 sec. (47803.77 ticks, tree = 9.93 MB, solutions = 1)
   3059  2161   148652.7101   398   148579.4940   149679.1155   110728    0.74%
   3171  2258   148684.5801   279   148579.4940   149678.0247   114608    0.74%
   3265  2332   149342.3500   288   148579.4940   149669.9050   117902    0.73%
   3374  2416   149090.6198   434   148579.4940   149667.1248   120982    0.73%
   3511  2517   148689.0447   296   148579.4940   149657.1206   124736    0.73%
   3648  2620   148907.6654   249   148579.4940   149647.0177   129632    0.72%
   3797  2748   149071.6656   344   148579.4940   149640.9103   133186    0.71%
   3961  2895   148591.5801   149   148579.4940   149640.8863   137630    0.71%
   4106  3026   148927.2838   308   148579.4940   149631.5491   141949    0.71%
   4271  3169   149050.2054   324   148579.4940   149628.9428   147301    0.71%
Elapsed time = 103.17 sec. (57505.53 ticks, tree = 15.35 MB, solutions = 1)
   4429  3296   148951.2884   286   148579.4940   149627.4219   152130    0.71%
   4543  3394   148956.0172   469   148579.4940   149621.9838   155544    0.70%
   4669  3503   149237.8655   288   148579.4940   149618.4839   158836    0.70%
   4797  3617   149362.3958   282   148579.4940   149616.0101   162158    0.70%
   4924  3728   149120.2336   301   148579.4940   149611.2974   165116    0.69%
   5058  3843   148869.7021   236   148579.4940   149608.9722   168894    0.69%
   5180  3945   148697.2791   323   148579.4940   149603.7964   172276    0.69%
   5309  4056   148615.8067   232   148579.4940   149600.1277   175387    0.69%
   5444  4167   149439.7000   369   148579.4940   149593.8421   179780    0.68%
   5571  4281   148690.7085   256   148579.4940   149593.3870   183153    0.68%
Elapsed time = 119.42 sec. (67407.40 ticks, tree = 21.17 MB, solutions = 1)
   5697  4382   149153.4015   248   148579.4940   149586.3816   186598    0.68%
   5837  4502   148859.6540   287   148579.4940   149585.5590   189855    0.68%
   5992  4615   149415.8004   336   148579.4940   149584.1387   193810    0.68%
   6181  4782   148670.8372   137   148579.4940   149581.4291   198948    0.67%
   6334  4913   148608.3051   129   148579.4940   149578.9260   203482    0.67%
   6490  5040   148597.0419   150   148579.4940   149573.6763   207570    0.67%
   6643  5157   148587.2250   323   148579.4940   149562.2974   211896    0.66%
   6805  5295   149439.6985   392   148579.4940   149557.2897   216678    0.66%
   6987  5451   148726.6438    99   148579.4940   149554.8025   221304    0.66%
   7087  5536   148800.8955   384   148579.4940   149553.4487   224407    0.66%
Elapsed time = 135.35 sec. (77056.41 ticks, tree = 26.93 MB, solutions = 1)
   7219  5645   149131.9420   243   148579.4940   149552.1975   228765    0.65%
   7354  5768   148676.9459   231   148579.4940   149551.3047   231865    0.65%
   7494  5873   149155.9975   335   148579.4940   149546.2898   236347    0.65%
   7610  5966   149190.8973   344   148579.4940   149543.7031   239829    0.65%
   7700  6043   148914.4426   261   148579.4940   149540.6644   242982    0.65%
   7829  6146   148788.6422   263   148579.4940   149539.5497   246670    0.65%
   7949  6243   149007.5558   277   148579.4940   149534.0538   250375    0.64%
   8051  6319   149482.6187   471   148579.4940   149530.1235   253624    0.64%
   8158  6415        cutoff         148579.4940   149529.2994   256267    0.64%
   8291  6525   149103.0258   250   148579.4940   149521.5143   260318    0.63%
Elapsed time = 151.33 sec. (86887.36 ticks, tree = 31.44 MB, solutions = 1)
   8420  6610   148999.3407   300   148579.4940   149519.6326   263932    0.63%
   8548  6718   148598.6177   171   148579.4940   149517.0610   267861    0.63%
   8700  6838        cutoff         148579.4940   149514.1245   272461    0.63%
   8850  6975   148610.6742   137   148579.4940   149513.8291   276911    0.63%
   9001  7089   148757.7166   245   148579.4940   149509.9163   281978    0.63%
   9164  7222   149008.7870   283   148579.4940   149505.7363   287546    0.62%
   9336  7374   148698.6608   134   148579.4940   149504.8777   292474    0.62%
   9478  7491   149360.1372   297   148579.4940   149502.7595   296944    0.62%
   9621  7618   148864.8954   289   148579.4940   149501.3638   301791    0.62%
   9770  7733   148664.4099   291   148579.4940   149499.5754   306317    0.62%
Elapsed time = 167.16 sec. (96448.26 ticks, tree = 36.82 MB, solutions = 1)
   9923  7858   148630.7410   158   148579.4940   149498.9420   311091    0.62%
  10053  7955   149085.3407   297   148579.4940   149496.9170   316139    0.62%
  10175  8029   148992.3432   350   148579.4940   149493.7623   320813    0.62%
  10271  8101   148890.9538   299   148579.4940   149491.8450   325068    0.61%
  10290  8116   148835.1149   246   148579.4940   149491.8450   325771    0.61%
  10366  8177   149429.1164   404   148579.4940   149489.2678   328173    0.61%
  10526  8310   148824.6445   255   148579.4940   149487.9531   334156    0.61%
  10662  8422   149427.1182   311   148579.4940   149486.1699   337100    0.61%
  10780  8519   148632.0042   132   148579.4940   149486.1699   341599    0.61%
  11258  8897   148994.9339   406   148579.4940   149483.0663   356334    0.61%
Elapsed time = 201.04 sec. (115853.33 ticks, tree = 42.39 MB, solutions = 1)
  11766  9286   149170.1445   304   148579.4940   149478.5848   373286    0.61%
  12410  9796   149291.4456   288   148579.4940   149465.4267   393433    0.60%
  13068 10352   148848.3815   221   148579.4940   149458.3483   413582    0.59%
  13610 10759   149186.6632   315   148579.4940   149450.8932   431854    0.59%
  14215 11248   148845.3874   274   148579.4940   149443.1123   448594    0.58%
  14747 11683   148898.1414   256   148579.4940   149437.8657   463758    0.58%
  15291 12128   148607.4980   439   148579.4940   149434.5491   479263    0.58%
  15890 12597   148589.4735   129   148579.4940   149430.9945   496440    0.57%
  16485 13055        cutoff         148579.4940   149425.3347   514070    0.57%
  17083 13537   148943.8078   282   148579.4940   149420.1590   531675    0.57%
Elapsed time = 267.29 sec. (154349.66 ticks, tree = 63.67 MB, solutions = 1)
  17708 14059   149207.2873   241   148579.4940   149415.1199   549381    0.56%
  18355 14585   149264.3683   283   148579.4940   149412.8603   566235    0.56%
  18810 14947   149228.5987   315   148579.4940   149409.3626   580912    0.56%
  19311 15362   148589.3618    91   148579.4940   149406.9952   595302    0.56%
  19776 15702   148905.7101   311   148579.4940   149404.9236   610630    0.56%
  20313 16104   148590.1821   110   148579.4940   149401.5800   626118    0.55%
  20859 16521   149022.6578   332   148579.4940   149399.2989   642848    0.55%
  21471 17003   148764.2824   286   148579.4940   149396.0227   661942    0.55%
  22085 17485   148886.3215   263   148579.4940   149391.7904   680912    0.55%
  22663 17937   148843.0972   331   148579.4940   149387.1268   699191    0.54%
Elapsed time = 332.64 sec. (192571.67 ticks, tree = 85.75 MB, solutions = 1)
  23241 18438   149051.0493   331   148579.4940   149384.3698   716506    0.54%
  23746 18868   148645.5498   308   148579.4940   149382.3600   732549    0.54%
  24191 19208   149175.7634   266   148579.4940   149380.3259   748877    0.54%
  24824 19720   148717.6657   232   148579.4940   149376.6472   765929    0.54%
  25404 20185   148887.2892   196   148579.4940   149373.8382   783990    0.53%
  26027 20690   148689.7384   138   148579.4940   149371.4672   802301    0.53%
  26695 21216   148606.0860   264   148579.4940   149366.3601   821210    0.53%
  27279 21684   148844.4710   266   148579.4940   149365.3152   838259    0.53%
  27900 22168   149215.0790   345   148579.4940   149361.9348   857882    0.53%
  28583 22758   148634.2514    84   148579.4940   149360.5181   876758    0.53%
Elapsed time = 398.83 sec. (230816.98 ticks, tree = 108.67 MB, solutions = 1)
  29190 23237   148803.4650   315   148579.4940   149357.0679   894068    0.52%
  29699 23616   148826.8213   209   148579.4940   149354.8666   910501    0.52%
  30281 24095   148986.5503   354   148579.4940   149351.0749   927604    0.52%
  30801 24513   148695.2034   281   148579.4940   149349.7385   943320    0.52%
  31462 25063   148712.6220   178   148579.4940   149348.0171   959251    0.52%
  32075 25556   148666.5597   298   148579.4940   149345.3604   977861    0.52%
  32707 26066        cutoff         148579.4940   149343.5238   996696    0.51%
  33341 26500        cutoff         148579.4940   149340.5821  1017015    0.51%
  34033 27010   149066.2501   276   148579.4940   149338.7351  1037498    0.51%
  34710 27546   148770.2060   265   148579.4940   149336.4218  1056585    0.51%
Elapsed time = 463.50 sec. (269045.50 ticks, tree = 130.64 MB, solutions = 1)
  35227 27937   148741.6685   190   148579.4940   149333.8581  1072241    0.51%
  35807 28413   148649.4335   269   148579.4940   149331.7866  1089510    0.51%
  36360 28827   148931.0641   250   148579.4940   149328.9652  1106328    0.50%
  36928 29289   148616.8193   277   148579.4940   149326.6530  1123475    0.50%
  37462 29662   148607.2414   263   148579.4940   149322.3961  1139192    0.50%
  38030 30096   148808.0714   309   148579.4940   149320.0079  1156711    0.50%
  38603 30565   148979.2062   178   148579.4940   149317.2464  1173648    0.50%
  39262 31097   149029.9777   310   148579.4940   149315.2182  1192153    0.50%
  39836 31557   148953.4029   281   148579.4940   149312.6228  1209371    0.49%
  40488 32069   148586.2316   300   148579.4940   149310.8630  1228504    0.49%
Elapsed time = 526.92 sec. (307275.42 ticks, tree = 151.40 MB, solutions = 1)
  41099 32528   148880.2221   347   148579.4940   149308.0727  1247478    0.49%
  41713 32981   148624.9672   260   148579.4940   149306.0075  1265722    0.49%
  42337 33495   148822.3906   299   148579.4940   149303.9318  1284289    0.49%
  42928 33983   148711.3394   284   148579.4940   149302.5826  1300752    0.49%
  43490 34425   149069.9386   253   148579.4940   149301.4820  1318035    0.49%
  44067 34871   149187.6215   288   148579.4940   149300.1578  1335107    0.49%
  44684 35365   148644.5065   174   148579.4940   149298.3449  1353267    0.48%
  45209 35742   148823.5625   335   148579.4940   149296.9844  1370813    0.48%
  45829 36180   148932.5754   255   148579.4940   149294.8245  1391917    0.48%
  46444 36626   148898.7940   346   148579.4940   149291.6799  1412028    0.48%
Elapsed time = 591.47 sec. (345519.48 ticks, tree = 172.98 MB, solutions = 1)
  47050 37073   148890.0783   349   148579.4940   149289.1505  1432435    0.48%
  47747 37630   148808.1173   200   148579.4940   149287.7135  1452623    0.48%
  48380 38079   148743.8554   140   148579.4940   149284.2169  1475223    0.47%
  48967 38504   148794.8623   288   148579.4940   149283.0492  1495002    0.47%
  49570 38984   148752.1531   231   148579.4940   149282.4039  1514064    0.47%
  50069 39353   148617.6349   196   148579.4940   149280.7028  1533123    0.47%
  50625 39789   148844.9288   276   148579.4940   149278.5844  1551303    0.47%
  51210 40250   148917.0730   286   148579.4940   149276.2242  1569043    0.47%
  51777 40669   148755.0122   245   148579.4940   149274.0721  1587294    0.47%
  52350 41068   148735.9799   244   148579.4940   149272.4033  1608679    0.47%
Elapsed time = 655.67 sec. (383722.82 ticks, tree = 194.03 MB, solutions = 1)
  52971 41542   148810.1029   271   148579.4940   149270.0263  1630345    0.46%
  53620 42023   149025.5545   211   148579.4940   149267.2999  1652787    0.46%
  54240 42463   148851.8864   284   148579.4940   149264.7968  1674649    0.46%
  54906 42981   148683.1619   285   148579.4940   149263.6326  1697008    0.46%
  55588 43492   149002.3951   310   148579.4940   149262.6067  1716865    0.46%
  56159 43957   148953.3266   348   148579.4940   149261.8139  1735003    0.46%
  56680 44336   148957.5144   381   148579.4940   149260.4862  1752797    0.46%
  57181 44712   149006.1032   340   148579.4940   149258.9853  1771816    0.46%
  57702 45118   148624.8061   120   148579.4940   149258.1902  1788593    0.46%
  58268 45544   149022.0499   259   148579.4940   149256.9083  1806981    0.46%
Elapsed time = 720.33 sec. (421996.33 ticks, tree = 214.63 MB, solutions = 1)
  58870 46020   148708.7715   212   148579.4940   149255.9229  1824818    0.46%
  59442 46438   148589.7585   154   148579.4940   149254.2320  1843188    0.45%
  60060 46884   148906.0284   273   148579.4940   149253.1397  1865214    0.45%
  60710 47398   148791.4547   248   148579.4940   149251.7518  1885119    0.45%
  61341 47881   149176.0252   258   148579.4940   149250.0296  1906941    0.45%
  61987 48392   148879.0668   323   148579.4940   149247.8986  1927151    0.45%
  62596 48840   148661.3827   302   148579.4940   149247.0733  1948697    0.45%
  63233 49301        cutoff         148579.4940   149245.1174  1971119    0.45%
  63852 49767   148678.6734   298   148579.4940   149244.0083  1991540    0.45%
  64440 50216        cutoff         148579.4940   149242.8624  2010276    0.45%
Elapsed time = 785.18 sec. (460268.59 ticks, tree = 236.14 MB, solutions = 1)
  65007 50663   148797.1498   205   148579.4940   149241.9219  2027926    0.45%
  65561 51076   149034.3622   253   148579.4940   149240.6754  2045039    0.45%
  66068 51443   148976.2320   302   148579.4940   149239.0466  2061331    0.44%
  66580 51811   148741.6258   345   148579.4940   149238.2617  2078081    0.44%
  67116 52189   148635.7344   109   148579.4940   149236.8412  2094793    0.44%
  67701 52639   148872.7655   289   148579.4940   149235.4217  2113938    0.44%
  68326 53106   148984.7529   208   148579.4940   149234.4115  2133945    0.44%
  68964 53597   149107.2048   278   148579.4940   149232.6836  2153776    0.44%
  69570 54061   148579.7760   260   148579.4940   149231.0010  2174625    0.44%
  70167 54493   149166.8648   237   148579.4940   149229.2869  2193350    0.44%
Elapsed time = 849.38 sec. (498511.14 ticks, tree = 255.99 MB, solutions = 1)
  70791 54973   148754.9149   179   148579.4940   149228.1935  2213227    0.44%
  71376 55433   148851.9358   304   148579.4940   149226.9452  2232379    0.44%
  71909 55830   148903.9757   298   148579.4940   149225.8732  2250782    0.44%
  72512 56282   148857.2886   385   148579.4940   149224.4608  2269938    0.43%
  73016 56624   148954.1624   271   148579.4940   149223.1876  2289591    0.43%
  73608 57098   148954.4632   267   148579.4940   149222.5210  2307877    0.43%
  74129 57504   148851.2212   350   148579.4940   149221.5997  2325126    0.43%
  74717 57947   148635.1180   278   148579.4940   149220.5057  2343954    0.43%
  75320 58444   148673.9444   152   148579.4940   149219.7279  2362902    0.43%
  75821 58794   148767.9879   322   148579.4940   149217.9080  2381820    0.43%
Elapsed time = 914.22 sec. (536843.07 ticks, tree = 276.62 MB, solutions = 1)
  76367 59192   148983.9628   278   148579.4940   149216.4750  2399615    0.43%
  76974 59665   148738.2121   271   148579.4940   149215.4263  2419018    0.43%
  77565 60114   148847.7801   234   148579.4940   149214.2544  2438783    0.43%
  78160 60578   149116.0586   249   148579.4940   149213.6731  2458530    0.43%
  78732 60979        cutoff         148579.4940   149212.3667  2477767    0.43%
  79290 61421   148829.2415   170   148579.4940   149211.7392  2494846    0.43%
  79930 61902   148883.1775   123   148579.4940   149210.1722  2515729    0.42%
  80575 62417   148829.5561   200   148579.4940   149208.9922  2536734    0.42%
  81178 62821   148676.1107   227   148579.4940   149207.7821  2559319    0.42%
  81803 63290   148701.8983   347   148579.4940   149206.6556  2580008    0.42%
Elapsed time = 979.50 sec. (575028.49 ticks, tree = 298.31 MB, solutions = 1)
  82466 63793   148758.7128   256   148579.4940   149205.3216  2602574    0.42%
  83014 64206   148808.4691   322   148579.4940   149204.4341  2621521    0.42%
  83587 64629   148616.7045    85   148579.4940   149203.3567  2639968    0.42%
  84094 64992   148679.6511   164   148579.4940   149202.0914  2657363    0.42%
  84627 65411        cutoff         148579.4940   149201.2567  2675413    0.42%
  85184 65846   148657.1769   251   148579.4940   149200.7798  2693643    0.42%
  85727 66259   148907.0797   145   148579.4940   149199.7874  2711068    0.42%
  86318 66701   148964.9124   156   148579.4940   149198.9019  2730158    0.42%
  86935 67164   148901.0428   226   148579.4940   149198.0536  2750020    0.42%
  87565 67627   148653.0157   211   148579.4940   149196.8438  2770207    0.42%
Elapsed time = 1044.06 sec. (613204.67 ticks, tree = 320.88 MB, solutions = 1)
  88182 68060   149152.6674   250   148579.4940   149195.3703  2792728    0.41%
  88787 68512        cutoff         148579.4940   149194.2083  2812257    0.41%
  89472 69047   148591.4370   118   148579.4940   149193.2157  2834676    0.41%
  90140 69543   148784.2770   257   148579.4940   149191.6592  2855681    0.41%
  90760 69985   148768.4590   274   148579.4940   149190.3339  2878067    0.41%
  91392 70465   148749.0781   229   148579.4940   149189.3596  2899933    0.41%
  92039 70954   148596.5970    82   148579.4940   149187.9426  2920679    0.41%
  92619 71362   148564.1626   290   148579.4940   149186.4113  2943915    0.41%
  93183 71790   148976.1698   270   148579.4940   149185.4245  2961546    0.41%
  93788 72233   148951.0010   239   148579.4940   149183.8994  2982219    0.41%
Elapsed time = 1110.83 sec. (651804.72 ticks, tree = 342.47 MB, solutions = 1)
  94364 72647   148584.8882   299   148579.4940   149182.7233  3001800    0.41%
  94987 73119   148885.0766   327   148579.4940   149182.0106  3019002    0.41%
  95555 73572        cutoff         148579.4940   149180.8293  3038764    0.40%
  96135 74015   148769.2634   223   148579.4940   149180.1690  3059290    0.40%
  96782 74501        cutoff         148579.4940   149179.2515  3080484    0.40%
  97350 74890   148960.7048   243   148579.4940   149178.3285  3102413    0.40%
  97932 75307   148612.4607   297   148579.4940   149177.2678  3122152    0.40%
  98546 75768   149113.5701   278   148579.4940   149176.0308  3143240    0.40%
  99222 76324   149036.0745   279   148579.4940   149174.9161  3164427    0.40%
  99853 76820   148729.0495   192   148579.4940   149174.1619  3183673    0.40%
Elapsed time = 1176.95 sec. (689971.88 ticks, tree = 363.52 MB, solutions = 1)
 100464 77279   148850.0282   269   148579.4940   149173.4182  3204654    0.40%
 101086 77769   148614.8869   131   148579.4940   149172.6381  3224324    0.40%
 101680 78194   148691.8670   250   148579.4940   149171.5928  3245973    0.40%
 102270 78613        cutoff         148579.4940   149170.5965  3263674    0.40%
 102810 79010   148637.5354   287   148579.4940   149169.6827  3280948    0.40%
 103365 79419   148780.8089   280   148579.4940   149168.8304  3300401    0.40%
 103987 79908   148711.2079   294   148579.4940   149168.2237  3319690    0.40%
 104565 80345        cutoff         148579.4940   149167.4224  3339786    0.40%
 105129 80742   148616.5134   157   148579.4940   149166.3786  3359237    0.39%
 105599 81059   148681.2214   319   148579.4940   149165.5087  3377071    0.39%
Elapsed time = 1242.97 sec. (728188.35 ticks, tree = 383.11 MB, solutions = 1)
 106090 81378   148857.6311   200   148579.4940   149164.7641  3394438    0.39%
 106575 81684   148936.6950   232   148579.4940   149163.9715  3413520    0.39%
 107125 82073   148669.5332   196   148579.4940   149163.0342  3432657    0.39%
 107677 82465   148639.6711   350   148579.4940   149162.2165  3452262    0.39%
 108256 82874   148632.1377   135   148579.4940   149161.3885  3471182    0.39%
 108829 83288   148632.7619   176   148579.4940   149160.9128  3491009    0.39%
 109391 83716   148608.0246   268   148579.4940   149160.1832  3511169    0.39%
 109939 84058   149033.4995   281   148579.4940   149158.9033  3532726    0.39%
 110489 84451   148930.1008   268   148579.4940   149158.2496  3552837    0.39%
 111057 84837   148669.3969   235   148579.4940   149157.4216  3573529    0.39%
Elapsed time = 1309.78 sec. (766514.23 ticks, tree = 400.45 MB, solutions = 1)
 111611 85220   149016.6649   249   148579.4940   149156.4670  3594380    0.39%
 112212 85700   148723.7615   288   148579.4940   149155.7598  3615970    0.39%
 112786 86120   148690.9447   116   148579.4940   149154.8931  3637514    0.39%
 113391 86567   149126.9086   310   148579.4940   149154.3847  3657834    0.39%
 113965 87013   148843.1653   252   148579.4940   149153.7477  3677162    0.39%
 114498 87376   148683.4594   167   148579.4940   149152.4188  3697167    0.39%
 115029 87765   148903.8244   229   148579.4940   149151.8127  3715499    0.39%
 115623 88233   148767.0557   155   148579.4940   149151.2734  3733999    0.38%
 116203 88686   148613.3595    93   148579.4940   149150.8224  3754224    0.38%
 116712 89054        cutoff         148579.4940   149150.0692  3772341    0.38%
Elapsed time = 1373.25 sec. (804723.88 ticks, tree = 420.01 MB, solutions = 1)
 117248 89449   148705.8547   274   148579.4940   149149.5038  3791683    0.38%
 117691 89730   148801.4246   145   148579.4940   149148.7176  3809903    0.38%
 118228 90111   148661.8826   361   148579.4940   149147.9109  3830586    0.38%
 118826 90563   148650.0333   323   148579.4940   149147.2179  3852250    0.38%
 119347 90901   148843.2496   201   148579.4940   149146.3082  3871473    0.38%
 119933 91302   148839.6451   302   148579.4940   149145.1336  3892064    0.38%
 120484 91725   148653.5726   313   148579.4940   149144.5084  3912721    0.38%
 121127 92216   148626.1291   350   148579.4940   149143.7995  3935580    0.38%
 121749 92675   148737.5512   151   148579.4940   149143.2656  3957005    0.38%
 122307 93078   148625.5691   279   148579.4940   149142.6565  3979225    0.38%
Elapsed time = 1437.03 sec. (842924.34 ticks, tree = 438.50 MB, solutions = 1)
 122861 93494   148626.1865   226   148579.4940   149141.9029  3999041    0.38%
 123465 93944   148702.3925   264   148579.4940   149141.1451  4020716    0.38%
 124100 94397   148882.8238   295   148579.4940   149140.2672  4043077    0.38%
 124578 94739        cutoff         148579.4940   149139.5667  4061910    0.38%
 125213 95216   148776.7218   330   148579.4940   149138.9225  4084673    0.38%
 125763 95608   148585.4592   283   148579.4940   149138.6696  4104470    0.38%
 126348 96032   148913.3670   265   148579.4940   149137.8503  4124690    0.38%
 126890 96418   148768.7581   169   148579.4940   149137.2172  4144467    0.38%
 127426 96804   148696.2098   129   148579.4940   149136.4193  4163342    0.37%
 127934 97154   148995.9064   224   148579.4940   149135.4933  4182089    0.37%
Elapsed time = 1499.96 sec. (881245.50 ticks, tree = 457.40 MB, solutions = 1)
 128526 97597   148604.2834   211   148579.4940   149134.9379  4199630    0.37%
 129074 98032   148636.0042   273   148579.4940   149134.2804  4219509    0.37%
 129643 98435   148790.5300   272   148579.4940   149133.4863  4240627    0.37%
 130120 98738   148887.7617   225   148579.4940   149132.4029  4262998    0.37%
 130715 99120   148663.0713   200   148579.4940   149131.5430  4285301    0.37%
 131283 99500   148737.2834   275   148579.4940   149130.7658  4306035    0.37%
 131804 99862   148736.2252   322   148579.4940   149130.1072  4325160    0.37%
 132367 100271   149080.5539   334   148579.4940   149129.5186  4345096    0.37%
 132944 100668   148784.9775   285   148579.4940   149128.5637  4367692    0.37%
 133502 101053   148680.2642   275   148579.4940   149127.9618  4389265    0.37%
Elapsed time = 1564.22 sec. (919484.42 ticks, tree = 475.50 MB, solutions = 1)
 134068 101470   148897.8871   238   148579.4940   149127.3095  4410031    0.37%
 134655 101899        cutoff         148579.4940   149126.4463  4431818    0.37%
 135206 102318   148615.0347   183   148579.4940   149125.7724  4452062    0.37%
 135745 102692   148626.4171   270   148579.4940   149124.9334  4473251    0.37%
 136271 103075   148657.7771    67   148579.4940   149124.3867  4493590    0.37%
 136799 103449   148585.8047   286   148579.4940   149123.7618  4515265    0.37%
 137329 103803   148906.2472   218   148579.4940   149122.9570  4537615    0.37%
 137836 104168   148734.0097   253   148579.4940   149122.2914  4556933    0.37%
 138389 104556   149051.7793   245   148579.4940   149121.6900  4576727    0.36%
 138951 104991   148816.1155   211   148579.4940   149121.3251  4596708    0.36%
Elapsed time = 1629.63 sec. (957657.08 ticks, tree = 493.92 MB, solutions = 1)
 139453 105298        cutoff         148579.4940   149120.5621  4617267    0.36%
 140017 105693   148646.1762   150   148579.4940   149119.9409  4637807    0.36%
 140557 106080   148784.5690   201   148579.4940   149119.4621  4657780    0.36%
 141143 106487   148732.9318   298   148579.4940   149118.8107  4680061    0.36%
 141705 106851   148656.4830   339   148579.4940   149117.7277  4702797    0.36%
 142263 107227   148621.7912   252   148579.4940   149116.5855  4725502    0.36%
 142850 107621        cutoff         148579.4940   149115.5908  4747803    0.36%
 143371 107989   148964.0019   259   148579.4940   149114.8398  4768501    0.36%
 143972 108411   148635.0866    72   148579.4940   149114.3383  4790303    0.36%
 144553 108797   148590.7674   148   148579.4940   149113.6126  4811531    0.36%
Elapsed time = 1695.72 sec. (995879.88 ticks, tree = 512.09 MB, solutions = 1)
 145146 109231   148661.4814   145   148579.4940   149112.9061  4832453    0.36%
 145716 109644   148804.5068   252   148579.4940   149112.3260  4853464    0.36%
 146233 109967   148880.7585   281   148579.4940   149111.4849  4875178    0.36%
 146782 110388   148632.9264    68   148579.4940   149111.1139  4893367    0.36%
 147349 110809   148917.2698   247   148579.4940   149110.4966  4913851    0.36%
 147828 111149   148989.9806   212   148579.4940   149110.1084  4930487    0.36%
 148386 111552   148814.1451   173   148579.4940   149109.6450  4950654    0.36%
 148927 111955   148775.6896   319   148579.4940   149109.1336  4973304    0.36%
 149442 112310   148844.3099   492   148579.4940   149108.3777  4991186    0.36%
 150005 112739   148641.0668   168   148579.4940   149108.1570  5010664    0.36%
Elapsed time = 1761.66 sec. (1034165.98 ticks, tree = 530.38 MB, solutions = 1)
 150527 113055   148822.8806   207   148579.4940   149107.4966  5030994    0.36%
 151056 113410   148777.3428   376   148579.4940   149106.7932  5052154    0.35%
 151602 113828   148687.4095   195   148579.4940   149106.3703  5071973    0.35%
 152190 114218   148754.0117   276   148579.4940   149105.6701  5095560    0.35%
 152742 114625   148926.5822   206   148579.4940   149105.0457  5115370    0.35%
 153319 115026   148613.0867   239   148579.4940   149104.8220  5137375    0.35%
 153834 115359   148719.8539   213   148579.4940   149103.9852  5161063    0.35%
 154445 115774   148674.7817   255   148579.4940   149102.9682  5183346    0.35%
 155043 116194        cutoff         148579.4940   149102.3032  5205407    0.35%
 155667 116649   148658.5789   244   148579.4940   149101.5174  5228011    0.35%
Elapsed time = 1828.77 sec. (1072589.85 ticks, tree = 548.23 MB, solutions = 1)
 156223 117033   149041.8027   197   148579.4940   149100.7362  5251732    0.35%
 156794 117451   148874.9807   213   148579.4940   149100.3220  5272824    0.35%
 157322 117782   148866.4296   187   148579.4940   149099.6019  5293271    0.35%
 157896 118136   148752.6441   286   148579.4940   149098.7825  5316824    0.35%
 158496 118570   148990.5328   308   148579.4940   149098.3307  5338734    0.35%
 158959 118895   148714.5026   223   148579.4940   149097.9322  5358632    0.35%
 159479 119211        cutoff         148579.4940   149097.2163  5378882    0.35%
 160040 119611   148766.9677   285   148579.4940   149096.6780  5400807    0.35%
 160624 120035   148822.7401   212   148579.4940   149096.1033  5419813    0.35%
 161199 120449   148917.5819   296   148579.4940   149095.3001  5441782    0.35%
Elapsed time = 1894.46 sec. (1111080.61 ticks, tree = 565.91 MB, solutions = 1)
 161759 120854        cutoff         148579.4940   149094.9025  5461002    0.35%
 162321 121234   148679.1274   175   148579.4940   149093.9587  5482703    0.35%
 162900 121651   148917.6195   277   148579.4940   149093.5416  5503210    0.35%
 163451 122013   148633.1395   245   148579.4940   149092.9258  5524759    0.35%
 164026 122389   148823.7110   256   148579.4940   149092.2934  5548844    0.35%
 164624 122808   148635.1025   149   148579.4940   149091.5050  5571144    0.34%
 165172 123216   148645.1997   344   148579.4940   149091.0446  5591133    0.34%
 165766 123652   148677.3123   263   148579.4940   149090.6450  5612083    0.34%
 166329 123990        cutoff         148579.4940   149089.7826  5635407    0.34%
 166963 124464   148625.7632   124   148579.4940   149089.5233  5658707    0.34%
Elapsed time = 1963.44 sec. (1149276.88 ticks, tree = 584.27 MB, solutions = 1)
 167608 124934   148755.9552   152   148579.4940   149088.9612  5682561    0.34%
 168156 125284   148658.4291   324   148579.4940   149087.9417  5704744    0.34%
 168756 125722   148587.5811   148   148579.4940   149087.4414  5728601    0.34%
 169370 126146   148654.9205   149   148579.4940   149086.7960  5752252    0.34%
 170001 126588   148737.0091   307   148579.4940   149086.0603  5776834    0.34%
 170517 126923   148609.5898   303   148579.4940   149085.3274  5800575    0.34%
 171089 127330   148791.5104   203   148579.4940   149084.8179  5822097    0.34%
 171660 127727   148746.7602   393   148579.4940   149084.3765  5843714    0.34%
 172224 128107   148945.4881   262   148579.4940   149083.9410  5864401    0.34%
 172778 128491   148601.8607   282   148579.4940   149083.6415  5885213    0.34%
Elapsed time = 2030.06 sec. (1187495.23 ticks, tree = 603.47 MB, solutions = 1)
 173303 128826   148739.9089   313   148579.4940   149083.1453  5907273    0.34%
 173909 129291   148680.4257   151   148579.4940   149082.6402  5928875    0.34%
 174442 129639   148741.5228   314   148579.4940   149082.1942  5948769    0.34%
 175006 129998   148864.0885   149   148579.4940   149081.6675  5968941    0.34%
 175568 130409   148708.3996   146   148579.4940   149081.2780  5988417    0.34%
 176123 130757   148623.9120   282   148579.4940   149080.6115  6011010    0.34%
 176754 131213   148654.8988   266   148579.4940   149080.0496  6033271    0.34%
 177356 131652   148652.5047   171   148579.4940   149079.8176  6053799    0.34%
 177978 132093   148815.6740   238   148579.4940   149079.5001  6076046    0.34%
 178557 132454   148733.1688   303   148579.4940   149078.7860  6099199    0.34%
Elapsed time = 2094.11 sec. (1225685.66 ticks, tree = 623.76 MB, solutions = 1)
 179091 132837   148855.0548   215   148579.4940   149078.4258  6121401    0.34%
 179690 133286   148887.9064   212   148579.4940   149077.8160  6141183    0.34%
 180233 133623        cutoff         148579.4940   149077.1985  6162951    0.33%
 180843 134043   148686.3562   274   148579.4940   149076.7100  6185526    0.33%
 181414 134425   148852.6452   290   148579.4940   149076.0839  6208071    0.33%
 181963 134819   149035.3250   248   148579.4940   149075.7083  6228788    0.33%
 182531 135217        cutoff         148579.4940   149075.3672  6248258    0.33%
 183073 135541   148759.6364   293   148579.4940   149074.7130  6270598    0.33%
 183621 135896   148594.8738   262   148579.4940   149074.1397  6292250    0.33%
 184205 136263   148774.4565   261   148579.4940   149073.5959  6313005    0.33%
Elapsed time = 2161.14 sec. (1264088.92 ticks, tree = 642.29 MB, solutions = 1)
 184793 136665   148623.1070   169   148579.4940   149073.1490  6333301    0.33%
 185261 136907   148618.7672   287   148579.4940   149072.1179  6354187    0.33%
 185793 137270   148895.1258   235   148579.4940   149071.5497  6374899    0.33%
 186327 137634   148603.6143   177   148579.4940   149070.9462  6396134    0.33%
 186887 138017   148954.6849   307   148579.4940   149070.4822  6415001    0.33%
 187466 138431   148981.8084   241   148579.4940   149069.9614  6436111    0.33%
 188019 138821   148988.7633   148   148579.4940   149069.4973  6457436    0.33%
 188548 139191   148773.6045   233   148579.4940   149069.2144  6477965    0.33%
 189122 139590   148684.4160   275   148579.4940   149068.5025  6500265    0.33%
 189715 140042   148945.1169   197   148579.4940   149068.1826  6521359    0.33%
Elapsed time = 2225.36 sec. (1302277.58 ticks, tree = 659.86 MB, solutions = 1)
 190334 140501   148707.1279   165   148579.4940   149067.7049  6543491    0.33%
 190892 140866   148764.6162   172   148579.4940   149067.1520  6566895    0.33%
 191443 141229   148949.3751   269   148579.4940   149066.8147  6589538    0.33%
 192076 141668   148828.9576   235   148579.4940   149066.1811  6612486    0.33%
 192671 142102   148611.8011   102   148579.4940   149065.7136  6634346    0.33%
 193255 142493   148802.1535   213   148579.4940   149065.0769  6658010    0.33%
 193886 142931   148826.3606   277   148579.4940   149064.6682  6680737    0.33%
 194531 143395   148580.0497   157   148579.4940   149064.1560  6703244    0.33%
 195102 143770   148599.4122   313   148579.4940   149063.6584  6726993    0.33%
 195613 144085   148785.5330   180   148579.4940   149063.1714  6749938    0.33%
Elapsed time = 2292.27 sec. (1340478.46 ticks, tree = 679.65 MB, solutions = 1)
 196163 144465   148635.2911   284   148579.4940   149062.7745  6771124    0.33%
 196755 144880   148838.7051   367   148579.4940   149062.3314  6792587    0.32%
 197240 145165        cutoff         148579.4940   149061.7176  6813639    0.32%
 197799 145522   148939.9673   318   148579.4940   149061.1593  6836452    0.32%
 198326 145875   148610.2680   203   148579.4940   149060.5794  6858371    0.32%
 198895 146249        cutoff         148579.4940   149060.1108  6880161    0.32%
 199449 146631   148692.1339   176   148579.4940   149059.6559  6900953    0.32%
 199954 146933   148791.7321   274   148579.4940   149059.0543  6923224    0.32%
 200484 147290        cutoff         148579.4940   149058.3258  6944228    0.32%
 200980 147617   148594.9581   329   148579.4940   149058.0547  6965135    0.32%
Elapsed time = 2357.50 sec. (1378771.96 ticks, tree = 696.10 MB, solutions = 1)
 201524 147971   148994.2483   250   148579.4940   149057.5584  6985072    0.32%
 202143 148423   148627.6227   141   148579.4940   149057.1398  7006674    0.32%
 202716 148800   148666.9346   162   148579.4940   149056.4411  7029134    0.32%
 203290 149205   148992.5313   235   148579.4940   149056.0339  7050223    0.32%
 203930 149663   148903.0573   273   148579.4940   149055.5757  7071998    0.32%
 204536 150071        cutoff         148579.4940   149054.7863  7095976    0.32%
 205138 150448   148592.8684   183   148579.4940   149054.1107  7119730    0.32%
 205690 150860   148691.3503   333   148579.4940   149053.7117  7142173    0.32%
 206290 151287   148706.3167   250   148579.4940   149053.2642  7164829    0.32%
 206912 151765   148645.2891   286   148579.4940   149052.8693  7189138    0.32%
Elapsed time = 2423.96 sec. (1416990.70 ticks, tree = 716.19 MB, solutions = 1)
 207529 152196   148796.1663   300   148579.4940   149052.4521  7211819    0.32%
 208063 152562   148921.4615   229   148579.4940   149052.0260  7230139    0.32%
 208683 152954   148689.6012   350   148579.4940   149051.5228  7253923    0.32%
 209259 153341   148690.1979   301   148579.4940   149050.7447  7276910    0.32%
 209880 153781   148900.2453   298   148579.4940   149050.3029  7300008    0.32%
 210490 154235   148907.7726   269   148579.4940   149049.8653  7320939    0.32%
 211041 154619   148754.2900   316   148579.4940   149049.4674  7341203    0.32%
 211623 155053        cutoff         148579.4940   149049.0711  7362816    0.32%
 212219 155461   148612.8957   299   148579.4940   149048.6163  7385314    0.32%
 212772 155793   148749.3134   258   148579.4940   149048.0965  7406186    0.32%
Elapsed time = 2488.31 sec. (1455374.32 ticks, tree = 735.59 MB, solutions = 1)
 213329 156152        cutoff         148579.4940   149047.5137  7426259    0.31%
 213931 156599   148761.0860   194   148579.4940   149047.0726  7447863    0.31%
 214490 156996   148873.1027   220   148579.4940   149046.6716  7468253    0.31%
 215030 157354        cutoff         148579.4940   149046.1792  7488742    0.31%
 215643 157756   148804.8258   231   148579.4940   149045.3303  7509871    0.31%
 216199 158149   148586.9146   123   148579.4940   149044.9631  7531201    0.31%
 216789 158533   148791.0114   311   148579.4940   149044.5430  7556132    0.31%
 217366 158918   148654.8704   287   148579.4940   149043.9742  7579691    0.31%
 217986 159372        cutoff         148579.4940   149043.5681  7601707    0.31%
 218553 159737   148876.0179   208   148579.4940   149043.0294  7622727    0.31%
Elapsed time = 2552.92 sec. (1493606.02 ticks, tree = 756.17 MB, solutions = 1)
 219141 160165   148609.0606   250   148579.4940   149042.6212  7642771    0.31%
 219664 160525   148876.3159   242   148579.4940   149042.2079  7663844    0.31%
 220254 160959   148674.9951   300   148579.4940   149041.8888  7682479    0.31%
 220841 161352   148821.9319   298   148579.4940   149041.3023  7704737    0.31%
 221412 161744   148945.8643   273   148579.4940   149040.7341  7725610    0.31%
 221970 162125   148768.3879   352   148579.4940   149040.4984  7747765    0.31%
 222594 162544        cutoff         148579.4940   149039.9296  7771705    0.31%
 223209 162939   148839.1592   202   148579.4940   149039.4660  7794606    0.31%
 223808 163368        cutoff         148579.4940   149039.1117  7814281    0.31%
 224392 163774   148845.8326   282   148579.4940   149038.6375  7837828    0.31%
Elapsed time = 2618.55 sec. (1531821.77 ticks, tree = 774.99 MB, solutions = 1)
 225017 164262   148955.3519   279   148579.4940   149038.4445  7858082    0.31%
 225569 164652   148842.3193   271   148579.4940   149038.0233  7879208    0.31%
 226116 165036   148616.8233   215   148579.4940   149037.6793  7899685    0.31%
 226678 165445   148641.6134   182   148579.4940   149037.3006  7918878    0.31%
 227185 165766   148806.2100   335   148579.4940   149036.8914  7940024    0.31%
 227677 166085   148615.7521   251   148579.4940   149036.4356  7959878    0.31%
 228230 166494   148759.3109   312   148579.4940   149036.1875  7978209    0.31%
 228727 166813   148637.8065   163   148579.4940   149035.7427  7995866    0.31%
 229230 167118   148644.4376   310   148579.4940   149035.3824  8015626    0.31%
 229832 167560   148669.3647   213   148579.4940   149035.0894  8034111    0.31%
Elapsed time = 2684.29 sec. (1570236.49 ticks, tree = 792.64 MB, solutions = 1)
 230363 167924   148925.0225   280   148579.4940   149034.6253  8054280    0.31%
 230890 168308   148819.7861   228   148579.4940   149034.3472  8074375    0.31%
 231481 168752   148695.8048   226   148579.4940   149034.0127  8094827    0.31%
 232017 169114   148684.9456   284   148579.4940   149033.4694  8116494    0.31%
 232534 169440   148671.8218   343   148579.4940   149032.9647  8136449    0.31%
 233125 169867   148626.1154   216   148579.4940   149032.5759  8157360    0.30%
 233690 170241   148709.0622   148   148579.4940   149032.1663  8177372    0.30%
 234229 170602   148598.9555   371   148579.4940   149031.8166  8199851    0.30%
 234797 170978        cutoff         148579.4940   149031.4465  8221726    0.30%
 235318 171314        cutoff         148579.4940   149030.9649  8244908    0.30%
Elapsed time = 2750.08 sec. (1608696.30 ticks, tree = 810.47 MB, solutions = 1)
 235871 171645        cutoff         148579.4940   149030.3997  8267174    0.30%
 236417 171984   148734.9027   192   148579.4940   149029.7335  8290333    0.30%
 236952 172338   148708.4893   374   148579.4940   149029.4690  8312954    0.30%
 237536 172767   148711.0033   187   148579.4940   149029.2352  8333617    0.30%
 238103 173092   148843.4800   181   148579.4940   149028.7424  8355444    0.30%
 238678 173480   148784.2484   235   148579.4940   149028.1961  8378563    0.30%
 239180 173798   148757.7201   320   148579.4940   149027.9677  8397521    0.30%
 239687 174111   148954.3249   321   148579.4940   149027.5599  8417188    0.30%
 240191 174431   148737.1400   253   148579.4940   149027.3028  8435302    0.30%
 240746 174776   148948.1720   281   148579.4940   149026.8427  8458500    0.30%
Elapsed time = 2815.03 sec. (1647045.28 ticks, tree = 827.27 MB, solutions = 1)
 241271 175118   148713.2371   185   148579.4940   149026.4635  8481172    0.30%
 241774 175438   148624.3311   251   148579.4940   149026.0555  8500889    0.30%
 242366 175872   148736.9318   201   148579.4940   149025.8198  8520741    0.30%
 242889 176206   148610.7289   108   148579.4940   149025.5032  8538952    0.30%
 243423 176575   148651.2985   166   148579.4940   149025.1338  8558958    0.30%
 243946 176928   148629.0677   241   148579.4940   149024.7075  8579978    0.30%
 244452 177198   148769.3493   217   148579.4940   149024.1007  8600141    0.30%
 245035 177592   148776.2328   231   148579.4940   149023.7496  8621806    0.30%
 245619 177963   148821.2815   205   148579.4940   149023.0872  8642485    0.30%
 246201 178342   148595.9237   189   148579.4940   149022.6982  8664198    0.30%
Elapsed time = 2880.15 sec. (1685211.97 ticks, tree = 843.92 MB, solutions = 1)
 246767 178719   148698.2622   261   148579.4940   149022.1662  8688370    0.30%
 247345 179061   148607.3903   321   148579.4940   149021.5792  8711507    0.30%
 247939 179468   148648.7579   145   148579.4940   149021.3028  8733000    0.30%
 248505 179864   148583.3071   322   148579.4940   149020.9647  8756482    0.30%
 249095 180265   148600.8398   274   148579.4940   149020.5881  8780092    0.30%
 249695 180678   148789.9176   284   148579.4940   149020.1367  8804629    0.30%
 250251 181025   148684.4837   294   148579.4940   149019.5458  8825952    0.30%
 250863 181485   148730.9529   178   148579.4940   149019.2432  8847889    0.30%
 251495 181903        cutoff         148579.4940   149018.8155  8868459    0.30%
 252061 182256   148609.2795   328   148579.4940   149018.2119  8889906    0.30%
Elapsed time = 2945.37 sec. (1723435.50 ticks, tree = 862.00 MB, solutions = 1)
 252645 182637   148931.9288   270   148579.4940   149017.7726  8912524    0.29%
 253250 183074        cutoff         148579.4940   149017.4543  8933727    0.29%
 253812 183437   148647.2032   251   148579.4940   149017.1218  8956103    0.29%
 254341 183777   148748.1292   191   148579.4940   149016.7499  8979110    0.29%
 254838 184092   148870.7247   187   148579.4940   149016.3569  8999829    0.29%
 255447 184534   148758.7239   144   148579.4940   149016.1039  9022386    0.29%
 256028 184924   148702.7993   135   148579.4940   149015.5834  9045112    0.29%
 256604 185279   148644.9776   208   148579.4940   149014.9896  9066437    0.29%
 257107 185614   148939.2628   258   148579.4940   149014.6700  9086931    0.29%
 257639 185989   148693.9629   271   148579.4940   149014.4094  9108836    0.29%
Elapsed time = 3010.20 sec. (1761714.26 ticks, tree = 879.42 MB, solutions = 1)
 258207 186366   148722.2069   257   148579.4940   149013.9553  9129669    0.29%
 258733 186708   148770.6402   377   148579.4940   149013.4772  9149907    0.29%
 259289 187067   148689.7939   203   148579.4940   149013.1152  9170904    0.29%
 259856 187464   148582.6159   180   148579.4940   149012.8324  9192335    0.29%
 260445 187874   148802.5967   244   148579.4940   149012.4264  9215184    0.29%
 260978 188176   148658.4695   322   148579.4940   149011.9389  9236149    0.29%
 261587 188597   148667.6410   146   148579.4940   149011.6190  9259531    0.29%
 262204 189023   148615.3625   291   148579.4940   149011.2707  9280481    0.29%
 262797 189454   148762.6104   214   148579.4940   149010.9837  9302401    0.29%
 263350 189794   148663.2036   128   148579.4940   149010.5883  9325377    0.29%
Elapsed time = 3073.59 sec. (1799897.81 ticks, tree = 898.67 MB, solutions = 1)
 263986 190216   148730.0863   289   148579.4940   149010.0686  9347650    0.29%
 264610 190671   148613.3102   283   148579.4940   149009.8102  9370312    0.29%
 265222 191122   148725.5446   266   148579.4940   149009.5518  9393858    0.29%
 265800 191537   148590.1685   238   148579.4940   149009.3073  9415816    0.29%
 266305 191803   148653.8794   167   148579.4940   149008.6134  9435496    0.29%
 266876 192186   148669.2043   253   148579.4940   149008.3472  9457661    0.29%
 267442 192587   148673.0363   266   148579.4940   149008.0197  9478876    0.29%
 268002 192956   148896.2738   283   148579.4940   149007.7404  9501321    0.29%
 268596 193322   148800.2449   166   148579.4940   149007.3150  9524501    0.29%
 269130 193621   148721.4454   294   148579.4940   149006.8444  9547927    0.29%
Elapsed time = 3137.85 sec. (1838226.61 ticks, tree = 916.55 MB, solutions = 1)
 269689 193971   148828.5308   193   148579.4940   149006.4043  9570643    0.29%
 270192 194314   148743.1796   166   148579.4940   149006.1733  9589060    0.29%
 270742 194651   148796.1440   198   148579.4940   149005.8402  9612960    0.29%
 271283 194992   148586.1411   204   148579.4940   149005.4683  9635969    0.29%
 271775 195295   148674.9438   326   148579.4940   149005.1382  9658130    0.29%
 272345 195630   148683.9516   332   148579.4940   149004.7258  9681677    0.29%
 272903 195956   148770.6666   292   148579.4940   149004.4215  9703207    0.29%
 273454 196319   148591.0441   163   148579.4940   149004.0916  9723859    0.29%
 273972 196644        cutoff         148579.4940   149003.8286  9743394    0.29%
 274475 196951   148600.2166   165   148579.4940   149003.4353  9763718    0.29%
Elapsed time = 3201.60 sec. (1876426.59 ticks, tree = 932.12 MB, solutions = 1)
 275030 197307   148780.6634   204   148579.4940   149003.0599  9784963    0.29%
 275575 197668   148714.7943   124   148579.4940   149002.7368  9806188    0.28%
 276145 198074   148821.8513   186   148579.4940   149002.4125  9826601    0.28%
 276704 198427   148706.7688   203   148579.4940   149002.0539  9849413    0.28%
 277262 198812        cutoff         148579.4940   149001.8085  9870411    0.28%
 277826 199166   148644.7940   174   148579.4940   149001.5036  9891258    0.28%
 278224 199430   148949.8573   254   148579.4940   149001.3370  9905029    0.28%
 278490 199610   148702.7321   328   148579.4940   149001.2236  9913687    0.28%
 278590 199670   148599.1313   239   148579.4940   149001.1449  9917971    0.28%
 278790 199778   148940.6448   256   148579.4940   149001.0244  9926594    0.28%
Elapsed time = 3280.95 sec. (1919959.84 ticks, tree = 945.33 MB, solutions = 1)
 278948 199871   148885.6644   224   148579.4940   149000.8991  9933387    0.28%
 279081 199948   148772.5004   201   148579.4940   149000.8243  9938308    0.28%
 279090 199957   148696.7524   197   148579.4940   149000.8243  9938546    0.28%
 279190 200023   148818.7168   250   148579.4940   149000.7871  9941891    0.28%
 279290 200095   148842.1309   229   148579.4940   149000.7389  9944767    0.28%
 279390 200167   148643.0006   176   148579.4940   149000.7014  9948410    0.28%
 279590 200280   148704.6396   141   148579.4940   149000.4925  9956327    0.28%
 279690 200346   148803.8766   250   148579.4940   149000.4222  9959925    0.28%
 279790 200417   148924.0444   252   148579.4940   149000.3838  9963561    0.28%
 280304 200753   148895.5569   193   148579.4940   149000.1019  9983865    0.28%
Elapsed time = 3393.43 sec. (1983778.44 ticks, tree = 949.90 MB, solutions = 1)
 280802 201079   148630.4951   146   148579.4940   148999.8286 10002817    0.28%
 281090 201267   148583.4660   257   148579.4940   148999.6256 10015093    0.28%
 281559 201585   148666.5916   267   148579.4940   148999.2405 10032977    0.28%
 282088 201907   148761.6188   227   148579.4940   148998.8625 10054381    0.28%
 282593 202251   148750.3813   263   148579.4940   148998.6149 10073672    0.28%
 283114 202596   148742.0182   170   148579.4940   148998.3253 10094736    0.28%
 283560 202888   148663.1753   284   148579.4940   148998.1031 10113091    0.28%
 284094 203229   148711.4757   210   148579.4940   148997.6747 10135053    0.28%
 284590 203587   148930.1642   179   148579.4940   148997.4800 10153985    0.28%
 285120 203968   148729.5353   266   148579.4940   148997.2665 10173046    0.28%
Elapsed time = 3460.83 sec. (2023327.14 ticks, tree = 965.07 MB, solutions = 1)
 285686 204296   148788.5695   246   148579.4940   148996.8022 10194759    0.28%
 286186 204596   148850.0045   245   148579.4940   148996.3147 10214846    0.28%
 286632 204907   148710.2148   153   148579.4940   148996.1786 10230998    0.28%
 287180 205243        cutoff         148579.4940   148995.7974 10251668    0.28%
 287742 205626   148683.5904   156   148579.4940   148995.5268 10272531    0.28%
 288277 205952   148769.3903   277   148579.4940   148995.2182 10292012    0.28%
 288792 206298   148776.7868   241   148579.4940   148995.0105 10310524    0.28%
 289186 206551   148596.7168   209   148579.4940   148994.7703 10326781    0.28%
 289690 206855   148643.9163   217   148579.4940   148994.4698 10343636    0.28%
 290180 207185        cutoff         148579.4940   148994.2522 10361149    0.28%
Elapsed time = 3527.79 sec. (2061780.29 ticks, tree = 980.12 MB, solutions = 1)
 290590 207427   148919.7468   192   148579.4940   148993.8192 10377052    0.28%
 291117 207800   148880.4911   277   148579.4940   148993.5835 10394471    0.28%
 291619 208123   148659.5773   173   148579.4940   148993.2652 10413971    0.28%
 292112 208422        cutoff         148579.4940   148992.9403 10433265    0.28%
 292646 208734   148823.0534   247   148579.4940   148992.5259 10454358    0.28%
 293160 209091   148641.8508   169   148579.4940   148992.2677 10470044    0.28%
 293668 209436   148602.2642   157   148579.4940   148991.8868 10487692    0.28%
 294167 209694   148856.9786   178   148579.4940   148991.4456 10510118    0.28%
 294602 209965   148597.8896   130   148579.4940   148991.0850 10527244    0.28%

Clique cuts applied:  3
Cover cuts applied:  1
Implied bound cuts applied:  159
Flow cuts applied:  263
Mixed integer rounding cuts applied:  845
Lift and project cuts applied:  150
Gomory fractional cuts applied:  89

Root node processing (before b&c):
  Real time             =    4.80 sec. (2516.81 ticks)
Sequential b&c:
  Real time             = 3595.21 sec. (2103326.56 ticks)
                          ------------
Total (root+branch&cut) = 3600.00 sec. (2105843.37 ticks)
