1 of 1 MIP starts provided solutions.
MIP start 'm1' defined initial solution with objective 65008.5523.
Tried aggregator 13 times.
MIP Presolve eliminated 1097 rows and 1 columns.
Aggregator did 5214 substitutions.
Reduced MIP has 7556 rows, 6459 columns, and 33468 nonzeros.
Reduced MIP has 1097 binaries, 0 generals, 0 SOSs, and 0 indicators.
Presolve time = 0.22 sec. (104.65 ticks)
Probing time = 0.02 sec. (5.20 ticks)
Tried aggregator 1 time.
Reduced MIP has 7556 rows, 6459 columns, and 33468 nonzeros.
Reduced MIP has 1097 binaries, 0 generals, 0 SOSs, and 0 indicators.
Presolve time = 0.04 sec. (16.38 ticks)
Probing time = 0.01 sec. (5.44 ticks)
Clique table members: 4201.
MIP emphasis: balance optimality and feasibility.
MIP search method: dynamic search.
Parallel mode: none, using 1 thread.
Root relaxation solution time = 0.17 sec. (109.40 ticks)

        Nodes                                         Cuts/
   Node  Left     Objective  IInf  Best Integer    Best Bound    ItCnt     Gap

*     0+    0                        65008.5523   252330.4856     6709  288.15%
      0     0    68344.3576   247    65008.5523    68344.3576     6709    5.13%
      0     0    66858.5217   271    65008.5523     Cuts: 550     7367    2.85%
      0     0    66350.2933   254    65008.5523     Cuts: 326     7763    2.06%
      0     0    66244.0652   271    65008.5523     Cuts: 224     8028    1.90%
      0     0    66205.2133   278    65008.5523     Cuts: 128     8147    1.84%
      0     0    66195.3474   265    65008.5523      Cuts: 52     8201    1.83%
      0     0    66192.6236   280    65008.5523      Cuts: 53     8244    1.82%
      0     0    66191.6540   287    65008.5523      Cuts: 11     8267    1.82%
      0     2    66191.6540   287    65008.5523    66191.2239     8267    1.82%
Elapsed time = 2.61 sec. (1467.42 ticks, tree = 0.00 MB, solutions = 1)
     30    32    65718.9439   183    65008.5523    66182.5696     9848    1.81%
     72    60    65009.1341   109    65008.5523    66182.5696    11670    1.81%
     97    83    65747.8094   193    65008.5523    66182.3048    12775    1.81%
    134   113    65146.1386   114    65008.5523    66182.3048    13798    1.81%
    167   140    65560.2568   210    65008.5523    66170.3803    15236    1.79%
    215   184    65597.7409   215    65008.5523    66134.6389    16737    1.73%
    245   211    66123.7774   258    65008.5523    66134.2232    17338    1.73%
    280   246    65356.5654   179    65008.5523    66134.2232    18423    1.73%
    325   286    65284.1299   172    65008.5523    66124.7273    20240    1.72%
    477   410    65459.3273   170    65008.5523    66118.6391    26478    1.71%
Elapsed time = 7.48 sec. (4610.53 ticks, tree = 2.28 MB, solutions = 1)
    625   538    65280.5988   174    65008.5523    66100.9768    32118    1.68%
    816   697    65934.9279   254    65008.5523    66056.3994    38941    1.61%
   1018   868    65552.4312   336    65008.5523    65552.1107    56342    0.84%
   1021   869    65531.3370   329    65008.5523    65530.9981    56528    0.80%
   1027   872    65307.0826   301    65008.5523    65529.4614    56919    0.80%
   1030   873    65015.2191   295    65008.5523    65529.4614    56939    0.80%
   1056   797    65067.8121   215    65008.5523    65525.9751    58092    0.80%
   1138   761    65113.9869   127    65008.5523    65478.5682    61101    0.72%
   1230   778    65248.8157   178    65008.5523    65465.0696    64251    0.70%
   1348   816    65009.2875    53    65008.5523    65459.9547    68408    0.69%
Elapsed time = 38.77 sec. (22571.28 ticks, tree = 3.58 MB, solutions = 1)
   1438   846    65263.7364   276    65008.5523    65454.0091    71695    0.69%
   1538   868    65057.8205   136    65008.5523    65451.1608    75918    0.68%
   1684   898    65323.4665   179    65008.5523    65430.7236    79926    0.65%
   1803   946    65096.4030   112    65008.5523    65424.7352    84186    0.64%
   1935   994    65079.4166   200    65008.5523    65418.9268    89204    0.63%
   2066  1053    65027.8899    93    65008.5523    65412.5927    93877    0.62%
   2194  1082    65077.0456   192    65008.5523    65409.7137    98652    0.62%
   2323  1100    65097.9032   108    65008.5523    65402.9648   103956    0.61%
   2439  1141    65200.9379   205    65008.5523    65397.0856   108628    0.60%
   2581  1248    65095.6732    58    65008.5523    65396.5275   113620    0.60%
Elapsed time = 54.72 sec. (32192.78 ticks, tree = 3.91 MB, solutions = 1)
   2713  1345    65162.7350   102    65008.5523    65392.9319   119773    0.59%
   2801  1405    65314.7070   247    65008.5523    65390.7859   123370    0.59%
   2944  1527    65064.4883   183    65008.5523    65389.7767   128626    0.59%
   3082  1625    65333.7829   211    65008.5523    65381.8616   134603    0.57%
   3235  1751    65087.9951   235    65008.5523    65380.6849   139400    0.57%
   3383  1865    65125.2640   189    65008.5523    65376.7095   144710    0.57%
   3529  1977    65113.2202   176    65008.5523    65374.4854   150148    0.56%
   3717  2138    65087.5540   186    65008.5523    65372.4312   155929    0.56%
   3838  2211    65010.2320   214    65008.5523    65369.5715   162126    0.56%
   4051  2388    65062.4730   257    65008.5523    65365.6667   168670    0.55%
Elapsed time = 70.92 sec. (41924.20 ticks, tree = 7.14 MB, solutions = 1)
   4193  2501    65318.9520   249    65008.5523    65363.3923   174069    0.55%
   4295  2580    65153.3662   259    65008.5523    65359.4297   178427    0.54%
   4385  2648    65039.9777   139    65008.5523    65355.6455   182058    0.53%
   4469  2690    65177.7644   148    65008.5523    65351.7619   187514    0.53%
   4575  2780    65046.7507   216    65008.5523    65351.1867   191278    0.53%
   4723  2879    65105.2698   161    65008.5523    65350.3075   197254    0.53%
   4846  2956    65176.9738   132    65008.5523    65345.6872   202586    0.52%
   4997  3067    65293.3553   163    65008.5523    65344.3017   208026    0.52%
   5106  3129    65107.2703   225    65008.5523    65340.5089   213309    0.51%
   5285  3274    65263.9830   196    65008.5523    65338.4633   219658    0.51%
Elapsed time = 87.61 sec. (51886.12 ticks, tree = 9.62 MB, solutions = 1)
   5437  3398    65048.8951    83    65008.5523    65336.9081   225499    0.51%
   5551  3467    65230.7653   190    65008.5523    65334.3295   232415    0.50%
   5730  3598    65082.0031    76    65008.5523    65332.7318   238282    0.50%
   5842  3687    65166.6558   268    65008.5523    65331.9398   242827    0.50%
   5964  3778    65219.7227   234    65008.5523    65331.0519   248174    0.50%
   6058  3852    65240.2380   160    65008.5523    65330.5359   252575    0.50%
   6189  3949    65202.6839   158    65008.5523    65329.4506   257483    0.49%
   6313  4047    65165.7635   157    65008.5523    65328.1640   262168    0.49%
   6429  4136    65036.1127   220    65008.5523    65326.6195   267154    0.49%
   6536  4189        cutoff          65008.5523    65322.5806   271988    0.48%
Elapsed time = 104.03 sec. (61640.22 ticks, tree = 12.19 MB, solutions = 1)
   6617  4217    65171.6801   235    65008.5523    65320.1971   277055    0.48%
   6700  4284    65114.3496   225    65008.5523    65319.5414   281279    0.48%
   6839  4350    65229.0849   234    65008.5523    65316.0172   286894    0.47%
   6980  4433    65208.7640   209    65008.5523    65314.1096   293195    0.47%
   7114  4514        cutoff          65008.5523    65311.7613   299070    0.47%
   7296  4650    65074.0942   118    65008.5523    65309.4486   305199    0.46%
   7429  4735    65079.6361    93    65008.5523    65308.8198   310931    0.46%
   7589  4829    65218.8048   133    65008.5523    65306.9987   318409    0.46%
   7732  4922    65118.5145   192    65008.5523    65305.9989   324826    0.46%
   7869  4999    65163.6331   148    65008.5523    65304.1174   331801    0.45%
Elapsed time = 120.38 sec. (71308.92 ticks, tree = 14.74 MB, solutions = 1)
   8038  5130    65148.2582   152    65008.5523    65302.8450   338389    0.45%
   8139  5172        cutoff          65008.5523    65301.6322   343576    0.45%
   8247  5232    65169.6648   211    65008.5523    65299.1595   348689    0.45%
   8349  5299    65135.9984   195    65008.5523    65297.7228   353671    0.44%
   8473  5371        cutoff          65008.5523    65296.3556   358508    0.44%
   8591  5453    65108.4850   201    65008.5523    65295.2250   363721    0.44%
   8707  5532    65113.2078   239    65008.5523    65294.4798   368516    0.44%
   8823  5585    65255.5650   163    65008.5523    65292.9643   374332    0.44%
   8967  5685        cutoff          65008.5523    65292.3589   379168    0.44%
   9098  5770    64991.5977   278    65008.5523    65291.7000   384494    0.44%
Elapsed time = 136.39 sec. (80928.04 ticks, tree = 17.00 MB, solutions = 1)
   9268  5884    65118.1961   194    65008.5523    65291.0086   390601    0.43%
   9467  6013    65223.3669   274    65008.5523    65289.5304   397340    0.43%
   9634  6131    65019.7462   154    65008.5523    65288.4672   403771    0.43%
   9749  6199    65048.7561   125    65008.5523    65286.6811   409706    0.43%
   9869  6264    65086.8854   141    65008.5523    65284.9560   415787    0.43%
  10008  6341    65262.3736   168    65008.5523    65283.0859   422638    0.42%
  10218  6482    65108.2634   125    65008.5523    65281.8781   429131    0.42%
  10387  6580    65096.9914   216    65008.5523    65280.2278   436438    0.42%
  10504  6642    65121.5981   206    65008.5523    65278.6549   443655    0.42%
  10691  6768    65214.3772   231    65008.5523    65277.7883   450479    0.41%
Elapsed time = 152.89 sec. (90678.53 ticks, tree = 20.84 MB, solutions = 1)
  10811  6841    65033.1616   196    65008.5523    65275.5995   455848    0.41%
  10941  6904    65203.7042   201    65008.5523    65273.8088   462669    0.41%
  11118  7011    65021.4295   194    65008.5523    65272.8866   469064    0.41%
  11198  7050    65064.3065   248    65008.5523    65272.2103   473458    0.41%
  11199  7051    65222.5886   283    65008.5523    65272.2023   473683    0.41%
  11200  7052    65491.0806   355    65008.5523    65272.2023   482290    0.41%
  11203  7052    65197.7982   346    65008.5523    65272.2023   482374    0.41%
  11210  7054    65176.4397   316    65008.5523    65272.2023   482744    0.41%
  11219  7053    65105.1564   295    65008.5523    65272.2023   483304    0.41%
  11254  6655    65016.4692   175    65008.5523    65272.2023   484324    0.41%
Elapsed time = 202.91 sec. (118185.95 ticks, tree = 20.77 MB, solutions = 1)
  11298  5454    65095.7678   305    65008.5523    65272.2023   487243    0.41%
  11354  4658    65106.6252   289    65008.5523    65272.2023   489953    0.41%
  11524  4057    65048.9668   205    65008.5523    65272.2023   495263    0.41%
  11840  3793    65156.6127   286    65008.5523    65272.2023   507646    0.41%
  12168  3695    65097.0787   149    65008.5523    65272.2023   524509    0.41%
  12414  3586    65264.0401   235    65008.5523    65272.2023   538772    0.41%
  12789  3602    65186.5945   166    65008.5523    65272.2023   556921    0.41%
  13208  3601    65279.6385   266    65008.5523    65272.2023   576088    0.41%
  13553  3630    65068.7560   185    65008.5523    65272.2023   596554    0.41%
  13975  3651    65088.1591   117    65008.5523    65267.2095   616836    0.40%
Elapsed time = 269.74 sec. (156464.91 ticks, tree = 10.74 MB, solutions = 1)
  14375  3661    65086.6818   211    65008.5523    65249.7130   637803    0.37%
  14755  3695    65030.9385   135    65008.5523    65238.3310   656119    0.35%
  15094  3698    65017.0328   163    65008.5523    65226.8766   675992    0.34%
  15415  3654    65134.8552   219    65008.5523    65214.9045   696667    0.32%
  15749  3691        cutoff          65008.5523    65208.2671   716498    0.31%
  16027  3670    65119.6064   167    65008.5523    65201.7853   735918    0.30%
  16327  3595    65059.7850   170    65008.5523    65194.2022   755333    0.29%
  16645  3509    65107.0874   248    65008.5523    65186.2988   778694    0.27%
  16933  3471    65019.6063   167    65008.5523    65181.5693   795671    0.27%
  17277  3396    65064.3605   265    65008.5523    65174.4219   815557    0.26%
Elapsed time = 337.85 sec. (194834.02 ticks, tree = 9.17 MB, solutions = 1)
  17646  3468    65031.8460   117    65008.5523    65168.8893   838625    0.25%
  17966  3533        cutoff          65008.5523    65160.6951   861164    0.23%
  18355  3600    65099.1447   115    65008.5523    65152.3068   886465    0.22%
  18688  3669        cutoff          65008.5523    65146.8398   904695    0.21%
  19052  3751        cutoff          65008.5523    65140.6076   929655    0.20%
  19435  3820    65057.9888   240    65008.5523    65134.3302   952045    0.19%
  19876  3910    65055.9520   275    65008.5523    65129.3718   974302    0.19%
  20309  3926    65056.1251   246    65008.5523    65121.0273  1000763    0.17%
  20688  3961    65094.6396    91    65008.5523    65115.6833  1020285    0.16%
  21075  4005        cutoff          65008.5523    65110.7666  1038979    0.16%
Elapsed time = 406.54 sec. (233277.13 ticks, tree = 10.69 MB, solutions = 1)
  21529  4010    65070.8880   149    65008.5523    65104.5013  1061257    0.15%
  21899  3986    65027.1211   125    65008.5523    65098.8546  1081401    0.14%
  22170  3926    65052.4124   229    65008.5523    65094.9201  1101594    0.13%
  22546  3807    65034.5542   117    65008.5523    65088.3620  1126439    0.12%
  22895  3646    65014.5614   166    65008.5523    65082.2105  1150736    0.11%
  23277  3479    65037.2510   107    65008.5523    65075.8140  1173082    0.10%
  23694  3274    65019.9514   117    65008.5523    65068.1229  1198592    0.09%
  24239  2962    65016.6043   231    65008.5523    65059.9356  1223983    0.08%
  24810  2575    65022.7108    80    65008.5523    65051.9698  1246999    0.07%
  25602  1965        cutoff          65008.5523    65040.0783  1270429    0.05%
Elapsed time = 475.33 sec. (271607.03 ticks, tree = 5.43 MB, solutions = 1)
  26424  1234        cutoff          65008.5523    65028.1111  1288801    0.03%

Implied bound cuts applied:  75
Flow cuts applied:  73
Mixed integer rounding cuts applied:  285
Lift and project cuts applied:  170
Gomory fractional cuts applied:  51

Root node processing (before b&c):
  Real time             =    2.57 sec. (1447.70 ticks)
Sequential b&c:
  Real time             =  488.38 sec. (278010.65 ticks)
                          ------------
Total (root+branch&cut) =  490.95 sec. (279458.34 ticks)
