1 of 1 MIP starts provided solutions.
MIP start 'm1' defined initial solution with objective 101656.1601.
Tried aggregator 15 times.
MIP Presolve eliminated 1445 rows and 1 columns.
Aggregator did 6922 substitutions.
Reduced MIP has 10009 rows, 8565 columns, and 44419 nonzeros.
Reduced MIP has 1444 binaries, 0 generals, 0 SOSs, and 0 indicators.
Presolve time = 0.32 sec. (153.28 ticks)
Probing time = 0.02 sec. (5.89 ticks)
Tried aggregator 1 time.
Reduced MIP has 10009 rows, 8565 columns, and 44419 nonzeros.
Reduced MIP has 1444 binaries, 0 generals, 0 SOSs, and 0 indicators.
Presolve time = 0.06 sec. (21.63 ticks)
Probing time = 0.01 sec. (6.07 ticks)
Clique table members: 4783.
MIP emphasis: balance optimality and feasibility.
MIP search method: dynamic search.
Parallel mode: none, using 1 thread.
Root relaxation solution time = 0.24 sec. (140.35 ticks)

        Nodes                                         Cuts/
   Node  Left     Objective  IInf  Best Integer    Best Bound    ItCnt     Gap

*     0+    0                       101656.1601   370516.5436     7785  264.48%
      0     0   107105.8287   339   101656.1601   107105.8287     7785    5.36%
      0     0   105037.8870   382   101656.1601     Cuts: 655     8883    3.33%
      0     0   104283.1510   355   101656.1601     Cuts: 375     9593    2.58%
      0     0   104059.9271   409   101656.1601     Cuts: 310    10075    2.36%
      0     0   103989.1359   413   101656.1601     Cuts: 150    10232    2.29%
      0     0   103934.6747   419   101656.1601     Cuts: 108    10335    2.24%
      0     0   103909.2787   440   101656.1601      Cuts: 68    10408    2.22%
      0     0   103903.2622   430   101656.1601      Cuts: 45    10461    2.21%
      0     0   103900.0848   434   101656.1601      Cuts: 30    10487    2.21%
      0     0   103894.9338   435   101656.1601      Cuts: 21    10508    2.20%
      0     2   103894.9338   435   101656.1601   103890.6507    10508    2.20%
Elapsed time = 3.81 sec. (2126.56 ticks, tree = 0.00 MB, solutions = 1)
     10    12   103105.5897   381   101656.1601   103836.1825    11081    2.14%
     32    34   103218.2325   290   101656.1601   103836.1825    12128    2.14%
     73    71   101815.2969   222   101656.1601   103836.1825    13583    2.14%
    112    91        cutoff         101656.1601   103829.8053    14560    2.14%
    140   119   102813.8096   304   101656.1601   103829.8053    16555    2.14%
    180   155   102112.1783   217   101656.1601   103829.8053    17598    2.14%
    230   183   103600.3684   417   101656.1601   103827.1875    18288    2.14%
    280   233   102425.5223   296   101656.1601   103827.1875    19419    2.14%
    340   282   103541.9960   402   101656.1601   103806.4276    20235    2.12%
    498   431   102898.8796   452   101656.1601   102898.7476    36378    1.22%
Elapsed time = 27.15 sec. (14775.96 ticks, tree = 1.95 MB, solutions = 1)
    500   433   102871.6153   448   101656.1601   102881.8592    36669    1.21%
    503   434   102216.4183   387   101656.1601   102881.8592    37198    1.21%
    508   435   102190.8695   382   101656.1601   102881.8592    37590    1.21%
    515   434   102179.6850   369   101656.1601   102881.8592    37644    1.21%
    547   376   101972.4297   294   101656.1601   102881.8592    38971    1.21%
    575   367        cutoff         101656.1601   102864.7336    41486    1.19%
    633   342   101811.8495   406   101656.1601   102831.7627    43458    1.16%
    698   369   102818.3933   410   101656.1601   102826.5938    46523    1.15%
    745   392   102692.8901   321   101656.1601   102826.5938    48629    1.15%
    792   412   101915.4825   376   101656.1601   102819.6590    52315    1.14%
Elapsed time = 43.10 sec. (25335.38 ticks, tree = 6.09 MB, solutions = 1)
    894   438   101795.8085   368   101656.1601   102819.3514    56830    1.14%
   1008   462   102209.5829   378   101656.1601   102803.5009    60875    1.13%
   1138   505   101714.0472   241   101656.1601   102790.7664    65394    1.12%
   1283   636   101851.2892   132   101656.1601   102789.5940    69202    1.11%
   1458   774   102127.6147   255   101656.1601   102787.1517    74702    1.11%
   1590   896   101800.6508   264   101656.1601   102782.4195    77982    1.11%
   1760  1038   102613.7874   347   101656.1601   102776.7676    82908    1.10%
   1898  1165   101716.4135   317   101656.1601   102775.6796    86426    1.10%
   2015  1263   101851.9458   199   101656.1601   102768.4415    90896    1.09%
   2160  1384   101801.9606   343   101656.1601   102755.8490    95076    1.08%
Elapsed time = 58.25 sec. (35070.49 ticks, tree = 9.63 MB, solutions = 1)
   2314  1527   102261.1809   279   101656.1601   102745.2303   100030    1.07%
   2491  1688   102333.0357   317   101656.1601   102733.6190   105164    1.06%
   2678  1852   102547.2207   289   101656.1601   102722.5194   112346    1.05%
   2898  2048   101683.8794   320   101656.1601   102706.7112   117826    1.03%
   3054  2173   102100.8213   266   101656.1601   102688.2735   124014    1.02%
   3273  2377   101977.6129   238   101656.1601   102681.2775   129734    1.01%
   3430  2519   101824.0241   200   101656.1601   102672.1293   134403    1.00%
   3600  2651   101682.7388   281   101656.1601   102665.8734   139477    0.99%
   3773  2784   101809.5607   201   101656.1601   102663.8785   146445    0.99%
   3916  2914   102003.6694   255   101656.1601   102661.4286   151172    0.99%
Elapsed time = 74.32 sec. (45175.01 ticks, tree = 15.22 MB, solutions = 1)
   4042  3025   101857.0326   265   101656.1601   102658.5770   156024    0.99%
   4196  3146   102103.3706   280   101656.1601   102654.6623   161088    0.98%
   4387  3310   101848.3346   171   101656.1601   102635.6875   167918    0.96%
   4555  3446   102217.1016   243   101656.1601   102630.6482   174402    0.96%
   4751  3625   101829.2021   239   101656.1601   102624.4589   180605    0.95%
   4904  3755   102068.7052   194   101656.1601   102620.7635   186706    0.95%
   5090  3907   102044.8405   272   101656.1601   102615.9513   192924    0.94%
   5242  4033   101658.6080   170   101656.1601   102608.2399   197383    0.94%
   5349  4130   101892.5755   209   101656.1601   102603.0318   202709    0.93%
   5508  4264   102492.2819   288   101656.1601   102596.5246   208451    0.93%
Elapsed time = 89.57 sec. (54800.77 ticks, tree = 20.22 MB, solutions = 1)
   5651  4385   101675.5856   337   101656.1601   102594.7387   214071    0.92%
   5747  4454        cutoff         101656.1601   102586.9128   218897    0.92%
   5902  4588   102156.5701   198   101656.1601   102584.5003   223560    0.91%
   6076  4742   102103.6659   320   101656.1601   102580.8016   228018    0.91%
   6288  4923   102310.9879   325   101656.1601   102579.3494   234047    0.91%
   6490  5079   101762.5162   222   101656.1601   102575.8061   241524    0.90%
   6627  5169   102353.8664   263   101656.1601   102566.5642   249657    0.90%
   6786  5296   102332.4862   278   101656.1601   102556.5948   256572    0.89%
   6957  5427   101711.7716   255   101656.1601   102555.6899   262492    0.88%
   7124  5556   102114.1279   244   101656.1601   102551.2897   269295    0.88%
Elapsed time = 105.53 sec. (64403.82 ticks, tree = 24.92 MB, solutions = 1)
   7263  5667   102378.9012   291   101656.1601   102545.6012   274616    0.87%
   7435  5814   101844.3539   291   101656.1601   102544.6556   278937    0.87%
   7550  5905   101957.3351   286   101656.1601   102539.4853   284658    0.87%
   7687  6014        cutoff         101656.1601   102538.7441   289605    0.87%
   7821  6128   101992.5490   290   101656.1601   102535.8640   294304    0.87%
   7929  6208   101690.2901   243   101656.1601   102534.7475   299149    0.86%
   8059  6305   102251.2824   279   101656.1601   102529.5883   304525    0.86%
   8217  6442   101840.2520   317   101656.1601   102525.1477   310558    0.85%
   8390  6576   101946.7785   255   101656.1601   102521.1805   316017    0.85%
   8569  6732   101739.2825   199   101656.1601   102518.1737   321644    0.85%
Elapsed time = 121.50 sec. (74231.97 ticks, tree = 29.19 MB, solutions = 1)
   8768  6903   102392.7220   264   101656.1601   102517.9958   328179    0.85%
   8918  7005   101719.4481   193   101656.1601   102512.4654   334910    0.84%
   9097  7139   102134.6846   303   101656.1601   102509.0044   341198    0.84%
   9251  7245   101832.6629   299   101656.1601   102502.7236   347456    0.83%
   9411  7381   101871.8397   293   101656.1601   102501.6444   353736    0.83%
   9567  7480   102364.5716   308   101656.1601   102496.0766   360437    0.83%
   9749  7638   101816.0901   341   101656.1601   102493.8533   366410    0.82%
   9868  7734   101810.5648   250   101656.1601   102490.1891   370885    0.82%
  10008  7820   102417.2206   351   101656.1601   102484.8859   377452    0.82%
  10105  7906   101749.4602   282   101656.1601   102481.3375   381423    0.81%
Elapsed time = 137.18 sec. (83978.17 ticks, tree = 33.45 MB, solutions = 1)
  10260  8005   101904.0075   254   101656.1601   102478.0254   387713    0.81%
  10419  8112   101956.5914   305   101656.1601   102475.4282   394288    0.81%
  10458  8147   101703.3955   249   101656.1601   102475.4282   395079    0.81%
  10594  8247   101758.4528   193   101656.1601   102472.3239   400683    0.80%
  10775  8403   101781.8671   161   101656.1601   102471.6792   405872    0.80%
  10935  8533   101716.1647   203   101656.1601   102470.4188   410578    0.80%
  11111  8684   101731.9313   173   101656.1601   102468.2627   416241    0.80%
  11283  8811   102051.7127   289   101656.1601   102466.1300   423578    0.80%
  11494  8965        cutoff         101656.1601   102463.9884   429900    0.79%
  11672  9103   102178.7187   251   101656.1601   102461.5040   437748    0.79%
Elapsed time = 159.88 sec. (97784.51 ticks, tree = 38.05 MB, solutions = 1)
  11858  9249   102105.1351   344   101656.1601   102459.1452   444631    0.79%
  12036  9396   102265.6929   284   101656.1601   102457.0420   451483    0.79%
  12240  9569   101918.2939   186   101656.1601   102455.6414   457987    0.79%
  12438  9723   101822.8711   268   101656.1601   102453.8482   463694    0.78%
  12570  9813   102194.8388   258   101656.1601   102449.4069   470617    0.78%
  12768  9980   101996.6616   233   101656.1601   102447.6514   476136    0.78%
  12965 10128   101855.0161   172   101656.1601   102443.4292   482459    0.77%
  13127 10250   102208.8293   296   101656.1601   102439.1713   488640    0.77%
  13318 10424   101734.9677    98   101656.1601   102438.7931   493679    0.77%
  13892 10879   102136.1489   292   101656.1601   102433.9113   515586    0.77%
Elapsed time = 180.24 sec. (110284.80 ticks, tree = 44.50 MB, solutions = 1)
  14482 11321   102021.4978   313   101656.1601   102422.6105   537692    0.75%
  15216 11895   102029.1112   295   101656.1601   102415.3500   561875    0.75%
  16018 12519   101706.3546   193   101656.1601   102409.1100   587244    0.74%
  16612 12936   102042.8401   248   101656.1601   102398.8603   610068    0.73%
  17172 13350   101714.7577   276   101656.1601   102388.5210   631816    0.72%
  17757 13777   101909.7918   250   101656.1601   102381.8871   652758    0.71%
  18437 14227   101674.3646   117   101656.1601   102377.2414   674603    0.71%
  19110 14700   101857.1189   214   101656.1601   102369.5385   700828    0.70%
  19872 15215   102105.1397   274   101656.1601   102358.7001   727517    0.69%
  20553 15726   101988.7555   276   101656.1601   102354.9956   749028    0.69%
Elapsed time = 240.95 sec. (148569.99 ticks, tree = 62.19 MB, solutions = 1)
  21225 16198   101992.3421   298   101656.1601   102349.8086   772233    0.68%
  21875 16678   101763.8154   265   101656.1601   102344.3432   792307    0.68%
  22558 17128   101828.6249   216   101656.1601   102338.4277   817270    0.67%
  23215 17559        cutoff         101656.1601   102333.5732   841257    0.67%
  23903 18036        cutoff         101656.1601   102326.4530   867238    0.66%
  24524 18516   101966.1507   296   101656.1601   102321.9933   888610    0.65%
  25222 18997   101961.2212   259   101656.1601   102314.4773   914264    0.65%
  25869 19415        cutoff         101656.1601   102306.1153   936628    0.64%
  26538 19828   101863.6348   253   101656.1601   102298.3871   961793    0.63%
  27169 20190        cutoff         101656.1601   102288.6273   990138    0.62%
Elapsed time = 302.48 sec. (186793.07 ticks, tree = 79.22 MB, solutions = 1)
  27943 20729        cutoff         101656.1601   102282.8320  1017818    0.62%
  28606 21107        cutoff         101656.1601   102273.4156  1046194    0.61%
  29210 21494   101925.2819   323   101656.1601   102269.8098  1069891    0.60%
  29834 21857        cutoff         101656.1601   102263.0626  1094492    0.60%
  30381 22146   101712.2189   273   101656.1601   102258.7852  1117347    0.59%
  31060 22539   102078.9714   319   101656.1601   102253.1169  1145679    0.59%
  31708 22932   101941.9169   270   101656.1601   102247.2352  1172241    0.58%
  32437 23417        cutoff         101656.1601   102243.6553  1201042    0.58%
  33074 23841   101752.9138   300   101656.1601   102239.6058  1225873    0.57%
  33708 24181   101692.2966   236   101656.1601   102233.5889  1251203    0.57%
Elapsed time = 366.57 sec. (225183.47 ticks, tree = 94.01 MB, solutions = 1)
  34353 24564        cutoff         101656.1601   102229.2393  1275977    0.56%
  34928 24863   101817.4180   259   101656.1601   102225.0427  1300149    0.56%
  35632 25268   101671.5403   259   101656.1601   102220.0479  1324814    0.55%
  36388 25796   101706.3927   145   101656.1601   102216.3642  1351697    0.55%
  37138 26251   101782.6393   242   101656.1601   102211.0300  1380252    0.55%
  37806 26601   102063.8154   267   101656.1601   102205.5089  1408572    0.54%
  38489 27030   102029.3620   210   101656.1601   102201.4797  1433479    0.54%
  39082 27339        cutoff         101656.1601   102197.8017  1458070    0.53%
  39659 27591   101664.4471   188   101656.1601   102190.9982  1483438    0.53%
  40275 27872   101668.1599   159   101656.1601   102185.4921  1508165    0.52%
Elapsed time = 430.90 sec. (263486.25 ticks, tree = 107.59 MB, solutions = 1)
  40962 28302   101675.3537   200   101656.1601   102181.3350  1533695    0.52%
  41619 28667   101798.4383   248   101656.1601   102176.9850  1560120    0.51%
  42246 28975   101691.8442   213   101656.1601   102172.7958  1586962    0.51%
  42916 29338   101889.9906   345   101656.1601   102168.6663  1612614    0.50%
  43418 29554   101788.9360   230   101656.1601   102164.2161  1635784    0.50%
  43960 29799   101903.3689   270   101656.1601   102160.2862  1659779    0.50%
  44629 30193   101742.2252   308   101656.1601   102157.0076  1683769    0.49%
  45151 30450   101690.0772   103   101656.1601   102154.0904  1707029    0.49%
  45744 30772        cutoff         101656.1601   102151.4426  1731353    0.49%
  46368 31133   101759.7045   235   101656.1601   102147.4140  1757421    0.48%
Elapsed time = 495.71 sec. (301737.35 ticks, tree = 119.59 MB, solutions = 1)
  47089 31512   101770.3622   241   101656.1601   102141.9666  1784886    0.48%
  47739 31835   101693.0815   250   101656.1601   102138.1764  1811834    0.47%
  48412 32197   101878.0321   192   101656.1601   102134.7888  1840286    0.47%
  49083 32598   101737.4925   183   101656.1601   102132.8900  1864374    0.47%
  49664 32804   101871.3799   241   101656.1601   102128.2494  1891009    0.46%
  50355 33176   101755.5570   228   101656.1601   102124.2911  1915698    0.46%
  50969 33560   101690.1542   218   101656.1601   102121.5901  1940106    0.46%
  51631 33860        cutoff         101656.1601   102117.6976  1967266    0.45%
  52336 34236   101938.5098   219   101656.1601   102114.1918  1994435    0.45%
  53033 34533   101840.6920   249   101656.1601   102108.7032  2024614    0.45%
Elapsed time = 561.89 sec. (339950.50 ticks, tree = 132.83 MB, solutions = 1)
  53784 34981   101736.0451   164   101656.1601   102105.3389  2051396    0.44%
  54519 35367   101674.4070   314   101656.1601   102102.0395  2080029    0.44%
  55104 35575   101670.9789   175   101656.1601   102098.1590  2105065    0.43%
  55793 35925   101839.1588   257   101656.1601   102094.9970  2131987    0.43%
  56392 36208   101793.0700   357   101656.1601   102090.3416  2157749    0.43%
  56941 36449   101853.6684   212   101656.1601   102087.1009  2181396    0.42%
  57611 36791        cutoff         101656.1601   102083.5281  2205696    0.42%
  58196 37013        cutoff         101656.1601   102079.1175  2230038    0.42%
  58882 37374   101819.5482   207   101656.1601   102075.5012  2256274    0.41%
  59498 37671   101840.3082   247   101656.1601   102072.3867  2280869    0.41%
Elapsed time = 627.40 sec. (378208.61 ticks, tree = 144.79 MB, solutions = 1)
  60069 37896   101783.5908   277   101656.1601   102068.0893  2305895    0.41%
  60715 38182   101695.9336   179   101656.1601   102065.9112  2330759    0.40%
  61248 38342   101741.9831   252   101656.1601   102062.2536  2354692    0.40%
  61812 38625   101803.8690   239   101656.1601   102059.3288  2379230    0.40%
  62356 38869   101665.8160   257   101656.1601   102056.0453  2403082    0.39%
  62897 39105   101752.8131   214   101656.1601   102053.1108  2426637    0.39%
  63412 39319        cutoff         101656.1601   102049.8411  2450302    0.39%
  63950 39568   101731.9859   247   101656.1601   102047.3514  2473467    0.38%
  64598 39841   101816.3217   208   101656.1601   102043.9212  2499690    0.38%
  65272 40188   101720.3141   215   101656.1601   102041.0222  2526245    0.38%
Elapsed time = 693.65 sec. (416527.32 ticks, tree = 153.87 MB, solutions = 1)
  65880 40405        cutoff         101656.1601   102037.3745  2552768    0.38%
  66496 40651   101661.4244   191   101656.1601   102034.5239  2579287    0.37%
  67093 40939   101907.5750   273   101656.1601   102032.0069  2604813    0.37%
  67672 41153   101904.0900   200   101656.1601   102028.6988  2631307    0.37%
  68181 41293        cutoff         101656.1601   102025.5250  2656293    0.36%
  68778 41509        cutoff         101656.1601   102022.3392  2682273    0.36%
  69263 41677   101717.6370   262   101656.1601   102019.7296  2704521    0.36%
  69877 41969   101787.7952   182   101656.1601   102018.0999  2728966    0.36%
  70470 42238   101769.3164   149   101656.1601   102015.4985  2753569    0.35%
  71017 42413   101793.0735   205   101656.1601   102012.7492  2779165    0.35%
Elapsed time = 758.69 sec. (454823.71 ticks, tree = 162.13 MB, solutions = 1)
  71648 42653   101729.7056   240   101656.1601   102009.8757  2805693    0.35%
  72233 42881        cutoff         101656.1601   102006.7223  2832637    0.34%
  72767 43011        cutoff         101656.1601   102003.8231  2856636    0.34%
  73348 43220   101715.8244   228   101656.1601   102001.2533  2880638    0.34%
  73963 43456   101720.9274   222   101656.1601   101998.4882  2905603    0.34%
  74549 43623   101739.7489   307   101656.1601   101995.8009  2931341    0.33%
  75048 43700   101916.2499   277   101656.1601   101992.9495  2957041    0.33%
  75586 43858   101816.6784   168   101656.1601   101990.3007  2978660    0.33%
  76156 44083        cutoff         101656.1601   101987.8615  3003024    0.33%
  76672 44180   101837.6307   221   101656.1601   101985.0815  3028415    0.32%
Elapsed time = 825.38 sec. (493060.50 ticks, tree = 168.99 MB, solutions = 1)
  77234 44361   101663.5343   257   101656.1601   101982.5002  3051964    0.32%
  77903 44623   101876.1357   246   101656.1601   101980.4025  3077622    0.32%
  78494 44796   101781.5113   193   101656.1601   101977.6670  3102346    0.32%
  79037 44882   101814.8082   255   101656.1601   101974.5754  3126886    0.31%
  79635 45056        cutoff         101656.1601   101972.1111  3153759    0.31%
  80194 45164   101671.3655   242   101656.1601   101968.6856  3179375    0.31%
  80808 45338   101814.6400   201   101656.1601   101966.0111  3204114    0.30%
  81390 45438   101726.8675   279   101656.1601   101963.3547  3229537    0.30%
  81918 45553   101674.1275   211   101656.1601   101960.7570  3253204    0.30%
  82464 45750   101720.5564   281   101656.1601   101959.0186  3276987    0.30%
Elapsed time = 890.81 sec. (531616.06 ticks, tree = 175.13 MB, solutions = 1)
  83028 45826   101882.8812   170   101656.1601   101956.1129  3302675    0.30%
  83603 46040   101694.9396   259   101656.1601   101954.2281  3326223    0.29%
  84139 46129   101705.3833    57   101656.1601   101951.4088  3350567    0.29%
  84724 46281   101746.4951   201   101656.1601   101949.3092  3376496    0.29%
  85278 46385   101703.5900   212   101656.1601   101946.8001  3400804    0.29%
  85840 46456        cutoff         101656.1601   101943.9776  3425664    0.28%
  86402 46517        cutoff         101656.1601   101941.4202  3453286    0.28%
  87015 46633   101759.0510   232   101656.1601   101939.1813  3479711    0.28%
  87588 46786        cutoff         101656.1601   101937.7332  3504953    0.28%
  88128 46911   101719.8137   212   101656.1601   101935.6653  3531127    0.27%
Elapsed time = 956.75 sec. (569830.47 ticks, tree = 179.65 MB, solutions = 1)
  88654 46963   101723.1065   218   101656.1601   101933.1461  3557329    0.27%
  89225 47032   101755.9404   182   101656.1601   101930.2998  3584335    0.27%
  89775 47047   101729.7765   226   101656.1601   101927.3684  3608795    0.27%
  90331 47049        cutoff         101656.1601   101924.5625  3635673    0.26%
  90886 46984   101837.1976   215   101656.1601   101921.2338  3663383    0.26%
  91416 46989   101754.9707   199   101656.1601   101918.5392  3687062    0.26%
  91908 46979   101726.3558   282   101656.1601   101915.9451  3711513    0.26%
  92426 47008   101733.7131   262   101656.1601   101913.7419  3734400    0.25%
  92999 47024        cutoff         101656.1601   101911.2086  3759656    0.25%
  93591 47043   101812.4066   192   101656.1601   101908.8702  3787010    0.25%
Elapsed time = 1025.38 sec. (608365.00 ticks, tree = 180.14 MB, solutions = 1)
  94248 47170   101775.6196   193   101656.1601   101906.5241  3816221    0.25%
  94816 47211   101679.0830   274   101656.1601   101904.2483  3842409    0.24%
  95416 47252        cutoff         101656.1601   101901.8121  3868614    0.24%
  95966 47182        cutoff         101656.1601   101899.1299  3894389    0.24%
  96558 47287   101660.5645   202   101656.1601   101897.1244  3919752    0.24%
  97054 47378   101811.0439   236   101656.1601   101895.3389  3941052    0.24%
  97630 47418        cutoff         101656.1601   101893.3032  3965768    0.23%
  98183 47410   101708.2262   166   101656.1601   101891.1978  3991316    0.23%
  98766 47416   101737.5015   226   101656.1601   101888.9636  4015849    0.23%
  99393 47449   101669.5765   390   101656.1601   101886.9357  4042463    0.23%
Elapsed time = 1093.72 sec. (646843.62 ticks, tree = 180.66 MB, solutions = 1)
  99983 47368   101681.5319   219   101656.1601   101884.2319  4070058    0.22%
 100606 47413   101686.5827   212   101656.1601   101882.0395  4096196    0.22%
 101245 47495        cutoff         101656.1601   101880.1197  4122551    0.22%
 101866 47490        cutoff         101656.1601   101877.9365  4150738    0.22%
 102496 47492   101845.2696   190   101656.1601   101875.7260  4177395    0.22%
 103143 47608   101829.5971   196   101656.1601   101873.9432  4203655    0.21%
 103807 47601        cutoff         101656.1601   101871.8251  4228658    0.21%
 104419 47612   101724.5940   186   101656.1601   101869.8037  4255272    0.21%
 104964 47561        cutoff         101656.1601   101867.5354  4279879    0.21%
 105515 47482   101765.4281   204   101656.1601   101865.4488  4304152    0.21%
Elapsed time = 1161.20 sec. (685074.58 ticks, tree = 179.94 MB, solutions = 1)
 106085 47432   101764.4935   220   101656.1601   101863.4814  4329063    0.20%
 106732 47422   101788.0740   212   101656.1601   101861.3749  4354458    0.20%
 107278 47434   101722.1248   180   101656.1601   101859.7928  4377116    0.20%
 107918 47441   101749.4484   173   101656.1601   101857.8860  4404235    0.20%
 108468 47395   101777.3313   215   101656.1601   101856.1197  4429934    0.20%
 109094 47428   101712.5616   203   101656.1601   101854.3438  4456300    0.19%
 109658 47377        cutoff         101656.1601   101852.3081  4482710    0.19%
 110257 47242   101760.8055   168   101656.1601   101849.9673  4509863    0.19%
 110890 47164        cutoff         101656.1601   101847.8782  4536154    0.19%
 111536 47104        cutoff         101656.1601   101845.8492  4564963    0.19%
Elapsed time = 1228.13 sec. (723263.91 ticks, tree = 177.71 MB, solutions = 1)
 112236 47109   101665.4084   131   101656.1601   101844.0003  4591299    0.18%
 112883 47025   101734.6405   206   101656.1601   101842.0760  4619310    0.18%
 113574 47004   101670.3274   266   101656.1601   101840.2638  4646944    0.18%
 114194 46863   101698.6409   210   101656.1601   101838.0918  4673803    0.18%
 114835 46721   101680.4630   157   101656.1601   101835.8038  4699446    0.18%
 115512 46735        cutoff         101656.1601   101834.0612  4728348    0.18%
 116156 46647        cutoff         101656.1601   101832.0945  4752915    0.17%
 116794 46599   101660.9338   219   101656.1601   101830.3495  4778905    0.17%
 117400 46464        cutoff         101656.1601   101828.2478  4801680    0.17%
 118077 46398   101733.1674   106   101656.1601   101826.3241  4828786    0.17%
Elapsed time = 1295.41 sec. (761737.09 ticks, tree = 175.01 MB, solutions = 1)
 118757 46329        cutoff         101656.1601   101824.4676  4853587    0.17%
 119379 46249   101681.8896   195   101656.1601   101822.6666  4877566    0.16%
 120057 46139        cutoff         101656.1601   101820.6140  4904464    0.16%
 120718 45997   101741.6498   214   101656.1601   101818.5303  4930907    0.16%
 121370 45833   101714.0704   216   101656.1601   101816.4607  4957205    0.16%
 122063 45799        cutoff         101656.1601   101814.6860  4981505    0.16%
 122728 45726   101678.7455   201   101656.1601   101813.0510  5007924    0.15%
 123373 45526   101750.7332   214   101656.1601   101810.8642  5031522    0.15%
 124026 45452   101672.5392   181   101656.1601   101809.2216  5056223    0.15%
 124631 45295        cutoff         101656.1601   101807.6699  5079432    0.15%
Elapsed time = 1364.25 sec. (799929.32 ticks, tree = 171.22 MB, solutions = 1)
 125306 45126   101656.2028   175   101656.1601   101805.6891  5103695    0.15%
 125951 44997   101729.9881   187   101656.1601   101804.0195  5129913    0.15%
 126614 44910   101688.3721   212   101656.1601   101802.4049  5154103    0.14%
 127228 44726   101670.1222   151   101656.1601   101800.6530  5177600    0.14%
 127876 44626   101722.7901   258   101656.1601   101798.9620  5200405    0.14%
 128533 44488        cutoff         101656.1601   101797.3915  5225550    0.14%
 129195 44266        cutoff         101656.1601   101795.5642  5249658    0.14%
 129841 44109   101678.3608   173   101656.1601   101793.9928  5274433    0.14%
 130496 43880        cutoff         101656.1601   101792.2999  5297663    0.13%
 131151 43661   101664.6476   207   101656.1601   101790.4332  5322755    0.13%
Elapsed time = 1432.66 sec. (838190.61 ticks, tree = 165.43 MB, solutions = 1)
 131835 43464        cutoff         101656.1601   101788.5792  5346375    0.13%
 132510 43303   101683.0351   188   101656.1601   101786.8958  5370715    0.13%
 133179 43097        cutoff         101656.1601   101785.1729  5395049    0.13%
 133837 42814        cutoff         101656.1601   101783.2392  5418805    0.13%
 134517 42533        cutoff         101656.1601   101781.2649  5442707    0.12%
 135123 42225        cutoff         101656.1601   101779.5772  5462057    0.12%
 135784 41962   101704.5656   197   101656.1601   101777.8378  5485118    0.12%
 136417 41640   101657.3970   192   101656.1601   101776.1364  5506117    0.12%
 137056 41394        cutoff         101656.1601   101774.5484  5528258    0.12%
 137653 41105   101714.7065   175   101656.1601   101772.7927  5550062    0.11%
Elapsed time = 1500.82 sec. (876496.09 ticks, tree = 155.60 MB, solutions = 1)
 138296 40866        cutoff         101656.1601   101771.1684  5571731    0.11%
 138943 40636        cutoff         101656.1601   101769.6238  5593430    0.11%
 139609 40412        cutoff         101656.1601   101768.0190  5614085    0.11%
 140301 40189        cutoff         101656.1601   101766.4156  5636091    0.11%
 140975 39835        cutoff         101656.1601   101764.5997  5655964    0.11%
 141620 39516   101688.2262   161   101656.1601   101762.9280  5678487    0.11%
 142297 39248        cutoff         101656.1601   101761.4487  5699750    0.10%
 142971 38898        cutoff         101656.1601   101759.6413  5721225    0.10%
 143648 38587   101657.4809   225   101656.1601   101757.9341  5742594    0.10%
 144323 38301   101656.8105   226   101656.1601   101756.3354  5763641    0.10%
Elapsed time = 1568.34 sec. (914698.88 ticks, tree = 145.33 MB, solutions = 1)
 144982 37902        cutoff         101656.1601   101754.5372  5783165    0.10%
 145659 37602        cutoff         101656.1601   101753.0181  5804669    0.10%
 146235 37288        cutoff         101656.1601   101751.6322  5822467    0.09%
 146894 36871        cutoff         101656.1601   101749.9952  5840811    0.09%
 147523 36497        cutoff         101656.1601   101748.4909  5860222    0.09%
 148178 36175        cutoff         101656.1601   101747.0893  5880548    0.09%
 148802 35749        cutoff         101656.1601   101745.3404  5897041    0.09%
 149416 35325        cutoff         101656.1601   101743.6153  5915091    0.09%
 150058 34886        cutoff         101656.1601   101741.9890  5932289    0.08%
 150694 34452        cutoff         101656.1601   101740.3709  5949146    0.08%
Elapsed time = 1636.90 sec. (952881.76 ticks, tree = 130.92 MB, solutions = 1)
 151330 34054   101664.9852   140   101656.1601   101738.8998  5965243    0.08%
 151990 33648   101665.6310   205   101656.1601   101737.3659  5981088    0.08%
 152650 33199        cutoff         101656.1601   101735.6487  5997802    0.08%
 153300 32723        cutoff         101656.1601   101734.0563  6014352    0.08%
 153986 32223        cutoff         101656.1601   101732.2929  6030223    0.07%
 154668 31826   101681.5153   182   101656.1601   101730.8397  6047909    0.07%
 155343 31329        cutoff         101656.1601   101729.1030  6063516    0.07%
 155997 30858        cutoff         101656.1601   101727.5340  6078133    0.07%
 156658 30313        cutoff         101656.1601   101725.9156  6094170    0.07%
 157328 29819        cutoff         101656.1601   101724.4511  6109220    0.07%
Elapsed time = 1705.27 sec. (991089.80 ticks, tree = 113.58 MB, solutions = 1)
 157989 29334        cutoff         101656.1601   101722.9334  6124147    0.07%
 158650 28842        cutoff         101656.1601   101721.4084  6138536    0.06%
 159325 28340   101667.8640   158   101656.1601   101719.8418  6152917    0.06%
 159890 27837        cutoff         101656.1601   101718.4866  6163925    0.06%
 160548 27309        cutoff         101656.1601   101716.9979  6177149    0.06%
 161215 26764        cutoff         101656.1601   101715.4530  6191431    0.06%
 161897 26180        cutoff         101656.1601   101713.8736  6203428    0.06%
 162491 25645        cutoff         101656.1601   101712.4871  6215108    0.06%
 163169 25110        cutoff         101656.1601   101711.0785  6227641    0.05%
 163845 24480        cutoff         101656.1601   101709.5366  6239236    0.05%
Elapsed time = 1772.74 sec. (1030855.96 ticks, tree = 93.49 MB, solutions = 1)
 164504 23862        cutoff         101656.1601   101707.9368  6250598    0.05%
 165146 23283        cutoff         101656.1601   101706.5017  6261638    0.05%
 165817 22666        cutoff         101656.1601   101704.9578  6272535    0.05%
 166445 22112        cutoff         101656.1601   101703.6235  6281838    0.05%
 167126 21552        cutoff         101656.1601   101702.2447  6292785    0.05%
 167787 20947   101673.5602    79   101656.1601   101700.9219  6303193    0.04%
 168448 20347        cutoff         101656.1601   101699.5952  6313180    0.04%
 169101 19728        cutoff         101656.1601   101698.2269  6321978    0.04%
 169761 19104        cutoff         101656.1601   101696.7888  6330699    0.04%
 170411 18501        cutoff         101656.1601   101695.3873  6339950    0.04%
Elapsed time = 1842.73 sec. (1069043.91 ticks, tree = 71.25 MB, solutions = 1)
 171066 17899        cutoff         101656.1601   101694.0408  6348022    0.04%
 171720 17294        cutoff         101656.1601   101692.8097  6356763    0.04%
 172387 16714        cutoff         101656.1601   101691.5138  6365444    0.03%
 173048 16113   101660.9897   186   101656.1601   101690.1707  6374084    0.03%
 173718 15462        cutoff         101656.1601   101688.8305  6381506    0.03%
 174377 14822        cutoff         101656.1601   101687.4652  6389192    0.03%
 175039 14202        cutoff         101656.1601   101686.1390  6395952    0.03%
 175705 13555        cutoff         101656.1601   101684.7355  6402574    0.03%
 176393 12877        cutoff         101656.1601   101683.3561  6408952    0.03%
 177081 12193        cutoff         101656.1601   101681.9517  6415423    0.03%
Elapsed time = 1920.04 sec. (1107209.11 ticks, tree = 47.51 MB, solutions = 1)
 177764 11517        cutoff         101656.1601   101680.4512  6421464    0.02%
 178431 10872        cutoff         101656.1601   101679.1153  6427654    0.02%
 179109 10219        cutoff         101656.1601   101677.7645  6433031    0.02%
 179803  9527        cutoff         101656.1601   101676.2994  6438274    0.02%
 180501  8840        cutoff         101656.1601   101674.8436  6443305    0.02%
 181198  8149        cutoff         101656.1601   101673.4935  6447980    0.02%
 181893  7470        cutoff         101656.1601   101672.0813  6452649    0.02%
 182582  6794        cutoff         101656.1601   101670.7396  6457188    0.01%
 183282  6109        cutoff         101656.1601   101669.3451  6461151    0.01%
 183986  5409        cutoff         101656.1601   101668.0094  6465386    0.01%
Elapsed time = 1997.53 sec. (1145384.87 ticks, tree = 22.21 MB, solutions = 1)
 184692  4705        cutoff         101656.1601   101666.7204  6469293    0.01%

Clique cuts applied:  2
Implied bound cuts applied:  188
Flow cuts applied:  220
Mixed integer rounding cuts applied:  631
Lift and project cuts applied:  139
Gomory fractional cuts applied:  74

Root node processing (before b&c):
  Real time             =    3.76 sec. (2101.25 ticks)
Sequential b&c:
  Real time             = 2003.70 sec. (1149333.54 ticks)
                          ------------
Total (root+branch&cut) = 2007.46 sec. (1151434.80 ticks)
