1 of 1 MIP starts provided solutions.
MIP start 'm1' defined initial solution with objective 39707.8869.
Tried aggregator 13 times.
MIP Presolve eliminated 715 rows and 1 columns.
Aggregator did 3330 substitutions.
Reduced MIP has 4857 rows, 4143 columns, and 21407 nonzeros.
Reduced MIP has 714 binaries, 0 generals, 0 SOSs, and 0 indicators.
Presolve time = 0.14 sec. (67.51 ticks)
Probing time = 0.01 sec. (4.51 ticks)
Tried aggregator 1 time.
Reduced MIP has 4857 rows, 4143 columns, and 21407 nonzeros.
Reduced MIP has 714 binaries, 0 generals, 0 SOSs, and 0 indicators.
Presolve time = 0.03 sec. (10.50 ticks)
Probing time = 0.01 sec. (4.84 ticks)
Clique table members: 3379.
MIP emphasis: balance optimality and feasibility.
MIP search method: dynamic search.
Parallel mode: none, using 1 thread.
Root relaxation solution time = 0.11 sec. (62.25 ticks)

        Nodes                                         Cuts/
   Node  Left     Objective  IInf  Best Integer    Best Bound    ItCnt     Gap

*     0+    0                        39707.8869   143923.4787     3774  262.46%
      0     0    41607.5669   170    39707.8869    41607.5669     3774    4.78%
      0     0    40998.4240   179    39707.8869     Cuts: 341     4340    3.25%
      0     0    40731.3321   154    39707.8869     Cuts: 257     4640    2.58%
      0     0    40676.0785   149    39707.8869     Cuts: 106     4767    2.44%
      0     0    40628.0121   197    39707.8869      Cuts: 56     4987    2.32%
      0     0    40617.1306   177    39707.8869      Cuts: 95     5071    2.29%
      0     0    40613.2116   173    39707.8869      Cuts: 34     5121    2.28%
      0     0    40611.3049   178    39707.8869      Cuts: 22     5155    2.28%
      0     0    40610.0586   177    39707.8869      Cuts: 16     5181    2.27%
      0     2    40610.0586   177    39707.8869    40607.6171     5181    2.27%
Elapsed time = 1.75 sec. (991.09 ticks, tree = 0.00 MB, solutions = 1)
     41    39    39769.0048    66    39707.8869    40552.4905     6921    2.13%
     73    62    40022.1282   102    39707.8869    40537.8637     8052    2.09%
    122   100    40381.2703   175    39707.8869    40510.6780     9565    2.02%
    173   147    40022.5902   144    39707.8869    40506.5630    11101    2.01%
    222   177    39757.8667   169    39707.8869    40454.3662    13547    1.88%
    280   219    39920.9895   136    39707.8869    40442.3093    15307    1.85%
    363   288        cutoff          39707.8869    40436.6634    17626    1.84%
    428   336    40261.3937   166    39707.8869    40424.4816    19840    1.80%
    484   387    40224.6666   212    39707.8869    40222.9457    27533    1.30%
    500   391    40038.3839   142    39707.8869    40209.7372    27955    1.26%
Elapsed time = 15.10 sec. (8396.74 ticks, tree = 0.85 MB, solutions = 1)
    564   343    40061.9578   137    39707.8869    40197.5876    29929    1.23%
    760   389    39791.7110   109    39707.8869    40131.5131    35736    1.07%
   1018   474    39795.5518   116    39707.8869    40104.9413    43252    1.00%
   1234   573    39851.0686   120    39707.8869    40079.5469    49613    0.94%
   1494   778    39905.1865    99    39707.8869    40053.4890    58492    0.87%
   1654   890        cutoff          39707.8869    40035.6219    65333    0.83%
   1820  1000    39792.5691   115    39707.8869    40022.8976    72796    0.79%
   2029  1141    39938.0915   123    39707.8869    40006.4533    81051    0.75%
   2234  1279    39778.8957   128    39707.8869    39992.5463    88809    0.72%
   2413  1379    39821.9556   116    39707.8869    39980.7772    98660    0.69%
Elapsed time = 30.16 sec. (18022.79 ticks, tree = 2.72 MB, solutions = 1)
   2646  1520    39775.7129   125    39707.8869    39964.6449   108926    0.65%
   2817  1622    39822.1434   100    39707.8869    39954.7677   116977    0.62%
   3040  1752    39792.6542   122    39707.8869    39942.9522   127047    0.59%
   3165  1813    39766.7733    88    39707.8869    39935.4672   134298    0.57%
   3350  1906    39777.1565    99    39707.8869    39925.1215   143316    0.55%
   3594  2018    39744.1250   103    39707.8869    39913.0893   152269    0.52%
   3824  2107    39731.8018   124    39707.8869    39904.8086   161547    0.50%
   4027  2178    39869.8185   119    39707.8869    39892.6349   170670    0.47%
   4240  2241    39768.3624   154    39707.8869    39882.9311   179719    0.44%
   4417  2248    39728.7225   118    39707.8869    39873.4407   189745    0.42%
Elapsed time = 46.24 sec. (27808.32 ticks, tree = 4.33 MB, solutions = 1)
   4560  2260    39764.9452   122    39707.8869    39869.8336   196424    0.41%
   4765  2270    39714.4639   130    39707.8869    39859.3139   206941    0.38%
   4960  2262        cutoff          39707.8869    39847.4396   215435    0.35%
   5163  2302    39722.4961   113    39707.8869    39840.6373   223837    0.33%
   5363  2322    39770.6508   108    39707.8869    39832.6640   231130    0.31%
   5587  2259    39725.0757   100    39707.8869    39819.8128   240770    0.28%
   5836  2177        cutoff          39707.8869    39809.0880   251119    0.25%
   6117  1992    39712.0913    95    39707.8869    39796.3116   263086    0.22%
   6387  1806        cutoff          39707.8869    39784.2494   273525    0.19%
   6662  1581        cutoff          39707.8869    39770.9964   282180    0.16%
Elapsed time = 62.40 sec. (37490.26 ticks, tree = 3.10 MB, solutions = 1)
   6905  1375    39741.4630   116    39707.8869    39760.6716   289522    0.13%
   7205  1094        cutoff          39707.8869    39748.5477   296309    0.10%
   7521   783        cutoff          39707.8869    39737.1155   301557    0.07%
   7791   551        cutoff          39707.8869    39728.5052   305738    0.05%
   8146   213        cutoff          39707.8869    39716.4788   309077    0.02%

Cover cuts applied:  1
Implied bound cuts applied:  39
Flow cuts applied:  64
Mixed integer rounding cuts applied:  294
Lift and project cuts applied:  94
Gomory fractional cuts applied:  42

Root node processing (before b&c):
  Real time             =    1.72 sec. (980.60 ticks)
Sequential b&c:
  Real time             =   69.06 sec. (41651.55 ticks)
                          ------------
Total (root+branch&cut) =   70.78 sec. (42632.15 ticks)
