1 of 1 MIP starts provided solutions.
MIP start 'm1' defined initial solution with objective 114561.7010.
Tried aggregator 2 times.
MIP Presolve eliminated 1 rows and 1 columns.
MIP Presolve modified 150 coefficients.
Aggregator did 1 substitutions.
Reduced MIP has 3150 rows, 1875 columns, and 19528 nonzeros.
Reduced MIP has 1475 binaries, 0 generals, 0 SOSs, and 0 indicators.
Presolve time = 0.02 sec. (8.56 ticks)
Probing time = 0.01 sec. (2.63 ticks)
Tried aggregator 1 time.
Reduced MIP has 3150 rows, 1875 columns, and 19528 nonzeros.
Reduced MIP has 1475 binaries, 0 generals, 0 SOSs, and 0 indicators.
Presolve time = 0.02 sec. (8.41 ticks)
Probing time = 0.01 sec. (2.61 ticks)
Clique table members: 1371.
MIP emphasis: balance optimality and feasibility.
MIP search method: dynamic search.
Parallel mode: none, using 1 thread.
Root relaxation solution time = 0.02 sec. (10.21 ticks)

        Nodes                                         Cuts/
   Node  Left     Objective  IInf  Best Integer    Best Bound    ItCnt     Gap

*     0+    0                       114561.7010   403744.7055      698  252.43%
      0     0   124483.3146   385   114561.7010   124483.3146      698    8.66%
      0     0   119918.2414   346   114561.7010     Cuts: 887     1172    4.68%
      0     0   118138.9862   347   114561.7010     Cuts: 887     1638    3.12%
      0     0   117397.1938   343   114561.7010     Cuts: 709     1985    2.48%
      0     0   116985.0773   420   114561.7010     Cuts: 410     2237    2.12%
      0     0   116816.8565   408   114561.7010     Cuts: 316     2417    1.97%
      0     0   116711.0868   443   114561.7010     Cuts: 226     2544    1.88%
      0     0   116658.7182   423   114561.7010     Cuts: 171     2637    1.83%
      0     0   116632.2559   432   114561.7010     Cuts: 136     2705    1.81%
      0     0   116607.9996   429   114561.7010     Cuts: 108     2779    1.79%
      0     0   116597.9784   464   114561.7010      Cuts: 65     2823    1.78%
      0     0   116584.8510   509   114561.7010      Cuts: 93     2876    1.77%
      0     0   116581.9368   508   114561.7010      Cuts: 49     2895    1.76%
      0     2   116581.9368   508   114561.7010   116577.2942     2895    1.76%
Elapsed time = 1.63 sec. (784.32 ticks, tree = 0.00 MB, solutions = 1)
     90    86   116324.2583   401   114561.7010   116532.5176     4496    1.72%
    187   163   116464.3594   400   114561.7010   116519.7296     6065    1.71%
    320   286   115658.1476   273   114561.7010   116510.4627     8005    1.70%
    474   434   116058.3683   365   114561.7010   116497.0126    10087    1.69%
    484   444   115899.4750   441   114561.7010   115897.5449    12779    1.17%
    485   445   115886.8761   428   114561.7010   115886.6826    12800    1.16%
    487   444   115762.4436   402   114561.7010   115880.8462    12879    1.15%
    489   446   115752.4686   404   114561.7010   115880.8462    12888    1.15%
    496   450   115691.4882   377   114561.7010   115880.8462    13079    1.15%
    521   459   114815.9788   261   114561.7010   115880.8462    13417    1.15%
Elapsed time = 17.18 sec. (8378.96 ticks, tree = 1.17 MB, solutions = 1)
    668   431   114903.4143   325   114561.7010   115862.2431    15138    1.14%
    964   569   115684.8637   359   114561.7010   115833.2295    17738    1.11%
   1324   711   114943.4364   191   114561.7010   115823.2728    21661    1.10%
   1761  1109   115041.3534   200   114561.7010   115784.1215    25694    1.07%
   2132  1412        cutoff         114561.7010   115715.2854    30151    1.01%
   2518  1712   115125.5823   265   114561.7010   115683.8008    34818    0.98%
   2910  2038   114876.4799   218   114561.7010   115672.3167    39801    0.97%
   3300  2365   115116.3169   276   114561.7010   115666.7006    44368    0.96%
   3601  2615   115002.7234   266   114561.7010   115658.9369    48390    0.96%
   4004  2938   115043.4030   345   114561.7010   115641.6669    53205    0.94%
Elapsed time = 31.91 sec. (17957.79 ticks, tree = 4.29 MB, solutions = 1)
   4395  3276   115087.9387   308   114561.7010   115632.5182    57478    0.93%
   4778  3588   114764.8568   218   114561.7010   115622.4065    62000    0.93%
   5094  3827   115240.6388   364   114561.7010   115606.3076    66569    0.91%
   5455  4077   114823.0696   353   114561.7010   115583.8217    71775    0.89%
   5959  4506        cutoff         114561.7010   115578.8208    77164    0.89%
   6459  4914   114746.6016   207   114561.7010   115564.4214    82819    0.88%
   6965  5353   114661.1056   198   114561.7010   115552.8050    88034    0.87%
   7483  5794   114863.8097   148   114561.7010   115538.0793    93612    0.85%
   7821  6070   114985.5696   323   114561.7010   115531.8769    98073    0.85%
   8301  6476   114667.2851   140   114561.7010   115522.7408   103127    0.84%
Elapsed time = 46.81 sec. (27513.39 ticks, tree = 11.25 MB, solutions = 1)
   8624  6729   115060.2956   400   114561.7010   115517.6198   106918    0.83%
   9091  7133   114781.1267   356   114561.7010   115513.2202   111652    0.83%
   9537  7510   114814.7160   373   114561.7010   115502.6674   116326    0.82%
   9900  7795   114775.7307   351   114561.7010   115498.3490   121079    0.82%
  10164  8022   114814.8807   360   114561.7010   115493.6882   124003    0.81%
  10166  8024   115823.7421   452   114561.7010   115491.9128   126213    0.81%
  10171  8027   115800.9601   442   114561.7010   115491.9128   126316    0.81%
  10183  4781   115079.1081   403   114561.7010   115491.9128   126867    0.81%
  10196  4780   114831.9520   360   114561.7010   115491.9128   126981    0.81%
  10221  3709   115759.4327   417   114561.7010   115491.9128   127298    0.81%
Elapsed time = 72.29 sec. (41726.18 ticks, tree = 6.09 MB, solutions = 1)
  10237  3721   115739.3681   363   114561.7010   115491.9128   127383    0.81%
  10263  3741   115604.8711   286   114561.7010   115491.9128   127609    0.81%
  10297  3761   115430.0968   208   114561.7010   115491.9128   127865    0.81%
  10339  3783   114836.1705   168   114561.7010   115491.9128   128323    0.81%
  10390  3678   115309.2425   378   114561.7010   115491.9128   128926    0.81%
  10448  3700   115056.0455   233   114561.7010   115491.9128   129311    0.81%
  10535  3681   115221.2751   410   114561.7010   115491.9128   130006    0.81%
  10627  3713   114742.6128   207   114561.7010   115491.9128   130683    0.81%
  10733  3656        cutoff         114561.7010   115491.9128   132096    0.81%
  10885  3601   115546.9106   372   114561.7010   115491.9128   134428    0.81%
Elapsed time = 87.03 sec. (51454.40 ticks, tree = 5.70 MB, solutions = 1)
  11055  3640   114724.3128   282   114561.7010   115491.9128   136020    0.81%
  11212  3650   114628.2104   269   114561.7010   115491.9128   138643    0.81%
  11407  3701   115169.5786   297   114561.7010   115491.9128   140998    0.81%
  11630  3795   115180.3774   283   114561.7010   115491.9128   143202    0.81%
  11860  3875        cutoff         114561.7010   115491.9128   146256    0.81%
  12106  3995   114719.1671   113   114561.7010   115491.9128   148873    0.81%
  12321  4090   114570.1901   204   114561.7010   115491.9128   151013    0.81%
  12544  4173   115028.7607   290   114561.7010   115491.9128   153977    0.81%
  12778  4262   114703.0526   162   114561.7010   115491.9128   156733    0.81%
  13030  4370   114987.1258   253   114561.7010   115491.9128   159048    0.81%
Elapsed time = 103.17 sec. (61031.01 ticks, tree = 6.26 MB, solutions = 1)
  13329  4515   114893.3377   114   114561.7010   115491.9128   161963    0.81%
  13599  4594        cutoff         114561.7010   115491.9128   165179    0.81%
  13867  4706   114667.4952   111   114561.7010   115491.9128   168651    0.81%
  14045  4773   114754.6535   319   114561.7010   115480.4116   171571    0.80%
  14229  4829   114786.2817   220   114561.7010   115471.9112   174043    0.79%
  14386  4867        cutoff         114561.7010   115461.5022   176541    0.79%
  14576  4899   114597.4028   254   114561.7010   115455.4234   179085    0.78%
  14884  5034   114647.8239   259   114561.7010   115446.2410   182286    0.77%
  15131  5118   115166.9448   290   114561.7010   115437.4497   185766    0.76%
  15422  5246   114878.6204   130   114561.7010   115427.3219   189101    0.76%
Elapsed time = 119.96 sec. (70656.40 ticks, tree = 6.99 MB, solutions = 1)
  15701  5286   114718.9176   388   114561.7010   115408.4662   192483    0.74%
  16006  5396   114597.4659   178   114561.7010   115395.5742   196185    0.73%
  16237  5473   114916.6932   382   114561.7010   115389.5395   199692    0.72%
  16493  5555   114681.6135   304   114561.7010   115382.3830   202866    0.72%
  16788  5672   115240.9995   366   114561.7010   115378.9350   205951    0.71%
  17027  5747   114786.5698   241   114561.7010   115370.7887   209192    0.71%
  17284  5858   114579.9505   180   114561.7010   115366.5938   212112    0.70%
  17531  5984   114765.5948   310   114561.7010   115354.5929   215616    0.69%
  17780  6173   114999.3962   279   114561.7010   115346.3398   218777    0.68%
  18068  6385   114758.2026   244   114561.7010   115338.7274   222131    0.68%
Elapsed time = 136.71 sec. (80236.02 ticks, tree = 8.00 MB, solutions = 1)
  18316  6576   114717.4296   322   114561.7010   115334.3426   225719    0.67%
  18550  6726   114935.1886   239   114561.7010   115324.6278   229754    0.67%
  18820  6963   115022.8944   285   114561.7010   115320.6893   232598    0.66%
  19108  7196        cutoff         114561.7010   115313.3462   235987    0.66%
  19372  7390   115087.0072   358   114561.7010   115305.2810   239234    0.65%
  19608  7583   114634.1169   273   114561.7010   115299.8130   242340    0.64%
  19818  7722   114954.2843   266   114561.7010   115291.8527   246044    0.64%
  20066  7916   114732.8022   289   114561.7010   115284.3545   249200    0.63%
  20342  8157   114771.6648   285   114561.7010   115276.8962   252061    0.62%
  20592  8321   114664.4940   280   114561.7010   115268.8831   255280    0.62%
Elapsed time = 153.90 sec. (89806.97 ticks, tree = 10.61 MB, solutions = 1)
  20832  8520   114703.9616   213   114561.7010   115263.3957   259059    0.61%
  21058  8685   114805.9769   281   114561.7010   115260.9696   262468    0.61%
  21258  8810   114749.1053   312   114561.7010   115257.5132   266373    0.61%
  21480  8990   114781.8030   226   114561.7010   115255.9156   269560    0.61%
  21708  9139        cutoff         114561.7010   115251.8380   273486    0.60%
  21926  9293   114927.0812   283   114561.7010   115248.1115   277093    0.60%
  22166  9483   114813.8085   248   114561.7010   115245.7175   280527    0.60%
  22406  9649   115013.4428   289   114561.7010   115238.8258   284410    0.59%
  22648  9832        cutoff         114561.7010   115236.3815   287053    0.59%
  23458 10385   114845.9351   308   114561.7010   115222.4094   299837    0.58%
Elapsed time = 175.50 sec. (102246.26 ticks, tree = 13.18 MB, solutions = 1)
  24351 11016   114668.2737   265   114561.7010   115202.9905   313585    0.56%
  25166 11607   114600.8436   240   114561.7010   115193.4885   326000    0.55%
  26026 12189   114729.3751   367   114561.7010   115183.2711   339373    0.54%
  26966 12794   114860.5501   275   114561.7010   115165.9814   354480    0.53%
  27751 13368   114970.2353   327   114561.7010   115158.6425   367505    0.52%
  28645 13994   114918.7313   318   114561.7010   115148.1931   380215    0.51%
  29718 14790   114826.5496   341   114561.7010   115137.4731   394280    0.50%
  30626 15436   114798.8813   238   114561.7010   115128.9992   406841    0.50%
  31486 15979   114679.9807   216   114561.7010   115120.9279   421430    0.49%
  32415 16578   114845.2019   297   114561.7010   115111.3630   437158    0.48%
Elapsed time = 242.31 sec. (140594.54 ticks, tree = 21.41 MB, solutions = 1)
  33242 17108   114615.6187   225   114561.7010   115102.4176   450314    0.47%
  34131 17707   114600.6478   308   114561.7010   115094.9003   464069    0.47%
  35085 18364   114722.3942   261   114561.7010   115085.0233   479366    0.46%
  35979 18932        cutoff         114561.7010   115077.7073   494338    0.45%
  36870 19503   114825.3426   299   114561.7010   115070.8612   507782    0.44%
  37813 20124   114783.9206   317   114561.7010   115063.1120   523143    0.44%
  38703 20685   114759.0442   172   114561.7010   115056.1400   538768    0.43%
  39619 21194   114594.3822   258   114561.7010   115047.8598   553770    0.42%
  40587 21791   114725.8173    91   114561.7010   115040.2803   568395    0.42%
  41510 22309   114706.1141   342   114561.7010   115031.0208   584325    0.41%
Elapsed time = 307.90 sec. (178757.38 ticks, tree = 28.69 MB, solutions = 1)
  42352 22778   114832.9968   273   114561.7010   115024.3078   600234    0.40%
  43130 23157   114704.4596   244   114561.7010   115016.8288   615008    0.40%
  44042 23615   114747.0567   177   114561.7010   115008.3538   631622    0.39%
  45018 24185   114649.1434   372   114561.7010   115002.6150   646427    0.38%
  45871 24675        cutoff         114561.7010   114997.1702   660342    0.38%
  46663 25045   114614.9951   362   114561.7010   114990.5823   676362    0.37%
  47555 25512   114687.2288   284   114561.7010   114984.5223   692897    0.37%
  48527 25995        cutoff         114561.7010   114978.4368   710037    0.36%
  49356 26421   114692.0175   267   114561.7010   114973.3330   724526    0.36%
  50284 26956   114603.7675   270   114561.7010   114969.7460   738256    0.36%
Elapsed time = 373.07 sec. (216920.51 ticks, tree = 34.69 MB, solutions = 1)
  51355 27521   114706.3381   310   114561.7010   114964.3657   754154    0.35%
  52407 28100   114691.3512   282   114561.7010   114960.0875   769602    0.35%
  53342 28505   114706.7599   240   114561.7010   114952.7308   785178    0.34%
  54220 28898   114649.2298   219   114561.7010   114948.0548   800299    0.34%
  55276 29331        cutoff         114561.7010   114940.5870   817667    0.33%
  56231 29700   114743.5454   191   114561.7010   114933.4597   835674    0.32%
  57146 30173        cutoff         114561.7010   114929.3741   849832    0.32%
  58174 30686   114770.4768   209   114561.7010   114924.5659   864746    0.32%
  59127 31076   114693.6916   317   114561.7010   114919.5393   881082    0.31%
  60134 31374   114740.2776   263   114561.7010   114913.0056   899177    0.31%
Elapsed time = 437.80 sec. (255091.46 ticks, tree = 40.49 MB, solutions = 1)
  61045 31713   114657.1619   280   114561.7010   114907.7510   915350    0.30%
  61942 32043   114654.8920   272   114561.7010   114903.2502   930747    0.30%
  62888 32387   114581.5618   134   114561.7010   114898.0072   947057    0.29%
  63878 32750   114785.9740   260   114561.7010   114892.6953   963476    0.29%
  64824 33045   114664.8688   286   114561.7010   114886.0137   979657    0.28%
  65708 33255   114748.7258   213   114561.7010   114880.1887   995876    0.28%
  66718 33666   114664.6536   105   114561.7010   114876.0076  1010508    0.27%
  67817 34101   114710.1988   254   114561.7010   114871.2159  1027306    0.27%
  68929 34540   114653.3460   256   114561.7010   114866.8813  1043373    0.27%
  69941 34974   114593.3927   233   114561.7010   114862.7884  1058137    0.26%
Elapsed time = 502.35 sec. (293307.57 ticks, tree = 46.29 MB, solutions = 1)
  70908 35330   114688.7644   319   114561.7010   114858.7709  1073656    0.26%
  71916 35664   114811.5882   258   114561.7010   114854.1961  1089843    0.26%
  72883 35940   114641.9257   112   114561.7010   114849.9275  1106751    0.25%
  73895 36175   114588.1553   243   114561.7010   114844.1230  1123929    0.25%
  74821 36426   114632.3617   298   114561.7010   114839.2978  1139290    0.24%
  75787 36646   114594.6745   303   114561.7010   114835.2427  1155127    0.24%
  76816 36838   114803.6927   255   114561.7010   114829.6765  1172795    0.23%
  77907 37077   114638.9600   262   114561.7010   114825.1440  1190808    0.23%
  78884 37202   114763.8101   302   114561.7010   114819.7510  1206517    0.23%
  79874 37484   114810.3369   317   114561.7010   114816.1537  1221587    0.22%
Elapsed time = 567.74 sec. (331497.73 ticks, tree = 49.85 MB, solutions = 1)
  80838 37518   114704.0279   263   114561.7010   114810.7096  1237680    0.22%
  81828 37752        cutoff         114561.7010   114807.1210  1252919    0.21%
  82852 37921   114658.7471   238   114561.7010   114803.0208  1270084    0.21%
  83812 38026   114648.7466   265   114561.7010   114799.0439  1286591    0.21%
  84768 38000   114635.0569   212   114561.7010   114793.4588  1304700    0.20%
  85718 38005        cutoff         114561.7010   114788.8222  1321603    0.20%
  86704 37989   114591.7491   160   114561.7010   114784.1521  1339193    0.19%
  87781 38045        cutoff         114561.7010   114779.9714  1355368    0.19%
  88674 37894   114644.9545   178   114561.7010   114775.1221  1372766    0.19%
  89663 37919   114622.0529   260   114561.7010   114771.1677  1389266    0.18%
Elapsed time = 632.64 sec. (369883.07 ticks, tree = 51.49 MB, solutions = 1)
  90653 37859   114627.4138   246   114561.7010   114766.9971  1406889    0.18%
  91708 37898   114564.3309   268   114561.7010   114763.3062  1423907    0.18%
  92797 37767        cutoff         114561.7010   114758.3961  1442479    0.17%
  93834 37575        cutoff         114561.7010   114753.6558  1460149    0.17%
  94894 37301   114566.9113   148   114561.7010   114748.5547  1478912    0.16%
  96055 37055   114591.4107   215   114561.7010   114743.3615  1498449    0.16%
  97243 36837        cutoff         114561.7010   114738.2778  1516808    0.15%
  98361 36605   114574.7160   262   114561.7010   114734.1278  1534583    0.15%
  99506 36364   114588.8361   244   114561.7010   114729.2914  1552501    0.15%
 100647 36200        cutoff         114561.7010   114725.2484  1568835    0.14%
Elapsed time = 696.20 sec. (408065.98 ticks, tree = 49.72 MB, solutions = 1)
 101890 35784   114664.6513   232   114561.7010   114719.7950  1587939    0.14%
 103188 35586   114597.3811   284   114561.7010   114715.6230  1606712    0.13%
 104383 35150        cutoff         114561.7010   114710.7129  1624724    0.13%
 105588 34899   114679.8949   206   114561.7010   114706.4956  1640622    0.13%
 106864 34476   114608.4888   208   114561.7010   114702.3746  1657548    0.12%
 108128 33874        cutoff         114561.7010   114697.3551  1675982    0.12%
 109466 33387   114570.5622   218   114561.7010   114692.6710  1693028    0.11%
 110780 32602   114579.9667    92   114561.7010   114687.3446  1711176    0.11%
 112061 32021   114593.5033   226   114561.7010   114682.5681  1728046    0.11%
 113418 31143   114615.3256   108   114561.7010   114677.0331  1744827    0.10%
Elapsed time = 764.60 sec. (446236.91 ticks, tree = 43.58 MB, solutions = 1)
 114749 30487        cutoff         114561.7010   114672.4254  1762710    0.10%
 116095 29699        cutoff         114561.7010   114667.7186  1780149    0.09%
 117393 28786   114599.4702   193   114561.7010   114662.9062  1797032    0.09%
 118804 27913   114594.1975   121   114561.7010   114658.0677  1813511    0.08%
 120186 26956   114589.7596   105   114561.7010   114653.3407  1829568    0.08%
 121579 26076        cutoff         114561.7010   114648.7170  1845455    0.08%
 123075 24876        cutoff         114561.7010   114643.5514  1861183    0.07%
 124588 23778        cutoff         114561.7010   114638.6631  1876920    0.07%
 126078 22659   114562.6621   220   114561.7010   114633.9803  1891298    0.06%
 127603 21388   114597.2143    85   114561.7010   114628.7861  1905298    0.06%
Elapsed time = 833.51 sec. (484395.59 ticks, tree = 31.01 MB, solutions = 1)
 129103 20209        cutoff         114561.7010   114624.0717  1918731    0.05%
 130737 18806        cutoff         114561.7010   114618.8902  1932280    0.05%
 132421 17287   114613.1799   190   114561.7010   114613.8037  1945331    0.05%
 134131 15695        cutoff         114561.7010   114608.5465  1956978    0.04%
 135837 14126        cutoff         114561.7010   114603.2879  1967797    0.04%
 137469 12564        cutoff         114561.7010   114598.7117  1977793    0.03%
 139224 10874        cutoff         114561.7010   114593.7305  1987627    0.03%
 140928  9251        cutoff         114561.7010   114589.2864  1996233    0.02%
 142708  7504        cutoff         114561.7010   114584.3024  2004436    0.02%
 144570  5669        cutoff         114561.7010   114579.4124  2013439    0.02%
Elapsed time = 898.53 sec. (522551.35 ticks, tree = 9.64 MB, solutions = 1)
 146451  3809        cutoff         114561.7010   114573.9131  2021256    0.01%

GUB cover cuts applied:  1
Clique cuts applied:  1
Implied bound cuts applied:  808
Flow cuts applied:  23
Mixed integer rounding cuts applied:  54
Lift and project cuts applied:  148
Gomory fractional cuts applied:  54

Root node processing (before b&c):
  Real time             =    1.62 sec. (777.59 ticks)
Sequential b&c:
  Real time             =  904.45 sec. (526878.97 ticks)
                          ------------
Total (root+branch&cut) =  906.06 sec. (527656.56 ticks)
