1 of 1 MIP starts provided solutions.
MIP start 'm1' defined initial solution with objective 114561.7010.
Tried aggregator 1 time.
MIP Presolve eliminated 1 rows and 1 columns.
Reduced MIP has 3351 rows, 1876 columns, and 22899 nonzeros.
Reduced MIP has 1476 binaries, 0 generals, 0 SOSs, and 0 indicators.
Presolve time = 0.01 sec. (7.58 ticks)
Probing time = 0.01 sec. (2.75 ticks)
Tried aggregator 1 time.
Reduced MIP has 3351 rows, 1876 columns, and 22899 nonzeros.
Reduced MIP has 1476 binaries, 0 generals, 0 SOSs, and 0 indicators.
Presolve time = 0.02 sec. (9.23 ticks)
Probing time = 0.01 sec. (2.77 ticks)
Clique table members: 1440.
MIP emphasis: balance optimality and feasibility.
MIP search method: dynamic search.
Parallel mode: none, using 1 thread.
Root relaxation solution time = 0.03 sec. (18.88 ticks)

        Nodes                                         Cuts/
   Node  Left     Objective  IInf  Best Integer    Best Bound    ItCnt     Gap

*     0+    0                       114561.7010   130573.0746     1478   13.98%
      0     0   124483.3146   385   114561.7010   124483.3146     1478    8.66%
      0     0   120626.9724   353   114561.7010     Cuts: 705     1865    5.29%
      0     0   119268.3724   367   114561.7010     Cuts: 624     2265    4.11%
      0     0   118787.6465   390   114561.7010     Cuts: 401     2514    3.69%
      0     0   118574.4469   406   114561.7010     Cuts: 247     2699    3.50%
      0     0   118464.8923   410   114561.7010     Cuts: 153     2797    3.41%
      0     0   118372.8012   391   114561.7010      Cuts: 89     2874    3.33%
      0     0   118360.4600   373   114561.7010      Cuts: 52     2913    3.32%
      0     0   118337.1396   402   114561.7010      Cuts: 58     2969    3.30%
      0     0   118324.1746   377   114561.7010      Cuts: 59     3006    3.28%
      0     0   118319.8687   382   114561.7010      Cuts: 33     3029    3.28%
      0     0   118316.0329   384   114561.7010      Cuts: 26     3043    3.28%
      0     2   118316.0329   384   114561.7010   118315.7356     3043    3.28%
Elapsed time = 1.35 sec. (670.93 ticks, tree = 0.00 MB, solutions = 1)
     75    77   116751.7701   224   114561.7010   118292.1110     4006    3.26%
    184   155   118098.9784   337   114561.7010   118285.5680     5346    3.25%
    274   243   116152.8009   203   114561.7010   118285.5680     6776    3.25%
    371   321   114729.5489   127   114561.7010   118285.5680     7817    3.25%
    486   420   116430.3795   421   114561.7010   116429.9582    11939    1.63%
    487   421   116427.9491   414   114561.7010   116427.5735    11949    1.63%
    489   422   115930.2229   381   114561.7010   116427.5735    12033    1.63%
    491   422   115919.2534   377   114561.7010   116427.5735    12044    1.63%
    510   431   115380.8113   322   114561.7010   116427.5735    12200    1.63%
    547   382   116419.3550   411   114561.7010   116426.1597    12473    1.63%
Elapsed time = 14.14 sec. (7899.39 ticks, tree = 0.65 MB, solutions = 1)
    708   417   114789.3229   226   114561.7010   116414.7570    13419    1.62%
   1103   572   116221.0129   380   114561.7010   116381.6685    16018    1.59%
   1562   930   114707.9954   173   114561.7010   116371.9326    18780    1.58%
   1967  1265   115182.5496   281   114561.7010   116331.3516    21937    1.54%
   2532  1792   114912.4409   193   114561.7010   116302.2065    24836    1.52%
   3016  2211   114570.9985   194   114561.7010   116260.4063    28161    1.48%
   3643  2762   114625.9135   325   114561.7010   116209.1861    32444    1.44%
   4242  3303   115489.0758   269   114561.7010   116196.0779    35844    1.43%
   4843  3834   115087.3213   308   114561.7010   116172.5769    39781    1.41%
   5496  4414   114691.8915   322   114561.7010   116159.0847    44327    1.39%
Elapsed time = 29.28 sec. (17494.30 ticks, tree = 5.89 MB, solutions = 1)
   6089  4935   115417.7423   244   114561.7010   116151.6063    48462    1.39%
   6732  5519   115734.8957   322   114561.7010   116145.1698    52298    1.38%
   7391  6133   115015.5911   173   114561.7010   116132.1140    56357    1.37%
   7965  6644   115587.2365   341   114561.7010   116117.6936    60318    1.36%
   8504  7124   115556.2891   308   114561.7010   116081.0420    63606    1.33%
   9065  7603   115845.9805   305   114561.7010   116074.7143    66952    1.32%
   9611  8085   115376.1222   202   114561.7010   116066.4715    70618    1.31%
  10086  8497   115813.7440   315   114561.7010   116056.5174    74123    1.30%
  10206  8617   114761.8882   182   114561.7010   116056.5174    74745    1.30%
  10208  8619   116091.3571   453   114561.7010   116054.5464    77655    1.30%
Elapsed time = 53.62 sec. (31158.88 ticks, tree = 11.49 MB, solutions = 1)
  10212  8621   116064.5432   432   114561.7010   116054.5464    77683    1.30%
  10228  6585   116032.6804   392   114561.7010   116038.0786    78263    1.29%
  10254  6272   115968.4844   337   114561.7010   116038.0786    78452    1.29%
  10279  6159   114799.0716   300   114561.7010   116038.0786    78853    1.29%
  10296  5810   114920.3462   374   114561.7010   116022.9738    79315    1.28%
  10310  5597   115279.2920   426   114561.7010   116017.3586    79726    1.27%
  10330  5602   115223.9536   371   114561.7010   116017.3586    79889    1.27%
  10366  5614   115124.0544   323   114561.7010   116017.3586    80105    1.27%
  10433  5633   114802.6637   223   114561.7010   116017.3586    80447    1.27%
  10490  5601   114909.4102   300   114561.7010   116016.7307    80953    1.27%
Elapsed time = 68.80 sec. (40925.22 ticks, tree = 7.59 MB, solutions = 1)
  10588  5611   115298.6475   305   114561.7010   116014.7900    81676    1.27%
  10728  5636   115576.3326   337   114561.7010   116000.3528    82423    1.26%
  10892  5683   115142.1401   291   114561.7010   115991.7424    83547    1.25%
  11070  5715   115087.3213   210   114561.7010   115965.5702    85102    1.23%
  11254  5722   114702.3648   285   114561.7010   115944.5721    86796    1.21%
  11475  5721   115523.6983   341   114561.7010   115915.9448    88686    1.18%
  11759  5850   115188.9317   298   114561.7010   115905.7255    90620    1.17%
  12055  5958   114819.1822   150   114561.7010   115895.6628    92687    1.16%
  12321  6034   114722.6876   210   114561.7010   115868.1874    94938    1.14%
  12585  6074   114595.2147   275   114561.7010   115843.4655    97527    1.12%
Elapsed time = 85.11 sec. (50527.75 ticks, tree = 8.16 MB, solutions = 1)
  12854  6128   115084.4979   209   114561.7010   115828.3528    99655    1.11%
  13156  6234   114837.8732   235   114561.7010   115785.9707   101972    1.07%
  13460  6339   115066.3253   252   114561.7010   115751.5683   104506    1.04%
  13762  6458   115066.3592   264   114561.7010   115721.4989   107208    1.01%
  14064  6554   115015.7932   353   114561.7010   115706.2606   109931    1.00%
  14334  6616   114772.7741   255   114561.7010   115695.1997   112471    0.99%
  14614  6666   114695.3653   275   114561.7010   115678.5287   115034    0.97%
  14919  6776   114644.6228   237   114561.7010   115664.6893   117216    0.96%
  15084  6801   114614.8897   352   114561.7010   115645.7403   119457    0.95%
  15351  6882   114648.9664   279   114561.7010   115641.9750   121598    0.94%
Elapsed time = 101.95 sec. (60175.11 ticks, tree = 9.29 MB, solutions = 1)
  15606  6975   115064.9407   388   114561.7010   115626.0511   123755    0.93%
  15872  7086   114748.4573   346   114561.7010   115622.9596   126056    0.93%
  16136  7159   114688.7293   389   114561.7010   115604.0651   128828    0.91%
  16421  7257   115096.4933   235   114561.7010   115584.6087   131486    0.89%
  16711  7341   114925.1096   288   114561.7010   115577.9222   133817    0.89%
  16965  7377   114698.7055   321   114561.7010   115568.6820   137089    0.88%
  17247  7422   114769.0754   372   114561.7010   115552.6051   139958    0.86%
  17510  7518   114657.6419   316   114561.7010   115547.4807   142550    0.86%
  17741  7536   115274.8817   320   114561.7010   115534.1076   145582    0.85%
  18028  7648   114826.1302   237   114561.7010   115525.4150   148216    0.84%
Elapsed time = 119.11 sec. (69821.64 ticks, tree = 10.25 MB, solutions = 1)
  18285  7708   114584.6473   319   114561.7010   115522.0537   150789    0.84%
  18559  7772   114859.0706   238   114561.7010   115517.0864   153495    0.83%
  18791  7817   114627.5847   152   114561.7010   115511.7021   156705    0.83%
  19038  7881   114586.1205   291   114561.7010   115507.3755   159229    0.83%
  19264  7894   114906.2649   324   114561.7010   115492.5431   162795    0.81%
  19558  7986   114732.5331   150   114561.7010   115489.7557   165415    0.81%
  19846  8061        cutoff         114561.7010   115484.6176   168345    0.81%
  20056  8063   114951.2401   385   114561.7010   115479.0967   171166    0.80%
  20299  8118        cutoff         114561.7010   115476.3601   173822    0.80%
  20539  8177   114587.1821   297   114561.7010   115472.3630   176798    0.79%
Elapsed time = 136.23 sec. (79373.60 ticks, tree = 10.98 MB, solutions = 1)
  20783  8223   114954.8916   314   114561.7010   115466.9076   180226    0.79%
  21054  8288   114695.8219   328   114561.7010   115462.3912   183018    0.79%
  21325  8442   115086.5087   327   114561.7010   115457.3534   186037    0.78%
  21580  8578        cutoff         114561.7010   115448.9612   189348    0.77%
  21862  8781        cutoff         114561.7010   115439.6158   192464    0.77%
  22198  9076   115118.3941   366   114561.7010   115435.8852   195381    0.76%
  22451  9253   114969.5024   260   114561.7010   115428.0671   198154    0.76%
  22737  9465   114618.3308   300   114561.7010   115424.9612   201613    0.75%
  22997  9657   114686.2699   331   114561.7010   115418.6776   205163    0.75%
  23230  9805   114644.2489   313   114561.7010   115414.1154   208130    0.74%
Elapsed time = 153.38 sec. (88934.22 ticks, tree = 13.34 MB, solutions = 1)
  23481  9966   114570.4670   311   114561.7010   115408.6660   211711    0.74%
  23806 10217   114585.2944   190   114561.7010   115406.5565   214548    0.74%
  24083 10407   114568.0708   152   114561.7010   115398.2889   217674    0.73%
  24313 10559   114883.3463   303   114561.7010   115392.6306   221239    0.73%
  24589 10756   114782.8826   203   114561.7010   115388.0783   224136    0.72%
  24883 10981   114584.1932   285   114561.7010   115384.8680   227073    0.72%
  25192 11218   114573.7888   278   114561.7010   115379.5199   230233    0.71%
  25438 11357   114924.3598   228   114561.7010   115373.8563   233854    0.71%
  25651 11502   114766.8475   304   114561.7010   115369.5245   236471    0.71%
  26591 12077   114721.5056   193   114561.7010   115354.3262   249024    0.69%
Elapsed time = 175.68 sec. (101652.05 ticks, tree = 16.34 MB, solutions = 1)
  27637 12845   115023.6446   231   114561.7010   115335.5255   261890    0.68%
  28566 13507        cutoff         114561.7010   115324.0559   272816    0.67%
  29573 14252   114757.9665   274   114561.7010   115310.5024   284797    0.65%
  30725 15097   114696.9729   279   114561.7010   115294.7178   297312    0.64%
  31621 15700   114815.3219   289   114561.7010   115275.8840   308903    0.62%
  32733 16449   114664.9596   195   114561.7010   115256.6135   321648    0.61%
  33796 17180   114830.5212   213   114561.7010   115240.7479   334788    0.59%
  34743 17796   114657.9620   232   114561.7010   115225.0635   346743    0.58%
  35746 18462        cutoff         114561.7010   115211.0855   359695    0.57%
  36800 19053        cutoff         114561.7010   115197.6550   374514    0.56%
Elapsed time = 244.20 sec. (139821.39 ticks, tree = 26.59 MB, solutions = 1)
  37724 19645   114586.7480   240   114561.7010   115184.3501   386817    0.54%
  38771 20297   114729.1535   141   114561.7010   115170.1193   400806    0.53%
  39816 20935   114647.5743   332   114561.7010   115159.3158   414984    0.52%
  40762 21474   114617.5034   175   114561.7010   115148.1360   427981    0.51%
  41801 22053   114822.6941   264   114561.7010   115135.8627   442449    0.50%
  42934 22764   114568.6241   251   114561.7010   115124.8403   456645    0.49%
  43833 23244   114736.8675   291   114561.7010   115115.7669   469271    0.48%
  44905 23824        cutoff         114561.7010   115104.8432   482771    0.47%
  45983 24519   114832.3377   220   114561.7010   115097.1645   496183    0.47%
  47145 25247   114908.0671   292   114561.7010   115091.6108   510616    0.46%
Elapsed time = 311.87 sec. (178021.81 ticks, tree = 34.90 MB, solutions = 1)
  48116 25755   114611.4417   328   114561.7010   115082.5196   524316    0.45%
  49140 26288   114730.2430   205   114561.7010   115074.3534   538930    0.45%
  50218 26781   114773.9731   214   114561.7010   115064.0492   554433    0.44%
  51265 27310   114695.6471   217   114561.7010   115057.8897   567869    0.43%
  52197 27646   114647.5562   283   114561.7010   115049.3208   582894    0.43%
  53259 28224   114793.6682   195   114561.7010   115043.1165   596944    0.42%
  54357 28850   114689.3304   268   114561.7010   115037.4352   610736    0.42%
  55401 29312   114608.5545   266   114561.7010   115030.4000   626321    0.41%
  56412 29860        cutoff         114561.7010   115024.8146   638933    0.40%
  57561 30535   114566.5719   141   114561.7010   115019.5421   653396    0.40%
Elapsed time = 380.38 sec. (216186.55 ticks, tree = 42.12 MB, solutions = 1)
  58690 31094   114997.4618   186   114561.7010   115013.1986   668434    0.39%
  59814 31648   114763.6620   162   114561.7010   115005.8527   682697    0.39%
  60758 32021   114565.7010   175   114561.7010   114998.8037   697251    0.38%
  61821 32430        cutoff         114561.7010   114991.7693   712333    0.38%
  62978 33011        cutoff         114561.7010   114986.1277   727151    0.37%
  64061 33499   114748.5562   197   114561.7010   114979.5248   741482    0.36%
  65115 33967   114579.5771   315   114561.7010   114973.2094   755884    0.36%
  66315 34510   114739.3689   195   114561.7010   114966.2845   770965    0.35%
  67556 35136   114711.2480   176   114561.7010   114961.3344   786203    0.35%
  68664 35679   114601.7155   103   114561.7010   114956.1381   800213    0.34%
Elapsed time = 447.22 sec. (254355.45 ticks, tree = 50.12 MB, solutions = 1)
  69674 36124   114767.0201   203   114561.7010   114950.6900   813695    0.34%
  70831 36667        cutoff         114561.7010   114945.5822   829032    0.34%
  71975 37110   114685.6784   168   114561.7010   114939.7228   844427    0.33%
  73111 37596   114647.6913   199   114561.7010   114933.9317   859850    0.32%
  74223 38066   114793.2573   268   114561.7010   114928.1360   874628    0.32%
  75381 38582   114661.2241   255   114561.7010   114923.3414   889769    0.32%
  76571 39061        cutoff         114561.7010   114918.4211   905569    0.31%
  77663 39505   114609.9032   201   114561.7010   114913.2307   920800    0.31%
  78800 39986        cutoff         114561.7010   114908.7135   935131    0.30%
  79934 40494   114773.0425   173   114561.7010   114904.9071   949768    0.30%
Elapsed time = 514.69 sec. (292639.38 ticks, tree = 56.85 MB, solutions = 1)
  81142 40931   114625.7031   146   114561.7010   114899.1887   965113    0.29%
  82339 41333   114737.0444   218   114561.7010   114893.6987   982389    0.29%
  83411 41701   114590.1048   256   114561.7010   114889.1851   996672    0.29%
  84540 42106   114673.8326    91   114561.7010   114883.8382  1011134    0.28%
  85738 42478   114701.8443   257   114561.7010   114878.5148  1027043    0.28%
  86897 42876   114758.7323   182   114561.7010   114874.3881  1042292    0.27%
  88050 43240   114578.7571    94   114561.7010   114869.0474  1056882    0.27%
  89116 43507   114666.9455   188   114561.7010   114864.4201  1072520    0.26%
  90276 43797   114601.2100   200   114561.7010   114859.9852  1087721    0.26%
  91513 44151        cutoff         114561.7010   114855.3844  1103290    0.26%
Elapsed time = 581.33 sec. (330812.34 ticks, tree = 61.98 MB, solutions = 1)
  92740 44530   114732.6748   107   114561.7010   114851.4878  1119243    0.25%
  93842 44813   114568.2894   262   114561.7010   114847.6821  1133679    0.25%
  95031 45066        cutoff         114561.7010   114843.5488  1149104    0.25%
  96269 45478   114694.1093   168   114561.7010   114839.9759  1164318    0.24%
  97523 45837   114650.5474   160   114561.7010   114835.7334  1180405    0.24%
  98704 46008        cutoff         114561.7010   114830.6634  1196119    0.23%
  99857 46160   114612.2599   137   114561.7010   114826.3643  1211405    0.23%
 101084 46400   114636.8986   141   114561.7010   114821.7762  1227870    0.23%
 102356 46597   114653.2597   127   114561.7010   114817.2112  1245076    0.22%
 103629 46839   114644.3952   196   114561.7010   114813.2273  1260719    0.22%
Elapsed time = 647.89 sec. (369015.31 ticks, tree = 65.92 MB, solutions = 1)
 104800 47012   114663.6549   234   114561.7010   114808.9073  1275743    0.22%
 105956 47187        cutoff         114561.7010   114805.4106  1290715    0.21%
 107212 47138   114634.6074   199   114561.7010   114799.8070  1307749    0.21%
 108498 47329   114667.4901   116   114561.7010   114795.7193  1323539    0.20%
 109665 47419   114713.1910   180   114561.7010   114792.0622  1339256    0.20%
 110878 47376   114613.6961   251   114561.7010   114787.2606  1355241    0.20%
 112068 47478   114677.7333   165   114561.7010   114783.7509  1370571    0.19%
 113382 47579        cutoff         114561.7010   114779.7529  1387012    0.19%
 114679 47621   114633.1740   140   114561.7010   114775.7706  1402418    0.19%
 115956 47664        cutoff         114561.7010   114771.8960  1417151    0.18%
Elapsed time = 714.53 sec. (407177.94 ticks, tree = 67.37 MB, solutions = 1)
 117158 47572   114732.9603   127   114561.7010   114767.6077  1432989    0.18%
 118464 47650   114679.8318   191   114561.7010   114763.9285  1449760    0.18%
 119779 47695        cutoff         114561.7010   114760.3310  1465213    0.17%
 121084 47742        cutoff         114561.7010   114756.6243  1480519    0.17%
 122338 47735        cutoff         114561.7010   114752.8292  1495518    0.17%
 123540 47638   114678.2709   129   114561.7010   114749.4968  1510577    0.16%
 124817 47499   114637.6534   189   114561.7010   114745.8768  1526304    0.16%
 126181 47572        cutoff         114561.7010   114742.6228  1541193    0.16%
 127523 47343        cutoff         114561.7010   114738.3403  1558086    0.15%
 128827 47159   114563.0073   222   114561.7010   114734.5376  1574013    0.15%
Elapsed time = 780.77 sec. (445449.91 ticks, tree = 66.93 MB, solutions = 1)
 130143 46993   114601.5705   148   114561.7010   114730.9407  1588960    0.15%
 131443 46799   114652.5494    34   114561.7010   114727.6834  1604435    0.14%
 132792 46591        cutoff         114561.7010   114724.2272  1620173    0.14%
 134166 46368        cutoff         114561.7010   114720.7884  1636993    0.14%
 135512 46058   114577.1646   228   114561.7010   114717.1331  1652197    0.14%
 136796 45640   114616.6008   145   114561.7010   114713.4085  1667720    0.13%
 138133 45155        cutoff         114561.7010   114709.7571  1683604    0.13%
 139545 45047   114563.7927   210   114561.7010   114706.8005  1698120    0.13%
 140971 44667        cutoff         114561.7010   114703.1691  1714318    0.12%
 142349 44299        cutoff         114561.7010   114699.9227  1729523    0.12%
Elapsed time = 845.59 sec. (483605.79 ticks, tree = 63.31 MB, solutions = 1)
 143679 43832        cutoff         114561.7010   114696.3735  1744397    0.12%
 144968 43148   114670.5449    41   114561.7010   114692.9021  1759711    0.11%
 146410 42668        cutoff         114561.7010   114689.4086  1773613    0.11%
 147904 42377   114571.7670   110   114561.7010   114686.4191  1788164    0.11%
 149424 42119   114670.2262    85   114561.7010   114683.3290  1802073    0.11%
 150926 41849   114592.8986    57   114561.7010   114680.5767  1815126    0.10%
 152329 41274   114627.2976   147   114561.7010   114677.4253  1829107    0.10%
 153747 40599   114673.9394    73   114561.7010   114673.9386  1842613    0.10%
 155251 40175        cutoff         114561.7010   114671.0943  1855945    0.10%
 156739 39516   114629.2214    79   114561.7010   114667.7144  1869994    0.09%
Elapsed time = 911.70 sec. (521765.32 ticks, tree = 56.85 MB, solutions = 1)
 158223 38689   114644.9830    53   114561.7010   114664.0702  1884089    0.09%
 159777 38071        cutoff         114561.7010   114660.9701  1897599    0.09%
 161228 37382   114594.1687   152   114561.7010   114657.7850  1910753    0.08%
 162719 36825        cutoff         114561.7010   114655.0369  1923683    0.08%
 164242 36119        cutoff         114561.7010   114652.1279  1936944    0.08%
 165788 35258   114598.0155    41   114561.7010   114648.8581  1949536    0.08%
 167301 34607        cutoff         114561.7010   114646.1833  1962097    0.07%
 168873 33811        cutoff         114561.7010   114643.1944  1974814    0.07%
 170402 33141        cutoff         114561.7010   114640.6792  1986787    0.07%
 171922 32250        cutoff         114561.7010   114637.8848  1999002    0.07%
Elapsed time = 976.53 sec. (559923.89 ticks, tree = 46.94 MB, solutions = 1)
 173430 31261        cutoff         114561.7010   114634.9805  2010695    0.06%
 174944 30386        cutoff         114561.7010   114632.1948  2022591    0.06%
 176519 29410        cutoff         114561.7010   114629.2724  2034238    0.06%
 178076 28443        cutoff         114561.7010   114626.6221  2045703    0.06%
 179628 27355        cutoff         114561.7010   114623.7385  2056542    0.05%
 181227 26363        cutoff         114561.7010   114621.0840  2067063    0.05%
 182853 25352        cutoff         114561.7010   114618.4056  2077420    0.05%
 184371 24308        cutoff         114561.7010   114615.6354  2087608    0.05%
 185939 23226        cutoff         114561.7010   114612.8857  2097588    0.04%
 187526 22164   114610.0512    81   114561.7010   114610.2605  2107250    0.04%
Elapsed time = 1038.35 sec. (598087.10 ticks, tree = 32.92 MB, solutions = 1)
 189107 21058   114589.8057   126   114561.7010   114607.5848  2116592    0.04%
 190707 19898        cutoff         114561.7010   114604.9488  2125834    0.04%
 192327 18763        cutoff         114561.7010   114602.2916  2134878    0.04%
 193923 17513        cutoff         114561.7010   114599.4409  2143962    0.03%
 195542 16300        cutoff         114561.7010   114596.6161  2152779    0.03%
 197176 15031        cutoff         114561.7010   114593.8170  2161233    0.03%
 198798 13718        cutoff         114561.7010   114591.0020  2169316    0.03%
 200383 12443        cutoff         114561.7010   114588.2820  2177023    0.02%
 202008 11106        cutoff         114561.7010   114585.6191  2184567    0.02%
 203608  9717        cutoff         114561.7010   114582.8018  2191801    0.02%
Elapsed time = 1103.08 sec. (636243.93 ticks, tree = 15.57 MB, solutions = 1)
 205238  8287        cutoff         114561.7010   114579.9366  2198732    0.02%
 206879  6781        cutoff         114561.7010   114576.9302  2205400    0.01%
 208531  5201        cutoff         114561.7010   114573.7702  2211365    0.01%

GUB cover cuts applied:  1
Implied bound cuts applied:  283
Flow cuts applied:  138
Mixed integer rounding cuts applied:  166
Zero-half cuts applied:  1
Lift and project cuts applied:  233
Gomory fractional cuts applied:  68

Root node processing (before b&c):
  Real time             =    1.35 sec. (670.80 ticks)
Sequential b&c:
  Real time             = 1121.30 sec. (648836.22 ticks)
                          ------------
Total (root+branch&cut) = 1122.65 sec. (649507.02 ticks)
