1 of 1 MIP starts provided solutions.
MIP start 'm1' defined initial solution with objective 92339.8630.
Tried aggregator 2 times.
MIP Presolve eliminated 3 rows and 3 columns.
MIP Presolve modified 142 coefficients.
Aggregator did 2 substitutions.
Reduced MIP has 2369 rows, 1408 columns, and 14998 nonzeros.
Reduced MIP has 1110 binaries, 0 generals, 0 SOSs, and 0 indicators.
Presolve time = 0.01 sec. (7.59 ticks)
Probing time = 0.01 sec. (2.52 ticks)
Tried aggregator 1 time.
Reduced MIP has 2369 rows, 1408 columns, and 14998 nonzeros.
Reduced MIP has 1110 binaries, 0 generals, 0 SOSs, and 0 indicators.
Presolve time = 0.01 sec. (6.49 ticks)
Probing time = 0.01 sec. (2.52 ticks)
Clique table members: 1262.
MIP emphasis: balance optimality and feasibility.
MIP search method: dynamic search.
Parallel mode: none, using 1 thread.
Root relaxation solution time = 0.01 sec. (8.25 ticks)

        Nodes                                         Cuts/
   Node  Left     Objective  IInf  Best Integer    Best Bound    ItCnt     Gap

*     0+    0                        92339.8630   261086.0338      583  182.74%
      0     0    98103.0472   331    92339.8630    98103.0472      583    6.24%
      0     0    95561.0093   273    92339.8630     Cuts: 692     1004    3.49%
      0     0    94491.1452   283    92339.8630     Cuts: 692     1338    2.33%
      0     0    94042.8110   264    92339.8630     Cuts: 597     1604    1.84%
      0     0    93860.4643   296    92339.8630     Cuts: 355     1803    1.65%
      0     0    93762.8165   315    92339.8630     Cuts: 283     1963    1.54%
      0     0    93683.4279   401    92339.8630     Cuts: 212     2146    1.46%
      0     0    93653.5702   386    92339.8630     Cuts: 191     2240    1.42%
      0     0    93629.6994   398    92339.8630     Cuts: 130     2321    1.40%
      0     0    93621.3000   405    92339.8630     Cuts: 114     2383    1.39%
      0     0    93614.2499   410    92339.8630      Cuts: 58     2424    1.38%
      0     2    93614.2499   410    92339.8630    93602.9689     2424    1.37%
Elapsed time = 1.29 sec. (647.27 ticks, tree = 0.00 MB, solutions = 1)
     80    68    93379.7514   345    92339.8630    93575.5161     3821    1.34%
    180   150    92449.0711   294    92339.8630    93557.6173     5488    1.32%
    289   250    92829.5335   292    92339.8630    93540.6952     7102    1.30%
    419   370    92787.6912   209    92339.8630    93521.5368     8954    1.28%
    491   436    93094.7251   396    92339.8630    93094.0112    12201    0.82%
    492   437    93083.0989   391    92339.8630    93082.9201    12224    0.80%
    494   438    93079.2192   393    92339.8630    93079.2192    12242    0.80%
    496   439    93076.8208   389    92339.8630    93076.5017    12253    0.80%
    506   409    93043.8158   336    92339.8630    93075.2655    12520    0.80%
    533   424    92857.0059   210    92339.8630    93075.2655    13266    0.80%
Elapsed time = 15.31 sec. (7583.75 ticks, tree = 0.47 MB, solutions = 1)
    725   478    92400.3712   161    92339.8630    93042.7047    16276    0.76%
   1028   615    92455.3867   161    92339.8630    93032.0146    19861    0.75%
   1413   797    92390.0016    53    92339.8630    93029.3838    23321    0.75%
   1784  1108    92816.7914   210    92339.8630    92979.0698    27640    0.69%
   2241  1499    92376.8740   166    92339.8630    92968.8603    32017    0.68%
   2525  1714    92499.0035   281    92339.8630    92958.2945    35479    0.67%
   2839  1954    92765.1276   263    92339.8630    92939.7642    40033    0.65%
   3219  2293    92738.1180   309    92339.8630    92932.7626    45149    0.64%
   3574  2565    92638.6458   261    92339.8630    92921.4795    51917    0.63%
   3828  2766    92485.3361   209    92339.8630    92912.9698    56481    0.62%
Elapsed time = 30.51 sec. (17217.51 ticks, tree = 17.41 MB, solutions = 1)
   4140  3024    92482.4276   312    92339.8630    92902.4937    61293    0.61%
   4497  3317    92637.8374   192    92339.8630    92895.3023    65651    0.60%
   4821  3581    92505.9331   148    92339.8630    92891.6149    70446    0.60%
   5167  3846    92554.2069   190    92339.8630    92881.9953    75293    0.59%
   5613  4203    92489.0057   230    92339.8630    92869.7734    82232    0.57%
   5951  4425    92495.5845   238    92339.8630    92856.6836    88762    0.56%
   6440  4822    92524.4819   213    92339.8630    92851.4826    95862    0.55%
   6921  5201    92574.4682   179    92339.8630    92842.9067   102979    0.54%
   7289  5514    92623.8023   255    92339.8630    92839.4926   108980    0.54%
   7607  5723    92394.1718   271    92339.8630    92832.2792   115032    0.53%
Elapsed time = 45.47 sec. (26827.71 ticks, tree = 20.46 MB, solutions = 1)
   7854  5861    92417.0765   244    92339.8630    92828.1122   120359    0.53%
   8166  6099    92379.7056   195    92339.8630    92820.7379   126391    0.52%
   8510  6379    92609.1485   227    92339.8630    92817.1725   130973    0.52%
   8766  6563    92657.2036   235    92339.8630    92812.9861   134850    0.51%
   9055  6779    92409.0706   309    92339.8630    92808.5267   139249    0.51%
   9363  7009    92411.7149   217    92339.8630    92803.6138   143117    0.50%
   9682  7227    92556.0648   239    92339.8630    92800.7050   147868    0.50%
  10017  7489    92438.3676   299    92339.8630    92796.4406   153748    0.49%
  10311  7726    92367.4825   182    92339.8630    92792.9470   159047    0.49%
  10313  7728    93064.7398   371    92339.8630    92792.7146   160836    0.49%
Elapsed time = 73.57 sec. (41841.55 ticks, tree = 60.77 MB, solutions = 1)
  10319  7728    92637.3664   337    92339.8630    92792.7146   161183    0.49%
  10347  6687    92799.6030   274    92339.8630    92792.7146   161476    0.49%
  10377  6334    92607.3956   182    92339.8630    92792.7146   162083    0.49%
  10406  5990    93043.9611   322    92339.8630    92792.7146   162646    0.49%
  10439  6007    92934.0932   226    92339.8630    92792.7146   163077    0.49%
  10581  5965    92469.9616   281    92339.8630    92792.7146   164671    0.49%
  10689  5777    92738.4408   264    92339.8630    92792.7146   166581    0.49%
  10844  5629    92814.1530   220    92339.8630    92792.7146   168951    0.49%
  11043  5649    92652.0532   206    92339.8630    92792.7146   171554    0.49%
  11272  5677    92615.9387   175    92339.8630    92792.7146   174165    0.49%
Elapsed time = 88.80 sec. (51674.13 ticks, tree = 39.68 MB, solutions = 1)
  11533  5756    92763.1256   271    92339.8630    92792.7146   176950    0.49%
  11782  5788    92534.4775   165    92339.8630    92792.7146   180604    0.49%
  12059  5874    92839.6169   218    92339.8630    92792.7146   184137    0.49%
  12339  5944    92618.3357   140    92339.8630    92792.7146   188029    0.49%
  12591  5941    92466.3285   225    92339.8630    92792.7146   192356    0.49%
  12842  6028    92661.1274   221    92339.8630    92792.7146   195499    0.49%
  13050  6046    92600.5555   211    92339.8630    92792.7146   198572    0.49%
  13279  6127    92449.3757   206    92339.8630    92792.7146   201901    0.49%
  13544  6214    92423.7431   158    92339.8630    92792.7146   205276    0.49%
  13827  6272    92420.8419   198    92339.8630    92792.7146   209596    0.49%
Elapsed time = 105.70 sec. (61243.40 ticks, tree = 30.79 MB, solutions = 1)
  14068  6306    92484.6812   195    92339.8630    92792.7146   213804    0.49%
  14296  6321    92679.2652   251    92339.8630    92792.7146   217907    0.49%
  14529  6361    92662.4875   191    92339.8630    92792.7146   222640    0.49%
  14813  6438    92611.3713   178    92339.8630    92792.7146   226720    0.49%
  15115  6539    92491.3576   328    92339.8630    92792.7146   231073    0.49%
  15357  6594    92382.6449   140    92339.8630    92792.7146   235877    0.49%
  15641  6667    92399.0294   167    92339.8630    92788.3805   240858    0.49%
  15896  6681    92515.0251   236    92339.8630    92779.4252   245945    0.48%
  16141  6727    92464.1066   191    92339.8630    92775.0599   250830    0.47%
  16411  6790    92554.9709   246    92339.8630    92771.9090   256175    0.47%
Elapsed time = 122.94 sec. (70898.37 ticks, tree = 22.41 MB, solutions = 1)
  16707  6815    92419.3818   201    92339.8630    92765.4370   261313    0.46%
  16979  6913    92379.7600    46    92339.8630    92762.3523   266200    0.46%
  17247  6972        cutoff          92339.8630    92758.8532   271086    0.45%
  17486  7019    92371.6204   160    92339.8630    92752.5762   276329    0.45%
  17777  7091    92349.2355   149    92339.8630    92747.1002   281600    0.44%
  18064  7149    92482.8938   218    92339.8630    92736.0903   286848    0.43%
  18291  7154    92548.1350   238    92339.8630    92731.2318   292029    0.42%
  18587  7230        cutoff          92339.8630    92726.3571   297093    0.42%
  18855  7305    92575.8613   236    92339.8630    92721.4212   301741    0.41%
  19137  7378    92400.2636   193    92339.8630    92717.2141   306450    0.41%
Elapsed time = 140.21 sec. (80465.66 ticks, tree = 13.94 MB, solutions = 1)
  19378  7423    92444.8384   239    92339.8630    92714.7801   310414    0.41%
  19595  7408    92424.2617   191    92339.8630    92705.5883   314888    0.40%
  19876  7466    92483.5893   231    92339.8630    92698.9145   320002    0.39%
  20103  7477    92395.6154   170    92339.8630    92693.0642   325005    0.38%
  20361  7510    92484.0920   247    92339.8630    92687.8616   329809    0.38%
  20688  7584    92346.8286    77    92339.8630    92684.7159   335012    0.37%
  20957  7632    92535.9153   271    92339.8630    92681.6472   339669    0.37%
  21183  7737    92582.2477   178    92339.8630    92678.1019   344173    0.37%
  21393  7836    92466.7482   139    92339.8630    92670.3641   349587    0.36%
  21622  7956    92404.5614   225    92339.8630    92668.8092   354095    0.36%
Elapsed time = 157.10 sec. (90046.38 ticks, tree = 8.05 MB, solutions = 1)
  21812  8037    92383.7416   334    92339.8630    92663.8225   359100    0.35%
  22067  8175    92375.3720   167    92339.8630    92661.0503   365268    0.35%
  22302  8255    92518.1350   208    92339.8630    92655.6532   371565    0.34%
  22513  8353        cutoff          92339.8630    92652.4837   376660    0.34%
  22701  8428    92528.7990   105    92339.8630    92648.1774   381670    0.33%
  22931  8557    92423.6480   145    92339.8630    92645.5486   386412    0.33%
  23130  8621    92475.9056   204    92339.8630    92642.6039   391569    0.33%
  23318  8683        cutoff          92339.8630    92639.1600   397792    0.32%
  23568  8818    92386.4708   153    92339.8630    92636.4878   403440    0.32%
  24509  9277    92346.5136    80    92339.8630    92626.6391   424462    0.31%
Elapsed time = 179.34 sec. (102564.67 ticks, tree = 10.30 MB, solutions = 1)
  25421  9624    92485.7564   157    92339.8630    92614.4909   446689    0.30%
  26257  9915    92448.2731   199    92339.8630    92601.2613   469988    0.28%
  27229 10275    92339.9502   198    92339.8630    92590.6202   492132    0.27%
  28158 10609    92452.7679   189    92339.8630    92581.0758   515177    0.26%
  29072 10853        cutoff          92339.8630    92570.5215   539096    0.25%
  30035 11097    92405.3591   159    92339.8630    92559.7763   563744    0.24%
  31024 11289        cutoff          92339.8630    92545.4452   590005    0.22%
  32037 11475    92378.5117   175    92339.8630    92533.8005   614234    0.21%
  32921 11448    92368.0321   247    92339.8630    92521.6046   640492    0.20%
  33805 11446    92396.7528   115    92339.8630    92512.2591   666453    0.19%
Elapsed time = 247.50 sec. (140747.46 ticks, tree = 12.61 MB, solutions = 1)
  34725 11388    92347.1005   170    92339.8630    92501.5798   692778    0.18%
  35680 11120    92423.2104   217    92339.8630    92486.6457   722294    0.16%
  36626 10839    92366.3934   184    92339.8630    92474.0103   749196    0.15%
  37755 10515    92371.4297   152    92339.8630    92461.2315   778907    0.13%
  38988  9861        cutoff          92339.8630    92446.4138   809196    0.12%
  40337  9042        cutoff          92339.8630    92431.0080   839490    0.10%
  41782  7978        cutoff          92339.8630    92415.9589   866902    0.08%
  43513  6570    92378.7775   147    92339.8630    92399.3134   894413    0.06%
  45237  5026        cutoff          92339.8630    92383.2791   915809    0.05%
  47277  3114        cutoff          92339.8630    92367.5066   934125    0.03%
Elapsed time = 314.78 sec. (178930.94 ticks, tree = 3.88 MB, solutions = 1)

Implied bound cuts applied:  557
Flow cuts applied:  29
Mixed integer rounding cuts applied:  67
Lift and project cuts applied:  123
Gomory fractional cuts applied:  43

Root node processing (before b&c):
  Real time             =    1.29 sec. (647.17 ticks)
Sequential b&c:
  Real time             =  319.54 sec. (182216.87 ticks)
                          ------------
Total (root+branch&cut) =  320.83 sec. (182864.04 ticks)
