1 of 1 MIP starts provided solutions.
MIP start 'm1' defined initial solution with objective 21807.1516.
Tried aggregator 1 time.
MIP Presolve eliminated 3 rows and 1 columns.
Reduced MIP has 4381 rows, 2441 columns, and 30838 nonzeros.
Reduced MIP has 1942 binaries, 0 generals, 0 SOSs, and 0 indicators.
Presolve time = 0.02 sec. (10.53 ticks)
Probing time = 0.01 sec. (2.84 ticks)
Tried aggregator 1 time.
Reduced MIP has 4381 rows, 2441 columns, and 30838 nonzeros.
Reduced MIP has 1942 binaries, 0 generals, 0 SOSs, and 0 indicators.
Presolve time = 0.02 sec. (12.22 ticks)
Probing time = 0.00 sec. (2.86 ticks)
Clique table members: 542.
MIP emphasis: balance optimality and feasibility.
MIP search method: dynamic search.
Parallel mode: none, using 1 thread.
Root relaxation solution time = 0.04 sec. (24.07 ticks)

        Nodes                                         Cuts/
   Node  Left     Objective  IInf  Best Integer    Best Bound    ItCnt     Gap

*     0+    0                        21807.1515    24599.9746     1371   12.81%
      0     0    23809.5252   318    21807.1515    23809.5252     1371    9.18%
      0     0    22810.4041   230    21807.1515     Cuts: 643     1697    4.60%
      0     0    22425.1573   270    21807.1515     Cuts: 296     1957    2.83%
      0     0    22350.9632   273    21807.1515     Cuts: 142     2066    2.49%
      0     0    22330.5085   283    21807.1515      Cuts: 42     2120    2.40%
      0     0    22317.2533   295    21807.1515      Cuts: 27     2153    2.34%
      0     0    22311.8560   291    21807.1515      Cuts: 21     2187    2.31%
      0     0    22311.4735   285    21807.1515       Cuts: 8     2198    2.31%
      0     0    22311.0541   298    21807.1515       Cuts: 4     2205    2.31%
      0     2    22311.0541   298    21807.1515    22310.8906     2205    2.31%
Elapsed time = 0.97 sec. (543.88 ticks, tree = 0.00 MB, solutions = 1)
     70    72    21997.4166   172    21807.1515    22306.5554     2828    2.29%
    140   134    22070.1535   229    21807.1515    22304.6210     3412    2.28%
    208   194    21821.7871   123    21807.1515    22304.6210     3959    2.28%
    359   330    21898.4672   169    21807.1515    22303.8277     4783    2.28%
    482   443    22084.1505   226    21807.1515    22299.9296     5740    2.26%
    491   452    22001.6645   327    21807.1515    22001.6597     8795    0.89%
    492   452    22001.4568   320    21807.1515    22001.4568     8796    0.89%
    494   454    22000.4482   312    21807.1515    22001.1887     8816    0.89%
    497   457    21998.1662   308    21807.1515    22001.1887     8855    0.89%
    553   444    21810.3926   150    21807.1515    22001.1887     9358    0.89%
Elapsed time = 12.87 sec. (7029.51 ticks, tree = 0.71 MB, solutions = 1)
    631   427    21843.8939   254    21807.1515    22000.0742    10219    0.88%
    822   486    21932.0855   235    21807.1515    21996.1990    12581    0.87%
   1131   628    21910.8337   179    21807.1515    21994.8761    14279    0.86%
   1511   852    21958.7533   237    21807.1515    21988.1610    16547    0.83%
   1950  1231    21931.1426   255    21807.1515    21984.0180    19660    0.81%
   2396  1632    21819.0923   145    21807.1515    21974.6015    22534    0.77%
   2891  2066    21914.6605   239    21807.1515    21973.3621    25480    0.76%
   3433  2542    21825.6639    75    21807.1515    21972.4007    28906    0.76%
   3964  3009    21924.6064   202    21807.1515    21969.8855    32415    0.75%
   4491  3469    21868.5189   133    21807.1515    21966.7597    35837    0.73%
Elapsed time = 26.60 sec. (16662.24 ticks, tree = 5.48 MB, solutions = 1)
   5047  3956    21819.5531   126    21807.1515    21965.3695    39182    0.73%
   5637  4483    21923.1071   270    21807.1515    21962.8738    42700    0.71%
   6125  4915    21817.5249    69    21807.1515    21961.8633    46128    0.71%
   6602  5323    21866.4327   186    21807.1515    21959.5490    49772    0.70%
   7135  5797    21838.5938   133    21807.1515    21958.7107    53493    0.69%
   7691  6289    21858.1836   190    21807.1515    21957.7684    56458    0.69%
   8178  6704    21901.4887   127    21807.1515    21955.6392    59523    0.68%
   8594  7056    21815.6430   232    21807.1515    21953.9495    62515    0.67%
   9181  7555    21873.6409   205    21807.1515    21952.2695    66147    0.67%
   9653  7924    21927.2048   286    21807.1515    21951.4703    69481    0.66%
Elapsed time = 40.00 sec. (26277.41 ticks, tree = 12.50 MB, solutions = 1)
  10132  8352    21867.8858   122    21807.1515    21950.6384    73116    0.66%
  10311  8513    21852.3918   116    21807.1515    21950.3340    74223    0.66%
  10312  8514    21892.7722   265    21807.1515    21950.0317    74329    0.66%
  10809  8935    21830.9429    98    21807.1515    21948.8045    77797    0.65%
  11345  9387    21844.1374   257    21807.1515    21948.0563    80963    0.65%
  11850  9792    21861.0717   150    21807.1515    21946.9353    84566    0.64%
  12392 10247    21881.1560   242    21807.1515    21946.1474    88361    0.64%
  13000 10775    21819.8603   166    21807.1515    21945.5167    92530    0.63%
  13561 11236    21907.1233   250    21807.1515    21944.2140    96782    0.63%
  14114 11713    21858.2106   164    21807.1515    21943.3225   100763    0.62%
Elapsed time = 56.50 sec. (37277.47 ticks, tree = 18.64 MB, solutions = 1)
  14705 12227    21876.9776   154    21807.1515    21942.2497   104632    0.62%
  15299 12749    21904.7075   241    21807.1515    21941.4253   108050    0.62%
  15800 13161    21938.8503   209    21807.1515    21940.7672   111975    0.61%
  16309 13613    21833.2348   245    21807.1515    21940.0706   115326    0.61%
  16770 13980    21817.0368   183    21807.1515    21939.2599   119326    0.61%
  17305 14452    21827.5413    88    21807.1515    21938.7458   122693    0.60%
  17791 14869    21820.1409   150    21807.1515    21938.1082   125907    0.60%
  18340 15328    21886.6394   220    21807.1515    21937.1814   129629    0.60%
  18807 15700    21907.2872   195    21807.1515    21936.8442   133347    0.59%
  19384 16203    21871.5606   230    21807.1515    21936.2456   136613    0.59%
Elapsed time = 69.91 sec. (46887.33 ticks, tree = 25.65 MB, solutions = 1)
  19965 16686    21878.1954   175    21807.1515    21935.7082   140735    0.59%
  20553 17200    21875.5874   149    21807.1515    21935.1395   144566    0.59%
  21074 17623    21815.3936   140    21807.1515    21934.3357   148410    0.58%
  21563 18018    21825.3588   219    21807.1515    21933.8702   152954    0.58%
  22127 18486    21867.0968   188    21807.1515    21932.9943   157305    0.58%
  22680 18948    21893.4216   213    21807.1515    21932.2353   161437    0.57%
  23291 19498    21843.9537   167    21807.1515    21931.9456   164951    0.57%
  23822 19940    21886.2504   215    21807.1515    21931.1032   168833    0.57%
  24301 20338    21891.4344   218    21807.1515    21930.6109   172439    0.57%
  24732 20676    21878.0094   173    21807.1515    21929.9901   176011    0.56%
Elapsed time = 83.73 sec. (56440.74 ticks, tree = 33.13 MB, solutions = 1)
  25163 21022    21838.5614   210    21807.1515    21929.4815   179304    0.56%
  25593 21364    21872.8565   225    21807.1515    21929.2355   182366    0.56%
  26014 21707    21831.9398   111    21807.1515    21928.9771   185886    0.56%
  26486 22106    21875.6368   165    21807.1515    21928.6550   189066    0.56%
  26924 22432    21891.4750   186    21807.1515    21928.1757   192498    0.55%
  27411 22849    21858.1028   146    21807.1515    21927.7618   195774    0.55%
  27877 23229    21820.6288   150    21807.1515    21927.4403   199462    0.55%
  28407 23662    21817.2781    94    21807.1515    21926.9419   203200    0.55%
  28891 24052    21861.0673   165    21807.1515    21926.6592   206542    0.55%
  29417 24467    21867.9249   206    21807.1515    21926.3809   210435    0.55%
Elapsed time = 97.42 sec. (66012.86 ticks, tree = 39.12 MB, solutions = 1)
  29935 24877    21864.8485   162    21807.1515    21926.0261   214581    0.55%
  30490 25350        cutoff          21807.1515    21925.7715   218266    0.54%
  31027 25806    21834.3282   144    21807.1515    21925.5260   222241    0.54%
  31527 26214    21863.1956   181    21807.1515    21925.1327   226186    0.54%
  32095 26681    21815.2490   138    21807.1515    21924.7219   230133    0.54%
  32603 27108    21911.4308   212    21807.1515    21924.5029   233487    0.54%
  33113 27512    21868.0159   183    21807.1515    21924.0219   237191    0.54%
  33661 27981    21876.0149   173    21807.1515    21923.7155   240691    0.53%
  34158 28369    21898.5938   191    21807.1515    21923.3932   244135    0.53%
  34557 28680    21819.7553   164    21807.1515    21922.8838   247126    0.53%
Elapsed time = 110.89 sec. (75572.24 ticks, tree = 45.77 MB, solutions = 1)
  35060 29079    21907.4443   273    21807.1515    21922.6056   250929    0.53%
  35560 29484    21825.7852   237    21807.1515    21922.4163   254415    0.53%
  36042 29861    21832.4710   178    21807.1515    21922.0915   258022    0.53%
  36537 30249    21897.2508   196    21807.1515    21921.7689   261328    0.53%
  36991 30605    21819.2723   184    21807.1515    21921.5045   264928    0.52%
  37488 31024    21870.0039   149    21807.1515    21921.3813   268077    0.52%
  37982 31432    21807.7073    80    21807.1515    21921.1137   271266    0.52%
  38442 31803    21871.7983   254    21807.1515    21920.9548   274948    0.52%
  38976 32248    21866.8251   194    21807.1515    21920.6656   278885    0.52%
  39508 32692    21816.9742   148    21807.1515    21920.4461   282328    0.52%
Elapsed time = 124.50 sec. (85180.35 ticks, tree = 52.10 MB, solutions = 1)
  40001 33095    21874.5692   206    21807.1515    21920.0898   286235    0.52%
  40508 33517    21831.9591   181    21807.1515    21919.8276   289557    0.52%
  41059 33957    21849.7893   150    21807.1515    21919.5812   293369    0.52%
  41612 34413    21843.7131   268    21807.1515    21919.3382   296892    0.51%
  42106 34832    21909.5006   168    21807.1515    21919.1715   300337    0.51%
  42684 35315    21822.2899   151    21807.1515    21918.9243   304185    0.51%
  43247 35794    21855.7893   231    21807.1515    21918.7557   307975    0.51%
  43752 36179    21878.6289   182    21807.1515    21918.4388   312131    0.51%
  44329 36651    21878.8443   182    21807.1515    21918.1111   315887    0.51%
  46454 38326    21871.9147   220    21807.1515    21917.0949   331249    0.50%
Elapsed time = 141.88 sec. (97608.12 ticks, tree = 61.92 MB, solutions = 1)
  48478 39966    21849.4614   190    21807.1515    21916.2023   344633    0.50%
  50388 41508    21888.7516   216    21807.1515    21915.5191   358125    0.50%
  52253 42889    21863.2891   165    21807.1515    21914.4043   372366    0.49%
  54224 44363    21817.5199   164    21807.1515    21913.1677   387367    0.49%
  56417 46120    21880.2970   232    21807.1515    21912.3050   402420    0.48%
  58563 47850    21811.4605   146    21807.1515    21911.5318   417315    0.48%
  60744 49603    21896.4386   189    21807.1515    21910.6776   431788    0.47%
  62759 51201    21859.9058   173    21807.1515    21909.9702   446415    0.47%
  64758 52768    21836.5705   131    21807.1515    21909.2181   460668    0.47%
  66799 54361    21807.1664   144    21807.1515    21908.5979   475458    0.47%
Elapsed time = 196.54 sec. (135787.33 ticks, tree = 87.29 MB, solutions = 1)
  69055 56203    21848.4976   180    21807.1515    21908.0139   490924    0.46%
  71133 57867    21860.0345   211    21807.1515    21907.5680   505827    0.46%
  73246 59528    21860.5064   132    21807.1515    21906.9957   521216    0.46%
  75467 61325    21841.1904   165    21807.1515    21906.4750   536296    0.46%
  77660 63050    21835.7119   133    21807.1515    21905.9648   550410    0.45%
  79595 64556    21852.9233   187    21807.1515    21905.4208   564388    0.45%
  81603 66094    21811.6921   182    21807.1515    21904.8016   579397    0.45%
  83691 67677    21882.0166   256    21807.1515    21904.1518   593887    0.44%
  85694 69174    21824.9194   214    21807.1515    21903.6028   609601    0.44%
  87660 70674    21855.8030   230    21807.1515    21903.0520   624052    0.44%
Elapsed time = 251.15 sec. (173957.84 ticks, tree = 115.07 MB, solutions = 1)
  89817 72384    21877.8216   227    21807.1515    21902.5686   638869    0.44%
  91848 73936    21824.5175   178    21807.1515    21902.0956   653685    0.44%
  93863 75491    21828.1176   257    21807.1515    21901.5605   668518    0.43%
  95855 77005    21843.7883   169    21807.1515    21901.0940   683527    0.43%
  97921 78608    21813.0897   109    21807.1515    21900.5823   699953    0.43%
  99959 80153    21866.4535   227    21807.1515    21900.1947   717010    0.43%
 102077 81756        cutoff          21807.1515    21899.7299   731958    0.42%
 104169 83395    21842.5595   223    21807.1515    21899.3888   746977    0.42%
 106431 85130    21839.1986   180    21807.1515    21898.8823   762914    0.42%
 108491 86732    21822.6211   126    21807.1515    21898.4513   778533    0.42%
Elapsed time = 306.03 sec. (212131.74 ticks, tree = 140.59 MB, solutions = 1)
 110479 88199    21807.4999   108    21807.1515    21897.9979   794275    0.42%
 112527 89740    21866.2389   153    21807.1515    21897.5978   809372    0.41%
 114542 91262    21850.9846   199    21807.1515    21897.2632   825430    0.41%
 116579 92836    21849.6925   180    21807.1515    21896.8514   840860    0.41%
 118599 94326    21814.2970   233    21807.1515    21896.4380   856162    0.41%
 120553 95801    21851.2773   244    21807.1515    21896.0265   870822    0.41%
 122475 97194    21855.7862   188    21807.1515    21895.6051   885356    0.41%
 124566 98767    21831.4670   172    21807.1515    21895.2280   900735    0.40%
 126575 100207    21869.9955   167    21807.1515    21894.8200   916168    0.40%
 128616 101762    21857.7697   182    21807.1515    21894.4764   931287    0.40%
Elapsed time = 361.07 sec. (250294.86 ticks, tree = 164.58 MB, solutions = 1)
 130669 103291    21845.6948   201    21807.1515    21894.1611   946771    0.40%
 132765 104879    21867.8039   176    21807.1515    21893.7718   962281    0.40%
 134872 106456        cutoff          21807.1515    21893.3604   977974    0.40%
 136968 108045    21809.9369   257    21807.1515    21893.0962   993379    0.39%
 138896 109454    21846.9839   177    21807.1515    21892.8122  1007169    0.39%
 140916 110920    21863.3732   215    21807.1515    21892.5203  1022278    0.39%
 142891 112388    21840.7203   223    21807.1515    21892.1672  1037255    0.39%
 144939 113926        cutoff          21807.1515    21891.8583  1053547    0.39%
 146970 115396    21855.3865   190    21807.1515    21891.5095  1069950    0.39%
 149031 116950    21878.7885   205    21807.1515    21891.1966  1085641    0.39%
Elapsed time = 418.67 sec. (288484.34 ticks, tree = 188.87 MB, solutions = 1)
 151071 118430    21850.8188   171    21807.1515    21890.8904  1101293    0.38%
 153164 119940        cutoff          21807.1515    21890.5033  1118092    0.38%
 155317 121488    21829.3806   172    21807.1515    21890.1656  1133933    0.38%
 157392 122962    21833.8134   133    21807.1515    21889.8533  1150402    0.38%
 159427 124458    21853.2088   212    21807.1515    21889.5552  1166141    0.38%
 161485 125980    21836.8684   233    21807.1515    21889.2669  1181408    0.38%
 163612 127561    21823.1823   164    21807.1515    21889.0058  1196999    0.38%
 165599 128972    21830.0353   203    21807.1515    21888.7107  1213440    0.37%
 167648 130370    21840.1816   141    21807.1515    21888.4323  1229266    0.37%
 169842 131984        cutoff          21807.1515    21888.1361  1246209    0.37%
Elapsed time = 473.77 sec. (326640.45 ticks, tree = 214.66 MB, solutions = 1)
 172003 133582        cutoff          21807.1515    21887.8643  1262564    0.37%
 174155 135119    21826.2310   146    21807.1515    21887.5857  1279184    0.37%
 176349 136673    21854.4750   228    21807.1515    21887.3260  1296319    0.37%
 178552 138266    21870.8773   201    21807.1515    21887.0566  1312721    0.37%
 180632 139736    21830.0802   155    21807.1515    21886.8134  1330309    0.37%
 182787 141251    21864.9893   202    21807.1515    21886.5012  1346271    0.36%
 184814 142726    21824.8256   188    21807.1515    21886.3185  1362267    0.36%
 186922 144265        cutoff          21807.1515    21886.0824  1378251    0.36%
 189036 145760    21843.4572   137    21807.1515    21885.7689  1394709    0.36%
 191091 147210    21850.9190   114    21807.1515    21885.5383  1410037    0.36%
Elapsed time = 528.22 sec. (364799.65 ticks, tree = 239.08 MB, solutions = 1)
 193323 148819    21846.8591   186    21807.1515    21885.2731  1426693    0.36%
 195451 150342    21834.7236   147    21807.1515    21885.0260  1442353    0.36%
 197587 151860    21849.3330   205    21807.1515    21884.7909  1458570    0.36%
 199833 153496    21858.6656   192    21807.1515    21884.5083  1475876    0.35%
 202044 155058    21832.7201   154    21807.1515    21884.2596  1492578    0.35%
 204223 156633    21842.8610   194    21807.1515    21884.0486  1508897    0.35%
 206491 158296    21847.8075   130    21807.1515    21883.8479  1525180    0.35%
 208598 159793    21839.5368   198    21807.1515    21883.6228  1540721    0.35%
 210740 161286    21837.6233   187    21807.1515    21883.3868  1557445    0.35%
 212856 162785    21838.0245   166    21807.1515    21883.1075  1573436    0.35%
Elapsed time = 583.61 sec. (403026.87 ticks, tree = 265.18 MB, solutions = 1)
 214916 164209    21816.2271   185    21807.1515    21882.9203  1589811    0.35%
 216844 165537    21808.7656   175    21807.1515    21882.7207  1605134    0.35%
 218891 166982    21850.0611   189    21807.1515    21882.5219  1620398    0.35%
 220860 168384    21836.3996   236    21807.1515    21882.3176  1635654    0.34%
 222907 169803    21856.9282   179    21807.1515    21882.0948  1652627    0.34%
 224922 171192    21862.6538   198    21807.1515    21881.8842  1668580    0.34%
 227027 172657    21853.8544   173    21807.1515    21881.7051  1684858    0.34%
 229184 174184    21862.9097   172    21807.1515    21881.5159  1701339    0.34%
 231334 175685    21823.9024   183    21807.1515    21881.3328  1717648    0.34%
 233517 177216    21844.0456   183    21807.1515    21881.1363  1733926    0.34%
Elapsed time = 638.91 sec. (441229.67 ticks, tree = 288.44 MB, solutions = 1)
 235501 178573    21855.7585   189    21807.1515    21880.9529  1749459    0.34%
 237636 180068    21847.1590   199    21807.1515    21880.7533  1765595    0.34%
 239731 181510    21849.3177   231    21807.1515    21880.5752  1781842    0.34%
 241824 182926    21867.3202   195    21807.1515    21880.3929  1798068    0.34%
 243859 184297    21815.7779   224    21807.1515    21880.1533  1813980    0.33%
 245825 185593    21821.1424   262    21807.1515    21879.9567  1829476    0.33%
 247957 187096    21813.3606   160    21807.1515    21879.7875  1846214    0.33%
 250082 188541    21855.8237   203    21807.1515    21879.6082  1862613    0.33%
 252194 189984    21862.6544   200    21807.1515    21879.4346  1879395    0.33%
 254321 191381    21839.9277   145    21807.1515    21879.2095  1896426    0.33%
Elapsed time = 694.72 sec. (479416.13 ticks, tree = 312.63 MB, solutions = 1)
 256497 192900    21831.4940   230    21807.1515    21879.0469  1913356    0.33%
 258639 194374    21840.7657   177    21807.1515    21878.8373  1930895    0.33%
 260814 195946    21870.6179   144    21807.1515    21878.6962  1946699    0.33%
 262805 197283        cutoff          21807.1515    21878.5458  1962025    0.33%
 264712 198541    21837.1908   121    21807.1515    21878.3681  1977829    0.33%
 266723 199920    21706.0109    99    21807.1515    21878.2065  1993767    0.33%
 268792 201305    21871.3472   205    21807.1515    21878.0282  2010760    0.33%
 270961 202799    21830.0183   207    21807.1515    21877.8472  2027307    0.32%
 273048 204243    21810.2209   115    21807.1515    21877.6834  2043869    0.32%
 275254 205741    21868.3626   150    21807.1515    21877.5022  2060243    0.32%
Elapsed time = 750.56 sec. (517579.85 ticks, tree = 335.87 MB, solutions = 1)
 277438 207301    21849.5554   209    21807.1515    21877.3659  2076511    0.32%
 279713 208847    21808.2069   140    21807.1515    21877.1834  2093093    0.32%
 281911 210339    21834.7813   181    21807.1515    21877.0193  2110922    0.32%
 284014 211731    21813.0814   189    21807.1515    21876.8526  2127981    0.32%
 286113 213144    21829.7550   164    21807.1515    21876.6824  2145429    0.32%
 288123 214532    21844.5018   209    21807.1515    21876.5649  2160644    0.32%
 290076 215825    21837.7030   138    21807.1515    21876.4343  2176289    0.32%
 292206 217302    21808.0890   102    21807.1515    21876.3036  2192506    0.32%
 294274 218663    21807.2464   186    21807.1515    21876.1362  2208802    0.32%
 296335 220015    21827.4433   207    21807.1515    21875.9633  2225573    0.32%
Elapsed time = 805.36 sec. (555742.21 ticks, tree = 359.02 MB, solutions = 1)
 298388 221328    21843.0133   184    21807.1515    21875.7975  2242474    0.31%
 300478 222726    21829.0570   206    21807.1515    21875.6471  2258633    0.31%
 302588 224182    21863.1738   202    21807.1515    21875.5102  2274636    0.31%
 304691 225586    21812.5799   191    21807.1515    21875.3574  2291692    0.31%
 306874 227062    21823.1610   174    21807.1515    21875.1881  2308926    0.31%
 309026 228473    21832.2784   147    21807.1515    21875.0741  2325632    0.31%
 311236 229978    21839.8692   178    21807.1515    21874.9279  2342456    0.31%
 313421 231428    21835.4466   148    21807.1515    21874.7670  2360103    0.31%
 315351 232683    21839.6784   182    21807.1515    21874.6268  2375384    0.31%
 317524 234115    21822.8162   213    21807.1515    21874.4862  2392669    0.31%
Elapsed time = 861.20 sec. (593907.48 ticks, tree = 383.50 MB, solutions = 1)
 319723 235574        cutoff          21807.1515    21874.3303  2410255    0.31%
 321858 237021        cutoff          21807.1515    21874.1773  2426818    0.31%
 324021 238455    21828.7070   132    21807.1515    21874.0368  2443680    0.31%
 326105 239856    21812.8722   260    21807.1515    21873.8962  2459584    0.31%
 328254 241236        cutoff          21807.1515    21873.7440  2476658    0.31%
 330384 242643    21821.6160   154    21807.1515    21873.5987  2494978    0.30%
 332491 243998    21831.7219   198    21807.1515    21873.4644  2511254    0.30%
 334683 245444    21848.2733   228    21807.1515    21873.3359  2528347    0.30%
 336745 246809    21851.8955   244    21807.1515    21873.1899  2543913    0.30%
 338872 248208    21810.6849   193    21807.1515    21873.0500  2559860    0.30%
Elapsed time = 916.55 sec. (632180.63 ticks, tree = 406.40 MB, solutions = 1)
 340939 249560    21843.3788   190    21807.1515    21872.9175  2576157    0.30%
 342976 250918    21824.3388   140    21807.1515    21872.7978  2592204    0.30%
 345151 252355    21848.4489   180    21807.1515    21872.6690  2608919    0.30%
 347359 253846    21822.1584   126    21807.1515    21872.5427  2625766    0.30%
 349502 255215    21810.7041   146    21807.1515    21872.3980  2643095    0.30%
 351690 256667    21827.5704   160    21807.1515    21872.2786  2660782    0.30%
 353898 258142    21840.6114   144    21807.1515    21872.1698  2677844    0.30%
 356060 259592    21831.4863   195    21807.1515    21872.0528  2694303    0.30%
 358166 261041    21860.6116   196    21807.1515    21871.9548  2709928    0.30%
 360254 262401    21811.5702   200    21807.1515    21871.8206  2726789    0.30%
Elapsed time = 972.20 sec. (670343.91 ticks, tree = 429.46 MB, solutions = 1)
 362482 263908    21818.0442   168    21807.1515    21871.6895  2743071    0.30%
 364499 265154    21828.6727   155    21807.1515    21871.5684  2759771    0.30%
 366703 266591    21844.4482   216    21807.1515    21871.4441  2775283    0.29%
 368865 268030    21821.7756   207    21807.1515    21871.3238  2791705    0.29%
 371013 269439        cutoff          21807.1515    21871.2172  2808178    0.29%
 373169 270821    21858.4923   138    21807.1515    21871.0951  2824385    0.29%
 375328 272159    21862.0428   158    21807.1515    21870.9626  2841392    0.29%
 377566 273626    21844.7734   169    21807.1515    21870.8472  2858112    0.29%
 379719 275076    21807.6051   143    21807.1515    21870.7271  2873544    0.29%
 381795 276425    21830.1396   224    21807.1515    21870.6187  2889450    0.29%
Elapsed time = 1027.86 sec. (708500.16 ticks, tree = 454.17 MB, solutions = 1)
 383932 277776    21817.2014   202    21807.1515    21870.5133  2906247    0.29%
 386162 279264    21837.8102   151    21807.1515    21870.4032  2922695    0.29%
 388337 280708    21811.2970   178    21807.1515    21870.2937  2939182    0.29%
 390427 282028        cutoff          21807.1515    21870.1757  2955548    0.29%
 392407 283341    21814.8982   103    21807.1515    21870.0778  2970464    0.29%
 394523 284715    21826.0738   220    21807.1515    21869.9658  2986469    0.29%
 396747 286175    21837.3349   168    21807.1515    21869.8513  3002088    0.29%
 398868 287494    21829.5555   132    21807.1515    21869.7321  3018717    0.29%
 400945 288812    21848.3691   220    21807.1515    21869.6096  3034436    0.29%
 403068 290161        cutoff          21807.1515    21869.5022  3050312    0.29%
Elapsed time = 1084.49 sec. (746664.04 ticks, tree = 476.57 MB, solutions = 1)
 405203 291495    21823.9972   140    21807.1515    21869.3911  3066446    0.29%
 407291 292778    21813.1946   146    21807.1515    21869.2551  3083612    0.28%
 409484 294174    21814.4455   182    21807.1515    21869.1330  3100914    0.28%
 411673 295590    21840.4148   151    21807.1515    21869.0334  3118618    0.28%
 413889 296982    21850.1404   147    21807.1515    21868.9233  3135591    0.28%
 416062 298332    21817.1879   154    21807.1515    21868.7915  3152652    0.28%
 418316 299755    21833.8116   135    21807.1515    21868.6638  3169340    0.28%
 420479 301106    21837.2535   183    21807.1515    21868.5472  3186739    0.28%
 422705 302537    21857.4813   174    21807.1515    21868.4296  3203128    0.28%
 424911 303902    21815.6272   160    21807.1515    21868.2884  3221046    0.28%
Elapsed time = 1138.79 sec. (784832.20 ticks, tree = 499.01 MB, solutions = 1)
 427076 305307    21810.8797   172    21807.1515    21868.1988  3237436    0.28%
 429138 306545    21814.7559   157    21807.1515    21868.0912  3253277    0.28%
 431291 307880    21840.1160   131    21807.1515    21867.9644  3270371    0.28%
 433412 309193    21836.2141   185    21807.1515    21867.8474  3287722    0.28%
 435580 310523    21827.6256    92    21807.1515    21867.7500  3303446    0.28%
 437736 311831    21828.7202   151    21807.1515    21867.6330  3320286    0.28%
 439930 313254    21852.1996   208    21807.1515    21867.5374  3336802    0.28%
 442041 314635    21831.1458   209    21807.1515    21867.4342  3353290    0.28%
 444177 315985    21816.6551   229    21807.1515    21867.3330  3369404    0.28%
 446308 317381        cutoff          21807.1515    21867.2317  3385768    0.28%
Elapsed time = 1194.33 sec. (823021.27 ticks, tree = 521.04 MB, solutions = 1)
 448519 318767    21832.3826   187    21807.1515    21867.1249  3402891    0.28%
 450725 320150    21808.5968    32    21807.1515    21867.0131  3420019    0.27%
 452887 321502    21809.3722   158    21807.1515    21866.8984  3437752    0.27%
 454988 322805    21828.0907   161    21807.1515    21866.8129  3455208    0.27%
 457097 324122    21858.4707   216    21807.1515    21866.7037  3473136    0.27%
 459321 325542    21825.6626   194    21807.1515    21866.6019  3490291    0.27%
 461523 326924    21816.9935   134    21807.1515    21866.5129  3506854    0.27%
 463691 328293    21833.1466   163    21807.1515    21866.4292  3522878    0.27%
 465782 329548    21814.4650   202    21807.1515    21866.3224  3539759    0.27%
 467781 330781    21827.6012   113    21807.1515    21866.2327  3554992    0.27%
Elapsed time = 1248.66 sec. (861241.37 ticks, tree = 545.21 MB, solutions = 1)
 469796 331981    21864.8527   233    21807.1515    21866.1450  3571054    0.27%
 471936 333270        cutoff          21807.1515    21866.0513  3588866    0.27%
 473904 334375    21810.1950   120    21807.1515    21865.9330  3605418    0.27%
 475932 335609    21835.1897   155    21807.1515    21865.8520  3621517    0.27%
 478042 336948    21859.8904   161    21807.1515    21865.7674  3637892    0.27%
 480213 338348        cutoff          21807.1515    21865.6823  3654113    0.27%
 482346 339649    21817.8932   167    21807.1515    21865.5903  3670762    0.27%
 484551 341025    21858.8809   165    21807.1515    21865.4892  3687748    0.27%
 486755 342377    21807.3585   238    21807.1515    21865.3895  3705290    0.27%
 488909 343659    21848.5469   197    21807.1515    21865.2935  3722558    0.27%
Elapsed time = 1303.17 sec. (899431.20 ticks, tree = 566.35 MB, solutions = 1)
 491138 345047    21816.0505   170    21807.1515    21865.2062  3739057    0.27%
 493328 346381    21833.4734   212    21807.1515    21865.1044  3756318    0.27%
 495341 347635    21857.8782   176    21807.1515    21865.0149  3772026    0.27%
 497461 348980    21816.6012   137    21807.1515    21864.9286  3787933    0.26%
 499560 350271    21845.8790   144    21807.1515    21864.8409  3803703    0.26%
 501663 351467    21837.5378   172    21807.1515    21864.7334  3820520    0.26%
 503788 352764        cutoff          21807.1515    21864.6481  3836383    0.26%
 505856 354023    21834.3513   140    21807.1515    21864.5557  3852289    0.26%
 508008 355333    21855.9812   180    21807.1515    21864.4711  3869105    0.26%
 510104 356637    21818.3245   136    21807.1515    21864.3836  3885701    0.26%
Elapsed time = 1356.72 sec. (937590.09 ticks, tree = 587.66 MB, solutions = 1)
 512287 357933    21816.6987    98    21807.1515    21864.2874  3902475    0.26%
 514457 359291    21839.7113   170    21807.1515    21864.2087  3921203    0.26%
 516619 360615        cutoff          21807.1515    21864.1283  3942303    0.26%
 518811 361890    21835.2556   175    21807.1515    21864.0336  3964766    0.26%
 520801 363034    21808.4650   163    21807.1515    21863.9475  3986098    0.26%
 522891 364310    21837.2061   151    21807.1515    21863.8580  4006841    0.26%
 524980 365538    21820.5534   120    21807.1515    21863.7776  4023212    0.26%
 527129 366829    21822.1046   159    21807.1515    21863.6946  4039916    0.26%
 529259 368096    21841.1090   175    21807.1515    21863.6158  4056102    0.26%
 531411 369355    21807.2108   189    21807.1515    21863.5287  4073717    0.26%
Elapsed time = 1410.67 sec. (975773.23 ticks, tree = 608.58 MB, solutions = 1)
 533529 370586    21830.0880   175    21807.1515    21863.4331  4090950    0.26%
 535699 371816    21823.2216   197    21807.1515    21863.3397  4108183    0.26%
 537874 373098    21839.4547   177    21807.1515    21863.2647  4125442    0.26%
 539984 374357    21825.7700   182    21807.1515    21863.1792  4141929    0.26%
 542095 375637    21815.5811   188    21807.1515    21863.0956  4158497    0.26%
 544303 377013        cutoff          21807.1515    21863.0053  4174899    0.26%
 546492 378341        cutoff          21807.1515    21862.9241  4191252    0.26%
 548664 379639    21820.4482   198    21807.1515    21862.8532  4207301    0.26%
 550781 380886    21857.3831   181    21807.1515    21862.7597  4223354    0.25%
 552837 382124    21822.9425   185    21807.1515    21862.6929  4238950    0.25%
Elapsed time = 1463.80 sec. (1013942.61 ticks, tree = 629.60 MB, solutions = 1)
 554989 383439    21815.4411   210    21807.1515    21862.6136  4254659    0.25%
 557100 384669    21812.9185   173    21807.1515    21862.5320  4271176    0.25%
 559255 385933    21844.5988   205    21807.1515    21862.4584  4288470    0.25%
 561366 387126    21808.6086   133    21807.1515    21862.3656  4305742    0.25%
 563580 388468    21810.3500   118    21807.1515    21862.2789  4322265    0.25%
 565789 389710        cutoff          21807.1515    21862.1834  4339227    0.25%
 567895 390970    21812.8723   143    21807.1515    21862.1046  4355687    0.25%
 570067 392251    21835.5343   127    21807.1515    21862.0234  4372579    0.25%
 572194 393453    21812.5103   153    21807.1515    21861.9349  4390010    0.25%
 574338 394684    21831.2778   123    21807.1515    21861.8590  4406623    0.25%
Elapsed time = 1518.60 sec. (1052109.31 ticks, tree = 652.99 MB, solutions = 1)
 576459 395962    21854.0909   146    21807.1515    21861.7910  4422578    0.25%
 578572 397172    21835.3911   114    21807.1515    21861.7122  4439321    0.25%
 580651 398341    21845.6559   163    21807.1515    21861.6228  4456197    0.25%
 582726 399594        cutoff          21807.1515    21861.5533  4471923    0.25%
 584853 400817    21817.7339   200    21807.1515    21861.4652  4488552    0.25%
 586891 402035    21836.5216   120    21807.1515    21861.4035  4503694    0.25%
 589022 403322    21809.9123   166    21807.1515    21861.3322  4519956    0.25%
 591109 404579    21825.1720   212    21807.1515    21861.2624  4535515    0.25%
 593146 405786    21833.1065   166    21807.1515    21861.1913  4551195    0.25%
 595262 407075    21834.5263   135    21807.1515    21861.1264  4566592    0.25%
Elapsed time = 1572.50 sec. (1090289.35 ticks, tree = 673.39 MB, solutions = 1)
 597281 408195    21825.7907   144    21807.1515    21861.0504  4582408    0.25%
 599327 409355    21808.8019   184    21807.1515    21860.9801  4600199    0.25%
 601491 410608    21817.2420   176    21807.1515    21860.9169  4616507    0.25%
 603709 411849        cutoff          21807.1515    21860.8230  4633999    0.25%
 605745 413008    21824.1627   199    21807.1515    21860.7438  4650327    0.25%
 607819 414159        cutoff          21807.1515    21860.6635  4666696    0.25%
 609958 415406    21829.5162   177    21807.1515    21860.5950  4686042    0.25%
 612072 416640        cutoff          21807.1515    21860.5299  4707561    0.24%
 614136 417771        cutoff          21807.1515    21860.4561  4729514    0.24%
 616213 418992    21842.5646   172    21807.1515    21860.3837  4746262    0.24%
Elapsed time = 1626.72 sec. (1128448.82 ticks, tree = 693.07 MB, solutions = 1)
 618371 420216        cutoff          21807.1515    21860.3132  4762751    0.24%
 620568 421462    21843.3949   238    21807.1515    21860.2339  4780078    0.24%
 622584 422592    21828.4774   169    21807.1515    21860.1571  4796297    0.24%
 624626 423779    21857.4476   165    21807.1515    21860.0948  4812469    0.24%
 626670 424881        cutoff          21807.1515    21860.0100  4828260    0.24%
 628720 426047    21825.2556   201    21807.1515    21859.9468  4843841    0.24%
 630391 426951    21836.6973   151    21807.1515    21859.8845  4856453    0.24%
 632469 428072    21829.4640   185    21807.1515    21859.8010  4872549    0.24%
 634506 429234    21853.5237   164    21807.1515    21859.7404  4887918    0.24%
 636527 430359    21849.6980   193    21807.1515    21859.6601  4905069    0.24%
Elapsed time = 1680.87 sec. (1166612.07 ticks, tree = 711.86 MB, solutions = 1)
 638611 431428    21808.2724   228    21807.1515    21859.5763  4921827    0.24%
 640725 432558    21854.7513   150    21807.1515    21859.4925  4938938    0.24%
 642898 433811    21830.2154   237    21807.1515    21859.4179  4955639    0.24%
 645170 435215    21812.5446   149    21807.1515    21859.3584  4972119    0.24%
 647221 436378    21820.2104   112    21807.1515    21859.2905  4987952    0.24%
 649355 437560    21828.3060   128    21807.1515    21859.2113  5004945    0.24%
 651535 438837    21812.7494   113    21807.1515    21859.1344  5021075    0.24%
 653590 439915    21856.0743   140    21807.1515    21859.0582  5039471    0.24%
 655725 441112    21835.6410   160    21807.1515    21858.9853  5056237    0.24%
 657857 442336    21832.2026   124    21807.1515    21858.9122  5072874    0.24%
Elapsed time = 1734.61 sec. (1204772.04 ticks, tree = 731.64 MB, solutions = 1)
 659982 443481    21820.2514   112    21807.1515    21858.8399  5090517    0.24%
 662176 444711    21822.3148   169    21807.1515    21858.7624  5108033    0.24%
 664343 445937    21816.7384   130    21807.1515    21858.6988  5124319    0.24%
 666560 447184        cutoff          21807.1515    21858.6351  5140789    0.24%
 668725 448336    21816.9088   153    21807.1515    21858.5572  5158484    0.24%
 670810 449463    21843.2201    98    21807.1515    21858.4943  5175302    0.24%
 672955 450630    21832.4215   152    21807.1515    21858.4377  5192763    0.24%
 674873 451574    21812.1741   191    21807.1515    21858.3556  5210355    0.23%
 676778 452564    21825.8737   228    21807.1515    21858.2899  5226332    0.23%
 678864 453752    21808.3503   151    21807.1515    21858.2179  5243240    0.23%
Elapsed time = 1788.99 sec. (1242929.84 ticks, tree = 750.54 MB, solutions = 1)
 680975 454910    21808.1253   115    21807.1515    21858.1505  5259582    0.23%
 683050 456076    21835.4114   178    21807.1515    21858.0852  5275583    0.23%
 685110 457224    21825.2891   175    21807.1515    21858.0245  5291764    0.23%
 687103 458299    21820.5823   132    21807.1515    21857.9592  5307917    0.23%
 689202 459458    21826.3384   217    21807.1515    21857.8933  5323673    0.23%
 691349 460699    21827.8473   194    21807.1515    21857.8307  5339707    0.23%
 693374 461749    21818.4245   138    21807.1515    21857.7606  5356307    0.23%
 695456 462951    21812.5833   187    21807.1515    21857.6996  5371438    0.23%
 697459 464052    21813.3880   164    21807.1515    21857.6403  5386632    0.23%
 699540 465167    21814.2519   173    21807.1515    21857.5695  5403306    0.23%
Elapsed time = 1846.37 sec. (1281081.83 ticks, tree = 769.43 MB, solutions = 1)
 701721 466346        cutoff          21807.1515    21857.5015  5420005    0.23%
 703903 467524    21841.6840   186    21807.1515    21857.4337  5435961    0.23%
 706058 468754        cutoff          21807.1515    21857.3743  5452574    0.23%
 708290 470010    21811.3113   137    21807.1515    21857.3110  5469875    0.23%
 710346 471182    21818.4692   156    21807.1515    21857.2534  5485101    0.23%
 712534 472405    21828.2630   174    21807.1515    21857.1766  5502710    0.23%
 714644 473537    21823.0504   206    21807.1515    21857.1053  5520539    0.23%
 716767 474654    21818.2445   181    21807.1515    21857.0381  5537341    0.23%
 718896 475818        cutoff          21807.1515    21856.9709  5553300    0.23%
 720969 476900        cutoff          21807.1515    21856.8946  5570680    0.23%
Elapsed time = 1901.62 sec. (1319239.11 ticks, tree = 792.09 MB, solutions = 1)
 723054 477959    21825.6776   180    21807.1515    21856.8274  5587262    0.23%
 725208 479150        cutoff          21807.1515    21856.7687  5603809    0.23%
 727217 480187    21853.1239   177    21807.1515    21856.7069  5620185    0.23%
 729292 481221    21810.0004   162    21807.1515    21856.6406  5636917    0.23%
 731406 482303    21822.4685   151    21807.1515    21856.5775  5653783    0.23%
 733486 483409    21825.1028   155    21807.1515    21856.5161  5670385    0.23%
 735618 484586    21844.8325   145    21807.1515    21856.4597  5686958    0.23%
 737710 485672    21810.4032   124    21807.1515    21856.3993  5703861    0.23%
 739851 486817    21814.3092   156    21807.1515    21856.3355  5721202    0.23%
 741891 487834    21810.6572   157    21807.1515    21856.2631  5738029    0.23%
Elapsed time = 1957.02 sec. (1357398.40 ticks, tree = 810.23 MB, solutions = 1)
 743893 488972    21818.4428   144    21807.1515    21856.2119  5752778    0.22%
 745913 490007    21817.3503   211    21807.1515    21856.1480  5771274    0.22%
 748083 491191    21827.8736   171    21807.1515    21856.0858  5793310    0.22%
 750239 492344        cutoff          21807.1515    21856.0165  5812108    0.22%
 752358 493478    21835.9970   177    21807.1515    21855.9497  5829061    0.22%
 754495 494598    21846.7963   145    21807.1515    21855.8828  5849582    0.22%
 756580 495619    21809.3589   183    21807.1515    21855.8168  5867440    0.22%
 758812 496783    21825.0953   123    21807.1515    21855.7542  5884588    0.22%
 760988 497956    21809.0786   205    21807.1515    21855.6932  5901175    0.22%
 763121 499055    21807.2617   211    21807.1515    21855.6321  5917332    0.22%
Elapsed time = 2013.51 sec. (1395556.82 ticks, tree = 828.84 MB, solutions = 1)
 765183 500124        cutoff          21807.1515    21855.5794  5933803    0.22%
 767301 501274    21807.4876   212    21807.1515    21855.5329  5950007    0.22%
 769399 502332    21840.6932   189    21807.1515    21855.4722  5967836    0.22%
 771501 503431    21844.2104   167    21807.1515    21855.4093  5984140    0.22%
 773560 504522    21825.7013   243    21807.1515    21855.3506  6000976    0.22%
 775484 505553        cutoff          21807.1515    21855.2968  6016068    0.22%
 777454 506557    21843.0058   166    21807.1515    21855.2289  6031761    0.22%
 779501 507623    21851.3273   155    21807.1515    21855.1718  6048132    0.22%
 781542 508643    21814.5759   143    21807.1515    21855.1057  6064891    0.22%
 783588 509713    21823.3219   149    21807.1515    21855.0503  6081005    0.22%
Elapsed time = 2068.85 sec. (1433725.08 ticks, tree = 846.54 MB, solutions = 1)
 785738 510842    21844.2850   194    21807.1515    21854.9895  6097368    0.22%
 787916 511984    21811.1128   146    21807.1515    21854.9218  6114994    0.22%
 790059 513087    21808.4434   128    21807.1515    21854.8697  6131735    0.22%
 792164 514064    21830.5128   148    21807.1515    21854.8038  6149444    0.22%
 794275 515136        cutoff          21807.1515    21854.7452  6166472    0.22%
 796451 516250    21815.5559   179    21807.1515    21854.6878  6183904    0.22%
 798601 517396    21815.0071   203    21807.1515    21854.6260  6202278    0.22%
 800626 518406    21814.0513   187    21807.1515    21854.5729  6218837    0.22%
 802596 519405    21824.7338   213    21807.1515    21854.5172  6234890    0.22%
 804691 520445    21829.0404   226    21807.1515    21854.4573  6251445    0.22%
Elapsed time = 2123.50 sec. (1471891.81 ticks, tree = 864.37 MB, solutions = 1)
 806738 521522    21820.6522   169    21807.1515    21854.4024  6267471    0.22%
 808781 522595    21818.8475   215    21807.1515    21854.3475  6283026    0.22%
 810745 523552    21829.7121    58    21807.1515    21854.2851  6299504    0.22%
 812906 524695    21813.2967   146    21807.1515    21854.2271  6315635    0.22%
 815028 525803    21834.8409   230    21807.1515    21854.1718  6331395    0.22%
 817115 526848    21830.0575   191    21807.1515    21854.1187  6348593    0.22%
 819228 527888    21818.7819   189    21807.1515    21854.0578  6365213    0.22%
 821285 528875    21839.8722   126    21807.1515    21854.0030  6381296    0.21%
 823394 529896    21839.9404   187    21807.1515    21853.9367  6398410    0.21%
 825498 530975    21826.8699    99    21807.1515    21853.8854  6414429    0.21%
Elapsed time = 2178.88 sec. (1510049.45 ticks, tree = 881.88 MB, solutions = 1)
 827548 532016        cutoff          21807.1515    21853.8279  6430250    0.21%
 829651 532972        cutoff          21807.1515    21853.7657  6447613    0.21%
 831711 534017    21815.2214   117    21807.1515    21853.7120  6464384    0.21%
 833867 535089        cutoff          21807.1515    21853.6483  6480824    0.21%
 835978 536175    21827.4630   131    21807.1515    21853.5885  6497026    0.21%
 837991 537186        cutoff          21807.1515    21853.5347  6512639    0.21%
 839981 538235    21832.4858   196    21807.1515    21853.4869  6528108    0.21%
 842085 539293    21834.0668   160    21807.1515    21853.4254  6544681    0.21%
 844083 540303    21830.7027   204    21807.1515    21853.3779  6560932    0.21%
 846187 541346    21827.5872   168    21807.1515    21853.3196  6577102    0.21%
Elapsed time = 2232.88 sec. (1548217.83 ticks, tree = 899.13 MB, solutions = 1)
 848327 542403    21822.5860   112    21807.1515    21853.2607  6594660    0.21%
 850434 543438    21849.0307   156    21807.1515    21853.2035  6611422    0.21%
 852511 544469    21821.1243   177    21807.1515    21853.1523  6627859    0.21%
 854721 545592    21841.2322   159    21807.1515    21853.0988  6644022    0.21%
 856828 546596    21811.8728    95    21807.1515    21853.0403  6660653    0.21%
 858966 547754    21824.9407   149    21807.1515    21852.9925  6676947    0.21%
 861135 548823    21841.7118   139    21807.1515    21852.9424  6694029    0.21%
 863204 549881    21810.5402    94    21807.1515    21852.8903  6710508    0.21%
 865296 550852    21819.8605   110    21807.1515    21852.8263  6728207    0.21%
 867491 551920    21835.6999   165    21807.1515    21852.7685  6745296    0.21%
Elapsed time = 2287.54 sec. (1586384.85 ticks, tree = 916.74 MB, solutions = 1)
 869691 553015    21829.0280   174    21807.1515    21852.7183  6762305    0.21%
 871820 554044    21837.1379   143    21807.1515    21852.6603  6779180    0.21%
 873954 555073    21841.5655   163    21807.1515    21852.6057  6796043    0.21%
 876101 556170    21828.6808   131    21807.1515    21852.5519  6811830    0.21%
 878186 557161        cutoff          21807.1515    21852.4907  6828165    0.21%
 880237 558178    21818.8952   134    21807.1515    21852.4410  6844592    0.21%
 882407 559214    21825.5515   171    21807.1515    21852.3813  6861424    0.21%
 884533 560284    21827.2245   183    21807.1515    21852.3323  6877961    0.21%
 886719 561330    21827.4955   202    21807.1515    21852.2758  6895368    0.21%
 888891 562449    21835.9576   169    21807.1515    21852.2276  6912121    0.21%
Elapsed time = 2342.73 sec. (1624556.08 ticks, tree = 934.28 MB, solutions = 1)
 891006 563522    21820.7546   180    21807.1515    21852.1838  6928574    0.21%
 893161 564599    21820.8828   125    21807.1515    21852.1303  6944950    0.21%
 895333 565635    21827.3336   123    21807.1515    21852.0812  6962398    0.21%
 897410 566616    21821.4667   122    21807.1515    21852.0259  6979184    0.21%
 899571 567643    21825.8683   163    21807.1515    21851.9747  6996507    0.21%
 901690 568693    21815.9878   159    21807.1515    21851.9216  7012642    0.21%
 903825 569715    21820.3025   161    21807.1515    21851.8631  7029461    0.21%
 905971 570690    21820.9008   224    21807.1515    21851.8024  7046993    0.20%
 908015 571748    21818.6154   193    21807.1515    21851.7536  7062778    0.20%
 910127 572816        cutoff          21807.1515    21851.7035  7078825    0.20%
Elapsed time = 2398.34 sec. (1662717.54 ticks, tree = 955.48 MB, solutions = 1)
 912191 573838        cutoff          21807.1515    21851.6551  7096497    0.20%
 914272 574838    21827.0650   168    21807.1515    21851.6028  7112849    0.20%
 916348 575843    21827.1322   115    21807.1515    21851.5497  7129482    0.20%
 918456 576808    21807.4567   114    21807.1515    21851.4910  7147162    0.20%
 920516 577831        cutoff          21807.1515    21851.4449  7163572    0.20%
 922614 578852    21842.4946   187    21807.1515    21851.3932  7180489    0.20%
 924756 579891    21815.3851   185    21807.1515    21851.3429  7197310    0.20%
 926866 580896    21837.3213   130    21807.1515    21851.2903  7214576    0.20%
 928865 581894    21844.0492   149    21807.1515    21851.2487  7230196    0.20%
 930904 582822    21827.4039   157    21807.1515    21851.1921  7246573    0.20%
Elapsed time = 2453.32 sec. (1700873.62 ticks, tree = 972.17 MB, solutions = 1)
 933001 583826        cutoff          21807.1515    21851.1399  7262612    0.20%
 935088 584841    21829.9860   144    21807.1515    21851.0917  7278718    0.20%
 937163 585845    21834.9671   180    21807.1515    21851.0363  7295013    0.20%
 939289 586859    21818.7004    41    21807.1515    21850.9899  7311672    0.20%
 941333 587841    21847.9334   201    21807.1515    21850.9424  7327331    0.20%
 943377 588802    21822.2948   185    21807.1515    21850.8913  7343450    0.20%
 945407 589776        cutoff          21807.1515    21850.8444  7359371    0.20%
 947472 590788    21817.9617   148    21807.1515    21850.7999  7375473    0.20%
 949511 591699    21808.8927   111    21807.1515    21850.7504  7391936    0.20%
 951625 592695    21832.5133   197    21807.1515    21850.6948  7409007    0.20%
Elapsed time = 2507.86 sec. (1739031.41 ticks, tree = 988.66 MB, solutions = 1)
 953755 593716    21820.7737   202    21807.1515    21850.6485  7429514    0.20%
 955781 594632    21813.7244   181    21807.1515    21850.6025  7447174    0.20%
 957656 595464    21808.3147   176    21807.1515    21850.5543  7463495    0.20%
 959691 596338    21843.2118   136    21807.1515    21850.5007  7480426    0.20%
 961780 597313    21813.7173   188    21807.1515    21850.4519  7497031    0.20%
 963950 598371    21813.4994   129    21807.1515    21850.4025  7514104    0.20%
 965990 599296    21823.1026   175    21807.1515    21850.3603  7530365    0.20%
 967996 600297    21816.6678   212    21807.1515    21850.3177  7546878    0.20%
 969988 601260    21836.6962   189    21807.1515    21850.2719  7562599    0.20%
 972078 602271    21843.6602   165    21807.1515    21850.2250  7580116    0.20%
Elapsed time = 2566.20 sec. (1777231.88 ticks, tree = 1004.66 MB, solutions = 1)
 974132 603257    21815.2995   159    21807.1515    21850.1755  7595787    0.20%
 976217 604195    21825.0771   220    21807.1515    21850.1276  7612446    0.20%
 978337 605128    21824.7599   206    21807.1515    21850.0744  7629164    0.20%
 980445 606186    21820.4001   196    21807.1515    21850.0365  7645353    0.20%
 982444 607103    21813.9693   154    21807.1515    21849.9902  7661043    0.20%
 984422 607974        cutoff          21807.1515    21849.9331  7676834    0.20%
 986342 608833    21849.5753   173    21807.1515    21849.8874  7691520    0.20%
 988291 609740    21811.7289   131    21807.1515    21849.8399  7707189    0.20%
 990411 610862        cutoff          21807.1515    21849.8001  7722931    0.20%
 992434 611859    21842.5326   171    21807.1515    21849.7575  7737756    0.20%
Elapsed time = 2620.38 sec. (1815399.06 ticks, tree = 1020.70 MB, solutions = 1)
 994508 612803    21824.8722   156    21807.1515    21849.7065  7754446    0.20%
 996500 613702    21809.5136   182    21807.1515    21849.6589  7771473    0.19%
 998635 614780    21820.2680   214    21807.1515    21849.6126  7787414    0.19%
 1000769 615790    21830.0083   176    21807.1515    21849.5678  7803186    0.19%
 1002795 616681        cutoff          21807.1515    21849.5160  7819675    0.19%
 1004926 617607    21829.1568   203    21807.1515    21849.4627  7836991    0.19%
 1007058 618574    21812.0010   155    21807.1515    21849.4139  7854157    0.19%
 1009122 619520    21829.2598   143    21807.1515    21849.3671  7871073    0.19%
 1011055 620343    21840.4330   139    21807.1515    21849.3170  7887382    0.19%
 1013074 621182        cutoff          21807.1515    21849.2671  7904320    0.19%
Elapsed time = 2673.90 sec. (1853552.55 ticks, tree = 1036.33 MB, solutions = 1)
 1015145 622154    21814.1796   148    21807.1515    21849.2208  7920160    0.19%
 1017291 623096    21807.3302   102    21807.1515    21849.1718  7937149    0.19%
 1019424 624084        cutoff          21807.1515    21849.1232  7953726    0.19%
 1021511 625000        cutoff          21807.1515    21849.0763  7970632    0.19%
 1023689 626090    21787.3594   198    21807.1515    21849.0279  7986647    0.19%
 1025676 627059    21817.9225   188    21807.1515    21848.9894  8002108    0.19%
 1027632 627841    21838.6831   153    21807.1515    21848.9371  8018418    0.19%
 1029684 628728        cutoff          21807.1515    21848.8889  8035602    0.19%
 1031745 629647    21820.3257   161    21807.1515    21848.8416  8052108    0.19%
 1033775 630567    21829.9798   140    21807.1515    21848.8014  8067840    0.19%
Elapsed time = 2726.70 sec. (1891715.30 ticks, tree = 1052.05 MB, solutions = 1)
 1035789 631537    21811.1847    76    21807.1515    21848.7594  8082623    0.19%
 1037732 632405    21833.4251   173    21807.1515    21848.7168  8098271    0.19%
 1039862 633397    21827.2040   127    21807.1515    21848.6697  8114334    0.19%
 1041931 634370    21828.5908   174    21807.1515    21848.6226  8130013    0.19%
 1044050 635392    21841.6765   163    21807.1515    21848.5817  8145871    0.19%
 1046193 636366        cutoff          21807.1515    21848.5381  8162923    0.19%
 1048280 637284    21812.7933   137    21807.1515    21848.4928  8180233    0.19%
 1050421 638213    21830.7069   156    21807.1515    21848.4407  8197440    0.19%
 1052550 639142        cutoff          21807.1515    21848.3975  8214128    0.19%
 1054653 640074    21841.4077   174    21807.1515    21848.3480  8230794    0.19%
Elapsed time = 2780.20 sec. (1929872.26 ticks, tree = 1067.99 MB, solutions = 1)
 1056790 641036        cutoff          21807.1515    21848.3008  8247111    0.19%
 1058720 641879    21819.7321   146    21807.1515    21848.2543  8262789    0.19%
 1060677 642729    21820.6212   125    21807.1515    21848.2132  8278275    0.19%
 1062773 643711    21817.4737   171    21807.1515    21848.1729  8294174    0.19%
 1064786 644640    21820.4531   158    21807.1515    21848.1296  8311141    0.19%
 1066923 645636        cutoff          21807.1515    21848.0863  8332362    0.19%
 1069071 646523    21828.3223   168    21807.1515    21848.0360  8353972    0.19%
 1071168 647431        cutoff          21807.1515    21847.9911  8375083    0.19%
 1073357 648432    21821.2272   186    21807.1515    21847.9481  8395422    0.19%
 1075466 649392        cutoff          21807.1515    21847.9052  8415730    0.19%
Elapsed time = 2834.80 sec. (1968040.20 ticks, tree = 1083.61 MB, solutions = 1)
 1077517 650273    21812.5581   129    21807.1515    21847.8619  8436333    0.19%
 1079533 651148    21812.2432   175    21807.1515    21847.8229  8457397    0.19%
 1081529 652056    21824.8834   142    21807.1515    21847.7788  8478243    0.19%
 1083536 652948        cutoff          21807.1515    21847.7388  8497438    0.19%
 1085531 653743    21808.5501   129    21807.1515    21847.6915  8514349    0.19%
 1087498 654649        cutoff          21807.1515    21847.6501  8529875    0.19%
 1089565 655581    21839.7422   176    21807.1515    21847.6054  8548837    0.19%
 1091583 656415        cutoff          21807.1515    21847.5655  8565375    0.19%
 1093513 657208    21808.5610   119    21807.1515    21847.5256  8581426    0.19%
 1095589 658098        cutoff          21807.1515    21847.4773  8597400    0.18%
Elapsed time = 2889.79 sec. (2006209.54 ticks, tree = 1098.23 MB, solutions = 1)
 1097627 658959    21811.9820   123    21807.1515    21847.4348  8614396    0.18%
 1099789 659915    21816.6677   142    21807.1515    21847.3908  8632628    0.18%
 1101952 660906    21813.8975   158    21807.1515    21847.3467  8649480    0.18%
 1104072 661935    21809.3650   229    21807.1515    21847.3083  8665684    0.18%
 1106228 662840    21847.0310   170    21807.1515    21847.2553  8683091    0.18%
 1108385 663774    21822.1465   180    21807.1515    21847.2143  8700820    0.18%
 1110501 664603    21821.9943   197    21807.1515    21847.1683  8718268    0.18%
 1112543 665472        cutoff          21807.1515    21847.1262  8734216    0.18%
 1114610 666459    21812.5481   157    21807.1515    21847.0856  8749753    0.18%
 1116712 667307    21821.1569   130    21807.1515    21847.0366  8768760    0.18%
Elapsed time = 2944.59 sec. (2044365.82 ticks, tree = 1113.70 MB, solutions = 1)
 1118723 668183        cutoff          21807.1515    21846.9952  8786014    0.18%
 1120800 669029    21822.9020   122    21807.1515    21846.9444  8804234    0.18%
 1122954 669965    21843.5592   179    21807.1515    21846.8990  8821660    0.18%
 1125051 670819        cutoff          21807.1515    21846.8556  8839446    0.18%
 1127152 671695    21825.2242   134    21807.1515    21846.8114  8859728    0.18%
 1129280 672628    21810.6495   202    21807.1515    21846.7611  8880365    0.18%
 1131352 673566    21830.1939   147    21807.1515    21846.7199  8897798    0.18%
 1133545 674565    21825.3551   143    21807.1515    21846.6753  8919363    0.18%
 1135559 675497    21823.3505   150    21807.1515    21846.6359  8937878    0.18%
 1137624 676322    21830.0287   198    21807.1515    21846.5890  8955075    0.18%
Elapsed time = 2999.56 sec. (2082520.81 ticks, tree = 1133.57 MB, solutions = 1)
 1139679 677230    21829.9491   162    21807.1515    21846.5478  8971659    0.18%
 1141662 678023    21844.1973   180    21807.1515    21846.5055  8988687    0.18%
 1143744 678923    21831.0154   125    21807.1515    21846.4609  9005642    0.18%
 1145781 679707    21826.5101   223    21807.1515    21846.4182  9023053    0.18%
 1147881 680597    21813.2395   178    21807.1515    21846.3774  9039442    0.18%
 1149966 681454        cutoff          21807.1515    21846.3379  9056660    0.18%
 1152091 682428    21815.9033   150    21807.1515    21846.2989  9072964    0.18%
 1154133 683262        cutoff          21807.1515    21846.2584  9090496    0.18%
 1156233 684035    21817.1227   152    21807.1515    21846.2109  9108710    0.18%
 1158398 684913    21815.3861   148    21807.1515    21846.1679  9126809    0.18%
Elapsed time = 3053.32 sec. (2120698.01 ticks, tree = 1148.05 MB, solutions = 1)
 1160500 685777    21838.0354   192    21807.1515    21846.1263  9143955    0.18%
 1162581 686671    21808.4779   167    21807.1515    21846.0898  9162065    0.18%
 1164674 687544    21824.2439   141    21807.1515    21846.0519  9179062    0.18%
 1166811 688349        cutoff          21807.1515    21846.0076  9197689    0.18%
 1168893 689070    21838.7810   172    21807.1515    21845.9626  9216589    0.18%
 1170896 689882        cutoff          21807.1515    21845.9238  9234725    0.18%
 1172891 690668    21839.4954   187    21807.1515    21845.8843  9251546    0.18%
 1174975 691465        cutoff          21807.1515    21845.8412  9269881    0.18%
 1176990 692239    21808.1145   205    21807.1515    21845.8000  9287150    0.18%
 1179147 693142    21816.5772   165    21807.1515    21845.7608  9307264    0.18%
Elapsed time = 3106.59 sec. (2158889.47 ticks, tree = 1161.96 MB, solutions = 1)
 1181235 693931        cutoff          21807.1515    21845.7158  9325645    0.18%
 1183328 694719    21809.5416   178    21807.1515    21845.6691  9342994    0.18%
 1185379 695490    21834.4802   161    21807.1515    21845.6279  9360331    0.18%
 1187422 696238    21823.9335   231    21807.1515    21845.5845  9378513    0.18%
 1189463 697071        cutoff          21807.1515    21845.5424  9396053    0.18%
 1191577 697914    21829.3853   194    21807.1515    21845.5007  9414155    0.18%
 1193627 698700    21813.3941   181    21807.1515    21845.4610  9432007    0.18%
 1195677 699509        cutoff          21807.1515    21845.4185  9449682    0.18%
 1197738 700300        cutoff          21807.1515    21845.3807  9468195    0.18%
 1199860 701149    21832.1850   128    21807.1515    21845.3401  9486178    0.18%
Elapsed time = 3159.74 sec. (2197051.61 ticks, tree = 1175.55 MB, solutions = 1)
 1201926 701925    21841.0631   191    21807.1515    21845.2963  9505356    0.17%
 1204003 702741    21829.6940   135    21807.1515    21845.2568  9524201    0.17%
 1206128 703512    21821.6201   171    21807.1515    21845.2132  9542778    0.17%
 1208208 704291    21832.2260   186    21807.1515    21845.1737  9561060    0.17%
 1210333 705147    21844.6350   193    21807.1515    21845.1310  9578779    0.17%
 1212474 706020    21834.2437   160    21807.1515    21845.0923  9598122    0.17%
 1214573 706789    21817.8940   149    21807.1515    21845.0515  9616254    0.17%
 1216663 707555        cutoff          21807.1515    21845.0133  9635037    0.17%
 1218700 708322        cutoff          21807.1515    21844.9735  9652601    0.17%
 1220813 709103        cutoff          21807.1515    21844.9327  9671030    0.17%
Elapsed time = 3213.31 sec. (2235208.91 ticks, tree = 1189.09 MB, solutions = 1)
 1222968 710032    21820.7625   159    21807.1515    21844.8929  9688323    0.17%
 1225061 710842    21825.5646   141    21807.1515    21844.8487  9706320    0.17%
 1227185 711675        cutoff          21807.1515    21844.8095  9723686    0.17%
 1229231 712468    21838.1521   186    21807.1515    21844.7756  9740792    0.17%
 1231262 713215    21814.3325   187    21807.1515    21844.7361  9757989    0.17%
 1232091 713518    21811.4763   217    21807.1515    21844.7184  9765101    0.17%
 1232691 713721    21809.3329   203    21807.1515    21844.7065  9770354    0.17%
 1233391 713944    21814.3601   129    21807.1515    21844.6893  9776668    0.17%
 1233691 714013    21827.3015   209    21807.1515    21844.6816  9779574    0.17%
 1233891 714077    21825.7151   156    21807.1515    21844.6775  9781436    0.17%
Elapsed time = 3276.31 sec. (2276202.00 ticks, tree = 1197.54 MB, solutions = 1)
 1234091 714139    21835.9608   173    21807.1515    21844.6737  9783469    0.17%
 1234391 714268    21819.6293   232    21807.1515    21844.6679  9785966    0.17%
 1234591 714337    21816.6488   140    21807.1515    21844.6638  9787777    0.17%
 1234791 714401    21822.4333   183    21807.1515    21844.6578  9789590    0.17%
 1234891 714449    21836.6393   125    21807.1515    21844.6568  9790357    0.17%
 1234991 714475    21828.7024   154    21807.1515    21844.6545  9791266    0.17%
 1235191 714564    21809.9407   146    21807.1515    21844.6503  9793156    0.17%
 1235391 714616    21829.8924   181    21807.1515    21844.6447  9795428    0.17%
 1235591 714681    21826.0901   133    21807.1515    21844.6415  9797414    0.17%
 1235691 714727    21816.2741   132    21807.1515    21844.6399  9798098    0.17%
Elapsed time = 3366.61 sec. (2330717.89 ticks, tree = 1198.65 MB, solutions = 1)
 1235991 714817    21814.5819   121    21807.1515    21844.6339  9800692    0.17%
 1236191 714881    21822.8149   178    21807.1515    21844.6290  9802478    0.17%
 1236391 714957    21817.6724   221    21807.1515    21844.6250  9804199    0.17%
 1236491 714986    21807.1871   151    21807.1515    21844.6228  9805243    0.17%
 1237515 715341    21811.0437   139    21807.1515    21844.6033  9814634    0.17%
 1238991 715971    21818.3543   118    21807.1515    21844.5823  9825761    0.17%
 1240116 716363    21808.8843   175    21807.1515    21844.5607  9835462    0.17%
 1241291 716785    21830.3960   143    21807.1515    21844.5412  9845537    0.17%
 1242691 717353    21810.3965   138    21807.1515    21844.5148  9856944    0.17%
 1243991 717860    21812.1907   164    21807.1515    21844.4889  9867658    0.17%
Elapsed time = 3448.21 sec. (2379436.90 ticks, tree = 1203.97 MB, solutions = 1)
 1245091 718277    21812.3145   142    21807.1515    21844.4690  9876730    0.17%
 1246354 718718        cutoff          21807.1515    21844.4407  9887384    0.17%
 1247491 719129    21832.2786   120    21807.1515    21844.4174  9897998    0.17%
 1248793 719646    21828.1780   192    21807.1515    21844.3959  9908247    0.17%
 1250136 720136    21819.7512   181    21807.1515    21844.3671  9919541    0.17%
 1251391 720548    21816.2595   169    21807.1515    21844.3389  9930405    0.17%
 1252691 721071    21821.9029   154    21807.1515    21844.3181  9940767    0.17%
 1254071 721531    21824.5985   151    21807.1515    21844.2879  9953085    0.17%
 1255265 721952        cutoff          21807.1515    21844.2662  9963339    0.17%
 1256591 722444    21817.9426   151    21807.1515    21844.2414  9974601    0.17%
Elapsed time = 3510.90 sec. (2418137.68 ticks, tree = 1211.80 MB, solutions = 1)
 1257707 722879    21818.8001   157    21807.1515    21844.2231  9983654    0.17%
 1258891 723290    21807.7736   139    21807.1515    21844.1971  9994096    0.17%
 1260239 723769    21815.6727   132    21807.1515    21844.1693 10005677    0.17%
 1261582 724192    21825.0994   138    21807.1515    21844.1382 10017231    0.17%
 1262991 724694    21816.1945   160    21807.1515    21844.1104 10029159    0.17%
 1264202 725147        cutoff          21807.1515    21844.0868 10039624    0.17%
 1265620 725692    21810.2343   174    21807.1515    21844.0621 10050778    0.17%
 1267149 726298        cutoff          21807.1515    21844.0367 10063624    0.17%
 1268396 726763    21832.2421   186    21807.1515    21844.0142 10073769    0.17%
 1269907 727295    21807.3903   157    21807.1515    21843.9856 10086161    0.17%
Elapsed time = 3573.51 sec. (2458325.57 ticks, tree = 1220.08 MB, solutions = 1)
 1271280 727801    21833.3739   153    21807.1515    21843.9587 10098789    0.17%
 1272486 728248    21814.9408   185    21807.1515    21843.9327 10108694    0.17%
 1273591 728634    21813.7592   143    21807.1515    21843.9093 10118482    0.17%
 1275091 729180    21826.5590   190    21807.1515    21843.8757 10131270    0.17%

Implied bound cuts applied:  192
Flow cuts applied:  46
Mixed integer rounding cuts applied:  76
Lift and project cuts applied:  91
Gomory fractional cuts applied:  143

Root node processing (before b&c):
  Real time             =    0.97 sec. (543.75 ticks)
Sequential b&c:
  Real time             = 3599.03 sec. (2474273.59 ticks)
                          ------------
Total (root+branch&cut) = 3600.00 sec. (2474817.34 ticks)
