1 of 1 MIP starts provided solutions.
MIP start 'm1' defined initial solution with objective 16215.3172.
Tried aggregator 2 times.
MIP Presolve eliminated 11 rows and 9 columns.
MIP Presolve modified 6054 coefficients.
Aggregator did 1 substitutions.
Reduced MIP has 3024 rows, 1809 columns, and 17485 nonzeros.
Reduced MIP has 1410 binaries, 0 generals, 0 SOSs, and 0 indicators.
Presolve time = 0.02 sec. (11.65 ticks)
Probing time = 0.01 sec. (2.64 ticks)
Tried aggregator 1 time.
Reduced MIP has 3024 rows, 1809 columns, and 17485 nonzeros.
Reduced MIP has 1410 binaries, 0 generals, 0 SOSs, and 0 indicators.
Presolve time = 0.02 sec. (7.74 ticks)
Probing time = 0.01 sec. (2.63 ticks)
Clique table members: 202.
MIP emphasis: balance optimality and feasibility.
MIP search method: dynamic search.
Parallel mode: none, using 1 thread.
Root relaxation solution time = 0.01 sec. (6.84 ticks)

        Nodes                                         Cuts/
   Node  Left     Objective  IInf  Best Integer    Best Bound    ItCnt     Gap

*     0+    0                        16215.3172    70227.0315      485  333.09%
      0     0    17925.6039   264    16215.3172    17925.6039      485   10.55%
      0     0    16902.8334   202    16215.3172     Cuts: 680      827    4.24%
      0     0    16605.9567   224    16215.3172     Cuts: 498     1090    2.41%
      0     0    16551.9488   251    16215.3172     Cuts: 192     1220    2.08%
      0     0    16538.7878   261    16215.3172      Cuts: 75     1286    1.99%
      0     0    16532.8735   260    16215.3172      Cuts: 38     1322    1.96%
      0     0    16532.1158   258    16215.3172      Cuts: 25     1334    1.95%
      0     0    16531.2922   261    16215.3172      Cuts: 17     1344    1.95%
      0     2    16531.2922   261    16215.3172    16531.2899     1344    1.95%
Elapsed time = 0.62 sec. (326.32 ticks, tree = 0.00 MB, solutions = 1)
     88    82    16461.9605   214    16215.3172    16522.6917     2585    1.90%
    220   204    16505.6009   249    16215.3172    16514.5090     3834    1.85%
    362   331    16505.0581   248    16215.3172    16510.6482     5539    1.82%
    520   474    16497.6326   243    16215.3172    16508.2144     7489    1.81%
    679   617        cutoff          16215.3172    16507.1339     9705    1.80%
    844   766    16462.9661   235    16215.3172    16499.5449    11193    1.75%
    980   889    16263.7569   204    16215.3172    16496.0543    12711    1.73%
   1044   950    16404.2922   302    16215.3172    16404.2343    15108    1.17%
   1046   952    16402.3499   280    16215.3172    16403.3553    15232    1.16%
   1062   961    16304.9613   229    16215.3172    16401.9602    15912    1.15%
Elapsed time = 10.81 sec. (6588.97 ticks, tree = 1.22 MB, solutions = 1)
   1184   974    16262.9845   124    16215.3172    16401.5603    18265    1.15%
   1466  1048    16326.6177   260    16215.3172    16394.3306    22444    1.10%
   1804  1184    16332.3104   229    16215.3172    16385.2255    26826    1.05%
   2086  1296    16334.0221   182    16215.3172    16381.1427    31461    1.02%
   2443  1449    16337.6113   243    16215.3172    16378.1160    36005    1.00%
   2804  1604    16342.5331   196    16215.3172    16374.0692    40702    0.98%
   3190  1883    16319.0514   176    16215.3172    16371.2339    45903    0.96%
   3658  2287    16333.0459   153    16215.3172    16369.1186    51612    0.95%
   4102  2674    16274.1429   184    16215.3172    16367.0823    57433    0.94%
   4693  3198    16225.1914    71    16215.3172    16365.7162    63569    0.93%
Elapsed time = 25.90 sec. (16175.47 ticks, tree = 3.94 MB, solutions = 1)
   5218  3647    16350.0445   235    16215.3172    16364.0227    69764    0.92%
   5741  4117    16237.9579   186    16215.3172    16362.2320    75817    0.91%
   6240  4546    16253.0380   194    16215.3172    16360.4160    81410    0.89%
   6648  4888    16218.9146   227    16215.3172    16359.0660    85938    0.89%
   7203  5362    16304.5903   157    16215.3172    16357.6095    92051    0.88%
   7717  5814    16218.6136   136    16215.3172    16356.2359    97103    0.87%
   8200  6214        cutoff          16215.3172    16355.1047   102746    0.86%
   8702  6664    16243.5274    92    16215.3172    16354.4144   107887    0.86%
   9129  7014    16268.3571   227    16215.3172    16353.6604   114027    0.85%
   9576  7389    16291.9942   242    16215.3172    16352.6019   120588    0.85%
Elapsed time = 40.40 sec. (25773.00 ticks, tree = 8.96 MB, solutions = 1)
  10110  7836    16253.3138   205    16215.3172    16351.7129   127273    0.84%
  10475  8136    16241.6569   252    16215.3172    16350.7235   133124    0.84%
  10788  8379    16245.3691   221    16215.3172    16349.8798   138903    0.83%
  11075  8609    16241.2069   213    16215.3172    16349.5612   143929    0.83%
  11484  8962    16260.9625   157    16215.3172    16348.7331   149454    0.82%
  11485  8963    16327.8264   225    16215.3172    16348.6311   149556    0.82%
  11868  9287    16301.3668   208    16215.3172    16347.8474   155111    0.82%
  12410  9754    16270.5871   198    16215.3172    16347.1949   160794    0.81%
  12921 10188    16329.4778   247    16215.3172    16346.8986   166955    0.81%
  13406 10602    16296.1154   156    16215.3172    16346.4089   173236    0.81%
Elapsed time = 62.08 sec. (37014.25 ticks, tree = 12.98 MB, solutions = 1)
  13880 10962    16258.3995   209    16215.3172    16345.2945   180105    0.80%
  14446 11427    16283.8055   199    16215.3172    16344.3036   186660    0.80%
  14906 11806    16237.3247   167    16215.3172    16343.6355   192923    0.79%
  15357 12166    16226.3003   161    16215.3172    16342.9604   199123    0.79%
  15670 12413    16243.1425   204    16215.3172    16342.6287   204672    0.79%
  15987 12655    16275.1634   178    16215.3172    16342.1644   210218    0.78%
  16328 12918    16246.8064   252    16215.3172    16341.6850   216345    0.78%
  16690 13218    16299.5392   206    16215.3172    16341.2304   221759    0.78%
  17037 13484    16286.9357   205    16215.3172    16340.5930   227602    0.77%
  17436 13802        cutoff          16215.3172    16340.1692   233667    0.77%
Elapsed time = 77.03 sec. (46597.52 ticks, tree = 16.78 MB, solutions = 1)
  17869 14165        cutoff          16215.3172    16339.8149   239966    0.77%
  18353 14577    16225.6720   202    16215.3172    16339.1572   246136    0.76%
  18735 14886    16297.5779   195    16215.3172    16338.6508   252414    0.76%
  19212 15280    16246.5845   190    16215.3172    16338.1477   259605    0.76%
  19685 15670        cutoff          16215.3172    16337.8340   266491    0.76%
  20157 16058    16238.2664   226    16215.3172    16337.2995   272915    0.75%
  20564 16362    16236.4031   259    16215.3172    16336.6617   279627    0.75%
  20924 16640    16231.9449   144    16215.3172    16336.4764   285795    0.75%
  21339 16986    16252.3165   218    16215.3172    16336.0710   291960    0.74%
  21762 17327    16231.8910   135    16215.3172    16335.7603   298204    0.74%
Elapsed time = 92.31 sec. (56180.20 ticks, tree = 21.43 MB, solutions = 1)
  22164 17660    16295.8580   225    16215.3172    16335.2376   303941    0.74%
  22584 18008    16222.0894   119    16215.3172    16334.9937   309610    0.74%
  22961 18317    16310.5317   264    16215.3172    16334.4348   316176    0.73%
  23376 18665    16312.7628   249    16215.3172    16334.1110   322430    0.73%
  23799 18995    16286.5443   237    16215.3172    16333.9135   329163    0.73%
  24173 19281    16243.1628   241    16215.3172    16333.6632   336146    0.73%
  24590 19613    16293.3283   192    16215.3172    16333.3486   343251    0.73%
  24965 19905        cutoff          16215.3172    16332.9666   349216    0.73%
  25379 20232    16225.2731   220    16215.3172    16332.6869   355789    0.72%
  25811 20587    16283.9882   197    16215.3172    16332.3986   362527    0.72%
Elapsed time = 107.58 sec. (65749.74 ticks, tree = 25.30 MB, solutions = 1)
  26192 20879    16316.1698   237    16215.3172    16332.1649   369607    0.72%
  26643 21249    16259.6034   269    16215.3172    16331.7256   376920    0.72%
  27033 21550    16278.8751   215    16215.3172    16331.4297   383262    0.72%
  27438 21887    16231.7708   208    16215.3172    16331.1142   389460    0.71%
  27748 22119    16234.9917   253    16215.3172    16330.6113   395940    0.71%
  28087 22377    16270.3633   189    16215.3172    16330.2610   402171    0.71%
  28414 22628    16245.7350   180    16215.3172    16329.8608   408364    0.71%
  28789 22902    16230.8192   216    16215.3172    16329.5575   414918    0.70%
  29076 23119    16282.8358   213    16215.3172    16329.2832   421252    0.70%
  29450 23382    16292.4677   268    16215.3172    16328.8795   427736    0.70%
Elapsed time = 123.67 sec. (75356.73 ticks, tree = 28.63 MB, solutions = 1)
  29853 23693    16256.5871   256    16215.3172    16328.4656   434882    0.70%
  30211 23945    16251.0576   211    16215.3172    16328.1952   442107    0.70%
  30625 24262    16255.0496   175    16215.3172    16327.8097   449242    0.69%
  31055 24604    16240.7377   153    16215.3172    16327.5893   455785    0.69%
  31383 24840    16269.0804   239    16215.3172    16327.2945   463311    0.69%
  31797 25163    16269.8032   236    16215.3172    16327.1353   470785    0.69%
  32171 25453    16274.7515   237    16215.3172    16326.8595   478074    0.69%
  32555 25746    16258.6642   232    16215.3172    16326.5664   485579    0.69%
  32874 25979    16236.2921   212    16215.3172    16326.3554   492129    0.68%
  33228 26241    16276.8855   211    16215.3172    16326.0854   498426    0.68%
Elapsed time = 139.30 sec. (84949.08 ticks, tree = 32.05 MB, solutions = 1)
  33613 26541    16292.1573   264    16215.3172    16325.7882   504613    0.68%
  33894 26741    16276.5003   227    16215.3172    16325.4789   511044    0.68%
  34249 27008    16221.5044   240    16215.3172    16325.3012   516943    0.68%
  34426 27122    16294.9024   200    16215.3172    16325.1403   521491    0.68%
  34770 27385    16220.6203    60    16215.3172    16324.9496   528029    0.68%
  35116 27640    16258.0026   205    16215.3172    16324.7981   535392    0.68%
  35359 27801    16221.3029   198    16215.3172    16324.5422   541516    0.67%
  35628 27995    16253.7754   230    16215.3172    16324.2983   547973    0.67%
  35945 28230    16222.7175   274    16215.3172    16324.0722   554460    0.67%
  37196 29175    16220.1784   210    16215.3172    16323.4426   581301    0.67%
Elapsed time = 159.55 sec. (97427.11 ticks, tree = 35.70 MB, solutions = 1)
  38587 30224    16298.5528   286    16215.3172    16322.5432   609460    0.66%
  39989 31264    16238.0696   112    16215.3172    16321.7316   637437    0.66%
  41357 32271    16291.1772   261    16215.3172    16321.0319   663954    0.65%
  42646 33177        cutoff          16215.3172    16320.1569   691280    0.65%
  43870 34003    16224.4767   211    16215.3172    16319.0969   719992    0.64%
  45257 35021    16273.9822   179    16215.3172    16318.2024   748230    0.63%
  46573 35936    16219.1570   114    16215.3172    16317.4541   776854    0.63%
  47810 36770    16241.3726   265    16215.3172    16316.6898   804429    0.63%
  49206 37800    16264.4936   189    16215.3172    16316.0373   831215    0.62%
  50654 38793    16263.7890   220    16215.3172    16315.2900   859481    0.62%
Elapsed time = 221.84 sec. (135611.88 ticks, tree = 48.32 MB, solutions = 1)
  52189 39938    16225.3830   145    16215.3172    16314.5736   888196    0.61%
  53569 40928    16233.8128   128    16215.3172    16313.8482   916491    0.61%
  54939 41944    16223.5958   233    16215.3172    16313.2405   944806    0.60%
  56349 43018    16256.8794   197    16215.3172    16312.6225   972115    0.60%
  57697 43985    16258.1488   159    16215.3172    16311.8689   998839    0.60%
  58955 44885    16256.7266   192    16215.3172    16311.3577  1025882    0.59%
  60355 45876    16238.4289   188    16215.3172    16310.6164  1055015    0.59%
  61790 46883    16272.6725   255    16215.3172    16309.9588  1084782    0.58%
  63196 47889    16226.2451   232    16215.3172    16309.2380  1112688    0.58%
  64518 48814    16281.1083   242    16215.3172    16308.6992  1139778    0.58%
Elapsed time = 284.80 sec. (173781.49 ticks, tree = 60.41 MB, solutions = 1)
  65889 49779    16274.6979   191    16215.3172    16308.0223  1168154    0.57%
  67177 50687    16227.5153   128    16215.3172    16307.5234  1195519    0.57%
  68402 51493    16225.5547   229    16215.3172    16306.9604  1222480    0.57%
  69673 52335    16227.5796   227    16215.3172    16306.2743  1250503    0.56%
  70974 53197    16247.3336   229    16215.3172    16305.5924  1280511    0.56%
  72448 54223    16241.5571   260    16215.3172    16305.0138  1309562    0.55%
  73710 55034    16278.1469   232    16215.3172    16304.5451  1339001    0.55%
  75153 56058    16231.6354   246    16215.3172    16304.0610  1366553    0.55%
  76460 56906    16229.7335   223    16215.3172    16303.5421  1393732    0.54%
  77800 57795    16238.9205   270    16215.3172    16303.0234  1422320    0.54%
Elapsed time = 346.89 sec. (211987.52 ticks, tree = 72.82 MB, solutions = 1)
  79035 58584    16241.9582   197    16215.3172    16302.4933  1450423    0.54%
  80533 59611    16231.9197   170    16215.3172    16301.8740  1479296    0.53%
  82001 60649        cutoff          16215.3172    16301.3190  1507700    0.53%
  83386 61607    16275.3869   231    16215.3172    16300.7131  1537139    0.53%
  84661 62446    16226.7466   203    16215.3172    16300.2499  1564421    0.52%
  85966 63302        cutoff          16215.3172    16299.7768  1592366    0.52%
  87313 64208    16275.8936   242    16215.3172    16299.2704  1619682    0.52%
  88627 65077    16272.7628   165    16215.3172    16298.7936  1647015    0.51%
  90094 66088    16247.6083   221    16215.3172    16298.3292  1676215    0.51%
  91423 66961    16219.9242   232    16215.3172    16297.9271  1704189    0.51%
Elapsed time = 409.93 sec. (250247.53 ticks, tree = 85.96 MB, solutions = 1)
  92831 67876    16255.5963   262    16215.3172    16297.4189  1732841    0.51%
  94397 68957    16258.6868   245    16215.3172    16297.0228  1762121    0.50%
  95867 69955    16278.2816   205    16215.3172    16296.5739  1789802    0.50%
  97306 70868    16260.9375   222    16215.3172    16296.1457  1817722    0.50%
  98719 71803    16241.5291   177    16215.3172    16295.7871  1844962    0.50%
 100044 72664    16226.0154   153    16215.3172    16295.4954  1870136    0.49%
 101501 73586    16217.7158   165    16215.3172    16295.1235  1898535    0.49%
 102970 74591    16266.7346   173    16215.3172    16294.7141  1928074    0.49%
 104428 75524    16253.0662   166    16215.3172    16294.2851  1956608    0.49%
 105859 76421    16217.7088   202    16215.3172    16293.8389  1986314    0.48%
Elapsed time = 472.94 sec. (288442.85 ticks, tree = 97.84 MB, solutions = 1)
 107423 77470    16273.6152   226    16215.3172    16293.4934  2014990    0.48%
 108871 78432    16234.1686   193    16215.3172    16293.2017  2043481    0.48%
 110315 79389    16261.4365   233    16215.3172    16292.9121  2071734    0.48%
 111771 80364    16236.5893   202    16215.3172    16292.5938  2100044    0.48%
 113407 81440    16281.7175   256    16215.3172    16292.1463  2128628    0.47%
 114816 82344    16216.7136   163    16215.3172    16291.8550  2156523    0.47%
 116418 83414    16155.1936   238    16215.3172    16291.4894  2185177    0.47%
 117982 84443    16256.2191   198    16215.3172    16291.0478  2214641    0.47%
 119487 85414    16262.2304   226    16215.3172    16290.6200  2243062    0.46%
 121133 86513    16228.9459   226    16215.3172    16290.2771  2271485    0.46%
Elapsed time = 534.61 sec. (326630.71 ticks, tree = 110.31 MB, solutions = 1)
 122532 87394    16230.4976   208    16215.3172    16289.9242  2299919    0.46%
 123998 88356    16221.0672   157    16215.3172    16289.5219  2327851    0.46%
 125468 89331    16281.5639   251    16215.3172    16289.1796  2355225    0.46%
 126899 90283    16260.4687   255    16215.3172    16288.8513  2384653    0.45%
 128435 91244    16240.2413   161    16215.3172    16288.5002  2413254    0.45%
 129988 92248    16261.5174   225    16215.3172    16288.1765  2442275    0.45%
 131584 93267    16245.3779   220    16215.3172    16287.8638  2470690    0.45%
 133097 94220    16227.2123   160    16215.3172    16287.5266  2500581    0.45%
 134644 95216    16263.4832   247    16215.3172    16287.1484  2529454    0.44%
 136232 96317    16230.0555   134    16215.3172    16286.8699  2557992    0.44%
Elapsed time = 596.38 sec. (364846.97 ticks, tree = 122.98 MB, solutions = 1)
 137708 97234        cutoff          16215.3172    16286.5250  2586532    0.44%
 139084 98093    16238.8909   212    16215.3172    16286.2319  2613289    0.44%
 140399 98854    16243.8282   250    16215.3172    16285.9505  2640441    0.44%
 141728 99688    16234.1217   139    16215.3172    16285.6732  2667479    0.43%
 143081 100534    16269.8401   238    16215.3172    16285.3998  2695075    0.43%
 144551 101478    16259.5329   176    16215.3172    16285.1222  2723061    0.43%
 146064 102473        cutoff          16215.3172    16284.8725  2751256    0.43%
 147490 103291        cutoff          16215.3172    16284.5541  2779947    0.43%
 148891 104143    16247.6643   227    16215.3172    16284.2521  2809813    0.43%
 150370 105088    16218.0246   229    16215.3172    16284.0036  2838158    0.42%
Elapsed time = 658.94 sec. (403039.10 ticks, tree = 133.84 MB, solutions = 1)
 151773 105944        cutoff          16215.3172    16283.7373  2867450    0.42%
 153072 106722    16254.0970   164    16215.3172    16283.5122  2896008    0.42%
 154381 107508    16245.1724   209    16215.3172    16283.2519  2923945    0.42%
 155845 108419    16217.8423   144    16215.3172    16283.0511  2952800    0.42%
 157200 109256    16243.8996   155    16215.3172    16282.8356  2980767    0.42%
 158604 110091    16244.6068   195    16215.3172    16282.5681  3008766    0.41%
 160089 110986        cutoff          16215.3172    16282.3332  3038025    0.41%
 161580 111907    16222.1906   238    16215.3172    16282.0364  3067497    0.41%
 163142 112907    16237.9048   229    16215.3172    16281.7772  3097377    0.41%
 164588 113746    16267.6637   210    16215.3172    16281.4867  3127908    0.41%
Elapsed time = 721.72 sec. (441237.48 ticks, tree = 144.64 MB, solutions = 1)
 166057 114616    16217.9524   158    16215.3172    16281.1991  3158698    0.41%
 167624 115536        cutoff          16215.3172    16280.9621  3188806    0.40%
 169041 116434    16236.5820   182    16215.3172    16280.7590  3216301    0.40%
 170474 117306        cutoff          16215.3172    16280.5380  3244393    0.40%
 171882 118133    16236.5860   198    16215.3172    16280.3326  3272425    0.40%
 173253 118906    16268.9410   216    16215.3172    16280.0961  3301193    0.40%
 174621 119686    16216.4416   148    16215.3172    16279.8759  3330759    0.40%
 176065 120538    16242.0746   184    16215.3172    16279.6203  3360703    0.40%
 177521 121384    16264.2992   183    16215.3172    16279.3690  3390698    0.40%
 178982 122201    16220.2783   206    16215.3172    16279.1437  3420748    0.39%
Elapsed time = 784.29 sec. (479399.12 ticks, tree = 155.18 MB, solutions = 1)
 180331 122962    16264.0894   175    16215.3172    16278.9034  3450489    0.39%
 181734 123803    16258.3614   214    16215.3172    16278.7050  3479906    0.39%
 183045 124531        cutoff          16215.3172    16278.5028  3508949    0.39%
 184326 125263    16222.2741   207    16215.3172    16278.3060  3536660    0.39%
 185685 126048    16234.2432   218    16215.3172    16278.1269  3564577    0.39%
 187266 126998    16231.2264   232    16215.3172    16277.8613  3594356    0.39%
 188732 127870    16252.9600   239    16215.3172    16277.6312  3622855    0.38%
 190089 128643    16236.5056   247    16215.3172    16277.4338  3651802    0.38%
 191515 129437    16263.3136   203    16215.3172    16277.1679  3680361    0.38%
 192958 130245    16224.9150   237    16215.3172    16276.9121  3710487    0.38%
Elapsed time = 847.54 sec. (517564.10 ticks, tree = 165.00 MB, solutions = 1)
 194447 131082    16228.5155   179    16215.3172    16276.6930  3740103    0.38%
 195979 131972        cutoff          16215.3172    16276.4889  3770040    0.38%
 197498 132851        cutoff          16215.3172    16276.2832  3801050    0.38%
 199039 133728    16233.8068   223    16215.3172    16276.0451  3831285    0.37%
 200473 134523    16253.9092   236    16215.3172    16275.8335  3862121    0.37%
 201965 135395    16249.7771   229    16215.3172    16275.6454  3891632    0.37%
 203442 136235        cutoff          16215.3172    16275.4349  3919569    0.37%
 204836 136995    16227.9034   231    16215.3172    16275.2342  3948729    0.37%
 206345 137826        cutoff          16215.3172    16275.0539  3977975    0.37%
 207911 138674    16217.5778   274    16215.3172    16274.8378  4006193    0.37%
Elapsed time = 911.43 sec. (555786.22 ticks, tree = 177.09 MB, solutions = 1)
 209416 139525    16257.4239   218    16215.3172    16274.6573  4034716    0.37%
 210832 140276        cutoff          16215.3172    16274.4529  4064297    0.36%
 212263 141057    16253.4813   212    16215.3172    16274.2809  4093616    0.36%
 213855 141958        cutoff          16215.3172    16274.0679  4124253    0.36%
 215260 142717    16244.6436   256    16215.3172    16273.8765  4154594    0.36%
 216725 143518    16233.3916   168    16215.3172    16273.6855  4184572    0.36%
 218205 144304    16236.8859   152    16215.3172    16273.4594  4214843    0.36%
 219615 145025    16267.6602   239    16215.3172    16273.2772  4244589    0.36%
 221107 145930    16247.4610   206    16215.3172    16273.1018  4273019    0.36%
 222544 146691    16241.2880   242    16215.3172    16272.9246  4302225    0.36%
Elapsed time = 975.70 sec. (593974.28 ticks, tree = 187.00 MB, solutions = 1)
 223949 147443        cutoff          16215.3172    16272.7484  4330771    0.35%
 225418 148191    16215.9299   206    16215.3172    16272.5553  4359283    0.35%
 226869 148923    16219.7772   161    16215.3172    16272.3442  4388129    0.35%
 228363 149680        cutoff          16215.3172    16272.1614  4417874    0.35%
 229839 150417    16216.0023   214    16215.3172    16271.9740  4448562    0.35%
 231375 151142    16248.1922   205    16215.3172    16271.7673  4477218    0.35%
 232936 151912    16231.3373   208    16215.3172    16271.5545  4507672    0.35%
 234394 152623    16264.1815   170    16215.3172    16271.3707  4537485    0.35%
 235931 153399    16216.2223   235    16215.3172    16271.1991  4567025    0.34%
 237461 154102    16221.1442   218    16215.3172    16271.0141  4596959    0.34%
Elapsed time = 1041.23 sec. (632182.47 ticks, tree = 196.80 MB, solutions = 1)
 238916 154771    16247.9431   209    16215.3172    16270.8154  4625466    0.34%
 240436 155487    16216.4792   187    16215.3172    16270.5858  4653873    0.34%
 241979 156265    16244.0311   227    16215.3172    16270.3995  4682786    0.34%
 243389 156971        cutoff          16215.3172    16270.2262  4711091    0.34%
 244864 157670    16251.0242   196    16215.3172    16270.0680  4739825    0.34%
 246290 158324    16247.8517   167    16215.3172    16269.8614  4768942    0.34%
 247829 159120    16230.5153   190    16215.3172    16269.7107  4798144    0.34%
 249353 159833    16238.2184   187    16215.3172    16269.5446  4827960    0.33%
 250921 160602        cutoff          16215.3172    16269.3683  4857335    0.33%
 252452 161348    16259.5095   159    16215.3172    16269.1906  4886557    0.33%
Elapsed time = 1105.23 sec. (670364.35 ticks, tree = 206.89 MB, solutions = 1)
 253853 162045    16231.7484   237    16215.3172    16269.0493  4915232    0.33%
 255280 162660    16240.8992   239    16215.3172    16268.8743  4944266    0.33%
 256737 163296        cutoff          16215.3172    16268.6849  4973661    0.33%
 258287 164066    16222.7020   152    16215.3172    16268.5145  5003328    0.33%
 259744 164744    16231.4211   103    16215.3172    16268.3290  5030797    0.33%
 261237 165475    16238.8956   216    16215.3172    16268.1789  5058452    0.33%
 262659 166116    16239.3886   200    16215.3172    16268.0320  5086409    0.33%
 264071 166818    16226.7152   231    16215.3172    16267.8906  5114033    0.32%
 265538 167479    16215.7299   239    16215.3172    16267.7223  5143358    0.32%
 267025 168212    16236.4233   168    16215.3172    16267.5882  5171797    0.32%
Elapsed time = 1171.02 sec. (708553.93 ticks, tree = 215.89 MB, solutions = 1)
 268498 168955    16225.3155   185    16215.3172    16267.4576  5200591    0.32%
 270057 169703    16238.0239   246    16215.3172    16267.3117  5229193    0.32%
 271611 170456    16225.4303   102    16215.3172    16267.1363  5258796    0.32%
 273167 171194    16220.7359   225    16215.3172    16266.9738  5288472    0.32%
 274626 171810    16248.9727   206    16215.3172    16266.8147  5317973    0.32%
 276091 172524    16226.5382   152    16215.3172    16266.6753  5347440    0.32%
 277683 173316    16231.3153   183    16215.3172    16266.5318  5376809    0.32%
 279160 174050    16245.5434   164    16215.3172    16266.3943  5405328    0.31%
 280571 174650    16257.7902   253    16215.3172    16266.2460  5433716    0.31%
 282181 175473    16256.7689   194    16215.3172    16266.1113  5462132    0.31%
Elapsed time = 1233.79 sec. (746714.17 ticks, tree = 225.00 MB, solutions = 1)
 283727 176229    16241.4314   184    16215.3172    16265.9676  5489476    0.31%
 285316 177022    16242.7523   189    16215.3172    16265.8611  5517600    0.31%
 286735 177636    16261.9059   172    16215.3172    16265.7248  5545495    0.31%
 288309 178389    16244.4898   247    16215.3172    16265.5719  5572503    0.31%
 289814 179065        cutoff          16215.3172    16265.4191  5602351    0.31%
 291426 179828    16229.0483   156    16215.3172    16265.2736  5630938    0.31%
 292905 180439    16229.5731   213    16215.3172    16265.1156  5660003    0.31%
 294524 181255    16219.7465   221    16215.3172    16264.9745  5688320    0.31%
 296081 181984    16230.3934   144    16215.3172    16264.8308  5717931    0.31%
 297604 182688    16236.5641   191    16215.3172    16264.7134  5748764    0.30%
Elapsed time = 1299.07 sec. (784886.26 ticks, tree = 234.07 MB, solutions = 1)
 299143 183423    16243.8520   189    16215.3172    16264.5896  5777282    0.30%
 300783 184164    16240.0346   167    16215.3172    16264.4499  5807108    0.30%
 302331 184891    16223.2410   203    16215.3172    16264.2911  5835874    0.30%
 303897 185646    16252.9238   228    16215.3172    16264.1739  5864792    0.30%
 305390 186360    16234.5734   166    16215.3172    16264.0542  5892508    0.30%
 306853 187016        cutoff          16215.3172    16263.9324  5920620    0.30%
 308394 187677    16250.2468   179    16215.3172    16263.8009  5949953    0.30%
 309889 188329    16241.1611   177    16215.3172    16263.6713  5977603    0.30%
 311434 189023    16239.7638   138    16215.3172    16263.5377  6006386    0.30%
 313017 189709    16231.0394   159    16215.3172    16263.4087  6034439    0.30%
Elapsed time = 1363.52 sec. (823057.99 ticks, tree = 244.16 MB, solutions = 1)
 314434 190233    16226.4514   250    16215.3172    16263.2845  6062890    0.30%
 315908 190865    16252.5914   199    16215.3172    16263.1810  6091628    0.30%
 317423 191480    16251.7418   248    16215.3172    16263.0432  6121434    0.29%
 318873 192117    16216.0676   201    16215.3172    16262.9267  6150827    0.29%
 320377 192705    16215.4434   209    16215.3172    16262.7902  6180087    0.29%
 321990 193385        cutoff          16215.3172    16262.6563  6209574    0.29%
 323524 193981        cutoff          16215.3172    16262.5389  6239961    0.29%
 325186 194707    16230.6326   154    16215.3172    16262.4080  6269164    0.29%
 326686 195359    16244.7353   216    16215.3172    16262.2899  6298811    0.29%
 328201 195993    16252.5431   233    16215.3172    16262.1742  6327509    0.29%
Elapsed time = 1429.07 sec. (861218.52 ticks, tree = 251.93 MB, solutions = 1)
 329776 196661    16239.8896   172    16215.3172    16262.0431  6356369    0.29%
 331278 197304    16240.4000   141    16215.3172    16261.9290  6384391    0.29%
 332841 197976        cutoff          16215.3172    16261.8047  6413525    0.29%
 334305 198623    16216.4118   222    16215.3172    16261.7006  6441418    0.29%
 335634 199205    16233.0788   228    16215.3172    16261.5891  6466181    0.29%
 337115 199804    16238.6320   172    16215.3172    16261.4716  6494714    0.28%
 338690 200521    16245.3067   213    16215.3172    16261.3640  6523166    0.28%
 340218 201195    16232.1490   194    16215.3172    16261.2476  6552179    0.28%
 341733 201822    16221.5703   160    16215.3172    16261.1293  6581340    0.28%
 343222 202493    16223.5998   103    16215.3172    16261.0479  6610202    0.28%
Elapsed time = 1494.44 sec. (899399.08 ticks, tree = 260.04 MB, solutions = 1)
 344828 203114    16228.0862   143    16215.3172    16260.9373  6639239    0.28%
 346300 203687        cutoff          16215.3172    16260.8143  6668747    0.28%
 347789 204377        cutoff          16215.3172    16260.7167  6696174    0.28%
 349364 205152    16230.4825   193    16215.3172    16260.6131  6724872    0.28%
 350932 205826    16230.2446   221    16215.3172    16260.5066  6752789    0.28%
 352480 206535    16216.2458   170    16215.3172    16260.4083  6782292    0.28%
 354037 207189        cutoff          16215.3172    16260.3071  6810280    0.28%
 355502 207795    16242.8663   213    16215.3172    16260.1963  6839050    0.28%
 357093 208511    16219.1546   204    16215.3172    16260.1102  6867406    0.28%
 358704 209239    16239.1697   209    16215.3172    16260.0169  6894787    0.28%
Elapsed time = 1557.05 sec. (937564.49 ticks, tree = 268.47 MB, solutions = 1)
 360217 209925    16250.4223   231    16215.3172    16259.9122  6923357    0.28%
 361714 210528    16215.7900   148    16215.3172    16259.7986  6951670    0.27%
 363236 211176    16237.4770   206    16215.3172    16259.6955  6980000    0.27%
 364748 211841    16221.7848   158    16215.3172    16259.5836  7008286    0.27%
 366327 212525        cutoff          16215.3172    16259.4827  7037889    0.27%
 367955 213267        cutoff          16215.3172    16259.3789  7066558    0.27%
 369631 214062    16221.4708   227    16215.3172    16259.2759  7095168    0.27%
 371190 214792    16254.0019   259    16215.3172    16259.1929  7123555    0.27%
 372834 215486    16240.3176   225    16215.3172    16259.0684  7153692    0.27%
 374454 216247        cutoff          16215.3172    16258.9726  7182644    0.27%
Elapsed time = 1619.88 sec. (975746.84 ticks, tree = 277.37 MB, solutions = 1)
 376033 216891    16241.7980   176    16215.3172    16258.8684  7211437    0.27%
 377657 217650    16238.3577   216    16215.3172    16258.7677  7240636    0.27%
 379153 218328    16225.3628   197    16215.3172    16258.6703  7267733    0.27%
 380737 219004    16224.6678   155    16215.3172    16258.5747  7296239    0.27%
 382335 219722    16215.5322   223    16215.3172    16258.4922  7324658    0.27%
 384014 220520    16237.4561   184    16215.3172    16258.4132  7352859    0.27%
 385607 221167    16247.9253   219    16215.3172    16258.3123  7381991    0.27%
 387250 221963    16249.5270   195    16215.3172    16258.2193  7409594    0.26%
 388908 222722    16238.3151   187    16215.3172    16258.1195  7437978    0.26%
 390619 223558        cutoff          16215.3172    16258.0352  7465960    0.26%
Elapsed time = 1683.28 sec. (1013915.81 ticks, tree = 286.52 MB, solutions = 1)
 392287 224311    16232.3180   255    16215.3172    16257.9505  7494542    0.26%
 393869 224959    16239.5837   247    16215.3172    16257.8454  7523643    0.26%
 395429 225683        cutoff          16215.3172    16257.7513  7552303    0.26%
 397053 226412    16240.0622   220    16215.3172    16257.6506  7580545    0.26%
 398713 227097    16243.6169   196    16215.3172    16257.5368  7609303    0.26%
 400411 227877        cutoff          16215.3172    16257.4504  7637608    0.26%
 402109 228623    16218.0120   157    16215.3172    16257.3523  7665725    0.26%
 403801 229393    16231.7558   188    16215.3172    16257.2634  7694065    0.26%
 405468 230163    16231.6893   182    16215.3172    16257.1693  7721911    0.26%
 407084 230903    16215.8346   111    16215.3172    16257.0947  7749064    0.26%
Elapsed time = 1745.22 sec. (1052082.65 ticks, tree = 297.27 MB, solutions = 1)
 408817 231718    16228.4381   200    16215.3172    16257.0046  7776215    0.26%
 410465 232427    16219.3762   143    16215.3172    16256.9239  7804377    0.26%
 412106 233156    16215.4328   253    16215.3172    16256.8272  7832833    0.26%
 413791 233926    16228.8816   241    16215.3172    16256.7385  7860554    0.26%
 415405 234676        cutoff          16215.3172    16256.6508  7887165    0.25%
 417063 235403    16218.8092    80    16215.3172    16256.5565  7915203    0.25%
 418698 236145        cutoff          16215.3172    16256.4790  7944019    0.25%
 420395 236969    16245.5020   166    16215.3172    16256.3954  7972309    0.25%
 422017 237680        cutoff          16215.3172    16256.3178  7999772    0.25%
 423621 238415    16222.1643   172    16215.3172    16256.2493  8028635    0.25%
Elapsed time = 1809.22 sec. (1090245.13 ticks, tree = 306.69 MB, solutions = 1)
 425297 239156    16236.0404   155    16215.3172    16256.1554  8057571    0.25%
 426913 239861        cutoff          16215.3172    16256.0636  8086052    0.25%
 428603 240602    16216.8267   156    16215.3172    16255.9772  8114710    0.25%
 430289 241361    16217.4839   190    16215.3172    16255.8877  8143154    0.25%
 431933 242045    16236.2509   238    16215.3172    16255.8014  8171604    0.25%
 433533 242727    16218.6753   212    16215.3172    16255.7225  8199338    0.25%
 435078 243402    16220.6364   226    16215.3172    16255.6430  8225366    0.25%
 436764 244088        cutoff          16215.3172    16255.5518  8253883    0.25%
 438407 244844    16219.7311   156    16215.3172    16255.4614  8281686    0.25%
 440056 245560    16241.0485   193    16215.3172    16255.3752  8309426    0.25%
Elapsed time = 1871.34 sec. (1128421.49 ticks, tree = 315.71 MB, solutions = 1)
 441679 246265    16228.4616   183    16215.3172    16255.2849  8337382    0.25%
 443328 246979    16229.4429   188    16215.3172    16255.2069  8365818    0.25%
 445026 247753    16228.9771   225    16215.3172    16255.1242  8393990    0.25%
 446649 248354    16230.3764   256    16215.3172    16255.0278  8421921    0.24%
 448314 249073    16218.2233   122    16215.3172    16254.9543  8450852    0.24%
 449972 249768    16243.7318   165    16215.3172    16254.8746  8478344    0.24%
 451644 250511    16222.6523   192    16215.3172    16254.7949  8506156    0.24%
 453299 251157    16223.0212   221    16215.3172    16254.7059  8535189    0.24%
 454956 251886        cutoff          16215.3172    16254.6245  8563296    0.24%
 456592 252509    16222.0410   137    16215.3172    16254.5297  8591811    0.24%
Elapsed time = 1932.32 sec. (1166586.70 ticks, tree = 324.55 MB, solutions = 1)
 458195 253187    16242.1683   167    16215.3172    16254.4450  8619490    0.24%
 459835 253925    16240.0171   161    16215.3172    16254.3758  8647423    0.24%
 461345 254567    16248.7802   211    16215.3172    16254.3021  8673762    0.24%
 463032 255248    16218.7732   149    16215.3172    16254.2204  8701835    0.24%
 464687 255966    16248.9563   175    16215.3172    16254.1388  8729852    0.24%
 466341 256663    16230.8803   162    16215.3172    16254.0729  8757519    0.24%
 468061 257357    16221.1178   219    16215.3172    16253.9894  8785190    0.24%
 469650 258020    16243.9686   203    16215.3172    16253.9061  8812329    0.24%
 471399 258815        cutoff          16215.3172    16253.8343  8839071    0.24%
 473048 259448    16218.7326   206    16215.3172    16253.7536  8865815    0.24%
Elapsed time = 1994.07 sec. (1204751.67 ticks, tree = 333.26 MB, solutions = 1)
 474713 260141    16219.9823   187    16215.3172    16253.6800  8893988    0.24%
 476343 260790    16242.9171   212    16215.3172    16253.6059  8922593    0.24%
 478049 261487    16218.4702   248    16215.3172    16253.5209  8952113    0.24%
 479707 262116    16227.7167   179    16215.3172    16253.4435  8981119    0.24%
 481353 262748    16242.5574   203    16215.3172    16253.3714  9009068    0.23%
 483032 263474    16224.7391   209    16215.3172    16253.2996  9036753    0.23%
 484739 264089    16248.3560   225    16215.3172    16253.2120  9065361    0.23%
 486378 264709    16218.2231   269    16215.3172    16253.1378  9094192    0.23%
 488058 265427    16236.2021   193    16215.3172    16253.0696  9121708    0.23%
 489668 266052    16218.9694   170    16215.3172    16252.9941  9149539    0.23%
Elapsed time = 2054.78 sec. (1242917.88 ticks, tree = 341.63 MB, solutions = 1)
 491269 266649    16225.2690   221    16215.3172    16252.9123  9176706    0.23%
 492924 267348        cutoff          16215.3172    16252.8479  9203726    0.23%
 494624 268027    16217.1419   191    16215.3172    16252.7802  9230738    0.23%
 496244 268632    16224.7537   173    16215.3172    16252.7090  9256829    0.23%
 497943 269397        cutoff          16215.3172    16252.6460  9284867    0.23%
 499617 270078    16216.3300   131    16215.3172    16252.5678  9312115    0.23%
 501280 270721        cutoff          16215.3172    16252.5054  9339132    0.23%
 502893 271392    16236.7824   121    16215.3172    16252.4451  9366062    0.23%
 504492 272041    16237.7394   157    16215.3172    16252.3831  9393026    0.23%
 506176 272770    16221.4990   206    16215.3172    16252.3095  9419530    0.23%
Elapsed time = 2115.96 sec. (1281111.51 ticks, tree = 352.08 MB, solutions = 1)
 507934 273451    16240.4219   218    16215.3172    16252.2456  9445897    0.23%
 509570 274061    16228.3974   197    16215.3172    16252.1637  9474089    0.23%
 511209 274700        cutoff          16215.3172    16252.0833  9502004    0.23%
 512880 275338    16224.0194   207    16215.3172    16252.0149  9530248    0.23%
 514532 275989    16233.7235   164    16215.3172    16251.9404  9556977    0.23%
 516194 276625    16220.5580   151    16215.3172    16251.8764  9584460    0.23%
 517878 277273    16237.8307   155    16215.3172    16251.7910  9612445    0.22%
 519538 277895    16231.6906   207    16215.3172    16251.7204  9640670    0.22%
 521196 278557        cutoff          16215.3172    16251.6481  9668188    0.22%
 522829 279171    16236.4730   224    16215.3172    16251.5882  9695542    0.22%
Elapsed time = 2178.77 sec. (1319264.25 ticks, tree = 360.22 MB, solutions = 1)
 524366 279714    16224.8501   157    16215.3172    16251.5226  9722708    0.22%
 525985 280297    16225.6716   183    16215.3172    16251.4530  9749024    0.22%
 527570 280870        cutoff          16215.3172    16251.3847  9776874    0.22%
 529206 281465    16223.2889   175    16215.3172    16251.3090  9804671    0.22%
 530807 282042    16220.5253   212    16215.3172    16251.2378  9832635    0.22%
 532356 282572    16219.7650   167    16215.3172    16251.1717  9860737    0.22%
 534134 283268    16246.1362   131    16215.3172    16251.1009  9887688    0.22%
 535765 283800    16240.2200   207    16215.3172    16251.0292  9916173    0.22%
 537410 284373    16243.7133   131    16215.3172    16250.9601  9944097    0.22%
 539007 284907    16229.4240   199    16215.3172    16250.8815  9972086    0.22%
Elapsed time = 2241.67 sec. (1357446.06 ticks, tree = 367.49 MB, solutions = 1)
 540568 285415    16224.3138   129    16215.3172    16250.8097  9999353    0.22%
 542168 285943    16229.3591   215    16215.3172    16250.7399 10027816    0.22%
 543779 286468        cutoff          16215.3172    16250.6671 10055668    0.22%
 545521 287065    16249.6344   222    16215.3172    16250.5956 10082980    0.22%
 547137 287579    16219.4060   194    16215.3172    16250.5237 10111529    0.22%
 548750 288104        cutoff          16215.3172    16250.4460 10139968    0.22%
 550441 288667    16230.5494   170    16215.3172    16250.3728 10168054    0.22%
 551991 289128    16221.5699   215    16215.3172    16250.3012 10195372    0.22%
 553517 289586    16233.6272   239    16215.3172    16250.2314 10220783    0.22%
 555179 290157    16215.3288   185    16215.3172    16250.1652 10249048    0.21%
Elapsed time = 2303.83 sec. (1395607.57 ticks, tree = 374.25 MB, solutions = 1)
 556862 290663    16228.7331   203    16215.3172    16250.0865 10277549    0.21%
 558551 291262    16230.0536   199    16215.3172    16250.0280 10304827    0.21%
 560208 291832        cutoff          16215.3172    16249.9564 10332658    0.21%
 561782 292368    16217.0308   241    16215.3172    16249.8842 10360361    0.21%
 563470 292910    16229.5178   140    16215.3172    16249.8189 10388285    0.21%
 565160 293434        cutoff          16215.3172    16249.7514 10416286    0.21%
 566806 294034        cutoff          16215.3172    16249.6939 10442992    0.21%
 568366 294532        cutoff          16215.3172    16249.6273 10470763    0.21%
 570005 295016    16225.8280   264    16215.3172    16249.5556 10498889    0.21%
 571592 295419        cutoff          16215.3172    16249.4819 10527851    0.21%
Elapsed time = 2368.31 sec. (1433776.03 ticks, tree = 381.04 MB, solutions = 1)
 573218 295932    16231.1020   223    16215.3172    16249.4167 10556719    0.21%
 574889 296464    16230.5832   212    16215.3172    16249.3490 10585455    0.21%
 576537 296989    16227.1100   174    16215.3172    16249.2844 10613024    0.21%
 578282 297580    16225.9262   192    16215.3172    16249.2192 10641311    0.21%
 579898 298069    16225.9871   156    16215.3172    16249.1599 10668882    0.21%
 581618 298627    16224.5177   178    16215.3172    16249.0982 10697625    0.21%
 583239 299104    16232.3794   205    16215.3172    16249.0330 10725205    0.21%
 584858 299599    16237.4788   212    16215.3172    16248.9696 10753744    0.21%
 586571 300188    16236.0364   184    16215.3172    16248.9060 10781705    0.21%
 588198 300694    16223.3501   159    16215.3172    16248.8388 10809292    0.21%
Elapsed time = 2431.18 sec. (1471944.59 ticks, tree = 387.85 MB, solutions = 1)
 589743 301143    16228.0272   118    16215.3172    16248.7726 10836115    0.21%
 591419 301655        cutoff          16215.3172    16248.7076 10864691    0.21%
 592962 302078    16235.8245   186    16215.3172    16248.6477 10892105    0.21%
 594637 302651    16215.8068   203    16215.3172    16248.5856 10919699    0.21%
 596309 303170    16227.8625   257    16215.3172    16248.5256 10946889    0.20%
 597989 303626    16231.8357   192    16215.3172    16248.4566 10974429    0.20%
 599677 304134    16230.8877   175    16215.3172    16248.3955 11002074    0.20%
 601415 304684        cutoff          16215.3172    16248.3291 11029967    0.20%
 603192 305298    16231.4650   207    16215.3172    16248.2594 11057387    0.20%
 604884 305799    16230.7742   160    16215.3172    16248.1928 11085818    0.20%
Elapsed time = 2493.41 sec. (1510101.20 ticks, tree = 394.46 MB, solutions = 1)
 606525 306314    16240.5149   136    16215.3172    16248.1187 11113409    0.20%
 608187 306800    16227.3121   192    16215.3172    16248.0647 11140990    0.20%
 609746 307255    16236.8938   154    16215.3172    16247.9996 11168359    0.20%
 611376 307696    16235.8888   248    16215.3172    16247.9320 11196582    0.20%
 613029 308148    16226.5388   172    16215.3172    16247.8701 11224279    0.20%
 614588 308566    16229.6059   182    16215.3172    16247.8020 11251981    0.20%
 616179 309026    16233.2040   216    16215.3172    16247.7391 11279165    0.20%
 617876 309524    16225.9372   184    16215.3172    16247.6638 11306878    0.20%
 619528 309955    16225.8481   254    16215.3172    16247.5966 11334579    0.20%
 621168 310471    16241.6988   240    16215.3172    16247.5380 11362207    0.20%
Elapsed time = 2556.99 sec. (1548265.86 ticks, tree = 400.52 MB, solutions = 1)
 622784 310903    16222.9163   118    16215.3172    16247.4741 11390688    0.20%
 624373 311325    16220.1636   167    16215.3172    16247.4191 11417987    0.20%
 626048 311804    16217.0059   197    16215.3172    16247.3648 11445777    0.20%
 627685 312242    16238.2269   167    16215.3172    16247.3002 11472825    0.20%
 629342 312706    16231.8864   210    16215.3172    16247.2443 11500344    0.20%
 630965 313080    16225.3410   153    16215.3172    16247.1823 11528388    0.20%
 632599 313555    16239.7210   166    16215.3172    16247.1262 11555370    0.20%
 634244 313996    16227.9321   191    16215.3172    16247.0575 11582571    0.20%
 635861 314376    16226.7179   220    16215.3172    16246.9894 11610531    0.20%
 637575 314867        cutoff          16215.3172    16246.9334 11638841    0.19%
Elapsed time = 2619.39 sec. (1586447.94 ticks, tree = 406.11 MB, solutions = 1)
 639292 315391    16232.8565   191    16215.3172    16246.8804 11666911    0.19%
 640951 315812    16223.4696   152    16215.3172    16246.8116 11694958    0.19%
 642560 316229    16233.3705   195    16215.3172    16246.7561 11722965    0.19%
 644251 316652        cutoff          16215.3172    16246.6945 11750862    0.19%
 645905 317078    16224.1576   148    16215.3172    16246.6289 11778693    0.19%
 647557 317541    16218.2894   183    16215.3172    16246.5724 11806342    0.19%
 649214 317919    16229.8910   183    16215.3172    16246.5109 11835230    0.19%
 650914 318354    16230.5497   156    16215.3172    16246.4473 11863454    0.19%
 652546 318737    16228.0032   184    16215.3172    16246.3861 11890720    0.19%
 654164 319140        cutoff          16215.3172    16246.3279 11917656    0.19%
Elapsed time = 2681.34 sec. (1624623.79 ticks, tree = 411.69 MB, solutions = 1)
 655795 319585    16221.9343   207    16215.3172    16246.2756 11944585    0.19%
 657402 319983    16228.8281   218    16215.3172    16246.2100 11972481    0.19%
 658992 320352    16237.8420   182    16215.3172    16246.1523 11999608    0.19%
 660525 320622    16233.9878   167    16215.3172    16246.0899 12027307    0.19%
 662164 320973    16231.7450   138    16215.3172    16246.0252 12056235    0.19%
 663784 321344    16217.4955   165    16215.3172    16245.9596 12083194    0.19%
 665354 321700    16224.0938   206    16215.3172    16245.8992 12111081    0.19%
 667044 322090    16235.5400   115    16215.3172    16245.8395 12138399    0.19%
 668673 322411        cutoff          16215.3172    16245.7746 12166508    0.19%
 669753 322523    16230.5097   180    16215.3172    16245.7266 12187990    0.19%
Elapsed time = 2742.15 sec. (1662805.88 ticks, tree = 416.06 MB, solutions = 1)
 671346 322848    16222.6645   174    16215.3172    16245.6621 12216154    0.19%
 672937 323195    16236.0412   173    16215.3172    16245.6050 12244329    0.19%
 674550 323510    16216.7780   211    16215.3172    16245.5370 12272543    0.19%
 676146 323844    16217.0435   150    16215.3172    16245.4782 12301035    0.19%
 677786 324203    16228.0324   189    16215.3172    16245.4182 12328561    0.19%
 679383 324471    16219.2486   187    16215.3172    16245.3503 12356462    0.19%
 680987 324791    16219.2847   158    16215.3172    16245.2925 12384436    0.18%
 682691 325076    16227.8471   182    16215.3172    16245.2279 12413085    0.18%
 684211 325360    16216.6356   158    16215.3172    16245.1727 12440217    0.18%
 685882 325678    16223.1065   156    16215.3172    16245.1137 12468036    0.18%
Elapsed time = 2805.78 sec. (1700970.18 ticks, tree = 420.25 MB, solutions = 1)
 687432 325944    16237.9249   251    16215.3172    16245.0523 12495760    0.18%
 688991 326214    16225.8861   197    16215.3172    16244.9905 12522917    0.18%
 690598 326513        cutoff          16215.3172    16244.9298 12551408    0.18%
 692154 326831    16221.1686   211    16215.3172    16244.8751 12578550    0.18%
 693677 327029    16219.6552   171    16215.3172    16244.8213 12606414    0.18%
 695211 327242    16220.5778   220    16215.3172    16244.7582 12632304    0.18%
 696830 327415    16216.9155   178    16215.3172    16244.6984 12660242    0.18%
 698424 327622    16240.7807   153    16215.3172    16244.6402 12687720    0.18%
 700003 327875    16222.1737   225    16215.3172    16244.5861 12715381    0.18%
 701701 328234    16229.0129   141    16215.3172    16244.5288 12741899    0.18%
Elapsed time = 2870.89 sec. (1739137.34 ticks, tree = 426.16 MB, solutions = 1)
 703348 328613    16216.6573   214    16215.3172    16244.4754 12768732    0.18%
 704991 328910        cutoff          16215.3172    16244.4169 12796274    0.18%
 706673 329220    16232.7805   211    16215.3172    16244.3518 12824311    0.18%
 708288 329535    16222.3581   215    16215.3172    16244.2961 12851507    0.18%
 709974 329838    16217.8040   175    16215.3172    16244.2420 12879880    0.18%
 711626 330180        cutoff          16215.3172    16244.1845 12907912    0.18%
 713340 330489        cutoff          16215.3172    16244.1230 12935018    0.18%
 715046 330867    16230.4532   229    16215.3172    16244.0673 12962639    0.18%
 716675 331135    16241.3589   181    16215.3172    16244.0077 12990751    0.18%
 718316 331510    16226.8788   150    16215.3172    16243.9477 13018645    0.18%
Elapsed time = 2934.09 sec. (1777307.77 ticks, tree = 430.43 MB, solutions = 1)
 719976 331897    16215.9246   154    16215.3172    16243.8960 13046107    0.18%
 721682 332173    16238.1305   190    16215.3172    16243.8325 13074494    0.18%
 723419 332615    16229.6157   249    16215.3172    16243.7709 13101326    0.18%
 725044 332929    16231.1644   170    16215.3172    16243.7182 13128025    0.18%
 726644 333268    16226.6649   125    16215.3172    16243.6677 13156282    0.17%
 728343 333633    16220.8893   160    16215.3172    16243.6136 13183540    0.17%
 729830 333883        cutoff          16215.3172    16243.5615 13210032    0.17%
 731444 334143    16230.2840   184    16215.3172    16243.4964 13238249    0.17%
 733064 334415    16224.0513   180    16215.3172    16243.4374 13265919    0.17%
 734644 334757    16231.6635   184    16215.3172    16243.3875 13292957    0.17%
Elapsed time = 2997.48 sec. (1815534.75 ticks, tree = 434.75 MB, solutions = 1)
 736237 335070    16228.4983   160    16215.3172    16243.3321 13320795    0.17%
 737779 335306    16218.6330   113    16215.3172    16243.2773 13348913    0.17%
 739427 335589    16221.7244   173    16215.3172    16243.2222 13375515    0.17%
 741052 335895    16218.3554   179    16215.3172    16243.1610 13403018    0.17%
 742674 336163    16220.4558   158    16215.3172    16243.1098 13431360    0.17%
 744337 336410    16230.8257   141    16215.3172    16243.0533 13459516    0.17%
 746004 336635    16220.3237   221    16215.3172    16242.9943 13488097    0.17%
 747688 336938        cutoff          16215.3172    16242.9359 13515275    0.17%
 749372 337201    16224.2250   143    16215.3172    16242.8734 13543406    0.17%
 751094 337472    16220.3626   182    16215.3172    16242.8128 13571265    0.17%
Elapsed time = 3061.18 sec. (1853705.68 ticks, tree = 438.39 MB, solutions = 1)
 752766 337791    16225.3148   207    16215.3172    16242.7558 13599669    0.17%
 754415 338003    16220.7198   137    16215.3172    16242.6938 13628123    0.17%
 756055 338328    16215.9900   194    16215.3172    16242.6477 13655437    0.17%
 757718 338628        cutoff          16215.3172    16242.5943 13683830    0.17%
 759381 338994    16218.1612   161    16215.3172    16242.5442 13711477    0.17%
 761089 339299        cutoff          16215.3172    16242.4915 13738184    0.17%
 762739 339570        cutoff          16215.3172    16242.4339 13766602    0.17%
 764322 339819    16226.6708   197    16215.3172    16242.3812 13792957    0.17%
 765903 340150        cutoff          16215.3172    16242.3337 13818936    0.17%
 767547 340289    16218.9006   188    16215.3172    16242.2742 13846529    0.17%
Elapsed time = 3123.79 sec. (1891868.00 ticks, tree = 442.14 MB, solutions = 1)
 769247 340587    16222.6509   156    16215.3172    16242.2195 13874004    0.17%
 770795 340769    16224.8737   257    16215.3172    16242.1673 13900890    0.17%
 772496 341035    16221.5778   197    16215.3172    16242.1129 13928094    0.17%
 774106 341270        cutoff          16215.3172    16242.0627 13955288    0.16%
 775754 341580    16235.7397   150    16215.3172    16242.0121 13981992    0.16%
 777429 341819    16221.8475   192    16215.3172    16241.9617 14008663    0.16%
 779082 342108    16218.7866   216    16215.3172    16241.9087 14035825    0.16%
 780685 342324        cutoff          16215.3172    16241.8541 14063492    0.16%
 782327 342532    16239.9633   272    16215.3172    16241.7969 14091357    0.16%
 784028 342841    16218.5099   156    16215.3172    16241.7436 14118981    0.16%
Elapsed time = 3185.52 sec. (1930076.13 ticks, tree = 445.60 MB, solutions = 1)
 785662 343029    16221.1933   192    16215.3172    16241.6906 14147316    0.16%
 787255 343207    16228.2886   213    16215.3172    16241.6407 14174675    0.16%
 788852 343361    16227.8502   168    16215.3172    16241.5849 14202973    0.16%
 790504 343502        cutoff          16215.3172    16241.5297 14230991    0.16%
 792160 343791    16223.0419   233    16215.3172    16241.4787 14259051    0.16%
 793741 343988        cutoff          16215.3172    16241.4260 14286272    0.16%
 795449 344203        cutoff          16215.3172    16241.3705 14314476    0.16%
 797075 344336    16219.6365   177    16215.3172    16241.3122 14342856    0.16%
 798566 344527    16215.6797   182    16215.3172    16241.2622 14367078    0.16%
 799490 344670        cutoff          16215.3172    16241.2380 14382203    0.16%
Elapsed time = 3247.80 sec. (1968237.78 ticks, tree = 448.14 MB, solutions = 1)
 800244 344777    16216.4527   149    16215.3172    16241.2130 14394742    0.16%
 800851 344878    16220.8937   149    16215.3172    16241.1925 14405027    0.16%
 801282 344942    16220.9627   181    16215.3172    16241.1789 14412256    0.16%
 801544 344962    16236.0777   199    16215.3172    16241.1704 14416836    0.16%
 801644 344977    16222.4576   176    16215.3172    16241.1671 14418360    0.16%
 801844 345010    16219.0033    61    16215.3172    16241.1618 14421586    0.16%
 802144 345017    16238.9210   163    16215.3172    16241.1512 14426138    0.16%
 802244 345031    16238.0387   119    16215.3172    16241.1481 14427960    0.16%
 802344 345040    16218.5945   186    16215.3172    16241.1452 14429845    0.16%
 802544 345044    16223.8763   153    16215.3172    16241.1395 14433523    0.16%
Elapsed time = 3320.27 sec. (2010953.66 ticks, tree = 448.75 MB, solutions = 1)
 802644 345057    16226.1526   184    16215.3172    16241.1359 14435160    0.16%
 802944 345070    16224.6784   216    16215.3172    16241.1244 14440560    0.16%
 803344 345133    16219.8772   160    16215.3172    16241.1098 14446945    0.16%
 803444 345135    16216.6087   158    16215.3172    16241.1056 14449000    0.16%
 803844 345116    16225.9755   201    16215.3172    16241.0869 14456440    0.16%
 804044 345147    16224.0021   228    16215.3172    16241.0812 14459722    0.16%
 804144 345172    16224.0886   208    16215.3172    16241.0786 14461405    0.16%
 804244 345198    16215.7939   144    16215.3172    16241.0766 14462926    0.16%
 804644 345208    16218.3532   160    16215.3172    16241.0612 14469882    0.16%
 805173 345296        cutoff          16215.3172    16241.0470 14478892    0.16%
Elapsed time = 3404.61 sec. (2061544.67 ticks, tree = 449.11 MB, solutions = 1)
 806370 345419        cutoff          16215.3172    16241.0011 14499092    0.16%
 807544 345580    16217.3669   134    16215.3172    16240.9631 14516404    0.16%
 808644 345694    16220.6495   185    16215.3172    16240.9297 14535193    0.16%
 809685 345858        cutoff          16215.3172    16240.8996 14552658    0.16%
 810844 346016    16234.3729   178    16215.3172    16240.8612 14571373    0.16%
 811923 346142    16223.5582   191    16215.3172    16240.8265 14589508    0.16%
 813289 346304    16223.2597   164    16215.3172    16240.7866 14616104    0.16%
 814538 346456        cutoff          16215.3172    16240.7460 14645408    0.16%
 815447 346554    16240.4332   233    16215.3172    16240.7130 14666056    0.16%
 816696 346707        cutoff          16215.3172    16240.6750 14687885    0.16%
Elapsed time = 3470.39 sec. (2100262.00 ticks, tree = 451.10 MB, solutions = 1)
 817944 346793    16228.8865   173    16215.3172    16240.6298 14709426    0.16%
 819044 346874    16240.4959   198    16215.3172    16240.5926 14728732    0.16%
 820044 347000    16217.2918   179    16215.3172    16240.5579 14744908    0.16%
 820903 347141        cutoff          16215.3172    16240.5316 14759872    0.16%
 821244 347170    16219.9887   137    16215.3172    16240.5212 14765773    0.16%
 822244 347281    16218.6571   135    16215.3172    16240.4904 14784542    0.16%
 823239 347375    16229.5745   201    16215.3172    16240.4559 14800302    0.16%
 824324 347427    16215.5564   136    16215.3172    16240.4184 14818651    0.15%
 825353 347543    16237.5813   204    16215.3172    16240.3847 14835767    0.15%
 826644 347677    16216.5119   134    16215.3172    16240.3441 14855719    0.15%
Elapsed time = 3536.15 sec. (2139181.42 ticks, tree = 452.44 MB, solutions = 1)
 827665 347818    16229.1992   168    16215.3172    16240.3132 14872278    0.15%
 828544 347879    16216.1642   214    16215.3172    16240.2824 14887782    0.15%
 829773 348028    16231.3223   238    16215.3172    16240.2431 14909107    0.15%
 830764 348093    16239.0198   213    16215.3172    16240.2087 14926404    0.15%
 831644 348171    16233.9204   144    16215.3172    16240.1784 14941131    0.15%
 832711 348234        cutoff          16215.3172    16240.1424 14959541    0.15%
 833709 348304        cutoff          16215.3172    16240.1103 14977149    0.15%
 834744 348414    16219.9264   192    16215.3172    16240.0776 14994517    0.15%
 835873 348511    16229.8028   164    16215.3172    16240.0454 15014686    0.15%

Implied bound cuts applied:  471
Flow cuts applied:  40
Mixed integer rounding cuts applied:  84
Lift and project cuts applied:  122
Gomory fractional cuts applied:  110

Root node processing (before b&c):
  Real time             =    0.62 sec. (326.22 ticks)
Sequential b&c:
  Real time             = 3599.38 sec. (2176867.27 ticks)
                          ------------
Total (root+branch&cut) = 3600.00 sec. (2177193.49 ticks)
