1 of 1 MIP starts provided solutions.
MIP start 'm1' defined initial solution with objective 13045.2889.
Tried aggregator 14 times.
MIP Presolve eliminated 1206 rows and 1 columns.
Aggregator did 6018 substitutions.
Reduced MIP has 8580 rows, 7374 columns, and 38520 nonzeros.
Reduced MIP has 1206 binaries, 0 generals, 0 SOSs, and 0 indicators.
Presolve time = 0.26 sec. (123.03 ticks)
Probing time = 0.02 sec. (5.73 ticks)
Tried aggregator 1 time.
Reduced MIP has 8580 rows, 7374 columns, and 38520 nonzeros.
Reduced MIP has 1206 binaries, 0 generals, 0 SOSs, and 0 indicators.
Presolve time = 0.05 sec. (18.72 ticks)
Probing time = 0.01 sec. (5.49 ticks)
Clique table members: 3266.
MIP emphasis: balance optimality and feasibility.
MIP search method: dynamic search.
Parallel mode: none, using 1 thread.
Root relaxation solution time = 0.19 sec. (111.29 ticks)

        Nodes                                         Cuts/
   Node  Left     Objective  IInf  Best Integer    Best Bound    ItCnt     Gap

*     0+    0                        13045.2889    59213.7309     5870  353.91%
      0     0    13893.3841   159    13045.2889    13893.3841     5870    6.50%
      0     0    13552.1687   188    13045.2889     Cuts: 366     7462    3.89%
      0     0    13412.4854   175    13045.2889     Cuts: 210     8118    2.81%
      0     0    13358.1262   181    13045.2889     Cuts: 114     8430    2.40%
      0     0    13342.6183   188    13045.2889      Cuts: 68     8651    2.28%
      0     0    13332.0779   183    13045.2889      Cuts: 72     8777    2.20%
      0     0    13329.9722   189    13045.2889      Cuts: 45     8848    2.18%
      0     0    13324.2801   181    13045.2889      Cuts: 26     8921    2.14%
      0     0    13320.8184   183    13045.2889      Cuts: 31     9095    2.11%
      0     0    13319.0246   181    13045.2889      Cuts: 10     9131    2.10%
      0     0    13318.1967   185    13045.2889      Cuts: 14     9160    2.09%
      0     0    13317.4102   184    13045.2889       Cuts: 9     9168    2.09%
      0     2    13317.4102   184    13045.2889    13317.1570     9168    2.08%
Elapsed time = 3.66 sec. (2014.13 ticks, tree = 0.00 MB, solutions = 1)
     10    12    13272.4854   140    13045.2889    13311.1701    10155    2.04%
     30    32    13205.6591    98    13045.2889    13311.1701    11386    2.04%
     80    77    13056.7379    29    13045.2889    13311.1701    12951    2.04%
    101    93    13141.8663   117    13045.2889    13304.5133    14511    1.99%
    138   123    13276.3126   178    13045.2889    13302.2594    16132    1.97%
    167   149    13257.5424   197    13045.2889    13300.0822    17827    1.95%
    196   172    13260.2632   174    13045.2889    13298.7199    19857    1.94%
    230   205    13054.9081    89    13045.2889    13298.7199    21680    1.94%
    263   234    13124.8421    80    13045.2889    13296.7842    23860    1.93%
    420   371    13109.2700   125    13045.2889    13289.8045    31961    1.87%
Elapsed time = 8.57 sec. (5207.40 ticks, tree = 1.57 MB, solutions = 1)
    473   421    13242.2405   209    13045.2889    13241.9535    44045    1.51%
    477   424    13228.8813   204    13045.2889    13235.6969    45500    1.46%
    480   425    13185.8244   182    13045.2889    13228.8474    47146    1.41%
    483   427    13141.5909   175    13045.2889    13228.8474    48669    1.41%
    496   437    13159.1833   145    13045.2889    13228.8474    51196    1.41%
    535   440    13182.9120   166    13045.2889    13228.4711    55174    1.40%
    583   438    13189.7267   204    13045.2889    13225.5077    61024    1.38%
    602   447    13073.9040   164    13045.2889    13225.5077    64637    1.38%
    627   454    13110.1831   159    13045.2889    13225.4609    68661    1.38%
    666   464    13118.2027   156    13045.2889    13224.3003    72719    1.37%
Elapsed time = 44.53 sec. (24185.26 ticks, tree = 2.59 MB, solutions = 1)
    711   479    13063.2812   137    13045.2889    13222.2569    78024    1.36%
    753   484    13086.1883   134    13045.2889    13219.7424    83076    1.34%
    819   516    13101.0682   118    13045.2889    13219.6358    88298    1.34%
    879   541    13114.0920   144    13045.2889    13217.6703    93411    1.32%
    947   565    13104.0174   143    13045.2889    13214.6509    98946    1.30%
   1032   596    13055.9553    66    13045.2889    13213.0999   105239    1.29%
   1075   603    13169.9098   175    13045.2889    13206.8337   112185    1.24%
   1168   633    13180.0688   200    13045.2889    13205.7073   119778    1.23%
   1213   643    13091.4882   154    13045.2889    13205.6093   125888    1.23%
   1258   658    13115.9861   188    13045.2889    13204.8343   132403    1.22%
Elapsed time = 62.50 sec. (34309.83 ticks, tree = 2.93 MB, solutions = 1)
   1311   691    13098.9016   188    13045.2889    13204.0567   138885    1.22%
   1348   719    13079.4064   147    13045.2889    13203.8691   145376    1.22%
   1387   742    13090.3868   182    13045.2889    13201.7303   151110    1.20%
   1439   784    13055.7837    80    13045.2889    13197.6701   157066    1.17%
   1535   862    13100.8220   154    13045.2889    13196.5730   162405    1.16%
   1610   925    13173.3774   176    13045.2889    13193.6460   169642    1.14%
   1671   976    13139.7244   167    13045.2889    13192.8796   177011    1.13%
   1723  1016    13093.9752   156    13045.2889    13191.8936   184374    1.12%
   1815  1093    13175.4515   168    13045.2889    13191.4726   190501    1.12%
   1904  1165    13181.6289   170    13045.2889    13189.6501   196243    1.11%
Elapsed time = 80.64 sec. (44235.36 ticks, tree = 4.33 MB, solutions = 1)
   1934  1188    13146.0676   184    13045.2889    13189.4473   201249    1.11%
   1962  1211    13162.9558   169    13045.2889    13187.3844   206317    1.09%
   2027  1262    13156.3297   179    13045.2889    13186.5873   212301    1.08%
   2062  1290    13113.4964   178    13045.2889    13186.1995   218570    1.08%
   2126  1346    13101.1594   146    13045.2889    13185.4537   224960    1.07%
   2174  1382    13167.9066   157    13045.2889    13185.2425   230408    1.07%
   2272  1464    13172.2630   177    13045.2889    13185.0772   237587    1.07%
   2351  1531    13145.5294   203    13045.2889    13183.3596   245297    1.06%
   2400  1574    13060.6781    96    13045.2889    13182.9045   252492    1.05%
   2511  1659    13157.0345   184    13045.2889    13181.4898   260643    1.04%
Elapsed time = 99.44 sec. (54344.73 ticks, tree = 6.19 MB, solutions = 1)
   2573  1703    13130.2957   175    13045.2889    13180.7004   268484    1.04%
   2665  1774    13135.4970   160    13045.2889    13179.1852   276837    1.03%
   2790  1871    13169.5733   158    13045.2889    13177.6430   286422    1.01%
   2909  1975    13065.0451   182    13045.2889    13176.3081   294540    1.00%
   2989  2038    13073.7428    81    13045.2889    13175.3328   300128    1.00%
   3063  2092    13112.5367   183    13045.2889    13175.0251   306521    0.99%
   3119  2139    13068.1465    76    13045.2889    13174.7627   312491    0.99%
   3168  2177    13094.9376   119    13045.2889    13173.7104   318342    0.98%
   3238  2235    13096.7546    78    13045.2889    13173.0648   324902    0.98%
   3312  2292    13156.5992   153    13045.2889    13172.0126   331073    0.97%
Elapsed time = 117.06 sec. (64195.69 ticks, tree = 8.25 MB, solutions = 1)
   3391  2354    13156.9199   182    13045.2889    13171.6361   337237    0.97%
   3478  2420    13133.8159   183    13045.2889    13170.6893   344657    0.96%
   3537  2461    13133.0063   192    13045.2889    13170.2182   352026    0.96%
   3580  2493    13067.2483   128    13045.2889    13169.9080   360014    0.96%
   3689  2581    13112.6288   171    13045.2889    13169.5102   368001    0.95%
   3752  2625    13048.4016   137    13045.2889    13168.4000   377236    0.94%
   3809  2669    13083.4850   157    13045.2889    13167.7719   385016    0.94%
   3894  2733    13083.9968    83    13045.2889    13167.3335   394174    0.94%
   4019  2823    13153.7729   205    13045.2889    13165.1287   403477    0.92%
   4069  2857    13071.2241   141    13045.2889    13164.3300   411275    0.91%
Elapsed time = 134.97 sec. (73875.22 ticks, tree = 10.02 MB, solutions = 1)
   4163  2933    13119.0041   136    13045.2889    13164.2375   418838    0.91%
   4222  2971    13146.6218   168    13045.2889    13163.6665   425881    0.91%
   4342  3069    13075.1707    95    13045.2889    13163.2088   433770    0.90%
   4410  3120    13110.0461   168    13045.2889    13163.0218   441534    0.90%
   4463  3157    13091.1753    75    13045.2889    13162.7542   448863    0.90%
   4542  3213    13144.0081   164    13045.2889    13161.9914   456223    0.89%
   4654  3311    13130.3603   158    13045.2889    13161.2997   462648    0.89%
   4742  3384    13125.4130   153    13045.2889    13161.1401   471382    0.89%
   4822  3446    13117.1111   152    13045.2889    13160.8187   478294    0.89%
   4900  3501    13123.3894   172    13045.2889    13160.3750   486108    0.88%
Elapsed time = 152.69 sec. (83795.31 ticks, tree = 12.04 MB, solutions = 1)
   4993  3577    13115.0190   120    13045.2889    13159.9579   494613    0.88%
   5079  3646    13139.7929   174    13045.2889    13159.4947   502283    0.88%
   5161  3706    13129.1784   123    13045.2889    13159.4328   510392    0.87%
   5256  3778    13079.2266   138    13045.2889    13159.2041   519650    0.87%
   5382  3872    13130.9990   145    13045.2889    13158.8993   528233    0.87%
   5513  3973    13093.0770   158    13045.2889    13158.4028   537215    0.87%
   5580  4017    13058.9559   134    13045.2889    13156.7497   545700    0.85%
   5648  4059    13048.7493   154    13045.2889    13156.1666   553648    0.85%
   5698  4090    13116.5866   187    13045.2889    13156.0321   560622    0.85%
   5752  4122    13097.9617   161    13045.2889    13155.7890   566917    0.85%
Elapsed time = 170.09 sec. (93563.30 ticks, tree = 14.10 MB, solutions = 1)
   5837  4181    13117.2456   151    13045.2889    13155.7145   574779    0.85%
   5945  4271    13077.1194   133    13045.2889    13155.4011   582328    0.84%
   6005  4314    13091.5835   160    13045.2889    13155.0224   588284    0.84%
   6092  4384    13086.6196    96    13045.2889    13154.6079   595103    0.84%
   6174  4447    13095.9169   158    13045.2889    13154.1998   601426    0.83%
   6246  4501    13129.3940   130    13045.2889    13153.9335   608602    0.83%
   6334  4564    13066.0626   141    13045.2889    13153.5930   614926    0.83%
   6396  4604    13127.7442   156    13045.2889    13153.4334   621801    0.83%
   6498  4679    13093.2031   158    13045.2889    13153.0966   628514    0.83%
   6833  4920    13108.0672   171    13045.2889    13151.1121   664081    0.81%
Elapsed time = 191.99 sec. (106137.98 ticks, tree = 16.93 MB, solutions = 1)
   7187  5168        cutoff          13045.2889    13149.8575   697307    0.80%
   7613  5491    13092.9032   156    13045.2889    13148.6474   733575    0.79%
   7860  5679    13050.9381   149    13045.2889    13147.6737   760116    0.78%
   8228  5954    13045.7418   122    13045.2889    13146.5680   793793    0.78%
   8620  6239    13096.5634   109    13045.2889    13145.2018   827170    0.77%
   9046  6547    13048.1117   170    13045.2889    13143.9733   863498    0.76%
   9435  6826    13103.5194   162    13045.2889    13142.8570   900117    0.75%
   9860  7144    13095.7397   141    13045.2889    13142.0453   935048    0.74%
   9933  7198    13082.3742   104    13045.2889    13141.8331   942297    0.74%
   9934  7199    13124.3894   118    13045.2889    13141.7531   942628    0.74%
Elapsed time = 291.59 sec. (160547.17 ticks, tree = 24.31 MB, solutions = 1)
  10269  7443    13086.0548   160    13045.2889    13141.1235   975835    0.73%
  10613  7657    13106.9046   106    13045.2889    13140.0337  1008224    0.73%
  11024  7936    13048.4899   109    13045.2889    13139.0855  1045983    0.72%
  11477  8263    13081.2637   122    13045.2889    13137.9407  1085052    0.71%
  12018  8658    13105.2922    90    13045.2889    13137.0695  1124625    0.70%
  12369  8909    13070.2414   167    13045.2889    13136.2520  1157594    0.70%
  12701  9128    13118.0605   156    13045.2889    13135.3345  1190118    0.69%
  13024  9349    13065.9223   148    13045.2889    13134.7341  1222861    0.69%
  13426  9611    13084.1897   166    13045.2889    13133.9039  1258099    0.68%
  13840  9880        cutoff          13045.2889    13133.0614  1295710    0.67%
Elapsed time = 360.50 sec. (198873.25 ticks, tree = 34.04 MB, solutions = 1)
  14217 10147    13081.9573    82    13045.2889    13132.5259  1331243    0.67%
  14647 10448    13075.4613   108    13045.2889    13131.8777  1367985    0.66%
  15036 10711    13060.0380   154    13045.2889    13131.3937  1400665    0.66%
  15398 10948    13095.5865    98    13045.2889    13130.8450  1435101    0.66%
  15847 11253    13062.4895   103    13045.2889    13130.0912  1470915    0.65%
  16291 11555    13047.2488    87    13045.2889    13129.3484  1509233    0.64%
  16703 11822    13079.5513   153    13045.2889    13128.6739  1545670    0.64%
  17185 12168    13117.5587   135    13045.2889    13128.0422  1584367    0.63%
  17673 12510    13079.7094    99    13045.2889    13127.6150  1623877    0.63%
  18081 12761    13064.8047   151    13045.2889    13126.8033  1660176    0.62%
Elapsed time = 430.70 sec. (237131.86 ticks, tree = 43.34 MB, solutions = 1)
  18450 12997    13103.3859   132    13045.2889    13126.2825  1697704    0.62%
  18828 13240    13081.8408   114    13045.2889    13125.6292  1733804    0.62%
  19278 13539        cutoff          13045.2889    13125.0372  1771680    0.61%
  19619 13735    13048.7315    91    13045.2889    13124.4828  1805566    0.61%
  20046 14009    13065.1516   114    13045.2889    13123.8418  1843079    0.60%
  20376 14211    13109.8384   165    13045.2889    13123.4337  1878850    0.60%
  20797 14488    13047.2759   107    13045.2889    13122.9281  1913758    0.60%
  21150 14720    13056.6126   106    13045.2889    13122.4021  1947508    0.59%
  21514 14955    13095.0061   129    13045.2889    13121.9865  1978264    0.59%
  21854 15178    13074.8162   164    13045.2889    13121.5071  2011241    0.58%
Elapsed time = 502.14 sec. (275355.58 ticks, tree = 51.07 MB, solutions = 1)
  22193 15400    13065.7474    98    13045.2889    13121.2232  2044531    0.58%
  22547 15629    13062.3768   100    13045.2889    13120.9006  2077410    0.58%
  22978 15914    13049.7411    99    13045.2889    13120.5248  2111915    0.58%
  23373 16143    13076.5025   140    13045.2889    13120.2244  2146274    0.57%
  23789 16412    13070.2852   159    13045.2889    13119.7527  2182063    0.57%
  24158 16633    13078.8670   121    13045.2889    13119.3573  2219361    0.57%
  24527 16854    13069.1438   157    13045.2889    13118.8998  2254636    0.56%
  24884 17078    13104.0920   121    13045.2889    13118.5416  2288573    0.56%
  25223 17275    13075.6294   145    13045.2889    13118.2224  2322909    0.56%
  25644 17534    13052.0629    61    13045.2889    13117.7731  2357021    0.56%
Elapsed time = 571.26 sec. (313753.10 ticks, tree = 58.67 MB, solutions = 1)
  26010 17756    13060.9249    84    13045.2889    13117.3209  2390111    0.55%
  26411 18001    13065.7219   109    13045.2889    13117.0934  2423594    0.55%
  26814 18235    13089.1124   128    13045.2889    13116.6674  2460841    0.55%
  27273 18535    13090.1584   146    13045.2889    13116.4481  2498099    0.55%
  27608 18717    13046.0415    75    13045.2889    13116.2108  2533975    0.54%
  28076 19004    13098.0333   145    13045.2889    13115.7315  2571953    0.54%
  28461 19208    13048.4307   120    13045.2889    13115.3004  2608528    0.54%
  28851 19439    13059.9233    81    13045.2889    13114.9310  2642566    0.53%
  29244 19675    13077.2732   113    13045.2889    13114.5097  2678749    0.53%
  29629 19929    13098.9587   184    13045.2889    13114.2348  2712371    0.53%
Elapsed time = 639.63 sec. (352032.40 ticks, tree = 66.35 MB, solutions = 1)
  30063 20220    13068.7594    69    13045.2889    13113.9369  2745101    0.53%
  30457 20446    13050.0886   159    13045.2889    13113.5182  2779704    0.52%
  30873 20683    13069.9037   121    13045.2889    13113.2087  2817240    0.52%
  31315 20955    13065.6447    59    13045.2889    13112.7690  2856484    0.52%
  31798 21241    13050.6873   201    13045.2889    13112.3412  2895297    0.51%
  32279 21531    13068.4400   173    13045.2889    13112.0255  2935480    0.51%
  32657 21753        cutoff          13045.2889    13111.8507  2969212    0.51%
  33101 22016    13081.3660   137    13045.2889    13111.5465  3007699    0.51%
  33542 22276    13071.2476   144    13045.2889    13111.2808  3044007    0.51%
  33954 22495    13076.5308   159    13045.2889    13111.0587  3082449    0.50%
Elapsed time = 707.88 sec. (390538.76 ticks, tree = 74.47 MB, solutions = 1)
  34382 22740    13079.5252   155    13045.2889    13110.7156  3117157    0.50%
  34854 23040    13084.0799    98    13045.2889    13110.4304  3157034    0.50%
  35317 23283    13058.2354   181    13045.2889    13110.0288  3196052    0.50%
  35727 23504    13064.2140    78    13045.2889    13109.6508  3235565    0.49%
  36215 23783    13072.9919   149    13045.2889    13109.2769  3274960    0.49%
  36659 24003    13052.3658   122    13045.2889    13108.9013  3314486    0.49%
  37135 24286    13074.6302   118    13045.2889    13108.6311  3351392    0.49%
  37558 24534    13053.9111   144    13045.2889    13108.3847  3388279    0.48%
  37983 24777    13048.4570   130    13045.2889    13108.0569  3425525    0.48%
  38364 24982    13090.6318   115    13045.2889    13107.7920  3459156    0.48%
Elapsed time = 777.07 sec. (429056.55 ticks, tree = 82.34 MB, solutions = 1)
  38789 25224    13090.2949   110    13045.2889    13107.5405  3495438    0.48%
  39273 25528    13069.6751   155    13045.2889    13107.3256  3531582    0.48%
  39662 25762        cutoff          13045.2889    13107.1148  3565643    0.47%
  40080 25977    13081.3355   136    13045.2889    13106.6767  3605425    0.47%
  40470 26171    13050.4332   104    13045.2889    13106.3876  3645218    0.47%
  40903 26401    13055.5421    91    13045.2889    13106.0547  3684317    0.47%
  41382 26671    13066.1232    75    13045.2889    13105.7966  3725762    0.46%
  41873 26962    13056.7218    95    13045.2889    13105.4938  3763447    0.46%
  42336 27169    13093.9103   117    13045.2889    13105.0570  3803687    0.46%
  42789 27414    13079.7635   123    13045.2889    13104.8176  3837877    0.46%
Elapsed time = 848.22 sec. (467452.04 ticks, tree = 89.72 MB, solutions = 1)
  43273 27683    13054.7165   111    13045.2889    13104.5801  3873866    0.45%
  43736 27932    13072.4543   130    13045.2889    13104.3365  3910094    0.45%
  44180 28157    13082.5357   160    13045.2889    13103.9838  3949075    0.45%
  44650 28406    13047.4697    95    13045.2889    13103.6909  3987788    0.45%
  45160 28679    13052.1931    82    13045.2889    13103.3910  4028016    0.45%
  45661 28958    13057.6986    75    13045.2889    13103.0970  4069613    0.44%
  46126 29182        cutoff          13045.2889    13102.7929  4106304    0.44%
  46547 29385    13056.6763    96    13045.2889    13102.5065  4144959    0.44%
  46922 29554    13077.2392   159    13045.2889    13102.2579  4182551    0.44%
  47244 29710    13079.7120   130    13045.2889    13102.0778  4211461    0.44%
Elapsed time = 918.39 sec. (505664.64 ticks, tree = 96.77 MB, solutions = 1)
  47640 29920        cutoff          13045.2889    13101.8331  4247927    0.43%
  48058 30128        cutoff          13045.2889    13101.6187  4280671    0.43%
  48463 30328    13077.9134    90    13045.2889    13101.3870  4317279    0.43%
  48893 30530    13071.0834   190    13045.2889    13101.1511  4352179    0.43%
  49291 30714    13047.9231    96    13045.2889    13100.9257  4388964    0.43%
  49744 30938        cutoff          13045.2889    13100.6714  4429551    0.42%
  50270 31216    13064.1000   142    13045.2889    13100.4184  4471405    0.42%
  50691 31412    13059.3463   172    13045.2889    13100.2372  4511302    0.42%
  51223 31691    13059.8572    88    13045.2889    13099.9853  4552458    0.42%
  51673 31900    13063.1356   108    13045.2889    13099.7092  4590685    0.42%
Elapsed time = 988.91 sec. (544020.11 ticks, tree = 103.82 MB, solutions = 1)
  52156 32123    13063.9175    98    13045.2889    13099.4482  4628509    0.42%
  52542 32271    13063.9204   114    13045.2889    13099.1774  4664796    0.41%
  52941 32434    13063.3007   142    13045.2889    13098.8834  4700335    0.41%
  53351 32660    13069.8005   111    13045.2889    13098.7401  4733813    0.41%
  53720 32819    13087.5161   142    13045.2889    13098.5426  4766660    0.41%
  54124 33004    13081.5393    80    13045.2889    13098.3935  4800338    0.41%
  54526 33170    13063.3814   134    13045.2889    13098.1671  4834365    0.41%
  54981 33375    13084.6931   133    13045.2889    13098.0089  4871568    0.40%
  55397 33552    13051.7312    83    13045.2889    13097.8149  4911993    0.40%
  55807 33765    13071.5460   101    13045.2889    13097.6384  4949038    0.40%
Elapsed time = 1059.95 sec. (582256.96 ticks, tree = 110.87 MB, solutions = 1)
  56296 34010    13064.7138   118    13045.2889    13097.4179  4988821    0.40%
  56718 34197    13062.1883   105    13045.2889    13097.2003  5026166    0.40%
  57200 34437    13083.2514   116    13045.2889    13096.9735  5065626    0.40%
  57654 34646    13066.1832   133    13045.2889    13096.7336  5105753    0.39%
  58085 34815    13069.2490    93    13045.2889    13096.5268  5141740    0.39%
  58503 34997        cutoff          13045.2889    13096.4026  5178817    0.39%
  58914 35181        cutoff          13045.2889    13096.2090  5219369    0.39%
  59387 35375    13051.4750   165    13045.2889    13095.9192  5258923    0.39%
  59787 35525        cutoff          13045.2889    13095.7023  5295421    0.39%
  60153 35669        cutoff          13045.2889    13095.5202  5327659    0.39%
Elapsed time = 1130.00 sec. (620493.03 ticks, tree = 116.91 MB, solutions = 1)
  60585 35856    13059.0343   162    13045.2889    13095.3258  5365257    0.38%
  61034 36064    13066.8090   165    13045.2889    13095.1803  5403545    0.38%
  61493 36293    13045.5227    83    13045.2889    13094.9998  5441751    0.38%
  61934 36476    13071.4508    83    13045.2889    13094.7762  5479666    0.38%
  62422 36693    13049.5389    57    13045.2889    13094.5772  5517854    0.38%
  62821 36818    13056.8273   162    13045.2889    13094.3521  5553262    0.38%
  63168 36969    13071.5137    92    13045.2889    13094.1966  5589170    0.37%
  63615 37184    13057.1722   151    13045.2889    13094.0925  5626668    0.37%
  64006 37316    13080.2542   163    13045.2889    13093.8638  5664116    0.37%
  64437 37496    13046.1097   110    13045.2889    13093.6920  5700478    0.37%
Elapsed time = 1198.82 sec. (658776.56 ticks, tree = 122.70 MB, solutions = 1)
  64880 37647    13075.3380   115    13045.2889    13093.5109  5739399    0.37%
  65331 37780    13066.2330   161    13045.2889    13093.2585  5776917    0.37%
  65762 37966    13060.6547   152    13045.2889    13093.1031  5811998    0.37%
  66200 38120    13045.9969    94    13045.2889    13092.9212  5848396    0.37%
  66625 38295    13056.7978   111    13045.2889    13092.7562  5885606    0.36%
  67094 38504    13060.7963   117    13045.2889    13092.5766  5924293    0.36%
  67550 38708    13064.7505    96    13045.2889    13092.4187  5963973    0.36%
  68001 38865    13060.5114    88    13045.2889    13092.2136  6002745    0.36%
  68467 39053    13060.5838   120    13045.2889    13092.0187  6043029    0.36%
  68989 39255    13058.7107   150    13045.2889    13091.7741  6084162    0.36%
Elapsed time = 1268.01 sec. (696958.21 ticks, tree = 128.28 MB, solutions = 1)
  69527 39461    13049.8990   100    13045.2889    13091.5073  6123226    0.35%
  70034 39661    13053.8105   122    13045.2889    13091.2771  6162668    0.35%
  70528 39846    13072.7502   102    13045.2889    13091.0696  6200891    0.35%
  70991 39998    13052.3330   154    13045.2889    13090.9126  6239740    0.35%
  71452 40177    13065.3428    69    13045.2889    13090.6765  6279079    0.35%
  71893 40354    13079.5098   100    13045.2889    13090.4965  6315291    0.35%
  72352 40541    13063.5051    93    13045.2889    13090.3509  6351762    0.35%
  72836 40734    13072.8640   124    13045.2889    13090.1954  6392769    0.34%
  73339 40913    13058.6886   114    13045.2889    13089.9901  6431947    0.34%
  73720 41020    13045.8006   120    13045.2889    13089.8448  6469093    0.34%
Elapsed time = 1336.99 sec. (735297.36 ticks, tree = 133.79 MB, solutions = 1)
  74178 41191        cutoff          13045.2889    13089.6867  6505994    0.34%
  74652 41354    13046.0913   130    13045.2889    13089.4720  6545865    0.34%
  75119 41530    13074.4741   113    13045.2889    13089.2957  6583778    0.34%
  75596 41709    13067.5639    95    13045.2889    13089.1037  6622408    0.34%
  76070 41876    13064.2507   175    13045.2889    13088.8664  6662453    0.33%
  76448 42003    13064.6084   109    13045.2889    13088.7278  6695778    0.33%
  76858 42171    13061.0021   144    13045.2889    13088.5786  6730585    0.33%
  77272 42309    13072.3625   127    13045.2889    13088.4113  6769026    0.33%
  77748 42483        cutoff          13045.2889    13088.2285  6803675    0.33%
  78194 42654    13050.0518   113    13045.2889    13088.0869  6837913    0.33%
Elapsed time = 1406.16 sec. (773539.92 ticks, tree = 138.87 MB, solutions = 1)
  78567 42779    13059.6357   119    13045.2889    13087.9835  6871463    0.33%
  78995 42908        cutoff          13045.2889    13087.8478  6908079    0.33%
  79468 43013        cutoff          13045.2889    13087.6245  6944814    0.32%
  79957 43179    13074.1087   162    13045.2889    13087.4346  6983286    0.32%
  80432 43304        cutoff          13045.2889    13087.2208  7021331    0.32%
  80889 43448    13045.5679   140    13045.2889    13087.0590  7058276    0.32%
  81399 43618    13060.8351    91    13045.2889    13086.8489  7097235    0.32%
  81928 43815        cutoff          13045.2889    13086.6576  7135187    0.32%
  82420 43940        cutoff          13045.2889    13086.4547  7175713    0.32%
  82878 44067    13052.1216    86    13045.2889    13086.2709  7214544    0.31%
Elapsed time = 1475.56 sec. (811732.96 ticks, tree = 143.37 MB, solutions = 1)
  83333 44204    13075.0481   171    13045.2889    13086.0930  7251029    0.31%
  83673 44321    13072.8221    96    13045.2889    13085.9754  7279004    0.31%
  84164 44475    13079.2777   101    13045.2889    13085.8302  7313547    0.31%
  84662 44623    13055.5344   130    13045.2889    13085.6511  7351245    0.31%
  85185 44785    13056.3610   116    13045.2889    13085.4491  7389037    0.31%
  85656 44955    13057.3695   148    13045.2889    13085.3176  7426300    0.31%
  86128 45110    13052.7314    91    13045.2889    13085.1641  7463058    0.31%
  86620 45255    13073.9025   111    13045.2889    13085.0002  7500392    0.30%
  87103 45419    13052.1914    91    13045.2889    13084.8481  7540159    0.30%
  87639 45567    13050.2569   107    13045.2889    13084.6551  7579676    0.30%
Elapsed time = 1545.07 sec. (850013.19 ticks, tree = 148.14 MB, solutions = 1)
  88111 45694    13060.0493   118    13045.2889    13084.4718  7619416    0.30%
  88618 45834    13055.9825   155    13045.2889    13084.3148  7656945    0.30%
  89118 46011    13057.0721   137    13045.2889    13084.1469  7692268    0.30%
  89592 46171    13047.7514   120    13045.2889    13084.0129  7730157    0.30%
  90073 46312    13066.3605   102    13045.2889    13083.8653  7768530    0.30%
  90609 46497    13052.1139   134    13045.2889    13083.7212  7807542    0.29%
  91082 46602    13067.1958   144    13045.2889    13083.5827  7846936    0.29%
  91566 46749    13056.1754    93    13045.2889    13083.4491  7886778    0.29%
  92073 46894        cutoff          13045.2889    13083.2921  7924024    0.29%
  92549 47033    13057.5492   154    13045.2889    13083.1339  7961068    0.29%
Elapsed time = 1614.17 sec. (888368.38 ticks, tree = 152.91 MB, solutions = 1)
  93016 47150        cutoff          13045.2889    13082.9732  7995775    0.29%
  93438 47254        cutoff          13045.2889    13082.8288  8029577    0.29%
  93885 47363    13062.2985   171    13045.2889    13082.6862  8063310    0.29%
  94328 47481        cutoff          13045.2889    13082.5864  8099322    0.29%
  94748 47556    13057.5916    97    13045.2889    13082.4368  8132722    0.28%
  95211 47698    13048.8747   140    13045.2889    13082.3129  8169866    0.28%
  95670 47805    13064.4740    98    13045.2889    13082.1653  8206298    0.28%
  96144 47919        cutoff          13045.2889    13082.0287  8242494    0.28%
  96643 48058    13051.7227   141    13045.2889    13081.8564  8277692    0.28%
  97064 48125    13068.2886   101    13045.2889    13081.7072  8315264    0.28%
Elapsed time = 1683.13 sec. (926680.21 ticks, tree = 157.24 MB, solutions = 1)
  97583 48267    13050.0786   116    13045.2889    13081.5559  8351434    0.28%
  98080 48443    13054.3678   112    13045.2889    13081.4365  8388588    0.28%
  98568 48523    13068.3875    71    13045.2889    13081.2806  8426399    0.28%
  99024 48673    13065.1511   126    13045.2889    13081.1426  8461854    0.27%
  99447 48744    13055.5011   111    13045.2889    13081.0083  8495745    0.27%
  99941 48861    13052.1106    89    13045.2889    13080.8319  8535298    0.27%
 100442 49008        cutoff          13045.2889    13080.6925  8573529    0.27%
 100969 49169    13051.9686    88    13045.2889    13080.5344  8610653    0.27%
 101410 49262    13050.5876    96    13045.2889    13080.4340  8643686    0.27%
 101862 49357        cutoff          13045.2889    13080.3236  8677463    0.27%
Elapsed time = 1751.44 sec. (964929.72 ticks, tree = 161.27 MB, solutions = 1)
 102311 49447        cutoff          13045.2889    13080.1923  8712221    0.27%
 102804 49556    13063.9116   161    13045.2889    13080.0528  8747431    0.27%
 103259 49660        cutoff          13045.2889    13079.9272  8784179    0.27%
 103747 49766    13062.8080   113    13045.2889    13079.7888  8823117    0.26%
 104217 49866    13062.3545   110    13045.2889    13079.6683  8859256    0.26%
 104736 50018    13050.4752   120    13045.2889    13079.5513  8896353    0.26%
 105219 50126        cutoff          13045.2889    13079.4240  8933808    0.26%
 105705 50206    13067.2300   150    13045.2889    13079.2980  8970843    0.26%
 106255 50354        cutoff          13045.2889    13079.1391  9011134    0.26%
 106728 50432    13047.5068   126    13045.2889    13078.9945  9049065    0.26%
Elapsed time = 1823.60 sec. (1003158.24 ticks, tree = 164.69 MB, solutions = 1)
 107196 50513    13048.5619   115    13045.2889    13078.8607  9085314    0.26%
 107656 50591        cutoff          13045.2889    13078.7245  9119020    0.26%
 108063 50664        cutoff          13045.2889    13078.6025  9155289    0.26%
 108553 50739    13049.2933    88    13045.2889    13078.4387  9191168    0.25%
 109032 50808    13069.2509   105    13045.2889    13078.2875  9228207    0.25%
 109456 50890    13058.3865   122    13045.2889    13078.1720  9264321    0.25%
 109917 50969    13056.5415   117    13045.2889    13078.0476  9301532    0.25%
 110430 51071    13057.9205   146    13045.2889    13077.9213  9338159    0.25%
 110793 51100    13049.8252   116    13045.2889    13077.7975  9369118    0.25%
 111231 51116    13048.3132   157    13045.2889    13077.6356  9404897    0.25%
Elapsed time = 1893.29 sec. (1041431.07 ticks, tree = 166.89 MB, solutions = 1)
 111776 51222    13051.5306    55    13045.2889    13077.5098  9439155    0.25%
 112231 51246    13062.2727   106    13045.2889    13077.3648  9474497    0.25%
 112743 51333    13058.2118   123    13045.2889    13077.2318  9511848    0.24%
 113159 51403        cutoff          13045.2889    13077.1156  9547404    0.24%
 113649 51469    13073.7430   157    13045.2889    13076.9841  9581637    0.24%
 114176 51546    13048.0857   137    13045.2889    13076.8506  9619962    0.24%
 114678 51621    13047.3970   134    13045.2889    13076.6877  9658376    0.24%
 115225 51713        cutoff          13045.2889    13076.5449  9697114    0.24%
 115717 51797    13058.2784   152    13045.2889    13076.4168  9734124    0.24%
 116167 51827        cutoff          13045.2889    13076.2830  9769145    0.24%
Elapsed time = 1962.54 sec. (1079713.41 ticks, tree = 169.06 MB, solutions = 1)
 116691 51919    13047.4245    86    13045.2889    13076.1386  9807046    0.24%
 117189 51957    13056.4126    84    13045.2889    13075.9765  9845147    0.24%
 117641 52019    13052.5856   124    13045.2889    13075.8655  9880465    0.23%
 118123 52037    13055.7749   114    13045.2889    13075.7193  9920141    0.23%
 118629 52089    13046.4129   124    13045.2889    13075.5852  9957551    0.23%
 119130 52135    13069.2527   116    13045.2889    13075.4443  9993724    0.23%
 119633 52175        cutoff          13045.2889    13075.3143 10027073    0.23%
 120133 52206    13060.0979   132    13045.2889    13075.1704 10066386    0.23%
 120623 52256        cutoff          13045.2889    13075.0254 10102117    0.23%
 121104 52276    13054.4400   111    13045.2889    13074.8744 10136670    0.23%
Elapsed time = 2032.93 sec. (1117951.66 ticks, tree = 170.41 MB, solutions = 1)
 121538 52327        cutoff          13045.2889    13074.7644 10171014    0.23%
 122062 52390    13063.4466   138    13045.2889    13074.6380 10208400    0.22%
 122544 52406    13057.0296   144    13045.2889    13074.4823 10245666    0.22%
 123067 52428    13056.0576    94    13045.2889    13074.3479 10281063    0.22%
 123604 52472    13054.7692   137    13045.2889    13074.2127 10318149    0.22%
 124095 52491    13058.5658   115    13045.2889    13074.0647 10355440    0.22%
 124529 52503    13054.2185    92    13045.2889    13073.9564 10388313    0.22%
 125051 52550    13052.6169    93    13045.2889    13073.8257 10426464    0.22%
 125501 52556        cutoff          13045.2889    13073.6890 10464827    0.22%
 126033 52603    13056.8335    93    13045.2889    13073.5421 10503736    0.22%
Elapsed time = 2102.95 sec. (1156206.77 ticks, tree = 171.58 MB, solutions = 1)
 126541 52649    13046.8100    89    13045.2889    13073.4129 10539369    0.22%
 127039 52677    13045.8149   109    13045.2889    13073.2694 10575778    0.21%
 127552 52697        cutoff          13045.2889    13073.1338 10610133    0.21%
 127997 52680    13055.2566   150    13045.2889    13073.0079 10643415    0.21%
 128530 52717        cutoff          13045.2889    13072.8687 10682290    0.21%
 129033 52767        cutoff          13045.2889    13072.7482 10717814    0.21%
 129552 52785    13051.1581   110    13045.2889    13072.6097 10756372    0.21%
 130062 52757        cutoff          13045.2889    13072.4698 10793930    0.21%
 130596 52757    13066.4174   141    13045.2889    13072.3205 10832800    0.21%
 131075 52778        cutoff          13045.2889    13072.1868 10868353    0.21%
Elapsed time = 2173.02 sec. (1194415.50 ticks, tree = 172.16 MB, solutions = 1)
 131597 52777    13053.4208   157    13045.2889    13072.0700 10904817    0.21%
 132138 52785    13057.1151   133    13045.2889    13071.9310 10942259    0.20%
 132675 52811    13045.3523    81    13045.2889    13071.8127 10977873    0.20%
 133217 52805    13069.4482   154    13045.2889    13071.6836 11016757    0.20%
 133735 52794    13046.9151    62    13045.2889    13071.5482 11055141    0.20%
 134281 52811    13065.8036   101    13045.2889    13071.4158 11090651    0.20%
 134798 52774    13055.0449   132    13045.2889    13071.3067 11128394    0.20%
 135293 52750    13054.6938    99    13045.2889    13071.1706 11162296    0.20%
 135735 52717    13059.9667   118    13045.2889    13071.0480 11194292    0.20%
 136267 52670    13046.3613   101    13045.2889    13070.8897 11229405    0.20%
Elapsed time = 2243.09 sec. (1232654.52 ticks, tree = 171.74 MB, solutions = 1)
 136813 52633    13046.1461    69    13045.2889    13070.7327 11267002    0.20%
 137436 52623        cutoff          13045.2889    13070.5826 11304334    0.19%
 137977 52584        cutoff          13045.2889    13070.4486 11342470    0.19%
 138519 52530    13051.4615   163    13045.2889    13070.2958 11382124    0.19%
 139080 52473        cutoff          13045.2889    13070.1422 11422000    0.19%
 139645 52449    13049.8120   152    13045.2889    13069.9893 11461740    0.19%
 140230 52365        cutoff          13045.2889    13069.8247 11500930    0.19%
 140801 52389    13048.0271   131    13045.2889    13069.6879 11540299    0.19%
 141359 52324        cutoff          13045.2889    13069.5316 11579199    0.19%
 141960 52301        cutoff          13045.2889    13069.3924 11619262    0.18%
Elapsed time = 2313.93 sec. (1270890.81 ticks, tree = 170.50 MB, solutions = 1)
 142550 52299    13047.8027   106    13045.2889    13069.2564 11659672    0.18%
 143154 52291    13061.7464   100    13045.2889    13069.1237 11700465    0.18%
 143703 52233    13045.4116   129    13045.2889    13068.9935 11738882    0.18%
 144230 52176    13046.7056    36    13045.2889    13068.8649 11777080    0.18%
 144802 52108    13048.5657   126    13045.2889    13068.6959 11817362    0.18%
 145337 51996    13056.3189    82    13045.2889    13068.5554 11854906    0.18%
 145899 51945        cutoff          13045.2889    13068.4180 11891630    0.18%
 146429 51906    13065.7142   110    13045.2889    13068.3138 11929918    0.18%
 147002 51853    13057.5291   127    13045.2889    13068.1754 11965202    0.18%
 147548 51780        cutoff          13045.2889    13068.0507 12002310    0.17%
Elapsed time = 2384.11 sec. (1309082.69 ticks, tree = 168.67 MB, solutions = 1)
 148176 51706        cutoff          13045.2889    13067.8854 12038547    0.17%
 148750 51656    13059.4102    92    13045.2889    13067.7576 12077054    0.17%
 149331 51540    13049.3919   176    13045.2889    13067.5892 12116208    0.17%
 149871 51470    13061.0339   103    13045.2889    13067.4515 12155818    0.17%
 150442 51378        cutoff          13045.2889    13067.3164 12195204    0.17%
 151075 51291        cutoff          13045.2889    13067.1706 12231856    0.17%
 151678 51189        cutoff          13045.2889    13067.0239 12270917    0.17%
 152057 51129        cutoff          13045.2889    13066.9318 12296324    0.17%
 152644 51016    13050.2349    58    13045.2889    13066.7621 12335300    0.16%
 153226 50913    13048.7386   128    13045.2889    13066.6082 12373698    0.16%
Elapsed time = 2452.05 sec. (1347261.23 ticks, tree = 165.95 MB, solutions = 1)
 153841 50846    13048.5419   132    13045.2889    13066.4571 12409691    0.16%
 154424 50732    13046.2627   117    13045.2889    13066.3192 12447148    0.16%
 155023 50627    13048.0090   105    13045.2889    13066.1557 12484000    0.16%
 155652 50559        cutoff          13045.2889    13066.0365 12520692    0.16%
 156226 50460    13046.7059    68    13045.2889    13065.8983 12557623    0.16%
 156795 50395        cutoff          13045.2889    13065.7596 12593545    0.16%
 157388 50316    13049.6669   145    13045.2889    13065.6293 12630058    0.16%
 157966 50212    13058.7236   152    13045.2889    13065.4989 12664915    0.15%
 158588 50031        cutoff          13045.2889    13065.3281 12700003    0.15%
 159144 49946        cutoff          13045.2889    13065.2116 12736446    0.15%
Elapsed time = 2522.54 sec. (1385465.16 ticks, tree = 162.92 MB, solutions = 1)
 159760 49829        cutoff          13045.2889    13065.0683 12771740    0.15%
 160431 49687        cutoff          13045.2889    13064.9158 12807385    0.15%
 161067 49582        cutoff          13045.2889    13064.7814 12844544    0.15%
 161723 49508    13046.5736    96    13045.2889    13064.6669 12882265    0.15%
 162358 49397    13049.7088    70    13045.2889    13064.5310 12919154    0.15%
 163033 49255        cutoff          13045.2889    13064.3798 12956202    0.15%
 163663 49075        cutoff          13045.2889    13064.2288 12993072    0.15%
 164317 48942    13052.6240   103    13045.2889    13064.0882 13028622    0.14%
 164958 48827    13050.2823    59    13045.2889    13063.9544 13064699    0.14%
 165621 48697        cutoff          13045.2889    13063.8173 13101744    0.14%
Elapsed time = 2591.97 sec. (1423649.30 ticks, tree = 158.90 MB, solutions = 1)
 166207 48522    13048.7814    89    13045.2889    13063.6794 13137248    0.14%
 166812 48306    13054.0341    71    13045.2889    13063.5297 13173406    0.14%
 167425 48143        cutoff          13045.2889    13063.3801 13207955    0.14%
 168067 47927        cutoff          13045.2889    13063.2163 13242191    0.14%
 168648 47741        cutoff          13045.2889    13063.0800 13276078    0.14%
 169252 47577        cutoff          13045.2889    13062.9573 13312611    0.14%
 169862 47387    13052.5321   164    13045.2889    13062.8089 13346143    0.13%
 170499 47200    13055.5905    91    13045.2889    13062.6610 13381922    0.13%
 171148 47031        cutoff          13045.2889    13062.5025 13416221    0.13%
 171801 46820    13045.4323    97    13045.2889    13062.3579 13449999    0.13%
Elapsed time = 2662.50 sec. (1461814.02 ticks, tree = 152.77 MB, solutions = 1)
 172450 46642        cutoff          13045.2889    13062.2226 13485523    0.13%
 173138 46463        cutoff          13045.2889    13062.0811 13521448    0.13%
 173812 46303        cutoff          13045.2889    13061.9525 13555721    0.13%
 174483 46030    13048.2570   114    13045.2889    13061.7859 13589161    0.13%
 175143 45781        cutoff          13045.2889    13061.6279 13624001    0.13%
 175781 45563    13047.5083   108    13045.2889    13061.4895 13658789    0.12%
 176441 45336        cutoff          13045.2889    13061.3507 13693202    0.12%
 177079 45109    13051.9645   103    13045.2889    13061.1937 13728329    0.12%
 177728 44843    13047.0895   117    13045.2889    13061.0398 13763337    0.12%
 178383 44578    13052.6892   114    13045.2889    13060.8909 13797558    0.12%
Elapsed time = 2732.46 sec. (1500025.61 ticks, tree = 145.48 MB, solutions = 1)
 179062 44349    13045.9181   118    13045.2889    13060.7466 13832435    0.12%
 179731 44054    13049.4734   124    13045.2889    13060.5792 13867525    0.12%
 180371 43821    13050.4732    95    13045.2889    13060.4501 13898994    0.12%
 181030 43544    13050.8997    80    13045.2889    13060.2998 13932260    0.12%
 181689 43235        cutoff          13045.2889    13060.1661 13965554    0.11%
 182344 42945        cutoff          13045.2889    13060.0262 13997713    0.11%
 183028 42702        cutoff          13045.2889    13059.9001 14028710    0.11%
 183684 42452        cutoff          13045.2889    13059.7612 14061583    0.11%
 184303 42195    13052.9858   103    13045.2889    13059.6285 14095037    0.11%
 184959 41899        cutoff          13045.2889    13059.4714 14125189    0.11%
Elapsed time = 2802.04 sec. (1538223.27 ticks, tree = 137.02 MB, solutions = 1)
 185625 41631    13049.8216    92    13045.2889    13059.3390 14156321    0.11%
 186303 41281        cutoff          13045.2889    13059.1782 14185734    0.11%
 187007 40959    13050.8243    89    13045.2889    13059.0119 14216620    0.11%
 187715 40630        cutoff          13045.2889    13058.8672 14248540    0.10%
 188394 40269        cutoff          13045.2889    13058.7159 14281782    0.10%
 189105 39922    13051.3570   127    13045.2889    13058.5718 14313134    0.10%
 189794 39583    13046.9482   109    13045.2889    13058.4164 14344094    0.10%
 190503 39236        cutoff          13045.2889    13058.2719 14374306    0.10%
 191196 38888        cutoff          13045.2889    13058.1176 14406125    0.10%
 191899 38514        cutoff          13045.2889    13057.9591 14436334    0.10%
Elapsed time = 2871.82 sec. (1576407.92 ticks, tree = 126.11 MB, solutions = 1)
 192583 38146        cutoff          13045.2889    13057.8018 14467089    0.10%
 193273 37787    13053.0492   111    13045.2889    13057.6457 14498632    0.09%
 193983 37417    13050.2678    81    13045.2889    13057.4839 14527691    0.09%
 194669 37072    13051.0123    54    13045.2889    13057.3310 14559184    0.09%
 195379 36673        cutoff          13045.2889    13057.1810 14587806    0.09%
 196101 36288        cutoff          13045.2889    13057.0366 14618199    0.09%
 196754 35900    13048.0951    86    13045.2889    13056.8863 14645981    0.09%
 197472 35511    13056.1677    83    13045.2889    13056.7320 14674374    0.09%
 198190 35111        cutoff          13045.2889    13056.5737 14702858    0.09%
 198908 34698        cutoff          13045.2889    13056.4282 14730765    0.09%
Elapsed time = 2941.75 sec. (1614640.99 ticks, tree = 113.94 MB, solutions = 1)
 199583 34332        cutoff          13045.2889    13056.2820 14757202    0.08%
 200296 33922    13055.9186    76    13045.2889    13056.1251 14785278    0.08%
 200996 33510        cutoff          13045.2889    13055.9749 14812978    0.08%
 201690 33062        cutoff          13045.2889    13055.8177 14840657    0.08%
 202393 32627        cutoff          13045.2889    13055.6627 14867156    0.08%
 203079 32202        cutoff          13045.2889    13055.5094 14893805    0.08%
 203775 31768        cutoff          13045.2889    13055.3575 14919988    0.08%
 204522 31277        cutoff          13045.2889    13055.1931 14945936    0.08%
 205245 30748        cutoff          13045.2889    13055.0409 14971838    0.07%
 205994 30241    13045.7984    69    13045.2889    13054.8771 14997067    0.07%
Elapsed time = 3011.61 sec. (1652818.90 ticks, tree = 99.50 MB, solutions = 1)
 206743 29732        cutoff          13045.2889    13054.7013 15021475    0.07%
 207503 29240        cutoff          13045.2889    13054.5431 15046967    0.07%
 208229 28770    13047.9095    22    13045.2889    13054.3728 15071549    0.07%
 208983 28262        cutoff          13045.2889    13054.2129 15096180    0.07%
 209705 27675        cutoff          13045.2889    13054.0446 15120526    0.07%
 210446 27139        cutoff          13045.2889    13053.8827 15145416    0.07%
 211204 26596    13046.0750    96    13045.2889    13053.7084 15169494    0.06%
 211953 26009        cutoff          13045.2889    13053.5250 15191111    0.06%
 212696 25423        cutoff          13045.2889    13053.3422 15212922    0.06%
 213456 24832        cutoff          13045.2889    13053.1651 15235155    0.06%
Elapsed time = 3081.51 sec. (1690993.60 ticks, tree = 82.15 MB, solutions = 1)
 214209 24271        cutoff          13045.2889    13052.9898 15257118    0.06%
 214982 23665        cutoff          13045.2889    13052.8063 15278481    0.06%
 215787 23063        cutoff          13045.2889    13052.6209 15299187    0.06%
 216543 22453    13045.8014    81    13045.2889    13052.4433 15320463    0.05%
 217332 21863    13049.9675    79    13045.2889    13052.2487 15341251    0.05%
 218088 21222        cutoff          13045.2889    13052.0528 15360072    0.05%
 218855 20582        cutoff          13045.2889    13051.8568 15378027    0.05%
 219648 19928        cutoff          13045.2889    13051.6762 15395955    0.05%
 220370 19341        cutoff          13045.2889    13051.4964 15413049    0.05%
 221170 18735        cutoff          13045.2889    13051.3154 15430746    0.05%
Elapsed time = 3150.94 sec. (1729164.61 ticks, tree = 62.81 MB, solutions = 1)
 221957 18053        cutoff          13045.2889    13051.1276 15447436    0.04%
 222775 17390        cutoff          13045.2889    13050.9371 15464206    0.04%
 223565 16722        cutoff          13045.2889    13050.7420 15481163    0.04%
 224346 16033    13047.7904    78    13045.2889    13050.5481 15496818    0.04%
 225130 15339        cutoff          13045.2889    13050.3469 15510239    0.04%
 225918 14633        cutoff          13045.2889    13050.1392 15524372    0.04%
 226693 13979    13046.1246   108    13045.2889    13049.9521 15538248    0.04%
 227488 13291        cutoff          13045.2889    13049.7550 15550780    0.03%
 228265 12592        cutoff          13045.2889    13049.5357 15563097    0.03%
 229060 11910        cutoff          13045.2889    13049.3267 15574298    0.03%
Elapsed time = 3219.71 sec. (1767333.61 ticks, tree = 40.18 MB, solutions = 1)
 229869 11177        cutoff          13045.2889    13049.0997 15585721    0.03%
 230676 10448        cutoff          13045.2889    13048.8825 15596347    0.03%
 231464  9722        cutoff          13045.2889    13048.6615 15606814    0.03%
 232275  8977        cutoff          13045.2889    13048.4372 15617005    0.02%
 233076  8227        cutoff          13045.2889    13048.2280 15626840    0.02%
 233864  7476        cutoff          13045.2889    13047.9887 15636066    0.02%
 234687  6690        cutoff          13045.2889    13047.7395 15643899    0.02%
 235493  5945        cutoff          13045.2889    13047.4886 15651744    0.02%
 236307  5187    13046.5449   110    13045.2889    13047.2449 15659150    0.01%
 237123  4414        cutoff          13045.2889    13046.9821 15666179    0.01%
Elapsed time = 3288.14 sec. (1805503.82 ticks, tree = 16.02 MB, solutions = 1)
 237956  3604        cutoff          13045.2889    13046.7128 15672184    0.01%

Implied bound cuts applied:  74
Flow cuts applied:  110
Mixed integer rounding cuts applied:  358
Lift and project cuts applied:  108
Gomory fractional cuts applied:  40

Root node processing (before b&c):
  Real time             =    3.61 sec. (1989.48 ticks)
Sequential b&c:
  Real time             = 3294.19 sec. (1811704.89 ticks)
                          ------------
Total (root+branch&cut) = 3297.80 sec. (1813694.37 ticks)
