1 of 1 MIP starts provided solutions.
MIP start 'm1' defined initial solution with objective 16407.5695.
Tried aggregator 2 times.
MIP Presolve eliminated 1 rows and 2 columns.
MIP Presolve modified 5692 coefficients.
Aggregator did 2 substitutions.
Reduced MIP has 2989 rows, 1791 columns, and 17208 nonzeros.
Reduced MIP has 1394 binaries, 0 generals, 0 SOSs, and 0 indicators.
Presolve time = 0.02 sec. (11.38 ticks)
Probing time = 0.01 sec. (2.63 ticks)
Tried aggregator 1 time.
Reduced MIP has 2989 rows, 1791 columns, and 17208 nonzeros.
Reduced MIP has 1394 binaries, 0 generals, 0 SOSs, and 0 indicators.
Presolve time = 0.02 sec. (7.65 ticks)
Probing time = 0.01 sec. (2.62 ticks)
Clique table members: 210.
MIP emphasis: balance optimality and feasibility.
MIP search method: dynamic search.
Parallel mode: none, using 1 thread.
Root relaxation solution time = 0.01 sec. (7.46 ticks)

        Nodes                                         Cuts/
   Node  Left     Objective  IInf  Best Integer    Best Bound    ItCnt     Gap

*     0+    0                        16407.5695    69670.7303      517  324.63%
      0     0    18116.6170   274    16407.5695    18116.6170      517   10.42%
      0     0    17138.1968   209    16407.5695     Cuts: 689      906    4.45%
      0     0    16817.0554   264    16407.5695     Cuts: 475     1195    2.50%
      0     0    16727.4593   269    16407.5695     Cuts: 249     1342    1.95%
      0     0    16713.1821   273    16407.5695      Cuts: 57     1391    1.86%
      0     0    16711.1170   282    16407.5695      Cuts: 30     1424    1.85%
      0     0    16710.4380   283    16407.5695      Cuts: 34     1441    1.85%
      0     0    16710.3677   287    16407.5695       Cuts: 5     1446    1.85%
      0     2    16710.3677   287    16407.5695    16710.2987     1446    1.85%
Elapsed time = 0.69 sec. (347.69 ticks, tree = 0.00 MB, solutions = 1)
    103    97    16580.1957   220    16407.5695    16701.9060     2639    1.79%
    220   204    16439.3481   194    16407.5695    16701.0296     4436    1.79%
    327   301    16429.4952   102    16407.5695    16693.3270     6106    1.74%
    495   442    16667.0845   271    16407.5695    16685.4005     7664    1.69%
    509   456    16561.4957   310    16407.5695    16561.4919     9651    0.94%
    510   457    16557.5302   301    16407.5695    16557.4383     9684    0.91%
    512   458    16556.5091   298    16407.5695    16556.5090     9834    0.91%
    516   458    16504.9306   267    16407.5695    16556.5090     9988    0.91%
    520   460    16449.5122   239    16407.5695    16556.5090    10107    0.91%
    571   430    16499.1495   211    16407.5695    16556.5013    10988    0.91%
Elapsed time = 11.36 sec. (6468.31 ticks, tree = 0.48 MB, solutions = 1)
    869   525    16439.8502    95    16407.5695    16551.4840    14193    0.88%
   1190   642    16462.4636    94    16407.5695    16545.7959    18144    0.84%
   1562   886    16502.6994   233    16407.5695    16540.8994    22512    0.81%
   1968  1220    16441.9170   253    16407.5695    16536.7271    26735    0.79%
   2357  1525    16506.8858   281    16407.5695    16532.7080    32227    0.76%
   2737  1838    16497.0803   271    16407.5695    16528.4112    37466    0.74%
   3113  2119    16462.3921   228    16407.5695    16525.4783    42952    0.72%
   3507  2410    16491.7205   179    16407.5695    16522.4909    49114    0.70%
   3913  2718    16481.0292   238    16407.5695    16518.3546    55156    0.68%
   4277  2992    16426.3179   244    16407.5695    16515.6142    60581    0.66%
Elapsed time = 27.25 sec. (16222.79 ticks, tree = 3.74 MB, solutions = 1)
   4654  3265    16405.3244   115    16407.5695    16513.5215    66399    0.65%
   5098  3617    16468.2550   212    16407.5695    16511.5534    71495    0.63%
   5406  3865    16453.3648   202    16407.5695    16510.5479    76550    0.63%
   5707  4058    16448.7618   290    16407.5695    16508.9861    82270    0.62%
   6100  4343    16478.7172   277    16407.5695    16506.7845    88122    0.60%
   6504  4628    16488.2863   254    16407.5695    16505.3955    94175    0.60%
   6922  4926        cutoff          16407.5695    16503.9385   100519    0.59%
   7357  5233    16475.2255   230    16407.5695    16502.6136   106937    0.58%
   7847  5618    16452.9887   156    16407.5695    16500.9587   112895    0.57%
   8260  5915    16481.9461   189    16407.5695    16500.0526   117828    0.56%
Elapsed time = 42.48 sec. (25893.26 ticks, tree = 7.73 MB, solutions = 1)
   8668  6227    16415.0011   213    16407.5695    16499.1903   122916    0.56%
   9020  6485    16437.4215   251    16407.5695    16498.2790   128346    0.55%
   9348  6706    16451.5873   182    16407.5695    16497.2807   133925    0.55%
   9677  6933    16482.2351   248    16407.5695    16496.0335   139223    0.54%
   9993  7140    16423.5594   171    16407.5695    16494.2492   144658    0.53%
  10434  7452    16442.6837   110    16407.5695    16492.6614   150159    0.52%
  10689  7604        cutoff          16407.5695    16491.7415   155115    0.51%
  10881  7754    16429.0873   145    16407.5695    16491.2999   157597    0.51%
  11166  7897        cutoff          16407.5695    16490.1436   163836    0.50%
  11535  8104    16435.9023   210    16407.5695    16489.1326   170122    0.50%
Elapsed time = 60.19 sec. (36429.76 ticks, tree = 10.33 MB, solutions = 1)
  11855  8291    16408.5980   195    16407.5695    16488.2501   176410    0.49%
  12042  8367        cutoff          16407.5695    16487.2270   182078    0.49%
  12283  8530    16425.0755   233    16407.5695    16486.7467   186176    0.48%
  12748  8847    16451.7008   226    16407.5695    16485.9618   192524    0.48%
  13128  9055    16459.3473   250    16407.5695    16484.7608   198475    0.47%
  13500  9292        cutoff          16407.5695    16483.9350   204107    0.47%
  13845  9486    16422.5466   185    16407.5695    16483.1685   209555    0.46%
  14346  9847    16438.1812   226    16407.5695    16482.2268   215388    0.46%
  14758 10087    16445.1520   186    16407.5695    16481.2685   222088    0.45%
  15359 10504        cutoff          16407.5695    16480.3983   228450    0.44%
Elapsed time = 75.59 sec. (46010.23 ticks, tree = 13.40 MB, solutions = 1)
  15838 10803    16431.0234   119    16407.5695    16479.3491   235367    0.44%
  16249 11050    16424.4634   215    16407.5695    16478.6561   241754    0.43%
  16708 11336    16428.8265   123    16407.5695    16477.1696   248512    0.42%
  17151 11602    16436.6719   221    16407.5695    16476.5427   254969    0.42%
  17600 11861    16433.9205   216    16407.5695    16475.7690   261818    0.42%
  17952 12053    16411.2364   215    16407.5695    16475.1948   267630    0.41%
  18351 12275    16422.6555   161    16407.5695    16474.7554   273695    0.41%
  18685 12432    16421.8021   266    16407.5695    16474.1774   279805    0.41%
  19063 12611    16421.4331   187    16407.5695    16473.3624   286540    0.40%
  19509 12887    16463.2943   258    16407.5695    16472.7278   292427    0.40%
Elapsed time = 91.05 sec. (55711.34 ticks, tree = 16.41 MB, solutions = 1)
  19835 13048    16408.9548   149    16407.5695    16472.0730   298069    0.39%
  20109 13143    16424.1847   208    16407.5695    16471.2716   304105    0.39%
  20525 13392    16426.1341   219    16407.5695    16470.7210   310714    0.38%
  20954 13630        cutoff          16407.5695    16470.0799   317228    0.38%
  21361 13854    16441.4048   203    16407.5695    16469.3935   323836    0.38%
  21828 14147    16459.4961   164    16407.5695    16468.9514   330016    0.37%
  22219 14353    16441.6003   237    16407.5695    16468.2880   336816    0.37%
  22637 14582        cutoff          16407.5695    16467.6558   343467    0.37%
  23105 14837    16422.6995   131    16407.5695    16467.2137   350109    0.36%
  23598 15117    16412.4478   165    16407.5695    16466.5020   356494    0.36%
Elapsed time = 106.69 sec. (65270.60 ticks, tree = 19.12 MB, solutions = 1)
  24073 15369    16425.5750   144    16407.5695    16465.9722   363047    0.36%
  24545 15647    16412.4332   158    16407.5695    16465.5858   368484    0.35%
  25001 15910    16433.9794   170    16407.5695    16465.1631   375084    0.35%
  25390 16108    16425.1714   141    16407.5695    16464.5563   381366    0.35%
  25771 16334        cutoff          16407.5695    16464.1896   386935    0.35%
  26109 16469    16411.5880   153    16407.5695    16463.6931   393522    0.34%
  26535 16677    16428.3270   204    16407.5695    16463.3044   398664    0.34%
  26959 16900    16424.7569   178    16407.5695    16462.8986   405058    0.34%
  27377 17122    16425.3760   245    16407.5695    16462.4788   410913    0.33%
  27819 17324    16409.5419   179    16407.5695    16461.9401   417776    0.33%
Elapsed time = 121.51 sec. (74988.89 ticks, tree = 22.29 MB, solutions = 1)
  28292 17554    16408.7275   276    16407.5695    16461.4263   424379    0.33%
  28702 17755    16407.7981   242    16407.5695    16460.8476   431047    0.32%
  29122 17979    16425.9291   172    16407.5695    16460.5105   437139    0.32%
  29587 18208    16429.6637   175    16407.5695    16459.9794   443284    0.32%
  30071 18469    16416.0247   148    16407.5695    16459.6308   450021    0.32%
  30536 18663    16412.2221   145    16407.5695    16459.0947   456537    0.31%
  30961 18874    16428.1827    99    16407.5695    16458.6781   463117    0.31%
  31398 19057    16408.5509    82    16407.5695    16458.1971   469798    0.31%
  31825 19272    16426.8332   155    16407.5695    16457.8585   476378    0.31%
  32217 19438        cutoff          16407.5695    16457.4197   482407    0.30%
Elapsed time = 136.61 sec. (84548.56 ticks, tree = 25.91 MB, solutions = 1)
  32625 19644    16411.5091   190    16407.5695    16457.1093   488223    0.30%
  33143 19932        cutoff          16407.5695    16456.7199   494806    0.30%
  33514 20093    16421.9977   147    16407.5695    16456.2690   500640    0.30%
  33955 20326    16414.2694   133    16407.5695    16455.9199   506749    0.29%
  34346 20520    16426.5509   139    16407.5695    16455.7097   512676    0.29%
  34692 20631    16426.5947   183    16407.5695    16455.3461   518769    0.29%
  35060 20789    16411.7866   215    16407.5695    16454.9913   525128    0.29%
  35524 21017    16435.3539   179    16407.5695    16454.6335   531554    0.29%
  35948 21229    16408.1895   105    16407.5695    16454.3589   537600    0.29%
  37721 22015        cutoff          16407.5695    16452.8556   562905    0.28%
Elapsed time = 156.43 sec. (96962.60 ticks, tree = 29.11 MB, solutions = 1)
  39567 22891    16408.8372   138    16407.5695    16451.6831   586816    0.27%
  41463 23716    16418.1725   118    16407.5695    16450.0734   611954    0.26%
  43227 24353    16424.8078   259    16407.5695    16448.7568   637198    0.25%
  44976 25023    16412.4287   159    16407.5695    16447.4681   661209    0.24%
  46779 25633    16423.4533   121    16407.5695    16446.3557   685729    0.24%
  48614 26295    16424.0819   161    16407.5695    16445.3783   709601    0.23%
  50615 27012    16425.0326   194    16407.5695    16444.2227   735477    0.22%
  52480 27686    16422.6094   250    16407.5695    16443.1468   759243    0.22%
  54280 28209    16415.4820   156    16407.5695    16442.0776   782730    0.21%
  56209 28847    16424.8327   153    16407.5695    16441.1509   806083    0.20%
Elapsed time = 215.36 sec. (135138.66 ticks, tree = 37.63 MB, solutions = 1)
  58018 29363    16408.6407   157    16407.5695    16440.1024   827854    0.20%
  59918 29874    16411.6193    69    16407.5695    16439.1209   851756    0.19%
  61809 30270    16420.4821    94    16407.5695    16438.0736   876322    0.19%
  63730 30609    16411.9703    78    16407.5695    16436.9464   899622    0.18%
  65556 30784        cutoff          16407.5695    16435.8720   923027    0.17%
  67332 30988    16412.1424   124    16407.5695    16434.9452   945617    0.17%
  69130 31273    16428.8602   173    16407.5695    16434.0792   967159    0.16%
  70959 31368        cutoff          16407.5695    16433.0858   989335    0.16%
  72892 31447    16411.8976   107    16407.5695    16432.0332  1011776    0.15%
  74737 31606    16419.0851   209    16407.5695    16431.2685  1033408    0.14%
Elapsed time = 273.67 sec. (173301.39 ticks, tree = 41.36 MB, solutions = 1)
  76542 31682        cutoff          16407.5695    16430.5301  1055213    0.14%
  78481 31484        cutoff          16407.5695    16429.5040  1078482    0.13%
  80299 31268    16423.2122   101    16407.5695    16428.6095  1100987    0.13%
  82191 31048        cutoff          16407.5695    16427.7065  1122652    0.12%
  84120 30753    16416.6348   129    16407.5695    16426.8139  1145631    0.12%
  86091 30470    16417.6215   133    16407.5695    16425.9903  1168922    0.11%
  88219 30151        cutoff          16407.5695    16425.1085  1191725    0.11%
  90235 29621        cutoff          16407.5695    16424.2699  1214348    0.10%
  92246 28987        cutoff          16407.5695    16423.3831  1237343    0.10%
  94264 28231        cutoff          16407.5695    16422.4831  1260021    0.09%
Elapsed time = 333.16 sec. (211462.17 ticks, tree = 36.99 MB, solutions = 1)
  96208 27453        cutoff          16407.5695    16421.6254  1280606    0.09%
  98132 26530        cutoff          16407.5695    16420.8159  1301159    0.08%
 100004 25631        cutoff          16407.5695    16420.0391  1320165    0.08%
 101935 24674    16418.6507    90    16407.5695    16419.2698  1339119    0.07%
 103978 23631        cutoff          16407.5695    16418.4759  1357924    0.07%
 105947 22351        cutoff          16407.5695    16417.6644  1375597    0.06%
 107919 20984        cutoff          16407.5695    16416.8499  1392595    0.06%
 109863 19539        cutoff          16407.5695    16416.0603  1408680    0.05%
 111811 18000        cutoff          16407.5695    16415.2284  1423714    0.05%
 113736 16337        cutoff          16407.5695    16414.4058  1438182    0.04%
Elapsed time = 392.35 sec. (249620.43 ticks, tree = 22.08 MB, solutions = 1)
 115648 14661        cutoff          16407.5695    16413.6163  1451479    0.04%
 117515 12969        cutoff          16407.5695    16412.8953  1463369    0.03%
 119423 11212        cutoff          16407.5695    16412.1808  1474581    0.03%
 121318  9452        cutoff          16407.5695    16411.4909  1484803    0.02%
 123215  7663        cutoff          16407.5695    16410.8138  1494289    0.02%
 125167  5803        cutoff          16407.5695    16410.0563  1503524    0.02%
 127207  3816        cutoff          16407.5695    16409.2718  1511389    0.01%

Implied bound cuts applied:  473
Flow cuts applied:  27
Mixed integer rounding cuts applied:  54
Lift and project cuts applied:  93
Gomory fractional cuts applied:  104

Root node processing (before b&c):
  Real time             =    0.69 sec. (347.59 ticks)
Sequential b&c:
  Real time             =  432.47 sec. (276733.60 ticks)
                          ------------
Total (root+branch&cut) =  433.16 sec. (277081.19 ticks)
