1 of 1 MIP starts provided solutions.
MIP start 'm1' defined initial solution with objective 16784.0220.
Tried aggregator 12 times.
MIP Presolve eliminated 1421 rows and 1 columns.
Aggregator did 6451 substitutions.
Reduced MIP has 9493 rows, 8072 columns, and 41548 nonzeros.
Reduced MIP has 1421 binaries, 0 generals, 0 SOSs, and 0 indicators.
Presolve time = 0.25 sec. (116.98 ticks)
Probing time = 0.02 sec. (5.36 ticks)
Tried aggregator 1 time.
Reduced MIP has 9493 rows, 8072 columns, and 41548 nonzeros.
Reduced MIP has 1421 binaries, 0 generals, 0 SOSs, and 0 indicators.
Presolve time = 0.05 sec. (20.26 ticks)
Probing time = 0.01 sec. (5.16 ticks)
Clique table members: 2626.
MIP emphasis: balance optimality and feasibility.
MIP search method: dynamic search.
Parallel mode: none, using 1 thread.
Root relaxation solution time = 0.21 sec. (122.85 ticks)

        Nodes                                         Cuts/
   Node  Left     Objective  IInf  Best Integer    Best Bound    ItCnt     Gap

*     0+    0                        16784.0220    76214.4774     6470  354.09%
      0     0    17534.5904   205    16784.0220    17534.5904     6470    4.47%
      0     0    17225.9925   227    16784.0220     Cuts: 400     8064    2.63%
      0     0    17121.6380   218    16784.0220     Cuts: 287     8622    2.01%
      0     0    17070.1268   229    16784.0220     Cuts: 151     9000    1.70%
      0     0    17055.6737   234    16784.0220      Cuts: 89     9262    1.62%
      0     0    17044.9311   244    16784.0220      Cuts: 60     9447    1.55%
      0     0    17041.8363   243    16784.0220      Cuts: 28     9552    1.54%
      0     0    17040.9661   234    16784.0220      Cuts: 30     9671    1.53%
      0     0    17039.5548   239    16784.0220      Cuts: 23     9702    1.52%
      0     0    17039.0776   237    16784.0220       Cuts: 7     9731    1.52%
      0     0    17038.7730   243    16784.0220      Cuts: 16     9749    1.52%
      0     2    17038.7730   243    16784.0220    17038.7191     9749    1.52%
Elapsed time = 3.61 sec. (1841.85 ticks, tree = 0.00 MB, solutions = 1)
     11    13    16995.6546   194    16784.0220    17027.6702    10354    1.45%
     30    32    16880.1190   136    16784.0220    17027.6702    11565    1.45%
     50    52    16830.9544   103    16784.0220    17027.6702    12386    1.45%
     82    78    16971.5053   186    16784.0220    17026.0827    13546    1.44%
    117   113    16826.5521    79    16784.0220    17026.0827    14811    1.44%
    158   145    16867.6392   148    16784.0220    17026.0390    15822    1.44%
    199   177    16932.9533   168    16784.0220    17024.0728    16827    1.43%
    239   214    16860.5382   152    16784.0220    17023.1461    18565    1.42%
    280   250    16909.3398   193    16784.0220    17022.1780    19760    1.42%
    425   382    16807.9589    86    16784.0220    17016.8897    25125    1.39%
Elapsed time = 8.79 sec. (5186.29 ticks, tree = 2.22 MB, solutions = 1)
    504   454    16940.4885   276    16784.0220    16940.4442    38329    0.93%
    506   454    16936.4989   253    16784.0220    16938.3818    38707    0.92%
    509   454    16929.4825   236    16784.0220    16938.3818    39031    0.92%
    512   455    16914.5384   243    16784.0220    16938.3818    39406    0.92%
    517   457    16909.9802   212    16784.0220    16938.3818    40616    0.92%
    583   467    16794.6296    48    16784.0220    16938.3818    43651    0.92%
    638   480    16924.0235   238    16784.0220    16932.3052    48436    0.88%
    687   503    16896.9983   217    16784.0220    16931.1705    52116    0.88%
    757   532    16868.2024   176    16784.0220    16930.4772    56016    0.87%
    818   545    16888.4720   196    16784.0220    16928.9323    60059    0.86%
Elapsed time = 45.65 sec. (24076.23 ticks, tree = 2.66 MB, solutions = 1)
    884   570    16896.9264   188    16784.0220    16924.6902    66209    0.84%
    969   602    16906.5594   237    16784.0220    16923.1824    70154    0.83%
   1037   638    16811.0923   114    16784.0220    16921.9813    76505    0.82%
   1150   687    16780.5263    60    16784.0220    16921.1424    81381    0.82%
   1195   703    16910.7162   269    16784.0220    16918.0394    85248    0.80%
   1270   722    16857.6883   151    16784.0220    16916.1268    91618    0.79%
   1367   772    16820.8319    99    16784.0220    16915.3085    97517    0.78%
   1411   779    16795.5009   235    16784.0220    16915.0138   102842    0.78%
   1478   812    16794.5250   102    16784.0220    16913.6696   108251    0.77%
   1579   896    16817.2345   125    16784.0220    16912.1260   114484    0.76%
Elapsed time = 62.89 sec. (33887.80 ticks, tree = 3.33 MB, solutions = 1)
   1665   964    16904.8458   216    16784.0220    16911.7823   119422    0.76%
   1772  1054    16901.4972   250    16784.0220    16910.2725   124107    0.75%
   1848  1119    16835.5621   222    16784.0220    16908.9648   129741    0.74%
   1950  1203    16820.0094    98    16784.0220    16908.4938   135502    0.74%
   2039  1278    16890.3329   242    16784.0220    16907.3148   140161    0.73%
   2159  1383    16818.1598   156    16784.0220    16906.0773   146563    0.73%
   2264  1461    16810.3578   119    16784.0220    16905.4980   152918    0.72%
   2378  1549    16832.5060   169    16784.0220    16904.5282   160417    0.72%
   2488  1636    16868.0058   158    16784.0220    16904.2853   167488    0.72%
   2573  1707    16865.7525   143    16784.0220    16903.8814   172902    0.71%
Elapsed time = 80.13 sec. (43732.03 ticks, tree = 6.15 MB, solutions = 1)
   2704  1818    16799.5111   121    16784.0220    16903.6639   177930    0.71%
   2760  1857    16853.7343   212    16784.0220    16903.2961   183423    0.71%
   2820  1910    16870.2098   198    16784.0220    16903.1880   188801    0.71%
   2888  1959    16861.8179   229    16784.0220    16902.9500   195087    0.71%
   2961  2005    16849.8867   183    16784.0220    16902.5325   200897    0.71%
   3017  2048    16833.5915   176    16784.0220    16902.2045   206306    0.70%
   3121  2124    16833.2511   167    16784.0220    16901.5856   213752    0.70%
   3244  2218    16798.9161   146    16784.0220    16901.0185   221636    0.70%
   3330  2270    16848.7280   191    16784.0220    16899.9578   228847    0.69%
   3433  2350    16849.8505   214    16784.0220    16899.7653   236817    0.69%
Elapsed time = 97.51 sec. (53381.78 ticks, tree = 8.43 MB, solutions = 1)
   3565  2455    16787.4925   205    16784.0220    16899.6469   243659    0.69%
   3711  2571    16858.3686   194    16784.0220    16899.1578   249961    0.69%
   3836  2676    16808.8888   202    16784.0220    16898.4363   256633    0.68%
   3927  2745        cutoff          16784.0220    16897.8696   263041    0.68%
   4000  2806    16819.3201   198    16784.0220    16897.3600   270028    0.68%
   4058  2846    16842.8606   184    16784.0220    16897.0287   275723    0.67%
   4125  2894    16795.9015   227    16784.0220    16896.4423   281245    0.67%
   4228  2975    16872.0259   217    16784.0220    16896.1807   287352    0.67%
   4311  3040    16853.0747   202    16784.0220    16895.5013   293753    0.66%
   4440  3137    16876.4368   223    16784.0220    16894.9180   301097    0.66%
Elapsed time = 115.12 sec. (63217.79 ticks, tree = 10.91 MB, solutions = 1)
   4549  3214    16835.3968   201    16784.0220    16894.5625   308256    0.66%
   4659  3298    16839.3535   179    16784.0220    16894.1111   316839    0.66%
   4790  3394    16845.9762   221    16784.0220    16893.7353   324576    0.65%
   4885  3459    16860.9678   197    16784.0220    16893.3097   332785    0.65%
   5005  3557    16847.2283   175    16784.0220    16892.6946   340824    0.65%
   5145  3667    16838.9996   156    16784.0220    16892.4829   348247    0.65%
   5259  3746    16826.6496   112    16784.0220    16892.1556   355732    0.64%
   5388  3839    16853.6576   182    16784.0220    16891.8413   362068    0.64%
   5459  3887    16768.2826   231    16784.0220    16891.6877   368206    0.64%
   5535  3947    16849.6660   202    16784.0220    16891.5858   372821    0.64%
Elapsed time = 132.54 sec. (72912.76 ticks, tree = 13.70 MB, solutions = 1)
   5627  4007    16798.1498   197    16784.0220    16891.4987   378802    0.64%
   5716  4072    16793.1057   148    16784.0220    16891.3576   384914    0.64%
   5774  4106    16816.9362   134    16784.0220    16891.2427   391619    0.64%
   5838  4155    16808.6713   148    16784.0220    16891.1347   396659    0.64%
   5954  4234    16867.7351   212    16784.0220    16890.9013   403176    0.64%
   6051  4312    16791.9187   138    16784.0220    16890.8115   408787    0.64%
   6116  4352    16792.9018   107    16784.0220    16890.3691   414613    0.63%
   6246  4447    16827.7757   206    16784.0220    16890.1418   421021    0.63%
   6350  4514    16870.8058   176    16784.0220    16889.6428   429071    0.63%
   6434  4572    16855.5474   175    16784.0220    16889.3228   436698    0.63%
Elapsed time = 149.82 sec. (82589.59 ticks, tree = 15.96 MB, solutions = 1)
   6558  4665    16854.3742   194    16784.0220    16889.0976   444094    0.63%
   6650  4734    16872.2051   186    16784.0220    16888.9454   450944    0.63%
   6742  4802    16869.2688   218    16784.0220    16888.6407   458144    0.62%
   6853  4887    16832.3779   217    16784.0220    16888.4278   465067    0.62%
   6963  4969    16810.9305   139    16784.0220    16888.1181   471827    0.62%
   7086  5056    16816.0139   177    16784.0220    16887.6434   479698    0.62%
   7236  5165    16872.7821   239    16784.0220    16887.3464   487855    0.62%
   7329  5234    16871.3616   211    16784.0220    16886.8998   494476    0.61%
   7453  5336    16810.1552   140    16784.0220    16886.5243   501670    0.61%
   7534  5391    16823.1550   189    16784.0220    16886.4081   507855    0.61%
Elapsed time = 170.13 sec. (92641.41 ticks, tree = 18.78 MB, solutions = 1)
   7614  5459    16809.3461   164    16784.0220    16886.2882   513638    0.61%
   7704  5513        cutoff          16784.0220    16885.7950   519890    0.61%
   7797  5579    16857.0963   237    16784.0220    16885.6879   525755    0.61%
   7874  5638    16864.5552   175    16784.0220    16885.2611   532707    0.60%
   8002  5742    16828.1019   187    16784.0220    16884.9155   539406    0.60%
   8074  5790    16807.3073   192    16784.0220    16884.7114   545826    0.60%
   8170  5865    16866.2933   203    16784.0220    16884.4379   551594    0.60%
   8283  5953    16869.9016   175    16784.0220    16884.2209   558759    0.60%
   8399  6039    16803.9078    79    16784.0220    16884.0307   566614    0.60%
   8945  6446    16857.0401   202    16784.0220    16882.9496   596093    0.59%
Elapsed time = 192.70 sec. (105255.95 ticks, tree = 22.42 MB, solutions = 1)
   9502  6869    16791.3481   111    16784.0220    16881.2687   627641    0.58%
   9948  7203    16833.1908   168    16784.0220    16879.8692   656549    0.57%
  10381  7529    16860.6362   209    16784.0220    16879.2768   682344    0.57%
  10584  7672    16840.4006   144    16784.0220    16878.6178   695184    0.56%
  10585  7673    16845.5461   216    16784.0220    16878.6152   695422    0.56%
  11172  8135    16866.0798   186    16784.0220    16877.6731   723160    0.56%
  11712  8533    16788.6432   110    16784.0220    16876.4440   755762    0.55%
  12292  8968    16819.3894   134    16784.0220    16874.4060   787887    0.54%
  12840  9361    16784.3704   208    16784.0220    16873.4650   820111    0.53%
  13306  9697        cutoff          16784.0220    16872.5783   848887    0.53%
Elapsed time = 275.29 sec. (151019.91 ticks, tree = 33.97 MB, solutions = 1)
  13889 10119    16794.8984    86    16784.0220    16871.5933   876933    0.52%
  14459 10511    16839.0612   172    16784.0220    16870.6755   905877    0.52%
  15076 10967    16807.3738   164    16784.0220    16870.0567   936681    0.51%
  15709 11426    16858.4343   144    16784.0220    16869.3917   968700    0.51%
  16302 11864    16804.1501   152    16784.0220    16868.3776  1000102    0.50%
  16850 12242    16823.3314   204    16784.0220    16867.9832  1029693    0.50%
  17352 12620    16799.1889    95    16784.0220    16867.5104  1054408    0.50%
  17851 12971    16786.7024   138    16784.0220    16866.7296  1079984    0.49%
  18408 13385    16804.0432   114    16784.0220    16866.1017  1106058    0.49%
  18911 13746    16785.1988   107    16784.0220    16865.3757  1137287    0.48%
Elapsed time = 342.51 sec. (189250.05 ticks, tree = 48.17 MB, solutions = 1)
  19430 14103        cutoff          16784.0220    16864.7262  1165470    0.48%
  19962 14474    16786.1439   174    16784.0220    16864.0707  1195307    0.48%
  20552 14872    16813.3080   204    16784.0220    16863.4404  1224521    0.47%
  21152 15299    16826.9994   188    16784.0220    16862.6543  1250203    0.47%
  21704 15677    16843.0267   205    16784.0220    16861.8097  1278849    0.46%
  22222 16028    16794.4931   141    16784.0220    16861.1754  1306793    0.46%
  22681 16333        cutoff          16784.0220    16860.6483  1330142    0.46%
  23192 16645    16814.7084   167    16784.0220    16860.1973  1357409    0.45%
  23734 17001    16799.1173   170    16784.0220    16859.6941  1387478    0.45%
  24227 17288    16813.7495   152    16784.0220    16859.2225  1418199    0.45%
Elapsed time = 413.24 sec. (227461.59 ticks, tree = 62.00 MB, solutions = 1)
  24771 17619    16836.6098   145    16784.0220    16858.7008  1450128    0.44%
  25204 17886    16806.6372   205    16784.0220    16858.3818  1475468    0.44%
  25650 18152    16839.3426   178    16784.0220    16858.0935  1502597    0.44%
  26094 18451    16819.9903   147    16784.0220    16857.8160  1528034    0.44%
  26544 18734    16841.0051   163    16784.0220    16857.4091  1555374    0.44%
  27047 19062    16838.9042   198    16784.0220    16856.9952  1583678    0.43%
  27531 19369    16838.1838   195    16784.0220    16856.4656  1612398    0.43%
  28006 19647    16798.5246   182    16784.0220    16856.1320  1641764    0.43%
  28454 19938    16838.7087   175    16784.0220    16855.8530  1671204    0.43%
  29056 20347    16818.6748   188    16784.0220    16855.3620  1700332    0.43%
Elapsed time = 483.21 sec. (265779.14 ticks, tree = 72.56 MB, solutions = 1)
  29491 20592        cutoff          16784.0220    16855.0105  1730448    0.42%
  29897 20834    16799.5590   197    16784.0220    16854.7516  1756185    0.42%
  30370 21117    16812.5725   211    16784.0220    16854.3728  1786165    0.42%
  30779 21380    16786.5354   117    16784.0220    16854.0370  1813486    0.42%
  31267 21670    16809.3564   175    16784.0220    16853.6408  1839455    0.41%
  31742 21950    16799.1070   157    16784.0220    16853.3200  1867018    0.41%
  32279 22262    16785.2703   154    16784.0220    16852.9639  1897328    0.41%
  32845 22612    16841.4367   192    16784.0220    16852.4559  1929118    0.41%
  33389 22949    16785.7174    64    16784.0220    16852.2482  1960349    0.41%
  33988 23306    16803.8827    80    16784.0220    16851.8553  1993513    0.40%
Elapsed time = 552.55 sec. (304010.70 ticks, tree = 82.66 MB, solutions = 1)
  34504 23617    16821.2157   111    16784.0220    16851.4323  2023037    0.40%
  34982 23909    16825.2167   172    16784.0220    16851.2128  2048182    0.40%
  35349 24109    16804.4364   116    16784.0220    16850.9487  2075219    0.40%
  35813 24381    16820.3536   178    16784.0220    16850.6413  2102525    0.40%
  36252 24625    16795.0688   196    16784.0220    16850.2426  2131026    0.39%
  36760 24932    16816.7840   190    16784.0220    16849.8732  2161177    0.39%
  37307 25264        cutoff          16784.0220    16849.5839  2191987    0.39%
  37860 25543        cutoff          16784.0220    16849.1046  2225689    0.39%
  38421 25850    16807.2249   208    16784.0220    16848.7524  2259945    0.39%
  39041 26197    16789.2583   181    16784.0220    16848.4366  2291968    0.38%
Elapsed time = 622.00 sec. (342355.81 ticks, tree = 93.11 MB, solutions = 1)
  39657 26526    16823.0394   184    16784.0220    16848.0708  2326007    0.38%
  40212 26839    16835.9287   188    16784.0220    16847.6805  2356037    0.38%
  40754 27151    16784.3583   147    16784.0220    16847.2788  2385048    0.38%
  41226 27395    16817.9522   210    16784.0220    16846.9809  2414740    0.38%
  41724 27635        cutoff          16784.0220    16846.5307  2444782    0.37%
  42202 27893    16798.8520   184    16784.0220    16846.1121  2476213    0.37%
  42715 28150    16790.1358   186    16784.0220    16845.7598  2509406    0.37%
  43257 28407    16833.7916   199    16784.0220    16845.4092  2543704    0.37%
  43834 28730    16811.8311   220    16784.0220    16845.0503  2577382    0.36%
  44386 29009    16806.5551   119    16784.0220    16844.7136  2610650    0.36%
Elapsed time = 694.00 sec. (380730.22 ticks, tree = 102.72 MB, solutions = 1)
  44823 29212    16795.0193   165    16784.0220    16844.4164  2642157    0.36%
  45322 29476    16831.8570   168    16784.0220    16844.1235  2671963    0.36%
  45805 29732    16819.2788   223    16784.0220    16843.9269  2702512    0.36%
  46260 29950    16797.1378   152    16784.0220    16843.6395  2730922    0.36%
  46703 30160    16803.6051   198    16784.0220    16843.4538  2760319    0.35%
  47137 30367    16818.9060   157    16784.0220    16843.2329  2793361    0.35%
  47621 30599    16802.9617   175    16784.0220    16842.9845  2825072    0.35%
  48116 30844    16796.1692   163    16784.0220    16842.7262  2854632    0.35%
  48610 31098    16816.9005   204    16784.0220    16842.4794  2889133    0.35%
  49126 31323    16824.2421   152    16784.0220    16842.0647  2923214    0.35%
Elapsed time = 764.33 sec. (418992.86 ticks, tree = 110.83 MB, solutions = 1)
  49695 31573    16786.7603   162    16784.0220    16841.7330  2957302    0.34%
  50196 31778    16829.6028   206    16784.0220    16841.4295  2993300    0.34%
  50667 31991    16793.9136   191    16784.0220    16841.1640  3025755    0.34%
  51179 32242        cutoff          16784.0220    16840.8914  3055298    0.34%
  51701 32478    16829.0675   172    16784.0220    16840.4793  3089564    0.34%
  52201 32696    16801.2258   149    16784.0220    16840.1916  3121002    0.33%
  52708 32941    16818.1395   192    16784.0220    16839.8704  3153585    0.33%
  53257 33178    16819.4989   184    16784.0220    16839.5946  3187729    0.33%
  53830 33457    16796.5919   206    16784.0220    16839.2449  3221353    0.33%
  54391 33712    16807.8722   184    16784.0220    16838.8990  3256131    0.33%
Elapsed time = 833.94 sec. (457216.09 ticks, tree = 120.50 MB, solutions = 1)
  54960 33983    16789.2000   200    16784.0220    16838.5883  3289528    0.33%
  55481 34198    16820.0531   229    16784.0220    16838.2963  3326181    0.32%
  56045 34452    16826.8942   199    16784.0220    16837.9926  3360960    0.32%
  56523 34660    16794.8612   184    16784.0220    16837.6527  3392191    0.32%
  57072 34870    16805.6576   128    16784.0220    16837.3680  3425075    0.32%
  57596 35094    16804.4770   150    16784.0220    16837.0755  3456829    0.32%
  58104 35311    16794.0902   164    16784.0220    16836.7208  3488476    0.31%
  58569 35481    16807.1171   209    16784.0220    16836.4358  3518319    0.31%
  59040 35677    16815.1747   190    16784.0220    16836.0867  3549974    0.31%
  59621 35979    16790.0216   169    16784.0220    16835.8937  3581054    0.31%
Elapsed time = 903.36 sec. (495545.45 ticks, tree = 129.18 MB, solutions = 1)
  60086 36163    16812.4136   156    16784.0220    16835.6330  3614051    0.31%
  60622 36379    16786.2502   149    16784.0220    16835.3420  3645651    0.31%
  61131 36577    16788.9248   176    16784.0220    16835.0880  3679147    0.30%
  61650 36798    16818.1657   199    16784.0220    16834.8526  3712636    0.30%
  62157 36968    16816.2013   220    16784.0220    16834.5768  3746062    0.30%
  62709 37230        cutoff          16784.0220    16834.4055  3776696    0.30%
  63167 37430    16796.6437   172    16784.0220    16834.1942  3809499    0.30%
  63612 37594    16820.5678   176    16784.0220    16834.0089  3839165    0.30%
  64042 37774    16800.2547   149    16784.0220    16833.8324  3868091    0.30%
  64526 37958    16814.4207   170    16784.0220    16833.6253  3899271    0.30%
Elapsed time = 971.71 sec. (533779.16 ticks, tree = 136.15 MB, solutions = 1)
  65064 38210    16823.0893   219    16784.0220    16833.4119  3928731    0.29%
  65617 38447    16815.7114   149    16784.0220    16833.2450  3960588    0.29%
  66095 38592    16801.9795   201    16784.0220    16832.9745  3997046    0.29%
  66625 38792    16785.9378   154    16784.0220    16832.7332  4033361    0.29%
  67098 38951    16817.7840   175    16784.0220    16832.4719  4070937    0.29%
  67649 39135    16786.3420   120    16784.0220    16832.1775  4107061    0.29%
  68164 39343    16807.0365   145    16784.0220    16831.9388  4141861    0.29%
  68581 39492        cutoff          16784.0220    16831.7927  4170571    0.28%
  69038 39619    16803.2985   214    16784.0220    16831.5645  4200212    0.28%
  69482 39770    16792.2374   163    16784.0220    16831.3294  4230320    0.28%
Elapsed time = 1040.31 sec. (572008.03 ticks, tree = 142.32 MB, solutions = 1)
  69975 39946        cutoff          16784.0220    16831.1266  4261033    0.28%
  70364 40037    16808.4541   168    16784.0220    16830.9023  4291035    0.28%
  70804 40200    16789.5069   192    16784.0220    16830.7196  4319023    0.28%
  71283 40378    16789.3236   204    16784.0220    16830.4873  4348774    0.28%
  71707 40502        cutoff          16784.0220    16830.2870  4379688    0.28%
  72209 40667    16796.4189   141    16784.0220    16830.1222  4411956    0.27%
  72683 40826    16795.2626   217    16784.0220    16829.9194  4442571    0.27%
  73225 41064    16784.4086   133    16784.0220    16829.6887  4471841    0.27%
  73653 41187    16811.7555   149    16784.0220    16829.4348  4501977    0.27%
  74159 41407    16797.9380   146    16784.0220    16829.2189  4530836    0.27%
Elapsed time = 1109.01 sec. (610305.02 ticks, tree = 147.88 MB, solutions = 1)
  74632 41556    16810.9383   191    16784.0220    16829.0345  4562302    0.27%
  75129 41741    16788.6752   152    16784.0220    16828.7833  4591036    0.27%
  75512 41823    16797.8449   166    16784.0220    16828.5849  4619390    0.27%
  75928 41978    16821.0799   166    16784.0220    16828.4102  4652105    0.26%
  76396 42117    16803.1750   206    16784.0220    16828.1499  4684807    0.26%
  76864 42282    16820.4404   141    16784.0220    16827.9642  4715570    0.26%
  77356 42464    16788.7300   228    16784.0220    16827.7721  4746532    0.26%
  77855 42644    16789.6773   200    16784.0220    16827.6043  4783194    0.26%
  78272 42762        cutoff          16784.0220    16827.4021  4813851    0.26%
  78740 42933    16794.6922   144    16784.0220    16827.2149  4844647    0.26%
Elapsed time = 1178.20 sec. (648801.99 ticks, tree = 153.18 MB, solutions = 1)
  79189 43054        cutoff          16784.0220    16827.0394  4876116    0.26%
  79613 43200    16802.6374   149    16784.0220    16826.8589  4909770    0.26%
  80133 43401    16800.8202   176    16784.0220    16826.6220  4944391    0.25%
  80640 43567    16798.4858   125    16784.0220    16826.4599  4977458    0.25%
  81129 43719    16787.2028   195    16784.0220    16826.2395  5013990    0.25%
  81511 43859    16788.8698   117    16784.0220    16826.0994  5043864    0.25%
  82019 44008    16795.2874   135    16784.0220    16825.9113  5077382    0.25%
  82455 44120    16796.6714    80    16784.0220    16825.7299  5109423    0.25%
  82985 44333        cutoff          16784.0220    16825.5720  5143320    0.25%
  83443 44444    16800.3428   171    16784.0220    16825.3777  5176179    0.25%
Elapsed time = 1245.20 sec. (687017.21 ticks, tree = 158.56 MB, solutions = 1)
  83880 44519    16795.9042   182    16784.0220    16825.1664  5211143    0.25%
  84362 44636    16798.9526   140    16784.0220    16824.9534  5246648    0.24%
  84880 44807    16785.8657   115    16784.0220    16824.8034  5281199    0.24%
  85390 44965    16788.4230   168    16784.0220    16824.5824  5316019    0.24%
  85844 45116    16787.4907   178    16784.0220    16824.4385  5349133    0.24%
  86320 45229        cutoff          16784.0220    16824.2570  5388054    0.24%
  86878 45427        cutoff          16784.0220    16824.0888  5423727    0.24%
  87406 45556    16787.2980   202    16784.0220    16823.8892  5464152    0.24%
  87944 45674    16785.3339   168    16784.0220    16823.6535  5500332    0.24%
  88432 45780    16790.9052   183    16784.0220    16823.4633  5536469    0.23%
Elapsed time = 1313.63 sec. (725272.60 ticks, tree = 163.22 MB, solutions = 1)
  88978 45950    16801.7521   176    16784.0220    16823.2947  5573219    0.23%
  89474 46086    16786.1472   128    16784.0220    16823.1029  5607032    0.23%
  89973 46216    16793.3484   136    16784.0220    16822.8957  5639161    0.23%
  90370 46296    16804.4041   213    16784.0220    16822.7829  5669303    0.23%
  90868 46403    16803.5818   167    16784.0220    16822.6231  5705507    0.23%
  91324 46505    16794.0527   161    16784.0220    16822.4206  5741067    0.23%
  91795 46569    16799.7259   137    16784.0220    16822.1410  5776261    0.23%
  92339 46744    16810.7081   125    16784.0220    16821.9911  5808944    0.23%
  92836 46902    16792.7788   164    16784.0220    16821.8548  5840613    0.23%
  93389 47065    16802.9028   155    16784.0220    16821.6559  5877924    0.22%
Elapsed time = 1380.45 sec. (763535.24 ticks, tree = 167.58 MB, solutions = 1)
  93878 47195    16810.3837   180    16784.0220    16821.4927  5916052    0.22%
  94370 47291    16791.7787   187    16784.0220    16821.3150  5950572    0.22%
  94917 47487    16797.0388   231    16784.0220    16821.1709  5986052    0.22%
  95415 47618    16791.1468   228    16784.0220    16821.0030  6023877    0.22%
  96018 47812    16793.6213   193    16784.0220    16820.8121  6060353    0.22%
  96605 47971    16810.2506   147    16784.0220    16820.6642  6096343    0.22%
  97157 48143        cutoff          16784.0220    16820.4975  6132141    0.22%
  97653 48241    16796.4456   201    16784.0220    16820.2926  6165481    0.22%
  98192 48397    16786.7447    70    16784.0220    16820.1372  6202681    0.22%
  98737 48559    16799.0171   148    16784.0220    16819.9659  6238454    0.21%
Elapsed time = 1447.89 sec. (801804.07 ticks, tree = 173.14 MB, solutions = 1)
  99283 48716        cutoff          16784.0220    16819.8214  6274365    0.21%
  99816 48880    16804.1707   146    16784.0220    16819.6558  6309153    0.21%
 100353 49003    16791.1834   224    16784.0220    16819.4756  6345435    0.21%
 100897 49142    16796.7747   185    16784.0220    16819.3052  6381447    0.21%
 101443 49255    16794.1019   205    16784.0220    16819.1170  6418348    0.21%
 102092 49492        cutoff          16784.0220    16818.9410  6456640    0.21%
 102618 49650    16789.6762   206    16784.0220    16818.8187  6490262    0.21%
 103215 49845    16791.9425    67    16784.0220    16818.6522  6524380    0.21%
 103716 49980    16812.4701   195    16784.0220    16818.4856  6560711    0.21%
 104254 50145    16788.5838   138    16784.0220    16818.3316  6595114    0.20%
Elapsed time = 1515.63 sec. (840139.77 ticks, tree = 178.91 MB, solutions = 1)
 104797 50278    16786.2146    53    16784.0220    16818.1624  6631970    0.20%
 105356 50405    16785.3553   107    16784.0220    16817.9739  6669915    0.20%
 105858 50491    16788.2245   211    16784.0220    16817.7987  6708445    0.20%
 106406 50657    16793.3456    67    16784.0220    16817.6613  6743593    0.20%
 106915 50755    16794.6312   202    16784.0220    16817.5127  6778696    0.20%
 107431 50862    16784.7114   188    16784.0220    16817.3372  6814880    0.20%
 108059 51042    16808.7016   177    16784.0220    16817.1621  6847531    0.20%
 108594 51143    16795.0253   119    16784.0220    16816.9531  6881774    0.20%
 109159 51284    16802.5054   160    16784.0220    16816.7847  6919536    0.20%
 109705 51375    16784.5844    88    16784.0220    16816.5949  6956166    0.19%
Elapsed time = 1583.61 sec. (878326.53 ticks, tree = 183.79 MB, solutions = 1)
 110305 51527    16787.1373   169    16784.0220    16816.4334  6994247    0.19%
 110962 51716        cutoff          16784.0220    16816.2529  7031753    0.19%
 111635 51927    16809.6267   154    16784.0220    16816.0861  7066508    0.19%
 112194 52059    16784.5016   126    16784.0220    16815.9359  7105734    0.19%
 112812 52227        cutoff          16784.0220    16815.8053  7143582    0.19%
 113385 52334        cutoff          16784.0220    16815.6250  7180567    0.19%
 113947 52440    16804.4304   147    16784.0220    16815.4489  7216128    0.19%
 114554 52633    16797.6657   190    16784.0220    16815.3140  7249489    0.19%
 115091 52725    16792.9894   157    16784.0220    16815.1683  7283857    0.19%
 115673 52853    16793.4703    99    16784.0220    16814.9982  7321354    0.18%
Elapsed time = 1650.57 sec. (916543.47 ticks, tree = 188.72 MB, solutions = 1)
 116288 53034        cutoff          16784.0220    16814.8557  7354103    0.18%
 116786 53100    16806.2833   124    16784.0220    16814.6929  7389831    0.18%
 117311 53265    16790.2397   157    16784.0220    16814.5666  7419635    0.18%
 117857 53394    16789.2893    99    16784.0220    16814.4289  7452896    0.18%
 118390 53476    16786.7557   120    16784.0220    16814.2471  7487628    0.18%
 118986 53633    16788.0121   135    16784.0220    16814.1082  7519550    0.18%
 119614 53798    16785.6864   136    16784.0220    16813.9698  7553791    0.18%
 120203 53914    16801.9334   101    16784.0220    16813.8311  7590115    0.18%
 120856 54101    16793.3501   143    16784.0220    16813.6982  7626129    0.18%
 121489 54218    16790.2778   165    16784.0220    16813.5108  7662513    0.18%
Elapsed time = 1717.21 sec. (954768.47 ticks, tree = 193.39 MB, solutions = 1)
 122099 54350    16802.9410   125    16784.0220    16813.3747  7699941    0.17%
 122687 54446    16788.5546   108    16784.0220    16813.2192  7734949    0.17%
 123155 54546    16792.4798   195    16784.0220    16813.0841  7762013    0.17%
 123702 54647    16785.4290   143    16784.0220    16812.9228  7793023    0.17%
 124389 54852    16806.0247   182    16784.0220    16812.7950  7827685    0.17%
 125013 55030    16810.5709   144    16784.0220    16812.6728  7862381    0.17%
 125617 55184        cutoff          16784.0220    16812.5542  7894692    0.17%
 126275 55355    16799.9729   154    16784.0220    16812.4388  7929161    0.17%
 126794 55456    16803.2831    96    16784.0220    16812.2963  7957937    0.17%
 127310 55554    16796.9959   178    16784.0220    16812.1944  7993414    0.17%
Elapsed time = 1783.59 sec. (993052.96 ticks, tree = 197.95 MB, solutions = 1)
 127885 55693        cutoff          16784.0220    16812.0864  8026508    0.17%
 128454 55832    16788.9033    57    16784.0220    16811.9746  8060363    0.17%
 129078 55951    16791.1006    92    16784.0220    16811.8308  8094344    0.17%
 129655 56054    16786.1449    89    16784.0220    16811.7089  8127323    0.16%
 130224 56149    16800.6857   127    16784.0220    16811.5607  8161114    0.16%
 130900 56334        cutoff          16784.0220    16811.4409  8195880    0.16%
 131491 56446    16800.1043   168    16784.0220    16811.3015  8230107    0.16%
 132099 56534        cutoff          16784.0220    16811.1606  8266481    0.16%
 132638 56577        cutoff          16784.0220    16810.9966  8303171    0.16%
 133211 56696    16784.5377   131    16784.0220    16810.8929  8335275    0.16%
Elapsed time = 1851.06 sec. (1031239.82 ticks, tree = 201.97 MB, solutions = 1)
 133791 56771    16784.9377   177    16784.0220    16810.7500  8368003    0.16%
 134379 56825        cutoff          16784.0220    16810.5839  8401191    0.16%
 134973 56871    16807.9480   145    16784.0220    16810.4377  8436027    0.16%
 135620 57051    16801.6594   161    16784.0220    16810.3371  8469179    0.16%
 136233 57148        cutoff          16784.0220    16810.2185  8504078    0.16%
 136818 57228    16795.7278   166    16784.0220    16810.0999  8539261    0.16%
 137385 57328        cutoff          16784.0220    16809.9909  8568021    0.15%
 137985 57464    16788.0905   119    16784.0220    16809.8898  8601293    0.15%
 138569 57585    16785.9660   146    16784.0220    16809.7828  8635175    0.15%
 139232 57700        cutoff          16784.0220    16809.6454  8668810    0.15%
Elapsed time = 1917.41 sec. (1069427.41 ticks, tree = 205.49 MB, solutions = 1)
 139927 57909    16792.0377   154    16784.0220    16809.5299  8700874    0.15%
 140551 58037    16789.8838   155    16784.0220    16809.4158  8734611    0.15%
 141243 58216    16798.1580   104    16784.0220    16809.2983  8767684    0.15%
 141844 58347    16785.4581    94    16784.0220    16809.1855  8800548    0.15%
 142406 58447    16797.0541   139    16784.0220    16809.0735  8831144    0.15%
 142953 58506    16799.3678   165    16784.0220    16808.9516  8861940    0.15%
 143592 58632    16787.3724   162    16784.0220    16808.8188  8892306    0.15%
 144159 58654    16798.4320   190    16784.0220    16808.6682  8924193    0.15%
 144816 58787        cutoff          16784.0220    16808.5546  8956967    0.15%
 145457 58861    16794.5197   137    16784.0220    16808.4216  8989827    0.15%
Elapsed time = 1983.58 sec. (1107763.22 ticks, tree = 209.58 MB, solutions = 1)
 146086 58963        cutoff          16784.0220    16808.2956  9022464    0.14%
 146733 59039    16788.4266   216    16784.0220    16808.1600  9053796    0.14%
 147316 59104    16784.6589    93    16784.0220    16808.0341  9083947    0.14%
 147929 59221        cutoff          16784.0220    16807.9308  9115109    0.14%
 148471 59249        cutoff          16784.0220    16807.8189  9145703    0.14%
 149034 59300        cutoff          16784.0220    16807.7061  9177428    0.14%
 149657 59397    16787.1857    62    16784.0220    16807.5960  9209729    0.14%
 150261 59489        cutoff          16784.0220    16807.4929  9243261    0.14%
 150919 59579    16791.1418   198    16784.0220    16807.3800  9275883    0.14%
 151594 59760    16796.0145   185    16784.0220    16807.2904  9310569    0.14%
Elapsed time = 2049.71 sec. (1145977.12 ticks, tree = 212.75 MB, solutions = 1)
 152274 59919    16784.3725   178    16784.0220    16807.1918  9344072    0.14%
 152887 59965    16789.2814   154    16784.0220    16807.0547  9377529    0.14%
 153520 60103    16788.5111   185    16784.0220    16806.9494  9408043    0.14%
 154075 60198    16794.8880   168    16784.0220    16806.8597  9437533    0.14%
 154771 60347    16796.1215   105    16784.0220    16806.7417  9468812    0.14%
 155425 60406    16785.3293   106    16784.0220    16806.6002  9503433    0.13%
 156083 60435        cutoff          16784.0220    16806.4746  9536885    0.13%
 156737 60524    16791.1573    86    16784.0220    16806.3449  9569996    0.13%
 157415 60620    16797.6964   142    16784.0220    16806.2363  9600230    0.13%
 158057 60692    16795.5630   190    16784.0220    16806.1163  9633247    0.13%
Elapsed time = 2117.33 sec. (1184196.89 ticks, tree = 215.81 MB, solutions = 1)
 158658 60790        cutoff          16784.0220    16806.0139  9662599    0.13%
 159233 60888    16793.2336   159    16784.0220    16805.9254  9690563    0.13%
 159814 60996    16796.0704   121    16784.0220    16805.8510  9720413    0.13%
 160424 61136    16787.6574    84    16784.0220    16805.7715  9750822    0.13%
 161055 61225    16797.4131   134    16784.0220    16805.6827  9781553    0.13%
 161664 61278    16788.2123   146    16784.0220    16805.5923  9812258    0.13%
 162133 61365    16791.1911   200    16784.0220    16805.5178  9831850    0.13%
 162794 61468    16799.5094   163    16784.0220    16805.4179  9864355    0.13%
 163459 61639        cutoff          16784.0220    16805.3273  9895665    0.13%
 164132 61746    16800.7664   104    16784.0220    16805.2270  9925317    0.13%
Elapsed time = 2178.56 sec. (1222443.89 ticks, tree = 219.52 MB, solutions = 1)
 164776 61783    16789.8045   114    16784.0220    16805.1058  9956617    0.13%
 165448 61897        cutoff          16784.0220    16805.0191  9987414    0.13%
 166094 62026        cutoff          16784.0220    16804.9303 10018788    0.12%
 166786 62140    16789.8964   188    16784.0220    16804.8388 10049120    0.12%
 167423 62214        cutoff          16784.0220    16804.7422 10080441    0.12%
 168120 62342    16786.6711   107    16784.0220    16804.6538 10113539    0.12%
 168866 62478    16795.5924   102    16784.0220    16804.5664 10144892    0.12%
 169529 62477        cutoff          16784.0220    16804.4465 10178767    0.12%
 170179 62541    16800.8016   138    16784.0220    16804.3546 10209908    0.12%
 170851 62612        cutoff          16784.0220    16804.2657 10239467    0.12%
Elapsed time = 2243.19 sec. (1260636.61 ticks, tree = 222.37 MB, solutions = 1)
 171571 62706    16791.9761   104    16784.0220    16804.1566 10272278    0.12%
 172216 62794    16798.3587    91    16784.0220    16804.0678 10303821    0.12%
 172922 62859        cutoff          16784.0220    16803.9835 10334071    0.12%
 173580 62875    16793.0798   124    16784.0220    16803.8867 10366803    0.12%
 174277 62958    16787.0943   187    16784.0220    16803.7904 10396694    0.12%
 174962 62985    16788.0671   209    16784.0220    16803.6877 10429233    0.12%
 175642 63013    16786.6238   134    16784.0220    16803.5858 10461565    0.12%
 176353 63138    16790.4280    49    16784.0220    16803.5013 10492481    0.12%
 177073 63213        cutoff          16784.0220    16803.3965 10525405    0.12%
 177704 63290    16796.3446   158    16784.0220    16803.3091 10555075    0.11%
Elapsed time = 2307.31 sec. (1298878.18 ticks, tree = 224.68 MB, solutions = 1)
 178301 63340    16801.5190    48    16784.0220    16803.2226 10585236    0.11%
 178979 63422    16786.1875    54    16784.0220    16803.1330 10615067    0.11%
 179690 63526    16789.5346    82    16784.0220    16803.0337 10644072    0.11%
 180299 63538        cutoff          16784.0220    16802.9477 10674173    0.11%
 181015 63645    16789.7299   120    16784.0220    16802.8684 10705447    0.11%
 181695 63666        cutoff          16784.0220    16802.7640 10739620    0.11%
 182361 63719        cutoff          16784.0220    16802.6678 10770269    0.11%
 183016 63774    16784.3950   210    16784.0220    16802.5914 10798091    0.11%
 183708 63889    16795.5909   108    16784.0220    16802.4986 10825124    0.11%
 184411 63949    16797.0067   109    16784.0220    16802.4013 10857238    0.11%
Elapsed time = 2371.95 sec. (1337084.85 ticks, tree = 226.91 MB, solutions = 1)
 185058 63961    16785.0785   161    16784.0220    16802.3174 10888022    0.11%
 185694 63984    16784.2196   153    16784.0220    16802.2300 10920563    0.11%
 186425 64048    16793.6636   182    16784.0220    16802.1414 10950844    0.11%
 187054 64060        cutoff          16784.0220    16802.0522 10980841    0.11%
 187804 64131    16786.6314   114    16784.0220    16801.9576 11009989    0.11%
 188501 64181        cutoff          16784.0220    16801.8626 11040465    0.11%
 189153 64207    16784.9347   156    16784.0220    16801.7813 11069920    0.11%
 189851 64255        cutoff          16784.0220    16801.6956 11098836    0.11%
 190489 64263        cutoff          16784.0220    16801.6014 11127332    0.10%
 191178 64271    16791.9770   106    16784.0220    16801.5105 11158351    0.10%
Elapsed time = 2441.89 sec. (1375261.94 ticks, tree = 227.87 MB, solutions = 1)
 191892 64288    16786.7380    45    16784.0220    16801.4133 11190282    0.10%
 192608 64326    16789.5409   118    16784.0220    16801.3313 11222694    0.10%
 193290 64348        cutoff          16784.0220    16801.2452 11253314    0.10%
 194065 64381    16785.5409   125    16784.0220    16801.1417 11282721    0.10%
 194770 64319    16786.9260   163    16784.0220    16801.0367 11313946    0.10%
 195526 64429    16784.3271    35    16784.0220    16800.9606 11343479    0.10%
 196280 64463    16791.4310    95    16784.0220    16800.8471 11375338    0.10%
 197014 64456    16785.4727   179    16784.0220    16800.7455 11405425    0.10%
 197718 64441    16796.8333   110    16784.0220    16800.6504 11436925    0.10%
 198440 64444    16784.7376    67    16784.0220    16800.5673 11468476    0.10%
Elapsed time = 2516.74 sec. (1413455.06 ticks, tree = 228.43 MB, solutions = 1)
 199199 64480    16788.6803   136    16784.0220    16800.4751 11496741    0.10%
 199926 64488        cutoff          16784.0220    16800.3903 11526840    0.10%
 200623 64500    16792.4814   149    16784.0220    16800.3132 11555535    0.10%
 201380 64495        cutoff          16784.0220    16800.2123 11586934    0.10%
 202086 64499    16793.3676   172    16784.0220    16800.1185 11614392    0.10%
 202728 64482        cutoff          16784.0220    16800.0400 11641981    0.10%
 203320 64453        cutoff          16784.0220    16799.9605 11669482    0.09%
 203964 64423    16794.0775   141    16784.0220    16799.8756 11696332    0.09%
 204615 64469    16786.8159    11    16784.0220    16799.8007 11722491    0.09%
 205327 64476    16792.0435   172    16784.0220    16799.7208 11748646    0.09%
Elapsed time = 2587.69 sec. (1451674.23 ticks, tree = 228.38 MB, solutions = 1)
 205950 64453    16785.6821   149    16784.0220    16799.6530 11773514    0.09%
 206713 64460    16784.7406   101    16784.0220    16799.5685 11802556    0.09%
 207466 64437    16784.4728    92    16784.0220    16799.4749 11831539    0.09%
 208229 64399        cutoff          16784.0220    16799.3779 11861252    0.09%
 209017 64415    16785.7125    47    16784.0220    16799.3005 11891389    0.09%
 209725 64373    16789.5555    89    16784.0220    16799.2140 11922099    0.09%
 210487 64293        cutoff          16784.0220    16799.1166 11954552    0.09%
 211271 64260    16784.5216    82    16784.0220    16799.0361 11984859    0.09%
 212060 64253        cutoff          16784.0220    16798.9422 12014634    0.09%
 212806 64201    16785.2268    54    16784.0220    16798.8524 12044088    0.09%
Elapsed time = 2660.96 sec. (1489869.28 ticks, tree = 227.37 MB, solutions = 1)
 213579 64151    16784.5529    60    16784.0220    16798.7660 12073379    0.09%
 214363 64157        cutoff          16784.0220    16798.6827 12103699    0.09%
 215106 64049        cutoff          16784.0220    16798.5715 12135052    0.09%
 215860 64005    16786.5868    75    16784.0220    16798.4845 12166438    0.09%
 216651 63989        cutoff          16784.0220    16798.4022 12197688    0.09%
 217408 63897        cutoff          16784.0220    16798.3015 12226275    0.09%
 218148 63844        cutoff          16784.0220    16798.2280 12254541    0.08%
 218923 63771    16795.4925   168    16784.0220    16798.1409 12283534    0.08%
 219632 63655    16784.9126    83    16784.0220    16798.0539 12313161    0.08%
 220391 63579    16793.9792   125    16784.0220    16797.9650 12343115    0.08%
Elapsed time = 2733.37 sec. (1528042.29 ticks, tree = 225.27 MB, solutions = 1)
 221139 63518        cutoff          16784.0220    16797.8834 12371512    0.08%
 221862 63504        cutoff          16784.0220    16797.8124 12400739    0.08%
 222596 63444        cutoff          16784.0220    16797.7202 12430547    0.08%
 223384 63362        cutoff          16784.0220    16797.6331 12457739    0.08%
 224066 63238    16786.9419   141    16784.0220    16797.5463 12486178    0.08%
 224825 63121        cutoff          16784.0220    16797.4552 12515885    0.08%
 225613 63070    16791.6556   179    16784.0220    16797.3657 12546303    0.08%
 226346 63013    16791.4068   135    16784.0220    16797.2804 12575651    0.08%
 227163 62884        cutoff          16784.0220    16797.1877 12604221    0.08%
 227964 62824    16788.5524    39    16784.0220    16797.1116 12633221    0.08%
Elapsed time = 2806.81 sec. (1566219.55 ticks, tree = 222.48 MB, solutions = 1)
 228770 62715        cutoff          16784.0220    16797.0269 12659651    0.08%
 229542 62614    16789.1209   144    16784.0220    16796.9424 12688336    0.08%
 230298 62546        cutoff          16784.0220    16796.8612 12716386    0.08%
 231083 62409    16788.9017    37    16784.0220    16796.7667 12744862    0.08%
 231910 62367    16784.0464   126    16784.0220    16796.6968 12772745    0.08%
 232714 62258        cutoff          16784.0220    16796.6061 12800203    0.07%
 233513 62134        cutoff          16784.0220    16796.5245 12827382    0.07%
 234338 62072        cutoff          16784.0220    16796.4471 12855575    0.07%
 235164 61982    16787.5975   104    16784.0220    16796.3523 12882418    0.07%
 235950 61822        cutoff          16784.0220    16796.2572 12909762    0.07%
Elapsed time = 2877.45 sec. (1604388.68 ticks, tree = 218.61 MB, solutions = 1)
 236651 61708        cutoff          16784.0220    16796.1779 12935577    0.07%
 237391 61535        cutoff          16784.0220    16796.0872 12963312    0.07%
 238152 61390        cutoff          16784.0220    16795.9986 12988462    0.07%
 238905 61304        cutoff          16784.0220    16795.9250 13016759    0.07%
 239719 61205    16787.7618   126    16784.0220    16795.8413 13042325    0.07%
 240452 61067        cutoff          16784.0220    16795.7649 13069128    0.07%
 241219 60918        cutoff          16784.0220    16795.6817 13096506    0.07%
 241968 60790        cutoff          16784.0220    16795.6002 13123163    0.07%
 242767 60643        cutoff          16784.0220    16795.5085 13149506    0.07%
 243550 60497    16785.0481   103    16784.0220    16795.4269 13174904    0.07%
Elapsed time = 2949.32 sec. (1642558.56 ticks, tree = 214.06 MB, solutions = 1)
 244309 60324    16787.8056   147    16784.0220    16795.3443 13203292    0.07%
 245098 60132    16784.6619   172    16784.0220    16795.2608 13230641    0.07%
 245906 60035        cutoff          16784.0220    16795.1841 13256533    0.07%
 246696 59884    16784.8001   111    16784.0220    16795.1035 13281652    0.07%
 247451 59635        cutoff          16784.0220    16795.0185 13309295    0.07%
 248277 59500        cutoff          16784.0220    16794.9376 13337049    0.07%
 249098 59348    16791.0371    84    16784.0220    16794.8657 13363634    0.06%
 249881 59158    16789.6488   138    16784.0220    16794.7813 13391298    0.06%
 250686 58936    16791.7230   148    16784.0220    16794.6891 13416917    0.06%
 251491 58712    16784.8897    38    16784.0220    16794.6016 13441500    0.06%
Elapsed time = 3020.91 sec. (1680740.92 ticks, tree = 207.46 MB, solutions = 1)
 252296 58494        cutoff          16784.0220    16794.5053 13467626    0.06%
 253098 58242    16786.6723    52    16784.0220    16794.4166 13492516    0.06%
 253894 58071    16789.6622    56    16784.0220    16794.3458 13518115    0.06%
 254653 57838        cutoff          16784.0220    16794.2583 13542725    0.06%
 255449 57633    16785.3534   134    16784.0220    16794.1715 13566854    0.06%
 256244 57402    16792.2346    61    16784.0220    16794.0826 13593344    0.06%
 257034 57178    16789.8481    90    16784.0220    16793.9989 13618952    0.06%
 257817 56919    16792.3931    50    16784.0220    16793.9079 13642811    0.06%
 258614 56710    16786.4265   154    16784.0220    16793.8302 13667834    0.06%
 259381 56461        cutoff          16784.0220    16793.7430 13692504    0.06%
Elapsed time = 3093.87 sec. (1718933.34 ticks, tree = 199.57 MB, solutions = 1)
 260166 56274    16784.6495    53    16784.0220    16793.6613 13718443    0.06%
 260930 55994    16785.4713   147    16784.0220    16793.5739 13741247    0.06%
 261719 55691        cutoff          16784.0220    16793.4853 13765427    0.06%
 262495 55421    16791.4611   174    16784.0220    16793.4015 13790070    0.06%
 263246 55122    16788.6758   147    16784.0220    16793.3137 13814703    0.06%
 264027 54862    16786.3527   127    16784.0220    16793.2296 13839044    0.05%
 264787 54566        cutoff          16784.0220    16793.1456 13863545    0.05%
 265528 54278        cutoff          16784.0220    16793.0549 13885617    0.05%
 266350 54044    16786.8030   125    16784.0220    16792.9788 13909287    0.05%
 267183 53784        cutoff          16784.0220    16792.8976 13933387    0.05%
Elapsed time = 3166.55 sec. (1757107.70 ticks, tree = 190.19 MB, solutions = 1)
 267982 53434        cutoff          16784.0220    16792.8000 13957183    0.05%
 268784 53181    16786.4247    63    16784.0220    16792.7092 13980282    0.05%
 269589 52856        cutoff          16784.0220    16792.6190 14002782    0.05%
 270414 52563    16789.6019    51    16784.0220    16792.5405 14026344    0.05%
 271228 52216        cutoff          16784.0220    16792.4509 14049800    0.05%
 272046 51892        cutoff          16784.0220    16792.3586 14073824    0.05%
 272861 51605        cutoff          16784.0220    16792.2736 14095906    0.05%
 273694 51261        cutoff          16784.0220    16792.1806 14118615    0.05%
 274504 50849    16787.1081    72    16784.0220    16792.0878 14140699    0.05%
 275325 50533    16791.6324    88    16784.0220    16792.0070 14162427    0.05%
Elapsed time = 3238.91 sec. (1795280.31 ticks, tree = 178.93 MB, solutions = 1)
 276101 50180        cutoff          16784.0220    16791.9208 14183244    0.05%
 276804 49886    16789.0990   166    16784.0220    16791.8450 14202625    0.05%
 277444 49599    16788.1319    51    16784.0220    16791.7746 14218878    0.05%
 277741 49467        cutoff          16784.0220    16791.7408 14226150    0.05%
 278004 49385    16786.9334   103    16784.0220    16791.7205 14232742    0.05%
 278433 49189    16786.3977    23    16784.0220    16791.6772 14243739    0.05%
 278804 49058    16788.0883   144    16784.0220    16791.6415 14253600    0.05%
 279004 48966    16785.5205    19    16784.0220    16791.6190 14257985    0.05%
 279404 48782    16786.4790    86    16784.0220    16791.5749 14268362    0.05%
 280239 48399    16786.0524   162    16784.0220    16791.4810 14289490    0.04%
Elapsed time = 3324.19 sec. (1839121.24 ticks, tree = 171.30 MB, solutions = 1)
 280504 48297    16787.6495    75    16784.0220    16791.4560 14296555    0.04%
 280804 48129    16789.1769    52    16784.0220    16791.4225 14303971    0.04%
 281004 48038    16786.4525   138    16784.0220    16791.4017 14309096    0.04%
 281208 47948        cutoff          16784.0220    16791.3778 14314427    0.04%
 281344 47891        cutoff          16784.0220    16791.3653 14318400    0.04%
 281682 47747        cutoff          16784.0220    16791.3292 14325208    0.04%
 281704 47733    16784.3683    92    16784.0220    16791.3273 14325891    0.04%
 282004 47585    16784.4058    93    16784.0220    16791.2978 14332731    0.04%
 282504 47338    16786.0443   121    16784.0220    16791.2460 14345333    0.04%
 282804 47155    16788.9310    44    16784.0220    16791.2138 14353025    0.04%
Elapsed time = 3419.27 sec. (1891940.11 ticks, tree = 166.98 MB, solutions = 1)
 283589 46772    16785.3238   132    16784.0220    16791.1257 14372537    0.04%
 283804 46668    16784.1726    43    16784.0220    16791.0970 14377421    0.04%
 284618 46250    16788.9449    61    16784.0220    16791.0151 14397336    0.04%
 285415 45912    16784.5653   111    16784.0220    16790.9412 14415489    0.04%
 286213 45490    16785.8662    89    16784.0220    16790.8522 14435368    0.04%
 286941 45109        cutoff          16784.0220    16790.7776 14451861    0.04%
 287705 44673        cutoff          16784.0220    16790.6931 14470637    0.04%
 288500 44318        cutoff          16784.0220    16790.6161 14488530    0.04%
 289227 43926    16787.4913    39    16784.0220    16790.5336 14505157    0.04%
 290015 43497    16784.4140   165    16784.0220    16790.4439 14524043    0.04%
Elapsed time = 3494.31 sec. (1935595.65 ticks, tree = 154.28 MB, solutions = 1)
 290739 43081        cutoff          16784.0220    16790.3616 14541047    0.04%
 291504 42670    16786.1444   112    16784.0220    16790.2811 14559243    0.04%
 292303 42264        cutoff          16784.0220    16790.2002 14576173    0.04%
 293105 41812        cutoff          16784.0220    16790.1191 14593329    0.04%
 293574 41556    16785.7438   124    16784.0220    16790.0713 14604541    0.04%
 294400 41125    16786.1409   108    16784.0220    16789.9883 14621511    0.04%
 295190 40687        cutoff          16784.0220    16789.9170 14639164    0.04%
 295987 40281    16786.0144    90    16784.0220    16789.8338 14655988    0.03%
 296778 39846        cutoff          16784.0220    16789.7558 14672713    0.03%
 297588 39401        cutoff          16784.0220    16789.6722 14690280    0.03%
Elapsed time = 3567.89 sec. (1973814.46 ticks, tree = 140.05 MB, solutions = 1)
 298397 38961    16788.1439    79    16784.0220    16789.5927 14707023    0.03%
 299217 38494        cutoff          16784.0220    16789.5122 14723254    0.03%
 299990 38001        cutoff          16784.0220    16789.4211 14739215    0.03%
 300747 37489        cutoff          16784.0220    16789.3322 14755593    0.03%

Cover cuts applied:  1
Implied bound cuts applied:  64
Flow cuts applied:  98
Mixed integer rounding cuts applied:  344
Lift and project cuts applied:  107
Gomory fractional cuts applied:  74

Root node processing (before b&c):
  Real time             =    3.56 sec. (1818.60 ticks)
Sequential b&c:
  Real time             = 3596.45 sec. (1992335.89 ticks)
                          ------------
Total (root+branch&cut) = 3600.01 sec. (1994154.50 ticks)
