1 of 1 MIP starts provided solutions.
MIP start 'm1' defined initial solution with objective 19971.9854.
Tried aggregator 1 time.
MIP Presolve eliminated 3 rows and 1 columns.
Reduced MIP has 4151 rows, 2327 columns, and 28172 nonzeros.
Reduced MIP has 1827 binaries, 0 generals, 0 SOSs, and 0 indicators.
Presolve time = 0.02 sec. (9.74 ticks)
Probing time = 0.01 sec. (2.77 ticks)
Tried aggregator 1 time.
Reduced MIP has 4151 rows, 2327 columns, and 28172 nonzeros.
Reduced MIP has 1827 binaries, 0 generals, 0 SOSs, and 0 indicators.
Presolve time = 0.02 sec. (11.32 ticks)
Probing time = 0.00 sec. (2.80 ticks)
Clique table members: 687.
MIP emphasis: balance optimality and feasibility.
MIP search method: dynamic search.
Parallel mode: none, using 1 thread.
Root relaxation solution time = 0.04 sec. (24.37 ticks)

        Nodes                                         Cuts/
   Node  Left     Objective  IInf  Best Integer    Best Bound    ItCnt     Gap

*     0+    0                        19971.9854    23015.5847     1440   15.24%
      0     0    22156.7288   346    19971.9854    22156.7288     1440   10.94%
      0     0    21164.7446   270    19971.9854     Cuts: 682     1789    5.97%
      0     0    20772.8852   328    19971.9854     Cuts: 353     2081    4.01%
      0     0    20709.6207   332    19971.9854     Cuts: 143     2196    3.69%
      0     0    20662.8205   347    19971.9854     Cuts: 107     2323    3.46%
      0     0    20646.4006   339    19971.9854      Cuts: 53     2410    3.38%
      0     0    20634.5716   333    19971.9854      Cuts: 40     2473    3.32%
      0     0    20630.5155   333    19971.9854      Cuts: 11     2493    3.30%
      0     0    20630.1997   338    19971.9854      Cuts: 19     2512    3.30%
      0     0    20630.0658   338    19971.9854       Cuts: 4     2517    3.30%
      0     2    20630.0658   338    19971.9854    20629.9663     2517    3.29%
Elapsed time = 1.12 sec. (593.69 ticks, tree = 0.00 MB, solutions = 1)
     83    85    20200.9193   183    19971.9854    20624.5201     3674    3.27%
    162   157    20268.3151   248    19971.9854    20624.0982     4706    3.27%
    262   242        cutoff          19971.9854    20624.0982     5614    3.27%
    371   347    20477.4890   291    19971.9854    20623.4628     6625    3.26%
    480   453    20437.8496   289    19971.9854    20620.1561     7560    3.25%
    497   470    20305.7362   368    19971.9854    20305.7327    10757    1.67%
    498   470    20304.2830   366    19971.9854    20303.8246    10767    1.66%
    499   471    20303.3170   364    19971.9854    20303.2123    10786    1.66%
    500   472    20302.1382   366    19971.9854    20302.4266    10794    1.65%
    511   476    20198.0956   300    19971.9854    20302.4266    11204    1.65%
Elapsed time = 12.16 sec. (7111.18 ticks, tree = 0.89 MB, solutions = 1)
    527   488    20180.5010   282    19971.9854    20302.4266    11761    1.65%
    691   557        cutoff          19971.9854    20301.2518    13577    1.65%
    989   700        cutoff          19971.9854    20299.0043    15793    1.64%
   1357   868    20129.0803   281    19971.9854    20279.4071    19567    1.54%
   1686  1097    20052.7258   277    19971.9854    20276.3015    23069    1.52%
   2097  1477    20197.4691   320    19971.9854    20272.6077    25745    1.51%
   2489  1839    20042.1203   262    19971.9854    20270.8328    29224    1.50%
   2816  2149    20061.6648   186    19971.9854    20268.7925    32883    1.49%
   3233  2532    20051.6686   258    19971.9854    20267.5432    36963    1.48%
   3676  2926    20260.5405   312    19971.9854    20264.1808    41214    1.46%
Elapsed time = 27.14 sec. (16697.86 ticks, tree = 4.34 MB, solutions = 1)
   4068  3273    20137.1230   286    19971.9854    20260.3625    45797    1.44%
   4511  3664    20150.0320   297    19971.9854    20257.6048    50632    1.43%
   4964  4066        cutoff          19971.9854    20256.0274    55528    1.42%
   5453  4520    20055.9132   277    19971.9854    20254.9893    59885    1.42%
   5871  4892    20150.9990   338    19971.9854    20252.0237    64911    1.40%
   6222  5207    20066.4881   320    19971.9854    20252.0237    69572    1.40%
   6547  5505    20163.3978   298    19971.9854    20249.6304    73809    1.39%
   6853  5779    20112.2333   347    19971.9854    20247.7890    76914    1.38%
   7246  6126    20231.1267   303    19971.9854    20247.2303    82141    1.38%
   7558  6408    20104.8021   351    19971.9854    20247.0153    86096    1.38%
Elapsed time = 42.24 sec. (26290.30 ticks, tree = 10.09 MB, solutions = 1)
   7855  6664        cutoff          19971.9854    20245.7264    90562    1.37%
   8270  7045    19978.7433   183    19971.9854    20243.8196    94329    1.36%
   8722  7454    20069.9834   252    19971.9854    20242.5008    98215    1.35%
   9066  7737    20117.6716   305    19971.9854    20240.8855   103099    1.35%
   9471  8096    20210.0619   316    19971.9854    20238.7577   107882    1.34%
   9806  8398    20030.6331   267    19971.9854    20237.7486   113145    1.33%
  10137  8687    20115.4390   312    19971.9854    20237.0974   118451    1.33%
  10437  8955    20091.9737   275    19971.9854    20236.3926   122599    1.32%
  10894  9375    20076.2408   296    19971.9854    20235.7402   127102    1.32%
  11288  9731    20098.9015   270    19971.9854    20235.4350   131436    1.32%
Elapsed time = 63.84 sec. (39360.06 ticks, tree = 15.14 MB, solutions = 1)
  11694 10103    19999.7204   257    19971.9854    20234.8089   135752    1.32%
  12056 10429    20028.3580   282    19971.9854    20234.3429   140456    1.31%
  12426 10761    20002.5561   221    19971.9854    20233.0744   145140    1.31%
  12825 11103    20095.4260   330    19971.9854    20232.3690   149057    1.30%
  13184 11424    20132.9197   308    19971.9854    20232.0576   153295    1.30%
  13600 11793    20215.8469   310    19971.9854    20230.6864   157565    1.30%
  14085 12233    20131.4726   291    19971.9854    20230.2368   162084    1.29%
  14539 12647    20182.7571   281    19971.9854    20228.9759   167056    1.29%
  15059 13129    20094.8070   210    19971.9854    20228.6571   171096    1.29%
  15555 13583    19989.5059   157    19971.9854    20227.4230   175659    1.28%
Elapsed time = 80.14 sec. (48993.63 ticks, tree = 20.75 MB, solutions = 1)
  16098 14080    20091.5930   225    19971.9854    20226.5220   180122    1.27%
  16605 14532    20171.1721   275    19971.9854    20225.4234   185000    1.27%
  17186 15056    20152.7829   284    19971.9854    20224.5506   189450    1.26%
  17776 15600    20174.9930   262    19971.9854    20223.8600   194016    1.26%
  18313 16094    20103.4643   295    19971.9854    20223.2585   198541    1.26%
  18823 16565    20006.3970   268    19971.9854    20222.8055   202341    1.26%
  19297 16989    20188.2736   293    19971.9854    20222.3958   205749    1.25%
  19788 17431    20057.9517   238    19971.9854    20221.7184   209909    1.25%
  20270 17861    20171.3835   276    19971.9854    20220.5924   214131    1.24%
  20742 18274    20179.6057   273    19971.9854    20220.2797   217898    1.24%
Elapsed time = 94.44 sec. (58601.87 ticks, tree = 28.13 MB, solutions = 1)
  21142 18630    20075.6821   205    19971.9854    20219.6875   222320    1.24%
  21568 19008    20121.7971   297    19971.9854    20219.0744   226465    1.24%
  22010 19403    20051.3213   284    19971.9854    20218.7522   230126    1.24%
  22443 19792    20097.1849   305    19971.9854    20218.4483   233850    1.23%
  22777 20075    20030.4856   208    19971.9854    20218.1998   238144    1.23%
  23233 20474    20030.1960   237    19971.9854    20217.9387   242223    1.23%
  23692 20888    20034.9929   234    19971.9854    20217.6891   246800    1.23%
  24149 21291    20137.5910   248    19971.9854    20217.3821   251318    1.23%
  24686 21777    20081.3072   242    19971.9854    20217.0190   255430    1.23%
  25240 22282    20146.8813   318    19971.9854    20216.5971   258908    1.22%
Elapsed time = 110.20 sec. (68188.99 ticks, tree = 34.03 MB, solutions = 1)
  25725 22717    20082.9594   165    19971.9854    20216.2888   263589    1.22%
  26253 23188    20191.3658   261    19971.9854    20215.9951   267625    1.22%
  26759 23653    20094.5358   316    19971.9854    20215.7134   271727    1.22%
  27219 24059    20184.1434   279    19971.9854    20215.3362   276496    1.22%
  27738 24544    20006.0172   223    19971.9854    20214.8167   280738    1.22%
  28202 24953    20110.2378   311    19971.9854    20214.3192   284881    1.21%
  28740 25446    20093.9201   325    19971.9854    20213.9417   289603    1.21%
  29187 25844    20081.8607   196    19971.9854    20213.6399   294249    1.21%
  29726 26333    20083.7558   254    19971.9854    20213.2816   298452    1.21%
  30163 26715    20068.2359   182    19971.9854    20213.0964   302601    1.21%
Elapsed time = 125.74 sec. (77780.55 ticks, tree = 40.53 MB, solutions = 1)
  30724 27221    19998.5286   221    19971.9854    20212.7990   306645    1.21%
  31250 27705    19999.3979   156    19971.9854    20212.6169   310582    1.20%
  31717 28128    19999.1244   255    19971.9854    20212.3357   314507    1.20%
  32225 28583    20146.6504   318    19971.9854    20212.0158   318527    1.20%
  32735 29050    19973.4202   158    19971.9854    20211.7580   322665    1.20%
  33200 29470    20040.6020   152    19971.9854    20211.2561   326193    1.20%
  33712 29927    20021.3941   200    19971.9854    20211.0961   329427    1.20%
  34148 30295    20010.4591   172    19971.9854    20210.7885   333348    1.20%
  34679 30784    20148.9131   301    19971.9854    20210.5182   336961    1.19%
  35262 31321    20014.7175   189    19971.9854    20210.2288   341174    1.19%
Elapsed time = 139.86 sec. (87348.03 ticks, tree = 47.35 MB, solutions = 1)
  35873 31863    20154.1987   310    19971.9854    20209.6986   345671    1.19%
  36382 32319    20040.4089   222    19971.9854    20209.3632   350353    1.19%
  36903 32810    20003.6528   216    19971.9854    20209.1262   354901    1.19%
  37403 33264    20004.4485   285    19971.9854    20208.8046   359645    1.19%
  37829 33639    20034.6231   209    19971.9854    20208.5534   364548    1.18%
  38349 34102        cutoff          19971.9854    20208.1628   369001    1.18%
  38837 34545    20010.3009   123    19971.9854    20207.7572   373328    1.18%
  39353 35003    19978.3913   273    19971.9854    20207.5238   377403    1.18%
  39862 35469    20082.1455   181    19971.9854    20207.2637   382293    1.18%
  41980 37386    20060.4933   261    19971.9854    20206.3326   400027    1.17%
Elapsed time = 158.81 sec. (99781.53 ticks, tree = 57.25 MB, solutions = 1)
  44085 39286    19985.9203   296    19971.9854    20205.0994   417024    1.17%
  46056 41062    20056.6039   185    19971.9854    20204.2858   433518    1.16%
  47982 42823    20002.6603   214    19971.9854    20203.2484   449888    1.16%
  49853 44493    20074.7063   210    19971.9854    20202.0601   468090    1.15%
  52030 46470    20013.6629   113    19971.9854    20200.8881   486073    1.15%
  54159 48392    20045.9854   277    19971.9854    20200.0455   504766    1.14%
  56454 50491    20013.5594   127    19971.9854    20198.8444   522535    1.14%
  58478 52318    20024.4032   136    19971.9854    20198.1718   539757    1.13%
  60413 54041    20138.0266   214    19971.9854    20197.3577   557247    1.13%
  62553 55938    20049.6533   187    19971.9854    20196.4359   573435    1.12%
Elapsed time = 217.86 sec. (137944.89 ticks, tree = 88.96 MB, solutions = 1)
  64697 57884    20081.8198   203    19971.9854    20195.6491   591758    1.12%
  66750 59705    20108.3917   263    19971.9854    20195.0127   609157    1.12%
  69075 61792    20129.4435   249    19971.9854    20194.2879   627525    1.11%
  71185 63713    20189.3450   301    19971.9854    20193.6813   644162    1.11%
  73176 65501    20066.0683   202    19971.9854    20193.2260   662297    1.11%
  75114 67229    19990.7976   122    19971.9854    20192.7146   679739    1.11%
  77118 69016    20082.1987   267    19971.9854    20192.2208   697586    1.10%
  79162 70849    20089.4275   258    19971.9854    20191.5388   714807    1.10%
  81302 72777        cutoff          19971.9854    20190.9214   731977    1.10%
  83479 74735    20126.2479   268    19971.9854    20190.3926   750029    1.09%
Elapsed time = 275.82 sec. (176106.55 ticks, tree = 118.76 MB, solutions = 1)
  85633 76672    20047.6560   168    19971.9854    20189.7779   768126    1.09%
  87740 78565    19985.8267   195    19971.9854    20189.1562   787524    1.09%
  89847 80432    20076.0473   300    19971.9854    20188.6510   807034    1.08%
  92087 82473    20080.6998   296    19971.9854    20188.2555   824117    1.08%
  94065 84226    20064.0781   293    19971.9854    20187.8173   841225    1.08%
  96015 85992    19984.7612   187    19971.9854    20187.3397   858312    1.08%
  97997 87749    20095.8697   164    19971.9854    20186.9022   876705    1.08%
 100160 89679    19973.6371   254    19971.9854    20186.4751   893882    1.07%
 102360 91674    20150.9112   341    19971.9854    20185.9693   912358    1.07%
 104418 93500    20006.2355   257    19971.9854    20185.2946   931678    1.07%
Elapsed time = 333.58 sec. (214288.60 ticks, tree = 146.49 MB, solutions = 1)
 106555 95406        cutoff          19971.9854    20184.8426   950721    1.07%
 108700 97317    20107.7993   223    19971.9854    20184.3254   969570    1.06%
 110887 99297    19999.9840   209    19971.9854    20183.9701   986734    1.06%
 112909 101133    19983.6383   162    19971.9854    20183.6002  1003547    1.06%
 114784 102800    20069.6508   255    19971.9854    20183.1985  1021191    1.06%
 116814 104604    20044.8232   229    19971.9854    20182.8532  1038058    1.06%
 118787 106319    20116.7176   227    19971.9854    20182.4773  1055615    1.05%
 120908 108225    20000.7212   198    19971.9854    20182.0491  1074021    1.05%
 122930 109995    20042.8943   247    19971.9854    20181.6873  1092107    1.05%
 125080 111903    20059.8872   286    19971.9854    20181.3129  1110915    1.05%
Elapsed time = 392.69 sec. (252452.66 ticks, tree = 173.83 MB, solutions = 1)
 127336 113959    20081.8667   249    19971.9854    20181.0268  1129030    1.05%
 129640 116044    20134.6150   261    19971.9854    20180.7102  1146592    1.05%
 131785 117975    20015.9226   160    19971.9854    20180.3170  1165241    1.04%
 133845 119769    20112.8263   213    19971.9854    20179.9429  1183416    1.04%
 135994 121706    20010.2548   197    19971.9854    20179.6279  1200061    1.04%
 138039 123537    20034.1673   132    19971.9854    20179.3276  1217036    1.04%
 140097 125350    20003.1416   126    19971.9854    20179.0888  1234198    1.04%
 142339 127373    19976.1534   175    19971.9854    20178.6323  1252598    1.03%
 144497 129301    20039.7897   133    19971.9854    20178.2372  1270793    1.03%
 146703 131283    20050.3605   296    19971.9854    20177.7885  1289334    1.03%
Elapsed time = 450.71 sec. (290670.42 ticks, tree = 204.38 MB, solutions = 1)
 148809 133191    20038.5096   167    19971.9854    20177.3932  1309016    1.03%
 150965 135123    20022.8303   211    19971.9854    20177.0340  1327800    1.03%
 153113 137015    20062.7589   223    19971.9854    20176.6459  1346878    1.02%
 155188 138830    20058.5569   189    19971.9854    20176.3808  1365007    1.02%
 157245 140690    19979.7483   113    19971.9854    20176.1343  1383166    1.02%
 159313 142544    20062.7739   313    19971.9854    20175.8306  1400666    1.02%
 161352 144354    20129.3333   252    19971.9854    20175.5698  1417478    1.02%
 163297 146048    20064.3545   225    19971.9854    20175.2120  1435174    1.02%
 165433 147945    20058.4203   231    19971.9854    20174.9670  1453772    1.02%
 167576 149825    20085.1895   247    19971.9854    20174.6053  1472448    1.01%
Elapsed time = 509.34 sec. (328860.23 ticks, tree = 231.88 MB, solutions = 1)
 169647 151646    20003.1835   247    19971.9854    20174.3021  1491631    1.01%
 171856 153591    20093.5916   256    19971.9854    20174.0545  1509532    1.01%
 174128 155597    20071.6355   188    19971.9854    20173.6895  1527731    1.01%
 176433 157677    20015.2728   168    19971.9854    20173.4104  1545411    1.01%
 178712 159719    20066.7046   287    19971.9854    20173.2096  1563900    1.01%
 180888 161648    20138.9833   217    19971.9854    20172.9226  1581486    1.01%
 183176 163707    20018.2699   289    19971.9854    20172.6664  1598994    1.00%
 185289 165584    19985.9628   109    19971.9854    20172.4716  1616432    1.00%
 187453 167520    19988.6376   107    19971.9854    20172.2624  1633314    1.00%
 189534 169384    20004.3011   128    19971.9854    20172.0068  1650637    1.00%
Elapsed time = 567.07 sec. (367027.03 ticks, tree = 262.16 MB, solutions = 1)
 191697 171318    20037.9123   149    19971.9854    20171.8057  1667998    1.00%
 193905 173271    20005.7241   152    19971.9854    20171.5684  1685718    1.00%
 196167 175322    20141.8358   257    19971.9854    20171.2710  1702533    1.00%
 198445 177353    19992.3598   206    19971.9854    20171.0054  1721065    1.00%
 200497 179135    20039.5088   180    19971.9854    20170.7055  1739966    0.99%
 202717 181115    20032.2174   189    19971.9854    20170.4650  1758404    0.99%
 204937 183123    19985.9642    85    19971.9854    20170.2902  1776179    0.99%
 207186 185120    20160.7303   223    19971.9854    20170.0327  1794396    0.99%
 209397 187093    20046.1806   228    19971.9854    20169.8266  1811763    0.99%
 211578 189018    20015.6106   155    19971.9854    20169.5419  1828808    0.99%
Elapsed time = 624.73 sec. (405199.54 ticks, tree = 292.78 MB, solutions = 1)
 213603 190799    20065.6812   269    19971.9854    20169.2954  1846988    0.99%
 215887 192865    20075.2686   192    19971.9854    20169.0443  1864138    0.99%
 218083 194827    20079.6532   253    19971.9854    20168.8659  1881080    0.99%
 220153 196658    20039.3626   283    19971.9854    20168.6331  1899991    0.98%
 222414 198664    20029.0503   251    19971.9854    20168.3941  1918205    0.98%
 224547 200552    20058.2154   211    19971.9854    20168.1568  1936032    0.98%
 226752 202512    20043.3016   180    19971.9854    20167.9094  1954677    0.98%
 229008 204516    20110.8837   233    19971.9854    20167.6822  1973433    0.98%
 231255 206496    19990.2078   142    19971.9854    20167.4912  1992174    0.98%
 233496 208519    20060.7366   173    19971.9854    20167.1994  2010864    0.98%
Elapsed time = 682.23 sec. (443375.82 ticks, tree = 321.89 MB, solutions = 1)
 235807 210579    20119.2057   244    19971.9854    20167.0067  2029248    0.98%
 238036 212584    19998.3195   144    19971.9854    20166.8143  2047238    0.98%
 240245 214557    19984.7712   234    19971.9854    20166.6222  2064204    0.97%
 242454 216519    20092.6952   196    19971.9854    20166.4734  2082255    0.97%
 244650 218495    20019.2371   293    19971.9854    20166.2505  2099542    0.97%
 246874 220487    20008.2123   330    19971.9854    20166.0517  2117009    0.97%
 248957 222321    20030.0208   261    19971.9854    20165.8176  2134830    0.97%
 251103 224232    20035.1232   132    19971.9854    20165.5804  2152375    0.97%
 253314 226204        cutoff          19971.9854    20165.3805  2169723    0.97%
 255474 228095    19972.1235   233    19971.9854    20165.2154  2187997    0.97%
Elapsed time = 740.76 sec. (481539.76 ticks, tree = 352.68 MB, solutions = 1)
 257545 229917    20063.9010   186    19971.9854    20165.0312  2205770    0.97%
 259731 231864    19985.1890   213    19971.9854    20164.8399  2224063    0.97%
 261962 233874    20055.7283   155    19971.9854    20164.6036  2241816    0.96%
 264183 235872    19998.0808   173    19971.9854    20164.4236  2260048    0.96%
 266318 237792    20041.5648   234    19971.9854    20164.2710  2277812    0.96%
 268382 239639    20000.4049   215    19971.9854    20164.0724  2295370    0.96%
 270534 241533    20037.4825   288    19971.9854    20163.8286  2313955    0.96%
 272668 243461    19982.6300   178    19971.9854    20163.5935  2332359    0.96%
 274863 245407    20056.6193   246    19971.9854    20163.3956  2349902    0.96%
 276815 247111    20075.8382   183    19971.9854    20163.1827  2367064    0.96%
Elapsed time = 799.25 sec. (519697.08 ticks, tree = 381.10 MB, solutions = 1)
 278956 249049    20000.2992    89    19971.9854    20163.0146  2384236    0.96%
 280943 250802    20043.9483   208    19971.9854    20162.8228  2401962    0.96%
 283115 252729    20061.4118   197    19971.9854    20162.6104  2420459    0.95%
 285243 254609    20040.0255   249    19971.9854    20162.4251  2439679    0.95%
 287425 256545    20058.2967   205    19971.9854    20162.2291  2458472    0.95%
 289459 258323    20080.4966   314    19971.9854    20162.0579  2477912    0.95%
 291630 260238    20121.2024   227    19971.9854    20161.8887  2497148    0.95%
 293751 262113    19984.8432   188    19971.9854    20161.7182  2516066    0.95%
 295948 264061    20087.7721   224    19971.9854    20161.5575  2535874    0.95%
 298152 266021    20103.3972   259    19971.9854    20161.3615  2554970    0.95%
Elapsed time = 858.02 sec. (557861.21 ticks, tree = 409.38 MB, solutions = 1)
 300295 267940    20057.1147   214    19971.9854    20161.1785  2573563    0.95%
 302394 269800    20109.5428   236    19971.9854    20161.0305  2591964    0.95%
 304464 271624    20002.8382   199    19971.9854    20160.8705  2610760    0.95%
 306617 273521    20056.6060   228    19971.9854    20160.6504  2629450    0.94%
 308762 275406    20053.2774   191    19971.9854    20160.4982  2647620    0.94%
 310897 277313    20099.2330   322    19971.9854    20160.3487  2665095    0.94%
 313059 279222    20063.3848   254    19971.9854    20160.2028  2682877    0.94%
 315172 281090    20012.2239   315    19971.9854    20160.0394  2701843    0.94%
 317361 283026    20080.0192   270    19971.9854    20159.8813  2720501    0.94%
 319456 284861    20056.8709   233    19971.9854    20159.7013  2739352    0.94%
Elapsed time = 916.53 sec. (596053.84 ticks, tree = 439.42 MB, solutions = 1)
 321561 286732    20072.0388   289    19971.9854    20159.5542  2759441    0.94%
 323759 288665    20128.0614   227    19971.9854    20159.3927  2778385    0.94%
 325968 290630    20043.2603   194    19971.9854    20159.2279  2797971    0.94%
 328200 292603    20090.9503   200    19971.9854    20159.0915  2817016    0.94%
 330465 294604    20051.0619   235    19971.9854    20158.9469  2836601    0.94%
 332601 296480    19976.7347   184    19971.9854    20158.7911  2855676    0.94%
 334662 298276    20071.7763   274    19971.9854    20158.6536  2874643    0.93%
 336724 300083    20095.7144   258    19971.9854    20158.5067  2893020    0.93%
 338897 302025    20030.1203   274    19971.9854    20158.3714  2910287    0.93%
 340997 303878    20001.6015   162    19971.9854    20158.2190  2928895    0.93%
Elapsed time = 974.98 sec. (634212.22 ticks, tree = 467.87 MB, solutions = 1)
 343216 305835    20049.1461   198    19971.9854    20158.0686  2946880    0.93%
 345300 307636    20051.9775   213    19971.9854    20157.9235  2965244    0.93%
 347413 309457    20115.6322   236    19971.9854    20157.7933  2984371    0.93%
 349597 311422    20004.2129   155    19971.9854    20157.6622  3003078    0.93%
 351795 313380    20054.6970   125    19971.9854    20157.5284  3022124    0.93%
 353906 315222    19981.9847    92    19971.9854    20157.3356  3041776    0.93%
 355992 317036    19991.8399   277    19971.9854    20157.2046  3061846    0.93%
 358133 318907    20034.4661   220    19971.9854    20157.0589  3081143    0.93%
 360307 320835    20016.7629   302    19971.9854    20156.9302  3100711    0.93%
 362586 322870    20027.8815   309    19971.9854    20156.7869  3119647    0.93%
Elapsed time = 1034.17 sec. (672370.27 ticks, tree = 496.35 MB, solutions = 1)
 364874 324902    20056.6055   183    19971.9854    20156.6978  3138582    0.92%
 367027 326781    20076.6887   206    19971.9854    20156.5814  3157566    0.92%
 369139 328658    19978.1577   126    19971.9854    20156.4444  3176345    0.92%
 371408 330681    20051.8574   165    19971.9854    20156.3268  3194615    0.92%
 373510 332510    20000.8742   215    19971.9854    20156.2200  3212926    0.92%
 375599 334324    20106.0087   235    19971.9854    20156.1129  3232319    0.92%
 377687 336179    20002.1808   274    19971.9854    20155.9788  3250882    0.92%
 379936 338165    19984.5256   119    19971.9854    20155.8855  3268462    0.92%
 382130 340083        cutoff          19971.9854    20155.7951  3287842    0.92%
 384379 342044    19984.4253   252    19971.9854    20155.6676  3306816    0.92%
Elapsed time = 1092.60 sec. (710535.82 ticks, tree = 527.36 MB, solutions = 1)
 386602 344018    20140.0043   299    19971.9854    20155.5403  3325603    0.92%
 388827 345993        cutoff          19971.9854    20155.4102  3344274    0.92%
 391015 347915    20085.9837   224    19971.9854    20155.2944  3363503    0.92%
 393307 349936    20114.4593   257    19971.9854    20155.1974  3382709    0.92%
 395567 351958    19978.7944   121    19971.9854    20155.0841  3400825    0.92%
 397647 353763    20051.3430   185    19971.9854    20154.9625  3419338    0.92%
 399909 355778    20091.2870   222    19971.9854    20154.7956  3438723    0.92%
 402080 357674    20079.5537   255    19971.9854    20154.7033  3458619    0.91%
 404316 359644    19991.3920   211    19971.9854    20154.5853  3477463    0.91%
 406470 361531    20020.4861   182    19971.9854    20154.4523  3496163    0.91%
Elapsed time = 1151.22 sec. (748705.42 ticks, tree = 556.58 MB, solutions = 1)
 408607 363412    20025.3950   170    19971.9854    20154.3599  3514602    0.91%
 410630 365190    20020.2863   139    19971.9854    20154.2389  3533544    0.91%
 412762 367084    20138.8585   249    19971.9854    20154.0999  3551713    0.91%
 414915 368991    20057.9903   296    19971.9854    20153.9781  3570560    0.91%
 416994 370801    20097.1498   281    19971.9854    20153.8957  3588808    0.91%
 419102 372657    20057.7942   280    19971.9854    20153.7905  3607635    0.91%
 421318 374615    20082.3923   242    19971.9854    20153.6941  3626521    0.91%
 423455 376526    20139.7133   209    19971.9854    20153.5959  3645381    0.91%
 425592 378395    20095.8279   225    19971.9854    20153.4848  3664172    0.91%
 427823 380387    19975.5087   231    19971.9854    20153.4058  3683618    0.91%
Elapsed time = 1209.93 sec. (786867.84 ticks, tree = 584.84 MB, solutions = 1)
 430097 382395    20028.5202   252    19971.9854    20153.2998  3702245    0.91%
 432126 384176    20028.1057   162    19971.9854    20153.1961  3721491    0.91%
 434347 386147    19980.8839   108    19971.9854    20153.0910  3740807    0.91%
 436592 388156    20058.5731   287    19971.9854    20152.9766  3759868    0.91%
 438796 390089    20027.1402   175    19971.9854    20152.8934  3779316    0.91%
 440967 392015    20039.6124   169    19971.9854    20152.7818  3798924    0.91%
 443110 393877    20128.5024   230    19971.9854    20152.6800  3817708    0.90%
 445287 395787    20093.5928   252    19971.9854    20152.5807  3836108    0.90%
 447354 397608    20014.2447   223    19971.9854    20152.4819  3854756    0.90%
 449574 399558    20057.3384   273    19971.9854    20152.3907  3873370    0.90%
Elapsed time = 1268.80 sec. (825036.41 ticks, tree = 616.30 MB, solutions = 1)
 451687 401408    20037.8882   313    19971.9854    20152.2970  3892053    0.90%
 453757 403198    20106.1971   207    19971.9854    20152.1878  3910926    0.90%
 455919 405104    20069.4007   310    19971.9854    20152.0726  3929354    0.90%
 458020 406959    20031.7660   218    19971.9854    20151.9769  3948325    0.90%
 460201 408864    20060.4153   191    19971.9854    20151.8756  3967763    0.90%
 462404 410790    20098.0836   253    19971.9854    20151.7517  3986233    0.90%
 464529 412609    20058.3511   262    19971.9854    20151.6482  4006054    0.90%
 466742 414531    19998.0000   235    19971.9854    20151.5677  4025882    0.90%
 468903 416414    20033.0864   175    19971.9854    20151.4706  4045555    0.90%
 471057 418282    20035.7881   179    19971.9854    20151.3477  4065426    0.90%
Elapsed time = 1325.72 sec. (863210.66 ticks, tree = 644.37 MB, solutions = 1)
 473258 420225    20091.9100   283    19971.9854    20151.2620  4084792    0.90%
 475459 422123    20117.3780   298    19971.9854    20151.1766  4104155    0.90%
 477691 424085    19978.7938   140    19971.9854    20151.0474  4123269    0.90%
 479970 426095    20079.1128   251    19971.9854    20150.9478  4142111    0.90%
 482084 427972    19980.5641   210    19971.9854    20150.8366  4160599    0.90%
 484231 429854    19987.4466   311    19971.9854    20150.7235  4180088    0.89%
 486311 431681    19983.8689   144    19971.9854    20150.6229  4198518    0.89%
 488439 433534    20109.9417   219    19971.9854    20150.5157  4217774    0.89%
 490497 435346    19985.2492   105    19971.9854    20150.3985  4237064    0.89%
 492714 437272    20031.8254   195    19971.9854    20150.2512  4255354    0.89%
Elapsed time = 1382.42 sec. (901382.03 ticks, tree = 672.86 MB, solutions = 1)
 494808 439078    20073.7825   262    19971.9854    20150.1648  4273957    0.89%
 496954 440953    20065.6200   198    19971.9854    20150.0648  4292674    0.89%
 499112 442832    20018.7717   178    19971.9854    20149.9752  4312021    0.89%
 501227 444661    20104.6575   255    19971.9854    20149.8863  4331832    0.89%
 503493 446681    20055.9277   210    19971.9854    20149.8033  4350562    0.89%
 505707 448641    20124.1705   247    19971.9854    20149.7101  4369317    0.89%
 507969 450618        cutoff          19971.9854    20149.6247  4388323    0.89%
 510185 452535    20063.8018   201    19971.9854    20149.5430  4407079    0.89%
 512402 454473    19982.3443   233    19971.9854    20149.4293  4426717    0.89%
 514716 456524    20038.3707   234    19971.9854    20149.3615  4445212    0.89%
Elapsed time = 1440.70 sec. (939544.90 ticks, tree = 701.75 MB, solutions = 1)
 516897 458467    20059.8352   181    19971.9854    20149.2822  4465244    0.89%
 519173 460469    20112.8540   228    19971.9854    20149.1901  4485212    0.89%
 521339 462363    20095.6638   221    19971.9854    20149.0749  4505037    0.89%
 523582 464328    20040.8558   211    19971.9854    20149.0022  4523913    0.89%
 525782 466310    20068.2874   248    19971.9854    20148.9170  4543022    0.89%
 527815 468071    20016.2110   197    19971.9854    20148.8460  4562366    0.89%
 529924 469906    19996.0798   226    19971.9854    20148.7421  4581040    0.89%
 531960 471686    20088.3104   232    19971.9854    20148.6693  4600410    0.88%
 534097 473558    19995.5690   163    19971.9854    20148.5834  4619044    0.88%
 536223 475390        cutoff          19971.9854    20148.4649  4637615    0.88%
Elapsed time = 1497.73 sec. (977797.97 ticks, tree = 733.31 MB, solutions = 1)
 538434 477323    20055.7397   187    19971.9854    20148.3783  4656768    0.88%
 540561 479196    20031.6108   211    19971.9854    20148.3152  4675390    0.88%
 542663 481019    20132.2785   321    19971.9854    20148.2236  4694661    0.88%
 544877 482958    20006.7844   188    19971.9854    20148.1296  4714364    0.88%
 547065 484883    20048.2717   200    19971.9854    20148.0505  4733501    0.88%
 549252 486794    19986.6880   127    19971.9854    20147.9680  4752962    0.88%
 551446 488721    20055.1492   208    19971.9854    20147.9023  4772525    0.88%
 553662 490671    20045.1901   275    19971.9854    20147.7894  4792175    0.88%
 555947 492661    19972.5281   130    19971.9854    20147.6978  4811487    0.88%
 558152 494620    20011.8270   195    19971.9854    20147.6358  4829502    0.88%
Elapsed time = 1554.66 sec. (1015952.14 ticks, tree = 762.18 MB, solutions = 1)
 560289 496472    20005.9672   133    19971.9854    20147.5478  4849626    0.88%
 562569 498480    20085.0575   188    19971.9854    20147.4692  4868973    0.88%
 564709 500349    20057.3514   217    19971.9854    20147.3592  4888036    0.88%
 566897 502230    20102.1401   262    19971.9854    20147.2649  4907627    0.88%
 569051 504095    19999.3081   317    19971.9854    20147.1601  4926625    0.88%
 571174 505930    20079.6285   251    19971.9854    20147.0765  4945448    0.88%
 573371 507876    20057.8656   197    19971.9854    20146.9965  4963423    0.88%
 575575 509800    20050.0290   184    19971.9854    20146.9363  4982397    0.88%
 577697 511658    20014.4026   115    19971.9854    20146.8704  5000454    0.88%
 579958 513663    20012.6969   143    19971.9854    20146.7956  5019760    0.88%
Elapsed time = 1611.39 sec. (1054128.03 ticks, tree = 790.76 MB, solutions = 1)
 582049 515488    20059.5252   310    19971.9854    20146.7280  5038823    0.87%
 584304 517448    20017.3074   143    19971.9854    20146.6243  5057426    0.87%
 586484 519339    20110.6482   252    19971.9854    20146.5323  5076403    0.87%
 588491 521062    20094.1562   272    19971.9854    20146.4496  5094889    0.87%
 590770 523091    20018.4649   127    19971.9854    20146.3527  5113671    0.87%
 592950 524962    20036.8206   154    19971.9854    20146.2888  5133010    0.87%
 595173 526923    20027.0987   208    19971.9854    20146.2272  5152591    0.87%
 597297 528781    20005.1343   309    19971.9854    20146.1298  5171936    0.87%
 599416 530640    19992.9535   267    19971.9854    20146.0547  5191866    0.87%
 601604 532542    20047.0952   280    19971.9854    20145.9898  5210535    0.87%
Elapsed time = 1668.43 sec. (1092314.66 ticks, tree = 819.15 MB, solutions = 1)
 603788 534437    20058.1916   289    19971.9854    20145.9160  5229491    0.87%
 606035 536418    20040.5102   136    19971.9854    20145.8488  5248166    0.87%
 608166 538303    19985.1067   176    19971.9854    20145.7661  5266933    0.87%
 610329 540201    20017.9043   190    19971.9854    20145.7022  5285130    0.87%
 612395 541989    20046.2098   197    19971.9854    20145.6197  5304535    0.87%
 614517 543834    20030.5805   217    19971.9854    20145.5438  5323206    0.87%
 616637 545674    20045.9255   172    19971.9854    20145.4614  5342423    0.87%
 618673 547427    20016.2040   125    19971.9854    20145.3799  5361094    0.87%
 620737 549222    20025.0569   212    19971.9854    20145.3022  5380114    0.87%
 622798 550978    20112.2809   263    19971.9854    20145.1983  5400009    0.87%
Elapsed time = 1726.12 sec. (1130479.06 ticks, tree = 846.90 MB, solutions = 1)
 625032 552940    20021.0317   168    19971.9854    20145.1248  5419121    0.87%
 627195 554814    20034.7413   183    19971.9854    20145.0436  5438663    0.87%
 629314 556663    19974.9328   184    19971.9854    20144.9623  5458048    0.87%
 631497 558556    20056.7135   235    19971.9854    20144.8798  5477625    0.87%
 633614 560408    20064.5533   211    19971.9854    20144.8100  5497454    0.87%
 635887 562397    20052.4030   238    19971.9854    20144.7243  5516078    0.86%
 637784 564043    20044.3630   287    19971.9854    20144.6662  5533542    0.86%
 639867 565840    19976.9485   134    19971.9854    20144.5696  5553049    0.86%
 642087 567765    20138.2572   228    19971.9854    20144.4961  5572467    0.86%
 644292 569696    20076.3649   270    19971.9854    20144.4346  5591467    0.86%
Elapsed time = 1782.95 sec. (1168641.34 ticks, tree = 878.98 MB, solutions = 1)
 646497 571629    20057.6195   218    19971.9854    20144.3415  5611466    0.86%
 648673 573514    20031.9086   204    19971.9854    20144.2896  5630978    0.86%
 650792 575369    20118.0752   218    19971.9854    20144.2292  5650909    0.86%
 653047 577350    20035.0155   230    19971.9854    20144.1660  5669677    0.86%
 655096 579115    20037.3282   280    19971.9854    20144.0948  5688850    0.86%
 657302 581043    20000.2941   124    19971.9854    20144.0163  5707860    0.86%
 659390 582868    20065.1921   225    19971.9854    20143.9390  5727310    0.86%
 661595 584783    20039.3978   220    19971.9854    20143.8849  5745677    0.86%
 663720 586639    19982.0998   283    19971.9854    20143.8224  5764547    0.86%
 665712 588367    19996.5075   255    19971.9854    20143.7565  5783368    0.86%
Elapsed time = 1840.53 sec. (1206822.99 ticks, tree = 907.10 MB, solutions = 1)
 667843 590198    20072.4184   212    19971.9854    20143.6807  5802830    0.86%
 670004 592063    20039.0753   272    19971.9854    20143.5834  5822174    0.86%
 672104 593863    20112.9965   257    19971.9854    20143.5052  5841581    0.86%
 674316 595797    19978.7707   146    19971.9854    20143.4327  5860758    0.86%
 676551 597732    20063.5878   268    19971.9854    20143.3602  5880856    0.86%
 678663 599563    19980.4209   138    19971.9854    20143.3039  5900515    0.86%
 680690 601313    20049.0393   309    19971.9854    20143.2407  5920610    0.86%
 682931 603252    20079.4583   211    19971.9854    20143.1639  5939905    0.86%
 685135 605185    20087.4097   248    19971.9854    20143.1047  5958211    0.86%
 687325 607067    20098.8584   257    19971.9854    20143.0359  5977678    0.86%
Elapsed time = 1898.23 sec. (1244999.53 ticks, tree = 935.26 MB, solutions = 1)
 689454 608915    20032.4410   200    19971.9854    20142.9708  5997509    0.86%
 691693 610875    20108.6151   218    19971.9854    20142.9012  6017229    0.86%
 693847 612744    20049.8785   184    19971.9854    20142.8235  6035885    0.86%
 695929 614549    19989.1949    95    19971.9854    20142.7473  6055005    0.86%
 698188 616512    20019.1690   178    19971.9854    20142.6586  6073864    0.85%
 700310 618371    20052.0210   230    19971.9854    20142.6024  6093120    0.85%
 702450 620225    20015.3664   179    19971.9854    20142.5430  6112040    0.85%
 704600 622073    20120.8242   284    19971.9854    20142.4556  6131648    0.85%
 706629 623810    20045.1170   200    19971.9854    20142.3847  6152068    0.85%
 708725 625621    20014.4154   326    19971.9854    20142.3148  6170921    0.85%
Elapsed time = 1956.15 sec. (1283178.07 ticks, tree = 963.21 MB, solutions = 1)
 710858 627473    20120.8755   270    19971.9854    20142.2558  6189728    0.85%
 713004 629327    20021.8901   173    19971.9854    20142.1809  6209099    0.85%
 715211 631249    20005.8699   224    19971.9854    20142.1179  6228093    0.85%
 717294 633064    20033.7765   168    19971.9854    20142.0532  6247045    0.85%
 719444 634946    20012.9808   237    19971.9854    20141.9719  6266072    0.85%
 721670 636884    20096.8666   233    19971.9854    20141.9120  6285554    0.85%
 723911 638874    20028.1954   158    19971.9854    20141.8446  6304552    0.85%
 726075 640755    20121.0983   239    19971.9854    20141.7775  6324277    0.85%
 728237 642637    20095.7646   305    19971.9854    20141.7181  6343847    0.85%
 730405 644472    20095.5757   310    19971.9854    20141.6419  6363929    0.85%
Elapsed time = 2014.06 sec. (1321342.19 ticks, tree = 991.59 MB, solutions = 1)
 732521 646311    20036.7748   202    19971.9854    20141.5834  6383217    0.85%
 734672 648158    19972.0734   145    19971.9854    20141.5152  6402800    0.85%
 736885 650084    20058.5353   269    19971.9854    20141.4581  6422859    0.85%
 739097 652000    20020.8224   173    19971.9854    20141.4024  6442637    0.85%
 741237 653819    20038.8304   197    19971.9854    20141.3490  6461858    0.85%
 743433 655711    20027.2153   257    19971.9854    20141.2713  6480499    0.85%
 745531 657548        cutoff          19971.9854    20141.2070  6500606    0.85%
 747721 659459    20013.6790   168    19971.9854    20141.1520  6519692    0.85%
 749770 661231    20088.3692   228    19971.9854    20141.0807  6539157    0.85%
 751870 663039    20046.7310   210    19971.9854    20141.0128  6558471    0.85%
Elapsed time = 2071.14 sec. (1359496.01 ticks, tree = 1019.57 MB, solutions = 1)
 754081 664985    20054.5021   208    19971.9854    20140.9395  6578505    0.85%
 756174 666789    20017.8064   253    19971.9854    20140.8575  6597847    0.85%
 758370 668686    20006.0801   151    19971.9854    20140.7841  6616490    0.85%
 760389 670421    20098.2112   264    19971.9854    20140.7148  6635814    0.84%
 762532 672253    20102.0977   265    19971.9854    20140.6435  6655490    0.84%
 764690 674134    20032.2115   258    19971.9854    20140.5833  6674814    0.84%
 766882 676038    20034.4621   260    19971.9854    20140.5025  6694683    0.84%
 769055 677934    20015.9639   186    19971.9854    20140.4371  6714665    0.84%
 771287 679869    20092.6859   257    19971.9854    20140.3885  6733541    0.84%
 773437 681751        cutoff          19971.9854    20140.3322  6752592    0.84%
Elapsed time = 2127.63 sec. (1397653.00 ticks, tree = 1052.45 MB, solutions = 1)
 775654 683654    19982.3731   206    19971.9854    20140.2582  6771531    0.84%
 777845 685568    20073.6036   255    19971.9854    20140.1983  6791862    0.84%
 780077 687501    19995.4534   209    19971.9854    20140.1433  6812137    0.84%
 782261 689388    20094.9959   233    19971.9854    20140.0782  6831546    0.84%
 784449 691268    20081.3085   136    19971.9854    20140.0091  6851643    0.84%
 786673 693198    20065.7613   236    19971.9854    20139.9442  6871613    0.84%
 788855 695114    20027.4891   177    19971.9854    20139.8785  6890444    0.84%
 790934 696891    20097.1802   255    19971.9854    20139.8176  6909837    0.84%
 793126 698787    20050.5258   216    19971.9854    20139.7557  6928472    0.84%
 795411 700780    20032.4816   146    19971.9854    20139.6971  6947085    0.84%
Elapsed time = 2184.20 sec. (1435806.71 ticks, tree = 1081.12 MB, solutions = 1)
 797646 702721    20014.8861   110    19971.9854    20139.6296  6965768    0.84%
 799734 704493    20043.7700   247    19971.9854    20139.5715  6985128    0.84%
 801946 706384    20108.8407   214    19971.9854    20139.5060  7004444    0.84%
 804109 708232    20068.1897   205    19971.9854    20139.4427  7023904    0.84%
 806240 710065    19977.0113   259    19971.9854    20139.3440  7043608    0.84%
 808491 712045    20022.4684   306    19971.9854    20139.2937  7062565    0.84%
 810697 713953    20125.4618   237    19971.9854    20139.2312  7081494    0.84%
 812897 715869    20024.2250   204    19971.9854    20139.1800  7100993    0.84%
 815107 717778    20082.0667   197    19971.9854    20139.1196  7122452    0.84%
 817292 719660        cutoff          19971.9854    20139.0693  7142100    0.84%
Elapsed time = 2240.79 sec. (1473968.36 ticks, tree = 1109.58 MB, solutions = 1)
 819546 721591    20119.5014   251    19971.9854    20139.0071  7161633    0.84%
 821777 723520    20088.9430   269    19971.9854    20138.9504  7181693    0.84%
 823907 725362    20045.2272   228    19971.9854    20138.9012  7201528    0.84%
 826108 727267    20058.0451   257    19971.9854    20138.8376  7221642    0.84%
 828323 729184    20045.3735   246    19971.9854    20138.7817  7241228    0.84%
 830471 730998    20021.5991   275    19971.9854    20138.7192  7260837    0.83%
 832675 732916    19991.9677   127    19971.9854    20138.6801  7280900    0.83%
 834820 734770    19977.9461   135    19971.9854    20138.6078  7300353    0.83%
 836938 736575    20096.2321   217    19971.9854    20138.5495  7320294    0.83%
 838990 738352    20052.8554   247    19971.9854    20138.4900  7340816    0.83%
Elapsed time = 2296.78 sec. (1512135.51 ticks, tree = 1137.74 MB, solutions = 1)
 841251 740313    20071.4453   201    19971.9854    20138.4389  7359727    0.83%
 843435 742215    20086.6524   229    19971.9854    20138.3755  7378914    0.83%
 845559 744054    19997.0641   311    19971.9854    20138.3344  7397599    0.83%
 847647 745835    20031.6311   185    19971.9854    20138.2638  7416695    0.83%
 849787 747671    20090.7566   247    19971.9854    20138.1988  7435883    0.83%
 851960 749583    20087.5430   215    19971.9854    20138.1466  7454585    0.83%
 854141 751474    20117.5953   238    19971.9854    20138.0869  7473142    0.83%
 856304 753345    20083.7928   206    19971.9854    20138.0333  7491487    0.83%
 858379 755127    20040.0795   149    19971.9854    20137.9780  7509708    0.83%
 860547 756994    20002.3659   133    19971.9854    20137.9161  7528854    0.83%
Elapsed time = 2353.00 sec. (1550296.01 ticks, tree = 1165.84 MB, solutions = 1)
 862812 758980    20096.0510   231    19971.9854    20137.8642  7547866    0.83%
 865009 760866    19990.9006   109    19971.9854    20137.8062  7566223    0.83%
 867272 762804    20108.5878   273    19971.9854    20137.7519  7584972    0.83%
 869503 764748    20099.6288   249    19971.9854    20137.6899  7604045    0.83%
 871662 766604    20100.6693   227    19971.9854    20137.6330  7623540    0.83%
 873922 768585    20074.9960   264    19971.9854    20137.5872  7641964    0.83%
 876114 770456    20096.7631   224    19971.9854    20137.5328  7661001    0.83%
 878346 772379        cutoff          19971.9854    20137.4842  7679882    0.83%
 880601 774346    20117.9007   242    19971.9854    20137.4312  7699316    0.83%
 882848 776305    20028.1566   211    19971.9854    20137.3597  7718542    0.83%
Elapsed time = 2409.70 sec. (1588447.33 ticks, tree = 1194.96 MB, solutions = 1)
 885045 778187    20067.9914   284    19971.9854    20137.3002  7738222    0.83%
 887307 780164    19992.9815   201    19971.9854    20137.2517  7756821    0.83%
 889486 782041    20027.0296   177    19971.9854    20137.1849  7775658    0.83%
 891713 784010    20005.5524   206    19971.9854    20137.1358  7794202    0.83%
 893854 785834    20006.4086   179    19971.9854    20137.0837  7813719    0.83%
 896038 787715    20071.6269   222    19971.9854    20137.0209  7832782    0.83%
 898145 789549    20058.3030   267    19971.9854    20136.9675  7851476    0.83%
 900305 791411    19997.8615   237    19971.9854    20136.9147  7870892    0.83%
 902431 793268    20063.6229   299    19971.9854    20136.8583  7890123    0.83%
 904588 795139        cutoff          19971.9854    20136.7969  7908505    0.83%
Elapsed time = 2466.68 sec. (1626600.18 ticks, tree = 1223.35 MB, solutions = 1)
 906724 796978    20004.1138   181    19971.9854    20136.7276  7927356    0.82%
 908828 798786    20094.5315   249    19971.9854    20136.6756  7947100    0.82%
 911015 800675    19985.1550   171    19971.9854    20136.6369  7965785    0.82%
 913238 802608    20087.2096   286    19971.9854    20136.5778  7985454    0.82%
 915477 804544    19978.6597   253    19971.9854    20136.5264  8004777    0.82%
 917726 806474    20086.8341   235    19971.9854    20136.4756  8023840    0.82%
 919922 808404    20081.7717   218    19971.9854    20136.4288  8044768    0.82%
 922114 810263    19991.2535   193    19971.9854    20136.3812  8065199    0.82%
 924331 812165    20038.7942   278    19971.9854    20136.3194  8084823    0.82%
 926547 814067    20037.2932   291    19971.9854    20136.2538  8103588    0.82%
Elapsed time = 2524.25 sec. (1664758.32 ticks, tree = 1257.49 MB, solutions = 1)
 928770 815973    20094.7016   253    19971.9854    20136.2075  8122298    0.82%
 930947 817831    20078.5039   182    19971.9854    20136.1460  8141367    0.82%
 933168 819754    20099.9573   244    19971.9854    20136.0910  8160876    0.82%
 935411 821689    20054.4338   283    19971.9854    20136.0391  8180285    0.82%
 937717 823698        cutoff          19971.9854    20135.9851  8199770    0.82%
 939932 825612    20018.4906   256    19971.9854    20135.9406  8219163    0.82%
 942021 827404    19986.5533   164    19971.9854    20135.8873  8237590    0.82%
 944194 829281    20065.7053   268    19971.9854    20135.8430  8257225    0.82%
 946377 831161    20041.8529   184    19971.9854    20135.7972  8277278    0.82%
 948578 833099    19996.8547   194    19971.9854    20135.7452  8296262    0.82%
Elapsed time = 2581.50 sec. (1702914.54 ticks, tree = 1286.12 MB, solutions = 1)
 950747 834991        cutoff          19971.9854    20135.6888  8315160    0.82%
 952916 836841    20041.6407   237    19971.9854    20135.6340  8333890    0.82%
 955145 838802    20051.3872   209    19971.9854    20135.5893  8353238    0.82%
 957379 840718    20021.3917   243    19971.9854    20135.5327  8373072    0.82%
 959497 842530    20006.6374   245    19971.9854    20135.4754  8392272    0.82%
 961711 844431    20096.8519   247    19971.9854    20135.4217  8411180    0.82%
 963809 846197    20072.0505   230    19971.9854    20135.3583  8430107    0.82%
 965972 848047    20025.4762   149    19971.9854    20135.3087  8448532    0.82%
 968061 849800    20029.9443   197    19971.9854    20135.2645  8467651    0.82%
 970149 851592    20098.3650   240    19971.9854    20135.2082  8486527    0.82%
Elapsed time = 2638.65 sec. (1741068.68 ticks, tree = 1314.01 MB, solutions = 1)
 972299 853442    20001.7647   209    19971.9854    20135.1521  8506161    0.82%
 974510 855346    20103.0761   248    19971.9854    20135.1038  8524905    0.82%
 976666 857191    20079.9351   227    19971.9854    20135.0505  8545057    0.82%
 978815 859011    20064.5191   191    19971.9854    20134.9894  8564481    0.82%
 980958 860874    20040.6492   185    19971.9854    20134.9406  8582425    0.82%
 983121 862723    20062.1671   257    19971.9854    20134.8904  8601522    0.82%
 985171 864472    20075.5043   262    19971.9854    20134.8359  8621339    0.82%
 987290 866264    20049.5586   183    19971.9854    20134.7749  8641299    0.82%
 989447 868125    20080.5560   284    19971.9854    20134.7163  8661472    0.81%
 991665 870023    20082.0637   263    19971.9854    20134.6558  8680906    0.81%
Elapsed time = 2695.84 sec. (1779228.77 ticks, tree = 1341.81 MB, solutions = 1)
 993895 871977    20013.1862   108    19971.9854    20134.6143  8699924    0.81%
 996044 873804        cutoff          19971.9854    20134.5701  8720124    0.81%
 998145 875621    20003.9449   196    19971.9854    20134.5254  8739121    0.81%
 1000259 877423    19988.9104   197    19971.9854    20134.4555  8758856    0.81%
 1002277 879121    20014.0095   218    19971.9854    20134.4080  8779189    0.81%
 1004405 880951    20120.6647   252    19971.9854    20134.3554  8797980    0.81%
 1006507 882748    20071.3339   196    19971.9854    20134.3026  8816453    0.81%
 1008674 884627    20044.1513   330    19971.9854    20134.2573  8835913    0.81%
 1010830 886468    20099.0153   238    19971.9854    20134.2167  8855766    0.81%
 1012885 888223    20088.0003   252    19971.9854    20134.1658  8875415    0.81%
Elapsed time = 2753.16 sec. (1817426.41 ticks, tree = 1369.24 MB, solutions = 1)
 1014991 890025    20065.3674   262    19971.9854    20134.1160  8895176    0.81%
 1017043 891801    20057.7725   223    19971.9854    20134.0640  8914918    0.81%
 1019217 893664    20032.3858   235    19971.9854    20134.0210  8934102    0.81%
 1021364 895474    19977.8721   156    19971.9854    20133.9771  8953405    0.81%
 1023450 897249    20064.0182   255    19971.9854    20133.9342  8972399    0.81%
 1025561 899046    19957.9126   323    19971.9854    20133.8908  8991329    0.81%
 1027688 900871    20020.6306   203    19971.9854    20133.8457  9010194    0.81%
 1029903 902773    20008.7823   181    19971.9854    20133.7767  9029503    0.81%
 1032075 904626    20110.7580   252    19971.9854    20133.7284  9048838    0.81%
 1034307 906549    20018.0276   113    19971.9854    20133.6750  9068850    0.81%
Elapsed time = 2810.60 sec. (1855590.57 ticks, tree = 1396.88 MB, solutions = 1)
 1036529 908438        cutoff          19971.9854    20133.6224  9088415    0.81%
 1038644 910261    20071.9598   242    19971.9854    20133.5727  9108690    0.81%
 1040797 912083    20033.3591   212    19971.9854    20133.5212  9128681    0.81%
 1043008 913993    20093.8583   240    19971.9854    20133.4801  9148481    0.81%
 1045284 915964    19996.9067    95    19971.9854    20133.4303  9167694    0.81%
 1047516 917862    20004.1194   264    19971.9854    20133.3826  9187569    0.81%
 1049708 919750    20026.6379   254    19971.9854    20133.3418  9207178    0.81%
 1051808 921541    20091.9692   208    19971.9854    20133.2963  9227765    0.81%
 1054040 923410    20032.7537   195    19971.9854    20133.2507  9247406    0.81%
 1056095 925175    19986.5993   224    19971.9854    20133.2171  9267007    0.81%
Elapsed time = 2868.05 sec. (1893759.00 ticks, tree = 1424.96 MB, solutions = 1)
 1058263 927036    19972.9824   155    19971.9854    20133.1553  9286933    0.81%
 1060458 928908    19984.5041   267    19971.9854    20133.1002  9306981    0.81%
 1062655 930786    19979.3183   113    19971.9854    20133.0529  9326008    0.81%
 1064808 932636    20032.7501   207    19971.9854    20133.0047  9345218    0.81%
 1066944 934477    20101.7175   276    19971.9854    20132.9528  9364439    0.81%
 1069097 936358    20099.7616   261    19971.9854    20132.9084  9383528    0.81%
 1071281 938251    20019.5501   263    19971.9854    20132.8525  9402616    0.81%
 1073375 940031    20048.6270   225    19971.9854    20132.8123  9422345    0.81%
 1075618 941947    20050.2414   224    19971.9854    20132.7622  9442012    0.81%
 1077772 943796    20015.0127   276    19971.9854    20132.7201  9460819    0.80%
Elapsed time = 2924.96 sec. (1931921.66 ticks, tree = 1453.05 MB, solutions = 1)
 1079914 945639        cutoff          19971.9854    20132.6702  9480112    0.80%
 1082006 947409    20065.1318   309    19971.9854    20132.6211  9499625    0.80%
 1084185 949275        cutoff          19971.9854    20132.5801  9518502    0.80%
 1086352 951124    20002.8489   221    19971.9854    20132.5301  9538162    0.80%
 1088497 952926    20052.1700   225    19971.9854    20132.4886  9558034    0.80%
 1090675 954802    19981.2713   204    19971.9854    20132.4419  9578526    0.80%
 1092847 956660    20086.3720   287    19971.9854    20132.3963  9598064    0.80%
 1095046 958566        cutoff          19971.9854    20132.3544  9617556    0.80%
 1097208 960378    20103.3939   231    19971.9854    20132.3150  9637969    0.80%
 1099454 962326    19983.6060   238    19971.9854    20132.2527  9658351    0.80%
Elapsed time = 2981.82 sec. (1970110.65 ticks, tree = 1480.88 MB, solutions = 1)
 1101577 964146    20089.5454   224    19971.9854    20132.2020  9678766    0.80%
 1103681 965924    20049.0904   250    19971.9854    20132.1496  9698847    0.80%
 1105938 967849    20010.9683   217    19971.9854    20132.0990  9718113    0.80%
 1108174 969751    19978.5680   144    19971.9854    20132.0636  9737592    0.80%
 1110313 971541    20087.8835   232    19971.9854    20132.0171  9757522    0.80%
 1112489 973406    20081.4796   229    19971.9854    20131.9699  9778284    0.80%
 1114609 975206    20066.0106   216    19971.9854    20131.9324  9799216    0.80%
 1116817 977105    20034.4499   214    19971.9854    20131.8875  9818828    0.80%
 1119019 978997    20054.1779   218    19971.9854    20131.8486  9838900    0.80%
 1121201 980819    19998.9072   121    19971.9854    20131.8100  9858666    0.80%
Elapsed time = 3039.13 sec. (2008276.84 ticks, tree = 1515.54 MB, solutions = 1)
 1123317 982602    20095.8021   263    19971.9854    20131.7622  9877574    0.80%
 1125507 984487    19984.6096   147    19971.9854    20131.7137  9897731    0.80%
 1127601 986243    20063.4196   234    19971.9854    20131.6738  9916642    0.80%
 1129528 987886    20099.7621   244    19971.9854    20131.6355  9935595    0.80%
 1131666 989728    20044.1020   231    19971.9854    20131.5985  9954941    0.80%
 1133786 991552    19996.5740   219    19971.9854    20131.5456  9974070    0.80%
 1135845 993319    20033.6712   238    19971.9854    20131.5019  9993278    0.80%
 1137979 995133    20000.7407   305    19971.9854    20131.4616 10012624    0.80%
 1140047 996893    20078.4957   260    19971.9854    20131.4176 10032126    0.80%
 1142213 998736    20077.6925   245    19971.9854    20131.3711 10052345    0.80%
Elapsed time = 3096.50 sec. (2046438.22 ticks, tree = 1542.57 MB, solutions = 1)
 1144266 1000454        cutoff          19971.9854    20131.3346 10072203    0.80%
 1146447 1002306    20100.6520   279    19971.9854    20131.2867 10091899    0.80%
 1148600 1004139    20006.1224   160    19971.9854    20131.2550 10111717    0.80%
 1150699 1005913    20015.3850   281    19971.9854    20131.2184 10131659    0.80%
 1152849 1007734    20011.8214   206    19971.9854    20131.1664 10151851    0.80%
 1154989 1009539    20045.4881   250    19971.9854    20131.1266 10171825    0.80%
 1157187 1011416    19974.1114   196    19971.9854    20131.0882 10190922    0.80%
 1159307 1013183    19990.0741   229    19971.9854    20131.0374 10211288    0.80%
 1161506 1015063    20053.8199   248    19971.9854    20130.9901 10231342    0.80%
 1163691 1016936    20106.9077   221    19971.9854    20130.9515 10251152    0.80%
Elapsed time = 3153.52 sec. (2084605.77 ticks, tree = 1570.02 MB, solutions = 1)
 1165895 1018837    20072.7201   245    19971.9854    20130.9130 10271274    0.80%
 1168045 1020636        cutoff          19971.9854    20130.8662 10291506    0.80%
 1170220 1022443        cutoff          19971.9854    20130.8174 10311547    0.80%
 1172352 1024232    19976.8489   275    19971.9854    20130.7682 10331266    0.80%
 1174556 1026130    20025.6370   190    19971.9854    20130.7334 10350894    0.79%
 1176787 1028040    20030.7760   216    19971.9854    20130.6928 10370313    0.79%
 1178942 1029863    20093.9217   203    19971.9854    20130.6539 10389365    0.79%
 1181098 1031713    20069.4562   268    19971.9854    20130.6164 10409467    0.79%
 1183154 1033467    20021.0751   240    19971.9854    20130.5808 10428954    0.79%
 1185320 1035263    20069.4648   257    19971.9854    20130.5423 10449413    0.79%
Elapsed time = 3210.47 sec. (2122770.62 ticks, tree = 1597.66 MB, solutions = 1)
 1187497 1037140    20012.2283   243    19971.9854    20130.4975 10468678    0.79%
 1189618 1038955    20033.8954   217    19971.9854    20130.4573 10487794    0.79%
 1191769 1040799    19993.2742   255    19971.9854    20130.4282 10506791    0.79%
 1193961 1042686    20064.9460   249    19971.9854    20130.3896 10526384    0.79%
 1196035 1044413    20068.4511   228    19971.9854    20130.3470 10546132    0.79%
 1196938 1045164    20111.8708   234    19971.9854    20130.3309 10554079    0.79%
 1197397 1045554    20029.4648   152    19971.9854    20130.3238 10557645    0.79%
 1197697 1045818    19998.5857   163    19971.9854    20130.3193 10559972    0.79%
 1197897 1045985    20035.7453   178    19971.9854    20130.3139 10561904    0.79%
 1198097 1046161    20088.6013   203    19971.9854    20130.3108 10563672    0.79%
Elapsed time = 3275.14 sec. (2163850.69 ticks, tree = 1614.10 MB, solutions = 1)
 1198297 1046323    20027.5679   212    19971.9854    20130.3061 10565316    0.79%
 1198397 1046412    20006.8381   233    19971.9854    20130.3051 10566158    0.79%
 1198597 1046579    20060.1289   244    19971.9854    20130.3009 10568276    0.79%
 1198797 1046750    20013.5455   170    19971.9854    20130.2981 10570395    0.79%
 1198997 1046917    20043.5612   244    19971.9854    20130.2933 10572323    0.79%
 1199203 1047095    20014.7963   196    19971.9854    20130.2823 10574462    0.79%
 1199297 1047172    20082.5708   275    19971.9854    20130.2815 10575222    0.79%
 1199397 1047260    20060.8126   236    19971.9854    20130.2804 10576174    0.79%
 1199597 1047422    20039.4479   214    19971.9854    20130.2766 10577844    0.79%
 1199797 1047593    20069.8519   230    19971.9854    20130.2752 10579588    0.79%
Elapsed time = 3374.20 sec. (2222315.97 ticks, tree = 1616.26 MB, solutions = 1)
 1199997 1047762    20049.1377   225    19971.9854    20130.2715 10581768    0.79%
 1200097 1047841    20080.5062   243    19971.9854    20130.2700 10582642    0.79%
 1200197 1047923    19975.8923   161    19971.9854    20130.2676 10583727    0.79%
 1200297 1048008    20014.3151   205    19971.9854    20130.2656 10584555    0.79%
 1200497 1048181    20083.0074   281    19971.9854    20130.2632 10586486    0.79%
 1201297 1048878    20078.4764   230    19971.9854    20130.2448 10593786    0.79%
 1201597 1049130    20085.1240   227    19971.9854    20130.2386 10596474    0.79%
 1201897 1049395    20031.5360   286    19971.9854    20130.2301 10599117    0.79%
 1202297 1049737    19996.3751   313    19971.9854    20130.2257 10602652    0.79%
 1202697 1050078    20108.8619   210    19971.9854    20130.2195 10607039    0.79%
Elapsed time = 3458.63 sec. (2273063.80 ticks, tree = 1620.00 MB, solutions = 1)
 1203297 1050583    20060.7012   270    19971.9854    20130.2045 10613106    0.79%
 1204008 1051190    20115.1468   231    19971.9854    20130.1947 10619306    0.79%
 1205097 1052115    20085.6559   226    19971.9854    20130.1713 10629503    0.79%
 1205397 1052374    19983.9771   259    19971.9854    20130.1692 10632371    0.79%
 1206297 1053116    19973.8642   166    19971.9854    20130.1579 10639944    0.79%
 1207197 1053862    20049.7194   256    19971.9854    20130.1355 10648254    0.79%
 1207874 1054463    20006.6233   128    19971.9854    20130.1280 10653496    0.79%
 1208441 1054941    19993.8385   180    19971.9854    20130.1164 10658685    0.79%
 1208997 1055409    20039.0229   268    19971.9854    20130.0998 10664211    0.79%
 1209397 1055749    20030.8384   243    19971.9854    20130.0928 10668301    0.79%
Elapsed time = 3527.19 sec. (2316040.90 ticks, tree = 1628.56 MB, solutions = 1)
 1209997 1056252    20062.2705   182    19971.9854    20130.0825 10673618    0.79%
 1210397 1056596    20075.6439   222    19971.9854    20130.0752 10677094    0.79%
 1211097 1057196    20031.6665   184    19971.9854    20130.0604 10683513    0.79%
 1212593 1058481    20064.3174   285    19971.9854    20130.0233 10698075    0.79%
 1214801 1060387    20045.3526   188    19971.9854    20129.9828 10717293    0.79%
 1216970 1062229    20055.4131   262    19971.9854    20129.9401 10736621    0.79%
 1219192 1064106    20012.1042   282    19971.9854    20129.9048 10757285    0.79%
 1219597 1064449    20005.7873   202    19971.9854    20129.8983 10761001    0.79%
 1221497 1066063    20037.2399   242    19971.9854    20129.8692 10777956    0.79%
 1223733 1067976    20032.0261   200    19971.9854    20129.8286 10798056    0.79%
Elapsed time = 3589.61 sec. (2356760.07 ticks, tree = 1647.01 MB, solutions = 1)
 1226037 1069959    20063.4416   242    19971.9854    20129.7921 10818155    0.79%

Implied bound cuts applied:  176
Flow cuts applied:  52
Mixed integer rounding cuts applied:  110
Lift and project cuts applied:  111
Gomory fractional cuts applied:  130

Root node processing (before b&c):
  Real time             =    1.12 sec. (593.56 ticks)
Sequential b&c:
  Real time             = 3598.88 sec. (2364203.37 ticks)
                          ------------
Total (root+branch&cut) = 3600.00 sec. (2364796.93 ticks)
