1 of 1 MIP starts provided solutions.
MIP start 'm1' defined initial solution with objective 12000.8930.
Tried aggregator 1 time.
MIP Presolve eliminated 3 rows and 1 columns.
Reduced MIP has 2689 rows, 1495 columns, and 19326 nonzeros.
Reduced MIP has 1196 binaries, 0 generals, 0 SOSs, and 0 indicators.
Presolve time = 0.01 sec. (6.68 ticks)
Probing time = 0.00 sec. (2.62 ticks)
Tried aggregator 1 time.
Reduced MIP has 2689 rows, 1495 columns, and 19326 nonzeros.
Reduced MIP has 1196 binaries, 0 generals, 0 SOSs, and 0 indicators.
Presolve time = 0.01 sec. (6.37 ticks)
Probing time = 0.00 sec. (2.65 ticks)
Clique table members: 649.
MIP emphasis: balance optimality and feasibility.
MIP search method: dynamic search.
Parallel mode: none, using 1 thread.
Root relaxation solution time = 0.02 sec. (13.81 ticks)

        Nodes                                         Cuts/
   Node  Left     Objective  IInf  Best Integer    Best Bound    ItCnt     Gap

*     0+    0                        12000.8930    13783.8179      836   14.86%
      0     0    13243.5409   194    12000.8930    13243.5409      836   10.35%
      0     0    12690.6328   163    12000.8930     Cuts: 412     1036    5.75%
      0     0    12456.3778   189    12000.8930     Cuts: 294     1207    3.80%
      0     0    12426.7592   201    12000.8930      Cuts: 61     1280    3.55%
      0     0    12412.1088   197    12000.8930      Cuts: 36     1335    3.43%
      0     0    12403.1757   199    12000.8930      Cuts: 25     1373    3.35%
      0     0    12400.2971   204    12000.8930       Cuts: 9     1390    3.33%
      0     0    12398.7095   205    12000.8930       Cuts: 3     1395    3.31%
      0     0    12398.6808   205    12000.8930   Flowcuts: 1     1396    3.31%
      0     2    12398.6808   204    12000.8930    12398.6522     1396    3.31%
Elapsed time = 0.63 sec. (345.31 ticks, tree = 0.00 MB, solutions = 1)
    120   107    12384.7094   194    12000.8930    12388.2934     2591    3.23%
    250   224    12219.1504   151    12000.8930    12388.1980     3810    3.23%
    394   362    12121.7220   112    12000.8930    12387.0308     4508    3.22%
    468   431    12196.2568   185    12000.8930    12194.6982     6997    1.61%
    470   432    12168.8957   162    12000.8930    12193.0352     7095    1.60%
    476   434    12165.1740   163    12000.8930    12192.5088     7275    1.60%
    481   437    12129.1396   149    12000.8930    12192.5088     7433    1.60%
    487   434    12082.7080   145    12000.8930    12192.5088     7577    1.60%
    512   421    12017.9580   123    12000.8930    12192.5088     7782    1.60%
    693   446    12013.2282   178    12000.8930    12183.6329     9751    1.52%
Elapsed time = 8.91 sec. (5580.96 ticks, tree = 0.96 MB, solutions = 1)
   1033   581    12083.9587    95    12000.8930    12174.7819    13351    1.45%
   1498   849    12007.2045    58    12000.8930    12170.6172    18433    1.41%
   1988  1276    12010.0284   133    12000.8930    12165.1222    23855    1.37%
   2458  1650    12067.2264   141    12000.8930    12161.3995    30401    1.34%
   3047  2155    12037.9687   149    12000.8930    12157.8597    36709    1.31%
   3656  2666    12125.1863   122    12000.8930    12153.9474    43419    1.28%
   4394  3292    12121.5372   128    12000.8930    12152.2552    50412    1.26%
   5163  3974    12100.1274    96    12000.8930    12150.5371    57518    1.25%
   5847  4577    12141.1475   116    12000.8930    12149.1251    63595    1.24%
   6538  5172    12007.8096   114    12000.8930    12147.5171    69960    1.22%
Elapsed time = 23.10 sec. (15160.80 ticks, tree = 6.30 MB, solutions = 1)
   7178  5701    12036.5280   115    12000.8930    12144.0191    77061    1.19%
   7993  6358    12058.9737   100    12000.8930    12141.5451    84126    1.17%
   8740  6953    12023.1555   141    12000.8930    12139.3841    91853    1.15%
   9556  7632    12030.4835    92    12000.8930    12138.1087    99408    1.14%
   9828  7863    12075.7891    82    12000.8930    12137.4300   102407    1.14%
  10126  8116    12105.5579   129    12000.8930    12137.0182   105604    1.13%
  10827  8699    12076.3715   157    12000.8930    12135.5105   112283    1.12%
  11529  9266    12049.7466    68    12000.8930    12134.9378   119339    1.12%
  12189  9795    12020.2990   139    12000.8930    12133.3985   127094    1.10%
  12946 10430    12049.9740   115    12000.8930    12132.3786   135228    1.10%
Elapsed time = 37.17 sec. (24870.59 ticks, tree = 11.78 MB, solutions = 1)
  13728 11071    12105.7321   154    12000.8930    12131.6213   143274    1.09%
  14534 11737    12026.9402   100    12000.8930    12130.3264   151101    1.08%
  15196 12230    12097.2135   125    12000.8930    12128.5870   158948    1.06%
  15819 12705    12074.9665    97    12000.8930    12127.7335   166280    1.06%
  16499 13243    12055.6646   132    12000.8930    12127.0245   173087    1.05%
  17268 13853    12081.0859   105    12000.8930    12126.1415   181075    1.04%
  18030 14440    12048.4347   137    12000.8930    12125.2731   189016    1.04%
  18788 15053    12065.9038   113    12000.8930    12124.3619   197455    1.03%
  19468 15589    12104.6611   115    12000.8930    12123.3997   205868    1.02%
  20229 16188        cutoff          12000.8930    12122.4389   214755    1.01%
Elapsed time = 50.63 sec. (34436.24 ticks, tree = 17.52 MB, solutions = 1)
  20840 16659    12079.7580   104    12000.8930    12121.6669   222417    1.01%
  21490 17157        cutoff          12000.8930    12121.1745   229521    1.00%
  22165 17684    12043.3684    82    12000.8930    12120.4395   237025    1.00%
  22909 18267    12089.8387   125    12000.8930    12119.7359   244784    0.99%
  23669 18875    12023.9909    65    12000.8930    12119.0404   253131    0.98%
  24409 19447    12096.5017   103    12000.8930    12118.2347   261732    0.98%
  25128 19998    12024.5264   129    12000.8930    12117.5217   270298    0.97%
  25849 20538    12071.8160   108    12000.8930    12116.4854   277652    0.96%
  26628 21164    12071.2524    90    12000.8930    12115.6680   284062    0.96%
  27371 21760    12024.7258   104    12000.8930    12115.1490   290358    0.95%
Elapsed time = 64.09 sec. (44006.21 ticks, tree = 23.61 MB, solutions = 1)
  28066 22293    12002.0939   146    12000.8930    12114.5873   296375    0.95%
  28804 22853        cutoff          12000.8930    12113.8252   302848    0.94%
  29504 23379    12009.9941    54    12000.8930    12113.1380   309407    0.94%
  30243 23942    12050.9179   118    12000.8930    12112.4387   315401    0.93%
  30924 24450    12001.4937    67    12000.8930    12111.9863   321441    0.93%
  31631 25000    12003.1120   142    12000.8930    12111.4915   327425    0.92%
  32311 25501    12100.1278   127    12000.8930    12110.9271   333958    0.92%
  33074 26097    12019.6813    73    12000.8930    12110.2353   340261    0.91%
  33827 26661    12075.9548   121    12000.8930    12109.8526   346676    0.91%
  34506 27163    12076.3701   103    12000.8930    12109.0782   352831    0.90%
Elapsed time = 77.33 sec. (53603.17 ticks, tree = 29.09 MB, solutions = 1)
  35261 27717    12031.8811   143    12000.8930    12108.5488   359364    0.90%
  36062 28331        cutoff          12000.8930    12108.0335   365912    0.89%
  36869 28968    12090.5414   109    12000.8930    12107.6341   372362    0.89%
  37643 29522    12072.6199    97    12000.8930    12106.8681   379029    0.88%
  38386 30085    12022.9117    96    12000.8930    12106.3170   385497    0.88%
  39168 30672    12000.9420   105    12000.8930    12105.7958   392017    0.87%
  39880 31166        cutoff          12000.8930    12105.3108   398770    0.87%
  40554 31645    12076.7328   124    12000.8930    12104.7311   405012    0.87%
  41274 32176    12043.2974   124    12000.8930    12104.2762   411347    0.86%
  42044 32755    12083.5556   143    12000.8930    12103.7763   418113    0.86%
Elapsed time = 90.55 sec. (63155.47 ticks, tree = 34.76 MB, solutions = 1)
  42868 33367    12027.5324    76    12000.8930    12103.3217   424166    0.85%
  43589 33862    12020.7791   102    12000.8930    12102.7870   431002    0.85%
  44405 34459        cutoff          12000.8930    12102.3126   438389    0.85%
  45227 35060        cutoff          12000.8930    12101.9504   445017    0.84%
  46065 35695    12039.3423   107    12000.8930    12101.4775   451649    0.84%
  46820 36198    12059.5188   158    12000.8930    12100.9575   458756    0.83%
  47648 36826    12030.6890   101    12000.8930    12100.5526   465434    0.83%
  48438 37381    12072.6965   168    12000.8930    12099.9656   472398    0.83%
  49241 37959    12032.7615   106    12000.8930    12099.5301   479588    0.82%
  50006 38520        cutoff          12000.8930    12099.1273   486163    0.82%
Elapsed time = 103.72 sec. (72708.51 ticks, tree = 41.51 MB, solutions = 1)
  50768 39087    12051.5905    77    12000.8930    12098.7428   491664    0.82%
  51601 39697    12078.0806   122    12000.8930    12098.2060   498373    0.81%
  52354 40238    12021.0971    79    12000.8930    12097.7688   504665    0.81%
  53112 40751    12015.1667   112    12000.8930    12097.3706   511113    0.80%
  53862 41303    12034.5083   122    12000.8930    12097.0984   517327    0.80%
  54636 41861    12020.8508   112    12000.8930    12096.6882   523927    0.80%
  55499 42477    12002.3085    66    12000.8930    12096.3034   530799    0.80%
  56303 43051    12036.7104    98    12000.8930    12096.0313   537287    0.79%
  57078 43575    12029.0459   107    12000.8930    12095.5781   544164    0.79%
  57913 44158        cutoff          12000.8930    12095.1828   550755    0.79%
Elapsed time = 116.82 sec. (82254.03 ticks, tree = 47.21 MB, solutions = 1)
  58783 44802    12064.6019   121    12000.8930    12094.8387   556731    0.78%
  59630 45440    12054.3497   124    12000.8930    12094.4448   563396    0.78%
  60493 46053    12019.5382    90    12000.8930    12094.0346   570165    0.78%
  61351 46677    12035.1725   123    12000.8930    12093.6028   576682    0.77%
  62121 47212    12058.2756   109    12000.8930    12093.2620   583320    0.77%
  62868 47707    12041.4262    96    12000.8930    12092.9396   589953    0.77%
  63698 48305    12044.6160   148    12000.8930    12092.5346   596562    0.76%
  64493 48869    12050.8470   142    12000.8930    12092.2854   603413    0.76%
  65251 49399    12039.7246    93    12000.8930    12091.9281   610071    0.76%
  68278 51578    12007.9910    28    12000.8930    12090.8498   633961    0.75%
Elapsed time = 133.85 sec. (94672.73 ticks, tree = 54.71 MB, solutions = 1)
  71308 53628    12061.9230   117    12000.8930    12089.7804   659321    0.74%
  74592 55898    12058.9057    90    12000.8930    12088.7023   687017    0.73%
  77870 58167    12066.2474   116    12000.8930    12087.6325   713936    0.72%
  81077 60322    12003.8091    97    12000.8930    12086.5733   741535    0.71%
  84224 62425    12026.2944    65    12000.8930    12085.5157   767722    0.71%
  87433 64579    12004.4006   108    12000.8930    12084.5919   794660    0.70%
  90881 67008    12059.5360   142    12000.8930    12083.7425   820385    0.69%
  94222 69272    12069.1904   119    12000.8930    12082.8247   847355    0.68%
  97551 71517    12007.2605    75    12000.8930    12081.9470   873109    0.68%
 100745 73647        cutoff          12000.8930    12081.1647   899180    0.67%
Elapsed time = 185.88 sec. (132831.79 ticks, tree = 78.90 MB, solutions = 1)
 104159 75968    12006.4406    88    12000.8930    12080.3510   925030    0.66%
 107514 78127    12057.5548    82    12000.8930    12079.5354   952336    0.66%
 110833 80278    12032.8106   117    12000.8930    12078.8236   978455    0.65%
 114080 82374        cutoff          12000.8930    12078.1087  1004733    0.64%
 117334 84473    12009.1027   132    12000.8930    12077.3501  1030689    0.64%
 120584 86587        cutoff          12000.8930    12076.7448  1055793    0.63%
 123969 88725    12054.2570   114    12000.8930    12076.0443  1083342    0.63%
 127412 91013    12049.7052   112    12000.8930    12075.4726  1109788    0.62%
 130807 93223    12005.9099   126    12000.8930    12074.7990  1135766    0.62%
 134145 95386    12016.7398   110    12000.8930    12074.2249  1161621    0.61%
Elapsed time = 237.22 sec. (170999.16 ticks, tree = 100.97 MB, solutions = 1)
 137438 97446    12024.4480   114    12000.8930    12073.6169  1187176    0.61%
 140765 99573    12034.9872   118    12000.8930    12073.0479  1212918    0.60%
 144149 101675    12026.2330   103    12000.8930    12072.3646  1239760    0.60%
 147535 103767    12001.9039    70    12000.8930    12071.8009  1266528    0.59%
 150829 105831    12041.2142   101    12000.8930    12071.2476  1292283    0.59%
 154194 107892    12052.8297   102    12000.8930    12070.7242  1318730    0.58%
 157425 109858    12032.6428    98    12000.8930    12070.1656  1344920    0.58%
 160773 111875    12024.0577    98    12000.8930    12069.5997  1370354    0.57%
 164102 113788    12053.3911   138    12000.8930    12068.9825  1397400    0.57%
 167440 115787    12031.4153   141    12000.8930    12068.4492  1424401    0.56%
Elapsed time = 288.82 sec. (209152.94 ticks, tree = 121.72 MB, solutions = 1)
 170868 117817    12011.0434   101    12000.8930    12067.9343  1450596    0.56%
 174230 119807    12007.4031    77    12000.8930    12067.3907  1476383    0.55%
 177488 121687    12061.1675   134    12000.8930    12066.8707  1503165    0.55%
 180807 123563        cutoff          12000.8930    12066.3178  1529101    0.55%
 184126 125482    12053.9072   126    12000.8930    12065.8584  1554079    0.54%
 187537 127549    12022.8569    97    12000.8930    12065.4391  1579248    0.54%
 190874 129526    12033.8192    90    12000.8930    12065.0482  1605177    0.53%
 194295 131479    12031.0746    98    12000.8930    12064.6205  1631721    0.53%
 197653 133351        cutoff          12000.8930    12064.1657  1659314    0.53%
 200919 135179    12007.4115    71    12000.8930    12063.7305  1685935    0.52%
Elapsed time = 341.23 sec. (247316.54 ticks, tree = 143.18 MB, solutions = 1)
 204210 137019    12016.0353    56    12000.8930    12063.2938  1712234    0.52%
 207477 138835    12039.2759    90    12000.8930    12062.9038  1737030    0.52%
 210780 140660    12040.0962    90    12000.8930    12062.4783  1762833    0.51%
 214115 142459    12047.0316   129    12000.8930    12062.0349  1789408    0.51%
 217468 144292    12032.6937    61    12000.8930    12061.6536  1816085    0.51%
 220902 146224    12027.8661    92    12000.8930    12061.2736  1842935    0.50%
 224240 148023    12040.5365    88    12000.8930    12060.9321  1869526    0.50%
 227554 149819    12045.7547    84    12000.8930    12060.5487  1895680    0.50%
 230742 151463        cutoff          12000.8930    12060.1810  1921864    0.49%
 233890 153160    12047.3988   105    12000.8930    12059.8107  1947233    0.49%
Elapsed time = 392.57 sec. (285490.12 ticks, tree = 161.56 MB, solutions = 1)
 237193 155028    12030.3433    66    12000.8930    12059.4709  1972040    0.49%
 240495 156753    12047.1132   128    12000.8930    12059.1202  1998036    0.49%
 243725 158375    12014.1463    75    12000.8930    12058.7593  2024512    0.48%
 247007 160063        cutoff          12000.8930    12058.4169  2050534    0.48%
 250268 161786    12032.5019   106    12000.8930    12058.0665  2076531    0.48%
 253447 163411    12011.9719   106    12000.8930    12057.7346  2101916    0.47%
 256595 164988    12025.7445   103    12000.8930    12057.4296  2127108    0.47%
 259841 166644    12012.4425   102    12000.8930    12057.1254  2153042    0.47%
 263123 168166    12026.5620   110    12000.8930    12056.7839  2180251    0.47%
 266434 169740    12041.0711   112    12000.8930    12056.4606  2207232    0.46%
Elapsed time = 444.34 sec. (323645.49 ticks, tree = 179.64 MB, solutions = 1)
 269847 171399    12007.0754   108    12000.8930    12056.1434  2233786    0.46%
 273268 173001    12027.5850    93    12000.8930    12055.8249  2260527    0.46%
 276681 174700        cutoff          12000.8930    12055.5412  2286230    0.46%
 279988 176234    12043.5693    87    12000.8930    12055.2436  2312117    0.45%
 283266 177717    12016.6843    88    12000.8930    12054.9657  2337379    0.45%
 286526 179242    12014.1477   125    12000.8930    12054.6911  2363018    0.45%
 289897 180714    12030.6394   107    12000.8930    12054.3982  2389744    0.45%
 293305 182192    12004.8477   132    12000.8930    12054.0999  2416723    0.44%
 296699 183661    12044.2640    72    12000.8930    12053.8396  2443135    0.44%
 300034 185011    12006.9340    97    12000.8930    12053.5404  2469581    0.44%
Elapsed time = 497.27 sec. (361819.02 ticks, tree = 195.28 MB, solutions = 1)
 303150 186417        cutoff          12000.8930    12053.3070  2492990    0.44%
 306526 187822    12046.6646   105    12000.8930    12053.0491  2518067    0.43%
 309878 189216    12019.7990    83    12000.8930    12052.7674  2542684    0.43%
 313185 190545    12044.9614   115    12000.8930    12052.4725  2568950    0.43%
 316569 191962        cutoff          12000.8930    12052.2085  2594655    0.43%
 319971 193342    12034.4215   130    12000.8930    12051.9438  2620259    0.43%
 323327 194627        cutoff          12000.8930    12051.6814  2646557    0.42%
 326823 196087    12026.1931    48    12000.8930    12051.4485  2672363    0.42%
 330190 197381    12028.8743    98    12000.8930    12051.1756  2699483    0.42%
 333492 198685    12039.3205    91    12000.8930    12050.9208  2725652    0.42%
Elapsed time = 548.87 sec. (399972.76 ticks, tree = 210.67 MB, solutions = 1)
 336868 200065    12040.3010    65    12000.8930    12050.7040  2750928    0.42%
 340220 201404    12015.4422   152    12000.8930    12050.4800  2775492    0.41%
 343528 202652        cutoff          12000.8930    12050.2266  2801731    0.41%
 347022 203992    12013.6965   125    12000.8930    12050.0078  2827093    0.41%
 350468 205240    12034.5168   118    12000.8930    12049.7621  2852138    0.41%
 353926 206540        cutoff          12000.8930    12049.5339  2877848    0.41%
 357492 207945    12037.7515    83    12000.8930    12049.3102  2903947    0.40%
 360868 209150        cutoff          12000.8930    12049.0906  2929139    0.40%
 364259 210283        cutoff          12000.8930    12048.8403  2955696    0.40%
 367627 211476    12031.0182    75    12000.8930    12048.6019  2981028    0.40%
Elapsed time = 600.57 sec. (438146.66 ticks, tree = 223.86 MB, solutions = 1)
 371005 212714    12006.8229   159    12000.8930    12048.4023  3005644    0.40%
 374414 213898    12002.4898    97    12000.8930    12048.2144  3029509    0.39%
 377833 215113    12018.1156    51    12000.8930    12047.9980  3054524    0.39%
 381268 216330    12002.0094    92    12000.8930    12047.7771  3079340    0.39%
 384773 217489        cutoff          12000.8930    12047.5592  3104486    0.39%
 388197 218682    12002.9241    63    12000.8930    12047.3773  3128655    0.39%
 391690 219953    12013.2173    88    12000.8930    12047.1649  3153111    0.39%
 395213 221129        cutoff          12000.8930    12046.9425  3178735    0.38%
 398560 222178    12014.0563   108    12000.8930    12046.7334  3203807    0.38%
 402038 223370    12029.8802    78    12000.8930    12046.5447  3228801    0.38%
Elapsed time = 652.18 sec. (476303.92 ticks, tree = 236.15 MB, solutions = 1)
 405388 224501    12027.0315   100    12000.8930    12046.3510  3253070    0.38%
 408852 225617        cutoff          12000.8930    12046.1503  3277478    0.38%
 412280 226621        cutoff          12000.8930    12045.9407  3302373    0.38%
 415765 227726    12016.5714    73    12000.8930    12045.7406  3327654    0.37%
 419258 228900    12012.5361   119    12000.8930    12045.5555  3352086    0.37%
 422683 230018        cutoff          12000.8930    12045.3674  3375847    0.37%
 425931 231002    12031.5120    66    12000.8930    12045.1698  3400317    0.37%
 429271 232049    12012.0359    60    12000.8930    12044.9758  3424071    0.37%
 432681 232998        cutoff          12000.8930    12044.7850  3448419    0.37%
 435882 233980    12038.2234    62    12000.8930    12044.6086  3471091    0.36%
Elapsed time = 703.63 sec. (514460.80 ticks, tree = 248.68 MB, solutions = 1)
 439212 234986        cutoff          12000.8930    12044.4485  3493987    0.36%
 442606 236062    12005.6434    83    12000.8930    12044.2817  3517611    0.36%
 446012 237022    12001.1926    87    12000.8930    12044.0916  3542034    0.36%
 449394 238011    12001.3612   111    12000.8930    12043.8993  3565806    0.36%
 452541 238915    12025.0880    91    12000.8930    12043.7398  3588418    0.36%
 455675 239873    12038.3253    73    12000.8930    12043.5931  3610253    0.36%
 458858 240736    12030.9608    92    12000.8930    12043.4274  3632703    0.35%
 462106 241663    12039.0592    79    12000.8930    12043.2765  3655402    0.35%
 465365 242602    12021.1827    78    12000.8930    12043.1101  3678608    0.35%
 468679 243466        cutoff          12000.8930    12042.9303  3702082    0.35%
Elapsed time = 755.38 sec. (552618.70 ticks, tree = 258.49 MB, solutions = 1)
 471896 244351    12032.3036    77    12000.8930    12042.7670  3725268    0.35%
 474941 245151        cutoff          12000.8930    12042.6030  3747421    0.35%
 478072 245870    12023.3483    74    12000.8930    12042.4210  3770658    0.35%
 481325 246750    12016.7574   108    12000.8930    12042.2479  3794717    0.34%
 484550 247581    12007.1231    58    12000.8930    12042.1043  3817145    0.34%
 487890 248536    12008.3688   101    12000.8930    12041.9496  3840610    0.34%
 491096 249395    12004.1371   103    12000.8930    12041.8065  3862692    0.34%
 494298 250228    12002.4844   132    12000.8930    12041.6354  3886239    0.34%
 497625 251186    12040.0020    91    12000.8930    12041.4911  3910137    0.34%
 500872 251891    12021.4552   149    12000.8930    12041.3214  3934761    0.34%
Elapsed time = 806.48 sec. (590772.57 ticks, tree = 267.23 MB, solutions = 1)
 504226 252728    12013.1479    82    12000.8930    12041.1698  3959068    0.34%
 507357 253426    12005.7309    71    12000.8930    12041.0072  3983196    0.33%
 510697 254288        cutoff          12000.8930    12040.8451  4007671    0.33%
 513871 255120        cutoff          12000.8930    12040.6864  4030669    0.33%
 516929 255858        cutoff          12000.8930    12040.5464  4052731    0.33%
 520148 256679    12006.8177   125    12000.8930    12040.4026  4075565    0.33%
 523336 257356    12031.6129    65    12000.8930    12040.2392  4098800    0.33%
 526522 258199    12010.1552   109    12000.8930    12040.0983  4120963    0.33%
 529837 258924    12006.0339    57    12000.8930    12039.9343  4145045    0.33%
 533158 259731    12020.6357    77    12000.8930    12039.7913  4169382    0.32%
Elapsed time = 857.80 sec. (628932.63 ticks, tree = 275.47 MB, solutions = 1)
 536473 260382    12005.9957    85    12000.8930    12039.6255  4194462    0.32%
 539838 261224    12022.4278   104    12000.8930    12039.4874  4218522    0.32%
 543168 262034    12030.4233    89    12000.8930    12039.3379  4242146    0.32%
 546516 262731        cutoff          12000.8930    12039.1984  4266947    0.32%
 549989 263543    12006.6079    64    12000.8930    12039.0391  4291077    0.32%
 553392 264333    12014.1666   113    12000.8930    12038.8924  4314579    0.32%
 556748 265137    12007.3807    50    12000.8930    12038.7535  4337408    0.32%
 560060 265881    12024.6915    92    12000.8930    12038.6188  4360705    0.31%
 563468 266625    12001.4284    77    12000.8930    12038.4700  4384892    0.31%
 566931 267438    12005.3805    73    12000.8930    12038.3244  4409355    0.31%
Elapsed time = 908.67 sec. (667102.85 ticks, tree = 283.58 MB, solutions = 1)
 570288 268057    12001.1143    34    12000.8930    12038.1703  4434475    0.31%
 573811 268795        cutoff          12000.8930    12038.0161  4459129    0.31%
 577253 269556    12004.5901   120    12000.8930    12037.8802  4483615    0.31%
 580649 270317    12003.9659    57    12000.8930    12037.7320  4507037    0.31%
 584151 271054    12028.2022   103    12000.8930    12037.5912  4530583    0.31%
 587505 271808        cutoff          12000.8930    12037.4602  4553536    0.30%
 590819 272525        cutoff          12000.8930    12037.3270  4576595    0.30%
 594097 273103    12020.3785    90    12000.8930    12037.1811  4599683    0.30%
 597320 273745    12003.6737    95    12000.8930    12037.0450  4622243    0.30%
 599793 274169    12027.5833    81    12000.8930    12036.9384  4639992    0.30%
Elapsed time = 958.18 sec. (705261.11 ticks, tree = 292.60 MB, solutions = 1)
 602984 274749    12031.6737    96    12000.8930    12036.7942  4662894    0.30%
 606105 275350    12003.1757    56    12000.8930    12036.6648  4685015    0.30%
 609357 275909        cutoff          12000.8930    12036.5262  4707957    0.30%
 612696 276485    12018.5931    94    12000.8930    12036.3829  4732087    0.30%
 616125 277088    12027.1743    80    12000.8930    12036.2323  4756423    0.29%
 619334 277621    12003.9560   133    12000.8930    12036.0995  4779397    0.29%
 622578 278221    12026.3846    80    12000.8930    12035.9585  4802130    0.29%
 625936 278832    12010.1583    71    12000.8930    12035.8261  4824853    0.29%
 629154 279291        cutoff          12000.8930    12035.6999  4847874    0.29%
 632365 279962    12007.1204    90    12000.8930    12035.5867  4869745    0.29%
Elapsed time = 1009.12 sec. (743418.12 ticks, tree = 298.78 MB, solutions = 1)
 635663 280601    12028.9372    76    12000.8930    12035.4623  4892046    0.29%
 638954 281134        cutoff          12000.8930    12035.3354  4914514    0.29%
 642153 281690    12017.9066   106    12000.8930    12035.2186  4936615    0.29%
 645350 282180        cutoff          12000.8930    12035.1035  4958063    0.29%
 648598 282684    12019.7858    32    12000.8930    12034.9830  4981148    0.28%
 651772 283187    12013.3501    84    12000.8930    12034.8594  5004125    0.28%
 655050 283715        cutoff          12000.8930    12034.7313  5026406    0.28%
 658375 284310        cutoff          12000.8930    12034.6074  5048799    0.28%
 661638 284796    12007.6653    52    12000.8930    12034.4824  5071774    0.28%
 664775 285333        cutoff          12000.8930    12034.3719  5093731    0.28%
Elapsed time = 1059.70 sec. (781579.66 ticks, tree = 304.54 MB, solutions = 1)
 668069 285898    12025.9026   123    12000.8930    12034.2442  5116597    0.28%
 671476 286427        cutoff          12000.8930    12034.1249  5139894    0.28%
 674821 287046    12004.8277    99    12000.8930    12034.0106  5163035    0.28%
 678224 287589        cutoff          12000.8930    12033.8822  5186003    0.27%
 681559 288177    12009.0971    88    12000.8930    12033.7587  5209035    0.27%
 684921 288765    12005.4866   116    12000.8930    12033.6508  5232252    0.27%
 688247 289311    12003.7106    98    12000.8930    12033.5245  5255369    0.27%
 691733 289967        cutoff          12000.8930    12033.4145  5277800    0.27%
 695122 290510    12016.5271    81    12000.8930    12033.3043  5300988    0.27%
 698475 291022    12014.2971    94    12000.8930    12033.1885  5323892    0.27%
Elapsed time = 1109.87 sec. (819738.46 ticks, tree = 310.64 MB, solutions = 1)
 701845 291507    12018.0367    99    12000.8930    12033.0659  5346227    0.27%
 705173 291946        cutoff          12000.8930    12032.9319  5369561    0.27%
 708530 292403        cutoff          12000.8930    12032.8042  5392976    0.27%
 711912 292909    12027.1438    65    12000.8930    12032.6816  5416400    0.26%
 715130 293363    12011.9391   129    12000.8930    12032.5718  5438338    0.26%
 718441 293751        cutoff          12000.8930    12032.4519  5461442    0.26%
 721573 294163    12012.2714    67    12000.8930    12032.3426  5483410    0.26%
 724653 294596    12003.7327   126    12000.8930    12032.2379  5504571    0.26%
 727706 294915    12008.8397   142    12000.8930    12032.1185  5526776    0.26%
 730714 295256        cutoff          12000.8930    12032.0149  5547953    0.26%
Elapsed time = 1160.18 sec. (857896.45 ticks, tree = 315.20 MB, solutions = 1)
 733894 295628    12008.5813   100    12000.8930    12031.8955  5571084    0.26%
 737108 296000    12006.7179    89    12000.8930    12031.7878  5593340    0.26%
 740328 296380    12002.9811   135    12000.8930    12031.6765  5615761    0.26%
 743566 296738    12016.4061    50    12000.8930    12031.5631  5638379    0.26%
 746802 297087    12017.3781    88    12000.8930    12031.4478  5661877    0.25%
 750054 297386        cutoff          12000.8930    12031.3324  5684778    0.25%
 753368 297784    12011.1944    78    12000.8930    12031.2215  5707495    0.25%
 756663 298166    12001.5591    75    12000.8930    12031.1156  5729158    0.25%
 760017 298636        cutoff          12000.8930    12031.0119  5752019    0.25%
 763188 298999    12015.9080    94    12000.8930    12030.9067  5774410    0.25%
Elapsed time = 1210.72 sec. (896050.96 ticks, tree = 319.27 MB, solutions = 1)
 766388 299270    12006.3027    59    12000.8930    12030.7838  5797394    0.25%
 769468 299484    12008.8473   110    12000.8930    12030.6708  5819990    0.25%
 772736 299870    12006.6460   101    12000.8930    12030.5657  5842615    0.25%
 775938 300214    12022.0963    85    12000.8930    12030.4710  5863702    0.25%
 779085 300496    12004.9242    62    12000.8930    12030.3542  5886054    0.25%
 782151 300863    12013.6140    87    12000.8930    12030.2587  5907118    0.24%
 785233 301111    12009.6593   114    12000.8930    12030.1460  5928740    0.24%
 788464 301412        cutoff          12000.8930    12030.0348  5950781    0.24%
 791748 301720        cutoff          12000.8930    12029.9155  5973536    0.24%
 795026 301998    12009.7211    28    12000.8930    12029.8074  5996601    0.24%
Elapsed time = 1261.07 sec. (934213.35 ticks, tree = 322.61 MB, solutions = 1)
 798298 302366    12024.2691    77    12000.8930    12029.6929  6018872    0.24%
 801444 302684        cutoff          12000.8930    12029.5995  6040269    0.24%
 804673 302953    12002.1064    79    12000.8930    12029.4886  6063019    0.24%
 807867 303236        cutoff          12000.8930    12029.3930  6084627    0.24%
 811135 303520    12013.5928    59    12000.8930    12029.2834  6106629    0.24%
 814273 303792    12017.1736   113    12000.8930    12029.1810  6128179    0.24%
 817331 304008    12019.6693   107    12000.8930    12029.0819  6148899    0.23%
 820487 304327    12011.1408    62    12000.8930    12028.9926  6170394    0.23%
 823578 304502    12001.3879    70    12000.8930    12028.8918  6192946    0.23%
 826778 304788    12002.5996   120    12000.8930    12028.7946  6213896    0.23%
Elapsed time = 1311.31 sec. (972373.43 ticks, tree = 325.70 MB, solutions = 1)
 829893 304905    12021.2407    78    12000.8930    12028.6851  6235921    0.23%
 833093 304989    12022.4838    56    12000.8930    12028.5761  6259057    0.23%
 836366 305317        cutoff          12000.8930    12028.4706  6280510    0.23%
 839644 305577        cutoff          12000.8930    12028.3701  6303192    0.23%
 842645 305655        cutoff          12000.8930    12028.2658  6324504    0.23%
 845741 305847        cutoff          12000.8930    12028.1708  6346068    0.23%
 848838 305940    12024.2090    81    12000.8930    12028.0631  6368226    0.23%
 852013 306089    12004.9641    99    12000.8930    12027.9600  6390219    0.23%
 855193 306181        cutoff          12000.8930    12027.8577  6412343    0.22%
 858446 306355        cutoff          12000.8930    12027.7542  6434533    0.22%
Elapsed time = 1361.52 sec. (1010528.15 ticks, tree = 327.56 MB, solutions = 1)
 861708 306559        cutoff          12000.8930    12027.6530  6457007    0.22%
 864792 306645    12004.2534   121    12000.8930    12027.5438  6479455    0.22%
 867971 306829        cutoff          12000.8930    12027.4458  6501170    0.22%
 871175 307021    12008.9047   130    12000.8930    12027.3481  6523689    0.22%
 874255 306967        cutoff          12000.8930    12027.2407  6545333    0.22%
 877416 307141        cutoff          12000.8930    12027.1460  6567575    0.22%
 880578 307225    12013.9603    83    12000.8930    12027.0471  6589125    0.22%
 883643 307317    12002.3922    76    12000.8930    12026.9469  6610385    0.22%
 886791 307386    12002.4199    51    12000.8930    12026.8444  6632967    0.22%
 889905 307449    12005.2812    62    12000.8930    12026.7444  6654845    0.22%
Elapsed time = 1411.66 sec. (1048682.71 ticks, tree = 328.95 MB, solutions = 1)
 892960 307642    12004.5910    90    12000.8930    12026.6496  6675832    0.21%
 896151 307710        cutoff          12000.8930    12026.5472  6698200    0.21%
 899241 307744    12002.5736    76    12000.8930    12026.4506  6719999    0.21%
 902363 307735        cutoff          12000.8930    12026.3484  6742675    0.21%
 905413 307778        cutoff          12000.8930    12026.2632  6764119    0.21%
 908386 307776    12023.9842    89    12000.8930    12026.1693  6784974    0.21%
 911442 307765    12009.9864   110    12000.8930    12026.0706  6806510    0.21%
 914608 307705    12005.6236    61    12000.8930    12025.9679  6828915    0.21%
 917742 307748        cutoff          12000.8930    12025.8618  6850800    0.21%
 920904 307765    12014.9743   125    12000.8930    12025.7631  6872162    0.21%
Elapsed time = 1461.90 sec. (1086834.97 ticks, tree = 329.52 MB, solutions = 1)
 924020 307692    12021.3076    83    12000.8930    12025.6565  6894062    0.21%
 927100 307674    12025.5315   102    12000.8930    12025.5633  6915920    0.21%
 930015 307694        cutoff          12000.8930    12025.4696  6936577    0.20%
 933098 307634    12010.0376   116    12000.8930    12025.3718  6958494    0.20%
 936229 307603        cutoff          12000.8930    12025.2679  6980596    0.20%
 939389 307549        cutoff          12000.8930    12025.1735  7002539    0.20%
 942486 307460    12017.6120    92    12000.8930    12025.0808  7024772    0.20%
 945601 307248    12019.3954    95    12000.8930    12024.9713  7047356    0.20%
 948799 307296    12004.8382    54    12000.8930    12024.8738  7068599    0.20%
 951954 307204    12003.9416   110    12000.8930    12024.7746  7090500    0.20%
Elapsed time = 1511.85 sec. (1124987.15 ticks, tree = 329.19 MB, solutions = 1)
 955130 307207    12004.1000   106    12000.8930    12024.6799  7112982    0.20%
 958287 307113        cutoff          12000.8930    12024.5748  7135568    0.20%
 961467 306923        cutoff          12000.8930    12024.4764  7158353    0.20%
 964666 306797    12014.7472    88    12000.8930    12024.3741  7180300    0.20%
 967786 306653    12004.9780    67    12000.8930    12024.2665  7202621    0.19%
 970914 306484        cutoff          12000.8930    12024.1693  7224130    0.19%
 974104 306380    12000.8980   118    12000.8930    12024.0730  7246437    0.19%
 977240 306332    12002.4567    94    12000.8930    12023.9805  7268283    0.19%
 980363 306260    12017.1407    72    12000.8930    12023.8849  7289947    0.19%
 983413 306128    12009.1548    67    12000.8930    12023.7843  7311346    0.19%
Elapsed time = 1561.95 sec. (1163142.91 ticks, tree = 328.30 MB, solutions = 1)
 986541 305971        cutoff          12000.8930    12023.6847  7333662    0.19%
 989688 305813        cutoff          12000.8930    12023.5920  7355598    0.19%
 992794 305686    12015.0318    69    12000.8930    12023.4990  7377240    0.19%
 996006 305647        cutoff          12000.8930    12023.4029  7398706    0.19%
 999138 305484    12011.6556    76    12000.8930    12023.3034  7420948    0.19%
 1002254 305403    12004.7969    91    12000.8930    12023.2101  7442483    0.19%
 1005415 305272    12009.5903    39    12000.8930    12023.1159  7464389    0.19%
 1008481 304994        cutoff          12000.8930    12023.0167  7486397    0.18%
 1011492 304704    12012.6068    71    12000.8930    12022.9218  7508310    0.18%
 1014603 304469        cutoff          12000.8930    12022.8234  7530006    0.18%
Elapsed time = 1612.12 sec. (1201297.03 ticks, tree = 326.85 MB, solutions = 1)
 1017683 304164        cutoff          12000.8930    12022.7185  7551912    0.18%
 1020730 303921    12003.0002   108    12000.8930    12022.6249  7573570    0.18%
 1023840 303623    12008.1165    55    12000.8930    12022.5286  7594890    0.18%
 1026945 303410        cutoff          12000.8930    12022.4338  7616257    0.18%
 1029960 303110    12011.6511   120    12000.8930    12022.3371  7636966    0.18%
 1033019 302831        cutoff          12000.8930    12022.2455  7658278    0.18%
 1036010 302481        cutoff          12000.8930    12022.1392  7680358    0.18%
 1038977 302167    12010.9154    81    12000.8930    12022.0386  7701995    0.18%
 1041946 301771        cutoff          12000.8930    12021.9405  7723965    0.18%
 1044963 301433    12009.9547    67    12000.8930    12021.8403  7745941    0.17%
Elapsed time = 1662.34 sec. (1239451.39 ticks, tree = 323.97 MB, solutions = 1)
 1047948 301095    12008.6565   106    12000.8930    12021.7422  7767897    0.17%
 1050980 300793        cutoff          12000.8930    12021.6465  7790516    0.17%
 1053989 300486        cutoff          12000.8930    12021.5547  7812324    0.17%
 1057014 300088    12021.4527    58    12000.8930    12021.4560  7834765    0.17%
 1060048 299714        cutoff          12000.8930    12021.3575  7856879    0.17%
 1063126 299353    12011.3195    85    12000.8930    12021.2636  7878458    0.17%
 1066125 298909        cutoff          12000.8930    12021.1682  7900171    0.17%
 1069156 298536        cutoff          12000.8930    12021.0761  7921849    0.17%
 1072147 298166    12008.8111    84    12000.8930    12020.9816  7943186    0.17%
 1075166 297762    12005.0352   112    12000.8930    12020.8906  7964129    0.17%
Elapsed time = 1714.72 sec. (1277608.03 ticks, tree = 320.44 MB, solutions = 1)
 1078195 297388        cutoff          12000.8930    12020.7948  7985309    0.17%
 1081144 296867    12004.5877    55    12000.8930    12020.6954  8006421    0.17%
 1084085 296427        cutoff          12000.8930    12020.6065  8027513    0.16%
 1087121 296011    12003.8403   106    12000.8930    12020.5105  8049073    0.16%
 1090029 295455        cutoff          12000.8930    12020.4100  8070072    0.16%
 1092998 294994        cutoff          12000.8930    12020.3169  8091417    0.16%
 1096013 294594        cutoff          12000.8930    12020.2243  8112297    0.16%
 1099021 294126    12009.4252    44    12000.8930    12020.1328  8133411    0.16%
 1102029 293676    12014.4743    75    12000.8930    12020.0372  8154215    0.16%
 1104982 293132    12011.4934    74    12000.8930    12019.9434  8175556    0.16%
Elapsed time = 1765.26 sec. (1315759.08 ticks, tree = 315.91 MB, solutions = 1)
 1107962 292607    12009.0945   108    12000.8930    12019.8420  8196548    0.16%
 1110881 292009    12005.1319   122    12000.8930    12019.7430  8217758    0.16%
 1113866 291464    12011.5736   101    12000.8930    12019.6448  8238996    0.16%
 1116898 290952        cutoff          12000.8930    12019.5495  8260353    0.16%
 1119896 290411    12014.1232    95    12000.8930    12019.4531  8281216    0.15%
 1122871 289866        cutoff          12000.8930    12019.3600  8302193    0.15%
 1125827 289278    12013.8553    64    12000.8930    12019.2617  8323305    0.15%
 1128746 288671        cutoff          12000.8930    12019.1626  8343824    0.15%
 1131776 288139    12011.2668   106    12000.8930    12019.0723  8365097    0.15%
 1134710 287554    12015.0956    64    12000.8930    12018.9809  8385959    0.15%
Elapsed time = 1815.65 sec. (1353920.15 ticks, tree = 310.38 MB, solutions = 1)
 1137705 287047        cutoff          12000.8930    12018.8923  8406701    0.15%
 1140555 286465        cutoff          12000.8930    12018.8052  8426790    0.15%
 1143426 285811    12003.0022    42    12000.8930    12018.7137  8447243    0.15%
 1146336 285209    12009.3724    36    12000.8930    12018.6164  8467610    0.15%
 1149225 284483    12004.7284    98    12000.8930    12018.5212  8488184    0.15%
 1152143 283799    12017.7929    60    12000.8930    12018.4223  8508973    0.15%
 1155080 283208    12006.9581    65    12000.8930    12018.3326  8529363    0.15%
 1157988 282460        cutoff          12000.8930    12018.2340  8549696    0.14%
 1160917 281849        cutoff          12000.8930    12018.1451  8570321    0.14%
 1163865 281178    12005.9782   108    12000.8930    12018.0541  8591086    0.14%
Elapsed time = 1866.07 sec. (1392076.97 ticks, tree = 304.02 MB, solutions = 1)
 1166753 280379        cutoff          12000.8930    12017.9563  8611920    0.14%
 1169693 279767    12004.0011    49    12000.8930    12017.8678  8632087    0.14%
 1172623 279063    12001.1270    14    12000.8930    12017.7770  8652315    0.14%
 1175564 278334        cutoff          12000.8930    12017.6828  8672651    0.14%
 1178467 277583        cutoff          12000.8930    12017.5859  8692480    0.14%
 1181396 276812        cutoff          12000.8930    12017.4919  8713039    0.14%
 1184230 276120        cutoff          12000.8930    12017.4040  8732693    0.14%
 1187189 275439        cutoff          12000.8930    12017.3134  8753031    0.14%
 1189966 274562        cutoff          12000.8930    12017.2169  8772722    0.14%
 1192837 273836        cutoff          12000.8930    12017.1278  8791947    0.14%
Elapsed time = 1916.39 sec. (1430231.30 ticks, tree = 296.61 MB, solutions = 1)
 1195701 273102        cutoff          12000.8930    12017.0359  8811593    0.13%
 1198528 272301        cutoff          12000.8930    12016.9425  8831186    0.13%
 1199663 271979    12010.1905    86    12000.8930    12016.9066  8838926    0.13%
 1202499 271193        cutoff          12000.8930    12016.8164  8858747    0.13%
 1205318 270376        cutoff          12000.8930    12016.7251  8878475    0.13%
 1208226 269589    12013.3860    59    12000.8930    12016.6360  8897711    0.13%
 1211098 268766    12009.2875   122    12000.8930    12016.5461  8917568    0.13%
 1213947 267926        cutoff          12000.8930    12016.4548  8936536    0.13%
 1216767 267037        cutoff          12000.8930    12016.3616  8955553    0.13%
 1219601 266199        cutoff          12000.8930    12016.2729  8974487    0.13%
Elapsed time = 1963.62 sec. (1468387.44 ticks, tree = 288.90 MB, solutions = 1)
 1222377 265252    12005.3559    75    12000.8930    12016.1735  8993560    0.13%
 1225239 264336    12001.7439   115    12000.8930    12016.0809  9012601    0.13%
 1228104 263454        cutoff          12000.8930    12015.9910  9031894    0.13%
 1230979 262636    12004.7427    77    12000.8930    12015.9041  9051089    0.13%
 1233747 261664        cutoff          12000.8930    12015.8105  9070461    0.12%
 1236554 260760        cutoff          12000.8930    12015.7221  9089534    0.12%
 1239359 259855        cutoff          12000.8930    12015.6295  9108665    0.12%
 1242245 258953        cutoff          12000.8930    12015.5408  9127660    0.12%
 1245060 257962    12009.6136    39    12000.8930    12015.4510  9146563    0.12%
 1247791 256939        cutoff          12000.8930    12015.3559  9165193    0.12%
Elapsed time = 2013.70 sec. (1506543.44 ticks, tree = 279.51 MB, solutions = 1)
 1250543 256004    12005.7548    31    12000.8930    12015.2708  9183806    0.12%
 1253333 255053    12001.0310    53    12000.8930    12015.1810  9202603    0.12%
 1256047 254039        cutoff          12000.8930    12015.0868  9221064    0.12%
 1258797 253004    12001.9789    54    12000.8930    12014.9948  9240061    0.12%
 1261553 251941        cutoff          12000.8930    12014.9026  9259020    0.12%
 1264310 250844        cutoff          12000.8930    12014.8044  9277976    0.12%
 1267118 249763        cutoff          12000.8930    12014.7113  9296673    0.12%
 1269871 248759    12007.2845    68    12000.8930    12014.6168  9314722    0.11%
 1272658 247769    12007.9927   100    12000.8930    12014.5350  9333018    0.11%
 1275439 246650        cutoff          12000.8930    12014.4472  9351567    0.11%
Elapsed time = 2063.94 sec. (1544697.04 ticks, tree = 269.01 MB, solutions = 1)
 1278204 245571    12001.5333     6    12000.8930    12014.3577  9369952    0.11%
 1280929 244419        cutoff          12000.8930    12014.2666  9388242    0.11%
 1283681 243302    12001.6005    74    12000.8930    12014.1758  9406654    0.11%
 1286455 242229    12003.4487    88    12000.8930    12014.0853  9424662    0.11%
 1289184 241081        cutoff          12000.8930    12013.9941  9443495    0.11%
 1291908 239881    12008.9395    24    12000.8930    12013.9061  9462080    0.11%
 1294669 238888        cutoff          12000.8930    12013.8201  9480124    0.11%
 1297386 237711        cutoff          12000.8930    12013.7236  9498115    0.11%
 1300113 236548    12008.7473    66    12000.8930    12013.6344  9515993    0.11%
 1302817 235348    12007.7874    69    12000.8930    12013.5444  9533395    0.11%
Elapsed time = 2114.32 sec. (1582855.28 ticks, tree = 257.45 MB, solutions = 1)
 1305467 234106        cutoff          12000.8930    12013.4501  9551286    0.10%
 1308179 232952        cutoff          12000.8930    12013.3628  9568949    0.10%
 1310845 231751        cutoff          12000.8930    12013.2731  9586481    0.10%
 1313544 230540    12001.3082    53    12000.8930    12013.1865  9603744    0.10%
 1316256 229284        cutoff          12000.8930    12013.0911  9621089    0.10%
 1318921 227999    12012.9234    74    12000.8930    12013.0049  9638687    0.10%
 1321602 226776        cutoff          12000.8930    12012.9159  9656146    0.10%
 1324286 225482        cutoff          12000.8930    12012.8252  9673804    0.10%
 1326976 224219        cutoff          12000.8930    12012.7341  9691599    0.10%
 1329635 222894    12004.7901    65    12000.8930    12012.6414  9709314    0.10%
Elapsed time = 2164.73 sec. (1621010.49 ticks, tree = 244.65 MB, solutions = 1)
 1332286 221601    12008.9276    48    12000.8930    12012.5538  9726932    0.10%
 1334962 220199        cutoff          12000.8930    12012.4582  9744551    0.10%
 1337710 218979        cutoff          12000.8930    12012.3709  9761831    0.10%
 1340359 217648        cutoff          12000.8930    12012.2821  9779215    0.09%
 1342982 216214    12005.8654    81    12000.8930    12012.1869  9796534    0.09%
 1345595 214834        cutoff          12000.8930    12012.0966  9813259    0.09%
 1348253 213430        cutoff          12000.8930    12012.0069  9830444    0.09%
 1350856 212042    12002.1268   103    12000.8930    12011.9184  9846846    0.09%
 1353511 210729        cutoff          12000.8930    12011.8319  9863770    0.09%
 1356100 209280        cutoff          12000.8930    12011.7445  9880272    0.09%
Elapsed time = 2214.93 sec. (1659166.05 ticks, tree = 230.62 MB, solutions = 1)
 1358713 207894        cutoff          12000.8930    12011.6557  9896815    0.09%
 1361335 206541        cutoff          12000.8930    12011.5683  9913383    0.09%
 1363919 205199    12004.4158    54    12000.8930    12011.4843  9929709    0.09%
 1366468 203788    12005.4256   116    12000.8930    12011.3973  9946209    0.09%
 1369001 202198        cutoff          12000.8930    12011.2972  9962635    0.09%
 1371580 200719        cutoff          12000.8930    12011.2051  9979157    0.09%
 1374111 199177        cutoff          12000.8930    12011.1127  9995488    0.09%
 1376680 197666        cutoff          12000.8930    12011.0200 10012144    0.08%
 1379252 196157        cutoff          12000.8930    12010.9295 10028585    0.08%
 1381812 194586        cutoff          12000.8930    12010.8326 10044569    0.08%
Elapsed time = 2265.49 sec. (1697320.59 ticks, tree = 215.43 MB, solutions = 1)
 1384364 192901        cutoff          12000.8930    12010.7329 10060889    0.08%
 1386978 191458        cutoff          12000.8930    12010.6429 10076789    0.08%
 1389544 189920    12003.5513    91    12000.8930    12010.5524 10092521    0.08%
 1392118 188357    12005.5754    78    12000.8930    12010.4588 10108218    0.08%
 1394631 186760        cutoff          12000.8930    12010.3668 10123356    0.08%
 1397149 185149        cutoff          12000.8930    12010.2699 10139128    0.08%
 1399686 183503        cutoff          12000.8930    12010.1743 10154616    0.08%
 1402221 181860        cutoff          12000.8930    12010.0787 10170230    0.08%
 1404740 180194        cutoff          12000.8930    12009.9833 10185491    0.08%
 1407303 178564        cutoff          12000.8930    12009.8871 10200665    0.07%
Elapsed time = 2318.41 sec. (1735477.75 ticks, tree = 198.82 MB, solutions = 1)
 1409862 176908        cutoff          12000.8930    12009.7936 10215531    0.07%
 1412378 175261        cutoff          12000.8930    12009.7032 10230374    0.07%
 1414890 173555        cutoff          12000.8930    12009.6051 10245009    0.07%
 1417424 171828    12002.7112   124    12000.8930    12009.5125 10260073    0.07%
 1419886 170121        cutoff          12000.8930    12009.4201 10274502    0.07%
 1422401 168358    12002.5681    44    12000.8930    12009.3210 10289318    0.07%
 1424921 166618        cutoff          12000.8930    12009.2209 10303773    0.07%
 1427439 164874        cutoff          12000.8930    12009.1271 10318408    0.07%
 1429939 163150        cutoff          12000.8930    12009.0325 10332835    0.07%
 1432405 161354    12008.9159    69    12000.8930    12008.9345 10346857    0.07%
Elapsed time = 2371.12 sec. (1773635.39 ticks, tree = 180.93 MB, solutions = 1)
 1434930 159627    12002.9086    65    12000.8930    12008.8393 10361119    0.07%
 1437403 157830        cutoff          12000.8930    12008.7447 10375248    0.07%
 1439823 156003    12001.0561    73    12000.8930    12008.6458 10389446    0.06%
 1442317 154178        cutoff          12000.8930    12008.5502 10403535    0.06%
 1444776 152422    12004.0572    71    12000.8930    12008.4573 10417118    0.06%
 1447272 150590        cutoff          12000.8930    12008.3588 10430338    0.06%
 1449777 148805        cutoff          12000.8930    12008.2657 10444003    0.06%
 1452266 146995    12001.4873   123    12000.8930    12008.1691 10457639    0.06%
 1454761 145139        cutoff          12000.8930    12008.0752 10471113    0.06%
 1457230 143223        cutoff          12000.8930    12007.9761 10484710    0.06%
Elapsed time = 2424.57 sec. (1811790.18 ticks, tree = 162.04 MB, solutions = 1)
 1459727 141369    12000.9729    97    12000.8930    12007.8824 10498007    0.06%
 1462233 139495        cutoff          12000.8930    12007.7847 10511207    0.06%
 1464695 137601        cutoff          12000.8930    12007.6879 10524035    0.06%
 1467150 135605        cutoff          12000.8930    12007.5904 10536765    0.06%
 1469594 133650    12003.7491    44    12000.8930    12007.4890 10549565    0.05%
 1472082 131719        cutoff          12000.8930    12007.3942 10562470    0.05%
 1474572 129816        cutoff          12000.8930    12007.2943 10574997    0.05%
 1477034 127870        cutoff          12000.8930    12007.1955 10587408    0.05%
 1479540 125971    12005.4236    54    12000.8930    12007.0933 10599787    0.05%
 1482029 124013    12003.2900    56    12000.8930    12006.9966 10612254    0.05%
Elapsed time = 2478.76 sec. (1849946.53 ticks, tree = 141.97 MB, solutions = 1)
 1484496 122103        cutoff          12000.8930    12006.8975 10624543    0.05%
 1486968 120216        cutoff          12000.8930    12006.8032 10636483    0.05%
 1489422 118287        cutoff          12000.8930    12006.7065 10648495    0.05%
 1491891 116331        cutoff          12000.8930    12006.6046 10660345    0.05%
 1494330 114399        cutoff          12000.8930    12006.5089 10671947    0.05%
 1496766 112379    12004.0972    55    12000.8930    12006.4086 10683585    0.05%
 1499234 110357    12001.9176    80    12000.8930    12006.3085 10695015    0.05%
 1501715 108411        cutoff          12000.8930    12006.2130 10706439    0.04%
 1504197 106441        cutoff          12000.8930    12006.1199 10717635    0.04%
 1506653 104456    12001.2863    41    12000.8930    12006.0206 10728890    0.04%
Elapsed time = 2531.72 sec. (1888101.48 ticks, tree = 121.48 MB, solutions = 1)
 1509104 102431        cutoff          12000.8930    12005.9215 10740055    0.04%
 1511540 100402        cutoff          12000.8930    12005.8253 10751269    0.04%
 1513999 98349        cutoff          12000.8930    12005.7283 10762423    0.04%
 1516437 96305        cutoff          12000.8930    12005.6283 10772984    0.04%
 1518856 94263        cutoff          12000.8930    12005.5255 10783599    0.04%
 1521269 92197        cutoff          12000.8930    12005.4283 10794230    0.04%
 1523729 90110    12001.6914    31    12000.8930    12005.3298 10804823    0.04%
 1526198 88086        cutoff          12000.8930    12005.2314 10815226    0.04%
 1528642 85967        cutoff          12000.8930    12005.1330 10825532    0.04%
 1531049 83813        cutoff          12000.8930    12005.0316 10835658    0.03%
Elapsed time = 2584.74 sec. (1926258.47 ticks, tree = 99.79 MB, solutions = 1)
 1533492 81707        cutoff          12000.8930    12004.9317 10845457    0.03%
 1535929 79611        cutoff          12000.8930    12004.8299 10855446    0.03%
 1538371 77518        cutoff          12000.8930    12004.7325 10865285    0.03%
 1540829 75402    12004.3141    75    12000.8930    12004.6346 10874926    0.03%
 1543263 73223        cutoff          12000.8930    12004.5332 10884594    0.03%
 1545655 71082        cutoff          12000.8930    12004.4378 10894142    0.03%
 1548065 68894    12003.1923    24    12000.8930    12004.3363 10903365    0.03%
 1550489 66741        cutoff          12000.8930    12004.2376 10912677    0.03%
 1552930 64621        cutoff          12000.8930    12004.1399 10921791    0.03%
 1555379 62465        cutoff          12000.8930    12004.0406 10930853    0.03%
Elapsed time = 2638.90 sec. (1964415.67 ticks, tree = 77.30 MB, solutions = 1)
 1557810 60307    12003.8121   103    12000.8930    12003.9405 10939435    0.03%
 1560234 58124        cutoff          12000.8930    12003.8372 10948134    0.02%
 1562637 55940        cutoff          12000.8930    12003.7370 10956733    0.02%
 1565031 53728    12003.6291    54    12000.8930    12003.6291 10965191    0.02%
 1567453 51552        cutoff          12000.8930    12003.5286 10973381    0.02%
 1569858 49357    12003.3650    80    12000.8930    12003.4238 10981590    0.02%
 1572259 47125        cutoff          12000.8930    12003.3195 10989612    0.02%
 1574607 44914        cutoff          12000.8930    12003.2134 10997349    0.02%
 1576998 42707        cutoff          12000.8930    12003.1090 11005297    0.02%
 1579402 40456        cutoff          12000.8930    12003.0026 11013020    0.02%
Elapsed time = 2695.12 sec. (2002573.91 ticks, tree = 54.08 MB, solutions = 1)
 1581782 38245    12001.1946    58    12000.8930    12002.8961 11020593    0.02%
 1584189 35999        cutoff          12000.8930    12002.7888 11028021    0.02%
 1586605 33745        cutoff          12000.8930    12002.6801 11035367    0.01%
 1588986 31496        cutoff          12000.8930    12002.5743 11042548    0.01%
 1591387 29271        cutoff          12000.8930    12002.4574 11049670    0.01%
 1593794 27013        cutoff          12000.8930    12002.3447 11056653    0.01%
 1596179 24734        cutoff          12000.8930    12002.2298 11063444    0.01%
 1598551 22491    12001.9027    73    12000.8930    12002.1148 11070135    0.01%

Implied bound cuts applied:  120
Flow cuts applied:  41
Mixed integer rounding cuts applied:  56
Lift and project cuts applied:  87
Gomory fractional cuts applied:  90

Root node processing (before b&c):
  Real time             =    0.63 sec. (345.23 ticks)
Sequential b&c:
  Real time             = 2740.90 sec. (2036686.02 ticks)
                          ------------
Total (root+branch&cut) = 2741.52 sec. (2037031.25 ticks)
