1 of 1 MIP starts provided solutions.
MIP start 'm1' defined initial solution with objective 12081.6060.
Tried aggregator 2 times.
MIP Presolve eliminated 13 rows and 11 columns.
MIP Presolve modified 5162 coefficients.
Aggregator did 2 substitutions.
Reduced MIP has 2441 rows, 1441 columns, and 14766 nonzeros.
Reduced MIP has 1142 binaries, 0 generals, 0 SOSs, and 0 indicators.
Presolve time = 0.02 sec. (9.90 ticks)
Probing time = 0.01 sec. (2.56 ticks)
Tried aggregator 1 time.
Reduced MIP has 2441 rows, 1441 columns, and 14766 nonzeros.
Reduced MIP has 1142 binaries, 0 generals, 0 SOSs, and 0 indicators.
Presolve time = 0.01 sec. (6.53 ticks)
Probing time = 0.01 sec. (2.56 ticks)
Clique table members: 154.
MIP emphasis: balance optimality and feasibility.
MIP search method: dynamic search.
Parallel mode: none, using 1 thread.
Root relaxation solution time = 0.01 sec. (5.41 ticks)

        Nodes                                         Cuts/
   Node  Left     Objective  IInf  Best Integer    Best Bound    ItCnt     Gap

*     0+    0                        12081.6060    54268.6685      381  349.18%
      0     0    13515.5776   197    12081.6060    13515.5776      381   11.87%
      0     0    12671.7707   158    12081.6060     Cuts: 582      648    4.88%
      0     0    12454.8117   181    12081.6060     Cuts: 412      883    3.09%
      0     0    12411.2956   194    12081.6060     Cuts: 141     1003    2.73%
      0     0    12399.9892   194    12081.6060      Cuts: 76     1057    2.64%
      0     0    12385.9397   195    12081.6060      Cuts: 84     1102    2.52%
      0     0    12379.1891   200    12081.6060      Cuts: 37     1130    2.46%
      0     0    12374.8001   201    12081.6060      Cuts: 34     1154    2.43%
      0     0    12373.3325   203    12081.6060      Cuts: 26     1168    2.41%
      0     0    12372.5397   215    12081.6060      Cuts: 16     1183    2.41%
      0     0    12372.5314   216    12081.6060   Impl Bds: 2     1185    2.41%
      0     2    12372.5314   216    12081.6060    12372.2786     1185    2.41%
Elapsed time = 0.70 sec. (371.83 ticks, tree = 0.00 MB, solutions = 1)
    109   100    12351.6513   195    12081.6060    12366.1415     2767    2.36%
    260   241    12248.9314   167    12081.6060    12357.0205     4500    2.28%
    413   383    12164.1083    91    12081.6060    12354.9022     6676    2.26%
    461   419    12291.6196   237    12081.6060    12291.5144     8610    1.74%
    463   421    12285.8268   221    12081.6060    12284.8750     8704    1.68%
    466   424    12199.5270   185    12081.6060    12284.1959     8939    1.68%
    470   424    12177.6242   163    12081.6060    12284.1959     9054    1.68%
    494   425    12089.4831   122    12081.6060    12284.1959     9360    1.68%
    504   409    12231.7956   178    12081.6060    12283.5312     9794    1.67%
    861   579    12186.3916   174    12081.6060    12273.7944    14734    1.59%
Elapsed time = 9.76 sec. (5922.90 ticks, tree = 0.69 MB, solutions = 1)
   1338   812    12204.4201   173    12081.6060    12265.8550    21012    1.53%
   1731  1124    12222.3285   180    12081.6060    12259.1223    26375    1.47%
   2167  1488    12203.4440   176    12081.6060    12254.8620    32623    1.43%
   2604  1854    12177.4683   161    12081.6060    12252.0887    38900    1.41%
   3101  2279    12128.0675   229    12081.6060    12248.6998    46870    1.38%
   3470  2558    12111.5954   170    12081.6060    12245.8512    55296    1.36%
   3978  2998    12130.2804   178    12081.6060    12243.8290    61762    1.34%
   4436  3373    12145.3160   168    12081.6060    12242.2176    68916    1.33%
   4880  3735    12134.2842   202    12081.6060    12240.7319    76377    1.32%
   5212  3981    12132.3554   127    12081.6060    12237.8999    83596    1.29%
Elapsed time = 25.79 sec. (15589.33 ticks, tree = 4.04 MB, solutions = 1)
   5777  4455    12158.0033   187    12081.6060    12235.4921    90306    1.27%
   6257  4834    12211.2678   202    12081.6060    12234.1404    98062    1.26%
   6735  5234    12166.4108   206    12081.6060    12232.3884   105960    1.25%
   7092  5514        cutoff          12081.6060    12230.2531   113680    1.23%
   7487  5842    12101.0863   169    12081.6060    12229.0060   120532    1.22%
   7982  6233    12122.5837   118    12081.6060    12226.8481   127809    1.20%
   8271  6441    12121.0055   155    12081.6060    12224.0804   135219    1.18%
   8699  6771    12140.6187   195    12081.6060    12221.7272   143079    1.16%
   9121  7080    12104.6304   166    12081.6060    12220.4175   151837    1.15%
   9586  7435    12138.0798   170    12081.6060    12218.5827   161227    1.13%
Elapsed time = 40.80 sec. (25257.50 ticks, tree = 7.53 MB, solutions = 1)
   9681  7509    12149.2330   127    12081.6060    12218.1843   162821    1.13%
   9682  7510    12158.7416   190    12081.6060    12218.1678   162994    1.13%
  10142  7856    12116.5369   189    12081.6060    12216.2351   171683    1.11%
  10482  8093    12143.2242   176    12081.6060    12214.2961   178906    1.10%
  11018  8522    12164.6093   156    12081.6060    12212.6173   186557    1.08%
  11484  8862    12087.0173   199    12081.6060    12210.9658   193819    1.07%
  11970  9227    12122.6124   144    12081.6060    12209.4395   202279    1.06%
  12364  9503        cutoff          12081.6060    12208.0586   211248    1.05%
  12763  9799    12082.2534   148    12081.6060    12206.9462   218984    1.04%
  13217 10130    12165.8880   152    12081.6060    12205.3938   226944    1.02%
Elapsed time = 58.54 sec. (36002.21 ticks, tree = 10.41 MB, solutions = 1)
  13711 10469    12099.9781   182    12081.6060    12203.8228   234678    1.01%
  14193 10810        cutoff          12081.6060    12202.6373   242901    1.00%
  14621 11105    12163.1487   186    12081.6060    12201.5727   250071    0.99%
  15115 11454        cutoff          12081.6060    12200.3111   257317    0.98%
  15579 11800    12083.9383   171    12081.6060    12199.6304   264377    0.98%
  15959 12023    12125.4049   165    12081.6060    12198.3500   272035    0.97%
  16367 12290    12151.2586   150    12081.6060    12197.2744   279676    0.96%
  16865 12652    12153.7415   174    12081.6060    12196.2463   286934    0.95%
  17356 12988    12135.7623   194    12081.6060    12195.2730   294731    0.94%
  17831 13331    12088.8223    89    12081.6060    12194.4255   302815    0.93%
Elapsed time = 73.27 sec. (45557.95 ticks, tree = 13.54 MB, solutions = 1)
  18354 13698        cutoff          12081.6060    12193.1414   311152    0.92%
  18905 14111    12127.0887   105    12081.6060    12192.5079   318925    0.92%
  19519 14553    12148.3013   183    12081.6060    12191.6615   326680    0.91%
  20099 14989    12123.6758   201    12081.6060    12190.8355   334640    0.90%
  20562 15320    12141.7218   194    12081.6060    12190.1552   341438    0.90%
  21148 15751    12097.1141    73    12081.6060    12189.4942   349459    0.89%
  21545 16032    12110.0500   179    12081.6060    12188.6996   356610    0.89%
  22048 16387    12165.2203   187    12081.6060    12188.1360   364236    0.88%
  22501 16693    12096.5123   196    12081.6060    12187.5118   371223    0.88%
  23046 17075    12130.4733   138    12081.6060    12186.9975   379230    0.87%
Elapsed time = 87.85 sec. (55125.07 ticks, tree = 17.67 MB, solutions = 1)
  23564 17404    12095.4736   170    12081.6060    12186.3763   387584    0.87%
  24148 17806    12092.0969   192    12081.6060    12185.6791   396123    0.86%
  24680 18168    12139.7295   162    12081.6060    12185.1194   404141    0.86%
  25261 18586    12110.1550    77    12081.6060    12184.3216   412593    0.85%
  25779 18915        cutoff          12081.6060    12183.6990   421173    0.85%
  26338 19280    12151.2480   154    12081.6060    12182.9524   429176    0.84%
  26836 19589    12131.3337   114    12081.6060    12182.0932   437240    0.83%
  27343 19925    12083.5832   155    12081.6060    12181.4931   444902    0.83%
  27846 20284    12088.4172    54    12081.6060    12181.0469   452377    0.82%
  28278 20571    12086.2719   147    12081.6060    12180.5372   459965    0.82%
Elapsed time = 102.55 sec. (64688.32 ticks, tree = 21.33 MB, solutions = 1)
  28784 20908    12089.4901   196    12081.6060    12179.7284   467873    0.81%
  29274 21213    12130.0360   171    12081.6060    12179.0191   475756    0.81%
  29816 21575    12113.5737   168    12081.6060    12178.4467   483726    0.80%
  30326 21901    12102.1985   140    12081.6060    12177.9290   491531    0.80%
  30862 22262    12100.0116   118    12081.6060    12177.3273   499951    0.79%
  31427 22628    12129.5712   170    12081.6060    12176.6040   508098    0.79%
  32005 23026    12114.2313   116    12081.6060    12176.1126   515786    0.78%
  32535 23384    12085.2362   200    12081.6060    12175.7621   523647    0.78%
  33028 23697    12107.8241   177    12081.6060    12175.0933   531499    0.77%
  33462 23968    12152.3326   185    12081.6060    12174.7485   539766    0.77%
Elapsed time = 117.24 sec. (74289.89 ticks, tree = 25.08 MB, solutions = 1)
  33939 24271    12122.4761   146    12081.6060    12174.3244   547468    0.77%
  34485 24644    12091.3842   128    12081.6060    12173.9063   555081    0.76%
  34981 24950    12088.9416   156    12081.6060    12173.4953   562324    0.76%
  35381 25172    12138.0391   145    12081.6060    12172.9916   569529    0.76%
  35826 25457    12156.5413   195    12081.6060    12172.5063   576936    0.75%
  36342 25780    12111.9374   152    12081.6060    12172.0098   584658    0.75%
  36749 26009    12152.9670   150    12081.6060    12171.6059   591496    0.74%
  37289 26356    12116.6063   102    12081.6060    12171.1835   598970    0.74%
  37837 26719    12107.8683   209    12081.6060    12170.6402   606552    0.74%
  38377 27070    12121.9245   148    12081.6060    12170.3246   614468    0.73%
Elapsed time = 132.16 sec. (83854.28 ticks, tree = 29.08 MB, solutions = 1)
  38938 27455        cutoff          12081.6060    12170.0721   622285    0.73%
  39417 27753    12106.9286   102    12081.6060    12169.6669   630025    0.73%
  40016 28149    12114.9211   151    12081.6060    12169.3241   637982    0.73%
  40576 28508        cutoff          12081.6060    12169.0637   646034    0.72%
  41124 28834    12086.9930   172    12081.6060    12168.4320   654553    0.72%
  41567 29088    12086.3230   153    12081.6060    12168.0862   662867    0.72%
  42061 29385    12087.7418   163    12081.6060    12167.6083   670360    0.71%
  42511 29659    12111.3363   136    12081.6060    12167.2392   677500    0.71%
  43074 30043        cutoff          12081.6060    12166.9535   685264    0.71%
  44803 31109    12116.0068   139    12081.6060    12165.8216   714868    0.70%
Elapsed time = 151.76 sec. (96288.77 ticks, tree = 33.16 MB, solutions = 1)
  46670 32227    12151.4160   195    12081.6060    12164.5830   747071    0.69%
  48669 33411    12144.2801   154    12081.6060    12163.2473   778645    0.68%
  50549 34519    12103.6707   190    12081.6060    12161.9861   811105    0.67%
  52382 35522    12111.1549   177    12081.6060    12160.6446   841375    0.65%
  54165 36528    12153.2386   178    12081.6060    12159.4044   872967    0.64%
  56119 37580    12106.5637   142    12081.6060    12158.0716   907284    0.63%
  57981 38547    12100.9773   154    12081.6060    12156.8219   940203    0.62%
  59742 39465    12145.8094   137    12081.6060    12155.7545   971510    0.61%
  61653 40473    12111.7845   196    12081.6060    12154.6443  1003505    0.60%
  63681 41498    12090.5430   157    12081.6060    12153.4412  1037967    0.59%
Elapsed time = 211.43 sec. (134473.28 ticks, tree = 44.57 MB, solutions = 1)
  65609 42391    12096.0127   165    12081.6060    12152.1631  1072260    0.58%
  67370 43173    12101.3161   155    12081.6060    12151.1184  1105037    0.58%
  69195 44039    12090.1752   141    12081.6060    12150.0399  1136290    0.57%
  70986 44892    12086.8140   186    12081.6060    12148.9867  1169068    0.56%
  73077 45917    12113.4197   167    12081.6060    12147.9330  1203767    0.55%
  75118 46885    12087.4238   124    12081.6060    12147.0231  1237381    0.54%
  76929 47686    12103.5847   166    12081.6060    12146.0798  1269968    0.53%
  78827 48548        cutoff          12081.6060    12145.1678  1302445    0.53%
  80784 49450    12104.7418   196    12081.6060    12144.3751  1336355    0.52%
  82776 50388    12085.9198   164    12081.6060    12143.5323  1369478    0.51%
Elapsed time = 271.97 sec. (172653.01 ticks, tree = 54.06 MB, solutions = 1)
  84855 51299    12133.4553   203    12081.6060    12142.6635  1403150    0.51%
  86820 52219        cutoff          12081.6060    12141.8455  1435758    0.50%
  88799 53115    12093.9491   152    12081.6060    12141.1139  1467799    0.49%
  90789 53917    12115.2708   188    12081.6060    12140.2944  1502226    0.49%
  92848 54798    12118.2935   139    12081.6060    12139.3818  1537215    0.48%
  94932 55657    12118.7238   115    12081.6060    12138.6434  1571816    0.47%
  97104 56627    12102.2696   142    12081.6060    12137.9351  1605587    0.47%
  98872 57276    12114.5053   169    12081.6060    12137.2556  1637043    0.46%
 100958 58073    12094.8739   135    12081.6060    12136.4246  1671758    0.45%
 103000 58903    12088.7990   164    12081.6060    12135.8099  1705354    0.45%
Elapsed time = 331.37 sec. (210823.42 ticks, tree = 62.77 MB, solutions = 1)
 105037 59651    12103.5145   157    12081.6060    12135.0353  1739836    0.44%
 107277 60569    12123.8492   133    12081.6060    12134.2835  1774244    0.44%
 109303 61290    12086.9278    99    12081.6060    12133.6140  1807605    0.43%
 111357 62006        cutoff          12081.6060    12132.9145  1842014    0.42%
 113289 62709    12092.9517   173    12081.6060    12132.3183  1873607    0.42%
 115325 63414    12123.9444   148    12081.6060    12131.6676  1905517    0.41%
 117437 64211    12099.3381   165    12081.6060    12131.0726  1937058    0.41%
 119327 64819    12112.1209   174    12081.6060    12130.5572  1968746    0.41%
 121368 65532    12093.1289   206    12081.6060    12129.8997  2002277    0.40%
 123631 66295    12085.2475   190    12081.6060    12129.1779  2035867    0.39%
Elapsed time = 390.68 sec. (248994.34 ticks, tree = 72.26 MB, solutions = 1)
 125602 66926    12097.2763   170    12081.6060    12128.6043  2068239    0.39%
 127631 67635    12111.6019   136    12081.6060    12128.0467  2100001    0.38%
 129655 68277    12083.1083   111    12081.6060    12127.4616  2132276    0.38%
 131739 68882    12089.6460   188    12081.6060    12126.8945  2164574    0.37%
 133987 69595    12087.8253   165    12081.6060    12126.2812  2198663    0.37%
 136105 70307    12085.6035    88    12081.6060    12125.7131  2230996    0.37%
 138382 70998        cutoff          12081.6060    12125.1166  2264327    0.36%
 140346 71593        cutoff          12081.6060    12124.5792  2296305    0.36%
 142274 72160    12095.7659   125    12081.6060    12124.1143  2326318    0.35%
 144256 72610        cutoff          12081.6060    12123.5691  2356611    0.35%
Elapsed time = 450.36 sec. (287160.67 ticks, tree = 78.76 MB, solutions = 1)
 146241 73056    12084.5314   149    12081.6060    12123.0711  2386945    0.34%
 148202 73557    12085.4835    49    12081.6060    12122.6327  2416982    0.34%
 150310 74120    12118.9932   149    12081.6060    12122.1947  2448516    0.34%
 152386 74653    12098.8166   130    12081.6060    12121.7756  2479298    0.33%
 154338 75114        cutoff          12081.6060    12121.3393  2510460    0.33%
 156379 75554    12090.4139   130    12081.6060    12120.8432  2541957    0.32%
 158310 75983    12107.7459   119    12081.6060    12120.3384  2573661    0.32%
 160350 76334        cutoff          12081.6060    12119.8451  2605736    0.32%
 162353 76665    12087.5094   169    12081.6060    12119.3725  2638240    0.31%
 164456 77022        cutoff          12081.6060    12118.8511  2671651    0.31%
Elapsed time = 510.92 sec. (325318.60 ticks, tree = 83.20 MB, solutions = 1)
 166627 77391    12093.5339   121    12081.6060    12118.3232  2706066    0.30%
 168691 77781    12098.4832   161    12081.6060    12117.8693  2738283    0.30%
 170842 78193        cutoff          12081.6060    12117.4225  2772162    0.30%
 172793 78563    12089.5026   183    12081.6060    12116.9874  2802354    0.29%
 174833 78959    12084.6415   153    12081.6060    12116.6027  2833363    0.29%
 176759 79191    12097.0885   120    12081.6060    12116.1962  2863880    0.29%
 178883 79537    12095.3901    99    12081.6060    12115.7786  2895317    0.28%
 180960 79724    12097.4966   174    12081.6060    12115.3502  2928360    0.28%
 183028 79934    12093.6356   188    12081.6060    12114.8914  2961141    0.28%
 184972 80151        cutoff          12081.6060    12114.4797  2991575    0.27%
Elapsed time = 570.44 sec. (363495.68 ticks, tree = 86.41 MB, solutions = 1)
 187108 80347    12107.1069   147    12081.6060    12114.0070  3025947    0.27%
 189366 80642        cutoff          12081.6060    12113.5797  3059274    0.26%
 191543 80818        cutoff          12081.6060    12113.1577  3091920    0.26%
 193474 80915    12085.5666   124    12081.6060    12112.7597  3122189    0.26%
 195608 81097    12088.3679   134    12081.6060    12112.3516  3153521    0.25%
 197722 81380    12084.9982    90    12081.6060    12111.9871  3185219    0.25%
 199878 81527    12102.4510   130    12081.6060    12111.5511  3218325    0.25%
 201974 81646    12089.1873   106    12081.6060    12111.1356  3250937    0.24%
 203972 81753    12085.2737   141    12081.6060    12110.7753  3282356    0.24%
 206057 81817    12093.0021   159    12081.6060    12110.3910  3313435    0.24%
Elapsed time = 628.81 sec. (401661.95 ticks, tree = 88.30 MB, solutions = 1)
 208101 81774    12094.4566   100    12081.6060    12109.9960  3344306    0.23%
 210116 81690        cutoff          12081.6060    12109.6029  3376518    0.23%
 212165 81665    12099.6787   141    12081.6060    12109.2271  3407645    0.23%
 214259 81681    12100.0027   145    12081.6060    12108.8479  3440590    0.23%
 216287 81674    12091.3297   184    12081.6060    12108.4988  3472066    0.22%
 218462 81501    12088.1911   131    12081.6060    12108.0833  3505873    0.22%
 220734 81393    12085.3813    70    12081.6060    12107.6918  3540016    0.22%
 222971 81277    12099.1612    77    12081.6060    12107.2638  3574113    0.21%
 225117 81123    12093.4183   116    12081.6060    12106.8714  3607846    0.21%
 227260 80936    12097.8472   142    12081.6060    12106.4942  3640586    0.21%
Elapsed time = 687.38 sec. (439821.86 ticks, tree = 87.61 MB, solutions = 1)
 229422 80785        cutoff          12081.6060    12106.1180  3672295    0.20%
 231645 80613    12098.9934   162    12081.6060    12105.7665  3704978    0.20%
 233848 80320    12091.2235   146    12081.6060    12105.3659  3739333    0.20%
 236120 80180        cutoff          12081.6060    12105.0010  3772817    0.19%
 238285 79866    12088.2931   136    12081.6060    12104.6069  3806085    0.19%
 240564 79618    12082.3925    49    12081.6060    12104.2583  3839465    0.19%
 242701 79188    12087.4206    48    12081.6060    12103.8625  3871756    0.18%
 244909 78869        cutoff          12081.6060    12103.5141  3904479    0.18%
 247082 78433        cutoff          12081.6060    12103.1523  3936404    0.18%
 249229 77980    12088.0879    96    12081.6060    12102.7840  3967731    0.18%
Elapsed time = 746.94 sec. (477981.18 ticks, tree = 84.59 MB, solutions = 1)
 251442 77409    12085.7299    72    12081.6060    12102.3972  4000303    0.17%
 253667 76907    12090.1319   164    12081.6060    12102.0387  4032047    0.17%
 255845 76280        cutoff          12081.6060    12101.6588  4063790    0.17%
 258120 75723        cutoff          12081.6060    12101.2852  4095771    0.16%
 260398 75119        cutoff          12081.6060    12100.9131  4128494    0.16%
 262538 74542    12098.4723   116    12081.6060    12100.5775  4160307    0.16%
 264677 74000    12098.6187   151    12081.6060    12100.2214  4190773    0.15%
 266873 73392    12084.1471    96    12081.6060    12099.8831  4222134    0.15%
 269039 72634    12081.9288   107    12081.6060    12099.5129  4252920    0.15%
 271263 71864    12086.0348   161    12081.6060    12099.1526  4283181    0.15%
Elapsed time = 806.04 sec. (516135.96 ticks, tree = 78.38 MB, solutions = 1)
 273495 71188    12089.5106   149    12081.6060    12098.8169  4314212    0.14%
 275678 70408    12092.7991   131    12081.6060    12098.4675  4345116    0.14%
 277939 69586    12085.5488   103    12081.6060    12098.0976  4376174    0.14%
 280208 68787    12091.0512   157    12081.6060    12097.7405  4406226    0.13%
 282478 67987    12083.3961   121    12081.6060    12097.3918  4436577    0.13%
 284714 67116        cutoff          12081.6060    12097.0491  4466328    0.13%
 286885 66138    12091.6616   163    12081.6060    12096.6898  4494745    0.12%
 289149 65205        cutoff          12081.6060    12096.3339  4523324    0.12%
 291333 64217    12082.0866   148    12081.6060    12095.9862  4550984    0.12%
 293579 63190    12083.7463   174    12081.6060    12095.6050  4579468    0.12%
Elapsed time = 864.59 sec. (554311.51 ticks, tree = 69.63 MB, solutions = 1)
 295565 62158        cutoff          12081.6060    12095.2748  4603779    0.11%
 297751 60990    12084.5218   118    12081.6060    12094.9231  4631448    0.11%
 300018 59852        cutoff          12081.6060    12094.5472  4659243    0.11%
 302307 58695        cutoff          12081.6060    12094.1960  4685735    0.10%
 304550 57424    12081.8928   122    12081.6060    12093.8458  4712697    0.10%
 306791 56143    12084.6463   128    12081.6060    12093.4849  4738833    0.10%
 309021 54810        cutoff          12081.6060    12093.1174  4763732    0.10%
 311221 53526        cutoff          12081.6060    12092.7531  4788519    0.09%
 313402 52158        cutoff          12081.6060    12092.4183  4813414    0.09%
 315622 50685    12087.9927    79    12081.6060    12092.0610  4836570    0.09%
Elapsed time = 922.39 sec. (592696.04 ticks, tree = 56.84 MB, solutions = 1)
 317851 49187        cutoff          12081.6060    12091.6812  4859724    0.08%
 320071 47645    12081.7713    32    12081.6060    12091.3124  4882830    0.08%
 322332 46140        cutoff          12081.6060    12090.9640  4904969    0.08%
 324596 44561        cutoff          12081.6060    12090.6063  4926807    0.07%
 326843 42936        cutoff          12081.6060    12090.2486  4948519    0.07%
 329114 41265        cutoff          12081.6060    12089.8774  4969899    0.07%
 331366 39499    12084.9529    10    12081.6060    12089.5069  4990237    0.07%
 333606 37744        cutoff          12081.6060    12089.1304  5009735    0.06%
 335866 35988        cutoff          12081.6060    12088.7511  5027855    0.06%
 338078 34199    12083.3353   124    12081.6060    12088.3866  5045773    0.06%
Elapsed time = 980.53 sec. (630851.25 ticks, tree = 39.77 MB, solutions = 1)
 340361 32335    12086.9987    86    12081.6060    12088.0013  5062534    0.05%
 342621 30484        cutoff          12081.6060    12087.6328  5079212    0.05%
 344847 28572        cutoff          12081.6060    12087.2654  5095331    0.05%
 347069 26668        cutoff          12081.6060    12086.8804  5110811    0.04%
 349301 24710    12082.3700   115    12081.6060    12086.5047  5126194    0.04%
 351545 22695    12081.7671    48    12081.6060    12086.1261  5140550    0.04%
 353783 20656        cutoff          12081.6060    12085.7306  5154341    0.03%
 356069 18563        cutoff          12081.6060    12085.3435  5167682    0.03%
 358372 16403        cutoff          12081.6060    12084.9314  5179774    0.03%
 360708 14158        cutoff          12081.6060    12084.5232  5191344    0.02%
Elapsed time = 1038.24 sec. (669008.26 ticks, tree = 18.75 MB, solutions = 1)
 363013 11958        cutoff          12081.6060    12084.0894  5201897    0.02%
 365342  9707        cutoff          12081.6060    12083.6534  5211930    0.02%
 367776  7340        cutoff          12081.6060    12083.1915  5220890    0.01%

Implied bound cuts applied:  393
Flow cuts applied:  26
Mixed integer rounding cuts applied:  56
Lift and project cuts applied:  101
Gomory fractional cuts applied:  83

Root node processing (before b&c):
  Real time             =    0.70 sec. (371.75 ticks)
Sequential b&c:
  Real time             = 1059.36 sec. (683650.18 ticks)
                          ------------
Total (root+branch&cut) = 1060.07 sec. (684021.93 ticks)
