1 of 1 MIP starts provided solutions.
MIP start 'm1' defined initial solution with objective 22663.5416.
Tried aggregator 13 times.
MIP Presolve eliminated 1938 rows and 1 columns.
Aggregator did 9467 substitutions.
Reduced MIP has 13593 rows, 11654 columns, and 60678 nonzeros.
Reduced MIP has 1938 binaries, 0 generals, 0 SOSs, and 0 indicators.
Presolve time = 0.43 sec. (193.54 ticks)
Probing time = 0.02 sec. (6.74 ticks)
Tried aggregator 1 time.
Reduced MIP has 13593 rows, 11654 columns, and 60678 nonzeros.
Reduced MIP has 1938 binaries, 0 generals, 0 SOSs, and 0 indicators.
Presolve time = 0.08 sec. (29.42 ticks)
Probing time = 0.02 sec. (6.48 ticks)
Clique table members: 3512.
MIP emphasis: balance optimality and feasibility.
MIP search method: dynamic search.
Parallel mode: none, using 1 thread.
Root relaxation solution time = 0.35 sec. (193.77 ticks)

        Nodes                                         Cuts/
   Node  Left     Objective  IInf  Best Integer    Best Bound    ItCnt     Gap

*     0+    0                        22663.5416   110569.1822     9106  387.87%
      0     0    23706.4124   265    22663.5416    23706.4124     9106    4.60%
      0     0    23243.1462   311    22663.5416     Cuts: 582    10894    2.56%
      0     0    23058.3330   298    22663.5416     Cuts: 335    11765    1.74%
      0     0    23005.4215   301    22663.5416     Cuts: 187    12402    1.51%
      0     0    22985.5924   318    22663.5416     Cuts: 154    12688    1.42%
      0     0    22967.1864   312    22663.5416     Cuts: 100    12934    1.34%
      0     0    22957.9228   306    22663.5416      Cuts: 80    13212    1.30%
      0     0    22950.7228   296    22663.5416      Cuts: 72    13460    1.27%
      0     0    22946.4427   306    22663.5416      Cuts: 32    13575    1.25%
      0     0    22943.5938   309    22663.5416      Cuts: 39    13687    1.24%
      0     0    22943.0203   305    22663.5416      Cuts: 22    13784    1.23%
      0     0    22942.4248   298    22663.5416      Cuts: 29    13842    1.23%
      0     2    22942.4248   298    22663.5416    22942.2859    13842    1.23%
Elapsed time = 6.43 sec. (3269.52 ticks, tree = 0.00 MB, solutions = 1)
     10    12    22922.2167   278    22663.5416    22939.9987    14954    1.22%
     20    22    22893.1916   258    22663.5416    22939.9987    15885    1.22%
     40    42    22821.0179   194    22663.5416    22939.9987    17318    1.22%
     60    62    22722.1186   148    22663.5416    22939.9987    18057    1.22%
     90    84    22907.2512   273    22663.5416    22939.9529    19469    1.22%
    104    98    22861.6143   217    22663.5416    22939.9529    21604    1.22%
    137   129    22747.5305   150    22663.5416    22939.9529    23152    1.22%
    173   156    22917.4034   278    22663.5416    22939.3696    24557    1.22%
    200   183    22796.5320   210    22663.5416    22939.3696    25764    1.22%
    316   289    22804.3801   266    22663.5416    22938.6686    31316    1.21%
Elapsed time = 12.82 sec. (6853.11 ticks, tree = 1.88 MB, solutions = 1)
    397   361    22740.3699   164    22663.5416    22938.2357    36657    1.21%
    482   433    22750.8620   222    22663.5416    22937.5508    40919    1.21%
    531   477    22851.2528   319    22663.5416    22851.2479    58451    0.83%
    533   478    22837.4478   333    22663.5416    22845.0012    59795    0.80%
    535   479    22819.7603   312    22663.5416    22845.0012    60464    0.80%
    537   481    22830.3740   307    22663.5416    22845.0012    61618    0.80%
    540   482    22720.1752   273    22663.5416    22845.0012    63480    0.80%
    544   440    22709.1837   270    22663.5416    22845.0012    64193    0.80%
    549   403    22694.9959   245    22663.5416    22845.0012    64741    0.80%
    567   314    22839.6024   302    22663.5416    22843.7545    65772    0.80%
Elapsed time = 61.88 sec. (31018.40 ticks, tree = 2.14 MB, solutions = 1)
    574   317    22700.7308   265    22663.5416    22843.7545    68590    0.80%
    586   322    22693.3112   238    22663.5416    22843.7545    70648    0.80%
    611   314    22797.3365   223    22663.5416    22838.9482    74113    0.77%
    661   336    22699.8578   138    22663.5416    22838.9482    77072    0.77%
    680   340    22691.1700   259    22663.5416    22838.5727    80657    0.77%
    703   341    22824.2532   276    22663.5416    22836.7121    83836    0.76%
    751   367    22740.6522   198    22663.5416    22836.7121    86644    0.76%
    800   387    22680.1624   253    22663.5416    22834.9351    89949    0.76%
    831   390    22810.7860   315    22663.5416    22834.4706    93530    0.75%
    861   405    22711.1209   226    22663.5416    22834.4706    97250    0.75%
Elapsed time = 80.67 sec. (41055.64 ticks, tree = 3.08 MB, solutions = 1)
    901   425    22760.7476   264    22663.5416    22833.4174   100259    0.75%
    971   458    22797.4702   247    22663.5416    22832.7018   103663    0.75%
   1054   496    22708.1780   259    22663.5416    22832.2285   107922    0.74%
   1089   502    22726.0867   295    22663.5416    22830.2930   113640    0.74%
   1151   522    22685.1293   151    22663.5416    22830.0491   118234    0.73%
   1184   532    22826.2895   293    22663.5416    22828.6137   122782    0.73%
   1246   594    22692.2141    79    22663.5416    22828.6137   125702    0.73%
   1309   650    22718.8724   150    22663.5416    22828.4244   128812    0.73%
   1366   694    22789.0819   260    22663.5416    22828.1185   132807    0.73%
   1413   731    22668.3872   146    22663.5416    22828.1185   136133    0.73%
Elapsed time = 99.12 sec. (50914.06 ticks, tree = 4.54 MB, solutions = 1)
   1436   739    22782.9847   276    22663.5416    22826.2894   139880    0.72%
   1491   789    22807.8864   280    22663.5416    22826.2136   143928    0.72%
   1566   854    22792.5916   260    22663.5416    22822.3863   147941    0.70%
   1647   927    22787.7184   283    22663.5416    22819.4393   151393    0.69%
   1704   973    22772.3452   243    22663.5416    22818.8782   155659    0.69%
   1787  1036    22779.8675   286    22663.5416    22818.4344   159829    0.68%
   1850  1081    22809.2395   271    22663.5416    22818.1241   165009    0.68%
   1917  1133        cutoff          22663.5416    22815.8788   169658    0.67%
   1976  1184    22770.7805   274    22663.5416    22815.7429   174804    0.67%
   2105  1291    22672.0876    86    22663.5416    22814.2096   180611    0.66%
Elapsed time = 117.39 sec. (60814.37 ticks, tree = 6.64 MB, solutions = 1)
   2191  1351        cutoff          22663.5416    22813.8476   185427    0.66%
   2219  1373    22713.1170   210    22663.5416    22813.0579   188389    0.66%
   2322  1461    22705.2215   294    22663.5416    22811.7782   193038    0.65%
   2342  1473    22690.6089   276    22663.5416    22811.5445   195918    0.65%
   2466  1578    22794.0918   269    22663.5416    22810.6536   200929    0.65%
   2540  1638    22712.5818   174    22663.5416    22810.3500   205297    0.65%
   2595  1675    22798.8301   288    22663.5416    22809.1547   208609    0.64%
   2666  1741    22768.0398   227    22663.5416    22809.0918   212835    0.64%
   2734  1789    22676.4471   299    22663.5416    22808.6971   217173    0.64%
   2764  1813    22699.8904   243    22663.5416    22808.2899   221080    0.64%
Elapsed time = 135.68 sec. (70880.96 ticks, tree = 9.18 MB, solutions = 1)
   2845  1870    22753.0415   222    22663.5416    22807.8809   225993    0.64%
   2963  1962    22804.3855   286    22663.5416    22807.4899   230771    0.64%
   3043  2035        cutoff          22663.5416    22807.1334   235257    0.63%
   3123  2097        cutoff          22663.5416    22805.8149   240205    0.63%
   3248  2209    22713.3904    92    22663.5416    22804.4700   245179    0.62%
   3331  2274    22713.1641   203    22663.5416    22804.3316   249748    0.62%
   3371  2298    22753.0047   252    22663.5416    22804.1950   253967    0.62%
   3459  2371    22751.1532   281    22663.5416    22803.7746   259493    0.62%
   3564  2461    22686.0241   118    22663.5416    22802.6311   264768    0.61%
   3621  2502    22781.7141   237    22663.5416    22801.7641   269327    0.61%
Elapsed time = 153.91 sec. (80579.14 ticks, tree = 12.44 MB, solutions = 1)
   3757  2630    22779.0635   228    22663.5416    22801.4567   274317    0.61%
   3852  2715    22665.8763   164    22663.5416    22801.3835   278141    0.61%
   3887  2736    22727.4523   223    22663.5416    22800.6678   281119    0.61%
   3991  2826    22708.1143   144    22663.5416    22800.2841   285824    0.60%
   4046  2868    22722.7614   217    22663.5416    22799.5186   289826    0.60%
   4104  2910    22758.9929   231    22663.5416    22799.1134   293798    0.60%
   4205  3000    22710.4948   179    22663.5416    22798.8844   297818    0.60%
   4275  3066    22704.7564   217    22663.5416    22798.8356   301322    0.60%
   4371  3151    22779.0932   267    22663.5416    22798.4703   304858    0.60%
   4432  3188    22687.4515   284    22663.5416    22797.9670   309798    0.59%
Elapsed time = 172.36 sec. (90462.81 ticks, tree = 15.79 MB, solutions = 1)
   4503  3239    22787.3106   260    22663.5416    22797.5613   314112    0.59%
   4583  3311    22747.5846   283    22663.5416    22797.3507   319149    0.59%
   4687  3396    22761.3378   220    22663.5416    22797.2606   324713    0.59%
   4839  3528    22782.4074   279    22663.5416    22796.4910   329124    0.59%
   4949  3624    22789.4042   282    22663.5416    22796.4185   334976    0.59%
   5031  3692    22722.5409   184    22663.5416    22795.8472   340790    0.58%
   5168  3808    22746.2035   262    22663.5416    22795.4054   347573    0.58%
   5266  3879    22677.7356   153    22663.5416    22794.5755   353256    0.58%
   5385  3974    22783.0648   247    22663.5416    22794.1916   357562    0.58%
   5484  4049        cutoff          22663.5416    22792.9324   363798    0.57%
Elapsed time = 190.34 sec. (100290.65 ticks, tree = 19.99 MB, solutions = 1)
   5577  4124    22767.1770   257    22663.5416    22792.6703   371154    0.57%
   5675  4206        cutoff          22663.5416    22792.3296   376504    0.57%
   5713  4231    22670.0963   228    22663.5416    22791.9849   381216    0.57%
   5805  4301    22731.8603   238    22663.5416    22791.5116   385504    0.56%
   5873  4358    22687.7086   177    22663.5416    22791.2120   390448    0.56%
   5926  4389    22757.6097   225    22663.5416    22790.7650   394737    0.56%
   5992  4432    22705.7805   167    22663.5416    22790.0051   400201    0.56%
   6101  4518    22682.0825   193    22663.5416    22789.4182   404926    0.56%
   6163  4565    22725.9276   174    22663.5416    22788.9309   409059    0.55%
   6505  4838    22680.0868   185    22663.5416    22787.7947   426310    0.55%
Elapsed time = 215.73 sec. (113006.96 ticks, tree = 23.93 MB, solutions = 1)
   6886  5153    22719.1823   247    22663.5416    22786.5068   448986    0.54%
   7222  5416    22763.8754   233    22663.5416    22784.5882   469211    0.53%
   7617  5747    22718.0669   233    22663.5416    22783.6237   491570    0.53%
   8048  6081    22775.5430   269    22663.5416    22782.6751   513805    0.53%
   8386  6350    22686.4868   145    22663.5416    22781.7290   534219    0.52%
   8757  6631    22693.8878   182    22663.5416    22780.4903   553358    0.52%
   8960  6782    22758.4701   224    22663.5416    22779.7304   571816    0.51%
   9251  6988    22726.3955   164    22663.5416    22779.0040   594760    0.51%
   9632  7298    22666.5321   164    22663.5416    22778.2533   616713    0.51%
   9947  7518    22694.9846   253    22663.5416    22777.2968   643562    0.50%
Elapsed time = 286.71 sec. (151330.83 ticks, tree = 36.83 MB, solutions = 1)
  10415  7898    22709.9006   226    22663.5416    22776.7779   665851    0.50%
  10785  8171    22688.0397   208    22663.5416    22775.5341   686798    0.49%
  11151  8456    22676.0010   143    22663.5416    22774.6199   706445    0.49%
  11463  8685    22702.2526   168    22663.5416    22773.6375   727415    0.49%
  11847  8960    22725.6797   234    22663.5416    22772.9058   751005    0.48%
  12335  9348    22695.5939   229    22663.5416    22772.3431   774733    0.48%
  12747  9671    22687.0387   168    22663.5416    22771.9593   799229    0.48%
  13184 10022    22672.8949   236    22663.5416    22771.3998   822982    0.48%
  13543 10291    22710.6981   249    22663.5416    22770.4772   847375    0.47%
  13957 10617    22705.4048   178    22663.5416    22770.2785   868341    0.47%
Elapsed time = 375.18 sec. (198488.11 ticks, tree = 52.34 MB, solutions = 1)
  14302 10874    22664.3428   171    22663.5416    22769.8653   890504    0.47%
  14607 11086    22758.0203   240    22663.5416    22769.3646   910745    0.47%
  15035 11419    22670.7994   182    22663.5416    22768.9705   932676    0.47%
  15428 11726    22753.0666   227    22663.5416    22768.3175   956650    0.46%
  15841 12018    22698.8715   202    22663.5416    22767.7427   982705    0.46%
  16296 12347    22666.1679   245    22663.5416    22766.8616  1010182    0.46%
  16811 12760    22696.1613   267    22663.5416    22766.3640  1035987    0.45%
  17152 12998    22710.7544   212    22663.5416    22765.9137  1059022    0.45%
  17558 13302    22689.6570   148    22663.5416    22765.3473  1080466    0.45%
  17961 13614    22705.7992   228    22663.5416    22764.9901  1100749    0.45%
Elapsed time = 445.22 sec. (236732.46 ticks, tree = 67.13 MB, solutions = 1)
  18336 13878    22697.0297   240    22663.5416    22764.4413  1121696    0.45%
  18669 14111    22729.5712   250    22663.5416    22763.9715  1144628    0.44%
  19055 14399    22723.3141   215    22663.5416    22763.6049  1170083    0.44%
  19518 14749    22693.9176   235    22663.5416    22763.1104  1194775    0.44%
  19943 15075    22720.8315   242    22663.5416    22762.6680  1221670    0.44%
  20297 15342    22747.1174   238    22663.5416    22762.3545  1246585    0.44%
  20750 15690    22690.5567   170    22663.5416    22761.8381  1269669    0.43%
  21097 15936    22739.6928   230    22663.5416    22761.3794  1292239    0.43%
  21535 16281    22678.7310   239    22663.5416    22760.8931  1312873    0.43%
  21977 16627    22688.2860   245    22663.5416    22760.6184  1332379    0.43%
Elapsed time = 514.97 sec. (275025.76 ticks, tree = 82.46 MB, solutions = 1)
  22379 16921    22686.8917   136    22663.5416    22760.1267  1354124    0.43%
  22733 17168    22702.9235   177    22663.5416    22759.6464  1379346    0.42%
  23149 17473    22681.0200   141    22663.5416    22759.1318  1404063    0.42%
  23583 17773    22690.1149   173    22663.5416    22758.4613  1431432    0.42%
  24017 18076    22706.2300   167    22663.5416    22757.7860  1458265    0.42%
  24543 18492    22725.6654   216    22663.5416    22757.3400  1483501    0.41%
  24986 18828    22705.5549   191    22663.5416    22757.0036  1505745    0.41%
  25470 19222    22710.2248   170    22663.5416    22756.6789  1527436    0.41%
  25880 19518    22710.6474   265    22663.5416    22756.2073  1550433    0.41%
  26296 19808    22681.2477   240    22663.5416    22755.9996  1572906    0.41%
Elapsed time = 585.03 sec. (313221.52 ticks, tree = 98.14 MB, solutions = 1)
  26732 20132    22711.7816   255    22663.5416    22755.7653  1595145    0.41%
  27157 20421    22673.7670   191    22663.5416    22755.4567  1621375    0.41%
  27628 20761    22688.6816   131    22663.5416    22755.1789  1648184    0.40%
  28147 21160    22737.8600   228    22663.5416    22754.6884  1671602    0.40%
  28566 21465    22697.2418   259    22663.5416    22754.2408  1697181    0.40%
  29008 21777    22703.2002   198    22663.5416    22753.7449  1723436    0.40%
  29533 22154    22732.5414   186    22663.5416    22753.2699  1746787    0.40%
  30057 22562    22666.5443   171    22663.5416    22752.9312  1767969    0.39%
  30481 22870    22717.6382   239    22663.5416    22752.7515  1789994    0.39%
  30892 23150    22688.4735   220    22663.5416    22752.4915  1812979    0.39%
Elapsed time = 653.52 sec. (351498.36 ticks, tree = 114.63 MB, solutions = 1)
  31312 23459    22701.5499   146    22663.5416    22752.1737  1834157    0.39%
  31741 23744    22717.1888   233    22663.5416    22751.6971  1854806    0.39%
  32121 23987    22673.6955   208    22663.5416    22751.4263  1878348    0.39%
  32594 24339    22682.0774   199    22663.5416    22751.1080  1899503    0.39%
  33040 24623    22684.4536   164    22663.5416    22750.8127  1923580    0.39%
  33570 25006    22673.7502   159    22663.5416    22750.4561  1948163    0.38%
  34022 25323    22698.4697   153    22663.5416    22750.1828  1973140    0.38%
  34512 25688    22699.8566   182    22663.5416    22749.9602  1998212    0.38%
  34919 25969    22721.4085   226    22663.5416    22749.5638  2019670    0.38%
  35350 26281    22709.2176   215    22663.5416    22749.2841  2043609    0.38%
Elapsed time = 722.69 sec. (389708.25 ticks, tree = 130.24 MB, solutions = 1)
  35761 26575    22679.2625   241    22663.5416    22749.0703  2065617    0.38%
  36128 26824    22729.6121   188    22663.5416    22748.9044  2089097    0.38%
  36561 27123    22669.5563   204    22663.5416    22748.5407  2112481    0.38%
  36964 27393    22691.5204   235    22663.5416    22748.2357  2137161    0.37%
  37531 27807    22690.8251   156    22663.5416    22747.7952  2161374    0.37%
  38070 28190    22689.1104   131    22663.5416    22747.4506  2186265    0.37%
  38531 28514    22715.8013   228    22663.5416    22747.2502  2211450    0.37%
  39069 28905    22714.4470   207    22663.5416    22746.9621  2237168    0.37%
  39604 29267    22694.8516   258    22663.5416    22746.6618  2263635    0.37%
  40002 29514    22700.2574   204    22663.5416    22746.4040  2287427    0.37%
Elapsed time = 792.47 sec. (428052.66 ticks, tree = 146.03 MB, solutions = 1)
  40437 29816    22685.7892   220    22663.5416    22746.0649  2312870    0.36%
  40954 30218    22681.6020    52    22663.5416    22745.7947  2332959    0.36%
  41398 30517    22696.6057   211    22663.5416    22745.5016  2358026    0.36%
  41827 30798    22687.7448   103    22663.5416    22745.1732  2381477    0.36%
  42201 31030    22702.0901   142    22663.5416    22744.9544  2404140    0.36%
  42690 31377    22725.1499   231    22663.5416    22744.6411  2427673    0.36%
  43122 31651    22721.3972   232    22663.5416    22744.4618  2452545    0.36%
  43606 31981    22710.7956   137    22663.5416    22744.1883  2478396    0.36%
  44122 32324    22676.3750   265    22663.5416    22743.9345  2505178    0.35%
  44581 32614    22696.5663   238    22663.5416    22743.6079  2532420    0.35%
Elapsed time = 861.37 sec. (466423.24 ticks, tree = 161.16 MB, solutions = 1)
  45058 32950    22679.6239   253    22663.5416    22743.3679  2557600    0.35%
  45484 33222    22699.4285   160    22663.5416    22743.1522  2582408    0.35%
  45952 33541    22686.3244   162    22663.5416    22742.8731  2605679    0.35%
  46350 33798    22685.6715   237    22663.5416    22742.5924  2627226    0.35%
  46889 34182    22720.7393   198    22663.5416    22742.2868  2649777    0.35%
  47288 34457    22681.5678   172    22663.5416    22742.0591  2671333    0.35%
  47731 34748    22669.3935    64    22663.5416    22741.8537  2695533    0.35%
  48184 35040    22671.6245   219    22663.5416    22741.6767  2718613    0.34%
  48678 35363    22728.1482   242    22663.5416    22741.5541  2742076    0.34%
  49141 35666        cutoff          22663.5416    22741.3373  2766459    0.34%
Elapsed time = 930.47 sec. (504679.28 ticks, tree = 177.19 MB, solutions = 1)
  49629 35996    22692.3446   179    22663.5416    22741.1174  2793251    0.34%
  50170 36340        cutoff          22663.5416    22740.9659  2819025    0.34%
  50574 36587    22711.2375   142    22663.5416    22740.7001  2845326    0.34%
  51080 36933    22669.5404   179    22663.5416    22740.4215  2870850    0.34%
  51651 37344        cutoff          22663.5416    22740.2778  2895566    0.34%
  52175 37691    22667.4467   183    22663.5416    22740.0824  2920687    0.34%
  52621 38000    22670.2053   254    22663.5416    22739.9626  2945875    0.34%
  53048 38271    22724.3281   248    22663.5416    22739.7322  2969219    0.34%
  53443 38523    22718.3071   247    22663.5416    22739.4491  2996321    0.33%
  53887 38796    22668.7113   143    22663.5416    22739.2128  3021112    0.33%
Elapsed time = 1000.01 sec. (542973.15 ticks, tree = 192.49 MB, solutions = 1)
  54271 39043    22690.7468   220    22663.5416    22738.9977  3046799    0.33%
  54663 39279    22678.1935   164    22663.5416    22738.7310  3071117    0.33%
  55133 39591    22678.1315   204    22663.5416    22738.5023  3097903    0.33%
  55698 40002    22712.9916   228    22663.5416    22738.3146  3121647    0.33%
  56201 40339    22718.2398   200    22663.5416    22738.1893  3147468    0.33%
  56691 40678    22705.6826   157    22663.5416    22737.8731  3172363    0.33%
  57226 41016    22681.4089   253    22663.5416    22737.6828  3198767    0.33%
  57713 41311    22709.3721   189    22663.5416    22737.4584  3227171    0.33%
  58253 41675    22667.9060   203    22663.5416    22737.2633  3252839    0.33%
  58809 42079    22704.0842   159    22663.5416    22737.0644  3278743    0.32%
Elapsed time = 1067.92 sec. (581259.92 ticks, tree = 209.20 MB, solutions = 1)
  59237 42345    22709.1161   235    22663.5416    22736.8450  3302531    0.32%
  59666 42624    22664.9797   230    22663.5416    22736.7158  3328055    0.32%
  60111 42919    22714.2257   215    22663.5416    22736.5602  3352836    0.32%
  60509 43157    22707.5569   183    22663.5416    22736.2841  3378639    0.32%
  60985 43450    22663.5724   160    22663.5416    22736.1496  3401929    0.32%
  61413 43726    22699.3509   274    22663.5416    22735.9828  3426375    0.32%
  61867 44021    22701.6707   214    22663.5416    22735.7631  3452958    0.32%
  62333 44288    22665.3980   174    22663.5416    22735.5381  3480138    0.32%
  62736 44520    22689.3141   202    22663.5416    22735.3795  3504373    0.32%
  63195 44797    22687.5861   254    22663.5416    22735.1379  3531800    0.32%
Elapsed time = 1136.61 sec. (619510.00 ticks, tree = 222.82 MB, solutions = 1)
  63769 45204    22723.1775   223    22663.5416    22734.9929  3556804    0.32%
  64278 45547    22689.8732   194    22663.5416    22734.8460  3582917    0.31%
  64781 45880    22692.9848   249    22663.5416    22734.6292  3607069    0.31%
  65269 46215    22671.4809   194    22663.5416    22734.4858  3632159    0.31%
  65770 46540    22667.5747    92    22663.5416    22734.3278  3656854    0.31%
  66298 46907    22672.8276   159    22663.5416    22734.2490  3679780    0.31%
  66857 47289    22687.0816   260    22663.5416    22734.1138  3704274    0.31%
  67264 47539    22670.4512   135    22663.5416    22733.9561  3725799    0.31%
  67758 47857    22663.6468   179    22663.5416    22733.8350  3749999    0.31%
  68224 48165    22677.9852   224    22663.5416    22733.6930  3775727    0.31%
Elapsed time = 1204.97 sec. (657966.74 ticks, tree = 239.95 MB, solutions = 1)
  68701 48483    22700.2477   229    22663.5416    22733.5342  3798519    0.31%
  69154 48761    22665.8326   139    22663.5416    22733.3583  3822349    0.31%
  69666 49077    22710.0855   173    22663.5416    22733.1608  3848528    0.31%
  70224 49457    22701.4435   239    22663.5416    22733.0037  3874373    0.31%
  70724 49783    22677.2455   167    22663.5416    22732.8121  3900280    0.31%
  71267 50174    22689.7420   148    22663.5416    22732.6276  3925885    0.30%
  71843 50582    22720.4022   188    22663.5416    22732.4792  3949110    0.30%
  72430 50982    22682.2838   215    22663.5416    22732.2853  3974908    0.30%
  72970 51334    22694.0313   243    22663.5416    22732.1231  4001235    0.30%
  73466 51668    22666.6711   179    22663.5416    22731.9483  4027720    0.30%
Elapsed time = 1271.42 sec. (696163.82 ticks, tree = 257.25 MB, solutions = 1)
  74029 52034    22669.7913   121    22663.5416    22731.8338  4052332    0.30%
  74535 52365    22677.4038   137    22663.5416    22731.6902  4074338    0.30%
  75058 52721    22690.3344   158    22663.5416    22731.5021  4096791    0.30%
  75576 53068    22676.7862   119    22663.5416    22731.3373  4120944    0.30%
  76060 53362    22690.8236   235    22663.5416    22731.1769  4146363    0.30%
  76555 53685    22700.8757   174    22663.5416    22730.9932  4170500    0.30%
  77027 53976    22696.2330   180    22663.5416    22730.8655  4194097    0.30%
  77531 54277    22684.5158   190    22663.5416    22730.7048  4216754    0.30%
  78090 54629    22695.8571   193    22663.5416    22730.5391  4242234    0.30%
  78647 55020        cutoff          22663.5416    22730.4113  4268056    0.30%
Elapsed time = 1339.28 sec. (734384.34 ticks, tree = 273.65 MB, solutions = 1)
  79191 55376    22701.4518   118    22663.5416    22730.2353  4292747    0.29%
  79734 55717    22688.6014   163    22663.5416    22730.1064  4317919    0.29%
  80248 56061    22718.9641   200    22663.5416    22729.9487  4344060    0.29%
  80848 56465    22686.2766   189    22663.5416    22729.8167  4369146    0.29%
  81403 56830    22709.4887   187    22663.5416    22729.6549  4396464    0.29%
  82019 57237    22680.1261   258    22663.5416    22729.4525  4421081    0.29%
  82536 57570    22698.8115   232    22663.5416    22729.2576  4446383    0.29%
  83018 57881    22666.4431   152    22663.5416    22729.1270  4468738    0.29%
  83522 58183    22674.7954   212    22663.5416    22728.9773  4495639    0.29%
  84016 58508    22668.9207   157    22663.5416    22728.8616  4518752    0.29%
Elapsed time = 1406.32 sec. (772582.22 ticks, tree = 290.71 MB, solutions = 1)
  84473 58783    22707.7660   203    22663.5416    22728.6862  4541121    0.29%
  85034 59148    22680.7342   187    22663.5416    22728.5414  4565638    0.29%
  85507 59425    22673.6561   203    22663.5416    22728.3898  4589519    0.29%
  85941 59670        cutoff          22663.5416    22728.1992  4613930    0.29%
  86483 60018    22706.1067   194    22663.5416    22728.0466  4639073    0.28%
  87042 60390    22666.4100   206    22663.5416    22727.8975  4662582    0.28%
  87594 60721    22673.3885   245    22663.5416    22727.7353  4689056    0.28%
  88148 61074    22683.2383   167    22663.5416    22727.6161  4715909    0.28%
  88707 61441        cutoff          22663.5416    22727.4958  4740926    0.28%
  89285 61803    22698.2516   197    22663.5416    22727.3670  4766265    0.28%
Elapsed time = 1472.93 sec. (811094.54 ticks, tree = 306.84 MB, solutions = 1)
  89786 62106    22690.9214   191    22663.5416    22727.2144  4792911    0.28%
  90357 62499    22695.5663   154    22663.5416    22727.0932  4816645    0.28%
  90849 62796    22673.7436   193    22663.5416    22726.9484  4843272    0.28%
  91381 63121    22663.7244    95    22663.5416    22726.8546  4869018    0.28%
  91890 63437    22676.7773   224    22663.5416    22726.6835  4892816    0.28%
  92403 63741        cutoff          22663.5416    22726.5087  4916892    0.28%
  92885 64044    22683.6867   235    22663.5416    22726.3937  4940941    0.28%
  93381 64347    22680.1474   202    22663.5416    22726.2746  4963888    0.28%
  93869 64619    22681.4411   177    22663.5416    22726.1204  4988508    0.28%
  94449 65008    22679.4761   131    22663.5416    22726.0308  5013092    0.28%
Elapsed time = 1540.03 sec. (849301.63 ticks, tree = 322.68 MB, solutions = 1)
  94972 65346    22685.2555   199    22663.5416    22725.9388  5037036    0.28%
  95489 65654    22688.9788   180    22663.5416    22725.8033  5060045    0.27%
  96014 65976    22680.3158   193    22663.5416    22725.6489  5081947    0.27%
  96543 66278    22702.8738   171    22663.5416    22725.5243  5107016    0.27%
  97143 66665    22666.8225   133    22663.5416    22725.4083  5131499    0.27%
  97672 66983    22665.0672   232    22663.5416    22725.2650  5158337    0.27%
  98220 67317    22700.6407   151    22663.5416    22725.1548  5184904    0.27%
  98719 67612    22698.6762   238    22663.5416    22725.0413  5213266    0.27%
  99203 67907    22675.1572   187    22663.5416    22724.9292  5241010    0.27%
  99755 68242    22697.9048   264    22663.5416    22724.7323  5266891    0.27%
Elapsed time = 1607.46 sec. (887577.57 ticks, tree = 340.42 MB, solutions = 1)
 100291 68549    22699.5114   215    22663.5416    22724.6021  5291449    0.27%
 100815 68859    22671.5170   190    22663.5416    22724.4734  5318908    0.27%
 101361 69210    22668.2654   239    22663.5416    22724.3749  5344140    0.27%
 101821 69508    22680.9003   156    22663.5416    22724.2677  5365871    0.27%
 102401 69882    22694.6309   215    22663.5416    22724.1488  5392120    0.27%
 102901 70177    22698.1236   201    22663.5416    22724.0548  5415616    0.27%
 103384 70454    22710.1449   232    22663.5416    22723.8979  5440886    0.27%
 103924 70807    22667.9382   262    22663.5416    22723.8374  5464150    0.27%
 104430 71123    22665.7914   220    22663.5416    22723.7206  5487957    0.27%
 104941 71443    22682.6757   189    22663.5416    22723.6131  5511232    0.27%
Elapsed time = 1675.51 sec. (925900.01 ticks, tree = 356.58 MB, solutions = 1)
 105434 71730    22680.1706   159    22663.5416    22723.4947  5536290    0.26%
 105991 72073    22691.9470   226    22663.5416    22723.3540  5559823    0.26%
 106559 72426    22679.6806   149    22663.5416    22723.2456  5584122    0.26%
 107121 72789    22691.6257   239    22663.5416    22723.1274  5610843    0.26%
 107694 73143    22681.7165   193    22663.5416    22722.9772  5637022    0.26%
 108200 73443    22690.8831   221    22663.5416    22722.8434  5661174    0.26%
 108733 73771    22701.4054   182    22663.5416    22722.7087  5684623    0.26%
 109220 74062    22684.7473   196    22663.5416    22722.6246  5712405    0.26%
 109749 74379    22681.8091   197    22663.5416    22722.5014  5737973    0.26%
 110285 74693        cutoff          22663.5416    22722.3778  5762045    0.26%
Elapsed time = 1742.87 sec. (964112.41 ticks, tree = 372.16 MB, solutions = 1)
 110767 74953    22679.1085   172    22663.5416    22722.2734  5787965    0.26%
 111313 75275        cutoff          22663.5416    22722.1378  5812319    0.26%
 111791 75574    22676.2905   215    22663.5416    22722.0754  5834671    0.26%
 112324 75872        cutoff          22663.5416    22721.9552  5860572    0.26%
 112845 76162    22706.9038   167    22663.5416    22721.8079  5886024    0.26%
 113317 76422        cutoff          22663.5416    22721.7149  5909293    0.26%
 113859 76802    22692.2895   203    22663.5416    22721.6614  5932696    0.26%
 114376 77118    22674.1654   151    22663.5416    22721.5684  5957083    0.26%
 114879 77432    22685.1982   162    22663.5416    22721.4869  5980143    0.26%
 115410 77740    22704.5601   190    22663.5416    22721.3735  6003268    0.26%
Elapsed time = 1811.20 sec. (1002291.98 ticks, tree = 387.06 MB, solutions = 1)
 115909 78006        cutoff          22663.5416    22721.2533  6028203    0.25%
 116421 78311    22665.6899   110    22663.5416    22721.1408  6054268    0.25%
 116996 78658    22710.3630   177    22663.5416    22721.0433  6078966    0.25%
 117647 79117    22668.2405   144    22663.5416    22720.9931  6102223    0.25%
 118222 79438    22664.0582   188    22663.5416    22720.8946  6127125    0.25%
 118740 79730    22702.3096   195    22663.5416    22720.7963  6154543    0.25%
 119279 80045    22706.5207   190    22663.5416    22720.6928  6181015    0.25%
 119793 80339    22702.5494   193    22663.5416    22720.5617  6207101    0.25%
 120357 80658    22693.9619   240    22663.5416    22720.4671  6233585    0.25%
 120903 80967    22694.2940   206    22663.5416    22720.3783  6258314    0.25%
Elapsed time = 1878.47 sec. (1040515.50 ticks, tree = 402.86 MB, solutions = 1)
 121437 81265    22689.6545   157    22663.5416    22720.2879  6284296    0.25%
 122001 81599    22679.5885   155    22663.5416    22720.2084  6307697    0.25%
 122491 81890    22713.0049   171    22663.5416    22720.1200  6330788    0.25%
 123030 82209    22696.7377   211    22663.5416    22720.0096  6353297    0.25%
 123554 82493    22664.1342   197    22663.5416    22719.9072  6376065    0.25%
 124071 82806    22687.1019   154    22663.5416    22719.8257  6400810    0.25%
 124576 83098    22680.7696   168    22663.5416    22719.7248  6425764    0.25%
 125124 83444    22696.5856   172    22663.5416    22719.6587  6448849    0.25%
 125659 83744    22711.1734   240    22663.5416    22719.5528  6473909    0.25%
 126182 84056    22683.3141   172    22663.5416    22719.4429  6497369    0.25%
Elapsed time = 1946.64 sec. (1078739.48 ticks, tree = 417.98 MB, solutions = 1)
 126682 84332    22676.5975   151    22663.5416    22719.3310  6519687    0.25%
 127237 84669    22685.4949   170    22663.5416    22719.2407  6544508    0.25%
 127772 84964    22683.9524   191    22663.5416    22719.1423  6570873    0.25%
 128328 85289    22680.4851   155    22663.5416    22719.0473  6596852    0.24%
 128910 85645    22663.7934   131    22663.5416    22718.9415  6622010    0.24%
 129399 85911    22679.8226   188    22663.5416    22718.8276  6647247    0.24%
 129924 86200    22668.4224   139    22663.5416    22718.7125  6673337    0.24%
 130444 86454    22697.4332   155    22663.5416    22718.5945  6700551    0.24%
 130970 86735    22700.1443   185    22663.5416    22718.4998  6727374    0.24%
 131551 87091    22669.3608   126    22663.5416    22718.4248  6751942    0.24%
Elapsed time = 2015.01 sec. (1116954.22 ticks, tree = 432.84 MB, solutions = 1)
 132094 87391    22673.6013   168    22663.5416    22718.3409  6776327    0.24%
 132654 87723    22677.9363   245    22663.5416    22718.2644  6799605    0.24%
 133187 88034    22679.4328   169    22663.5416    22718.1572  6825915    0.24%
 133704 88367    22670.3216   151    22663.5416    22718.0856  6847223    0.24%
 134225 88660    22688.1080   189    22663.5416    22718.0129  6874296    0.24%
 134801 89012    22672.0133   137    22663.5416    22717.9016  6900381    0.24%
 135327 89323    22694.7976   164    22663.5416    22717.8239  6922664    0.24%
 135828 89593    22676.2667   175    22663.5416    22717.7550  6945990    0.24%
 136366 89880    22664.5472   210    22663.5416    22717.6828  6971890    0.24%
 136944 90222    22681.0627   159    22663.5416    22717.5748  6995091    0.24%
Elapsed time = 2081.20 sec. (1155226.61 ticks, tree = 448.33 MB, solutions = 1)
 137461 90516    22683.4507   141    22663.5416    22717.4658  7018647    0.24%
 138001 90803    22675.1557   208    22663.5416    22717.3898  7042299    0.24%
 138521 91088    22694.9274   194    22663.5416    22717.3199  7067254    0.24%
 139061 91375    22672.0793   176    22663.5416    22717.2141  7089851    0.24%
 139598 91660    22672.1858   145    22663.5416    22717.0919  7116222    0.24%
 140170 91994    22677.2286   151    22663.5416    22716.9912  7140699    0.24%
 140719 92299    22693.7050   176    22663.5416    22716.9017  7164871    0.24%
 141300 92624    22689.9573   214    22663.5416    22716.7697  7190785    0.23%
 141880 92925    22672.1046   166    22663.5416    22716.6734  7216720    0.23%
 142454 93254    22686.6771   212    22663.5416    22716.5997  7241826    0.23%
Elapsed time = 2148.28 sec. (1193439.64 ticks, tree = 463.84 MB, solutions = 1)
 143034 93586        cutoff          22663.5416    22716.4766  7266132    0.23%
 143659 93947    22701.4267   247    22663.5416    22716.3976  7291498    0.23%
 144244 94267    22679.6840   141    22663.5416    22716.3101  7316165    0.23%
 144789 94599        cutoff          22663.5416    22716.2024  7341737    0.23%
 145326 94900    22675.0228   206    22663.5416    22716.1116  7365320    0.23%
 145875 95219    22675.3398    62    22663.5416    22716.0370  7388465    0.23%
 146508 95575    22695.9714   248    22663.5416    22715.9819  7411193    0.23%
 147036 95898    22684.5447   245    22663.5416    22715.9223  7434698    0.23%
 147568 96187    22672.4416   223    22663.5416    22715.8427  7458005    0.23%
 148058 96392    22681.4446   179    22663.5416    22715.7423  7483412    0.23%
Elapsed time = 2214.16 sec. (1231689.63 ticks, tree = 479.22 MB, solutions = 1)
 148597 96697    22688.4640   212    22663.5416    22715.6562  7506653    0.23%
 149024 96907    22681.7084   221    22663.5416    22715.5617  7528738    0.23%
 149507 97131    22666.6147   180    22663.5416    22715.4831  7550910    0.23%
 149985 97395    22665.3389   199    22663.5416    22715.4322  7574280    0.23%
 150471 97635    22698.8390   196    22663.5416    22715.3313  7598360    0.23%
 150927 97863    22673.1487   244    22663.5416    22715.2650  7619614    0.23%
 151398 98126    22685.1729   218    22663.5416    22715.1941  7642663    0.23%
 151883 98345    22710.1856   178    22663.5416    22715.0822  7669029    0.23%
 152438 98629    22664.8849   111    22663.5416    22714.9976  7693177    0.23%
 152969 98906    22683.2297   183    22663.5416    22714.9090  7717146    0.23%
Elapsed time = 2281.29 sec. (1269887.59 ticks, tree = 491.53 MB, solutions = 1)
 153513 99218    22708.4741   203    22663.5416    22714.8376  7741367    0.23%
 154041 99499    22674.1131   158    22663.5416    22714.7785  7767542    0.23%
 154561 99739    22692.6238   164    22663.5416    22714.6717  7795124    0.23%
 155092 100009    22668.3657   261    22663.5416    22714.5689  7823073    0.23%
 155587 100255    22690.8150   161    22663.5416    22714.4920  7849198    0.22%
 156131 100507    22686.6219   150    22663.5416    22714.4288  7875186    0.22%
 156676 100780    22671.2866   183    22663.5416    22714.3477  7901007    0.22%
 157231 101060    22665.6606   120    22663.5416    22714.2763  7928920    0.22%
 157791 101350    22668.1849   194    22663.5416    22714.1577  7955081    0.22%
 158328 101596    22670.9549   208    22663.5416    22714.0679  7978479    0.22%
Elapsed time = 2348.21 sec. (1308211.23 ticks, tree = 504.71 MB, solutions = 1)
 158831 101881    22670.7432   210    22663.5416    22714.0032  8001514    0.22%
 159421 102181    22669.0163   205    22663.5416    22713.9214  8027481    0.22%
 159924 102425    22695.7368   221    22663.5416    22713.8506  8051272    0.22%
 160455 102715    22683.3573   184    22663.5416    22713.7671  8076339    0.22%
 160958 102961    22686.1955   228    22663.5416    22713.6851  8101279    0.22%
 161434 103186        cutoff          22663.5416    22713.6103  8126040    0.22%
 161920 103438    22664.2980   225    22663.5416    22713.5378  8147242    0.22%
 162436 103737    22688.7230   212    22663.5416    22713.4664  8171338    0.22%
 163013 104068    22686.2031   153    22663.5416    22713.3907  8195294    0.22%
 163545 104353    22689.5235   153    22663.5416    22713.3062  8221374    0.22%
Elapsed time = 2413.35 sec. (1346416.44 ticks, tree = 518.21 MB, solutions = 1)
 164062 104584    22679.3539   162    22663.5416    22713.2284  8247920    0.22%
 164617 104853    22683.3811   205    22663.5416    22713.1356  8274742    0.22%
 165189 105133    22695.0322   218    22663.5416    22713.0392  8301054    0.22%
 165775 105463    22705.6416   155    22663.5416    22712.9870  8325682    0.22%
 166373 105810    22671.3583   186    22663.5416    22712.8953  8348748    0.22%
 166922 106096    22670.8330   159    22663.5416    22712.8310  8376052    0.22%
 167464 106388    22699.3634   221    22663.5416    22712.7636  8402342    0.22%
 168029 106694    22694.7423   179    22663.5416    22712.7115  8428771    0.22%
 168516 106889        cutoff          22663.5416    22712.6398  8457377    0.22%
 169074 107191    22670.8958   230    22663.5416    22712.5820  8480814    0.22%
Elapsed time = 2478.43 sec. (1384614.72 ticks, tree = 532.12 MB, solutions = 1)
 169611 107452    22682.3702   232    22663.5416    22712.5093  8506207    0.22%
 170111 107710        cutoff          22663.5416    22712.4467  8528787    0.22%
 170483 107888    22705.3223   183    22663.5416    22712.3856  8549422    0.22%
 171066 108216    22670.6596   140    22663.5416    22712.3106  8572358    0.22%
 171551 108503    22672.2086   113    22663.5416    22712.2543  8593438    0.21%
 172154 108843    22690.2868   211    22663.5416    22712.1951  8619019    0.21%
 172663 109100    22668.0570   173    22663.5416    22712.1136  8643586    0.21%
 173221 109408        cutoff          22663.5416    22712.0422  8668737    0.21%
 173739 109664    22706.2213   158    22663.5416    22711.9738  8693131    0.21%
 174218 109898    22664.4119   234    22663.5416    22711.9082  8716684    0.21%
Elapsed time = 2542.46 sec. (1422895.66 ticks, tree = 545.39 MB, solutions = 1)
 174701 110134    22668.3661   150    22663.5416    22711.8488  8741272    0.21%
 175215 110415    22676.6558   144    22663.5416    22711.7931  8764678    0.21%
 175781 110712    22707.9908   228    22663.5416    22711.7150  8789922    0.21%
 176313 110949    22680.0421   175    22663.5416    22711.6346  8816323    0.21%
 176865 111225    22687.6398   183    22663.5416    22711.5662  8843972    0.21%
 177469 111564    22696.1388   152    22663.5416    22711.5021  8867859    0.21%
 178013 111830    22672.8193    80    22663.5416    22711.4323  8895172    0.21%
 178550 112084    22683.3381   202    22663.5416    22711.3688  8920803    0.21%
 179196 112434        cutoff          22663.5416    22711.2817  8943965    0.21%
 179714 112682        cutoff          22663.5416    22711.2121  8971738    0.21%
Elapsed time = 2609.51 sec. (1461103.36 ticks, tree = 559.03 MB, solutions = 1)
 180279 112927    22671.3172   229    22663.5416    22711.1290  8998055    0.21%
 180799 113172    22697.4268   146    22663.5416    22711.0662  9022601    0.21%
 181264 113404    22674.3359   234    22663.5416    22711.0246  9045319    0.21%
 181761 113659    22669.6267   201    22663.5416    22710.9488  9068522    0.21%
 182192 113833        cutoff          22663.5416    22710.8825  9093097    0.21%
 182752 114128    22669.8800   185    22663.5416    22710.8074  9115537    0.21%
 183226 114374    22673.5964   181    22663.5416    22710.7629  9136570    0.21%
 183713 114611    22673.9321   177    22663.5416    22710.6893  9162106    0.21%
 184243 114903    22705.3998   199    22663.5416    22710.6420  9184521    0.21%
 184764 115176    22682.1412   223    22663.5416    22710.5826  9207157    0.21%
Elapsed time = 2674.19 sec. (1499395.29 ticks, tree = 571.26 MB, solutions = 1)
 185192 115341        cutoff          22663.5416    22710.5284  9229571    0.21%
 185596 115509    22700.8126   237    22663.5416    22710.4515  9252393    0.21%
 186045 115713    22695.2807   155    22663.5416    22710.3742  9275092    0.21%
 186530 115961    22666.3774   189    22663.5416    22710.3239  9296629    0.21%
 187024 116183        cutoff          22663.5416    22710.2653  9320318    0.21%
 187541 116437    22671.2000   149    22663.5416    22710.2070  9344637    0.21%
 188079 116738    22668.7241   187    22663.5416    22710.1466  9368672    0.21%
 188527 116941    22690.7641   156    22663.5416    22710.0713  9393291    0.21%
 189027 117207    22668.3511   224    22663.5416    22710.0245  9417884    0.21%
 189544 117448    22678.0139   156    22663.5416    22709.9676  9443837    0.20%
Elapsed time = 2740.20 sec. (1537634.70 ticks, tree = 582.41 MB, solutions = 1)
 190036 117704    22688.3062   196    22663.5416    22709.9160  9468311    0.20%
 190556 117946    22687.3344   199    22663.5416    22709.8405  9493973    0.20%
 191094 118215    22672.0086   176    22663.5416    22709.7784  9519666    0.20%
 191687 118519        cutoff          22663.5416    22709.7060  9545765    0.20%
 192162 118710    22676.1633   162    22663.5416    22709.6410  9572820    0.20%
 192726 119019    22673.6962   196    22663.5416    22709.5894  9599991    0.20%
 193268 119289    22683.5074   186    22663.5416    22709.5229  9625148    0.20%
 193804 119531        cutoff          22663.5416    22709.4260  9652142    0.20%
 194341 119757    22701.8352   190    22663.5416    22709.3541  9679152    0.20%
 194896 120023    22667.5508   208    22663.5416    22709.2752  9704038    0.20%
Elapsed time = 2806.49 sec. (1575842.50 ticks, tree = 595.04 MB, solutions = 1)
 195456 120307    22666.4459   203    22663.5416    22709.2050  9728260    0.20%
 195996 120550    22688.7646   156    22663.5416    22709.1553  9754996    0.20%
 196507 120791    22689.4315   197    22663.5416    22709.0889  9777937    0.20%
 197012 121038    22695.4315   163    22663.5416    22709.0235  9802592    0.20%
 197460 121256    22676.7885   162    22663.5416    22708.9719  9824080    0.20%
 197981 121535    22666.4966   246    22663.5416    22708.9056  9846483    0.20%
 198543 121839        cutoff          22663.5416    22708.8446  9870365    0.20%
 199081 122108    22670.8510    60    22663.5416    22708.7595  9894401    0.20%
 199527 122318    22706.8415   253    22663.5416    22708.7092  9917872    0.20%
 199972 122470    22677.5802   138    22663.5416    22708.6240  9941227    0.20%
Elapsed time = 2871.82 sec. (1614268.32 ticks, tree = 607.04 MB, solutions = 1)
 200493 122733    22670.1772   198    22663.5416    22708.5632  9965857    0.20%
 200967 122898    22673.8403   199    22663.5416    22708.4607  9989836    0.20%
 201478 123115        cutoff          22663.5416    22708.3854 10014221    0.20%
 201938 123355    22679.1178   165    22663.5416    22708.3334 10039488    0.20%
 202455 123573        cutoff          22663.5416    22708.2659 10064713    0.20%
 202992 123830        cutoff          22663.5416    22708.1950 10089308    0.20%
 203500 124068    22689.2566   208    22663.5416    22708.1191 10115747    0.20%
 204064 124320    22669.1912   174    22663.5416    22708.0601 10139648    0.20%
 204597 124565    22680.8015   159    22663.5416    22707.9988 10165239    0.20%
 205090 124746    22663.7294   121    22663.5416    22707.9181 10191820    0.20%
Elapsed time = 2936.53 sec. (1652515.63 ticks, tree = 618.22 MB, solutions = 1)
 205598 124962    22704.4297   200    22663.5416    22707.8395 10217561    0.20%
 206095 125181        cutoff          22663.5416    22707.7749 10243662    0.20%
 206559 125374    22675.0149   171    22663.5416    22707.7238 10268799    0.19%
 207104 125636    22668.5934   162    22663.5416    22707.6439 10296258    0.19%
 207686 125938    22679.3170   153    22663.5416    22707.5941 10321231    0.19%
 208221 126189    22673.3969   259    22663.5416    22707.5421 10346923    0.19%
 208698 126381    22669.5185   218    22663.5416    22707.4803 10374993    0.19%
 209137 126556    22683.1067   200    22663.5416    22707.4265 10397987    0.19%
 209621 126768    22667.5579   170    22663.5416    22707.3658 10421500    0.19%
 210115 126982    22663.7752   161    22663.5416    22707.3060 10447025    0.19%
Elapsed time = 3002.84 sec. (1690765.27 ticks, tree = 629.19 MB, solutions = 1)
 210567 127195    22673.6509   115    22663.5416    22707.2514 10468582    0.19%
 211045 127417        cutoff          22663.5416    22707.2060 10491792    0.19%
 211529 127662    22678.4512   195    22663.5416    22707.1677 10515586    0.19%
 212014 127865    22698.0711   150    22663.5416    22707.1117 10540904    0.19%
 212514 128075    22703.1735   153    22663.5416    22707.0604 10564961    0.19%
 212968 128234        cutoff          22663.5416    22706.9997 10589077    0.19%
 213404 128398    22705.0344   175    22663.5416    22706.9420 10613519    0.19%
 213848 128554        cutoff          22663.5416    22706.8973 10636142    0.19%
 214332 128787    22672.9257   174    22663.5416    22706.8492 10657367    0.19%
 214869 129064    22695.7743   227    22663.5416    22706.7983 10680202    0.19%
Elapsed time = 3069.55 sec. (1729046.86 ticks, tree = 639.24 MB, solutions = 1)
 215350 129308    22678.4007    90    22663.5416    22706.7629 10701921    0.19%
 215791 129449    22694.8600   181    22663.5416    22706.6941 10726259    0.19%
 216285 129655    22702.2436   207    22663.5416    22706.6402 10750860    0.19%
 216768 129847    22666.6816   175    22663.5416    22706.5812 10778555    0.19%
 217248 130030    22672.0469   222    22663.5416    22706.5123 10805323    0.19%
 217771 130302    22691.0426   194    22663.5416    22706.4592 10826775    0.19%
 218261 130484    22673.4695   100    22663.5416    22706.3844 10851151    0.19%
 218772 130719        cutoff          22663.5416    22706.3318 10875127    0.19%
 219297 130964    22689.3115   188    22663.5416    22706.2700 10900130    0.19%
 219893 131301    22676.6095   105    22663.5416    22706.2204 10923603    0.19%
Elapsed time = 3135.63 sec. (1767243.48 ticks, tree = 651.75 MB, solutions = 1)
 220348 131465    22692.3281   165    22663.5416    22706.1725 10947570    0.19%
 220851 131699    22690.8216   193    22663.5416    22706.1118 10970555    0.19%
 221297 131876    22665.4703   138    22663.5416    22706.0426 10995917    0.19%
 221788 132068    22673.5744   179    22663.5416    22705.9779 11020330    0.19%
 222281 132266        cutoff          22663.5416    22705.9148 11045379    0.19%
 222805 132502    22674.4908   174    22663.5416    22705.8562 11070641    0.19%
 223209 132691    22699.7620   216    22663.5416    22705.8232 11091354    0.19%
 223657 132909    22673.5619   230    22663.5416    22705.7744 11113957    0.19%
 224102 133113    22669.6336   164    22663.5416    22705.7293 11137002    0.19%
 224549 133325    22671.5206   160    22663.5416    22705.6783 11158395    0.19%
Elapsed time = 3204.08 sec. (1805496.34 ticks, tree = 661.37 MB, solutions = 1)
 224988 133493    22667.4062   200    22663.5416    22705.6346 11181337    0.19%
 225470 133702        cutoff          22663.5416    22705.5750 11205440    0.19%
 225907 133821        cutoff          22663.5416    22705.5161 11230206    0.19%
 226354 133999    22678.8559   114    22663.5416    22705.4705 11255021    0.19%
 226834 134174    22666.9150   161    22663.5416    22705.4016 11280140    0.18%
 227275 134349    22682.0263   214    22663.5416    22705.3527 11303373    0.18%
 227631 134489    22704.0926   198    22663.5416    22705.3123 11320684    0.18%
 227845 134592    22680.5478   160    22663.5416    22705.2860 11332793    0.18%
 228031 134665    22664.0008   173    22663.5416    22705.2564 11343422    0.18%
 228331 134800    22671.4820   198    22663.5416    22705.2269 11356307    0.18%
Elapsed time = 3278.71 sec. (1846860.43 ticks, tree = 668.63 MB, solutions = 1)
 228531 134870    22663.7232   171    22663.5416    22705.2077 11365375    0.18%
 228709 134949    22679.4756   172    22663.5416    22705.1906 11374864    0.18%
 228731 134956    22670.9828   176    22663.5416    22705.1887 11375987    0.18%
 228831 135010    22676.6420   201    22663.5416    22705.1780 11379547    0.18%
 229031 135085    22678.5867   196    22663.5416    22705.1597 11390043    0.18%
 229131 135135    22690.3946   195    22663.5416    22705.1484 11395119    0.18%
 229331 135214    22700.8933   189    22663.5416    22705.1340 11405893    0.18%
 229431 135245    22691.6373   207    22663.5416    22705.1222 11412073    0.18%
 229531 135291    22688.0685   184    22663.5416    22705.1132 11416837    0.18%
 229642 135329    22701.4854   181    22663.5416    22705.1065 11421470    0.18%
Elapsed time = 3407.56 sec. (1917128.28 ticks, tree = 671.22 MB, solutions = 1)
 230031 135502    22693.9919   197    22663.5416    22705.0647 11443927    0.18%
 230493 135690    22680.6553   199    22663.5416    22704.9984 11469403    0.18%
 230969 135884    22678.3953   192    22663.5416    22704.9389 11494354    0.18%
 231468 136072    22676.3864   193    22663.5416    22704.8740 11521190    0.18%
 231881 136201        cutoff          22663.5416    22704.8143 11545306    0.18%
 232302 136360    22673.6753   160    22663.5416    22704.7562 11570676    0.18%
 232713 136505    22669.6675   172    22663.5416    22704.6970 11594176    0.18%
 232816 136529    22677.7365   202    22663.5416    22704.6790 11601415    0.18%
 233215 136707    22689.2822   181    22663.5416    22704.6355 11622052    0.18%
 233705 136944        cutoff          22663.5416    22704.5971 11643681    0.18%
Elapsed time = 3477.08 sec. (1955424.54 ticks, tree = 679.33 MB, solutions = 1)
 234135 137100    22683.0851   171    22663.5416    22704.5446 11668786    0.18%
 234645 137305    22677.1638   172    22663.5416    22704.4794 11697534    0.18%
 235116 137501    22676.5540   167    22663.5416    22704.4304 11721418    0.18%
 235579 137702    22674.8317   198    22663.5416    22704.3771 11746726    0.18%
 236024 137864    22680.7958   211    22663.5416    22704.3256 11771264    0.18%
 236506 138064    22673.1557   209    22663.5416    22704.2768 11795203    0.18%
 236989 138244    22663.6378   206    22663.5416    22704.2251 11819655    0.18%
 237336 138356    22666.6417   224    22663.5416    22704.1737 11839742    0.18%
 237767 138547    22675.2292   182    22663.5416    22704.1293 11860035    0.18%
 238286 138803    22686.3208   217    22663.5416    22704.0784 11882668    0.18%
Elapsed time = 3548.30 sec. (1994115.88 ticks, tree = 688.64 MB, solutions = 1)
 238711 138950    22695.8531   210    22663.5416    22704.0234 11907242    0.18%
 239113 139135    22667.8106   212    22663.5416    22703.9870 11929781    0.18%
 239612 139345    22672.2077   165    22663.5416    22703.9434 11954700    0.18%
 240075 139557    22681.7089   187    22663.5416    22703.8987 11977000    0.18%
 240534 139760    22686.1076   162    22663.5416    22703.8573 11999782    0.18%
 240933 139903    22664.4353   209    22663.5416    22703.8113 12022864    0.18%
 241336 140027    22675.8246   162    22663.5416    22703.7581 12045036    0.18%

Implied bound cuts applied:  87
Flow cuts applied:  177
Mixed integer rounding cuts applied:  472
Lift and project cuts applied:  91
Gomory fractional cuts applied:  66

Root node processing (before b&c):
  Real time             =    6.31 sec. (3230.92 ticks)
Sequential b&c:
  Real time             = 3593.70 sec. (2020287.29 ticks)
                          ------------
Total (root+branch&cut) = 3600.00 sec. (2023518.21 ticks)
