1 of 1 MIP starts provided solutions.
MIP start 'm1' defined initial solution with objective 19971.9854.
Tried aggregator 1 time.
MIP Presolve eliminated 3 rows and 1 columns.
Reduced MIP has 5728 rows, 3904 columns, and 43061 nonzeros.
Reduced MIP has 1827 binaries, 0 generals, 0 SOSs, and 0 indicators.
Presolve time = 0.02 sec. (14.15 ticks)
Probing time = 0.01 sec. (3.62 ticks)
Tried aggregator 1 time.
Reduced MIP has 5728 rows, 3904 columns, and 43061 nonzeros.
Reduced MIP has 1827 binaries, 0 generals, 0 SOSs, and 0 indicators.
Presolve time = 0.03 sec. (16.37 ticks)
Probing time = 0.01 sec. (3.60 ticks)
Clique table members: 1807.
MIP emphasis: balance optimality and feasibility.
MIP search method: dynamic search.
Parallel mode: none, using 1 thread.
Root relaxation solution time = 0.09 sec. (50.20 ticks)

        Nodes                                         Cuts/
   Node  Left     Objective  IInf  Best Integer    Best Bound    ItCnt     Gap

*     0+    0                        19971.9854    87434.8093     2698  337.79%
      0     0    21020.8357   283    19971.9854    21020.8357     2698    5.25%
      0     0    20610.0993   305    19971.9854     Cuts: 423     3129    3.20%
      0     0    20425.3731   286    19971.9854     Cuts: 277     3469    2.27%
      0     0    20361.7473   299    19971.9854     Cuts: 137     3681    1.95%
      0     0    20341.5237   294    19971.9854      Cuts: 79     3829    1.85%
      0     0    20322.9414   302    19971.9854      Cuts: 70     3929    1.76%
      0     0    20318.7008   300    19971.9854      Cuts: 34     3989    1.74%
      0     0    20316.9263   298    19971.9854      Cuts: 16     4016    1.73%
      0     0    20314.8355   305    19971.9854      Cuts: 14     4062    1.72%
      0     0    20314.6534   303    19971.9854       Cuts: 9     4069    1.72%
      0     0    20314.6207   303    19971.9854    MIRcuts: 3     4076    1.72%
      0     2    20314.6207   303    19971.9854    20314.5411     4076    1.72%
Elapsed time = 2.09 sec. (1101.16 ticks, tree = 0.00 MB, solutions = 1)
     21    23    20251.8663   264    19971.9854    20307.4799     4826    1.68%
     58    60    20026.2225   187    19971.9854    20307.4799     5719    1.68%
     96    94    20272.6218   270    19971.9854    20306.8872     6656    1.68%
    135   133    20105.0352   198    19971.9854    20306.8872     7916    1.68%
    190   183    20221.9509   250    19971.9854    20306.8319     9097    1.68%
    259   249    20124.7148   195    19971.9854    20302.9941    10396    1.66%
    308   292    20173.9512   258    19971.9854    20300.6198    11265    1.65%
    360   338    20164.6232   232    19971.9854    20299.6547    12468    1.64%
    446   420    20100.7258   193    19971.9854    20299.1422    14069    1.64%
    511   478    20161.3017   352    19971.9854    20161.2850    20144    0.95%
Elapsed time = 17.40 sec. (9155.72 ticks, tree = 1.07 MB, solutions = 1)
    513   478    20152.9494   324    19971.9854    20152.8956    20470    0.91%
    518   479    20127.0773   290    19971.9854    20147.2244    20884    0.88%
    524   483    20040.5113   271    19971.9854    20147.2244    21521    0.88%
    561   464    20143.4042   317    19971.9854    20147.2242    22390    0.88%
    611   493    20050.8490   226    19971.9854    20147.2242    24697    0.88%
    691   498    20121.8040   287    19971.9854    20144.6588    26347    0.86%
    804   554    20006.5512   243    19971.9854    20144.1568    29131    0.86%
    891   587    19995.4541   142    19971.9854    20142.0953    31309    0.85%
    990   629    20030.2536   237    19971.9854    20139.1474    33685    0.84%
   1089   667    20111.8235   337    19971.9854    20136.5223    36169    0.82%
Elapsed time = 35.26 sec. (19310.64 ticks, tree = 9.83 MB, solutions = 1)
   1151   695    20057.8669   221    19971.9854    20135.1741    39057    0.82%
   1289   762    19984.4510   138    19971.9854    20135.0977    41783    0.82%
   1402   790    20030.6716   291    19971.9854    20129.0108    44994    0.79%
   1551   889    20017.5100    93    19971.9854    20128.3505    48187    0.78%
   1698  1009    19980.3280   229    19971.9854    20127.7131    52099    0.78%
   1801  1102    20032.2136   166    19971.9854    20127.4882    55432    0.78%
   1961  1227    20048.3567   274    19971.9854    20125.2825    60181    0.77%
   2074  1320    20052.0781   239    19971.9854    20124.9855    64422    0.77%
   2221  1441    19994.6471   264    19971.9854    20123.6174    68726    0.76%
   2351  1554    20009.4701   220    19971.9854    20122.4464    72971    0.75%
Elapsed time = 52.35 sec. (29016.02 ticks, tree = 13.35 MB, solutions = 1)
   2490  1660    20032.7035   253    19971.9854    20120.8887    77746    0.75%
   2614  1762    20015.1835   221    19971.9854    20120.8519    81256    0.75%
   2780  1892    20073.9986   315    19971.9854    20119.7539    86800    0.74%
   2943  2020    20072.8669   263    19971.9854    20118.8128    91848    0.74%
   3092  2148    20024.5504   249    19971.9854    20118.2724    97439    0.73%
   3260  2281    19984.2856   240    19971.9854    20116.8836   102835    0.73%
   3451  2436    20027.4152   207    19971.9854    20116.4833   106775    0.72%
   3562  2524    20022.9104   241    19971.9854    20116.2057   110273    0.72%
   3702  2643    20103.5450   288    19971.9854    20115.7883   114547    0.72%
   3870  2784    20041.8516   329    19971.9854    20115.2733   118510    0.72%
Elapsed time = 69.25 sec. (38595.63 ticks, tree = 15.19 MB, solutions = 1)
   4004  2893    20046.9439   300    19971.9854    20114.2192   123269    0.71%
   4142  3017    19979.0571   223    19971.9854    20113.9862   127248    0.71%
   4232  3077    20097.6891   291    19971.9854    20113.5128   131243    0.71%
   4425  3240    19979.4293   232    19971.9854    20113.0569   136308    0.71%
   4563  3352    20042.9037   277    19971.9854    20112.9856   140458    0.71%
   4719  3474    20003.2535   299    19971.9854    20112.9856   144393    0.71%
   4858  3579    19973.3020   184    19971.9854    20111.7752   148842    0.70%
   5044  3724    20060.3109   279    19971.9854    20111.1184   152913    0.70%
   5227  3872    20045.3496   289    19971.9854    20110.3044   158360    0.69%
   5418  4033    20084.5164   289    19971.9854    20109.1340   163338    0.69%
Elapsed time = 86.43 sec. (48327.40 ticks, tree = 17.67 MB, solutions = 1)
   5589  4173    20024.5306   277    19971.9854    20108.6592   168457    0.68%
   5705  4264    19990.5665   257    19971.9854    20107.9235   173623    0.68%
   5898  4426    20020.4009   204    19971.9854    20107.2015   178949    0.68%
   6032  4532    20046.6331   272    19971.9854    20106.7838   183012    0.67%
   6213  4676    19998.1178   250    19971.9854    20106.3046   187941    0.67%
   6388  4829    20055.9463   302    19971.9854    20105.7818   192772    0.67%
   6525  4936    19945.6407   209    19971.9854    20105.3918   196513    0.67%
   6695  5076    19984.7026   282    19971.9854    20104.6590   201207    0.66%
   6865  5211    20034.3569   218    19971.9854    20104.2518   205698    0.66%
   7043  5362    20012.0461   209    19971.9854    20103.9698   209946    0.66%
Elapsed time = 103.69 sec. (58093.65 ticks, tree = 20.14 MB, solutions = 1)
   7194  5491    20007.3520   175    19971.9854    20103.3944   214337    0.66%
   7347  5606    19986.8614   318    19971.9854    20103.0790   218142    0.66%
   7467  5697    20045.2954   304    19971.9854    20102.0774   222483    0.65%
   7610  5809    20004.6433    97    19971.9854    20101.8593   226953    0.65%
   7780  5922    19974.7637   196    19971.9854    20100.8103   231532    0.65%
   8029  6127    20022.8868   259    19971.9854    20100.4835   236360    0.64%
   8213  6269    20014.8933   310    19971.9854    20099.6900   241535    0.64%
   8357  6386    20023.5809   246    19971.9854    20099.4124   246545    0.64%
   8506  6504    20034.5138   242    19971.9854    20098.7149   251960    0.63%
   8652  6623    19980.1462   290    19971.9854    20098.2484   256476    0.63%
Elapsed time = 120.72 sec. (67769.66 ticks, tree = 22.36 MB, solutions = 1)
   8812  6742    20023.1536   233    19971.9854    20097.4022   261933    0.63%
   9036  6928    19977.3743   250    19971.9854    20096.7931   267451    0.62%
   9231  7083    19984.5469   267    19971.9854    20096.1952   272476    0.62%
   9422  7220    20067.9910   268    19971.9854    20095.7654   277198    0.62%
   9655  7422    20035.1497   264    19971.9854    20095.5482   281080    0.62%
   9792  7543    20010.4377   290    19971.9854    20095.2693   285144    0.62%
   9958  7677    20058.2074   242    19971.9854    20094.9798   289489    0.62%
  10120  7804    20032.0133   250    19971.9854    20094.4930   293818    0.61%
  10254  7903    19989.1134   319    19971.9854    20093.8283   298402    0.61%
  10470  8074    20036.4615   273    19971.9854    20092.9793   303518    0.61%
Elapsed time = 137.60 sec. (77404.00 ticks, tree = 25.28 MB, solutions = 1)
  10619  8199    20012.6437   288    19971.9854    20092.7819   307557    0.60%
  10731  8288    20033.8689   223    19971.9854    20092.5633   310225    0.60%
  10732  8289    20092.2378   295    19971.9854    20092.5166   310235    0.60%
  10917  8443    20028.0195   272    19971.9854    20092.1033   315140    0.60%
  11070  8555    20011.4607   241    19971.9854    20091.7599   319889    0.60%
  11237  8676    19991.1068   309    19971.9854    20091.2246   323928    0.60%
  11426  8826    19994.9794   168    19971.9854    20090.8808   329459    0.60%
  11590  8941    19990.2670   249    19971.9854    20090.4471   335083    0.59%
  11773  9078    19995.7042   238    19971.9854    20089.9060   340046    0.59%
  11987  9248    20030.8434   183    19971.9854    20089.4650   345534    0.59%
Elapsed time = 168.26 sec. (94533.32 ticks, tree = 27.84 MB, solutions = 1)
  12197  9426    20049.3690   282    19971.9854    20088.7286   351038    0.58%
  12409  9602    19984.6943   160    19971.9854    20088.5426   356923    0.58%
  12609  9757    20051.7668   278    19971.9854    20088.1782   362637    0.58%
  12848  9959    20013.5481   306    19971.9854    20087.8566   368695    0.58%
  13020 10086    19975.6156   222    19971.9854    20087.5500   374448    0.58%
  13187 10214    20013.9572   201    19971.9854    20087.0105   380206    0.58%
  13411 10394    20017.1824   225    19971.9854    20086.5548   385831    0.57%
  13621 10572    19983.8609   240    19971.9854    20086.0418   391314    0.57%
  13878 10781    19979.1589   292    19971.9854    20085.8614   395831    0.57%
  14534 11267    19987.7200   240    19971.9854    20084.3521   416865    0.56%
Elapsed time = 190.37 sec. (106989.75 ticks, tree = 32.11 MB, solutions = 1)
  15155 11729    19973.2827   176    19971.9854    20083.0239   436342    0.56%
  15824 12247    20019.1937   239    19971.9854    20081.8395   454958    0.55%
  16393 12649    20010.3804   189    19971.9854    20080.8284   474068    0.54%
  17245 13289    20031.5536   252    19971.9854    20079.6272   495318    0.54%
  18054 13914    20003.3262   247    19971.9854    20078.5306   517228    0.53%
  18780 14473    19989.2712   175    19971.9854    20077.4677   538363    0.53%
  19531 15043    20006.3717   182    19971.9854    20076.3992   561126    0.52%
  20121 15467    20019.0649   253    19971.9854    20075.2686   580958    0.52%
  20785 15961    19984.8244   272    19971.9854    20074.4128   598848    0.51%
  21413 16411    19986.7787   233    19971.9854    20073.8923   616822    0.51%
Elapsed time = 258.24 sec. (145206.42 ticks, tree = 42.86 MB, solutions = 1)
  22041 16872    19983.0232   176    19971.9854    20073.2305   634467    0.51%
  22614 17280    20050.1171   238    19971.9854    20072.2996   652048    0.50%
  23444 17912    20022.2160   273    19971.9854    20071.3666   674415    0.50%
  24174 18467    20042.4325   247    19971.9854    20070.7190   696034    0.49%
  24940 19020    19983.5903   204    19971.9854    20070.1607   716512    0.49%
  25699 19567    20008.1920   304    19971.9854    20069.4719   738655    0.49%
  26427 20126    19990.7190   235    19971.9854    20068.7313   758964    0.48%
  27030 20533    19998.9756   255    19971.9854    20068.0137   778440    0.48%
  27791 21071    19976.9344    99    19971.9854    20067.3684   798673    0.48%
  28456 21540    19977.0169   207    19971.9854    20066.8368   818210    0.47%
Elapsed time = 330.88 sec. (183422.42 ticks, tree = 52.84 MB, solutions = 1)
  29230 22112    19963.8835   235    19971.9854    20066.3791   836240    0.47%
  29939 22624    20018.8294   288    19971.9854    20065.7376   856449    0.47%
  30698 23167    20013.0065   221    19971.9854    20065.1096   877948    0.47%
  31549 23776    20022.9557   226    19971.9854    20064.2344   900354    0.46%
  32328 24345    20016.3139   174    19971.9854    20063.6086   922648    0.46%
  33167 24959    19980.8294   255    19971.9854    20062.9509   940981    0.46%
  33985 25532    19999.0616   233    19971.9854    20062.2965   963042    0.45%
  34735 26061    19998.0643   213    19971.9854    20061.5828   982668    0.45%
  35439 26556    19999.4392   188    19971.9854    20061.0130  1001249    0.45%
  36137 27038        cutoff          19971.9854    20060.4058  1021785    0.44%
Elapsed time = 400.46 sec. (221643.72 ticks, tree = 64.07 MB, solutions = 1)
  36882 27562        cutoff          19971.9854    20059.7843  1041627    0.44%
  37631 28047    19976.5058   193    19971.9854    20059.3063  1062143    0.44%
  38511 28687    20007.5978   218    19971.9854    20058.7054  1084607    0.43%
  39476 29409    20035.8043   252    19971.9854    20058.2368  1106153    0.43%
  40312 29993    19992.2894   245    19971.9854    20057.7218  1129447    0.43%
  41017 30448        cutoff          19971.9854    20057.1603  1152438    0.43%
  41727 30909    20046.0848   236    19971.9854    20056.5655  1173678    0.42%
  42662 31619    19999.4574   240    19971.9854    20056.1282  1195246    0.42%
  43401 32104    20011.0970   246    19971.9854    20055.5344  1215655    0.42%
  44089 32565    20013.5765   245    19971.9854    20055.1776  1236022    0.42%
Elapsed time = 471.00 sec. (260303.00 ticks, tree = 75.66 MB, solutions = 1)
  44698 32945    19982.4527   282    19971.9854    20054.6243  1255592    0.41%
  45471 33488    20031.8734   242    19971.9854    20054.1492  1276200    0.41%
  46429 34173    20016.9324   267    19971.9854    20053.8358  1295461    0.41%
  47248 34766    19977.3603   194    19971.9854    20053.5835  1315307    0.41%
  48011 35244    20021.9185   244    19971.9854    20053.2233  1337448    0.41%
  48749 35715    20035.6168   271    19971.9854    20052.7102  1359728    0.40%
  49730 36452    19985.1867   162    19971.9854    20052.3691  1380990    0.40%
  50604 37042    19985.7194   188    19971.9854    20051.9738  1402586    0.40%
  51511 37690    19999.4928   229    19971.9854    20051.5982  1423865    0.40%
  52483 38363    20020.6864   275    19971.9854    20051.1441  1446006    0.40%
Elapsed time = 541.81 sec. (298693.18 ticks, tree = 88.64 MB, solutions = 1)
  53211 38859    19986.5861   306    19971.9854    20050.8053  1466921    0.39%
  53873 39311    19975.0685   210    19971.9854    20050.5410  1485143    0.39%
  54690 39852    20004.5830   241    19971.9854    20050.2453  1505665    0.39%
  55508 40439    19996.2522   153    19971.9854    20049.9674  1526574    0.39%
  56242 40898    19976.8223   247    19971.9854    20049.7405  1546192    0.39%
  57115 41438    19990.1340   250    19971.9854    20049.3317  1567816    0.39%
  58072 42099    20003.6587   239    19971.9854    20048.9348  1587677    0.39%
  58938 42666    20002.6583   184    19971.9854    20048.5545  1609297    0.38%
  59837 43266    20000.3060   146    19971.9854    20048.2819  1630832    0.38%
  60793 43933    19992.7674   238    19971.9854    20047.8902  1652723    0.38%
Elapsed time = 613.53 sec. (336891.53 ticks, tree = 100.30 MB, solutions = 1)
  61582 44444    20008.2088   195    19971.9854    20047.5719  1675805    0.38%
  62483 45080    19973.7207   249    19971.9854    20047.3020  1698995    0.38%
  63391 45700    20039.1841   232    19971.9854    20047.0438  1722386    0.38%
  64182 46221        cutoff          19971.9854    20046.7224  1742696    0.37%
  65089 46825    19990.7967   191    19971.9854    20046.4471  1764006    0.37%
  65862 47334    20038.9756   252    19971.9854    20046.1637  1783714    0.37%
  66699 47877    19996.6614   167    19971.9854    20045.7702  1804669    0.37%
  67615 48506    19978.7277   206    19971.9854    20045.4818  1824768    0.37%
  68463 49073    19999.6762   228    19971.9854    20045.2149  1845485    0.37%
  69397 49729    19989.5142   178    19971.9854    20044.9388  1867175    0.37%
Elapsed time = 682.27 sec. (375101.41 ticks, tree = 111.99 MB, solutions = 1)
  70089 50139        cutoff          19971.9854    20044.5820  1886674    0.36%
  70980 50747    19992.0329   299    19971.9854    20044.3147  1908670    0.36%
  71890 51377    20001.3084   124    19971.9854    20044.1129  1929801    0.36%
  72741 51958    20007.1726   249    19971.9854    20043.8771  1952276    0.36%
  73635 52556    19989.0395   218    19971.9854    20043.7238  1973696    0.36%
  74556 53107    20022.1112   198    19971.9854    20043.3298  1996223    0.36%
  75479 53710    19978.5823   127    19971.9854    20042.9803  2018332    0.36%
  76350 54269    19975.1261   153    19971.9854    20042.6652  2040163    0.35%
  77130 54792    19993.5230   235    19971.9854    20042.4459  2060058    0.35%
  77896 55306        cutoff          19971.9854    20042.2480  2079324    0.35%
Elapsed time = 751.36 sec. (413294.76 ticks, tree = 123.45 MB, solutions = 1)
  78765 55861    20025.2889   216    19971.9854    20042.0407  2100105    0.35%
  79652 56473    19982.2308   252    19971.9854    20041.8961  2119944    0.35%
  80663 57169    19992.0193   169    19971.9854    20041.7194  2140228    0.35%
  81529 57721    19997.2388   250    19971.9854    20041.4966  2162056    0.35%
  82428 58341        cutoff          19971.9854    20041.2851  2182119    0.35%
  83411 59002    20013.5433   235    19971.9854    20041.0471  2203126    0.35%
  84240 59526    20020.1275   233    19971.9854    20040.8215  2226342    0.34%
  85137 60137    19991.4732   146    19971.9854    20040.5925  2247613    0.34%
  86097 60790    20005.3045   211    19971.9854    20040.3506  2269245    0.34%
  86981 61388    19980.5818   214    19971.9854    20040.1367  2289006    0.34%
Elapsed time = 818.97 sec. (451497.74 ticks, tree = 136.19 MB, solutions = 1)
  87875 61954    19979.5932   204    19971.9854    20039.8665  2311124    0.34%
  88776 62544    20007.2863   215    19971.9854    20039.6212  2332778    0.34%
  89711 63199    20012.1894   256    19971.9854    20039.4527  2352693    0.34%
  90511 63717    19975.4522   188    19971.9854    20039.2070  2372809    0.34%
  91376 64283    20010.9115   198    19971.9854    20038.9558  2393666    0.34%
  92207 64799    20026.9751   256    19971.9854    20038.7221  2415166    0.33%
  93031 65304    19994.1650   231    19971.9854    20038.5138  2435703    0.33%
  93916 65895    20001.9701   233    19971.9854    20038.3362  2456133    0.33%
  94863 66477    19976.4011   190    19971.9854    20038.1443  2477198    0.33%
  95893 67182    19989.2305   195    19971.9854    20037.9510  2499061    0.33%
Elapsed time = 887.47 sec. (489881.67 ticks, tree = 150.02 MB, solutions = 1)
  96853 67856    19985.4463   238    19971.9854    20037.8049  2519963    0.33%
  97708 68411    19995.3961   262    19971.9854    20037.6380  2541639    0.33%
  98701 69088    19976.6616   234    19971.9854    20037.4903  2564266    0.33%
  99633 69701    20020.1299   231    19971.9854    20037.2880  2585612    0.33%
 100534 70247    20018.9626   223    19971.9854    20037.0790  2608453    0.33%
 101426 70833    19995.9543   219    19971.9854    20036.8750  2631288    0.32%
 102349 71435    19983.7837   267    19971.9854    20036.6200  2653883    0.32%
 103232 71977    19972.8807   152    19971.9854    20036.4327  2675523    0.32%
 104148 72583        cutoff          19971.9854    20036.2802  2695770    0.32%
 105012 73123    19991.6300   190    19971.9854    20036.1271  2716601    0.32%
Elapsed time = 957.04 sec. (528085.51 ticks, tree = 162.49 MB, solutions = 1)
 105900 73706        cutoff          19971.9854    20035.9145  2737186    0.32%
 106813 74281    19980.3323   198    19971.9854    20035.7545  2758496    0.32%
 107826 74915    19983.5512   168    19971.9854    20035.5208  2778102    0.32%
 108714 75443    20011.7774   234    19971.9854    20035.3353  2797814    0.32%
 109534 75966    19974.9649   242    19971.9854    20035.1913  2818955    0.32%
 110427 76526    20007.3067   209    19971.9854    20034.9659  2841652    0.32%
 111374 77132    20018.6238   235    19971.9854    20034.8229  2864051    0.31%
 112211 77660    20001.8513   230    19971.9854    20034.6497  2886234    0.31%
 113208 78293    20022.4096   245    19971.9854    20034.4513  2907773    0.31%
 114244 79000    19986.3743   205    19971.9854    20034.2666  2927573    0.31%
Elapsed time = 1024.36 sec. (566263.87 ticks, tree = 174.81 MB, solutions = 1)
 115172 79546    19984.7948   263    19971.9854    20034.0824  2950198    0.31%
 116209 80209    19986.9815   169    19971.9854    20033.9085  2972844    0.31%
 117202 80887        cutoff          19971.9854    20033.8002  2994619    0.31%
 118064 81414    19997.5188   198    19971.9854    20033.6278  3016459    0.31%
 118879 81934    19990.1448   209    19971.9854    20033.4791  3035922    0.31%
 119880 82559    20002.6414   247    19971.9854    20033.3509  3058592    0.31%
 120845 83139    19997.8177   198    19971.9854    20033.2057  3079195    0.31%
 121768 83739    19995.5229   254    19971.9854    20033.0502  3099419    0.31%
 122697 84317    19984.1661   227    19971.9854    20032.9126  3119483    0.31%
 123528 84811    20013.0891   208    19971.9854    20032.7443  3139166    0.30%
Elapsed time = 1093.37 sec. (604450.27 ticks, tree = 187.15 MB, solutions = 1)
 124433 85347    19995.5279   195    19971.9854    20032.5431  3159281    0.30%
 125361 85985    19973.6957   205    19971.9854    20032.4280  3177673    0.30%
 126194 86476    19997.6748   242    19971.9854    20032.2944  3198048    0.30%
 127172 87113    19972.8948   219    19971.9854    20032.1295  3219168    0.30%
 128174 87740    19988.7462   180    19971.9854    20031.9610  3241366    0.30%
 129076 88301    20020.6986   213    19971.9854    20031.7960  3262104    0.30%
 130017 88896    20017.5215   185    19971.9854    20031.6406  3282626    0.30%
 130941 89477    19987.6001   227    19971.9854    20031.5202  3304010    0.30%
 131969 90121    19977.1695   232    19971.9854    20031.3703  3325188    0.30%
 132979 90761    19995.4654   257    19971.9854    20031.2039  3347732    0.30%
Elapsed time = 1163.27 sec. (642635.58 ticks, tree = 199.72 MB, solutions = 1)
 133948 91372    20001.6356   285    19971.9854    20031.0623  3368506    0.30%
 134904 92006    19997.0680   271    19971.9854    20030.9310  3391028    0.30%
 135850 92586    19982.2892   217    19971.9854    20030.7410  3413349    0.29%
 136773 93144    20003.0839   267    19971.9854    20030.6061  3434509    0.29%
 137633 93670    20007.1175   196    19971.9854    20030.4760  3455662    0.29%
 138634 94340    19985.8944   204    19971.9854    20030.3789  3475841    0.29%
 139537 94897    19990.4554   218    19971.9854    20030.2597  3496221    0.29%
 140511 95482    19986.3836   220    19971.9854    20030.1127  3516356    0.29%
 141481 96064    19980.5842   194    19971.9854    20029.9531  3537314    0.29%
 142305 96496    19990.8217   210    19971.9854    20029.8085  3557660    0.29%
Elapsed time = 1232.75 sec. (680934.53 ticks, tree = 211.91 MB, solutions = 1)
 143233 97021    19998.5413   251    19971.9854    20029.6188  3579579    0.29%
 144139 97583    19998.7968   247    19971.9854    20029.4985  3600562    0.29%
 145093 98141    19994.6457   169    19971.9854    20029.3291  3623315    0.29%
 146029 98706    20009.5611   235    19971.9854    20029.1746  3645232    0.29%
 146927 99211    20012.6803   264    19971.9854    20029.0193  3668346    0.29%
 147780 99729    19975.7021   191    19971.9854    20028.8946  3689560    0.28%
 148798 100357    19977.8157   223    19971.9854    20028.7603  3711251    0.28%
 149772 100942    20011.6541   219    19971.9854    20028.6312  3732740    0.28%
 150711 101485    20017.7992   220    19971.9854    20028.4757  3754335    0.28%
 151598 102027    20009.5769   210    19971.9854    20028.3647  3775910    0.28%
Elapsed time = 1303.62 sec. (719112.36 ticks, tree = 223.61 MB, solutions = 1)
 152635 102674    19984.0030   133    19971.9854    20028.2202  3798023    0.28%
 153558 103251    20014.8137   214    19971.9854    20028.1088  3820297    0.28%
 154503 103820    20004.9953   215    19971.9854    20027.9891  3842036    0.28%
 155377 104373    19996.6536   243    19971.9854    20027.8965  3861740    0.28%
 156279 104883    20008.1661   254    19971.9854    20027.7881  3883242    0.28%
 157159 105396        cutoff          19971.9854    20027.6576  3903730    0.28%
 158083 105959    19979.7941   107    19971.9854    20027.5620  3924861    0.28%
 159076 106568    19986.6396   205    19971.9854    20027.4270  3946112    0.28%
 159988 107074    19988.8542   263    19971.9854    20027.3179  3968166    0.28%
 160878 107593    20010.2803   219    19971.9854    20027.2082  3987822    0.28%
Elapsed time = 1374.31 sec. (757298.02 ticks, tree = 235.48 MB, solutions = 1)
 161775 108094    20020.2027   231    19971.9854    20027.0549  4008031    0.28%
 162647 108606    19988.4549   220    19971.9854    20026.9304  4029997    0.28%
 163689 109189        cutoff          19971.9854    20026.7643  4052733    0.27%
 164597 109732    19983.6878   237    19971.9854    20026.6409  4073662    0.27%
 165509 110247    19991.7507   228    19971.9854    20026.5279  4096218    0.27%
 166440 110769    20025.1158   205    19971.9854    20026.3796  4117623    0.27%
 167262 111211    19989.4648   217    19971.9854    20026.2754  4137910    0.27%
 168236 111770    19984.9690   210    19971.9854    20026.1604  4160142    0.27%
 169192 112320    20003.9155   237    19971.9854    20026.0319  4181251    0.27%
 170182 112925    19975.3880   224    19971.9854    20025.8947  4203107    0.27%
Elapsed time = 1442.62 sec. (795485.25 ticks, tree = 246.79 MB, solutions = 1)
 171177 113520    19978.4674   125    19971.9854    20025.7961  4224531    0.27%
 172164 114121    19984.3532   200    19971.9854    20025.6824  4247085    0.27%
 173111 114682    20005.5054   259    19971.9854    20025.5923  4267930    0.27%
 174032 115222    20004.1333   231    19971.9854    20025.4780  4286756    0.27%
 174968 115772        cutoff          19971.9854    20025.3492  4308187    0.27%
 175869 116302    19993.1219   246    19971.9854    20025.2392  4328963    0.27%
 176808 116832    19977.7848   161    19971.9854    20025.1413  4351119    0.27%
 177805 117408    19991.2690   206    19971.9854    20024.9841  4372215    0.27%
 178656 117889    19994.7928   124    19971.9854    20024.8915  4392013    0.26%
 179550 118422    19994.1490   116    19971.9854    20024.7867  4411630    0.26%
Elapsed time = 1513.50 sec. (833681.53 ticks, tree = 258.53 MB, solutions = 1)
 180520 118955    20008.1048   270    19971.9854    20024.6730  4431921    0.26%
 181465 119536    19961.4759   164    19971.9854    20024.5696  4454540    0.26%
 182433 120079    19985.9409   243    19971.9854    20024.4652  4476896    0.26%
 183395 120628    19979.6019   184    19971.9854    20024.3519  4499394    0.26%
 184403 121200    20014.0107   241    19971.9854    20024.2245  4521969    0.26%
 185348 121688    19986.8810   162    19971.9854    20024.1006  4543346    0.26%
 186359 122292    19978.8013   176    19971.9854    20023.9874  4565311    0.26%
 187287 122785    19982.2602   196    19971.9854    20023.8513  4587782    0.26%
 188261 123331    19981.5084   184    19971.9854    20023.7250  4610168    0.26%
 189254 123910    19999.1642   181    19971.9854    20023.6159  4631212    0.26%
Elapsed time = 1584.88 sec. (871848.71 ticks, tree = 270.26 MB, solutions = 1)
 190177 124439    19988.2924   219    19971.9854    20023.5187  4653696    0.26%
 191146 125022    20009.6792   196    19971.9854    20023.4253  4676674    0.26%
 192182 125637    19985.7554   226    19971.9854    20023.3150  4697836    0.26%
 193178 126228    19991.0143   215    19971.9854    20023.2022  4718642    0.26%
 194068 126712    20016.6889   218    19971.9854    20023.1080  4739379    0.26%
 195077 127298    19998.3929   205    19971.9854    20022.9774  4761705    0.26%
 195935 127766    19976.5539   133    19971.9854    20022.9086  4782475    0.25%
 196871 128316    19989.2239   220    19971.9854    20022.8122  4802482    0.25%
 197781 128747    19990.2330   145    19971.9854    20022.6569  4823552    0.25%
 198621 129204    19983.7877   252    19971.9854    20022.5751  4843488    0.25%
Elapsed time = 1655.90 sec. (910015.74 ticks, tree = 281.58 MB, solutions = 1)
 199553 129747    20011.9138   231    19971.9854    20022.4859  4864600    0.25%
 200510 130291    20000.8416   220    19971.9854    20022.4052  4885849    0.25%
 201429 130802    20005.9836   259    19971.9854    20022.3200  4907117    0.25%
 202394 131352    19993.9813   192    19971.9854    20022.2205  4929166    0.25%
 203325 131878    19982.6451   199    19971.9854    20022.1437  4949798    0.25%
 204345 132497        cutoff          19971.9854    20022.0379  4971712    0.25%
 205353 133004        cutoff          19971.9854    20021.9086  4994020    0.25%
 206311 133536    19976.7388   271    19971.9854    20021.8024  5015883    0.25%
 207308 134099    20013.0990   203    19971.9854    20021.7124  5037449    0.25%
 208296 134659        cutoff          19971.9854    20021.6293  5059407    0.25%
Elapsed time = 1727.21 sec. (948218.69 ticks, tree = 294.86 MB, solutions = 1)
 209292 135182    19982.1549   132    19971.9854    20021.5059  5081961    0.25%
 210266 135735    19974.0418   106    19971.9854    20021.4145  5104236    0.25%
 211322 136336    19996.5388   225    19971.9854    20021.3197  5126148    0.25%
 212181 136763    19983.7984   210    19971.9854    20021.2109  5147255    0.25%
 213112 137238        cutoff          19971.9854    20021.1126  5168664    0.25%
 213921 137703    20008.2522   222    19971.9854    20021.0261  5188608    0.25%
 214944 138271    19981.6709   134    19971.9854    20020.9345  5209099    0.25%
 215850 138743    20000.2117   223    19971.9854    20020.8582  5231323    0.24%
 216771 139289    19974.4289   215    19971.9854    20020.7713  5252017    0.24%
 217645 139754    19995.9514   242    19971.9854    20020.6670  5272274    0.24%
Elapsed time = 1797.09 sec. (986396.14 ticks, tree = 305.77 MB, solutions = 1)
 218518 140234    19996.7045   231    19971.9854    20020.5675  5291432    0.24%
 219467 140746    19977.4820   215    19971.9854    20020.4813  5312734    0.24%
 220404 141270    20001.8653   219    19971.9854    20020.3980  5333558    0.24%
 221291 141706    19998.2356   229    19971.9854    20020.2973  5354998    0.24%
 222194 142151    20002.8341   215    19971.9854    20020.1953  5375968    0.24%
 223137 142653    19995.3936   231    19971.9854    20020.1256  5397066    0.24%
 224067 143126    19980.9523   223    19971.9854    20020.0436  5419820    0.24%
 225026 143591    19986.6419   106    19971.9854    20019.9533  5440555    0.24%
 225963 144043    19987.8160   141    19971.9854    20019.8455  5462890    0.24%
 226945 144607    19989.6041   229    19971.9854    20019.7540  5485926    0.24%
Elapsed time = 1866.50 sec. (1024575.73 ticks, tree = 316.24 MB, solutions = 1)
 227866 145075    19998.8206   199    19971.9854    20019.6690  5506963    0.24%
 228799 145562    19993.3134   298    19971.9854    20019.5721  5529846    0.24%
 229766 146101    19987.5083   258    19971.9854    20019.4902  5552947    0.24%
 230642 146577    19998.3344   199    19971.9854    20019.4197  5574603    0.24%
 231570 147086        cutoff          19971.9854    20019.3469  5596348    0.24%
 232511 147533    19974.3637   206    19971.9854    20019.2472  5618614    0.24%
 233410 147967    19985.4128   189    19971.9854    20019.1442  5640996    0.24%
 234321 148441        cutoff          19971.9854    20019.0762  5663399    0.24%
 235023 148790    19995.2494   223    19971.9854    20019.0073  5681293    0.24%
 235857 149211        cutoff          19971.9854    20018.9090  5701889    0.23%
Elapsed time = 1937.41 sec. (1062977.73 ticks, tree = 325.96 MB, solutions = 1)
 236758 149701    19980.0065    94    19971.9854    20018.8384  5723573    0.23%
 237580 150100    19984.7805   184    19971.9854    20018.7386  5743513    0.23%
 238511 150554    19991.7266   203    19971.9854    20018.6415  5764635    0.23%
 239408 150989    19982.8753   237    19971.9854    20018.5469  5786197    0.23%
 240306 151431    19978.7224   227    19971.9854    20018.4620  5807218    0.23%
 241264 151940        cutoff          19971.9854    20018.3882  5828400    0.23%
 242153 152362    20002.0964   235    19971.9854    20018.3064  5849606    0.23%
 243110 152875    19985.0533   192    19971.9854    20018.2154  5870842    0.23%
 244037 153298    20003.4393   248    19971.9854    20018.1217  5892798    0.23%
 244980 153739        cutoff          19971.9854    20018.0185  5915089    0.23%
Elapsed time = 2007.43 sec. (1101223.98 ticks, tree = 335.68 MB, solutions = 1)
 245904 154209    19983.8267   256    19971.9854    20017.9328  5937490    0.23%
 246961 154798    20003.6838   151    19971.9854    20017.8531  5959772    0.23%
 247931 155310    20003.2817   220    19971.9854    20017.7596  5982237    0.23%
 248862 155805    19994.5432   225    19971.9854    20017.6820  6005268    0.23%
 249831 156331    19986.6519   187    19971.9854    20017.6152  6027330    0.23%
 250763 156796    19998.6220   190    19971.9854    20017.5303  6049001    0.23%
 251662 157242    20012.0553   204    19971.9854    20017.4567  6071156    0.23%
 252623 157723    19981.8111   206    19971.9854    20017.3642  6092120    0.23%
 253611 158239    19982.4880   219    19971.9854    20017.2747  6114543    0.23%
 254528 158671    19989.2557   250    19971.9854    20017.1726  6137606    0.23%
Elapsed time = 2078.51 sec. (1139398.29 ticks, tree = 347.43 MB, solutions = 1)
 255440 159128    20010.8940   261    19971.9854    20017.0942  6159677    0.23%
 256358 159557    19976.2176   141    19971.9854    20017.0292  6181845    0.23%
 257287 160022    19974.1407   229    19971.9854    20016.9556  6202065    0.23%
 258232 160462    20001.5859   241    19971.9854    20016.8633  6224358    0.22%
 259152 160930    19987.5257   179    19971.9854    20016.7883  6244916    0.22%
 260083 161379        cutoff          19971.9854    20016.7148  6266238    0.22%
 261006 161848        cutoff          19971.9854    20016.6220  6287016    0.22%
 261952 162349    19984.6585   187    19971.9854    20016.5558  6308493    0.22%
 262850 162764    19982.4029   130    19971.9854    20016.4648  6329762    0.22%
 263716 163163    19977.5392   200    19971.9854    20016.3894  6351335    0.22%
Elapsed time = 2148.67 sec. (1177577.18 ticks, tree = 357.17 MB, solutions = 1)
 264511 163515    19982.2729   198    19971.9854    20016.3100  6370110    0.22%
 265334 163889    19989.2568   245    19971.9854    20016.2337  6392176    0.22%
 266285 164342    19976.2328   203    19971.9854    20016.1647  6413683    0.22%
 267271 164864        cutoff          19971.9854    20016.1015  6435937    0.22%
 268245 165331        cutoff          19971.9854    20016.0172  6458157    0.22%
 269184 165786        cutoff          19971.9854    20015.9482  6481234    0.22%
 270157 166237    19974.7298   163    19971.9854    20015.8510  6503630    0.22%
 271033 166672        cutoff          19971.9854    20015.7843  6524328    0.22%
 271965 167096        cutoff          19971.9854    20015.6870  6546699    0.22%
 272961 167580    20000.9661   184    19971.9854    20015.5951  6569226    0.22%
Elapsed time = 2220.40 sec. (1215820.37 ticks, tree = 366.75 MB, solutions = 1)
 273822 167982    20002.9924   188    19971.9854    20015.5178  6591218    0.22%
 274822 168476    20005.5681   241    19971.9854    20015.4346  6612572    0.22%
 275824 168928    20002.8202   211    19971.9854    20015.3630  6634417    0.22%
 276824 169442        cutoff          19971.9854    20015.2838  6656868    0.22%
 277827 169968    20002.8184   212    19971.9854    20015.2154  6678593    0.22%
 278738 170390    19981.2119   207    19971.9854    20015.1323  6700454    0.22%
 279728 170813    19981.0168   125    19971.9854    20015.0515  6723812    0.22%
 280620 171199    19992.4074   125    19971.9854    20014.9748  6746182    0.22%
 281511 171582    19978.2857   184    19971.9854    20014.8998  6767899    0.21%
 282517 172094    20005.9825   289    19971.9854    20014.8247  6790169    0.21%
Elapsed time = 2289.13 sec. (1254036.23 ticks, tree = 376.56 MB, solutions = 1)
 283409 172498        cutoff          19971.9854    20014.7560  6811422    0.21%
 284360 172964    19977.5425   216    19971.9854    20014.6739  6832526    0.21%
 285269 173359        cutoff          19971.9854    20014.5901  6853816    0.21%
 286102 173716    19979.2735   235    19971.9854    20014.5175  6873659    0.21%
 286980 174074    19974.6443   308    19971.9854    20014.4359  6895762    0.21%
 287898 174466    19985.8246   229    19971.9854    20014.3485  6917051    0.21%
 288853 174901        cutoff          19971.9854    20014.2781  6938622    0.21%
 289822 175366    19988.3383   206    19971.9854    20014.2054  6960890    0.21%
 290754 175749    19984.6336   295    19971.9854    20014.1159  6982751    0.21%
 291727 176229    19975.4315   252    19971.9854    20014.0460  7005068    0.21%
Elapsed time = 2356.92 sec. (1292254.16 ticks, tree = 385.50 MB, solutions = 1)
 292640 176653    19979.8737   226    19971.9854    20013.9762  7027943    0.21%
 293611 177108    19989.7297   162    19971.9854    20013.9048  7051055    0.21%
 294612 177602    20009.0855   225    19971.9854    20013.8225  7073385    0.21%
 295603 178064        cutoff          19971.9854    20013.7529  7095761    0.21%
 296565 178507        cutoff          19971.9854    20013.6943  7117996    0.21%
 297508 178938    19997.1016   212    19971.9854    20013.6258  7140954    0.21%
 298481 179431    19999.4469   201    19971.9854    20013.5616  7162062    0.21%
 299448 179875    19985.0959   156    19971.9854    20013.4741  7183667    0.21%
 300454 180356        cutoff          19971.9854    20013.4084  7205249    0.21%
 301394 180775        cutoff          19971.9854    20013.3192  7228377    0.21%
Elapsed time = 2425.19 sec. (1330435.55 ticks, tree = 395.42 MB, solutions = 1)
 302291 181145        cutoff          19971.9854    20013.2477  7250835    0.21%
 303265 181624    20004.2178   214    19971.9854    20013.1867  7274259    0.21%
 304315 182090    19990.3865   221    19971.9854    20013.1133  7297030    0.21%
 305172 182444    20001.6909   234    19971.9854    20013.0386  7318466    0.21%
 306096 182845    20002.1173   267    19971.9854    20012.9709  7339876    0.21%
 306995 183238    19984.2287    95    19971.9854    20012.8990  7362121    0.20%
 307876 183596        cutoff          19971.9854    20012.8220  7383577    0.20%
 308736 183926    19975.1154   264    19971.9854    20012.7382  7405250    0.20%
 309680 184382    19991.8659   224    19971.9854    20012.6816  7427072    0.20%
 310667 184851    19988.5566   230    19971.9854    20012.6116  7448130    0.20%
Elapsed time = 2493.24 sec. (1368610.22 ticks, tree = 404.32 MB, solutions = 1)
 311642 185319    19986.0787   182    19971.9854    20012.5488  7469200    0.20%
 312576 185761        cutoff          19971.9854    20012.4921  7489138    0.20%
 313511 186203    19972.0874   171    19971.9854    20012.4260  7510267    0.20%
 314440 186576    19981.9000   237    19971.9854    20012.3578  7532806    0.20%
 315347 186984    19989.2741   234    19971.9854    20012.2905  7554898    0.20%
 316291 187338    19973.8729   224    19971.9854    20012.2053  7577242    0.20%
 317229 187754    19990.6219   203    19971.9854    20012.1397  7599810    0.20%
 318206 188178    19981.5269   152    19971.9854    20012.0701  7622822    0.20%
 319206 188631        cutoff          19971.9854    20012.0032  7644366    0.20%
 320253 189150    19993.0666   199    19971.9854    20011.9451  7666364    0.20%
Elapsed time = 2560.69 sec. (1406909.11 ticks, tree = 415.01 MB, solutions = 1)
 321288 189618    19990.8749   198    19971.9854    20011.8813  7689498    0.20%
 322208 189964        cutoff          19971.9854    20011.7990  7713799    0.20%
 323178 190433    19989.3874   247    19971.9854    20011.7437  7734350    0.20%
 324061 190778    20000.1424   251    19971.9854    20011.6780  7756693    0.20%
 325017 191207    19991.1864   192    19971.9854    20011.6079  7779096    0.20%
 325937 191559    19997.0062   152    19971.9854    20011.5310  7801983    0.20%
 326830 191930    19998.8152   182    19971.9854    20011.4652  7822233    0.20%
 327615 192275        cutoff          19971.9854    20011.4131  7840388    0.20%
 328616 192724    19976.2044    77    19971.9854    20011.3500  7862472    0.20%
 329576 193132    19999.4346   198    19971.9854    20011.2890  7884624    0.20%
Elapsed time = 2626.66 sec. (1445228.72 ticks, tree = 423.72 MB, solutions = 1)
 330527 193524        cutoff          19971.9854    20011.2228  7906151    0.20%
 331511 193958    19981.1475   161    19971.9854    20011.1618  7927492    0.20%
 332391 194260    19976.0481   220    19971.9854    20011.0815  7949670    0.20%
 333253 194632        cutoff          19971.9854    20011.0215  7970357    0.20%
 334147 194982    19978.0978   205    19971.9854    20010.9544  7991011    0.20%
 335127 195406        cutoff          19971.9854    20010.8924  8012746    0.19%
 336135 195850    19984.8993   203    19971.9854    20010.8329  8034162    0.19%
 337034 196243    19976.5798   220    19971.9854    20010.7702  8054305    0.19%
 337952 196541    19991.3144   102    19971.9854    20010.6866  8076404    0.19%
 338919 197022    19976.3560   213    19971.9854    20010.6366  8096751    0.19%
Elapsed time = 2695.49 sec. (1483499.77 ticks, tree = 432.23 MB, solutions = 1)
 339816 197330    19985.2333   114    19971.9854    20010.5658  8118982    0.19%
 340760 197695    19981.7591   221    19971.9854    20010.5074  8140277    0.19%
 341794 198152        cutoff          19971.9854    20010.4429  8161911    0.19%
 342791 198586    19990.0200   105    19971.9854    20010.3858  8182504    0.19%
 343714 198939    19997.3244   226    19971.9854    20010.3084  8205421    0.19%
 344674 199391    19990.5187   148    19971.9854    20010.2503  8225669    0.19%
 345662 199860    19986.8688   168    19971.9854    20010.1914  8247632    0.19%
 346648 200294    19976.6733   120    19971.9854    20010.1276  8269598    0.19%
 347589 200652    19987.9859   204    19971.9854    20010.0500  8292978    0.19%
 348560 201043    19988.6865   262    19971.9854    20009.9784  8315028    0.19%
Elapsed time = 2764.96 sec. (1521674.82 ticks, tree = 441.07 MB, solutions = 1)
 349557 201468    19972.4967   230    19971.9854    20009.9029  8337892    0.19%
 350509 201835        cutoff          19971.9854    20009.8317  8360530    0.19%
 351475 202227    19995.3016   147    19971.9854    20009.7713  8382150    0.19%
 352505 202652    19988.3531   255    19971.9854    20009.6977  8405121    0.19%
 353462 203043    19977.2811   158    19971.9854    20009.6390  8427689    0.19%
 354353 203339        cutoff          19971.9854    20009.5741  8449686    0.19%
 355304 203736    19979.2779   232    19971.9854    20009.5117  8472234    0.19%
 356176 204081    19972.2070   251    19971.9854    20009.4491  8492482    0.19%
 357180 204480    19997.9118   256    19971.9854    20009.3843  8514766    0.19%
 358102 204834    19976.8217   218    19971.9854    20009.3240  8537338    0.19%
Elapsed time = 2834.52 sec. (1559979.63 ticks, tree = 449.39 MB, solutions = 1)
 359090 205261        cutoff          19971.9854    20009.2609  8558780    0.19%
 360024 205638    19993.7124   187    19971.9854    20009.1941  8579328    0.19%
 360931 205989    19975.5992   177    19971.9854    20009.1355  8601158    0.19%
 361938 206410    19981.6669   179    19971.9854    20009.0674  8624065    0.19%
 362946 206834    19986.5068    91    19971.9854    20009.0095  8645182    0.19%
 363907 207169    19972.2062   179    19971.9854    20008.9443  8666489    0.19%
 364842 207534    19985.7596   193    19971.9854    20008.8767  8687720    0.18%
 365796 207927        cutoff          19971.9854    20008.8231  8708062    0.18%
 366712 208193    19999.1190   216    19971.9854    20008.7573  8730474    0.18%
 367700 208612    19987.1055   175    19971.9854    20008.7087  8752383    0.18%
Elapsed time = 2903.55 sec. (1598141.57 ticks, tree = 457.69 MB, solutions = 1)
 368558 208896        cutoff          19971.9854    20008.6333  8773777    0.18%
 369511 209278    19996.2234   155    19971.9854    20008.5793  8796761    0.18%
 370444 209645        cutoff          19971.9854    20008.5265  8819315    0.18%
 371420 209966    19976.6762   203    19971.9854    20008.4483  8842179    0.18%
 372390 210319    19977.7916   184    19971.9854    20008.3839  8865434    0.18%
 373341 210654        cutoff          19971.9854    20008.3295  8887898    0.18%
 374285 211008    19989.2266   227    19971.9854    20008.2685  8909928    0.18%
 375291 211377    19992.4073   187    19971.9854    20008.2031  8931630    0.18%
 376234 211726        cutoff          19971.9854    20008.1455  8953460    0.18%
 377170 212036    19986.4441   232    19971.9854    20008.0806  8975677    0.18%
Elapsed time = 2974.17 sec. (1636505.76 ticks, tree = 465.22 MB, solutions = 1)
 378143 212368    19996.2940   218    19971.9854    20008.0218  8998560    0.18%
 379086 212695    19976.6474   245    19971.9854    20007.9658  9020474    0.18%
 380074 213025    19985.0110   198    19971.9854    20007.9057  9042336    0.18%
 381064 213376    19989.1921   208    19971.9854    20007.8451  9065432    0.18%
 382017 213748        cutoff          19971.9854    20007.7898  9088153    0.18%
 383031 214123    19992.0877   231    19971.9854    20007.7232  9110540    0.18%
 383811 214396        cutoff          19971.9854    20007.6773  9129700    0.18%
 384643 214692    19987.5209   220    19971.9854    20007.6241  9148996    0.18%
 385529 214950    19973.5197   205    19971.9854    20007.5655  9170295    0.18%
 386456 215272    19973.8336   231    19971.9854    20007.5047  9192096    0.18%
Elapsed time = 3042.65 sec. (1674692.18 ticks, tree = 472.36 MB, solutions = 1)
 387343 215581    19986.5548   255    19971.9854    20007.4564  9214277    0.18%
 388306 215930    19985.5599   217    19971.9854    20007.3950  9235492    0.18%
 389281 216330    19997.8634   215    19971.9854    20007.3362  9256389    0.18%
 390200 216650    19985.7505   225    19971.9854    20007.2788  9278660    0.18%
 391136 216992    19980.2415    97    19971.9854    20007.2248  9299433    0.18%
 392073 217342    19972.4547   129    19971.9854    20007.1731  9320897    0.18%
 393006 217683    19987.3383   234    19971.9854    20007.1221  9341817    0.18%
 393952 218031        cutoff          19971.9854    20007.0631  9361566    0.18%
 394894 218407    19981.8625   155    19971.9854    20007.0129  9381501    0.18%
 395884 218770    19991.1218   185    19971.9854    20006.9587  9403650    0.18%
Elapsed time = 3109.28 sec. (1712892.03 ticks, tree = 480.09 MB, solutions = 1)
 396878 219140    19993.5043   243    19971.9854    20006.8995  9425761    0.17%
 397877 219497    19994.8322   261    19971.9854    20006.8375  9447682    0.17%
 398759 219776    19973.0468   130    19971.9854    20006.7779  9470275    0.17%
 399735 220173    19984.6701   207    19971.9854    20006.7266  9492538    0.17%
 400703 220476        cutoff          19971.9854    20006.6634  9515670    0.17%
 401655 220755    19992.0684   151    19971.9854    20006.6008  9538668    0.17%
 402625 221041    19975.1527   115    19971.9854    20006.5336  9561508    0.17%
 403520 221361    19990.9672   269    19971.9854    20006.4725  9583932    0.17%
 404452 221654    19993.5158   180    19971.9854    20006.4129  9606673    0.17%
 405411 222029    19982.1744   220    19971.9854    20006.3603  9627368    0.17%
Elapsed time = 3179.21 sec. (1751074.38 ticks, tree = 487.29 MB, solutions = 1)
 406362 222336    19976.9038   196    19971.9854    20006.3043  9649439    0.17%
 407316 222674    19984.1265   233    19971.9854    20006.2612  9671369    0.17%
 408263 222997    19996.3055   229    19971.9854    20006.2092  9693354    0.17%
 409173 223352    19998.4562   190    19971.9854    20006.1605  9714078    0.17%
 410076 223713    19979.9980   157    19971.9854    20006.1136  9735344    0.17%
 411061 224104    19976.0250   233    19971.9854    20006.0634  9757083    0.17%
 411953 224414        cutoff          19971.9854    20006.0151  9776746    0.17%
 412931 224754    19990.6885   249    19971.9854    20005.9655  9797906    0.17%
 413811 225047    19972.8899   182    19971.9854    20005.9098  9818302    0.17%
 414411 225279    19975.1830   151    19971.9854    20005.8761  9830717    0.17%
Elapsed time = 3248.42 sec. (1789895.59 ticks, tree = 494.49 MB, solutions = 1)
 414711 225403    19981.6163   206    19971.9854    20005.8608  9837180    0.17%
 415111 225503    19979.2405   207    19971.9854    20005.8344  9846295    0.17%
 415311 225569    19983.7308   152    19971.9854    20005.8231  9850916    0.17%
 415711 225720    19982.5478   207    19971.9854    20005.7978  9859398    0.17%
 416011 225820    19982.3004   176    19971.9854    20005.7783  9865304    0.17%
 416166 225846    19984.8883   215    19971.9854    20005.7649  9868926    0.17%
 416311 225903    19982.2605   151    19971.9854    20005.7539  9871996    0.17%
 416437 225936        cutoff          19971.9854    20005.7450  9874672    0.17%
 416611 225989    19982.1514   227    19971.9854    20005.7363  9878948    0.17%
 416811 226064    19995.9522   223    19971.9854    20005.7277  9883863    0.17%
Elapsed time = 3350.68 sec. (1845776.70 ticks, tree = 496.22 MB, solutions = 1)
 417111 226149    19973.9445   152    19971.9854    20005.7068  9889588    0.17%
 417211 226154    19988.7384   139    19971.9854    20005.6956  9892425    0.17%
 417311 226201    19996.5333   106    19971.9854    20005.6909  9894618    0.17%
 417511 226291    19983.3788   224    19971.9854    20005.6785  9898495    0.17%
 418111 226475    19989.4578   164    19971.9854    20005.6404  9912521    0.17%
 418578 226664    19990.2167   223    19971.9854    20005.6201  9923142    0.17%
 419111 226899    19992.8629   128    19971.9854    20005.5910  9933424    0.17%
 419811 227175    19987.8089   225    19971.9854    20005.5535  9947845    0.17%
 420221 227347    19979.5216   222    19971.9854    20005.5357  9955682    0.17%
 420960 227611    19979.3842   234    19971.9854    20005.4921  9972310    0.17%
Elapsed time = 3466.66 sec. (1907447.53 ticks, tree = 501.22 MB, solutions = 1)
 421511 227783    19990.5996   161    19971.9854    20005.4621  9984282    0.17%
 422083 227937        cutoff          19971.9854    20005.4216  9997465    0.17%
 422411 228044    19977.1229   178    19971.9854    20005.4027 10004420    0.17%
 422911 228200    19983.5138   173    19971.9854    20005.3715 10015931    0.17%
 423550 228358    19972.8998   178    19971.9854    20005.3279 10029600    0.17%
 424211 228606    19979.3790   234    19971.9854    20005.2945 10043402    0.17%
 424778 228769    19990.4090   228    19971.9854    20005.2614 10057126    0.17%
 425511 228912    19976.6576   185    19971.9854    20005.2125 10074255    0.17%
 426165 229107    19973.6378   154    19971.9854    20005.1716 10089460    0.17%
 426839 229373    20000.8335   226    19971.9854    20005.1394 10104193    0.17%
Elapsed time = 3540.02 sec. (1947673.88 ticks, tree = 505.14 MB, solutions = 1)
 427558 229550    19983.2249   257    19971.9854    20005.0885 10120444    0.17%
 428236 229829    19983.4281   151    19971.9854    20005.0620 10135186    0.17%
 428911 230061    19986.6723   222    19971.9854    20005.0286 10148691    0.17%
 429365 230217    19992.2688   238    19971.9854    20004.9989 10159904    0.17%
 429701 230312    19996.3832   148    19971.9854    20004.9751 10167894    0.17%
 429811 230341    19996.6211   164    19971.9854    20004.9674 10169946    0.17%
 430411 230548    19974.9184   131    19971.9854    20004.9370 10182102    0.16%
 430911 230693    19992.6115   193    19971.9854    20004.9099 10192904    0.16%

Cover cuts applied:  1
Implied bound cuts applied:  1
Flow cuts applied:  104
Mixed integer rounding cuts applied:  337
Lift and project cuts applied:  79
Gomory fractional cuts applied:  58

Root node processing (before b&c):
  Real time             =    2.07 sec. (1089.21 ticks)
Sequential b&c:
  Real time             = 3597.93 sec. (1980731.21 ticks)
                          ------------
Total (root+branch&cut) = 3600.00 sec. (1981820.42 ticks)
