1 of 1 MIP starts provided solutions.
MIP start 'm1' defined initial solution with objective 21470.4207.
Tried aggregator 2 times.
MIP Presolve eliminated 0 rows and 1 columns.
MIP Presolve modified 8378 coefficients.
Aggregator did 2 substitutions.
Reduced MIP has 4110 rows, 2429 columns, and 24942 nonzeros.
Reduced MIP has 1929 binaries, 0 generals, 0 SOSs, and 0 indicators.
Presolve time = 0.03 sec. (16.10 ticks)
Probing time = 0.01 sec. (2.83 ticks)
Tried aggregator 1 time.
Reduced MIP has 4110 rows, 2429 columns, and 24942 nonzeros.
Reduced MIP has 1929 binaries, 0 generals, 0 SOSs, and 0 indicators.
Presolve time = 0.03 sec. (10.80 ticks)
Probing time = 0.01 sec. (2.82 ticks)
Clique table members: 251.
MIP emphasis: balance optimality and feasibility.
MIP search method: dynamic search.
Parallel mode: none, using 1 thread.
Root relaxation solution time = 0.02 sec. (10.08 ticks)

        Nodes                                         Cuts/
   Node  Left     Objective  IInf  Best Integer    Best Bound    ItCnt     Gap

*     0+    0                        21470.4207    93046.7704      626  333.37%
      0     0    23552.4859   325    21470.4207    23552.4859      626    9.70%
      0     0    22241.4032   237    21470.4207     Cuts: 879     1044    3.59%
      0     0    21876.7877   286    21470.4207     Cuts: 629     1372    1.89%
      0     0    21793.5327   289    21470.4207     Cuts: 270     1545    1.50%
      0     0    21774.7365   316    21470.4207      Cuts: 91     1635    1.42%
      0     0    21765.7379   316    21470.4207      Cuts: 70     1701    1.38%
      0     0    21763.0384   309    21470.4207      Cuts: 47     1733    1.36%
      0     0    21760.7737   326    21470.4207      Cuts: 31     1761    1.35%
      0     0    21759.2985   331    21470.4207      Cuts: 27     1787    1.35%
      0     0    21758.4126   327    21470.4207      Cuts: 23     1808    1.34%
      0     2    21758.4126   327    21470.4207    21758.3606     1808    1.34%
Elapsed time = 1.15 sec. (595.56 ticks, tree = 0.00 MB, solutions = 1)
     49    51    21641.4289   208    21470.4207    21756.7368     2982    1.33%
    121   114    21751.3601   333    21470.4207    21752.7969     3708    1.32%
    200   189    21513.2251   136    21470.4207    21752.7969     5044    1.32%
    325   288    21707.0346   318    21470.4207    21751.5521     5971    1.31%
    429   385    21630.5485   248    21470.4207    21750.0892     6848    1.30%
    488   440    21662.3191   371    21470.4207    21662.2599     9405    0.89%
    489   441    21661.1080   359    21470.4207    21660.9472     9441    0.89%
    490   442    21660.6029   358    21470.4207    21660.3401     9476    0.88%
    492   443    21660.2214   357    21470.4207    21660.2035     9606    0.88%
    500   446    21623.2408   317    21470.4207    21659.8988    10100    0.88%
Elapsed time = 15.90 sec. (8384.42 ticks, tree = 0.72 MB, solutions = 1)
    532   411    21640.9018   317    21470.4207    21659.7381    10764    0.88%
    681   469    21544.2540   345    21470.4207    21659.4217    12970    0.88%
    890   533    21471.5763   351    21470.4207    21655.0638    16393    0.86%
   1096   616    21490.0091   218    21470.4207    21643.3606    19316    0.81%
   1344   715    21500.5635   268    21470.4207    21640.8769    22559    0.79%
   1651   972    21600.1777   322    21470.4207    21636.2623    25172    0.77%
   1925  1214    21544.0263   206    21470.4207    21630.9244    28327    0.75%
   2184  1440    21509.7395   264    21470.4207    21630.2469    31397    0.74%
   2535  1740    21523.3777   158    21470.4207    21628.4068    34376    0.74%
   2867  2009    21585.0353   328    21470.4207    21626.4756    38977    0.73%
Elapsed time = 31.02 sec. (18050.55 ticks, tree = 3.09 MB, solutions = 1)
   3168  2260    21502.3012   273    21470.4207    21624.7358    42507    0.72%
   3535  2569    21602.6753   316    21470.4207    21622.1944    47274    0.71%
   3997  2976    21481.7132   213    21470.4207    21619.5905    51789    0.69%
   4392  3310    21592.7799   298    21470.4207    21617.4196    56390    0.68%
   4882  3718    21599.5399   297    21470.4207    21615.0713    61304    0.67%
   5236  4006    21528.4343   329    21470.4207    21613.5295    65809    0.67%
   5446  4182    21515.9387   156    21470.4207    21611.7233    68889    0.66%
   5836  4520    21592.6636   282    21470.4207    21611.2168    73937    0.66%
   6044  4678    21576.8785   288    21470.4207    21609.9522    77720    0.65%
   6414  4997    21564.8997   318    21470.4207    21609.1246    82009    0.65%
Elapsed time = 46.79 sec. (27658.02 ticks, tree = 7.81 MB, solutions = 1)
   6818  5316    21528.9333   338    21470.4207    21608.6732    86092    0.64%
   7161  5603    21470.7554   318    21470.4207    21607.9303    90300    0.64%
   7478  5873    21600.0192   326    21470.4207    21607.5326    94584    0.64%
   7912  6243    21590.4059   309    21470.4207    21606.8913    98379    0.64%
   8278  6541    21482.8026   227    21470.4207    21605.9423   102311    0.63%
   8610  6807    21579.4120   292    21470.4207    21605.3285   106615    0.63%
   9056  7179    21508.0022   167    21470.4207    21604.2623   110871    0.62%
   9487  7551    21511.7876   135    21470.4207    21603.6178   115064    0.62%
   9888  7884    21571.5602   257    21470.4207    21602.7339   119758    0.62%
  10248  8187    21576.7819   316    21470.4207    21602.5019   125132    0.62%
Elapsed time = 66.47 sec. (39821.88 ticks, tree = 12.67 MB, solutions = 1)
  10476  8362    21531.6807   224    21470.4207    21601.5832   129629    0.61%
  10817  8644    21556.9705   326    21470.4207    21600.9481   133988    0.61%
  11085  8860    21549.8654   329    21470.4207    21600.4647   138118    0.61%
  11384  9094    21515.3905   336    21470.4207    21599.9582   142763    0.60%
  11609  9271    21545.4723   279    21470.4207    21599.4894   146933    0.60%
  11935  9535    21479.9196   161    21470.4207    21599.1162   150742    0.60%
  12154  9696    21569.1504   321    21470.4207    21598.3704   155495    0.60%
  12493  9954    21521.9574   310    21470.4207    21598.0448   160152    0.59%
  12819 10220    21529.8758   283    21470.4207    21597.5831   165040    0.59%
  13183 10494    21513.1869   255    21470.4207    21597.0095   170139    0.59%
Elapsed time = 82.10 sec. (49573.15 ticks, tree = 16.45 MB, solutions = 1)
  13547 10780    21568.9261   260    21470.4207    21596.6709   175226    0.59%
  13877 11041    21523.7290   262    21470.4207    21596.3091   180249    0.59%
  14267 11363        cutoff          21470.4207    21596.0081   184767    0.58%
  14692 11706    21560.3603   336    21470.4207    21595.6595   189926    0.58%
  14954 11893    21549.7349   299    21470.4207    21595.0088   194408    0.58%
  15250 12134    21526.4732   302    21470.4207    21594.7959   198548    0.58%
  15523 12345    21484.7724   129    21470.4207    21594.4732   202805    0.58%
  15803 12561    21491.6320   193    21470.4207    21593.8414   206496    0.57%
  16069 12770    21491.6675   255    21470.4207    21593.4979   209960    0.57%
  16454 13077    21529.1431   286    21470.4207    21593.1252   214751    0.57%
Elapsed time = 98.68 sec. (59191.76 ticks, tree = 20.42 MB, solutions = 1)
  16765 13326    21470.9583   198    21470.4207    21592.4550   219084    0.57%
  17083 13583    21510.9419   227    21470.4207    21591.6488   223370    0.56%
  17405 13806    21568.4489   298    21470.4207    21591.0129   227852    0.56%
  17689 14030        cutoff          21470.4207    21590.7576   232248    0.56%
  18051 14295    21527.8328   325    21470.4207    21590.3589   237188    0.56%
  18397 14525    21550.2120   308    21470.4207    21589.8913   242589    0.56%
  18726 14787    21560.6683   311    21470.4207    21589.5133   248200    0.55%
  19116 15092    21528.1688   274    21470.4207    21589.1408   253553    0.55%
  19469 15347    21530.2036   294    21470.4207    21588.7613   258828    0.55%
  19797 15596    21511.2914   263    21470.4207    21588.4627   263956    0.55%
Elapsed time = 113.78 sec. (68749.61 ticks, tree = 24.29 MB, solutions = 1)
  20238 15958    21500.7178   228    21470.4207    21588.1582   268515    0.55%
  20598 16234    21517.7411   227    21470.4207    21587.9162   273908    0.55%
  20902 16463    21531.9525   302    21470.4207    21587.7074   278831    0.55%
  21277 16765        cutoff          21470.4207    21587.3382   283696    0.54%
  21430 16867    21511.6471   272    21470.4207    21587.1708   287807    0.54%
  21687 17076    21471.3980   264    21470.4207    21586.9784   292279    0.54%
  21971 17299    21550.6320   332    21470.4207    21586.6293   296729    0.54%
  22360 17625    21517.0448   164    21470.4207    21586.4153   300931    0.54%
  22566 17752    21474.7288   256    21470.4207    21585.9467   304876    0.54%
  22809 17912    21480.2482   223    21470.4207    21585.5698   309089    0.54%
Elapsed time = 129.02 sec. (78318.74 ticks, tree = 28.34 MB, solutions = 1)
  23146 18176    21482.8727   249    21470.4207    21585.0394   313586    0.53%
  23434 18392    21486.0726   182    21470.4207    21584.7812   318172    0.53%
  23674 18558    21479.4424   209    21470.4207    21584.5681   322590    0.53%
  23938 18756    21475.0440   282    21470.4207    21584.0976   327942    0.53%
  24308 19035    21547.9283   228    21470.4207    21583.5799   332141    0.53%
  24658 19290    21528.2419   322    21470.4207    21583.1952   337340    0.53%
  24994 19538    21489.3806   153    21470.4207    21582.9208   342245    0.52%
  25264 19701    21521.7931   194    21470.4207    21582.4965   347628    0.52%
  25732 20072        cutoff          21470.4207    21581.9913   352331    0.52%
  26141 20407    21545.1415   328    21470.4207    21581.7269   356642    0.52%
Elapsed time = 144.02 sec. (87877.37 ticks, tree = 32.21 MB, solutions = 1)
  26491 20681    21533.5822   341    21470.4207    21581.4153   361605    0.52%
  26870 20973    21529.9136   300    21470.4207    21580.8255   366811    0.51%
  27240 21274    21514.9622   313    21470.4207    21580.6003   371963    0.51%
  27551 21464    21485.7579   311    21470.4207    21580.2835   377014    0.51%
  27871 21709    21489.2609   132    21470.4207    21580.0300   382030    0.51%
  28175 21918    21496.6346   347    21470.4207    21579.7325   387337    0.51%
  28510 22152    21515.8642   326    21470.4207    21579.3476   392282    0.51%
  28827 22402    21523.7039   297    21470.4207    21579.0830   396651    0.51%
  29067 22589    21516.4141   141    21470.4207    21578.6900   400983    0.50%
  30225 23382    21529.2076   303    21470.4207    21577.5271   419269    0.50%
Elapsed time = 166.33 sec. (100368.93 ticks, tree = 36.84 MB, solutions = 1)
  31333 24196    21493.3248   313    21470.4207    21576.4665   436565    0.49%
  32454 24956        cutoff          21470.4207    21575.1916   455073    0.49%
  33645 25803        cutoff          21470.4207    21573.9493   474665    0.48%
  34886 26650    21492.6541   298    21470.4207    21572.7202   494890    0.48%
  36429 27813    21480.7044   203    21470.4207    21571.4873   515137    0.47%
  37546 28592    21495.9861   185    21470.4207    21570.6922   533343    0.47%
  38817 29526    21490.6998   213    21470.4207    21569.8746   552345    0.46%
  40080 30438    21485.8034   335    21470.4207    21569.2438   570714    0.46%
  41429 31358    21522.7515   312    21470.4207    21568.0922   591166    0.45%
  42656 32194    21474.6274   173    21470.4207    21567.2843   611456    0.45%
Elapsed time = 233.61 sec. (138592.01 ticks, tree = 50.58 MB, solutions = 1)
  43788 32943    21487.2327   147    21470.4207    21566.3003   632532    0.45%
  45011 33759    21483.3242   279    21470.4207    21565.3945   652695    0.44%
  46177 34520    21496.8115   223    21470.4207    21564.3428   672893    0.44%
  47407 35346    21494.8906   263    21470.4207    21563.2955   692515    0.43%
  48673 36164        cutoff          21470.4207    21562.1772   711911    0.43%
  49764 36824    21500.3746   283    21470.4207    21561.1924   731070    0.42%
  51128 37739    21511.8364   267    21470.4207    21560.1683   750815    0.42%
  52404 38580    21507.4256   232    21470.4207    21559.4102   770198    0.41%
  53624 39361    21501.2355   296    21470.4207    21558.7226   790600    0.41%
  55123 40429    21494.8872   278    21470.4207    21557.9342   811197    0.41%
Elapsed time = 296.87 sec. (176773.94 ticks, tree = 64.43 MB, solutions = 1)
  56301 41139    21510.3867   274    21470.4207    21557.0286   832529    0.40%
  57488 41907    21506.4927   280    21470.4207    21556.3252   852478    0.40%
  58749 42705    21492.5966   289    21470.4207    21555.7359   871915    0.40%
  60045 43498    21486.5992   162    21470.4207    21555.0039   892208    0.39%
  61228 44157        cutoff          21470.4207    21554.2836   912324    0.39%
  62473 44919    21502.6567   180    21470.4207    21553.3463   932810    0.39%
  63938 45853    21502.2100   297    21470.4207    21552.5566   953095    0.38%
  65263 46677    21495.3699   335    21470.4207    21551.8462   973634    0.38%
  66703 47668    21525.9464   219    21470.4207    21551.3043   994199    0.38%
  67893 48355    21486.3223   254    21470.4207    21550.5349  1015785    0.37%
Elapsed time = 361.52 sec. (214995.20 ticks, tree = 76.92 MB, solutions = 1)
  69119 49138    21500.0530   267    21470.4207    21550.0545  1034203    0.37%
  70380 49951    21474.2125   253    21470.4207    21549.4919  1054769    0.37%
  71586 50702    21474.5695   128    21470.4207    21548.8445  1073606    0.37%
  72818 51418    21520.6837   273    21470.4207    21548.2675  1093287    0.36%
  73991 52096    21478.4755   197    21470.4207    21547.6244  1113029    0.36%
  75256 52821    21485.6484   263    21470.4207    21547.0495  1132252    0.36%
  76545 53626        cutoff          21470.4207    21546.4351  1151723    0.35%
  77787 54296    21504.8228   284    21470.4207    21545.7382  1172533    0.35%
  79109 55127    21489.0263   199    21470.4207    21545.2108  1193201    0.35%
  80457 55969    21500.7576   312    21470.4207    21544.7583  1214263    0.35%
Elapsed time = 425.07 sec. (253192.62 ticks, tree = 88.99 MB, solutions = 1)
  81770 56740    21481.7284   300    21470.4207    21544.1025  1234994    0.34%
  82938 57441    21502.8830   255    21470.4207    21543.7391  1254623    0.34%
  84310 58261    21486.5672   265    21470.4207    21543.2136  1276465    0.34%
  85561 59026    21497.5376   235    21470.4207    21542.7466  1294395    0.34%
  86813 59710    21512.3820   265    21470.4207    21542.2612  1313170    0.33%
  88037 60424    21509.8728   285    21470.4207    21541.8354  1332699    0.33%
  89288 61120    21495.9194   257    21470.4207    21541.4267  1353778    0.33%
  90480 61733    21472.0029   280    21470.4207    21540.8904  1375988    0.33%
  91708 62423    21522.6357   302    21470.4207    21540.5058  1398002    0.33%
  93098 63244    21485.6595   270    21470.4207    21540.1166  1420217    0.32%
Elapsed time = 489.61 sec. (291418.51 ticks, tree = 100.58 MB, solutions = 1)
  94415 63984    21477.6192   236    21470.4207    21539.6834  1442012    0.32%
  95737 64785    21486.7276   294    21470.4207    21539.3304  1462815    0.32%
  97173 65703        cutoff          21470.4207    21539.0266  1481372    0.32%
  98492 66463    21476.2894   298    21470.4207    21538.5365  1502139    0.32%
  99737 67157    21503.7545   292    21470.4207    21538.0893  1521880    0.32%
 101094 67956    21495.2948   269    21470.4207    21537.7136  1541763    0.31%
 102436 68718    21523.7550   282    21470.4207    21537.2722  1562972    0.31%
 103889 69513        cutoff          21470.4207    21536.8019  1583941    0.31%
 105265 70297    21525.8069   303    21470.4207    21536.3016  1605091    0.31%
 106625 71029    21504.8542   254    21470.4207    21535.9154  1625180    0.31%
Elapsed time = 554.19 sec. (329599.66 ticks, tree = 114.97 MB, solutions = 1)
 107993 71833        cutoff          21470.4207    21535.5434  1646050    0.30%
 109266 72557    21485.1380   292    21470.4207    21535.1402  1666784    0.30%
 110591 73287    21480.2880   203    21470.4207    21534.7175  1687100    0.30%
 111870 74041        cutoff          21470.4207    21534.3947  1706845    0.30%
 113138 74790    21491.0120   317    21470.4207    21534.0059  1726282    0.30%
 114548 75684    21487.2431   222    21470.4207    21533.6622  1746005    0.29%
 115735 76278    21471.2882    20    21470.4207    21533.3621  1766321    0.29%
 117057 77044    21486.8026   310    21470.4207    21533.0162  1786848    0.29%
 118456 77855    21475.7897   264    21470.4207    21532.6601  1807108    0.29%
 119876 78656    21473.4766   201    21470.4207    21532.3191  1828626    0.29%
Elapsed time = 618.07 sec. (367813.52 ticks, tree = 127.19 MB, solutions = 1)
 121265 79426    21518.6840   189    21470.4207    21532.0248  1850862    0.29%
 122517 80052        cutoff          21470.4207    21531.7347  1873430    0.29%
 123676 80562    21500.0329   308    21470.4207    21531.3580  1896065    0.28%
 124986 81269        cutoff          21470.4207    21531.0687  1917651    0.28%
 126346 82051        cutoff          21470.4207    21530.8041  1939629    0.28%
 127626 82807    21472.4181   284    21470.4207    21530.5782  1960248    0.28%
 128785 83400    21487.4364   299    21470.4207    21530.3367  1980038    0.28%
 130082 84044    21505.7360   289    21470.4207    21530.0617  2002202    0.28%
 131341 84678        cutoff          21470.4207    21529.7403  2022975    0.28%
 132501 85208    21472.5154   192    21470.4207    21529.4273  2044189    0.27%
Elapsed time = 682.68 sec. (405987.14 ticks, tree = 137.76 MB, solutions = 1)
 133700 85818    21471.0803   248    21470.4207    21529.1265  2064992    0.27%
 134931 86431    21484.8557   242    21470.4207    21528.8809  2087102    0.27%
 136183 87072    21491.2436   304    21470.4207    21528.6078  2109527    0.27%
 137366 87635    21512.2885   234    21470.4207    21528.2644  2131762    0.27%
 138562 88172    21480.3775   231    21470.4207    21527.9587  2153911    0.27%
 139921 88780        cutoff          21470.4207    21527.6027  2176916    0.27%
 141360 89553    21486.4675   250    21470.4207    21527.3103  2198514    0.26%
 142677 90265    21516.1493   213    21470.4207    21527.0311  2219059    0.26%
 143874 90880    21504.0866   300    21470.4207    21526.7558  2239413    0.26%
 144958 91419    21488.0801   283    21470.4207    21526.4925  2258676    0.26%
Elapsed time = 751.29 sec. (444181.11 ticks, tree = 147.82 MB, solutions = 1)
 146168 92006    21477.1864   220    21470.4207    21526.1654  2279748    0.26%
 147345 92574        cutoff          21470.4207    21525.9366  2300865    0.26%
 148486 93110    21486.7921   333    21470.4207    21525.7061  2322452    0.26%
 149623 93604        cutoff          21470.4207    21525.4417  2343156    0.26%
 150863 94213    21500.2019   202    21470.4207    21525.1661  2365092    0.25%
 152122 94795        cutoff          21470.4207    21524.9249  2387504    0.25%
 153396 95348    21490.7152   150    21470.4207    21524.6550  2409715    0.25%
 154660 95899    21477.4046   276    21470.4207    21524.3272  2432431    0.25%
 155962 96475    21497.0436   137    21470.4207    21524.0290  2454390    0.25%
 157266 97162    21498.1561   239    21470.4207    21523.8028  2474220    0.25%
Elapsed time = 815.09 sec. (482354.32 ticks, tree = 157.14 MB, solutions = 1)
 158552 97770    21479.2267   233    21470.4207    21523.5454  2495511    0.25%
 159782 98313    21495.3524   127    21470.4207    21523.2799  2517159    0.25%
 161102 98939    21486.2244   241    21470.4207    21523.0043  2539413    0.24%
 162421 99554    21482.1601   145    21470.4207    21522.7546  2560653    0.24%
 163619 100151    21508.1427   233    21470.4207    21522.5268  2581050    0.24%
 164792 100680    21486.5597   291    21470.4207    21522.3153  2601512    0.24%
 165999 101218    21493.8048   302    21470.4207    21522.0902  2622198    0.24%
 167184 101744    21477.9975   258    21470.4207    21521.8626  2643987    0.24%
 168488 102320    21499.9182   232    21470.4207    21521.6179  2665833    0.24%
 169803 102964        cutoff          21470.4207    21521.3824  2687594    0.24%
Elapsed time = 880.36 sec. (520563.77 ticks, tree = 166.59 MB, solutions = 1)
 171039 103478    21482.2669   177    21470.4207    21521.1185  2709714    0.24%
 172355 104018        cutoff          21470.4207    21520.8777  2732241    0.24%
 173580 104536        cutoff          21470.4207    21520.6783  2754546    0.23%
 174855 105138    21480.9675   277    21470.4207    21520.4497  2777094    0.23%
 176101 105628        cutoff          21470.4207    21520.1723  2799753    0.23%
 177436 106230    21482.7615   271    21470.4207    21519.9525  2821838    0.23%
 178570 106634    21476.0598   240    21470.4207    21519.7033  2842954    0.23%
 179825 107260    21475.3297   152    21470.4207    21519.5259  2863281    0.23%
 181137 107876        cutoff          21470.4207    21519.2954  2885533    0.23%
 182299 108331    21481.2679   210    21470.4207    21519.0581  2907312    0.23%
Elapsed time = 945.65 sec. (558753.91 ticks, tree = 175.37 MB, solutions = 1)
 183580 108905    21474.8666   199    21470.4207    21518.8698  2929013    0.23%
 184765 109311    21471.8765   175    21470.4207    21518.6683  2950515    0.22%
 186088 109881        cutoff          21470.4207    21518.4256  2972967    0.22%
 187409 110525    21491.8625   256    21470.4207    21518.1996  2994827    0.22%
 188782 111161    21476.1530   113    21470.4207    21517.9768  3016229    0.22%
 190025 111690    21472.7979   213    21470.4207    21517.7460  3037971    0.22%
 191364 112312        cutoff          21470.4207    21517.5040  3058970    0.22%
 192661 112882    21476.4904   143    21470.4207    21517.2735  3080682    0.22%
 193999 113491    21496.5678   322    21470.4207    21517.0376  3101819    0.22%
 195162 113906    21474.3507   301    21470.4207    21516.8452  3123264    0.22%
Elapsed time = 1010.60 sec. (596915.23 ticks, tree = 184.50 MB, solutions = 1)
 196388 114435    21470.8544   303    21470.4207    21516.6618  3143540    0.22%
 197651 114959    21513.1860   243    21470.4207    21516.4784  3163611    0.21%
 198832 115485    21480.1126   232    21470.4207    21516.2821  3184386    0.21%
 200175 116057    21481.9212   111    21470.4207    21516.1201  3206470    0.21%
 201352 116462    21487.1552   204    21470.4207    21515.9280  3228053    0.21%
 202561 116971    21493.7533   226    21470.4207    21515.7313  3249672    0.21%
 203868 117573        cutoff          21470.4207    21515.5371  3270478    0.21%
 205215 118157    21505.4432   222    21470.4207    21515.3265  3292416    0.21%
 206448 118625    21481.5837   181    21470.4207    21515.1263  3312925    0.21%
 207707 119088    21471.7682   280    21470.4207    21514.9070  3335461    0.21%
Elapsed time = 1075.77 sec. (635117.93 ticks, tree = 193.04 MB, solutions = 1)
 208963 119558    21485.5466   219    21470.4207    21514.6996  3358069    0.21%
 210177 120001    21476.1568   252    21470.4207    21514.5042  3379632    0.21%
 211441 120433        cutoff          21470.4207    21514.3326  3401620    0.20%
 212779 120967        cutoff          21470.4207    21514.1401  3422912    0.20%
 214135 121562    21478.9029   230    21470.4207    21513.9391  3445336    0.20%
 215396 122032    21477.3751   234    21470.4207    21513.7321  3467489    0.20%
 216625 122473    21482.3750   226    21470.4207    21513.5035  3489534    0.20%
 217974 123065    21485.1097   167    21470.4207    21513.3429  3511197    0.20%
 219311 123589    21473.8011   187    21470.4207    21513.1556  3533390    0.20%
 220591 124028        cutoff          21470.4207    21512.9677  3555823    0.20%
Elapsed time = 1140.44 sec. (673280.41 ticks, tree = 201.21 MB, solutions = 1)
 221858 124525        cutoff          21470.4207    21512.8023  3578022    0.20%
 223158 125020    21490.1833   238    21470.4207    21512.6426  3597713    0.20%
 224298 125374    21486.0376   212    21470.4207    21512.4673  3618665    0.20%
 225674 125924        cutoff          21470.4207    21512.3110  3639877    0.20%
 226998 126442    21477.4508   143    21470.4207    21512.1448  3661814    0.19%
 228233 126773    21493.1825   134    21470.4207    21511.9326  3683774    0.19%
 229616 127318    21490.7640   299    21470.4207    21511.7597  3705269    0.19%
 230875 127723    21474.6566   241    21470.4207    21511.5649  3727402    0.19%
 232220 128248    21490.9354   283    21470.4207    21511.4018  3748594    0.19%
 233590 128764    21480.4724   266    21470.4207    21511.2296  3769824    0.19%
Elapsed time = 1203.09 sec. (711474.66 ticks, tree = 209.09 MB, solutions = 1)
 234930 129320    21470.6593    97    21470.4207    21511.0830  3791089    0.19%
 236269 129799    21501.6481   169    21470.4207    21510.9144  3813178    0.19%
 237527 130300    21476.5291   219    21470.4207    21510.7567  3833249    0.19%
 238882 130801        cutoff          21470.4207    21510.5788  3855127    0.19%
 240162 131282        cutoff          21470.4207    21510.4141  3877395    0.19%
 241414 131792        cutoff          21470.4207    21510.2704  3896821    0.19%
 242741 132311    21496.4509   197    21470.4207    21510.1145  3918384    0.18%
 244032 132739    21480.6459   187    21470.4207    21509.9656  3938965    0.18%
 245276 133197        cutoff          21470.4207    21509.8081  3959468    0.18%
 246607 133724        cutoff          21470.4207    21509.6788  3980236    0.18%
Elapsed time = 1266.32 sec. (749658.95 ticks, tree = 219.01 MB, solutions = 1)
 247908 134177    21472.8812   235    21470.4207    21509.4941  4002438    0.18%
 249288 134670        cutoff          21470.4207    21509.3185  4024270    0.18%
 250655 135161        cutoff          21470.4207    21509.1489  4046326    0.18%
 251818 135521    21483.7534   238    21470.4207    21508.9867  4066027    0.18%
 253060 135962        cutoff          21470.4207    21508.8446  4087543    0.18%
 254236 136311        cutoff          21470.4207    21508.6810  4109662    0.18%
 255558 136789        cutoff          21470.4207    21508.5252  4130250    0.18%
 256864 137223    21499.5079   145    21470.4207    21508.3775  4152337    0.18%
 258252 137757        cutoff          21470.4207    21508.2357  4173519    0.18%
 259570 138181    21473.8696   250    21470.4207    21508.0744  4194219    0.18%
Elapsed time = 1330.19 sec. (787823.34 ticks, tree = 232.90 MB, solutions = 1)
 260815 138594    21475.3077    53    21470.4207    21507.9294  4214810    0.17%
 262025 138905        cutoff          21470.4207    21507.7412  4236571    0.17%
 263305 139328    21479.0063   229    21470.4207    21507.5918  4258010    0.17%
 264536 139668    21485.2986   185    21470.4207    21507.4308  4279271    0.17%
 265871 140125    21479.9603   291    21470.4207    21507.2883  4300416    0.17%
 267180 140490    21486.0900   247    21470.4207    21507.1199  4321700    0.17%
 268488 140848    21499.8000   190    21470.4207    21506.9576  4342069    0.17%
 269876 141291    21492.4247   215    21470.4207    21506.8143  4363200    0.17%
 271230 141738    21490.5139   219    21470.4207    21506.6879  4384688    0.17%
 272485 142171        cutoff          21470.4207    21506.5668  4404663    0.17%
Elapsed time = 1393.46 sec. (826198.31 ticks, tree = 239.78 MB, solutions = 1)
 273811 142588    21482.2267   181    21470.4207    21506.4176  4425834    0.17%
 275145 143000        cutoff          21470.4207    21506.2841  4446551    0.17%
 276399 143360    21473.1064   229    21470.4207    21506.1470  4466878    0.17%
 277749 143755        cutoff          21470.4207    21505.9980  4487906    0.17%
 278962 144150    21472.9886   235    21470.4207    21505.8748  4508352    0.17%
 280261 144553    21472.0876   216    21470.4207    21505.7417  4529557    0.16%
 281597 144926    21470.4654   109    21470.4207    21505.5895  4551051    0.16%
 282988 145337    21473.8002   252    21470.4207    21505.4401  4572255    0.16%
 284168 145673    21495.1111   241    21470.4207    21505.3196  4592243    0.16%
 285303 145838    21481.0559   264    21470.4207    21505.1782  4613768    0.16%
Elapsed time = 1456.18 sec. (864367.50 ticks, tree = 245.97 MB, solutions = 1)
 286504 146125        cutoff          21470.4207    21505.0392  4633484    0.16%
 287890 146553    21471.6384   205    21470.4207    21504.9088  4654302    0.16%
 289026 146846    21473.5003   245    21470.4207    21504.7787  4674377    0.16%
 290250 147137    21480.7279   220    21470.4207    21504.6278  4695126    0.16%
 291488 147428    21488.8580   290    21470.4207    21504.4856  4715379    0.16%
 292650 147683    21482.4153   157    21470.4207    21504.3616  4735004    0.16%
 293856 147921    21483.2429   308    21470.4207    21504.2252  4755789    0.16%
 295189 148406    21499.6785   190    21470.4207    21504.1118  4776514    0.16%
 296436 148684        cutoff          21470.4207    21503.9869  4798275    0.16%
 297720 149069    21481.9059   262    21470.4207    21503.8680  4819430    0.16%
Elapsed time = 1519.14 sec. (902556.78 ticks, tree = 251.56 MB, solutions = 1)
 299082 149431    21491.2580   139    21470.4207    21503.7350  4839727    0.16%
 300393 149724        cutoff          21470.4207    21503.5843  4861435    0.15%
 301758 150126    21476.2197   107    21470.4207    21503.4602  4882957    0.15%
 303091 150505    21493.5763   211    21470.4207    21503.3366  4904744    0.15%
 304308 150672    21471.9957   139    21470.4207    21503.1575  4927754    0.15%
 305630 151104    21470.8558   194    21470.4207    21503.0409  4949400    0.15%
 306932 151422        cutoff          21470.4207    21502.9083  4971038    0.15%
 308091 151702    21485.6738   249    21470.4207    21502.7935  4991703    0.15%
 309445 152053        cutoff          21470.4207    21502.6682  5012841    0.15%
 310718 152345    21478.3355   179    21470.4207    21502.5410  5032640    0.15%
Elapsed time = 1582.37 sec. (940734.42 ticks, tree = 257.70 MB, solutions = 1)
 311896 152500    21477.4418   194    21470.4207    21502.4030  5054288    0.15%
 312925 152725    21475.1759   270    21470.4207    21502.2890  5072355    0.15%
 314207 153031    21478.3303   270    21470.4207    21502.1700  5093283    0.15%
 315462 153236    21483.6323   218    21470.4207    21502.0248  5115077    0.15%
 316628 153471    21478.8105   229    21470.4207    21501.9203  5135437    0.15%
 317900 153802    21474.7458   144    21470.4207    21501.8068  5155231    0.15%
 319164 154083    21474.6015   187    21470.4207    21501.6861  5176476    0.15%
 320455 154352    21472.6575   164    21470.4207    21501.5620  5197827    0.15%
 321773 154677    21480.9811    64    21470.4207    21501.4432  5217806    0.14%
 323014 154909    21480.4897   209    21470.4207    21501.3215  5239762    0.14%
Elapsed time = 1644.71 sec. (978895.87 ticks, tree = 262.28 MB, solutions = 1)
 324342 155106    21470.9078   272    21470.4207    21501.1914  5262685    0.14%
 325678 155396    21474.7600   296    21470.4207    21501.0622  5283701    0.14%
 326981 155649    21480.3117   190    21470.4207    21500.9406  5305962    0.14%
 328351 155912    21483.6752   254    21470.4207    21500.8138  5327629    0.14%
 329750 156198    21483.2835   227    21470.4207    21500.6892  5348868    0.14%
 331072 156418        cutoff          21470.4207    21500.5644  5371244    0.14%
 332327 156654    21484.6690   224    21470.4207    21500.4400  5392168    0.14%
 333587 156965    21474.5965   245    21470.4207    21500.3473  5410982    0.14%
 334827 157160        cutoff          21470.4207    21500.2261  5433208    0.14%
 336028 157360    21470.7117   208    21470.4207    21500.1059  5454042    0.14%
Elapsed time = 1707.92 sec. (1017069.86 ticks, tree = 267.68 MB, solutions = 1)
 337216 157526        cutoff          21470.4207    21499.9910  5475259    0.14%
 338441 157763        cutoff          21470.4207    21499.8894  5495927    0.14%
 339627 157935    21498.5969   301    21470.4207    21499.7575  5516490    0.14%
 340886 158048        cutoff          21470.4207    21499.6275  5537782    0.14%
 342152 158189    21474.7258   167    21470.4207    21499.4953  5558869    0.14%
 343402 158342    21476.5857   192    21470.4207    21499.3640  5579743    0.13%
 344758 158667    21471.6683   252    21470.4207    21499.2471  5601337    0.13%
 346007 158755        cutoff          21470.4207    21499.1049  5623238    0.13%
 347350 158981    21475.3712   189    21470.4207    21498.9925  5645098    0.13%
 348608 159188    21492.3602   177    21470.4207    21498.8795  5666464    0.13%
Elapsed time = 1771.27 sec. (1055237.22 ticks, tree = 270.80 MB, solutions = 1)
 349999 159382    21472.4697   261    21470.4207    21498.7573  5688243    0.13%
 351335 159549        cutoff          21470.4207    21498.6293  5709746    0.13%
 352585 159782    21470.6165   135    21470.4207    21498.5287  5731462    0.13%
 353963 160090    21474.1522   232    21470.4207    21498.4141  5752700    0.13%
 355298 160302    21485.2620   195    21470.4207    21498.2885  5774857    0.13%
 356652 160526    21484.2299   224    21470.4207    21498.1717  5796117    0.13%
 358000 160747    21477.8229    88    21470.4207    21498.0568  5817481    0.13%
 359190 160910        cutoff          21470.4207    21497.9515  5837471    0.13%
 360540 161214        cutoff          21470.4207    21497.8385  5858842    0.13%
 361838 161445    21485.1558   111    21470.4207    21497.7410  5879926    0.13%
Elapsed time = 1834.67 sec. (1093417.87 ticks, tree = 274.58 MB, solutions = 1)
 363148 161607    21473.9309   245    21470.4207    21497.6184  5900750    0.13%
 364362 161621    21475.7598   235    21470.4207    21497.4827  5922060    0.13%
 365582 161754    21472.3364   292    21470.4207    21497.3700  5943703    0.13%
 366788 161889    21484.1881   239    21470.4207    21497.2536  5965116    0.12%
 368044 161881    21472.9517   284    21470.4207    21497.1361  5986349    0.12%
 369386 162008    21496.6480   205    21470.4207    21497.0188  6007285    0.12%
 370745 162301    21478.4952   236    21470.4207    21496.9167  6028063    0.12%
 372074 162428    21471.7219   259    21470.4207    21496.8031  6049547    0.12%
 373340 162478    21482.8661   221    21470.4207    21496.6805  6071222    0.12%
 374617 162611        cutoff          21470.4207    21496.5659  6092399    0.12%
Elapsed time = 1898.51 sec. (1131602.50 ticks, tree = 276.76 MB, solutions = 1)
 375918 162776    21480.1398   165    21470.4207    21496.4593  6113990    0.12%
 377266 162865        cutoff          21470.4207    21496.3389  6135974    0.12%
 378632 163022    21479.0579   183    21470.4207    21496.2175  6157257    0.12%
 379907 163123        cutoff          21470.4207    21496.0977  6178379    0.12%
 381296 163322    21474.5021   154    21470.4207    21495.9871  6199327    0.12%
 382587 163401    21488.5248   247    21470.4207    21495.8654  6221094    0.12%
 383910 163559    21478.5072   283    21470.4207    21495.7588  6241777    0.12%
 385181 163630    21477.0269    51    21470.4207    21495.6422  6262710    0.12%
 386417 163727    21470.5634    42    21470.4207    21495.5398  6282478    0.12%
 387752 163880    21470.7724   108    21470.4207    21495.4427  6302819    0.12%
Elapsed time = 1962.31 sec. (1169760.90 ticks, tree = 278.93 MB, solutions = 1)
 389052 164012    21483.9134   215    21470.4207    21495.3397  6322931    0.12%
 390388 164129    21472.7105   298    21470.4207    21495.2314  6343568    0.12%
 391654 164267    21489.8303   239    21470.4207    21495.1364  6364765    0.12%
 392985 164268    21479.7651   193    21470.4207    21495.0231  6385599    0.11%
 394258 164321    21479.5878   304    21470.4207    21494.9067  6406118    0.11%
 395529 164349        cutoff          21470.4207    21494.7991  6426139    0.11%
 396821 164400        cutoff          21470.4207    21494.6942  6446052    0.11%
 398155 164425        cutoff          21470.4207    21494.5842  6466081    0.11%
 399505 164532        cutoff          21470.4207    21494.4728  6486356    0.11%
 400731 164533        cutoff          21470.4207    21494.3750  6507374    0.11%
Elapsed time = 2025.57 sec. (1207949.00 ticks, tree = 280.24 MB, solutions = 1)
 402064 164468    21473.9082    63    21470.4207    21494.2539  6527854    0.11%
 403391 164487    21473.6183   240    21470.4207    21494.1308  6548552    0.11%
 404770 164554    21473.2380   131    21470.4207    21494.0071  6569023    0.11%
 406148 164574        cutoff          21470.4207    21493.9028  6589620    0.11%
 407430 164664    21472.2295   227    21470.4207    21493.8118  6610695    0.11%
 408832 164705        cutoff          21470.4207    21493.7013  6630637    0.11%
 410209 164803        cutoff          21470.4207    21493.5934  6651441    0.11%
 411557 164876    21484.5122   254    21470.4207    21493.4975  6672078    0.11%
 412878 164891    21477.6729    65    21470.4207    21493.3920  6692485    0.11%
 414249 164993    21488.2475   334    21470.4207    21493.2880  6713030    0.11%
Elapsed time = 2089.03 sec. (1246123.01 ticks, tree = 281.38 MB, solutions = 1)
 415448 164992    21484.4098   224    21470.4207    21493.1945  6731587    0.11%
 416861 165057        cutoff          21470.4207    21493.0894  6751891    0.11%
 418217 165019    21479.1599   239    21470.4207    21492.9835  6772414    0.11%
 419588 165113    21474.1679   259    21470.4207    21492.8876  6791985    0.10%
 420886 165144    21482.3642   333    21470.4207    21492.7956  6810431    0.10%
 422260 165211    21487.3164   215    21470.4207    21492.6832  6830050    0.10%
 423536 165207    21471.9135   213    21470.4207    21492.5933  6849090    0.10%
 424755 165087        cutoff          21470.4207    21492.4860  6869199    0.10%
 426048 165027    21472.0008   245    21470.4207    21492.3742  6889021    0.10%
 427406 165005        cutoff          21470.4207    21492.2632  6908579    0.10%
Elapsed time = 2152.35 sec. (1284311.82 ticks, tree = 281.60 MB, solutions = 1)
 428753 165016    21472.0233   239    21470.4207    21492.1603  6928620    0.10%
 430037 164922        cutoff          21470.4207    21492.0573  6948982    0.10%
 431410 164898    21473.5320   160    21470.4207    21491.9598  6969215    0.10%
 432731 164869    21479.0376   246    21470.4207    21491.8640  6989985    0.10%
 434147 164811    21470.9211   221    21470.4207    21491.7632  7010396    0.10%
 435601 164757    21477.3760   292    21470.4207    21491.6527  7030969    0.10%
 436920 164663    21470.5479   319    21470.4207    21491.5537  7051308    0.10%
 438312 164652        cutoff          21470.4207    21491.4535  7071642    0.10%
 439691 164663    21470.7232   143    21470.4207    21491.3610  7092426    0.10%
 441133 164663    21481.0978   114    21470.4207    21491.2603  7112673    0.10%
Elapsed time = 2215.55 sec. (1322485.54 ticks, tree = 281.14 MB, solutions = 1)
 442598 164585    21489.2974   196    21470.4207    21491.1493  7132259    0.10%
 443910 164525    21472.3980   150    21470.4207    21491.0433  7153314    0.10%
 445296 164465    21476.1329   280    21470.4207    21490.9396  7174226    0.10%
 446655 164392        cutoff          21470.4207    21490.8347  7194242    0.10%
 447983 164191    21488.3310   194    21470.4207    21490.7247  7214502    0.09%
 449318 164076    21471.1816   277    21470.4207    21490.6274  7234243    0.09%
 450608 164014    21472.5857    60    21470.4207    21490.5258  7255008    0.09%
 452013 163906        cutoff          21470.4207    21490.4296  7275196    0.09%
 453313 163852    21479.5996    59    21470.4207    21490.3364  7295000    0.09%
 454681 163783    21472.0387    75    21470.4207    21490.2323  7314739    0.09%
Elapsed time = 2279.30 sec. (1360819.77 ticks, tree = 279.81 MB, solutions = 1)
 456045 163697        cutoff          21470.4207    21490.1353  7335154    0.09%
 457404 163578        cutoff          21470.4207    21490.0335  7354860    0.09%
 458778 163549    21473.2812   167    21470.4207    21489.9451  7374954    0.09%
 460072 163379    21481.6180   239    21470.4207    21489.8471  7394042    0.09%
 461478 163369    21472.3666   209    21470.4207    21489.7588  7414329    0.09%
 462840 163228    21473.0383    52    21470.4207    21489.6518  7434326    0.09%
 464299 163110        cutoff          21470.4207    21489.5535  7454057    0.09%
 465662 162941    21488.2247   263    21470.4207    21489.4463  7474067    0.09%
 467037 162860    21480.8268   102    21470.4207    21489.3433  7494047    0.09%
 468357 162742    21480.5705   224    21470.4207    21489.2430  7514755    0.09%
Elapsed time = 2342.94 sec. (1399006.45 ticks, tree = 278.43 MB, solutions = 1)
 469688 162578    21473.3363   206    21470.4207    21489.1404  7534784    0.09%
 471018 162338        cutoff          21470.4207    21489.0331  7555174    0.09%
 472378 162131    21480.6000   168    21470.4207    21488.9363  7574992    0.09%
 473779 161916    21474.5396    76    21470.4207    21488.8307  7594740    0.09%
 475206 161783        cutoff          21470.4207    21488.7229  7614331    0.09%
 476544 161503        cutoff          21470.4207    21488.6143  7634678    0.08%
 477939 161264    21487.4935   155    21470.4207    21488.5074  7654568    0.08%
 479409 161100        cutoff          21470.4207    21488.4178  7673763    0.08%
 480706 160908        cutoff          21470.4207    21488.3246  7691926    0.08%
 482110 160744        cutoff          21470.4207    21488.2198  7712041    0.08%
Elapsed time = 2407.51 sec. (1437180.73 ticks, tree = 275.53 MB, solutions = 1)
 483521 160571    21481.1547   128    21470.4207    21488.1170  7731313    0.08%
 484873 160390    21475.9400   207    21470.4207    21488.0215  7750098    0.08%
 486247 160118    21483.3273   184    21470.4207    21487.9149  7769287    0.08%
 487571 159895        cutoff          21470.4207    21487.8211  7787241    0.08%
 488895 159518        cutoff          21470.4207    21487.7179  7805910    0.08%
 490255 159174        cutoff          21470.4207    21487.6135  7824135    0.08%
 491593 158838        cutoff          21470.4207    21487.5011  7843085    0.08%
 492933 158581        cutoff          21470.4207    21487.4039  7861454    0.08%
 494368 158372    21477.0395   226    21470.4207    21487.3129  7880410    0.08%
 495686 158112        cutoff          21470.4207    21487.2168  7899388    0.08%
Elapsed time = 2470.92 sec. (1475343.10 ticks, tree = 271.36 MB, solutions = 1)
 497016 157769        cutoff          21470.4207    21487.1131  7918241    0.08%
 498385 157522    21474.6754   241    21470.4207    21487.0208  7937691    0.08%
 499766 157218    21478.1646   214    21470.4207    21486.9195  7956771    0.08%
 501164 156878    21484.3501   276    21470.4207    21486.8143  7976093    0.08%
 502531 156577    21472.8127   203    21470.4207    21486.7120  7995638    0.08%
 503977 156357        cutoff          21470.4207    21486.6254  8015115    0.08%
 505353 156148    21472.0640   214    21470.4207    21486.5428  8034007    0.08%
 506738 155910    21482.2120    72    21470.4207    21486.4498  8052743    0.07%
 508170 155676        cutoff          21470.4207    21486.3594  8071930    0.07%
 509582 155321        cutoff          21470.4207    21486.2531  8090492    0.07%
Elapsed time = 2534.30 sec. (1513514.33 ticks, tree = 266.88 MB, solutions = 1)
 510982 155116    21473.2110   163    21470.4207    21486.1631  8109951    0.07%
 512282 154698        cutoff          21470.4207    21486.0614  8128679    0.07%
 513673 154370    21476.2907   151    21470.4207    21485.9600  8148011    0.07%
 515068 154020        cutoff          21470.4207    21485.8656  8166852    0.07%
 516336 153730        cutoff          21470.4207    21485.7861  8184422    0.07%
 517686 153347    21474.9394   152    21470.4207    21485.6926  8203311    0.07%
 519082 152997    21474.4883   145    21470.4207    21485.5970  8221327    0.07%
 520524 152745    21482.3739   159    21470.4207    21485.4987  8240579    0.07%
 521840 152328        cutoff          21470.4207    21485.3963  8258399    0.07%
 523201 151955        cutoff          21470.4207    21485.3036  8276662    0.07%
Elapsed time = 2598.33 sec. (1551679.22 ticks, tree = 261.19 MB, solutions = 1)
 524539 151481        cutoff          21470.4207    21485.2016  8295788    0.07%
 525818 151077    21475.0257   137    21470.4207    21485.1123  8314186    0.07%
 527215 150674    21478.1192   111    21470.4207    21485.0181  8332138    0.07%
 528594 150322    21475.6004   306    21470.4207    21484.9344  8349770    0.07%
 529948 149959        cutoff          21470.4207    21484.8422  8367988    0.07%
 531358 149597    21484.3568   186    21470.4207    21484.7501  8385020    0.07%
 532738 149140        cutoff          21470.4207    21484.6465  8402706    0.07%
 534136 148742        cutoff          21470.4207    21484.5536  8420650    0.07%
 535481 148263    21476.2837    76    21470.4207    21484.4542  8438682    0.07%
 536858 147791    21470.5518   182    21470.4207    21484.3604  8456588    0.06%
Elapsed time = 2661.84 sec. (1589891.06 ticks, tree = 254.47 MB, solutions = 1)
 538264 147407    21473.2150   229    21470.4207    21484.2729  8474933    0.06%
 539724 147028        cutoff          21470.4207    21484.1854  8492919    0.06%
 541153 146621        cutoff          21470.4207    21484.0924  8511197    0.06%
 542579 146247    21477.4395   167    21470.4207    21484.0034  8529322    0.06%
 543915 145699        cutoff          21470.4207    21483.9105  8547371    0.06%
 545286 145113    21471.2995   167    21470.4207    21483.8146  8565116    0.06%
 546673 144619    21481.4689   160    21470.4207    21483.7219  8582176    0.06%
 548134 144182        cutoff          21470.4207    21483.6327  8599778    0.06%
 549495 143611        cutoff          21470.4207    21483.5387  8616929    0.06%
 550953 143150        cutoff          21470.4207    21483.4443  8634012    0.06%
Elapsed time = 2726.03 sec. (1628062.53 ticks, tree = 246.89 MB, solutions = 1)
 552388 142641    21474.3502   120    21470.4207    21483.3443  8651215    0.06%
 553788 142046    21482.9436   240    21470.4207    21483.2487  8668194    0.06%
 555204 141530        cutoff          21470.4207    21483.1579  8685269    0.06%
 556576 141016    21473.3651   250    21470.4207    21483.0674  8701522    0.06%
 558021 140465    21470.9341   231    21470.4207    21482.9723  8718544    0.06%
 559408 139820        cutoff          21470.4207    21482.8744  8734671    0.06%
 560812 139341        cutoff          21470.4207    21482.7861  8751589    0.06%
 562205 138739    21482.0102   264    21470.4207    21482.6923  8768646    0.06%
 563579 138202    21470.4935   187    21470.4207    21482.6064  8784218    0.06%
 565012 137599        cutoff          21470.4207    21482.5047  8800691    0.06%
Elapsed time = 2789.29 sec. (1666234.13 ticks, tree = 237.49 MB, solutions = 1)
 566418 137011    21480.3800   129    21470.4207    21482.4165  8817493    0.06%
 567800 136380        cutoff          21470.4207    21482.3240  8833547    0.06%
 569225 135807        cutoff          21470.4207    21482.2349  8850367    0.06%
 570583 135129    21477.7538   219    21470.4207    21482.1374  8866341    0.05%
 571939 134491    21474.6263   224    21470.4207    21482.0469  8881975    0.05%
 573341 133876        cutoff          21470.4207    21481.9562  8897795    0.05%
 574718 133179    21478.3024   276    21470.4207    21481.8640  8912737    0.05%
 576129 132591        cutoff          21470.4207    21481.7766  8929110    0.05%
 577480 131867        cutoff          21470.4207    21481.6755  8944528    0.05%
 578888 131127    21480.4939   151    21470.4207    21481.5791  8959172    0.05%
Elapsed time = 2851.94 sec. (1704422.42 ticks, tree = 227.06 MB, solutions = 1)
 580302 130419    21471.6258   197    21470.4207    21481.4846  8974537    0.05%
 581717 129748    21471.9629   280    21470.4207    21481.3928  8990435    0.05%
 583136 129021    21479.3596   207    21470.4207    21481.2956  9005430    0.05%
 584563 128278    21471.2698   154    21470.4207    21481.2046  9021060    0.05%
 585936 127520        cutoff          21470.4207    21481.1086  9036469    0.05%
 587329 126772    21473.9269   244    21470.4207    21481.0111  9051886    0.05%
 588712 126016    21478.3309   265    21470.4207    21480.9158  9067284    0.05%
 590060 125307        cutoff          21470.4207    21480.8277  9083396    0.05%
 591497 124606    21476.2255   109    21470.4207    21480.7413  9098564    0.05%
 592940 123903        cutoff          21470.4207    21480.6516  9113713    0.05%
Elapsed time = 2914.49 sec. (1742590.74 ticks, tree = 215.24 MB, solutions = 1)
 594358 123167        cutoff          21470.4207    21480.5651  9129121    0.05%
 595779 122452    21473.2147    72    21470.4207    21480.4751  9144071    0.05%
 597215 121679    21477.9921   247    21470.4207    21480.3890  9158937    0.05%
 598657 120965    21471.9391   247    21470.4207    21480.2933  9173783    0.05%
 600106 120226        cutoff          21470.4207    21480.2071  9188690    0.05%
 601549 119438        cutoff          21470.4207    21480.1173  9203339    0.05%
 602975 118672        cutoff          21470.4207    21480.0272  9217577    0.04%
 604397 117918        cutoff          21470.4207    21479.9366  9231789    0.04%
 605762 117121        cutoff          21470.4207    21479.8487  9245489    0.04%
 607199 116361    21473.8063    95    21470.4207    21479.7557  9259930    0.04%
Elapsed time = 2977.68 sec. (1780757.49 ticks, tree = 202.81 MB, solutions = 1)
 608603 115569    21473.5931   195    21470.4207    21479.6648  9274373    0.04%
 609914 114735    21473.2595   209    21470.4207    21479.5762  9287848    0.04%
 611349 113908        cutoff          21470.4207    21479.4877  9302320    0.04%
 612785 113044        cutoff          21470.4207    21479.3992  9316469    0.04%
 614170 112270        cutoff          21470.4207    21479.3154  9329570    0.04%
 615615 111408    21474.4510   115    21470.4207    21479.2209  9343771    0.04%
 617068 110651        cutoff          21470.4207    21479.1363  9357776    0.04%
 618447 109815        cutoff          21470.4207    21479.0501  9371717    0.04%
 619818 108937    21475.6696   125    21470.4207    21478.9630  9384704    0.04%
 621203 108071        cutoff          21470.4207    21478.8696  9397781    0.04%
Elapsed time = 3040.18 sec. (1818926.39 ticks, tree = 189.15 MB, solutions = 1)
 622557 107191        cutoff          21470.4207    21478.7890  9411210    0.04%
 623990 106333    21472.5553    98    21470.4207    21478.7037  9424191    0.04%
 625256 105524        cutoff          21470.4207    21478.6260  9436105    0.04%
 626682 104694        cutoff          21470.4207    21478.5410  9449702    0.04%
 628105 103882    21476.4997   102    21470.4207    21478.4614  9463372    0.04%
 629534 102966        cutoff          21470.4207    21478.3766  9476492    0.04%
 630952 102049        cutoff          21470.4207    21478.2864  9489587    0.04%
 632384 101147    21473.7337   238    21470.4207    21478.1995  9502043    0.04%
 633809 100182        cutoff          21470.4207    21478.1067  9514888    0.04%
 635250 99310        cutoff          21470.4207    21478.0221  9527480    0.04%
Elapsed time = 3101.07 sec. (1859309.36 ticks, tree = 174.60 MB, solutions = 1)
 636656 98359        cutoff          21470.4207    21477.9345  9540086    0.03%
 638102 97420    21477.8479   122    21470.4207    21477.8479  9553321    0.03%
 639537 96456        cutoff          21470.4207    21477.7571  9565989    0.03%
 640965 95556        cutoff          21470.4207    21477.6751  9578985    0.03%
 642358 94590        cutoff          21470.4207    21477.5915  9591773    0.03%
 643767 93649    21475.1460   239    21470.4207    21477.5030  9604453    0.03%
 645199 92759        cutoff          21470.4207    21477.4252  9617030    0.03%
 646587 91827    21472.8997   229    21470.4207    21477.3418  9629290    0.03%
 648014 90811        cutoff          21470.4207    21477.2556  9640884    0.03%
 649454 89807        cutoff          21470.4207    21477.1694  9652749    0.03%
Elapsed time = 3161.92 sec. (1897471.36 ticks, tree = 158.78 MB, solutions = 1)
 650866 88764    21473.5047    63    21470.4207    21477.0769  9664165    0.03%
 652307 87762        cutoff          21470.4207    21476.9908  9675558    0.03%
 653733 86716        cutoff          21470.4207    21476.9033  9686353    0.03%
 655137 85653        cutoff          21470.4207    21476.8218  9697993    0.03%
 656536 84592        cutoff          21470.4207    21476.7307  9709148    0.03%
 657965 83465        cutoff          21470.4207    21476.6310  9720192    0.03%
 659397 82417        cutoff          21470.4207    21476.5360  9731611    0.03%
 660830 81418        cutoff          21470.4207    21476.4528  9742056    0.03%
 662265 80318        cutoff          21470.4207    21476.3663  9752392    0.03%
 663670 79180        cutoff          21470.4207    21476.2744  9762656    0.03%
Elapsed time = 3221.78 sec. (1935629.19 ticks, tree = 140.85 MB, solutions = 1)
 665035 78077    21474.0061   258    21470.4207    21476.1838  9772448    0.03%
 666469 77045    21474.4087   153    21470.4207    21476.0995  9783516    0.03%
 667879 75928        cutoff          21470.4207    21476.0100  9794086    0.03%
 668846 75102    21472.9720   118    21470.4207    21475.9430  9801027    0.03%
 670155 74073        cutoff          21470.4207    21475.8606  9810186    0.03%
 671196 73245        cutoff          21470.4207    21475.7977  9817539    0.03%
 671895 72693        cutoff          21470.4207    21475.7543  9822483    0.02%
 672929 71793        cutoff          21470.4207    21475.6854  9829685    0.02%
 673786 71084        cutoff          21470.4207    21475.6311  9835621    0.02%
 674788 70243    21474.2848    45    21470.4207    21475.5675  9842521    0.02%
Elapsed time = 3287.98 sec. (1975507.41 ticks, tree = 125.66 MB, solutions = 1)
 675303 69835        cutoff          21470.4207    21475.5371  9846247    0.02%
 676170 69134        cutoff          21470.4207    21475.4782  9852278    0.02%
 677597 67921        cutoff          21470.4207    21475.3837  9861525    0.02%
 678426 67221        cutoff          21470.4207    21475.3299  9867434    0.02%
 678610 67083    21473.0497    62    21470.4207    21475.3188  9868620    0.02%
 679765 66148    21471.4156   135    21470.4207    21475.2444  9876437    0.02%
 680310 65707        cutoff          21470.4207    21475.2082  9880245    0.02%
 681220 64961        cutoff          21470.4207    21475.1532  9886231    0.02%
 681488 64753    21472.7813   168    21470.4207    21475.1372  9887941    0.02%
 682588 63863    21472.1681   258    21470.4207    21475.0688  9895140    0.02%
Elapsed time = 3359.63 sec. (2018976.97 ticks, tree = 114.91 MB, solutions = 1)
 683288 63279    21472.2480   128    21470.4207    21475.0245  9899508    0.02%
 683588 63023    21470.8606    84    21470.4207    21475.0042  9901443    0.02%
 683788 62862    21471.5130   275    21470.4207    21474.9920  9902883    0.02%
 684388 62333    21471.3854   261    21470.4207    21474.9529  9906531    0.02%
 685188 61623    21471.0594    63    21470.4207    21474.8997  9911328    0.02%
 685388 61468    21474.8118   107    21470.4207    21474.8890  9912401    0.02%
 686088 60902    21472.3050   156    21470.4207    21474.8447  9916698    0.02%
 686288 60748    21473.6859    32    21470.4207    21474.8319  9917764    0.02%
 686688 60407    21472.1230   255    21470.4207    21474.8074  9920027    0.02%
 688109 59169        cutoff          21470.4207    21474.7153  9928646    0.02%
Elapsed time = 3451.84 sec. (2073715.02 ticks, tree = 106.99 MB, solutions = 1)
 688588 58758    21473.3011   116    21470.4207    21474.6824  9931650    0.02%
 689964 57511    21472.2712   118    21470.4207    21474.5906  9939772    0.02%
 691350 56303        cutoff          21470.4207    21474.5016  9948328    0.02%
 692639 55158        cutoff          21470.4207    21474.4174  9955631    0.02%
 693715 54225        cutoff          21470.4207    21474.3511  9962021    0.02%
 695104 53010        cutoff          21470.4207    21474.2570  9970361    0.02%
 696541 51734        cutoff          21470.4207    21474.1670  9978244    0.02%
 697956 50478        cutoff          21470.4207    21474.0738  9985902    0.02%
 699369 49183        cutoff          21470.4207    21473.9788  9993570    0.02%
 700474 48223        cutoff          21470.4207    21473.9086 10000961    0.02%
Elapsed time = 3518.01 sec. (2113866.50 ticks, tree = 88.48 MB, solutions = 1)
 701940 46884        cutoff          21470.4207    21473.8131 10009733    0.02%
 703276 45660        cutoff          21470.4207    21473.7275 10018038    0.02%
 704745 44310        cutoff          21470.4207    21473.6330 10026679    0.01%
 706175 42965        cutoff          21470.4207    21473.5325 10035082    0.01%
 707506 41717        cutoff          21470.4207    21473.4459 10042764    0.01%
 708659 40636        cutoff          21470.4207    21473.3684 10049337    0.01%
 710112 39273        cutoff          21470.4207    21473.2720 10057261    0.01%
 711584 37877        cutoff          21470.4207    21473.1743 10065306    0.01%
 713053 36469        cutoff          21470.4207    21473.0794 10073216    0.01%
 714502 35095        cutoff          21470.4207    21472.9802 10080786    0.01%
Elapsed time = 3578.24 sec. (2152028.61 ticks, tree = 66.38 MB, solutions = 1)
 715577 34090        cutoff          21470.4207    21472.9091 10086212    0.01%
 717065 32661    21470.8217    28    21470.4207    21472.8071 10093474    0.01%
 718558 31208        cutoff          21470.4207    21472.7003 10100778    0.01%

Implied bound cuts applied:  601
Flow cuts applied:  34
Mixed integer rounding cuts applied:  87
Lift and project cuts applied:  135
Gomory fractional cuts applied:  103

Root node processing (before b&c):
  Real time             =    1.14 sec. (595.42 ticks)
Sequential b&c:
  Real time             = 3598.86 sec. (2166419.86 ticks)
                          ------------
Total (root+branch&cut) = 3600.00 sec. (2167015.29 ticks)
