1 of 1 MIP starts provided solutions.
MIP start 'm1' defined initial solution with objective 22663.5416.
Tried aggregator 1 time.
MIP Presolve eliminated 0 rows and 1 columns.
MIP Presolve modified 8755 coefficients.
Reduced MIP has 4126 rows, 2437 columns, and 25534 nonzeros.
Reduced MIP has 1938 binaries, 0 generals, 0 SOSs, and 0 indicators.
Presolve time = 0.03 sec. (15.43 ticks)
Probing time = 0.01 sec. (2.86 ticks)
Tried aggregator 1 time.
Reduced MIP has 4126 rows, 2437 columns, and 25534 nonzeros.
Reduced MIP has 1938 binaries, 0 generals, 0 SOSs, and 0 indicators.
Presolve time = 0.03 sec. (11.02 ticks)
Probing time = 0.01 sec. (2.85 ticks)
Clique table members: 254.
MIP emphasis: balance optimality and feasibility.
MIP search method: dynamic search.
Parallel mode: none, using 1 thread.
Root relaxation solution time = 0.02 sec. (10.05 ticks)

        Nodes                                         Cuts/
   Node  Left     Objective  IInf  Best Integer    Best Bound    ItCnt     Gap

*     0+    0                        22663.5416   110569.1822      607  387.87%
      0     0    24973.4173   329    22663.5416    24973.4173      607   10.19%
      0     0    23611.0887   255    22663.5416     Cuts: 797     1024    4.18%
      0     0    23206.6751   273    22663.5416     Cuts: 646     1334    2.40%
      0     0    23103.0810   308    22663.5416     Cuts: 263     1500    1.94%
      0     0    23072.0761   324    22663.5416     Cuts: 164     1605    1.80%
      0     0    23058.6567   338    22663.5416      Cuts: 87     1670    1.74%
      0     0    23053.3929   341    22663.5416      Cuts: 56     1711    1.72%
      0     0    23048.1461   343    22663.5416      Cuts: 32     1739    1.70%
      0     0    23045.8599   327    22663.5416      Cuts: 35     1770    1.69%
      0     0    23045.8153   333    22663.5416      Cuts: 20     1776    1.69%
      0     0    23045.8153   333    22663.5416       Cuts: 5     1781    1.69%
      0     2    23045.8153   333    22663.5416    23045.2460     1781    1.68%
Elapsed time = 1.13 sec. (586.03 ticks, tree = 0.00 MB, solutions = 1)
     80    82    22756.4598   178    22663.5416    23043.0646     2536    1.67%
    157   152    22874.1396   224    22663.5416    23042.1477     3573    1.67%
    240   225    22839.2672   268    22663.5416    23041.9762     4602    1.67%
    360   338    22824.4692   298    22663.5416    23041.8975     5967    1.67%
    459   424    22822.8454   245    22663.5416    23040.4852     7811    1.66%
    472   437    22917.7393   371    22663.5416    22917.3669    10151    1.12%
    473   438    22915.2237   348    22663.5416    22915.2090    10218    1.11%
    474   439    22914.6296   355    22663.5416    22915.2090    10258    1.11%
    475   440    22914.4267   353    22663.5416    22915.2090    10273    1.11%
    486   447    22880.0392   310    22663.5416    22915.2090    10683    1.11%
Elapsed time = 14.39 sec. (8137.93 ticks, tree = 0.93 MB, solutions = 1)
    532   460    22803.3961   237    22663.5416    22915.2090    11582    1.11%
    672   479    22845.9539   325    22663.5416    22913.8401    14187    1.10%
    972   617    22800.4370   220    22663.5416    22909.7469    17306    1.09%
   1272   765    22824.4650   254    22663.5416    22899.4835    20642    1.04%
   1592  1010    22800.4211   237    22663.5416    22897.0995    24122    1.03%
   1951  1337    22762.5788   323    22663.5416    22895.1089    27710    1.02%
   2254  1614    22852.6101   339    22663.5416    22894.6851    31172    1.02%
   2512  1842    22826.7267   335    22663.5416    22893.9045    34652    1.02%
   2863  2166        cutoff          22663.5416    22893.0855    38831    1.01%
   3193  2463    22805.0637   286    22663.5416    22889.8551    42444    1.00%
Elapsed time = 29.70 sec. (17922.87 ticks, tree = 4.21 MB, solutions = 1)
   3539  2772    22715.8577    85    22663.5416    22888.6326    45842    0.99%
   3952  3132    22787.0699   285    22663.5416    22886.9224    49898    0.99%
   4389  3528    22751.5861   240    22663.5416    22885.0651    54524    0.98%
   4764  3860    22847.1978   342    22663.5416    22882.4264    59624    0.97%
   5259  4324    22688.4462   146    22663.5416    22881.0705    64450    0.96%
   5639  4653    22753.7864   331    22663.5416    22878.8892    69778    0.95%
   5999  4976    22832.1827   301    22663.5416    22877.6755    75158    0.94%
   6381  5301    22823.8370   317    22663.5416    22876.9878    79298    0.94%
   6736  5607    22695.4318   327    22663.5416    22876.4914    83772    0.94%
   7080  5906    22793.7518   337    22663.5416    22874.5788    88677    0.93%
Elapsed time = 45.07 sec. (27703.67 ticks, tree = 11.28 MB, solutions = 1)
   7432  6216    22753.4749   293    22663.5416    22873.4898    92955    0.93%
   7834  6571    22739.3724   260    22663.5416    22872.3324    96765    0.92%
   8252  6936    22714.0541   277    22663.5416    22870.5698   101014    0.91%
   8548  7195    22806.0989   354    22663.5416    22870.1720   104905    0.91%
   8834  7445    22848.2294   349    22663.5416    22869.7944   109268    0.91%
   9161  7719    22675.6837   126    22663.5416    22869.0802   113316    0.91%
   9441  7941    22694.8101   315    22663.5416    22868.0464   118105    0.90%
   9720  8163    22669.6552   242    22663.5416    22867.5799   122535    0.90%
   9912  8338    22735.9024   279    22663.5416    22867.3895   124897    0.90%
  10244  8623    22838.6020   296    22663.5416    22866.2094   129903    0.89%
Elapsed time = 66.19 sec. (40327.36 ticks, tree = 15.78 MB, solutions = 1)
  10653  8972    22741.8444   242    22663.5416    22864.8607   134904    0.89%
  11058  9316    22791.2664   265    22663.5416    22863.1341   139889    0.88%
  11390  9600    22676.7208   134    22663.5416    22862.3604   144520    0.88%
  11639  9791    22794.7576   358    22663.5416    22861.5870   148629    0.87%
  12001 10114        cutoff          22663.5416    22861.0826   153347    0.87%
  12306 10365    22687.0360   144    22663.5416    22859.5529   157637    0.86%
  12616 10610    22772.4136   298    22663.5416    22858.5439   162024    0.86%
  12950 10891    22752.3908   280    22663.5416    22857.5888   166663    0.86%
  13304 11189    22681.6125   309    22663.5416    22857.1248   171066    0.85%
  13582 11408    22688.8951   309    22663.5416    22856.5601   175845    0.85%
Elapsed time = 81.42 sec. (49972.54 ticks, tree = 20.12 MB, solutions = 1)
  13924 11694    22757.6021   298    22663.5416    22855.4071   181584    0.85%
  14299 12019    22693.2476   224    22663.5416    22854.5052   187390    0.84%
  14700 12366    22776.2415   262    22663.5416    22853.7913   192797    0.84%
  15032 12634    22758.0841   303    22663.5416    22853.3500   198095    0.84%
  15432 12987    22719.4808   234    22663.5416    22852.9403   202797    0.84%
  15745 13245    22725.2256   335    22663.5416    22852.3661   207959    0.83%
  16119 13574    22728.4966   249    22663.5416    22851.8797   212663    0.83%
  16416 13822    22797.7512   330    22663.5416    22851.2829   217361    0.83%
  16575 13927    22666.1059   319    22663.5416    22850.4579   220945    0.82%
  16962 14264    22707.5058   239    22663.5416    22849.6579   226057    0.82%
Elapsed time = 96.91 sec. (59643.68 ticks, tree = 24.46 MB, solutions = 1)
  17211 14451    22811.9922   292    22663.5416    22849.0602   230563    0.82%
  17466 14655    22713.1404   308    22663.5416    22848.6732   235490    0.82%
  17702 14849    22764.3313   286    22663.5416    22848.2398   239750    0.81%
  17900 15006    22716.6521   255    22663.5416    22848.0059   244201    0.81%
  18138 15193    22691.3936   299    22663.5416    22847.6236   248384    0.81%
  18407 15417    22737.6812   307    22663.5416    22847.3661   253039    0.81%
  18714 15673    22756.0234   201    22663.5416    22846.9517   257846    0.81%
  19029 15925    22766.6212   312    22663.5416    22846.5692   262671    0.81%
  19300 16145    22748.1599   320    22663.5416    22846.0823   267640    0.81%
  19552 16348    22792.2719   301    22663.5416    22845.7156   272909    0.80%
Elapsed time = 112.92 sec. (69342.61 ticks, tree = 27.66 MB, solutions = 1)
  19881 16631    22667.4484   281    22663.5416    22845.3671   278310    0.80%
  20161 16842    22766.7794   293    22663.5416    22844.8853   283781    0.80%
  20416 17044    22680.9375   175    22663.5416    22844.4133   289082    0.80%
  20682 17246    22711.7403   297    22663.5416    22843.9947   294292    0.80%
  20957 17455        cutoff          22663.5416    22843.7033   299990    0.79%
  21272 17716    22748.6606   257    22663.5416    22843.0806   305349    0.79%
  21668 18060    22675.8189   228    22663.5416    22842.7038   310779    0.79%
  21928 18263    22736.2052   322    22663.5416    22842.0307   315465    0.79%
  22224 18518    22787.4690   252    22663.5416    22841.7288   320404    0.79%
  22508 18762    22772.6891   280    22663.5416    22841.4625   324812    0.79%
Elapsed time = 128.90 sec. (78975.16 ticks, tree = 31.89 MB, solutions = 1)
  22804 19011    22703.0265   227    22663.5416    22841.0450   329517    0.78%
  23084 19238    22699.4496   340    22663.5416    22840.8334   334526    0.78%
  23327 19431    22658.8737   268    22663.5416    22840.5776   339449    0.78%
  23603 19654    22679.0086   296    22663.5416    22840.2820   344962    0.78%
  23852 19858    22732.9814   264    22663.5416    22840.0524   349296    0.78%
  24152 20114    22763.9462   257    22663.5416    22839.7676   354589    0.78%
  24404 20304    22687.9408   263    22663.5416    22839.4954   359730    0.78%
  24652 20492    22672.2126   226    22663.5416    22839.1531   364560    0.77%
  24901 20674    22725.0853   279    22663.5416    22838.7907   369148    0.77%
  25164 20866    22680.4509   309    22663.5416    22838.4085   374377    0.77%
Elapsed time = 144.88 sec. (88683.73 ticks, tree = 34.97 MB, solutions = 1)
  25466 21106    22698.9697   260    22663.5416    22838.0453   379665    0.77%
  25767 21347    22783.8281   326    22663.5416    22837.8417   384729    0.77%
  26051 21579    22690.4089   279    22663.5416    22837.4791   389979    0.77%
  26302 21765    22696.5993   309    22663.5416    22837.0906   395305    0.77%
  26618 22022    22732.0995   331    22663.5416    22836.8482   400813    0.76%
  26943 22289    22802.2925   308    22663.5416    22836.5290   406374    0.76%
  27332 22613    22722.6516   289    22663.5416    22836.2641   411465    0.76%
  27655 22860    22702.0592   342    22663.5416    22836.1168   417045    0.76%
  27972 23126    22778.4261   317    22663.5416    22835.7700   422333    0.76%
  29186 24146    22744.2347   249    22663.5416    22834.6633   442810    0.76%
Elapsed time = 165.69 sec. (101152.73 ticks, tree = 40.03 MB, solutions = 1)
  30341 25105    22675.9577   301    22663.5416    22833.7551   461207    0.75%
  31472 26037    22726.6309   300    22663.5416    22832.6518   479279    0.75%
  32615 26962    22791.8080   274    22663.5416    22831.6626   498007    0.74%
  34001 28120    22755.9332   329    22663.5416    22830.7184   518789    0.74%
  35264 29137    22726.5519   294    22663.5416    22829.4321   540092    0.73%
  36489 30099    22762.1522   224    22663.5416    22828.2885   561579    0.73%
  37780 31145    22756.2088   349    22663.5416    22827.2876   582526    0.72%
  38834 32008        cutoff          22663.5416    22826.3155   602088    0.72%
  39939 32878    22727.8251   307    22663.5416    22825.3805   621999    0.71%
  40878 33596    22744.0926   323    22663.5416    22824.4903   641325    0.71%
Elapsed time = 228.66 sec. (139365.95 ticks, tree = 61.31 MB, solutions = 1)
  41953 34445    22767.1644   306    22663.5416    22823.8292   661776    0.71%
  43198 35446    22771.6879   301    22663.5416    22823.1175   683968    0.70%
  44363 36369    22671.5065   118    22663.5416    22822.4357   706275    0.70%
  45641 37376    22702.9705   312    22663.5416    22821.7046   728684    0.70%
  46749 38248    22767.0838   291    22663.5416    22820.8201   749596    0.69%
  47857 39127    22676.9305   281    22663.5416    22820.1979   770322    0.69%
  48946 39957    22758.6422   225    22663.5416    22819.4857   790473    0.69%
  50080 40835    22678.0807   248    22663.5416    22818.8288   811406    0.69%
  51268 41780    22698.1836   290    22663.5416    22818.0462   833491    0.68%
  52396 42651    22691.6976   234    22663.5416    22817.3098   856141    0.68%
Elapsed time = 292.57 sec. (177559.54 ticks, tree = 77.14 MB, solutions = 1)
  53634 43631    22788.2864   311    22663.5416    22816.6326   879023    0.68%
  54805 44509    22728.2681   246    22663.5416    22815.7703   902923    0.67%
  56003 45458    22707.1905   226    22663.5416    22814.9978   924180    0.67%
  57121 46358    22709.5407   245    22663.5416    22814.4215   945559    0.67%
  58177 47193    22728.6386   241    22663.5416    22813.8509   966415    0.66%
  59263 47991    22722.9817   304    22663.5416    22812.9097   987700    0.66%
  60402 48871    22787.5678   270    22663.5416    22812.0983  1009048    0.66%
  61527 49739    22749.8426   286    22663.5416    22811.6169  1030900    0.65%
  62792 50750    22715.2477   321    22663.5416    22811.0564  1053789    0.65%
  63965 51698    22766.4874   293    22663.5416    22810.4561  1075696    0.65%
Elapsed time = 356.82 sec. (215756.69 ticks, tree = 91.89 MB, solutions = 1)
  65141 52635    22706.1549   227    22663.5416    22809.8507  1098028    0.65%
  66311 53560    22785.5632   324    22663.5416    22809.3921  1120221    0.64%
  67354 54388    22724.9267   292    22663.5416    22808.8127  1141359    0.64%
  68442 55225        cutoff          22663.5416    22808.0691  1162753    0.64%
  69567 56120    22676.7730   295    22663.5416    22807.6575  1183831    0.64%
  70812 57059    22674.2492   304    22663.5416    22807.1272  1205529    0.63%
  72085 58023    22756.7274   314    22663.5416    22806.5746  1228072    0.63%
  73114 58774    22764.6298   251    22663.5416    22805.9770  1249601    0.63%
  74438 59822    22709.3173   272    22663.5416    22805.3713  1271936    0.63%
  75672 60830    22667.3197   141    22663.5416    22804.9423  1294659    0.62%
Elapsed time = 420.59 sec. (253957.49 ticks, tree = 106.53 MB, solutions = 1)
  76872 61747    22710.9413   127    22663.5416    22804.5148  1317146    0.62%
  77936 62571    22776.1140   252    22663.5416    22804.1409  1337816    0.62%
  79040 63424    22733.3419   244    22663.5416    22803.7582  1359527    0.62%
  80097 64205    22783.2471   280    22663.5416    22803.1055  1382373    0.62%
  81215 65061        cutoff          22663.5416    22802.7079  1403629    0.61%
  82467 66054    22714.2527   228    22663.5416    22802.3677  1424736    0.61%
  83725 67017    22758.0816   283    22663.5416    22801.8304  1446811    0.61%
  84926 67927    22683.3498   161    22663.5416    22801.4111  1469852    0.61%
  86198 68901    22720.2391   250    22663.5416    22800.9854  1492455    0.61%
  87421 69831    22758.8913   276    22663.5416    22800.5456  1515688    0.60%
Elapsed time = 484.10 sec. (292139.39 ticks, tree = 123.12 MB, solutions = 1)
  88662 70790    22707.7649   262    22663.5416    22800.1753  1538409    0.60%
  89873 71647    22711.1053   256    22663.5416    22799.7644  1562830    0.60%
  91027 72526    22738.1444   316    22663.5416    22799.3605  1583407    0.60%
  92306 73496    22686.6235   302    22663.5416    22799.0278  1606969    0.60%
  93393 74312    22674.8452   326    22663.5416    22798.6025  1629155    0.60%
  94472 75086    22685.4899   279    22663.5416    22798.2111  1651663    0.59%
  95705 76014    22701.0217   283    22663.5416    22797.8730  1673867    0.59%
  96905 76912    22716.1358   249    22663.5416    22797.4837  1697047    0.59%
  98045 77740    22703.7948   173    22663.5416    22797.0308  1721232    0.59%
  99296 78658    22742.4152   319    22663.5416    22796.4943  1744719    0.59%
Elapsed time = 547.42 sec. (330452.28 ticks, tree = 136.54 MB, solutions = 1)
 100705 79732    22674.2756    52    22663.5416    22796.1288  1767919    0.59%
 102062 80764    22730.2424   275    22663.5416    22795.6892  1791049    0.58%
 103287 81659    22755.7370   288    22663.5416    22795.2390  1815616    0.58%
 104541 82560    22706.2945   289    22663.5416    22794.9078  1839255    0.58%
 105658 83385    22695.8969   336    22663.5416    22794.6592  1860430    0.58%
 106774 84228    22684.9010   189    22663.5416    22794.3971  1882033    0.58%
 107915 85048    22671.2961   233    22663.5416    22793.9162  1902980    0.58%
 108946 85805    22753.7923   253    22663.5416    22793.6018  1923925    0.57%
 110179 86745    22765.5748   339    22663.5416    22793.2318  1945391    0.57%
 111360 87632    22764.7349   234    22663.5416    22792.9426  1967478    0.57%
Elapsed time = 610.01 sec. (368677.47 ticks, tree = 150.65 MB, solutions = 1)
 112573 88558    22740.3946   156    22663.5416    22792.5418  1990112    0.57%
 113685 89364    22711.0557   162    22663.5416    22792.1464  2012574    0.57%
 114928 90292    22729.6066   279    22663.5416    22791.8704  2035732    0.57%
 116105 91172    22679.9816   236    22663.5416    22791.5629  2058352    0.56%
 117337 92100    22776.6743   235    22663.5416    22791.1906  2081342    0.56%
 118472 92903    22731.3702   274    22663.5416    22790.8531  2104851    0.56%
 119739 93861    22737.6145   254    22663.5416    22790.4361  2127315    0.56%
 120906 94770    22728.1449   299    22663.5416    22790.1050  2149440    0.56%
 122133 95671    22708.7779   261    22663.5416    22789.7979  2173206    0.56%
 123173 96393    22732.0493   284    22663.5416    22789.4573  2194884    0.56%
Elapsed time = 672.78 sec. (406848.83 ticks, tree = 164.25 MB, solutions = 1)
 124350 97272    22755.0521   295    22663.5416    22789.0852  2216422    0.55%
 125583 98170    22713.9703   316    22663.5416    22788.7030  2238895    0.55%
 126779 99020    22774.3500   267    22663.5416    22788.3903  2261614    0.55%
 128091 100013    22680.5658   275    22663.5416    22788.1401  2285148    0.55%
 129348 100944    22762.7787   281    22663.5416    22787.7207  2309279    0.55%
 130741 101954    22766.3685   310    22663.5416    22787.4487  2332914    0.55%
 131998 102845    22714.2273   212    22663.5416    22787.0884  2356370    0.55%
 133191 103691    22698.8129   235    22663.5416    22786.8170  2379263    0.54%
 134546 104706    22706.8878   242    22663.5416    22786.5666  2402353    0.54%
 135754 105616    22695.7859   275    22663.5416    22786.3216  2424281    0.54%
Elapsed time = 735.49 sec. (445045.92 ticks, tree = 179.91 MB, solutions = 1)
 136955 106498    22713.5919   284    22663.5416    22786.1230  2446588    0.54%
 138068 107282    22783.9534   271    22663.5416    22785.8231  2467785    0.54%
 139090 107986    22722.1276   343    22663.5416    22785.5623  2489811    0.54%
 140210 108788    22740.1580   337    22663.5416    22785.3539  2511570    0.54%
 141351 109603    22693.3794   275    22663.5416    22785.1809  2533143    0.54%
 142622 110518    22762.3621   305    22663.5416    22784.9623  2555843    0.54%
 143930 111479    22686.4103   202    22663.5416    22784.7609  2579119    0.53%
 145227 112423    22668.2508   212    22663.5416    22784.5451  2602042    0.53%
 146422 113270    22677.6401   262    22663.5416    22784.2861  2625026    0.53%
 147627 114118    22673.4276   192    22663.5416    22783.9832  2649236    0.53%
Elapsed time = 797.97 sec. (483232.39 ticks, tree = 193.92 MB, solutions = 1)
 148864 115010    22671.8996   124    22663.5416    22783.6743  2673778    0.53%
 150103 115883    22694.8736   286    22663.5416    22783.3944  2697326    0.53%
 151344 116778    22700.1898   215    22663.5416    22783.1819  2720343    0.53%
 152489 117617    22685.7563   203    22663.5416    22783.0105  2741104    0.53%
 153671 118431    22740.9276   274    22663.5416    22782.7380  2764663    0.53%
 154859 119295        cutoff          22663.5416    22782.5217  2786411    0.52%
 156165 120288    22694.2459   249    22663.5416    22782.3107  2808763    0.52%
 157450 121213    22696.4790   323    22663.5416    22782.0939  2831534    0.52%
 158673 122085    22745.7965   264    22663.5416    22781.8852  2854523    0.52%
 159878 122976    22703.6743   217    22663.5416    22781.6360  2878338    0.52%
Elapsed time = 862.36 sec. (521412.36 ticks, tree = 208.84 MB, solutions = 1)
 161092 123809    22752.8306   264    22663.5416    22781.3935  2902568    0.52%
 162319 124706    22664.8633   166    22663.5416    22781.2063  2926082    0.52%
 163600 125645    22683.9038   282    22663.5416    22780.9172  2951014    0.52%
 164927 126621    22718.3537   226    22663.5416    22780.7104  2975587    0.52%
 166196 127539    22691.1957   257    22663.5416    22780.4384  2999408    0.52%
 167373 128324    22715.4761   297    22663.5416    22780.1337  3022765    0.51%
 168653 129241    22695.8292   285    22663.5416    22779.8821  3046642    0.51%
 169816 130012        cutoff          22663.5416    22779.5754  3069352    0.51%
 170960 130802    22677.5229   246    22663.5416    22779.3699  3092784    0.51%
 172114 131607    22721.0819   272    22663.5416    22779.1512  3115587    0.51%
Elapsed time = 925.80 sec. (559615.46 ticks, tree = 224.19 MB, solutions = 1)
 173512 132629    22690.2660   296    22663.5416    22778.9899  3138725    0.51%
 174639 133392    22690.2427   314    22663.5416    22778.7755  3161466    0.51%
 175863 134230    22678.1953   279    22663.5416    22778.5369  3183717    0.51%
 177102 135100    22674.9946   244    22663.5416    22778.3249  3207231    0.51%
 178332 135945    22671.2495   320    22663.5416    22778.1355  3230483    0.51%
 179666 136915    22730.4376   240    22663.5416    22777.8563  3254579    0.50%
 180970 137851    22704.2441   192    22663.5416    22777.6655  3277946    0.50%
 182165 138659    22713.9491   263    22663.5416    22777.4329  3300179    0.50%
 183402 139516    22684.9288   229    22663.5416    22777.2185  3323536    0.50%
 184665 140452    22762.8075   306    22663.5416    22777.0652  3345873    0.50%
Elapsed time = 988.29 sec. (597814.54 ticks, tree = 237.92 MB, solutions = 1)
 185879 141323    22756.3806   282    22663.5416    22776.9226  3368262    0.50%
 187072 142118    22722.1937   271    22663.5416    22776.7065  3391956    0.50%
 188260 142960    22670.8623   206    22663.5416    22776.5166  3414556    0.50%
 189386 143745    22761.3549   203    22663.5416    22776.3505  3436281    0.50%
 190565 144552    22719.8983   274    22663.5416    22776.1471  3459246    0.50%
 191696 145346    22757.8428   255    22663.5416    22775.9660  3482431    0.50%
 192910 146192    22694.6714   192    22663.5416    22775.7400  3504875    0.50%
 194120 147056    22677.1389   188    22663.5416    22775.5768  3527362    0.49%
 195186 147754    22667.6152   244    22663.5416    22775.3305  3550704    0.49%
 196320 148499    22683.3988   293    22663.5416    22775.1228  3573489    0.49%
Elapsed time = 1051.18 sec. (635973.79 ticks, tree = 251.16 MB, solutions = 1)
 197579 149359    22671.5717   139    22663.5416    22774.9302  3597217    0.49%
 198713 150098    22670.1323   252    22663.5416    22774.7027  3620553    0.49%
 199856 150887    22676.9564   272    22663.5416    22774.5335  3644059    0.49%
 201060 151719    22706.3243   324    22663.5416    22774.3445  3667355    0.49%
 202218 152484    22705.2056   185    22663.5416    22774.1670  3690505    0.49%
 203491 153363    22757.0589   305    22663.5416    22773.9789  3714052    0.49%
 204757 154245    22740.3104   228    22663.5416    22773.7791  3736095    0.49%
 205928 155023    22737.2820   231    22663.5416    22773.5975  3759621    0.49%
 207131 155855    22673.2609   258    22663.5416    22773.4371  3782765    0.48%
 208135 156483    22671.9741   198    22663.5416    22773.3047  3804398    0.48%
Elapsed time = 1114.18 sec. (674139.85 ticks, tree = 264.29 MB, solutions = 1)
 209257 157242    22674.3168   328    22663.5416    22773.0803  3826963    0.48%
 210403 157986    22669.2425   238    22663.5416    22772.8947  3848863    0.48%
 211552 158707        cutoff          22663.5416    22772.6995  3871166    0.48%
 212741 159492    22620.5313   171    22663.5416    22772.5104  3893817    0.48%
 213849 160212    22755.9594   234    22663.5416    22772.3660  3916505    0.48%
 214981 160945    22742.4588   196    22663.5416    22772.1957  3939526    0.48%
 216173 161740    22703.8978   175    22663.5416    22772.0007  3962946    0.48%
 217298 162449    22737.9501   276    22663.5416    22771.8171  3986807    0.48%
 218472 163234    22694.3213   142    22663.5416    22771.6380  4010103    0.48%
 219672 164061    22737.4448   297    22663.5416    22771.4915  4034047    0.48%
Elapsed time = 1177.31 sec. (712419.82 ticks, tree = 277.45 MB, solutions = 1)
 220750 164744    22750.5724   280    22663.5416    22771.2838  4058042    0.48%
 221942 165586    22680.9424   290    22663.5416    22771.1350  4081904    0.47%
 223155 166393    22720.4696   251    22663.5416    22770.9369  4105496    0.47%
 224344 167190    22731.5262   243    22663.5416    22770.7648  4128534    0.47%
 225660 168103    22681.7636   244    22663.5416    22770.6074  4151774    0.47%
 226766 168881    22682.7903   203    22663.5416    22770.4487  4174430    0.47%
 227912 169678    22692.4757   196    22663.5416    22770.3219  4196270    0.47%
 229095 170507    22698.0383   144    22663.5416    22770.1868  4220450    0.47%
 230305 171333    22678.0565   134    22663.5416    22770.0405  4243678    0.47%
 231396 172101    22733.8296   249    22663.5416    22769.9141  4266603    0.47%
Elapsed time = 1240.44 sec. (750588.42 ticks, tree = 290.54 MB, solutions = 1)
 232465 172832    22719.4828   222    22663.5416    22769.7866  4289800    0.47%
 233549 173573    22685.9378   293    22663.5416    22769.6345  4312913    0.47%
 234675 174348        cutoff          22663.5416    22769.4971  4336099    0.47%
 235785 175057    22715.0380   278    22663.5416    22769.2880  4360806    0.47%
 236857 175710    22757.4139   239    22663.5416    22769.1222  4383698    0.47%
 237920 176385    22674.5728   310    22663.5416    22768.9646  4406097    0.47%
 238985 177059    22706.3168   261    22663.5416    22768.7981  4428841    0.46%
 240092 177778    22725.7010   256    22663.5416    22768.6591  4453350    0.46%
 241248 178530    22669.4091   241    22663.5416    22768.5264  4476658    0.46%
 242384 179285    22715.6103   278    22663.5416    22768.3845  4500802    0.46%
Elapsed time = 1306.63 sec. (788813.99 ticks, tree = 301.98 MB, solutions = 1)
 243472 179973    22729.1239   310    22663.5416    22768.1806  4525143    0.46%
 244578 180680    22701.3823   223    22663.5416    22768.0167  4550160    0.46%
 245689 181400    22710.1806   298    22663.5416    22767.8444  4574060    0.46%
 246804 182110    22711.5589   310    22663.5416    22767.6908  4598341    0.46%
 247843 182813    22723.0096   268    22663.5416    22767.5667  4621405    0.46%
 248820 183372    22666.7827   275    22663.5416    22767.4199  4644738    0.46%
 249986 184136    22701.8848   286    22663.5416    22767.2738  4668447    0.46%
 251130 184910    22716.8084   225    22663.5416    22767.1285  4691676    0.46%
 252286 185697    22732.8711   262    22663.5416    22767.0220  4714333    0.46%
 253441 186458    22732.0881   300    22663.5416    22766.8787  4737143    0.46%
Elapsed time = 1373.02 sec. (827019.76 ticks, tree = 314.81 MB, solutions = 1)
 254525 187205    22668.2838   224    22663.5416    22766.7766  4759467    0.46%
 255615 187866    22673.1173   293    22663.5416    22766.5898  4783310    0.45%
 256692 188548    22687.2021   229    22663.5416    22766.4618  4806807    0.45%
 257934 189396    22668.4453   314    22663.5416    22766.3302  4830765    0.45%
 259072 190135    22721.1023   189    22663.5416    22766.1776  4854769    0.45%
 260244 190838    22666.2101   216    22663.5416    22766.0022  4878942    0.45%
 261416 191602    22679.2785   205    22663.5416    22765.8567  4903983    0.45%
 262619 192383    22739.8652   195    22663.5416    22765.7256  4928800    0.45%
 263734 193056        cutoff          22663.5416    22765.5669  4953220    0.45%
 264872 193788    22706.2366   306    22663.5416    22765.4177  4977590    0.45%
Elapsed time = 1440.99 sec. (865236.64 ticks, tree = 328.12 MB, solutions = 1)
 266087 194594    22696.1138   251    22663.5416    22765.2748  5002740    0.45%
 267203 195272    22712.4315   255    22663.5416    22765.0930  5028192    0.45%
 268251 195955        cutoff          22663.5416    22764.9400  5051386    0.45%
 269439 196741    22680.0020   346    22663.5416    22764.8025  5075304    0.45%
 270505 197418    22670.0445   247    22663.5416    22764.6944  5098658    0.45%
 271648 198142    22712.0475   264    22663.5416    22764.5650  5122795    0.45%
 272701 198824        cutoff          22663.5416    22764.4413  5144760    0.45%
 273791 199483    22743.2603   194    22663.5416    22764.3122  5169422    0.44%
 274872 200134    22688.4961   249    22663.5416    22764.1858  5192964    0.44%
 275904 200741    22684.3139   302    22663.5416    22764.0616  5216807    0.44%
Elapsed time = 1509.02 sec. (903416.57 ticks, tree = 338.95 MB, solutions = 1)
 277031 201417    22678.2078   187    22663.5416    22763.9163  5241319    0.44%
 278241 202182    22751.4698   300    22663.5416    22763.7781  5265765    0.44%
 279418 202918    22708.0733   228    22663.5416    22763.6158  5290708    0.44%
 280616 203693        cutoff          22663.5416    22763.4922  5315150    0.44%
 281721 204368    22689.9481   216    22663.5416    22763.3644  5339948    0.44%
 282857 205069    22709.4330   295    22663.5416    22763.2369  5364426    0.44%
 284068 205844    22686.0354   183    22663.5416    22763.1117  5389801    0.44%
 285229 206582    22743.7911   323    22663.5416    22762.9820  5414051    0.44%
 286320 207269    22689.7627   220    22663.5416    22762.8431  5438060    0.44%
 287479 207950    22710.4020   264    22663.5416    22762.6683  5462711    0.44%
Elapsed time = 1576.58 sec. (941608.23 ticks, tree = 350.29 MB, solutions = 1)
 288509 208522    22663.8292   248    22663.5416    22762.5248  5487898    0.44%
 289536 209121    22752.4365   277    22663.5416    22762.3869  5511227    0.44%
 290586 209747    22706.5991   218    22663.5416    22762.2523  5535609    0.44%
 291692 210460    22685.5686   225    22663.5416    22762.1176  5559727    0.43%
 292751 211123    22748.7740   265    22663.5416    22762.0022  5582599    0.43%
 293868 211835    22695.8738   259    22663.5416    22761.8735  5605866    0.43%
 294941 212449    22673.9958   168    22663.5416    22761.7565  5629681    0.43%
 295970 213043    22725.5151   321    22663.5416    22761.6325  5653406    0.43%
 296973 213661    22687.4114   285    22663.5416    22761.5213  5676043    0.43%
 298014 214249    22707.1774   277    22663.5416    22761.3660  5700831    0.43%
Elapsed time = 1644.57 sec. (979814.67 ticks, tree = 360.04 MB, solutions = 1)
 299052 214855    22729.7392   224    22663.5416    22761.2293  5724173    0.43%
 300270 215630    22721.5450   288    22663.5416    22761.0915  5749371    0.43%
 301379 216288    22709.9110   257    22663.5416    22760.9821  5773946    0.43%
 302459 216946    22679.6626   263    22663.5416    22760.8828  5797671    0.43%
 303529 217633    22711.6855   267    22663.5416    22760.7639  5820184    0.43%
 304616 218289    22709.2762   225    22663.5416    22760.6182  5844691    0.43%
 305790 219007    22740.1589   327    22663.5416    22760.5089  5869136    0.43%
 306932 219739    22740.0045   220    22663.5416    22760.3785  5894007    0.43%
 308022 220412    22730.7397   255    22663.5416    22760.2728  5918502    0.43%
 309126 221076    22683.0756   212    22663.5416    22760.1661  5942898    0.43%
Elapsed time = 1712.04 sec. (1018005.51 ticks, tree = 371.13 MB, solutions = 1)
 310235 221734    22727.9997   257    22663.5416    22760.0195  5966986    0.43%
 311396 222467    22736.2334   250    22663.5416    22759.8918  5990526    0.43%
 312466 223140    22710.7882   250    22663.5416    22759.7698  6014396    0.42%
 313564 223784    22712.4184   226    22663.5416    22759.6612  6037997    0.42%
 314703 224452    22668.9140   248    22663.5416    22759.5386  6061290    0.42%
 315868 225182    22672.4901   263    22663.5416    22759.4394  6083788    0.42%
 316872 225750    22687.7609   270    22663.5416    22759.2892  6107803    0.42%
 318000 226416    22709.5586   296    22663.5416    22759.1535  6131797    0.42%
 319149 227123    22677.8286   236    22663.5416    22759.0564  6155411    0.42%
 320242 227743    22669.7300   302    22663.5416    22758.9197  6179690    0.42%
Elapsed time = 1779.80 sec. (1056212.66 ticks, tree = 383.15 MB, solutions = 1)
 321299 228328    22722.6805   200    22663.5416    22758.7884  6204051    0.42%
 322486 229064    22668.7742   267    22663.5416    22758.6419  6228673    0.42%
 323690 229796    22705.7200   287    22663.5416    22758.5147  6253379    0.42%
 324872 230523    22667.2488   248    22663.5416    22758.3886  6278559    0.42%
 326023 231235    22682.2849   251    22663.5416    22758.2827  6302434    0.42%
 327217 231927    22706.4342   256    22663.5416    22758.1521  6327683    0.42%
 328445 232700    22726.2781   192    22663.5416    22758.0266  6352849    0.42%
 329594 233350    22716.8069   192    22663.5416    22757.9054  6378276    0.42%
 330745 234041    22687.3291   207    22663.5416    22757.8141  6402656    0.42%
 331919 234756    22684.9566   169    22663.5416    22757.6948  6427576    0.42%
Elapsed time = 1848.97 sec. (1094436.59 ticks, tree = 394.20 MB, solutions = 1)
 332960 235314    22676.1654   286    22663.5416    22757.5400  6452950    0.41%
 334049 235906        cutoff          22663.5416    22757.4101  6478076    0.41%
 335060 236483    22721.9851   205    22663.5416    22757.3095  6501728    0.41%
 336197 237215    22675.6501   278    22663.5416    22757.2080  6524533    0.41%
 337271 237869        cutoff          22663.5416    22757.1057  6548562    0.41%
 338353 238456    22680.7866   262    22663.5416    22756.9555  6573145    0.41%
 339431 239109    22694.8282   287    22663.5416    22756.8621  6596290    0.41%
 340586 239783    22723.8133   224    22663.5416    22756.7419  6621184    0.41%
 341599 240365        cutoff          22663.5416    22756.6426  6644465    0.41%
 342723 240997        cutoff          22663.5416    22756.5358  6668898    0.41%
Elapsed time = 1915.90 sec. (1132671.94 ticks, tree = 404.15 MB, solutions = 1)
 343748 241540    22703.5323   215    22663.5416    22756.4024  6693388    0.41%
 344868 242202    22688.5715   213    22663.5416    22756.2826  6717952    0.41%
 345990 242873    22670.2193   192    22663.5416    22756.1428  6741750    0.41%
 347190 243612    22674.3769   246    22663.5416    22756.0293  6765762    0.41%
 348308 244270    22674.4240   117    22663.5416    22755.9197  6789784    0.41%
 349473 244956    22709.6762   282    22663.5416    22755.7846  6814453    0.41%
 350627 245630    22664.5533   246    22663.5416    22755.6514  6839774    0.41%
 351774 246302    22717.1334   268    22663.5416    22755.5332  6864801    0.41%
 352848 246966    22721.7260   231    22663.5416    22755.4383  6889343    0.41%
 353995 247595    22697.7395   260    22663.5416    22755.3072  6913906    0.40%
Elapsed time = 1982.26 sec. (1170843.21 ticks, tree = 414.56 MB, solutions = 1)
 355070 248201    22670.3528   270    22663.5416    22755.1743  6938445    0.40%
 356196 248891    22704.6664   262    22663.5416    22755.0954  6962644    0.40%
 357168 249408        cutoff          22663.5416    22754.9998  6987106    0.40%
 358156 249958        cutoff          22663.5416    22754.8961  7009472    0.40%
 359276 250612    22737.4158   278    22663.5416    22754.7886  7033531    0.40%
 360329 251204    22680.3469   312    22663.5416    22754.6904  7058002    0.40%
 361414 251826        cutoff          22663.5416    22754.5871  7081693    0.40%
 362453 252417        cutoff          22663.5416    22754.4770  7104188    0.40%
 363617 253143    22688.2400   297    22663.5416    22754.3554  7128499    0.40%
 364744 253787        cutoff          22663.5416    22754.2534  7152408    0.40%
Elapsed time = 2049.89 sec. (1209027.61 ticks, tree = 424.32 MB, solutions = 1)
 365814 254401    22705.6282   133    22663.5416    22754.1628  7176171    0.40%
 366890 255013    22719.5528   216    22663.5416    22754.0769  7199823    0.40%
 368061 255695    22674.0947   291    22663.5416    22753.9558  7224828    0.40%
 369249 256393    22715.3630   268    22663.5416    22753.8535  7249427    0.40%
 370367 257000    22665.6340   301    22663.5416    22753.7502  7275152    0.40%
 371568 257704    22670.0124   115    22663.5416    22753.6406  7300174    0.40%
 372754 258340    22741.9402   269    22663.5416    22753.5273  7323924    0.40%
 373871 258929        cutoff          22663.5416    22753.3981  7348792    0.40%
 375050 259612    22672.8215   226    22663.5416    22753.3025  7372572    0.40%
 376200 260272    22689.8203   238    22663.5416    22753.2017  7397478    0.40%
Elapsed time = 2117.01 sec. (1247249.75 ticks, tree = 434.43 MB, solutions = 1)
 377304 260887    22669.8928   141    22663.5416    22753.1089  7421524    0.40%
 378319 261453    22666.3885   199    22663.5416    22753.0157  7444701    0.39%
 379428 262117    22712.1466   309    22663.5416    22752.9204  7468622    0.39%
 380426 262639    22663.5416   272    22663.5416    22752.8301  7491939    0.39%
 381463 263242        cutoff          22663.5416    22752.7150  7515648    0.39%
 382514 263883    22700.9062   269    22663.5416    22752.6354  7538709    0.39%
 383509 264384    22672.9755   277    22663.5416    22752.5391  7561041    0.39%
 384579 264929    22711.0646   211    22663.5416    22752.4359  7586169    0.39%
 385690 265546    22738.2784   189    22663.5416    22752.3298  7610426    0.39%
 386719 266090    22715.9118   243    22663.5416    22752.2296  7633423    0.39%
Elapsed time = 2183.90 sec. (1285467.97 ticks, tree = 443.66 MB, solutions = 1)
 387798 266702    22674.9818   279    22663.5416    22752.1373  7657449    0.39%
 388736 267248    22664.0694   261    22663.5416    22752.0645  7680017    0.39%
 389727 267786        cutoff          22663.5416    22751.9841  7703364    0.39%
 390727 268330    22719.5179   280    22663.5416    22751.8829  7727341    0.39%
 391737 268890        cutoff          22663.5416    22751.8056  7750976    0.39%
 392829 269486    22715.4280   251    22663.5416    22751.7064  7775858    0.39%
 393877 270106    22739.8928   236    22663.5416    22751.6171  7800219    0.39%
 395020 270747    22692.4431   261    22663.5416    22751.5169  7824351    0.39%
 396186 271434    22674.4142   231    22663.5416    22751.4159  7847873    0.39%
 397302 272077    22734.1392   279    22663.5416    22751.3321  7872998    0.39%
Elapsed time = 2251.81 sec. (1323638.50 ticks, tree = 455.21 MB, solutions = 1)
 398442 272710    22668.6195   271    22663.5416    22751.2206  7897739    0.39%
 399567 273395        cutoff          22663.5416    22751.1533  7920984    0.39%
 400561 273959    22664.2335   246    22663.5416    22751.0790  7944383    0.39%
 401664 274542    22664.0821   278    22663.5416    22751.0001  7969394    0.39%
 402672 275082    22698.4945   220    22663.5416    22750.9181  7993763    0.39%
 403872 275737    22714.9916   212    22663.5416    22750.8180  8019115    0.39%
 405053 276434    22692.1800   264    22663.5416    22750.7444  8042962    0.38%
 406169 277123    22669.8328   251    22663.5416    22750.6653  8066303    0.38%
 407322 277816    22730.9986   274    22663.5416    22750.5841  8091234    0.38%
 408397 278403    22704.7323   266    22663.5416    22750.4951  8114556    0.38%
Elapsed time = 2318.77 sec. (1361844.64 ticks, tree = 465.23 MB, solutions = 1)
 409432 278940    22666.8610   205    22663.5416    22750.4098  8137057    0.38%
 410429 279471    22682.0002   275    22663.5416    22750.2945  8160442    0.38%
 411455 280033    22695.5031   255    22663.5416    22750.2126  8184456    0.38%
 412438 280502    22691.7201   252    22663.5416    22750.1185  8209463    0.38%
 413485 281065        cutoff          22663.5416    22750.0380  8233635    0.38%
 414587 281736    22692.4808   287    22663.5416    22749.9537  8257002    0.38%
 415612 282315        cutoff          22663.5416    22749.8828  8280318    0.38%
 416637 282863    22677.1361   214    22663.5416    22749.8089  8304764    0.38%
 417717 283433    22663.8058   315    22663.5416    22749.7130  8329495    0.38%
 418829 284072    22673.6251   219    22663.5416    22749.6341  8353845    0.38%
Elapsed time = 2389.09 sec. (1400032.39 ticks, tree = 474.89 MB, solutions = 1)
 419983 284666        cutoff          22663.5416    22749.5296  8379199    0.38%
 421182 285381    22688.1342   240    22663.5416    22749.4468  8404115    0.38%
 422301 286039    22669.3867   281    22663.5416    22749.3668  8428608    0.38%
 423448 286692    22735.3625   255    22663.5416    22749.2593  8453572    0.38%
 424557 287309    22706.0183   277    22663.5416    22749.1628  8478467    0.38%
 425681 287951    22707.4119   321    22663.5416    22749.0711  8503126    0.38%
 426776 288515    22688.7793   212    22663.5416    22748.9914  8528006    0.38%
 428060 289290    22670.5215   277    22663.5416    22748.8823  8552029    0.38%
 429253 289941    22690.3645   201    22663.5416    22748.7926  8576782    0.38%
 430333 290466    22731.5420   268    22663.5416    22748.6938  8600796    0.38%
Elapsed time = 2457.98 sec. (1438256.87 ticks, tree = 485.00 MB, solutions = 1)
 431410 291063    22682.7440   211    22663.5416    22748.6119  8625640    0.38%
 432529 291662    22683.2396   250    22663.5416    22748.5297  8649850    0.37%
 433560 292238    22695.3431   293    22663.5416    22748.4598  8673081    0.37%
 434676 292866    22684.7047   309    22663.5416    22748.3753  8697729    0.37%
 435806 293536    22674.3250   154    22663.5416    22748.2720  8721293    0.37%
 436826 294003    22698.1875   275    22663.5416    22748.1483  8745879    0.37%
 437996 294679    22715.3961   254    22663.5416    22748.0786  8768934    0.37%
 439140 295296    22702.9389   310    22663.5416    22747.9849  8792829    0.37%
 440312 295956    22692.4532   204    22663.5416    22747.9100  8816015    0.37%
 441350 296534    22671.2890   209    22663.5416    22747.8412  8839518    0.37%
Elapsed time = 2525.86 sec. (1476431.54 ticks, tree = 495.24 MB, solutions = 1)
 442511 297167    22718.7475   255    22663.5416    22747.7555  8864216    0.37%
 443607 297775    22692.6400   319    22663.5416    22747.6513  8890329    0.37%
 444760 298364    22684.9007   235    22663.5416    22747.5541  8916256    0.37%
 445830 298885        cutoff          22663.5416    22747.4531  8942287    0.37%
 446868 299404    22704.5903   285    22663.5416    22747.3630  8967142    0.37%
 448029 300013    22686.7432   291    22663.5416    22747.2740  8991486    0.37%
 449192 300546    22699.0039   327    22663.5416    22747.1791  9016687    0.37%
 450244 301121    22676.6578   200    22663.5416    22747.1037  9041412    0.37%
 451384 301750    22685.3602   225    22663.5416    22747.0178  9066566    0.37%
 452419 302238    22665.8120   221    22663.5416    22746.9215  9090985    0.37%
Elapsed time = 2593.49 sec. (1514620.59 ticks, tree = 504.15 MB, solutions = 1)
 453528 302837    22712.1699   240    22663.5416    22746.8302  9115842    0.37%
 454707 303504    22669.0208   280    22663.5416    22746.7459  9140263    0.37%
 455865 304141    22692.7265   190    22663.5416    22746.6595  9165108    0.37%
 456984 304793    22675.4352   201    22663.5416    22746.5623  9189447    0.37%
 458064 305362    22693.7225   257    22663.5416    22746.4897  9214277    0.37%
 459192 305951    22704.5757   312    22663.5416    22746.4026  9238556    0.37%
 460367 306602    22690.7951   264    22663.5416    22746.3131  9263406    0.37%
 461431 307154    22727.0654   258    22663.5416    22746.2144  9287503    0.36%
 462602 307794    22673.7440   195    22663.5416    22746.1204  9312099    0.36%
 463757 308424    22672.1435   261    22663.5416    22746.0405  9336966    0.36%
Elapsed time = 2661.20 sec. (1552848.02 ticks, tree = 514.25 MB, solutions = 1)
 464804 308974    22695.8590   242    22663.5416    22745.9667  9360286    0.36%
 465795 309495    22677.6933   171    22663.5416    22745.8981  9383366    0.36%
 466932 310079    22690.8028   243    22663.5416    22745.8199  9408069    0.36%
 468093 310633    22710.5530   219    22663.5416    22745.7308  9432761    0.36%
 469288 311270    22721.7782   166    22663.5416    22745.6297  9457605    0.36%
 470384 311808    22673.9681   248    22663.5416    22745.5490  9481680    0.36%
 471542 312429    22677.2330   183    22663.5416    22745.4516  9506146    0.36%
 472630 313012    22690.1933   287    22663.5416    22745.3687  9530444    0.36%
 473811 313701    22671.4625   197    22663.5416    22745.2957  9554673    0.36%
 474819 314169    22690.2750   218    22663.5416    22745.2019  9579862    0.36%
Elapsed time = 2727.83 sec. (1591013.74 ticks, tree = 523.41 MB, solutions = 1)
 475923 314745    22681.7661   291    22663.5416    22745.1249  9604488    0.36%
 477074 315400    22670.2536   239    22663.5416    22745.0582  9628795    0.36%
 478133 315937    22720.6233   289    22663.5416    22744.9572  9654461    0.36%
 479245 316525    22734.9361   281    22663.5416    22744.8694  9679291    0.36%
 480354 317118    22699.0548   185    22663.5416    22744.7859  9704383    0.36%
 481477 317704    22664.7545   303    22663.5416    22744.7070  9728840    0.36%
 482644 318311    22721.8350   261    22663.5416    22744.6254  9754899    0.36%
 483748 318911    22672.9525   245    22663.5416    22744.5627  9780303    0.36%
 484862 319494    22665.0046   103    22663.5416    22744.4849  9804882    0.36%
 485948 320031    22694.8609   208    22663.5416    22744.4120  9829436    0.36%
Elapsed time = 2796.68 sec. (1629200.01 ticks, tree = 532.70 MB, solutions = 1)
 487054 320622    22673.9543   237    22663.5416    22744.3352  9854298    0.36%
 488091 321142    22726.0918   200    22663.5416    22744.2559  9879661    0.36%
 489206 321687    22706.6127   263    22663.5416    22744.1654  9903798    0.36%
 490357 322304        cutoff          22663.5416    22744.0891  9928054    0.36%
 491496 322862    22702.6318   348    22663.5416    22744.0068  9953584    0.36%
 492644 323439        cutoff          22663.5416    22743.9372  9978599    0.35%
 493679 323953    22699.2245   274    22663.5416    22743.8503 10002697    0.35%
 494843 324591    22690.5905   234    22663.5416    22743.7794 10027146    0.35%
 495960 325174        cutoff          22663.5416    22743.6929 10052082    0.35%
 497073 325750    22672.0419   327    22663.5416    22743.6154 10076840    0.35%
Elapsed time = 2865.50 sec. (1667386.79 ticks, tree = 541.95 MB, solutions = 1)
 498241 326408    22694.6585   282    22663.5416    22743.5407 10100143    0.35%
 499342 326942    22723.6607   240    22663.5416    22743.4486 10125519    0.35%
 500583 327620        cutoff          22663.5416    22743.3480 10150991    0.35%
 501698 328193    22697.6068   282    22663.5416    22743.2592 10176218    0.35%
 502798 328720    22671.6512   246    22663.5416    22743.1839 10201195    0.35%
 503909 329260    22668.2602   342    22663.5416    22743.1095 10226396    0.35%
 505007 329846    22697.5908   278    22663.5416    22743.0359 10251562    0.35%
 506132 330418        cutoff          22663.5416    22742.9632 10276039    0.35%
 507195 330961    22681.0728   232    22663.5416    22742.8863 10299468    0.35%
 508272 331465        cutoff          22663.5416    22742.8030 10324190    0.35%
Elapsed time = 2933.20 sec. (1705574.80 ticks, tree = 553.29 MB, solutions = 1)
 509332 331977    22685.6906   284    22663.5416    22742.7242 10349396    0.35%
 510389 332468    22707.3081   223    22663.5416    22742.6412 10375247    0.35%
 511458 332959    22719.8070   232    22663.5416    22742.5503 10400440    0.35%
 512527 333482    22670.9636   270    22663.5416    22742.4813 10425590    0.35%
 513535 333932    22674.6802   263    22663.5416    22742.4195 10449190    0.35%
 514481 334348        cutoff          22663.5416    22742.3423 10474609    0.35%
 515579 334901        cutoff          22663.5416    22742.2809 10500075    0.35%
 516526 335313    22730.2764   253    22663.5416    22742.2090 10523889    0.35%
 517689 335917    22675.7404   326    22663.5416    22742.1310 10547324    0.35%
 518812 336472        cutoff          22663.5416    22742.0622 10572116    0.35%
Elapsed time = 3004.58 sec. (1743762.09 ticks, tree = 561.35 MB, solutions = 1)
 519948 337088    22672.8561   229    22663.5416    22741.9960 10597091    0.35%
 520993 337580    22682.5186   259    22663.5416    22741.9195 10621878    0.35%
 522017 338039        cutoff          22663.5416    22741.8361 10646733    0.35%
 523024 338486    22694.0751   329    22663.5416    22741.7614 10671370    0.35%
 524216 339095    22717.6288   257    22663.5416    22741.6912 10696736    0.34%
 525391 339694    22674.2243   277    22663.5416    22741.6113 10721072    0.34%
 526491 340195    22721.2381   321    22663.5416    22741.5352 10746336    0.34%
 527706 340824        cutoff          22663.5416    22741.4583 10771158    0.34%
 528746 341267    22713.8667   196    22663.5416    22741.3763 10797067    0.34%
 529893 341847    22688.7950   311    22663.5416    22741.3053 10822287    0.34%
Elapsed time = 3071.35 sec. (1781941.34 ticks, tree = 570.89 MB, solutions = 1)
 530996 342406    22709.4310   226    22663.5416    22741.2324 10847686    0.34%
 532140 343019    22693.7794   267    22663.5416    22741.1713 10873026    0.34%
 533196 343532    22716.8642   249    22663.5416    22741.0988 10898587    0.34%
 534258 344029    22712.2074   241    22663.5416    22741.0298 10924436    0.34%
 535403 344586    22726.0195   235    22663.5416    22740.9420 10949989    0.34%
 536532 345140    22678.9288   316    22663.5416    22740.8808 10974844    0.34%
 537555 345608    22673.0386   268    22663.5416    22740.7827 11000954    0.34%
 538670 346134    22674.2695   365    22663.5416    22740.7102 11026933    0.34%
 539772 346653    22678.1319   298    22663.5416    22740.6329 11053325    0.34%
 540872 347152    22669.3195   298    22663.5416    22740.5523 11079180    0.34%
Elapsed time = 3137.23 sec. (1820153.93 ticks, tree = 579.13 MB, solutions = 1)
 541944 347675    22687.5400   219    22663.5416    22740.4917 11102769    0.34%
 543072 348261    22728.8219   271    22663.5416    22740.4171 11127989    0.34%
 544181 348775    22666.1828   310    22663.5416    22740.3547 11153165    0.34%
 545203 349273    22689.3839   249    22663.5416    22740.2978 11176226    0.34%
 546341 349826    22663.7308   205    22663.5416    22740.2192 11201577    0.34%
 547382 350334    22688.4794   184    22663.5416    22740.1515 11225675    0.34%
 548514 350904    22669.9554   242    22663.5416    22740.0874 11250061    0.34%
 549542 351405    22678.2931   306    22663.5416    22740.0190 11274296    0.34%
 550639 351919    22721.2735   315    22663.5416    22739.9419 11299323    0.34%
 551718 352412        cutoff          22663.5416    22739.8627 11324064    0.34%
Elapsed time = 3204.34 sec. (1858347.73 ticks, tree = 587.48 MB, solutions = 1)
 552801 352942    22690.3344   297    22663.5416    22739.8005 11348712    0.34%
 553904 353504    22664.9244   234    22663.5416    22739.7414 11373733    0.34%
 555076 354075    22677.8451   259    22663.5416    22739.6648 11398742    0.34%
 556177 354598    22682.4427   222    22663.5416    22739.5949 11424148    0.34%
 557233 355056    22683.6872   288    22663.5416    22739.5286 11449801    0.34%
 558072 355479    22695.8463   188    22663.5416    22739.4716 11469169    0.34%
 558472 355670    22673.3136   179    22663.5416    22739.4402 11478980    0.33%
 558872 355850    22667.2741   228    22663.5416    22739.4100 11489284    0.33%
 559172 356006    22684.4714   120    22663.5416    22739.3941 11495721    0.33%
 559435 356155    22671.3573   257    22663.5416    22739.3758 11502116    0.33%
Elapsed time = 3271.99 sec. (1897132.34 ticks, tree = 593.47 MB, solutions = 1)
 559872 356334    22676.2357   190    22663.5416    22739.3479 11514586    0.33%
 560072 356419    22669.3184   196    22663.5416    22739.3286 11519753    0.33%
 560272 356522    22666.2761   145    22663.5416    22739.3182 11523665    0.33%
 560472 356593    22669.8263   235    22663.5416    22739.3003 11528477    0.33%
 560872 356771    22703.6686   285    22663.5416    22739.2747 11537534    0.33%
 560972 356817    22674.3225   274    22663.5416    22739.2682 11540288    0.33%
 561372 357003    22664.3944   311    22663.5416    22739.2429 11550129    0.33%
 561672 357124    22680.0429   208    22663.5416    22739.2131 11558317    0.33%
 561872 357209    22668.4911   241    22663.5416    22739.1982 11564042    0.33%
 562172 357341    22686.7830   230    22663.5416    22739.1792 11570577    0.33%
Elapsed time = 3382.11 sec. (1961204.50 ticks, tree = 595.37 MB, solutions = 1)
 562472 357506    22666.1771    92    22663.5416    22739.1658 11576721    0.33%
 562672 357562    22705.1824   247    22663.5416    22739.1489 11581986    0.33%
 562872 357673    22678.7409   259    22663.5416    22739.1405 11586016    0.33%
 562972 357705    22723.9932   320    22663.5416    22739.1242 11589111    0.33%
 563423 357913    22670.5353   230    22663.5416    22739.0887 11599398    0.33%
 563872 358147    22710.9118   253    22663.5416    22739.0727 11609417    0.33%
 564272 358365    22679.9601   243    22663.5416    22739.0498 11618529    0.33%
 564909 358672    22691.3394   216    22663.5416    22739.0158 11633334    0.33%
 565272 358881    22688.6141   224    22663.5416    22738.9981 11640625    0.33%
 565731 359099        cutoff          22663.5416    22738.9727 11650489    0.33%
Elapsed time = 3470.92 sec. (2010755.96 ticks, tree = 598.36 MB, solutions = 1)
 566072 359266    22675.9669   264    22663.5416    22738.9532 11658789    0.33%
 566440 359449    22673.6879   229    22663.5416    22738.9363 11667559    0.33%
 566972 359666    22692.4571   301    22663.5416    22738.8945 11680639    0.33%
 567291 359776    22671.0321   197    22663.5416    22738.8650 11689234    0.33%
 567672 359963    22689.3342   243    22663.5416    22738.8471 11697869    0.33%
 568357 360318        cutoff          22663.5416    22738.8091 11713066    0.33%
 568977 360612    22710.4901   277    22663.5416    22738.7724 11726614    0.33%
 569191 360711    22676.3691   278    22663.5416    22738.7613 11731669    0.33%
 569572 360875    22704.5062   241    22663.5416    22738.7335 11741709    0.33%
 570172 361166    22666.6234   166    22663.5416    22738.7054 11754779    0.33%
Elapsed time = 3539.78 sec. (2050799.98 ticks, tree = 601.67 MB, solutions = 1)
 570757 361431    22694.9213   310    22663.5416    22738.6587 11769394    0.33%
 571172 361633    22665.8875   195    22663.5416    22738.6323 11779907    0.33%
 571506 361790        cutoff          22663.5416    22738.6098 11788082    0.33%
 571844 361969    22670.5532   324    22663.5416    22738.5979 11795274    0.33%
 572372 362220    22695.6692   221    22663.5416    22738.5649 11807424    0.33%
 572772 362402    22702.2817   249    22663.5416    22738.5427 11816878    0.33%
 573152 362602        cutoff          22663.5416    22738.5231 11825298    0.33%
 574121 363041    22661.0814   224    22663.5416    22738.4596 11848361    0.33%

Implied bound cuts applied:  655
Flow cuts applied:  53
Mixed integer rounding cuts applied:  80
Lift and project cuts applied:  117
Gomory fractional cuts applied:  106

Root node processing (before b&c):
  Real time             =    1.13 sec. (585.89 ticks)
Sequential b&c:
  Real time             = 3598.87 sec. (2086247.91 ticks)
                          ------------
Total (root+branch&cut) = 3600.00 sec. (2086833.81 ticks)
