1 of 1 MIP starts provided solutions.
MIP start 'm1' defined initial solution with objective 12970.2307.
Tried aggregator 1 time.
MIP Presolve eliminated 2 rows and 1 columns.
Reduced MIP has 3616 rows, 2462 columns, and 28814 nonzeros.
Reduced MIP has 1156 binaries, 0 generals, 0 SOSs, and 0 indicators.
Presolve time = 0.01 sec. (8.96 ticks)
Probing time = 0.01 sec. (3.26 ticks)
Tried aggregator 1 time.
Reduced MIP has 3616 rows, 2462 columns, and 28814 nonzeros.
Reduced MIP has 1156 binaries, 0 generals, 0 SOSs, and 0 indicators.
Presolve time = 0.02 sec. (10.86 ticks)
Probing time = 0.01 sec. (3.24 ticks)
Clique table members: 983.
MIP emphasis: balance optimality and feasibility.
MIP search method: dynamic search.
Parallel mode: none, using 1 thread.
Root relaxation solution time = 0.05 sec. (25.54 ticks)

        Nodes                                         Cuts/
   Node  Left     Objective  IInf  Best Integer    Best Bound    ItCnt     Gap

*     0+    0                        12970.2307    59637.5438     1875  359.80%
      0     0    13653.0766   169    12970.2307    13653.0766     1875    5.26%
      0     0    13390.1550   182    12970.2307     Cuts: 241     2165    3.24%
      0     0    13271.2619   192    12970.2307     Cuts: 173     2391    2.32%
      0     0    13231.3571   191    12970.2307      Cuts: 70     2498    2.01%
      0     0    13222.8294   194    12970.2307      Cuts: 75     2596    1.95%
      0     0    13217.1170   193    12970.2307      Cuts: 28     2633    1.90%
      0     0    13211.2102   193    12970.2307      Cuts: 12     2666    1.86%
      0     0    13208.2789   191    12970.2307      Cuts: 12     2682    1.84%
      0     0    13206.9478   192    12970.2307      Cuts: 10     2705    1.83%
      0     0    13206.0103   191    12970.2307      Cuts: 22     2731    1.82%
      0     0    13205.6459   198    12970.2307       Cuts: 5     2737    1.82%
      0     2    13205.6459   198    12970.2307    13205.4908     2737    1.81%
Elapsed time = 1.31 sec. (743.49 ticks, tree = 0.00 MB, solutions = 1)
     55    57    13087.2175   103    12970.2307    13201.9449     4063    1.79%
    110   105    13135.1558   148    12970.2307    13201.7159     5452    1.78%
    180   169    13018.2341   150    12970.2307    13200.2042     7239    1.77%
    270   249    12981.9746   120    12970.2307    13199.0595     8791    1.76%
    320   293    13016.7213    94    12970.2307    13198.3500     9825    1.76%
    399   356    13082.7503   138    12970.2307    13194.1161    11133    1.73%
    480   427    13058.0962   135    12970.2307    13193.0650    12448    1.72%
    563   497    13171.8762   175    12970.2307    13192.3382    13892    1.71%
    650   572    13011.6538   138    12970.2307    13191.0457    15320    1.70%
   1000   877    13178.7409   167    12970.2307    13186.8200    20958    1.67%
Elapsed time = 6.63 sec. (4175.33 ticks, tree = 1.47 MB, solutions = 1)
   1014   891    13115.6771   217    12970.2307    13115.5180    24527    1.12%
   1017   892    13109.1966   196    12970.2307    13110.8984    24821    1.08%
   1024   893    13012.1512   143    12970.2307    13109.1766    25287    1.07%
   1140   737    13097.4905   159    12970.2307    13107.6245    28684    1.06%
   1320   780    13043.7331   192    12970.2307    13106.4826    33060    1.05%
   1501   841    12977.4064    58    12970.2307    13104.5752    39032    1.04%
   1656   894    13037.1293   166    12970.2307    13102.5699    43458    1.02%
   1770   922    12970.9081   134    12970.2307    13100.8953    48187    1.01%
   2004  1006    12986.2948   102    12970.2307    13099.1556    53226    0.99%
   2089  1033        cutoff          12970.2307    13098.4139    56392    0.99%
Elapsed time = 27.35 sec. (16319.16 ticks, tree = 1.58 MB, solutions = 1)
   2242  1077    12980.4282   144    12970.2307    13096.9791    61663    0.98%
   2396  1134    13001.5151   127    12970.2307    13096.3329    67159    0.97%
   2673  1346    12982.2941    76    12970.2307    13095.0836    73083    0.96%
   2897  1526    13023.1138   177    12970.2307    13094.0970    79510    0.96%
   3072  1670    13047.6148   201    12970.2307    13092.9681    85297    0.95%
   3318  1871    13011.2509   124    12970.2307    13089.9963    92623    0.92%
   3560  2066    12987.3544   130    12970.2307    13088.2041    99883    0.91%
   3789  2237    12984.3011    99    12970.2307    13087.2088   105903    0.90%
   4022  2414    12986.9991   124    12970.2307    13086.5313   111757    0.90%
   4255  2587    13058.8619   161    12970.2307    13084.3650   118203    0.88%
Elapsed time = 44.12 sec. (25937.28 ticks, tree = 3.82 MB, solutions = 1)
   4500  2778    13052.5093   165    12970.2307    13082.5064   124879    0.87%
   4711  2938    13048.7941   127    12970.2307    13081.2692   130862    0.86%
   4987  3139    13069.4115   161    12970.2307    13080.4881   137472    0.85%
   5202  3295    13052.6233   190    12970.2307    13079.5638   144331    0.84%
   5453  3479    13018.3128   116    12970.2307    13078.6130   151253    0.84%
   5727  3685    13046.1791   141    12970.2307    13077.9608   159089    0.83%
   6009  3893    13068.9273   135    12970.2307    13076.6867   166560    0.82%
   6224  4055    12980.2167   128    12970.2307    13075.5631   171757    0.81%
   6470  4237    13010.6370   137    12970.2307    13074.3853   178231    0.80%
   6727  4437    13003.6911   165    12970.2307    13073.7614   184472    0.80%
Elapsed time = 60.88 sec. (35573.25 ticks, tree = 6.62 MB, solutions = 1)
   6979  4620        cutoff          12970.2307    13073.1552   190764    0.79%
   7078  4687    13026.9971   193    12970.2307    13072.8367   193795    0.79%
   7376  4908    13038.7759   118    12970.2307    13071.9351   200534    0.78%
   7723  5185    12994.4475    83    12970.2307    13071.0989   207015    0.78%
   7993  5374    13008.7398   124    12970.2307    13070.1668   214217    0.77%
   8311  5605    12983.1618    96    12970.2307    13069.1306   221282    0.76%
   8635  5847    13007.2111   166    12970.2307    13068.5249   228176    0.76%
   8974  6104    13009.3227   136    12970.2307    13068.1432   235121    0.75%
   9288  6335        cutoff          12970.2307    13067.6971   241451    0.75%
   9583  6535    13045.3139   122    12970.2307    13066.9881   248977    0.75%
Elapsed time = 77.42 sec. (45210.56 ticks, tree = 9.69 MB, solutions = 1)
   9864  6750    13043.8627   149    12970.2307    13066.5761   254767    0.74%
  10118  6927        cutoff          12970.2307    13065.7047   260453    0.74%
  10356  7102    13036.3140   143    12970.2307    13065.2962   266700    0.73%
  10636  7300    13044.2468    95    12970.2307    13064.8677   273194    0.73%
  10935  7489    12995.9094    80    12970.2307    13064.2554   279572    0.72%
  11154  7645    13035.3418   118    12970.2307    13064.0055   284946    0.72%
  11155  7646    13034.7572   144    12970.2307    13064.0051   285100    0.72%
  11467  7859    13048.2404   121    12970.2307    13063.3782   292908    0.72%
  11748  8051    13030.4408   123    12970.2307    13062.7483   300442    0.71%
  12111  8301        cutoff          12970.2307    13061.6294   307958    0.70%
Elapsed time = 98.90 sec. (57509.57 ticks, tree = 12.51 MB, solutions = 1)
  12433  8537    13012.5331   136    12970.2307    13060.9416   315629    0.70%
  12728  8748    13026.5001    92    12970.2307    13060.5077   322917    0.70%
  13090  9027    12986.5942   142    12970.2307    13059.9549   330176    0.69%
  13423  9261    13003.4685   137    12970.2307    13059.4573   338196    0.69%
  13762  9508    13001.1987   132    12970.2307    13059.0100   346154    0.68%
  14022  9684    13041.4420   113    12970.2307    13058.6282   351823    0.68%
  14360  9936    13038.2302   119    12970.2307    13058.0042   359321    0.68%
  14659 10155    12981.2996   115    12970.2307    13057.5227   366019    0.67%
  14932 10331    12997.4172   127    12970.2307    13056.9458   372895    0.67%
  15126 10455    12996.2094   136    12970.2307    13056.5761   378290    0.67%
Elapsed time = 116.13 sec. (67151.46 ticks, tree = 15.69 MB, solutions = 1)
  15424 10665    12987.9275   134    12970.2307    13056.2177   385255    0.66%
  15667 10800    12978.9621    78    12970.2307    13055.6871   391900    0.66%
  15987 11011        cutoff          12970.2307    13055.3053   399408    0.66%
  16300 11214    13043.7961   137    12970.2307    13054.8706   406941    0.65%
  16646 11444    12970.7105    19    12970.2307    13054.5662   414256    0.65%
  16996 11672    13045.6751   143    12970.2307    13054.1261   422000    0.65%
  17325 11900    13025.4002    89    12970.2307    13053.8409   428853    0.64%
  17677 12153    12998.2040   131    12970.2307    13053.4479   436169    0.64%
  18034 12400        cutoff          12970.2307    13053.1162   443381    0.64%
  18335 12605    12988.4605    75    12970.2307    13052.7261   450837    0.64%
Elapsed time = 132.41 sec. (76712.80 ticks, tree = 18.87 MB, solutions = 1)
  18635 12801    13017.6858   162    12970.2307    13052.3923   458204    0.63%
  18960 13024        cutoff          12970.2307    13052.1383   464828    0.63%
  19108 13109    12975.1463   112    12970.2307    13051.9234   468538    0.63%
  19425 13332    13012.9871   113    12970.2307    13051.6009   474917    0.63%
  19797 13589        cutoff          12970.2307    13051.3242   481217    0.63%
  20148 13823    12970.2542   139    12970.2307    13050.9635   488040    0.62%
  20404 13987    13012.8911   110    12970.2307    13050.5236   495496    0.62%
  20705 14193    13017.8389   120    12970.2307    13050.1139   502085    0.62%
  20974 14355    13019.7684   120    12970.2307    13049.7938   508722    0.61%
  21275 14559    12973.6263   140    12970.2307    13049.6320   514738    0.61%
Elapsed time = 148.68 sec. (86302.46 ticks, tree = 21.78 MB, solutions = 1)
  21580 14758    13014.3655   114    12970.2307    13049.3679   521042    0.61%
  21889 14973    13021.4274    98    12970.2307    13049.2297   527594    0.61%
  22138 15117        cutoff          12970.2307    13048.9733   532493    0.61%
  22493 15352    13028.5369   125    12970.2307    13048.6381   539619    0.60%
  22892 15612    13000.5038    73    12970.2307    13048.2324   546905    0.60%
  23231 15831    13044.2851   127    12970.2307    13047.9517   553975    0.60%
  23547 16024    13015.9444   109    12970.2307    13047.6704   560895    0.60%
  23870 16228    12991.3247   117    12970.2307    13047.3028   567633    0.59%
  24138 16405    13035.2948   144    12970.2307    13047.0873   573147    0.59%
  25475 17312    12993.3630   165    12970.2307    13046.0247   601010    0.58%
Elapsed time = 169.73 sec. (98733.47 ticks, tree = 26.35 MB, solutions = 1)
  26737 18135    12996.2352    94    12970.2307    13045.1982   627878    0.58%
  28020 18966        cutoff          12970.2307    13044.4635   653292    0.57%
  29411 19876    12997.8371    41    12970.2307    13043.5865   680130    0.57%
  30770 20721    12976.6858    73    12970.2307    13042.6586   707562    0.56%
  32239 21680        cutoff          12970.2307    13041.8355   734897    0.55%
  33682 22555    13031.6406    78    12970.2307    13041.0019   764094    0.55%
  34794 23274    13024.3190   139    12970.2307    13040.3408   788495    0.54%
  36097 24073    13016.2855    88    12970.2307    13039.6195   816207    0.53%
  37496 24956    13013.9699   113    12970.2307    13038.8035   843159    0.53%
  38960 25900    12995.1023   143    12970.2307    13038.0705   872068    0.52%
Elapsed time = 231.33 sec. (136904.88 ticks, tree = 39.38 MB, solutions = 1)
  40330 26740    13002.5326   131    12970.2307    13037.3842   900588    0.52%
  41745 27601    13032.6072    98    12970.2307    13036.7629   929642    0.51%
  43102 28428    13028.5618   109    12970.2307    13036.1862   958053    0.51%
  44359 29141    12980.4175   117    12970.2307    13035.6156   985178    0.50%
  45703 29909        cutoff          12970.2307    13035.1272  1013394    0.50%
  47071 30694    12997.0399    91    12970.2307    13034.5960  1043085    0.50%
  48464 31474    12991.3209    94    12970.2307    13033.8943  1072925    0.49%
  49942 32370    12971.4093    73    12970.2307    13033.3129  1102016    0.49%
  51414 33238    13004.3559    94    12970.2307    13032.8566  1130932    0.48%
  52650 33892    13006.6755   135    12970.2307    13032.3237  1157979    0.48%
Elapsed time = 294.01 sec. (175119.56 ticks, tree = 52.36 MB, solutions = 1)
  53930 34606    13021.2548   131    12970.2307    13031.7932  1186010    0.47%
  55323 35320    13009.3509   174    12970.2307    13031.2408  1214912    0.47%
  56648 35991        cutoff          12970.2307    13030.5773  1244949    0.47%
  58004 36706    12985.0118   134    12970.2307    13030.0381  1274208    0.46%
  59368 37487    12979.4718    96    12970.2307    13029.5972  1301026    0.46%
  60784 38214    12973.4696   177    12970.2307    13029.1472  1331243    0.45%
  62037 38874    13014.5406   148    12970.2307    13028.6878  1356289    0.45%
  63510 39694    12980.4654   157    12970.2307    13028.3068  1384320    0.45%
  64751 40304    13024.8276   141    12970.2307    13027.8079  1411057    0.44%
  66030 40969    12987.2314    99    12970.2307    13027.4357  1437059    0.44%
Elapsed time = 356.31 sec. (213302.12 ticks, tree = 63.10 MB, solutions = 1)
  67447 41681    12989.5095   140    12970.2307    13026.9783  1466970    0.44%
  68875 42370    12991.5120   124    12970.2307    13026.4554  1496285    0.43%
  70236 43088    12997.4056   111    12970.2307    13025.9687  1522561    0.43%
  71699 43823    12979.6151   135    12970.2307    13025.5030  1550586    0.43%
  73096 44575    12989.2542    85    12970.2307    13025.0698  1576680    0.42%
  74532 45330    13016.1297   139    12970.2307    13024.6350  1604826    0.42%
  75987 46012    12989.2874    32    12970.2307    13024.1178  1634109    0.42%
  77457 46738    12986.5418   154    12970.2307    13023.7412  1661682    0.41%
  78993 47511    12977.2881    71    12970.2307    13023.3424  1689841    0.41%
  80455 48251    12971.8149   136    12970.2307    13022.9989  1719405    0.41%
Elapsed time = 419.84 sec. (251531.64 ticks, tree = 74.52 MB, solutions = 1)
  81867 48918    13007.6410   101    12970.2307    13022.6168  1748789    0.40%
  83163 49515    12990.2880   165    12970.2307    13022.2864  1777550    0.40%
  84626 50209    12990.9200   132    12970.2307    13021.8587  1806358    0.40%
  86014 50839    12991.8921    68    12970.2307    13021.4852  1835216    0.40%
  87288 51373    12996.5428   117    12970.2307    13021.0842  1862610    0.39%
  88699 51980    12996.1057   138    12970.2307    13020.6781  1891156    0.39%
  90166 52650    12994.6081   148    12970.2307    13020.3057  1918485    0.39%
  91670 53351    12984.2976   135    12970.2307    13019.9510  1947337    0.38%
  93134 54006    13009.4415   162    12970.2307    13019.5923  1975898    0.38%
  94616 54620        cutoff          12970.2307    13019.1803  2005587    0.38%
Elapsed time = 481.72 sec. (289738.70 ticks, tree = 85.09 MB, solutions = 1)
  96172 55294    13013.6576   131    12970.2307    13018.7671  2034760    0.37%
  97642 55989        cutoff          12970.2307    13018.4090  2061429    0.37%
  99014 56569    12979.4193    69    12970.2307    13018.0290  2088108    0.37%
 100494 57258    13004.1256   106    12970.2307    13017.6968  2116514    0.37%
 101902 57795    12984.4566   117    12970.2307    13017.3435  2144732    0.36%
 103295 58391    12995.9472    78    12970.2307    13016.9882  2171957    0.36%
 104937 59101    12976.9176   117    12970.2307    13016.5803  2200914    0.36%
 106357 59747    13000.6030    71    12970.2307    13016.2817  2226617    0.36%
 107827 60367    12976.4184   125    12970.2307    13015.9704  2256321    0.35%
 109388 61033    12983.6415    62    12970.2307    13015.6803  2286343    0.35%
Elapsed time = 543.94 sec. (327929.62 ticks, tree = 97.60 MB, solutions = 1)
 110948 61702    12974.6583   110    12970.2307    13015.3553  2315462    0.35%
 112524 62354    12986.2578   107    12970.2307    13015.0404  2344344    0.35%
 114061 63000    12973.3725   124    12970.2307    13014.7520  2373565    0.34%
 115366 63486    12982.2027   168    12970.2307    13014.4944  2399906    0.34%
 116824 64049    12973.4196    54    12970.2307    13014.1974  2427293    0.34%
 118214 64538    12982.4482   116    12970.2307    13013.8680  2454396    0.34%
 119729 65064    13009.7233    85    12970.2307    13013.5653  2482927    0.33%
 121267 65670        cutoff          12970.2307    13013.2349  2511582    0.33%
 122843 66261    12973.4335   122    12970.2307    13012.9157  2540678    0.33%
 124363 66855    12972.9507    72    12970.2307    13012.6359  2569928    0.33%
Elapsed time = 606.14 sec. (366173.36 ticks, tree = 108.74 MB, solutions = 1)
 125916 67442    12986.1609    96    12970.2307    13012.3469  2599208    0.32%
 127541 68008        cutoff          12970.2307    13012.0259  2627788    0.32%
 129039 68571        cutoff          12970.2307    13011.7299  2655626    0.32%
 130529 69093        cutoff          12970.2307    13011.4468  2683531    0.32%
 131980 69640    12983.4934   105    12970.2307    13011.1629  2711439    0.32%
 133549 70244    12978.8918   170    12970.2307    13010.9219  2739284    0.31%
 135035 70741        cutoff          12970.2307    13010.6237  2765995    0.31%
 136620 71313    12972.5592   140    12970.2307    13010.3418  2794678    0.31%
 138170 71862        cutoff          12970.2307    13010.0763  2822576    0.31%
 139702 72345    12977.3967    92    12970.2307    13009.8309  2852827    0.31%
Elapsed time = 667.23 sec. (404334.11 ticks, tree = 117.50 MB, solutions = 1)
 141227 72845    12996.4806   153    12970.2307    13009.5462  2881446    0.30%
 142823 73393        cutoff          12970.2307    13009.2597  2917080    0.30%
 144300 73833    12993.4255    89    12970.2307    13008.9785  2954965    0.30%
 145838 74369    12987.7554   135    12970.2307    13008.7381  2990010    0.30%
 147182 74796    12978.4069   104    12970.2307    13008.5182  3023080    0.30%
 148616 75221    12987.7941   156    12970.2307    13008.2923  3056093    0.29%
 150154 75704        cutoff          12970.2307    13008.0494  3090623    0.29%
 151629 76140    13007.3604   182    12970.2307    13007.7867  3126068    0.29%
 153210 76662    12995.0543    70    12970.2307    13007.5720  3162619    0.29%
 154699 77066    12988.8725    67    12970.2307    13007.3228  3198847    0.29%
Elapsed time = 730.49 sec. (442494.73 ticks, tree = 124.96 MB, solutions = 1)
 156154 77472    12981.8541   100    12970.2307    13007.0719  3233480    0.28%
 157644 77823    12983.0242    88    12970.2307    13006.7907  3270120    0.28%
 159169 78309    12973.5662   116    12970.2307    13006.5532  3305410    0.28%
 160694 78740    12998.2262   125    12970.2307    13006.2859  3339630    0.28%
 162208 79150    12997.6375   114    12970.2307    13006.0151  3375547    0.28%
 163497 79472    12975.6734   102    12970.2307    13005.7899  3406246    0.27%
 165040 79856    12991.2515   105    12970.2307    13005.5078  3442467    0.27%
 166634 80324    12993.6030   109    12970.2307    13005.2672  3478654    0.27%
 168046 80709    12996.9352   136    12970.2307    13005.0229  3513330    0.27%
 169648 81183        cutoff          12970.2307    13004.7951  3548678    0.27%
Elapsed time = 791.73 sec. (480662.81 ticks, tree = 131.60 MB, solutions = 1)
 171280 81673    12984.0583    81    12970.2307    13004.5927  3582682    0.26%
 172856 82051    13003.3480    70    12970.2307    13004.3665  3618904    0.26%
 174385 82473    12992.1116    81    12970.2307    13004.1583  3652389    0.26%
 175917 82810    12980.6500   126    12970.2307    13003.9215  3687133    0.26%
 177449 83177    12978.9257    87    12970.2307    13003.6906  3720254    0.26%
 178999 83526    12975.1209    88    12970.2307    13003.4600  3755227    0.26%
 180574 83844    12975.1914   131    12970.2307    13003.2149  3792044    0.25%
 182202 84230    12970.6414   139    12970.2307    13002.9696  3826905    0.25%
 183664 84530    12984.8929   105    12970.2307    13002.7367  3860955    0.25%
 185329 84886        cutoff          12970.2307    13002.4783  3896191    0.25%
Elapsed time = 852.40 sec. (518817.40 ticks, tree = 137.68 MB, solutions = 1)
 186885 85213    12973.5743   180    12970.2307    13002.2470  3931088    0.25%
 188437 85542        cutoff          12970.2307    13002.0315  3965869    0.25%
 190025 85820        cutoff          12970.2307    13001.7899  3999721    0.24%
 191666 86204        cutoff          12970.2307    13001.5519  4034870    0.24%
 193177 86474    12990.5496    93    12970.2307    13001.3282  4069005    0.24%
 194738 86780    12977.0049    51    12970.2307    13001.1110  4103780    0.24%
 196328 87095        cutoff          12970.2307    13000.8847  4138530    0.24%
 197902 87395    12977.4688    62    12970.2307    13000.6742  4172734    0.23%
 199558 87736    12984.3442    72    12970.2307    13000.4597  4208021    0.23%
 201111 87961    12982.3608    91    12970.2307    13000.2442  4243340    0.23%
Elapsed time = 914.19 sec. (556986.32 ticks, tree = 142.63 MB, solutions = 1)
 202740 88147    12994.1198    90    12970.2307    12999.9905  4279753    0.23%
 204360 88335    12974.2265   109    12970.2307    12999.7468  4316053    0.23%
 205985 88549        cutoff          12970.2307    12999.5224  4352115    0.23%
 207557 88710    12982.1858    61    12970.2307    12999.2939  4387669    0.22%
 209014 88855    12994.9586    91    12970.2307    12999.0484  4422115    0.22%
 210538 89042    12989.7074   106    12970.2307    12998.8409  4456444    0.22%
 212119 89292        cutoff          12970.2307    12998.6517  4490800    0.22%
 213617 89434    12986.5061    92    12970.2307    12998.4357  4526882    0.22%
 215222 89533    12975.5591    68    12970.2307    12998.2061  4561156    0.22%
 216755 89716    12970.6155    64    12970.2307    12998.0047  4596383    0.21%
Elapsed time = 978.82 sec. (595299.84 ticks, tree = 145.67 MB, solutions = 1)
 218259 89802        cutoff          12970.2307    12997.7947  4633098    0.21%
 219844 89929    12977.7488   125    12970.2307    12997.5759  4669044    0.21%
 221379 90013    12985.5766   117    12970.2307    12997.3474  4704653    0.21%
 223040 90111    12971.4651    60    12970.2307    12997.1212  4740324    0.21%
 224684 90262    12992.1793    75    12970.2307    12996.8984  4774339    0.21%
 226216 90327    12983.5957    63    12970.2307    12996.6679  4808044    0.20%
 227764 90403        cutoff          12970.2307    12996.4693  4842298    0.20%
 229363 90463        cutoff          12970.2307    12996.2443  4876016    0.20%
 230892 90504        cutoff          12970.2307    12996.0215  4911526    0.20%
 232470 90578    12978.2189    51    12970.2307    12995.8305  4945656    0.20%
Elapsed time = 1039.65 sec. (633466.37 ticks, tree = 147.17 MB, solutions = 1)
 234064 90600    12980.4884    84    12970.2307    12995.6122  4979857    0.20%
 235632 90563        cutoff          12970.2307    12995.3775  5015606    0.19%
 237189 90618        cutoff          12970.2307    12995.1781  5049379    0.19%
 238809 90660    12979.0510    59    12970.2307    12994.9712  5085112    0.19%
 240314 90616    12976.3325    67    12970.2307    12994.7644  5121079    0.19%
 241797 90541    12979.5013    98    12970.2307    12994.5752  5155855    0.19%
 243389 90582        cutoff          12970.2307    12994.3843  5190170    0.19%
 245031 90589        cutoff          12970.2307    12994.1792  5224042    0.18%
 246561 90573        cutoff          12970.2307    12993.9872  5258020    0.18%
 248071 90542    12990.3587    95    12970.2307    12993.7868  5290728    0.18%
Elapsed time = 1101.98 sec. (671645.42 ticks, tree = 147.24 MB, solutions = 1)
 249635 90439        cutoff          12970.2307    12993.5748  5324838    0.18%
 251296 90303    12980.5499   164    12970.2307    12993.3535  5360466    0.18%
 252862 90230    12972.0682    51    12970.2307    12993.1563  5395050    0.18%
 254498 90139        cutoff          12970.2307    12992.9534  5429919    0.18%
 256064 90012    12976.5526    97    12970.2307    12992.7429  5465122    0.17%
 257581 89914    12977.3286   103    12970.2307    12992.5399  5499188    0.17%
 259014 89792    12989.8118    77    12970.2307    12992.3539  5531190    0.17%
 260508 89700    12976.0387    63    12970.2307    12992.1589  5563243    0.17%
 262073 89576    12985.3059    86    12970.2307    12991.9634  5596224    0.17%
 263648 89446    12976.6740    69    12970.2307    12991.7738  5629400    0.17%
Elapsed time = 1163.77 sec. (709842.29 ticks, tree = 145.78 MB, solutions = 1)
 265242 89366    12977.3221   109    12970.2307    12991.5994  5662215    0.16%
 266829 89220    12970.2419   117    12970.2307    12991.4032  5696508    0.16%
 268452 89025    12988.9317   119    12970.2307    12991.1799  5733123    0.16%
 270105 88803    12970.6812   142    12970.2307    12990.9755  5768160    0.16%
 271752 88537        cutoff          12970.2307    12990.7673  5802215    0.16%
 273363 88302        cutoff          12970.2307    12990.5686  5835543    0.16%
 275058 88061    12971.0369    85    12970.2307    12990.3541  5869146    0.16%
 276604 87815    12980.3830   147    12970.2307    12990.1627  5902978    0.15%
 278156 87637        cutoff          12970.2307    12989.9814  5934178    0.15%
 279714 87342    12974.9207   133    12970.2307    12989.7685  5967045    0.15%
Elapsed time = 1224.90 sec. (748028.87 ticks, tree = 142.64 MB, solutions = 1)
 281234 87053    12971.8291   128    12970.2307    12989.5802  6000362    0.15%
 282857 86778        cutoff          12970.2307    12989.3908  6031288    0.15%
 284482 86447    12970.8012    61    12970.2307    12989.1735  6063239    0.15%
 286111 86145        cutoff          12970.2307    12988.9850  6095766    0.14%
 287741 85780        cutoff          12970.2307    12988.7708  6129764    0.14%
 289338 85414        cutoff          12970.2307    12988.5726  6162407    0.14%
 290882 85051        cutoff          12970.2307    12988.3779  6195035    0.14%
 292499 84733    12980.8282    92    12970.2307    12988.1826  6227902    0.14%
 294066 84225    12975.8264    76    12970.2307    12987.9626  6261318    0.14%
 295664 83757        cutoff          12970.2307    12987.7534  6294126    0.14%
Elapsed time = 1285.68 sec. (786191.12 ticks, tree = 137.14 MB, solutions = 1)
 297171 83407    12974.7225   139    12970.2307    12987.5866  6323433    0.13%
 298736 83005        cutoff          12970.2307    12987.3916  6354895    0.13%
 300374 82523        cutoff          12970.2307    12987.1780  6387311    0.13%
 302027 82111        cutoff          12970.2307    12986.9678  6419171    0.13%
 303634 81658    12971.2554    86    12970.2307    12986.7805  6450032    0.13%
 305207 81257    12976.6577   100    12970.2307    12986.6010  6480186    0.13%
 306734 80766    12986.0484    93    12970.2307    12986.3960  6512092    0.12%
 308382 80303        cutoff          12970.2307    12986.2165  6543392    0.12%
 310014 79846    12971.0383   107    12970.2307    12986.0281  6574599    0.12%
 311614 79324    12972.4226    73    12970.2307    12985.8337  6606131    0.12%
Elapsed time = 1347.79 sec. (824486.68 ticks, tree = 130.36 MB, solutions = 1)
 313188 78814        cutoff          12970.2307    12985.6476  6635229    0.12%
 314830 78309        cutoff          12970.2307    12985.4484  6665984    0.12%
 316451 77703        cutoff          12970.2307    12985.2317  6697360    0.12%
 318034 77044        cutoff          12970.2307    12985.0199  6727180    0.11%
 319657 76459        cutoff          12970.2307    12984.8148  6757813    0.11%
 321234 75856    12979.5150    87    12970.2307    12984.6141  6786331    0.11%
 322821 75236    12971.5539    85    12970.2307    12984.4173  6816196    0.11%
 324452 74628        cutoff          12970.2307    12984.2258  6846040    0.11%
 325558 74116    12977.1372    44    12970.2307    12984.0705  6867496    0.11%
 327202 73443        cutoff          12970.2307    12983.8690  6895491    0.11%
Elapsed time = 1406.37 sec. (862800.39 ticks, tree = 121.41 MB, solutions = 1)
 328775 72753    12975.6729    87    12970.2307    12983.6703  6924309    0.10%
 330368 72019        cutoff          12970.2307    12983.4634  6951603    0.10%
 331980 71301    12980.1368    94    12970.2307    12983.2622  6979726    0.10%
 333579 70564        cutoff          12970.2307    12983.0553  7007803    0.10%
 335165 69778        cutoff          12970.2307    12982.8554  7035041    0.10%
 336815 68961        cutoff          12970.2307    12982.6424  7063658    0.10%
 338395 68186    12978.0253    59    12970.2307    12982.4465  7090788    0.09%
 340060 67345        cutoff          12970.2307    12982.2219  7117680    0.09%
 341690 66478        cutoff          12970.2307    12982.0159  7144074    0.09%
 343319 65622        cutoff          12970.2307    12981.8042  7170221    0.09%
Elapsed time = 1467.40 sec. (900967.47 ticks, tree = 109.42 MB, solutions = 1)
 344980 64756        cutoff          12970.2307    12981.6026  7196017    0.09%
 346573 63872        cutoff          12970.2307    12981.3943  7221585    0.09%
 348193 62963    12972.9362    88    12970.2307    12981.1910  7247626    0.08%
 349830 62070        cutoff          12970.2307    12980.9944  7271995    0.08%
 351443 61091        cutoff          12970.2307    12980.7831  7296107    0.08%
 353014 60177    12973.5765    39    12970.2307    12980.5877  7319214    0.08%
 354598 59228        cutoff          12970.2307    12980.3860  7341776    0.08%
 356184 58187        cutoff          12970.2307    12980.1726  7364685    0.08%
 357771 57182    12978.4968    25    12970.2307    12979.9774  7386976    0.08%
 359365 56085        cutoff          12970.2307    12979.7580  7409185    0.07%
Elapsed time = 1526.85 sec. (939152.55 ticks, tree = 94.54 MB, solutions = 1)
 360939 55014        cutoff          12970.2307    12979.5453  7430776    0.07%
 362512 53942        cutoff          12970.2307    12979.3437  7451345    0.07%
 364137 52827        cutoff          12970.2307    12979.1270  7472237    0.07%
 365759 51683    12970.3409    59    12970.2307    12978.9270  7492892    0.07%
 367352 50571    12971.1088   101    12970.2307    12978.7313  7514120    0.07%
 368956 49343    12977.5327    36    12970.2307    12978.5063  7534404    0.06%
 370613 48122        cutoff          12970.2307    12978.2924  7554712    0.06%
 372188 46958        cutoff          12970.2307    12978.0897  7574704    0.06%
 373785 45771        cutoff          12970.2307    12977.8782  7593533    0.06%
 375389 44564    12972.5831    51    12970.2307    12977.6827  7611845    0.06%
Elapsed time = 1586.64 sec. (977318.70 ticks, tree = 76.17 MB, solutions = 1)
 377003 43282        cutoff          12970.2307    12977.4690  7629603    0.06%
 378631 42026        cutoff          12970.2307    12977.2563  7646880    0.05%
 380276 40755        cutoff          12970.2307    12977.0454  7664313    0.05%
 381922 39458        cutoff          12970.2307    12976.8254  7680485    0.05%
 383531 38155        cutoff          12970.2307    12976.6021  7696698    0.05%
 385081 36839        cutoff          12970.2307    12976.3826  7711950    0.05%
 386673 35541    12973.8369   133    12970.2307    12976.1760  7726943    0.05%
 388290 34166        cutoff          12970.2307    12975.9608  7741535    0.04%
 389904 32796        cutoff          12970.2307    12975.7429  7755952    0.04%
 391504 31450    12970.5719    84    12970.2307    12975.5175  7769075    0.04%
Elapsed time = 1645.71 sec. (1015478.23 ticks, tree = 55.20 MB, solutions = 1)
 393090 30072        cutoff          12970.2307    12975.3085  7782480    0.04%
 394678 28674        cutoff          12970.2307    12975.0919  7795446    0.04%
 396291 27242    12970.9245    63    12970.2307    12974.8645  7807585    0.04%
 397899 25805    12957.6097   115    12970.2307    12974.6410  7818770    0.03%
 399543 24367        cutoff          12970.2307    12974.4148  7830822    0.03%
 401186 22879        cutoff          12970.2307    12974.1855  7841924    0.03%
 402789 21400        cutoff          12970.2307    12973.9539  7852409    0.03%
 404460 19835    12973.7099    58    12970.2307    12973.7099  7861939    0.03%
 406122 18264        cutoff          12970.2307    12973.4582  7871035    0.02%
 407765 16727        cutoff          12970.2307    12973.1944  7879716    0.02%
Elapsed time = 1705.61 sec. (1053638.46 ticks, tree = 31.29 MB, solutions = 1)
 409424 15154        cutoff          12970.2307    12972.9441  7887646    0.02%
 411056 13598        cutoff          12970.2307    12972.6983  7895528    0.02%
 412697 12030        cutoff          12970.2307    12972.4374  7902646    0.02%
 414370 10400        cutoff          12970.2307    12972.1648  7909400    0.01%
 416031  8779        cutoff          12970.2307    12971.8903  7915892    0.01%
 417705  7142        cutoff          12970.2307    12971.6177  7921951    0.01%

Flow cuts applied:  57
Mixed integer rounding cuts applied:  230
Lift and project cuts applied:  66
Gomory fractional cuts applied:  27

Root node processing (before b&c):
  Real time             =    1.31 sec. (743.36 ticks)
Sequential b&c:
  Real time             = 1740.18 sec. (1078122.29 ticks)
                          ------------
Total (root+branch&cut) = 1741.50 sec. (1078865.65 ticks)
