1 of 1 MIP starts provided solutions.
MIP start 'm1' defined initial solution with objective 22663.5416.
Tried aggregator 1 time.
MIP Presolve eliminated 0 rows and 1 columns.
Reduced MIP has 6064 rows, 4125 columns, and 47558 nonzeros.
Reduced MIP has 1938 binaries, 0 generals, 0 SOSs, and 0 indicators.
Presolve time = 0.02 sec. (14.67 ticks)
Probing time = 0.01 sec. (3.68 ticks)
Tried aggregator 1 time.
Reduced MIP has 6064 rows, 4125 columns, and 47558 nonzeros.
Reduced MIP has 1938 binaries, 0 generals, 0 SOSs, and 0 indicators.
Presolve time = 0.04 sec. (17.83 ticks)
Probing time = 0.01 sec. (3.67 ticks)
Clique table members: 1497.
MIP emphasis: balance optimality and feasibility.
MIP search method: dynamic search.
Parallel mode: none, using 1 thread.
Root relaxation solution time = 0.08 sec. (48.52 ticks)

        Nodes                                         Cuts/
   Node  Left     Objective  IInf  Best Integer    Best Bound    ItCnt     Gap

*     0+    0                        22663.5416   110569.1822     3041  387.87%
      0     0    23707.2651   267    22663.5416    23707.2651     3041    4.61%
      0     0    23254.8561   279    22663.5416     Cuts: 374     3485    2.61%
      0     0    23088.3502   298    22663.5416     Cuts: 254     3804    1.87%
      0     0    22997.7843   283    22663.5416     Cuts: 137     4063    1.47%
      0     0    22972.4618   309    22663.5416     Cuts: 104     4270    1.36%
      0     0    22957.0077   330    22663.5416      Cuts: 81     4388    1.29%
      0     0    22945.7656   317    22663.5416      Cuts: 60     4491    1.25%
      0     0    22940.5450   304    22663.5416      Cuts: 37     4577    1.22%
      0     0    22938.2984   309    22663.5416      Cuts: 32     4635    1.21%
      0     0    22936.9733   319    22663.5416      Cuts: 18     4688    1.21%
      0     0    22935.0455   319    22663.5416      Cuts: 15     4729    1.20%
      0     2    22935.0455   319    22663.5416    22934.9700     4729    1.20%
Elapsed time = 2.95 sec. (1582.95 ticks, tree = 0.00 MB, solutions = 1)
     30    32    22838.1585   256    22663.5416    22929.9074     6454    1.18%
     63    65    22687.7863   177    22663.5416    22929.9074     7421    1.18%
    109   103    22831.6338   230    22663.5416    22926.9575     9032    1.16%
    160   149    22666.6452   155    22663.5416    22926.9575    10167    1.16%
    200   181    22812.4371   253    22663.5416    22926.1943    11426    1.16%
    260   235    22830.4528   221    22663.5416    22924.9576    12588    1.15%
    315   282    22878.3383   275    22663.5416    22924.4440    13799    1.15%
    360   327    22744.4021   192    22663.5416    22924.4440    14697    1.15%
    407   370    22842.6348   225    22663.5416    22921.8385    15987    1.14%
    473   432    22828.8387   327    22663.5416    22828.6391    22505    0.73%
Elapsed time = 19.22 sec. (10532.51 ticks, tree = 1.24 MB, solutions = 1)
    476   433    22801.7882   313    22663.5416    22828.2711    22737    0.73%
    479   433    22709.2015   279    22663.5416    22828.2711    23048    0.73%
    483   432    22707.7108   270    22663.5416    22828.2711    23109    0.73%
    490   369    22827.8858   326    22663.5416    22828.1526    23454    0.73%
    553   367    22729.7385   250    22663.5416    22827.3800    25726    0.72%
    649   380    22819.1727   310    22663.5416    22819.0376    28333    0.69%
    735   408    22763.6938   236    22663.5416    22817.2970    31426    0.68%
    885   470    22778.5960   236    22663.5416    22813.7257    35176    0.66%
    997   486    22793.6852   286    22663.5416    22812.2006    37926    0.66%
   1139   556    22716.9826   224    22663.5416    22808.4803    41531    0.64%
Elapsed time = 37.24 sec. (21063.05 ticks, tree = 1.24 MB, solutions = 1)
   1261   636    22754.6072   270    22663.5416    22807.2087    44510    0.63%
   1426   773    22787.4739   256    22663.5416    22804.8891    47245    0.62%
   1528   844    22694.7374   197    22663.5416    22802.7791    49883    0.61%
   1687   968    22747.6497   291    22663.5416    22801.8974    53357    0.61%
   1820  1073    22761.3950   277    22663.5416    22801.1288    56857    0.61%
   1993  1228    22725.2032   224    22663.5416    22800.3534    59983    0.60%
   2154  1335    22748.6403   249    22663.5416    22798.8560    64277    0.60%
   2330  1486    22789.2736   284    22663.5416    22797.5960    67569    0.59%
   2520  1647    22757.3225   305    22663.5416    22796.7042    72052    0.59%
   2666  1741        cutoff          22663.5416    22794.6360    77257    0.58%
Elapsed time = 55.35 sec. (30754.81 ticks, tree = 3.87 MB, solutions = 1)
   2818  1856    22667.9079   172    22663.5416    22793.3086    81727    0.57%
   3029  2025    22746.2393   248    22663.5416    22792.9090    86306    0.57%
   3172  2132    22667.4363   233    22663.5416    22792.0399    90942    0.57%
   3312  2246    22731.5539   281    22663.5416    22791.8235    93549    0.57%
   3510  2411    22668.0955    61    22663.5416    22791.5641    98484    0.56%
   3621  2480    22742.5638   309    22663.5416    22790.5371   102874    0.56%
   3737  2581    22734.0229   209    22663.5416    22790.0199   106140    0.56%
   3848  2653    22757.4369   251    22663.5416    22788.7164   110309    0.55%
   3986  2764    22688.4261   232    22663.5416    22788.3319   114348    0.55%
   4156  2889    22760.1988   236    22663.5416    22787.6711   117832    0.55%
Elapsed time = 72.82 sec. (40355.35 ticks, tree = 6.48 MB, solutions = 1)
   4327  3016    22754.2284   244    22663.5416    22787.5405   121900    0.55%
   4494  3147    22706.3619   243    22663.5416    22787.1241   126163    0.55%
   4627  3249    22750.4389   245    22663.5416    22786.7393   130174    0.54%
   4830  3415    22711.1698   239    22663.5416    22786.2847   135090    0.54%
   5022  3567    22678.6450   149    22663.5416    22785.8730   140065    0.54%
   5235  3734    22670.8271   228    22663.5416    22785.4943   144562    0.54%
   5382  3852    22753.1883   285    22663.5416    22785.2478   149098    0.54%
   5565  3997    22735.8835   237    22663.5416    22785.0174   153670    0.54%
   5690  4099    22689.9770   236    22663.5416    22784.4303   157378    0.53%
   5813  4179    22757.1581   237    22663.5416    22784.1159   161770    0.53%
Elapsed time = 90.00 sec. (49955.66 ticks, tree = 9.45 MB, solutions = 1)
   5938  4272    22689.4466   244    22663.5416    22783.7939   166078    0.53%
   6061  4349    22709.2366   270    22663.5416    22783.4813   170062    0.53%
   6198  4457    22695.3288   110    22663.5416    22782.9787   173530    0.53%
   6302  4533    22679.2357   284    22663.5416    22782.7819   177030    0.53%
   6403  4591        cutoff          22663.5416    22782.4704   181572    0.52%
   6490  4660    22747.2789   250    22663.5416    22782.0806   184706    0.52%
   6651  4779    22743.1790   285    22663.5416    22781.7442   189136    0.52%
   6816  4906    22769.9585   324    22663.5416    22781.3230   193329    0.52%
   6978  5030        cutoff          22663.5416    22780.9153   197954    0.52%
   7117  5142    22758.8683   272    22663.5416    22780.2661   202688    0.52%
Elapsed time = 108.40 sec. (59753.46 ticks, tree = 11.59 MB, solutions = 1)
   7299  5284    22671.5094    44    22663.5416    22779.9009   207187    0.51%
   7468  5413    22671.3354   222    22663.5416    22779.1956   211645    0.51%
   7529  5458    22719.0703   302    22663.5416    22778.9277   213581    0.51%
   7696  5585        cutoff          22663.5416    22778.2724   218188    0.51%
   7880  5728    22753.3054   273    22663.5416    22777.7384   223506    0.50%
   8045  5850    22747.9369   241    22663.5416    22777.1693   228444    0.50%
   8181  5952        cutoff          22663.5416    22776.5792   233002    0.50%
   8304  6044    22761.1057   219    22663.5416    22776.2675   237145    0.50%
   8450  6153    22745.5321   226    22663.5416    22775.8668   240969    0.50%
   8592  6267    22717.4489   222    22663.5416    22775.4447   244739    0.49%
Elapsed time = 126.05 sec. (69323.27 ticks, tree = 14.10 MB, solutions = 1)
   8784  6419    22767.1824   252    22663.5416    22775.2310   249304    0.49%
   8971  6566    22745.4291   243    22663.5416    22774.9441   253306    0.49%
   9104  6656    22694.4933   192    22663.5416    22774.7950   257708    0.49%
   9248  6757    22726.3797   278    22663.5416    22774.2760   262116    0.49%
   9397  6873    22731.3503   269    22663.5416    22774.1577   266114    0.49%
   9481  6931    22730.1934   258    22663.5416    22773.8982   268641    0.49%
   9628  7041    22764.5149   227    22663.5416    22773.5095   273757    0.49%
   9823  7182    22720.3237   218    22663.5416    22773.1830   278365    0.48%
   9933  7269    22683.5277   125    22663.5416    22772.7990   281537    0.48%
   9934  7270    22762.5824   227    22663.5416    22772.7935   281640    0.48%
Elapsed time = 154.17 sec. (84561.80 ticks, tree = 16.34 MB, solutions = 1)
  10077  7380    22673.7657   230    22663.5416    22772.2993   285919    0.48%
  10247  7506    22687.8239   184    22663.5416    22771.9059   291315    0.48%
  10406  7613    22696.6641   215    22663.5416    22771.5497   296295    0.48%
  10574  7738    22754.1693   249    22663.5416    22771.1871   301454    0.47%
  10797  7916    22678.6961   114    22663.5416    22771.0265   306771    0.47%
  11007  8080        cutoff          22663.5416    22770.6784   312318    0.47%
  11161  8178    22694.4671   251    22663.5416    22769.9329   317382    0.47%
  11367  8338    22721.4490   263    22663.5416    22769.6168   322823    0.47%
  11520  8445    22751.2928   270    22663.5416    22769.2706   328418    0.47%
  11759  8627    22680.1640   232    22663.5416    22769.0435   333892    0.47%
Elapsed time = 171.99 sec. (94128.26 ticks, tree = 19.59 MB, solutions = 1)
  11921  8756    22696.5707   209    22663.5416    22768.6565   338697    0.46%
  12075  8888    22687.9560   242    22663.5416    22768.5561   343176    0.46%
  12242  8993        cutoff          22663.5416    22768.1816   347288    0.46%
  12388  9107    22683.8767   250    22663.5416    22768.0297   351271    0.46%
  12504  9191    22665.2373   130    22663.5416    22767.7424   355240    0.46%
  12682  9325    22720.1135   232    22663.5416    22767.4888   360439    0.46%
  12833  9445    22697.2365   196    22663.5416    22767.2230   364943    0.46%
  12978  9543    22712.1005   184    22663.5416    22767.0594   369753    0.46%
  13128  9645    22689.3418   145    22663.5416    22766.8244   374257    0.46%
  13671 10020        cutoff          22663.5416    22765.8109   390069    0.45%
Elapsed time = 194.32 sec. (106583.01 ticks, tree = 22.71 MB, solutions = 1)
  14335 10497    22697.8566   225    22663.5416    22765.0068   411195    0.45%
  14969 10924    22715.6171   246    22663.5416    22764.1188   431310    0.44%
  15649 11404    22715.3713   257    22663.5416    22763.6208   450606    0.44%
  16305 11867    22668.6711   139    22663.5416    22763.0971   469796    0.44%
  16904 12292    22710.5423   261    22663.5416    22762.3696   487236    0.44%
  17473 12703    22720.2615   230    22663.5416    22761.9656   504657    0.43%
  18090 13125    22680.3956   135    22663.5416    22761.3917   524380    0.43%
  18807 13631    22664.3668   219    22663.5416    22760.8108   544566    0.43%
  19502 14128    22730.6648   231    22663.5416    22760.1921   563385    0.43%
  20148 14594    22726.1055   222    22663.5416    22759.5916   581972    0.42%
Elapsed time = 264.81 sec. (145183.00 ticks, tree = 34.44 MB, solutions = 1)
  20793 15052    22741.9127   233    22663.5416    22759.0748   600999    0.42%
  21413 15475    22722.8031   243    22663.5416    22758.6399   617697    0.42%
  22043 15931    22695.0901   246    22663.5416    22758.0880   634364    0.42%
  22606 16321    22709.4777   221    22663.5416    22757.6968   651105    0.42%
  23318 16814    22675.6999   220    22663.5416    22757.2092   669907    0.41%
  23932 17231    22752.6994   255    22663.5416    22756.6074   688292    0.41%
  24723 17801        cutoff          22663.5416    22756.0312   709343    0.41%
  25385 18235    22691.1052   213    22663.5416    22755.4933   730003    0.41%
  25940 18618    22669.0431   189    22663.5416    22755.0578   747118    0.40%
  26691 19159    22664.4097   228    22663.5416    22754.4544   766653    0.40%
Elapsed time = 335.04 sec. (183407.78 ticks, tree = 45.15 MB, solutions = 1)
  27387 19641    22698.2542   232    22663.5416    22753.8602   785343    0.40%
  27981 20035    22673.4239   143    22663.5416    22753.4578   804509    0.40%
  28606 20450    22740.9605   227    22663.5416    22752.8773   822600    0.39%
  29277 20917    22680.1333   214    22663.5416    22752.4091   840795    0.39%
  29834 21304    22709.5763   231    22663.5416    22752.1119   857189    0.39%
  30473 21720    22676.3324   238    22663.5416    22751.6608   873840    0.39%
  31189 22199    22702.9407   250    22663.5416    22751.0518   894889    0.39%
  31923 22688    22685.0346   223    22663.5416    22750.6884   915024    0.38%
  32599 23137    22735.4949   191    22663.5416    22750.0946   935482    0.38%
  33383 23695    22706.8653   183    22663.5416    22749.7104   955863    0.38%
Elapsed time = 404.45 sec. (221708.52 ticks, tree = 55.43 MB, solutions = 1)
  34023 24124    22740.8948   221    22663.5416    22749.2334   974003    0.38%
  34798 24671    22680.3403   172    22663.5416    22748.7818   993385    0.38%
  35430 25085    22709.5533   174    22663.5416    22748.4366  1012037    0.37%
  36073 25512    22701.4042   255    22663.5416    22748.1813  1027791    0.37%
  36681 25893    22715.8084   222    22663.5416    22747.6747  1043560    0.37%
  37407 26393    22724.0672   216    22663.5416    22747.3310  1064754    0.37%
  38155 26894    22738.9374   213    22663.5416    22746.9070  1085553    0.37%
  38892 27412    22708.4687   186    22663.5416    22746.4917  1105981    0.37%
  39653 27934    22678.5496   216    22663.5416    22746.0649  1125903    0.36%
  40328 28389    22690.0048   192    22663.5416    22745.6644  1146565    0.36%
Elapsed time = 474.11 sec. (259982.44 ticks, tree = 66.09 MB, solutions = 1)
  41091 28911    22699.2218   233    22663.5416    22745.3123  1166770    0.36%
  41719 29343    22693.7400   199    22663.5416    22744.9361  1183701    0.36%
  42439 29786        cutoff          22663.5416    22744.5510  1203101    0.36%
  43071 30183    22715.8904   237    22663.5416    22744.2644  1220906    0.36%
  43892 30744    22691.1014   136    22663.5416    22743.9214  1239321    0.35%
  44600 31204    22697.1945   238    22663.5416    22743.5611  1256860    0.35%
  45305 31658    22720.6658   260    22663.5416    22743.2104  1275840    0.35%
  46073 32172    22720.6337   223    22663.5416    22742.9499  1296510    0.35%
  46899 32698    22677.4209   220    22663.5416    22742.4874  1317398    0.35%
  47509 33073    22692.6003   263    22663.5416    22742.0579  1334756    0.35%
Elapsed time = 543.21 sec. (298227.47 ticks, tree = 77.69 MB, solutions = 1)
  48329 33629    22663.6243   178    22663.5416    22741.6966  1355730    0.34%
  49069 34116    22678.7272   159    22663.5416    22741.3164  1376420    0.34%
  49811 34592    22679.5163   257    22663.5416    22740.9192  1395399    0.34%
  50544 35061        cutoff          22663.5416    22740.6216  1414417    0.34%
  51338 35569    22726.0920   251    22663.5416    22740.2571  1433945    0.34%
  52074 36057    22665.7749    48    22663.5416    22740.0608  1452808    0.34%
  52793 36478    22703.0250   209    22663.5416    22739.7330  1471432    0.34%
  53473 36894    22714.4402   211    22663.5416    22739.4139  1490289    0.33%
  54215 37339    22729.7453   239    22663.5416    22739.1061  1510736    0.33%
  54982 37837    22703.5222   221    22663.5416    22738.8268  1529188    0.33%
Elapsed time = 612.55 sec. (336752.42 ticks, tree = 88.40 MB, solutions = 1)
  55809 38368    22708.3849   235    22663.5416    22738.4845  1550563    0.33%
  56620 38874    22698.2115   211    22663.5416    22738.0877  1571606    0.33%
  57451 39380    22729.7323   230    22663.5416    22737.8273  1592805    0.33%
  58240 39878        cutoff          22663.5416    22737.4727  1613707    0.33%
  59027 40413    22667.5801   224    22663.5416    22737.2011  1633564    0.33%
  59731 40869    22669.0147   243    22663.5416    22736.9821  1651390    0.32%
  60473 41315    22683.8619   191    22663.5416    22736.7008  1669911    0.32%
  61255 41776    22708.6861   216    22663.5416    22736.3648  1689578    0.32%
  61882 42151    22720.2369   204    22663.5416    22736.1317  1704881    0.32%
  62591 42560    22671.0947   196    22663.5416    22735.8462  1724383    0.32%
Elapsed time = 682.15 sec. (374989.92 ticks, tree = 99.14 MB, solutions = 1)
  63393 43047    22673.2475   208    22663.5416    22735.6089  1744193    0.32%
  64170 43516    22691.4686   201    22663.5416    22735.3653  1763512    0.32%
  64835 43889    22690.0259   206    22663.5416    22735.0869  1782606    0.32%
  65667 44377    22675.1043   126    22663.5416    22734.8211  1803557    0.31%
  66473 44841    22674.0549   208    22663.5416    22734.5376  1823860    0.31%
  67336 45384    22714.0729   236    22663.5416    22734.3037  1844307    0.31%
  68196 45883        cutoff          22663.5416    22733.9985  1866002    0.31%
  68936 46312    22690.2979   216    22663.5416    22733.6368  1886991    0.31%
  69728 46786    22686.6663   227    22663.5416    22733.3825  1906673    0.31%
  70368 47153    22695.9310   231    22663.5416    22733.2103  1925121    0.31%
Elapsed time = 753.46 sec. (413619.22 ticks, tree = 109.61 MB, solutions = 1)
  71176 47621    22665.3868   228    22663.5416    22732.9920  1946617    0.31%
  71965 48083    22697.5161   176    22663.5416    22732.7439  1966386    0.31%
  72710 48529    22677.5486   230    22663.5416    22732.5190  1985659    0.30%
  73473 48975    22671.4416   106    22663.5416    22732.2887  2005868    0.30%
  74268 49454        cutoff          22663.5416    22732.1094  2026464    0.30%
  75177 50018        cutoff          22663.5416    22731.8788  2046505    0.30%
  75934 50459    22704.6274   248    22663.5416    22731.5862  2066427    0.30%
  76607 50844    22695.7110   237    22663.5416    22731.3278  2084722    0.30%
  77334 51214    22669.1300    60    22663.5416    22731.0805  2105249    0.30%
  78043 51600    22682.6709   178    22663.5416    22730.8716  2124257    0.30%
Elapsed time = 824.14 sec. (451808.51 ticks, tree = 119.75 MB, solutions = 1)
  78769 52021        cutoff          22663.5416    22730.6668  2144419    0.30%
  79579 52521    22693.6451   227    22663.5416    22730.4628  2164992    0.30%
  80436 53041    22674.5024   234    22663.5416    22730.2822  2185785    0.29%
  81151 53444    22676.0966   262    22663.5416    22730.0724  2204977    0.29%
  81708 53758    22680.0920   191    22663.5416    22729.9199  2220787    0.29%
  82464 54230    22674.1690   143    22663.5416    22729.7644  2240533    0.29%
  83231 54672    22674.2888   153    22663.5416    22729.5716  2260054    0.29%
  83903 55030    22702.1358   217    22663.5416    22729.3618  2279525    0.29%
  84612 55412    22664.8317    85    22663.5416    22729.0892  2299106    0.29%
  85342 55830    22704.8175   226    22663.5416    22728.8788  2319368    0.29%
Elapsed time = 895.97 sec. (490083.13 ticks, tree = 129.41 MB, solutions = 1)
  86082 56240        cutoff          22663.5416    22728.6925  2338205    0.29%
  86859 56690    22684.4005   213    22663.5416    22728.5212  2358246    0.29%
  87673 57139    22696.8761   124    22663.5416    22728.3434  2378960    0.29%
  88502 57593    22702.9424   246    22663.5416    22728.0843  2400633    0.28%
  89418 58136    22708.8241   241    22663.5416    22727.8610  2422312    0.28%
  90173 58560    22681.3811   182    22663.5416    22727.6947  2441318    0.28%
  90828 58939    22687.2527   230    22663.5416    22727.5512  2458622    0.28%
  91611 59448    22677.2040   223    22663.5416    22727.4073  2476028    0.28%
  92441 59935    22676.2723   191    22663.5416    22727.2563  2496938    0.28%
  93177 60342    22676.9841   273    22663.5416    22727.0493  2516486    0.28%
Elapsed time = 968.79 sec. (528556.91 ticks, tree = 139.75 MB, solutions = 1)
  93960 60748    22664.5847   168    22663.5416    22726.8445  2536952    0.28%
  94752 61176    22683.6984   151    22663.5416    22726.6911  2556347    0.28%
  95476 61598    22664.9777   156    22663.5416    22726.5275  2574494    0.28%
  96272 62030    22687.3686   191    22663.5416    22726.3282  2594976    0.28%
  96981 62394    22696.3858   224    22663.5416    22726.1754  2613452    0.28%
  97749 62797    22676.3753   157    22663.5416    22726.0133  2633119    0.28%
  98514 63236    22703.0224   190    22663.5416    22725.8544  2653253    0.27%
  99311 63642    22716.4790   242    22663.5416    22725.6103  2674570    0.27%
 100073 64044    22674.5333   193    22663.5416    22725.4398  2695738    0.27%
 100722 64412        cutoff          22663.5416    22725.3083  2713552    0.27%
Elapsed time = 1039.53 sec. (566742.30 ticks, tree = 149.10 MB, solutions = 1)
 101473 64818    22698.3126   205    22663.5416    22725.1362  2732858    0.27%
 102281 65273    22674.4193   189    22663.5416    22724.9680  2752970    0.27%
 102959 65638    22705.7113   199    22663.5416    22724.8230  2771485    0.27%
 103661 66020    22682.0837   269    22663.5416    22724.6333  2791818    0.27%
 104481 66438        cutoff          22663.5416    22724.4293  2813356    0.27%
 105257 66823    22676.3448   260    22663.5416    22724.2489  2835021    0.27%
 105973 67220    22691.3006   206    22663.5416    22724.0856  2852441    0.27%
 106817 67685    22667.2338   210    22663.5416    22723.9202  2873587    0.27%
 107524 68012    22677.9891   175    22663.5416    22723.7348  2893816    0.27%
 108279 68398    22683.6757   219    22663.5416    22723.6028  2913400    0.27%
Elapsed time = 1110.86 sec. (605172.82 ticks, tree = 160.19 MB, solutions = 1)
 108997 68760    22687.1984   200    22663.5416    22723.4473  2931579    0.26%
 109707 69151    22680.4544   158    22663.5416    22723.3095  2950198    0.26%
 110541 69580        cutoff          22663.5416    22723.1662  2969876    0.26%
 111346 69987    22684.5135   224    22663.5416    22723.0211  2990080    0.26%
 112087 70376    22667.0684   196    22663.5416    22722.8621  3010411    0.26%
 112790 70720    22678.5713   100    22663.5416    22722.6873  3030673    0.26%
 113612 71157        cutoff          22663.5416    22722.5605  3050488    0.26%
 114378 71568    22696.0506   224    22663.5416    22722.3955  3071598    0.26%
 115066 71903    22696.8148   220    22663.5416    22722.2316  3091331    0.26%
 115859 72294        cutoff          22663.5416    22722.0820  3112396    0.26%
Elapsed time = 1181.56 sec. (643342.96 ticks, tree = 169.19 MB, solutions = 1)
 116546 72660    22695.9296   216    22663.5416    22721.9708  3132033    0.26%
 117320 73073    22664.6508   248    22663.5416    22721.8407  3153255    0.26%
 117997 73429    22686.5163   213    22663.5416    22721.7050  3173237    0.26%
 118766 73813    22707.3201   235    22663.5416    22721.5620  3195396    0.26%
 119460 74140    22664.8650   187    22663.5416    22721.4422  3216475    0.26%
 120225 74519    22708.5425   197    22663.5416    22721.2859  3238625    0.25%
 120931 74870        cutoff          22663.5416    22721.1577  3259594    0.25%
 121642 75224    22674.1295   195    22663.5416    22720.9945  3279164    0.25%
 122362 75619    22675.6507   113    22663.5416    22720.8770  3299204    0.25%
 123043 75919    22668.6717   197    22663.5416    22720.7018  3318963    0.25%
Elapsed time = 1251.05 sec. (681888.06 ticks, tree = 178.13 MB, solutions = 1)
 123731 76288    22713.8570   230    22663.5416    22720.5808  3336893    0.25%
 124406 76590    22689.8776   218    22663.5416    22720.4542  3357440    0.25%
 125075 76892    22705.8824   180    22663.5416    22720.3166  3378472    0.25%
 125761 77236    22680.2777   220    22663.5416    22720.2029  3397982    0.25%
 126473 77568    22694.8658   195    22663.5416    22720.0728  3418731    0.25%
 127243 77972    22682.0611   126    22663.5416    22719.9395  3440019    0.25%
 127940 78273    22675.7784   200    22663.5416    22719.7481  3461986    0.25%
 128689 78601    22685.2578   205    22663.5416    22719.5932  3483520    0.25%
 129473 79023    22708.8738   196    22663.5416    22719.4754  3504924    0.25%
 130231 79376        cutoff          22663.5416    22719.3427  3527444    0.25%
Elapsed time = 1322.77 sec. (720502.06 ticks, tree = 186.24 MB, solutions = 1)
 131033 79793    22701.4674   231    22663.5416    22719.2373  3548714    0.25%
 131821 80197    22670.2191   219    22663.5416    22719.0970  3570847    0.25%
 132473 80521    22667.4789   214    22663.5416    22718.9862  3590981    0.24%
 133265 80934        cutoff          22663.5416    22718.8475  3613170    0.24%
 133947 81249    22667.1157   182    22663.5416    22718.7050  3631826    0.24%
 134633 81536    22664.5451   202    22663.5416    22718.5501  3652879    0.24%
 135378 81925    22672.1241   131    22663.5416    22718.4189  3672928    0.24%
 136109 82288    22664.1100   216    22663.5416    22718.2916  3693751    0.24%
 136795 82641    22669.8887   228    22663.5416    22718.1485  3711692    0.24%
 137512 82983    22693.5646   222    22663.5416    22718.0327  3730793    0.24%
Elapsed time = 1392.57 sec. (758930.70 ticks, tree = 194.79 MB, solutions = 1)
 138223 83342    22702.5037   218    22663.5416    22717.9095  3751490    0.24%
 138967 83694    22704.6875   222    22663.5416    22717.7808  3772197    0.24%
 139715 84030    22700.2155   212    22663.5416    22717.6389  3793620    0.24%
 140473 84387    22665.8652   204    22663.5416    22717.5197  3814242    0.24%
 141275 84745        cutoff          22663.5416    22717.3866  3835456    0.24%
 141991 85058    22690.5068   194    22663.5416    22717.2529  3856331    0.24%
 142650 85365    22677.0262   239    22663.5416    22717.1249  3874453    0.24%
 143389 85740    22667.3417   124    22663.5416    22717.0066  3896277    0.24%
 144171 86079    22690.9921   223    22663.5416    22716.8620  3919405    0.24%
 144845 86394        cutoff          22663.5416    22716.7581  3940413    0.23%
Elapsed time = 1465.21 sec. (797228.86 ticks, tree = 202.76 MB, solutions = 1)
 145566 86753    22677.6549   160    22663.5416    22716.6391  3959518    0.23%
 146330 87109    22670.6184   213    22663.5416    22716.5165  3981158    0.23%
 146998 87443    22665.4213   103    22663.5416    22716.4191  4000780    0.23%
 147718 87799    22683.3720   208    22663.5416    22716.3006  4020795    0.23%
 148427 88109    22700.3420   232    22663.5416    22716.1887  4041856    0.23%
 149126 88440    22663.7306   182    22663.5416    22716.0383  4060265    0.23%
 149875 88780    22680.5295   229    22663.5416    22715.9041  4079959    0.23%
 150589 89146    22679.7307   206    22663.5416    22715.7960  4098387    0.23%
 151310 89469        cutoff          22663.5416    22715.6804  4118436    0.23%
 151965 89759    22671.4153   204    22663.5416    22715.5845  4136644    0.23%
Elapsed time = 1533.83 sec. (835403.47 ticks, tree = 210.46 MB, solutions = 1)
 152678 90077        cutoff          22663.5416    22715.4634  4156943    0.23%
 153422 90402    22698.9002   245    22663.5416    22715.3099  4179433    0.23%
 154207 90759    22672.8746   215    22663.5416    22715.1779  4201320    0.23%
 155015 91112        cutoff          22663.5416    22715.0447  4223002    0.23%
 155808 91484    22680.9628   228    22663.5416    22714.9298  4245094    0.23%
 156553 91819    22707.0143   244    22663.5416    22714.8009  4265804    0.23%
 157309 92168    22663.7799   231    22663.5416    22714.6706  4287539    0.23%
 158094 92528    22698.2036   215    22663.5416    22714.5702  4308274    0.23%
 158951 92916        cutoff          22663.5416    22714.4176  4330784    0.22%
 159683 93225    22694.3065   211    22663.5416    22714.2879  4352360    0.22%
Elapsed time = 1605.73 sec. (873605.79 ticks, tree = 218.49 MB, solutions = 1)
 160473 93573    22668.1102   168    22663.5416    22714.1494  4373966    0.22%
 161223 93944    22667.9679   215    22663.5416    22714.0553  4395102    0.22%
 161980 94298    22689.7659   179    22663.5416    22713.9564  4414791    0.22%
 162763 94692    22687.3280   220    22663.5416    22713.8682  4434597    0.22%
 163537 95050    22692.1554   211    22663.5416    22713.7437  4456015    0.22%
 164299 95404    22687.6843   218    22663.5416    22713.6337  4476561    0.22%
 165078 95765    22672.4678   198    22663.5416    22713.5181  4498564    0.22%
 165815 96108    22696.2069   222    22663.5416    22713.4236  4517488    0.22%
 166576 96449    22699.6250   215    22663.5416    22713.3305  4537877    0.22%
 167342 96800    22678.6748   136    22663.5416    22713.2101  4558437    0.22%
Elapsed time = 1675.50 sec. (911923.80 ticks, tree = 226.85 MB, solutions = 1)
 168108 97127    22698.5515   219    22663.5416    22713.1006  4580360    0.22%
 168810 97459    22675.6722   202    22663.5416    22712.9967  4599591    0.22%
 169563 97787    22691.9580   213    22663.5416    22712.8766  4620746    0.22%
 170336 98139        cutoff          22663.5416    22712.7421  4642159    0.22%
 171163 98493        cutoff          22663.5416    22712.6292  4663358    0.22%
 171863 98786    22680.0511   213    22663.5416    22712.5244  4684097    0.22%
 172692 99156    22697.6665   239    22663.5416    22712.4190  4704912    0.22%
 173473 99528    22684.0018   205    22663.5416    22712.2960  4725251    0.22%
 174280 99866    22666.6664   125    22663.5416    22712.1861  4747329    0.21%
 175122 100223    22700.1186   187    22663.5416    22712.0788  4769494    0.21%
Elapsed time = 1746.17 sec. (950220.67 ticks, tree = 234.89 MB, solutions = 1)
 175926 100546        cutoff          22663.5416    22711.9554  4791898    0.21%
 176576 100809    22667.6234   103    22663.5416    22711.8667  4811939    0.21%
 177292 101110    22664.6082   169    22663.5416    22711.7665  4832623    0.21%
 178009 101476    22698.8194   220    22663.5416    22711.6803  4849752    0.21%
 178769 101801    22676.8409   224    22663.5416    22711.5633  4871423    0.21%
 179497 102121    22684.4779   248    22663.5416    22711.4639  4891496    0.21%
 180314 102483    22693.6149   223    22663.5416    22711.3652  4912759    0.21%
 181047 102793    22693.0494   223    22663.5416    22711.2559  4933212    0.21%
 181784 103128    22683.2107   240    22663.5416    22711.1822  4953179    0.21%
 182586 103477    22689.9420   107    22663.5416    22711.0487  4973941    0.21%
Elapsed time = 1816.90 sec. (988414.24 ticks, tree = 242.53 MB, solutions = 1)
 183365 103798    22694.3857   244    22663.5416    22710.9380  4995567    0.21%
 184153 104105    22668.7903   196    22663.5416    22710.8274  5015543    0.21%
 184973 104484    22682.0036   211    22663.5416    22710.7292  5036740    0.21%
 185740 104792    22704.8555   146    22663.5416    22710.6314  5058101    0.21%
 186597 105179    22677.4508   146    22663.5416    22710.5284  5079631    0.21%
 187393 105527    22669.9344   197    22663.5416    22710.4195  5102096    0.21%
 188222 105861    22677.6096   232    22663.5416    22710.3169  5124042    0.21%
 189044 106221    22684.8653   203    22663.5416    22710.2148  5145590    0.21%
 189765 106534    22666.7849   160    22663.5416    22710.1188  5164931    0.21%
 190527 106829    22689.2368   124    22663.5416    22710.0190  5187745    0.21%
Elapsed time = 1886.28 sec. (1026607.45 ticks, tree = 250.34 MB, solutions = 1)
 191362 107203    22685.4038   231    22663.5416    22709.9127  5209050    0.20%
 192141 107566    22667.7207   114    22663.5416    22709.8035  5227412    0.20%
 192930 107887    22696.9186   180    22663.5416    22709.6825  5249311    0.20%
 193719 108223    22675.9559   213    22663.5416    22709.5756  5269504    0.20%
 194516 108552        cutoff          22663.5416    22709.4848  5289346    0.20%
 195367 108922    22673.2838   223    22663.5416    22709.3825  5310142    0.20%
 196146 109229    22678.2963   221    22663.5416    22709.2689  5331484    0.20%
 196866 109553    22685.8059   219    22663.5416    22709.1695  5352066    0.20%
 197639 109881    22664.8885   199    22663.5416    22709.0829  5371697    0.20%
 198370 110172    22687.6002   236    22663.5416    22708.9987  5392703    0.20%
Elapsed time = 1955.76 sec. (1064851.60 ticks, tree = 258.21 MB, solutions = 1)
 199133 110469    22669.2626   205    22663.5416    22708.8968  5413876    0.20%
 199863 110781    22692.9109   237    22663.5416    22708.8161  5433282    0.20%
 200721 111140    22669.7488   240    22663.5416    22708.7172  5453658    0.20%
 201560 111492    22683.7771   198    22663.5416    22708.6291  5473908    0.20%
 202432 111859    22673.5983   167    22663.5416    22708.5337  5495575    0.20%
 203227 112192    22697.5277   270    22663.5416    22708.4416  5516444    0.20%
 204007 112507    22696.8561   196    22663.5416    22708.3243  5538188    0.20%
 204807 112789        cutoff          22663.5416    22708.2277  5559282    0.20%
 205681 113164    22693.8838   209    22663.5416    22708.1342  5580769    0.20%
 206499 113494    22685.0320   127    22663.5416    22708.0398  5602396    0.20%
Elapsed time = 2025.66 sec. (1103076.40 ticks, tree = 266.05 MB, solutions = 1)
 207312 113779        cutoff          22663.5416    22707.9274  5624600    0.20%
 208003 114031    22675.4073   201    22663.5416    22707.8358  5643915    0.20%
 208782 114303    22667.2387   207    22663.5416    22707.7040  5665931    0.19%
 209592 114653    22668.7550   188    22663.5416    22707.6160  5686467    0.19%
 210424 115007    22667.2030   126    22663.5416    22707.5042  5707824    0.19%
 211168 115344    22669.1095   188    22663.5416    22707.4228  5727217    0.19%
 211990 115671    22672.1994   160    22663.5416    22707.3240  5748813    0.19%
 212705 115935    22667.0668   210    22663.5416    22707.2346  5767751    0.19%
 213566 116287    22698.3831   180    22663.5416    22707.1358  5788669    0.19%
 214366 116595    22699.3743   208    22663.5416    22707.0300  5810203    0.19%
Elapsed time = 2094.51 sec. (1141332.15 ticks, tree = 273.39 MB, solutions = 1)
 215145 116887    22668.7555   219    22663.5416    22706.9309  5830548    0.19%
 215870 117171    22681.2723   208    22663.5416    22706.8537  5849002    0.19%
 216702 117488    22689.7091   218    22663.5416    22706.7505  5869484    0.19%
 217454 117737    22691.2076   219    22663.5416    22706.6510  5890873    0.19%
 218273 118066    22690.3819   158    22663.5416    22706.5592  5911254    0.19%
 219093 118406    22667.9330   210    22663.5416    22706.4826  5931878    0.19%
 219839 118667    22666.4565   114    22663.5416    22706.4015  5953190    0.19%
 220650 118952    22691.6392   202    22663.5416    22706.3078  5974490    0.19%
 221464 119235        cutoff          22663.5416    22706.1997  5995394    0.19%
 222216 119518    22678.2528   142    22663.5416    22706.0959  6013955    0.19%
Elapsed time = 2165.38 sec. (1179509.95 ticks, tree = 280.31 MB, solutions = 1)
 223046 119825    22690.5101   235    22663.5416    22705.9960  6034202    0.19%
 223949 120165    22699.0629   194    22663.5416    22705.8841  6055658    0.19%
 224769 120463    22698.1801   157    22663.5416    22705.7888  6077873    0.19%
 225548 120748    22677.7776   197    22663.5416    22705.6937  6098866    0.19%
 226367 121078    22672.4842   157    22663.5416    22705.6204  6120160    0.19%
 227175 121374    22685.0061   228    22663.5416    22705.5315  6141573    0.19%
 228027 121691    22687.4195   168    22663.5416    22705.4399  6163328    0.18%
 228821 121973    22665.6035   200    22663.5416    22705.3602  6183610    0.18%
 229677 122344    22676.9626   192    22663.5416    22705.2918  6204185    0.18%
 230483 122651        cutoff          22663.5416    22705.2115  6224695    0.18%
Elapsed time = 2235.03 sec. (1217687.52 ticks, tree = 287.76 MB, solutions = 1)
 231366 122986    22690.3578   237    22663.5416    22705.1110  6245568    0.18%
 232115 123250    22686.6780   187    22663.5416    22705.0155  6266043    0.18%
 232905 123568    22670.3584   187    22663.5416    22704.9347  6286126    0.18%
 233718 123876    22667.8740   134    22663.5416    22704.8382  6307767    0.18%
 234478 124102    22689.1255   223    22663.5416    22704.7463  6327784    0.18%
 235249 124414        cutoff          22663.5416    22704.6744  6348596    0.18%
 235993 124620    22664.7516   158    22663.5416    22704.5714  6370478    0.18%
 236694 124875    22680.3374   226    22663.5416    22704.4926  6389234    0.18%
 237441 125124    22673.6340   217    22663.5416    22704.4234  6410434    0.18%
 238275 125450    22693.2578   240    22663.5416    22704.3408  6429536    0.18%
Elapsed time = 2307.68 sec. (1255904.27 ticks, tree = 294.35 MB, solutions = 1)
 239037 125683    22668.6592   215    22663.5416    22704.2485  6450304    0.18%
 239836 125941        cutoff          22663.5416    22704.1551  6471360    0.18%
 240655 126202    22683.1486   219    22663.5416    22704.0614  6492985    0.18%
 241440 126476    22685.9683   245    22663.5416    22703.9843  6515422    0.18%
 242321 126800        cutoff          22663.5416    22703.8805  6536737    0.18%
 243051 127044    22677.8336   191    22663.5416    22703.7931  6555734    0.18%
 243818 127314        cutoff          22663.5416    22703.7110  6574383    0.18%
 244604 127572    22672.2202   114    22663.5416    22703.6145  6595172    0.18%
 245454 127839    22691.0562   189    22663.5416    22703.5223  6616432    0.18%
 246343 128169    22687.6745   254    22663.5416    22703.4383  6638027    0.18%
Elapsed time = 2376.96 sec. (1294100.89 ticks, tree = 300.78 MB, solutions = 1)
 247167 128445    22672.4334   198    22663.5416    22703.3656  6659499    0.18%
 248029 128758        cutoff          22663.5416    22703.2858  6681445    0.18%
 248836 129054    22680.1846   136    22663.5416    22703.2251  6701076    0.18%
 249673 129329    22684.8341   142    22663.5416    22703.1187  6723344    0.17%
 250473 129614    22687.5125   175    22663.5416    22703.0313  6744236    0.17%
 251307 129911        cutoff          22663.5416    22702.9531  6764696    0.17%
 252098 130149    22688.8408   179    22663.5416    22702.8736  6784281    0.17%
 253035 130512    22677.7900   133    22663.5416    22702.7951  6805014    0.17%
 253822 130787    22683.5722   210    22663.5416    22702.7358  6826230    0.17%
 254629 131047        cutoff          22663.5416    22702.6463  6847502    0.17%
Elapsed time = 2448.11 sec. (1332426.87 ticks, tree = 307.65 MB, solutions = 1)
 255462 131344    22671.0360   187    22663.5416    22702.5732  6868186    0.17%
 256146 131540    22689.5043   202    22663.5416    22702.4944  6886829    0.17%
 256945 131852    22691.1999   208    22663.5416    22702.4293  6906941    0.17%
 257740 132089        cutoff          22663.5416    22702.3334  6925098    0.17%
 258571 132374        cutoff          22663.5416    22702.2510  6945631    0.17%
 259354 132614    22671.4860   160    22663.5416    22702.1652  6967466    0.17%
 260204 132901    22692.1968   180    22663.5416    22702.0939  6989398    0.17%
 260986 133161    22688.0983   193    22663.5416    22702.0128  7008946    0.17%
 261754 133423    22680.6910   265    22663.5416    22701.9407  7029500    0.17%
 262546 133674    22688.5376   231    22663.5416    22701.8584  7050285    0.17%
Elapsed time = 2516.88 sec. (1370624.67 ticks, tree = 315.66 MB, solutions = 1)
 263442 133992    22670.9948   223    22663.5416    22701.7448  7072185    0.17%
 264311 134266    22670.6270   134    22663.5416    22701.6511  7093951    0.17%
 265148 134512    22668.9210   228    22663.5416    22701.5614  7116022    0.17%
 266041 134768    22671.9633   151    22663.5416    22701.4632  7138267    0.17%
 266752 134977    22673.8240   201    22663.5416    22701.3886  7157222    0.17%
 267617 135250        cutoff          22663.5416    22701.2965  7178352    0.17%
 268467 135515    22676.6290   198    22663.5416    22701.2214  7199717    0.17%
 269209 135756    22692.2688   157    22663.5416    22701.1639  7218057    0.17%
 270053 136018    22634.4562   135    22663.5416    22701.0877  7239329    0.17%
 270894 136269    22688.5815   226    22663.5416    22700.9954  7260254    0.17%
Elapsed time = 2583.23 sec. (1408826.79 ticks, tree = 321.84 MB, solutions = 1)
 271670 136468    22693.0910   240    22663.5416    22700.9081  7281867    0.16%
 272473 136740    22687.1695   210    22663.5416    22700.8346  7300814    0.16%
 273279 136943    22675.5566   181    22663.5416    22700.7458  7321971    0.16%
 274107 137175    22678.3525   149    22663.5416    22700.6637  7343592    0.16%
 274866 137433    22682.1964   242    22663.5416    22700.5892  7362533    0.16%
 275623 137636    22686.7757   122    22663.5416    22700.5156  7383723    0.16%
 276461 137874    22682.7688   233    22663.5416    22700.4317  7405206    0.16%
 277287 138154    22666.6843    94    22663.5416    22700.3557  7424850    0.16%
 278102 138369        cutoff          22663.5416    22700.2717  7446505    0.16%
 278943 138587        cutoff          22663.5416    22700.1808  7468098    0.16%
Elapsed time = 2650.92 sec. (1447254.64 ticks, tree = 327.46 MB, solutions = 1)
 279738 138801    22677.0981   242    22663.5416    22700.0955  7489722    0.16%
 280543 139057    22683.1638   144    22663.5416    22700.0329  7509525    0.16%
 281381 139291    22685.6759   235    22663.5416    22699.9509  7530722    0.16%
 282181 139567    22677.9961    87    22663.5416    22699.8869  7551531    0.16%
 282944 139875        cutoff          22663.5416    22699.8265  7569286    0.16%
 283773 140097    22665.6865   131    22663.5416    22699.7386  7590890    0.16%
 284620 140352    22690.8293   135    22663.5416    22699.6681  7611326    0.16%
 285468 140632    22663.6484    81    22663.5416    22699.6046  7633206    0.16%
 286289 140816    22673.2467   176    22663.5416    22699.5197  7654856    0.16%
 287183 141100    22672.0438   231    22663.5416    22699.4457  7676437    0.16%
Elapsed time = 2716.36 sec. (1485458.54 ticks, tree = 333.53 MB, solutions = 1)
 288003 141347    22686.1574   202    22663.5416    22699.3730  7697281    0.16%
 288820 141596    22676.4429   217    22663.5416    22699.2991  7717659    0.16%
 289621 141809    22669.9276   102    22663.5416    22699.2170  7737277    0.16%
 290469 142001    22675.8861   147    22663.5416    22699.1343  7758997    0.16%
 291386 142323    22670.5035   176    22663.5416    22699.0596  7780680    0.16%
 292321 142626        cutoff          22663.5416    22698.9784  7801527    0.16%
 293197 142886    22681.9860   259    22663.5416    22698.8982  7823322    0.16%
 294058 143167    22675.7809   211    22663.5416    22698.8254  7844439    0.16%
 294893 143431        cutoff          22663.5416    22698.7626  7863848    0.16%
 295745 143686    22667.3649   176    22663.5416    22698.6705  7885369    0.16%
Elapsed time = 2784.93 sec. (1523651.95 ticks, tree = 340.12 MB, solutions = 1)
 296590 143919    22689.1192   203    22663.5416    22698.5903  7906577    0.15%
 297375 144118    22682.8558   245    22663.5416    22698.5191  7926594    0.15%
 298270 144358    22691.5964   171    22663.5416    22698.4425  7948117    0.15%
 299066 144557        cutoff          22663.5416    22698.3753  7968763    0.15%
 299848 144801    22680.6471   133    22663.5416    22698.3198  7987597    0.15%
 300595 144960    22670.8318   215    22663.5416    22698.2349  8007211    0.15%
 301461 145213    22664.1298   119    22663.5416    22698.1568  8027646    0.15%
 302222 145400        cutoff          22663.5416    22698.0881  8046300    0.15%
 303108 145642    22663.6516   130    22663.5416    22698.0130  8067474    0.15%
 303636 145751    22672.9991   205    22663.5416    22697.9620  8080219    0.15%
Elapsed time = 2849.41 sec. (1561818.26 ticks, tree = 345.19 MB, solutions = 1)
 304498 145963    22672.7767   214    22663.5416    22697.8909  8102271    0.15%
 305400 146216    22665.0456   216    22663.5416    22697.8143  8123676    0.15%
 306273 146436    22670.4015   198    22663.5416    22697.7471  8145410    0.15%
 307093 146593    22680.7693   232    22663.5416    22697.6637  8167228    0.15%
 307978 146834    22684.3213   207    22663.5416    22697.5745  8188103    0.15%
 308873 147124    22690.0258   181    22663.5416    22697.5106  8208385    0.15%
 309733 147328    22673.2041   192    22663.5416    22697.4298  8229596    0.15%
 310617 147623    22676.7311   193    22663.5416    22697.3634  8248736    0.15%
 311477 147817    22674.4469   212    22663.5416    22697.2869  8270652    0.15%
 312364 148057    22670.3903   201    22663.5416    22697.2177  8291956    0.15%
Elapsed time = 2916.01 sec. (1600050.17 ticks, tree = 350.84 MB, solutions = 1)
 313270 148343    22671.1804   159    22663.5416    22697.1298  8313428    0.15%
 314128 148588    22693.5680   208    22663.5416    22697.0657  8335126    0.15%
 315033 148836        cutoff          22663.5416    22696.9885  8357378    0.15%
 315873 149028    22682.5504   201    22663.5416    22696.9192  8377311    0.15%
 316668 149224    22671.6538   241    22663.5416    22696.8620  8397212    0.15%
 317491 149400    22673.3631   219    22663.5416    22696.7863  8417415    0.15%
 318379 149657    22687.1521   167    22663.5416    22696.7158  8436888    0.15%
 319235 149879    22667.9671   167    22663.5416    22696.6449  8457205    0.15%
 319939 150037    22675.8558   204    22663.5416    22696.5885  8474164    0.15%
 320757 150237    22689.9257   189    22663.5416    22696.5148  8494374    0.15%
Elapsed time = 2982.37 sec. (1638245.00 ticks, tree = 355.98 MB, solutions = 1)
 321690 150485    22677.2349   194    22663.5416    22696.4481  8515318    0.15%
 322574 150711        cutoff          22663.5416    22696.3729  8536468    0.14%
 323435 150853    22681.6825   152    22663.5416    22696.2884  8556934    0.14%
 324285 151049    22685.8127   145    22663.5416    22696.2218  8577527    0.14%
 325139 151283    22688.9347   201    22663.5416    22696.1657  8597825    0.14%
 325975 151457    22683.9898   144    22663.5416    22696.1014  8617434    0.14%
 326821 151653    22670.6339   219    22663.5416    22696.0340  8637995    0.14%
 327603 151849        cutoff          22663.5416    22695.9793  8657486    0.14%
 328487 152077    22686.8186   261    22663.5416    22695.9040  8678750    0.14%
 329432 152308    22683.9916   164    22663.5416    22695.8489  8699208    0.14%
Elapsed time = 3050.01 sec. (1676425.23 ticks, tree = 361.02 MB, solutions = 1)
 330400 152584    22670.1791   211    22663.5416    22695.7821  8720428    0.14%
 331273 152764    22678.4030   174    22663.5416    22695.7170  8742375    0.14%
 332108 152948    22664.7319   156    22663.5416    22695.6452  8764042    0.14%
 333002 153136        cutoff          22663.5416    22695.5731  8785626    0.14%
 333844 153317    22682.6368   198    22663.5416    22695.5003  8806280    0.14%
 334544 153446    22689.2714   213    22663.5416    22695.4296  8824040    0.14%
 335435 153649    22684.3949   133    22663.5416    22695.3630  8845010    0.14%
 336263 153843    22667.3616   234    22663.5416    22695.3119  8863796    0.14%
 337130 154081        cutoff          22663.5416    22695.2447  8883651    0.14%
 338033 154230        cutoff          22663.5416    22695.1706  8904715    0.14%
Elapsed time = 3119.31 sec. (1714616.78 ticks, tree = 365.81 MB, solutions = 1)
 338911 154445    22664.2741   191    22663.5416    22695.0989  8925851    0.14%
 339829 154679    22665.1014   113    22663.5416    22695.0353  8947200    0.14%
 340683 154875        cutoff          22663.5416    22694.9767  8968055    0.14%
 341563 155060    22690.4912   188    22663.5416    22694.9174  8989279    0.14%
 342454 155295    22691.5518   217    22663.5416    22694.8558  9011125    0.14%
 343320 155535    22664.0367   148    22663.5416    22694.8011  9030535    0.14%
 344171 155735        cutoff          22663.5416    22694.7342  9051213    0.14%
 345038 155953    22665.2736   225    22663.5416    22694.6707  9071414    0.14%
 345944 156160    22679.3567   118    22663.5416    22694.5969  9091744    0.14%
 346872 156324        cutoff          22663.5416    22694.5218  9113440    0.14%
Elapsed time = 3186.39 sec. (1752801.97 ticks, tree = 371.01 MB, solutions = 1)
 347684 156485    22667.1361   253    22663.5416    22694.4635  9132411    0.14%
 348539 156649        cutoff          22663.5416    22694.3956  9152853    0.14%
 349413 156847    22689.3545   129    22663.5416    22694.3353  9174094    0.14%
 350247 157050    22670.5203   233    22663.5416    22694.2786  9193612    0.14%
 351088 157238    22680.6780   194    22663.5416    22694.2271  9212317    0.14%
 351910 157402    22681.7945   195    22663.5416    22694.1603  9232319    0.14%
 352725 157563    22675.3096   221    22663.5416    22694.1044  9251895    0.13%
 353653 157755    22676.7934   213    22663.5416    22694.0341  9273729    0.13%
 354344 157880    22670.8437   213    22663.5416    22693.9702  9289291    0.13%
 354921 158013    22680.9914   186    22663.5416    22693.9304  9300934    0.13%
Elapsed time = 3252.75 sec. (1790981.38 ticks, tree = 376.34 MB, solutions = 1)
 355173 158080    22665.9894   177    22663.5416    22693.9154  9306409    0.13%
 355573 158166    22675.9776   200    22663.5416    22693.8864  9315643    0.13%
 355873 158217    22673.8898   193    22663.5416    22693.8627  9322265    0.13%
 356173 158304    22689.2095   133    22663.5416    22693.8478  9328306    0.13%
 356373 158350    22665.7077    95    22663.5416    22693.8347  9332569    0.13%
 356473 158395    22679.8269   166    22663.5416    22693.8321  9334218    0.13%
 356673 158431    22675.6623   229    22663.5416    22693.8205  9338863    0.13%
 356773 158451    22674.4831   135    22663.5416    22693.8168  9341661    0.13%
 356873 158463    22673.2435   205    22663.5416    22693.8098  9344031    0.13%
 357073 158503    22673.7804   186    22663.5416    22693.7948  9348961    0.13%
Elapsed time = 3358.11 sec. (1850496.30 ticks, tree = 377.56 MB, solutions = 1)
 357473 158559    22669.6391   165    22663.5416    22693.7623  9358702    0.13%
 357573 158586    22668.2341   129    22663.5416    22693.7550  9361115    0.13%
 357673 158614    22667.7050   150    22663.5416    22693.7483  9363154    0.13%
 357873 158657    22669.9858   134    22663.5416    22693.7358  9368096    0.13%
 357973 158679    22668.8934   203    22663.5416    22693.7283  9370297    0.13%
 358524 158758    22692.8482   222    22663.5416    22693.6915  9383505    0.13%
 358973 158819    22666.6755   207    22663.5416    22693.6565  9395522    0.13%
 359543 158922    22666.5256   142    22663.5416    22693.6088  9409787    0.13%
 360173 159025    22680.2511   226    22663.5416    22693.5621  9423886    0.13%
 360843 159152        cutoff          22663.5416    22693.5148  9439318    0.13%
Elapsed time = 3448.53 sec. (1901698.58 ticks, tree = 379.21 MB, solutions = 1)
 361373 159252    22676.5569   150    22663.5416    22693.4766  9452077    0.13%
 361613 159321        cutoff          22663.5416    22693.4614  9457633    0.13%
 362385 159513    22677.5468   145    22663.5416    22693.4058  9474598    0.13%
 362973 159640    22684.1550   195    22663.5416    22693.3730  9487820    0.13%
 363455 159747    22681.7653   200    22663.5416    22693.3427  9498539    0.13%
 364064 159816    22675.8111   210    22663.5416    22693.2973  9513131    0.13%
 364673 159927    22676.0787   174    22663.5416    22693.2560  9527631    0.13%
 365448 160063    22673.4157   218    22663.5416    22693.2029  9545589    0.13%
 366073 160151    22679.5122   227    22663.5416    22693.1428  9559970    0.13%
 366873 160301    22673.2002    99    22663.5416    22693.0923  9579282    0.13%
Elapsed time = 3519.17 sec. (1941640.12 ticks, tree = 382.05 MB, solutions = 1)
 367621 160436    22675.2977   227    22663.5416    22693.0390  9596182    0.13%
 368105 160501    22670.8726   239    22663.5416    22693.0022  9610073    0.13%
 368873 160651    22664.4744   193    22663.5416    22692.9463  9626980    0.13%
 369441 160765        cutoff          22663.5416    22692.9117  9639250    0.13%
 370033 160890    22671.4034   139    22663.5416    22692.8696  9652639    0.13%
 370614 161002    22673.4728   222    22663.5416    22692.8264  9666165    0.13%
 371210 161112    22671.1772   218    22663.5416    22692.7874  9679820    0.13%
 371673 161193    22686.7488   216    22663.5416    22692.7611  9690248    0.13%
 372373 161279    22666.3820   203    22663.5416    22692.7060  9707958    0.13%
 372973 161389    22689.3849   145    22663.5416    22692.6654  9721773    0.13%
Elapsed time = 3594.05 sec. (1981787.09 ticks, tree = 384.59 MB, solutions = 1)

Flow cuts applied:  102
Mixed integer rounding cuts applied:  326
Lift and project cuts applied:  80
Gomory fractional cuts applied:  44

Root node processing (before b&c):
  Real time             =    2.93 sec. (1567.97 ticks)
Sequential b&c:
  Real time             = 3597.07 sec. (1983838.68 ticks)
                          ------------
Total (root+branch&cut) = 3600.00 sec. (1985406.65 ticks)
