1 of 1 MIP starts provided solutions.
MIP start 'm1' defined initial solution with objective 16917.4941.
Tried aggregator 14 times.
MIP Presolve eliminated 1381 rows and 1 columns.
Aggregator did 6240 substitutions.
Reduced MIP has 9202 rows, 7821 columns, and 40202 nonzeros.
Reduced MIP has 1381 binaries, 0 generals, 0 SOSs, and 0 indicators.
Presolve time = 0.26 sec. (125.86 ticks)
Probing time = 0.02 sec. (5.40 ticks)
Tried aggregator 1 time.
Reduced MIP has 9202 rows, 7821 columns, and 40202 nonzeros.
Reduced MIP has 1381 binaries, 0 generals, 0 SOSs, and 0 indicators.
Presolve time = 0.05 sec. (19.63 ticks)
Probing time = 0.01 sec. (5.21 ticks)
Clique table members: 2823.
MIP emphasis: balance optimality and feasibility.
MIP search method: dynamic search.
Parallel mode: none, using 1 thread.
Root relaxation solution time = 0.20 sec. (110.73 ticks)

        Nodes                                         Cuts/
   Node  Left     Objective  IInf  Best Integer    Best Bound    ItCnt     Gap

*     0+    0                        16917.4941    72037.9392     5957  325.82%
      0     0    17755.5165   197    16917.4941    17755.5165     5957    4.95%
      0     0    17350.5948   224    16917.4941     Cuts: 446     7059    2.56%
      0     0    17235.7909   220    16917.4941     Cuts: 287     7830    1.88%
      0     0    17210.6925   217    16917.4941     Cuts: 146     8202    1.73%
      0     0    17197.6175   215    16917.4941      Cuts: 81     8431    1.66%
      0     0    17193.1891   225    16917.4941      Cuts: 53     8538    1.63%
      0     0    17190.0440   224    16917.4941      Cuts: 38     8618    1.61%
      0     0    17189.6342   209    16917.4941      Cuts: 16     8670    1.61%
      0     0    17189.6264   207    16917.4941       Cuts: 3     8688    1.61%
      0     0    17189.5889   209    16917.4941       Cuts: 4     8705    1.61%
      0     2    17189.5889   209    16917.4941    17189.5196     8705    1.61%
Elapsed time = 3.50 sec. (1824.34 ticks, tree = 0.00 MB, solutions = 1)
     16    18    17140.2624   166    16917.4941    17188.1889     9979    1.60%
     30    32    17080.2607   131    16917.4941    17188.1889    10525    1.60%
     50    52    17026.0977   111    16917.4941    17188.1889    11912    1.60%
     88    83    16930.4455    57    16917.4941    17188.1889    13022    1.60%
    102    93    17162.3548   180    16917.4941    17187.5457    14020    1.60%
    139   130    17005.1198   128    16917.4941    17187.5457    16263    1.60%
    173   155    17133.6021   177    16917.4941    17185.8490    17799    1.59%
    209   191    16986.6168    91    16917.4941    17185.8490    18696    1.59%
    245   223    17119.8007   170    16917.4941    17185.2105    20000    1.58%
    445   406    17103.1564   170    16917.4941    17179.1801    26805    1.55%
Elapsed time = 8.40 sec. (4979.61 ticks, tree = 1.80 MB, solutions = 1)
    462   423    17103.2313   242    16917.4941    17102.2324    37670    1.09%
    464   425    17096.0331   225    16917.4941    17096.0209    38112    1.06%
    467   427    17018.9453   194    16917.4941    17093.0778    39313    1.04%
    471   427    16967.0718   188    16917.4941    17093.0778    40337    1.04%
    506   414    16938.0477   114    16917.4941    17093.0778    42613    1.04%
    546   415    17040.9259   163    16917.4941    17092.4596    45667    1.03%
    623   431    17047.2158   220    16917.4941    17090.6972    49782    1.02%
    717   471    17051.5513   180    16917.4941    17090.5330    53303    1.02%
    804   505    16978.7648   139    16917.4941    17088.6953    58263    1.01%
    918   562    16922.5487    47    16917.4941    17086.8617    63411    1.00%
Elapsed time = 42.51 sec. (23195.66 ticks, tree = 2.05 MB, solutions = 1)
    987   583    16989.4435   172    16917.4941    17083.8768    67918    0.98%
   1052   598    16926.5660   173    16917.4941    17083.0559    73564    0.98%
   1145   638    17020.7105   201    16917.4941    17082.7906    78561    0.98%
   1222   671    16991.1404   139    16917.4941    17082.1433    82633    0.97%
   1302   716    17022.9721   149    16917.4941    17078.9156    87756    0.95%
   1432   836    17068.1688   212    16917.4941    17078.2395    92944    0.95%
   1564   953    16982.4670   172    16917.4941    17077.4600    99128    0.95%
   1685  1054    17039.1520   175    16917.4941    17076.7322   106035    0.94%
   1854  1203    16973.3431   126    16917.4941    17074.4137   114009    0.93%
   1978  1310    17021.8400   150    16917.4941    17072.9641   119932    0.92%
Elapsed time = 60.21 sec. (33097.83 ticks, tree = 4.42 MB, solutions = 1)
   2076  1400    16981.5714   135    16917.4941    17072.5555   123730    0.92%
   2193  1503    17018.8616   188    16917.4941    17070.8790   129297    0.91%
   2293  1586    16988.8177   131    16917.4941    17070.4108   135668    0.90%
   2366  1645    16930.8212   127    16917.4941    17069.2951   141299    0.90%
   2456  1721    16982.8656   152    16917.4941    17069.1880   147227    0.90%
   2554  1808    16920.2585    72    16917.4941    17068.3711   153396    0.89%
   2677  1912    16983.2342   187    16917.4941    17068.1538   160696    0.89%
   2762  1981    16989.5783   178    16917.4941    17067.7326   168274    0.89%
   2854  2056    16973.2212   177    16917.4941    17067.1035   175481    0.88%
   2944  2131    16975.1766   180    16917.4941    17066.1093   182601    0.88%
Elapsed time = 77.18 sec. (42843.10 ticks, tree = 7.22 MB, solutions = 1)
   3040  2212    16971.2274   123    16917.4941    17065.8586   189253    0.88%
   3105  2266    16978.7934   132    16917.4941    17065.3218   193985    0.87%
   3215  2359    16960.3339   145    16917.4941    17064.5225   200284    0.87%
   3292  2416    16951.4610   172    16917.4941    17063.7402   205837    0.86%
   3381  2481    17045.5548   200    16917.4941    17063.0059   211787    0.86%
   3488  2571    16971.9982   176    16917.4941    17060.9357   218526    0.85%
   3592  2660    16921.9144    56    16917.4941    17060.2259   224561    0.84%
   3676  2728    16953.5027   102    16917.4941    17059.1296   229573    0.84%
   3858  2880    16965.6113    90    16917.4941    17058.3594   236634    0.83%
   3994  2997    17033.9807   174    16917.4941    17057.6160   243747    0.83%
Elapsed time = 93.99 sec. (52515.53 ticks, tree = 10.11 MB, solutions = 1)
   4110  3086    16991.8675   198    16917.4941    17054.6249   251738    0.81%
   4241  3195    16997.6385   166    16917.4941    17053.8089   259450    0.81%
   4355  3289    16978.0196   142    16917.4941    17053.1845   266705    0.80%
   4465  3372    16954.4095   177    16917.4941    17051.8012   274505    0.79%
   4563  3442    17036.8542   162    16917.4941    17051.2918   280725    0.79%
   4682  3541    16982.9064   133    16917.4941    17051.0739   287671    0.79%
   4775  3607    16918.1775   196    16917.4941    17050.5081   294418    0.79%
   4879  3689    17032.8643   191    16917.4941    17050.2403   300684    0.78%
   4967  3764    16979.0997   185    16917.4941    17049.8911   307035    0.78%
   5061  3838    16984.7916   135    16917.4941    17049.8141   313154    0.78%
Elapsed time = 110.88 sec. (62142.98 ticks, tree = 12.92 MB, solutions = 1)
   5176  3927    16938.7332   148    16917.4941    17048.8400   319517    0.78%
   5286  4013    16953.8685   107    16917.4941    17047.6937   325904    0.77%
   5396  4100    16955.0414   193    16917.4941    17047.3702   333485    0.77%
   5554  4224    16938.4109   104    16917.4941    17046.5203   341977    0.76%
   5632  4284    17006.8420   164    16917.4941    17046.1027   347257    0.76%
   5717  4349        cutoff          16917.4941    17045.7465   353708    0.76%
   5806  4421    16935.2880   177    16917.4941    17045.5820   359694    0.76%
   5924  4519    16954.3760   188    16917.4941    17045.1450   367283    0.75%
   6057  4622    16932.1259   185    16917.4941    17044.7244   375365    0.75%
   6163  4704    17023.4914   169    16917.4941    17044.2311   382602    0.75%
Elapsed time = 127.85 sec. (71746.59 ticks, tree = 15.91 MB, solutions = 1)
   6305  4819    16984.0801   174    16917.4941    17043.6342   391920    0.75%
   6417  4912    17020.4235   184    16917.4941    17043.3724   399251    0.74%
   6543  5017    16962.6415   177    16917.4941    17043.0914   407188    0.74%
   6680  5134    16992.3811   145    16917.4941    17042.6264   413998    0.74%
   6802  5233    16990.2911   149    16917.4941    17042.5166   420993    0.74%
   6882  5295    16984.4549   172    16917.4941    17042.1773   426755    0.74%
   7008  5396    16930.4193   159    16917.4941    17041.8240   434262    0.73%
   7109  5475    16967.8870   132    16917.4941    17041.4435   441682    0.73%
   7225  5563    17006.1687   160    16917.4941    17041.0444   448819    0.73%
   7360  5680    17011.7500   145    16917.4941    17040.8282   454714    0.73%
Elapsed time = 145.98 sec. (81687.87 ticks, tree = 19.73 MB, solutions = 1)
   7450  5750    17024.0000   156    16917.4941    17040.5942   460784    0.73%
   7574  5851    16963.7312    98    16917.4941    17040.4156   467365    0.73%
   7693  5949    16946.1946   150    16917.4941    17040.2233   473464    0.73%
   7865  6091    16976.7845   182    16917.4941    17039.8673   481991    0.72%
   7993  6197    16946.5307   146    16917.4941    17039.5095   489728    0.72%
   8127  6302    17012.6940   147    16917.4941    17039.1125   498152    0.72%
   8262  6406    16978.9840   131    16917.4941    17038.5972   505894    0.72%
   8372  6489    16962.1732   159    16917.4941    17038.1727   514073    0.71%
   8501  6587    16951.5232   140    16917.4941    17037.9679   522377    0.71%
   8622  6673    16948.8440   152    16917.4941    17037.6516   530628    0.71%
Elapsed time = 162.76 sec. (91261.67 ticks, tree = 23.27 MB, solutions = 1)
   8732  6755    16948.1435   110    16917.4941    17037.3974   538892    0.71%
   8839  6828    16995.8400   184    16917.4941    17037.1958   546194    0.71%
   8968  6937    16951.2266   138    16917.4941    17036.9310   554053    0.71%
   9074  7003        cutoff          16917.4941    17036.7938   561819    0.71%
   9184  7084    16923.6303   185    16917.4941    17036.6398   569531    0.70%
   9319  7188    16940.8479   123    16917.4941    17036.4311   577176    0.70%
   9439  7271    17028.5560   168    16917.4941    17036.1349   586736    0.70%
   9566  7373    16919.0368    97    16917.4941    17036.0302   593550    0.70%
   9645  7432    16969.7869   162    16917.4941    17035.9649   598778    0.70%
   9702  7482    16934.8716   110    16917.4941    17035.9583   601700    0.70%
Elapsed time = 190.87 sec. (106664.94 ticks, tree = 26.19 MB, solutions = 1)
  10167  7852    17006.5715   181    16917.4941    17035.2607   631246    0.70%
  10710  8248    17000.7470   148    16917.4941    17034.2916   662785    0.69%
  11229  8651        cutoff          16917.4941    17033.3807   694065    0.69%
  11661  8965    17002.8372   159    16917.4941    17032.2232   723544    0.68%
  12153  9334    16931.5303   158    16917.4941    17031.6052   754453    0.67%
  12592  9684    16954.2248   139    16917.4941    17031.1332   783053    0.67%
  13060 10037    16966.2882   179    16917.4941    17030.3399   811963    0.67%
  13519 10367        cutoff          16917.4941    17029.7685   841533    0.66%
  14085 10822    16930.1116   165    16917.4941    17029.2151   874836    0.66%
  14620 11257    16925.7267   175    16917.4941    17028.1854   907474    0.65%
Elapsed time = 259.81 sec. (145031.78 ticks, tree = 40.16 MB, solutions = 1)
  15055 11579    16962.8141   144    16917.4941    17027.8315   938651    0.65%
  15481 11884    16950.0688   128    16917.4941    17027.2459   968866    0.65%
  15985 12249    16932.0794   101    16917.4941    17026.1858   998994    0.64%
  16491 12626    16982.8246   183    16917.4941    17025.6419  1028814    0.64%
  16949 12936    16975.2010   141    16917.4941    17024.8386  1063326    0.63%
  17474 13304    16931.0610   137    16917.4941    17023.9709  1098743    0.63%
  18108 13789    16978.5868   134    16917.4941    17023.2787  1133787    0.63%
  18637 14184        cutoff          16917.4941    17022.8411  1165736    0.62%
  19083 14517    17001.4841   145    16917.4941    17022.4612  1192253    0.62%
  19537 14839    16938.0283   191    16917.4941    17021.8955  1222218    0.62%
Elapsed time = 327.74 sec. (183669.48 ticks, tree = 52.82 MB, solutions = 1)
  20059 15204    16955.7970   143    16917.4941    17021.2499  1255517    0.61%
  20544 15539    16957.9643   178    16917.4941    17020.5435  1285803    0.61%
  21025 15898    16972.7509   163    16917.4941    17020.0607  1317121    0.61%
  21502 16236    16989.2406   132    16917.4941    17019.4349  1353181    0.60%
  22064 16650    17001.2803   173    16917.4941    17019.0862  1387373    0.60%
  22613 17070        cutoff          16917.4941    17018.6068  1422050    0.60%
  23055 17370        cutoff          16917.4941    17018.1424  1456401    0.59%
  23492 17671    16977.1586   162    16917.4941    17017.5368  1487812    0.59%
  23972 18048    16924.3755    80    16917.4941    17017.2236  1518364    0.59%
  24424 18372    16919.8643   159    16917.4941    17016.8223  1550048    0.59%
Elapsed time = 395.17 sec. (221968.55 ticks, tree = 65.33 MB, solutions = 1)
  24961 18754    16976.0466   163    16917.4941    17016.3383  1583472    0.58%
  25482 19124    16959.1942   114    16917.4941    17015.8039  1620126    0.58%
  26066 19541    16928.2854   128    16917.4941    17015.2628  1655250    0.58%
  26658 19977    16927.7644    52    16917.4941    17014.8095  1690856    0.58%
  27195 20376    16947.9032   131    16917.4941    17014.3356  1725864    0.57%
  27730 20743    16992.1865   167    16917.4941    17013.8176  1758035    0.57%
  28295 21141        cutoff          16917.4941    17013.2444  1790637    0.57%
  28852 21543    16922.2781   201    16917.4941    17012.7760  1822232    0.56%
  29381 21899    16986.1287   139    16917.4941    17012.3077  1856266    0.56%
  30007 22356    16974.5728   171    16917.4941    17011.8752  1892793    0.56%
Elapsed time = 462.33 sec. (260218.68 ticks, tree = 78.68 MB, solutions = 1)
  30620 22803    16932.2619    96    16917.4941    17011.4972  1927437    0.56%
  31197 23202    16996.6437   182    16917.4941    17010.9912  1961731    0.55%
  31777 23625    16962.3855   188    16917.4941    17010.5585  1996798    0.55%
  32305 23984    16966.9737   160    16917.4941    17010.1655  2030695    0.55%
  32890 24415    16922.6971   167    16917.4941    17009.8193  2062954    0.55%
  33413 24735    16991.3345   178    16917.4941    17009.3147  2094971    0.54%
  33974 25093        cutoff          16917.4941    17008.9536  2128103    0.54%
  34449 25413    16953.4926   184    16917.4941    17008.6338  2159177    0.54%
  34932 25730    16986.2543   144    16917.4941    17008.2608  2194976    0.54%
  35537 26127    16986.4542   131    16917.4941    17007.8780  2230489    0.53%
Elapsed time = 530.12 sec. (298589.51 ticks, tree = 91.66 MB, solutions = 1)
  36121 26545    16918.0045    80    16917.4941    17007.6060  2267056    0.53%
  36787 27031    16933.4318   163    16917.4941    17007.2079  2302112    0.53%
  37428 27493    16966.8780   128    16917.4941    17006.7598  2337853    0.53%
  37863 27790    16986.4481   188    16917.4941    17006.3852  2369426    0.53%
  38451 28212    16969.8684   170    16917.4941    17006.1604  2403254    0.52%
  38989 28572    16921.4179    47    16917.4941    17005.8213  2435957    0.52%
  39538 28945    16966.9071   139    16917.4941    17005.4692  2468639    0.52%
  40095 29332    16982.4878   138    16917.4941    17005.1536  2501667    0.52%
  40770 29822    16983.1555   116    16917.4941    17004.8604  2536898    0.52%
  41407 30277    16946.6753   137    16917.4941    17004.4600  2570639    0.51%
Elapsed time = 598.14 sec. (336805.42 ticks, tree = 105.57 MB, solutions = 1)
  41961 30615    16984.8566   188    16917.4941    17004.0178  2608798    0.51%
  42591 31038    16957.3458   152    16917.4941    17003.7080  2646999    0.51%
  43180 31437    16937.8055   130    16917.4941    17003.4079  2683538    0.51%
  43792 31862        cutoff          16917.4941    17003.0406  2718917    0.51%
  44353 32242    16955.5384   175    16917.4941    17002.7143  2752580    0.50%
  44928 32620        cutoff          16917.4941    17002.3683  2783205    0.50%
  45529 33017    16958.3351   126    16917.4941    17002.0683  2818959    0.50%
  46088 33373    16919.5956    78    16917.4941    17001.6986  2850639    0.50%
  46685 33779    16923.9153   185    16917.4941    17001.4312  2885594    0.50%
  47268 34149    16973.3618   161    16917.4941    17000.9702  2921176    0.49%
Elapsed time = 663.82 sec. (375052.63 ticks, tree = 119.06 MB, solutions = 1)
  47872 34547    16975.4867   170    16917.4941    17000.6083  2957770    0.49%
  48526 34960    16969.9402   143    16917.4941    17000.2396  2994717    0.49%
  49060 35290    16968.3526   107    16917.4941    16999.9392  3029520    0.49%
  49633 35652        cutoff          16917.4941    16999.6275  3064312    0.49%
  50231 36081    16926.2615   157    16917.4941    16999.4635  3095944    0.48%
  50711 36373    16971.9013   148    16917.4941    16999.0529  3128259    0.48%
  51258 36750        cutoff          16917.4941    16998.7970  3158622    0.48%
  51816 37154    16929.7954   105    16917.4941    16998.4987  3191217    0.48%
  52382 37514    16917.5091   149    16917.4941    16998.2868  3223287    0.48%
  52965 37893    16938.8048   123    16917.4941    16998.0460  3257441    0.48%
Elapsed time = 729.59 sec. (413312.83 ticks, tree = 131.39 MB, solutions = 1)
  53617 38319    16991.4694   189    16917.4941    16997.7501  3292953    0.47%
  54268 38764    16974.1263   158    16917.4941    16997.4825  3329217    0.47%
  54871 39136    16961.1823   122    16917.4941    16997.1506  3364400    0.47%
  55435 39477    16920.5638   142    16917.4941    16996.8578  3402164    0.47%
  56051 39850    16956.0313   190    16917.4941    16996.5155  3440861    0.47%
  56567 40160        cutoff          16917.4941    16996.3052  3477842    0.47%
  57102 40465    16968.9377   130    16917.4941    16996.0290  3511329    0.46%
  57669 40807        cutoff          16917.4941    16995.7816  3544706    0.46%
  58289 41222    16918.0558    24    16917.4941    16995.5302  3577201    0.46%
  58842 41577    16957.5150   143    16917.4941    16995.2799  3607327    0.46%
Elapsed time = 794.86 sec. (451550.68 ticks, tree = 144.42 MB, solutions = 1)
  59434 41935    16944.5899   132    16917.4941    16995.0279  3639363    0.46%
  60066 42340        cutoff          16917.4941    16994.7410  3671848    0.46%
  60654 42700    16934.0310   140    16917.4941    16994.3966  3707152    0.45%
  61251 43064    16934.5650    98    16917.4941    16994.1461  3744328    0.45%
  61898 43464    16943.0348   163    16917.4941    16993.8931  3779150    0.45%
  62536 43893    16929.4766   136    16917.4941    16993.6209  3815420    0.45%
  63098 44213        cutoff          16917.4941    16993.3705  3852455    0.45%
  63678 44560    16928.8810   132    16917.4941    16993.1484  3889735    0.45%
  64298 44956    16927.7426   124    16917.4941    16992.9079  3923503    0.45%
  64888 45343    16939.8177    97    16917.4941    16992.6855  3957515    0.44%
Elapsed time = 861.29 sec. (489729.83 ticks, tree = 157.72 MB, solutions = 1)
  65467 45669    16930.4527   152    16917.4941    16992.4372  3993408    0.44%
  66057 46020    16954.5009   141    16917.4941    16992.2072  4026688    0.44%
  66607 46356        cutoff          16917.4941    16992.0262  4060450    0.44%
  67238 46741    16942.0345   150    16917.4941    16991.7332  4097122    0.44%
  67798 47050    16921.7738   156    16917.4941    16991.4443  4130848    0.44%
  68397 47386    16958.8412   141    16917.4941    16991.2190  4166497    0.44%
  69035 47794    16931.1758   137    16917.4941    16990.9127  4203704    0.43%
  69654 48178    16965.4462   196    16917.4941    16990.6870  4238453    0.43%
  70241 48537        cutoff          16917.4941    16990.4779  4273414    0.43%
  70881 48918    16922.8445   122    16917.4941    16990.2113  4310211    0.43%
Elapsed time = 926.50 sec. (527935.18 ticks, tree = 170.05 MB, solutions = 1)
  71548 49338    16944.2422   126    16917.4941    16990.0334  4344704    0.43%
  72201 49742    16943.4427   152    16917.4941    16989.8221  4378863    0.43%
  72790 50089    16950.6701   159    16917.4941    16989.6426  4411121    0.43%
  73309 50378    16931.5414   137    16917.4941    16989.4350  4445194    0.43%
  73914 50733    16927.4467   139    16917.4941    16989.1897  4479023    0.42%
  74471 51080    16956.9841   166    16917.4941    16988.9955  4509886    0.42%
  75073 51424    16941.1638   190    16917.4941    16988.7636  4547239    0.42%
  75687 51793    16980.1059   141    16917.4941    16988.5710  4583018    0.42%
  76311 52154    16919.9648    92    16917.4941    16988.3956  4618200    0.42%
  76930 52504    16957.8939   167    16917.4941    16988.2118  4651800    0.42%
Elapsed time = 991.45 sec. (566280.39 ticks, tree = 182.08 MB, solutions = 1)
  77598 52928    16944.2680   137    16917.4941    16988.0009  4687320    0.42%
  78209 53251    16961.9537   193    16917.4941    16987.8142  4722197    0.42%
  78838 53638    16943.1848   145    16917.4941    16987.6100  4759752    0.41%
  79502 54037    16951.9596   145    16917.4941    16987.3880  4796163    0.41%
  80116 54378    16937.1694   154    16917.4941    16987.2304  4830890    0.41%
  80701 54705    16963.8910   142    16917.4941    16986.9448  4863908    0.41%
  81354 55107    16946.2689   168    16917.4941    16986.7533  4898859    0.41%
  81974 55452    16934.4087   112    16917.4941    16986.4769  4933431    0.41%
  82547 55790    16926.1676   111    16917.4941    16986.2864  4968638    0.41%
  83202 56204    16919.9084   171    16917.4941    16986.1472  5001025    0.41%
Elapsed time = 1058.03 sec. (604490.63 ticks, tree = 194.51 MB, solutions = 1)
  83796 56546    16952.2622   146    16917.4941    16986.0085  5036018    0.40%
  84467 56942    16922.7383    80    16917.4941    16985.8068  5072637    0.40%
  85160 57371    16948.6119   154    16917.4941    16985.6130  5108328    0.40%
  85796 57732    16927.3816    58    16917.4941    16985.4575  5145123    0.40%
  86408 58094    16939.7999   141    16917.4941    16985.2372  5181158    0.40%
  87037 58456    16977.9276   172    16917.4941    16985.0184  5215656    0.40%
  87662 58804    16937.2988   168    16917.4941    16984.7708  5249692    0.40%
  88364 59222    16946.2801   138    16917.4941    16984.5652  5284618    0.40%
  89003 59597    16967.1781   150    16917.4941    16984.3708  5318634    0.40%
  89647 59977    16929.0921   126    16917.4941    16984.1793  5350993    0.39%
Elapsed time = 1123.22 sec. (642684.31 ticks, tree = 207.06 MB, solutions = 1)
  90307 60359    16953.6196   174    16917.4941    16983.9741  5384269    0.39%
  90912 60699    16973.4229   144    16917.4941    16983.7906  5418198    0.39%
  91540 61062    16936.0493   136    16917.4941    16983.6085  5451255    0.39%
  92105 61367    16943.6647   151    16917.4941    16983.4472  5485030    0.39%
  92711 61716    16971.8735   205    16917.4941    16983.2916  5520321    0.39%
  93313 62034    16954.9766   200    16917.4941    16983.1035  5557686    0.39%
  93973 62406    16918.2229   101    16917.4941    16982.9446  5592305    0.39%
  94646 62778    16945.7825   156    16917.4941    16982.7632  5629756    0.39%
  95327 63190    16943.1293   157    16917.4941    16982.6218  5663145    0.38%
  95990 63591    16974.5811   155    16917.4941    16982.4766  5700249    0.38%
Elapsed time = 1188.52 sec. (680965.36 ticks, tree = 219.19 MB, solutions = 1)
  96718 64027    16940.5662    93    16917.4941    16982.2759  5736288    0.38%
  97412 64415    16929.4437   125    16917.4941    16982.0937  5773275    0.38%
  98072 64811    16930.7523   150    16917.4941    16981.9731  5808956    0.38%
  98693 65133    16921.2613   140    16917.4941    16981.7697  5844468    0.38%
  99298 65475    16919.0581    85    16917.4941    16981.6145  5882436    0.38%
  99990 65887        cutoff          16917.4941    16981.4899  5917550    0.38%
 100590 66220    16970.6565   173    16917.4941    16981.3148  5952151    0.38%
 101239 66590        cutoff          16917.4941    16981.1674  5987159    0.38%
 101839 66967    16953.4047   110    16917.4941    16981.0469  6019607    0.38%
 102421 67305    16933.1703   148    16917.4941    16980.9265  6054429    0.37%
Elapsed time = 1255.34 sec. (719296.09 ticks, tree = 233.58 MB, solutions = 1)
 103088 67673    16947.4340   169    16917.4941    16980.7231  6090253    0.37%
 103732 68058    16966.0344   140    16917.4941    16980.5798  6125728    0.37%
 104379 68443    16954.3380   107    16917.4941    16980.4254  6163810    0.37%
 105024 68834    16935.5821   146    16917.4941    16980.2872  6200946    0.37%
 105702 69206    16956.6874   144    16917.4941    16980.1180  6237964    0.37%
 106410 69601    16926.1564    90    16917.4941    16979.9378  6273084    0.37%
 107100 69937    16967.0854   155    16917.4941    16979.7680  6309598    0.37%
 107765 70298    16967.6898   160    16917.4941    16979.6233  6347320    0.37%
 108442 70728    16958.8945   142    16917.4941    16979.5067  6384569    0.37%
 109031 71034    16939.3780   164    16917.4941    16979.3446  6418642    0.37%
Elapsed time = 1321.99 sec. (757486.88 ticks, tree = 246.09 MB, solutions = 1)
 109683 71416    16939.7907   172    16917.4941    16979.2144  6452782    0.36%
 110345 71841        cutoff          16917.4941    16979.1215  6485996    0.36%
 110924 72167    16919.3046   123    16917.4941    16978.9857  6519043    0.36%
 111625 72604    16922.3301   140    16917.4941    16978.8584  6553508    0.36%
 112241 72912    16926.6665   155    16917.4941    16978.6762  6586875    0.36%
 112878 73222    16964.1303   190    16917.4941    16978.5235  6622533    0.36%
 113574 73635    16967.8032   144    16917.4941    16978.4164  6658065    0.36%
 114291 74099    16932.3027   172    16917.4941    16978.2947  6692339    0.36%
 114987 74507    16929.1985   134    16917.4941    16978.1583  6727942    0.36%
 115651 74880    16962.3997   125    16917.4941    16977.9993  6765545    0.36%
Elapsed time = 1386.19 sec. (795750.15 ticks, tree = 258.90 MB, solutions = 1)
 116362 75313    16941.7747   163    16917.4941    16977.8683  6801109    0.36%
 117086 75730    16969.7670   120    16917.4941    16977.7215  6836681    0.36%
 117736 76094    16963.2851   189    16917.4941    16977.5992  6873289    0.36%
 118462 76521    16959.7236   150    16917.4941    16977.4626  6909572    0.35%
 119139 76914    16918.8199    74    16917.4941    16977.3127  6946637    0.35%
 119785 77272    16922.1916   115    16917.4941    16977.1907  6977242    0.35%
 120452 77664    16975.7989   162    16917.4941    16977.0812  7013841    0.35%
 121119 78036    16927.7754   131    16917.4941    16976.9422  7048816    0.35%
 121742 78380    16960.1254   145    16917.4941    16976.7730  7083118    0.35%
 122406 78752    16933.5311   138    16917.4941    16976.6362  7116145    0.35%
Elapsed time = 1451.30 sec. (834014.45 ticks, tree = 271.90 MB, solutions = 1)
 122992 79025        cutoff          16917.4941    16976.4860  7149945    0.35%
 123622 79356    16930.4492   109    16917.4941    16976.3458  7186436    0.35%
 124373 79792    16933.8082   137    16917.4941    16976.2003  7219120    0.35%
 125082 80182    16932.7454    98    16917.4941    16976.0628  7254280    0.35%
 125814 80599    16929.5675   106    16917.4941    16975.9417  7288203    0.35%
 126469 80953    16928.4585   132    16917.4941    16975.8488  7324875    0.34%
 127170 81337    16940.6046   116    16917.4941    16975.7370  7360187    0.34%
 127865 81728    16949.7887   134    16917.4941    16975.5873  7396831    0.34%
 128569 82139    16959.1882   159    16917.4941    16975.4815  7432677    0.34%
 129272 82512    16963.4821   168    16917.4941    16975.3599  7470037    0.34%
Elapsed time = 1515.12 sec. (872248.38 ticks, tree = 284.53 MB, solutions = 1)
 130011 82885    16919.8836   141    16917.4941    16975.2016  7505377    0.34%
 130676 83222    16942.1106   136    16917.4941    16975.0682  7540060    0.34%
 131350 83584    16947.6152    98    16917.4941    16974.9383  7575977    0.34%
 132017 83935    16956.4284   141    16917.4941    16974.8030  7612058    0.34%
 132682 84281    16918.2708    79    16917.4941    16974.6790  7645513    0.34%
 133329 84635    16952.8041   166    16917.4941    16974.5726  7679453    0.34%
 133995 85000    16918.9138   120    16917.4941    16974.4291  7712974    0.34%
 134643 85335    16940.4157   163    16917.4941    16974.3265  7746780    0.34%
 135324 85691    16947.0506   155    16917.4941    16974.2054  7782570    0.34%
 135987 86006    16942.6156   164    16917.4941    16974.0603  7818522    0.33%
Elapsed time = 1578.44 sec. (910444.31 ticks, tree = 296.49 MB, solutions = 1)
 136661 86366    16943.6055   146    16917.4941    16973.9353  7853531    0.33%
 137409 86803        cutoff          16917.4941    16973.8288  7886721    0.33%
 138154 87224    16936.6986   143    16917.4941    16973.7017  7922167    0.33%
 138841 87612        cutoff          16917.4941    16973.6158  7957259    0.33%
 139501 87967    16943.1430   117    16917.4941    16973.4854  7993284    0.33%
 140157 88323    16921.7987   118    16917.4941    16973.3808  8027809    0.33%
 140894 88734    16919.8174    82    16917.4941    16973.2302  8062956    0.33%
 141541 89058    16933.5929   155    16917.4941    16973.1149  8099911    0.33%
 142173 89359    16955.2156   173    16917.4941    16972.9975  8137372    0.33%
 142749 89685    16963.6522   125    16917.4941    16972.9147  8166133    0.33%
Elapsed time = 1645.27 sec. (948624.67 ticks, tree = 308.95 MB, solutions = 1)
 143415 90038        cutoff          16917.4941    16972.7849  8199989    0.33%
 144036 90368    16931.0151   109    16917.4941    16972.6919  8235448    0.33%
 144680 90698    16946.8893   166    16917.4941    16972.5768  8269397    0.33%
 145329 91034    16917.5229   183    16917.4941    16972.4805  8301314    0.33%
 146017 91411    16919.1743   129    16917.4941    16972.3688  8335312    0.32%
 146649 91721    16932.0499   150    16917.4941    16972.2786  8367536    0.32%
 147315 92061    16944.7551   155    16917.4941    16972.1565  8401056    0.32%
 147985 92394    16925.6985   124    16917.4941    16972.0439  8437107    0.32%
 148524 92680    16933.6830   103    16917.4941    16971.9532  8466899    0.32%
 149207 93051    16956.8681   120    16917.4941    16971.8322  8503114    0.32%
Elapsed time = 1711.53 sec. (986817.14 ticks, tree = 320.14 MB, solutions = 1)
 149908 93454    16940.7977    80    16917.4941    16971.7620  8535093    0.32%
 150587 93833    16928.7239   147    16917.4941    16971.6528  8567241    0.32%
 151284 94250    16936.3745   130    16917.4941    16971.5263  8600082    0.32%
 151920 94584    16930.3853   158    16917.4941    16971.4227  8634565    0.32%
 152578 94902    16955.9213   169    16917.4941    16971.3026  8667571    0.32%
 153262 95273    16927.5378   156    16917.4941    16971.1895  8703140    0.32%
 153937 95570        cutoff          16917.4941    16971.0623  8739278    0.32%
 154580 95871    16964.7561   116    16917.4941    16970.9651  8773212    0.32%
 155261 96226    16936.3767   137    16917.4941    16970.8710  8805983    0.32%
 155923 96546    16934.0517   141    16917.4941    16970.7819  8840841    0.31%
Elapsed time = 1776.18 sec. (1025076.71 ticks, tree = 331.78 MB, solutions = 1)
 156546 96829    16935.4640   108    16917.4941    16970.6760  8875086    0.31%
 157277 97243    16924.6095   128    16917.4941    16970.5481  8910211    0.31%
 157973 97628    16920.7654    72    16917.4941    16970.4423  8943929    0.31%
 158638 97972    16947.2336   136    16917.4941    16970.3483  8975567    0.31%
 159302 98297    16959.3722   120    16917.4941    16970.2163  9010734    0.31%
 159972 98655    16919.1942   181    16917.4941    16970.1222  9045030    0.31%
 160672 99026    16944.3322   171    16917.4941    16970.0382  9078533    0.31%
 161361 99377    16932.1019   135    16917.4941    16969.9375  9115226    0.31%
 162066 99731    16928.3849   167    16917.4941    16969.8217  9150615    0.31%
 162780 100085    16926.7917   123    16917.4941    16969.6927  9185979    0.31%
Elapsed time = 1841.72 sec. (1063292.62 ticks, tree = 344.14 MB, solutions = 1)
 163457 100437    16932.7980   165    16917.4941    16969.5867  9221303    0.31%
 164174 100802    16922.1148   144    16917.4941    16969.4618  9257131    0.31%
 164869 101162    16926.6435   133    16917.4941    16969.3870  9292660    0.31%
 165594 101521    16923.8592   123    16917.4941    16969.2763  9329773    0.31%
 166275 101877    16923.2024   178    16917.4941    16969.1873  9365305    0.31%
 166935 102198    16920.3034   101    16917.4941    16969.0731  9397394    0.30%
 167592 102492    16927.8840   140    16917.4941    16968.9686  9432136    0.30%
 168283 102862    16938.6865   156    16917.4941    16968.8815  9464869    0.30%
 168963 103233    16919.5544   147    16917.4941    16968.8129  9497687    0.30%
 169629 103530    16940.8760   167    16917.4941    16968.6970  9532932    0.30%
Elapsed time = 1907.09 sec. (1101477.34 ticks, tree = 356.07 MB, solutions = 1)
 170392 103959    16927.3194    85    16917.4941    16968.6121  9566206    0.30%
 171065 104276    16933.5602   133    16917.4941    16968.5012  9599742    0.30%
 171767 104633    16965.8757   129    16917.4941    16968.4170  9631359    0.30%
 172415 104916        cutoff          16917.4941    16968.3271  9665373    0.30%
 173125 105241    16942.6542   135    16917.4941    16968.2068  9698089    0.30%
 173813 105548    16934.1668   138    16917.4941    16968.1008  9734193    0.30%
 174545 105929    16942.1207   129    16917.4941    16968.0366  9768594    0.30%
 175297 106304    16923.1811   146    16917.4941    16967.9497  9804623    0.30%
 176002 106623    16940.6271   144    16917.4941    16967.8630  9839629    0.30%
 176682 106921    16933.0404   161    16917.4941    16967.7697  9873702    0.30%
Elapsed time = 1971.68 sec. (1139652.54 ticks, tree = 368.05 MB, solutions = 1)
 177377 107238    16933.0673   163    16917.4941    16967.6614  9907726    0.30%
 178065 107556    16941.1681   101    16917.4941    16967.5609  9943559    0.30%
 178744 107891    16940.3488   135    16917.4941    16967.4847  9980485    0.30%
 179434 108236    16919.4106   125    16917.4941    16967.4062 10016286    0.30%
 180086 108489    16946.7624   123    16917.4941    16967.2940 10052402    0.29%
 180757 108812    16940.5766    86    16917.4941    16967.1967 10086621    0.29%
 181435 109137    16930.9436   147    16917.4941    16967.1089 10120556    0.29%
 182093 109450    16962.9855   111    16917.4941    16967.0041 10156329    0.29%
 182790 109812    16923.0221   148    16917.4941    16966.9357 10191417    0.29%
 183463 110128    16932.3332   130    16917.4941    16966.8465 10226438    0.29%
Elapsed time = 2037.65 sec. (1177871.26 ticks, tree = 379.18 MB, solutions = 1)
 184097 110403    16926.9695   126    16917.4941    16966.7652 10260932    0.29%
 184764 110711        cutoff          16917.4941    16966.6683 10295491    0.29%
 185424 111021    16938.3100   105    16917.4941    16966.5944 10330221    0.29%
 186068 111364    16928.8749   138    16917.4941    16966.5279 10362901    0.29%
 186797 111730    16943.2055   131    16917.4941    16966.4363 10398535    0.29%
 187529 112095    16929.5864    91    16917.4941    16966.3424 10433952    0.29%
 188261 112451    16926.0723   153    16917.4941    16966.2680 10470767    0.29%
 188964 112792    16920.7946   150    16917.4941    16966.1977 10505409    0.29%
 189698 113122    16934.6129   170    16917.4941    16966.1131 10541688    0.29%
 190436 113496    16950.9874   145    16917.4941    16966.0557 10576906    0.29%
Elapsed time = 2102.54 sec. (1216054.70 ticks, tree = 391.64 MB, solutions = 1)
 191166 113858    16924.3815   139    16917.4941    16965.9665 10610846    0.29%
 191873 114218    16948.8155   138    16917.4941    16965.8699 10646706    0.29%
 192604 114573    16924.5489   119    16917.4941    16965.7849 10682714    0.29%
 193339 114943    16940.7493   146    16917.4941    16965.6932 10719623    0.28%
 194024 115232        cutoff          16917.4941    16965.5955 10755786    0.28%
 194726 115546    16937.6318   134    16917.4941    16965.4943 10790131    0.28%
 195372 115782    16940.3941   126    16917.4941    16965.4126 10823595    0.28%
 196108 116128    16956.5783   138    16917.4941    16965.3280 10859406    0.28%
 196808 116447    16931.1507   145    16917.4941    16965.2418 10893322    0.28%
 197506 116786    16930.5028   151    16917.4941    16965.1528 10925523    0.28%
Elapsed time = 2166.85 sec. (1254226.88 ticks, tree = 402.60 MB, solutions = 1)
 198221 117107        cutoff          16917.4941    16965.0581 10959719    0.28%
 198956 117468    16939.4095   113    16917.4941    16964.9872 10992018    0.28%
 199610 117749    16958.9878   157    16917.4941    16964.8960 11026054    0.28%
 200295 118104    16942.6312   101    16917.4941    16964.8283 11060560    0.28%
 201002 118440    16920.8675    85    16917.4941    16964.7560 11096189    0.28%
 201693 118749    16947.4190   137    16917.4941    16964.6866 11130288    0.28%
 202369 119087        cutoff          16917.4941    16964.6077 11160972    0.28%
 203082 119467    16929.0555    79    16917.4941    16964.5082 11194876    0.28%
 203751 119801    16938.6856   162    16917.4941    16964.4269 11225072    0.28%
 204444 120129        cutoff          16917.4941    16964.3502 11257103    0.28%
Elapsed time = 2233.64 sec. (1292473.93 ticks, tree = 413.86 MB, solutions = 1)
 205035 120339    16958.9699   126    16917.4941    16964.2678 11288759    0.28%
 205712 120623    16918.0356   114    16917.4941    16964.1806 11323630    0.28%
 206418 120945        cutoff          16917.4941    16964.1049 11358075    0.28%
 207171 121327    16940.0361    73    16917.4941    16964.0182 11391351    0.28%
 207899 121686    16929.2484   128    16917.4941    16963.9337 11425029    0.27%
 208617 122046    16955.4027   155    16917.4941    16963.8621 11460189    0.27%
 209285 122362    16937.2751   123    16917.4941    16963.7997 11493120    0.27%
 209947 122670    16960.4378   150    16917.4941    16963.7238 11528018    0.27%
 210613 122951    16921.5107   121    16917.4941    16963.6497 11563437    0.27%
 211276 123283        cutoff          16917.4941    16963.5841 11596796    0.27%
Elapsed time = 2298.65 sec. (1330663.70 ticks, tree = 424.37 MB, solutions = 1)
 212018 123666    16927.5951    95    16917.4941    16963.5038 11629688    0.27%
 212689 123971    16956.2598   117    16917.4941    16963.4289 11661589    0.27%
 213394 124314        cutoff          16917.4941    16963.3576 11692966    0.27%
 214104 124679    16943.5584   167    16917.4941    16963.3093 11725792    0.27%
 214736 124961    16954.1435   154    16917.4941    16963.2486 11760125    0.27%
 215464 125331    16945.3133   156    16917.4941    16963.1722 11793666    0.27%
 216223 125643    16950.9676   170    16917.4941    16963.0798 11828577    0.27%
 216948 125996    16929.8005   144    16917.4941    16962.9860 11863308    0.27%
 217648 126310    16919.7750    92    16917.4941    16962.9209 11899774    0.27%
 218408 126729    16944.6612   169    16917.4941    16962.8562 11933172    0.27%
Elapsed time = 2362.11 sec. (1368896.70 ticks, tree = 436.08 MB, solutions = 1)
 219126 127095    16954.2200   150    16917.4941    16962.7980 11966434    0.27%
 219832 127489    16946.9352   122    16917.4941    16962.7263 12000595    0.27%
 220490 127743    16951.5552   161    16917.4941    16962.6426 12037322    0.27%
 221238 128105    16946.8150   179    16917.4941    16962.5677 12072680    0.27%
 221969 128409    16940.9513   137    16917.4941    16962.4851 12107465    0.27%
 222703 128771    16957.5088   136    16917.4941    16962.4032 12141826    0.27%
 223422 129107    16930.7502    69    16917.4941    16962.3231 12175856    0.26%
 224119 129433    16954.8529   122    16917.4941    16962.2558 12212795    0.26%
 224819 129755    16950.8523   117    16917.4941    16962.1942 12248876    0.26%
 225516 130049    16925.0768   126    16917.4941    16962.1122 12281822    0.26%
Elapsed time = 2426.66 sec. (1407170.41 ticks, tree = 447.60 MB, solutions = 1)
 226274 130432    16920.5615   131    16917.4941    16962.0493 12315777    0.26%
 226919 130675    16929.7098   106    16917.4941    16961.9689 12350860    0.26%
 227609 130977    16941.2771   131    16917.4941    16961.8938 12384594    0.26%
 228342 131328    16951.8517   151    16917.4941    16961.8130 12418058    0.26%
 229059 131680    16921.5642   125    16917.4941    16961.7470 12449057    0.26%
 229703 131977    16948.6146   166    16917.4941    16961.6758 12478785    0.26%
 230273 132228        cutoff          16917.4941    16961.6188 12509547    0.26%
 231005 132602    16921.6411   122    16917.4941    16961.5665 12540465    0.26%
 231679 132893    16925.0805   114    16917.4941    16961.4937 12573760    0.26%
 232372 133223    16959.8390   177    16917.4941    16961.4267 12608131    0.26%
Elapsed time = 2490.88 sec. (1445415.49 ticks, tree = 459.75 MB, solutions = 1)
 233121 133619    16920.5625    46    16917.4941    16961.3680 12642630    0.26%
 233800 133929    16941.9542   109    16917.4941    16961.3050 12677149    0.26%
 234506 134243    16919.3487    94    16917.4941    16961.2449 12710943    0.26%
 235194 134556    16924.1159    90    16917.4941    16961.1903 12745717    0.26%
 235971 134924    16939.3449   115    16917.4941    16961.1253 12778882    0.26%
 236662 135236    16939.9427   162    16917.4941    16961.0455 12814149    0.26%
 237386 135542    16937.2971   124    16917.4941    16960.9874 12848425    0.26%
 238078 135836    16932.5577   125    16917.4941    16960.9161 12883324    0.26%
 238874 136227    16925.5684    82    16917.4941    16960.8531 12917486    0.26%
 239663 136607    16921.2939   130    16917.4941    16960.7842 12951439    0.26%
Elapsed time = 2556.47 sec. (1483597.54 ticks, tree = 471.15 MB, solutions = 1)
 240475 137032    16937.4159   146    16917.4941    16960.7188 12984358    0.26%
 241159 137327        cutoff          16917.4941    16960.6354 13018261    0.26%
 241807 137602    16934.7116   123    16917.4941    16960.5774 13052742    0.25%
 242509 137902    16928.1295   140    16917.4941    16960.5172 13086023    0.25%
 243164 138176    16941.9239   121    16917.4941    16960.4356 13121381    0.25%
 243922 138518    16951.3259   111    16917.4941    16960.3535 13155724    0.25%
 244657 138887    16933.3541    97    16917.4941    16960.2793 13189894    0.25%
 245401 139261    16927.3263   117    16917.4941    16960.2208 13221817    0.25%
 246050 139549    16930.6912   139    16917.4941    16960.1537 13252825    0.25%
 246709 139846    16945.3298   153    16917.4941    16960.1049 13283769    0.25%
Elapsed time = 2620.36 sec. (1521827.22 ticks, tree = 482.96 MB, solutions = 1)
 247347 140100        cutoff          16917.4941    16960.0523 13315827    0.25%
 248073 140433        cutoff          16917.4941    16959.9904 13347655    0.25%
 248784 140737    16942.7533   129    16917.4941    16959.9156 13380030    0.25%
 249496 141062    16934.0026    86    16917.4941    16959.8506 13415972    0.25%
 250179 141372    16919.6243   167    16917.4941    16959.7927 13449971    0.25%
 250874 141684    16947.1038   151    16917.4941    16959.7152 13482926    0.25%
 251613 142015    16938.0732   162    16917.4941    16959.6477 13517579    0.25%
 252378 142370    16954.6010   132    16917.4941    16959.5843 13552823    0.25%
 253110 142687    16931.4840   149    16917.4941    16959.5140 13588215    0.25%
 253831 142998    16922.6237   114    16917.4941    16959.4474 13624423    0.25%
Elapsed time = 2684.88 sec. (1560026.50 ticks, tree = 493.69 MB, solutions = 1)
 254534 143310    16959.1331   150    16917.4941    16959.3766 13655397    0.25%
 255281 143681    16926.0771   105    16917.4941    16959.3147 13687661    0.25%
 256012 144013    16955.4149   122    16917.4941    16959.2477 13722485    0.25%
 256717 144308    16949.0286   105    16917.4941    16959.1784 13757359    0.25%
 257429 144641    16949.5594   146    16917.4941    16959.1079 13789744    0.25%
 258124 144978    16945.8593   142    16917.4941    16959.0515 13823216    0.25%
 258832 145313    16921.0274   157    16917.4941    16958.9896 13854512    0.25%
 259514 145573    16925.3415   110    16917.4941    16958.9288 13888360    0.24%
 260229 145894    16923.9118    73    16917.4941    16958.8678 13921975    0.24%
 260940 146186    16943.2833    89    16917.4941    16958.7934 13953538    0.24%
Elapsed time = 2749.32 sec. (1598204.34 ticks, tree = 504.42 MB, solutions = 1)
 261635 146509    16923.6632   118    16917.4941    16958.7374 13986181    0.24%
 262297 146765    16942.2864   101    16917.4941    16958.6896 14019750    0.24%
 262986 147069    16955.6930   152    16917.4941    16958.6283 14053027    0.24%
 263672 147373    16940.5477   129    16917.4941    16958.5710 14085557    0.24%
 264387 147692    16926.9147   136    16917.4941    16958.5189 14120262    0.24%
 265098 148008    16927.6517    96    16917.4941    16958.4584 14154815    0.24%
 265751 148239    16938.0822    92    16917.4941    16958.3849 14190703    0.24%
 266466 148573    16935.1059   151    16917.4941    16958.3189 14225947    0.24%
 267240 148956    16931.5151   165    16917.4941    16958.2781 14259884    0.24%
 267968 149301    16930.6646   155    16917.4941    16958.2244 14294547    0.24%
Elapsed time = 2814.55 sec. (1636393.56 ticks, tree = 515.03 MB, solutions = 1)
 268660 149592    16947.4156   111    16917.4941    16958.1631 14326267    0.24%
 269382 149900    16932.6091   117    16917.4941    16958.1048 14357884    0.24%
 270007 150162    16918.3558   148    16917.4941    16958.0418 14390078    0.24%
 270635 150426    16907.1577   146    16917.4941    16957.9878 14420746    0.24%
 271361 150721    16944.2790   133    16917.4941    16957.9280 14453608    0.24%
 272054 151060    16919.8116   121    16917.4941    16957.8906 14486183    0.24%
 272784 151400    16917.9309   163    16917.4941    16957.8295 14521361    0.24%
 273471 151718    16920.7037   157    16917.4941    16957.7801 14554871    0.24%
 274156 151987        cutoff          16917.4941    16957.7172 14587485    0.24%
 274823 152272    16928.9420   159    16917.4941    16957.6583 14618516    0.24%
Elapsed time = 2879.77 sec. (1674595.86 ticks, tree = 524.93 MB, solutions = 1)
 275483 152596    16927.5874   112    16917.4941    16957.6069 14647690    0.24%
 276176 152877    16935.4581   183    16917.4941    16957.5452 14681726    0.24%
 276873 153202    16945.4354   109    16917.4941    16957.4974 14714800    0.24%
 277542 153475    16954.1220   172    16917.4941    16957.4414 14749205    0.24%
 278169 153757    16944.5973   140    16917.4941    16957.3935 14779344    0.24%
 278823 154009    16919.4845   135    16917.4941    16957.3475 14808690    0.24%
 279502 154308    16919.3594   169    16917.4941    16957.2878 14840095    0.24%
 280155 154557    16951.8077   124    16917.4941    16957.2395 14872645    0.23%
 280842 154885    16926.4755   156    16917.4941    16957.1849 14903850    0.23%
 281526 155135    16938.4616   133    16917.4941    16957.1242 14937962    0.23%
Elapsed time = 2944.63 sec. (1712797.93 ticks, tree = 534.47 MB, solutions = 1)
 282249 155424    16947.6144   117    16917.4941    16957.0703 14973576    0.23%
 282905 155685        cutoff          16917.4941    16957.0169 15004312    0.23%
 283630 156008        cutoff          16917.4941    16956.9622 15038876    0.23%
 284348 156292        cutoff          16917.4941    16956.9132 15072529    0.23%
 285116 156640    16933.9380   136    16917.4941    16956.8603 15108321    0.23%
 285848 156973    16933.7392   115    16917.4941    16956.8101 15143740    0.23%
 286512 157186    16940.1539   135    16917.4941    16956.7483 15178055    0.23%
 287227 157491    16920.2311   143    16917.4941    16956.6875 15213719    0.23%
 287962 157767    16943.4880   153    16917.4941    16956.6335 15248428    0.23%
 288695 158085    16917.5636   139    16917.4941    16956.5787 15282267    0.23%
Elapsed time = 3009.21 sec. (1751000.50 ticks, tree = 545.40 MB, solutions = 1)
 289411 158358    16931.1377   101    16917.4941    16956.5235 15319146    0.23%
 290104 158635    16938.4275   150    16917.4941    16956.4722 15354400    0.23%
 290842 158938        cutoff          16917.4941    16956.4086 15389472    0.23%
 291535 159245    16931.7911   117    16917.4941    16956.3484 15422154    0.23%
 292211 159523    16945.0449   170    16917.4941    16956.2946 15455079    0.23%
 292988 159846        cutoff          16917.4941    16956.2389 15490803    0.23%
 293764 160214    16929.5159   116    16917.4941    16956.1939 15522794    0.23%
 294464 160508    16945.9561   116    16917.4941    16956.1454 15555950    0.23%
 295141 160767    16922.1610   108    16917.4941    16956.0947 15590425    0.23%
 295935 161111    16951.8697   142    16917.4941    16956.0426 15623532    0.23%
Elapsed time = 3073.72 sec. (1789187.98 ticks, tree = 555.70 MB, solutions = 1)
 296277 161247    16944.0253   103    16917.4941    16956.0100 15640781    0.23%
 296992 161546        cutoff          16917.4941    16955.9620 15672339    0.23%
 297698 161814    16947.8573   136    16917.4941    16955.9033 15704593    0.23%
 298435 162134        cutoff          16917.4941    16955.8514 15737214    0.23%
 299128 162426    16947.2185   135    16917.4941    16955.8018 15767898    0.23%
 299787 162690        cutoff          16917.4941    16955.7496 15800698    0.23%
 300547 163030    16921.8806    58    16917.4941    16955.6967 15833545    0.23%
 301301 163369    16921.2419   114    16917.4941    16955.6482 15865598    0.23%
 302026 163676    16930.1534   133    16917.4941    16955.6019 15898302    0.23%
 302757 163962    16926.9922   120    16917.4941    16955.5424 15934132    0.22%
Elapsed time = 3136.45 sec. (1827373.37 ticks, tree = 565.54 MB, solutions = 1)
 303510 164252    16936.0744   113    16917.4941    16955.4833 15968351    0.22%
 304247 164567    16918.1765   106    16917.4941    16955.4310 16002520    0.22%
 304956 164885    16944.1249   156    16917.4941    16955.3814 16035309    0.22%
 305688 165199    16951.1069   118    16917.4941    16955.3363 16068050    0.22%
 306401 165464        cutoff          16917.4941    16955.2801 16102401    0.22%
 307146 165766    16917.8287   105    16917.4941    16955.2323 16135380    0.22%
 307828 166025    16923.5397   107    16917.4941    16955.1722 16170334    0.22%
 308560 166305    16928.6524   123    16917.4941    16955.1145 16204669    0.22%
 309243 166568    16939.4285   148    16917.4941    16955.0636 16236922    0.22%
 309962 166840    16937.3318   156    16917.4941    16955.0079 16270362    0.22%
Elapsed time = 3200.96 sec. (1865562.58 ticks, tree = 575.47 MB, solutions = 1)
 310641 167110    16933.3977   110    16917.4941    16954.9498 16304435    0.22%
 311294 167377    16940.2201   130    16917.4941    16954.9048 16333792    0.22%
 312004 167704    16938.1835    97    16917.4941    16954.8658 16364582    0.22%
 312689 167979    16919.1449    93    16917.4941    16954.8164 16395630    0.22%
 313321 168204    16918.5508   133    16917.4941    16954.7608 16426649    0.22%
 313962 168434    16922.2102   120    16917.4941    16954.7080 16455636    0.22%
 314436 168642        cutoff          16917.4941    16954.6803 16474474    0.22%
 314662 168707    16918.9398   124    16917.4941    16954.6638 16487004    0.22%
 314862 168800    16929.5634   149    16917.4941    16954.6519 16495859    0.22%
 314980 168845    16926.9467   154    16917.4941    16954.6427 16501642    0.22%
Elapsed time = 3275.23 sec. (1907708.51 ticks, tree = 582.23 MB, solutions = 1)
 315162 168910    16923.0119   146    16917.4941    16954.6250 16509922    0.22%
 315262 168960    16921.5747   142    16917.4941    16954.6192 16514518    0.22%
 315362 168995    16931.6018   108    16917.4941    16954.6153 16519535    0.22%
 315562 169079    16922.7125   128    16917.4941    16954.6026 16528675    0.22%
 315801 169165    16933.5158   133    16917.4941    16954.5850 16539772    0.22%
 315942 169200    16925.9783   157    16917.4941    16954.5728 16547066    0.22%
 316062 169257    16919.3499    99    16917.4941    16954.5669 16551720    0.22%
 316462 169429    16924.1389   127    16917.4941    16954.5391 16567736    0.22%
 316562 169472    16939.7582   128    16917.4941    16954.5321 16571879    0.22%
 316762 169558    16936.1603   166    16917.4941    16954.5250 16580024    0.22%
Elapsed time = 3384.54 sec. (1968788.50 ticks, tree = 584.52 MB, solutions = 1)
 316862 169604    16941.6389   108    16917.4941    16954.5222 16584214    0.22%
 316962 169644    16918.8710    86    16917.4941    16954.5116 16588004    0.22%
 317631 169895    16929.9034   156    16917.4941    16954.4614 16619501    0.22%
 318190 170135    16918.2788   136    16917.4941    16954.4274 16643722    0.22%
 318862 170448    16928.1866    97    16917.4941    16954.3810 16670753    0.22%
 319534 170701    16922.5597   163    16917.4941    16954.3322 16699916    0.22%
 320118 170941    16933.8487   114    16917.4941    16954.2906 16727147    0.22%
 320783 171161    16918.9091    97    16917.4941    16954.2310 16759557    0.22%
 321462 171462    16924.5285   139    16917.4941    16954.1845 16789316    0.22%
 322184 171756    16930.4052   121    16917.4941    16954.1288 16820848    0.22%
Elapsed time = 3463.50 sec. (2014406.28 ticks, tree = 591.94 MB, solutions = 1)
 322942 172101    16942.8807   112    16917.4941    16954.0847 16850874    0.22%
 323691 172445    16924.7390    74    16917.4941    16954.0361 16881671    0.22%
 324340 172727    16948.5086   120    16917.4941    16953.9922 16909884    0.22%
 324965 172981    16937.4776   131    16917.4941    16953.9457 16941257    0.22%
 325588 173289        cutoff          16917.4941    16953.9137 16966791    0.22%
 326231 173545    16937.2067   115    16917.4941    16953.8628 16994277    0.21%
 326894 173807        cutoff          16917.4941    16953.8211 17023471    0.21%
 327563 174072    16937.7226   135    16917.4941    16953.7734 17054108    0.21%
 328222 174341    16925.1149   166    16917.4941    16953.7287 17081549    0.21%
 328902 174632    16924.6535    76    16917.4941    16953.6924 17111406    0.21%
Elapsed time = 3531.49 sec. (2052588.78 ticks, tree = 601.52 MB, solutions = 1)
 329595 174902        cutoff          16917.4941    16953.6526 17142975    0.21%
 330201 175125    16934.5676   126    16917.4941    16953.6102 17170688    0.21%
 330824 175386        cutoff          16917.4941    16953.5680 17198524    0.21%
 331461 175646    16949.2728   156    16917.4941    16953.5273 17228730    0.21%
 332147 175939    16928.4734    72    16917.4941    16953.4897 17257835    0.21%
 332773 176211        cutoff          16917.4941    16953.4557 17283909    0.21%
 333431 176483    16929.7329   161    16917.4941    16953.4144 17314044    0.21%
 334034 176746    16943.8278   113    16917.4941    16953.3800 17343415    0.21%
 334672 177009    16933.7385   137    16917.4941    16953.3385 17370627    0.21%
 335362 177279    16927.9890   138    16917.4941    16953.2968 17399169    0.21%
Elapsed time = 3599.25 sec. (2091032.34 ticks, tree = 610.45 MB, solutions = 1)

Implied bound cuts applied:  58
Flow cuts applied:  106
Mixed integer rounding cuts applied:  320
Lift and project cuts applied:  78
Gomory fractional cuts applied:  72

Root node processing (before b&c):
  Real time             =    3.45 sec. (1801.06 ticks)
Sequential b&c:
  Real time             = 3596.55 sec. (2090123.78 ticks)
                          ------------
Total (root+branch&cut) = 3600.00 sec. (2091924.84 ticks)
