1 of 1 MIP starts provided solutions.
MIP start 'm1' defined initial solution with objective 21308.3827.
Tried aggregator 1 time.
MIP Presolve eliminated 4 rows and 1 columns.
Reduced MIP has 6006 rows, 4090 columns, and 47269 nonzeros.
Reduced MIP has 1920 binaries, 0 generals, 0 SOSs, and 0 indicators.
Presolve time = 0.02 sec. (15.32 ticks)
Probing time = 0.01 sec. (3.71 ticks)
Tried aggregator 1 time.
Reduced MIP has 6006 rows, 4090 columns, and 47269 nonzeros.
Reduced MIP has 1920 binaries, 0 generals, 0 SOSs, and 0 indicators.
Presolve time = 0.03 sec. (17.70 ticks)
Probing time = 0.01 sec. (3.71 ticks)
Clique table members: 1407.
MIP emphasis: balance optimality and feasibility.
MIP search method: dynamic search.
Parallel mode: none, using 1 thread.
Root relaxation solution time = 0.08 sec. (46.44 ticks)

        Nodes                                         Cuts/
   Node  Left     Objective  IInf  Best Integer    Best Bound    ItCnt     Gap

*     0+    0                        21308.3827    96779.3647     2564  354.18%
      0     0    22380.4192   254    21308.3827    22380.4192     2564    5.03%
      0     0    21975.7519   293    21308.3827     Cuts: 362     3029    3.13%
      0     0    21780.9036   273    21308.3827     Cuts: 275     3435    2.22%
      0     0    21708.9810   277    21308.3827     Cuts: 152     3698    1.88%
      0     0    21675.1545   291    21308.3827      Cuts: 88     3896    1.72%
      0     0    21662.7731   272    21308.3827      Cuts: 78     4008    1.66%
      0     0    21653.1548   273    21308.3827      Cuts: 41     4125    1.62%
      0     0    21645.4185   280    21308.3827      Cuts: 58     4187    1.58%
      0     0    21643.0740   290    21308.3827      Cuts: 22     4245    1.57%
      0     0    21642.6698   293    21308.3827      Cuts: 18     4265    1.57%
      0     0    21641.0270   288    21308.3827      Cuts: 22     4304    1.56%
      0     2    21641.0270   288    21308.3827    21640.9418     4304    1.56%
Elapsed time = 3.13 sec. (1628.24 ticks, tree = 0.00 MB, solutions = 1)
     23    25    21584.7158   231    21308.3827    21640.7428     4998    1.56%
     42    44    21518.6418   190    21308.3827    21640.7428     5735    1.56%
     92    90    21310.9631    81    21308.3827    21640.7428     6685    1.56%
    130   123    21523.0802   170    21308.3827    21636.0414     7902    1.54%
    158   149    21429.6227   114    21308.3827    21636.0414     8464    1.54%
    220   203    21493.1904   208    21308.3827    21635.7193     9654    1.54%
    267   246    21586.0014   244    21308.3827    21635.4257    10619    1.53%
    304   283    21443.6610   172    21308.3827    21635.4257    11271    1.53%
    373   348    21389.7410   176    21308.3827    21634.8054    12502    1.53%
    475   443    21507.1664   357    21308.3827    21506.1118    19394    0.93%
Elapsed time = 20.30 sec. (11159.65 ticks, tree = 0.99 MB, solutions = 1)
    477   444    21499.7442   341    21308.3827    21499.7042    19777    0.90%
    480   445    21481.6077   343    21308.3827    21495.7727    20375    0.88%
    482   446    21446.0856   333    21308.3827    21495.7727    21522    0.88%
    485   448    21434.1164   329    21308.3827    21495.7727    21771    0.88%
    493   454    21396.7102   286    21308.3827    21495.7727    23294    0.88%
    544   409    21495.5521   332    21308.3827    21495.7511    25245    0.88%
    575   424    21395.3443   176    21308.3827    21495.7511    27629    0.88%
    664   435    21401.3203   318    21308.3827    21495.0244    30664    0.88%
    745   462    21372.8403   220    21308.3827    21488.1533    34467    0.84%
    835   481    21473.3257   314    21308.3827    21482.1224    38105    0.82%
Elapsed time = 38.44 sec. (21944.24 ticks, tree = 1.14 MB, solutions = 1)
    905   519    21472.3030   268    21308.3827    21481.3942    41391    0.81%
    997   545    21339.3283   276    21308.3827    21479.2220    45170    0.80%
   1115   590    21318.9624   188    21308.3827    21478.2266    49014    0.80%
   1168   606    21376.4375   232    21308.3827    21476.3880    52247    0.79%
   1270   654        cutoff          21308.3827    21473.1071    55983    0.77%
   1339   714    21406.2647   267    21308.3827    21471.5624    59557    0.77%
   1432   795    21454.9167   240    21308.3827    21469.9963    63256    0.76%
   1542   893    21387.4080   246    21308.3827    21468.4821    66562    0.75%
   1621   951    21423.7148   320    21308.3827    21467.9973    69959    0.75%
   1699  1011    21406.1261   294    21308.3827    21466.4362    74267    0.74%
Elapsed time = 56.94 sec. (31761.64 ticks, tree = 2.30 MB, solutions = 1)
   1780  1081    21352.6547   184    21308.3827    21465.9860    78733    0.74%
   1871  1149    21425.6471   261    21308.3827    21462.9918    83277    0.73%
   2002  1266    21313.8220   172    21308.3827    21461.7497    88005    0.72%
   2136  1366    21418.2576   255    21308.3827    21460.1383    92398    0.71%
   2241  1462    21396.4629   259    21308.3827    21457.8690    96721    0.70%
   2362  1564    21375.5203   194    21308.3827    21456.8808   101537    0.70%
   2483  1655    21323.5375   213    21308.3827    21454.7405   106107    0.69%
   2681  1828    21422.6209   216    21308.3827    21453.8662   110828    0.68%
   2827  1951    21335.5817   263    21308.3827    21453.7091   115922    0.68%
   2941  2043    21348.3969   227    21308.3827    21453.0825   120902    0.68%
Elapsed time = 74.73 sec. (41407.05 ticks, tree = 4.61 MB, solutions = 1)
   3025  2102    21352.0559   247    21308.3827    21452.2434   125208    0.68%
   3174  2227    21330.1593    97    21308.3827    21451.1001   130409    0.67%
   3238  2273    21355.3398   252    21308.3827    21449.9742   134560    0.66%
   3406  2422    21373.4603   285    21308.3827    21449.2858   139091    0.66%
   3504  2502    21400.6983   293    21308.3827    21446.9370   143499    0.65%
   3578  2559    21326.8645   287    21308.3827    21446.2093   147827    0.65%
   3652  2615    21420.9597   268    21308.3827    21445.3253   152621    0.64%
   3765  2705    21327.4107   280    21308.3827    21444.9968   157206    0.64%
   3865  2778    21327.3714   272    21308.3827    21444.7980   162044    0.64%
   3965  2860    21367.2369   178    21308.3827    21444.4334   167483    0.64%
Elapsed time = 93.28 sec. (51158.12 ticks, tree = 6.48 MB, solutions = 1)
   4084  2955    21397.3990   286    21308.3827    21443.6418   172710    0.63%
   4160  3009    21338.1200   290    21308.3827    21442.6968   177828    0.63%
   4237  3073    21367.6865   220    21308.3827    21442.3215   181913    0.63%
   4367  3175    21379.1288   257    21308.3827    21441.7865   187196    0.63%
   4433  3233    21369.8852   279    21308.3827    21440.9624   191718    0.62%
   4522  3312    21397.5464   281    21308.3827    21440.6666   196337    0.62%
   4590  3354    21341.4188   218    21308.3827    21439.7898   200957    0.62%
   4674  3420    21378.6090   299    21308.3827    21439.5067   205918    0.62%
   4728  3458    21397.2555   222    21308.3827    21438.5630   209647    0.61%
   4865  3567    21403.9095   285    21308.3827    21437.9929   213910    0.61%
Elapsed time = 110.95 sec. (60828.41 ticks, tree = 8.42 MB, solutions = 1)
   4960  3641    21330.7763   172    21308.3827    21437.6857   218508    0.61%
   5100  3749    21394.0736   289    21308.3827    21437.0594   223401    0.60%
   5211  3843    21424.0261   206    21308.3827    21436.1110   229576    0.60%
   5346  3963    21379.9180   321    21308.3827    21436.0292   234409    0.60%
   5508  4091    21334.3084   287    21308.3827    21435.5340   239434    0.60%
   5635  4184    21325.9722   210    21308.3827    21435.0818   244718    0.59%
   5784  4301    21404.3098   211    21308.3827    21434.4120   249800    0.59%
   5998  4475    21365.7146   227    21308.3827    21434.1367   255354    0.59%
   6122  4575    21313.4570   138    21308.3827    21433.9634   260805    0.59%
   6199  4635    21317.0603   286    21308.3827    21433.5522   265792    0.59%
Elapsed time = 128.35 sec. (70509.51 ticks, tree = 10.90 MB, solutions = 1)
   6301  4723    21365.6526   273    21308.3827    21433.1531   271085    0.59%
   6375  4777    21425.6366   293    21308.3827    21432.8624   276162    0.58%
   6446  4842    21315.1819   252    21308.3827    21432.7378   280154    0.58%
   6565  4935    21337.1724   171    21308.3827    21432.2011   284780    0.58%
   6759  5090    21406.9159   189    21308.3827    21431.9918   290026    0.58%
   6895  5214    21310.1662   264    21308.3827    21431.8627   294495    0.58%
   7038  5336    21327.1028   238    21308.3827    21431.6435   299475    0.58%
   7158  5440    21325.2261   207    21308.3827    21431.3553   304510    0.58%
   7326  5579    21358.6325   232    21308.3827    21431.0188   309200    0.58%
   7370  5607    21321.0578   218    21308.3827    21430.8669   312906    0.57%
Elapsed time = 146.09 sec. (80270.44 ticks, tree = 13.14 MB, solutions = 1)
   7542  5757    21317.0656   185    21308.3827    21430.5934   318245    0.57%
   7676  5864    21323.1011   275    21308.3827    21430.2364   323170    0.57%
   7778  5947    21378.2501   130    21308.3827    21430.0530   328097    0.57%
   7967  6108    21322.9627   132    21308.3827    21429.6999   333971    0.57%
   8084  6198    21312.7123    81    21308.3827    21429.1344   339062    0.57%
   8250  6316    21317.5862   263    21308.3827    21428.8151   343807    0.57%
   8417  6445    21400.8098   174    21308.3827    21428.4545   349017    0.56%
   8571  6571    21326.9531   269    21308.3827    21428.0720   354452    0.56%
   8732  6690    21400.0963   209    21308.3827    21427.5352   359656    0.56%
   8850  6780    21365.4570   202    21308.3827    21426.9823   365252    0.56%
Elapsed time = 163.74 sec. (89944.26 ticks, tree = 15.76 MB, solutions = 1)
   8968  6871        cutoff          21308.3827    21426.9085   370607    0.56%
   9046  6926    21356.8143   276    21308.3827    21426.7385   376413    0.56%
   9178  7029    21314.8288   234    21308.3827    21426.1298   381397    0.55%
   9271  7104    21398.0624   210    21308.3827    21425.7119   386934    0.55%
   9359  7160    21313.8046   300    21308.3827    21425.3659   392130    0.55%
   9440  7223    21334.5587   315    21308.3827    21425.0827   397417    0.55%
   9565  7326        cutoff          21308.3827    21424.8884   401418    0.55%
   9702  7437    21373.4604   239    21308.3827    21424.6839   406823    0.55%
   9835  7535    21343.3780   264    21308.3827    21424.4680   412520    0.54%
   9975  7644    21312.4545    76    21308.3827    21424.0576   420133    0.54%
Elapsed time = 194.05 sec. (105747.90 ticks, tree = 17.69 MB, solutions = 1)
  10084  7728    21345.7936   287    21308.3827    21423.6533   425610    0.54%
  10509  8062    21355.0329   244    21308.3827    21423.0716   444705    0.54%
  11114  8541    21321.6336   282    21308.3827    21421.9118   465321    0.53%
  11631  8935    21319.8208   180    21308.3827    21421.2453   484374    0.53%
  12220  9363    21375.9377   260    21308.3827    21419.9074   506876    0.52%
  12692  9731    21309.9120   137    21308.3827    21419.4334   527759    0.52%
  13179 10096    21368.9803   268    21308.3827    21418.7909   550170    0.52%
  13845 10609    21339.4757   191    21308.3827    21418.0049   574155    0.51%
  14395 11046    21372.3078   261    21308.3827    21417.1679   594544    0.51%
  14971 11497    21346.8232   248    21308.3827    21416.5960   615096    0.51%
Elapsed time = 264.36 sec. (144103.62 ticks, tree = 26.53 MB, solutions = 1)
  15518 11922    21377.6517   214    21308.3827    21415.7804   635152    0.50%
  16125 12398    21371.7652   252    21308.3827    21415.1163   656614    0.50%
  16633 12800    21390.7551   125    21308.3827    21414.6769   677914    0.50%
  17337 13376    21325.6936    71    21308.3827    21413.9257   697551    0.50%
  17981 13899    21363.6016   260    21308.3827    21413.3220   719198    0.49%
  18545 14348    21392.8859   318    21308.3827    21412.2289   739638    0.49%
  19005 14689    21394.7406   275    21308.3827    21411.7237   760778    0.48%
  19545 15091    21368.4562   124    21308.3827    21411.4512   780040    0.48%
  20110 15553    21327.6080   196    21308.3827    21411.0736   799051    0.48%
  20523 15850    21315.0049   254    21308.3827    21410.4715   819268    0.48%
Elapsed time = 335.44 sec. (182352.33 ticks, tree = 36.29 MB, solutions = 1)
  21084 16284    21325.5308   227    21308.3827    21409.9154   838451    0.48%
  21661 16722    21331.2318    96    21308.3827    21409.3524   859861    0.47%
  22378 17278    21351.9277   198    21308.3827    21408.7580   881933    0.47%
  23155 17875    21311.0126   266    21308.3827    21408.1961   904993    0.47%
  23798 18379    21309.3338   248    21308.3827    21407.7602   927337    0.47%
  24587 18994    21378.1196   118    21308.3827    21407.2813   951229    0.46%
  25344 19598    21314.3894   190    21308.3827    21406.7180   973856    0.46%
  25866 19979    21358.8528   232    21308.3827    21406.2966   994632    0.46%
  26449 20447        cutoff          21308.3827    21405.7994  1016363    0.46%
  27071 20924    21376.3809   266    21308.3827    21405.2868  1036852    0.45%
Elapsed time = 405.73 sec. (220613.18 ticks, tree = 48.08 MB, solutions = 1)
  27972 21669    21329.5483   154    21308.3827    21405.0086  1058086    0.45%
  28538 22092    21390.2318   189    21308.3827    21404.5810  1078914    0.45%
  29167 22588    21354.5673   277    21308.3827    21404.1805  1102810    0.45%
  29885 23143    21382.8761   231    21308.3827    21403.6042  1125980    0.45%
  30571 23664    21344.4777   239    21308.3827    21403.0798  1149667    0.44%
  31242 24196    21311.7342    97    21308.3827    21402.7798  1172874    0.44%
  31861 24669    21308.9606   231    21308.3827    21402.2414  1196497    0.44%
  32455 25106    21371.8312   178    21308.3827    21401.7899  1218918    0.44%
  33177 25669    21354.8067   268    21308.3827    21401.3835  1240048    0.44%
  33802 26138    21391.5044   273    21308.3827    21401.0983  1262268    0.44%
Elapsed time = 481.39 sec. (258900.17 ticks, tree = 59.76 MB, solutions = 1)
  34359 26545    21350.6164   136    21308.3827    21400.8018  1285157    0.43%
  34860 26917    21329.8678    98    21308.3827    21400.4008  1305538    0.43%
  35517 27398    21367.8357   244    21308.3827    21399.9254  1327643    0.43%
  36075 27807    21345.6244   156    21308.3827    21399.5798  1351668    0.43%
  36821 28385        cutoff          21308.3827    21399.3122  1375242    0.43%
  37579 28970    21313.0544   282    21308.3827    21399.0637  1397809    0.43%
  38170 29427    21320.6895   232    21308.3827    21398.8296  1419789    0.42%
  38926 30015    21387.6468   189    21308.3827    21398.5488  1443999    0.42%
  39532 30472    21345.5434   262    21308.3827    21398.2593  1466904    0.42%
  40183 30965    21333.2137   288    21308.3827    21397.9500  1489449    0.42%
Elapsed time = 551.23 sec. (297159.41 ticks, tree = 70.61 MB, solutions = 1)
  40645 31302    21375.2308   127    21308.3827    21397.6624  1506107    0.42%
  41315 31845    21322.6601   133    21308.3827    21397.4383  1527696    0.42%
  42075 32414    21377.7139   202    21308.3827    21397.1683  1548223    0.42%
  42857 33012        cutoff          21308.3827    21396.9957  1568517    0.42%
  43582 33588    21371.0522   150    21308.3827    21396.8142  1589979    0.42%
  44323 34146    21342.2979   334    21308.3827    21396.5463  1613936    0.41%
  44967 34628    21319.9807   217    21308.3827    21396.2640  1635992    0.41%
  45675 35181    21320.8636   322    21308.3827    21396.0058  1659046    0.41%
  46418 35770        cutoff          21308.3827    21395.7631  1683237    0.41%
  47139 36324    21363.9919   183    21308.3827    21395.4426  1706551    0.41%
Elapsed time = 619.95 sec. (335554.26 ticks, tree = 83.40 MB, solutions = 1)
  47949 36946    21313.7691   144    21308.3827    21395.1895  1729757    0.41%
  48680 37524    21374.5472   205    21308.3827    21394.9537  1753414    0.41%
  49436 38125    21360.3416   167    21308.3827    21394.7549  1777503    0.41%
  50247 38749    21361.2990   190    21308.3827    21394.5045  1799580    0.40%
  50939 39285    21354.9592   115    21308.3827    21394.3042  1820532    0.40%
  51568 39758    21388.3850   166    21308.3827    21394.1336  1843094    0.40%
  52163 40183    21319.6815   232    21308.3827    21393.8682  1863832    0.40%
  52744 40595    21333.2204   214    21308.3827    21393.7174  1885980    0.40%
  53449 41124    21313.8080   118    21308.3827    21393.5005  1909477    0.40%
  54129 41639    21347.8046   288    21308.3827    21393.1852  1932968    0.40%
Elapsed time = 687.48 sec. (373751.25 ticks, tree = 95.34 MB, solutions = 1)
  54921 42263    21341.1044   164    21308.3827    21393.0085  1956704    0.40%
  55745 42904    21318.0141    75    21308.3827    21392.8044  1981980    0.40%
  56595 43565    21366.0323   247    21308.3827    21392.5168  2006676    0.39%
  57393 44184    21361.4916   235    21308.3827    21392.2995  2029245    0.39%
  58201 44846    21315.8437   238    21308.3827    21392.0756  2053110    0.39%
  58989 45447    21317.4324   243    21308.3827    21391.8240  2077155    0.39%
  59804 46075    21337.2434   200    21308.3827    21391.5914  2101426    0.39%
  60490 46591    21325.8682    79    21308.3827    21391.3233  2123762    0.39%
  61273 47203    21314.1709   230    21308.3827    21391.1701  2147674    0.39%
  62042 47799        cutoff          21308.3827    21391.0436  2171332    0.39%
Elapsed time = 757.04 sec. (412011.71 ticks, tree = 109.17 MB, solutions = 1)
  62773 48346    21354.5323   276    21308.3827    21390.8778  2194547    0.39%
  63414 48815    21380.7140   121    21308.3827    21390.6951  2217342    0.39%
  64345 49538    21312.1463   240    21308.3827    21390.4422  2241199    0.39%
  65027 50044    21323.7277   117    21308.3827    21390.3062  2265296    0.38%
  65905 50737    21366.0890   233    21308.3827    21390.0772  2289007    0.38%
  66750 51412    21322.7998   265    21308.3827    21389.8985  2313437    0.38%
  67635 52098    21308.9051   112    21308.3827    21389.6876  2337979    0.38%
  68475 52761    21362.1069   122    21308.3827    21389.4949  2361556    0.38%
  69228 53326    21341.0464   266    21308.3827    21389.2207  2385347    0.38%
  70097 53993    21312.5952   123    21308.3827    21389.0846  2409546    0.38%
Elapsed time = 825.77 sec. (450236.06 ticks, tree = 123.16 MB, solutions = 1)
  70975 54691    21312.4357    85    21308.3827    21388.9578  2432631    0.38%
  71784 55325    21361.2757   228    21308.3827    21388.8091  2454688    0.38%
  72602 55951    21312.2258   120    21308.3827    21388.7102  2477185    0.38%
  73391 56535    21309.2705   162    21308.3827    21388.5660  2501050    0.38%
  73908 56914        cutoff          21308.3827    21388.4245  2523135    0.38%
  74770 57564    21355.3153   202    21308.3827    21388.2154  2546683    0.37%
  75475 58055    21320.4843    61    21308.3827    21388.0491  2570204    0.37%
  76305 58669    21381.4066   183    21308.3827    21387.8735  2594422    0.37%
  77127 59282    21322.9731   154    21308.3827    21387.6675  2616533    0.37%
  77887 59830    21345.6282   192    21308.3827    21387.4995  2639510    0.37%
Elapsed time = 894.85 sec. (488475.40 ticks, tree = 136.33 MB, solutions = 1)
  78541 60311        cutoff          21308.3827    21387.3617  2663336    0.37%
  79468 61047    21377.1095   132    21308.3827    21387.2146  2689062    0.37%
  80337 61689    21347.6317   152    21308.3827    21387.0385  2714255    0.37%
  81275 62403    21351.7017    87    21308.3827    21386.9019  2738556    0.37%
  82197 63124    21360.4174   263    21308.3827    21386.7930  2760971    0.37%
  83021 63791        cutoff          21308.3827    21386.7080  2785476    0.37%
  83725 64282    21368.2203   183    21308.3827    21386.5133  2809343    0.37%
  84609 64948    21308.7557   263    21308.3827    21386.3894  2833160    0.37%
  85444 65582    21355.8975   246    21308.3827    21386.2652  2856432    0.37%
  86248 66181    21328.2638   141    21308.3827    21386.1292  2879232    0.36%
Elapsed time = 964.23 sec. (526684.72 ticks, tree = 152.62 MB, solutions = 1)
  86970 66706    21368.9525   119    21308.3827    21385.9899  2903244    0.36%
  87896 67444    21331.6055   260    21308.3827    21385.8813  2924974    0.36%
  88550 67905    21310.1071   263    21308.3827    21385.7471  2947392    0.36%
  89413 68541    21330.2571   208    21308.3827    21385.5898  2972306    0.36%
  90264 69166    21321.1089   230    21308.3827    21385.4519  2997107    0.36%
  90933 69657    21330.4567   183    21308.3827    21385.3440  3021379    0.36%
  91722 70241    21316.9129   271    21308.3827    21385.1730  3046093    0.36%
  92497 70845    21378.4956   161    21308.3827    21385.0805  3069461    0.36%
  93400 71531    21366.7804   134    21308.3827    21384.9394  3093486    0.36%
  94130 72078    21354.4631   174    21308.3827    21384.8169  3117643    0.36%
Elapsed time = 1034.22 sec. (564889.05 ticks, tree = 165.94 MB, solutions = 1)
  94896 72635    21349.0062   213    21308.3827    21384.7038  3142277    0.36%
  95651 73171    21328.9273   263    21308.3827    21384.5902  3167724    0.36%
  96551 73852        cutoff          21308.3827    21384.4661  3192302    0.36%
  97380 74485    21330.1264   199    21308.3827    21384.3270  3216009    0.36%
  98271 75176    21328.5495   229    21308.3827    21384.2119  3240289    0.36%
  99121 75802    21341.9606   208    21308.3827    21384.0728  3263842    0.36%
  99952 76420    21316.1542   192    21308.3827    21383.9327  3286530    0.35%
 100681 76939    21341.0955   231    21308.3827    21383.8008  3309776    0.35%
 101611 77674    21322.4860   117    21308.3827    21383.7018  3332655    0.35%
 102452 78256    21335.8801   211    21308.3827    21383.5642  3355840    0.35%
Elapsed time = 1102.11 sec. (603124.53 ticks, tree = 180.10 MB, solutions = 1)
 103387 78975    21343.0140   190    21308.3827    21383.4289  3380630    0.35%
 104252 79596        cutoff          21308.3827    21383.3257  3405162    0.35%
 105157 80259    21333.4522   232    21308.3827    21383.2390  3429030    0.35%
 106008 80865    21316.9287   286    21308.3827    21383.1108  3452167    0.35%
 106808 81430        cutoff          21308.3827    21382.9590  3475508    0.35%
 107724 82109    21357.0899   213    21308.3827    21382.8721  3499678    0.35%
 108554 82711    21349.4130   173    21308.3827    21382.7666  3523361    0.35%
 109438 83377    21352.1596    89    21308.3827    21382.6526  3548724    0.35%
 110243 83973    21377.7462   119    21308.3827    21382.5478  3573714    0.35%
 110976 84503    21323.4398    74    21308.3827    21382.4495  3598076    0.35%
Elapsed time = 1171.76 sec. (641325.62 ticks, tree = 194.33 MB, solutions = 1)
 111710 85010    21326.7953   214    21308.3827    21382.3356  3622065    0.35%
 112439 85526    21329.3311   210    21308.3827    21382.2276  3645665    0.35%
 113305 86148    21331.5521   126    21308.3827    21382.1064  3668437    0.35%
 114135 86768    21352.1858   170    21308.3827    21382.0078  3691740    0.35%
 114931 87343    21336.8597   180    21308.3827    21381.9215  3714263    0.35%
 115739 87945    21320.9929   262    21308.3827    21381.8301  3738028    0.34%
 116616 88559    21326.2035   118    21308.3827    21381.7274  3761002    0.34%
 117475 89183    21336.9987   119    21308.3827    21381.5849  3784419    0.34%
 118475 89946    21371.0792   129    21308.3827    21381.4758  3808465    0.34%
 119348 90586    21347.6275   120    21308.3827    21381.3811  3833464    0.34%
Elapsed time = 1241.63 sec. (679584.69 ticks, tree = 208.23 MB, solutions = 1)
 120277 91265    21324.2992   246    21308.3827    21381.2981  3858339    0.34%
 121096 91825    21337.7117   212    21308.3827    21381.1754  3882484    0.34%
 121937 92434    21333.3179   140    21308.3827    21381.0679  3906805    0.34%
 122673 92948    21309.1770    89    21308.3827    21380.9479  3929655    0.34%
 123583 93613    21303.4881   100    21308.3827    21380.8444  3954597    0.34%
 124485 94277    21352.5597   125    21308.3827    21380.7476  3978286    0.34%
 125371 94945    21356.5258   136    21308.3827    21380.6483  4002100    0.34%
 126228 95563    21333.3506   127    21308.3827    21380.5334  4025328    0.34%
 127174 96281    21357.8120   181    21308.3827    21380.4520  4048553    0.34%
 128075 96938    21334.8544   108    21308.3827    21380.3397  4072351    0.34%
Elapsed time = 1311.56 sec. (717799.21 ticks, tree = 222.84 MB, solutions = 1)
 129025 97653    21338.9431   135    21308.3827    21380.2577  4095376    0.34%
 129889 98285    21331.9949   223    21308.3827    21380.1669  4119749    0.34%
 130657 98826    21328.3780   190    21308.3827    21380.0690  4143401    0.34%
 131345 99302    21360.7966   130    21308.3827    21379.9730  4166077    0.34%
 131999 99734    21364.8881   247    21308.3827    21379.8517  4188877    0.34%
 132817 100320    21339.4207   190    21308.3827    21379.7861  4212932    0.34%
 133644 100922    21359.2583    98    21308.3827    21379.6966  4235861    0.33%
 134592 101636    21323.2687    93    21308.3827    21379.5931  4259305    0.33%
 135533 102323    21379.4581   248    21308.3827    21379.4822  4284216    0.33%
 136552 103072    21336.4513   285    21308.3827    21379.3518  4308073    0.33%
Elapsed time = 1380.52 sec. (756051.03 ticks, tree = 236.87 MB, solutions = 1)
 137407 103691    21355.3526    81    21308.3827    21379.2485  4332269    0.33%
 138280 104328    21362.8178   104    21308.3827    21379.1695  4356429    0.33%
 139307 105098    21359.6404   183    21308.3827    21379.0561  4381059    0.33%
 140213 105747        cutoff          21308.3827    21378.9400  4406073    0.33%
 141055 106341    21314.4934    94    21308.3827    21378.8662  4431139    0.33%
 141933 106957    21346.2003   203    21308.3827    21378.7559  4456957    0.33%
 142882 107677    21331.6187   121    21308.3827    21378.6664  4481011    0.33%
 143866 108421    21334.0419   113    21308.3827    21378.5763  4506483    0.33%
 144653 108978    21315.3914   129    21308.3827    21378.4905  4529867    0.33%
 145464 109514    21360.5218   110    21308.3827    21378.3950  4554717    0.33%
Elapsed time = 1449.19 sec. (794240.70 ticks, tree = 251.53 MB, solutions = 1)
 146415 110208    21333.0837   163    21308.3827    21378.3187  4578143    0.33%
 147148 110713    21345.5195   129    21308.3827    21378.2553  4602747    0.33%
 148028 111329    21350.0297   283    21308.3827    21378.1563  4625596    0.33%
 148813 111893    21350.5906   194    21308.3827    21378.0759  4649243    0.33%
 149673 112528    21342.7391   116    21308.3827    21377.9849  4672054    0.33%
 150570 113132    21334.9090   113    21308.3827    21377.8926  4695553    0.33%
 151436 113750    21325.5981   155    21308.3827    21377.8082  4720703    0.33%
 152226 114312    21346.1801   193    21308.3827    21377.7046  4744041    0.33%
 153035 114857    21308.5656   110    21308.3827    21377.6182  4766023    0.32%
 153794 115389    21333.6586   243    21308.3827    21377.5634  4790982    0.32%
Elapsed time = 1519.31 sec. (832449.88 ticks, tree = 264.91 MB, solutions = 1)
 154872 116236    21331.1974    87    21308.3827    21377.4927  4816683    0.32%
 155661 116789    21312.7600   106    21308.3827    21377.4075  4841461    0.32%
 156621 117485        cutoff          21308.3827    21377.3273  4865659    0.32%
 157561 118188    21334.4171   200    21308.3827    21377.2273  4889889    0.32%
 158419 118798    21312.8078   228    21308.3827    21377.1428  4915481    0.32%
 159253 119359    21318.0252   158    21308.3827    21377.0343  4940716    0.32%
 160054 119903    21317.5773    88    21308.3827    21376.9681  4964605    0.32%
 160849 120438    21355.6341   225    21308.3827    21376.8629  4988730    0.32%
 161711 121074    21328.4085   104    21308.3827    21376.7990  5011022    0.32%
 162547 121680    21359.7912    91    21308.3827    21376.7158  5034851    0.32%
Elapsed time = 1587.87 sec. (870684.83 ticks, tree = 279.31 MB, solutions = 1)
 163382 122268    21333.4342   109    21308.3827    21376.6438  5059284    0.32%
 164193 122814    21312.0837   101    21308.3827    21376.5589  5082488    0.32%
 165024 123358    21351.6080   155    21308.3827    21376.4680  5107008    0.32%
 165940 124039    21324.6424   110    21308.3827    21376.3886  5130013    0.32%
 166847 124674    21346.1886   126    21308.3827    21376.3223  5154237    0.32%
 167705 125291    21322.3729   212    21308.3827    21376.2613  5177996    0.32%
 168539 125857    21308.5748   100    21308.3827    21376.2101  5203965    0.32%
 169462 126500    21342.8932   228    21308.3827    21376.1453  5228511    0.32%
 170218 127032    21369.4540   124    21308.3827    21376.0673  5253289    0.32%
 171229 127780    21341.6218   133    21308.3827    21375.9764  5278282    0.32%
Elapsed time = 1655.75 sec. (908873.20 ticks, tree = 293.21 MB, solutions = 1)
 172026 128320    21334.0223    94    21308.3827    21375.9032  5303159    0.32%
 172859 128870    21333.2169   108    21308.3827    21375.8270  5327350    0.32%
 173815 129575    21328.4842   165    21308.3827    21375.7536  5352780    0.32%
 174699 130224    21342.0221   279    21308.3827    21375.6820  5377110    0.32%
 175518 130790    21350.9140   269    21308.3827    21375.6170  5402308    0.32%
 176325 131312    21339.8629   191    21308.3827    21375.5205  5427866    0.32%
 177139 131879    21324.1429    86    21308.3827    21375.4701  5452776    0.31%
 178074 132546    21310.9090   119    21308.3827    21375.3995  5477198    0.31%
 178971 133163    21333.4785   244    21308.3827    21375.3213  5500544    0.31%
 179822 133789    21352.0782   206    21308.3827    21375.2727  5523870    0.31%
Elapsed time = 1724.04 sec. (947096.44 ticks, tree = 308.57 MB, solutions = 1)
 180662 134388    21334.4514   188    21308.3827    21375.2110  5547667    0.31%
 181475 134957    21331.7474   130    21308.3827    21375.1292  5569409    0.31%
 182339 135577    21343.3861   115    21308.3827    21375.0654  5592985    0.31%
 183181 136192        cutoff          21308.3827    21375.0121  5615714    0.31%
 184178 136909    21359.9458   103    21308.3827    21374.9495  5640180    0.31%
 185074 137539    21337.9989   165    21308.3827    21374.8669  5662583    0.31%
 186014 138231    21337.0959   191    21308.3827    21374.8044  5684844    0.31%
 186896 138872        cutoff          21308.3827    21374.7447  5708179    0.31%
 187787 139504    21318.7039    98    21308.3827    21374.6848  5732549    0.31%
 188685 140126    21346.4661   232    21308.3827    21374.6190  5757198    0.31%
Elapsed time = 1791.73 sec. (985296.98 ticks, tree = 323.04 MB, solutions = 1)
 189695 140894    21314.4694   105    21308.3827    21374.5681  5782104    0.31%
 190663 141596    21313.1421   199    21308.3827    21374.5059  5807451    0.31%
 191710 142318    21337.8167   166    21308.3827    21374.4256  5832624    0.31%
 192573 142946    21310.8682    82    21308.3827    21374.3625  5858186    0.31%
 193315 143454    21332.0205   264    21308.3827    21374.2985  5882803    0.31%
 194237 144112        cutoff          21308.3827    21374.2471  5905541    0.31%
 195175 144761    21321.1702    36    21308.3827    21374.1663  5929487    0.31%
 196201 145457    21363.4420   134    21308.3827    21374.0938  5954480    0.31%
 197163 146173    21331.9624   106    21308.3827    21374.0412  5978811    0.31%
 198040 146798    21315.6002    99    21308.3827    21373.9684  6003814    0.31%
Elapsed time = 1859.62 sec. (1023492.21 ticks, tree = 338.24 MB, solutions = 1)
 198848 147331    21335.4555   143    21308.3827    21373.9070  6028499    0.31%
 199810 148007    21338.2529   169    21308.3827    21373.8411  6052253    0.31%
 200641 148571    21326.5284    77    21308.3827    21373.7924  6075968    0.31%
 201537 149174    21321.7131   104    21308.3827    21373.7393  6101176    0.31%
 202426 149745    21339.0456   108    21308.3827    21373.6694  6125578    0.31%
 203353 150389    21339.8876   162    21308.3827    21373.6186  6148913    0.31%
 204247 151002    21356.5526   105    21308.3827    21373.5386  6172230    0.31%
 205104 151574    21353.4736   107    21308.3827    21373.4588  6195960    0.31%
 206107 152260    21315.0507   165    21308.3827    21373.3886  6220679    0.31%
 207007 152880    21331.0643    97    21308.3827    21373.3162  6246471    0.30%
Elapsed time = 1926.50 sec. (1061689.71 ticks, tree = 352.11 MB, solutions = 1)
 207953 153505    21328.6195    98    21308.3827    21373.2365  6272004    0.30%
 208882 154163        cutoff          21308.3827    21373.1770  6296832    0.30%
 209820 154813    21359.7460   204    21308.3827    21373.1047  6322261    0.30%
 210684 155407    21328.8571   112    21308.3827    21373.0414  6347994    0.30%
 211577 156003    21319.6519   177    21308.3827    21372.9694  6373506    0.30%
 212524 156626    21332.5303   141    21308.3827    21372.9043  6398828    0.30%
 213519 157318    21343.8097   153    21308.3827    21372.8279  6424154    0.30%
 214414 157921    21323.0338   129    21308.3827    21372.7533  6450754    0.30%
 215209 158439    21323.0163    79    21308.3827    21372.6864  6474314    0.30%
 216089 159066    21354.1832   256    21308.3827    21372.6340  6499209    0.30%
Elapsed time = 1993.38 sec. (1099853.96 ticks, tree = 367.33 MB, solutions = 1)
 217125 159820    21329.3985    85    21308.3827    21372.5719  6523087    0.30%
 218080 160452    21325.5316   252    21308.3827    21372.4974  6548735    0.30%
 218953 161054    21311.0351   128    21308.3827    21372.4380  6572695    0.30%
 219843 161661    21340.5701   120    21308.3827    21372.3817  6598276    0.30%
 220671 162195        cutoff          21308.3827    21372.2986  6623158    0.30%
 221542 162776        cutoff          21308.3827    21372.2262  6646284    0.30%
 222338 163258    21310.0979    66    21308.3827    21372.1417  6671094    0.30%
 223417 164015    21340.9412   181    21308.3827    21372.0837  6693405    0.30%
 224286 164576    21326.6205   135    21308.3827    21372.0219  6718459    0.30%
 225156 165166    21342.1302    78    21308.3827    21371.9707  6741197    0.30%
Elapsed time = 2060.31 sec. (1138110.56 ticks, tree = 381.26 MB, solutions = 1)
 226105 165840    21338.1611    84    21308.3827    21371.9237  6765389    0.30%
 227029 166476    21342.9653   115    21308.3827    21371.8728  6789723    0.30%
 227955 167117    21361.9518   146    21308.3827    21371.7918  6815297    0.30%
 228842 167705    21320.0603   155    21308.3827    21371.7253  6839239    0.30%
 229745 168307    21316.0081   104    21308.3827    21371.6584  6864447    0.30%
 230599 168900    21350.8419   167    21308.3827    21371.5980  6889465    0.30%
 231438 169481    21325.0313   124    21308.3827    21371.5431  6913417    0.30%
 232325 170087    21318.8905    82    21308.3827    21371.4803  6936767    0.30%
 233294 170709    21347.5890   263    21308.3827    21371.4045  6962081    0.30%
 234174 171292    21314.8511    73    21308.3827    21371.3366  6986957    0.30%
Elapsed time = 2127.20 sec. (1176321.91 ticks, tree = 395.25 MB, solutions = 1)
 235182 171997    21344.2538   109    21308.3827    21371.2703  7012901    0.30%
 236025 172566    21323.0224   198    21308.3827    21371.2156  7038486    0.29%
 236889 173177    21314.5973    93    21308.3827    21371.1744  7063369    0.29%
 237879 173866    21355.1170   134    21308.3827    21371.1289  7088289    0.29%
 238844 174532    21322.2478    80    21308.3827    21371.0424  7113401    0.29%
 239780 175172    21316.8853    82    21308.3827    21370.9677  7137993    0.29%
 240698 175824    21327.5280   184    21308.3827    21370.9103  7161744    0.29%
 241678 176493        cutoff          21308.3827    21370.8642  7185941    0.29%
 242746 177260    21313.0047    67    21308.3827    21370.7875  7211209    0.29%
 243728 177973    21314.3187   124    21308.3827    21370.7369  7234289    0.29%
Elapsed time = 2194.05 sec. (1214498.18 ticks, tree = 410.52 MB, solutions = 1)
 244657 178574    21333.0949   226    21308.3827    21370.6748  7259291    0.29%
 245507 179143    21359.8031   149    21308.3827    21370.6168  7283063    0.29%
 246475 179820    21323.7101   246    21308.3827    21370.5442  7306711    0.29%
 247418 180461    21313.6930   178    21308.3827    21370.4979  7331742    0.29%
 248276 181038    21330.8580   120    21308.3827    21370.4501  7355832    0.29%
 249242 181730    21315.9740    84    21308.3827    21370.3997  7380548    0.29%
 250261 182459        cutoff          21308.3827    21370.3315  7405403    0.29%
 251197 183096    21339.0811   210    21308.3827    21370.2752  7429828    0.29%
 252101 183683    21330.8557   136    21308.3827    21370.2214  7455725    0.29%
 253017 184296    21313.0208   104    21308.3827    21370.1685  7481042    0.29%
Elapsed time = 2261.65 sec. (1252788.77 ticks, tree = 424.98 MB, solutions = 1)
 253989 184911    21350.1355   236    21308.3827    21370.0919  7506373    0.29%
 254836 185489    21320.0229   233    21308.3827    21370.0470  7531734    0.29%
 255706 186102    21358.3816   229    21308.3827    21370.0050  7554949    0.29%
 256491 186617    21348.6621   179    21308.3827    21369.9524  7580076    0.29%
 257475 187287    21353.1814   158    21308.3827    21369.9041  7603594    0.29%
 258393 187917    21346.0573   163    21308.3827    21369.8556  7629126    0.29%
 259353 188574    21323.9424   169    21308.3827    21369.8003  7653038    0.29%
 260291 189199    21345.3517   218    21308.3827    21369.7413  7678259    0.29%
 261336 189924    21325.5142   252    21308.3827    21369.6824  7704713    0.29%
 262248 190554    21357.2590   135    21308.3827    21369.6380  7728783    0.29%
Elapsed time = 2329.08 sec. (1291092.03 ticks, tree = 440.69 MB, solutions = 1)
 263178 191174    21359.5309   263    21308.3827    21369.5784  7752429    0.29%
 264075 191771    21359.8753   188    21308.3827    21369.4992  7776730    0.29%
 265005 192331    21343.8231   164    21308.3827    21369.4334  7800531    0.29%
 265957 192996    21313.9432   187    21308.3827    21369.3911  7825785    0.29%
 266892 193629    21341.4357   167    21308.3827    21369.3391  7849040    0.29%
 267810 194266        cutoff          21308.3827    21369.2931  7873954    0.29%
 268821 194973    21322.7819   142    21308.3827    21369.2483  7898612    0.29%
 269665 195523    21352.6461   172    21308.3827    21369.1935  7922967    0.29%
 270683 196227    21322.4782    90    21308.3827    21369.1416  7946366    0.29%
 271686 196897    21309.5116    80    21308.3827    21369.0813  7970148    0.28%
Elapsed time = 2395.28 sec. (1329295.58 ticks, tree = 455.44 MB, solutions = 1)
 272588 197504    21314.7569   236    21308.3827    21369.0284  7993832    0.28%
 273516 198099    21309.8069   231    21308.3827    21368.9663  8020790    0.28%
 274471 198736    21362.8370   230    21308.3827    21368.9028  8046117    0.28%
 275371 199344    21347.6351   195    21308.3827    21368.8537  8070218    0.28%
 276378 200037    21357.7560   157    21308.3827    21368.7963  8094719    0.28%
 277305 200659    21327.4976   139    21308.3827    21368.7522  8118854    0.28%
 278181 201246    21343.2957   260    21308.3827    21368.7062  8143888    0.28%
 278937 201719        cutoff          21308.3827    21368.6549  8168660    0.28%
 279748 202187    21328.4700    75    21308.3827    21368.5891  8193126    0.28%
 280677 202799    21340.5365   200    21308.3827    21368.5429  8217373    0.28%
Elapsed time = 2462.21 sec. (1367543.65 ticks, tree = 469.02 MB, solutions = 1)
 281702 203516    21335.2647   100    21308.3827    21368.5016  8241277    0.28%
 282754 204240    21330.8666   139    21308.3827    21368.4514  8266722    0.28%
 283643 204816    21322.3027   170    21308.3827    21368.3923  8291310    0.28%
 284515 205372    21344.4890   112    21308.3827    21368.3540  8316413    0.28%
 285455 206016    21320.7685    80    21308.3827    21368.3169  8341819    0.28%
 286151 206453    21354.1040   119    21308.3827    21368.2886  8365480    0.28%
 287053 207012    21322.7970   247    21308.3827    21368.2201  8389636    0.28%
 288000 207623    21340.1013   146    21308.3827    21368.1582  8415913    0.28%
 288908 208228    21315.9440    38    21308.3827    21368.1174  8440710    0.28%
 289760 208757    21341.7461    89    21308.3827    21368.0715  8465653    0.28%
Elapsed time = 2527.79 sec. (1405759.25 ticks, tree = 482.68 MB, solutions = 1)
 290611 209287        cutoff          21308.3827    21368.0148  8490809    0.28%
 291532 209896    21312.5704   120    21308.3827    21367.9746  8514628    0.28%
 292374 210443    21321.0969   230    21308.3827    21367.9218  8538822    0.28%
 293294 211016    21359.3227   148    21308.3827    21367.8670  8562390    0.28%
 294312 211701    21320.9607   101    21308.3827    21367.8199  8586133    0.28%
 295190 212217    21360.1451   161    21308.3827    21367.7637  8611630    0.28%
 296125 212865    21311.5192   187    21308.3827    21367.6998  8636814    0.28%
 297077 213443    21337.4766   179    21308.3827    21367.6456  8662180    0.28%
 297949 213983    21335.8173    74    21308.3827    21367.5934  8685541    0.28%
 298885 214551    21311.4608    63    21308.3827    21367.5423  8710758    0.28%
Elapsed time = 2593.55 sec. (1443948.57 ticks, tree = 495.95 MB, solutions = 1)
 299780 215135    21327.9193   102    21308.3827    21367.4963  8735245    0.28%
 300773 215780    21342.8775   196    21308.3827    21367.4304  8760802    0.28%
 301870 216514    21331.5820   123    21308.3827    21367.3834  8786222    0.28%
 302765 217128    21319.2313   146    21308.3827    21367.3464  8810358    0.28%
 303640 217691    21340.8575    68    21308.3827    21367.3078  8835911    0.28%
 304543 218282    21313.5354    30    21308.3827    21367.2614  8857340    0.28%
 305401 218865        cutoff          21308.3827    21367.2206  8881477    0.28%
 306438 219601    21344.4139   147    21308.3827    21367.1775  8905948    0.28%
 307418 220246    21344.8632    77    21308.3827    21367.1358  8931653    0.28%
 308311 220807    21341.1149   182    21308.3827    21367.0876  8958020    0.28%
Elapsed time = 2657.48 sec. (1482126.48 ticks, tree = 510.31 MB, solutions = 1)
 309305 221455    21333.5116   144    21308.3827    21367.0521  8983006    0.28%
 310247 222080    21336.3852    82    21308.3827    21367.0069  9007338    0.28%
 311069 222564    21326.4838   166    21308.3827    21366.9655  9030436    0.27%
 311969 223148    21336.4319   104    21308.3827    21366.9122  9055878    0.27%
 312944 223737        cutoff          21308.3827    21366.8659  9080996    0.27%
 313958 224418    21310.8645   104    21308.3827    21366.8153  9106357    0.27%
 314745 224844    21343.8794   208    21308.3827    21366.7593  9130079    0.27%
 315645 225442        cutoff          21308.3827    21366.7172  9153944    0.27%
 316660 226121    21337.8402   237    21308.3827    21366.6655  9177371    0.27%
 317577 226713    21312.8769   160    21308.3827    21366.6159  9201389    0.27%
Elapsed time = 2722.86 sec. (1520336.81 ticks, tree = 525.43 MB, solutions = 1)
 318446 227266    21343.9563    88    21308.3827    21366.5704  9225224    0.27%
 319293 227816    21317.8831   241    21308.3827    21366.5367  9248777    0.27%
 320095 228294        cutoff          21308.3827    21366.4925  9272807    0.27%
 321099 228976    21323.4563    67    21308.3827    21366.4552  9296022    0.27%
 322119 229615    21310.5389    90    21308.3827    21366.4087  9319132    0.27%
 323067 230184    21330.9513   166    21308.3827    21366.3657  9344163    0.27%
 323887 230664    21355.8867   254    21308.3827    21366.3161  9368977    0.27%
 324705 231184    21350.3656   214    21308.3827    21366.2886  9394759    0.27%
 325642 231799    21357.6086   123    21308.3827    21366.2481  9420109    0.27%
 326483 232326    21342.4505    84    21308.3827    21366.1963  9446146    0.27%
Elapsed time = 2788.66 sec. (1558563.49 ticks, tree = 538.38 MB, solutions = 1)
 327460 232933    21313.2037   116    21308.3827    21366.1485  9471929    0.27%
 328301 233452    21313.7376   188    21308.3827    21366.0929  9497708    0.27%
 329286 234079    21311.3835   202    21308.3827    21366.0448  9523900    0.27%
 330204 234699    21336.1589   153    21308.3827    21366.0048  9550445    0.27%
 331269 235388    21345.8028    98    21308.3827    21365.9653  9574912    0.27%
 332206 235961    21316.4711    74    21308.3827    21365.9001  9599256    0.27%
 333301 236740    21317.5896   139    21308.3827    21365.8537  9624285    0.27%
 334281 237367    21308.9295    68    21308.3827    21365.8119  9649345    0.27%
 335237 238001    21310.7681   129    21308.3827    21365.7718  9674846    0.27%
 335936 238428        cutoff          21308.3827    21365.7386  9697777    0.27%
Elapsed time = 2854.24 sec. (1596729.04 ticks, tree = 552.55 MB, solutions = 1)
 336667 238850    21331.8316   156    21308.3827    21365.6972  9721702    0.27%
 337510 239400    21355.7942   180    21308.3827    21365.6513  9746114    0.27%
 338401 239968    21323.7728   278    21308.3827    21365.6074  9772237    0.27%
 339298 240531    21328.3977   112    21308.3827    21365.5681  9795664    0.27%
 340195 241119    21316.5226    81    21308.3827    21365.5246  9819467    0.27%
 340983 241602    21311.3338   134    21308.3827    21365.4869  9842084    0.27%
 341876 242161    21320.8458   168    21308.3827    21365.4422  9866057    0.27%
 342773 242709    21327.0591   168    21308.3827    21365.3937  9890057    0.27%
 343769 243383    21338.0164   138    21308.3827    21365.3586  9913040    0.27%
 344751 244014    21327.1274   158    21308.3827    21365.3148  9938415    0.27%
Elapsed time = 2920.34 sec. (1634960.67 ticks, tree = 567.26 MB, solutions = 1)
 345746 244651    21329.7304    83    21308.3827    21365.2790  9961524    0.27%
 346655 245218    21331.1802    71    21308.3827    21365.2286  9986211    0.27%
 347657 245869    21349.5790   164    21308.3827    21365.1879 10010440    0.27%
 348517 246388    21340.8730   267    21308.3827    21365.1492 10036317    0.27%
 349390 246878        cutoff          21308.3827    21365.0936 10061930    0.27%
 350199 247406    21359.5806   208    21308.3827    21365.0525 10086930    0.27%
 351211 248111    21321.0317   117    21308.3827    21365.0199 10112869    0.27%
 352149 248698    21309.9859    41    21308.3827    21364.9844 10137117    0.27%
 353073 249237    21310.9974    78    21308.3827    21364.9444 10162667    0.27%
 353903 249745    21339.9482   270    21308.3827    21364.9013 10188018    0.27%
Elapsed time = 2986.65 sec. (1673176.02 ticks, tree = 580.44 MB, solutions = 1)
 354858 250374    21328.7686   162    21308.3827    21364.8610 10214034    0.27%
 355760 250956    21331.0411   109    21308.3827    21364.8123 10238701    0.26%
 356571 251393        cutoff          21308.3827    21364.7676 10264545    0.26%
 357432 251950    21328.7309   184    21308.3827    21364.7318 10289076    0.26%
 358475 252628    21313.0618   124    21308.3827    21364.6943 10314981    0.26%
 359341 253153    21334.7168   121    21308.3827    21364.6551 10341181    0.26%
 360304 253748        cutoff          21308.3827    21364.6184 10365396    0.26%
 361161 254278    21321.6453    87    21308.3827    21364.5773 10390783    0.26%
 362075 254852    21317.1420    75    21308.3827    21364.5364 10414806    0.26%
 362938 255408        cutoff          21308.3827    21364.4997 10439326    0.26%
Elapsed time = 3053.14 sec. (1711548.32 ticks, tree = 593.53 MB, solutions = 1)
 363792 255976    21341.6851    96    21308.3827    21364.4659 10461905    0.26%
 364719 256546    21360.9156   233    21308.3827    21364.4247 10487667    0.26%
 365514 257010    21338.7738   179    21308.3827    21364.3664 10513480    0.26%
 366465 257571    21353.8254    87    21308.3827    21364.3281 10539215    0.26%
 367307 258048    21315.1089   142    21308.3827    21364.2891 10563963    0.26%
 368163 258582    21308.9648   211    21308.3827    21364.2429 10590177    0.26%
 369052 259086    21329.2378   129    21308.3827    21364.1912 10613750    0.26%
 369976 259643    21342.9305   115    21308.3827    21364.1419 10639382    0.26%
 370866 260209    21326.5013   192    21308.3827    21364.1110 10662659    0.26%
 371652 260682    21334.1804   223    21308.3827    21364.0718 10685171    0.26%
Elapsed time = 3120.52 sec. (1749778.06 ticks, tree = 605.66 MB, solutions = 1)
 372575 261291    21315.9226   122    21308.3827    21364.0458 10710898    0.26%
 373465 261828    21322.7750   116    21308.3827    21364.0089 10736795    0.26%
 374390 262407    21329.3078    85    21308.3827    21363.9843 10761949    0.26%
 375259 262968    21323.2950   116    21308.3827    21363.9490 10788352    0.26%
 376090 263498    21313.0159    78    21308.3827    21363.9140 10811924    0.26%
 377125 264175    21314.7223    67    21308.3827    21363.8677 10837619    0.26%
 378004 264739    21322.2591   182    21308.3827    21363.8327 10861042    0.26%
 378877 265248        cutoff          21308.3827    21363.7903 10886531    0.26%
 379754 265790    21315.1864   106    21308.3827    21363.7471 10913128    0.26%
 380621 266331    21322.2906   142    21308.3827    21363.7149 10938447    0.26%
Elapsed time = 3186.76 sec. (1787946.86 ticks, tree = 618.64 MB, solutions = 1)
 381557 266894    21331.8966   215    21308.3827    21363.6693 10963025    0.26%
 382504 267497    21311.0983   140    21308.3827    21363.6211 10988371    0.26%
 383513 268091    21328.8363   117    21308.3827    21363.5673 11013768    0.26%
 384444 268623    21314.7034    45    21308.3827    21363.5215 11039701    0.26%
 385360 269159    21332.1670   174    21308.3827    21363.4775 11064141    0.26%
 386332 269734    21322.1265   119    21308.3827    21363.4309 11088805    0.26%
 387231 270270    21352.2539    85    21308.3827    21363.3906 11113166    0.26%
 388159 270900    21318.4250   200    21308.3827    21363.3640 11136684    0.26%
 388757 271265    21333.6038   175    21308.3827    21363.3460 11152543    0.26%
 389013 271420    21318.0481    97    21308.3827    21363.3340 11160437    0.26%
Elapsed time = 3253.28 sec. (1826276.42 ticks, tree = 630.34 MB, solutions = 1)
 389175 271479    21349.0341   219    21308.3827    21363.3156 11166612    0.26%
 389375 271606    21344.6672   251    21308.3827    21363.3088 11173721    0.26%
 389578 271752    21310.3166   177    21308.3827    21363.2993 11178515    0.26%
 389775 271858    21317.9826   173    21308.3827    21363.2889 11183842    0.26%
 389975 271987    21312.5257   102    21308.3827    21363.2789 11189271    0.26%
 390175 272112    21349.4563   113    21308.3827    21363.2690 11193851    0.26%
 390364 272200    21329.8427   191    21308.3827    21363.2590 11199355    0.26%
 390375 272207    21353.2226   106    21308.3827    21363.2589 11199593    0.26%
 390575 272333    21340.3188   106    21308.3827    21363.2515 11204884    0.26%
 390675 272394    21311.4776   190    21308.3827    21363.2455 11208372    0.26%
Elapsed time = 3339.52 sec. (1875310.97 ticks, tree = 634.46 MB, solutions = 1)
 390775 272458    21308.4078    88    21308.3827    21363.2426 11210722    0.26%
 390875 272509    21327.8397   102    21308.3827    21363.2360 11213926    0.26%
 390975 272553    21347.0334    93    21308.3827    21363.2257 11216849    0.26%
 391133 272645    21317.2209   189    21308.3827    21363.2172 11221470    0.26%
 391375 272796    21308.4386    98    21308.3827    21363.2071 11229265    0.26%
 391475 272862    21322.8569   138    21308.3827    21363.2034 11232048    0.26%
 392039 273199        cutoff          21308.3827    21363.1806 11247789    0.26%
 392675 273568    21345.1262    86    21308.3827    21363.1496 11265006    0.26%
 393275 273922    21321.1643   132    21308.3827    21363.1213 11281347    0.26%
 394045 274389    21333.4049   139    21308.3827    21363.0961 11299101    0.26%
Elapsed time = 3437.37 sec. (1930703.17 ticks, tree = 639.06 MB, solutions = 1)
 394616 274747    21317.8576   251    21308.3827    21363.0760 11317141    0.26%
 395310 275155    21315.0005   144    21308.3827    21363.0480 11335975    0.26%
 395884 275485        cutoff          21308.3827    21363.0224 11353970    0.26%
 396593 275911    21324.6467   107    21308.3827    21362.9985 11375085    0.26%
 397367 276408    21322.5576   122    21308.3827    21362.9711 11393367    0.26%
 397955 276725    21345.9020   181    21308.3827    21362.9359 11409736    0.26%
 398575 277126    21317.3543    90    21308.3827    21362.9114 11426700    0.26%
 399254 277551    21351.6477   104    21308.3827    21362.8866 11445840    0.26%
 399878 277919    21362.7759   226    21308.3827    21362.8602 11461828    0.26%
 400275 278156    21345.2222   158    21308.3827    21362.8398 11474677    0.26%
Elapsed time = 3505.41 sec. (1969262.82 ticks, tree = 647.72 MB, solutions = 1)
 400704 278398    21338.1160   127    21308.3827    21362.8183 11487517    0.26%
 401275 278771    21328.1900    98    21308.3827    21362.7959 11502670    0.26%
 401931 279162    21332.2449   258    21308.3827    21362.7689 11521646    0.26%
 402375 279382    21312.0091   115    21308.3827    21362.7410 11537187    0.26%
 403011 279746    21313.3756    61    21308.3827    21362.7134 11555301    0.25%
 403675 280127    21339.6865    97    21308.3827    21362.6891 11571892    0.25%
 404085 280352    21322.4510   266    21308.3827    21362.6665 11585418    0.25%
 404707 280763        cutoff          21308.3827    21362.6475 11600756    0.25%
 405167 281046    21311.9329   282    21308.3827    21362.6300 11613666    0.25%
 405713 281344    21308.8018   122    21308.3827    21362.6077 11629403    0.25%
Elapsed time = 3573.03 sec. (2007886.28 ticks, tree = 655.06 MB, solutions = 1)
 406275 281673    21312.6953   102    21308.3827    21362.5817 11646311    0.25%
 406839 281996    21315.2020   183    21308.3827    21362.5528 11664007    0.25%
 407392 282347    21314.8270   203    21308.3827    21362.5359 11679785    0.25%

Implied bound cuts applied:  1
Flow cuts applied:  86
Mixed integer rounding cuts applied:  357
Lift and project cuts applied:  84
Gomory fractional cuts applied:  52

Root node processing (before b&c):
  Real time             =    3.11 sec. (1612.51 ticks)
Sequential b&c:
  Real time             = 3596.90 sec. (2021970.26 ticks)
                          ------------
Total (root+branch&cut) = 3600.01 sec. (2023582.76 ticks)
