1 of 1 MIP starts provided solutions.
MIP start 'm1' defined initial solution with objective 16888.5384.
Tried aggregator 1 time.
MIP Presolve eliminated 1 rows and 1 columns.
Reduced MIP has 3251 rows, 1826 columns, and 21825 nonzeros.
Reduced MIP has 1426 binaries, 0 generals, 0 SOSs, and 0 indicators.
Presolve time = 0.01 sec. (7.26 ticks)
Probing time = 0.00 sec. (2.63 ticks)
Tried aggregator 1 time.
Reduced MIP has 3251 rows, 1826 columns, and 21825 nonzeros.
Reduced MIP has 1426 binaries, 0 generals, 0 SOSs, and 0 indicators.
Presolve time = 0.02 sec. (8.84 ticks)
Probing time = 0.00 sec. (2.66 ticks)
Clique table members: 712.
MIP emphasis: balance optimality and feasibility.
MIP search method: dynamic search.
Parallel mode: none, using 1 thread.
Root relaxation solution time = 0.03 sec. (15.44 ticks)

        Nodes                                         Cuts/
   Node  Left     Objective  IInf  Best Integer    Best Bound    ItCnt     Gap

*     0+    0                        16888.5384    19365.2992     1176   14.67%
      0     0    18602.9360   250    16888.5384    18602.9360     1176   10.15%
      0     0    17844.0630   200    16888.5384     Cuts: 551     1458    5.66%
      0     0    17540.4471   226    16888.5384     Cuts: 282     1659    3.86%
      0     0    17480.5474   232    16888.5384     Cuts: 104     1773    3.51%
      0     0    17462.1892   234    16888.5384      Cuts: 49     1824    3.40%
      0     0    17453.8809   235    16888.5384      Cuts: 30     1867    3.35%
      0     0    17449.5643   241    16888.5384      Cuts: 21     1891    3.32%
      0     0    17449.2249   244    16888.5384       Cuts: 7     1895    3.32%
      0     0    17448.7003   244    16888.5384       Cuts: 3     1900    3.32%
      0     2    17448.7003   244    16888.5384    17444.7732     1900    3.29%
Elapsed time = 0.78 sec. (418.27 ticks, tree = 0.00 MB, solutions = 1)
     70    72    17067.7255   125    16888.5384    17433.4818     2655    3.23%
    179   160    16992.0583   124    16888.5384    17433.0389     3785    3.22%
    341   308    16974.3961   178    16888.5384    17426.8142     4855    3.19%
    471   429    17187.2847   272    16888.5384    17187.2724     8402    1.77%
    472   430    17187.2539   271    16888.5384    17187.2466     8409    1.77%
    474   432    17184.1573   259    16888.5384    17183.4594     8444    1.75%
    481   435    17158.9566   231    16888.5384    17183.4594     8570    1.75%
    487   439    17084.3185   211    16888.5384    17183.4594     8732    1.75%
    493   437    16901.3624   214    16888.5384    17183.4594     8979    1.75%
    600   425    17084.9412   193    16888.5384    17165.4965    10656    1.64%
Elapsed time = 11.11 sec. (6783.83 ticks, tree = 0.60 MB, solutions = 1)
    916   558    17053.9095   198    16888.5384    17158.5423    14438    1.60%
   1321   738    16995.2735   184    16888.5384    17156.1553    17777    1.58%
   1760  1127    17006.7786   173    16888.5384    17146.9559    22195    1.53%
   2236  1563    17066.3130   200    16888.5384    17138.5289    26311    1.48%
   2838  2123    16966.0736    96    16888.5384    17124.2879    30561    1.40%
   3305  2525    17050.9680   237    16888.5384    17116.3886    35031    1.35%
   3944  3083    16919.7180   147    16888.5384    17111.9114    39615    1.32%
   4467  3539    17052.8703   222    16888.5384    17109.6986    44163    1.31%
   5043  4038    16891.8663   218    16888.5384    17107.5322    49451    1.30%
   5646  4570    17036.6749   197    16888.5384    17104.6689    55300    1.28%
Elapsed time = 25.58 sec. (16365.59 ticks, tree = 5.62 MB, solutions = 1)
   6272  5116    17058.4697   200    16888.5384    17102.6357    60826    1.27%
   6997  5762    16922.3739   207    16888.5384    17100.7327    66192    1.26%
   7590  6290    17008.8604   155    16888.5384    17097.7111    71024    1.24%
   8198  6827    16999.1481   153    16888.5384    17095.5643    76052    1.23%
   8761  7337    17036.0929   191    16888.5384    17094.6338    80615    1.22%
   9396  7907    16912.4993   160    16888.5384    17093.5081    85270    1.21%
   9891  8327        cutoff          16888.5384    17092.0384    90224    1.20%
  10400  8774    16996.3655   190    16888.5384    17090.7182    94812    1.20%
  11055  9364    17065.5552   242    16888.5384    17089.2754   100075    1.19%
  11662  9904    16993.5355   129    16888.5384    17087.5267   105632    1.18%
Elapsed time = 40.99 sec. (26781.24 ticks, tree = 12.19 MB, solutions = 1)
  12297 10462    16972.6808   215    16888.5384    17085.1111   111346    1.16%
  12915 11011    16932.7389   152    16888.5384    17083.8198   116933    1.16%
  13521 11542    16931.1466   161    16888.5384    17082.3989   122641    1.15%
  14071 12024    17023.7077   183    16888.5384    17081.4751   127033    1.14%
  14660 12548    17011.4707   223    16888.5384    17080.4734   132573    1.14%
  15161 12986    17013.9373   224    16888.5384    17079.3983   137762    1.13%
  15708 13465    16898.1374   158    16888.5384    17078.6132   142766    1.13%
  16260 13940        cutoff          16888.5384    17077.8725   147697    1.12%
  16901 14513    17005.5319   147    16888.5384    17077.0922   152241    1.12%
  17413 14947    16972.2996   154    16888.5384    17076.3266   157739    1.11%
Elapsed time = 55.02 sec. (36349.26 ticks, tree = 18.16 MB, solutions = 1)
  17989 15437    17014.8499   148    16888.5384    17075.7930   163711    1.11%
  18539 15894    16926.3442   192    16888.5384    17074.5249   168968    1.10%
  19128 16407    16909.8245    69    16888.5384    17073.7516   175011    1.10%
  19825 17020    16912.4477   115    16888.5384    17072.7503   180174    1.09%
  20502 17608    16928.3971   150    16888.5384    17072.0004   185857    1.09%
  21105 18123    16979.7841   151    16888.5384    17071.2382   191291    1.08%
  21702 18640    17010.6122   164    16888.5384    17070.4292   196206    1.08%
  22312 19191    16966.7378   164    16888.5384    17070.0382   201290    1.07%
  22875 19689    16912.3127   144    16888.5384    17069.5617   205977    1.07%
  23502 20207    17042.2217   141    16888.5384    17068.9768   210727    1.07%
Elapsed time = 68.94 sec. (45910.47 ticks, tree = 24.92 MB, solutions = 1)
  24081 20718    16923.6420   211    16888.5384    17068.4472   215810    1.07%
  24646 21196    16914.5086    82    16888.5384    17068.0910   221464    1.06%
  25279 21750    17033.9389   221    16888.5384    17067.5635   226683    1.06%
  25915 22299    16919.9675    75    16888.5384    17067.0073   232512    1.06%
  26562 22866    16935.1344   172    16888.5384    17066.5697   237584    1.05%
  27228 23445    16984.9594   166    16888.5384    17066.1107   243436    1.05%
  27864 24005    16912.0200   176    16888.5384    17065.7131   249820    1.05%
  28512 24574    16956.8688   218    16888.5384    17065.1933   255475    1.05%
  29150 25134    16892.8879   154    16888.5384    17064.8037   261698    1.04%
  29872 25759    16962.4935   114    16888.5384    17064.4126   266932    1.04%
Elapsed time = 82.74 sec. (55453.67 ticks, tree = 31.58 MB, solutions = 1)
  30517 26322    16900.3894   124    16888.5384    17063.9240   272725    1.04%
  31107 26825    17024.5136   181    16888.5384    17063.4569   278232    1.04%
  31697 27340    17048.1908   143    16888.5384    17062.8242   283647    1.03%
  32381 27938    16913.0479   164    16888.5384    17062.3253   288389    1.03%
  32986 28456    17024.9764   197    16888.5384    17061.7488   293805    1.03%
  33611 28993    16983.9131   180    16888.5384    17061.1640   299396    1.02%
  34203 29503    16967.6116   134    16888.5384    17060.5607   304639    1.02%
  34860 30072        cutoff          16888.5384    17060.1425   310361    1.02%
  35463 30566    16907.0267   110    16888.5384    17059.6419   316340    1.01%
  36060 31074    17022.7645   231    16888.5384    17059.2535   322210    1.01%
Elapsed time = 96.57 sec. (65026.37 ticks, tree = 37.97 MB, solutions = 1)
  36802 31724    16997.8561   205    16888.5384    17058.6347   327910    1.01%
  37479 32302    17020.6408   152    16888.5384    17058.1537   333880    1.00%
  38164 32884    16919.5704   148    16888.5384    17057.8364   339207    1.00%
  38794 33401    16895.6715    47    16888.5384    17057.2385   344906    1.00%
  39414 33910    16995.8017   208    16888.5384    17056.6016   351333    1.00%
  40085 34478    17003.3188   175    16888.5384    17056.1666   357322    0.99%
  40737 35024    16902.1841   185    16888.5384    17055.7161   363564    0.99%
  41381 35569    16920.6639   137    16888.5384    17055.2411   369026    0.99%
  41923 36007    16967.0598   211    16888.5384    17054.9115   374356    0.99%
  42609 36578    16922.7876   216    16888.5384    17054.4774   379579    0.98%
Elapsed time = 110.35 sec. (74583.92 ticks, tree = 45.54 MB, solutions = 1)
  43170 37056    17038.3011   228    16888.5384    17053.9957   384470    0.98%
  43798 37599    16989.0867   191    16888.5384    17053.5423   390214    0.98%
  44366 38073    16932.8459   149    16888.5384    17052.9991   395827    0.97%
  45001 38607    16953.4221   115    16888.5384    17052.6244   401251    0.97%
  45698 39208    16927.1330    96    16888.5384    17052.1025   406427    0.97%
  46378 39771        cutoff          16888.5384    17051.7951   412025    0.97%
  47117 40399    16891.0121   122    16888.5384    17051.3311   417925    0.96%
  47780 40950    16994.8827   151    16888.5384    17050.7763   423645    0.96%
  48441 41516    16936.3057   200    16888.5384    17050.4158   429616    0.96%
  49118 42098    16979.6261   204    16888.5384    17050.0421   435542    0.96%
Elapsed time = 123.79 sec. (84128.44 ticks, tree = 52.20 MB, solutions = 1)
  49850 42733    16983.6016   240    16888.5384    17049.6212   441215    0.95%
  50529 43323    16914.1524   178    16888.5384    17049.3600   446745    0.95%
  51219 43894    16991.1280   231    16888.5384    17048.9425   452845    0.95%
  51904 44475    16945.0493   217    16888.5384    17048.5498   458822    0.95%
  52555 45015    16965.5587   212    16888.5384    17048.0630   464732    0.94%
  53223 45564        cutoff          16888.5384    17047.7338   470963    0.94%
  53815 46064    16914.0175   110    16888.5384    17047.4697   476291    0.94%
  54434 46599    16930.7407   151    16888.5384    17047.1076   481848    0.94%
  55039 47112    16917.2213   107    16888.5384    17046.8974   487469    0.94%
  57523 49157    16927.4398   195    16888.5384    17045.6188   508752    0.93%
Elapsed time = 142.05 sec. (96542.80 ticks, tree = 60.71 MB, solutions = 1)
  60163 51399    16976.3661   139    16888.5384    17044.5646   531043    0.92%
  62814 53603    16998.9705   139    16888.5384    17043.5466   552378    0.92%
  65442 55772    16936.4870   133    16888.5384    17042.4307   575047    0.91%
  68085 57973        cutoff          16888.5384    17041.3686   597413    0.90%
  70554 60012    16953.2862   138    16888.5384    17040.4663   619599    0.90%
  73077 62110    16940.0376   196    16888.5384    17039.5522   641093    0.89%
  75847 64404    16892.1495   142    16888.5384    17038.4473   663530    0.89%
  78423 66547    16965.7783   189    16888.5384    17037.4843   686800    0.88%
  81152 68733    16950.7071   140    16888.5384    17036.6396   709385    0.88%
  83732 70848    17006.6923   128    16888.5384    17035.5786   732186    0.87%
Elapsed time = 196.36 sec. (134709.61 ticks, tree = 88.83 MB, solutions = 1)
  86311 72918    16941.5780   161    16888.5384    17034.7538   754468    0.87%
  88932 75049    16907.4437   176    16888.5384    17034.1646   776916    0.86%
  91696 77310    16928.7580   118    16888.5384    17033.4728   798824    0.86%
  94157 79256    16975.7151   148    16888.5384    17032.6963   822390    0.85%
  96891 81475    17023.1834   225    16888.5384    17031.7113   846130    0.85%
  99513 83599    16927.2786   158    16888.5384    17030.9827   870030    0.84%
 102191 85783    16946.1311   101    16888.5384    17030.1939   891245    0.84%
 104785 87848    16992.7041   169    16888.5384    17029.4971   913791    0.83%
 107489 90061    16936.2203   181    16888.5384    17028.9766   935067    0.83%
 110279 92362    16912.5112   136    16888.5384    17028.3163   958387    0.83%
Elapsed time = 251.04 sec. (172874.23 ticks, tree = 114.87 MB, solutions = 1)
 113204 94768    16893.5390   153    16888.5384    17027.7596   980976    0.82%
 115985 97023    16889.7058   161    16888.5384    17027.1067  1004613    0.82%
 118924 99394    16932.8554   135    16888.5384    17026.5253  1026706    0.82%
 121842 101782    16995.6355   137    16888.5384    17025.9389  1048920    0.81%
 124500 103909    16932.6464   149    16888.5384    17025.3842  1071385    0.81%
 127109 105983    16946.1851   194    16888.5384    17024.7818  1093645    0.81%
 129750 108138    16980.5528   179    16888.5384    17024.3041  1115055    0.80%
 132650 110483    16926.2070    79    16888.5384    17023.8375  1136968    0.80%
 135410 112697    16905.1308   220    16888.5384    17023.3222  1159085    0.80%
 138193 114933    16958.0339   131    16888.5384    17022.7449  1181507    0.79%
Elapsed time = 304.39 sec. (211038.18 ticks, tree = 142.22 MB, solutions = 1)
 141061 117250    16930.8303   191    16888.5384    17022.2762  1204473    0.79%
 143871 119551    16930.6544   130    16888.5384    17021.8239  1227035    0.79%
 146641 121795    16929.1761   187    16888.5384    17021.3369  1248934    0.79%
 149310 123855    16913.2253   138    16888.5384    17020.9137  1271292    0.78%
 152020 125996        cutoff          16888.5384    17020.5418  1292782    0.78%
 154871 128250    16905.7747   194    16888.5384    17020.0293  1316641    0.78%
 157510 130341    16974.4115   208    16888.5384    17019.5647  1340367    0.78%
 160134 132415    16898.9096   131    16888.5384    17019.1822  1363467    0.77%
 162796 134517    16951.0500   140    16888.5384    17018.7759  1387104    0.77%
 165665 136786    16913.1820    88    16888.5384    17018.3251  1410027    0.77%
Elapsed time = 358.38 sec. (249215.65 ticks, tree = 170.45 MB, solutions = 1)
 168376 138934    16980.7611   141    16888.5384    17017.9775  1432541    0.77%
 171097 141092    16920.4775   215    16888.5384    17017.5912  1454462    0.76%
 173899 143287        cutoff          16888.5384    17017.2497  1476700    0.76%
 176619 145447    16983.3399   161    16888.5384    17016.8999  1498944    0.76%
 179271 147467    16957.7002   210    16888.5384    17016.4936  1523476    0.76%
 182077 149606    16924.0608   150    16888.5384    17016.1081  1547602    0.76%
 184870 151764    16898.7340   136    16888.5384    17015.6551  1572679    0.75%
 187579 153850    16933.7245   198    16888.5384    17015.3037  1596879    0.75%
 190380 156020    16922.5572   148    16888.5384    17014.9234  1620188    0.75%
 193114 158168    16994.2674   129    16888.5384    17014.6011  1643664    0.75%
Elapsed time = 414.32 sec. (287370.00 ticks, tree = 197.59 MB, solutions = 1)
 195827 160335    16893.1533   178    16888.5384    17014.3245  1665764    0.74%
 198571 162525    16900.6516   166    16888.5384    17013.9761  1688577    0.74%
 201229 164552    16976.9311   161    16888.5384    17013.6210  1712062    0.74%
 204035 166728    16931.3906   179    16888.5384    17013.2190  1735741    0.74%
 206818 168858    16948.3642   205    16888.5384    17012.8394  1761231    0.74%
 209608 170990    16958.1370   219    16888.5384    17012.5086  1785469    0.73%
 212432 173220    16907.7717    98    16888.5384    17012.1946  1809761    0.73%
 215220 175330        cutoff          16888.5384    17011.8845  1834102    0.73%
 218075 177521    16957.0212   125    16888.5384    17011.5396  1859031    0.73%
 220790 179647    16892.2568    69    16888.5384    17011.2645  1884424    0.73%
Elapsed time = 469.76 sec. (325531.78 ticks, tree = 223.80 MB, solutions = 1)
 223450 181703    16936.2879   156    16888.5384    17011.0070  1907941    0.73%
 226116 183733    16975.9881   198    16888.5384    17010.7114  1931937    0.72%
 228874 185801    16940.3921   222    16888.5384    17010.4137  1955663    0.72%
 231645 187935    16947.7653   122    16888.5384    17010.0925  1980314    0.72%
 234464 190087    16901.5489    95    16888.5384    17009.8094  2004226    0.72%
 237292 192248    16981.6408   152    16888.5384    17009.5372  2028265    0.72%
 240116 194437    16894.9921   188    16888.5384    17009.2626  2052291    0.71%
 242945 196637    16944.7276   165    16888.5384    17008.9968  2077279    0.71%
 245778 198856    16897.8688   116    16888.5384    17008.7093  2101830    0.71%
 248420 200811    16916.4837   136    16888.5384    17008.4568  2126379    0.71%
Elapsed time = 526.29 sec. (363685.75 ticks, tree = 250.91 MB, solutions = 1)
 251006 202779    16897.7971   160    16888.5384    17008.1804  2150074    0.71%
 253724 204838    16962.7918   135    16888.5384    17007.8858  2173445    0.71%
 256507 206988    16917.2431   145    16888.5384    17007.6136  2196543    0.71%
 259356 209222    16950.7318   198    16888.5384    17007.3604  2220623    0.70%
 262261 211440    16918.4914   121    16888.5384    17007.1032  2244423    0.70%
 265095 213583    16894.7869   123    16888.5384    17006.8469  2268839    0.70%
 267928 215702    16904.7245   119    16888.5384    17006.6060  2293608    0.70%
 270685 217799    16898.8992   186    16888.5384    17006.3665  2318792    0.70%
 273643 220068    16919.3972   138    16888.5384    17006.1370  2342658    0.70%
 276494 222267    16948.2196   120    16888.5384    17005.8992  2365932    0.69%
Elapsed time = 580.22 sec. (401840.37 ticks, tree = 277.10 MB, solutions = 1)
 279308 224419    16906.0681    65    16888.5384    17005.6635  2388899    0.69%
 282043 226459    16899.6944   110    16888.5384    17005.4008  2412944    0.69%
 284810 228539    16983.5163   172    16888.5384    17005.1537  2437169    0.69%
 287604 230657    16910.8941   168    16888.5384    17004.9106  2461355    0.69%
 290540 232922    16949.8175   143    16888.5384    17004.6855  2484461    0.69%
 293327 235051    16935.5884   147    16888.5384    17004.4233  2508792    0.69%
 296084 237118    16913.4904   147    16888.5384    17004.1630  2533160    0.68%
 298765 239103    16944.0435   170    16888.5384    17003.9016  2557093    0.68%
 301517 241186    16953.1554   163    16888.5384    17003.6753  2580455    0.68%
 304091 243104        cutoff          16888.5384    17003.4519  2603160    0.68%
Elapsed time = 634.09 sec. (439993.72 ticks, tree = 304.12 MB, solutions = 1)
 306871 245256    16951.2885   167    16888.5384    17003.2075  2625718    0.68%
 309446 247146    16935.2138    89    16888.5384    17003.0031  2649802    0.68%
 312176 249115        cutoff          16888.5384    17002.7697  2674282    0.68%
 314951 251200    16942.0894   183    16888.5384    17002.5797  2698198    0.68%
 317672 253195    16937.6047   148    16888.5384    17002.3385  2722323    0.67%
 320531 255339    16923.7904   130    16888.5384    17002.0690  2746621    0.67%
 323412 257464        cutoff          16888.5384    17001.8534  2771386    0.67%
 326207 259548    16902.3158   139    16888.5384    17001.6117  2796322    0.67%
 328950 261557    16961.4548   118    16888.5384    17001.4007  2821360    0.67%
 331788 263650    16966.3938   163    16888.5384    17001.1856  2846586    0.67%
Elapsed time = 688.91 sec. (478168.48 ticks, tree = 329.25 MB, solutions = 1)
 334541 265632    16947.9115   196    16888.5384    17000.9520  2872629    0.67%
 337289 267664        cutoff          16888.5384    17000.7366  2897256    0.66%
 340075 269706    16975.1911   179    16888.5384    17000.5120  2921915    0.66%
 342814 271729    16922.9517   176    16888.5384    17000.3093  2945607    0.66%
 345540 273685    16922.4967    86    16888.5384    17000.0917  2970038    0.66%
 348317 275725    16907.8527   156    16888.5384    16999.9147  2994202    0.66%
 351119 277785    16963.9822   144    16888.5384    16999.7371  3018875    0.66%
 353905 279816    16916.3336    67    16888.5384    16999.5533  3043392    0.66%
 356799 281998    16929.2928    74    16888.5384    16999.3683  3067566    0.66%
 359657 284126    16959.3577   176    16888.5384    16999.1519  3091637    0.65%
Elapsed time = 745.21 sec. (516336.07 ticks, tree = 356.19 MB, solutions = 1)
 362479 286190    16923.3314   149    16888.5384    16998.9691  3115976    0.65%
 365343 288331    16898.9131   174    16888.5384    16998.7891  3139636    0.65%
 368220 290486    16927.2199   152    16888.5384    16998.5936  3163628    0.65%
 370989 292491    16963.1140   143    16888.5384    16998.3833  3189239    0.65%
 373801 294565    16889.6792   182    16888.5384    16998.2206  3212905    0.65%
 376631 296679    16918.9932   116    16888.5384    16998.0527  3236337    0.65%
 379465 298763    16945.6646   108    16888.5384    16997.8849  3260265    0.65%
 382213 300754    16978.4934   147    16888.5384    16997.7266  3283760    0.65%
 384910 302652    16990.4492   168    16888.5384    16997.5352  3309239    0.65%
 387671 304647    16903.0309   131    16888.5384    16997.3438  3333961    0.64%
Elapsed time = 801.50 sec. (554502.28 ticks, tree = 381.31 MB, solutions = 1)
 390481 306629    16905.3754   181    16888.5384    16997.1586  3359345    0.64%
 393299 308700    16935.6304   123    16888.5384    16996.9784  3383808    0.64%
 396198 310803    16889.4135   231    16888.5384    16996.7898  3409013    0.64%
 399081 312899    16905.5729   106    16888.5384    16996.6298  3433753    0.64%
 401941 314931    16969.1653   183    16888.5384    16996.4619  3458074    0.64%
 404846 317064    16906.7830   114    16888.5384    16996.2951  3482198    0.64%
 407779 319215    16939.3657   203    16888.5384    16996.1138  3505745    0.64%
 410544 321249    16910.5084   156    16888.5384    16995.9352  3528967    0.64%
 413342 323258    16904.8113   173    16888.5384    16995.7575  3552782    0.63%
 416191 325305    16964.5367   179    16888.5384    16995.5784  3576225    0.63%
Elapsed time = 858.30 sec. (592659.84 ticks, tree = 406.61 MB, solutions = 1)
 419009 327256    16893.4029   127    16888.5384    16995.4045  3599522    0.63%
 421789 329227    16955.6593   227    16888.5384    16995.2264  3623146    0.63%
 424723 331336    16958.7340   188    16888.5384    16995.0802  3647717    0.63%
 427614 333368    16929.7378   162    16888.5384    16994.8966  3673085    0.63%
 430421 335400    16925.4852   186    16888.5384    16994.7385  3697647    0.63%
 433232 337335    16938.1254   147    16888.5384    16994.5670  3722749    0.63%
 436159 339391    16901.4229   133    16888.5384    16994.3873  3747445    0.63%
 438957 341364    16907.8479   163    16888.5384    16994.2116  3772888    0.63%
 441751 343300    16913.4770   151    16888.5384    16994.0101  3797177    0.62%
 444573 345275    16915.2571   131    16888.5384    16993.8689  3821149    0.62%
Elapsed time = 912.36 sec. (630814.67 ticks, tree = 433.37 MB, solutions = 1)
 447279 347188        cutoff          16888.5384    16993.7213  3844765    0.62%
 450113 349197    16955.6956   152    16888.5384    16993.5625  3867477    0.62%
 452879 351067    16947.0967   125    16888.5384    16993.3797  3891486    0.62%
 455657 352998    16910.6376   217    16888.5384    16993.2341  3915338    0.62%
 458586 355101    16906.4260   175    16888.5384    16993.0751  3939506    0.62%
 461517 357211    16901.4142    94    16888.5384    16992.9298  3963993    0.62%
 464415 359264    16940.1259   138    16888.5384    16992.7471  3987934    0.62%
 467351 361359    16954.9493   123    16888.5384    16992.6116  4012578    0.62%
 470168 363350    16908.3503    82    16888.5384    16992.4724  4037174    0.62%
 472986 365265    16919.6230   145    16888.5384    16992.3291  4060869    0.61%
Elapsed time = 965.74 sec. (668973.11 ticks, tree = 457.90 MB, solutions = 1)
 475934 367351    16911.0475   112    16888.5384    16992.1926  4085105    0.61%
 478827 369418    16893.0885   165    16888.5384    16992.0443  4109123    0.61%
 481634 371447    16911.1684   120    16888.5384    16991.9032  4132841    0.61%
 484416 373362    16957.4757   161    16888.5384    16991.7597  4156418    0.61%
 487156 375237    16977.4094   144    16888.5384    16991.5970  4180919    0.61%
 489985 377236    16959.4176   115    16888.5384    16991.4335  4204869    0.61%
 492779 379217    16965.6096   113    16888.5384    16991.2722  4228155    0.61%
 495572 381191    16958.6763   159    16888.5384    16991.1326  4251780    0.61%
 498448 383294    16914.4051   112    16888.5384    16991.0011  4275422    0.61%
 501267 385245    16891.5797   100    16888.5384    16990.8397  4299292    0.61%
Elapsed time = 1019.09 sec. (707131.72 ticks, tree = 482.40 MB, solutions = 1)
 504082 387223    16951.3424   156    16888.5384    16990.7008  4323241    0.60%
 507093 389388    16894.7451    63    16888.5384    16990.5691  4346663    0.60%
 509764 391258    16928.8865   143    16888.5384    16990.4351  4369773    0.60%
 512540 393288    16974.1530   130    16888.5384    16990.3168  4392539    0.60%
 515466 395417    16966.9430   183    16888.5384    16990.1755  4415216    0.60%
 518259 397354    16892.0145   148    16888.5384    16990.0463  4438119    0.60%
 520960 399307    16906.0011    84    16888.5384    16989.9078  4460965    0.60%
 523914 401457    16907.4946   188    16888.5384    16989.7697  4483184    0.60%
 526555 403295    16934.3451   176    16888.5384    16989.6345  4506763    0.60%
 529400 405346    16908.4159   125    16888.5384    16989.5363  4530449    0.60%
Elapsed time = 1071.36 sec. (745296.27 ticks, tree = 509.75 MB, solutions = 1)
 532237 407290        cutoff          16888.5384    16989.3791  4555006    0.60%
 534907 409179    16917.3842   218    16888.5384    16989.2404  4577333    0.60%
 537718 411132    16914.1388   195    16888.5384    16989.1103  4600913    0.60%
 540530 413092    16916.8489    67    16888.5384    16988.9887  4624991    0.59%
 543217 414950    16961.7292   135    16888.5384    16988.8633  4648126    0.59%
 546075 416998    16968.3760   124    16888.5384    16988.7309  4672365    0.59%
 548830 418974    16913.8860   187    16888.5384    16988.6262  4694416    0.59%
 551660 420952    16945.9450   124    16888.5384    16988.5118  4717777    0.59%
 554455 422884    16951.6291   157    16888.5384    16988.4005  4742687    0.59%
 557357 424953    16916.2123   204    16888.5384    16988.2733  4766591    0.59%
Elapsed time = 1123.96 sec. (783464.47 ticks, tree = 533.79 MB, solutions = 1)
 560121 426846        cutoff          16888.5384    16988.1399  4790028    0.59%
 562941 428792    16934.9178   145    16888.5384    16988.0194  4814035    0.59%
 565798 430798    16952.2285   181    16888.5384    16987.8968  4837543    0.59%
 568548 432637    16970.9693   198    16888.5384    16987.7708  4862238    0.59%
 571243 434490    16965.3550   149    16888.5384    16987.6389  4885801    0.59%
 573973 436452    16913.7294   181    16888.5384    16987.5283  4907574    0.59%
 576674 438324    16945.4607   127    16888.5384    16987.4154  4930292    0.59%
 579397 440186    16962.7304   128    16888.5384    16987.2878  4954086    0.58%
 582287 442158    16946.2017   113    16888.5384    16987.1609  4978273    0.58%
 585018 444044    16933.4634   153    16888.5384    16987.0315  5002252    0.58%
Elapsed time = 1176.86 sec. (821638.04 ticks, tree = 557.26 MB, solutions = 1)
 587867 446003    16915.2436   196    16888.5384    16986.8990  5027560    0.58%
 590763 447993    16897.2171   200    16888.5384    16986.7621  5052756    0.58%
 593544 449837        cutoff          16888.5384    16986.6177  5078469    0.58%
 596452 451900    16895.8158   159    16888.5384    16986.5057  5102776    0.58%
 599345 453898    16893.3987   138    16888.5384    16986.3757  5128141    0.58%
 602084 455749    16922.7703   142    16888.5384    16986.2541  5151674    0.58%
 604567 457438    16891.5893   180    16888.5384    16986.1611  5172580    0.58%
 607398 459396    16906.5711   169    16888.5384    16986.0420  5195857    0.58%
 610231 461388    16927.7735   115    16888.5384    16985.9115  5219556    0.58%
 613103 463415    16892.6129    66    16888.5384    16985.7974  5243244    0.58%
Elapsed time = 1228.97 sec. (859794.74 ticks, tree = 581.13 MB, solutions = 1)
 615959 465358    16953.2028   172    16888.5384    16985.6801  5267185    0.58%
 618789 467288    16892.3888   104    16888.5384    16985.5474  5291275    0.57%
 621653 469301        cutoff          16888.5384    16985.4469  5314935    0.57%
 624522 471257    16928.6554   165    16888.5384    16985.3498  5338342    0.57%
 627407 473268        cutoff          16888.5384    16985.2423  5362737    0.57%
 630246 475219    16892.8309   179    16888.5384    16985.1178  5386939    0.57%
 633181 477176    16904.2257   118    16888.5384    16984.9921  5411169    0.57%
 635960 479064    16931.7702   161    16888.5384    16984.8894  5436436    0.57%
 638954 481114    16954.6486   119    16888.5384    16984.7631  5461579    0.57%
 641810 483078    16970.7546   120    16888.5384    16984.6672  5485936    0.57%
Elapsed time = 1281.78 sec. (897961.35 ticks, tree = 608.62 MB, solutions = 1)
 644683 485016    16929.1509   125    16888.5384    16984.5402  5510155    0.57%
 647591 487104    16940.3264   118    16888.5384    16984.4434  5534087    0.57%
 650329 488943    16908.8207   121    16888.5384    16984.3337  5557899    0.57%
 653132 490850        cutoff          16888.5384    16984.2357  5583011    0.57%
 655991 492800    16979.1787   148    16888.5384    16984.1091  5606452    0.57%
 658774 494732    16950.5518   137    16888.5384    16984.0190  5629652    0.57%
 661624 496705    16923.3700   137    16888.5384    16983.9226  5653938    0.56%
 664565 498724        cutoff          16888.5384    16983.8193  5678105    0.56%
 667313 500622    16915.8860   168    16888.5384    16983.7136  5700789    0.56%
 670161 502598    16897.3827   101    16888.5384    16983.6135  5723626    0.56%
Elapsed time = 1334.29 sec. (936117.34 ticks, tree = 632.69 MB, solutions = 1)
 673055 504581    16926.9421   169    16888.5384    16983.5228  5747756    0.56%
 675992 506586    16943.2711   110    16888.5384    16983.4113  5771741    0.56%
 678871 508597    16890.1181   169    16888.5384    16983.2915  5795732    0.56%
 681751 510561    16903.8115   168    16888.5384    16983.1785  5819606    0.56%
 684672 512594    16904.2732   187    16888.5384    16983.0745  5844370    0.56%
 687679 514676        cutoff          16888.5384    16982.9617  5869342    0.56%
 690530 516611    16935.8175   208    16888.5384    16982.8490  5894087    0.56%
 693467 518614    16962.4731   128    16888.5384    16982.7497  5917793    0.56%
 696426 520680        cutoff          16888.5384    16982.6474  5941791    0.56%
 699369 522656        cutoff          16888.5384    16982.5428  5966005    0.56%
Elapsed time = 1386.90 sec. (974300.02 ticks, tree = 657.42 MB, solutions = 1)
 702191 524574    16925.7709   222    16888.5384    16982.4473  5989192    0.56%
 705015 526505    16900.4588   164    16888.5384    16982.3510  6012627    0.56%
 707823 528374    16960.3856   144    16888.5384    16982.2522  6036538    0.55%
 710758 530375    16899.6022   119    16888.5384    16982.1426  6060411    0.55%
 713633 532310    16890.9896   108    16888.5384    16982.0364  6084138    0.55%
 716531 534303    16890.5297   200    16888.5384    16981.9420  6107658    0.55%
 719469 536355        cutoff          16888.5384    16981.8460  6131344    0.55%
 722355 538358    16942.0189   137    16888.5384    16981.7505  6155082    0.55%
 725271 540363    16951.1833   149    16888.5384    16981.6538  6178900    0.55%
 728255 542424    16921.8085   136    16888.5384    16981.5572  6202148    0.55%
Elapsed time = 1439.32 sec. (1012477.29 ticks, tree = 681.81 MB, solutions = 1)
 731205 544430    16955.4672   140    16888.5384    16981.4568  6226207    0.55%
 734127 546426    16930.0795   130    16888.5384    16981.3682  6249963    0.55%
 737025 548403    16900.3706   184    16888.5384    16981.2699  6274073    0.55%
 740043 550470    16960.8064   179    16888.5384    16981.1872  6297714    0.55%
 742985 552451    16895.8302   161    16888.5384    16981.0807  6322421    0.55%
 745933 554483        cutoff          16888.5384    16980.9767  6346144    0.55%
 748885 556525    16945.8372   151    16888.5384    16980.8897  6369682    0.55%
 751796 558459    16903.9495   134    16888.5384    16980.7946  6394072    0.55%
 754604 560291        cutoff          16888.5384    16980.6767  6418215    0.55%
 757498 562298    16931.6940   111    16888.5384    16980.5925  6441826    0.55%
Elapsed time = 1491.80 sec. (1050641.23 ticks, tree = 706.34 MB, solutions = 1)
 760426 564232    16926.1852   180    16888.5384    16980.5001  6465536    0.54%
 763401 566285    16919.1768   137    16888.5384    16980.4170  6488349    0.54%
 766344 568330    16927.4984   129    16888.5384    16980.3238  6512271    0.54%
 769227 570285    16894.9711   109    16888.5384    16980.2462  6536903    0.54%
 772035 572121    16949.9680   158    16888.5384    16980.1574  6561170    0.54%
 775007 574123    16898.2459    87    16888.5384    16980.0645  6585562    0.54%
 777951 576160    16911.7889   123    16888.5384    16979.9734  6609606    0.54%
 780846 578120    16922.9941   144    16888.5384    16979.8732  6634422    0.54%
 783790 580065    16942.3934   126    16888.5384    16979.7810  6658691    0.54%
 786847 582186    16917.3728    90    16888.5384    16979.6919  6683072    0.54%
Elapsed time = 1545.55 sec. (1088794.69 ticks, tree = 734.80 MB, solutions = 1)
 789779 584195    16952.5538   134    16888.5384    16979.6008  6707258    0.54%
 792815 586218    16962.9228   141    16888.5384    16979.5152  6731386    0.54%
 795778 588192    16922.7395    78    16888.5384    16979.4260  6754838    0.54%
 798817 590216    16902.0669   165    16888.5384    16979.3292  6778961    0.54%
 801736 592233    16924.7895   151    16888.5384    16979.2463  6801872    0.54%
 804655 594206    16898.4494   108    16888.5384    16979.1564  6824727    0.54%
 807544 596123    16895.3448   136    16888.5384    16979.0574  6848735    0.54%
 810402 598025    16932.8736    93    16888.5384    16978.9680  6872205    0.54%
 813276 599992        cutoff          16888.5384    16978.8817  6896086    0.53%
 816198 601983    16950.6460   130    16888.5384    16978.7920  6918981    0.53%
Elapsed time = 1597.86 sec. (1126950.10 ticks, tree = 759.25 MB, solutions = 1)
 819102 603925    16888.6855   116    16888.5384    16978.7182  6942695    0.53%
 822019 605823    16947.7095   149    16888.5384    16978.6219  6966551    0.53%
 824905 607679    16918.2445   111    16888.5384    16978.5439  6990670    0.53%
 827849 609610    16946.9511   126    16888.5384    16978.4662  7014802    0.53%
 830870 611711    16932.7756   125    16888.5384    16978.3745  7038485    0.53%
 833769 613682    16933.0052   150    16888.5384    16978.2945  7062312    0.53%
 836632 615507    16920.8233    87    16888.5384    16978.2048  7087148    0.53%
 839671 617573    16918.5663   114    16888.5384    16978.1028  7111796    0.53%
 842634 619601    16935.4503   128    16888.5384    16978.0199  7135569    0.53%
 845576 621559    16901.8297   109    16888.5384    16977.9335  7159568    0.53%
Elapsed time = 1649.74 sec. (1165134.47 ticks, tree = 783.44 MB, solutions = 1)
 848507 623519    16929.0528   210    16888.5384    16977.8489  7183623    0.53%
 851354 625383    16965.8220   145    16888.5384    16977.7716  7208552    0.53%
 854323 627335    16943.4481   166    16888.5384    16977.6861  7232450    0.53%
 857201 629333    16890.2463   144    16888.5384    16977.6164  7256006    0.53%
 860069 631265    16929.4479   137    16888.5384    16977.5312  7278984    0.53%
 862940 633160    16914.4724   164    16888.5384    16977.4507  7302870    0.53%
 865769 634965    16913.9147   171    16888.5384    16977.3566  7329616    0.53%
 868715 636934    16901.9876   107    16888.5384    16977.2792  7352589    0.53%
 871661 638912    16922.0767   143    16888.5384    16977.1905  7375749    0.52%
 874634 640891    16932.5428   139    16888.5384    16977.0989  7399499    0.52%
Elapsed time = 1702.09 sec. (1203289.39 ticks, tree = 807.33 MB, solutions = 1)
 877635 642893    16945.2268   115    16888.5384    16977.0223  7423284    0.52%
 880524 644716    16959.7212   181    16888.5384    16976.9350  7447416    0.52%
 883524 646710    16912.3638   141    16888.5384    16976.8498  7471181    0.52%
 886501 648717    16932.0574   164    16888.5384    16976.7661  7495051    0.52%
 889521 650787    16926.4651   119    16888.5384    16976.6964  7519053    0.52%
 892480 652698    16904.0995   152    16888.5384    16976.6123  7543398    0.52%
 895443 654652    16923.6896   183    16888.5384    16976.5272  7567223    0.52%
 898471 656681    16953.4600   114    16888.5384    16976.4450  7590721    0.52%
 901467 658702    16903.7989   157    16888.5384    16976.3727  7614779    0.52%
 904471 660722    16937.6108   146    16888.5384    16976.2934  7638048    0.52%
Elapsed time = 1753.53 sec. (1241545.22 ticks, tree = 831.83 MB, solutions = 1)
 907484 662750    16939.5999   131    16888.5384    16976.2047  7661842    0.52%
 910471 664714    16913.4934   178    16888.5384    16976.1287  7685326    0.52%
 913461 666751    16926.9433   172    16888.5384    16976.0510  7708571    0.52%
 916432 668745    16894.4649   130    16888.5384    16975.9828  7731968    0.52%
 919392 670738    16897.2802   162    16888.5384    16975.8910  7754405    0.52%
 922352 672719    16895.4358   124    16888.5384    16975.8228  7777205    0.52%
 925314 674705    16947.4667   166    16888.5384    16975.7389  7801027    0.52%
 928211 676642    16923.8664   191    16888.5384    16975.6660  7823499    0.52%
 931058 678519    16944.4267   108    16888.5384    16975.5976  7847212    0.52%
 933992 680442    16896.6052   102    16888.5384    16975.5243  7870796    0.52%
Elapsed time = 1805.19 sec. (1279715.33 ticks, tree = 860.87 MB, solutions = 1)
 936931 682373    16929.9067   120    16888.5384    16975.4364  7894732    0.51%
 939857 684269    16929.4430   118    16888.5384    16975.3491  7918215    0.51%
 942851 686258    16950.3447   146    16888.5384    16975.2639  7942415    0.51%
 945825 688201    16929.1322   115    16888.5384    16975.1802  7966195    0.51%
 948780 690164    16907.1903   103    16888.5384    16975.1088  7990449    0.51%
 951813 692127    16892.3279   183    16888.5384    16975.0385  8014044    0.51%
 954751 694076    16904.4394   130    16888.5384    16974.9556  8037249    0.51%
 957692 695934    16959.8900   153    16888.5384    16974.8795  8060460    0.51%
 960709 697993    16946.2011   131    16888.5384    16974.8000  8084461    0.51%
 963664 699876    16911.4749   115    16888.5384    16974.7289  8109182    0.51%
Elapsed time = 1857.31 sec. (1317871.45 ticks, tree = 884.90 MB, solutions = 1)
 966589 701772    16903.8537   126    16888.5384    16974.6514  8133031    0.51%
 969583 703773    16909.6574   146    16888.5384    16974.5816  8157152    0.51%
 972443 705614    16899.6439   131    16888.5384    16974.5158  8180505    0.51%
 975467 707580    16914.4054   140    16888.5384    16974.4330  8204314    0.51%
 978413 709527    16952.6541   146    16888.5384    16974.3564  8227377    0.51%
 981333 711465    16945.0848    99    16888.5384    16974.2866  8250124    0.51%
 984380 713546    16951.9690   149    16888.5384    16974.2177  8273245    0.51%
 987379 715539    16931.5629    79    16888.5384    16974.1397  8296747    0.51%
 990359 717514        cutoff          16888.5384    16974.0654  8319824    0.51%
 993266 719431    16936.4840   148    16888.5384    16973.9921  8343641    0.51%
Elapsed time = 1909.41 sec. (1356021.71 ticks, tree = 909.07 MB, solutions = 1)
 996277 721502    16945.8232    85    16888.5384    16973.9172  8367188    0.51%
 999272 723499    16902.9859   140    16888.5384    16973.8362  8390914    0.51%
 1002223 725384    16901.0781   140    16888.5384    16973.7547  8415090    0.50%
 1005249 727385    16920.1648   155    16888.5384    16973.6843  8438479    0.50%
 1008135 729235    16960.2110   134    16888.5384    16973.6064  8462751    0.50%
 1011104 731190    16940.9987   131    16888.5384    16973.5461  8486224    0.50%
 1014051 733004    16952.2000   137    16888.5384    16973.4597  8511067    0.50%
 1017075 734977    16912.5204   150    16888.5384    16973.3974  8534582    0.50%
 1020037 736871    16894.8485   125    16888.5384    16973.3242  8558866    0.50%
 1023034 738855    16908.2598   122    16888.5384    16973.2568  8581694    0.50%
Elapsed time = 1961.32 sec. (1394181.28 ticks, tree = 933.08 MB, solutions = 1)
 1025957 740733    16907.8981   178    16888.5384    16973.1832  8605900    0.50%
 1028901 742644    16895.3572   128    16888.5384    16973.1098  8630955    0.50%
 1031974 744702    16900.5862   116    16888.5384    16973.0448  8654348    0.50%
 1034978 746711    16913.5857   137    16888.5384    16972.9645  8677900    0.50%
 1037996 748719    16934.6574   179    16888.5384    16972.8960  8701053    0.50%
 1040805 750542    16895.3028   162    16888.5384    16972.8237  8725030    0.50%
 1043765 752507        cutoff          16888.5384    16972.7426  8748024    0.50%
 1046665 754393    16922.6418   136    16888.5384    16972.6734  8771520    0.50%
 1049535 756273        cutoff          16888.5384    16972.6100  8794609    0.50%
 1052365 758078    16917.0608   133    16888.5384    16972.5382  8819065    0.50%
Elapsed time = 2013.34 sec. (1432340.06 ticks, tree = 956.85 MB, solutions = 1)
 1055301 759941    16917.6770   158    16888.5384    16972.4625  8842641    0.50%
 1058320 761944    16920.2977   162    16888.5384    16972.4041  8865983    0.50%
 1061248 763896    16903.7969   114    16888.5384    16972.3410  8888901    0.50%
 1064288 765911    16914.2669   109    16888.5384    16972.2723  8912518    0.50%
 1067271 767878    16934.3206   123    16888.5384    16972.2026  8936337    0.50%
 1070325 769954    16902.3498    70    16888.5384    16972.1376  8960360    0.50%
 1073308 771962    16907.8567   147    16888.5384    16972.0758  8983686    0.49%
 1076278 773898    16896.5124   114    16888.5384    16972.0090  9008176    0.49%
 1079338 775850    16921.4379   138    16888.5384    16971.9467  9032541    0.49%
 1082324 777750    16892.8510   146    16888.5384    16971.8724  9056598    0.49%
Elapsed time = 2064.96 sec. (1470497.16 ticks, tree = 981.19 MB, solutions = 1)
 1085294 779662    16924.9231   221    16888.5384    16971.8006  9080407    0.49%
 1088198 781434    16950.8601   142    16888.5384    16971.7282  9104564    0.49%
 1091270 783439    16918.5017   165    16888.5384    16971.6617  9128448    0.49%
 1094272 785445    16909.1561   108    16888.5384    16971.6001  9151627    0.49%
 1097195 787285    16956.8201   133    16888.5384    16971.5391  9175370    0.49%
 1100134 789139    16933.0096   170    16888.5384    16971.4719  9198432    0.49%
 1103134 791088        cutoff          16888.5384    16971.4030  9221808    0.49%
 1106047 792990    16940.7179   165    16888.5384    16971.3295  9245124    0.49%
 1108928 794829        cutoff          16888.5384    16971.2615  9268393    0.49%
 1111765 796675    16908.2400    84    16888.5384    16971.1916  9291775    0.49%
Elapsed time = 2116.57 sec. (1508657.58 ticks, tree = 1004.60 MB, solutions = 1)
 1114679 798546    16947.1211   142    16888.5384    16971.1279  9315086    0.49%
 1117589 800386    16893.4500    83    16888.5384    16971.0504  9339078    0.49%
 1120546 802292    16889.0689    66    16888.5384    16970.9820  9362557    0.49%
 1123607 804340    16888.8825    70    16888.5384    16970.9144  9386090    0.49%
 1126471 806158    16931.2720   132    16888.5384    16970.8524  9409892    0.49%
 1129380 808017    16893.4731   155    16888.5384    16970.7879  9433506    0.49%
 1132331 809983    16895.7522   119    16888.5384    16970.7302  9456195    0.49%
 1135297 811923    16909.8047   100    16888.5384    16970.6574  9479350    0.49%
 1138276 813920    16938.8672   164    16888.5384    16970.5918  9503011    0.49%
 1141271 815842    16901.7724   144    16888.5384    16970.5197  9526580    0.49%
Elapsed time = 2168.31 sec. (1546823.95 ticks, tree = 1033.93 MB, solutions = 1)
 1144263 817763    16901.7262   167    16888.5384    16970.4582  9549966    0.49%
 1147306 819728    16920.9905   111    16888.5384    16970.3948  9573527    0.48%
 1150263 821592    16940.1721   138    16888.5384    16970.3165  9597462    0.48%
 1153341 823675    16901.2328   165    16888.5384    16970.2573  9620592    0.48%
 1156415 825734    16962.6305   168    16888.5384    16970.1901  9644286    0.48%
 1159271 827555    16923.9178   137    16888.5384    16970.1298  9667778    0.48%
 1162253 829450    16892.9217    89    16888.5384    16970.0574  9691062    0.48%
 1165194 831333    16899.0635   141    16888.5384    16969.9946  9715629    0.48%
 1168122 833253    16956.3461   109    16888.5384    16969.9279  9739090    0.48%
 1171082 835143    16950.5347   153    16888.5384    16969.8621  9762930    0.48%
Elapsed time = 2220.36 sec. (1584995.85 ticks, tree = 1057.81 MB, solutions = 1)
 1173995 836984        cutoff          16888.5384    16969.8046  9786746    0.48%
 1176941 838891    16915.7109    97    16888.5384    16969.7493  9810547    0.48%
 1179889 840822    16898.1097    88    16888.5384    16969.6985  9833528    0.48%
 1182853 842723    16925.5693   171    16888.5384    16969.6337  9856696    0.48%
 1185911 844762    16948.6973   127    16888.5384    16969.5786  9880236    0.48%
 1188812 846567    16915.4528   182    16888.5384    16969.5211  9904491    0.48%
 1191757 848435        cutoff          16888.5384    16969.4600  9928735    0.48%
 1194831 850451    16919.9837   140    16888.5384    16969.3982  9952332    0.48%
 1197775 852396        cutoff          16888.5384    16969.3373  9975687    0.48%
 1200827 854435    16893.0090   123    16888.5384    16969.2744  9999628    0.48%
Elapsed time = 2272.23 sec. (1623149.72 ticks, tree = 1081.68 MB, solutions = 1)
 1203803 856367    16900.0381   152    16888.5384    16969.2126 10022965    0.48%
 1206487 858142    16925.3117   134    16888.5384    16969.1585 10044256    0.48%
 1209563 860208    16942.0807   119    16888.5384    16969.0941 10067591    0.48%
 1212614 862231    16899.8251   102    16888.5384    16969.0321 10091003    0.48%
 1215572 864026    16924.8305   165    16888.5384    16968.9697 10115955    0.48%
 1218548 865857    16918.3218   109    16888.5384    16968.9068 10140022    0.48%
 1221559 867829    16906.9626   115    16888.5384    16968.8462 10162579    0.48%
 1224555 869740        cutoff          16888.5384    16968.7843 10186897    0.48%
 1227620 871727    16893.5095   168    16888.5384    16968.7190 10209840    0.47%
 1230555 873618    16935.5871   148    16888.5384    16968.6621 10232904    0.47%
Elapsed time = 2323.20 sec. (1662115.44 ticks, tree = 1105.42 MB, solutions = 1)
 1233464 875530    16932.4568   181    16888.5384    16968.6104 10256394    0.47%
 1236471 877446    16939.5176   140    16888.5384    16968.5536 10280131    0.47%
 1239478 879383    16954.0177   103    16888.5384    16968.5014 10302792    0.47%
 1242427 881274        cutoff          16888.5384    16968.4444 10326387    0.47%
 1245366 883186    16934.8780   136    16888.5384    16968.3864 10349515    0.47%
 1248417 885080    16949.9248   165    16888.5384    16968.3351 10373360    0.47%
 1251347 886888    16951.9715    99    16888.5384    16968.2774 10396478    0.47%
 1254391 888864    16908.9092   181    16888.5384    16968.2187 10419929    0.47%
 1257395 890764    16922.6576   120    16888.5384    16968.1595 10444173    0.47%
 1260423 892688    16923.2391   122    16888.5384    16968.0947 10467297    0.47%
Elapsed time = 2376.08 sec. (1700294.11 ticks, tree = 1129.03 MB, solutions = 1)
 1263451 894590    16908.8194   174    16888.5384    16968.0322 10490863    0.47%
 1266473 896576        cutoff          16888.5384    16967.9777 10515172    0.47%
 1269481 898422        cutoff          16888.5384    16967.9140 10539381    0.47%
 1272471 900389    16953.8669   173    16888.5384    16967.8652 10562475    0.47%
 1275499 902301    16955.9178   101    16888.5384    16967.8055 10586222    0.47%
 1278471 904224    16921.0529   137    16888.5384    16967.7505 10609008    0.47%
 1281455 906061    16892.5184    81    16888.5384    16967.6904 10632819    0.47%
 1284371 907875    16889.5302   129    16888.5384    16967.6332 10657261    0.47%
 1287373 909812    16945.8798   112    16888.5384    16967.5812 10680616    0.47%
 1290334 911672    16949.5510   128    16888.5384    16967.5268 10703897    0.47%
Elapsed time = 2427.79 sec. (1738470.91 ticks, tree = 1152.56 MB, solutions = 1)
 1293378 913620    16936.6663   165    16888.5384    16967.4759 10726714    0.47%
 1296362 915515    16942.6765   157    16888.5384    16967.4173 10749734    0.47%
 1299318 917351    16896.6711   173    16888.5384    16967.3573 10773860    0.47%
 1302215 919131        cutoff          16888.5384    16967.2986 10797475    0.47%
 1305251 921059    16906.5244    81    16888.5384    16967.2371 10821195    0.47%
 1308280 922985    16906.2322   140    16888.5384    16967.1873 10843505    0.47%
 1311287 924882    16895.6969    97    16888.5384    16967.1304 10865972    0.47%
 1314232 926725    16946.4390   124    16888.5384    16967.0719 10889430    0.47%
 1317270 928719    16957.3148   176    16888.5384    16967.0188 10912074    0.46%
 1320369 930636    16899.0501   122    16888.5384    16966.9597 10935839    0.46%
Elapsed time = 2479.29 sec. (1776627.31 ticks, tree = 1176.07 MB, solutions = 1)
 1323343 932548    16903.9809   142    16888.5384    16966.9017 10959398    0.46%
 1326272 934374    16904.8018    90    16888.5384    16966.8485 10982869    0.46%
 1329344 936335    16926.3103   113    16888.5384    16966.7933 11007427    0.46%
 1332329 938230        cutoff          16888.5384    16966.7378 11031834    0.46%
 1335337 940114    16897.6795   182    16888.5384    16966.6757 11055561    0.46%
 1338413 942045    16908.7591   150    16888.5384    16966.6191 11079430    0.46%
 1341436 943983    16896.9905    90    16888.5384    16966.5668 11102596    0.46%
 1344410 945832    16929.0635   171    16888.5384    16966.5105 11126307    0.46%
 1347359 947702    16939.0172   132    16888.5384    16966.4582 11149584    0.46%
 1350468 949711    16944.0429   158    16888.5384    16966.3999 11172507    0.46%
Elapsed time = 2531.02 sec. (1814779.04 ticks, tree = 1199.71 MB, solutions = 1)
 1353471 951569    16941.2820   121    16888.5384    16966.3397 11196617    0.46%
 1356534 953518    16896.8010    80    16888.5384    16966.2897 11219813    0.46%
 1359447 955343    16898.2079   175    16888.5384    16966.2230 11242246    0.46%
 1362492 957390    16906.9163   120    16888.5384    16966.1729 11265016    0.46%
 1365522 959327    16946.9677   149    16888.5384    16966.1214 11289099    0.46%
 1368380 961079    16895.5681   119    16888.5384    16966.0715 11313556    0.46%
 1371463 963080    16935.4638   134    16888.5384    16966.0277 11336437    0.46%
 1374429 964933    16894.6757   143    16888.5384    16965.9686 11360572    0.46%
 1377440 966783    16940.7091   152    16888.5384    16965.9067 11384770    0.46%
 1380310 968550    16927.1437   170    16888.5384    16965.8522 11408661    0.46%
Elapsed time = 2583.24 sec. (1852938.02 ticks, tree = 1223.06 MB, solutions = 1)
 1383342 970481    16895.8351   141    16888.5384    16965.8019 11432328    0.46%
 1386351 972340    16902.1010   206    16888.5384    16965.7511 11455385    0.46%
 1389378 974269    16907.0066   122    16888.5384    16965.7032 11478670    0.46%
 1392363 976109    16913.5324   143    16888.5384    16965.6505 11502475    0.46%
 1395417 978003    16943.7689   133    16888.5384    16965.5907 11526400    0.46%
 1398422 979968    16942.7317   126    16888.5384    16965.5445 11549137    0.46%
 1401394 981882    16891.5966   109    16888.5384    16965.4908 11573262    0.46%
 1404350 983705        cutoff          16888.5384    16965.4333 11597170    0.46%
 1407318 985578    16921.7209   132    16888.5384    16965.3789 11621339    0.45%
 1410401 987497    16936.9849   112    16888.5384    16965.3298 11645055    0.45%
Elapsed time = 2635.06 sec. (1891093.52 ticks, tree = 1253.30 MB, solutions = 1)
 1413439 989473    16930.5088   156    16888.5384    16965.2763 11668176    0.45%
 1416471 991408    16928.1451   127    16888.5384    16965.2252 11692177    0.45%
 1419517 993343    16931.1816   129    16888.5384    16965.1744 11714761    0.45%
 1422535 995227    16902.6671   214    16888.5384    16965.1250 11737682    0.45%
 1425582 997204    16908.0614    92    16888.5384    16965.0683 11761109    0.45%
 1428567 999119        cutoff          16888.5384    16965.0231 11783621    0.45%
 1431658 1001091    16911.8280   107    16888.5384    16964.9717 11806912    0.45%
 1434671 1002946    16930.9422   159    16888.5384    16964.9155 11831342    0.45%
 1437650 1004801    16926.8108   134    16888.5384    16964.8625 11854697    0.45%
 1440643 1006744    16912.1315   116    16888.5384    16964.8153 11876764    0.45%
Elapsed time = 2687.27 sec. (1929276.58 ticks, tree = 1277.16 MB, solutions = 1)
 1443575 1008593    16914.5410   148    16888.5384    16964.7673 11900026    0.45%
 1446509 1010389    16933.2161   108    16888.5384    16964.7150 11923389    0.45%
 1449500 1012279    16934.4527   123    16888.5384    16964.6649 11947018    0.45%
 1452391 1014038    16911.9356   130    16888.5384    16964.6134 11969988    0.45%
 1455488 1016017    16904.2283   125    16888.5384    16964.5636 11992309    0.45%
 1458450 1017816    16934.3033   142    16888.5384    16964.5059 12014765    0.45%
 1461452 1019697    16908.0640   138    16888.5384    16964.4535 12038532    0.45%
 1464459 1021552        cutoff          16888.5384    16964.4000 12062168    0.45%
 1467611 1023596    16907.0526   146    16888.5384    16964.3549 12085571    0.45%
 1470630 1025502    16899.6198   169    16888.5384    16964.3026 12108842    0.45%
Elapsed time = 2738.59 sec. (1967428.64 ticks, tree = 1300.42 MB, solutions = 1)
 1473703 1027416    16910.5381   160    16888.5384    16964.2511 12131378    0.45%
 1476706 1029267    16907.0346   190    16888.5384    16964.1964 12154535    0.45%
 1479707 1031135    16920.4361   173    16888.5384    16964.1453 12177058    0.45%
 1482753 1033004    16904.2402   165    16888.5384    16964.0973 12200857    0.45%
 1485815 1034926    16916.8354   168    16888.5384    16964.0522 12223632    0.45%
 1488860 1036768    16943.8144   154    16888.5384    16963.9996 12247667    0.45%
 1491893 1038659    16894.7013   171    16888.5384    16963.9482 12270250    0.45%
 1494954 1040586    16935.6995   147    16888.5384    16963.8937 12292907    0.45%
 1498001 1042533    16957.3168   106    16888.5384    16963.8495 12316473    0.45%
 1500994 1044391    16888.9042    98    16888.5384    16963.8033 12339439    0.45%
Elapsed time = 2790.05 sec. (2005584.76 ticks, tree = 1323.85 MB, solutions = 1)
 1504071 1046315    16922.6884   123    16888.5384    16963.7543 12362314    0.45%
 1507144 1048236    16896.1722   151    16888.5384    16963.7008 12385933    0.45%
 1510102 1050090        cutoff          16888.5384    16963.6564 12409299    0.44%
 1513199 1051999    16889.7156   143    16888.5384    16963.6069 12432725    0.44%
 1516182 1053815    16930.5476   104    16888.5384    16963.5548 12455928    0.44%
 1519248 1055784    16892.8348    98    16888.5384    16963.5097 12478506    0.44%
 1522246 1057675    16944.2941   137    16888.5384    16963.4635 12501474    0.44%
 1525255 1059529    16894.8343   137    16888.5384    16963.4124 12523593    0.44%
 1528159 1061325    16918.4202   223    16888.5384    16963.3639 12546580    0.44%
 1531194 1063237    16926.2698   110    16888.5384    16963.3266 12568959    0.44%
Elapsed time = 2841.99 sec. (2043776.38 ticks, tree = 1347.21 MB, solutions = 1)
 1534189 1065069    16900.7316   139    16888.5384    16963.2763 12591889    0.44%
 1537291 1067009    16932.8406   196    16888.5384    16963.2306 12614214    0.44%
 1540299 1068868    16915.3557   166    16888.5384    16963.1793 12638133    0.44%
 1543362 1070768    16957.6193   167    16888.5384    16963.1360 12662011    0.44%
 1546409 1072627    16893.1589   102    16888.5384    16963.0855 12685433    0.44%
 1549443 1074600    16937.3628   137    16888.5384    16963.0430 12708627    0.44%
 1552474 1076494    16911.6217   155    16888.5384    16962.9960 12731426    0.44%
 1555413 1078252    16942.8008   154    16888.5384    16962.9487 12754819    0.44%
 1558451 1080178    16962.0540   150    16888.5384    16962.8995 12778577    0.44%
 1561556 1082121    16889.9687   108    16888.5384    16962.8547 12802160    0.44%
Elapsed time = 2892.93 sec. (2081929.68 ticks, tree = 1370.62 MB, solutions = 1)
 1564675 1084113    16923.5564   166    16888.5384    16962.8089 12824352    0.44%
 1567771 1086062        cutoff          16888.5384    16962.7649 12847192    0.44%
 1570811 1087903        cutoff          16888.5384    16962.7151 12870559    0.44%
 1573834 1089767    16903.0988    89    16888.5384    16962.6681 12894002    0.44%
 1576913 1091704    16918.9080   158    16888.5384    16962.6267 12917080    0.44%
 1579962 1093578    16919.9672   146    16888.5384    16962.5710 12941081    0.44%
 1583064 1095472    16919.5836   187    16888.5384    16962.5267 12964060    0.44%
 1586071 1097319    16952.0961   126    16888.5384    16962.4797 12988014    0.44%
 1589005 1099121    16902.0538   145    16888.5384    16962.4402 13010930    0.44%
 1592071 1101045    16926.7254   140    16888.5384    16962.3899 13035041    0.44%
Elapsed time = 2944.81 sec. (2120115.25 ticks, tree = 1394.11 MB, solutions = 1)
 1595198 1103025    16951.7863   163    16888.5384    16962.3419 13058124    0.44%
 1598195 1104790    16923.3042   115    16888.5384    16962.2946 13080776    0.44%
 1601221 1106679    16945.2693   156    16888.5384    16962.2555 13103256    0.44%
 1604251 1108552    16918.3448   172    16888.5384    16962.2175 13126114    0.44%
 1607246 1110398    16918.6199   179    16888.5384    16962.1702 13148579    0.44%
 1610270 1112221    16920.0830   147    16888.5384    16962.1284 13175433    0.44%
 1613328 1114164    16907.0086   168    16888.5384    16962.0850 13204619    0.44%
 1616314 1115948    16918.3497   132    16888.5384    16962.0395 13235257    0.44%
 1619436 1117855        cutoff          16888.5384    16961.9906 13263884    0.43%
 1622381 1119574    16933.9058    92    16888.5384    16961.9432 13295383    0.43%
Elapsed time = 2997.31 sec. (2158271.58 ticks, tree = 1417.10 MB, solutions = 1)
 1625345 1121412    16949.5530   120    16888.5384    16961.9070 13324161    0.43%
 1628361 1123349    16935.2442   133    16888.5384    16961.8640 13351850    0.43%
 1631321 1125183    16905.9626   179    16888.5384    16961.8179 13381564    0.43%
 1634415 1127119    16893.9505   122    16888.5384    16961.7739 13409699    0.43%
 1637486 1129077    16903.0363   118    16888.5384    16961.7338 13438901    0.43%
 1640599 1130962    16925.9656   147    16888.5384    16961.6881 13468648    0.43%
 1643648 1132845    16890.0457   125    16888.5384    16961.6492 13496776    0.43%
 1646712 1134693    16944.5175   121    16888.5384    16961.6075 13524480    0.43%
 1649759 1136580    16901.7828   147    16888.5384    16961.5634 13552968    0.43%
 1652751 1138353    16890.7534   129    16888.5384    16961.5165 13583104    0.43%
Elapsed time = 3050.04 sec. (2196432.58 ticks, tree = 1440.41 MB, solutions = 1)
 1655701 1140098    16937.7233   159    16888.5384    16961.4784 13612375    0.43%
 1658694 1141978    16895.7383   130    16888.5384    16961.4350 13640853    0.43%
 1661618 1143739        cutoff          16888.5384    16961.3903 13670268    0.43%
 1664601 1145504    16953.9650    97    16888.5384    16961.3485 13698910    0.43%
 1667577 1147345    16941.1768   147    16888.5384    16961.3035 13727813    0.43%
 1670689 1149288    16951.5756   186    16888.5384    16961.2596 13755860    0.43%
 1673713 1151147        cutoff          16888.5384    16961.2174 13784759    0.43%
 1676752 1152996    16910.1415   113    16888.5384    16961.1715 13814414    0.43%
 1679740 1154843    16950.6578   139    16888.5384    16961.1240 13842272    0.43%
 1682720 1156718    16921.0228   117    16888.5384    16961.0845 13868911    0.43%
Elapsed time = 3102.84 sec. (2234587.78 ticks, tree = 1463.22 MB, solutions = 1)
 1685582 1158344        cutoff          16888.5384    16961.0404 13898534    0.43%
 1688607 1160198    16903.2347   153    16888.5384    16960.9984 13927887    0.43%
 1691642 1162053    16928.5893   156    16888.5384    16960.9561 13957033    0.43%
 1694733 1163936    16900.1465   153    16888.5384    16960.9090 13985164    0.43%
 1697718 1165699    16930.0791   136    16888.5384    16960.8617 14014733    0.43%
 1700625 1167487        cutoff          16888.5384    16960.8195 14042484    0.43%
 1703442 1169171    16938.4870   135    16888.5384    16960.7763 14070014    0.43%
 1706270 1170999    16910.5988   152    16888.5384    16960.7367 14096520    0.43%
 1709189 1172809    16893.3581    91    16888.5384    16960.7010 14123295    0.43%
 1712145 1174589    16889.0179   133    16888.5384    16960.6549 14151915    0.43%
Elapsed time = 3155.81 sec. (2272743.83 ticks, tree = 1493.54 MB, solutions = 1)
 1715107 1176437    16929.4224   109    16888.5384    16960.6155 14180446    0.43%
 1718034 1178241    16916.6937   126    16888.5384    16960.5725 14208940    0.43%
 1721118 1180146    16906.9993   132    16888.5384    16960.5353 14237385    0.43%
 1724091 1181910    16908.5180    81    16888.5384    16960.4875 14266328    0.43%
 1727094 1183660        cutoff          16888.5384    16960.4473 14295166    0.43%
 1730112 1185505        cutoff          16888.5384    16960.4038 14323972    0.43%
 1733116 1187333    16900.0363   123    16888.5384    16960.3637 14352695    0.43%
 1736201 1189242    16893.4022    93    16888.5384    16960.3248 14379730    0.43%
 1739286 1191150        cutoff          16888.5384    16960.2799 14409283    0.42%
 1742384 1193038    16904.1693   181    16888.5384    16960.2311 14437974    0.42%
Elapsed time = 3208.45 sec. (2310897.77 ticks, tree = 1516.46 MB, solutions = 1)
 1745504 1194993    16902.5472   145    16888.5384    16960.1919 14467293    0.42%
 1748494 1196773    16931.0352   113    16888.5384    16960.1468 14496396    0.42%
 1751548 1198650    16893.3662   148    16888.5384    16960.1047 14526874    0.42%
 1754643 1200551    16905.2710   104    16888.5384    16960.0617 14556347    0.42%
 1757669 1202358    16923.8504   138    16888.5384    16960.0204 14586106    0.42%
 1760471 1204025    16942.7786   127    16888.5384    16959.9841 14615287    0.42%
 1761671 1204694    16954.6590   126    16888.5384    16959.9667 14627560    0.42%
 1762171 1204985    16943.5864   120    16888.5384    16959.9612 14632218    0.42%
 1762371 1205118    16928.2001   117    16888.5384    16959.9590 14634048    0.42%
 1762771 1205336    16910.4447   180    16888.5384    16959.9536 14637768    0.42%
Elapsed time = 3267.99 sec. (2351246.04 ticks, tree = 1531.76 MB, solutions = 1)
 1763171 1205591    16901.2452   156    16888.5384    16959.9485 14641555    0.42%
 1763371 1205720    16907.6840   132    16888.5384    16959.9463 14643366    0.42%
 1763571 1205839    16897.0077    84    16888.5384    16959.9448 14645342    0.42%
 1764063 1206151    16903.1636   199    16888.5384    16959.9395 14649894    0.42%
 1764171 1206212    16914.7760   127    16888.5384    16959.9375 14650901    0.42%
 1764371 1206320    16950.5817   145    16888.5384    16959.9338 14652939    0.42%
 1764571 1206437    16927.6759   122    16888.5384    16959.9321 14654971    0.42%
 1764771 1206572    16898.0922   129    16888.5384    16959.9285 14656725    0.42%
 1764971 1206694    16946.9742   136    16888.5384    16959.9257 14658686    0.42%
 1765171 1206814    16937.7340   113    16888.5384    16959.9227 14660677    0.42%
Elapsed time = 3350.11 sec. (2402514.20 ticks, tree = 1533.59 MB, solutions = 1)
 1765371 1206935    16904.5860   112    16888.5384    16959.9203 14662362    0.42%
 1765571 1207059    16924.4731   123    16888.5384    16959.9165 14664418    0.42%
 1765771 1207173    16946.8415   134    16888.5384    16959.9131 14667066    0.42%
 1766071 1207355    16907.0299   130    16888.5384    16959.9092 14669662    0.42%
 1766271 1207482    16888.9435    78    16888.5384    16959.9068 14671704    0.42%
 1766571 1207667    16894.1296   117    16888.5384    16959.9019 14674790    0.42%
 1767071 1207954    16901.0626   163    16888.5384    16959.8897 14680078    0.42%
 1768490 1208812    16922.7980   154    16888.5384    16959.8715 14693891    0.42%
 1769771 1209588    16888.8524   117    16888.5384    16959.8533 14706143    0.42%
 1771484 1210572    16899.3430   131    16888.5384    16959.8297 14724027    0.42%
Elapsed time = 3424.37 sec. (2448840.66 ticks, tree = 1538.27 MB, solutions = 1)
 1772671 1211283    16902.7093   124    16888.5384    16959.8143 14736066    0.42%
 1774271 1212259    16902.1179   144    16888.5384    16959.7957 14751125    0.42%
 1775722 1213108    16898.7292   133    16888.5384    16959.7761 14765509    0.42%
 1776471 1213550    16893.2610    96    16888.5384    16959.7668 14773265    0.42%
 1778203 1214585    16944.0197   159    16888.5384    16959.7467 14789821    0.42%
 1779492 1215375    16904.2489   116    16888.5384    16959.7310 14801998    0.42%
 1781271 1216453    16909.5658   139    16888.5384    16959.7062 14818833    0.42%
 1782718 1217292    16912.0446   128    16888.5384    16959.6866 14833604    0.42%
 1784271 1218219    16946.4475   131    16888.5384    16959.6667 14848308    0.42%
 1785671 1219045    16937.5771   123    16888.5384    16959.6466 14862663    0.42%
Elapsed time = 3487.57 sec. (2488141.36 ticks, tree = 1548.79 MB, solutions = 1)
 1787071 1219878    16953.3495   154    16888.5384    16959.6279 14877367    0.42%
 1788761 1220941    16942.8277   113    16888.5384    16959.6069 14894019    0.42%
 1789871 1221613    16904.4307   149    16888.5384    16959.5942 14904482    0.42%
 1791595 1222639    16907.1719   126    16888.5384    16959.5693 14922147    0.42%
 1793102 1223517    16908.4273   115    16888.5384    16959.5488 14937071    0.42%
 1794471 1224329    16945.8155   135    16888.5384    16959.5291 14950079    0.42%
 1795871 1225121    16898.9552   105    16888.5384    16959.5105 14964298    0.42%
 1797471 1226120    16901.9601    97    16888.5384    16959.4904 14979100    0.42%
 1799271 1227182    16920.9088   130    16888.5384    16959.4641 14996820    0.42%
 1800665 1228035    16909.5226   116    16888.5384    16959.4485 15009394    0.42%
Elapsed time = 3549.33 sec. (2526854.11 ticks, tree = 1559.97 MB, solutions = 1)
 1802271 1229015    16902.7601    97    16888.5384    16959.4312 15023967    0.42%
 1803535 1229725    16907.4271   151    16888.5384    16959.4159 15037525    0.42%
 1805297 1230814    16905.6029   127    16888.5384    16959.3935 15053427    0.42%
 1806871 1231752    16925.0416   151    16888.5384    16959.3717 15068683    0.42%
 1808571 1232802    16932.9362   156    16888.5384    16959.3480 15084855    0.42%
 1810044 1233696        cutoff          16888.5384    16959.3283 15099050    0.42%
 1811702 1234687    16889.8048   102    16888.5384    16959.3032 15114848    0.42%
 1813171 1235566    16936.5801   160    16888.5384    16959.2823 15128984    0.42%

Implied bound cuts applied:  170
Flow cuts applied:  44
Mixed integer rounding cuts applied:  62
Lift and project cuts applied:  89
Gomory fractional cuts applied:  103

Root node processing (before b&c):
  Real time             =    0.78 sec. (418.17 ticks)
Sequential b&c:
  Real time             = 3599.22 sec. (2559819.22 ticks)
                          ------------
Total (root+branch&cut) = 3600.00 sec. (2560237.38 ticks)
