1 of 1 MIP starts provided solutions.
MIP start 'm1' defined initial solution with objective 12555.3856.
Tried aggregator 2 times.
MIP Presolve eliminated 0 rows and 1 columns.
MIP Presolve modified 5791 coefficients.
Aggregator did 1 substitutions.
Reduced MIP has 2581 rows, 1515 columns, and 16367 nonzeros.
Reduced MIP has 1215 binaries, 0 generals, 0 SOSs, and 0 indicators.
Presolve time = 0.02 sec. (10.70 ticks)
Probing time = 0.01 sec. (2.64 ticks)
Tried aggregator 1 time.
Reduced MIP has 2581 rows, 1515 columns, and 16367 nonzeros.
Reduced MIP has 1215 binaries, 0 generals, 0 SOSs, and 0 indicators.
Presolve time = 0.01 sec. (5.84 ticks)
Probing time = 0.01 sec. (2.64 ticks)
Clique table members: 164.
MIP emphasis: balance optimality and feasibility.
MIP search method: dynamic search.
Parallel mode: none, using 1 thread.
Root relaxation solution time = 0.01 sec. (5.76 ticks)

        Nodes                                         Cuts/
   Node  Left     Objective  IInf  Best Integer    Best Bound    ItCnt     Gap

*     0+    0                        12555.3856    60533.3903      387  382.13%
      0     0    13806.0842   203    12555.3856    13806.0842      387    9.96%
      0     0    13081.3305   172    12555.3856     Cuts: 554      643    4.19%
      0     0    12848.2683   226    12555.3856     Cuts: 506      908    2.33%
      0     0    12792.1027   221    12555.3856     Cuts: 210     1034    1.89%
      0     0    12768.9878   229    12555.3856     Cuts: 100     1117    1.70%
      0     0    12764.4945   234    12555.3856      Cuts: 63     1169    1.67%
      0     0    12762.8554   234    12555.3856      Cuts: 27     1206    1.65%
      0     0    12759.0231   238    12555.3856      Cuts: 23     1226    1.62%
      0     0    12758.4908   237    12555.3856      Cuts: 21     1246    1.62%
      0     0    12758.2568   239    12555.3856      Cuts: 11     1257    1.62%
      0     2    12758.2568   239    12555.3856    12758.2254     1257    1.62%
Elapsed time = 0.80 sec. (410.95 ticks, tree = 0.00 MB, solutions = 1)
     95    82    12725.1514   204    12555.3856    12756.0593     2822    1.60%
    200   171    12702.4173   198    12555.3856    12747.7079     3974    1.53%
    340   301    12563.0733   150    12555.3856    12744.8832     5448    1.51%
    480   419    12606.8447   205    12555.3856    12739.8395     7573    1.47%
    617   535    12585.3422   150    12555.3856    12737.1919     9780    1.45%
    727   629    12625.3681   154    12555.3856    12733.2128    11763    1.42%
    880   751    12651.0908   189    12555.3856    12732.0646    14178    1.41%
   1000   854    12680.4972   255    12555.3856    12680.4661    17119    1.00%
   1001   854    12680.2568   245    12555.3856    12680.1913    17126    0.99%
   1039   866    12587.5980   162    12555.3856    12678.7442    17634    0.98%
Elapsed time = 10.69 sec. (6362.38 ticks, tree = 1.07 MB, solutions = 1)
   1227   819    12619.8078   203    12555.3856    12661.6946    19941    0.85%
   1442   834        cutoff          12555.3856    12650.6439    25832    0.76%
   1729   887    12559.1401   201    12555.3856    12646.6916    32165    0.73%
   2043   979    12565.1671   189    12555.3856    12642.5792    37911    0.69%
   2399  1085    12578.2004   201    12555.3856    12638.4087    43632    0.66%
   2782  1285    12570.6453    74    12555.3856    12633.9715    49344    0.63%
   3212  1611    12611.2116   166    12555.3856    12630.2882    54836    0.60%
   3701  1977    12617.0129   187    12555.3856    12628.3983    59930    0.58%
   4144  2311        cutoff          12555.3856    12624.7861    66079    0.55%
   4546  2618    12603.3190   169    12555.3856    12623.0082    71270    0.54%
Elapsed time = 25.61 sec. (15913.97 ticks, tree = 2.76 MB, solutions = 1)
   5008  2967    12574.1855   166    12555.3856    12621.8047    77113    0.53%
   5469  3266    12560.7609   130    12555.3856    12619.3853    82810    0.51%
   5908  3524    12611.2405   178    12555.3856    12617.4758    89163    0.49%
   6267  3704    12564.4143   171    12555.3856    12615.6621    95977    0.48%
   6760  4035        cutoff          12555.3856    12614.6953   102295    0.47%
   7237  4360    12566.0170   157    12555.3856    12613.2994   108924    0.46%
   7651  4596    12593.3755   193    12555.3856    12611.8443   115202    0.45%
   8039  4847    12578.6325   161    12555.3856    12610.9360   121156    0.44%
   8477  5131    12568.6060   151    12555.3856    12610.1527   127145    0.44%
   8779  5253    12562.4358   186    12555.3856    12609.0859   133094    0.43%
Elapsed time = 40.70 sec. (25505.33 ticks, tree = 5.56 MB, solutions = 1)
   9212  5490    12569.9336   133    12555.3856    12608.3250   139023    0.42%
   9625  5736    12581.3255   166    12555.3856    12607.4478   146023    0.41%
  10149  6067    12581.4429   180    12555.3856    12606.8463   152522    0.41%
  10571  6285    12577.9911   183    12555.3856    12605.6894   160098    0.40%
  11000  6445        cutoff          12555.3856    12604.3662   167256    0.39%
  11002  6445    12678.4530   253    12555.3856    12604.3628   168272    0.39%
  11012  5375    12668.3524   230    12555.3856    12604.3628   168719    0.39%
  11032  5147    12569.7362   153    12555.3856    12604.3628   169167    0.39%
  11075  4705    12592.0643   133    12555.3856    12604.3628   169905    0.39%
  11120  4563    12602.3895   242    12555.3856    12604.3628   171012    0.39%
Elapsed time = 62.58 sec. (38349.31 ticks, tree = 4.82 MB, solutions = 1)
  11158  4494    12598.5664   227    12555.3856    12604.3628   171614    0.39%
  11220  4392    12558.2728   135    12555.3856    12604.3628   172826    0.39%
  11374  4145    12647.2180   209    12555.3856    12604.3628   175322    0.39%
  11579  4087    12583.6774   202    12555.3856    12604.3628   178215    0.39%
  11816  4029    12633.5952   198    12555.3856    12604.3628   182133    0.39%
  12111  4031    12608.4151   211    12555.3856    12604.3628   186219    0.39%
  12350  3995    12591.3500   187    12555.3856    12604.3628   190893    0.39%
  12642  3984    12580.0416   114    12555.3856    12604.3628   195770    0.39%
  12921  3950    12562.2648   186    12555.3856    12604.3628   200985    0.39%
  13155  3885    12569.9007   197    12555.3856    12604.3628   207177    0.39%
Elapsed time = 78.83 sec. (47957.71 ticks, tree = 4.13 MB, solutions = 1)
  13381  3893    12579.5374   163    12555.3856    12604.3628   211718    0.39%
  13564  3869    12593.0986   125    12555.3856    12604.3628   217190    0.39%
  13850  3869    12561.6943   222    12555.3856    12604.3628   222874    0.39%
  14174  3885    12582.9328   160    12555.3856    12604.3628   229204    0.39%
  14442  3838    12583.5733   176    12555.3856    12604.3628   236739    0.39%
  14792  3866    12590.7989   152    12555.3856    12604.3628   242623    0.39%
  15111  3921    12573.0627   188    12555.3856    12604.3628   249503    0.39%
  15416  3912    12568.6529   138    12555.3856    12604.3628   256826    0.39%
  15820  3993    12578.6360   132    12555.3856    12604.3628   262967    0.39%
  16165  4018    12563.1530   138    12555.3856    12604.1850   269005    0.39%
Elapsed time = 95.22 sec. (57518.84 ticks, tree = 4.34 MB, solutions = 1)
  16540  4013    12594.6727   107    12555.3856    12602.3187   275499    0.37%
  16928  4072    12564.4417    77    12555.3856    12601.2440   282325    0.37%
  17324  4146    12569.5976   145    12555.3856    12600.4639   288483    0.36%
  17764  4204    12592.1871   143    12555.3856    12599.6688   294498    0.35%
  18242  4371    12595.0128   143    12555.3856    12599.0361   299576    0.35%
  18718  4658    12567.2922    74    12555.3856    12598.2617   305032    0.34%
  19222  4971    12568.3773   166    12555.3856    12597.5401   310316    0.34%
  19655  5243        cutoff          12555.3856    12596.9277   316391    0.33%
  20161  5559    12589.0474   150    12555.3856    12596.3530   322512    0.33%
  20625  5808    12573.8539   180    12555.3856    12595.4324   328393    0.32%
Elapsed time = 111.51 sec. (67081.32 ticks, tree = 6.30 MB, solutions = 1)
  20969  5981    12566.8134    83    12555.3856    12594.8662   333485    0.31%
  21404  6184    12571.9127    94    12555.3856    12593.8973   339508    0.31%
  21869  6409    12567.1850   165    12555.3856    12593.3041   345166    0.30%
  22301  6610    12558.4370    54    12555.3856    12592.4368   351294    0.30%
  22804  6885    12580.2835   140    12555.3856    12591.8936   356884    0.29%
  23238  7084    12581.1094   191    12555.3856    12591.3445   362866    0.29%
  23641  7263    12574.4099    78    12555.3856    12590.5831   368621    0.28%
  24043  7439    12558.3681   111    12555.3856    12590.0707   374013    0.28%
  24504  7638    12557.8886   176    12555.3856    12589.6522   379975    0.27%
  24968  7840        cutoff          12555.3856    12589.1239   385959    0.27%
Elapsed time = 127.49 sec. (76637.13 ticks, tree = 8.47 MB, solutions = 1)
  25456  8054        cutoff          12555.3856    12588.6469   392648    0.26%
  25907  8251    12556.8976    69    12555.3856    12588.0311   399238    0.26%
  26336  8409    12572.7221   174    12555.3856    12587.2663   404507    0.25%
  26836  8676    12572.9813    89    12555.3856    12586.9596   409315    0.25%
  27281  8845    12581.2192   166    12555.3856    12586.4925   416028    0.25%
  27745  9006    12562.7705   105    12555.3856    12585.9712   422185    0.24%
  28180  9163    12572.6567   164    12555.3856    12585.4919   428558    0.24%
  28621  9345    12578.7061   144    12555.3856    12585.0850   434204    0.24%
  29021  9485    12566.3254   107    12555.3856    12584.6696   439796    0.23%
  29429  9602        cutoff          12555.3856    12584.2092   445225    0.23%
Elapsed time = 143.30 sec. (86216.61 ticks, tree = 10.56 MB, solutions = 1)
  29860  9694    12565.1942   127    12555.3856    12583.7089   451817    0.23%
  30315  9813    12567.1442   169    12555.3856    12583.1854   457975    0.22%
  30805  9982    12563.1339   135    12555.3856    12582.8493   464181    0.22%
  31232 10069    12568.6867    88    12555.3856    12582.2702   470976    0.21%
  31662 10140    12566.2008   125    12555.3856    12581.8877   476737    0.21%
  32108 10239        cutoff          12555.3856    12581.4688   482911    0.21%
  32498 10358    12565.9977    60    12555.3856    12581.1651   488416    0.21%
  32939 10474    12563.0685   171    12555.3856    12580.7864   494219    0.20%
  33388 10573    12577.1101   160    12555.3856    12580.4188   500514    0.20%
  35156 10988    12566.9648   146    12555.3856    12578.9745   523884    0.19%
Elapsed time = 163.86 sec. (98638.29 ticks, tree = 12.13 MB, solutions = 1)
  36999 11344    12570.7566    78    12555.3856    12577.4062   547323    0.18%
  38955 11691    12558.4017   142    12555.3856    12576.0843   570753    0.16%
  40742 11841        cutoff          12555.3856    12574.6650   593641    0.15%
  42633 11938    12563.4126    98    12555.3856    12573.3505   617021    0.14%
  44612 11893    12555.7999    44    12555.3856    12571.9833   641254    0.13%
  46459 11756    12567.4347    88    12555.3856    12570.7723   663963    0.12%
  48436 11419        cutoff          12555.3856    12569.3114   687817    0.11%
  50694 11011        cutoff          12555.3856    12567.8039   710710    0.10%
  52812 10402    12559.2044    53    12555.3856    12566.3877   732802    0.09%
  55065  9674        cutoff          12555.3856    12565.0165   755291    0.08%
Elapsed time = 225.30 sec. (136804.76 ticks, tree = 10.85 MB, solutions = 1)
  57226  8738    12556.8663    92    12555.3856    12563.6079   774539    0.07%
  59546  7564    12560.8842    49    12555.3856    12562.0661   793370    0.05%
  61903  5999    12556.4666    46    12555.3856    12560.4667   810716    0.04%
  64198  4203        cutoff          12555.3856    12558.8452   824264    0.03%
  66643  2071        cutoff          12555.3856    12557.1670   835144    0.01%

Implied bound cuts applied:  268
Flow cuts applied:  29
Mixed integer rounding cuts applied:  62
Lift and project cuts applied:  110
Gomory fractional cuts applied:  59

Root node processing (before b&c):
  Real time             =    0.80 sec. (410.86 ticks)
Sequential b&c:
  Real time             =  254.29 sec. (156746.42 ticks)
                          ------------
Total (root+branch&cut) =  255.09 sec. (157157.28 ticks)
