1 of 1 MIP starts provided solutions.
MIP start 'm1' defined initial solution with objective 12007.8821.
Tried aggregator 1 time.
MIP Presolve eliminated 1 rows and 1 columns.
Reduced MIP has 3557 rows, 2422 columns, and 27823 nonzeros.
Reduced MIP has 1136 binaries, 0 generals, 0 SOSs, and 0 indicators.
Presolve time = 0.01 sec. (8.71 ticks)
Probing time = 0.01 sec. (3.23 ticks)
Tried aggregator 1 time.
Reduced MIP has 3557 rows, 2422 columns, and 27823 nonzeros.
Reduced MIP has 1136 binaries, 0 generals, 0 SOSs, and 0 indicators.
Presolve time = 0.02 sec. (10.49 ticks)
Probing time = 0.00 sec. (3.22 ticks)
Clique table members: 1206.
MIP emphasis: balance optimality and feasibility.
MIP search method: dynamic search.
Parallel mode: none, using 1 thread.
Root relaxation solution time = 0.04 sec. (23.72 ticks)

        Nodes                                         Cuts/
   Node  Left     Objective  IInf  Best Integer    Best Bound    ItCnt     Gap

*     0+    0                        12007.8821    57999.2970     1899  383.01%
      0     0    12877.0863   167    12007.8821    12877.0863     1899    7.24%
      0     0    12588.3992   193    12007.8821     Cuts: 241     2191    4.83%
      0     0    12446.2963   193    12007.8821     Cuts: 150     2432    3.65%
      0     0    12395.0004   201    12007.8821      Cuts: 94     2616    3.22%
      0     0    12364.9235   189    12007.8821      Cuts: 85     2734    2.97%
      0     0    12337.0388   201    12007.8821      Cuts: 58     2836    2.74%
      0     0    12330.8662   196    12007.8821      Cuts: 41     2915    2.69%
      0     0    12323.9366   204    12007.8821      Cuts: 29     2994    2.63%
      0     0    12322.4637   193    12007.8821      Cuts: 14     3019    2.62%
      0     0    12322.2190   201    12007.8821       Cuts: 8     3026    2.62%
      0     0    12322.2067   202    12007.8821       Cuts: 5     3029    2.62%
      0     2    12322.2067   202    12007.8821    12322.1679     3029    2.62%
Elapsed time = 1.22 sec. (691.81 ticks, tree = 0.00 MB, solutions = 1)
     40    42    12204.5874   127    12007.8821    12319.4337     4069    2.59%
     83    74    12282.4397   180    12007.8821    12319.2723     5052    2.59%
    167   144    12227.7976   179    12007.8821    12319.1782     7434    2.59%
    224   196    12195.0111   156    12007.8821    12319.0812     8880    2.59%
    296   264    12056.1898   128    12007.8821    12313.9662    10383    2.55%
    397   348    12162.7378   170    12007.8821    12311.1083    12599    2.53%
    464   411    12125.4809   119    12007.8821    12310.4529    13973    2.52%
    488   435    12229.8624   225    12007.8821    12229.5941    17701    1.85%
    489   435    12225.5166   230    12007.8821    12225.4883    17771    1.81%
    496   438    12056.5596   169    12007.8821    12222.0696    18686    1.78%
Elapsed time = 12.98 sec. (7776.38 ticks, tree = 1.02 MB, solutions = 1)
    533   377    12213.7740   216    12007.8821    12221.9274    19408    1.78%
    678   412    12153.0606   177    12007.8821    12212.8075    24365    1.71%
    852   488    12091.5470   150    12007.8821    12208.0361    28710    1.67%
   1050   559    12012.1031   100    12007.8821    12194.0029    34429    1.55%
   1266   665    12021.2187   120    12007.8821    12187.4993    39912    1.50%
   1427   791    12157.1299   187    12007.8821    12185.0657    44751    1.48%
   1662  1004    12099.3854   173    12007.8821    12183.0859    50076    1.46%
   1900  1213    12046.1536   159    12007.8821    12180.2460    55999    1.44%
   2148  1430    12127.3903   165    12007.8821    12175.7177    61246    1.40%
   2431  1682    12122.0551   161    12007.8821    12174.6317    66967    1.39%
Elapsed time = 27.72 sec. (17382.80 ticks, tree = 3.73 MB, solutions = 1)
   2619  1835    12142.0529   198    12007.8821    12173.4508    72340    1.38%
   2934  2102    12075.8629   117    12007.8821    12172.2606    79469    1.37%
   3239  2351    12058.7004   114    12007.8821    12171.1016    87038    1.36%
   3488  2538    12085.6156   167    12007.8821    12168.6836    93684    1.34%
   3813  2819    12064.6621   178    12007.8821    12167.4808    99787    1.33%
   4042  2994    12038.5717   200    12007.8821    12165.4795   106031    1.31%
   4301  3213    12050.2000   103    12007.8821    12163.5428   112785    1.30%
   4488  3361    12039.6546   155    12007.8821    12162.4623   117741    1.29%
   4776  3596    12096.1434   150    12007.8821    12161.7847   124120    1.28%
   5013  3786    12134.4900   165    12007.8821    12159.7969   130017    1.27%
Elapsed time = 43.51 sec. (27333.46 ticks, tree = 9.97 MB, solutions = 1)
   5295  4020    12018.5896   101    12007.8821    12159.3451   136224    1.26%
   5652  4320    12032.2592   163    12007.8821    12158.1826   143360    1.25%
   5928  4544    12090.7049   156    12007.8821    12156.7480   150027    1.24%
   6268  4809    12033.7476   122    12007.8821    12155.0040   157422    1.23%
   6613  5088    12109.3825   189    12007.8821    12154.2706   165082    1.22%
   6911  5335    12044.6832   180    12007.8821    12153.3265   171645    1.21%
   7195  5568    12146.3678   160    12007.8821    12152.5191   178114    1.20%
   7488  5827    12121.9422   170    12007.8821    12151.8709   183043    1.20%
   7743  6045    12091.2983   176    12007.8821    12151.3047   189237    1.19%
   8032  6279    12071.2069   160    12007.8821    12150.4566   195987    1.19%
Elapsed time = 58.86 sec. (37100.27 ticks, tree = 13.50 MB, solutions = 1)
   8348  6525    12084.4784   155    12007.8821    12149.7137   202121    1.18%
   8669  6777    12054.0069   101    12007.8821    12148.4486   208820    1.17%
   8987  7031    12031.4815   171    12007.8821    12147.4497   215865    1.16%
   9451  7417    12100.0000   158    12007.8821    12145.6046   222947    1.15%
   9773  7658    12115.6568   176    12007.8821    12144.4524   230723    1.14%
  10162  7979    12021.7926   138    12007.8821    12143.4039   238664    1.13%
  10248  8047    12035.1607   167    12007.8821    12143.2295   240693    1.13%
  10571  8299    12066.7383   183    12007.8821    12141.6266   249033    1.11%
  10821  8487    12070.0316   154    12007.8821    12140.6529   255922    1.11%
  11191  8783        cutoff          12007.8821    12140.0404   262264    1.10%
Elapsed time = 78.01 sec. (49140.62 ticks, tree = 17.07 MB, solutions = 1)
  11543  9074    12031.0991    92    12007.8821    12138.8241   268944    1.09%
  11916  9365    12043.6298   158    12007.8821    12137.9360   275894    1.08%
  12325  9698    12072.9483    85    12007.8821    12137.2939   282455    1.08%
  12703  9993    12056.9672   115    12007.8821    12136.5570   289410    1.07%
  13021 10217    12080.4010   136    12007.8821    12135.6668   296868    1.06%
  13436 10537    12052.5876   149    12007.8821    12134.8406   304607    1.06%
  13884 10914    12018.6639    97    12007.8821    12134.1920   312286    1.05%
  14294 11224    12090.6099   107    12007.8821    12133.2705   319214    1.04%
  14702 11553    12038.1751   119    12007.8821    12132.7405   327016    1.04%
  15090 11835        cutoff          12007.8821    12132.1770   335504    1.04%
Elapsed time = 92.56 sec. (58690.36 ticks, tree = 21.34 MB, solutions = 1)
  15488 12142    12080.2034   128    12007.8821    12131.4073   342016    1.03%
  15888 12448    12029.4948   126    12007.8821    12131.0911   349994    1.03%
  16275 12749    12013.1334   135    12007.8821    12129.9191   358314    1.02%
  16643 13043    12083.2121   174    12007.8821    12129.0832   365421    1.01%
  17002 13317    12072.8276   100    12007.8821    12128.5525   372478    1.00%
  17352 13582    12064.1285   115    12007.8821    12127.9921   379707    1.00%
  17691 13832    12043.8844   182    12007.8821    12127.4616   386086    1.00%
  18069 14125    12037.6130   170    12007.8821    12127.0550   393005    0.99%
  18399 14383    12068.4904   154    12007.8821    12126.7839   399329    0.99%
  18766 14667    12094.4342   138    12007.8821    12126.3579   405469    0.99%
Elapsed time = 107.66 sec. (68526.64 ticks, tree = 25.31 MB, solutions = 1)
  19130 14946    12049.6796   112    12007.8821    12125.8292   413017    0.98%
  19480 15209    12092.4436   150    12007.8821    12125.0977   420175    0.98%
  19911 15558    12098.8884   158    12007.8821    12124.7111   426616    0.97%
  20265 15828    12092.3748   157    12007.8821    12124.2083   434495    0.97%
  20631 16112    12019.7547   143    12007.8821    12123.5575   441739    0.96%
  21002 16406    12018.7013   115    12007.8821    12123.3474   448980    0.96%
  21428 16740    12040.0462   118    12007.8821    12122.9547   455712    0.96%
  21794 17023        cutoff          12007.8821    12122.2984   462317    0.95%
  22188 17337    12039.2846    98    12007.8821    12121.9518   469205    0.95%
  22488 17566    12059.4805   137    12007.8821    12121.3945   475214    0.95%
Elapsed time = 122.92 sec. (78453.06 ticks, tree = 29.84 MB, solutions = 1)
  22872 17826    12083.7887   178    12007.8821    12120.8249   483403    0.94%
  23276 18118        cutoff          12007.8821    12120.3489   491292    0.94%
  23610 18363    12069.7594   170    12007.8821    12119.8517   497845    0.93%
  23981 18662    12021.5553    92    12007.8821    12119.4599   504732    0.93%
  24277 18880    12052.8504   186    12007.8821    12119.1049   510808    0.93%
  24615 19140    12056.2044   125    12007.8821    12118.7091   517453    0.92%
  25015 19459    12051.8483   104    12007.8821    12118.3652   523427    0.92%
  25366 19722    12029.3902   101    12007.8821    12117.9326   530039    0.92%
  25587 19893    12065.8886   139    12007.8821    12117.5863   533814    0.91%
  25924 20130        cutoff          12007.8821    12117.2084   541306    0.91%
Elapsed time = 137.63 sec. (88013.28 ticks, tree = 33.45 MB, solutions = 1)
  26303 20403    12047.6654   127    12007.8821    12116.6718   549160    0.91%
  26720 20708    12037.6016   129    12007.8821    12116.3770   557091    0.90%
  27155 21036    12079.3668   130    12007.8821    12116.1103   563865    0.90%
  27565 21357    12080.3153   127    12007.8821    12115.8470   570623    0.90%
  27992 21684    12009.9587   136    12007.8821    12115.3408   577699    0.89%
  28456 22036        cutoff          12007.8821    12114.9619   584473    0.89%
  28810 22304    12067.2899   142    12007.8821    12114.6102   592309    0.89%
  29218 22617    12039.0439    91    12007.8821    12114.3169   599449    0.89%
  29599 22913    12009.9173   177    12007.8821    12113.8125   605921    0.88%
  31156 24049    12059.1285   182    12007.8821    12112.5115   635827    0.87%
Elapsed time = 156.55 sec. (100439.81 ticks, tree = 38.88 MB, solutions = 1)
  32583 25094    12019.4132   130    12007.8821    12110.9937   662324    0.86%
  34052 26129    12014.1668   124    12007.8821    12109.6633   691866    0.85%
  35563 27203    12014.0921   131    12007.8821    12108.1707   721739    0.84%
  37005 28229    12071.9200   169    12007.8821    12106.9546   751568    0.83%
  38462 29249    12010.6204   166    12007.8821    12105.9692   781454    0.82%
  39955 30277    12055.7743   146    12007.8821    12105.0712   811585    0.81%
  41289 31190    12035.7136    74    12007.8821    12104.1173   840460    0.80%
  42725 32205    12032.8479   136    12007.8821    12103.2859   868205    0.79%
  44203 33247    12019.7752   165    12007.8821    12102.5047   897774    0.79%
  45675 34268    12051.2119   123    12007.8821    12101.5772   927994    0.78%
Elapsed time = 215.52 sec. (138613.55 ticks, tree = 54.21 MB, solutions = 1)
  47253 35358    12041.9396   115    12007.8821    12100.5929   958899    0.77%
  48694 36331    12082.6074   150    12007.8821    12099.9245   986524    0.77%
  50202 37357    12037.8958   110    12007.8821    12099.1157  1016981    0.76%
  51604 38295    12071.8905   150    12007.8821    12098.3646  1043983    0.75%
  53175 39366    12013.3965   128    12007.8821    12097.6636  1074086    0.75%
  54711 40402    12035.3972    90    12007.8821    12096.9415  1104179    0.74%
  56175 41358        cutoff          12007.8821    12096.1041  1135473    0.73%
  57707 42351    12069.5325   159    12007.8821    12095.3171  1167146    0.73%
  59208 43367    12051.9010   148    12007.8821    12094.5905  1198899    0.72%
  60558 44242    12057.9499   154    12007.8821    12093.9450  1227096    0.72%
Elapsed time = 274.32 sec. (176804.83 ticks, tree = 68.00 MB, solutions = 1)
  62017 45169    12017.0876   143    12007.8821    12093.2568  1257408    0.71%
  63488 46105    12045.2344   133    12007.8821    12092.5043  1288527    0.70%
  64922 47006    12019.8014   141    12007.8821    12091.8294  1318871    0.70%
  66488 48063    12036.9271    96    12007.8821    12091.1795  1350804    0.69%
  67991 49011    12038.4941   157    12007.8821    12090.5883  1383561    0.69%
  69433 49896    12066.5143   147    12007.8821    12089.9447  1413333    0.68%
  70784 50706    12042.5567   144    12007.8821    12089.3820  1441231    0.68%
  72086 51523    12008.3023   105    12007.8821    12088.7604  1468380    0.67%
  73488 52406    12037.3225   138    12007.8821    12088.2305  1499351    0.67%
  75160 53490    12036.9101   129    12007.8821    12087.6638  1530905    0.66%
Elapsed time = 333.54 sec. (215351.97 ticks, tree = 80.97 MB, solutions = 1)
  76791 54533    12037.1715   128    12007.8821    12087.0976  1563328    0.66%
  78338 55515    12061.8211   188    12007.8821    12086.5189  1593532    0.65%
  79856 56386    12039.4833   122    12007.8821    12085.9364  1624803    0.65%
  81268 57267        cutoff          12007.8821    12085.4456  1654179    0.65%
  82852 58268    12016.6491   155    12007.8821    12084.9672  1684830    0.64%
  84341 59170    12036.2455   117    12007.8821    12084.5027  1713868    0.64%
  85811 60048    12043.9204   128    12007.8821    12083.9401  1744524    0.63%
  87418 61026    12038.0989   131    12007.8821    12083.4512  1777325    0.63%
  89015 61973        cutoff          12007.8821    12082.9124  1810014    0.62%
  90562 62956    12025.3189   156    12007.8821    12082.3898  1839153    0.62%
Elapsed time = 391.85 sec. (253513.85 ticks, tree = 94.47 MB, solutions = 1)
  92160 63919    12047.4837   147    12007.8821    12081.9273  1871080    0.62%
  93648 64820    12012.1843   127    12007.8821    12081.5528  1901907    0.61%
  95235 65781        cutoff          12007.8821    12081.2081  1931212    0.61%
  96803 66764    12050.6163   134    12007.8821    12080.8414  1960629    0.61%
  98275 67609    12047.1941   163    12007.8821    12080.3862  1991099    0.60%
  99808 68501    12025.3142    86    12007.8821    12079.9819  2020644    0.60%
 101357 69385    12040.3026   154    12007.8821    12079.5892  2050838    0.60%
 102790 70208    12071.5428   176    12007.8821    12079.0919  2078381    0.59%
 104372 71087    12032.7091    99    12007.8821    12078.5506  2110435    0.59%
 105955 72030    12060.4462   117    12007.8821    12078.1630  2141778    0.59%
Elapsed time = 449.98 sec. (291674.18 ticks, tree = 109.33 MB, solutions = 1)
 107488 72929    12013.4485    90    12007.8821    12077.7761  2170742    0.58%
 108993 73799    12049.1108   127    12007.8821    12077.4116  2200865    0.58%
 110580 74809    12035.1827   132    12007.8821    12077.0803  2229738    0.58%
 112087 75686    12058.2720   112    12007.8821    12076.7080  2259819    0.57%
 113736 76660        cutoff          12007.8821    12076.3023  2291879    0.57%
 115241 77511    12008.2218   106    12007.8821    12075.9209  2323062    0.57%
 116813 78413    12017.2870    51    12007.8821    12075.5425  2355843    0.56%
 118468 79399    12040.8590   129    12007.8821    12075.2028  2386323    0.56%
 120095 80344    12068.2611   135    12007.8821    12074.8590  2417691    0.56%
 121561 81173    12028.9218   118    12007.8821    12074.5224  2446538    0.55%
Elapsed time = 510.87 sec. (329924.41 ticks, tree = 122.35 MB, solutions = 1)
 123158 82119    12015.5129   125    12007.8821    12074.2133  2476882    0.55%
 124604 82913    12024.2834   149    12007.8821    12073.8742  2505894    0.55%
 126178 83798    12030.4707   157    12007.8821    12073.5627  2535844    0.55%
 127701 84640    12056.3141   120    12007.8821    12073.2469  2564975    0.54%
 129354 85602    12032.7969   168    12007.8821    12072.8810  2595528    0.54%
 130993 86540        cutoff          12007.8821    12072.5379  2625886    0.54%
 132706 87521        cutoff          12007.8821    12072.1782  2657542    0.54%
 134390 88491    12034.5101   120    12007.8821    12071.8803  2690246    0.53%
 136128 89448    12012.7947   153    12007.8821    12071.5554  2722442    0.53%
 137708 90271    12057.6400    77    12007.8821    12071.2298  2753315    0.53%
Elapsed time = 569.67 sec. (368100.76 ticks, tree = 135.23 MB, solutions = 1)
 139435 91235    12054.9481   177    12007.8821    12070.9220  2783885    0.52%
 141034 92145    12014.4021   119    12007.8821    12070.7103  2813660    0.52%
 142625 93040    12021.4878   123    12007.8821    12070.4271  2843932    0.52%
 144323 93962    12010.8126   116    12007.8821    12070.1156  2875636    0.52%
 145890 94781    12027.4808   122    12007.8821    12069.8290  2909862    0.52%
 147483 95650    12049.2614   102    12007.8821    12069.5401  2949059    0.51%
 148982 96495    12061.4012   102    12007.8821    12069.3233  2984503    0.51%
 150550 97355    12041.4205   158    12007.8821    12069.0113  3022560    0.51%
 152189 98252    12021.2394    96    12007.8821    12068.7334  3063048    0.51%
 153731 99092    12040.3973   129    12007.8821    12068.4914  3100885    0.50%
Elapsed time = 628.41 sec. (406267.30 ticks, tree = 147.89 MB, solutions = 1)
 155336 99931    12011.2018   156    12007.8821    12068.2180  3139265    0.50%
 156887 100811    12010.7428   130    12007.8821    12068.0164  3175359    0.50%
 158350 101578    12042.4687   118    12007.8821    12067.7795  3210871    0.50%
 159922 102458    12039.1010   166    12007.8821    12067.5591  3245415    0.50%
 161473 103297    12039.5704   188    12007.8821    12067.3166  3283229    0.49%
 163030 104184    12028.9969   171    12007.8821    12067.0958  3318026    0.49%
 164700 105145    12008.7579   113    12007.8821    12066.9196  3356961    0.49%
 166345 106060    12045.7763   140    12007.8821    12066.6938  3396069    0.49%
 167916 106893    12062.4392   116    12007.8821    12066.4689  3433786    0.49%
 169488 107775    12050.4357   101    12007.8821    12066.2762  3470513    0.49%
Elapsed time = 687.55 sec. (444480.96 ticks, tree = 160.36 MB, solutions = 1)
 171079 108648    12011.0046   108    12007.8821    12066.0497  3508142    0.48%
 172658 109440    12021.9140   126    12007.8821    12065.8228  3545644    0.48%
 174316 110346        cutoff          12007.8821    12065.5852  3583024    0.48%
 176077 111338    12016.2293   152    12007.8821    12065.4045  3621537    0.48%
 177782 112230        cutoff          12007.8821    12065.1781  3660067    0.48%
 179378 113111    12020.8790    97    12007.8821    12064.9764  3695247    0.48%
 181088 114021    12010.2452   102    12007.8821    12064.7699  3732527    0.47%
 182704 114857    12016.8359   123    12007.8821    12064.5563  3771117    0.47%
 184312 115723    12035.1505   139    12007.8821    12064.3471  3808707    0.47%
 185924 116540    12032.6727   173    12007.8821    12064.1425  3845735    0.47%
Elapsed time = 746.77 sec. (482655.74 ticks, tree = 173.01 MB, solutions = 1)
 187582 117424    12023.5544   142    12007.8821    12063.9544  3882942    0.47%
 189169 118194    12029.7599   129    12007.8821    12063.7228  3920771    0.47%
 190767 119036    12016.5167   134    12007.8821    12063.5468  3956284    0.46%
 192537 120016    12009.0214   117    12007.8821    12063.3545  3994841    0.46%
 194268 120873    12009.8821   106    12007.8821    12063.1519  4033866    0.46%
 195967 121762    12030.9499   115    12007.8821    12062.9460  4072138    0.46%
 197748 122766    12018.3130    87    12007.8821    12062.7589  4110348    0.46%
 199483 123655    12021.1728   137    12007.8821    12062.5631  4147546    0.46%
 201161 124544    12024.8938   119    12007.8821    12062.3958  4184961    0.45%
 202824 125354    12023.2858    88    12007.8821    12062.1948  4222295    0.45%
Elapsed time = 805.63 sec. (520816.71 ticks, tree = 185.71 MB, solutions = 1)
 204589 126237    12022.8129    75    12007.8821    12062.0019  4259924    0.45%
 206249 127126    12015.5526    99    12007.8821    12061.8118  4297856    0.45%
 207907 128006    12010.1910    99    12007.8821    12061.6163  4334993    0.45%
 209598 128864    12030.2452   128    12007.8821    12061.3848  4374915    0.45%
 211237 129735    12032.2211   129    12007.8821    12061.2178  4412242    0.44%
 212909 130560    12018.7261   109    12007.8821    12061.0304  4451590    0.44%
 214559 131339    12015.1976   155    12007.8821    12060.8407  4489408    0.44%
 216058 132112    12026.1570   133    12007.8821    12060.6679  4524187    0.44%
 217724 132913    12007.9889    81    12007.8821    12060.4894  4562513    0.44%
 219326 133729    12011.6796   131    12007.8821    12060.2974  4597956    0.44%
Elapsed time = 865.76 sec. (558988.26 ticks, tree = 199.40 MB, solutions = 1)
 220918 134523    12041.9427    78    12007.8821    12060.1411  4633755    0.44%
 222607 135347    12035.1606   158    12007.8821    12059.9520  4671496    0.43%
 224310 136173    12017.9178   118    12007.8821    12059.7619  4710316    0.43%
 226063 137019    12055.5212   127    12007.8821    12059.5681  4748900    0.43%
 227589 137766        cutoff          12007.8821    12059.4048  4783089    0.43%
 229288 138658    12037.0338   107    12007.8821    12059.2354  4820618    0.43%
 230809 139393        cutoff          12007.8821    12059.0836  4855774    0.43%
 232577 140280    12027.6671   107    12007.8821    12058.9031  4893522    0.42%
 234228 141070    12010.1546   184    12007.8821    12058.7424  4929902    0.42%
 235888 141889    12026.1635   105    12007.8821    12058.5842  4966035    0.42%
Elapsed time = 925.31 sec. (597169.72 ticks, tree = 211.08 MB, solutions = 1)
 237504 142696    12010.5081   123    12007.8821    12058.4350  5001005    0.42%
 239182 143456    12008.5887   121    12007.8821    12058.2598  5038505    0.42%
 240838 144280    12033.5290   103    12007.8821    12058.1043  5075770    0.42%
 242524 145071    12040.7469   115    12007.8821    12057.9426  5115331    0.42%
 244218 145833    12027.9491   113    12007.8821    12057.7720  5154673    0.42%
 245934 146708        cutoff          12007.8821    12057.6380  5191614    0.41%
 247626 147548        cutoff          12007.8821    12057.4843  5228616    0.41%
 249355 148386    12020.1582    92    12007.8821    12057.2987  5266880    0.41%
 251105 149241    12043.6812   119    12007.8821    12057.1368  5304807    0.41%
 252720 149981    12015.6217    93    12007.8821    12056.9758  5341857    0.41%
Elapsed time = 984.92 sec. (635344.73 ticks, tree = 222.74 MB, solutions = 1)
 254366 150767    12008.2061   104    12007.8821    12056.8167  5379156    0.41%
 256127 151636    12028.4297   135    12007.8821    12056.6799  5416803    0.41%
 257723 152365    12009.0844    81    12007.8821    12056.5318  5454217    0.41%
 259394 153152    12047.5631   110    12007.8821    12056.3836  5493589    0.40%
 261131 153928    12023.3059   103    12007.8821    12056.2022  5532960    0.40%
 262815 154680    12039.6479   146    12007.8821    12056.0555  5570444    0.40%
 264421 155423    12037.3978   119    12007.8821    12055.9154  5609253    0.40%
 266171 156262    12026.8861   165    12007.8821    12055.7589  5648355    0.40%
 267969 157101    12015.2199   135    12007.8821    12055.5812  5687796    0.40%
 269462 157828    12018.4548   161    12007.8821    12055.4607  5719858    0.40%
Elapsed time = 1044.62 sec. (673518.78 ticks, tree = 235.05 MB, solutions = 1)
 271081 158575    12044.8284   150    12007.8821    12055.3274  5757046    0.40%
 272750 159357    12008.9280   146    12007.8821    12055.1966  5794312    0.39%
 274488 160173    12023.7877   148    12007.8821    12055.0491  5831863    0.39%
 276116 160896    12012.8086    77    12007.8821    12054.9043  5869240    0.39%
 277855 161660    12023.7810   155    12007.8821    12054.7535  5908896    0.39%
 279488 162380    12016.4301   113    12007.8821    12054.6078  5944836    0.39%
 281138 163076    12009.8081   102    12007.8821    12054.4726  5983227    0.39%
 282868 163849    12021.7742   132    12007.8821    12054.3187  6021050    0.39%
 284543 164556    12027.4584   164    12007.8821    12054.1651  6059183    0.39%
 286318 165360    12008.0572   104    12007.8821    12054.0231  6098530    0.38%
Elapsed time = 1104.35 sec. (711800.64 ticks, tree = 246.03 MB, solutions = 1)
 287889 166058    12027.7757    80    12007.8821    12053.8886  6134139    0.38%
 289453 166725    12010.2305   130    12007.8821    12053.7462  6171357    0.38%
 291069 167447    12016.3697   139    12007.8821    12053.6288  6206693    0.38%
 292737 168183    12013.5991   105    12007.8821    12053.5055  6241581    0.38%
 294488 168861    12014.6826   156    12007.8821    12053.3552  6279317    0.38%
 296111 169561    12020.6862   161    12007.8821    12053.2312  6313635    0.38%
 297880 170297    12022.8501    98    12007.8821    12053.0923  6352144    0.38%
 299623 171097    12040.6055   115    12007.8821    12052.9552  6389630    0.38%
 301312 171816    12018.9455    97    12007.8821    12052.8273  6428094    0.37%
 303041 172544    12018.5738    88    12007.8821    12052.6720  6466834    0.37%
Elapsed time = 1164.03 sec. (749969.38 ticks, tree = 256.35 MB, solutions = 1)
 304814 173333    12038.2053   156    12007.8821    12052.5376  6506613    0.37%
 306561 174118        cutoff          12007.8821    12052.4001  6544749    0.37%
 308295 174816    12034.4354   124    12007.8821    12052.2634  6584060    0.37%
 309868 175449    12019.8884    88    12007.8821    12052.1510  6619786    0.37%
 311452 176089    12032.3030   130    12007.8821    12052.0255  6657519    0.37%
 312899 176693        cutoff          12007.8821    12051.9104  6690776    0.37%
 314672 177466    12025.2905   144    12007.8821    12051.7806  6726817    0.37%
 316432 178157    12010.9915   100    12007.8821    12051.6379  6766672    0.36%
 318169 178832    12022.6211   101    12007.8821    12051.5151  6806471    0.36%
 319881 179504    12035.4374   138    12007.8821    12051.3979  6845197    0.36%
Elapsed time = 1222.97 sec. (788152.97 ticks, tree = 266.43 MB, solutions = 1)
 321595 180215    12010.9596    89    12007.8821    12051.2749  6883188    0.36%
 323342 180918    12019.3493   102    12007.8821    12051.1466  6922192    0.36%
 324979 181563    12021.5060   154    12007.8821    12051.0428  6959689    0.36%
 326694 182265        cutoff          12007.8821    12050.9103  6997761    0.36%
 328393 182987    12020.1713   135    12007.8821    12050.8000  7036208    0.36%
 330122 183756    12021.1457   102    12007.8821    12050.6910  7074019    0.36%
 331689 184406    12032.5306   177    12007.8821    12050.5932  7110391    0.36%
 333375 185072    12026.8595   152    12007.8821    12050.4814  7148272    0.35%
 335199 185840    12023.0941    74    12007.8821    12050.3751  7185932    0.35%
 336826 186508    12030.4894   130    12007.8821    12050.2653  7222186    0.35%
Elapsed time = 1282.64 sec. (826318.12 ticks, tree = 276.68 MB, solutions = 1)
 338548 187226    12009.6886   122    12007.8821    12050.1568  7258521    0.35%
 340372 187892        cutoff          12007.8821    12050.0312  7297104    0.35%
 342173 188609    12013.5676   127    12007.8821    12049.8971  7335870    0.35%
 343759 189216        cutoff          12007.8821    12049.7782  7373009    0.35%
 345408 189813    12043.1516   154    12007.8821    12049.6611  7412403    0.35%
 347051 190420    12015.5579   125    12007.8821    12049.5343  7449132    0.35%
 348675 191055    12011.1475   124    12007.8821    12049.4323  7483564    0.35%
 350223 191590    12033.7155    93    12007.8821    12049.3164  7519892    0.35%
 351945 192266        cutoff          12007.8821    12049.1929  7558511    0.34%
 353663 192900    12035.8959    87    12007.8821    12049.0783  7597932    0.34%
Elapsed time = 1342.68 sec. (864476.18 ticks, tree = 287.37 MB, solutions = 1)
 355373 193569    12026.4150   134    12007.8821    12048.9607  7635958    0.34%
 357044 194223        cutoff          12007.8821    12048.8453  7672111    0.34%
 358739 194837    12028.8577   124    12007.8821    12048.7261  7710268    0.34%
 360455 195477        cutoff          12007.8821    12048.6204  7747802    0.34%
 362132 196108        cutoff          12007.8821    12048.5063  7785277    0.34%
 363799 196757    12027.6286   110    12007.8821    12048.4083  7822196    0.34%
 365497 197407    12012.9572    86    12007.8821    12048.3130  7859282    0.34%
 367134 197970    12008.4506   107    12007.8821    12048.1946  7897522    0.34%
 368914 198596    12025.6901   131    12007.8821    12048.0817  7935582    0.33%
 370663 199198    12015.3622   100    12007.8821    12047.9708  7974397    0.33%
Elapsed time = 1402.21 sec. (902635.36 ticks, tree = 296.50 MB, solutions = 1)
 372249 199815    12033.3779   129    12007.8821    12047.8775  8009505    0.33%
 373934 200379    12028.0628   117    12007.8821    12047.7663  8047253    0.33%
 375719 201029    12017.6066   121    12007.8821    12047.6528  8085455    0.33%
 377466 201625    12028.5906    96    12007.8821    12047.5279  8123118    0.33%
 379158 202218    12027.3115   107    12007.8821    12047.4126  8159292    0.33%
 380837 202810    12024.4218   103    12007.8821    12047.2966  8197216    0.33%
 382651 203497    12021.2258   119    12007.8821    12047.1937  8234296    0.33%
 384410 204189        cutoff          12007.8821    12047.0958  8272898    0.33%
 386051 204728        cutoff          12007.8821    12046.9935  8309820    0.33%
 387768 205304    12017.6545   155    12007.8821    12046.8808  8347235    0.32%
Elapsed time = 1462.30 sec. (940832.55 ticks, tree = 305.54 MB, solutions = 1)
 389449 205814    12010.6688   104    12007.8821    12046.7656  8387115    0.32%
 391007 206265    12024.6566    95    12007.8821    12046.6620  8422033    0.32%
 392778 206837    12035.3044    85    12007.8821    12046.5428  8460428    0.32%
 394443 207407    12039.8694   120    12007.8821    12046.4348  8497620    0.32%
 396048 207934    12023.6050   148    12007.8821    12046.3229  8534884    0.32%
 397631 208431    12017.4457    62    12007.8821    12046.2278  8569012    0.32%
 399402 209026    12033.7288   100    12007.8821    12046.1241  8606335    0.32%
 401125 209615        cutoff          12007.8821    12046.0224  8644214    0.32%
 402847 210187        cutoff          12007.8821    12045.9136  8682489    0.32%
 404582 210767        cutoff          12007.8821    12045.8018  8718150    0.32%
Elapsed time = 1522.39 sec. (978995.29 ticks, tree = 313.58 MB, solutions = 1)
 406230 211329    12026.9496   145    12007.8821    12045.7149  8754511    0.32%
 408052 211963    12029.2845   103    12007.8821    12045.6109  8793836    0.31%
 409820 212474        cutoff          12007.8821    12045.4907  8832537    0.31%
 411546 213051    12015.9288    80    12007.8821    12045.3835  8871066    0.31%
 413306 213527    12033.6370   125    12007.8821    12045.2648  8911119    0.31%
 415054 214083    12009.5873   128    12007.8821    12045.1492  8950894    0.31%
 416686 214619    12019.3732    92    12007.8821    12045.0492  8987205    0.31%
 418460 215140    12017.2649   133    12007.8821    12044.9259  9025778    0.31%
 420132 215642    12029.9441   111    12007.8821    12044.8144  9061427    0.31%
 421932 216268    12008.8396    77    12007.8821    12044.7140  9098901    0.31%
Elapsed time = 1582.97 sec. (1017167.04 ticks, tree = 321.80 MB, solutions = 1)
 423705 216808        cutoff          12007.8821    12044.6183  9138222    0.31%
 425409 217319    12010.1484    97    12007.8821    12044.5245  9176842    0.31%
 427122 217825    12029.4060   115    12007.8821    12044.4087  9214358    0.30%
 428833 218299    12008.4337    88    12007.8821    12044.3067  9251731    0.30%
 430545 218844    12024.8691   109    12007.8821    12044.2074  9289494    0.30%
 432327 219291        cutoff          12007.8821    12044.1025  9328723    0.30%
 434090 219858    12033.1006   115    12007.8821    12044.0148  9367586    0.30%
 435868 220499    12011.0153    95    12007.8821    12043.9261  9402462    0.30%
 437551 220945    12042.9416   114    12007.8821    12043.8266  9440829    0.30%
 439268 221466    12009.7219   123    12007.8821    12043.7350  9477002    0.30%
Elapsed time = 1642.45 sec. (1055336.72 ticks, tree = 329.39 MB, solutions = 1)
 440860 221871    12041.1605   100    12007.8821    12043.6361  9511695    0.30%
 442488 222340    12011.0273   107    12007.8821    12043.5457  9546840    0.30%
 444240 222932    12024.4113   112    12007.8821    12043.4602  9584290    0.30%
 445949 223390    12008.3245   118    12007.8821    12043.3679  9621478    0.30%
 447651 223862    12013.2090    98    12007.8821    12043.2759  9658477    0.29%
 449402 224290        cutoff          12007.8821    12043.1677  9696576    0.29%
 451066 224749    12024.1228   107    12007.8821    12043.0718  9735264    0.29%
 452892 225217    12038.7669   102    12007.8821    12042.9715  9773869    0.29%
 454558 225695    12013.0401    83    12007.8821    12042.8796  9811489    0.29%
 456261 226181    12014.9471    75    12007.8821    12042.7835  9848572    0.29%
Elapsed time = 1702.39 sec. (1093516.32 ticks, tree = 336.47 MB, solutions = 1)
 457873 226596    12007.9457   130    12007.8821    12042.6914  9884524    0.29%
 459657 227106    12013.8672   105    12007.8821    12042.5890  9923942    0.29%
 461435 227520    12011.3982    96    12007.8821    12042.4831  9963201    0.29%
 463228 228010    12008.7066   102    12007.8821    12042.3854 10003197    0.29%
 465045 228506    12009.2378   121    12007.8821    12042.2860 10041149    0.29%
 466838 228967    12035.6946   119    12007.8821    12042.1822 10079395    0.29%
 468488 229421    12013.8910   102    12007.8821    12042.0968 10114187    0.28%
 470346 229967    12020.8418   130    12007.8821    12042.0048 10151523    0.28%
 472087 230430    12013.6909   132    12007.8821    12041.9140 10188434    0.28%
 473695 230832    12026.8151   103    12007.8821    12041.8162 10222765    0.28%
Elapsed time = 1762.67 sec. (1131770.83 ticks, tree = 345.03 MB, solutions = 1)
 475447 231289    12010.0007   124    12007.8821    12041.7195 10260262    0.28%
 477193 231751    12014.9987   125    12007.8821    12041.6332 10298141    0.28%
 478879 232221    12017.8581    74    12007.8821    12041.5444 10333757    0.28%
 480682 232687        cutoff          12007.8821    12041.4442 10370608    0.28%
 482457 233120    12023.0717    72    12007.8821    12041.3365 10408917    0.28%
 484217 233581    12012.1088   135    12007.8821    12041.2463 10445447    0.28%
 485976 234053        cutoff          12007.8821    12041.1627 10480841    0.28%
 487661 234499    12021.0299   139    12007.8821    12041.0682 10517424    0.28%
 489443 234936    12009.6844   155    12007.8821    12040.9703 10555293    0.28%
 491259 235402        cutoff          12007.8821    12040.8827 10591545    0.27%
Elapsed time = 1822.27 sec. (1169934.99 ticks, tree = 351.74 MB, solutions = 1)
 493064 235922    12023.8748    89    12007.8821    12040.7969 10629263    0.27%
 494882 236408        cutoff          12007.8821    12040.7065 10666905    0.27%
 496613 236839    12022.6322   164    12007.8821    12040.6212 10703846    0.27%
 498339 237289    12013.1603   100    12007.8821    12040.5349 10740142    0.27%
 500119 237667    12011.1535   152    12007.8821    12040.4376 10777563    0.27%
 501990 238101    12013.4515   138    12007.8821    12040.3431 10815654    0.27%
 503507 238439    12009.4125   117    12007.8821    12040.2640 10849546    0.27%
 505395 238971    12014.4526   142    12007.8821    12040.1718 10886943    0.27%
 507109 239345    12026.8452   132    12007.8821    12040.0710 10924431    0.27%
 508852 239735        cutoff          12007.8821    12039.9804 10962961    0.27%
Elapsed time = 1881.80 sec. (1208094.68 ticks, tree = 358.30 MB, solutions = 1)
 510688 240192    12022.8555    76    12007.8821    12039.8873 11000366    0.27%
 512469 240624    12020.2125    97    12007.8821    12039.8037 11036794    0.27%
 514259 241035        cutoff          12007.8821    12039.7166 11073310    0.27%
 516106 241478    12016.3936    92    12007.8821    12039.6294 11110784    0.26%
 517952 241901    12011.0435   114    12007.8821    12039.5300 11150125    0.26%
 519698 242267    12023.6244   133    12007.8821    12039.4428 11186683    0.26%
 521422 242620    12010.5694   100    12007.8821    12039.3563 11223251    0.26%
 523153 242978    12025.9626   128    12007.8821    12039.2761 11259813    0.26%
 524957 243414    12015.5427   128    12007.8821    12039.1901 11297096    0.26%
 526811 243855    12014.9058   134    12007.8821    12039.0965 11334381    0.26%
Elapsed time = 1941.28 sec. (1246269.71 ticks, tree = 364.51 MB, solutions = 1)
 528633 244273    12017.8504   124    12007.8821    12039.0159 11369533    0.26%
 530422 244653    12012.0384   113    12007.8821    12038.9247 11407777    0.26%
 532175 245055    12031.5512    80    12007.8821    12038.8448 11442445    0.26%
 533688 245341    12030.1091   110    12007.8821    12038.7675 11473480    0.26%
 535463 245709    12020.1452   108    12007.8821    12038.6864 11511020    0.26%
 537224 246033    12016.1904    93    12007.8821    12038.5986 11547875    0.26%
 539065 246504        cutoff          12007.8821    12038.5149 11584796    0.26%
 540803 246841    12008.8040   139    12007.8821    12038.4265 11619981    0.25%
 542659 247260    12027.8041   112    12007.8821    12038.3384 11656678    0.25%
 544427 247566    12008.0347   135    12007.8821    12038.2495 11692604    0.25%
Elapsed time = 2000.57 sec. (1284432.49 ticks, tree = 370.15 MB, solutions = 1)
 546218 247942    12008.5393   107    12007.8821    12038.1685 11727624    0.25%
 548010 248297    12017.8162   110    12007.8821    12038.0871 11763111    0.25%
 549888 248709    12026.8292   120    12007.8821    12038.0014 11800216    0.25%
 551509 249010    12020.9895   173    12007.8821    12037.9294 11833826    0.25%
 553301 249282        cutoff          12007.8821    12037.8373 11870542    0.25%
 555128 249671    12009.1440   150    12007.8821    12037.7523 11907226    0.25%
 556827 250019    12013.5969   118    12007.8821    12037.6729 11940946    0.25%
 558564 250308    12016.8050   120    12007.8821    12037.5872 11976358    0.25%
 560176 250544    12020.1159   118    12007.8821    12037.5018 12009042    0.25%
 561972 250828        cutoff          12007.8821    12037.4163 12045531    0.25%
Elapsed time = 2060.15 sec. (1322606.96 ticks, tree = 375.10 MB, solutions = 1)
 563583 251017        cutoff          12007.8821    12037.3323 12081018    0.25%
 565427 251315        cutoff          12007.8821    12037.2508 12118193    0.24%
 567337 251690    12026.9435   103    12007.8821    12037.1652 12154094    0.24%
 569216 252039    12029.3223    68    12007.8821    12037.0860 12191095    0.24%
 571078 252341        cutoff          12007.8821    12037.0039 12227893    0.24%
 572967 252682    12029.7684   133    12007.8821    12036.9114 12264054    0.24%
 574609 252976    12014.9166   115    12007.8821    12036.8300 12296632    0.24%
 576446 253283        cutoff          12007.8821    12036.7451 12333437    0.24%
 578301 253562    12028.4238   147    12007.8821    12036.6526 12371057    0.24%
 580106 253815    12023.1940    78    12007.8821    12036.5621 12407158    0.24%
Elapsed time = 2119.64 sec. (1360762.49 ticks, tree = 379.68 MB, solutions = 1)
 581903 254127    12020.7481    87    12007.8821    12036.4820 12441161    0.24%
 583679 254467    12035.8014   106    12007.8821    12036.3983 12476763    0.24%
 585517 254791    12020.6759   116    12007.8821    12036.3112 12512733    0.24%
 587344 255078    12012.6234    63    12007.8821    12036.2232 12549935    0.24%
 589075 255398        cutoff          12007.8821    12036.1415 12583671    0.24%
 590832 255708    12011.8168   125    12007.8821    12036.0714 12616762    0.23%
 592622 255944    12023.9575    88    12007.8821    12035.9828 12652374    0.23%
 594509 256332        cutoff          12007.8821    12035.9091 12687369    0.23%
 596281 256533        cutoff          12007.8821    12035.8262 12724032    0.23%
 598122 256803    12016.8174    90    12007.8821    12035.7427 12760108    0.23%
Elapsed time = 2179.06 sec. (1398926.40 ticks, tree = 384.52 MB, solutions = 1)
 599930 257089        cutoff          12007.8821    12035.6601 12797070    0.23%
 601670 257352    12015.6999    95    12007.8821    12035.5894 12832438    0.23%
 603513 257627    12009.4930   164    12007.8821    12035.5004 12869311    0.23%
 605328 257865    12028.7178   115    12007.8821    12035.4168 12905674    0.23%
 607129 258078    12010.3464   162    12007.8821    12035.3321 12941446    0.23%
 608916 258212    12018.1460    91    12007.8821    12035.2471 12976961    0.23%
 610758 258469    12016.9783   106    12007.8821    12035.1662 13012233    0.23%
 612626 258722    12009.5866   111    12007.8821    12035.0793 13048578    0.23%
 614428 259005    12011.9221   122    12007.8821    12035.0001 13084041    0.23%
 616233 259201    12027.8231    95    12007.8821    12034.9215 13121067    0.23%
Elapsed time = 2238.75 sec. (1437110.77 ticks, tree = 388.29 MB, solutions = 1)
 618028 259421        cutoff          12007.8821    12034.8418 13156308    0.22%
 619846 259651    12014.7207    84    12007.8821    12034.7616 13192203    0.22%
 621666 259877    12032.6035   108    12007.8821    12034.6835 13226821    0.22%
 623540 260149        cutoff          12007.8821    12034.6039 13261488    0.22%
 625256 260324        cutoff          12007.8821    12034.5240 13294731    0.22%
 627058 260544    12019.3661   110    12007.8821    12034.4488 13329366    0.22%
 628896 260712        cutoff          12007.8821    12034.3618 13364902    0.22%
 630721 260974    12017.2084   102    12007.8821    12034.2822 13399268    0.22%
 632494 261133    12024.5943   141    12007.8821    12034.1973 13435838    0.22%
 634329 261317        cutoff          12007.8821    12034.1149 13471344    0.22%
Elapsed time = 2297.98 sec. (1476536.13 ticks, tree = 391.69 MB, solutions = 1)
 636080 261508    12025.7289    60    12007.8821    12034.0325 13505311    0.22%
 637852 261705    12010.5072   114    12007.8821    12033.9587 13539803    0.22%
 639658 261889    12025.2611   100    12007.8821    12033.8792 13574446    0.22%
 641542 262090    12011.8785   118    12007.8821    12033.8036 13610843    0.22%
 643248 262283    12015.9309   103    12007.8821    12033.7307 13643532    0.22%
 645056 262469    12013.6418   111    12007.8821    12033.6504 13676663    0.21%
 646895 262643    12009.5591    96    12007.8821    12033.5712 13711176    0.21%
 648731 262834    12018.9970    75    12007.8821    12033.4949 13746670    0.21%
 650607 263042    12015.7715    42    12007.8821    12033.4189 13782664    0.21%
 652479 263239    12011.7241   134    12007.8821    12033.3434 13818109    0.21%
Elapsed time = 2356.75 sec. (1514697.19 ticks, tree = 394.82 MB, solutions = 1)
 654333 263428    12021.3055   142    12007.8821    12033.2643 13851363    0.21%
 656183 263628        cutoff          12007.8821    12033.1830 13885945    0.21%
 658052 263817    12010.1715   112    12007.8821    12033.1067 13920902    0.21%
 659910 263946    12011.9643   114    12007.8821    12033.0199 13956675    0.21%
 661673 264057    12012.3063   103    12007.8821    12032.9452 13991683    0.21%
 663488 264083    12018.4133    80    12007.8821    12032.8627 14028147    0.21%
 665323 264186    12029.8558   158    12007.8821    12032.7749 14061929    0.21%
 667148 264325    12025.8898   120    12007.8821    12032.7056 14096685    0.21%
 669001 264399        cutoff          12007.8821    12032.6273 14131777    0.21%
 670871 264486        cutoff          12007.8821    12032.5508 14166459    0.21%
Elapsed time = 2417.21 sec. (1553180.56 ticks, tree = 396.94 MB, solutions = 1)
 672722 264594    12022.4600   117    12007.8821    12032.4723 14199185    0.20%
 674524 264742    12016.2975   133    12007.8821    12032.4002 14234064    0.20%
 676393 264948        cutoff          12007.8821    12032.3325 14269662    0.20%
 678168 265086    12010.4707    98    12007.8821    12032.2637 14303637    0.20%
 679999 265192        cutoff          12007.8821    12032.1899 14337520    0.20%
 681877 265255    12019.1641   141    12007.8821    12032.1124 14372311    0.20%
 683632 265325    12023.0673   107    12007.8821    12032.0333 14404645    0.20%
 685462 265375    12030.2148    81    12007.8821    12031.9507 14439315    0.20%
 687236 265466    12023.1827   119    12007.8821    12031.8776 14472186    0.20%
 689127 265627    12017.4599   128    12007.8821    12031.8084 14508062    0.20%
Elapsed time = 2476.36 sec. (1591342.82 ticks, tree = 398.95 MB, solutions = 1)
 690932 265715    12016.2619   113    12007.8821    12031.7312 14541141    0.20%
 692703 265865        cutoff          12007.8821    12031.6699 14573180    0.20%
 694488 265886    12031.5355    95    12007.8821    12031.5940 14606800    0.20%
 696392 265968    12013.9252    73    12007.8821    12031.5140 14640893    0.20%
 698262 266101    12010.7011   122    12007.8821    12031.4382 14671687    0.20%
 700095 266135    12008.0326    66    12007.8821    12031.3637 14705465    0.20%
 701842 266164    12013.6584    99    12007.8821    12031.2915 14738007    0.19%
 703488 266238    12029.8029   111    12007.8821    12031.2250 14769655    0.19%
 705359 266349        cutoff          12007.8821    12031.1539 14804419    0.19%
 707178 266361    12022.6192   110    12007.8821    12031.0723 14838409    0.19%
Elapsed time = 2536.56 sec. (1629717.29 ticks, tree = 400.36 MB, solutions = 1)
 709014 266363    12018.6569    94    12007.8821    12030.9929 14872791    0.19%
 710850 266423    12016.9037   121    12007.8821    12030.9191 14907211    0.19%
 712699 266477        cutoff          12007.8821    12030.8397 14940270    0.19%
 714510 266461    12013.7314   120    12007.8821    12030.7592 14974176    0.19%
 716371 266447    12009.8206   101    12007.8821    12030.6774 15007764    0.19%
 718199 266326    12015.7670    50    12007.8821    12030.5924 15041570    0.19%
 720005 266333    12020.6656   156    12007.8821    12030.5249 15074138    0.19%
 721780 266313        cutoff          12007.8821    12030.4551 15105994    0.19%
 723639 266228        cutoff          12007.8821    12030.3766 15140860    0.19%
 725492 266155    12015.4943   134    12007.8821    12030.2992 15175276    0.19%
Elapsed time = 2597.35 sec. (1667880.72 ticks, tree = 400.37 MB, solutions = 1)
 727268 266071    12008.7638   121    12007.8821    12030.2258 15209000    0.19%
 729081 266012    12021.1450    28    12007.8821    12030.1541 15242452    0.19%
 730758 266019    12015.1794   124    12007.8821    12030.0859 15274079    0.18%
 732562 265935        cutoff          12007.8821    12030.0107 15307261    0.18%
 734296 265877    12015.5598   125    12007.8821    12029.9395 15340880    0.18%
 735992 265851        cutoff          12007.8821    12029.8719 15372206    0.18%
 737774 265744        cutoff          12007.8821    12029.7911 15405164    0.18%
 739508 265706    12020.2462    85    12007.8821    12029.7272 15437030    0.18%
 741366 265626    12013.5129    91    12007.8821    12029.6510 15471065    0.18%
 743086 265568    12011.9240   146    12007.8821    12029.5871 15503395    0.18%
Elapsed time = 2658.46 sec. (1706037.99 ticks, tree = 399.80 MB, solutions = 1)
 744909 265477    12014.9932    77    12007.8821    12029.5065 15536849    0.18%
 746640 265362    12015.7033   119    12007.8821    12029.4313 15568669    0.18%
 748465 265179        cutoff          12007.8821    12029.3516 15603529    0.18%
 750235 265059        cutoff          12007.8821    12029.2773 15635324    0.18%
 752081 264923        cutoff          12007.8821    12029.1982 15669846    0.18%
 753955 264832        cutoff          12007.8821    12029.1240 15703811    0.18%
 755754 264716    12029.0237    73    12007.8821    12029.0469 15736556    0.18%
 757564 264599        cutoff          12007.8821    12028.9716 15769447    0.18%
 759386 264451    12013.0062    76    12007.8821    12028.9023 15803274    0.18%
 761254 264377        cutoff          12007.8821    12028.8377 15836193    0.17%
Elapsed time = 2717.61 sec. (1744209.93 ticks, tree = 398.57 MB, solutions = 1)
 763079 264182    11964.9745   109    12007.8821    12028.7613 15868994    0.17%
 764881 264071    12016.4832   119    12007.8821    12028.6859 15901297    0.17%
 766675 263886    12012.3979   108    12007.8821    12028.6126 15933462    0.17%
 768488 263674    12015.5144   116    12007.8821    12028.5338 15964253    0.17%
 770285 263560    12010.1853   131    12007.8821    12028.4607 15997225    0.17%
 772052 263400        cutoff          12007.8821    12028.3900 16029537    0.17%
 773850 263252    12008.6415    65    12007.8821    12028.3255 16060221    0.17%
 775715 263035    12021.2049   111    12007.8821    12028.2505 16092413    0.17%
 777488 262885    12016.6654   108    12007.8821    12028.1861 16123238    0.17%
 779322 262721    12014.3504    97    12007.8821    12028.1111 16155978    0.17%
Elapsed time = 2776.64 sec. (1782528.52 ticks, tree = 396.47 MB, solutions = 1)
 781108 262519    12014.9510   123    12007.8821    12028.0346 16187983    0.17%
 782935 262309        cutoff          12007.8821    12027.9588 16219713    0.17%
 784671 262049        cutoff          12007.8821    12027.8835 16251521    0.17%
 786527 261778    12020.9079   148    12007.8821    12027.8044 16284107    0.17%
 788330 261513    12013.0340   129    12007.8821    12027.7292 16318143    0.17%
 790112 261269        cutoff          12007.8821    12027.6587 16349638    0.16%
 791964 261064    12008.5694    67    12007.8821    12027.5813 16382373    0.16%
 793724 260862        cutoff          12007.8821    12027.5062 16413217    0.16%
 795552 260661    12011.2478   108    12007.8821    12027.4325 16445714    0.16%
 797443 260448    12019.5965   113    12007.8821    12027.3584 16478168    0.16%
Elapsed time = 2837.06 sec. (1820689.53 ticks, tree = 393.31 MB, solutions = 1)
 799207 260187        cutoff          12007.8821    12027.2856 16510966    0.16%
 800947 259877        cutoff          12007.8821    12027.2108 16544313    0.16%
 802770 259666    12011.7496   104    12007.8821    12027.1421 16576129    0.16%
 804502 259429    12016.4045   119    12007.8821    12027.0705 16607528    0.16%
 806225 259089    12014.3884    99    12007.8821    12026.9951 16640178    0.16%
 807964 258824    12015.8903    90    12007.8821    12026.9252 16672747    0.16%
 809697 258557    12017.3075   110    12007.8821    12026.8545 16702976    0.16%
 811508 258246    12007.9156   120    12007.8821    12026.7785 16733374    0.16%
 813279 257978    12009.1628   126    12007.8821    12026.7051 16765054    0.16%
 815072 257638    12012.1593   114    12007.8821    12026.6286 16795968    0.16%
Elapsed time = 2898.00 sec. (1858857.16 ticks, tree = 389.45 MB, solutions = 1)
 816806 257340        cutoff          12007.8821    12026.5485 16827597    0.16%
 818541 257097    12016.2030   100    12007.8821    12026.4764 16859415    0.15%
 820430 256838    12019.3499    92    12007.8821    12026.4039 16891146    0.15%
 822174 256529    12013.8637   110    12007.8821    12026.3284 16920652    0.15%
 823928 256214    12023.5264   136    12007.8821    12026.2587 16950695    0.15%
 825744 255953    12011.3441    99    12007.8821    12026.1909 16981283    0.15%
 827552 255650    12018.8400   142    12007.8821    12026.1213 17012717    0.15%
 829354 255228    12016.6661   133    12007.8821    12026.0377 17045237    0.15%
 831092 254897    12009.3786   170    12007.8821    12025.9641 17075149    0.15%
 832883 254523    12008.5101   129    12007.8821    12025.8904 17105922    0.15%
Elapsed time = 2959.98 sec. (1897027.15 ticks, tree = 385.12 MB, solutions = 1)
 834710 254110        cutoff          12007.8821    12025.8164 17137768    0.15%
 836488 253792    12010.6418   112    12007.8821    12025.7477 17168086    0.15%
 838127 253415        cutoff          12007.8821    12025.6762 17196528    0.15%
 839897 253025        cutoff          12007.8821    12025.6025 17226222    0.15%
 841677 252610        cutoff          12007.8821    12025.5320 17257212    0.15%
 843400 252192    12008.4339    78    12007.8821    12025.4574 17286959    0.15%
 845155 251809    12016.7082   123    12007.8821    12025.3884 17316753    0.15%
 846719 251384    12020.3317   131    12007.8821    12025.3256 17344835    0.15%
 848534 251034    12010.4898   108    12007.8821    12025.2489 17374194    0.14%
 850307 250652    12014.4624   104    12007.8821    12025.1789 17404020    0.14%
Elapsed time = 3021.83 sec. (1935249.98 ticks, tree = 379.67 MB, solutions = 1)
 851998 250258        cutoff          12007.8821    12025.1140 17432374    0.14%
 853833 249830        cutoff          12007.8821    12025.0444 17463459    0.14%
 855609 249398    12010.3321   106    12007.8821    12024.9728 17492304    0.14%
 857429 248952    infeasible          12007.8821    12024.8951 17522668    0.14%
 859027 248497        cutoff          12007.8821    12024.8263 17549339    0.14%
 860795 248041    12017.9406    99    12007.8821    12024.7571 17579932    0.14%
 862548 247609        cutoff          12007.8821    12024.6878 17608909    0.14%
 864296 247111    12017.0589    71    12007.8821    12024.6104 17638996    0.14%
 866090 246700        cutoff          12007.8821    12024.5405 17668274    0.14%
 867952 246276        cutoff          12007.8821    12024.4659 17698858    0.14%
Elapsed time = 3083.49 sec. (1973414.85 ticks, tree = 373.43 MB, solutions = 1)
 869664 245790        cutoff          12007.8821    12024.3958 17728299    0.14%
 871445 245291    12016.6749    45    12007.8821    12024.3238 17757871    0.14%
 873215 244818    12015.4637    99    12007.8821    12024.2496 17786712    0.14%
 874993 244315    12016.1059   117    12007.8821    12024.1775 17817456    0.14%
 876779 243804        cutoff          12007.8821    12024.1050 17848643    0.14%
 878488 243333    12021.2427    75    12007.8821    12024.0365 17877465    0.13%
 880345 242857    12019.6765   108    12007.8821    12023.9661 17907019    0.13%
 882120 242332    12014.6437    97    12007.8821    12023.8926 17937086    0.13%
 883886 241798        cutoff          12007.8821    12023.8196 17966994    0.13%
 885668 241321    12009.6004    41    12007.8821    12023.7501 17995665    0.13%
Elapsed time = 3145.53 sec. (2011614.35 ticks, tree = 366.38 MB, solutions = 1)
 887456 240828    12019.7912    88    12007.8821    12023.6794 18023971    0.13%
 889096 240251    12019.2018   111    12007.8821    12023.6099 18051478    0.13%
 890884 239715        cutoff          12007.8821    12023.5363 18079321    0.13%
 892575 239236        cutoff          12007.8821    12023.4701 18106439    0.13%
 894285 238774        cutoff          12007.8821    12023.4048 18133765    0.13%
 896056 238187    12009.7965   155    12007.8821    12023.3335 18161457    0.13%
 897803 237670    12008.8127    93    12007.8821    12023.2636 18188323    0.13%
 899583 237095    12008.5872    49    12007.8821    12023.1901 18216913    0.13%
 901291 236512    12010.3170   122    12007.8821    12023.1221 18244556    0.13%
 903064 235926    12021.2453    69    12007.8821    12023.0500 18272574    0.13%
Elapsed time = 3206.83 sec. (2049785.58 ticks, tree = 358.62 MB, solutions = 1)
 904806 235340    12012.1042   102    12007.8821    12022.9783 18300420    0.13%
 906621 234801        cutoff          12007.8821    12022.9019 18328312    0.13%
 908425 234179        cutoff          12007.8821    12022.8301 18356862    0.12%
 910213 233567        cutoff          12007.8821    12022.7602 18384431    0.12%
 911825 232992        cutoff          12007.8821    12022.6961 18409930    0.12%
 913230 232509        cutoff          12007.8821    12022.6365 18431969    0.12%
 914188 232170    12012.0956   129    12007.8821    12022.5977 18447006    0.12%
 914788 231951    12009.5272   113    12007.8821    12022.5751 18456544    0.12%
 915358 231769        cutoff          12007.8821    12022.5524 18464637    0.12%
 915688 231643    12020.2333   113    12007.8821    12022.5385 18469841    0.12%
Elapsed time = 3273.88 sec. (2090590.76 ticks, tree = 352.42 MB, solutions = 1)
 916388 231417    12015.9959    74    12007.8821    12022.5093 18481039    0.12%
 916663 231327        cutoff          12007.8821    12022.4974 18485354    0.12%
 916988 231210    12011.1444   105    12007.8821    12022.4865 18490071    0.12%
 917088 231172    12011.2043    53    12007.8821    12022.4826 18491713    0.12%
 917388 231085    12014.2550    79    12007.8821    12022.4706 18496454    0.12%
 917488 231032    12017.2571    75    12007.8821    12022.4656 18498183    0.12%
 917788 230920    12015.0607    58    12007.8821    12022.4538 18502415    0.12%
 917988 230873    12013.6446   116    12007.8821    12022.4488 18505052    0.12%
 918588 230615    12022.4222    89    12007.8821    12022.4221 18514454    0.12%
 918688 230572    12021.4928   109    12007.8821    12022.4171 18515894    0.12%
Elapsed time = 3361.69 sec. (2143095.53 ticks, tree = 350.88 MB, solutions = 1)
 918788 230546    12012.0029    16    12007.8821    12022.4131 18517356    0.12%
 918988 230495    12008.8315   120    12007.8821    12022.4064 18520139    0.12%
 919288 230380    12020.3153    34    12007.8821    12022.3935 18525252    0.12%
 919488 230329    12015.9160   112    12007.8821    12022.3868 18528227    0.12%
 919688 230248    12008.6320    78    12007.8821    12022.3776 18531715    0.12%
 920788 229864    12009.9467    69    12007.8821    12022.3346 18549110    0.12%
 921288 229708    12012.8019   112    12007.8821    12022.3168 18556344    0.12%
 922188 229368    12013.4585   104    12007.8821    12022.2800 18570518    0.12%
 923397 228940    12009.1179    67    12007.8821    12022.2310 18588169    0.12%
 924688 228460    12010.0480   119    12007.8821    12022.1795 18608512    0.12%
Elapsed time = 3440.76 sec. (2190434.50 ticks, tree = 347.81 MB, solutions = 1)
 925788 228030    12011.6265    77    12007.8821    12022.1325 18625470    0.12%
 927088 227564    12007.9313    78    12007.8821    12022.0794 18646378    0.12%
 928339 227128        cutoff          12007.8821    12022.0320 18666134    0.12%
 929688 226549    12013.6868   112    12007.8821    12021.9764 18688154    0.12%
 930992 226047    12009.6530   121    12007.8821    12021.9270 18707970    0.12%
 931988 225651    12008.3306    72    12007.8821    12021.8874 18722343    0.12%
 932636 225376        cutoff          12007.8821    12021.8581 18732020    0.12%
 933793 224879    12021.2707   101    12007.8821    12021.8132 18750156    0.12%
 935025 224398    12011.1019    60    12007.8821    12021.7636 18768899    0.12%
 936202 223940    12011.6663   139    12007.8821    12021.7141 18786867    0.12%
Elapsed time = 3507.56 sec. (2230711.42 ticks, tree = 341.32 MB, solutions = 1)
 937410 223428    12013.9582    55    12007.8821    12021.6633 18804727    0.11%
 938544 222986        cutoff          12007.8821    12021.6179 18821694    0.11%
 939288 222649    12017.4559   143    12007.8821    12021.5860 18832637    0.11%
 940070 222316    12012.0216    63    12007.8821    12021.5533 18844786    0.11%
 941188 221878    12010.6688   102    12007.8821    12021.5139 18862954    0.11%
 942047 221516    12017.1685   130    12007.8821    12021.4796 18875705    0.11%
 943388 220930    12012.1685   126    12007.8821    12021.4228 18897124    0.11%
 944488 220414    12018.2933   101    12007.8821    12021.3770 18914025    0.11%
 945858 219764        cutoff          12007.8821    12021.3145 18935855    0.11%
 946588 219418    12010.2261   138    12007.8821    12021.2828 18947600    0.11%
Elapsed time = 3574.32 sec. (2271047.02 ticks, tree = 334.76 MB, solutions = 1)
 948223 218767        cutoff          12007.8821    12021.2179 18972001    0.11%
 949412 218264    12019.2190   115    12007.8821    12021.1700 18989544    0.11%
 950509 217765        cutoff          12007.8821    12021.1241 19005632    0.11%
 951954 217114        cutoff          12007.8821    12021.0632 19027254    0.11%

Flow cuts applied:  65
Mixed integer rounding cuts applied:  235
Lift and project cuts applied:  74
Gomory fractional cuts applied:  34

Root node processing (before b&c):
  Real time             =    1.22 sec. (691.70 ticks)
Sequential b&c:
  Real time             = 3598.78 sec. (2288407.05 ticks)
                          ------------
Total (root+branch&cut) = 3600.00 sec. (2289098.74 ticks)
