1 of 1 MIP starts provided solutions.
MIP start 'm1' defined initial solution with objective 3130.7390.
Tried aggregator 13 times.
MIP Presolve eliminated 1216 rows and 1 columns.
Aggregator did 6498 substitutions.
Reduced MIP has 8962 rows, 7753 columns, and 41037 nonzeros.
Reduced MIP has 1200 binaries, 0 generals, 0 SOSs, and 0 indicators.
Presolve time = 0.29 sec. (142.13 ticks)
Probing time = 0.03 sec. (9.12 ticks)
Tried aggregator 1 time.
Reduced MIP has 8962 rows, 7753 columns, and 41037 nonzeros.
Reduced MIP has 1200 binaries, 0 generals, 0 SOSs, and 0 indicators.
Presolve time = 0.05 sec. (20.11 ticks)
Probing time = 0.02 sec. (8.78 ticks)
Clique table members: 9421.
MIP emphasis: balance optimality and feasibility.
MIP search method: dynamic search.
Parallel mode: none, using 1 thread.
Root relaxation solution time = 0.24 sec. (159.06 ticks)

        Nodes                                         Cuts/
   Node  Left     Objective  IInf  Best Integer    Best Bound    ItCnt     Gap

*     0+    0                         3130.7390    16194.6340     6063  417.28%
      0     0     3464.9225   204     3130.7390     3464.9225     6063   10.67%
      0     0     3371.6203   268     3130.7390     Cuts: 371     7373    7.69%
      0     0     3324.0583   279     3130.7390     Cuts: 371     8107    6.17%
      0     0     3310.1076   267     3130.7390     Cuts: 240     8613    5.73%
      0     0     3296.9482   273     3130.7390     Cuts: 235     9103    5.31%
      0     0     3286.6338   302     3130.7390     Cuts: 179     9526    4.98%
      0     0     3277.4129   286     3130.7390     Cuts: 167     9882    4.68%
      0     0     3274.0841   288     3130.7390     Cuts: 144    10219    4.58%
      0     0     3270.3435   292     3130.7390     Cuts: 130    10438    4.46%
      0     0     3269.2896   280     3130.7390      Cuts: 99    10539    4.43%
      0     0     3269.0255   283     3130.7390      Cuts: 85    10622    4.42%
      0     0     3268.2315   288     3130.7390      Cuts: 64    10940    4.39%
      0     0     3267.8416   291     3130.7390      Cuts: 85    11100    4.38%
      0     2     3267.8416   291     3130.7390     3267.8407    11100    4.38%
Elapsed time = 6.85 sec. (3720.86 ticks, tree = 0.00 MB, solutions = 1)
      4     6     3232.1820   232     3130.7390     3264.6749    13692    4.28%
      7     9     3260.4146   258     3130.7390     3264.6749    15276    4.28%
     10    12     3259.0386   232     3130.7390     3264.6749    15905    4.28%
     17    19     3248.3130   211     3130.7390     3264.6749    17891    4.28%
     25    25     3230.7664   162     3130.7390     3264.6749    19244    4.28%
     47    45     3187.4383   127     3130.7390     3264.6749    22223    4.28%
     85    81     3156.8825    95     3130.7390     3264.6749    25086    4.28%
    102    90     3258.5367   283     3130.7390     3264.6659    26706    4.28%
    107    95     3189.6494   190     3130.7390     3264.6659    30152    4.28%
    189   163     3188.5269   204     3130.7390     3262.1294    39103    4.20%
Elapsed time = 13.12 sec. (7521.95 ticks, tree = 0.75 MB, solutions = 1)
    260   229     3185.4564   221     3130.7390     3259.4167    48025    4.11%
    313   278     3208.4535   245     3130.7390     3259.4086    55691    4.11%
    370   325     3188.7517   219     3130.7390     3259.0372    65094    4.10%
    401   349     3245.0693   269     3130.7390     3258.8214    74120    4.09%
    450   398     3155.8917   225     3130.7390     3258.8214    82023    4.09%
    494   438     3198.6691   253     3130.7390     3258.7100    89007    4.09%
    504   448     3233.0687   316     3130.7390     3233.0583   104857    3.27%
    507   449     3231.8544   320     3130.7390     3232.3605   106184    3.25%
    510   360     3228.4138   300     3130.7390     3231.7672   107799    3.23%
    512   361     3225.2573   289     3130.7390     3231.7672   111255    3.23%
Elapsed time = 60.98 sec. (33152.44 ticks, tree = 1.61 MB, solutions = 1)
    514   363     3225.1453   290     3130.7390     3231.7672   111939    3.23%
    518   366     3216.7866   288     3130.7390     3231.7672   113427    3.23%
    522   369     3219.9928   276     3130.7390     3231.7672   116670    3.23%
    528   374     3192.1374   235     3130.7390     3231.7672   118342    3.23%
    537   375     3143.2515   191     3130.7390     3231.7672   120820    3.23%
    549   339     3211.2152   284     3130.7390     3225.7989   123238    3.04%
    574   317     3133.7818   140     3130.7390     3225.7989   127609    3.04%
    594   313     3165.2307   175     3130.7390     3225.3244   132110    3.02%
    640   314     3224.6185   303     3130.7390     3225.1681   135248    3.02%
    655   323     3214.6974   287     3130.7390     3225.1681   138744    3.02%
Elapsed time = 79.73 sec. (43470.20 ticks, tree = 2.95 MB, solutions = 1)
    690   343     3199.4466   237     3130.7390     3225.1681   142758    3.02%
    731   367     3175.2869   171     3130.7390     3225.1681   146348    3.02%
    809   397     3188.4947   243     3130.7390     3224.7575   152594    3.00%
    833   409     3170.4031   199     3130.7390     3224.7575   158363    3.00%
    864   405     3152.5918   213     3130.7390     3224.5121   164565    3.00%
    895   407     3155.9381   243     3130.7390     3220.9817   172061    2.88%
    927   416     3205.1003   279     3130.7390     3220.7501   178556    2.88%
    945   423     3177.2685   267     3130.7390     3220.7501   181775    2.88%
   1027   465        cutoff           3130.7390     3220.6069   186577    2.87%
   1034   470     3185.7660   266     3130.7390     3220.4563   190436    2.87%
Elapsed time = 98.55 sec. (54227.64 ticks, tree = 3.24 MB, solutions = 1)
   1062   485     3160.2601   245     3130.7390     3220.4563   194451    2.87%
   1091   490     3131.0542   174     3130.7390     3220.4563   199023    2.87%
   1095   487     3171.1310   262     3130.7390     3219.6211   203775    2.84%
   1141   514     3131.5999   138     3130.7390     3219.6211   207535    2.84%
   1153   524     3204.5404   282     3130.7390     3219.2341   211893    2.83%
   1182   553     3176.6449   258     3130.7390     3219.2341   216008    2.83%
   1228   598     3139.2780   168     3130.7390     3219.2341   220199    2.83%
   1251   614     3183.7779   257     3130.7390     3219.1329   225265    2.82%
   1297   657     3148.5773   182     3130.7390     3219.1329   230281    2.82%
   1323   676        cutoff           3130.7390     3218.9047   235436    2.82%
Elapsed time = 115.67 sec. (64186.36 ticks, tree = 3.87 MB, solutions = 1)
   1342   685     3185.0037   296     3130.7390     3218.8835   243441    2.82%
   1357   700     3168.6285   269     3130.7390     3218.8835   247841    2.82%
   1404   738     3133.3580   177     3130.7390     3218.8835   251884    2.82%
   1414   740     3152.2522   248     3130.7390     3217.7840   255998    2.78%
   1431   753     3183.9299   306     3130.7390     3217.6762   261921    2.78%
   1439   758     3137.9934   246     3130.7390     3217.6762   265642    2.78%
   1449   759     3173.6423   306     3130.7390     3217.4558   269753    2.77%
   1464   774     3157.8314   279     3130.7390     3217.4558   273136    2.77%
   1502   803     3171.4908   251     3130.7390     3217.3334   280628    2.77%
   1528   825     3131.7945   244     3130.7390     3217.3334   284336    2.77%
Elapsed time = 135.17 sec. (75303.29 ticks, tree = 4.37 MB, solutions = 1)
   1540   832     3175.5837   282     3130.7390     3217.2516   289094    2.76%
   1553   843     3160.4141   272     3130.7390     3217.2516   291985    2.76%
   1602   884     3202.5952   321     3130.7390     3216.7381   299356    2.75%
   1618   900     3187.5295   279     3130.7390     3216.7381   305297    2.75%
   1641   923     3147.1629   254     3130.7390     3216.7381   311478    2.75%
   1677   948     3157.6419   301     3130.7390     3215.7426   320240    2.72%
   1716   975        cutoff           3130.7390     3215.1213   325849    2.70%
   1724   981     3187.7613   284     3130.7390     3215.0282   330688    2.69%
   1748   997     3207.8168   285     3130.7390     3214.8906   337007    2.69%
   1788  1037     3167.4014   199     3130.7390     3214.8906   342984    2.69%
Elapsed time = 154.47 sec. (86123.93 ticks, tree = 4.54 MB, solutions = 1)
   1856  1086     3183.9849   266     3130.7390     3214.3681   349958    2.67%
   1881  1111     3153.2460   229     3130.7390     3214.3681   353613    2.67%
   1921  1142     3195.5585   286     3130.7390     3212.3308   358902    2.61%
   1935  1156     3169.0435   258     3130.7390     3212.3308   363005    2.61%
   1984  1199     3136.3090   129     3130.7390     3212.3308   368109    2.61%
   1996  1203     3147.0966   252     3130.7390     3211.9408   373644    2.59%
   2018  1218     3170.1564   258     3130.7390     3211.9270   378179    2.59%
   2041  1240     3131.8611   207     3130.7390     3211.9270   382118    2.59%
   2054  1244     3164.6428   258     3130.7390     3211.4164   387910    2.58%
   2080  1264     3172.1892   306     3130.7390     3211.3922   395295    2.58%
Elapsed time = 173.64 sec. (97298.24 ticks, tree = 5.18 MB, solutions = 1)
   2113  1295     3137.0090   222     3130.7390     3211.3922   399956    2.58%
   2129  1305     3167.9512   275     3130.7390     3210.9623   404863    2.56%
   2167  1336     3142.6877   295     3130.7390     3210.9132   410898    2.56%
   2193  1356     3154.2261   209     3130.7390     3210.8232   416850    2.56%
   2216  1374     3166.5350   248     3130.7390     3210.6775   421716    2.55%
   2262  1414     3176.6883   241     3130.7390     3210.6295   428296    2.55%
   2349  1476        cutoff           3130.7390     3210.3880   433996    2.54%
   2371  1498     3167.1946   258     3130.7390     3210.2886   440000    2.54%
   2436  1558     3178.0214   284     3130.7390     3210.0172   446345    2.53%
   2479  1593     3155.8576   268     3130.7390     3209.9293   452545    2.53%
Elapsed time = 190.95 sec. (107319.27 ticks, tree = 5.83 MB, solutions = 1)
   2509  1609     3173.2504   257     3130.7390     3209.2782   458925    2.51%
   2559  1650     3180.8902   269     3130.7390     3208.4872   465248    2.48%
   2584  1674     3147.1127   259     3130.7390     3208.4872   470672    2.48%
   2614  1698     3166.6923   286     3130.7390     3208.3862   476413    2.48%
   2638  1715     3173.6719   296     3130.7390     3208.1020   484029    2.47%
   2672  1749     3139.9429   208     3130.7390     3208.1020   489675    2.47%
   2678  1750     3177.2233   293     3130.7390     3207.5317   494997    2.45%
   2702  1773     3137.5432   271     3130.7390     3207.5317   500208    2.45%
   2734  1802     3174.4361   232     3130.7390     3207.4852   505696    2.45%
   2879  1924     3142.3946   211     3130.7390     3206.6291   524968    2.42%
Elapsed time = 214.84 sec. (120468.85 ticks, tree = 7.49 MB, solutions = 1)
   2976  1994        cutoff           3130.7390     3206.2386   545664    2.41%
   3043  2042     3142.6089   226     3130.7390     3204.9816   566650    2.37%
   3163  2127        cutoff           3130.7390     3202.7539   590665    2.30%
   3298  2230     3136.7334   255     3130.7390     3202.1390   615635    2.28%
   3402  2306     3151.1218   288     3130.7390     3200.9477   642405    2.24%
   3519  2370     3153.0075   237     3130.7390     3198.9229   667679    2.18%
   3602  2414        cutoff           3130.7390     3197.9741   688541    2.15%
   3657  2448     3147.1275   253     3130.7390     3197.3091   707727    2.13%
   3716  2480     3165.8943   270     3130.7390     3196.6235   727635    2.10%
   3848  2570     3151.1575   225     3130.7390     3195.9956   751047    2.08%
Elapsed time = 287.99 sec. (159953.26 ticks, tree = 9.81 MB, solutions = 1)
   3994  2676     3130.8055   144     3130.7390     3194.4244   777086    2.03%
   4135  2781     3158.2725   264     3130.7390     3193.8294   802868    2.02%
   4268  2885     3145.2740   272     3130.7390     3193.2592   826287    2.00%
   4376  2969     3137.7788   218     3130.7390     3192.6782   850408    1.98%
   4458  3019     3159.0779   247     3130.7390     3192.2211   872414    1.96%
   4583  3119     3136.7142   161     3130.7390     3192.1093   894020    1.96%
   4690  3199     3159.9444   288     3130.7390     3191.6889   916357    1.95%
   4820  3306     3145.1256   162     3130.7390     3191.5846   940061    1.94%
   4928  3371     3167.0654   225     3130.7390     3189.9672   965343    1.89%
   5069  3474     3159.4012   276     3130.7390     3189.0859   995053    1.86%
Elapsed time = 360.15 sec. (199251.34 ticks, tree = 12.94 MB, solutions = 1)
   5207  3567     3134.4157   242     3130.7390     3188.4896  1024081    1.84%
   5362  3672     3137.2566   242     3130.7390     3187.7678  1052878    1.82%
   5458  3744     3165.6972   302     3130.7390     3187.5216  1074613    1.81%
   5543  3798     3138.3718   277     3130.7390     3187.1317  1094293    1.80%
   5642  3867     3162.9461   223     3130.7390     3186.4804  1115154    1.78%
   5730  3914     3159.7070   272     3130.7390     3185.6718  1137364    1.75%
   5844  3987     3160.9165   270     3130.7390     3185.3752  1155261    1.75%
   6010  4123     3140.6516   180     3130.7390     3184.7058  1180195    1.72%
   6095  4148        cutoff           3130.7390     3183.2998  1204481    1.68%
   6231  4252     3155.3910   297     3130.7390     3182.9114  1231092    1.67%
Elapsed time = 432.08 sec. (238788.10 ticks, tree = 16.67 MB, solutions = 1)
   6390  4365     3131.4697   244     3130.7390     3182.3275  1257800    1.65%
   6499  4431     3133.2090   267     3130.7390     3182.2476  1280822    1.65%
   6608  4506     3157.8563   222     3130.7390     3181.9104  1306063    1.63%
   6672  4557     3131.1091   225     3130.7390     3181.8245  1326562    1.63%
   6846  4682     3143.6434   251     3130.7390     3181.0080  1352497    1.61%
   6954  4732        cutoff           3130.7390     3180.1399  1374881    1.58%
   7068  4827     3169.4106   275     3130.7390     3179.5145  1398940    1.56%
   7229  4949     3143.3155   274     3130.7390     3179.2762  1421137    1.55%
   7372  5058     3139.5484   251     3130.7390     3179.1065  1445944    1.54%
   7508  5154     3139.7530   295     3130.7390     3178.7835  1473316    1.53%
Elapsed time = 505.61 sec. (278139.31 ticks, tree = 20.14 MB, solutions = 1)
   7620  5221     3130.9445   250     3130.7390     3178.5400  1497781    1.53%
   7727  5287     3153.1181   221     3130.7390     3178.1197  1525025    1.51%
   7901  5402     3140.8195   251     3130.7390     3177.3901  1553220    1.49%
   8066  5520     3151.3377   267     3130.7390     3176.8071  1578247    1.47%
   8160  5567     3150.2366   283     3130.7390     3176.4651  1601193    1.46%
   8287  5655     3144.4170   266     3130.7390     3176.1024  1624414    1.45%
   8401  5732     3141.2017   275     3130.7390     3175.6720  1647888    1.44%
   8534  5819     3151.8467   222     3130.7390     3175.0944  1669896    1.42%
   8689  5925     3145.6045   176     3130.7390     3174.6168  1691043    1.40%
   8804  5985     3156.5413   183     3130.7390     3174.2738  1713646    1.39%
Elapsed time = 578.41 sec. (317659.85 ticks, tree = 22.92 MB, solutions = 1)
   8964  6080     3146.6808   193     3130.7390     3173.9574  1740796    1.38%
   9101  6171     3136.2000   235     3130.7390     3173.6863  1767888    1.37%
   9262  6280     3140.9452   248     3130.7390     3173.4808  1796344    1.37%
   9429  6372     3165.6110   221     3130.7390     3172.8003  1822776    1.34%
   9585  6478     3132.1330   134     3130.7390     3172.6141  1850746    1.34%
   9728  6554     3134.2775   267     3130.7390     3172.3699  1879334    1.33%
   9887  6675     3163.8699   244     3130.7390     3172.1792  1904737    1.32%
  10047  6779        cutoff           3130.7390     3171.8323  1928278    1.31%
  10184  6873     3135.5956   262     3130.7390     3171.5024  1950620    1.30%
  10304  6930     3151.1962   274     3130.7390     3171.1361  1973187    1.29%
Elapsed time = 651.10 sec. (356369.25 ticks, tree = 26.09 MB, solutions = 1)
  10436  7026     3131.5732   275     3130.7390     3170.9938  1997294    1.29%
  10584  7132     3150.9199   188     3130.7390     3170.9254  2017041    1.28%
  10585  7133     3144.3869   256     3130.7390     3170.9210  2018389    1.28%
  10722  7236     3145.0286   269     3130.7390     3170.7726  2045202    1.28%
  10933  7379     3142.1449   153     3130.7390     3170.5074  2072703    1.27%
  11132  7486        cutoff           3130.7390     3170.0061  2103062    1.25%
  11343  7619     3144.9181   291     3130.7390     3169.5726  2132886    1.24%
  11548  7758     3149.1356   298     3130.7390     3169.3976  2162011    1.23%
  11695  7855     3134.6037   234     3130.7390     3169.2799  2188908    1.23%
  11808  7903        cutoff           3130.7390     3168.8154  2211623    1.22%
Elapsed time = 778.23 sec. (426661.68 ticks, tree = 28.91 MB, solutions = 1)
  11946  7984     3142.3090   294     3130.7390     3168.6177  2231883    1.21%
  12089  8072     3140.2144   229     3130.7390     3168.3183  2259086    1.20%
  12273  8207     3134.1695   223     3130.7390     3168.0870  2282633    1.19%
  12450  8322        cutoff           3130.7390     3167.6295  2305559    1.18%
  12586  8379        cutoff           3130.7390     3167.3867  2330850    1.17%
  12767  8496        cutoff           3130.7390     3167.0040  2358547    1.16%
  12954  8631     3147.9008   191     3130.7390     3166.7829  2386592    1.15%
  13135  8716     3164.2809   265     3130.7390     3166.1131  2416905    1.13%
  13334  8833     3131.6651   122     3130.7390     3165.6768  2444893    1.12%
  13529  8934     3135.7317   237     3130.7390     3165.3104  2475555    1.10%
Elapsed time = 847.70 sec. (465033.26 ticks, tree = 32.60 MB, solutions = 1)
  13690  9004     3153.4343   249     3130.7390     3164.9563  2504306    1.09%
  13883  9127     3145.4548   156     3130.7390     3164.7488  2530189    1.09%
  14108  9281        cutoff           3130.7390     3164.4981  2555353    1.08%
  14268  9376     3133.2557   188     3130.7390     3164.3196  2581651    1.07%
  14438  9474     3132.4725   196     3130.7390     3164.0760  2607175    1.06%
  14576  9526     3155.1518   271     3130.7390     3163.8219  2631873    1.06%
  14794  9683     3151.3682   174     3130.7390     3163.6715  2656525    1.05%
  14927  9783     3139.5500   275     3130.7390     3163.5699  2677087    1.05%
  15075  9851     3132.5883   292     3130.7390     3163.2227  2701812    1.04%
  15257  9970     3140.0694   175     3130.7390     3163.0176  2728980    1.03%
Elapsed time = 916.53 sec. (503660.12 ticks, tree = 36.08 MB, solutions = 1)
  15425 10065     3139.6388   222     3130.7390     3162.9057  2756477    1.03%
  15608 10154        cutoff           3130.7390     3162.5660  2782032    1.02%
  15780 10236        cutoff           3130.7390     3162.3528  2806654    1.01%
  15994 10362     3137.3840   234     3130.7390     3162.1396  2833619    1.00%
  16166 10454     3150.9724   204     3130.7390     3161.8487  2860274    0.99%
  16381 10601     3135.8001   261     3130.7390     3161.6959  2888298    0.99%
  16533 10676     3138.8650   262     3130.7390     3161.4401  2910180    0.98%
  16677 10769        cutoff           3130.7390     3161.3309  2934011    0.98%
  16863 10894     3133.4715   168     3130.7390     3161.1520  2956562    0.97%
  17062 10976        cutoff           3130.7390     3160.8092  2986292    0.96%
Elapsed time = 986.41 sec. (542225.97 ticks, tree = 39.47 MB, solutions = 1)
  17181 11034        cutoff           3130.7390     3160.6423  3010048    0.96%
  17334 11125     3151.5075   157     3130.7390     3160.5058  3032902    0.95%
  17504 11178     3144.8269   212     3130.7390     3160.1873  3059528    0.94%
  17708 11313        cutoff           3130.7390     3159.9691  3087722    0.93%
  17854 11389     3141.7350   146     3130.7390     3159.6835  3113197    0.92%
  18014 11464     3143.3380   244     3130.7390     3159.4779  3138874    0.92%
  18207 11580        cutoff           3130.7390     3159.2839  3163695    0.91%
  18386 11680     3140.0923   154     3130.7390     3159.1109  3190251    0.91%
  18531 11744     3152.1734   300     3130.7390     3158.9425  3217287    0.90%
  18669 11801     3139.5903   284     3130.7390     3158.6696  3242897    0.89%
Elapsed time = 1057.00 sec. (580469.23 ticks, tree = 42.13 MB, solutions = 1)
  18857 11913     3131.3246   213     3130.7390     3158.6141  3268812    0.89%
  19022 11945     3137.7722   219     3130.7390     3158.3208  3292864    0.88%
  19225 12064     3133.5633    89     3130.7390     3158.1985  3317773    0.88%
  19407 12147        cutoff           3130.7390     3157.9557  3342733    0.87%
  19590 12237     3131.9571   148     3130.7390     3157.7920  3367539    0.86%
  19748 12267     3134.5024   270     3130.7390     3157.4363  3391966    0.85%
  19890 12307     3142.6357   206     3130.7390     3157.2436  3416231    0.85%
  20058 12371     3138.9456   238     3130.7390     3157.0973  3440342    0.84%
  20259 12470     3139.8049   205     3130.7390     3156.9108  3468138    0.84%
  20487 12584     3134.8498   223     3130.7390     3156.6807  3495182    0.83%
Elapsed time = 1126.42 sec. (618780.17 ticks, tree = 44.77 MB, solutions = 1)
  20669 12609        cutoff           3130.7390     3156.3978  3521815    0.82%
  20821 12663     3139.8024   228     3130.7390     3156.1565  3548467    0.81%
  21054 12764     3142.5077   178     3130.7390     3155.9654  3575374    0.81%
  21259 12865     3132.3214   273     3130.7390     3155.8139  3603377    0.80%
  21569 13046     3131.5643   265     3130.7390     3155.6766  3629090    0.80%
  21760 13151     3145.8378   259     3130.7390     3155.5699  3656981    0.79%
  21919 13214     3131.4937   161     3130.7390     3155.3941  3682516    0.79%
  22093 13306     3138.3648   149     3130.7390     3155.2869  3705431    0.78%
  22255 13381     3131.2578   235     3130.7390     3155.1537  3729174    0.78%
  22503 13469     3146.7823   149     3130.7390     3154.8541  3751998    0.77%
Elapsed time = 1196.67 sec. (657206.10 ticks, tree = 47.65 MB, solutions = 1)
  22720 13567     3148.6939   236     3130.7390     3154.7204  3775431    0.77%
  22909 13653     3148.4266   235     3130.7390     3154.5850  3799625    0.76%
  23066 13734     3136.0160   166     3130.7390     3154.4944  3823769    0.76%
  23213 13807     3141.4142   297     3130.7390     3154.4337  3850352    0.76%
  23377 13851     3136.9672   272     3130.7390     3154.2039  3877168    0.75%
  23628 13973        cutoff           3130.7390     3154.0218  3902728    0.74%
  23847 14081     3143.4958   252     3130.7390     3153.9106  3930829    0.74%
  24063 14157     3143.6092   262     3130.7390     3153.7269  3958775    0.73%
  24321 14272     3148.0638   211     3130.7390     3153.4953  3986119    0.73%
  24540 14348        cutoff           3130.7390     3153.2917  4013098    0.72%
Elapsed time = 1265.96 sec. (695765.00 ticks, tree = 50.63 MB, solutions = 1)
  24776 14465        cutoff           3130.7390     3153.1428  4041476    0.72%
  25004 14559     3140.9046   255     3130.7390     3152.9633  4069778    0.71%
  25164 14597        cutoff           3130.7390     3152.7940  4094871    0.70%
  25354 14667        cutoff           3130.7390     3152.6589  4118339    0.70%
  25513 14718     3133.8211   206     3130.7390     3152.5283  4143417    0.70%
  25788 14822     3144.2398   304     3130.7390     3152.2428  4170435    0.69%
  25982 14883     3131.1746   240     3130.7390     3152.1248  4193513    0.68%
  26171 14917     3132.0562   186     3130.7390     3151.8658  4216933    0.67%
  26382 15005     3131.0455   185     3130.7390     3151.7364  4240685    0.67%
  26629 15076     3147.1304   229     3130.7390     3151.5082  4265531    0.66%
Elapsed time = 1334.97 sec. (734322.32 ticks, tree = 52.87 MB, solutions = 1)
  26845 15179     3138.7062   250     3130.7390     3151.4113  4291606    0.66%
  27101 15291        cutoff           3130.7390     3151.2622  4316001    0.66%
  27304 15371     3131.3276   234     3130.7390     3151.1527  4339991    0.65%
  27515 15445     3132.1396   293     3130.7390     3150.9906  4365600    0.65%
  27750 15544     3141.8122   234     3130.7390     3150.8705  4392205    0.64%
  27937 15632     3146.6438   293     3130.7390     3150.7929  4421229    0.64%
  28157 15647     3149.6612   198     3130.7390     3150.5710  4448620    0.63%
  28406 15735     3135.0218   214     3130.7390     3150.4065  4477795    0.63%
  28649 15793     3134.2199   238     3130.7390     3150.2097  4504637    0.62%
  28869 15883        cutoff           3130.7390     3150.1110  4530579    0.62%
Elapsed time = 1404.19 sec. (772646.75 ticks, tree = 55.61 MB, solutions = 1)
  29059 15958     3139.1262   139     3130.7390     3150.0138  4554344    0.62%
  29308 16067     3144.9864   159     3130.7390     3149.8781  4576854    0.61%
  29614 16219     3135.9350    40     3130.7390     3149.7449  4601338    0.61%
  29851 16301     3141.4855    66     3130.7390     3149.5950  4626479    0.60%
  30126 16382     3087.4945   253     3130.7390     3149.4473  4650595    0.60%
  30338 16401     3138.6140   189     3130.7390     3149.2451  4675807    0.59%
  30541 16457     3144.9809    79     3130.7390     3149.1094  4701147    0.59%
  30773 16561     3134.2178   247     3130.7390     3149.0030  4726611    0.58%
  31019 16649     3139.4507   248     3130.7390     3148.8617  4752662    0.58%
  31239 16723        cutoff           3130.7390     3148.7389  4777853    0.57%
Elapsed time = 1472.75 sec. (810962.63 ticks, tree = 58.82 MB, solutions = 1)
  31469 16764     3143.7239   231     3130.7390     3148.5533  4804366    0.57%
  31728 16870     3137.9327    30     3130.7390     3148.4218  4832054    0.56%
  31961 16932        cutoff           3130.7390     3148.2965  4858951    0.56%
  32180 16933     3137.2540   282     3130.7390     3148.1171  4885086    0.56%
  32450 17017     3132.3089    97     3130.7390     3147.9889  4913519    0.55%
  32667 17065     3137.7304   215     3130.7390     3147.8603  4939679    0.55%
  32878 17095     3133.7551    85     3130.7390     3147.7018  4966182    0.54%
  33135 17149     3139.6718   260     3130.7390     3147.5451  4992115    0.54%
  33337 17192     3137.8859   201     3130.7390     3147.4282  5017467    0.53%
  33493 17202     3143.1822   100     3130.7390     3147.3163  5041608    0.53%
Elapsed time = 1542.59 sec. (849709.00 ticks, tree = 60.35 MB, solutions = 1)
  33724 17291     3136.4925   221     3130.7390     3147.2084  5067361    0.53%
  33933 17316     3133.4265   192     3130.7390     3147.0619  5089573    0.52%
  34238 17446        cutoff           3130.7390     3146.9457  5116346    0.52%
  34521 17510     3132.8548   268     3130.7390     3146.7970  5141858    0.51%
  34750 17555        cutoff           3130.7390     3146.6792  5169043    0.51%
  34956 17503     3133.2683   229     3130.7390     3146.4762  5193237    0.50%
  35225 17581     3143.2503    91     3130.7390     3146.3601  5223623    0.50%
  35494 17643     3137.6542   237     3130.7390     3146.2083  5252453    0.49%
  35750 17667     3143.1356   294     3130.7390     3146.0669  5277430    0.49%
  35994 17749     3130.8192   143     3130.7390     3145.9877  5303404    0.49%
Elapsed time = 1611.08 sec. (888270.91 ticks, tree = 62.11 MB, solutions = 1)
  36276 17868     3133.9140    77     3130.7390     3145.8988  5330183    0.48%
  36558 17928     3132.1975   263     3130.7390     3145.7683  5357296    0.48%
  36816 17970     3137.9163   162     3130.7390     3145.6152  5385355    0.48%
  37101 18021        cutoff           3130.7390     3145.4209  5414229    0.47%
  37353 18066        cutoff           3130.7390     3145.2985  5442206    0.47%
  37660 18148     3136.7762    60     3130.7390     3145.1424  5468653    0.46%
  37877 18154     3131.0754   193     3130.7390     3144.9977  5489978    0.46%
  38075 18148        cutoff           3130.7390     3144.8800  5517582    0.45%
  38371 18209     3138.8882   114     3130.7390     3144.7493  5546531    0.45%
  38702 18294     3138.6807    89     3130.7390     3144.6225  5571883    0.44%
Elapsed time = 1679.92 sec. (926593.10 ticks, tree = 63.86 MB, solutions = 1)
  39000 18339        cutoff           3130.7390     3144.4686  5599108    0.44%
  39218 18376        cutoff           3130.7390     3144.3692  5624187    0.44%
  39530 18448     3138.8826   242     3130.7390     3144.2497  5650430    0.43%
  39824 18513     3136.7285    60     3130.7390     3144.1368  5675249    0.43%
  40066 18521     3137.5193    76     3130.7390     3144.0096  5700026    0.42%
  40373 18515     3133.2005   273     3130.7390     3143.8275  5726106    0.42%
  40641 18495     3136.6179   232     3130.7390     3143.6877  5751174    0.41%
  40887 18428        cutoff           3130.7390     3143.5221  5775894    0.41%
  41141 18466     3136.1308   169     3130.7390     3143.4297  5802526    0.41%
  41453 18474     3133.1119    39     3130.7390     3143.2803  5828799    0.40%
Elapsed time = 1749.27 sec. (965157.26 ticks, tree = 64.40 MB, solutions = 1)
  41807 18502        cutoff           3130.7390     3143.1350  5855512    0.40%
  42059 18487     3131.3085   107     3130.7390     3143.0036  5882014    0.39%
  42394 18558     3132.6207   229     3130.7390     3142.8955  5910661    0.39%
  42705 18571        cutoff           3130.7390     3142.7478  5937698    0.38%
  43030 18568        cutoff           3130.7390     3142.6014  5967889    0.38%
  43344 18559     3132.3649   161     3130.7390     3142.4552  5994630    0.37%
  43660 18563     3137.6188   203     3130.7390     3142.3160  6020279    0.37%
  44005 18629        cutoff           3130.7390     3142.1903  6046391    0.37%
  44361 18655        cutoff           3130.7390     3142.0567  6071472    0.36%
  44623 18638        cutoff           3130.7390     3141.9429  6096737    0.36%
Elapsed time = 1817.82 sec. (1003617.54 ticks, tree = 64.89 MB, solutions = 1)
  44901 18626     3137.8864   143     3130.7390     3141.8397  6121239    0.35%
  45259 18685     3132.9655   208     3130.7390     3141.7446  6148544    0.35%
  45548 18688     3132.6443    58     3130.7390     3141.6265  6174255    0.35%
  45877 18734     3132.3638    93     3130.7390     3141.5279  6198657    0.34%
  46205 18741        cutoff           3130.7390     3141.4056  6224610    0.34%
  46566 18708     3132.0228   203     3130.7390     3141.2380  6250601    0.34%
  46960 18735        cutoff           3130.7390     3141.1216  6277452    0.33%
  47374 18838     3131.9499    78     3130.7390     3141.0238  6304320    0.33%
  47747 18842     3131.3058   152     3130.7390     3140.8973  6331243    0.32%
  48055 18849     3130.8034   235     3130.7390     3140.7998  6360001    0.32%
Elapsed time = 1885.74 sec. (1041937.13 ticks, tree = 65.53 MB, solutions = 1)
  48424 18863     3135.7755    83     3130.7390     3140.7020  6386940    0.32%
  48726 18795     3137.2860    26     3130.7390     3140.5723  6410866    0.31%
  49072 18807     3136.2568    37     3130.7390     3140.4618  6435883    0.31%
  49344 18727     3132.3836    38     3130.7390     3140.3313  6462601    0.31%
  49714 18693     3131.8272   214     3130.7390     3140.1747  6489548    0.30%
  50025 18662     3135.9542    92     3130.7390     3140.0536  6514945    0.30%
  50369 18677     3135.1470   214     3130.7390     3139.9614  6540083    0.29%
  50643 18638     3131.5220   242     3130.7390     3139.8750  6562439    0.29%
  50962 18609     3132.5077   168     3130.7390     3139.7769  6584626    0.29%
  51367 18542        cutoff           3130.7390     3139.6392  6611537    0.28%
Elapsed time = 1955.20 sec. (1080268.70 ticks, tree = 64.32 MB, solutions = 1)
  51676 18448        cutoff           3130.7390     3139.5291  6637456    0.28%
  52048 18385        cutoff           3130.7390     3139.3799  6664194    0.28%
  52382 18371     3131.1340   157     3130.7390     3139.2844  6689552    0.27%
  52697 18262        cutoff           3130.7390     3139.1688  6713760    0.27%
  53072 18231     3132.6591   259     3130.7390     3139.0458  6738153    0.27%
  53469 18242     3130.8955   196     3130.7390     3138.9411  6764684    0.26%
  53892 18202        cutoff           3130.7390     3138.8162  6788563    0.26%
  54280 18085     3132.1435   198     3130.7390     3138.6744  6814768    0.25%
  54686 18015        cutoff           3130.7390     3138.5428  6842457    0.25%
  55098 17919        cutoff           3130.7390     3138.4058  6869444    0.24%
Elapsed time = 2025.00 sec. (1118597.94 ticks, tree = 62.16 MB, solutions = 1)
  55511 17861     3131.4295    67     3130.7390     3138.3052  6895603    0.24%
  55920 17749        cutoff           3130.7390     3138.1538  6923080    0.24%
  56353 17589     3133.1913    44     3130.7390     3137.9947  6949131    0.23%
  56749 17480        cutoff           3130.7390     3137.8595  6976331    0.23%
  57191 17336     3134.0029    92     3130.7390     3137.6939  7000719    0.22%
  57640 17177     3131.7732   108     3130.7390     3137.5439  7024152    0.22%
  58106 17077        cutoff           3130.7390     3137.4159  7048708    0.21%
  58554 16939     3133.3985   128     3130.7390     3137.2657  7073845    0.21%
  58937 16713        cutoff           3130.7390     3137.1103  7095646    0.20%
  59377 16534     3133.8006   204     3130.7390     3136.9623  7117987    0.20%
Elapsed time = 2094.97 sec. (1157234.06 ticks, tree = 57.55 MB, solutions = 1)
  59822 16410     3131.8769    31     3130.7390     3136.8316  7143005    0.19%
  60316 16156        cutoff           3130.7390     3136.6636  7165623    0.19%
  60762 16047        cutoff           3130.7390     3136.5557  7187111    0.19%
  61142 15884        cutoff           3130.7390     3136.4371  7208994    0.18%
  61565 15722     3132.7080   175     3130.7390     3136.3112  7232145    0.18%
  62003 15524        cutoff           3130.7390     3136.1847  7254219    0.17%
  62443 15272        cutoff           3130.7390     3136.0363  7276360    0.17%
  62928 15076     3130.8474    21     3130.7390     3135.9013  7299419    0.16%
  63400 14805        cutoff           3130.7390     3135.7622  7320747    0.16%
  63934 14539     3132.1795    20     3130.7390     3135.6190  7342550    0.16%
Elapsed time = 2163.94 sec. (1195447.07 ticks, tree = 50.75 MB, solutions = 1)
  64457 14329        cutoff           3130.7390     3135.4982  7363815    0.15%
  64961 14041        cutoff           3130.7390     3135.3509  7385478    0.15%
  65479 13748     3131.2463    57     3130.7390     3135.2130  7406395    0.14%
  66006 13390        cutoff           3130.7390     3135.0468  7426804    0.14%
  66521 13051     3133.8296    35     3130.7390     3134.9107  7446901    0.13%
  67049 12672        cutoff           3130.7390     3134.7527  7466437    0.13%
  67585 12306        cutoff           3130.7390     3134.5998  7485698    0.12%
  68161 11961        cutoff           3130.7390     3134.4681  7505084    0.12%
  68713 11661        cutoff           3130.7390     3134.3490  7524495    0.12%
  69305 11272        cutoff           3130.7390     3134.2023  7543507    0.11%
Elapsed time = 2232.98 sec. (1233629.22 ticks, tree = 39.43 MB, solutions = 1)
  69862 10919        cutoff           3130.7390     3134.0738  7560874    0.11%
  70401 10610        cutoff           3130.7390     3133.9632  7581281    0.10%
  71013 10200        cutoff           3130.7390     3133.8102  7597837    0.10%
  71586  9799        cutoff           3130.7390     3133.6687  7614809    0.09%
  72091  9340        cutoff           3130.7390     3133.5342  7628337    0.09%
  72686  8945        cutoff           3130.7390     3133.3894  7645225    0.08%
  73182  8601     3131.6183    14     3130.7390     3133.2644  7658839    0.08%
  73787  8106        cutoff           3130.7390     3133.0974  7673276    0.08%
  74421  7577        cutoff           3130.7390     3132.9483  7687067    0.07%
  75007  7040        cutoff           3130.7390     3132.7894  7698666    0.07%
Elapsed time = 2305.81 sec. (1271809.13 ticks, tree = 24.91 MB, solutions = 1)
  75631  6507        cutoff           3130.7390     3132.6375  7709896    0.06%
  76220  6020        cutoff           3130.7390     3132.4970  7722171    0.06%
  76844  5448        cutoff           3130.7390     3132.3315  7732963    0.05%
  77471  4897        cutoff           3130.7390     3132.1859  7743559    0.05%
  78132  4279        cutoff           3130.7390     3132.0195  7753148    0.04%
  78791  3662        cutoff           3130.7390     3131.8437  7762801    0.04%
  79450  3063        cutoff           3130.7390     3131.6705  7770652    0.03%
  80137  2408        cutoff           3130.7390     3131.4795  7777769    0.02%
  80848  1719        cutoff           3130.7390     3131.2906  7783743    0.02%
  81331  1242        cutoff           3130.7390     3131.1552  7787047    0.01%
Elapsed time = 2373.53 sec. (1309982.00 ticks, tree = 5.13 MB, solutions = 1)

Implied bound cuts applied:  323
Flow cuts applied:  112
Mixed integer rounding cuts applied:  619
Lift and project cuts applied:  129
Gomory fractional cuts applied:  60

Root node processing (before b&c):
  Real time             =    6.71 sec. (3655.48 ticks)
Sequential b&c:
  Real time             = 2370.28 sec. (1308252.73 ticks)
                          ------------
Total (root+branch&cut) = 2376.99 sec. (1311908.20 ticks)
