1 of 1 MIP starts provided solutions.
MIP start 'm1' defined initial solution with objective 3130.7390.
Tried aggregator 1 time.
MIP Presolve eliminated 31 rows and 16 columns.
Reduced MIP has 2669 rows, 1460 columns, and 20260 nonzeros.
Reduced MIP has 1200 binaries, 0 generals, 0 SOSs, and 0 indicators.
Presolve time = 0.01 sec. (6.58 ticks)
Probing time = 0.00 sec. (3.13 ticks)
Tried aggregator 1 time.
Reduced MIP has 2669 rows, 1460 columns, and 20260 nonzeros.
Reduced MIP has 1200 binaries, 0 generals, 0 SOSs, and 0 indicators.
Presolve time = 0.01 sec. (6.58 ticks)
Probing time = 0.00 sec. (3.18 ticks)
Clique table members: 584.
MIP emphasis: balance optimality and feasibility.
MIP search method: dynamic search.
Parallel mode: none, using 1 thread.
Root relaxation solution time = 0.02 sec. (14.22 ticks)

        Nodes                                         Cuts/
   Node  Left     Objective  IInf  Best Integer    Best Bound    ItCnt     Gap

*     0+    0                         3130.7390     3822.3511      821   22.09%
      0     0     3663.8022   192     3130.7390     3663.8022      821   17.03%
      0     0     3494.8788   170     3130.7390     Cuts: 384     1022   11.63%
      0     0     3414.1516   198     3130.7390     Cuts: 258     1192    9.05%
      0     0     3391.8524   197     3130.7390     Cuts: 118     1305    8.34%
      0     0     3379.3580   219     3130.7390     Cuts: 114     1399    7.94%
      0     0     3368.3150   202     3130.7390      Cuts: 84     1475    7.59%
      0     0     3356.8055   247     3130.7390     Cuts: 109     1575    7.22%
      0     0     3350.2190   234     3130.7390      Cuts: 61     1634    7.01%
      0     0     3341.1445   243     3130.7390      Cuts: 79     1700    6.72%
      0     0     3338.3540   247     3130.7390      Cuts: 37     1735    6.63%
      0     0     3336.9796   250     3130.7390      Cuts: 31     1760    6.59%
      0     0     3336.7851   249     3130.7390       Cuts: 6     1766    6.58%
      0     0     3336.4327   249     3130.7390      Cuts: 17     1778    6.57%
      0     2     3336.4327   249     3130.7390     3336.4131     1778    6.57%
Elapsed time = 0.99 sec. (529.61 ticks, tree = 0.00 MB, solutions = 1)
     88    88     3222.6455   106     3130.7390     3336.3779     3342    6.57%
    220   184     3269.2042   161     3130.7390     3329.9943     4580    6.36%
    440   394     3228.0246   159     3130.7390     3324.2892     6355    6.18%
    508   456     3260.9343   292     3130.7390     3260.9012     9501    4.16%
    509   456     3260.6541   287     3130.7390     3260.6198     9532    4.15%
    511   458     3238.7243   273     3130.7390     3260.5035     9700    4.14%
    514   460     3259.3671   248     3130.7390     3260.0588     9770    4.13%
    519   423        cutoff           3130.7390     3260.0588    10295    4.13%
    523   425     3257.1034   247     3130.7390     3260.0588    10324    4.13%
    614   351     3211.6375   217     3130.7390     3257.6783    12285    4.05%
Elapsed time = 11.69 sec. (7022.88 ticks, tree = 0.92 MB, solutions = 1)
    797   391     3228.5686   264     3130.7390     3256.2392    14687    4.01%
   1105   542     3220.9153   204     3130.7390     3248.8542    17957    3.77%
   1415   744     3177.7820   186     3130.7390     3242.9446    21428    3.58%
   1704   994     3136.4790   104     3130.7390     3240.1166    24599    3.49%
   1996  1238     3192.8575   182     3130.7390     3238.2053    27333    3.43%
   2371  1576     3202.5195   225     3130.7390     3237.0954    30976    3.40%
   2704  1883     3156.0868   133     3130.7390     3235.7076    34433    3.35%
   2958  2092     3165.4297   219     3130.7390     3234.4453    37879    3.31%
   3294  2392     3192.4542   180     3130.7390     3233.2626    41086    3.27%
   3524  2564     3139.2641   206     3130.7390     3231.7945    45072    3.23%
Elapsed time = 26.74 sec. (16591.97 ticks, tree = 39.14 MB, solutions = 1)
   3824  2818     3214.5784   198     3130.7390     3230.0602    48307    3.17%
   4166  3128     3170.3386   207     3130.7390     3228.5361    52190    3.12%
   4458  3350        cutoff           3130.7390     3225.1297    56457    3.01%
   4667  3502        cutoff           3130.7390     3224.1609    61001    2.98%
   4882  3659     3169.8049   212     3130.7390     3222.3123    65277    2.92%
   5146  3863     3170.5467   194     3130.7390     3221.2441    68935    2.89%
   5407  4077        cutoff           3130.7390     3220.6628    73297    2.87%
   5648  4258     3164.6698   241     3130.7390     3220.1763    77650    2.86%
   5945  4520     3166.4533   181     3130.7390     3219.4992    80996    2.84%
   6245  4777     3148.8042   141     3130.7390     3218.4696    84936    2.80%
Elapsed time = 41.99 sec. (26209.71 ticks, tree = 78.92 MB, solutions = 1)
   6612  5101     3133.5020   130     3130.7390     3217.7083    88906    2.78%
   6908  5347     3178.0573   191     3130.7390     3217.1678    92498    2.76%
   7264  5666     3146.8815   180     3130.7390     3216.6418    96197    2.74%
   7567  5914        cutoff           3130.7390     3216.3982    99873    2.74%
   7908  6215     3164.4925   178     3130.7390     3215.5538   103647    2.71%
   8218  6463     3165.0618   156     3130.7390     3214.8250   107742    2.69%
   8536  6714     3185.6664   179     3130.7390     3214.3359   111525    2.67%
   8926  7038     3136.3092   101     3130.7390     3213.8518   115346    2.65%
   9222  7272     3159.7205   199     3130.7390     3213.2932   119331    2.64%
   9521  7517     3154.4110   169     3130.7390     3212.7731   123641    2.62%
Elapsed time = 56.93 sec. (35798.06 ticks, tree = 123.32 MB, solutions = 1)
   9873  7814     3184.0133   220     3130.7390     3212.1607   127857    2.60%
  10192  8074     3186.5686   178     3130.7390     3211.8799   132027    2.59%
  10560  8368     3201.3041   209     3130.7390     3211.3919   135980    2.58%
  10668  8463     3132.9865   157     3130.7390     3211.3368   137561    2.57%
  10711  8500     3180.2864   187     3130.7390     3211.2442   138341    2.57%
  10989  8703     3185.9310   216     3130.7390     3210.6620   142926    2.55%
  11362  9022     3142.3928   140     3130.7390     3210.0231   147108    2.53%
  11651  9243     3179.4201   193     3130.7390     3209.0816   150961    2.50%
  11974  9512     3144.3946   177     3130.7390     3208.8383   155056    2.49%
  12259  9737     3191.7606   195     3130.7390     3208.4220   159210    2.48%
Elapsed time = 76.28 sec. (47496.61 ticks, tree = 171.56 MB, solutions = 1)
  12651 10057     3173.0795   189     3130.7390     3207.1850   162992    2.44%
  13086 10421     3193.9122   212     3130.7390     3206.7509   166942    2.43%
  13418 10680     3157.4261   163     3130.7390     3206.0918   171149    2.41%
  13797 10995     3131.8254   171     3130.7390     3205.4935   175326    2.39%
  14181 11306     3133.9988   163     3130.7390     3204.8517   179491    2.37%
  14509 11566     3143.4323   184     3130.7390     3204.3967   184391    2.35%
  14802 11787     3135.8798   166     3130.7390     3204.0190   189311    2.34%
  15058 11973     3143.2149   186     3130.7390     3203.4993   194051    2.32%
  15365 12210     3143.4423   196     3130.7390     3203.0884   198585    2.31%
  15676 12445     3136.5421    66     3130.7390     3202.7098   203133    2.30%
Elapsed time = 91.62 sec. (57063.95 ticks, tree = 221.72 MB, solutions = 1)
  15992 12692     3136.4104   191     3130.7390     3202.2248   207432    2.28%
  16285 12936     3138.2712   193     3130.7390     3201.8416   210882    2.27%
  16540 13106     3144.1356   184     3130.7390     3201.2857   214481    2.25%
  16798 13303     3151.2265   141     3130.7390     3200.9735   218019    2.24%
  17126 13551     3183.6877   174     3130.7390     3200.4971   221706    2.23%
  17500 13866     3135.2856   118     3130.7390     3200.1610   225728    2.22%
  17787 14074     3143.3098   192     3130.7390     3199.7731   229084    2.21%
  17988 14208     3175.6998   146     3130.7390     3199.5320   232715    2.20%
  18317 14474     3158.3117   148     3130.7390     3199.3440   236077    2.19%
  18628 14691        cutoff           3130.7390     3198.9424   239690    2.18%
Elapsed time = 108.06 sec. (66683.96 ticks, tree = 289.00 MB, solutions = 1)
  18933 14911     3148.3458   155     3130.7390     3198.4333   243667    2.16%
  19274 15201     3143.0490   202     3130.7390     3198.1641   247592    2.15%
  19584 15425        cutoff           3130.7390     3197.8648   251678    2.14%
  19935 15698     3143.1536   164     3130.7390     3197.2590   256092    2.12%
  20243 15929     3139.6286   187     3130.7390     3196.9049   260392    2.11%
  20568 16166     3144.3576   155     3130.7390     3196.4252   264026    2.10%
  20868 16382     3134.5023   189     3130.7390     3195.9236   268050    2.08%
  21182 16613     3134.0765   102     3130.7390     3195.5470   272421    2.07%
  21534 16880     3150.8621   162     3130.7390     3195.0222   277097    2.05%
  21843 17103        cutoff           3130.7390     3194.7890   281835    2.05%
Elapsed time = 124.01 sec. (76251.40 ticks, tree = 332.41 MB, solutions = 1)
  22168 17334     3176.9457   182     3130.7390     3194.3830   286489    2.03%
  22539 17634     3137.3739   166     3130.7390     3194.2847   291185    2.03%
  22848 17834     3155.3881   112     3130.7390     3193.9132   295228    2.02%
  23169 18061     3146.6309   224     3130.7390     3193.5545   298832    2.01%
  23471 18279     3165.6533   198     3130.7390     3193.3507   302431    2.00%
  23730 18477     3166.5316   175     3130.7390     3192.9190   306075    1.99%
  24115 18777     3159.8677   205     3130.7390     3192.5351   311593    1.97%
  24455 19005     3155.9380   177     3130.7390     3192.0836   317606    1.96%
  24803 19267     3154.9866   194     3130.7390     3191.7931   322784    1.95%
  25108 19505     3140.3222   177     3130.7390     3191.5072   328207    1.94%
Elapsed time = 139.65 sec. (85854.52 ticks, tree = 366.60 MB, solutions = 1)
  25453 19747     3178.7034   195     3130.7390     3191.2706   334231    1.93%
  25794 20013     3137.9212   164     3130.7390     3191.1162   339575    1.93%
  26139 20241     3132.7937   183     3130.7390     3190.7770   345831    1.92%
  26480 20494     3146.1222   186     3130.7390     3190.5025   351690    1.91%
  26856 20772     3156.1043   177     3130.7390     3190.1306   357672    1.90%
  27250 21029     3158.5314   148     3130.7390     3189.6079   364201    1.88%
  27588 21254     3150.0563   200     3130.7390     3189.0788   370190    1.86%
  27940 21494        cutoff           3130.7390     3188.8377   376745    1.86%
  28316 21760     3135.8205   206     3130.7390     3188.6015   382791    1.85%
  29704 22755     3163.5374   164     3130.7390     3187.6740   406235    1.82%
Elapsed time = 159.01 sec. (98285.58 ticks, tree = 368.53 MB, solutions = 1)
  31182 23886     3142.1772   129     3130.7390     3187.0612   428148    1.80%
  32428 24704     3149.3431   204     3130.7390     3185.9474   451412    1.76%
  34004 25768     3131.9951    98     3130.7390     3184.7563   477206    1.73%
  35420 26734     3133.3670   128     3130.7390     3183.7205   502551    1.69%
  36828 27675     3134.6585   168     3130.7390     3182.7707   527142    1.66%
  38308 28728     3141.4221   126     3130.7390     3181.9448   550201    1.64%
  39678 29604     3131.8104   186     3130.7390     3181.0748   573927    1.61%
  41349 30709        cutoff           3130.7390     3180.3150   599614    1.58%
  42920 31670     3132.5061   148     3130.7390     3179.4121   626016    1.55%
  44391 32590        cutoff           3130.7390     3178.7305   652358    1.53%
Elapsed time = 218.47 sec. (136481.95 ticks, tree = 360.71 MB, solutions = 1)
  45690 33354     3146.8940   206     3130.7390     3177.9884   676283    1.51%
  47052 34257     3135.9468   160     3130.7390     3177.3523   699261    1.49%
  48508 35103     3139.7271   192     3130.7390     3176.6692   723664    1.47%
  49979 35989     3171.1911   209     3130.7390     3175.9899   748332    1.45%
  51639 37070     3131.7026   194     3130.7390     3175.3717   773508    1.43%
  53250 38179     3132.5175   148     3130.7390     3174.8545   799402    1.41%
  54660 39004     3151.1342   192     3130.7390     3174.2356   823661    1.39%
  56045 39836     3138.5274   119     3130.7390     3173.6317   847375    1.37%
  57340 40531     3136.3038   189     3130.7390     3172.9028   871264    1.35%
  58839 41444     3168.6477   194     3130.7390     3172.4160   896256    1.33%
Elapsed time = 278.27 sec. (174732.50 ticks, tree = 348.71 MB, solutions = 1)
  60285 42280        cutoff           3130.7390     3171.7735   922242    1.31%
  61741 43131     3150.1882   170     3130.7390     3171.2247   947808    1.29%
  63298 44083        cutoff           3130.7390     3170.6282   974030    1.27%
  64813 44961        cutoff           3130.7390     3169.9418   998700    1.25%
  66394 45934     3147.5001   179     3130.7390     3169.4157  1022763    1.24%
  67806 46720     3135.4822   177     3130.7390     3168.8336  1047173    1.22%
  69253 47552        cutoff           3130.7390     3168.3548  1072036    1.20%
  70917 48559     3153.3464   191     3130.7390     3167.8974  1097533    1.19%
  72458 49419        cutoff           3130.7390     3167.4313  1123601    1.17%
  73943 50241     3142.3957   147     3130.7390     3167.0253  1149322    1.16%
Elapsed time = 338.26 sec. (212902.37 ticks, tree = 335.34 MB, solutions = 1)
  75453 51129     3148.3961   186     3130.7390     3166.5697  1174084    1.14%
  76904 51964     3155.7294   202     3130.7390     3166.0916  1197093    1.13%
  78275 52565     3140.0018   138     3130.7390     3165.5733  1221558    1.11%
  79744 53271     3156.3016   198     3130.7390     3165.1245  1247043    1.10%
  81333 54111        cutoff           3130.7390     3164.6537  1272238    1.08%
  82977 54986        cutoff           3130.7390     3164.1809  1297840    1.07%
  84567 55782     3143.7648   205     3130.7390     3163.6956  1323827    1.05%
  86093 56488     3131.2404   129     3130.7390     3163.2096  1348643    1.04%
  87560 57189        cutoff           3130.7390     3162.7119  1373758    1.02%
  88996 57918     3136.8414   178     3130.7390     3162.3221  1397638    1.01%
Elapsed time = 397.39 sec. (251085.61 ticks, tree = 319.15 MB, solutions = 1)
  90520 58635     3138.8320   164     3130.7390     3161.8871  1421811    0.99%
  92218 59534     3130.8217   184     3130.7390     3161.5447  1447576    0.98%
  93875 60365     3140.2537   129     3130.7390     3161.1913  1472861    0.97%
  95508 61121     3131.6901   137     3130.7390     3160.7771  1499593    0.96%
  97087 61822     3136.5868   154     3130.7390     3160.3721  1526550    0.95%
  98723 62552     3138.0820   120     3130.7390     3160.0066  1552677    0.93%
 100206 63169     3145.8800   147     3130.7390     3159.6147  1577971    0.92%
 101766 63870     3146.0890   167     3130.7390     3159.2589  1602665    0.91%
 103285 64434        cutoff           3130.7390     3158.8870  1626957    0.90%
 104800 64963        cutoff           3130.7390     3158.4955  1652433    0.89%
Elapsed time = 458.18 sec. (289303.05 ticks, tree = 302.09 MB, solutions = 1)
 106433 65661     3135.1986   168     3130.7390     3158.1979  1678254    0.88%
 108008 66231     3151.0235   169     3130.7390     3157.8341  1704621    0.87%
 109766 66952        cutoff           3130.7390     3157.4646  1731128    0.85%
 111360 67544        cutoff           3130.7390     3157.0983  1757946    0.84%
 112957 68185     3131.0499   139     3130.7390     3156.7687  1783316    0.83%
 114447 68684        cutoff           3130.7390     3156.4674  1808501    0.82%
 116055 69288        cutoff           3130.7390     3156.1543  1833288    0.81%
 117658 69800     3136.4921   174     3130.7390     3155.8454  1859135    0.80%
 119271 70391     3152.3796   127     3130.7390     3155.5258  1884970    0.79%
 121007 71067     3133.3125   181     3130.7390     3155.2421  1910993    0.78%
Elapsed time = 518.01 sec. (327480.93 ticks, tree = 287.49 MB, solutions = 1)
 122577 71574        cutoff           3130.7390     3154.9360  1937836    0.77%
 124212 72175     3130.9565   175     3130.7390     3154.6341  1963720    0.76%
 125657 72551     3145.7017   143     3130.7390     3154.3427  1988590    0.75%
 127422 73117        cutoff           3130.7390     3154.0066  2014432    0.74%
 128968 73528        cutoff           3130.7390     3153.6980  2039211    0.73%
 130425 73923     3151.0838   173     3130.7390     3153.4248  2063046    0.72%
 131903 74307        cutoff           3130.7390     3153.1494  2087233    0.72%
 133390 74587        cutoff           3130.7390     3152.8313  2111650    0.71%
 134913 74906        cutoff           3130.7390     3152.5693  2136101    0.70%
 136503 75295     3134.2838   127     3130.7390     3152.2666  2161485    0.69%
Elapsed time = 578.24 sec. (365642.56 ticks, tree = 269.84 MB, solutions = 1)
 138106 75709     3145.8522   140     3130.7390     3151.9642  2186671    0.68%
 139697 75973     3141.2253   207     3130.7390     3151.6555  2212376    0.67%
 141246 76306        cutoff           3130.7390     3151.3771  2237554    0.66%
 142806 76575        cutoff           3130.7390     3151.0933  2262915    0.65%
 144412 76920     3148.3511   172     3130.7390     3150.7928  2288039    0.64%
 146033 77277     3135.8234   110     3130.7390     3150.5384  2312937    0.63%
 147578 77579        cutoff           3130.7390     3150.2998  2336905    0.62%
 149199 77826     3134.4524   116     3130.7390     3150.0302  2361025    0.62%
 150790 78037        cutoff           3130.7390     3149.7426  2385062    0.61%
 152363 78197        cutoff           3130.7390     3149.4601  2410325    0.60%
Elapsed time = 638.42 sec. (403812.07 ticks, tree = 252.37 MB, solutions = 1)
 153902 78350        cutoff           3130.7390     3149.1844  2435300    0.59%
 155436 78359     3142.7039   162     3130.7390     3148.8496  2460887    0.58%
 156935 78470        cutoff           3130.7390     3148.5975  2485448    0.57%
 158579 78569        cutoff           3130.7390     3148.3271  2509880    0.56%
 160181 78754     3134.6475   165     3130.7390     3148.0949  2534170    0.55%
 161642 78759        cutoff           3130.7390     3147.8452  2558781    0.55%
 163157 78864        cutoff           3130.7390     3147.6095  2581835    0.54%
 164862 78892     3135.7826   198     3130.7390     3147.3353  2607122    0.53%
 166486 78868        cutoff           3130.7390     3147.0666  2632549    0.52%
 168131 78967     3135.8322   152     3130.7390     3146.8340  2657486    0.51%
Elapsed time = 697.90 sec. (441976.62 ticks, tree = 233.26 MB, solutions = 1)
 169682 78902        cutoff           3130.7390     3146.5759  2682136    0.51%
 171318 78853     3132.2436   172     3130.7390     3146.3328  2707041    0.50%
 172974 78713        cutoff           3130.7390     3146.0763  2732754    0.49%
 174691 78568     3134.6539   179     3130.7390     3145.8242  2758558    0.48%
 176214 78329     3139.3502   121     3130.7390     3145.5632  2783119    0.47%
 177849 78108        cutoff           3130.7390     3145.3227  2807961    0.47%
 179465 77848     3141.9502   116     3130.7390     3145.0817  2833540    0.46%
 181016 77613     3132.2354   186     3130.7390     3144.8486  2858486    0.45%
 182625 77414     3140.7702   179     3130.7390     3144.6145  2883061    0.44%
 184264 77132        cutoff           3130.7390     3144.3739  2908729    0.44%
Elapsed time = 757.97 sec. (480134.38 ticks, tree = 210.96 MB, solutions = 1)
 185838 76626        cutoff           3130.7390     3144.1056  2934309    0.43%
 187487 76281     3136.2635    80     3130.7390     3143.8530  2958638    0.42%
 189200 75930     3141.7269   198     3130.7390     3143.6132  2983217    0.41%
 190928 75594     3135.8045   152     3130.7390     3143.3777  3007931    0.40%
 192581 75255     3135.1021   146     3130.7390     3143.1525  3032874    0.40%
 194194 74688     3135.2715   132     3130.7390     3142.9157  3057248    0.39%
 195908 74305     3134.8586    93     3130.7390     3142.6841  3080269    0.38%
 197456 73612        cutoff           3130.7390     3142.4356  3103993    0.37%
 199076 73077        cutoff           3130.7390     3142.2127  3127020    0.37%
 200737 72696        cutoff           3130.7390     3142.0077  3150515    0.36%
Elapsed time = 818.16 sec. (518305.37 ticks, tree = 184.92 MB, solutions = 1)
 202368 72090        cutoff           3130.7390     3141.7912  3173939    0.35%
 204066 71410        cutoff           3130.7390     3141.5556  3197268    0.35%
 205690 70797     3132.2798   123     3130.7390     3141.3327  3221001    0.34%
 207366 70012        cutoff           3130.7390     3141.0887  3244379    0.33%
 209017 69368        cutoff           3130.7390     3140.8776  3267233    0.32%
 210798 68812     3139.4632   239     3130.7390     3140.6670  3289179    0.32%
 212479 68038     3136.3371   154     3130.7390     3140.4455  3312302    0.31%
 214144 67389        cutoff           3130.7390     3140.2487  3333381    0.30%
 215818 66663        cutoff           3130.7390     3140.0394  3355151    0.30%
 217490 65867        cutoff           3130.7390     3139.8290  3377106    0.29%
Elapsed time = 878.54 sec. (556473.72 ticks, tree = 157.54 MB, solutions = 1)
 219211 65162     3134.0047   173     3130.7390     3139.6347  3397618    0.28%
 220922 64356        cutoff           3130.7390     3139.4357  3418979    0.28%
 222598 63427     3133.1149    78     3130.7390     3139.2276  3440435    0.27%
 224334 62639        cutoff           3130.7390     3139.0163  3461574    0.26%
 226023 61739        cutoff           3130.7390     3138.8124  3482691    0.26%
 227716 60721        cutoff           3130.7390     3138.5957  3503366    0.25%
 229456 59682        cutoff           3130.7390     3138.3935  3524554    0.24%
 231233 58700        cutoff           3130.7390     3138.1959  3544990    0.24%
 233034 57743        cutoff           3130.7390     3138.0105  3565133    0.23%
 234746 56689        cutoff           3130.7390     3137.8108  3585165    0.23%
Elapsed time = 940.75 sec. (594630.98 ticks, tree = 128.93 MB, solutions = 1)
 236534 55633        cutoff           3130.7390     3137.6202  3604999    0.22%
 238222 54441        cutoff           3130.7390     3137.4250  3624555    0.21%
 239911 53340        cutoff           3130.7390     3137.2423  3645421    0.21%
 241654 52120        cutoff           3130.7390     3137.0498  3667494    0.20%
 243444 51018        cutoff           3130.7390     3136.8716  3689370    0.20%
 245232 49751     3135.0355    27     3130.7390     3136.6709  3710494    0.19%
 247032 48517        cutoff           3130.7390     3136.4748  3731752    0.18%
 248876 47297        cutoff           3130.7390     3136.2920  3752755    0.18%
 250679 45965        cutoff           3130.7390     3136.0855  3773281    0.17%
 252487 44621        cutoff           3130.7390     3135.8935  3793772    0.16%
Elapsed time = 1003.74 sec. (632789.15 ticks, tree = 97.53 MB, solutions = 1)
 254326 43318     3133.0431   107     3130.7390     3135.7027  3813233    0.16%
 256190 41923     3131.0233   163     3130.7390     3135.5194  3832620    0.15%
 258015 40493        cutoff           3130.7390     3135.3287  3851673    0.15%
 259854 39048        cutoff           3130.7390     3135.1473  3869587    0.14%
 261723 37623        cutoff           3130.7390     3134.9635  3887384    0.13%
 263590 36101     3132.1511    37     3130.7390     3134.7777  3904592    0.13%
 265410 34603        cutoff           3130.7390     3134.5919  3921276    0.12%
 267241 33055     3131.2566   121     3130.7390     3134.4114  3937779    0.12%
 269120 31510        cutoff           3130.7390     3134.2342  3953132    0.11%
 270966 29908        cutoff           3130.7390     3134.0493  3968439    0.11%
Elapsed time = 1065.09 sec. (670947.26 ticks, tree = 63.27 MB, solutions = 1)
 272874 28307     3131.1278    67     3130.7390     3133.8674  3983440    0.10%
 274783 26686        cutoff           3130.7390     3133.6867  3997490    0.09%
 276697 24998        cutoff           3130.7390     3133.5065  4011479    0.09%
 278608 23278        cutoff           3130.7390     3133.3180  4024540    0.08%
 280555 21488     3132.5886   112     3130.7390     3133.1365  4037165    0.08%
 282582 19589        cutoff           3130.7390     3132.9395  4049640    0.07%
 284559 17748        cutoff           3130.7390     3132.7542  4061258    0.06%
 286595 15817        cutoff           3130.7390     3132.5618  4072640    0.06%
 288627 13895        cutoff           3130.7390     3132.3694  4083652    0.05%
 290670 11970        cutoff           3130.7390     3132.1704  4093402    0.05%
Elapsed time = 1124.78 sec. (709103.64 ticks, tree = 27.04 MB, solutions = 1)
 292800  9906        cutoff           3130.7390     3131.9595  4102798    0.04%
 294968  7784        cutoff           3130.7390     3131.7326  4111530    0.03%
 297160  5631        cutoff           3130.7390     3131.4897  4119375    0.02%
 299372  3448        cutoff           3130.7390     3131.2261  4126314    0.02%

Clique cuts applied:  8
Implied bound cuts applied:  233
Flow cuts applied:  66
Mixed integer rounding cuts applied:  98
Lift and project cuts applied:  140
Gomory fractional cuts applied:  91

Root node processing (before b&c):
  Real time             =    0.99 sec. (529.51 ticks)
Sequential b&c:
  Real time             = 1149.93 sec. (727300.04 ticks)
                          ------------
Total (root+branch&cut) = 1150.92 sec. (727829.55 ticks)
