1 of 1 MIP starts provided solutions.
MIP start 'm1' defined initial solution with objective 5334.4155.
Tried aggregator 18 times.
MIP Presolve eliminated 2025 rows and 1 columns.
Aggregator did 10735 substitutions.
Reduced MIP has 14820 rows, 12810 columns, and 67710 nonzeros.
Reduced MIP has 2000 binaries, 0 generals, 0 SOSs, and 0 indicators.
Presolve time = 0.52 sec. (256.29 ticks)
Probing time = 0.04 sec. (11.61 ticks)
Tried aggregator 1 time.
Reduced MIP has 14820 rows, 12810 columns, and 67710 nonzeros.
Reduced MIP has 2000 binaries, 0 generals, 0 SOSs, and 0 indicators.
Presolve time = 0.09 sec. (33.02 ticks)
Probing time = 0.03 sec. (11.61 ticks)
Clique table members: 12834.
MIP emphasis: balance optimality and feasibility.
MIP search method: dynamic search.
Parallel mode: none, using 1 thread.
Root relaxation solution time = 0.49 sec. (335.37 ticks)

        Nodes                                         Cuts/
   Node  Left     Objective  IInf  Best Integer    Best Bound    ItCnt     Gap

*     0+    0                         5334.4155    26806.1661    10614  402.51%
      0     0     5870.5066   306     5334.4155     5870.5066    10614   10.05%
      0     0     5737.9546   372     5334.4155     Cuts: 579    11991    7.56%
      0     0     5665.1770   434     5334.4155     Cuts: 496    13085    6.20%
      0     0     5640.7664   409     5334.4155     Cuts: 457    13809    5.74%
      0     0     5624.9788   431     5334.4155     Cuts: 437    14507    5.45%
      0     0     5618.1316   410     5334.4155     Cuts: 551    14872    5.32%
      0     0     5612.8262   435     5334.4155     Cuts: 291    15261    5.22%
      0     0     5605.9148   443     5334.4155     Cuts: 246    15587    5.09%
      0     0     5601.3708   482     5334.4155     Cuts: 293    15929    5.00%
      0     0     5599.0301   461     5334.4155     Cuts: 375    16151    4.96%
      0     0     5596.4367   479     5334.4155     Cuts: 217    16422    4.91%
      0     0     5594.9981   459     5334.4155     Cuts: 172    16656    4.88%
      0     0     5593.4369   473     5334.4155     Cuts: 237    16920    4.86%
      0     0     5591.0003   470     5334.4155     Cuts: 135    17248    4.81%
      0     0     5588.2875   480     5334.4155     Cuts: 149    17523    4.76%
      0     0     5587.3435   480     5334.4155     Cuts: 186    17660    4.74%
      0     0     5586.8673   480     5334.4155     Cuts: 153    17764    4.73%
      0     0     5586.1684   475     5334.4155     Cuts: 127    17872    4.72%
      0     2     5586.1684   475     5334.4155     5586.1670    17872    4.72%
Elapsed time = 14.75 sec. (7682.20 ticks, tree = 0.00 MB, solutions = 1)
      3     5     5584.8886   467     5334.4155     5586.1032    18928    4.72%
      5     7     5583.9106   455     5334.4155     5584.7836    19909    4.69%
      9    11     5568.9306   442     5334.4155     5584.7836    21351    4.69%
     10    12     5573.5361   440     5334.4155     5584.7836    22652    4.69%
     11    13     5569.3187   407     5334.4155     5584.7836    23219    4.69%
     21    23     5558.4480   374     5334.4155     5584.7836    24773    4.69%
     28    30     5552.3244   325     5334.4155     5584.7836    25757    4.69%
     43    41        cutoff           5334.4155     5584.7836    27844    4.69%
     50    48     5524.7600   306     5334.4155     5584.7836    29136    4.69%
    110   106     5434.0481   191     5334.4155     5584.7836    37653    4.69%
Elapsed time = 22.56 sec. (11860.82 ticks, tree = 1.30 MB, solutions = 1)
    165   142     5577.1554   444     5334.4155     5584.7643    44019    4.69%
    183   160     5451.6533   312     5334.4155     5584.7643    48949    4.69%
    240   200     5579.8211   465     5334.4155     5583.8576    55765    4.68%
    259   219     5528.3495   402     5334.4155     5583.8576    60883    4.68%
    326   286     5438.9452   279     5334.4155     5583.8576    66611    4.68%
    399   353     5562.1731   455     5334.4155     5583.8477    71986    4.68%
    434   388     5483.9720   389     5334.4155     5583.8477    77625    4.68%
    519   472     5520.1193   483     5334.4155     5520.0852   104470    3.48%
    520   473     5507.2705   444     5334.4155     5517.7748   106714    3.44%
    521   473     5514.1368   472     5334.4155     5513.5172   107984    3.36%
Elapsed time = 96.00 sec. (48920.65 ticks, tree = 4.18 MB, solutions = 1)
    522   474     5513.5145   474     5334.4155     5513.5135   108027    3.36%
    524   475     5512.3664   481     5334.4155     5513.5135   108941    3.36%
    525   475     5490.0184   434     5334.4155     5512.3659   110605    3.34%
    526   475     5512.1576   471     5334.4155     5512.3557   111275    3.34%
    527   476     5465.7359   413     5334.4155     5512.0995   114033    3.33%
    529   478     5509.3883   451     5334.4155     5511.6014   114572    3.32%
    531   480     5507.5036   453     5334.4155     5511.6014   115725    3.32%
    534   481     5440.9082   400     5334.4155     5511.6014   120337    3.32%
    537   484     5373.9307   330     5334.4155     5511.6014   123846    3.32%
    541   483     5341.5035   306     5334.4155     5511.6014   125376    3.32%
Elapsed time = 120.33 sec. (62635.55 ticks, tree = 4.94 MB, solutions = 1)
    546   459     5334.5140   302     5334.4155     5511.6014   125845    3.32%
    548   437     5400.3754   387     5334.4155     5510.7103   130829    3.30%
    552   439     5397.4581   379     5334.4155     5510.7103   131475    3.30%
    557   438     5396.1382   392     5334.4155     5510.7103   131917    3.30%
    561   438     5356.4913   368     5334.4155     5510.7103   133063    3.30%
    574   415     5507.6129   457     5334.4155     5510.2897   134320    3.30%
    579   417     5501.7468   440     5334.4155     5510.2897   134984    3.30%
    599   427     5494.9708   404     5334.4155     5510.2897   135928    3.30%
    615   437     5475.5242   363     5334.4155     5510.2897   137094    3.30%
    639   447     5464.4480   335     5334.4155     5510.2897   137978    3.30%
Elapsed time = 141.29 sec. (74802.69 ticks, tree = 18.32 MB, solutions = 1)
    664   459     5442.9701   267     5334.4155     5510.2897   139268    3.30%
    709   482     5338.3236   209     5334.4155     5510.2897   140707    3.30%
    719   477     5461.8106   464     5334.4155     5510.1809   142317    3.29%
    738   487     5450.6583   443     5334.4155     5510.1809   143652    3.29%
    750   493     5432.1320   384     5334.4155     5510.1809   144510    3.29%
    778   504     5389.0770   359     5334.4155     5510.1809   146152    3.29%
    804   520     5366.1008   309     5334.4155     5510.1809   147611    3.29%
    818   515     5398.7018   387     5334.4155     5509.3121   150466    3.28%
    847   527     5356.7887   329     5334.4155     5509.3121   152565    3.28%
    876   533        cutoff           5334.4155     5508.7115   155581    3.27%
Elapsed time = 161.95 sec. (85952.22 ticks, tree = 56.21 MB, solutions = 1)
    877   533     5450.3384   411     5334.4155     5507.3452   157812    3.24%
    897   545     5437.0238   399     5334.4155     5507.3452   159933    3.24%
    927   561     5386.6873   326     5334.4155     5507.3452   162162    3.24%
    982   596     5356.3979   249     5334.4155     5507.3452   164052    3.24%
   1007   599     5475.1058   428     5334.4155     5507.3219   165701    3.24%
   1038   614     5436.3093   413     5334.4155     5507.3219   167810    3.24%
   1078   641     5413.4436   327     5334.4155     5507.3219   169896    3.24%
   1132   667     5362.1860   221     5334.4155     5507.3219   171906    3.24%
   1191   687        cutoff           5334.4155     5506.4045   173457    3.22%
   1194   689     5450.8351   420     5334.4155     5506.1194   174853    3.22%
Elapsed time = 179.75 sec. (95955.09 ticks, tree = 110.02 MB, solutions = 1)
   1217   703     5408.0564   356     5334.4155     5506.1194   176358    3.22%
   1240   716     5391.2680   357     5334.4155     5506.1194   177746    3.22%
   1278   736     5358.0193   300     5334.4155     5506.1194   179139    3.22%
   1314   745     5426.5373   373     5334.4155     5504.4067   182259    3.19%
   1335   755     5368.3590   333     5334.4155     5504.4067   183929    3.19%
   1359   767     5391.5786   304     5334.4155     5504.4067   185275    3.19%
   1378   775     5347.8741   310     5334.4155     5504.4067   186983    3.19%
   1392   775     5471.3094   441     5334.4155     5503.3485   189308    3.17%
   1419   795     5451.8882   366     5334.4155     5503.3485   191036    3.17%
   1440   815     5434.1564   336     5334.4155     5503.3485   192217    3.17%
Elapsed time = 200.12 sec. (107482.91 ticks, tree = 150.57 MB, solutions = 1)
   1482   857     5415.8164   312     5334.4155     5503.3485   193981    3.17%
   1548   919     5342.6183   230     5334.4155     5503.3485   195533    3.17%
   1566   922     5421.6817   412     5334.4155     5501.9499   201067    3.14%
   1573   927     5414.9733   385     5334.4155     5501.9499   201592    3.14%
   1597   951     5396.8284   350     5334.4155     5501.9499   203517    3.14%
   1627   980     5364.3882   322     5334.4155     5501.9499   205374    3.14%
   1671  1014        cutoff           5334.4155     5501.8974   207548    3.14%
   1674  1017     5443.4919   413     5334.4155     5501.6778   208953    3.14%
   1689  1030     5432.8802   376     5334.4155     5501.6778   210182    3.14%
   1714  1049     5396.0785   348     5334.4155     5501.6778   212309    3.14%
Elapsed time = 219.61 sec. (118801.53 ticks, tree = 195.08 MB, solutions = 1)
   1737  1067     5327.8616   262     5334.4155     5501.6778   214035    3.14%
   1752  1076     5469.1152   437     5334.4155     5501.5292   215590    3.13%
   1774  1098     5431.9663   375     5334.4155     5501.5292   217088    3.13%
   1799  1123     5400.5796   320     5334.4155     5501.5292   218652    3.13%
   1858  1182     5355.3359   203     5334.4155     5501.5292   220715    3.13%
   1899  1215     5495.4804   487     5334.4155     5499.8653   222186    3.10%
   1933  1249     5461.1515   384     5334.4155     5499.8653   224485    3.10%
   1977  1293     5418.9130   314     5334.4155     5499.8653   227087    3.10%
   2039  1355     5372.6459   198     5334.4155     5499.8653   228673    3.10%
   2083  1387     5445.1412   471     5334.4155     5499.5205   230295    3.10%
Elapsed time = 237.43 sec. (129290.22 ticks, tree = 259.01 MB, solutions = 1)
   2105  1408     5383.8973   319     5334.4155     5499.5205   232316    3.10%
   2148  1440        cutoff           5334.4155     5498.6776   235252    3.08%
   2152  1444     5459.6064   439     5334.4155     5498.0154   236858    3.07%
   2182  1470     5397.6465   314     5334.4155     5498.0154   238997    3.07%
   2219  1504     5343.7861   230     5334.4155     5498.0154   241181    3.07%
   2241  1512     5448.9201   440     5334.4155     5496.7032   244568    3.04%
   2255  1526     5419.4727   394     5334.4155     5496.7032   245601    3.04%
   2303  1573     5384.0400   347     5334.4155     5496.7032   247539    3.04%
   2358  1614        cutoff           5334.4155     5496.3525   249518    3.04%
   2385  1638     5354.2330   327     5334.4155     5496.1580   255299    3.03%
Elapsed time = 261.81 sec. (143180.25 ticks, tree = 306.45 MB, solutions = 1)
   2471  1715     5406.8296   378     5334.4155     5495.9882   262015    3.03%
   2590  1818     5440.2833   418     5334.4155     5495.2659   269163    3.02%
   2683  1906     5460.3096   412     5334.4155     5495.1445   274585    3.01%
   2839  2060     5339.8613   203     5334.4155     5495.1445   281140    3.01%
   2891  2100     5403.5481   338     5334.4155     5494.9643   287992    3.01%
   3016  2219     5356.4390   335     5334.4155     5494.8119   295194    3.01%
   3129  2309     5402.7850   410     5334.4155     5493.4629   303488    2.98%
   3236  2405     5449.2986   349     5334.4155     5492.9156   311531    2.97%
   3414  2559        cutoff           5334.4155     5491.7646   320664    2.95%
   3527  2659     5368.7148   324     5334.4155     5491.1432   329459    2.94%
Elapsed time = 331.37 sec. (182746.05 ticks, tree = 499.92 MB, solutions = 1)
   3663  2778     5392.2701   378     5334.4155     5489.9809   336990    2.92%
   3746  2851     5408.1170   389     5334.4155     5489.7771   344273    2.91%
   3787  2884     5411.9928   385     5334.4155     5489.1253   351355    2.90%
   3903  2988     5453.2550   396     5334.4155     5488.6455   357889    2.89%
   3971  3040     5424.3284   382     5334.4155     5487.8832   365727    2.88%
   4096  3154     5478.7896   500     5334.4155     5484.0759   372606    2.81%
   4149  3207     5412.2116   329     5334.4155     5484.0759   377235    2.81%
   4280  3332     5425.8161   437     5334.4155     5482.0542   384627    2.77%
   4327  3372     5440.2682   376     5334.4155     5480.7049   391388    2.74%
   4495  3525     5346.9054   411     5334.4155     5480.2585   399869    2.73%
Elapsed time = 403.06 sec. (222754.69 ticks, tree = 631.42 MB, solutions = 1)
   4609  3632     5389.5958   335     5334.4155     5478.6938   405901    2.70%
   4742  3744     5382.0998   384     5334.4155     5477.9478   413636    2.69%
   4822  3807     5411.3923   346     5334.4155     5477.6658   421794    2.69%
   4935  3911     5355.8765   335     5334.4155     5476.0289   430257    2.65%
   5052  4002     5373.6697   319     5334.4155     5475.4466   438081    2.64%
   5134  4051     5341.0263   376     5334.4155     5474.3900   447775    2.62%
   5188  4077     5386.9983   388     5334.4155     5473.0515   457364    2.60%
   5281  4155     5349.0683   340     5334.4155     5472.3278   465526    2.59%
   5360  4221     5446.6402   413     5334.4155     5472.1939   472470    2.58%
   5448  4285     5341.2154   386     5334.4155     5471.8010   481209    2.58%
Elapsed time = 476.06 sec. (262104.32 ticks, tree = 744.72 MB, solutions = 1)
   5484  4305     5371.0107   353     5334.4155     5471.1768   488834    2.56%
   5593  4397     5370.5784   364     5334.4155     5470.1971   497044    2.55%
   5656  4444        cutoff           5334.4155     5470.0660   502849    2.54%
   5768  4538     5451.5914   454     5334.4155     5469.4887   509245    2.53%
   5838  4597     5447.1584   464     5334.4155     5469.3070   517556    2.53%
   5944  4695     5345.4971   426     5334.4155     5469.2885   524048    2.53%
   6030  4765     5411.4600   416     5334.4155     5468.8308   532133    2.52%
   6119  4843     5391.5114   361     5334.4155     5468.7241   537650    2.52%
   6213  4916     5340.6349   265     5334.4155     5468.3168   545257    2.51%
   6306  4977     5400.7525   467     5334.4155     5467.7889   553480    2.50%
Elapsed time = 550.05 sec. (302620.61 ticks, tree = 803.58 MB, solutions = 1)
   6401  5060     5374.5717   337     5334.4155     5467.6979   561116    2.50%
   6480  5123     5399.7375   418     5334.4155     5467.6145   569361    2.50%
   6584  5212     5397.6767   333     5334.4155     5467.2490   577651    2.49%
   6677  5292     5385.7861   414     5334.4155     5467.1070   587157    2.49%
   6833  5426        cutoff           5334.4155     5466.9628   596091    2.48%
   6973  5555     5338.5637   337     5334.4155     5466.8942   604174    2.48%
   7132  5690     5347.5020   239     5334.4155     5466.5608   612669    2.48%
   7241  5771     5424.3786   430     5334.4155     5466.0707   620953    2.47%
   7325  5837     5445.8691   453     5334.4155     5465.6945   629822    2.46%
   7425  5926     5416.6407   380     5334.4155     5465.5984   639637    2.46%
Elapsed time = 620.66 sec. (342260.02 ticks, tree = 930.13 MB, solutions = 1)
   7535  6025     5336.5032   257     5334.4155     5465.3522   646868    2.45%
   7619  6091     5332.7974   392     5334.4155     5464.9493   656787    2.45%
   7663  6127     5347.4716   338     5334.4155     5464.9006   665045    2.45%
   7710  6160     5362.7630   371     5334.4155     5464.4176   672995    2.44%
   7850  6291     5366.5906   292     5334.4155     5464.2794   680519    2.43%
   7926  6356     5362.4071   368     5334.4155     5464.2338   687423    2.43%
   8083  6504     5347.4550   259     5334.4155     5464.1223   694494    2.43%
   8283  6693     5351.7481    80     5334.4155     5464.0252   701085    2.43%
   8356  6720     5402.5123   446     5334.4155     5462.9913   708969    2.41%
   8467  6807     5345.0516   296     5334.4155     5462.7749   715766    2.41%
Elapsed time = 692.70 sec. (381573.40 ticks, tree = 1058.85 MB, solutions = 1)
   8650  6964     5427.6163   415     5334.4155     5462.1405   723258    2.39%
   8827  7116     5411.2356   404     5334.4155     5462.0989   730562    2.39%
   8993  7260     5383.4316   336     5334.4155     5461.9384   738426    2.39%
   9124  7359        cutoff           5334.4155     5461.2214   746483    2.38%
   9276  7495     5376.7716   409     5334.4155     5461.1357   754731    2.38%
   9417  7620     5347.5705   263     5334.4155     5461.0635   762342    2.37%
   9550  7732     5424.1121   377     5334.4155     5460.9087   770092    2.37%
   9648  7802     5393.5382   430     5334.4155     5460.3205   778584    2.36%
   9700  7838     5338.5152   361     5334.4155     5460.1966   787782    2.36%
   9736  7855     5337.8574   358     5334.4155     5459.8562   796500    2.35%
Elapsed time = 764.02 sec. (421031.70 ticks, tree = 1249.30 MB, solutions = 1)
   9845  7946     5337.9785   362     5334.4155     5459.7087   806316    2.35%
   9923  8006     5360.9699   374     5334.4155     5459.5966   814126    2.35%
  10041  8087        cutoff           5334.4155     5459.3104   824037    2.34%
  10147  8188     5359.4887   406     5334.4155     5459.2753   831357    2.34%
  10216  8232     5357.2995   344     5334.4155     5459.1205   838965    2.34%
  10261  8256     5371.8641   448     5334.4155     5458.8508   846552    2.33%
  10350  8336     5390.9991   378     5334.4155     5458.7465   854390    2.33%
  10458  8421     5339.1561   224     5334.4155     5458.5217   861767    2.33%
  10557  8497     5353.1264   287     5334.4155     5458.5006   867909    2.33%
  10699  8627     5337.5050   157     5334.4155     5458.1812   874408    2.32%
Elapsed time = 836.05 sec. (460684.26 ticks, tree = 1380.36 MB, solutions = 1)
  10817  8728     5366.9869   393     5334.4155     5457.7802   881438    2.31%
  10899  8797     5396.6942   363     5334.4155     5457.7237   887903    2.31%
  10996  8888     5438.8178   419     5334.4155     5457.6501   894671    2.31%
  11200  9074     5381.3326   394     5334.4155     5457.6488   902169    2.31%
  11285  9140     5423.3026   453     5334.4155     5457.3350   909689    2.30%
  11406  9243     5351.2591   308     5334.4155     5457.2992   917368    2.30%
  11585  9398     5411.5956   424     5334.4155     5457.2542   924400    2.30%
  11692  9478     5430.6210   371     5334.4155     5457.1331   933343    2.30%
  11862  9611        cutoff           5334.4155     5456.7764   942035    2.29%
  11924  9645        cutoff           5334.4155     5456.7326   950223    2.29%
Elapsed time = 968.11 sec. (534709.53 ticks, tree = 1569.56 MB, solutions = 1)
  11982  9683     5388.8489   428     5334.4155     5456.4776   959614    2.29%
  12053  9728     5374.6105   342     5334.4155     5456.1822   968332    2.28%
  12195  9850        cutoff           5334.4155     5456.1017   976054    2.28%
  12401 10041     5369.8511   355     5334.4155     5455.9160   984220    2.28%
  12517 10142     5424.6984   324     5334.4155     5455.8647   991929    2.28%
  12722 10340     5417.4521   353     5334.4155     5455.8254   999186    2.28%
  12919 10514     5403.8886   391     5334.4155     5455.7808  1005761    2.28%
  13019 10597     5413.6972   354     5334.4155     5455.6891  1014186    2.27%
  13208 10767     5374.4147   403     5334.4155     5455.5013  1023549    2.27%
  13319 10855     5366.1463   408     5334.4155     5455.3649  1032331    2.27%
Elapsed time = 1038.60 sec. (574451.32 ticks, tree = 1601.89 MB, solutions = 1)
  13441 10957     5412.1909   371     5334.4155     5455.2234  1041341    2.26%
  13662 11165     5385.2503   331     5334.4155     5455.2001  1048575    2.26%
  13812 11292     5376.0206   422     5334.4155     5454.9197  1057458    2.26%
  13898 11368     5388.8116   401     5334.4155     5454.8877  1063744    2.26%
  14046 11491     5394.4391   454     5334.4155     5454.8579  1071639    2.26%
  14176 11599     5412.5775   444     5334.4155     5454.6703  1080821    2.25%
  14231 11647     5353.8432   397     5334.4155     5454.5459  1088281    2.25%
  14310 11706     5413.0750   313     5334.4155     5454.4129  1096051    2.25%
  14364 11727     5372.3022   427     5334.4155     5453.9026  1104861    2.24%
  14528 11883     5373.5081   177     5334.4155     5453.8246  1112462    2.24%
Elapsed time = 1109.77 sec. (615121.40 ticks, tree = 1799.94 MB, solutions = 1)
  14689 12021     5421.6574   365     5334.4155     5453.8140  1119409    2.24%
  14814 12138     5336.9269   222     5334.4155     5453.8122  1126442    2.24%
  14985 12291     5403.9518   404     5334.4155     5453.3767  1133537    2.23%
  15063 12351     5362.7395   423     5334.4155     5453.3763  1140470    2.23%
  15190 12467     5357.5753   398     5334.4155     5453.1848  1149023    2.23%
  15290 12546     5348.8435   331     5334.4155     5452.8525  1155866    2.22%
  15384 12620     5377.0138   359     5334.4155     5452.2642  1164033    2.21%
  15564 12773     5393.4114   452     5334.4155     5452.1064  1171595    2.21%
  15690 12887     5417.8001   392     5334.4155     5451.9324  1180426    2.20%
  15860 13035     5344.1910   265     5334.4155     5451.8323  1188582    2.20%
Elapsed time = 1178.89 sec. (654686.09 ticks, tree = 2022.35 MB, solutions = 1)
  15969 13129     5400.0880   384     5334.4155     5451.4906  1196879    2.19%
  16105 13254        cutoff           5334.4155     5451.3820  1205999    2.19%
  16178 13319     5405.5564   389     5334.4155     5451.2194  1212300    2.19%
  16353 13479        cutoff           5334.4155     5451.1538  1221219    2.19%
  16446 13565     5411.7847   403     5334.4155     5450.9191  1229176    2.18%
  16606 13709     5411.4972   354     5334.4155     5450.7451  1235846    2.18%
  16725 13813     5350.9451   392     5334.4155     5450.7314  1243996    2.18%
  16830 13902     5352.3555   276     5334.4155     5450.6945  1251844    2.18%
  16960 14016        cutoff           5334.4155     5450.6583  1260309    2.18%
  17096 14133     5336.0484   180     5334.4155     5450.4201  1268677    2.17%
Elapsed time = 1247.26 sec. (693413.25 ticks, tree = 2099.37 MB, solutions = 1)
  17154 14172     5401.2153   449     5334.4155     5450.2838  1278672    2.17%
  17252 14256        cutoff           5334.4155     5450.1453  1287443    2.17%
  17356 14341     5417.8385   410     5334.4155     5449.4840  1295411    2.16%
  17486 14455     5337.0883   368     5334.4155     5449.4518  1304803    2.16%
  17578 14537     5380.6100   228     5334.4155     5449.3620  1313907    2.15%
  17689 14641     5360.5138   350     5334.4155     5449.2989  1321456    2.15%
  17797 14735     5383.5127   335     5334.4155     5449.1483  1329475    2.15%
  17935 14864     5371.7787   369     5334.4155     5449.1445  1336847    2.15%
  18005 14919     5345.6361   381     5334.4155     5449.1291  1344511    2.15%
  18091 14991     5355.1073   408     5334.4155     5449.0980  1351731    2.15%
Elapsed time = 1317.06 sec. (732913.72 ticks, tree = 2121.22 MB, solutions = 1)
  18217 15107     5391.0346   297     5334.4155     5448.9125  1358819    2.15%
  18383 15261     5347.4001   367     5334.4155     5448.8528  1366212    2.15%
  18444 15310     5358.6962   322     5334.4155     5448.5964  1372452    2.14%
  18552 15386     5384.3116   408     5334.4155     5448.4613  1380585    2.14%
  18682 15506     5371.6632   353     5334.4155     5448.4304  1387867    2.14%
  18760 15574     5371.5106   397     5334.4155     5448.3003  1395378    2.13%
  18877 15669     5341.3966   326     5334.4155     5448.2538  1402759    2.13%
  18956 15719     5412.9880   364     5334.4155     5447.9742  1410295    2.13%
  19143 15872        cutoff           5334.4155     5447.5216  1417649    2.12%
  19203 15925     5347.5271   354     5334.4155     5447.5216  1426676    2.12%
Elapsed time = 1384.51 sec. (771728.46 ticks, tree = 2302.11 MB, solutions = 1)
  19298 15991     5425.6651   437     5334.4155     5447.3824  1435996    2.12%
  19489 16172     5404.7803   389     5334.4155     5447.3162  1443212    2.12%
  19595 16263     5399.6719   437     5334.4155     5447.0723  1453611    2.11%
  19683 16332     5375.3356   419     5334.4155     5446.9594  1462428    2.11%
  19766 16404     5338.1388   275     5334.4155     5446.9475  1470047    2.11%
  19875 16491        cutoff           5334.4155     5446.6352  1478233    2.10%
  20036 16624     5356.9157   350     5334.4155     5446.5659  1486281    2.10%
  20216 16784     5389.1404   358     5334.4155     5446.5202  1494692    2.10%
  20347 16897     5390.4070   320     5334.4155     5446.3592  1503444    2.10%
  20478 17001     5404.9314   340     5334.4155     5446.3141  1512082    2.10%
Elapsed time = 1455.62 sec. (811354.35 ticks, tree = 2462.84 MB, solutions = 1)
  20621 17134     5335.4558   397     5334.4155     5446.2782  1519896    2.10%
  20702 17188     5370.4979   416     5334.4155     5446.1053  1528166    2.09%
  20806 17276     5399.0590   365     5334.4155     5445.9817  1537096    2.09%
  20999 17461     5347.1505   178     5334.4155     5445.8976  1544175    2.09%
  21111 17554        cutoff           5334.4155     5445.8313  1552223    2.09%
  21203 17646     5344.6326   201     5334.4155     5445.8176  1560890    2.09%
  21380 17795     5395.6222   317     5334.4155     5445.6298  1568702    2.08%
  21533 17932     5343.2277   359     5334.4155     5445.4634  1575664    2.08%
  21590 17977     5381.1752   366     5334.4155     5445.2539  1583026    2.08%
  21711 18089     5344.5609   309     5334.4155     5445.1638  1590755    2.08%
Elapsed time = 1526.70 sec. (849910.85 ticks, tree = 2654.51 MB, solutions = 1)
  21807 18172     5370.4255   192     5334.4155     5445.1218  1598740    2.08%
  21905 18244     5355.0713   438     5334.4155     5445.0182  1607959    2.07%
  21993 18320     5337.1082   301     5334.4155     5444.9427  1614904    2.07%
  22147 18461        cutoff           5334.4155     5444.8792  1622930    2.07%
  22217 18523     5341.0268   328     5334.4155     5444.8420  1630270    2.07%
  22306 18583     5419.0436   460     5334.4155     5444.2415  1637997    2.06%
  22404 18663     5377.8047   430     5334.4155     5444.0391  1646822    2.06%
  22499 18752     5348.9309   277     5334.4155     5444.0390  1654654    2.06%
  22609 18847     5349.2879   351     5334.4155     5443.9590  1661231    2.05%
  22771 18980     5415.1862   303     5334.4155     5443.8655  1668971    2.05%
Elapsed time = 1600.86 sec. (890215.27 ticks, tree = 2781.59 MB, solutions = 1)
  22920 19124     5382.3264   263     5334.4155     5443.8631  1676202    2.05%
  23061 19237     5416.1778   453     5334.4155     5443.6300  1684800    2.05%
  23164 19330     5334.5686   425     5334.4155     5443.5434  1692528    2.05%
  23304 19455        cutoff           5334.4155     5443.3974  1700168    2.04%
  23363 19499     5413.2760   362     5334.4155     5443.2084  1708005    2.04%
  23489 19612     5396.1119   320     5334.4155     5443.1937  1716327    2.04%
  23660 19773     5366.6728   345     5334.4155     5443.1634  1723728    2.04%
  23758 19843     5422.3833   400     5334.4155     5442.8959  1732174    2.03%
  23933 19993     5398.1088   406     5334.4155     5442.7582  1740534    2.03%
  24055 20102     5382.1135   308     5334.4155     5442.5548  1748607    2.03%
Elapsed time = 1672.52 sec. (929309.26 ticks, tree = 2991.57 MB, solutions = 1)
  24176 20204     5408.7658   383     5334.4155     5442.4905  1755988    2.03%
  24279 20291     5337.6466   344     5334.4155     5442.4651  1764089    2.03%
  24453 20448     5361.3328   332     5334.4155     5442.4032  1771700    2.02%
  24544 20533     5350.7076   313     5334.4155     5442.2798  1778634    2.02%
  24630 20579     5344.0829   387     5334.4155     5442.1028  1790093    2.02%
  24714 20645     5395.9791   404     5334.4155     5442.0670  1798254    2.02%
  24831 20750     5408.6447   380     5334.4155     5441.9710  1806997    2.02%
  24992 20901     5397.3363   355     5334.4155     5441.8946  1814787    2.01%
  25157 21058     5373.8260   251     5334.4155     5441.8491  1823588    2.01%
  25308 21194     5396.7494   377     5334.4155     5441.6609  1831939    2.01%
Elapsed time = 1741.44 sec. (967824.70 ticks, tree = 3168.37 MB, solutions = 1)
  25454 21333     5359.0225   363     5334.4155     5441.6070  1839354    2.01%
  25655 21510     5402.7308   463     5334.4155     5441.4648  1848417    2.01%
  25753 21602     5390.7976   448     5334.4155     5441.3827  1856557    2.01%
  25860 21702     5338.4577   357     5334.4155     5441.3471  1864665    2.00%
  25969 21787     5336.2627   356     5334.4155     5441.2134  1872883    2.00%
  26110 21909        cutoff           5334.4155     5441.1194  1881258    2.00%
  26219 22003     5347.3975   268     5334.4155     5441.0721  1888669    2.00%
  26295 22053     5428.0473   504     5334.4155     5440.7137  1896973    1.99%
  26376 22119     5351.3900   340     5334.4155     5440.5709  1905046    1.99%
  26471 22206     5351.1770   242     5334.4155     5440.5694  1913190    1.99%
Elapsed time = 1814.71 sec. (1007486.99 ticks, tree = 3318.04 MB, solutions = 1)
  26544 22264     5356.2126   377     5334.4155     5440.3740  1919413    1.99%
  26659 22359     5393.7986   469     5334.4155     5440.2613  1927573    1.98%
  26744 22425     5344.4128   288     5334.4155     5440.2558  1934935    1.98%
  26824 22464        cutoff           5334.4155     5440.0660  1943789    1.98%
  26902 22521        cutoff           5334.4155     5439.9337  1950326    1.98%
  27019 22634     5361.5224   220     5334.4155     5439.8462  1957403    1.98%
  27157 22745     5334.5804   318     5334.4155     5439.8343  1964830    1.98%
  27340 22903     5386.4126   390     5334.4155     5439.7212  1972570    1.97%
  27506 23043        cutoff           5334.4155     5439.6072  1980257    1.97%
  27683 23196     5421.9693   419     5334.4155     5439.5315  1988211    1.97%
Elapsed time = 1884.28 sec. (1047115.56 ticks, tree = 3480.86 MB, solutions = 1)
  27849 23347     5403.0211   426     5334.4155     5439.4916  1995527    1.97%
  27934 23424     5396.5187   408     5334.4155     5439.4248  2003939    1.97%
  28029 23511     5344.4955   329     5334.4155     5439.3131  2011731    1.97%
  28132 23587     5415.9535   465     5334.4155     5439.2822  2020630    1.97%
  28259 23703     5355.4075   384     5334.4155     5439.2796  2028299    1.97%
  28443 23869     5337.8172   171     5334.4155     5439.2063  2035876    1.96%
  28545 23947     5404.0968   387     5334.4155     5439.0490  2043007    1.96%
  28704 24081     5336.9393   352     5334.4155     5439.0122  2050154    1.96%
  28841 24200     5409.7417   363     5334.4155     5438.8803  2058767    1.96%
  28928 24270     5371.8505   387     5334.4155     5438.8183  2066347    1.96%
Elapsed time = 1953.46 sec. (1085792.45 ticks, tree = 3668.52 MB, solutions = 1)
  29054 24377     5393.5531   390     5334.4155     5438.7398  2074214    1.96%
  29133 24427     5381.4226   379     5334.4155     5438.5193  2081935    1.95%
  29251 24538     5371.6174   433     5334.4155     5438.4693  2089209    1.95%
  29376 24646     5395.3621   390     5334.4155     5438.3700  2096428    1.95%
  29568 24825     5353.5967   195     5334.4155     5438.3637  2104120    1.95%
  29701 24942     5364.0951   347     5334.4155     5438.2354  2111466    1.95%
  29831 25054     5337.3620   320     5334.4155     5438.1568  2119618    1.94%
  29975 25185     5387.9975   303     5334.4155     5438.1320  2128679    1.94%
  30125 25311     5378.3664   372     5334.4155     5438.0198  2137545    1.94%
  30205 25377     5376.6110   471     5334.4155     5437.9898  2146128    1.94%
Elapsed time = 2022.80 sec. (1124557.50 ticks, tree = 3885.62 MB, solutions = 1)
  30296 25449     5340.1279   319     5334.4155     5437.9455  2154474    1.94%
  30365 25497     5337.6001   433     5334.4155     5437.8733  2163415    1.94%
  30501 25613     5435.4629   477     5334.4155     5437.7790  2171514    1.94%
  30696 25792     5414.9839   448     5334.4155     5437.7227  2179790    1.94%
  30854 25942     5379.3998   354     5334.4155     5437.6710  2187925    1.94%
  31014 26089     5404.7285   357     5334.4155     5437.6341  2195564    1.93%
  31097 26153     5360.7132   341     5334.4155     5437.5295  2204401    1.93%
  31215 26250     5417.6976   349     5334.4155     5437.3575  2212079    1.93%
  31335 26344     5337.2443   345     5334.4155     5437.3393  2219418    1.93%
  31407 26395     5387.6408   302     5334.4155     5437.2393  2227297    1.93%
Elapsed time = 2095.03 sec. (1164015.05 ticks, tree = 3948.99 MB, solutions = 1)
  31536 26504     5374.8867   409     5334.4155     5437.1125  2233962    1.93%
  31670 26605        cutoff           5334.4155     5437.0156  2242260    1.92%
  31789 26724     5356.1453   263     5334.4155     5436.8929  2248925    1.92%
  31912 26826     5342.4368   315     5334.4155     5436.8788  2257758    1.92%
  32036 26938     5356.0437   298     5334.4155     5436.8176  2266242    1.92%
  32123 27018     5372.5827   370     5334.4155     5436.8005  2272041    1.92%
  32237 27120     5337.3510   329     5334.4155     5436.7875  2279045    1.92%
  32380 27249     5359.4815   342     5334.4155     5436.7399  2287085    1.92%
  32439 27291     5390.4720   444     5334.4155     5436.7359  2295173    1.92%
  32550 27384     5336.6095   222     5334.4155     5436.6491  2302681    1.92%
Elapsed time = 2163.78 sec. (1202677.93 ticks, tree = 4027.15 MB, solutions = 1)
  32684 27513     5335.7829   199     5334.4155     5436.6383  2310162    1.92%
  32765 27569     5389.5547   381     5334.4155     5436.3685  2318902    1.91%
  32888 27684     5380.0352   363     5334.4155     5436.3223  2327424    1.91%
Began writing nodes to disk (directory ./cpxf8joKV created)
  33021 27810     5355.1900   244     5334.4155     5436.2921  2333647    1.91%
  33164 27923     5391.3887   383     5334.4155     5436.2371  2341358    1.91%
  33250 27986     5335.6240   373     5334.4155     5436.1651  2349154    1.91%
  33355 28079     5383.1829   468     5334.4155     5436.0836  2356896    1.91%
  33456 28175     5368.2907   380     5334.4155     5436.0636  2365078    1.91%
  33557 28268     5398.1471   385     5334.4155     5436.0213  2373526    1.90%
  33643 28338     5393.1632   374     5334.4155     5435.9923  2381500    1.90%
Elapsed time = 2235.14 sec. (1241864.37 ticks, tree = 4164.75 MB, solutions = 1)
Nodefile size = 69.07 MB
  33775 28456     5399.2719   412     5334.4155     5435.9353  2388945    1.90%
  33895 28558     5358.4315   345     5334.4155     5435.7599  2397213    1.90%
  33975 28619     5388.2903   385     5334.4155     5435.6826  2406002    1.90%
  34146 28767     5407.9956   435     5334.4155     5435.6298  2413573    1.90%
  34268 28875     5402.7750   378     5334.4155     5435.5529  2422388    1.90%
  34507 29096     5341.8006   142     5334.4155     5435.5077  2430296    1.90%
  34633 29212     5343.5790   264     5334.4155     5435.4446  2438212    1.89%
  34741 29271     5345.1995   406     5334.4155     5435.3262  2446642    1.89%
  34841 29357     5353.2390   259     5334.4155     5435.2148  2455525    1.89%
  34930 29418     5418.6570   405     5334.4155     5435.1006  2463116    1.89%
Elapsed time = 2305.58 sec. (1280552.98 ticks, tree = 4281.25 MB, solutions = 1)
Nodefile size = 185.78 MB
  35122 29599     5369.7494   274     5334.4155     5435.0826  2471416    1.89%
  35256 29717        cutoff           5334.4155     5434.9816  2480137    1.89%
  35357 29801     5376.2759   388     5334.4155     5434.9232  2488889    1.88%
  35444 29876     5370.5478   278     5334.4155     5434.8863  2498919    1.88%
  35519 29928     5367.0172   338     5334.4155     5434.5975  2507466    1.88%
  35647 30028     5380.7091   370     5334.4155     5434.4442  2516627    1.88%
  35738 30102     5341.0327   320     5334.4155     5434.4320  2524872    1.87%
  35863 30209     5384.5451   362     5334.4155     5434.3164  2533449    1.87%
  36021 30356     5406.5239   358     5334.4155     5434.2735  2542077    1.87%
  36110 30419     5373.4892   363     5334.4155     5434.2063  2551992    1.87%
Elapsed time = 2378.84 sec. (1319830.03 ticks, tree = 4402.18 MB, solutions = 1)
Nodefile size = 307.48 MB
  36210 30501        cutoff           5334.4155     5434.1347  2559229    1.87%
  36345 30627     5346.9879   431     5334.4155     5434.1038  2568276    1.87%
  36561 30809     5379.5236   417     5334.4155     5433.8243  2577621    1.86%
  36678 30914     5390.9426   429     5334.4155     5433.8028  2586422    1.86%
  36810 31033     5337.7537   338     5334.4155     5433.7992  2595417    1.86%
  36917 31115     5367.8495   342     5334.4155     5433.7325  2603425    1.86%
  36999 31166     5337.1821   420     5334.4155     5433.5977  2610950    1.86%
  37064 31212     5390.8821   423     5334.4155     5433.5132  2620010    1.86%
  37187 31311     5377.8844   342     5334.4155     5433.4625  2628685    1.86%
  37328 31433     5418.5798   362     5334.4155     5433.4175  2637394    1.86%
Elapsed time = 2452.83 sec. (1360606.83 ticks, tree = 4502.95 MB, solutions = 1)
Nodefile size = 407.46 MB
  37413 31492     5427.6763   441     5334.4155     5433.3354  2644781    1.85%
  37585 31655     5368.5717   191     5334.4155     5433.2891  2653093    1.85%
  37707 31752        cutoff           5334.4155     5433.1711  2659878    1.85%
  37859 31891     5349.1266   258     5334.4155     5433.1041  2668071    1.85%
  37978 31994     5361.4980   293     5334.4155     5433.0843  2675624    1.85%
  38095 32085     5343.6095   358     5334.4155     5433.0650  2684105    1.85%
  38194 32158     5363.4558   353     5334.4155     5433.0453  2691270    1.85%
  38308 32256     5365.7758   422     5334.4155     5432.9975  2699187    1.85%
  38424 32360     5364.0518   371     5334.4155     5432.9110  2707328    1.85%
  38570 32492     5349.8608   169     5334.4155     5432.8331  2714132    1.84%
Elapsed time = 2522.22 sec. (1399119.80 ticks, tree = 4643.97 MB, solutions = 1)
Nodefile size = 548.10 MB
  38682 32583     5427.7197   417     5334.4155     5432.7759  2722115    1.84%
  38830 32720     5350.0233   369     5334.4155     5432.7502  2730686    1.84%
  38905 32756     5387.6268   295     5334.4155     5432.6379  2740294    1.84%
  39019 32853     5377.6709   364     5334.4155     5432.6206  2747528    1.84%
  39164 32987     5372.0705   297     5334.4155     5432.6029  2755620    1.84%
  39319 33123     5357.5689   313     5334.4155     5432.5417  2762254    1.84%
  39431 33222     5351.9485   330     5334.4155     5432.5246  2770662    1.84%
  39537 33300     5413.7126   447     5334.4155     5432.4916  2779154    1.84%
  39637 33391     5376.5324   395     5334.4155     5432.4542  2787559    1.84%
  39683 33415     5410.9507   445     5334.4155     5432.2126  2796079    1.83%
Elapsed time = 2591.69 sec. (1437932.18 ticks, tree = 4721.17 MB, solutions = 1)
Nodefile size = 626.02 MB
  39809 33536     5420.3772   434     5334.4155     5432.2045  2802882    1.83%
  39936 33644     5361.5427   442     5334.4155     5432.0751  2810756    1.83%
  40053 33746     5360.1641   462     5334.4155     5432.0618  2819194    1.83%
  40145 33826     5365.0850   403     5334.4155     5432.0401  2827130    1.83%
  40232 33899     5369.8363   416     5334.4155     5432.0045  2835326    1.83%
  40397 34049     5341.4467   362     5334.4155     5431.9080  2843467    1.83%
  40485 34116     5394.8990   424     5334.4155     5431.8918  2851520    1.83%
  40574 34186     5383.6534   358     5334.4155     5431.8280  2859572    1.83%
  40681 34262     5342.5197   286     5334.4155     5431.7253  2868009    1.82%
  40790 34343     5399.5887   437     5334.4155     5431.6007  2876188    1.82%
Elapsed time = 2661.43 sec. (1476320.59 ticks, tree = 4874.32 MB, solutions = 1)
Nodefile size = 780.15 MB
  40874 34413     5337.9431   326     5334.4155     5431.5729  2885243    1.82%
  40994 34519     5365.2755   413     5334.4155     5431.5385  2893943    1.82%
  41118 34631     5375.4215   393     5334.4155     5431.4905  2901713    1.82%
  41329 34822     5380.4599   341     5334.4155     5431.4316  2909744    1.82%
  41476 34958     5334.8129   353     5334.4155     5431.4298  2917641    1.82%
  41568 35029     5425.8045   407     5334.4155     5431.3574  2926345    1.82%
  41655 35101     5342.8847   223     5334.4155     5431.3574  2935218    1.82%
  41832 35242     5358.4996   348     5334.4155     5431.2735  2942658    1.82%
  41963 35367     5350.7277   312     5334.4155     5431.2566  2950457    1.82%
  42067 35450     5419.4115   453     5334.4155     5431.0933  2957195    1.81%
Elapsed time = 2732.97 sec. (1515137.89 ticks, tree = 5049.17 MB, solutions = 1)
Nodefile size = 953.84 MB
  42209 35585     5369.9291   357     5334.4155     5431.0712  2965069    1.81%
  42287 35653     5372.8249   302     5334.4155     5430.9643  2971766    1.81%
  42401 35741     5347.4087   389     5334.4155     5430.9095  2981009    1.81%
  42486 35803     5368.4889   441     5334.4155     5430.8222  2988992    1.81%
  42576 35864     5355.1245   377     5334.4155     5430.6378  2997168    1.80%
  42654 35925     5385.2464   376     5334.4155     5430.5715  3005293    1.80%
  42749 36005        cutoff           5334.4155     5430.4625  3013150    1.80%
  42905 36133     5405.7216   278     5334.4155     5430.4070  3020897    1.80%
  43086 36308     5393.1510   401     5334.4155     5430.3996  3027864    1.80%
  43202 36396     5399.2695   384     5334.4155     5430.3733  3036703    1.80%
Elapsed time = 2805.57 sec. (1554526.36 ticks, tree = 5153.42 MB, solutions = 1)
Nodefile size = 1058.32 MB
  43299 36469        cutoff           5334.4155     5430.2997  3045053    1.80%
  43349 36504     5362.8206   346     5334.4155     5430.2540  3050865    1.80%
  43482 36617     5356.9381   248     5334.4155     5430.0882  3058495    1.79%
  43634 36750        cutoff           5334.4155     5430.0777  3065814    1.79%
  43713 36813     5410.2737   468     5334.4155     5430.0020  3074129    1.79%
  43856 36933        cutoff           5334.4155     5429.9230  3080123    1.79%
  43960 37028     5392.4191   426     5334.4155     5429.8680  3087098    1.79%
  44035 37078     5400.4076   383     5334.4155     5429.8160  3096009    1.79%
  44217 37250     5371.5905   277     5334.4155     5429.8080  3103915    1.79%
  44351 37358     5357.6942   338     5334.4155     5429.7769  3111789    1.79%
Elapsed time = 2876.15 sec. (1593422.99 ticks, tree = 5263.89 MB, solutions = 1)
Nodefile size = 1168.56 MB
  44511 37481     5357.3270   331     5334.4155     5429.7400  3119901    1.79%
  44638 37594     5363.2553   308     5334.4155     5429.6823  3127038    1.79%
  44802 37738     5376.9347   365     5334.4155     5429.6489  3134024    1.79%
  44922 37839     5409.5064   414     5334.4155     5429.6039  3141630    1.78%
  45050 37954     5368.0872   323     5334.4155     5429.5628  3150531    1.78%
  45186 38065     5361.3696   418     5334.4155     5429.4883  3159771    1.78%
  45319 38175     5364.6276   180     5334.4155     5429.4671  3167380    1.78%
  45445 38276     5348.9652   321     5334.4155     5429.4229  3175019    1.78%
  45517 38334     5340.4325   273     5334.4155     5429.4057  3183940    1.78%
  45621 38413     5396.3497   463     5334.4155     5429.3765  3192464    1.78%
Elapsed time = 2947.14 sec. (1632484.82 ticks, tree = 5395.94 MB, solutions = 1)
Nodefile size = 1301.49 MB
  45719 38482     5360.0709   372     5334.4155     5429.3408  3201205    1.78%
  45817 38564     5373.4204   380     5334.4155     5429.2580  3209079    1.78%
  45933 38669     5395.5360   390     5334.4155     5429.2027  3217756    1.78%
  46015 38724     5401.3075   354     5334.4155     5429.1749  3226860    1.78%
  46133 38830     5361.3432   393     5334.4155     5429.1578  3234364    1.78%
  46275 38958     5358.6156   381     5334.4155     5429.0873  3242523    1.77%
  46430 39098     5383.3126   411     5334.4155     5428.9808  3252116    1.77%
  46559 39221     5346.5614   259     5334.4155     5428.9745  3259128    1.77%
  46689 39334     5372.6970   357     5334.4155     5428.8922  3267319    1.77%
  46851 39481     5383.3226   350     5334.4155     5428.8792  3275145    1.77%
Elapsed time = 3018.33 sec. (1671638.98 ticks, tree = 5531.77 MB, solutions = 1)
Nodefile size = 1436.55 MB
  46923 39546     5383.1148   467     5334.4155     5428.8683  3281854    1.77%
  47049 39661     5372.8091   288     5334.4155     5428.8170  3289967    1.77%
  47193 39780     5357.9861   368     5334.4155     5428.8042  3298099    1.77%
  47276 39849     5366.7360   405     5334.4155     5428.7601  3305589    1.77%
  47334 39895     5336.8488   424     5334.4155     5428.7465  3312648    1.77%
  47380 39925     5342.8453   396     5334.4155     5428.7290  3321516    1.77%
  47502 40021     5382.8635   387     5334.4155     5428.7022  3330265    1.77%
  47615 40102     5380.0680   384     5334.4155     5428.5926  3337528    1.77%
  47719 40184     5386.8316   359     5334.4155     5428.5578  3343740    1.76%
  47862 40304     5373.8336   304     5334.4155     5428.4644  3351916    1.76%
Elapsed time = 3092.32 sec. (1710653.59 ticks, tree = 5671.91 MB, solutions = 1)
Nodefile size = 1576.75 MB
  47958 40376        cutoff           5334.4155     5428.4349  3360513    1.76%
  48043 40454     5353.2494   339     5334.4155     5428.4129  3367533    1.76%
  48167 40562     5362.9382   383     5334.4155     5428.3467  3375365    1.76%
  48295 40675     5366.1047   374     5334.4155     5428.3351  3383464    1.76%
  48353 40717     5421.7379   468     5334.4155     5428.2895  3391260    1.76%
  48468 40825     5408.6035   434     5334.4155     5428.2846  3399607    1.76%
  48563 40913     5360.9663   371     5334.4155     5428.2792  3407178    1.76%
  48647 40971     5369.4651   419     5334.4155     5428.2644  3416598    1.76%
  48773 41082     5357.7569   363     5334.4155     5428.2485  3424809    1.76%
  48896 41178     5388.5422   386     5334.4155     5428.2059  3432707    1.76%
Elapsed time = 3164.16 sec. (1749923.77 ticks, tree = 5765.34 MB, solutions = 1)
Nodefile size = 1669.52 MB
  49014 41283     5387.7311   345     5334.4155     5428.1509  3440014    1.76%
  49195 41438     5336.5241   270     5334.4155     5428.1346  3447500    1.76%
  49296 41528     5343.6325   334     5334.4155     5428.1155  3455448    1.76%
  49367 41583     5383.3211   425     5334.4155     5428.1044  3463039    1.76%
  49479 41684     5356.3676   365     5334.4155     5428.0591  3470185    1.76%
  49592 41749     5379.1770   407     5334.4155     5427.9423  3479608    1.75%
  49663 41801     5370.5736   340     5334.4155     5427.9077  3486868    1.75%
  49828 41955        cutoff           5334.4155     5427.9005  3494706    1.75%
  49905 42013        cutoff           5334.4155     5427.7639  3503005    1.75%
  50007 42089        cutoff           5334.4155     5427.7043  3510778    1.75%
Elapsed time = 3234.27 sec. (1788812.23 ticks, tree = 5896.96 MB, solutions = 1)
Nodefile size = 1801.63 MB
  50076 42133     5336.0097   294     5334.4155     5427.7015  3518525    1.75%
  50192 42231     5340.0089   254     5334.4155     5427.6934  3524982    1.75%
  50313 42329     5389.8655   433     5334.4155     5427.6535  3532267    1.75%
  50431 42421     5403.7447   381     5334.4155     5427.6372  3540187    1.75%
  50588 42554     5395.7827   375     5334.4155     5427.5979  3546816    1.75%
  50719 42671     5372.6819   436     5334.4155     5427.5868  3552054    1.75%
  50816 42757     5352.9760   312     5334.4155     5427.5550  3560830    1.75%
  50819 42760     5351.0390   311     5334.4155     5427.5550  3561019    1.75%
  50944 42843     5364.2552   343     5334.4155     5427.5100  3569292    1.75%
  51023 42900     5405.7801   416     5334.4155     5427.4743  3574937    1.74%
Elapsed time = 3311.72 sec. (1830089.39 ticks, tree = 5996.06 MB, solutions = 1)
Nodefile size = 1900.59 MB
  51119 42996     5342.8501   172     5334.4155     5427.4743  3578906    1.74%
  51219 43065     5348.5802   391     5334.4155     5427.3968  3586635    1.74%
  51319 43159     5352.4360   259     5334.4155     5427.3880  3593735    1.74%
  51419 43244     5339.5121   298     5334.4155     5427.3598  3598773    1.74%
  51519 43312     5366.3322   388     5334.4155     5427.3090  3606323    1.74%
  51619 43401     5343.2182   215     5334.4155     5427.2977  3611705    1.74%
  51719 43491     5336.3225   214     5334.4155     5427.2866  3616400    1.74%
  51819 43585     5359.9111   186     5334.4155     5427.2600  3621284    1.74%
  51973 43722     5405.0901   352     5334.4155     5427.2519  3629254    1.74%
  52146 43887     5370.4567   381     5334.4155     5427.2305  3637658    1.74%
Elapsed time = 3496.70 sec. (1930052.06 ticks, tree = 6062.75 MB, solutions = 1)
Nodefile size = 1966.96 MB
  52259 43980     5416.4022   374     5334.4155     5427.1996  3644848    1.74%
  52349 44056     5336.2948   305     5334.4155     5427.1600  3652949    1.74%
  52477 44180     5349.8770   198     5334.4155     5427.1454  3660607    1.74%
  52597 44283     5389.1041   377     5334.4155     5427.1138  3669099    1.74%
  52701 44372     5396.6614   313     5334.4155     5427.1014  3676636    1.74%
  52824 44475     5376.6347   368     5334.4155     5427.0943  3686053    1.74%
  52932 44573        cutoff           5334.4155     5427.0719  3693141    1.74%
  53034 44653        cutoff           5334.4155     5426.9932  3701809    1.74%
  53197 44786     5340.7250   354     5334.4155     5426.9300  3710055    1.73%
  53322 44888        cutoff           5334.4155     5426.9255  3718131    1.73%
Elapsed time = 3571.21 sec. (1968537.16 ticks, tree = 6247.91 MB, solutions = 1)
Nodefile size = 2152.85 MB
  53403 44945     5377.5802   347     5334.4155     5426.8920  3725845    1.73%
  53562 45079     5410.1412   410     5334.4155     5426.8494  3734272    1.73%
  53701 45208     5363.1498   465     5334.4155     5426.8344  3743050    1.73%

Clique cuts applied:  1
Implied bound cuts applied:  479
Flow cuts applied:  263
Mixed integer rounding cuts applied:  955
Lift and project cuts applied:  133
Gomory fractional cuts applied:  76

Root node processing (before b&c):
  Real time             =   14.39 sec. (7533.76 ticks)
Sequential b&c:
  Real time             = 3585.61 sec. (1975979.54 ticks)
                          ------------
Total (root+branch&cut) = 3600.00 sec. (1983513.30 ticks)
