1 of 1 MIP starts provided solutions.
MIP start 'm1' defined initial solution with objective 4434.8989.
Tried aggregator 2 times.
MIP Presolve eliminated 42 rows and 41 columns.
MIP Presolve modified 7378 coefficients.
Aggregator did 2 substitutions.
Reduced MIP has 3356 rows, 1940 columns, and 22542 nonzeros.
Reduced MIP has 1582 binaries, 0 generals, 0 SOSs, and 0 indicators.
Presolve time = 0.02 sec. (14.44 ticks)
Probing time = 0.01 sec. (3.55 ticks)
Tried aggregator 1 time.
Reduced MIP has 3356 rows, 1940 columns, and 22542 nonzeros.
Reduced MIP has 1582 binaries, 0 generals, 0 SOSs, and 0 indicators.
Presolve time = 0.01 sec. (7.71 ticks)
Probing time = 0.01 sec. (3.55 ticks)
Clique table members: 568.
MIP emphasis: balance optimality and feasibility.
MIP search method: dynamic search.
Parallel mode: none, using 1 thread.
Root relaxation solution time = 0.01 sec. (8.25 ticks)

        Nodes                                         Cuts/
   Node  Left     Objective  IInf  Best Integer    Best Bound    ItCnt     Gap

*     0+    0                         4434.8989    21027.4987      415  374.14%
      0     0     4986.6754   235     4434.8989     4986.6754      415   12.44%
      0     0     4731.1204   206     4434.8989     Cuts: 575      699    6.68%
      0     0     4643.3737   227     4434.8989     Cuts: 571      950    4.70%
      0     0     4607.5500   224     4434.8989     Cuts: 396     1112    3.89%
      0     0     4589.8296   237     4434.8989     Cuts: 423     1224    3.49%
      0     0     4570.0178   237     4434.8989     Cuts: 289     1330    3.05%
      0     0     4561.9051   236     4434.8989     Cuts: 146     1429    2.86%
      0     0     4558.2433   273     4434.8989     Cuts: 187     1529    2.78%
      0     0     4550.5521   286     4434.8989      Cuts: 88     1612    2.61%
      0     0     4547.8214   272     4434.8989     Cuts: 114     1667    2.55%
      0     0     4543.5858   285     4434.8989     Cuts: 100     1721    2.45%
      0     0     4535.6790   265     4434.8989      Cuts: 84     1769    2.27%
      0     0     4534.8121   313     4434.8989      Cuts: 58     1830    2.25%
      0     0     4529.2346   309     4434.8989     Cuts: 108     1892    2.13%
      0     0     4524.9292   314     4434.8989      Cuts: 50     1937    2.03%
      0     0     4523.5938   268     4434.8989     Cuts: 109     1994    2.00%
      0     0     4522.0580   327     4434.8989      Cuts: 43     2069    1.97%
      0     0     4520.9362   306     4434.8989      Cuts: 32     2095    1.94%
      0     0     4520.3576   316     4434.8989      Cuts: 46     2121    1.93%
      0     0     4520.0073   333     4434.8989      Cuts: 49     2141    1.92%
      0     2     4520.0073   333     4434.8989     4519.9970     2141    1.92%
Elapsed time = 2.11 sec. (1046.49 ticks, tree = 0.00 MB, solutions = 1)
     51    47     4459.6304   211     4434.8989     4515.4692     3614    1.82%
    135   109     4497.7651   302     4434.8989     4512.9163     5013    1.76%
    162   129     4475.0524   271     4434.8989     4510.6131     6347    1.71%
    220   183     4472.1296   328     4434.8989     4510.3688     7684    1.70%
    279   230     4455.1615   260     4434.8989     4509.9174     9290    1.69%
    340   279     4449.2863   288     4434.8989     4509.9087    10618    1.69%
    399   331     4453.0174   270     4434.8989     4509.7501    12103    1.69%
    464   387     4493.5466   308     4434.8989     4509.0190    13446    1.67%
    500   423     4483.1846   392     4434.8989     4483.1836    16291    1.09%
    504   425     4478.6952   325     4434.8989     4481.2372    16527    1.04%
Elapsed time = 19.25 sec. (9879.64 ticks, tree = 0.76 MB, solutions = 1)
    515   426     4436.2623   246     4434.8989     4481.2372    16859    1.04%
    590   376     4468.0953   188     4434.8989     4479.7940    18529    1.01%
    757   417     4450.3266   328     4434.8989     4478.1108    21850    0.97%
    968   475     4438.9324   333     4434.8989     4476.8885    26074    0.95%
   1168   547     4465.2205   342     4434.8989     4476.5709    30032    0.94%
   1373   681     4465.5530   342     4434.8989     4475.9866    33677    0.93%
   1526   792     4448.1494   350     4434.8989     4474.2695    38186    0.89%
   1720   949     4438.6961   238     4434.8989     4473.9421    42554    0.88%
   1874  1045     4437.0178    91     4434.8989     4472.1921    47011    0.84%
   2101  1213     4438.6993    96     4434.8989     4471.7365    51880    0.83%
Elapsed time = 34.19 sec. (19595.97 ticks, tree = 3.61 MB, solutions = 1)
   2323  1366     4444.8796   261     4434.8989     4470.2358    56465    0.80%
   2547  1541     4452.0044   276     4434.8989     4469.6583    61514    0.78%
   2787  1733     4447.6457   213     4434.8989     4469.3509    66637    0.78%
   2973  1883     4455.4561   279     4434.8989     4468.8417    71285    0.77%
   3246  2096     4455.5575   219     4434.8989     4468.3212    76089    0.75%
   3507  2297     4436.5749    66     4434.8989     4467.3673    80835    0.73%
   3700  2431     4435.0961    79     4434.8989     4466.8168    84794    0.72%
   3891  2548        cutoff           4434.8989     4465.4561    89343    0.69%
   4132  2749     4443.5670    99     4434.8989     4465.2669    93689    0.68%
   4350  2894        cutoff           4434.8989     4464.9251    98468    0.68%
Elapsed time = 49.68 sec. (29227.28 ticks, tree = 7.01 MB, solutions = 1)
   4511  2965        cutoff           4434.8989     4464.2571   103042    0.66%
   4748  3123     4451.6674   233     4434.8989     4463.9561   108622    0.66%
   4998  3297     4441.0156   309     4434.8989     4463.6305   113411    0.65%
   5150  3341        cutoff           4434.8989     4462.6386   118722    0.63%
   5414  3503     4443.1418    48     4434.8989     4462.0760   123965    0.61%
   5594  3616     4442.2093   323     4434.8989     4461.4957   128058    0.60%
   5826  3725     4452.6612   247     4434.8989     4460.8888   133273    0.59%
   5955  3764     4435.7871   145     4434.8989     4460.4908   137521    0.58%
   6199  3922     4439.6696   104     4434.8989     4460.2598   142376    0.57%
   6401  4024     4438.4794   188     4434.8989     4459.8129   146609    0.56%
Elapsed time = 65.48 sec. (38883.44 ticks, tree = 10.85 MB, solutions = 1)
   6604  4155     4451.1902   230     4434.8989     4459.4179   150965    0.55%
   6897  4339        cutoff           4434.8989     4458.9528   155626    0.54%
   7048  4396     4441.4062   107     4434.8989     4458.7096   160308    0.54%
   7347  4597     4442.0172   305     4434.8989     4458.4670   165866    0.53%
   7593  4722     4439.2067   286     4434.8989     4458.0425   172207    0.52%
   7864  4839     4447.9639   313     4434.8989     4457.4130   177735    0.51%
   8095  4890     4437.6891   210     4434.8989     4456.7475   183545    0.49%
   8360  5018     4436.5289   178     4434.8989     4456.2626   189535    0.48%
   8545  5100     4442.0142   241     4434.8989     4456.0431   194325    0.48%
   8726  5170     4446.8339   114     4434.8989     4455.6687   199120    0.47%
Elapsed time = 81.86 sec. (48564.48 ticks, tree = 11.57 MB, solutions = 1)
   8956  5283     4443.1833    89     4434.8989     4455.4220   204106    0.46%
   9120  5339     4441.3788   241     4434.8989     4454.9373   208464    0.45%
   9296  5433     4443.6668   240     4434.8989     4454.7027   212810    0.45%
   9495  5510     4437.7701   339     4434.8989     4454.3689   217435    0.44%
   9696  5595     4437.6623    78     4434.8989     4453.9963   222645    0.43%
   9968  5732     4440.8751   310     4434.8989     4453.5696   227344    0.42%
  10257  5875     4443.4995   189     4434.8989     4453.2478   232514    0.41%
  10500  6018     4441.0005    23     4434.8989     4453.1015   237006    0.41%
  10832  6218     4437.3548    34     4434.8989     4452.8668   242685    0.41%
  11123  6358     4435.8511   271     4434.8989     4452.6141   248566    0.40%
Elapsed time = 102.09 sec. (59736.02 ticks, tree = 13.00 MB, solutions = 1)
  11397  6488     4437.3373   194     4434.8989     4452.2702   254351    0.39%
  11700  6621     4437.4746   115     4434.8989     4451.8678   260021    0.38%
  11969  6744     4438.7631   233     4434.8989     4451.5584   265713    0.38%
  12212  6801     4442.7244    40     4434.8989     4451.1052   271270    0.37%
  12599  7007     4444.4448    73     4434.8989     4450.8551   276897    0.36%
  12876  7114     4440.3579   340     4434.8989     4450.5323   282875    0.35%
  13152  7199     4436.8774    87     4434.8989     4450.1279   288650    0.34%
  13374  7262     4440.1533   232     4434.8989     4449.8678   292996    0.34%
  13581  7318     4438.3318   127     4434.8989     4449.6166   298760    0.33%
  13849  7451        cutoff           4434.8989     4449.4821   303392    0.33%
Elapsed time = 117.95 sec. (69602.10 ticks, tree = 13.99 MB, solutions = 1)
  14121  7533     4435.5559    57     4434.8989     4449.1379   308510    0.32%
  14320  7553     4440.4364   108     4434.8989     4448.8940   313224    0.32%
  14551  7625     4438.4846    79     4434.8989     4448.7005   318264    0.31%
  14807  7702        cutoff           4434.8989     4448.3811   323493    0.30%
  15092  7788     4435.3398   312     4434.8989     4448.1144   329091    0.30%
  15365  7869     4444.1899    31     4434.8989     4447.8709   334983    0.29%
  15730  8061        cutoff           4434.8989     4447.6639   340515    0.29%
  16018  8114        cutoff           4434.8989     4447.3197   346490    0.28%
  16308  8176     4435.7554   197     4434.8989     4447.0595   352015    0.27%
  16706  8338     4442.4556    92     4434.8989     4446.7659   357696    0.27%
Elapsed time = 133.02 sec. (79181.38 ticks, tree = 14.89 MB, solutions = 1)
  16967  8394     4442.2232   117     4434.8989     4446.5496   363708    0.26%
  17320  8509     4443.5642   108     4434.8989     4446.3048   369106    0.26%
  17688  8672     4442.9622    35     4434.8989     4446.0734   374616    0.25%
  18093  8836        cutoff           4434.8989     4445.8369   379951    0.25%
  18404  8931     4441.0103    78     4434.8989     4445.5913   385217    0.24%
  18716  9016     4436.1022    96     4434.8989     4445.3966   390312    0.24%
  18970  9039     4437.8635   187     4434.8989     4445.1546   395461    0.23%
  19277  9122     4436.5629    93     4434.8989     4444.9608   400281    0.23%
  19571  9192     4436.5681   193     4434.8989     4444.7601   405360    0.22%
  19802  9254        cutoff           4434.8989     4444.6309   409462    0.22%
Elapsed time = 147.89 sec. (88784.63 ticks, tree = 15.67 MB, solutions = 1)
  20137  9320     4435.9546    56     4434.8989     4444.4156   414948    0.21%
  20461  9366     4435.3380   113     4434.8989     4444.1933   419933    0.21%
  20700  9362     4441.7069   225     4434.8989     4443.9845   424359    0.20%
  21048  9463     4437.3294    25     4434.8989     4443.8315   429369    0.20%
  21338  9508        cutoff           4434.8989     4443.6683   434472    0.20%
  21696  9571     4435.2208    25     4434.8989     4443.4835   439594    0.19%
  22012  9632        cutoff           4434.8989     4443.3732   444375    0.19%
  22341  9669     4437.8735   343     4434.8989     4443.2035   449791    0.19%
  22670  9663     4436.9563   116     4434.8989     4442.9899   454982    0.18%
  24059  9727     4435.5618    79     4434.8989     4442.3269   475411    0.17%
Elapsed time = 167.30 sec. (101238.04 ticks, tree = 15.47 MB, solutions = 1)
  25425  9868        cutoff           4434.8989     4441.8267   495037    0.16%
  26786  9906     4435.1266    90     4434.8989     4441.2701   512975    0.14%
  28090  9840     4436.0593    23     4434.8989     4440.7710   530816    0.13%
  29300  9722     4437.1763   136     4434.8989     4440.3257   547321    0.12%
  30637  9385     4437.0811   196     4434.8989     4439.7459   565851    0.11%
  32095  9032        cutoff           4434.8989     4439.2682   584087    0.10%
  33483  8527     4436.8205   133     4434.8989     4438.7692   601995    0.09%
  34946  7823     4436.4026   105     4434.8989     4438.2660   618757    0.08%
  36454  6917        cutoff           4434.8989     4437.7298   634385    0.06%
  37831  5874        cutoff           4434.8989     4437.2721   648092    0.05%
Elapsed time = 226.82 sec. (139439.17 ticks, tree = 8.95 MB, solutions = 1)
  39237  4689     4436.7796    35     4434.8989     4436.8037   660258    0.04%
  40636  3416        cutoff           4434.8989     4436.2990   670641    0.03%
  42222  1884        cutoff           4434.8989     4435.6949   679442    0.02%

Implied bound cuts applied:  614
Flow cuts applied:  42
Mixed integer rounding cuts applied:  60
Lift and project cuts applied:  98
Gomory fractional cuts applied:  57

Root node processing (before b&c):
  Real time             =    2.09 sec. (1035.19 ticks)
Sequential b&c:
  Real time             =  243.50 sec. (151806.27 ticks)
                          ------------
Total (root+branch&cut) =  245.59 sec. (152841.45 ticks)
