1 of 1 MIP starts provided solutions.
MIP start 'm1' defined initial solution with objective 5341.1362.
Tried aggregator 2 times.
MIP Presolve eliminated 39 rows and 37 columns.
MIP Presolve modified 8907 coefficients.
Aggregator did 4 substitutions.
Reduced MIP has 4207 rows, 2431 columns, and 28144 nonzeros.
Reduced MIP has 1990 binaries, 0 generals, 0 SOSs, and 0 indicators.
Presolve time = 0.05 sec. (17.71 ticks)
Probing time = 0.02 sec. (3.75 ticks)
Tried aggregator 1 time.
MIP Presolve modified 1 coefficients.
Reduced MIP has 4207 rows, 2431 columns, and 28144 nonzeros.
Reduced MIP has 1990 binaries, 0 generals, 0 SOSs, and 0 indicators.
Presolve time = 0.03 sec. (9.45 ticks)
Probing time = 0.02 sec. (3.78 ticks)
Clique table members: 364.
MIP emphasis: balance optimality and feasibility.
MIP search method: dynamic search.
Parallel mode: none, using 1 thread.
Root relaxation solution time = 0.03 sec. (10.40 ticks)

        Nodes                                         Cuts/
   Node  Left     Objective  IInf  Best Integer    Best Bound    ItCnt     Gap

*     0+    0                         5341.1362    26499.6065      501  396.14%
      0     0     6182.0828   284     5341.1362     6182.0828      501   15.74%
      0     0     5862.4802   249     5341.1362     Cuts: 647      830    9.76%
      0     0     5743.1780   258     5341.1362     Cuts: 647     1128    7.53%
      0     0     5712.8067   280     5341.1362     Cuts: 500     1299    6.96%
      0     0     5680.6650   299     5341.1362     Cuts: 442     1482    6.36%
      0     0     5661.8996   330     5341.1362     Cuts: 353     1634    6.01%
      0     0     5652.0026   343     5341.1362     Cuts: 270     1761    5.82%
      0     0     5641.9327   361     5341.1362     Cuts: 242     1907    5.63%
      0     0     5638.5124   381     5341.1362     Cuts: 193     1978    5.57%
      0     0     5630.3376   355     5341.1362     Cuts: 154     2089    5.41%
      0     0     5623.6654   377     5341.1362     Cuts: 177     2239    5.29%
      0     0     5617.9728   374     5341.1362     Cuts: 149     2321    5.18%
      0     0     5607.6704   368     5341.1362     Cuts: 133     2425    4.99%
      0     0     5604.0205   360     5341.1362     Cuts: 130     2495    4.92%
      0     0     5598.0357   376     5341.1362     Cuts: 116     2555    4.81%
      0     0     5591.7542   379     5341.1362     Cuts: 121     2666    4.69%
      0     0     5586.6753   380     5341.1362     Cuts: 111     2740    4.60%
      0     0     5579.4556   452     5341.1362      Cuts: 90     2860    4.46%
      0     0     5571.6052   432     5341.1362      Cuts: 95     2950    4.31%
      0     0     5568.3164   425     5341.1362     Cuts: 138     3024    4.25%
      0     0     5564.8387   426     5341.1362      Cuts: 67     3098    4.19%
      0     0     5563.7776   456     5341.1362      Cuts: 76     3149    4.17%
      0     0     5562.6002   439     5341.1362      Cuts: 60     3201    4.15%
      0     2     5562.6002   439     5341.1362     5562.4961     3201    4.14%
Elapsed time = 3.57 sec. (1670.15 ticks, tree = 0.00 MB, solutions = 1)
     55    46     5452.1870   223     5341.1362     5560.8654     4350    4.11%
    117    96     5549.6062   441     5341.1362     5560.0603     5645    4.10%
    149   122     5423.6067   281     5341.1362     5560.0603     6762    4.10%
    229   200     5423.4659   198     5341.1362     5560.0603     8093    4.10%
    313   264     5541.1431   410     5341.1362     5557.1754     9210    4.04%
    402   353     5544.3701   447     5341.1362     5550.7740    10279    3.92%
    467   418     5499.7163   481     5341.1362     5499.6147    13958    2.97%
    468   418     5498.6597   476     5341.1362     5498.2209    14018    2.94%
    469   418     5497.5697   459     5341.1362     5497.5131    14104    2.93%
    472   419     5432.5419   398     5341.1362     5496.3395    14635    2.91%
Elapsed time = 25.57 sec. (12727.80 ticks, tree = 0.97 MB, solutions = 1)
    480   425     5396.6438   338     5341.1362     5496.3329    15540    2.91%
    492   412     5394.7996   317     5341.1362     5496.3329    15868    2.91%
    540   381     5488.2456   359     5341.1362     5496.2855    17581    2.90%
    607   392     5429.7024   285     5341.1362     5495.9567    20136    2.90%
    757   451     5482.4617   452     5341.1362     5494.4123    23149    2.87%
    959   539     5474.5832   387     5341.1362     5493.9031    25520    2.86%
   1203   651     5455.5776   312     5341.1362     5492.9359    28680    2.84%
   1442   862     5444.1671   386     5341.1362     5492.8222    32445    2.84%
   1693  1102     5433.0265   233     5341.1362     5491.1282    35684    2.81%
   2007  1392     5375.4556   129     5341.1362     5485.5138    38996    2.70%
Elapsed time = 39.86 sec. (22522.95 ticks, tree = 2.31 MB, solutions = 1)
   2204  1577     5382.0915   149     5341.1362     5484.7095    42054    2.69%
   2494  1839     5347.2624   267     5341.1362     5484.4285    45266    2.68%
   2818  2144     5406.3618   139     5341.1362     5483.8076    48291    2.67%
   3077  2386     5468.8665   453     5341.1362     5482.4502    51572    2.65%
   3312  2601     5468.2853   348     5341.1362     5482.0888    55592    2.64%
   3652  2921        cutoff           5341.1362     5481.5194    59944    2.63%
   3873  3133     5435.8186   289     5341.1362     5481.2033    64514    2.62%
   4204  3442     5348.4906   365     5341.1362     5480.8321    69157    2.62%
   4449  3672     5396.2256   302     5341.1362     5480.3136    73419    2.61%
   4742  3954     5386.3162   293     5341.1362     5480.1334    77861    2.60%
Elapsed time = 54.45 sec. (32172.94 ticks, tree = 6.38 MB, solutions = 1)
   4909  4110     5388.1600   289     5341.1362     5479.8981    81855    2.60%
   5184  4372     5445.1549   409     5341.1362     5479.8919    85605    2.60%
   5359  4530     5428.9658   327     5341.1362     5479.4382    89452    2.59%
   5548  4696     5404.0621   392     5341.1362     5479.0924    93602    2.58%
   5764  4902     5429.3736   407     5341.1362     5478.7790    97265    2.58%
   5926  5039        cutoff           5341.1362     5478.4923   101381    2.57%
   6149  5248     5420.4753   329     5341.1362     5478.3700   105171    2.57%
   6344  5412     5428.7891   416     5341.1362     5477.8867   108809    2.56%
   6580  5629        cutoff           5341.1362     5477.8309   112470    2.56%
   6715  5753     5461.9058   416     5341.1362     5477.2853   116592    2.55%
Elapsed time = 69.61 sec. (41987.95 ticks, tree = 9.29 MB, solutions = 1)
   6889  5913     5378.0760   174     5341.1362     5476.9741   121149    2.54%
   7154  6165     5394.7801   167     5341.1362     5476.5911   125457    2.54%
   7372  6356     5408.3041   255     5341.1362     5476.2279   129680    2.53%
   7590  6550     5404.8880   385     5341.1362     5476.1229   134099    2.53%
   7857  6788     5359.7146   137     5341.1362     5475.9374   139036    2.52%
   8061  6971     5402.7283   354     5341.1362     5475.6286   143515    2.52%
   8236  7122     5419.2008   312     5341.1362     5475.1680   147398    2.51%
   8378  7248     5451.8693   427     5341.1362     5475.0319   151378    2.51%
   8588  7432     5426.9919   435     5341.1362     5474.6811   155386    2.50%
   8765  7597     5416.8754   402     5341.1362     5474.5854   158961    2.50%
Elapsed time = 86.01 sec. (51736.86 ticks, tree = 12.20 MB, solutions = 1)
   8965  7780     5372.4925   390     5341.1362     5474.5281   162613    2.50%
   9066  7862     5375.7442   360     5341.1362     5474.1651   166167    2.49%
   9198  7969     5417.2480   400     5341.1362     5473.9187   169771    2.49%
   9322  8084     5379.7150   258     5341.1362     5473.7675   173344    2.48%
   9495  8243     5411.8599   399     5341.1362     5473.6016   177187    2.48%
   9671  8394     5386.6430   346     5341.1362     5473.0879   181677    2.47%
   9807  8524     5388.9612   162     5341.1362     5472.8901   183744    2.47%
   9808  8525     5457.2450   416     5341.1362     5472.8391   184071    2.47%
  10061  8763     5401.5323   228     5341.1362     5472.7332   188724    2.46%
  10287  8963     5440.0248   305     5341.1362     5472.2747   192629    2.46%
Elapsed time = 111.08 sec. (67019.07 ticks, tree = 14.58 MB, solutions = 1)
  10599  9251     5391.8625   387     5341.1362     5472.2367   197700    2.45%
  10752  9387     5344.7002   390     5341.1362     5472.1282   202771    2.45%
  11085  9703        cutoff           5341.1362     5471.9975   207607    2.45%
  11293  9889     5407.5990   422     5341.1362     5471.8353   212234    2.45%
  11448 10016     5451.3741   422     5341.1362     5471.6057   217132    2.44%
  11687 10243     5446.7974   370     5341.1362     5471.3360   221390    2.44%
  11920 10463     5408.2398   209     5341.1362     5471.1596   225398    2.43%
  12077 10596     5369.7760   411     5341.1362     5470.9154   229375    2.43%
  12339 10841     5392.2864   197     5341.1362     5470.7441   233596    2.43%
  12560 11020     5349.8254   227     5341.1362     5470.7342   237463    2.43%
Elapsed time = 126.48 sec. (76893.03 ticks, tree = 17.84 MB, solutions = 1)
  12755 11204     5425.4237   385     5341.1362     5470.6929   241095    2.43%
  13006 11437     5401.3593   356     5341.1362     5470.5993   245057    2.42%
  13274 11676     5402.4625   314     5341.1362     5470.5238   249200    2.42%
  13553 11942     5436.8809   440     5341.1362     5470.4643   253021    2.42%
  13736 12107     5343.9609   153     5341.1362     5470.3540   256866    2.42%
  13857 12208     5420.9937   324     5341.1362     5470.2447   260818    2.42%
  14107 12442     5447.9624   353     5341.1362     5470.1196   264982    2.41%
  14323 12627     5416.9489   442     5341.1362     5469.9464   269475    2.41%
  14571 12854     5344.1575   381     5341.1362     5469.8909   273546    2.41%
  14817 13061     5442.0759   414     5341.1362     5469.2560   278228    2.40%
Elapsed time = 141.74 sec. (86655.53 ticks, tree = 21.09 MB, solutions = 1)
  15011 13233     5393.1006   265     5341.1362     5469.1788   283818    2.40%
  15311 13508     5341.2817   112     5341.1362     5468.9822   288517    2.39%
  15460 13639        cutoff           5341.1362     5468.8193   293504    2.39%
  15706 13861     5435.2029   355     5341.1362     5468.6083   297791    2.39%
  15918 14049     5343.6814   267     5341.1362     5468.5758   302613    2.39%
  16111 14215        cutoff           5341.1362     5468.4317   307844    2.38%
  16345 14414     5370.5394   237     5341.1362     5468.3147   312673    2.38%
  16583 14639     5368.4888   386     5341.1362     5468.1785   317132    2.38%
  16826 14858     5356.2639   260     5341.1362     5468.0983   321838    2.38%
  17054 15055     5422.2659   257     5341.1362     5467.8540   326631    2.37%
Elapsed time = 156.87 sec. (96234.31 ticks, tree = 24.27 MB, solutions = 1)
  17292 15265     5442.5698   334     5341.1362     5467.3216   330784    2.36%
  17556 15495     5375.6471   329     5341.1362     5467.2459   334316    2.36%
  17787 15701     5460.4677   473     5341.1362     5467.1686   338643    2.36%
  17987 15885        cutoff           5341.1362     5466.9618   342860    2.36%
  18123 16001     5368.8940   349     5341.1362     5466.7928   346902    2.35%
  18352 16204     5438.9826   429     5341.1362     5466.5524   351264    2.35%
  18587 16422     5421.8131   354     5341.1362     5466.3674   355380    2.34%
  18777 16586     5450.4944   434     5341.1362     5466.1909   359378    2.34%
  19067 16870     5378.8977   184     5341.1362     5466.0121   363108    2.34%
  19991 17711     5401.2353   218     5341.1362     5465.6009   378938    2.33%
Elapsed time = 176.13 sec. (108849.41 ticks, tree = 28.97 MB, solutions = 1)
  20873 18490     5374.9288   201     5341.1362     5464.5768   397332    2.31%
  21979 19475     5400.7724   401     5341.1362     5464.1132   414275    2.30%
  23155 20560     5386.1672   210     5341.1362     5463.5089   431668    2.29%
  23995 21303     5382.2481   239     5341.1362     5463.1345   450392    2.28%
  24870 22097        cutoff           5341.1362     5462.7641   467159    2.28%
  25552 22712     5407.9593   451     5341.1362     5462.2220   484754    2.27%
  26249 23333        cutoff           5341.1362     5462.0257   501092    2.26%
  27007 23990     5434.6891   436     5341.1362     5461.6096   519411    2.26%
  27873 24765     5357.1724   390     5341.1362     5461.3042   537090    2.25%
  28813 25619     5388.8310   194     5341.1362     5461.0237   556036    2.24%
Elapsed time = 237.03 sec. (147273.41 ticks, tree = 43.99 MB, solutions = 1)
  29672 26398     5394.6885   390     5341.1362     5460.6423   573835    2.24%
  30654 27328     5403.5201   296     5341.1362     5460.3904   591457    2.23%
  31578 28189     5349.0777   116     5341.1362     5460.1014   608507    2.23%
  32511 29065     5401.6381   412     5341.1362     5459.9337   625076    2.22%
  33275 29742     5368.1738   409     5341.1362     5459.7996   637937    2.22%
  34000 30401        cutoff           5341.1362     5459.5709   650937    2.22%
  34851 31166     5382.8780   364     5341.1362     5459.1509   668298    2.21%
  35863 32059        cutoff           5341.1362     5458.6480   687174    2.20%
  36903 32997     5441.8817   432     5341.1362     5458.2331   704905    2.19%
  37649 33637     5386.9989   312     5341.1362     5458.0497   724023    2.19%
Elapsed time = 296.87 sec. (185569.43 ticks, tree = 77.21 MB, solutions = 1)
  38486 34373     5355.7445   401     5341.1362     5457.8248   744266    2.18%
  39293 35069     5354.8013   198     5341.1362     5457.4652   762126    2.18%
  40142 35843     5398.7377   332     5341.1362     5457.2456   779141    2.17%
  41017 36653     5435.5719   336     5341.1362     5456.9694   795071    2.17%
  41735 37280     5371.2463   344     5341.1362     5456.6246   811372    2.16%
  42407 37854     5420.0381   332     5341.1362     5456.3249   828113    2.16%
  43457 38823     5373.5691   324     5341.1362     5456.0031   845874    2.15%
  44248 39516     5366.7533   397     5341.1362     5455.5820   865639    2.14%
  45220 40382     5426.6783   291     5341.1362     5455.1646   885104    2.13%
  46157 41220     5371.0896   153     5341.1362     5454.8882   904564    2.13%
Elapsed time = 357.50 sec. (223955.40 ticks, tree = 89.43 MB, solutions = 1)
  47235 42213     5434.6970   402     5341.1362     5454.5695   923784    2.12%
  48154 43046     5411.7319   397     5341.1362     5454.3038   941182    2.12%
  48937 43751     5349.5701   327     5341.1362     5454.1197   958217    2.12%
  49562 44296     5423.4539   360     5341.1362     5453.9318   974654    2.11%
  50500 45133     5372.9058   396     5341.1362     5453.7044   991208    2.11%
  51412 45945        cutoff           5341.1362     5453.5386  1007899    2.10%
  52214 46654        cutoff           5341.1362     5453.2423  1026854    2.10%
  53100 47429     5361.1377   251     5341.1362     5453.0065  1045839    2.09%
  53916 48141     5408.9340   391     5341.1362     5452.6813  1064348    2.09%
  54684 48815     5425.3305   348     5341.1362     5452.5387  1082544    2.09%
Elapsed time = 418.31 sec. (262351.00 ticks, tree = 101.68 MB, solutions = 1)
  55597 49619     5361.8479   359     5341.1362     5452.3737  1101300    2.08%
  56526 50451     5425.7168   450     5341.1362     5452.0945  1120346    2.08%
  57489 51333        cutoff           5341.1362     5451.9624  1138214    2.07%
  58222 51965     5358.2635   397     5341.1362     5451.7437  1156630    2.07%
  59008 52648     5367.0682   238     5341.1362     5451.4646  1173982    2.07%
  59887 53436     5371.1162   266     5341.1362     5451.2580  1191061    2.06%
  60918 54376     5356.7657   139     5341.1362     5451.0587  1207623    2.06%
  61787 55143     5357.8918   244     5341.1362     5450.8740  1225359    2.05%
  62761 56014     5369.3376   416     5341.1362     5450.7076  1245058    2.05%
  63587 56722     5403.5493   377     5341.1362     5450.5834  1263525    2.05%
Elapsed time = 479.57 sec. (300807.44 ticks, tree = 114.49 MB, solutions = 1)
  64504 57569        cutoff           5341.1362     5450.4013  1282517    2.05%
  65386 58357     5385.7108   254     5341.1362     5450.2592  1301060    2.04%
  66261 59139     5380.1329   196     5341.1362     5450.0629  1320892    2.04%
  67144 59876        cutoff           5341.1362     5449.8777  1340032    2.04%
  67878 60482     5381.7781   411     5341.1362     5449.7083  1357946    2.03%
  68821 61317     5359.1055   400     5341.1362     5449.4412  1376291    2.03%
  69647 62054     5386.7720   246     5341.1362     5449.2568  1393569    2.02%
  70560 62849     5430.1646   408     5341.1362     5449.0667  1411466    2.02%
  71321 63516     5345.6441   112     5341.1362     5448.8790  1428292    2.02%
  72277 64367     5360.7679   136     5341.1362     5448.6652  1446669    2.01%
Elapsed time = 541.55 sec. (339062.22 ticks, tree = 126.89 MB, solutions = 1)
  73138 65125     5355.9863   338     5341.1362     5448.5827  1464932    2.01%
  74031 65927        cutoff           5341.1362     5448.4795  1484987    2.01%
  74988 66758     5357.0189   121     5341.1362     5448.3274  1504089    2.01%
  75898 67535     5371.6358   420     5341.1362     5448.1755  1522762    2.00%
  76747 68285     5378.3095   216     5341.1362     5448.0190  1541232    2.00%
  77559 68977     5344.2219   125     5341.1362     5447.7511  1561551    2.00%
  78558 69853     5369.5508   227     5341.1362     5447.5953  1580121    1.99%
  79410 70611     5420.5611   402     5341.1362     5447.3632  1598557    1.99%
  80296 71389     5361.5764   249     5341.1362     5447.2068  1617305    1.99%
  80979 71963     5352.0566   135     5341.1362     5447.0321  1635356    1.98%
Elapsed time = 603.20 sec. (377322.30 ticks, tree = 144.02 MB, solutions = 1)
  81763 72641     5424.8255   405     5341.1362     5446.7395  1653848    1.98%
  82907 73700     5402.7267   261     5341.1362     5446.5647  1670990    1.97%
  84039 74725     5347.2041   211     5341.1362     5446.4086  1690255    1.97%
  84925 75494     5365.0055   218     5341.1362     5446.2746  1709018    1.97%
  85859 76324     5403.1350   323     5341.1362     5446.1428  1728087    1.97%
  86945 77305     5390.7999   364     5341.1362     5446.0089  1746892    1.96%
  87957 78241     5387.0949   307     5341.1362     5445.8784  1765188    1.96%
  88827 78988     5392.9255   431     5341.1362     5445.7154  1784557    1.96%
  89667 79731     5391.8513   301     5341.1362     5445.5598  1802443    1.96%
  90824 80774     5342.2064   166     5341.1362     5445.4687  1821289    1.95%
Elapsed time = 664.77 sec. (415531.55 ticks, tree = 158.32 MB, solutions = 1)
  91637 81492     5364.8536   200     5341.1362     5445.3381  1839046    1.95%
  92408 82158     5349.6344   329     5341.1362     5445.2387  1856932    1.95%
  93245 82899     5382.7711   435     5341.1362     5445.1348  1874516    1.95%
  94079 83616     5403.9339   378     5341.1362     5445.0332  1892866    1.95%
  94965 84387        cutoff           5341.1362     5444.8885  1911033    1.94%
  95854 85160     5404.9150   235     5341.1362     5444.8045  1928810    1.94%
  96645 85818     5348.4841   297     5341.1362     5444.6707  1948023    1.94%
  97431 86470     5426.4664   289     5341.1362     5444.4833  1965966    1.93%
  98486 87400     5412.0680   363     5341.1362     5444.3679  1984276    1.93%
  99467 88290     5359.9235   183     5341.1362     5444.2728  2003685    1.93%
Elapsed time = 727.46 sec. (453805.24 ticks, tree = 170.54 MB, solutions = 1)
 100505 89222     5342.4185   104     5341.1362     5444.1994  2022719    1.93%
 101548 90169     5360.0900   250     5341.1362     5444.0755  2041859    1.93%
 102525 91034     5388.0481   349     5341.1362     5444.0090  2061247    1.93%
 103566 91945     5416.6608   402     5341.1362     5443.9313  2080164    1.92%
 104489 92740     5413.9134   409     5341.1362     5443.7869  2099280    1.92%
 105423 93571     5349.5141   153     5341.1362     5443.7044  2116858    1.92%
 106410 94458     5401.7600   241     5341.1362     5443.5883  2134677    1.92%
 107450 95422     5351.3833   245     5341.1362     5443.4696  2152293    1.92%
 108255 96126     5367.3731   167     5341.1362     5443.2579  2169575    1.91%
 109042 96807     5379.9359   244     5341.1362     5443.1060  2187818    1.91%
Elapsed time = 789.02 sec. (492126.54 ticks, tree = 184.78 MB, solutions = 1)
 110160 97829     5386.6820   247     5341.1362     5443.0321  2205633    1.91%
 111122 98643     5417.1357   363     5341.1362     5442.9424  2224293    1.91%
 112188 99600     5349.7036   170     5341.1362     5442.8310  2243007    1.90%
 113118 100417     5377.0084   302     5341.1362     5442.7569  2261547    1.90%
 114154 101364     5370.8551   157     5341.1362     5442.6849  2280211    1.90%
 115140 102216     5374.0860   414     5341.1362     5442.5780  2299109    1.90%
 116100 103042     5397.1674   307     5341.1362     5442.4259  2318431    1.90%
 117159 103986     5347.4513   353     5341.1362     5442.3414  2337332    1.89%
 118196 104907     5357.1031   178     5341.1362     5442.2390  2355454    1.89%
 119059 105645     5399.6847   308     5341.1362     5442.1532  2373374    1.89%
Elapsed time = 850.33 sec. (530361.36 ticks, tree = 199.17 MB, solutions = 1)
 120360 106856     5376.1289   220     5341.1362     5442.0798  2391183    1.89%
 121295 107714     5342.6406    98     5341.1362     5441.9801  2410060    1.89%
 122285 108604     5397.0840   152     5341.1362     5441.9021  2428093    1.89%
 123398 109605     5343.9871   425     5341.1362     5441.8376  2445820    1.89%
 124460 110525     5379.8167   249     5341.1362     5441.7684  2463923    1.88%
 125302 111190     5357.6162   172     5341.1362     5441.6805  2481981    1.88%
 126177 111926        cutoff           5341.1362     5441.5811  2501782    1.88%
 127196 112873     5382.5113   189     5341.1362     5441.5151  2520560    1.88%
 128386 113960     5383.0841   156     5341.1362     5441.4201  2539966    1.88%
 129470 114926     5363.7985   393     5341.1362     5441.3177  2560679    1.88%
Elapsed time = 911.73 sec. (568850.36 ticks, tree = 214.27 MB, solutions = 1)
 130321 115665     5370.0683   250     5341.1362     5441.1954  2579814    1.87%
 131299 116507     5399.6855   242     5341.1362     5441.0996  2599649    1.87%
 132266 117336        cutoff           5341.1362     5441.0072  2619493    1.87%
 133107 118020     5365.2049   222     5341.1362     5440.8924  2638482    1.87%
 134186 118932     5415.5982   304     5341.1362     5440.7857  2656654    1.87%
 135084 119697     5420.0424   273     5341.1362     5440.6998  2675155    1.86%
 136067 120581     5393.2959   178     5341.1362     5440.6557  2692820    1.86%
 137280 121699     5357.5858   365     5341.1362     5440.6028  2710539    1.86%
 138300 122607     5397.8740   296     5341.1362     5440.5049  2728782    1.86%
 139496 123719        cutoff           5341.1362     5440.4321  2746679    1.86%
Elapsed time = 974.59 sec. (607023.79 ticks, tree = 228.57 MB, solutions = 1)
 140395 124482     5380.3013   219     5341.1362     5440.3521  2764560    1.86%
 141387 125319     5351.0371   414     5341.1362     5440.2404  2783681    1.86%
 142532 126333        cutoff           5341.1362     5440.1684  2803600    1.85%
 143580 127270     5343.9367   134     5341.1362     5440.0889  2822926    1.85%
 144623 128207     5411.7424   301     5341.1362     5440.0097  2841397    1.85%
 145732 129224     5401.2655   310     5341.1362     5439.9677  2859798    1.85%
 146739 130117     5371.5860   302     5341.1362     5439.8810  2878288    1.85%
 148024 131320     5420.2523   354     5341.1362     5439.7972  2897084    1.85%
 149210 132421     5349.6160   279     5341.1362     5439.7113  2915454    1.85%
 150312 133438     5351.3384   267     5341.1362     5439.6067  2933416    1.84%
Elapsed time = 1036.86 sec. (645264.50 ticks, tree = 246.07 MB, solutions = 1)
 151328 134299     5387.5881   332     5341.1362     5439.4930  2953146    1.84%
 152217 135023     5371.3529   204     5341.1362     5439.4064  2971980    1.84%
 153125 135796     5423.7895   424     5341.1362     5439.2915  2990191    1.84%
 154105 136662     5407.9408   404     5341.1362     5439.2179  3008695    1.84%
 155230 137633     5372.5516   127     5341.1362     5439.1573  3026592    1.84%
 156214 138486     5361.7530   215     5341.1362     5439.0674  3043754    1.83%
 157230 139377        cutoff           5341.1362     5438.9959  3062236    1.83%
 157857 139882     5343.0045   403     5341.1362     5438.9263  3080896    1.83%
 158755 140632        cutoff           5341.1362     5438.8491  3099261    1.83%
 159813 141581     5425.8904   285     5341.1362     5438.7669  3117417    1.83%
Elapsed time = 1098.01 sec. (683548.81 ticks, tree = 259.15 MB, solutions = 1)
 160922 142563     5404.6435   388     5341.1362     5438.7154  3135590    1.83%
 161796 143266        cutoff           5341.1362     5438.6439  3154975    1.83%
 162920 144292     5389.8019   329     5341.1362     5438.5755  3173106    1.82%
 163960 145211        cutoff           5341.1362     5438.5515  3191495    1.82%
 164920 146044     5342.3337   405     5341.1362     5438.4929  3211025    1.82%
 166134 147107     5351.6687   182     5341.1362     5438.4048  3230173    1.82%
 167193 148022     5371.6181   325     5341.1362     5438.3043  3248740    1.82%
 168067 148755     5358.5393   190     5341.1362     5438.1941  3267232    1.82%
 169081 149639     5347.9227   351     5341.1362     5438.1301  3286198    1.82%
 170095 150543     5378.6673   410     5341.1362     5438.0575  3303469    1.81%
Elapsed time = 1159.21 sec. (721814.39 ticks, tree = 273.53 MB, solutions = 1)
 171065 151391     5350.0527   346     5341.1362     5438.0181  3321828    1.81%
 171990 152183     5351.5183   121     5341.1362     5437.9454  3340059    1.81%
 173187 153238     5363.1996   396     5341.1362     5437.8507  3358767    1.81%
 174385 154295        cutoff           5341.1362     5437.7820  3376506    1.81%
 175425 155177     5374.7750   143     5341.1362     5437.6667  3395816    1.81%
 176396 156036     5373.4058   237     5341.1362     5437.6230  3414132    1.81%
 177516 157038     5393.4597   253     5341.1362     5437.5307  3433244    1.80%
 178456 157828     5356.6085   225     5341.1362     5437.4504  3453334    1.80%
 179315 158576     5385.8294   282     5341.1362     5437.3552  3471548    1.80%
 180364 159511     5398.3722   234     5341.1362     5437.3079  3489196    1.80%
Elapsed time = 1221.87 sec. (760052.22 ticks, tree = 289.27 MB, solutions = 1)
 181402 160439     5406.5634   328     5341.1362     5437.2471  3508463    1.80%
 182406 161318     5386.5304   270     5341.1362     5437.1679  3527807    1.80%
 183395 162170     5410.9419   285     5341.1362     5437.0992  3546834    1.80%
 184472 163149     5394.8645   282     5341.1362     5437.0542  3564863    1.80%
 185577 164153     5409.1352   409     5341.1362     5436.9931  3583679    1.79%
 186524 164964     5364.1179   230     5341.1362     5436.9234  3603018    1.79%
 187644 165968        cutoff           5341.1362     5436.8806  3620580    1.79%
 188474 166695     5387.0625   289     5341.1362     5436.8153  3637797    1.79%
 189498 167610     5341.9864   181     5341.1362     5436.7487  3655859    1.79%
 190438 168444     5352.4541   227     5341.1362     5436.6850  3675491    1.79%
Elapsed time = 1283.33 sec. (798334.67 ticks, tree = 303.80 MB, solutions = 1)
 191467 169313     5352.1324   112     5341.1362     5436.5931  3693963    1.79%
 192421 170126     5392.4357   258     5341.1362     5436.5067  3712386    1.79%
 193464 171030     5415.6786   396     5341.1362     5436.4438  3730352    1.78%
 194532 171987     5386.8873   220     5341.1362     5436.4027  3747300    1.78%
 195648 172981     5416.6237   312     5341.1362     5436.3401  3766043    1.78%
 196728 173951     5343.5948   128     5341.1362     5436.2744  3784993    1.78%
 197783 174847     5353.7682   403     5341.1362     5436.1617  3804081    1.78%
 198790 175734     5373.1733   213     5341.1362     5436.0969  3823097    1.78%
 199859 176649     5374.9091   420     5341.1362     5436.0179  3841230    1.78%
 201014 177713     5381.4393   190     5341.1362     5435.9704  3860365    1.78%
Elapsed time = 1344.58 sec. (836571.49 ticks, tree = 318.96 MB, solutions = 1)
 202061 178638     5373.5326   305     5341.1362     5435.9347  3879352    1.77%
 203149 179597     5347.6627   228     5341.1362     5435.8877  3898297    1.77%
 204123 180475     5396.0623   297     5341.1362     5435.8453  3916543    1.77%
 205325 181569     5391.6411   222     5341.1362     5435.7796  3935444    1.77%
 206248 182363        cutoff           5341.1362     5435.7313  3955196    1.77%
 207385 183377     5389.1713   338     5341.1362     5435.6358  3973333    1.77%
 208308 184178     5372.4355   416     5341.1362     5435.5814  3991076    1.77%
 209311 185043     5381.1753   271     5341.1362     5435.5357  4008753    1.77%
 210310 185912     5416.6196   381     5341.1362     5435.4998  4026585    1.77%
 211327 186803     5369.3956   281     5341.1362     5435.4568  4044621    1.77%
Elapsed time = 1405.70 sec. (874800.65 ticks, tree = 333.80 MB, solutions = 1)
 212474 187829     5349.0393   188     5341.1362     5435.4155  4062122    1.77%
 213428 188644     5361.8888   290     5341.1362     5435.3251  4080352    1.76%
 214345 189409     5389.2161   320     5341.1362     5435.2668  4098343    1.76%
 215467 190409     5351.8640   172     5341.1362     5435.2121  4116907    1.76%
 216566 191380     5420.3265   381     5341.1362     5435.1788  4135158    1.76%
 217619 192313     5370.0074   359     5341.1362     5435.1242  4153200    1.76%
 218531 193072     5346.0798   337     5341.1362     5435.0356  4172651    1.76%
 219587 193991     5359.2935   319     5341.1362     5434.9586  4192487    1.76%
 220582 194822     5356.1288   202     5341.1362     5434.8968  4211196    1.76%
 221658 195754     5410.6864   288     5341.1362     5434.8082  4230534    1.75%
Elapsed time = 1468.11 sec. (913076.79 ticks, tree = 349.69 MB, solutions = 1)
 222595 196560     5370.6567   237     5341.1362     5434.7394  4249730    1.75%
 223579 197445     5407.3601   366     5341.1362     5434.6881  4269058    1.75%
 224617 198348     5416.0897   277     5341.1362     5434.6547  4287921    1.75%
 225828 199431     5362.5332   285     5341.1362     5434.6119  4306663    1.75%
 226922 200417     5361.7523   278     5341.1362     5434.5763  4324596    1.75%
 227748 201076     5350.7975   201     5341.1362     5434.5193  4343670    1.75%
 228708 201930     5366.6746   409     5341.1362     5434.4672  4362050    1.75%
 229731 202817     5359.6354   223     5341.1362     5434.4051  4380163    1.75%
 230687 203640     5361.4822   235     5341.1362     5434.3489  4398078    1.75%
 231595 204386     5366.6800   244     5341.1362     5434.2615  4416129    1.74%
Elapsed time = 1530.83 sec. (951352.59 ticks, tree = 363.86 MB, solutions = 1)
 232672 205338     5346.4217   264     5341.1362     5434.2232  4433949    1.74%
 233803 206336     5391.9486   270     5341.1362     5434.1566  4451647    1.74%
 234884 207312     5367.3011   252     5341.1362     5434.1055  4469263    1.74%
 235710 207933     5356.8216   234     5341.1362     5434.0452  4488815    1.74%
 236567 208625     5355.7214   258     5341.1362     5434.0016  4507518    1.74%
 237558 209476     5350.1383   216     5341.1362     5433.9491  4525495    1.74%
 238557 210334     5407.0224   312     5341.1362     5433.8973  4544174    1.74%
 239699 211369     5341.8379   344     5341.1362     5433.8351  4562843    1.74%
 240686 212221     5413.1357   292     5341.1362     5433.7805  4581692    1.73%
 241859 213264     5351.1630   144     5341.1362     5433.7046  4601024    1.73%
Elapsed time = 1593.13 sec. (989562.58 ticks, tree = 378.43 MB, solutions = 1)
 242974 214236     5341.9181   153     5341.1362     5433.6298  4619571    1.73%
 243858 215009     5384.3697   344     5341.1362     5433.5663  4638350    1.73%
 244869 215896     5384.7973   323     5341.1362     5433.5086  4656963    1.73%
 245906 216793     5392.5750   274     5341.1362     5433.4493  4676743    1.73%
 246966 217735     5391.8616   253     5341.1362     5433.4009  4695736    1.73%
 248050 218661     5413.3977   344     5341.1362     5433.3365  4714668    1.73%
 249104 219625     5428.5876   438     5341.1362     5433.2994  4732738    1.73%
 250177 220607     5352.7567   394     5341.1362     5433.2419  4749910    1.72%
 251255 221562     5370.8207   212     5341.1362     5433.2034  4768463    1.72%
 252203 222386     5361.8447   273     5341.1362     5433.1506  4786779    1.72%
Elapsed time = 1653.88 sec. (1027744.18 ticks, tree = 393.33 MB, solutions = 1)
 253152 223196     5365.3963   417     5341.1362     5433.0643  4805038    1.72%
 254147 224066     5385.8287   399     5341.1362     5433.0029  4822914    1.72%
 255124 224877     5403.5994   386     5341.1362     5432.9443  4840764    1.72%
 256131 225757     5354.6976   317     5341.1362     5432.8792  4859370    1.72%
 257032 226504     5370.7342   283     5341.1362     5432.8210  4878706    1.72%
 258072 227422        cutoff           5341.1362     5432.7742  4897857    1.72%
 259071 228299     5368.2071   199     5341.1362     5432.7020  4916116    1.71%
 260217 229316     5411.6982   323     5341.1362     5432.6494  4934713    1.71%
 261327 230287     5380.4419   205     5341.1362     5432.5780  4954074    1.71%
 262453 231278     5341.3210    65     5341.1362     5432.5003  4972557    1.71%
Elapsed time = 1714.07 sec. (1066033.03 ticks, tree = 409.40 MB, solutions = 1)
 263534 232221     5385.7988   243     5341.1362     5432.4453  4991525    1.71%
 264613 233197     5375.6142   276     5341.1362     5432.4082  5009771    1.71%
 265776 234232     5391.0783   238     5341.1362     5432.3323  5029080    1.71%
 266828 235150     5346.3207   206     5341.1362     5432.2846  5048342    1.71%
 267902 236095     5396.4983   323     5341.1362     5432.2376  5067593    1.71%
 268917 236964     5375.2752   275     5341.1362     5432.1732  5086339    1.70%
 270175 238091     5364.0893   229     5341.1362     5432.1445  5105318    1.70%
 271184 238964     5367.8970   264     5341.1362     5432.1013  5124153    1.70%
 272170 239805     5392.5696   397     5341.1362     5432.0584  5142584    1.70%
 273240 240755     5397.1684   240     5341.1362     5432.0202  5161500    1.70%
Elapsed time = 1777.27 sec. (1104244.51 ticks, tree = 424.98 MB, solutions = 1)
 274244 241615     5385.1934   287     5341.1362     5431.9622  5179171    1.70%
 275339 242569     5374.9197   185     5341.1362     5431.8933  5197660    1.70%
 276372 243489     5395.3492   289     5341.1362     5431.8485  5216077    1.70%
 277467 244450     5402.9655   303     5341.1362     5431.7906  5234169    1.70%
 278389 245254     5387.0339   274     5341.1362     5431.7333  5252382    1.70%
 279566 246304     5372.0055   317     5341.1362     5431.6794  5270428    1.70%
 280758 247355     5386.2710   311     5341.1362     5431.6380  5289658    1.69%
 281619 248087     5412.7334   393     5341.1362     5431.5778  5308760    1.69%
 282635 248959     5394.7386   397     5341.1362     5431.5316  5328581    1.69%
 283648 249861     5387.4220   155     5341.1362     5431.4855  5347476    1.69%
Elapsed time = 1839.64 sec. (1142524.66 ticks, tree = 439.96 MB, solutions = 1)
 284737 250825     5415.5915   330     5341.1362     5431.4125  5366712    1.69%
 285851 251820     5363.9303   207     5341.1362     5431.3595  5385538    1.69%
 286725 252545        cutoff           5341.1362     5431.2957  5404507    1.69%
 287820 253521     5369.6160   202     5341.1362     5431.2701  5423628    1.69%
 288887 254480     5376.5591   271     5341.1362     5431.2229  5442931    1.69%
 289810 255257     5355.6923   191     5341.1362     5431.1478  5461932    1.69%
 290933 256241     5371.2172   419     5341.1362     5431.0865  5481818    1.68%
 291989 257182     5370.8170   198     5341.1362     5431.0482  5500609    1.68%
 292867 257931     5389.4782   261     5341.1362     5431.0014  5519458    1.68%
 293978 258917        cutoff           5341.1362     5430.9574  5537588    1.68%
Elapsed time = 1900.87 sec. (1180702.43 ticks, tree = 454.87 MB, solutions = 1)
 294995 259813     5383.6949   329     5341.1362     5430.9063  5555765    1.68%
 295937 260613     5389.8945   243     5341.1362     5430.8347  5573745    1.68%
 296915 261470        cutoff           5341.1362     5430.7702  5591457    1.68%
 297842 262254     5348.1524   219     5341.1362     5430.7080  5611187    1.68%
 298889 263170     5384.0796   195     5341.1362     5430.6295  5629582    1.68%
 299713 263876     5331.3856   416     5341.1362     5430.5759  5646402    1.67%
 300712 264734     5404.7677   292     5341.1362     5430.5005  5664291    1.67%
 301647 265525     5366.5723   241     5341.1362     5430.4309  5682968    1.67%
 302865 266629     5358.0160   134     5341.1362     5430.3632  5701542    1.67%
 303975 267596     5378.2023   283     5341.1362     5430.2942  5719770    1.67%
Elapsed time = 1962.30 sec. (1218902.50 ticks, tree = 469.10 MB, solutions = 1)
 305127 268591     5346.8685   128     5341.1362     5430.2307  5738025    1.67%
 306357 269700     5348.0802   102     5341.1362     5430.2051  5757221    1.67%
 307341 270565     5345.7015   255     5341.1362     5430.1505  5777154    1.67%
 308429 271521     5379.4091   398     5341.1362     5430.1090  5796491    1.67%
 309467 272413     5368.5785   165     5341.1362     5430.0548  5815350    1.66%
 310663 273470     5361.1434   198     5341.1362     5429.9896  5834980    1.66%
 311804 274504     5349.6509   386     5341.1362     5429.9449  5853562    1.66%
 312834 275397     5366.9672   342     5341.1362     5429.8882  5872967    1.66%
 313921 276349     5351.5408   143     5341.1362     5429.8198  5891452    1.66%
 315114 277409     5369.6484   264     5341.1362     5429.7766  5910876    1.66%
Elapsed time = 2023.11 sec. (1257140.63 ticks, tree = 487.14 MB, solutions = 1)
 316211 278349     5377.6710   326     5341.1362     5429.7220  5930311    1.66%
 317124 279137     5397.1242   370     5341.1362     5429.6678  5949255    1.66%
 318133 280004     5345.1805   350     5341.1362     5429.5931  5968203    1.66%
 319293 281026     5383.1975   262     5341.1362     5429.5586  5987022    1.66%
 320346 281975     5400.7934   390     5341.1362     5429.5118  6005449    1.65%
 321335 282855     5342.4872   203     5341.1362     5429.4638  6023582    1.65%
 322430 283835     5390.8667   308     5341.1362     5429.4375  6042505    1.65%
 323488 284743     5419.8612   293     5341.1362     5429.3960  6060570    1.65%
 324628 285738     5388.0288   195     5341.1362     5429.3297  6078237    1.65%
 325583 286561        cutoff           5341.1362     5429.2802  6096549    1.65%
Elapsed time = 2086.21 sec. (1295412.46 ticks, tree = 502.13 MB, solutions = 1)
 326647 287492     5388.7595   253     5341.1362     5429.2508  6114752    1.65%
 327771 288483     5345.5849   213     5341.1362     5429.2085  6133529    1.65%
 328960 289512     5368.2459   206     5341.1362     5429.1382  6152895    1.65%
 329810 290232     5401.6344   341     5341.1362     5429.0897  6172338    1.65%
 331113 291396     5402.5858   265     5341.1362     5429.0489  6191734    1.65%
 332121 292275     5388.7885   257     5341.1362     5429.0009  6211074    1.65%
 333235 293254        cutoff           5341.1362     5428.9817  6230297    1.64%
 334231 294096     5399.0640   253     5341.1362     5428.9156  6249725    1.64%
 335267 294958     5346.9307    97     5341.1362     5428.8696  6268763    1.64%
 336446 295996     5411.3591   397     5341.1362     5428.8213  6288030    1.64%
Elapsed time = 2150.11 sec. (1333643.92 ticks, tree = 517.67 MB, solutions = 1)
 337659 297076     5397.4261   236     5341.1362     5428.7733  6306664    1.64%
 338794 298046        cutoff           5341.1362     5428.7201  6326279    1.64%
 339950 299080     5387.8188   400     5341.1362     5428.6664  6344865    1.64%
 340989 299953        cutoff           5341.1362     5428.6125  6364254    1.64%
 341978 300827     5367.9279   385     5341.1362     5428.5683  6383820    1.64%
 343029 301743     5388.7148   306     5341.1362     5428.5195  6402337    1.64%
 344183 302744     5413.6724   371     5341.1362     5428.4777  6420953    1.64%
 345349 303782     5403.4555   259     5341.1362     5428.4327  6439939    1.63%
 346474 304753     5371.7358   302     5341.1362     5428.3812  6458172    1.63%
 347471 305605     5353.7898   249     5341.1362     5428.3333  6476466    1.63%
Elapsed time = 2216.28 sec. (1371857.61 ticks, tree = 533.41 MB, solutions = 1)
 348584 306585     5383.9116   250     5341.1362     5428.2638  6494691    1.63%
 349626 307513     5382.1752   263     5341.1362     5428.2269  6513481    1.63%
 350748 308507     5381.6521   211     5341.1362     5428.1760  6531694    1.63%
 351679 309274     5404.8344   315     5341.1362     5428.1312  6549788    1.63%
 352778 310244     5365.8717   273     5341.1362     5428.0769  6568611    1.63%
 353902 311230     5396.8096   285     5341.1362     5428.0331  6587694    1.63%
 354929 312073     5388.4959   272     5341.1362     5427.9652  6606934    1.63%
 355975 313012     5406.6249   390     5341.1362     5427.9326  6626203    1.63%
 357111 314013     5395.9930   341     5341.1362     5427.9074  6645808    1.62%
 358273 315046     5343.7647   250     5341.1362     5427.8648  6665216    1.62%
Elapsed time = 2277.39 sec. (1410084.27 ticks, tree = 548.81 MB, solutions = 1)
 359382 316031        cutoff           5341.1362     5427.8384  6684252    1.62%
 360363 316869     5397.2436   280     5341.1362     5427.7735  6703442    1.62%
 361564 317929     5379.4311   231     5341.1362     5427.7221  6723043    1.62%
 362724 318980     5400.6429   352     5341.1362     5427.6930  6741968    1.62%
 363903 320019     5360.5287   161     5341.1362     5427.6425  6760982    1.62%
 365000 320970     5401.4615   289     5341.1362     5427.5813  6780403    1.62%
 366227 322067     5382.8467   313     5341.1362     5427.5410  6800403    1.62%
 367267 322967     5350.0741   266     5341.1362     5427.4770  6819029    1.62%
 368483 324053     5360.1915   278     5341.1362     5427.4470  6838736    1.62%
 369439 324866     5402.3617   370     5341.1362     5427.4156  6857087    1.62%
Elapsed time = 2338.21 sec. (1448326.64 ticks, tree = 564.92 MB, solutions = 1)
 370482 325757        cutoff           5341.1362     5427.3869  6876566    1.61%
 371392 326507     5376.5364   237     5341.1362     5427.3378  6894837    1.61%
 372280 327264     5388.5226   266     5341.1362     5427.2809  6914556    1.61%
 373446 328318     5358.4542   306     5341.1362     5427.2512  6932625    1.61%
 374526 329255     5370.8777   172     5341.1362     5427.1783  6950907    1.61%
 375636 330260     5353.4763   398     5341.1362     5427.1440  6970013    1.61%
 376801 331330     5393.2462   327     5341.1362     5427.1124  6987816    1.61%
 377792 332105     5386.8705   274     5341.1362     5427.0622  7006142    1.61%
 378867 333033     5346.7012   287     5341.1362     5427.0113  7024375    1.61%
 380025 334018     5353.4105   123     5341.1362     5426.9676  7042931    1.61%
Elapsed time = 2399.58 sec. (1486537.69 ticks, tree = 582.20 MB, solutions = 1)
 380949 334772     5343.8855   324     5341.1362     5426.9088  7061837    1.61%
 382005 335661     5345.8833    91     5341.1362     5426.8680  7081705    1.61%
 383154 336679     5387.2516   335     5341.1362     5426.8040  7101341    1.60%
 384305 337667     5396.0229   315     5341.1362     5426.7469  7120874    1.60%
 385456 338665     5357.2143   206     5341.1362     5426.6928  7142709    1.60%
 386506 339582     5408.1173   342     5341.1362     5426.6560  7165087    1.60%
 387636 340547     5354.1218   274     5341.1362     5426.6237  7184448    1.60%
 388867 341646     5389.3555   249     5341.1362     5426.5990  7203077    1.60%
 390043 342663        cutoff           5341.1362     5426.5505  7222787    1.60%
 391095 343534     5402.6088   269     5341.1362     5426.4950  7242214    1.60%
Elapsed time = 2461.01 sec. (1524834.29 ticks, tree = 597.86 MB, solutions = 1)
 392168 344454     5377.6684   283     5341.1362     5426.4516  7261336    1.60%
 393277 345410     5376.5697   277     5341.1362     5426.3983  7280369    1.60%
 394420 346379     5384.2029   180     5341.1362     5426.3625  7299343    1.60%
 395529 347339     5359.7238   128     5341.1362     5426.2951  7319121    1.59%
 396712 348411     5359.3849   235     5341.1362     5426.2781  7337327    1.59%
 397804 349353     5381.2856   323     5341.1362     5426.2489  7356425    1.59%
 398733 350113     5362.7237   201     5341.1362     5426.2135  7374597    1.59%
 399692 350905     5397.4497   393     5341.1362     5426.1514  7393756    1.59%
 400962 352069     5342.4376   218     5341.1362     5426.1139  7411335    1.59%
 402031 352969     5382.2494   173     5341.1362     5426.0696  7430648    1.59%
Elapsed time = 2523.74 sec. (1563057.63 ticks, tree = 613.35 MB, solutions = 1)
 403183 354004     5378.0732   207     5341.1362     5426.0387  7448040    1.59%
 404197 354865     5359.7494   229     5341.1362     5425.9943  7466442    1.59%
 405225 355739     5377.7378   254     5341.1362     5425.9588  7484633    1.59%
 406234 356623     5354.1250   192     5341.1362     5425.9226  7503400    1.59%
 407225 357416     5381.5693   239     5341.1362     5425.8626  7522756    1.59%
 408378 358395     5410.1974   326     5341.1362     5425.8092  7541714    1.59%
 409467 359327     5353.1973   191     5341.1362     5425.7640  7560480    1.58%
 410689 360415     5353.2597   111     5341.1362     5425.7161  7579410    1.58%
 411667 361205     5342.3738   164     5341.1362     5425.6681  7598522    1.58%
 412664 362034     5345.8535   253     5341.1362     5425.6169  7617929    1.58%
Elapsed time = 2585.42 sec. (1601278.70 ticks, tree = 628.23 MB, solutions = 1)
 413659 362836        cutoff           5341.1362     5425.5596  7637199    1.58%
 414677 363719     5359.7478   119     5341.1362     5425.5214  7656088    1.58%
 415735 364642     5351.6822   192     5341.1362     5425.4940  7674122    1.58%
 416814 365545     5382.4197   231     5341.1362     5425.4633  7693419    1.58%
 417922 366529     5394.6997   349     5341.1362     5425.4376  7712615    1.58%
 418921 367405     5388.4057   321     5341.1362     5425.4116  7731198    1.58%
 420039 368344     5416.0110   286     5341.1362     5425.3815  7750132    1.58%
 421153 369321     5353.5573   204     5341.1362     5425.3296  7769995    1.58%
 422044 370049     5379.6637   293     5341.1362     5425.2821  7790064    1.58%
 423136 370986     5374.2117   301     5341.1362     5425.2542  7809318    1.57%
Elapsed time = 2648.69 sec. (1639536.73 ticks, tree = 642.88 MB, solutions = 1)
 424263 371991     5417.3021   297     5341.1362     5425.2239  7828513    1.57%
 425423 373032     5345.5988   251     5341.1362     5425.2022  7846610    1.57%
 426471 373935     5350.9166   308     5341.1362     5425.1551  7864986    1.57%
 427467 374783     5345.7545   179     5341.1362     5425.1254  7882726    1.57%
 428591 375736     5351.3505   140     5341.1362     5425.0852  7901376    1.57%
 429713 376724     5345.3155   293     5341.1362     5425.0525  7920898    1.57%
 430724 377608     5356.9841   238     5341.1362     5425.0228  7939004    1.57%
 431722 378443     5383.4323   193     5341.1362     5424.9925  7958477    1.57%
 432876 379436     5380.5325   353     5341.1362     5424.9627  7977172    1.57%
 434030 380458     5386.7841   385     5341.1362     5424.9226  7995665    1.57%
Elapsed time = 2710.47 sec. (1677807.24 ticks, tree = 658.49 MB, solutions = 1)
 435067 381343     5342.7484   287     5341.1362     5424.8781  8014462    1.57%
 436135 382269     5371.8923   259     5341.1362     5424.8380  8032925    1.57%
 437207 383158        cutoff           5341.1362     5424.7705  8052628    1.57%
 438200 384000        cutoff           5341.1362     5424.7413  8072218    1.57%
 439255 384921     5386.1751   210     5341.1362     5424.7076  8091224    1.56%
 440467 385972     5399.7663   214     5341.1362     5424.6701  8110666    1.56%
 441482 386833     5372.2924   202     5341.1362     5424.6389  8130470    1.56%
 442575 387750     5347.7972   256     5341.1362     5424.6002  8149512    1.56%
 443826 388841     5406.7988   322     5341.1362     5424.5569  8168542    1.56%
 445012 389902     5378.3274   285     5341.1362     5424.5364  8187556    1.56%
Elapsed time = 2773.22 sec. (1716031.96 ticks, tree = 674.06 MB, solutions = 1)
 446139 390898     5365.9411   308     5341.1362     5424.5106  8206221    1.56%
 447278 391926     5377.0354   275     5341.1362     5424.4824  8224330    1.56%
 448465 392951     5390.4817   265     5341.1362     5424.4587  8243527    1.56%
 449564 393892     5381.3860   209     5341.1362     5424.4200  8262648    1.56%
 450596 394763     5359.2902   280     5341.1362     5424.3801  8281652    1.56%
 451583 395587     5410.7238   295     5341.1362     5424.3489  8301231    1.56%
 452459 396310     5399.8779   304     5341.1362     5424.3137  8320896    1.56%
 453525 397238     5384.6365   257     5341.1362     5424.2846  8339249    1.56%
 454687 398258     5409.3497   235     5341.1362     5424.2410  8357490    1.56%
 455692 399129     5364.6485   234     5341.1362     5424.2077  8375650    1.56%
Elapsed time = 2834.76 sec. (1754247.21 ticks, tree = 691.99 MB, solutions = 1)
 456651 399925     5357.5915   378     5341.1362     5424.1760  8394411    1.55%
 457693 400801     5362.9715   337     5341.1362     5424.1388  8413182    1.55%
 458951 401940     5356.3458   382     5341.1362     5424.1077  8431913    1.55%
 459934 402762     5382.5251   310     5341.1362     5424.0676  8449942    1.55%
 461142 403840     5376.7182   266     5341.1362     5424.0343  8468323    1.55%
 462076 404599     5343.9736   242     5341.1362     5423.9969  8487580    1.55%
 463164 405522        cutoff           5341.1362     5423.9614  8505535    1.55%
 464247 406456     5349.0928   248     5341.1362     5423.9359  8523518    1.55%
 465228 407296     5359.7843   235     5341.1362     5423.9089  8541483    1.55%
 466200 408089     5375.5866   275     5341.1362     5423.8851  8559755    1.55%
Elapsed time = 2896.97 sec. (1792553.40 ticks, tree = 706.74 MB, solutions = 1)
 467333 409075        cutoff           5341.1362     5423.8577  8577839    1.55%
 468415 410002     5382.4358   256     5341.1362     5423.8236  8597131    1.55%
 469401 410815     5380.3975   231     5341.1362     5423.7895  8616175    1.55%
 470504 411778     5372.9764   216     5341.1362     5423.7555  8635706    1.55%
 471483 412582     5346.1405   195     5341.1362     5423.7312  8655576    1.55%
 472520 413471        cutoff           5341.1362     5423.7073  8674355    1.55%
 473604 414424     5378.3301   318     5341.1362     5423.6844  8694035    1.55%
 474710 415366     5361.2566   312     5341.1362     5423.6607  8712962    1.55%
 475531 416041     5372.6921   288     5341.1362     5423.6430  8732729    1.54%
 476697 417047     5366.4583   223     5341.1362     5423.6041  8751533    1.54%
Elapsed time = 2959.70 sec. (1830796.44 ticks, tree = 721.51 MB, solutions = 1)
 477823 418031        cutoff           5341.1362     5423.5600  8770327    1.54%
 478807 418804     5406.4128   230     5341.1362     5423.5291  8789458    1.54%
 479929 419773     5342.4536   286     5341.1362     5423.4902  8808244    1.54%
 481002 420654        cutoff           5341.1362     5423.4575  8827436    1.54%
 482080 421599     5357.4666   329     5341.1362     5423.4210  8846465    1.54%
 483130 422516     5349.9471   146     5341.1362     5423.3975  8865260    1.54%
 484232 423491     5361.8638   162     5341.1362     5423.3710  8883877    1.54%
 485316 424438     5405.8747   321     5341.1362     5423.3387  8901882    1.54%
 486279 425226     5374.4853   301     5341.1362     5423.3038  8921459    1.54%
 487321 426094        cutoff           5341.1362     5423.2793  8939296    1.54%
Elapsed time = 3022.40 sec. (1869032.05 ticks, tree = 736.45 MB, solutions = 1)
 488303 426872     5345.6779   281     5341.1362     5423.2404  8957373    1.54%
 489438 427900     5382.1200   261     5341.1362     5423.2177  8975923    1.54%
 490416 428709     5361.4454   295     5341.1362     5423.1858  8994401    1.54%
 491682 429849     5353.1116   161     5341.1362     5423.1553  9012627    1.54%
 492724 430725     5388.5222   292     5341.1362     5423.1312  9031433    1.54%
 493692 431559     5343.3485   109     5341.1362     5423.1035  9049142    1.53%
 494718 432428     5382.2374   169     5341.1362     5423.0832  9068444    1.53%
 495847 433393     5399.4174   265     5341.1362     5423.0543  9087978    1.53%
 497067 434482     5357.3132   148     5341.1362     5423.0271  9107403    1.53%
 498067 435333     5360.5934   366     5341.1362     5422.9996  9125958    1.53%
Elapsed time = 3082.37 sec. (1907251.35 ticks, tree = 751.67 MB, solutions = 1)
 499122 436226     5381.9043   172     5341.1362     5422.9792  9145038    1.53%
 500257 437201     5377.9302   204     5341.1362     5422.9492  9164310    1.53%
 501327 438130     5378.8349   197     5341.1362     5422.9229  9183927    1.53%
 502368 439043     5345.6649   254     5341.1362     5422.8900  9202604    1.53%
 503650 440163     5364.0432   327     5341.1362     5422.8604  9221664    1.53%
 504715 441064     5373.7986   209     5341.1362     5422.8351  9240399    1.53%
 505863 442052     5353.5623   264     5341.1362     5422.8117  9259444    1.53%
 506972 443005     5412.1248   308     5341.1362     5422.7744  9279120    1.53%
 508018 443910     5370.9416   259     5341.1362     5422.7531  9298809    1.53%
 509147 444922     5382.1296   300     5341.1362     5422.7284  9317745    1.53%
Elapsed time = 3143.29 sec. (1945428.36 ticks, tree = 767.48 MB, solutions = 1)
 510222 445831     5391.3230   224     5341.1362     5422.6919  9337452    1.53%
 511396 446876     5375.5995   298     5341.1362     5422.6516  9356236    1.53%
 512301 447615     5343.8080   305     5341.1362     5422.6245  9375509    1.53%
 513259 448400     5373.2137   200     5341.1362     5422.5871  9393054    1.52%
 514375 449378     5415.1219   308     5341.1362     5422.5728  9412004    1.52%
 515482 450315     5381.0913   282     5341.1362     5422.5491  9430393    1.52%
 516435 451120     5378.3396   234     5341.1362     5422.5084  9449361    1.52%
 517475 451991     5395.4438   314     5341.1362     5422.4800  9468876    1.52%
 518567 452910     5414.2252   283     5341.1362     5422.4494  9487155    1.52%
 519640 453815     5367.5925   270     5341.1362     5422.4288  9506218    1.52%
Elapsed time = 3204.29 sec. (1983717.21 ticks, tree = 782.06 MB, solutions = 1)
 520894 454928     5369.3241   282     5341.1362     5422.3962  9524090    1.52%
 521946 455801     5382.0538   252     5341.1362     5422.3711  9542914    1.52%
 522924 456657     5351.8128   112     5341.1362     5422.3437  9560765    1.52%
 524008 457589     5408.3516   297     5341.1362     5422.3077  9578825    1.52%
 525000 458445     5410.8169   272     5341.1362     5422.2828  9596077    1.52%
 526133 459461     5376.6989   207     5341.1362     5422.2635  9614583    1.52%
 526767 460021     5348.8760   240     5341.1362     5422.2475  9624754    1.52%
 527067 460261     5385.2004   209     5341.1362     5422.2420  9630413    1.52%
 527367 460506     5345.0932   200     5341.1362     5422.2334  9636848    1.52%
 527867 460910     5354.1375   220     5341.1362     5422.2136  9646636    1.52%
Elapsed time = 3275.90 sec. (2029286.73 ticks, tree = 793.73 MB, solutions = 1)
 528067 461084     5398.2011   172     5341.1362     5422.2109  9649347    1.52%
 528167 461178     5392.9057   235     5341.1362     5422.2107  9650401    1.52%
 528267 461258     5390.5501   275     5341.1362     5422.2079  9652132    1.52%
 528467 461430     5362.2739   245     5341.1362     5422.2067  9657207    1.52%
 528567 461522     5391.5555   218     5341.1362     5422.2058  9658344    1.52%
 528667 461615     5397.2168   231     5341.1362     5422.2050  9659477    1.52%
 528767 461708     5351.8449   185     5341.1362     5422.2045  9660686    1.52%
 528967 461894     5365.3689   148     5341.1362     5422.2033  9663215    1.52%
 529167 462073     5350.6735   226     5341.1362     5422.1998  9666822    1.52%
 529267 462164     5367.9771   165     5341.1362     5422.1995  9667932    1.52%
Elapsed time = 3372.73 sec. (2089168.12 ticks, tree = 795.80 MB, solutions = 1)
 529367 462240     5401.4778   296     5341.1362     5422.1931  9670314    1.52%
 529567 462431     5361.6307   124     5341.1362     5422.1919  9673133    1.52%
 529667 462520     5350.8709   256     5341.1362     5422.1894  9675016    1.52%
 529967 462782     5384.3840   198     5341.1362     5422.1774  9680285    1.52%
 530167 462967     5369.5758   201     5341.1362     5422.1744  9682868    1.52%
 530667 463390     5366.5344   272     5341.1362     5422.1617  9692933    1.52%
 530867 463543     5386.3456   220     5341.1362     5422.1486  9697384    1.52%
 531367 463996     5354.6401   267     5341.1362     5422.1364  9705376    1.52%
 531767 464364     5385.6347   249     5341.1362     5422.1339  9711373    1.52%
 532167 464706     5399.5332   283     5341.1362     5422.1304  9718424    1.52%
Elapsed time = 3466.28 sec. (2150768.52 ticks, tree = 799.99 MB, solutions = 1)
 532367 464870     5382.7546   285     5341.1362     5422.1211  9722626    1.52%
 532667 465117     5359.9229   179     5341.1362     5422.1035  9728899    1.52%
 533367 465701     5351.9763   187     5341.1362     5422.0729  9740158    1.52%
 533967 466210     5368.2207   247     5341.1362     5422.0638  9751049    1.52%
 534267 466448     5343.2360   120     5341.1362     5422.0545  9756119    1.52%
 534467 466601     5352.5340   292     5341.1362     5422.0499  9760907    1.51%
 534982 467038     5349.6291   233     5341.1362     5422.0357  9770568    1.51%
 535398 467400     5349.5568    86     5341.1362     5422.0254  9777790    1.51%
 535817 467755     5384.8835   306     5341.1362     5422.0000  9784559    1.51%
 536570 468450     5386.8368   207     5341.1362     5421.9866  9794584    1.51%
Elapsed time = 3528.08 sec. (2192651.54 ticks, tree = 806.19 MB, solutions = 1)
 537841 469538     5346.4234   108     5341.1362     5421.9617  9813569    1.51%
 539002 470550     5363.5573   199     5341.1362     5421.9394  9832773    1.51%
 539967 471362     5355.9588   267     5341.1362     5421.9193  9848295    1.51%
 540976 472194     5368.2910   290     5341.1362     5421.8922  9867913    1.51%
 542061 473095     5396.7180   265     5341.1362     5421.8708  9887594    1.51%
 543231 474116     5403.9586   345     5341.1362     5421.8457  9907010    1.51%
 544191 474900        cutoff           5341.1362     5421.8200  9925872    1.51%
 545222 475770     5367.7073   300     5341.1362     5421.7915  9945529    1.51%
 546179 476584     5380.8990   239     5341.1362     5421.7663  9964931    1.51%
 547087 477306     5391.5217   321     5341.1362     5421.7399  9983635    1.51%
Elapsed time = 3583.94 sec. (2231755.05 ticks, tree = 824.10 MB, solutions = 1)
 548077 478130     5379.6423   283     5341.1362     5421.7135 10002519    1.51%
 549090 478936     5357.8455   277     5341.1362     5421.6765 10021822    1.51%

Implied bound cuts applied:  1036
Flow cuts applied:  53
Mixed integer rounding cuts applied:  128
Lift and project cuts applied:  170
Gomory fractional cuts applied:  73

Root node processing (before b&c):
  Real time             =    3.54 sec. (1648.73 ticks)
Sequential b&c:
  Real time             = 3596.46 sec. (2241647.18 ticks)
                          ------------
Total (root+branch&cut) = 3600.00 sec. (2243295.91 ticks)
