1 of 1 MIP starts provided solutions.
MIP start 'm1' defined initial solution with objective 2141.4012.
Tried aggregator 2 times.
MIP Presolve eliminated 10 rows and 11 columns.
MIP Presolve modified 3641 coefficients.
Aggregator did 1 substitutions.
Reduced MIP has 1689 rows, 974 columns, and 11256 nonzeros.
Reduced MIP has 799 binaries, 0 generals, 0 SOSs, and 0 indicators.
Presolve time = 0.01 sec. (7.40 ticks)
Probing time = 0.01 sec. (3.10 ticks)
Tried aggregator 1 time.
Reduced MIP has 1689 rows, 974 columns, and 11256 nonzeros.
Reduced MIP has 799 binaries, 0 generals, 0 SOSs, and 0 indicators.
Presolve time = 0.01 sec. (4.09 ticks)
Probing time = 0.01 sec. (3.05 ticks)
Clique table members: 146.
MIP emphasis: balance optimality and feasibility.
MIP search method: dynamic search.
Parallel mode: none, using 1 thread.
Root relaxation solution time = 0.01 sec. (4.24 ticks)

        Nodes                                         Cuts/
   Node  Left     Objective  IInf  Best Integer    Best Bound    ItCnt     Gap

*     0+    0                         2141.4012    10520.8226      223  391.31%
      0     0     2535.2452   138     2141.4012     2535.2452      223   18.39%
      0     0     2446.5817   121     2141.4012     Cuts: 264      359   14.25%
      0     0     2394.3590   131     2141.4012     Cuts: 184      481   11.81%
      0     0     2386.3421   137     2141.4012      Cuts: 89      526   11.44%
      0     0     2383.6943   135     2141.4012     Cuts: 109      549   11.31%
      0     0     2382.8643   131     2141.4012      Cuts: 32      568   11.28%
      0     0     2381.8098   133     2141.4012      Cuts: 31      580   11.23%
      0     0     2380.5049   141     2141.4012      Cuts: 42      601   11.17%
      0     0     2379.5211   137     2141.4012      Cuts: 22      619   11.12%
      0     0     2379.0895   138     2141.4012   MIRcuts: 10      635   11.10%
      0     0     2378.8907   139     2141.4012    MIRcuts: 4      644   11.09%
      0     0     2378.8750   137     2141.4012    MIRcuts: 3      648   11.09%
      0     2     2378.8750   137     2141.4012     2378.7618      648   11.08%
Elapsed time = 0.49 sec. (262.62 ticks, tree = 0.00 MB, solutions = 1)
    213   158     2241.6809    80     2141.4012     2375.5767     3086   10.94%
    414   323        cutoff           2141.4012     2375.5767     5735   10.94%
    497   378     2290.5408   191     2141.4012     2290.5379     7572    6.96%
    499   380     2289.7560   184     2141.4012     2289.9198     7612    6.94%
    501   381     2253.2233   155     2141.4012     2289.9198     7857    6.94%
    506   385     2251.9719   152     2141.4012     2289.9198     7904    6.94%
    512   352     2216.8938   117     2141.4012     2289.9198     8199    6.94%
    577   323     2285.7879   154     2141.4012     2289.6450     8963    6.92%
    667   366     2209.5899    65     2141.4012     2289.6450     9558    6.92%
   1147   528     2234.7950   154     2141.4012     2287.0724    15448    6.80%
Elapsed time = 8.57 sec. (5329.35 ticks, tree = 0.81 MB, solutions = 1)
   1773  1086     2250.5712   149     2141.4012     2283.5224    23769    6.64%
   2439  1684     2240.6368   142     2141.4012     2275.5239    31335    6.26%
   3085  2282     2190.3843    85     2141.4012     2269.9439    38537    6.00%
   3744  2868     2181.3028    89     2141.4012     2261.3473    45585    5.60%
   4374  3419     2153.7028   144     2141.4012     2255.9590    53286    5.35%
   5138  4090        cutoff           2141.4012     2252.3399    61141    5.18%
   5922  4779     2183.7564   125     2141.4012     2249.8118    69563    5.06%
   6541  5315     2179.2148   123     2141.4012     2247.5290    77326    4.96%
   7107  5785     2192.3404   127     2141.4012     2246.3515    85167    4.90%
   7657  6255     2208.3563   124     2141.4012     2244.5143    92656    4.82%
Elapsed time = 22.45 sec. (14910.62 ticks, tree = 5.14 MB, solutions = 1)
   8190  6672     2186.5093   135     2141.4012     2243.3186   100824    4.76%
   8911  7299     2198.3430   141     2141.4012     2242.6425   109206    4.73%
   9592  7871     2186.1501   101     2141.4012     2241.1623   117727    4.66%
  10334  8534     2155.7365    92     2141.4012     2240.3082   126213    4.62%
  10437  8600     2214.2909   125     2141.4012     2239.9495   128135    4.60%
  11045  9148     2184.0745   102     2141.4012     2239.2082   135448    4.57%
  11585  9571     2189.8885   141     2141.4012     2237.8260   143091    4.50%
  12151 10025     2152.1002    77     2141.4012     2237.0406   150835    4.47%
  12834 10597     2203.6419   135     2141.4012     2235.5287   159562    4.40%
  13489 11131     2183.9452   136     2141.4012     2234.0481   168592    4.33%
Elapsed time = 38.95 sec. (26033.44 ticks, tree = 8.80 MB, solutions = 1)
  14249 11763     2203.9395   143     2141.4012     2232.9023   177849    4.27%
  14958 12364     2196.5404   108     2141.4012     2232.2784   185838    4.24%
  15567 12854     2184.9221   124     2141.4012     2231.3660   193638    4.20%
  16224 13403     2179.9143   138     2141.4012     2230.7778   201146    4.17%
  16899 13954     2206.7238   130     2141.4012     2230.1713   208531    4.15%
  17627 14559     2197.8248   148     2141.4012     2229.5028   216665    4.11%
  18474 15294     2156.0654    66     2141.4012     2228.9867   224865    4.09%
  19161 15862     2187.7328   148     2141.4012     2228.3504   233401    4.06%
  19866 16422     2199.2140   141     2141.4012     2227.5960   241023    4.03%
  20657 17100     2145.0704   120     2141.4012     2226.8876   249393    3.99%
Elapsed time = 52.67 sec. (35615.43 ticks, tree = 13.47 MB, solutions = 1)
  21411 17726     2200.4518   126     2141.4012     2226.0401   257424    3.95%
  22101 18306     2176.8780    87     2141.4012     2225.3890   265102    3.92%
  22636 18723     2142.2818   136     2141.4012     2224.9361   272295    3.90%
  23295 19223     2193.6046   115     2141.4012     2224.2153   280268    3.87%
  23954 19737     2161.2595   145     2141.4012     2223.8910   287792    3.85%
  24644 20292     2167.0142    90     2141.4012     2223.3609   295726    3.83%
  25316 20820     2192.8973   134     2141.4012     2222.9808   303168    3.81%
  26017 21402     2201.0767   130     2141.4012     2222.6637   311268    3.79%
  26701 21964     2201.8618   135     2141.4012     2222.1808   319553    3.77%
  27353 22491     2162.5107    75     2141.4012     2221.7168   327553    3.75%
Elapsed time = 66.48 sec. (45233.44 ticks, tree = 17.28 MB, solutions = 1)
  28141 23130     2190.8460   139     2141.4012     2221.2340   335764    3.73%
  28870 23704     2142.2078   109     2141.4012     2220.7100   344388    3.70%
  29523 24235     2153.7692   119     2141.4012     2220.3660   352525    3.69%
  30190 24769     2185.1673   127     2141.4012     2220.1042   359676    3.68%
  30877 25308     2201.4524   134     2141.4012     2219.6657   367527    3.65%
  31577 25887     2147.8717    96     2141.4012     2219.2767   374982    3.64%
  32196 26348     2204.8816   130     2141.4012     2218.5750   383452    3.60%
  32857 26861        cutoff           2141.4012     2218.3352   391379    3.59%
  33547 27385     2169.4986   111     2141.4012     2217.9078   399862    3.57%
  34212 27936     2182.6502   142     2141.4012     2217.6416   408056    3.56%
Elapsed time = 80.19 sec. (54835.90 ticks, tree = 21.14 MB, solutions = 1)
  35023 28582     2196.6234   131     2141.4012     2217.2512   416697    3.54%
  35713 29146     2174.7885    90     2141.4012     2216.8825   424799    3.52%
  36439 29723     2174.0654   112     2141.4012     2216.6109   433156    3.51%
  37120 30253     2152.9360    86     2141.4012     2216.2040   441466    3.49%
  37815 30791     2192.1315    98     2141.4012     2215.8659   449446    3.48%
  38519 31358     2181.4771   135     2141.4012     2215.5797   457133    3.46%
  39084 31732        cutoff           2141.4012     2215.0646   465576    3.44%
  39697 32216     2148.1352   103     2141.4012     2214.8170   473055    3.43%
  40272 32623     2183.9246   116     2141.4012     2214.3849   480598    3.41%
  40995 33178     2172.9337    88     2141.4012     2213.9243   488557    3.39%
Elapsed time = 93.83 sec. (64397.43 ticks, tree = 25.76 MB, solutions = 1)
  41698 33726     2186.4718   131     2141.4012     2213.5924   496642    3.37%
  42413 34307     2168.3457   118     2141.4012     2213.3263   504775    3.36%
  43210 34936     2209.9851   136     2141.4012     2212.9580   512423    3.34%
  44017 35569     2192.3600   100     2141.4012     2212.6497   520618    3.33%
  44708 36131     2154.8104   128     2141.4012     2212.4589   528706    3.32%
  45437 36701     2186.6511   112     2141.4012     2212.1571   536997    3.30%
  46114 37199     2172.0412   121     2141.4012     2211.8587   545571    3.29%
  46785 37710     2160.3022   125     2141.4012     2211.5224   553960    3.27%
  47466 38251     2152.7429   109     2141.4012     2211.3282   561850    3.27%
  48196 38845     2180.1069   129     2141.4012     2211.1481   569351    3.26%
Elapsed time = 107.50 sec. (73954.80 ticks, tree = 29.78 MB, solutions = 1)
  48930 39431     2181.8546   113     2141.4012     2210.9554   576519    3.25%
  49594 39962        cutoff           2141.4012     2210.7422   583883    3.24%
  50227 40425     2145.5249    75     2141.4012     2210.3079   591545    3.22%
  50920 40933     2152.9797   114     2141.4012     2209.9870   599360    3.20%
  51597 41430     2177.7025   100     2141.4012     2209.7297   607308    3.19%
  52380 42045     2171.0082    84     2141.4012     2209.4871   615263    3.18%
  53100 42607     2143.5960    78     2141.4012     2209.2012   623575    3.17%
  53868 43203     2157.7405   112     2141.4012     2208.9060   631794    3.15%
  54663 43844     2167.4212   109     2141.4012     2208.6767   640022    3.14%
  55248 44260     2158.4401   116     2141.4012     2208.4465   648870    3.13%
Elapsed time = 121.16 sec. (83495.87 ticks, tree = 33.63 MB, solutions = 1)
  55958 44815        cutoff           2141.4012     2208.1803   657258    3.12%
  56628 45318     2151.3695   119     2141.4012     2207.9590   664950    3.11%
  57337 45882     2166.1401    92     2141.4012     2207.7607   672782    3.10%
  57991 46382        cutoff           2141.4012     2207.5561   679953    3.09%
  58659 46887        cutoff           2141.4012     2207.3537   687812    3.08%
  59353 47419     2177.4216   129     2141.4012     2207.1571   695240    3.07%
  60001 47879     2194.3028   127     2141.4012     2206.9146   703496    3.06%
  60674 48384     2152.2257   122     2141.4012     2206.6469   711419    3.05%
  61435 48977     2144.1176   108     2141.4012     2206.2968   719701    3.03%
  64339 51133     2166.6553    86     2141.4012     2205.3151   752869    2.98%
Elapsed time = 138.90 sec. (95918.44 ticks, tree = 38.46 MB, solutions = 1)
  67196 53173     2161.5417    89     2141.4012     2204.4246   787161    2.94%
  70081 55374     2188.6979    96     2141.4012     2203.6233   818828    2.91%
  72897 57368     2163.6418   114     2141.4012     2202.7176   851847    2.86%
  75836 59492     2142.0514    73     2141.4012     2201.9314   885449    2.83%
  78712 61501     2152.0375    85     2141.4012     2201.1315   919383    2.79%
  81372 63402     2163.1626    98     2141.4012     2200.4950   951113    2.76%
  84536 65757     2157.6086   124     2141.4012     2199.8895   981751    2.73%
  87459 67846     2143.4679    95     2141.4012     2199.2204  1014392    2.70%
  90485 70047     2141.7927    58     2141.4012     2198.7044  1047100    2.68%
  93447 72200     2158.7366    69     2141.4012     2198.0445  1078756    2.65%
Elapsed time = 193.42 sec. (134095.84 ticks, tree = 55.17 MB, solutions = 1)
  96322 74243     2148.7946    63     2141.4012     2197.5187  1114714    2.62%
  99381 76388        cutoff           2141.4012     2196.9049  1154816    2.59%
 102245 78351     2150.3552    91     2141.4012     2196.3612  1195456    2.57%
 105101 80377     2156.2719    97     2141.4012     2195.8506  1234028    2.54%
 107914 82254        cutoff           2141.4012     2195.3093  1273434    2.52%
 110808 84252     2180.6408   113     2141.4012     2194.7995  1313187    2.49%
 113838 86407     2160.0193    93     2141.4012     2194.2344  1353440    2.47%
 116733 88387     2172.5673   114     2141.4012     2193.7771  1393205    2.45%
 119785 90486     2146.1648    37     2141.4012     2193.3525  1432676    2.43%
 122765 92611     2186.3593   106     2141.4012     2192.9905  1472875    2.41%
Elapsed time = 249.38 sec. (172279.05 ticks, tree = 69.63 MB, solutions = 1)
 125897 94745        cutoff           2141.4012     2192.4965  1512508    2.39%
 128702 96604     2148.1616    52     2141.4012     2192.0819  1552746    2.37%
 131741 98652        cutoff           2141.4012     2191.6342  1592898    2.35%
 134831 100789        cutoff           2141.4012     2191.2337  1632655    2.33%
 137781 102669        cutoff           2141.4012     2190.7757  1672736    2.31%
 140720 104679     2152.9390   127     2141.4012     2190.3726  1712523    2.29%
 143558 106541     2155.7457    93     2141.4012     2189.9646  1751599    2.27%
 146573 108521     2156.0419    82     2141.4012     2189.5076  1792215    2.25%
 149586 110418     2172.2285   124     2141.4012     2189.1258  1833955    2.23%
 152460 112206     2151.5500   119     2141.4012     2188.7264  1875238    2.21%
Elapsed time = 304.76 sec. (210455.06 ticks, tree = 83.67 MB, solutions = 1)
 155415 114097        cutoff           2141.4012     2188.3845  1914899    2.19%
 158161 115773     2159.5667   119     2141.4012     2188.0544  1955197    2.18%
 161187 117762     2186.5693   108     2141.4012     2187.6941  1994720    2.16%
 164272 119737     2168.7342    96     2141.4012     2187.3133  2036360    2.14%
 167340 121810     2163.6243   106     2141.4012     2187.0324  2075363    2.13%
 170157 123546     2181.1203   114     2141.4012     2186.6683  2114506    2.11%
 173061 125443     2161.4549   118     2141.4012     2186.3305  2155381    2.10%
 176140 127462        cutoff           2141.4012     2186.0504  2195619    2.09%
 179258 129400     2147.1064   139     2141.4012     2185.6919  2238030    2.07%
 182097 131203     2166.2085    85     2141.4012     2185.3996  2278081    2.05%
Elapsed time = 360.32 sec. (248619.39 ticks, tree = 98.99 MB, solutions = 1)
 185156 133122     2156.7923   113     2141.4012     2185.1171  2317898    2.04%
 188335 135123     2158.6764   116     2141.4012     2184.8099  2358547    2.03%
 191458 137049     2169.7745   112     2141.4012     2184.5066  2399243    2.01%
 194559 138883     2150.0623    63     2141.4012     2184.2156  2440420    2.00%
 197622 140798     2176.9589   100     2141.4012     2183.9690  2480370    1.99%
 200691 142691     2143.7361   123     2141.4012     2183.6712  2519192    1.97%
 203737 144539        cutoff           2141.4012     2183.3719  2559691    1.96%
 206799 146412     2147.4962   124     2141.4012     2183.1196  2600342    1.95%
 209731 148137     2158.3857   106     2141.4012     2182.8468  2641118    1.94%
 212771 149963        cutoff           2141.4012     2182.5776  2680674    1.92%
Elapsed time = 418.13 sec. (286790.66 ticks, tree = 112.47 MB, solutions = 1)
 215634 151631     2143.8763    97     2141.4012     2182.3218  2719577    1.91%
 218693 153466        cutoff           2141.4012     2182.0798  2759898    1.90%
 221730 155288     2151.8362   142     2141.4012     2181.8339  2799825    1.89%
 224791 157092     2158.4847    98     2141.4012     2181.5664  2840227    1.88%
 227801 158897        cutoff           2141.4012     2181.3207  2880639    1.86%
 230871 160755     2153.5680   108     2141.4012     2181.0670  2921660    1.85%
 233777 162419     2171.0230   117     2141.4012     2180.8375  2961525    1.84%
 236915 164234     2146.4211   117     2141.4012     2180.5856  3001434    1.83%
 240003 166032     2160.4541   107     2141.4012     2180.3320  3042286    1.82%
 243229 167857     2155.8313   119     2141.4012     2180.0798  3082955    1.81%
Elapsed time = 475.16 sec. (324961.36 ticks, tree = 126.44 MB, solutions = 1)
 246240 169561     2169.4618   117     2141.4012     2179.8459  3122850    1.80%
 249368 171354     2144.1537   114     2141.4012     2179.6171  3162833    1.78%
 252324 172983     2142.7321    64     2141.4012     2179.3853  3202492    1.77%
 255184 174497     2144.2935    68     2141.4012     2179.1372  3243001    1.76%
 258269 176156     2157.5598    86     2141.4012     2178.8913  3283849    1.75%
 261343 177750     2168.9971    96     2141.4012     2178.6396  3325088    1.74%
 264376 179413     2167.8889   107     2141.4012     2178.4138  3363494    1.73%
 267422 180963     2143.7932   101     2141.4012     2178.1793  3403450    1.72%
 270463 182598     2147.0147    63     2141.4012     2177.9583  3442733    1.71%
 273600 184319     2149.0252    58     2141.4012     2177.7659  3484101    1.70%
Elapsed time = 530.98 sec. (363145.19 ticks, tree = 138.34 MB, solutions = 1)
 276623 185864     2154.5109   106     2141.4012     2177.5369  3525142    1.69%
 279879 187607     2146.0612    95     2141.4012     2177.3026  3564533    1.68%
 282945 189190     2159.5863   134     2141.4012     2177.0861  3602564    1.67%
 285866 190736     2147.6878    78     2141.4012     2176.8879  3640554    1.66%
 288849 192203     2153.4798    62     2141.4012     2176.6538  3679946    1.65%
 291836 193755     2157.3643   136     2141.4012     2176.4706  3720340    1.64%
 295012 195450        cutoff           2141.4012     2176.2785  3759541    1.63%
 298085 196947        cutoff           2141.4012     2176.0522  3798942    1.62%
 301115 198558     2150.4613   104     2141.4012     2175.8575  3838290    1.61%
 304076 200064     2145.7485   107     2141.4012     2175.6557  3877348    1.60%
Elapsed time = 587.80 sec. (401304.21 ticks, tree = 151.04 MB, solutions = 1)
 307097 201529     2148.1623   120     2141.4012     2175.4492  3916437    1.59%
 310183 203076     2151.2087    98     2141.4012     2175.2614  3954925    1.58%
 313157 204397     2159.1878   100     2141.4012     2175.0605  3994913    1.57%
 316261 205879        cutoff           2141.4012     2174.8411  4036358    1.56%
 319203 207456     2169.0616    85     2141.4012     2174.6961  4073865    1.55%
 322497 209109     2146.1745    72     2141.4012     2174.4986  4114187    1.55%
 325610 210704     2145.4098   100     2141.4012     2174.3200  4151618    1.54%
 328607 212138     2163.6761    79     2141.4012     2174.1294  4190716    1.53%
 331704 213612     2165.3925   114     2141.4012     2173.9415  4229384    1.52%
 334752 214956     2155.2960    70     2141.4012     2173.7383  4268781    1.51%
Elapsed time = 643.02 sec. (439483.45 ticks, tree = 161.81 MB, solutions = 1)
 337895 216558     2144.4962   114     2141.4012     2173.5631  4307057    1.50%
 341053 218100        cutoff           2141.4012     2173.3871  4347043    1.49%
 344115 219482     2146.0877    84     2141.4012     2173.1851  4386907    1.48%
 347082 220837     2163.0734    94     2141.4012     2173.0111  4426606    1.48%
 350134 222226     2145.8508    97     2141.4012     2172.8331  4465087    1.47%
 353220 223649        cutoff           2141.4012     2172.6745  4503927    1.46%
 356410 225066     2161.4985    96     2141.4012     2172.5000  4543776    1.45%
 359562 226511     2149.2818    81     2141.4012     2172.3390  4583059    1.44%
 362677 227937     2145.7866    96     2141.4012     2172.1650  4622407    1.44%
 365676 229282     2157.1301    94     2141.4012     2171.9936  4661490    1.43%
Elapsed time = 698.26 sec. (477641.10 ticks, tree = 173.77 MB, solutions = 1)
 368778 230720     2147.0915   123     2141.4012     2171.8253  4700967    1.42%
 371858 232135     2151.4832    57     2141.4012     2171.6691  4739370    1.41%
 374800 233315     2152.2238   120     2141.4012     2171.4907  4778861    1.41%
 377931 234516     2165.7115   115     2141.4012     2171.2914  4819125    1.40%
 381055 235840     2141.4098    74     2141.4012     2171.1169  4857972    1.39%
 384192 237165     2141.9272   111     2141.4012     2170.9540  4898174    1.38%
 387126 238270     2148.5750    90     2141.4012     2170.7826  4939528    1.37%
 390171 239429     2145.4010   136     2141.4012     2170.6087  4978882    1.36%
 393238 240649     2150.5880    62     2141.4012     2170.4390  5018882    1.36%
 396255 241815        cutoff           2141.4012     2170.2775  5058790    1.35%
Elapsed time = 753.39 sec. (515800.48 ticks, tree = 182.88 MB, solutions = 1)
 399302 243021     2155.5352   116     2141.4012     2170.1227  5098670    1.34%
 402347 244158     2145.8030    50     2141.4012     2169.9537  5139580    1.33%
 405331 245321     2148.4877   112     2141.4012     2169.7942  5179398    1.33%
 408282 246435     2151.4768    54     2141.4012     2169.6413  5218383    1.32%
 411271 247603     2146.8057   104     2141.4012     2169.4876  5257410    1.31%
 414347 248879     2153.6387   116     2141.4012     2169.3467  5297066    1.31%
 417470 250088        cutoff           2141.4012     2169.1917  5337175    1.30%
 420620 251282     2150.0404   103     2141.4012     2169.0321  5376018    1.29%
 423609 252336     2150.0374   124     2141.4012     2168.8703  5416005    1.28%
 426735 253488     2165.5241   105     2141.4012     2168.7218  5455924    1.28%
Elapsed time = 809.93 sec. (553975.09 ticks, tree = 191.37 MB, solutions = 1)
 429732 254521     2144.5720    77     2141.4012     2168.5660  5496139    1.27%
 432808 255575     2149.8927    64     2141.4012     2168.4092  5535962    1.26%
 435864 256638     2153.2843    81     2141.4012     2168.2538  5575224    1.25%
 438886 257746        cutoff           2141.4012     2168.1097  5614857    1.25%
 442037 258960     2150.4902   104     2141.4012     2167.9622  5654265    1.24%
 445163 260032     2147.1723    25     2141.4012     2167.8170  5693643    1.23%
 448146 260879     2151.3306    71     2141.4012     2167.6499  5734213    1.23%
 451258 261934        cutoff           2141.4012     2167.4866  5774700    1.22%
 454475 263086     2166.7161   107     2141.4012     2167.3476  5812575    1.21%
 457471 264042     2148.4891    96     2141.4012     2167.2027  5853278    1.20%
Elapsed time = 868.51 sec. (592141.16 ticks, tree = 199.06 MB, solutions = 1)
 460513 264933     2147.9592   125     2141.4012     2167.0443  5892248    1.20%
 463575 265813     2150.7913    81     2141.4012     2166.8929  5930677    1.19%
 466738 266853        cutoff           2141.4012     2166.7498  5969368    1.18%
 469838 267803     2162.9762    80     2141.4012     2166.6030  6009030    1.18%
 473045 268710     2147.7055   100     2141.4012     2166.4446  6048774    1.17%
 476211 269747        cutoff           2141.4012     2166.3048  6087412    1.16%
 479288 270511     2153.7789    79     2141.4012     2166.1515  6126256    1.16%
 482466 271462        cutoff           2141.4012     2166.0204  6164903    1.15%
 485552 272279        cutoff           2141.4012     2165.8688  6204353    1.14%
 488672 273160     2147.0933    62     2141.4012     2165.7250  6242810    1.14%
Elapsed time = 924.99 sec. (630300.79 ticks, tree = 207.60 MB, solutions = 1)
 491736 273992        cutoff           2141.4012     2165.5969  6282006    1.13%
 494847 274961     2152.0064   103     2141.4012     2165.4680  6320499    1.12%
 497978 275835     2144.2368   113     2141.4012     2165.3257  6359581    1.12%
 500915 276453     2148.5555    64     2141.4012     2165.1802  6398756    1.11%
 504071 277446    infeasible           2141.4012     2165.0492  6436247    1.10%
 507172 278238     2144.3501    85     2141.4012     2164.9053  6474332    1.10%
 510178 278851     2158.6435   105     2141.4012     2164.7509  6513109    1.09%
 513295 279583     2149.6597    99     2141.4012     2164.6057  6551652    1.08%
 516334 280331     2142.4917   116     2141.4012     2164.4713  6590682    1.08%
 519319 280835        cutoff           2141.4012     2164.3209  6630211    1.07%
Elapsed time = 980.58 sec. (668458.98 ticks, tree = 213.21 MB, solutions = 1)
 522241 281326        cutoff           2141.4012     2164.1799  6670859    1.06%
 525230 281903     2147.9353    80     2141.4012     2164.0305  6709967    1.06%
 528177 282580     2148.7055   106     2141.4012     2163.9127  6748195    1.05%
 531248 283264        cutoff           2141.4012     2163.7818  6787124    1.05%
 534193 283848     2152.5132    71     2141.4012     2163.6461  6825263    1.04%
 537323 284563     2147.7210    90     2141.4012     2163.5266  6864291    1.03%
 540284 285004        cutoff           2141.4012     2163.3839  6902832    1.03%
 543251 285474     2148.1290   113     2141.4012     2163.2501  6942888    1.02%
 546312 285910     2146.2216    73     2141.4012     2163.1065  6982298    1.01%
 549389 286480     2144.4517    62     2141.4012     2162.9788  7021215    1.01%
Elapsed time = 1038.11 sec. (706624.17 ticks, tree = 217.36 MB, solutions = 1)
 552475 287163     2145.5099    78     2141.4012     2162.8444  7058326    1.00%
 555483 287633     2151.9522   111     2141.4012     2162.7083  7096930    1.00%
 558535 288055        cutoff           2141.4012     2162.5780  7135855    0.99%
 561538 288420        cutoff           2141.4012     2162.4415  7174089    0.98%
 564605 288948     2143.9268    81     2141.4012     2162.3168  7213402    0.98%
 567650 289284        cutoff           2141.4012     2162.1781  7251754    0.97%
 570723 289703     2151.2794    93     2141.4012     2162.0479  7290927    0.96%
 573793 289917        cutoff           2141.4012     2161.9007  7329527    0.96%
 576730 290246     2148.5772    85     2141.4012     2161.7771  7367714    0.95%
 579727 290649     2145.6190   110     2141.4012     2161.6504  7406386    0.95%
Elapsed time = 1094.16 sec. (744782.00 ticks, tree = 220.47 MB, solutions = 1)
 582564 290795        cutoff           2141.4012     2161.5156  7445699    0.94%
 585515 291144     2152.0891    86     2141.4012     2161.3961  7483212    0.93%
 588443 291305     2144.6300    93     2141.4012     2161.2652  7521703    0.93%
 591415 291535        cutoff           2141.4012     2161.1403  7560543    0.92%
 594417 291814     2145.3791    66     2141.4012     2161.0209  7599050    0.92%
 597277 292012     2149.1293    87     2141.4012     2160.8981  7638110    0.91%
 600343 292347        cutoff           2141.4012     2160.7732  7675873    0.90%
 603313 292414        cutoff           2141.4012     2160.6397  7714329    0.90%
 606300 292538        cutoff           2141.4012     2160.5121  7753643    0.89%
 609334 292796        cutoff           2141.4012     2160.3914  7791925    0.89%
Elapsed time = 1150.19 sec. (782938.67 ticks, tree = 222.13 MB, solutions = 1)
 612358 292976     2152.5763    66     2141.4012     2160.2629  7829435    0.88%
 615374 293152        cutoff           2141.4012     2160.1364  7866577    0.87%
 618334 293242        cutoff           2141.4012     2160.0110  7904386    0.87%
 621365 293330        cutoff           2141.4012     2159.8777  7942992    0.86%
 624418 293465     2149.0679    88     2141.4012     2159.7592  7981135    0.86%
 627491 293606        cutoff           2141.4012     2159.6352  8019092    0.85%
 630424 293567     2143.4088    64     2141.4012     2159.5065  8056626    0.85%
 633495 293697     2148.5994    90     2141.4012     2159.3856  8094685    0.84%
 636404 293554        cutoff           2141.4012     2159.2618  8132879    0.83%
 638854 293548        cutoff           2141.4012     2159.1583  8164304    0.83%
Elapsed time = 1206.07 sec. (821104.39 ticks, tree = 222.79 MB, solutions = 1)
 641735 293383     2143.1805    73     2141.4012     2159.0384  8202679    0.82%
 644643 293197     2147.8386    81     2141.4012     2158.9194  8239816    0.82%
 647609 293185        cutoff           2141.4012     2158.7944  8277001    0.81%
 650576 293122        cutoff           2141.4012     2158.6713  8314666    0.81%
 653610 293079        cutoff           2141.4012     2158.5445  8351802    0.80%
 656627 292979     2143.0944    66     2141.4012     2158.4245  8389507    0.79%
 659522 292639        cutoff           2141.4012     2158.3008  8426578    0.79%
 662578 292408     2157.7929   105     2141.4012     2158.1710  8464052    0.78%
 665644 292361        cutoff           2141.4012     2158.0579  8501768    0.78%
 668555 292167     2151.5564   115     2141.4012     2157.9416  8538489    0.77%
Elapsed time = 1261.33 sec. (859260.56 ticks, tree = 221.91 MB, solutions = 1)
 671484 291784        cutoff           2141.4012     2157.8114  8576114    0.77%
 674443 291464     2146.0419    55     2141.4012     2157.6889  8612141    0.76%
 677493 291340     2152.5910   101     2141.4012     2157.5730  8649404    0.76%
 680426 290967        cutoff           2141.4012     2157.4513  8686997    0.75%
 683455 290751     2147.5804    78     2141.4012     2157.3431  8723578    0.74%
 686397 290375        cutoff           2141.4012     2157.2262  8760088    0.74%
 689279 289884        cutoff           2141.4012     2157.1080  8796342    0.73%
 692319 289550        cutoff           2141.4012     2156.9865  8833293    0.73%
 695340 289213        cutoff           2141.4012     2156.8794  8870560    0.72%
 698406 289056     2151.5265    65     2141.4012     2156.7719  8907386    0.72%
Elapsed time = 1316.88 sec. (897428.54 ticks, tree = 219.79 MB, solutions = 1)
 701411 288639        cutoff           2141.4012     2156.6530  8943724    0.71%
 704375 288144     2142.9859    33     2141.4012     2156.5318  8979924    0.71%
 707347 287650     2146.3970   102     2141.4012     2156.4139  9017052    0.70%
 710265 287118     2144.5172   100     2141.4012     2156.2974  9053093    0.70%
 713177 286497     2145.0824    69     2141.4012     2156.1799  9089252    0.69%
 716119 285834        cutoff           2141.4012     2156.0573  9126038    0.68%
 719072 285270        cutoff           2141.4012     2155.9431  9161679    0.68%
 722013 284671     2148.7181    61     2141.4012     2155.8255  9198082    0.67%
 724860 283837        cutoff           2141.4012     2155.7076  9233995    0.67%
 727805 283091        cutoff           2141.4012     2155.5853  9270404    0.66%
Elapsed time = 1371.92 sec. (935590.80 ticks, tree = 215.60 MB, solutions = 1)
 730708 282384        cutoff           2141.4012     2155.4696  9306659    0.66%
 733630 281747        cutoff           2141.4012     2155.3595  9342141    0.65%
 736492 280985        cutoff           2141.4012     2155.2467  9377780    0.65%
 739421 280275     2141.7927    60     2141.4012     2155.1365  9413159    0.64%
 742284 279363        cutoff           2141.4012     2155.0134  9448983    0.64%
 745170 278536        cutoff           2141.4012     2154.8988  9483975    0.63%
 748109 277730     2143.5303    88     2141.4012     2154.7863  9519642    0.63%
 751035 276881        cutoff           2141.4012     2154.6780  9554097    0.62%
 753998 276035     2147.4260    79     2141.4012     2154.5645  9589033    0.61%
 756942 275267        cutoff           2141.4012     2154.4574  9624975    0.61%
Elapsed time = 1428.41 sec. (973748.27 ticks, tree = 210.06 MB, solutions = 1)
 759719 274240        cutoff           2141.4012     2154.3432  9659613    0.60%
 762543 273341     2147.2508    98     2141.4012     2154.2375  9694016    0.60%
 765372 272429     2143.7108    77     2141.4012     2154.1254  9727795    0.59%
 768317 271568     2142.8614    85     2141.4012     2154.0173  9763000    0.59%
 771209 270576        cutoff           2141.4012     2153.9003  9797823    0.58%
 774126 269601     2143.3743   111     2141.4012     2153.7950  9831681    0.58%
 777134 268608        cutoff           2141.4012     2153.6815  9865827    0.57%
 779984 267401        cutoff           2141.4012     2153.5686  9900157    0.57%
 782907 266449        cutoff           2141.4012     2153.4645  9932955    0.56%
 785778 265340     2142.0791    62     2141.4012     2153.3566  9965886    0.56%
Elapsed time = 1483.74 sec. (1011913.42 ticks, tree = 203.00 MB, solutions = 1)
 788626 264174        cutoff           2141.4012     2153.2499  9999023    0.55%
 791442 262975     2144.7339    89     2141.4012     2153.1431 10032691    0.55%
 794354 261839     2147.0668    87     2141.4012     2153.0339 10065167    0.54%
 797219 260680        cutoff           2141.4012     2152.9288 10097599    0.54%
 800014 259373     2141.5252    49     2141.4012     2152.8223 10130742    0.53%
 802938 258283     2149.9552   107     2141.4012     2152.7194 10163559    0.53%
 805809 257011        cutoff           2141.4012     2152.6153 10196237    0.52%
 808717 255852     2151.6396    38     2141.4012     2152.5108 10228773    0.52%
 811580 254546        cutoff           2141.4012     2152.4054 10261506    0.51%
 814431 253184        cutoff           2141.4012     2152.2977 10294708    0.51%
Elapsed time = 1539.52 sec. (1050079.93 ticks, tree = 194.33 MB, solutions = 1)
 817289 251859     2143.0432    61     2141.4012     2152.1939 10327482    0.50%
 820183 250453        cutoff           2141.4012     2152.0904 10359751    0.50%
 822932 248973        cutoff           2141.4012     2151.9901 10391808    0.49%
 825756 247588        cutoff           2141.4012     2151.8868 10423085    0.49%
 828586 246250        cutoff           2141.4012     2151.7878 10454486    0.49%
 831371 244707        cutoff           2141.4012     2151.6849 10486720    0.48%
 834201 243132        cutoff           2141.4012     2151.5780 10518283    0.48%
 837122 241704        cutoff           2141.4012     2151.4766 10549973    0.47%
 839959 240109        cutoff           2141.4012     2151.3757 10580404    0.47%
 842839 238486        cutoff           2141.4012     2151.2713 10610727    0.46%
Elapsed time = 1594.71 sec. (1088242.18 ticks, tree = 183.80 MB, solutions = 1)
 845740 236985     2142.9260    49     2141.4012     2151.1757 10641038    0.46%
 848600 235338        cutoff           2141.4012     2151.0721 10671786    0.45%
 851432 233769     2146.6119    96     2141.4012     2150.9715 10702267    0.45%
 854317 232149     2141.9030    34     2141.4012     2150.8680 10731739    0.44%
 857101 230420        cutoff           2141.4012     2150.7687 10761624    0.44%
 859942 228730     2145.8567    60     2141.4012     2150.6689 10790812    0.43%
 862770 227038        cutoff           2141.4012     2150.5670 10821375    0.43%
 865597 225407        cutoff           2141.4012     2150.4724 10850189    0.42%
 868519 223770     2146.7028    76     2141.4012     2150.3740 10879629    0.42%
 871351 222009        cutoff           2141.4012     2150.2742 10909046    0.41%
Elapsed time = 1648.81 sec. (1126404.65 ticks, tree = 171.99 MB, solutions = 1)
 874190 220148        cutoff           2141.4012     2150.1728 10938043    0.41%
 877050 218344     2148.2465    79     2141.4012     2150.0745 10966670    0.41%
 879820 216405     2141.8766    75     2141.4012     2149.9746 10995185    0.40%
 882547 214451     2148.3281    84     2141.4012     2149.8773 11023548    0.40%
 885351 212510        cutoff           2141.4012     2149.7772 11051837    0.39%
 888189 210651     2145.8990   121     2141.4012     2149.6759 11080280    0.39%
 890982 208766     2143.3892    50     2141.4012     2149.5757 11107333    0.38%
 893761 206787        cutoff           2141.4012     2149.4760 11133976    0.38%
 896578 204858        cutoff           2141.4012     2149.3800 11160580    0.37%
 899344 202732     2143.7893   100     2141.4012     2149.2804 11187669    0.37%
Elapsed time = 1703.62 sec. (1164578.14 ticks, tree = 158.13 MB, solutions = 1)
 902177 200678        cutoff           2141.4012     2149.1842 11214327    0.36%
 904929 198686     2146.4812    75     2141.4012     2149.0931 11240279    0.36%
 907714 196672     2143.1904    25     2141.4012     2148.9983 11266091    0.35%
 910585 194691        cutoff           2141.4012     2148.9056 11291867    0.35%
 913434 192696     2144.0020    51     2141.4012     2148.8120 11317537    0.35%
 916237 190621        cutoff           2141.4012     2148.7186 11343827    0.34%
 919037 188544     2142.8309    33     2141.4012     2148.6238 11368956    0.34%
 921856 186432        cutoff           2141.4012     2148.5327 11393844    0.33%
 924677 184289     2142.2388    88     2141.4012     2148.4384 11418935    0.33%
 927498 182097        cutoff           2141.4012     2148.3438 11443624    0.32%
Elapsed time = 1758.05 sec. (1202743.02 ticks, tree = 143.28 MB, solutions = 1)
 930294 179854        cutoff           2141.4012     2148.2467 11467771    0.32%
 933085 177593     2142.7977    67     2141.4012     2148.1492 11492187    0.32%
 935935 175350        cutoff           2141.4012     2148.0549 11516058    0.31%
 938694 173196        cutoff           2141.4012     2147.9670 11540032    0.31%
 941484 170942     2146.3393    41     2141.4012     2147.8757 11563167    0.30%
 944254 168705        cutoff           2141.4012     2147.7832 11585851    0.30%
 947062 166415        cutoff           2141.4012     2147.6954 11609062    0.29%
 949788 164124        cutoff           2141.4012     2147.6084 11631221    0.29%
 952593 161865     2143.1912    52     2141.4012     2147.5178 11654016    0.29%
 955384 159509     2146.8765    75     2141.4012     2147.4259 11676850    0.28%
Elapsed time = 1812.88 sec. (1240898.34 ticks, tree = 126.99 MB, solutions = 1)
 958168 157196        cutoff           2141.4012     2147.3386 11699525    0.28%
 960910 154886        cutoff           2141.4012     2147.2464 11721355    0.27%
 963709 152515     2145.2060    79     2141.4012     2147.1563 11744031    0.27%
 966507 150106        cutoff           2141.4012     2147.0634 11765592    0.26%
 969272 147693        cutoff           2141.4012     2146.9731 11787144    0.26%
 972081 145337        cutoff           2141.4012     2146.8816 11808493    0.26%
 974836 142959     2146.4104    53     2141.4012     2146.7929 11830030    0.25%
 977686 140466     2144.8907    90     2141.4012     2146.7020 11850605    0.25%
 980446 138018        cutoff           2141.4012     2146.6107 11871523    0.24%
 983194 135588        cutoff           2141.4012     2146.5235 11891907    0.24%
Elapsed time = 1866.19 sec. (1279055.99 ticks, tree = 109.71 MB, solutions = 1)
 985952 133154        cutoff           2141.4012     2146.4364 11911700    0.24%
 988714 130674     2144.1145    47     2141.4012     2146.3465 11931428    0.23%
 991481 128206        cutoff           2141.4012     2146.2557 11950624    0.23%
 994304 125708        cutoff           2141.4012     2146.1680 11970087    0.22%
 997076 123203        cutoff           2141.4012     2146.0773 11988831    0.22%
 999864 120722        cutoff           2141.4012     2145.9890 12007400    0.21%
 1002685 118162        cutoff           2141.4012     2145.9029 12026358    0.21%
 1005552 115520     2144.0548    28     2141.4012     2145.8138 12045102    0.21%
 1008460 112824        cutoff           2141.4012     2145.7187 12063698    0.20%
 1011367 110123        cutoff           2141.4012     2145.6243 12081988    0.20%
Elapsed time = 1918.98 sec. (1317209.18 ticks, tree = 91.29 MB, solutions = 1)
 1014316 107359        cutoff           2141.4012     2145.5300 12100417    0.19%
 1017223 104670        cutoff           2141.4012     2145.4380 12118277    0.19%
 1020079 102029        cutoff           2141.4012     2145.3442 12135738    0.18%
 1023122 99150        cutoff           2141.4012     2145.2467 12154306    0.18%
 1026041 96426        cutoff           2141.4012     2145.1541 12171736    0.18%
 1029083 93535        cutoff           2141.4012     2145.0597 12189666    0.17%
 1032137 90619        cutoff           2141.4012     2144.9624 12207337    0.17%
 1035213 87706        cutoff           2141.4012     2144.8652 12224605    0.16%
 1038299 84758        cutoff           2141.4012     2144.7683 12242067    0.16%
 1041381 81821        cutoff           2141.4012     2144.6727 12258927    0.15%
Elapsed time = 1970.85 sec. (1355362.20 ticks, tree = 70.78 MB, solutions = 1)
 1044483 78858        cutoff           2141.4012     2144.5759 12275786    0.15%
 1047573 75917     2142.5213    66     2141.4012     2144.4810 12292017    0.14%
 1050721 72898        cutoff           2141.4012     2144.3803 12308326    0.14%
 1053821 69909        cutoff           2141.4012     2144.2772 12324095    0.13%
 1056970 66873        cutoff           2141.4012     2144.1755 12340012    0.13%
 1060102 63857        cutoff           2141.4012     2144.0710 12355489    0.12%
 1063305 60740        cutoff           2141.4012     2143.9631 12370870    0.12%
 1066431 57705        cutoff           2141.4012     2143.8593 12386404    0.11%
 1069676 54563        cutoff           2141.4012     2143.7518 12401221    0.11%
 1072869 51465        cutoff           2141.4012     2143.6423 12415678    0.10%
Elapsed time = 2021.90 sec. (1393519.11 ticks, tree = 48.75 MB, solutions = 1)
 1076126 48286        cutoff           2141.4012     2143.5290 12429660    0.10%
 1079307 45186        cutoff           2141.4012     2143.4193 12443398    0.09%
 1082557 41998        cutoff           2141.4012     2143.3060 12456971    0.09%
 1085822 38795        cutoff           2141.4012     2143.1877 12470264    0.08%
 1089103 35578        cutoff           2141.4012     2143.0690 12483064    0.08%
 1092325 32439        cutoff           2141.4012     2142.9446 12495725    0.07%
 1095664 29143        cutoff           2141.4012     2142.8183 12507942    0.07%
 1099050 25797        cutoff           2141.4012     2142.6784 12519829    0.06%
 1102467 22399        cutoff           2141.4012     2142.5373 12531322    0.05%
 1105840 19063        cutoff           2141.4012     2142.3927 12542299    0.05%
Elapsed time = 2072.29 sec. (1431671.94 ticks, tree = 25.19 MB, solutions = 1)
 1109235 15690        cutoff           2141.4012     2142.2415 12552839    0.04%
 1112635 12317        cutoff           2141.4012     2142.0806 12562719    0.03%
 1116150  8819        cutoff           2141.4012     2141.9094 12572071    0.02%
 1119683  5289        cutoff           2141.4012     2141.7192 12580651    0.01%

Cover cuts applied:  1
Implied bound cuts applied:  70
Flow cuts applied:  42
Mixed integer rounding cuts applied:  71
Lift and project cuts applied:  226
Gomory fractional cuts applied:  77

Root node processing (before b&c):
  Real time             =    0.49 sec. (262.56 ticks)
Sequential b&c:
  Real time             = 2094.62 sec. (1451147.63 ticks)
                          ------------
Total (root+branch&cut) = 2095.11 sec. (1451410.19 ticks)
