1 of 1 MIP starts provided solutions.
MIP start 'm1' defined initial solution with objective 5465.0144.
Tried aggregator 2 times.
MIP Presolve eliminated 49 rows and 48 columns.
MIP Presolve modified 9580 coefficients.
Aggregator did 2 substitutions.
Reduced MIP has 4199 rows, 2414 columns, and 27794 nonzeros.
Reduced MIP has 1979 binaries, 0 generals, 0 SOSs, and 0 indicators.
Presolve time = 0.03 sec. (17.78 ticks)
Probing time = 0.01 sec. (3.81 ticks)
Tried aggregator 1 time.
Reduced MIP has 4199 rows, 2414 columns, and 27794 nonzeros.
Reduced MIP has 1979 binaries, 0 generals, 0 SOSs, and 0 indicators.
Presolve time = 0.02 sec. (9.37 ticks)
Probing time = 0.01 sec. (3.81 ticks)
Clique table members: 295.
MIP emphasis: balance optimality and feasibility.
MIP search method: dynamic search.
Parallel mode: none, using 1 thread.
Root relaxation solution time = 0.02 sec. (11.06 ticks)

        Nodes                                         Cuts/
   Node  Left     Objective  IInf  Best Integer    Best Bound    ItCnt     Gap

*     0+    0                         5465.0144    27126.2146      486  396.36%
      0     0     6287.6218   288     5465.0144     6287.6218      486   15.05%
      0     0     6004.7420   267     5465.0144     Cuts: 654      832    9.88%
      0     0     5865.4321   293     5465.0144     Cuts: 672     1142    7.33%
      0     0     5819.7953   317     5465.0144     Cuts: 543     1347    6.49%
      0     0     5797.9392   313     5465.0144     Cuts: 469     1515    6.09%
      0     0     5777.8929   350     5465.0144     Cuts: 409     1680    5.73%
      0     0     5768.7065   337     5465.0144     Cuts: 340     1800    5.56%
      0     0     5750.4234   361     5465.0144     Cuts: 273     1961    5.22%
      0     0     5741.8632   371     5465.0144     Cuts: 244     2079    5.07%
      0     0     5735.3145   385     5465.0144     Cuts: 185     2167    4.95%
      0     0     5728.4059   382     5465.0144     Cuts: 166     2255    4.82%
      0     0     5719.4878   363     5465.0144     Cuts: 122     2340    4.66%
      0     0     5714.4485   379     5465.0144     Cuts: 198     2422    4.56%
      0     0     5706.6368   442     5465.0144     Cuts: 111     2590    4.42%
      0     0     5703.2078   429     5465.0144     Cuts: 130     2647    4.36%
      0     0     5701.0303   443     5465.0144      Cuts: 92     2701    4.32%
      0     0     5699.7016   408     5465.0144     Cuts: 149     2745    4.29%
      0     0     5697.5466   421     5465.0144      Cuts: 59     2793    4.25%
      0     0     5696.2687   407     5465.0144     Cuts: 151     2834    4.23%
      0     0     5693.3603   406     5465.0144      Cuts: 72     2870    4.18%
      0     0     5690.9751   391     5465.0144      Cuts: 81     2921    4.13%
      0     0     5690.0907   457     5465.0144      Cuts: 68     2980    4.12%
      0     0     5689.7246   438     5465.0144      Cuts: 28     3004    4.11%
      0     2     5689.7246   438     5465.0144     5689.6287     3004    4.11%
Elapsed time = 3.44 sec. (1695.59 ticks, tree = 0.00 MB, solutions = 1)
     13    15     5650.7275   410     5465.0144     5687.0100     3889    4.06%
     42    42        cutoff           5465.0144     5687.0100     5145    4.06%
     89    89     5529.2814   197     5465.0144     5687.0100     6482    4.06%
    148   130     5528.3203   237     5465.0144     5680.5396     7551    3.94%
    212   175     5646.5820   321     5465.0144     5680.3047     8532    3.94%
    310   270     5655.0753   403     5465.0144     5677.7497     9512    3.89%
    394   350     5550.9614   289     5465.0144     5677.7430    10907    3.89%
    455   400     5531.3684   215     5465.0144     5677.7069    12526    3.89%
    526   457     5505.7686   270     5465.0144     5677.6024    13652    3.89%
    537   468     5652.1098   469     5465.0144     5652.0622    16181    3.42%
Elapsed time = 22.30 sec. (10945.03 ticks, tree = 0.92 MB, solutions = 1)
    540   470     5650.0567   489     5465.0144     5650.0507    16381    3.39%
    545   472     5649.1986   475     5465.0144     5649.9821    16494    3.38%
    554   478     5595.6402   326     5465.0144     5649.9821    17292    3.38%
    573   489     5566.6327   304     5465.0144     5649.9821    17914    3.38%
    678   517     5517.3447   191     5465.0144     5649.9821    20111    3.38%
    797   540     5500.0558   221     5465.0144     5649.7563    22772    3.38%
    952   601     5574.8625   385     5465.0144     5648.3202    25249    3.35%
   1137   705     5616.3951   293     5465.0144     5648.0905    27403    3.35%
   1342   810     5549.2589   361     5465.0144     5647.6980    29462    3.34%
   1432   850     5621.2613   392     5465.0144     5647.6485    32814    3.34%
Elapsed time = 36.78 sec. (20680.98 ticks, tree = 3.60 MB, solutions = 1)
   1657  1034     5606.9842   315     5465.0144     5646.8027    35544    3.33%
   1873  1241     5483.3341   282     5465.0144     5645.2532    38065    3.30%
   1999  1353     5564.9207   364     5465.0144     5644.9019    40742    3.29%
   2157  1482     5527.2290   289     5465.0144     5644.4407    44123    3.28%
   2297  1594     5549.7418   375     5465.0144     5644.0504    46510    3.28%
   2577  1860     5532.9604   207     5465.0144     5643.2952    49261    3.26%
   2713  1977     5561.1833   365     5465.0144     5641.9578    52399    3.24%
   2986  2243     5501.1078   178     5465.0144     5641.9210    55024    3.24%
   3221  2468     5465.6945   123     5465.0144     5640.8160    57561    3.22%
   3337  2572     5567.4640   329     5465.0144     5640.4186    60764    3.21%
Elapsed time = 51.55 sec. (30322.86 ticks, tree = 47.21 MB, solutions = 1)
   3578  2799     5591.4752   378     5465.0144     5639.0520    63772    3.18%
   3819  3033     5485.9774   213     5465.0144     5638.8666    67252    3.18%
   4001  3189     5612.5563   435     5465.0144     5638.0948    69922    3.17%
   4245  3421     5623.4304   384     5465.0144     5635.8787    72573    3.13%
   4521  3687     5493.0056   291     5465.0144     5635.7794    75291    3.12%
   4691  3846     5562.2895   418     5465.0144     5635.3977    77954    3.12%
   4829  3973     5487.6674   411     5465.0144     5635.0878    80775    3.11%
   4995  4118     5569.3489   369     5465.0144     5634.9132    83091    3.11%
   5184  4303     5531.7153   360     5465.0144     5634.8491    85574    3.11%
   5315  4411     5553.6376   417     5465.0144     5634.4928    88938    3.10%
Elapsed time = 67.83 sec. (40185.37 ticks, tree = 157.87 MB, solutions = 1)
   5489  4581     5547.4724   360     5465.0144     5634.2017    91735    3.10%
   5701  4785     5544.9227   313     5465.0144     5633.9385    94324    3.09%
   5887  4956     5470.2109   398     5465.0144     5633.1619    97617    3.08%
   6090  5147     5496.0523   309     5465.0144     5632.9886   100435    3.07%
   6201  5229        cutoff           5465.0144     5632.4305   103480    3.06%
   6454  5464     5485.8529   423     5465.0144     5632.2388   106078    3.06%
   6560  5552     5555.1726   295     5465.0144     5630.8518   108383    3.03%
   6738  5709     5567.7223   397     5465.0144     5630.4350   111019    3.03%
   6929  5884        cutoff           5465.0144     5630.3601   114218    3.03%
   7110  6058     5610.3724   439     5465.0144     5630.0245   116991    3.02%
Elapsed time = 83.60 sec. (50165.86 ticks, tree = 214.94 MB, solutions = 1)
   7306  6240        cutoff           5465.0144     5629.7422   120454    3.01%
   7467  6386     5606.4550   390     5465.0144     5628.7289   123573    3.00%
   7676  6574     5474.6743   347     5465.0144     5628.7029   127620    3.00%
   7897  6780     5569.3938   327     5465.0144     5628.3963   130879    2.99%
   8125  6990     5530.9248   373     5465.0144     5628.0708   134424    2.98%
   8240  7089     5465.6741   318     5465.0144     5627.5653   136854    2.97%
   8475  7294     5608.3760   424     5465.0144     5626.1811   141490    2.95%
   8637  7452     5476.5520   262     5465.0144     5625.5941   144421    2.94%
   8835  7629     5484.0358   347     5465.0144     5625.4940   147656    2.94%
   8948  7734     5521.4793   260     5465.0144     5625.2970   150163    2.93%
Elapsed time = 98.75 sec. (60127.76 ticks, tree = 260.58 MB, solutions = 1)
   9051  7820     5543.3239   382     5465.0144     5625.1094   153952    2.93%
   9173  7923     5487.0044   229     5465.0144     5624.9611   156792    2.93%
   9359  8100     5599.9118   418     5465.0144     5624.8149   159665    2.92%
   9495  8231     5517.5786   307     5465.0144     5624.7752   162427    2.92%
   9602  8317     5472.7681   230     5465.0144     5624.6989   165909    2.92%
   9677  8363     5603.3578   407     5465.0144     5624.3050   169125    2.91%
   9777  8435     5580.5847   397     5465.0144     5624.2222   172330    2.91%
   9940  8588     5487.0491   321     5465.0144     5623.9125   175683    2.91%
  10137  8762     5485.0062   126     5465.0144     5623.8225   178441    2.91%
  10276  8873     5501.1277   331     5465.0144     5623.6762   181291    2.90%
Elapsed time = 113.06 sec. (69790.77 ticks, tree = 272.05 MB, solutions = 1)
  10427  9005     5498.0354   336     5465.0144     5623.4114   184247    2.90%
  10568  9128     5476.2728   245     5465.0144     5623.2496   186807    2.90%
  10737  9262     5505.9180   339     5465.0144     5623.1371   190382    2.89%
  10923  9426     5506.7365   358     5465.0144     5623.0246   193400    2.89%
  11045  9520     5490.7267   369     5465.0144     5622.8371   196527    2.89%
  11180  9613     5586.2607   444     5465.0144     5622.6267   199843    2.88%
  11242  9656     5469.3117   285     5465.0144     5622.6119   202420    2.88%
  11277  9680     5484.3228   383     5465.0144     5622.5914   203790    2.88%
  11377  9745     5563.4020   395     5465.0144     5622.3744   207270    2.88%
  11603  9958     5468.9728   454     5465.0144     5622.0944   210182    2.87%
Elapsed time = 147.62 sec. (90853.44 ticks, tree = 337.80 MB, solutions = 1)
  11674 10005     5540.4484   398     5465.0144     5621.8555   213626    2.87%
  11839 10145     5527.0164   362     5465.0144     5621.6981   217877    2.87%
  11915 10206     5560.3740   404     5465.0144     5621.4509   220940    2.86%
  12029 10298     5505.7444   401     5465.0144     5621.0723   224654    2.86%
  12149 10408     5527.7827   323     5465.0144     5620.8763   227337    2.85%
  12306 10559     5506.1734   392     5465.0144     5620.7540   230174    2.85%
  12391 10628     5486.8363   340     5465.0144     5620.6359   232600    2.85%
  12495 10711     5528.0240   351     5465.0144     5620.4149   235621    2.84%
  12614 10807     5505.0682   349     5465.0144     5620.1224   239092    2.84%
  12742 10918     5464.0006   397     5465.0144     5619.9274   241856    2.83%
Elapsed time = 163.27 sec. (100745.27 ticks, tree = 379.16 MB, solutions = 1)
  12892 11060     5494.0365   349     5465.0144     5619.8149   244886    2.83%
  12987 11136     5486.3982   333     5465.0144     5619.5603   248488    2.83%
  13083 11209     5504.3784   382     5465.0144     5619.3729   252639    2.82%
  13209 11318     5499.2189   370     5465.0144     5619.2330   255476    2.82%
  13341 11427     5498.4013   306     5465.0144     5618.9723   258550    2.82%
  13481 11542     5468.7384   401     5465.0144     5618.6464   261623    2.81%
  13530 11572     5479.9139   297     5465.0144     5617.9462   265352    2.80%
  13699 11718     5556.7611   446     5465.0144     5617.8816   268983    2.80%
  13830 11841     5503.1100   363     5465.0144     5617.7765   272425    2.80%
  14435 12383     5511.7242   240     5465.0144     5617.4206   285305    2.79%
Elapsed time = 183.10 sec. (113462.07 ticks, tree = 443.52 MB, solutions = 1)
  15083 12955     5506.1895   290     5465.0144     5617.0128   298413    2.78%
  15645 13426     5465.1304   333     5465.0144     5616.3809   311080    2.77%
  16221 13941     5493.6607   399     5465.0144     5615.9052   323623    2.76%
  16732 14394     5514.2814   253     5465.0144     5615.4995   335868    2.75%
  17245 14845     5485.5394   278     5465.0144     5615.0058   347727    2.74%
  17779 15299     5581.7286   439     5465.0144     5613.9262   359576    2.72%
  18350 15777     5581.4615   410     5465.0144     5612.6253   373145    2.70%
  19169 16531     5478.7804   196     5465.0144     5611.7805   385854    2.69%
  19872 17165     5565.6334   320     5465.0144     5611.4469   399557    2.68%
  20504 17709     5488.7486   266     5465.0144     5610.8404   412273    2.67%
Elapsed time = 242.34 sec. (151730.83 ticks, tree = 648.18 MB, solutions = 1)
  21023 18113     5492.0700   400     5465.0144     5610.1420   425624    2.66%
  21635 18646     5546.1871   404     5465.0144     5609.8542   437112    2.65%
  22157 19122     5484.2824   300     5465.0144     5609.5140   448664    2.64%
  22652 19541     5570.7196   418     5465.0144     5609.0883   459983    2.64%
  23363 20193     5489.8458   374     5465.0144     5608.9239   471867    2.63%
  23861 20642     5477.3142   230     5465.0144     5608.8447   483214    2.63%
  24362 21053     5492.2949   293     5465.0144     5608.2507   495462    2.62%
  25050 21665     5548.1829   409     5465.0144     5607.9088   508611    2.61%
  25690 22236     5504.0141   236     5465.0144     5607.6889   521634    2.61%
  26281 22758     5500.9446   213     5465.0144     5607.1415   535862    2.60%
Elapsed time = 301.38 sec. (190144.14 ticks, tree = 844.52 MB, solutions = 1)
  27019 23420     5476.1231   115     5465.0144     5606.7233   549073    2.59%
  27672 24008     5497.4983   213     5465.0144     5606.5567   562579    2.59%
  28255 24530     5579.4771   389     5465.0144     5606.3830   574943    2.59%
  28779 24972     5534.6778   405     5465.0144     5606.1583   587557    2.58%
  29426 25560     5562.7611   378     5465.0144     5605.8290   599238    2.58%
  30137 26201     5539.1207   271     5465.0144     5605.5065   610564    2.57%
  30756 26750     5558.7471   353     5465.0144     5604.9567   621644    2.56%
  31445 27384     5519.5201   336     5465.0144     5604.5238   633008    2.55%
  32268 28135     5532.5796   302     5465.0144     5604.1901   644906    2.55%
  32768 28579     5526.2097   354     5465.0144     5603.8519   657369    2.54%
Elapsed time = 359.22 sec. (228340.12 ticks, tree = 990.25 MB, solutions = 1)
  33469 29224     5503.7691   306     5465.0144     5603.3164   669313    2.53%
  34134 29820     5506.8027   316     5465.0144     5602.7873   682038    2.52%
  34854 30481     5549.0696   385     5465.0144     5602.5000   694010    2.52%
  35499 31052     5467.5328   216     5465.0144     5602.1536   706375    2.51%
  35986 31434     5509.4883   392     5465.0144     5601.6186   719255    2.50%
  36562 31948     5482.9836   270     5465.0144     5601.4852   731244    2.50%
  37083 32410     5521.5024   393     5465.0144     5601.1039   743153    2.49%
  37679 32952     5500.1225   345     5465.0144     5601.0451   755185    2.49%
  38137 33342     5551.7832   373     5465.0144     5600.8384   766397    2.49%
* 38737+33894                         5465.0144     5600.6735   775228    2.48%
  38863 34004     5557.8647   366     5465.0144     5600.5747   777727    2.48%
Elapsed time = 418.80 sec. (266641.55 ticks, tree = 1249.05 MB, solutions = 1)
  39495 34588     5561.5179   435     5465.0144     5600.2215   789511    2.47%
* 39737+34805                         5465.0144     5600.1655   794813    2.47%
  40179 35210     5517.3106   350     5465.0144     5599.7972   801706    2.47%
  40890 35857     5558.1591   401     5465.0144     5599.5227   813867    2.46%
  41416 36297     5510.0835   373     5465.0144     5599.2004   826736    2.46%
  42018 36836     5535.6406   424     5465.0144     5598.9430   840313    2.45%
  42581 37320     5511.0147   350     5465.0144     5598.5565   853906    2.44%
  43114 37799     5507.9418   402     5465.0144     5598.3635   867500    2.44%
  43605 38236     5547.8538   435     5465.0144     5598.0970   881659    2.44%
  44116 38683     5521.2506   322     5465.0144     5597.9864   895027    2.43%
  44680 39194     5476.8432   368     5465.0144     5597.8633   907198    2.43%
Elapsed time = 476.95 sec. (305013.32 ticks, tree = 1432.71 MB, solutions = 2)
  45319 39773     5472.3449   182     5465.0144     5597.6418   919164    2.43%
  45837 40249     5549.2316   421     5465.0144     5597.4218   930280    2.42%
  46416 40768     5499.7996   268     5465.0144     5597.1511   942295    2.42%
  47004 41279     5471.3379   337     5465.0144     5596.8813   954260    2.41%
  47521 41730     5470.3661   332     5465.0144     5596.6736   966400    2.41%
  48206 42318     5529.5103   362     5465.0144     5596.4687   977857    2.41%
  48810 42853     5562.0242   385     5465.0144     5596.2992   989929    2.40%
  49458 43428     5501.8391   384     5465.0144     5595.9920  1002822    2.40%
  50174 44083     5552.1716   392     5465.0144     5595.6718  1014949    2.39%
  50910 44759     5499.6783   288     5465.0144     5595.5411  1027697    2.39%
Elapsed time = 534.57 sec. (343356.11 ticks, tree = 1643.95 MB, solutions = 2)
  51525 45326     5501.0876   227     5465.0144     5595.4191  1040115    2.39%
  52179 45908     5503.3187   379     5465.0144     5595.0188  1053123    2.38%
  52721 46390     5496.8070   337     5465.0144     5594.8318  1065933    2.38%
  53310 46928     5501.2104   357     5465.0144     5594.6472  1078261    2.37%
  54017 47577     5520.1546   413     5465.0144     5594.4747  1089420    2.37%
  54507 47978     5507.5716   266     5465.0144     5594.1383  1102076    2.36%
  55148 48546        cutoff           5465.0144     5593.8378  1112760    2.36%
  55720 49055     5470.8223   228     5465.0144     5593.7040  1124481    2.35%
  56290 49562        cutoff           5465.0144     5593.5253  1136238    2.35%
  56875 50056     5512.5227   354     5465.0144     5593.3871  1148018    2.35%
Elapsed time = 595.92 sec. (381544.25 ticks, tree = 1954.70 MB, solutions = 2)
  57590 50699     5466.4454   285     5465.0144     5593.1832  1160068    2.35%
  58265 51294     5523.0101   408     5465.0144     5592.8820  1172501    2.34%
  58918 51894     5524.8579   379     5465.0144     5592.7191  1184404    2.34%
  59562 52474     5525.2892   389     5465.0144     5592.5216  1197265    2.33%
  60176 53023     5530.4122   363     5465.0144     5592.3130  1209693    2.33%
  60852 53634     5466.8166   395     5465.0144     5592.0019  1222240    2.32%
  61420 54130     5567.1930   412     5465.0144     5591.7409  1235894    2.32%
  62108 54776     5511.3682   375     5465.0144     5591.6008  1248462    2.32%
  62736 55342     5544.2486   390     5465.0144     5591.3713  1261073    2.31%
  63404 55955     5551.6708   407     5465.0144     5591.2017  1273282    2.31%
Elapsed time = 655.02 sec. (419817.71 ticks, tree = 2323.53 MB, solutions = 2)
  64025 56525     5465.9739   199     5465.0144     5591.1016  1285764    2.31%
  64665 57100     5536.7398   303     5465.0144     5590.9202  1297662    2.30%
  65337 57724     5543.3549   383     5465.0144     5590.7830  1309315    2.30%
  65984 58315        cutoff           5465.0144     5590.6325  1321765    2.30%
  66531 58809     5478.0563   283     5465.0144     5590.4649  1334646    2.30%
  67056 59264     5519.8083   260     5465.0144     5590.2412  1346519    2.29%
  67787 59917     5517.3486   395     5465.0144     5590.0010  1359081    2.29%
  68283 60342     5491.3809   360     5465.0144     5589.8414  1372594    2.28%
  68966 60966     5549.4813   339     5465.0144     5589.7723  1384723    2.28%
  69644 61582        cutoff           5465.0144     5589.6578  1397152    2.28%
Elapsed time = 714.21 sec. (458233.07 ticks, tree = 2547.64 MB, solutions = 2)
  70194 62078     5514.6178   373     5465.0144     5589.4293  1409410    2.28%
  70861 62684     5486.6333   332     5465.0144     5589.3203  1421961    2.27%
  71415 63168     5522.7908   236     5465.0144     5589.1836  1435823    2.27%
  72082 63765     5494.7765   322     5465.0144     5588.9535  1448704    2.27%
  72746 64372     5551.6788   328     5465.0144     5588.6163  1461160    2.26%
  73337 64900     5536.2726   388     5465.0144     5588.5005  1474082    2.26%
  74006 65503        cutoff           5465.0144     5588.3549  1487182    2.26%
  74597 66031     5564.3066   390     5465.0144     5588.1691  1499233    2.25%
  75058 66426     5499.0162   379     5465.0144     5587.9891  1512012    2.25%
  75607 66919     5542.7555   334     5465.0144     5587.8569  1523342    2.25%
Elapsed time = 773.98 sec. (496582.15 ticks, tree = 2770.95 MB, solutions = 2)
  76185 67431     5521.3123   363     5465.0144     5587.6961  1535186    2.24%
  76673 67854     5554.9519   415     5465.0144     5587.5348  1547482    2.24%
  77238 68350     5518.6098   369     5465.0144     5587.4043  1560660    2.24%
  77756 68801     5512.0762   402     5465.0144     5587.2794  1572852    2.24%
  78300 69273     5539.6035   319     5465.0144     5587.1102  1585390    2.23%
  79002 69902     5527.9712   388     5465.0144     5586.9397  1597408    2.23%
  79642 70481     5541.0955   331     5465.0144     5586.8349  1609637    2.23%
  80188 70949     5468.2388   377     5465.0144     5586.7276  1622185    2.23%
  80715 71383     5506.6745   321     5465.0144     5586.4848  1635776    2.22%
  81359 71972     5477.6607   276     5465.0144     5586.3675  1648638    2.22%
Elapsed time = 834.72 sec. (535041.14 ticks, tree = 3002.70 MB, solutions = 2)
  82013 72568     5465.9651   368     5465.0144     5586.2705  1661411    2.22%
  82752 73235     5470.7112   238     5465.0144     5586.1807  1674094    2.22%
  83491 73921     5519.1637   383     5465.0144     5586.0502  1686690    2.21%
  84045 74414     5467.8012   320     5465.0144     5585.9132  1698948    2.21%
  84676 74964     5526.7083   372     5465.0144     5585.8041  1711994    2.21%
  85432 75661     5483.3117   381     5465.0144     5585.7550  1724236    2.21%
  85936 76104     5568.4639   411     5465.0144     5585.5893  1736949    2.21%
  86481 76587     5539.3049   387     5465.0144     5585.3534  1749779    2.20%
  87089 77139     5550.3484   417     5465.0144     5585.2679  1762177    2.20%
  87601 77591     5545.2728   435     5465.0144     5585.1956  1774763    2.20%
Elapsed time = 893.87 sec. (573408.74 ticks, tree = 3223.14 MB, solutions = 2)
  88122 78057        cutoff           5465.0144     5585.0886  1787374    2.20%
  88686 78577     5495.8238   303     5465.0144     5584.9844  1799843    2.20%
  89107 78925     5514.2636   327     5465.0144     5584.7744  1812835    2.19%
  89767 79517     5508.4530   301     5465.0144     5584.6383  1824959    2.19%
  90294 79949        cutoff           5465.0144     5584.4615  1837195    2.19%
  90983 80566     5505.3130   298     5465.0144     5584.2935  1849257    2.18%
  91492 80995     5469.5836   308     5465.0144     5584.1523  1861633    2.18%
  92098 81532     5519.1371   388     5465.0144     5583.9820  1874304    2.18%
  92775 82135     5474.7562   370     5465.0144     5583.8739  1886965    2.17%
  93381 82654     5529.9457   407     5465.0144     5583.7643  1899439    2.17%
Elapsed time = 952.77 sec. (611701.75 ticks, tree = 3426.16 MB, solutions = 2)
  93999 83205     5475.0848   317     5465.0144     5583.7048  1911403    2.17%
  94682 83817     5481.3187   282     5465.0144     5583.6081  1924217    2.17%
  95263 84324     5489.2668   394     5465.0144     5583.4679  1936448    2.17%
  95820 84819     5560.6873   390     5465.0144     5583.3317  1949609    2.16%
  96376 85304     5516.3121   346     5465.0144     5583.1663  1962672    2.16%
  96921 85771     5496.8034   401     5465.0144     5583.0819  1976172    2.16%
  97512 86292     5532.8967   359     5465.0144     5582.9275  1988109    2.16%
  98093 86785     5494.6413   372     5465.0144     5582.8742  1999253    2.16%
  98762 87390     5530.7284   385     5465.0144     5582.7376  2011123    2.15%
  99428 87989     5494.0157   333     5465.0144     5582.6961  2023268    2.15%
Elapsed time = 1012.81 sec. (650050.12 ticks, tree = 3684.76 MB, solutions = 2)
 100161 88641        cutoff           5465.0144     5582.5953  2035468    2.15%
 100822 89237     5500.0463   361     5465.0144     5582.5218  2047588    2.15%
 101519 89852     5487.9670   201     5465.0144     5582.4162  2060149    2.15%
 102123 90402     5510.3803   251     5465.0144     5582.3412  2071601    2.15%
 102722 90946     5465.6305   278     5465.0144     5582.2495  2082968    2.15%
 103327 91487     5510.3911   330     5465.0144     5582.1737  2095338    2.14%
 103996 92060     5494.7256   376     5465.0144     5582.0760  2107156    2.14%
 104660 92626     5482.6117   304     5465.0144     5581.9714  2119322    2.14%
 105241 93123     5550.2357   410     5465.0144     5581.7431  2131754    2.14%
 105887 93702        cutoff           5465.0144     5581.6292  2144963    2.13%
Elapsed time = 1073.04 sec. (688347.29 ticks, tree = 3977.37 MB, solutions = 2)
 106560 94288     5538.6865   400     5465.0144     5581.4629  2157657    2.13%
 107245 94914     5529.7698   399     5465.0144     5581.3675  2171136    2.13%
 107905 95529        cutoff           5465.0144     5581.3031  2183776    2.13%
 108588 96134     5514.8899   255     5465.0144     5581.2236  2195844    2.13%
 109307 96772     5514.5103   335     5465.0144     5581.0981  2208218    2.12%
 109870 97270     5518.9736   413     5465.0144     5580.9239  2220251    2.12%
Began writing nodes to disk (directory ./cpx6IK8bq created)
 110446 97784     5465.7837   364     5465.0144     5580.8221  2232232    2.12%
 111024 98269     5470.3680   266     5465.0144     5580.6931  2243720    2.12%
 111619 98787     5512.5265   418     5465.0144     5580.5581  2256286    2.11%
 112140 99255     5473.6750   342     5465.0144     5580.4010  2268912    2.11%
Elapsed time = 1134.74 sec. (726894.63 ticks, tree = 4210.00 MB, solutions = 2)
Nodefile size = 114.25 MB
 112792 99851     5550.2171   416     5465.0144     5580.2567  2281615    2.11%
 113376 100381     5518.1713   275     5465.0144     5580.1664  2294182    2.11%
 114066 101013        cutoff           5465.0144     5580.0601  2306712    2.11%
 114685 101578     5549.9328   384     5465.0144     5579.9816  2318690    2.10%
 115220 102050     5498.9291   383     5465.0144     5579.8591  2331823    2.10%
 115757 102496        cutoff           5465.0144     5579.6967  2343871    2.10%
 116320 102995     5479.3142   383     5465.0144     5579.6131  2355646    2.10%
 116934 103543     5555.2734   358     5465.0144     5579.4882  2367982    2.09%
 117555 104087     5514.8976   286     5465.0144     5579.3504  2379566    2.09%
 118230 104689     5532.0478   378     5465.0144     5579.1944  2392236    2.09%
Elapsed time = 1195.70 sec. (765206.80 ticks, tree = 4360.23 MB, solutions = 2)
Nodefile size = 264.76 MB
 118851 105230     5497.6120   228     5465.0144     5579.0929  2404213    2.09%
 119436 105737     5530.6795   284     5465.0144     5579.0266  2415991    2.09%
 119941 106164     5526.8244   346     5465.0144     5578.9191  2428227    2.08%
 120597 106735     5486.9450   379     5465.0144     5578.8111  2441299    2.08%
 121271 107350     5466.7265   280     5465.0144     5578.7910  2454049    2.08%
 121930 107946     5475.1394   191     5465.0144     5578.6886  2466152    2.08%
 122495 108447     5529.0139   396     5465.0144     5578.6076  2477757    2.08%
 123087 108983     5490.5451   278     5465.0144     5578.5277  2490347    2.08%
 123753 109582        cutoff           5465.0144     5578.4232  2502191    2.08%
 124469 110221     5532.2130   310     5465.0144     5578.3105  2514498    2.07%
Elapsed time = 1259.78 sec. (803481.57 ticks, tree = 4648.09 MB, solutions = 2)
Nodefile size = 552.46 MB
 124993 110677     5544.6008   388     5465.0144     5578.2152  2527491    2.07%
 125575 111187     5529.0350   382     5465.0144     5578.1495  2539713    2.07%
 126168 111706     5469.3045   361     5465.0144     5578.0599  2551826    2.07%
 126721 112187     5486.2552   368     5465.0144     5577.9573  2563672    2.07%
 127296 112714     5531.0538   376     5465.0144     5577.8289  2576073    2.06%
 127767 113106     5502.0623   222     5465.0144     5577.7304  2588514    2.06%
 128374 113653     5489.9770   231     5465.0144     5577.5856  2600324    2.06%
 128934 114153     5521.0891   397     5465.0144     5577.5251  2613311    2.06%
 129464 114628        cutoff           5465.0144     5577.4356  2626029    2.06%
 129966 115017     5551.4963   412     5465.0144     5577.2974  2638349    2.05%
Elapsed time = 1322.00 sec. (841863.63 ticks, tree = 4800.82 MB, solutions = 2)
Nodefile size = 705.25 MB
 130569 115528     5514.0458   312     5465.0144     5577.1526  2650644    2.05%
 131199 116077     5467.9933   349     5465.0144     5577.0998  2662429    2.05%
 131810 116619     5546.3858   390     5465.0144     5577.0078  2673816    2.05%
 132416 117163     5537.5836   257     5465.0144     5576.9025  2685861    2.05%
 132967 117630     5539.8884   439     5465.0144     5576.7787  2697726    2.05%
 133568 118160     5470.5724   259     5465.0144     5576.7087  2710070    2.04%
 134219 118723     5529.1854   373     5465.0144     5576.6304  2721818    2.04%
 134912 119355     5487.7891   205     5465.0144     5576.5296  2734220    2.04%
 135430 119814     5540.4015   404     5465.0144     5576.4756  2746611    2.04%
 136000 120311     5516.8296   383     5465.0144     5576.3776  2759325    2.04%
Elapsed time = 1385.67 sec. (880197.51 ticks, tree = 5105.87 MB, solutions = 2)
Nodefile size = 1010.70 MB
 136537 120764     5465.9908   242     5465.0144     5576.2415  2772642    2.04%
 137134 121293     5465.6515   357     5465.0144     5576.1580  2786232    2.03%
 137712 121799     5488.0985   214     5465.0144     5576.0616  2799424    2.03%
 138454 122468     5474.5007   202     5465.0144     5575.9581  2811928    2.03%
 139112 123043     5510.4760   399     5465.0144     5575.8643  2824339    2.03%
 139758 123618     5545.5758   374     5465.0144     5575.8014  2836348    2.03%
 140404 124183     5504.9102   224     5465.0144     5575.6594  2847644    2.02%
 141058 124762     5492.1441   390     5465.0144     5575.6008  2859641    2.02%
 141729 125367     5489.2552   318     5465.0144     5575.5245  2871050    2.02%
 142263 125831     5476.4000   235     5465.0144     5575.4516  2883099    2.02%
Elapsed time = 1448.71 sec. (918542.61 ticks, tree = 5352.09 MB, solutions = 2)
Nodefile size = 1256.17 MB
 142851 126330     5508.4004   361     5465.0144     5575.3795  2896794    2.02%
 143400 126813     5537.9133   298     5465.0144     5575.2863  2909651    2.02%
 143965 127313     5549.2792   337     5465.0144     5575.1632  2922231    2.02%
 144402 127668     5505.9954   343     5465.0144     5575.0428  2934695    2.01%
 144974 128174     5474.7461   268     5465.0144     5574.9464  2947315    2.01%
 145508 128656     5543.6854   396     5465.0144     5574.8141  2959986    2.01%
 146091 129185     5480.4633   319     5465.0144     5574.7297  2973589    2.01%
 146764 129795     5540.5301   287     5465.0144     5574.6006  2986333    2.01%
 147259 130207     5505.1433   314     5465.0144     5574.5063  2999937    2.00%
 147860 130742     5515.4095   346     5465.0144     5574.4672  3013265    2.00%
Elapsed time = 1506.08 sec. (956931.07 ticks, tree = 5355.02 MB, solutions = 2)
Nodefile size = 1259.10 MB
 148401 131223     5526.5244   230     5465.0144     5574.4196  3027204    2.00%
 149033 131787     5470.8099   308     5465.0144     5574.3457  3039793    2.00%
 149702 132383     5528.5881   255     5465.0144     5574.3042  3052599    2.00%
 150301 132879     5488.0908   336     5465.0144     5574.2036  3065491    2.00%
 150910 133384     5527.5935   321     5465.0144     5574.0462  3077864    2.00%
 151647 134058     5466.0645   282     5465.0144     5573.9102  3089674    1.99%
 152313 134630     5539.9628   326     5465.0144     5573.8409  3101363    1.99%
 152936 135172     5493.4842   248     5465.0144     5573.7708  3113410    1.99%
 153457 135586     5469.3794   417     5465.0144     5573.6405  3125277    1.99%
 154092 136145     5545.4192   389     5465.0144     5573.4923  3136981    1.98%
Elapsed time = 1570.58 sec. (995166.51 ticks, tree = 5619.53 MB, solutions = 2)
Nodefile size = 1524.17 MB
 154685 136652     5536.8073   434     5465.0144     5573.2997  3148554    1.98%
 155305 137202     5489.5276   385     5465.0144     5573.2412  3159686    1.98%
 155875 137682     5544.8442   399     5465.0144     5573.1389  3171428    1.98%
 156577 138312     5539.7906   308     5465.0144     5573.0952  3183194    1.98%
 157137 138800     5518.3883   311     5465.0144     5573.0454  3195396    1.98%
 157699 139285     5502.9515   356     5465.0144     5572.9680  3206972    1.98%
 158278 139771     5499.7987   393     5465.0144     5572.9316  3219340    1.97%
 158819 140241     5530.6209   384     5465.0144     5572.8673  3231022    1.97%
 159400 140744     5480.0058   403     5465.0144     5572.8012  3243396    1.97%
 160110 141387     5565.6432   282     5465.0144     5572.7053  3254789    1.97%
Elapsed time = 1636.36 sec. (1033427.86 ticks, tree = 5967.30 MB, solutions = 2)
Nodefile size = 1871.42 MB
 160804 141980     5525.8816   292     5465.0144     5572.5788  3266571    1.97%
 161368 142452     5479.8935   225     5465.0144     5572.4473  3278687    1.97%
 161994 143000     5543.1958   378     5465.0144     5572.3759  3290732    1.96%
 162677 143618     5511.7051   344     5465.0144     5572.3093  3302744    1.96%
 163412 144247     5487.4899   379     5465.0144     5572.2519  3314839    1.96%
 164115 144880     5519.6449   321     5465.0144     5572.2003  3327233    1.96%
 164737 145402     5480.7300   256     5465.0144     5572.1196  3339429    1.96%
 165487 146093     5505.6089   306     5465.0144     5572.0674  3350757    1.96%
 166191 146731     5523.4344   412     5465.0144     5571.9771  3362863    1.96%
 166787 147250     5512.0320   419     5465.0144     5571.8759  3374975    1.96%
Elapsed time = 1702.21 sec. (1071702.53 ticks, tree = 6355.47 MB, solutions = 2)
Nodefile size = 2260.06 MB
 167279 147655        cutoff           5465.0144     5571.7630  3387115    1.95%
 167881 148184     5501.0458   374     5465.0144     5571.6930  3398871    1.95%
 168527 148763     5476.9365   222     5465.0144     5571.6179  3410750    1.95%
 169063 149216     5479.9612   351     5465.0144     5571.5351  3423591    1.95%
 169683 149742     5552.5823   346     5465.0144     5571.4503  3436763    1.95%
 170407 150387     5489.5555   189     5465.0144     5571.3628  3449477    1.95%
 170950 150843     5538.1688   303     5465.0144     5571.3243  3462061    1.95%
 171517 151353     5523.6748   392     5465.0144     5571.2729  3473620    1.94%
 172140 151882     5531.2307   396     5465.0144     5571.1713  3485103    1.94%
 172664 152320     5545.6880   296     5465.0144     5571.1165  3496559    1.94%
Elapsed time = 1764.83 sec. (1110019.70 ticks, tree = 6510.84 MB, solutions = 2)
Nodefile size = 2415.01 MB
 173220 152779     5531.3661   317     5465.0144     5571.0306  3507964    1.94%
 173773 153239     5465.6642   349     5465.0144     5571.0067  3518635    1.94%
 174405 153790     5515.6610   302     5465.0144     5570.9152  3530786    1.94%
 175070 154384     5539.6210   329     5465.0144     5570.8614  3542600    1.94%
 175617 154869     5503.1956   225     5465.0144     5570.7729  3554048    1.94%
 176261 155434     5545.0972   357     5465.0144     5570.6878  3565369    1.93%
 176845 155949     5475.7659   341     5465.0144     5570.6521  3577115    1.93%
 177348 156375        cutoff           5465.0144     5570.5917  3589283    1.93%
 177960 156904     5507.9846   381     5465.0144     5570.5227  3601536    1.93%
 178516 157378     5536.8251   273     5465.0144     5570.4508  3614985    1.93%
Elapsed time = 1833.25 sec. (1148429.32 ticks, tree = 6763.79 MB, solutions = 2)
Nodefile size = 2667.90 MB
 179018 157802     5552.3429   397     5465.0144     5570.3861  3628117    1.93%
 179585 158292     5536.3587   342     5465.0144     5570.3033  3640813    1.93%
 180178 158780        cutoff           5465.0144     5570.1849  3653183    1.92%
 180776 159308     5520.9696   275     5465.0144     5570.0949  3665123    1.92%
 181446 159912     5478.3965   272     5465.0144     5570.0562  3676963    1.92%
 182015 160421     5513.9330   248     5465.0144     5569.9856  3689058    1.92%
 182618 160958     5470.9386   219     5465.0144     5569.9278  3701294    1.92%
 183299 161556     5489.2181   294     5465.0144     5569.8703  3713069    1.92%
 183944 162124     5551.2335   343     5465.0144     5569.8096  3724485    1.92%
 184624 162737     5486.3433   243     5465.0144     5569.7657  3736233    1.92%
Elapsed time = 1898.11 sec. (1186640.64 ticks, tree = 7049.92 MB, solutions = 2)
Nodefile size = 2954.90 MB
 185235 163263     5534.2528   348     5465.0144     5569.7164  3748464    1.92%
 185817 163789     5472.9646   307     5465.0144     5569.6266  3761105    1.91%
 186337 164234     5467.8287   332     5465.0144     5569.5445  3774790    1.91%
 187000 164815     5490.7986   309     5465.0144     5569.4744  3787041    1.91%
 187526 165237     5500.6788   180     5465.0144     5569.3225  3798788    1.91%
 188227 165863     5502.9654   305     5465.0144     5569.2402  3810476    1.91%
 188779 166331     5469.4033   181     5465.0144     5569.1605  3822267    1.91%
 189247 166739        cutoff           5465.0144     5569.1074  3833660    1.90%
 189704 167109     5476.7251   248     5465.0144     5569.0440  3846249    1.90%
 190297 167616     5496.9919   366     5465.0144     5568.9361  3857548    1.90%
Elapsed time = 1962.58 sec. (1224828.52 ticks, tree = 7265.46 MB, solutions = 2)
Nodefile size = 3169.77 MB
 190856 168100     5476.4816   310     5465.0144     5568.8881  3869379    1.90%
 191427 168608     5518.6937   357     5465.0144     5568.8323  3881263    1.90%
 191913 169031     5467.2536   238     5465.0144     5568.7806  3894315    1.90%
 192464 169495     5484.2435   393     5465.0144     5568.6802  3907332    1.90%
 192883 169861     5523.2386   297     5465.0144     5568.6345  3919810    1.90%
 193474 170396     5470.5830   314     5465.0144     5568.5568  3931332    1.89%
 193938 170752     5516.1350   295     5465.0144     5568.5052  3943031    1.89%
 194546 171262     5469.3200   318     5465.0144     5568.4314  3955021    1.89%
 195194 171825        cutoff           5465.0144     5568.3746  3966985    1.89%
 195757 172291     5472.1402   307     5465.0144     5568.3120  3979127    1.89%
Elapsed time = 2025.88 sec. (1263114.50 ticks, tree = 7475.21 MB, solutions = 2)
Nodefile size = 3379.85 MB
 196346 172781     5554.5007   373     5465.0144     5568.2394  3991226    1.89%
 196947 173318     5484.6432   376     5465.0144     5568.2020  4002504    1.89%
 197669 173954     5539.4474   368     5465.0144     5568.1399  4014467    1.89%
 198103 174289     5505.1297   306     5465.0144     5568.0840  4027756    1.89%
 198589 174706        cutoff           5465.0144     5568.0464  4041455    1.89%
 199096 175144     5503.1640   384     5465.0144     5568.0052  4054568    1.88%
 199649 175615     5513.4932   289     5465.0144     5567.9044  4066540    1.88%
 200216 176077     5492.8631   278     5465.0144     5567.8132  4078984    1.88%
 200830 176589     5504.5984   342     5465.0144     5567.7719  4090873    1.88%
 201471 177152     5472.1643   295     5465.0144     5567.6802  4102658    1.88%
Elapsed time = 2091.20 sec. (1301450.99 ticks, tree = 7723.13 MB, solutions = 2)
Nodefile size = 3628.09 MB
 202097 177692     5521.9714   290     5465.0144     5567.6385  4120573    1.88%
 202657 178164     5517.4332   361     5465.0144     5567.5582  4135353    1.88%
 203286 178731     5536.3588   351     5465.0144     5567.5007  4148099    1.88%
 203799 179180     5493.4680   375     5465.0144     5567.4634  4161067    1.87%
 204256 179529     5491.3171   272     5465.0144     5567.3673  4173039    1.87%
 204810 179988     5502.2581   398     5465.0144     5567.3293  4185112    1.87%
 205338 180427     5513.8363   395     5465.0144     5567.2652  4196022    1.87%
 205881 180891     5485.2845   404     5465.0144     5567.2327  4208308    1.87%
 206357 181266     5516.7918   325     5465.0144     5567.1641  4220422    1.87%
 206999 181820     5539.9227   292     5465.0144     5567.1266  4231745    1.87%
Elapsed time = 2155.51 sec. (1339680.35 ticks, tree = 7894.21 MB, solutions = 2)
Nodefile size = 3798.96 MB
 207533 182253     5513.3918   335     5465.0144     5567.0466  4243475    1.87%
 208053 182709     5486.7043   389     5465.0144     5567.0057  4256061    1.87%
 208759 183334     5469.2972   172     5465.0144     5566.9659  4268149    1.87%
 209259 183764     5477.9917   157     5465.0144     5566.9327  4280643    1.86%
 209792 184200     5536.1789   414     5465.0144     5566.8839  4293418    1.86%
 210352 184709     5491.4898   205     5465.0144     5566.8507  4304956    1.86%
 210947 185232     5479.4150   316     5465.0144     5566.8194  4316701    1.86%
 211419 185587     5506.8250   315     5465.0144     5566.7534  4328376    1.86%
 212117 186215     5492.1739   190     5465.0144     5566.7125  4339176    1.86%
 212789 186774     5465.2961   227     5465.0144     5566.6253  4350519    1.86%
Elapsed time = 2217.61 sec. (1377958.50 ticks, tree = 8076.62 MB, solutions = 2)
Nodefile size = 3980.84 MB
 213352 187224     5492.6158   423     5465.0144     5566.5279  4362113    1.86%
 213927 187709     5537.1658   393     5465.0144     5566.5050  4373584    1.86%
 214486 188182     5479.9654   372     5465.0144     5566.4596  4385731    1.86%
 215001 188603     5480.7258   405     5465.0144     5566.4215  4399578    1.86%
 215688 189218     5537.5933   388     5465.0144     5566.3886  4412759    1.85%
 216267 189716     5524.5956   365     5465.0144     5566.3359  4426019    1.85%
 216847 190206     5520.8396   378     5465.0144     5566.2582  4438258    1.85%
 217486 190772        cutoff           5465.0144     5566.2116  4451079    1.85%
 218147 191348     5475.6992   166     5465.0144     5566.1578  4463106    1.85%
 218848 191946     5466.6741   300     5465.0144     5566.1373  4475460    1.85%
Elapsed time = 2282.53 sec. (1416327.01 ticks, tree = 8272.80 MB, solutions = 2)
Nodefile size = 4176.93 MB
 219407 192403     5470.7465   396     5465.0144     5566.0437  4488134    1.85%
 219954 192859     5483.9943   282     5465.0144     5566.0246  4500197    1.85%
 220646 193443     5505.0595   362     5465.0144     5565.9806  4512056    1.85%
 221277 193988     5488.0916   343     5465.0144     5565.9288  4524453    1.85%
 221899 194530     5536.5383   334     5465.0144     5565.8790  4536418    1.85%
 222529 195078     5527.5148   396     5465.0144     5565.8618  4548928    1.85%
 223085 195546        cutoff           5465.0144     5565.8110  4562023    1.84%
 223582 195976     5543.1029   427     5465.0144     5565.7582  4575246    1.84%
 224197 196498     5476.3815   359     5465.0144     5565.6968  4587504    1.84%
 224701 196898     5538.0917   381     5465.0144     5565.6311  4599698    1.84%
Elapsed time = 2347.82 sec. (1454660.52 ticks, tree = 8529.35 MB, solutions = 2)
Nodefile size = 4434.23 MB
 225336 197462     5498.0753   377     5465.0144     5565.5951  4611343    1.84%
 225875 197929     5477.5904   264     5465.0144     5565.5509  4623237    1.84%
 226480 198446     5466.1276   224     5465.0144     5565.5134  4635971    1.84%
 226955 198844     5540.4782   404     5465.0144     5565.4893  4648399    1.84%
 227522 199320     5525.5653   288     5465.0144     5565.4601  4659823    1.84%
 228042 199752     5483.3888   259     5465.0144     5565.3848  4671740    1.84%
 228643 200261     5470.7934   274     5465.0144     5565.3471  4682877    1.84%
 229204 200742     5503.5519   370     5465.0144     5565.3005  4695511    1.84%
 229759 201221     5501.3902   385     5465.0144     5565.2692  4707726    1.83%
 230241 201612     5481.5266   182     5465.0144     5565.2274  4720574    1.83%
Elapsed time = 2409.71 sec. (1493030.86 ticks, tree = 8704.63 MB, solutions = 2)
Nodefile size = 4609.53 MB
 230828 202096     5521.5809   397     5465.0144     5565.1637  4733430    1.83%
 231377 202571     5509.9791   383     5465.0144     5565.1186  4745256    1.83%
 231988 203093     5494.9902   376     5465.0144     5565.0746  4757230    1.83%
 232606 203611     5516.9555   415     5465.0144     5565.0334  4769227    1.83%
 233155 204062     5526.9659   375     5465.0144     5564.9378  4781017    1.83%
 233814 204633        cutoff           5465.0144     5564.9037  4795337    1.83%
 234487 205231     5505.5103   309     5465.0144     5564.8460  4807924    1.83%
 235055 205694     5527.9135   358     5465.0144     5564.7941  4819965    1.83%
 235648 206204     5508.2466   283     5465.0144     5564.7553  4832377    1.83%
 236255 206722     5508.3756   361     5465.0144     5564.7082  4844363    1.82%
Elapsed time = 2475.34 sec. (1531328.38 ticks, tree = 8972.63 MB, solutions = 2)
Nodefile size = 4877.49 MB
 236795 207194     5538.1824   346     5465.0144     5564.6638  4856789    1.82%
 237507 207843     5472.5915   377     5465.0144     5564.6063  4868710    1.82%
 238127 208365     5522.6228   227     5465.0144     5564.5531  4881413    1.82%
 238701 208855        cutoff           5465.0144     5564.5095  4892868    1.82%
 239343 209411     5526.2579   385     5465.0144     5564.4407  4905212    1.82%
 240079 210070     5529.7804   361     5465.0144     5564.3782  4917877    1.82%
 240661 210592     5488.8080   356     5465.0144     5564.3370  4930216    1.82%
 241301 211112     5449.0555   315     5465.0144     5564.2787  4942233    1.82%
 241955 211703     5465.9460   361     5465.0144     5564.2469  4954462    1.82%
 242568 212216     5542.4460   364     5465.0144     5564.1958  4966052    1.81%
Elapsed time = 2540.35 sec. (1569603.84 ticks, tree = 9220.28 MB, solutions = 2)
Nodefile size = 5124.85 MB
 243227 212786     5526.0456   349     5465.0144     5564.1481  4978318    1.81%
 243901 213380     5492.8992   305     5465.0144     5564.1151  4990624    1.81%
 244517 213921     5529.9816   326     5465.0144     5564.0765  5002039    1.81%
 245156 214468     5556.8501   405     5465.0144     5564.0394  5013906    1.81%
 245762 215019        cutoff           5465.0144     5564.0071  5025371    1.81%
 246389 215565     5505.5885   402     5465.0144     5563.9360  5038056    1.81%
 246981 216055     5520.9608   380     5465.0144     5563.9028  5050410    1.81%
 247496 216501     5524.4641   286     5465.0144     5563.8692  5063805    1.81%
 248060 217000     5478.3292   373     5465.0144     5563.8348  5075935    1.81%
 248576 217415     5489.8314   233     5465.0144     5563.7742  5087975    1.81%
Elapsed time = 2602.75 sec. (1607862.06 ticks, tree = 9399.94 MB, solutions = 2)
Nodefile size = 5304.05 MB
 249264 218013        cutoff           5465.0144     5563.7428  5100106    1.81%
 249753 218413     5467.4577   327     5465.0144     5563.6832  5111704    1.81%
 250389 218944     5512.2702   389     5465.0144     5563.6193  5123698    1.80%
 251034 219496     5513.7965   364     5465.0144     5563.5726  5135313    1.80%
 251566 219942     5475.1410   234     5465.0144     5563.5184  5147185    1.80%
 252239 220505     5521.4403   380     5465.0144     5563.4836  5158705    1.80%
 252841 221015        cutoff           5465.0144     5563.4405  5170827    1.80%
 253403 221464     5530.5221   411     5465.0144     5563.3834  5183594    1.80%
 254039 222032     5524.5300   378     5465.0144     5563.3544  5197435    1.80%
 254700 222631     5483.9223   196     5465.0144     5563.2957  5210225    1.80%
Elapsed time = 2666.66 sec. (1646074.95 ticks, tree = 9611.60 MB, solutions = 2)
Nodefile size = 5515.65 MB
 255314 223157     5503.3396   328     5465.0144     5563.2763  5224082    1.80%
 255842 223603     5472.1336   296     5465.0144     5563.2307  5237731    1.80%
 256449 224130     5512.3111   287     5465.0144     5563.2034  5250219    1.80%
 257131 224743     5465.0838   238     5465.0144     5563.1499  5262360    1.80%
 257656 225191     5489.5418   355     5465.0144     5563.1213  5274510    1.80%
 258287 225743     5521.3147   345     5465.0144     5563.0757  5286642    1.79%
 258946 226341     5538.4713   265     5465.0144     5563.0502  5298775    1.79%
 259553 226859     5526.0327   274     5465.0144     5563.0034  5310840    1.79%
 260120 227347     5473.4124   209     5465.0144     5562.9664  5322696    1.79%
 260730 227867     5478.9047   326     5465.0144     5562.9394  5334739    1.79%
Elapsed time = 2730.75 sec. (1684279.24 ticks, tree = 9871.78 MB, solutions = 2)
Nodefile size = 5775.88 MB
 261231 228282     5494.0423   356     5465.0144     5562.8966  5346144    1.79%
 261902 228850     5521.4945   311     5465.0144     5562.8599  5357780    1.79%
 262592 229469     5545.2808   382     5465.0144     5562.8076  5369359    1.79%
 263236 230042     5467.6016   248     5465.0144     5562.7684  5381500    1.79%
 263826 230551     5488.0911   306     5465.0144     5562.7189  5392832    1.79%
 264431 231073     5479.8123   278     5465.0144     5562.6771  5404816    1.79%
 265074 231639     5496.6638   398     5465.0144     5562.6396  5416490    1.79%
 265623 232112     5499.9316   193     5465.0144     5562.6059  5428570    1.79%
 266261 232685     5535.7850   371     5465.0144     5562.5751  5440576    1.79%
 266874 233215     5474.5007   288     5465.0144     5562.5490  5453201    1.78%
Elapsed time = 2794.88 sec. (1722551.56 ticks, tree = 10125.75 MB, solutions = 2)
Nodefile size = 6029.92 MB
 267342 233598     5520.0302   391     5465.0144     5562.4919  5465158    1.78%
 267947 234112     5542.7562   337     5465.0144     5562.4420  5477060    1.78%
 268574 234668     5502.0268   345     5465.0144     5562.4150  5487408    1.78%
 269186 235213     5485.7646   310     5465.0144     5562.3946  5498648    1.78%
 269778 235712     5487.1989   399     5465.0144     5562.3393  5510988    1.78%
 270159 236000     5503.0348   350     5465.0144     5562.2907  5524315    1.78%
 270790 236545        cutoff           5465.0144     5562.2354  5536764    1.78%
 271349 237040     5489.0663   386     5465.0144     5562.2015  5549112    1.78%
 271816 237420     5494.6371   329     5465.0144     5562.1594  5562001    1.78%
 272192 237702     5511.6037   402     5465.0144     5562.1304  5575778    1.78%
Elapsed time = 2857.73 sec. (1760834.45 ticks, tree = 10255.92 MB, solutions = 2)
Nodefile size = 6160.27 MB
 272887 238326     5507.7527   296     5465.0144     5562.0961  5588567    1.78%
 273471 238842     5480.8414   299     5465.0144     5562.0773  5601393    1.78%
 274052 239334     5524.9234   381     5465.0144     5562.0372  5614480    1.78%
 274639 239856     5542.8074   377     5465.0144     5562.0093  5627812    1.77%
 275289 240426     5500.4235   275     5465.0144     5561.9731  5640551    1.77%
 275931 240989     5511.0407   332     5465.0144     5561.9424  5653417    1.77%
 276534 241497     5537.8549   414     5465.0144     5561.9087  5666238    1.77%
 277196 242108     5506.6798   392     5465.0144     5561.8861  5678645    1.77%
 277786 242601     5530.1724   410     5465.0144     5561.8596  5691699    1.77%
 278310 243048     5485.1223   245     5465.0144     5561.8301  5705020    1.77%
Elapsed time = 2917.89 sec. (1799109.26 ticks, tree = 10258.40 MB, solutions = 2)
Nodefile size = 6162.78 MB
 278886 243537     5466.6300   320     5465.0144     5561.7866  5717570    1.77%
 279461 244022        cutoff           5465.0144     5561.7567  5729807    1.77%
 280038 244502     5508.4697   279     5465.0144     5561.6920  5740863    1.77%
 280637 245028     5517.5204   392     5465.0144     5561.6703  5752790    1.77%
 281336 245649     5521.6667   374     5465.0144     5561.6408  5764701    1.77%
 282007 246250     5491.5570   211     5465.0144     5561.6218  5776671    1.77%
 282624 246791     5475.0591   323     5465.0144     5561.5918  5789284    1.77%
 283295 247388     5470.6160   300     5465.0144     5561.5575  5801937    1.77%
 283930 247951     5482.5915   332     5465.0144     5561.5157  5813162    1.77%
 284556 248498     5480.5912   344     5465.0144     5561.4843  5824622    1.77%
Elapsed time = 2988.80 sec. (1837330.94 ticks, tree = 10524.96 MB, solutions = 2)
Nodefile size = 6429.12 MB
 285090 248936        cutoff           5465.0144     5561.4226  5836522    1.76%
 285727 249483     5474.9147   396     5465.0144     5561.3898  5848564    1.76%
 286256 249912     5499.6668   350     5465.0144     5561.3394  5859711    1.76%
 286917 250494     5465.1729   261     5465.0144     5561.3109  5871409    1.76%
 287425 250910     5519.1601   408     5465.0144     5561.2763  5883058    1.76%
 288020 251440     5465.9199   373     5465.0144     5561.2526  5894109    1.76%
 288621 251956     5516.1108   312     5465.0144     5561.2068  5905939    1.76%
 289251 252476     5502.7917   332     5465.0144     5561.1608  5917875    1.76%
 289737 252883     5489.0539   276     5465.0144     5561.1267  5929464    1.76%
 290380 253448        cutoff           5465.0144     5561.1062  5940664    1.76%
Elapsed time = 3059.63 sec. (1875818.65 ticks, tree = 10859.17 MB, solutions = 2)
Nodefile size = 6763.60 MB
 291036 254027        cutoff           5465.0144     5561.0861  5951951    1.76%
 291686 254599     5491.0694   399     5465.0144     5561.0382  5963391    1.76%
 292273 255091     5546.2961   272     5465.0144     5560.9809  5974900    1.76%
 292841 255562     5466.8857   155     5465.0144     5560.9456  5986315    1.76%
 293483 256119     5482.3178   346     5465.0144     5560.9100  5998037    1.75%
 294122 256684     5496.4154   210     5465.0144     5560.8945  6009483    1.75%
 294661 257127     5482.3836   311     5465.0144     5560.8416  6021344    1.75%
 295304 257657     5483.1237   281     5465.0144     5560.8135  6033597    1.75%
 295866 258126     5534.4431   334     5465.0144     5560.7671  6045107    1.75%
 296491 258670     5547.3852   376     5465.0144     5560.7267  6057511    1.75%
Elapsed time = 3128.27 sec. (1914157.49 ticks, tree = 11209.99 MB, solutions = 2)
Nodefile size = 7114.17 MB
 297172 259275     5481.1153   304     5465.0144     5560.6993  6069268    1.75%
 297835 259849        cutoff           5465.0144     5560.6731  6081083    1.75%
 298375 260254     5525.2308   372     5465.0144     5560.6277  6093092    1.75%
 298941 260730     5526.0691   386     5465.0144     5560.5856  6104950    1.75%
 299551 261252     5467.5375   323     5465.0144     5560.5615  6117166    1.75%
 300162 261789     5516.8455   357     5465.0144     5560.5277  6129617    1.75%
 300793 262326     5513.3219   388     5465.0144     5560.4980  6141588    1.75%
 301341 262779     5514.2117   406     5465.0144     5560.4690  6154175    1.75%
 301858 263198     5538.9364   386     5465.0144     5560.4316  6166927    1.75%
 302462 263672     5467.6729   162     5465.0144     5560.3848  6178925    1.75%
Elapsed time = 3193.68 sec. (1952442.60 ticks, tree = 11478.46 MB, solutions = 2)
Nodefile size = 7382.67 MB
 303035 264159     5477.0760   364     5465.0144     5560.3298  6191453    1.74%
 303695 264725     5510.1717   274     5465.0144     5560.2991  6204668    1.74%
 304317 265273     5484.1126   230     5465.0144     5560.2706  6216473    1.74%
 304987 265849     5495.6430   359     5465.0144     5560.2004  6229053    1.74%
 305646 266438     5540.5160   406     5465.0144     5560.1792  6241415    1.74%
 306261 266995     5509.1066   360     5465.0144     5560.1553  6252303    1.74%
 306869 267519     5515.7616   241     5465.0144     5560.0989  6264358    1.74%
 307196 267811     5482.7041   287     5465.0144     5560.0728  6269241    1.74%
 307427 268009     5513.0237   337     5465.0144     5560.0647  6273253    1.74%
 307637 268181     5521.5336   275     5465.0144     5560.0478  6278487    1.74%
Elapsed time = 3262.79 sec. (1993417.16 ticks, tree = 11717.70 MB, solutions = 2)
Nodefile size = 7622.30 MB
 307837 268367     5487.3698   338     5465.0144     5560.0444  6281659    1.74%
 307937 268460     5481.8750   224     5465.0144     5560.0403  6283404    1.74%
 308037 268545     5509.4735   285     5465.0144     5560.0332  6285527    1.74%
 308154 268628        cutoff           5465.0144     5560.0232  6287581    1.74%
 308237 268704     5531.2934   381     5465.0144     5559.9973  6288935    1.74%
 308437 268894     5483.1586   366     5465.0144     5559.9914  6292261    1.74%
 308537 268987     5467.4523   158     5465.0144     5559.9897  6293863    1.74%
 308637 269082     5488.6311   158     5465.0144     5559.9883  6294752    1.74%
 308937 269330     5496.9201   356     5465.0144     5559.9603  6302256    1.74%
 309037 269411     5485.2303   339     5465.0144     5559.9506  6304410    1.74%
Elapsed time = 3376.59 sec. (2061907.32 ticks, tree = 11768.46 MB, solutions = 2)
Nodefile size = 7673.21 MB
 309176 269535     5466.7624   254     5465.0144     5559.9420  6307053    1.74%
 309237 269592     5466.6747   199     5465.0144     5559.9402  6308203    1.74%
 309337 269683     5519.8110   226     5465.0144     5559.9337  6310768    1.74%
 309437 269779     5475.7319   231     5465.0144     5559.9280  6312225    1.74%
 309689 269972     5484.7781   303     5465.0144     5559.9055  6319073    1.74%
 310137 270372     5540.0431   362     5465.0144     5559.8926  6326936    1.74%
 310437 270638     5512.8537   323     5465.0144     5559.8658  6332865    1.74%
 310796 270933     5495.5182   286     5465.0144     5559.8414  6340095    1.74%
 311137 271216     5521.5536   280     5465.0144     5559.8312  6346878    1.73%
 311462 271471     5498.1696   264     5465.0144     5559.8135  6353012    1.73%
Elapsed time = 3468.79 sec. (2115646.41 ticks, tree = 11867.98 MB, solutions = 2)
Nodefile size = 7771.99 MB
 311829 271782     5490.4712   223     5465.0144     5559.7972  6361310    1.73%
 312037 271963     5479.1441   336     5465.0144     5559.7802  6365967    1.73%
 312137 272016     5490.6227   310     5465.0144     5559.7596  6368958    1.73%
 312437 272271     5510.2015   280     5465.0144     5559.7508  6376002    1.73%
 312823 272625     5477.2851   385     5465.0144     5559.7287  6381064    1.73%
 313037 272794     5505.2984   381     5465.0144     5559.7023  6387376    1.73%
 313237 272981     5490.0658   274     5465.0144     5559.6984  6391357    1.73%
 313621 273301     5492.6871   367     5465.0144     5559.6702  6398948    1.73%
 313737 273404     5471.3205   265     5465.0144     5559.6655  6400867    1.73%
 314137 273735     5466.6673   306     5465.0144     5559.6377  6409169    1.73%
Elapsed time = 3550.41 sec. (2165772.80 ticks, tree = 11943.89 MB, solutions = 2)
Nodefile size = 7848.63 MB
 314337 273911     5500.0230   292     5465.0144     5559.6272  6412593    1.73%
 314807 274306     5497.7253   341     5465.0144     5559.6066  6423339    1.73%
 315037 274506     5478.0772   272     5465.0144     5559.5919  6427161    1.73%
 315437 274864     5493.6019   216     5465.0144     5559.5799  6435124    1.73%
 315863 275233     5502.3436   332     5465.0144     5559.5529  6442742    1.73%
 316237 275559     5492.4728   273     5465.0144     5559.5435  6450215    1.73%
 316797 276040     5478.3071   294     5465.0144     5559.5096  6463654    1.73%

Implied bound cuts applied:  1078
Flow cuts applied:  50
Mixed integer rounding cuts applied:  128
Lift and project cuts applied:  147
Gomory fractional cuts applied:  77

Root node processing (before b&c):
  Real time             =    3.41 sec. (1676.73 ticks)
Sequential b&c:
  Real time             = 3596.59 sec. (2194973.57 ticks)
                          ------------
Total (root+branch&cut) = 3600.00 sec. (2196650.30 ticks)
