1 of 1 MIP starts provided solutions.
MIP start 'm1' defined initial solution with objective 3087.6019.
Tried aggregator 1 time.
MIP Presolve eliminated 33 rows and 17 columns.
Reduced MIP has 2667 rows, 1475 columns, and 20335 nonzeros.
Reduced MIP has 1200 binaries, 0 generals, 0 SOSs, and 0 indicators.
Presolve time = 0.01 sec. (6.60 ticks)
Probing time = 0.00 sec. (3.09 ticks)
Tried aggregator 1 time.
Reduced MIP has 2667 rows, 1475 columns, and 20335 nonzeros.
Reduced MIP has 1200 binaries, 0 generals, 0 SOSs, and 0 indicators.
Presolve time = 0.01 sec. (6.61 ticks)
Probing time = 0.00 sec. (3.12 ticks)
Clique table members: 348.
MIP emphasis: balance optimality and feasibility.
MIP search method: dynamic search.
Parallel mode: none, using 1 thread.
Root relaxation solution time = 0.02 sec. (12.43 ticks)

        Nodes                                         Cuts/
   Node  Left     Objective  IInf  Best Integer    Best Bound    ItCnt     Gap

*     0+    0                         3087.6019     3657.5247      787   18.46%
      0     0     3504.3088   174     3087.6019     3504.3088      787   13.50%
      0     0     3361.8731   152     3087.6019     Cuts: 349      960    8.88%
      0     0     3313.2589   171     3087.6019     Cuts: 222     1100    7.31%
      0     0     3295.7313   170     3087.6019     Cuts: 113     1187    6.74%
      0     0     3287.5287   184     3087.6019      Cuts: 77     1260    6.48%
      0     0     3278.5627   183     3087.6019      Cuts: 67     1317    6.18%
      0     0     3274.6408   184     3087.6019      Cuts: 78     1371    6.06%
      0     0     3270.2425   189     3087.6019      Cuts: 50     1406    5.92%
      0     0     3269.2572   198     3087.6019      Cuts: 40     1428    5.88%
      0     0     3264.1989   191     3087.6019      Cuts: 26     1461    5.72%
      0     0     3262.6663   187     3087.6019      Cuts: 31     1480    5.67%
      0     0     3253.0045   170     3087.6019      Cuts: 43     1547    5.36%
      0     0     3247.1195   191     3087.6019      Cuts: 31     1598    5.17%
      0     0     3246.2586   190     3087.6019      Cuts: 58     1630    5.14%
      0     0     3244.3513   185     3087.6019      Cuts: 29     1655    5.08%
      0     0     3242.6323   192     3087.6019      Cuts: 45     1680    5.02%
      0     0     3242.5922   195     3087.6019      Cuts: 22     1690    5.02%
      0     0     3240.3733   190     3087.6019      Cuts: 22     1715    4.95%
      0     0     3237.8634   199     3087.6019      Cuts: 37     1741    4.87%
      0     0     3237.3610   202     3087.6019      Cuts: 17     1758    4.85%
      0     2     3237.3610   202     3087.6019     3237.3603     1758    4.85%
Elapsed time = 1.20 sec. (617.75 ticks, tree = 0.00 MB, solutions = 1)
    105    82        cutoff           3087.6019     3235.2863     3078    4.78%
    267   230     3109.8207   132     3087.6019     3232.6852     4616    4.70%
    417   359     3176.9637   160     3087.6019     3230.9106     6914    4.64%
    521   455     3178.3411   243     3087.6019     3178.1394     9539    2.93%
    522   455     3176.0791   239     3087.6019     3176.0592     9565    2.86%
    524   457     3174.3884   217     3087.6019     3174.3725     9615    2.81%
    527   456     3138.2681   154     3087.6019     3174.3725     9751    2.81%
    539   465     3132.5748   130     3087.6019     3174.3725     9824    2.81%
    558   451     3128.1358   125     3087.6019     3174.3725    10000    2.81%
    716   440     3165.7792   228     3087.6019     3165.7044    12297    2.53%
Elapsed time = 11.01 sec. (6473.57 ticks, tree = 0.74 MB, solutions = 1)
   1118   579     3142.4761   141     3087.6019     3158.0757    17814    2.28%
   1441   714     3110.4548   161     3087.6019     3152.3402    21954    2.10%
   1841  1032     3089.3831   117     3087.6019     3146.7439    26440    1.92%
   2237  1364        cutoff           3087.6019     3141.5186    30309    1.75%
   2625  1671     3105.7632   136     3087.6019     3139.1037    34680    1.67%
   3036  1973     3090.5673   112     3087.6019     3137.5318    39481    1.62%
   3511  2325     3090.0421   137     3087.6019     3135.1996    44518    1.54%
   3981  2677     3120.5646   135     3087.6019     3132.7280    50187    1.46%
   4521  3129     3109.9523   134     3087.6019     3131.7365    54692    1.43%
   4997  3460     3089.7096   107     3087.6019     3129.5630    60579    1.36%
Elapsed time = 26.23 sec. (16085.04 ticks, tree = 3.88 MB, solutions = 1)
   5540  3862     3088.6218   111     3087.6019     3128.3197    65725    1.32%
   6067  4214     3108.0972   150     3087.6019     3126.3486    70763    1.25%
   6517  4519     3095.2114   115     3087.6019     3125.3249    75658    1.22%
   7005  4835     3092.2567   117     3087.6019     3123.8026    81170    1.17%
   7424  5089     3089.2556   133     3087.6019     3122.8699    85662    1.14%
   7914  5402     3097.5072   157     3087.6019     3122.1355    90537    1.12%
   8379  5669     3104.7945   111     3087.6019     3121.1683    95655    1.09%
   8867  5969     3088.0330   119     3087.6019     3120.5086   100530    1.07%
   9347  6211     3102.7152   153     3087.6019     3119.5751   105993    1.04%
   9853  6493     3090.5413    56     3087.6019     3118.8430   111098    1.01%
Elapsed time = 41.17 sec. (25694.99 ticks, tree = 7.09 MB, solutions = 1)
  10411  6842     3108.6270   139     3087.6019     3118.0359   116104    0.99%
  10810  7022        cutoff           3087.6019     3117.3333   121196    0.96%
  10941  7074     3089.1040    61     3087.6019     3117.0663   122857    0.95%
  11207  7204     3088.7498   107     3087.6019     3116.6506   126372    0.94%
  11702  7474     3090.4054   137     3087.6019     3115.9308   131253    0.92%
  12266  7809     3088.6580   109     3087.6019     3115.2037   135733    0.89%
  12739  8049     3103.0818    93     3087.6019     3114.5046   140730    0.87%
  13234  8297     3087.7628    99     3087.6019     3113.8835   145387    0.85%
  13748  8558     3101.0059   142     3087.6019     3113.2801   150216    0.83%
  14203  8720        cutoff           3087.6019     3112.6258   155466    0.81%
Elapsed time = 57.00 sec. (35634.67 ticks, tree = 9.65 MB, solutions = 1)
  14766  8997     3100.3116   111     3087.6019     3112.0504   160974    0.79%
  15303  9243        cutoff           3087.6019     3111.5113   166617    0.77%
  15799  9384        cutoff           3087.6019     3110.7248   172273    0.75%
  16317  9585     3100.0374   111     3087.6019     3110.1261   177597    0.73%
  16897  9885     3107.8124   136     3087.6019     3109.5705   182524    0.71%
  17481 10130     3099.7304   138     3087.6019     3109.0414   188475    0.69%
  17928 10243     3090.4532   130     3087.6019     3108.5883   193745    0.68%
  18409 10488     3088.8899    98     3087.6019     3108.2869   198269    0.67%
  18883 10643     3094.3369    65     3087.6019     3107.9321   203155    0.66%
  19439 10884     3094.0004    76     3087.6019     3107.5316   207797    0.65%
Elapsed time = 71.64 sec. (45184.74 ticks, tree = 11.87 MB, solutions = 1)
  19943 11051     3096.4724    47     3087.6019     3107.1132   212510    0.63%
  20521 11276     3088.0308   106     3087.6019     3106.7733   216941    0.62%
  21068 11504     3087.6359   130     3087.6019     3106.4372   221456    0.61%
  21609 11653        cutoff           3087.6019     3105.9809   226859    0.60%
  22198 11843     3088.7428    44     3087.6019     3105.5399   232672    0.58%
  22818 12057     3095.6378    91     3087.6019     3105.1066   237991    0.57%
  23520 12357     3092.7157    79     3087.6019     3104.8267   242909    0.56%
  24173 12623     3099.1352    91     3087.6019     3104.5158   248072    0.55%
  24760 12747        cutoff           3087.6019     3104.0749   253707    0.53%
  25458 12995     3099.3202    54     3087.6019     3103.7068   258688    0.52%
Elapsed time = 85.64 sec. (54754.15 ticks, tree = 14.11 MB, solutions = 1)
  26184 13272        cutoff           3087.6019     3103.4308   263489    0.51%
  26848 13500     3098.0821    68     3087.6019     3103.1232   268664    0.50%
  27382 13624     3093.0234    73     3087.6019     3102.7774   272934    0.49%
  28012 13794     3088.1088    98     3087.6019     3102.4751   277742    0.48%
  28666 14057        cutoff           3087.6019     3102.2691   282048    0.48%
  29339 14366     3090.3742    65     3087.6019     3102.0756   286115    0.47%
  29945 14558     3096.9427   145     3087.6019     3101.8128   290625    0.46%
  30597 14803     3098.9677    82     3087.6019     3101.5794   295198    0.45%
  31345 15086     3098.5891   124     3087.6019     3101.3340   299709    0.44%
  32018 15344     3090.1672   127     3087.6019     3101.0957   304420    0.44%
Elapsed time = 99.09 sec. (64303.45 ticks, tree = 16.63 MB, solutions = 1)
  32691 15578     3089.3540   109     3087.6019     3100.8861   309022    0.43%
  33462 15878     3090.6553    13     3087.6019     3100.6110   313399    0.42%
  34167 16071     3094.3588    43     3087.6019     3100.3598   317953    0.41%
  34900 16318        cutoff           3087.6019     3100.1529   322664    0.41%
  35548 16468     3088.4119   162     3087.6019     3099.9135   327225    0.40%
  36241 16696     3088.0015   120     3087.6019     3099.7037   331628    0.39%
  36993 16967     3095.2363   103     3087.6019     3099.5283   335674    0.39%
  37599 17072     3097.1997    59     3087.6019     3099.3186   339891    0.38%
  38148 17155        cutoff           3087.6019     3099.1270   343914    0.37%
  38780 17311     3095.7789    60     3087.6019     3098.9347   348097    0.37%
Elapsed time = 112.30 sec. (73854.00 ticks, tree = 19.24 MB, solutions = 1)
  39408 17497     3095.6600    44     3087.6019     3098.7714   351920    0.36%
  40041 17644     3095.1299   108     3087.6019     3098.6111   355711    0.36%
  40690 17840     3091.7651    93     3087.6019     3098.4699   359601    0.35%
  41317 17966        cutoff           3087.6019     3098.3028   363349    0.35%
  41933 18062     3093.7725    84     3087.6019     3098.1470   367278    0.34%
  42478 18154     3089.7474    47     3087.6019     3097.9906   370679    0.34%
  43077 18234     3092.2414   141     3087.6019     3097.8104   374662    0.33%
  43611 18232        cutoff           3087.6019     3097.6456   378787    0.33%
  44232 18312     3088.6799    30     3087.6019     3097.4756   382825    0.32%
  44884 18411     3090.6565   111     3087.6019     3097.3119   386796    0.31%
Elapsed time = 126.25 sec. (83424.97 ticks, tree = 20.40 MB, solutions = 1)
  45537 18535     3090.9282    75     3087.6019     3097.1474   390421    0.31%
  46149 18620     3087.7944    69     3087.6019     3096.9963   394353    0.30%
  46755 18696        cutoff           3087.6019     3096.8569   398212    0.30%
  47427 18879     3096.1455   145     3087.6019     3096.7272   402044    0.30%
  48085 18925        cutoff           3087.6019     3096.5595   406220    0.29%
  48763 18998     3087.6814    67     3087.6019     3096.4114   410336    0.29%
  49422 19073     3089.0920   128     3087.6019     3096.2507   414493    0.28%
  50049 19047        cutoff           3087.6019     3096.0828   418610    0.27%
  50699 19106     3089.7193   127     3087.6019     3095.9354   422589    0.27%
  53220 19039     3087.8568    92     3087.6019     3095.3099   438185    0.25%
Elapsed time = 143.60 sec. (95845.28 ticks, tree = 21.18 MB, solutions = 1)
  55616 18941        cutoff           3087.6019     3094.7798   453324    0.23%
  58105 18639     3091.0442    76     3087.6019     3094.2209   468433    0.21%
  60677 18400        cutoff           3087.6019     3093.7202   483602    0.20%
  63235 17842     3092.8660    53     3087.6019     3093.1967   498644    0.18%
  65712 17200        cutoff           3087.6019     3092.7029   512997    0.17%
  68152 16484        cutoff           3087.6019     3092.2421   527105    0.15%
  70492 15667        cutoff           3087.6019     3091.8026   540284    0.14%
  72879 14854        cutoff           3087.6019     3091.4056   552681    0.12%
  75131 13729     3089.0210    56     3087.6019     3091.0005   565294    0.11%
  77408 12562        cutoff           3087.6019     3090.6227   577364    0.10%
Elapsed time = 196.62 sec. (134007.90 ticks, tree = 14.48 MB, solutions = 1)
  79610 11098     3089.6186    14     3087.6019     3090.2084   588868    0.08%
  81728  9518     3088.2569    38     3087.6019     3089.8132   599492    0.07%
  83897  7833        cutoff           3087.6019     3089.4124   609430    0.06%
  86013  6045     3088.4146    43     3087.6019     3088.9969   618035    0.05%
  88006  4197        cutoff           3087.6019     3088.5873   625000    0.03%
  90041  2261        cutoff           3087.6019     3088.1541   631144    0.02%

Clique cuts applied:  7
Implied bound cuts applied:  177
Flow cuts applied:  46
Mixed integer rounding cuts applied:  102
Lift and project cuts applied:  110
Gomory fractional cuts applied:  53

Root node processing (before b&c):
  Real time             =    1.20 sec. (617.65 ticks)
Sequential b&c:
  Real time             =  229.28 sec. (158696.96 ticks)
                          ------------
Total (root+branch&cut) =  230.48 sec. (159314.61 ticks)
