1 of 1 MIP starts provided solutions.
MIP start 'm1' defined initial solution with objective 2042.4751.
Tried aggregator 12 times.
MIP Presolve eliminated 810 rows and 1 columns.
Aggregator did 4234 substitutions.
Reduced MIP has 5868 rows, 5069 columns, and 26724 nonzeros.
Reduced MIP has 800 binaries, 0 generals, 0 SOSs, and 0 indicators.
Presolve time = 0.18 sec. (88.03 ticks)
Probing time = 0.02 sec. (7.55 ticks)
Tried aggregator 1 time.
Reduced MIP has 5868 rows, 5069 columns, and 26724 nonzeros.
Reduced MIP has 800 binaries, 0 generals, 0 SOSs, and 0 indicators.
Presolve time = 0.03 sec. (13.14 ticks)
Probing time = 0.02 sec. (7.28 ticks)
Clique table members: 7376.
MIP emphasis: balance optimality and feasibility.
MIP search method: dynamic search.
Parallel mode: none, using 1 thread.
Root relaxation solution time = 0.12 sec. (85.11 ticks)

        Nodes                                         Cuts/
   Node  Left     Objective  IInf  Best Integer    Best Bound    ItCnt     Gap

*     0+    0                         2042.4751    10445.3826     3993  411.41%
      0     0     2199.0165   121     2042.4751     2199.0165     3993    7.66%
      0     0     2141.9953   159     2042.4751     Cuts: 225     4486    4.87%
      0     0     2112.4476   172     2042.4751     Cuts: 204     4869    3.43%
      0     0     2107.1435   174     2042.4751     Cuts: 188     5196    3.17%
      0     0     2105.3382   171     2042.4751     Cuts: 154     5421    3.08%
      0     0     2103.0863   175     2042.4751      Cuts: 82     5617    2.97%
      0     0     2101.2167   164     2042.4751     Cuts: 101     5744    2.88%
      0     0     2100.3920   177     2042.4751      Cuts: 76     5887    2.84%
      0     0     2099.6171   165     2042.4751      Cuts: 37     5970    2.80%
      0     0     2098.9731   181     2042.4751     Cuts: 126     6071    2.77%
      0     0     2098.5638   178     2042.4751      Cuts: 49     6166    2.75%
      0     0     2097.6387   175     2042.4751      Cuts: 71     6231    2.70%
      0     0     2097.3102   179     2042.4751      Cuts: 35     6290    2.68%
      0     0     2097.0276   183     2042.4751      Cuts: 22     6348    2.67%
      0     0     2097.0094   187     2042.4751      Cuts: 13     6366    2.67%
      0     0     2096.8084   173     2042.4751      Cuts: 30     6448    2.66%
      0     2     2096.8084   172     2042.4751     2096.7912     6448    2.66%
Elapsed time = 3.69 sec. (2047.94 ticks, tree = 0.00 MB, solutions = 1)
     22    18        cutoff           2042.4751     2095.0911     9178    2.58%
     38    31     2090.5933   169     2042.4751     2094.3041    11805    2.54%
     53    46     2057.0398   119     2042.4751     2094.3041    13287    2.54%
     70    59     2083.5743   132     2042.4751     2094.2982    15186    2.54%
    100    85     2080.9546   140     2042.4751     2092.6026    17323    2.45%
    136   114     2071.4947   166     2042.4751     2092.1045    20047    2.43%
    149   127     2049.8847    62     2042.4751     2092.1045    21650    2.43%
    168   132     2068.0767   157     2042.4751     2089.3753    24897    2.30%
    186   147     2079.8748   165     2042.4751     2088.9639    27283    2.28%
    251   197     2065.5024   161     2042.4751     2087.9864    36077    2.23%
Elapsed time = 9.03 sec. (5450.07 ticks, tree = 1.06 MB, solutions = 1)
    357   276     2053.6537   106     2042.4751     2085.3584    46341    2.10%
    493   371     2077.7125   140     2042.4751     2083.4453    55185    2.01%
    587   441     2063.7634   182     2042.4751     2082.4155    64504    1.96%
    667   503     2054.0894   179     2042.4751     2082.1130    74231    1.94%
    760   562     2046.1070   179     2042.4751     2079.9739    85787    1.84%
    852   632     2051.3403   161     2042.4751     2079.4193    96229    1.81%
    954   696     2042.5796   139     2042.4751     2078.0330   107237    1.74%
    972   703     2076.1363   201     2042.4751     2075.7058   117798    1.63%
    975   703     2072.0893   181     2042.4751     2072.4697   118855    1.47%
    981   703     2067.4897   176     2042.4751     2072.4697   120604    1.47%
Elapsed time = 38.98 sec. (23026.28 ticks, tree = 2.20 MB, solutions = 1)
    987   707     2064.1717   145     2042.4751     2072.4697   122018    1.47%
   1012   474     2058.4340   140     2042.4751     2070.2808   126766    1.36%
   1063   407     2062.7324   138     2042.4751     2066.5189   133893    1.18%
   1134   410     2043.8088    67     2042.4751     2063.7364   137942    1.04%
   1177   406     2058.1045   157     2042.4751     2062.5891   140960    0.98%
   1254   412     2049.0668    93     2042.4751     2059.0351   144604    0.81%
   1332   408     2054.6414    90     2042.4751     2058.7248   148350    0.80%
   1466   444     2045.0689    42     2042.4751     2057.5750   152247    0.74%
   1561   453     2045.3118    55     2042.4751     2056.9738   156041    0.71%
   1639   454     2043.0570   128     2042.4751     2055.8899   160028    0.66%
Elapsed time = 55.91 sec. (33200.66 ticks, tree = 13.82 MB, solutions = 1)
   1706   437     2049.2146   133     2042.4751     2054.9251   163520    0.61%
   1790   459     2044.4494   115     2042.4751     2053.8556   168151    0.56%
   1901   502     2046.8481   169     2042.4751     2053.2854   172385    0.53%
   1947   516     2049.3572   117     2042.4751     2052.9027   176331    0.51%
   2043   541     2043.1060    82     2042.4751     2051.9394   180341    0.46%
   2145   570     2046.7866   115     2042.4751     2050.9840   184760    0.42%
   2230   588     2042.7987   105     2042.4751     2050.1750   188404    0.38%
   2344   597     2044.0389    80     2042.4751     2049.3243   192390    0.34%
   2453   571     2045.2921    83     2042.4751     2048.2041   197421    0.28%
   2552   548        cutoff           2042.4751     2047.5165   200871    0.25%
Elapsed time = 73.71 sec. (43197.44 ticks, tree = 26.75 MB, solutions = 1)
   2689   507        cutoff           2042.4751     2046.5611   204735    0.20%
   2790   485        cutoff           2042.4751     2046.1047   207721    0.18%
   2909   390     2024.4305    70     2042.4751     2045.3584   211731    0.14%
   3070   283        cutoff           2042.4751     2044.5229   215051    0.10%
   3300    85        cutoff           2042.4751     2043.0706   217465    0.03%

Implied bound cuts applied:  49
Flow cuts applied:  54
Mixed integer rounding cuts applied:  296
Lift and project cuts applied:  58
Gomory fractional cuts applied:  13

Root node processing (before b&c):
  Real time             =    3.63 sec. (2022.74 ticks)
Sequential b&c:
  Real time             =   78.67 sec. (46182.80 ticks)
                          ------------
Total (root+branch&cut) =   82.30 sec. (48205.54 ticks)
