1 of 1 MIP starts provided solutions.
MIP start 'm1' defined initial solution with objective 5120.5593.
Tried aggregator 1 time.
MIP Presolve eliminated 28 rows and 1 columns.
Reduced MIP has 6222 rows, 4209 columns, and 53056 nonzeros.
Reduced MIP has 2000 binaries, 0 generals, 0 SOSs, and 0 indicators.
Presolve time = 0.03 sec. (16.08 ticks)
Probing time = 0.01 sec. (4.92 ticks)
Tried aggregator 1 time.
Reduced MIP has 6222 rows, 4209 columns, and 53056 nonzeros.
Reduced MIP has 2000 binaries, 0 generals, 0 SOSs, and 0 indicators.
Presolve time = 0.04 sec. (19.47 ticks)
Probing time = 0.01 sec. (4.91 ticks)
Clique table members: 3826.
MIP emphasis: balance optimality and feasibility.
MIP search method: dynamic search.
Parallel mode: none, using 1 thread.
Root relaxation solution time = 0.10 sec. (65.74 ticks)

        Nodes                                         Cuts/
   Node  Left     Objective  IInf  Best Integer    Best Bound    ItCnt     Gap

*     0+    0                         5120.5593    26248.0441     3207  412.60%
      0     0     5671.4712   267     5120.5593     5671.4712     3207   10.76%
      0     0     5563.0593   295     5120.5593     Cuts: 306     3553    8.64%
      0     0     5481.9991   351     5120.5593     Cuts: 334     3994    7.06%
      0     0     5445.0139   314     5120.5593     Cuts: 260     4291    6.34%
      0     0     5404.2997   348     5120.5593     Cuts: 224     4613    5.54%
      0     0     5392.7522   337     5120.5593     Cuts: 264     4861    5.32%
      0     0     5379.2745   349     5120.5593     Cuts: 156     5092    5.05%
      0     0     5368.8258   347     5120.5593     Cuts: 153     5319    4.85%
      0     0     5348.1950   367     5120.5593     Cuts: 161     5572    4.45%
      0     0     5337.9909   387     5120.5593     Cuts: 180     5814    4.25%
      0     0     5324.7223   391     5120.5593     Cuts: 173     6057    3.99%
      0     0     5315.3872   377     5120.5593     Cuts: 229     6203    3.80%
      0     0     5310.7490   385     5120.5593     Cuts: 112     6338    3.71%
      0     0     5306.4128   388     5120.5593     Cuts: 104     6475    3.63%
      0     0     5304.4277   404     5120.5593     Cuts: 104     6605    3.59%
      0     0     5301.3800   402     5120.5593     Cuts: 161     6785    3.53%
      0     0     5296.3402   410     5120.5593      Cuts: 92     6963    3.43%
      0     0     5294.9395   423     5120.5593      Cuts: 73     7064    3.41%
      0     0     5292.5400   417     5120.5593      Cuts: 76     7166    3.36%
      0     0     5291.2664   416     5120.5593      Cuts: 59     7255    3.33%
      0     0     5290.6091   401     5120.5593      Cuts: 48     7322    3.32%
      0     0     5289.9425   414     5120.5593      Cuts: 61     7421    3.31%
      0     2     5289.9425   414     5120.5593     5289.9201     7421    3.31%
Elapsed time = 5.98 sec. (3272.44 ticks, tree = 0.00 MB, solutions = 1)
     11    13     5282.4330   373     5120.5593     5289.5048     8536    3.30%
     20    22     5274.9762   355     5120.5593     5289.5048     9334    3.30%
     29    31     5194.5766   333     5120.5593     5289.5048    10759    3.30%
     40    42     5204.2161   321     5120.5593     5289.5048    11959    3.30%
     57    55     5176.5607   281     5120.5593     5289.5048    13123    3.30%
     79    71     5282.3888   405     5120.5593     5289.3791    14848    3.30%
     83    75     5241.4708   338     5120.5593     5289.3791    15461    3.30%
    120   112     5193.1321   251     5120.5593     5289.3791    16427    3.30%
    168   143     5279.1569   420     5120.5593     5284.1857    17871    3.20%
    238   211     5120.8525   272     5120.5593     5284.1857    22768    3.20%
Elapsed time = 12.36 sec. (6876.72 ticks, tree = 1.09 MB, solutions = 1)
    299   264     5253.3733   390     5120.5593     5283.8353    27132    3.19%
    400   356     5123.0408   241     5120.5593     5282.9590    32256    3.17%
    460   409     5227.7071   342     5120.5593     5281.1548    37071    3.14%
    500   448     5231.8888   463     5120.5593     5231.8292    47133    2.17%
    502   449     5229.3497   441     5120.5593     5229.3390    47402    2.12%
    506   376     5228.8306   433     5120.5593     5228.8494    48253    2.11%
    509   378     5224.8653   439     5120.5593     5228.8494    49034    2.11%
    512   380     5224.0455   436     5120.5593     5228.8494    49216    2.11%
    519   356     5222.0574   405     5120.5593     5228.8494    49769    2.11%
    530   345     5208.9957   387     5120.5593     5228.8494    50929    2.11%
Elapsed time = 49.63 sec. (27910.76 ticks, tree = 1.69 MB, solutions = 1)
    540   350     5200.4972   363     5120.5593     5228.8494    52898    2.11%
    573   361     5129.3468   272     5120.5593     5228.8494    54485    2.11%
    620   354     5222.6433   410     5120.5593     5226.8787    55985    2.08%
    672   382     5187.5726   318     5120.5593     5226.8787    57700    2.08%
    737   412     5162.9733   164     5120.5593     5226.8787    59083    2.08%
    819   438        cutoff           5120.5593     5226.8787    60387    2.08%
    830   433     5182.9668   371     5120.5593     5225.3731    62331    2.05%
    914   479     5143.7458   284     5120.5593     5225.3731    64533    2.05%
    979   496     5153.7680   369     5120.5593     5224.0347    67432    2.02%
   1001   500     5213.5403   409     5120.5593     5223.3150    68719    2.01%
Elapsed time = 66.88 sec. (38040.11 ticks, tree = 4.87 MB, solutions = 1)
   1055   530     5184.3876   262     5120.5593     5223.3150    71187    2.01%
   1168   573     5164.4513   397     5120.5593     5222.8212    73947    2.00%
   1218   617     5140.4991   306     5120.5593     5222.8212    75492    2.00%
   1284   672     5130.0505   367     5120.5593     5222.6489    77451    1.99%
   1318   689     5188.6077   409     5120.5593     5221.5717    79728    1.97%
   1396   760     5208.6600   379     5120.5593     5220.0111    82048    1.94%
   1493   856     5145.0212   233     5120.5593     5220.0111    84002    1.94%
   1549   901     5126.8004   390     5120.5593     5219.4224    85927    1.93%
   1583   920     5184.5443   358     5120.5593     5213.7094    88457    1.82%
   1730  1054     5122.5754   176     5120.5593     5213.7094    90676    1.82%
Elapsed time = 83.37 sec. (48437.13 ticks, tree = 36.08 MB, solutions = 1)
   1804  1125     5154.6604   268     5120.5593     5213.5055    92638    1.82%
   1899  1207     5143.5362   371     5120.5593     5213.1354    95612    1.81%
   1938  1232     5127.8471   350     5120.5593     5209.7290    97612    1.74%
   1978  1258     5176.6649   420     5120.5593     5209.4222   100088    1.74%
   2037  1301     5124.7791   308     5120.5593     5209.4222   103162    1.74%
   2094  1349     5181.8447   317     5120.5593     5209.0696   105712    1.73%
   2191  1444     5136.8609   154     5120.5593     5209.0696   107294    1.73%
   2283  1515     5157.3782   290     5120.5593     5208.8101   109256    1.72%
   2399  1625     5155.6915   287     5120.5593     5208.7068   111763    1.72%
   2497  1706     5152.8899   403     5120.5593     5208.1890   114670    1.71%
Elapsed time = 99.24 sec. (58216.81 ticks, tree = 54.69 MB, solutions = 1)
   2514  1723     5140.0559   339     5120.5593     5208.1890   115250    1.71%
   2614  1815     5153.0385   295     5120.5593     5207.9090   118159    1.71%
   2685  1875     5151.2862   327     5120.5593     5207.1937   120695    1.69%
   2725  1901     5188.1010   387     5120.5593     5207.1363   122575    1.69%
   2798  1974     5158.2923   214     5120.5593     5207.1363   124798    1.69%
   2882  2055     5174.8643   312     5120.5593     5206.9763   127441    1.69%
   3028  2178        cutoff           5120.5593     5206.4381   130199    1.68%
   3091  2241     5129.7230   268     5120.5593     5206.3943   132179    1.68%
   3124  2258        cutoff           5120.5593     5205.3098   134100    1.66%
   3168  2296        cutoff           5120.5593     5204.8677   136313    1.65%
Elapsed time = 115.26 sec. (68084.10 ticks, tree = 66.74 MB, solutions = 1)
   3193  2321     5154.7929   325     5120.5593     5203.0227   137936    1.61%
   3270  2389     5126.4452   264     5120.5593     5202.9147   140376    1.61%
   3300  2414     5144.1081   364     5120.5593     5202.3937   142120    1.60%
   3366  2474     5182.0410   347     5120.5593     5202.2872   143991    1.60%
   3436  2517     5193.9961   404     5120.5593     5202.1675   146749    1.59%
   3495  2576     5168.6960   221     5120.5593     5202.1675   148632    1.59%
   3623  2691     5168.4566   369     5120.5593     5201.9426   150496    1.59%
   3730  2789     5152.8132   388     5120.5593     5201.3002   152864    1.58%
   3810  2861     5120.6742   244     5120.5593     5201.3002   155112    1.58%
   3879  2924     5135.8375   296     5120.5593     5201.2717   156986    1.58%
Elapsed time = 131.34 sec. (78029.49 ticks, tree = 98.30 MB, solutions = 1)
   3953  2986     5147.4020   284     5120.5593     5201.1062   159254    1.57%
   4036  3056     5174.2575   368     5120.5593     5200.9340   161361    1.57%
   4150  3162     5121.9573   154     5120.5593     5200.9340   163629    1.57%
   4250  3256     5151.3465   202     5120.5593     5200.5866   166331    1.56%
   4354  3330     5189.6879   391     5120.5593     5200.0775   167711    1.55%
   4500  3473     5131.3743   128     5120.5593     5200.0775   170308    1.55%
   4598  3534     5144.4107   369     5120.5593     5199.6887   173334    1.55%
   4667  3598     5148.5737   387     5120.5593     5199.5024   175824    1.54%
   4741  3668     5130.1957   387     5120.5593     5199.4297   178305    1.54%
   4774  3685     5127.1542   318     5120.5593     5198.8399   180756    1.53%
Elapsed time = 147.44 sec. (87918.84 ticks, tree = 129.39 MB, solutions = 1)
   4857  3764     5160.0257   256     5120.5593     5198.7598   183474    1.53%
   4976  3851     5121.1604   276     5120.5593     5198.7361   186119    1.53%
   5063  3931     5126.1388   182     5120.5593     5198.7227   188272    1.53%
   5140  3993        cutoff           5120.5593     5198.3053   190763    1.52%
   5190  4024        cutoff           5120.5593     5197.9074   192898    1.51%
   5264  4096     5143.1235   210     5120.5593     5197.9008   195081    1.51%
   5321  4132     5125.3686   198     5120.5593     5197.7883   197430    1.51%
   5369  4170     5139.2752   381     5120.5593     5197.7367   200039    1.51%
   5439  4229     5132.7162   378     5120.5593     5197.5909   202359    1.50%
   5499  4281     5122.5064   241     5120.5593     5197.5098   204410    1.50%
Elapsed time = 164.29 sec. (98100.77 ticks, tree = 164.94 MB, solutions = 1)
   5607  4381     5138.8088   165     5120.5593     5197.3186   206534    1.50%
   5692  4444     5122.3385   202     5120.5593     5196.9430   208587    1.49%
   5766  4507     5183.1014   306     5120.5593     5196.8709   210874    1.49%
   5909  4645     5136.5486    67     5120.5593     5196.8709   212890    1.49%
   6080  4801     5133.4036   142     5120.5593     5196.7580   215189    1.49%
   6193  4883     5144.3182   226     5120.5593     5196.6929   217729    1.49%
   6271  4943     5123.3307   234     5120.5593     5196.0434   219883    1.47%
   6356  5023     5144.7541   221     5120.5593     5196.0148   222693    1.47%
   6432  5085     5158.2639   292     5120.5593     5195.7409   225197    1.47%
   6649  5239     5143.7035   274     5120.5593     5193.7548   233194    1.43%
Elapsed time = 186.65 sec. (110685.88 ticks, tree = 200.00 MB, solutions = 1)
   6991  5503        cutoff           5120.5593     5193.3948   241872    1.42%
   7346  5795     5128.3337   206     5120.5593     5192.1037   252047    1.40%
   7840  6241     5153.9212   249     5120.5593     5191.8004   262384    1.39%
   8111  6427     5128.8184   304     5120.5593     5190.5242   271914    1.37%
   8419  6704     5167.0999   295     5120.5593     5190.0159   281576    1.36%
   8735  6982     5125.8267   274     5120.5593     5189.3888   291104    1.34%
   9050  7257     5129.9023   187     5120.5593     5189.1227   300206    1.34%
   9319  7485     5128.6512   402     5120.5593     5188.4127   309094    1.33%
   9543  7639     5122.1102   288     5120.5593     5187.9115   317036    1.32%
   9813  7849     5134.2482   285     5120.5593     5187.2256   325867    1.30%
Elapsed time = 250.36 sec. (148983.95 ticks, tree = 302.18 MB, solutions = 1)
  10170  8127     5142.1503   234     5120.5593     5186.6227   335383    1.29%
  10500  8393     5138.0375   357     5120.5593     5186.3005   345353    1.28%
  10501  8392        cutoff           5120.5593     5186.2467   345395    1.28%
  10833  8661     5130.8162   332     5120.5593     5185.8360   355769    1.27%
  11153  8890     5131.6715   265     5120.5593     5184.8869   366261    1.26%
  11607  9260        cutoff           5120.5593     5184.4548   376697    1.25%
  11917  9511     5122.6440   160     5120.5593     5184.0417   387831    1.24%
  12369  9903     5129.4949   191     5120.5593     5183.7645   398415    1.23%
  12791 10260        cutoff           5120.5593     5183.6082   407840    1.23%
  13095 10497     5163.5835   437     5120.5593     5183.1131   417239    1.22%
Elapsed time = 325.53 sec. (192305.44 ticks, tree = 406.77 MB, solutions = 1)
  13370 10715     5152.4285   271     5120.5593     5182.9742   426541    1.22%
  13691 10961     5146.1740   207     5120.5593     5182.6151   435659    1.21%
  13944 11133     5137.6190   234     5120.5593     5182.2170   443878    1.20%
  14234 11356     5171.9238   238     5120.5593     5181.8571   452576    1.20%
  14634 11679     5149.8089   244     5120.5593     5181.1739   461764    1.18%
  15097 12071     5139.5440   230     5120.5593     5180.9962   472134    1.18%
  15493 12367        cutoff           5120.5593     5180.3230   482607    1.17%
  15811 12618        cutoff           5120.5593     5179.9887   492630    1.16%
  16106 12832     5138.1949   216     5120.5593     5179.5352   502357    1.15%
  16461 13071     5134.5319   272     5120.5593     5179.1174   513761    1.14%
Elapsed time = 390.39 sec. (230711.10 ticks, tree = 504.94 MB, solutions = 1)
  16948 13483     5128.0647   290     5120.5593     5179.0062   523713    1.14%
  17383 13841     5144.0431   233     5120.5593     5178.8192   534199    1.14%
  17881 14281        cutoff           5120.5593     5178.5366   544252    1.13%
  18280 14586     5161.4037   262     5120.5593     5178.2022   553859    1.13%
  18557 14802     5141.3172   236     5120.5593     5177.9820   562266    1.12%
  18876 15052     5139.9199   263     5120.5593     5177.7353   572165    1.12%
  19233 15341     5124.3764   283     5120.5593     5177.4648   582376    1.11%
  19508 15495        cutoff           5120.5593     5177.1077   592342    1.10%
  19823 15734     5155.3497   227     5120.5593     5176.7941   601742    1.10%
  20305 16112     5124.4331   267     5120.5593     5176.4434   612470    1.09%
Elapsed time = 458.11 sec. (269426.78 ticks, tree = 625.43 MB, solutions = 1)
  20674 16393     5125.6408   184     5120.5593     5176.1164   622928    1.08%
  21038 16663     5143.7088   300     5120.5593     5175.9685   633850    1.08%
  21459 17018     5125.9295   218     5120.5593     5175.8401   643642    1.08%
  21848 17344     5133.5320   251     5120.5593     5175.5799   653993    1.07%
  22285 17681     5145.5831   276     5120.5593     5175.2264   664298    1.07%
  22634 17922     5144.8667   216     5120.5593     5174.8485   675339    1.06%
  22954 18172     5130.5033   215     5120.5593     5174.6761   685621    1.06%
  23323 18442        cutoff           5120.5593     5174.5200   695636    1.05%
  23604 18623     5141.6053   224     5120.5593     5174.2730   705233    1.05%
  23875 18833     5152.7604   258     5120.5593     5174.1788   714510    1.05%
Elapsed time = 523.12 sec. (307846.01 ticks, tree = 754.99 MB, solutions = 1)
  24239 19111     5131.8478   245     5120.5593     5173.9824   724486    1.04%
  24606 19385        cutoff           5120.5593     5173.7840   734177    1.04%
  25076 19747     5140.6213   277     5120.5593     5173.5838   744569    1.04%
  25399 19991     5149.1186   258     5120.5593     5173.4401   754669    1.03%
  25734 20209     5123.0176   342     5120.5593     5173.2302   763344    1.03%
  26131 20511        cutoff           5120.5593     5173.1182   774078    1.03%
  26632 20938     5160.6277   295     5120.5593     5173.0395   784728    1.02%
  27087 21329     5151.5577   316     5120.5593     5172.9396   795954    1.02%
  27466 21641     5128.7060   281     5120.5593     5172.8565   806308    1.02%
  27901 21992        cutoff           5120.5593     5172.6163   816268    1.02%
Elapsed time = 590.90 sec. (346242.51 ticks, tree = 852.11 MB, solutions = 1)
  28317 22342     5125.0843   193     5120.5593     5172.4240   827179    1.01%
  28783 22680     5128.8424   193     5120.5593     5172.2950   838342    1.01%
  29150 22973     5137.0625   338     5120.5593     5172.1479   849074    1.01%
  29663 23403     5139.4160   196     5120.5593     5171.9460   859430    1.00%
  30063 23712     5165.8916   205     5120.5593     5171.7806   870190    1.00%
  30528 24085     5140.9839   304     5120.5593     5171.6408   880345    1.00%
  30967 24456     5150.8179   209     5120.5593     5171.4681   890209    0.99%
  31431 24830     5145.9343   183     5120.5593     5171.2772   900083    0.99%
  31668 24985     5133.3631   248     5120.5593     5171.0770   908873    0.99%
  32000 25184     5141.8802   348     5120.5593     5170.8470   919382    0.98%
Elapsed time = 656.17 sec. (384491.01 ticks, tree = 975.41 MB, solutions = 1)
  32397 25511     5127.4971   183     5120.5593     5170.7040   928985    0.98%
  32753 25769     5125.8624   205     5120.5593     5170.5241   938276    0.98%
  33055 25953     5136.4887   221     5120.5593     5170.3795   947687    0.97%
  33500 26303     5140.0179   245     5120.5593     5170.2666   958474    0.97%
  33840 26542     5147.6466   220     5120.5593     5170.0701   969115    0.97%
  34329 26907        cutoff           5120.5593     5169.8979   979948    0.96%
  34718 27196     5159.3378   289     5120.5593     5169.8046   991405    0.96%
  35145 27492     5130.4841   412     5120.5593     5169.6003  1002583    0.96%
  35500 27741     5134.2869   228     5120.5593     5169.4987  1013090    0.96%
  36020 28134     5159.2095   301     5120.5593     5169.3116  1024988    0.95%
Elapsed time = 728.96 sec. (423421.49 ticks, tree = 1081.81 MB, solutions = 1)
  36520 28557     5136.9699   228     5120.5593     5169.2613  1035210    0.95%
  36969 28910     5159.6535   367     5120.5593     5169.1691  1047194    0.95%
  37478 29328     5157.4894   224     5120.5593     5169.0407  1058609    0.95%
  37997 29755     5152.9520   260     5120.5593     5168.9440  1068841    0.94%
  38322 29954     5137.4159   195     5120.5593     5168.8592  1078559    0.94%
  38760 30318     5147.2734   215     5120.5593     5168.7672  1088219    0.94%
  39152 30618        cutoff           5120.5593     5168.6178  1098889    0.94%
  39513 30873     5132.7506   217     5120.5593     5168.3993  1109871    0.93%
  40063 31330     5131.7305   112     5120.5593     5168.3110  1120312    0.93%
  40469 31629     5129.1844   214     5120.5593     5168.1799  1131019    0.93%
Elapsed time = 797.56 sec. (461986.56 ticks, tree = 1176.52 MB, solutions = 1)
  40855 31894     5162.5001   252     5120.5593     5168.0016  1140390    0.93%
  41233 32169     5120.5777   269     5120.5593     5167.8853  1150878    0.92%
  41569 32392     5151.1516   205     5120.5593     5167.7246  1160991    0.92%
  42011 32730     5151.0468   196     5120.5593     5167.6403  1171673    0.92%
  42483 33095     5124.1395   184     5120.5593     5167.4758  1182769    0.92%
  42869 33388     5161.8169   240     5120.5593     5167.4006  1192387    0.91%
  43319 33738     5150.2281   187     5120.5593     5167.2804  1202644    0.91%
  43759 34080     5146.7839   218     5120.5593     5167.1864  1212284    0.91%
  44205 34416        cutoff           5120.5593     5167.0411  1223403    0.91%
  44607 34697     5154.2866   206     5120.5593     5166.9679  1235237    0.91%
Elapsed time = 865.51 sec. (500302.87 ticks, tree = 1306.72 MB, solutions = 1)
  45076 35047     5135.8534   205     5120.5593     5166.8796  1246415    0.90%
  45697 35575     5145.7811   229     5120.5593     5166.7850  1261337    0.90%
  46152 35917     5124.4406   198     5120.5593     5166.6572  1281899    0.90%
  46685 36342     5115.0730   263     5120.5593     5166.5414  1301961    0.90%
  47053 36599     5136.5796   203     5120.5593     5166.3765  1319264    0.89%
  47388 36827     5124.7229   206     5120.5593     5166.1971  1336231    0.89%
  47798 37121     5152.5462   170     5120.5593     5166.0538  1354869    0.89%
  48393 37605     5125.4790   208     5120.5593     5165.9688  1373915    0.89%
  48838 37955     5140.3514   212     5120.5593     5165.8903  1391821    0.89%
  49431 38435     5128.6951   345     5120.5593     5165.7577  1412319    0.88%
Elapsed time = 934.64 sec. (538660.45 ticks, tree = 1317.74 MB, solutions = 1)
  49822 38723     5138.2437   163     5120.5593     5165.6501  1431481    0.88%
  50291 39068     5141.1267   304     5120.5593     5165.4567  1450838    0.88%
  50734 39369     5153.8497   305     5120.5593     5165.3113  1471231    0.87%
  51241 39767     5139.4134   214     5120.5593     5165.1881  1491703    0.87%
  51695 40120     5141.5512   366     5120.5593     5165.1341  1509481    0.87%
  52080 40363        cutoff           5120.5593     5164.9367  1528493    0.87%
  52385 40555     5128.7209   173     5120.5593     5164.8620  1548256    0.87%
  52704 40749     5124.7717   246     5120.5593     5164.7096  1565046    0.86%
  53159 41086     5128.4524   236     5120.5593     5164.6268  1583671    0.86%
  53576 41396     5137.8424   155     5120.5593     5164.5531  1600402    0.86%
Elapsed time = 1004.14 sec. (576984.31 ticks, tree = 1318.00 MB, solutions = 1)
  54088 41796     5152.9354   223     5120.5593     5164.4875  1619637    0.86%
  54595 42204        cutoff           5120.5593     5164.4002  1638037    0.86%
  55071 42575     5135.1063   252     5120.5593     5164.3153  1656594    0.85%
  55638 43001     5146.6614   198     5120.5593     5164.1874  1676630    0.85%
  56125 43399     5126.1335   192     5120.5593     5164.0823  1695858    0.85%
  56639 43801     5131.9717   203     5120.5593     5164.0151  1714224    0.85%
  57107 44108     5137.3030   239     5120.5593     5163.8728  1735170    0.85%
  57580 44478     5125.8190   242     5120.5593     5163.8211  1754089    0.84%
  58035 44825     5149.1857   199     5120.5593     5163.6821  1773394    0.84%
  58423 45106     5154.1901   328     5120.5593     5163.5599  1792842    0.84%
Elapsed time = 1073.70 sec. (615244.70 ticks, tree = 1319.35 MB, solutions = 1)
  58869 45442     5130.2813   122     5120.5593     5163.5008  1811632    0.84%
  59284 45729     5136.0486   226     5120.5593     5163.3999  1828969    0.84%
  59806 46149     5139.4597   221     5120.5593     5163.3283  1844483    0.84%
  60289 46490     5130.6005   207     5120.5593     5163.2381  1860448    0.83%
  60758 46838     5125.3206   211     5120.5593     5163.1522  1877796    0.83%
  61302 47212        cutoff           5120.5593     5163.0065  1895819    0.83%
  61837 47634     5151.1302   240     5120.5593     5162.9039  1914415    0.83%
  62356 48014     5143.2995   307     5120.5593     5162.7506  1932720    0.82%
  62845 48370     5125.3251   170     5120.5593     5162.6506  1950523    0.82%
  63292 48688        cutoff           5120.5593     5162.5678  1968877    0.82%
Elapsed time = 1143.72 sec. (653444.57 ticks, tree = 1319.24 MB, solutions = 1)
  63760 49035     5150.0353   208     5120.5593     5162.4629  1985567    0.82%
  64319 49445        cutoff           5120.5593     5162.3971  2004304    0.82%
  64839 49777     5143.3637   223     5120.5593     5162.2444  2022922    0.81%
  65444 50216     5128.2492   186     5120.5593     5162.1709  2041546    0.81%
  65995 50621     5150.5641   235     5120.5593     5162.0877  2057587    0.81%
  66500 51005     5130.5047   294     5120.5593     5162.0044  2075240    0.81%
  67082 51433     5125.4439   209     5120.5593     5161.9031  2093091    0.81%
  67516 51713     5156.9400   369     5120.5593     5161.8359  2110629    0.81%
  67950 52020     5144.0035   264     5120.5593     5161.7348  2127385    0.80%
  68465 52350        cutoff           5120.5593     5161.6453  2145383    0.80%
Elapsed time = 1213.51 sec. (691898.16 ticks, tree = 1316.98 MB, solutions = 1)
  69046 52776     5131.2978   225     5120.5593     5161.5614  2163362    0.80%
  69538 53115     5127.6805   304     5120.5593     5161.4208  2179362    0.80%
  70095 53526     5141.9061   207     5120.5593     5161.3060  2199005    0.80%
  70567 53875     5131.5311   232     5120.5593     5161.2021  2215174    0.79%
  71063 54206     5131.0200   194     5120.5593     5161.1361  2233187    0.79%
  71508 54514     5143.3475   222     5120.5593     5161.0424  2249982    0.79%
  72057 54878     5146.9634   194     5120.5593     5160.9354  2269259    0.79%
  72549 55223     5123.3714   177     5120.5593     5160.8600  2288001    0.79%
  73123 55619     5139.7727   175     5120.5593     5160.7383  2307101    0.78%
  73583 55962     5125.3980   338     5120.5593     5160.6632  2324444    0.78%
Elapsed time = 1282.17 sec. (730218.62 ticks, tree = 1314.20 MB, solutions = 1)
  74074 56282     5127.1725   216     5120.5593     5160.5484  2343552    0.78%
  74491 56550     5130.8038   225     5120.5593     5160.4729  2360950    0.78%
  74871 56812        cutoff           5120.5593     5160.3630  2378716    0.78%
  75387 57177     5145.3912   237     5120.5593     5160.2515  2396848    0.78%
  75815 57486     5122.6716   216     5120.5593     5160.1660  2413104    0.77%
  76286 57805     5139.6642   174     5120.5593     5160.0784  2430768    0.77%
  76769 58129     5141.2176   243     5120.5593     5160.0138  2448171    0.77%
  77309 58495     5121.7011   179     5120.5593     5159.9206  2465618    0.77%
  77729 58752     5127.3829   229     5120.5593     5159.8190  2482712    0.77%
  78182 59030     5132.7047   162     5120.5593     5159.7397  2501651    0.77%
Elapsed time = 1350.79 sec. (768441.75 ticks, tree = 1312.06 MB, solutions = 1)
  78739 59417     5123.2552   221     5120.5593     5159.6462  2519529    0.76%
  79248 59756     5139.9602   226     5120.5593     5159.5262  2538221    0.76%
  79735 60090     5128.2758   199     5120.5593     5159.4053  2556723    0.76%
  80261 60421        cutoff           5120.5593     5159.3099  2575964    0.76%
  80720 60738     5143.4711   186     5120.5593     5159.2599  2593383    0.76%
  81270 61101     5125.1940   156     5120.5593     5159.1358  2612747    0.75%
  81802 61494     5126.6061   179     5120.5593     5159.0586  2632181    0.75%
  82281 61746     5124.0902   241     5120.5593     5158.8976  2651588    0.75%
  82766 62066     5135.1205   255     5120.5593     5158.7723  2668147    0.75%
  83244 62406     5131.3857   259     5120.5593     5158.6999  2684821    0.74%
Elapsed time = 1419.41 sec. (806665.55 ticks, tree = 1309.10 MB, solutions = 1)
  83780 62754     5138.6901   215     5120.5593     5158.6220  2702330    0.74%
  84373 63177     5122.4937   180     5120.5593     5158.5396  2720403    0.74%
  84819 63456        cutoff           5120.5593     5158.4289  2737099    0.74%
  85370 63821     5121.3481    62     5120.5593     5158.2992  2755559    0.74%
  85855 64168        cutoff           5120.5593     5158.2434  2771811    0.74%
  86399 64512     5125.5151   332     5120.5593     5158.1311  2790120    0.73%
  86859 64845     5145.8093   258     5120.5593     5158.0581  2804091    0.73%
  87446 65281     5124.1261   166     5120.5593     5157.9995  2822302    0.73%
  87892 65603        cutoff           5120.5593     5157.9404  2837871    0.73%
  88435 65974     5128.8748   220     5120.5593     5157.8527  2857568    0.73%
Elapsed time = 1486.65 sec. (844934.07 ticks, tree = 1310.25 MB, solutions = 1)
  88999 66352     5139.6047   211     5120.5593     5157.7502  2875499    0.73%
  89453 66657     5139.4460   216     5120.5593     5157.6808  2893869    0.72%
  90017 67032     5140.0470   200     5120.5593     5157.6175  2913267    0.72%
  90500 67344     5139.3702   232     5120.5593     5157.4871  2931034    0.72%
  91158 67853     5143.1172   196     5120.5593     5157.4083  2950092    0.72%
  91657 68190        cutoff           5120.5593     5157.3132  2965851    0.72%
  92162 68482     5127.3925   265     5120.5593     5157.1863  2984464    0.72%
  92610 68728     5134.6244   206     5120.5593     5157.0750  3002962    0.71%
  93015 68985     5132.1065   211     5120.5593     5156.9927  3020259    0.71%
  93554 69337     5140.8816   206     5120.5593     5156.8834  3038866    0.71%
Elapsed time = 1555.57 sec. (883261.55 ticks, tree = 1305.62 MB, solutions = 1)
  94121 69757     5143.7409   308     5120.5593     5156.8028  3056398    0.71%
  94656 70116     5137.4038   219     5120.5593     5156.7463  3074751    0.71%
  95200 70490     5138.7095   172     5120.5593     5156.6822  3093724    0.71%
  95683 70787     5138.5355   219     5120.5593     5156.6139  3111840    0.70%
  96246 71168        cutoff           5120.5593     5156.5330  3128769    0.70%
  96845 71609     5124.9060   213     5120.5593     5156.4825  3146222    0.70%
  97328 71913     5133.6003   276     5120.5593     5156.3966  3164365    0.70%
  97984 72399     5154.3300   238     5120.5593     5156.3257  3182802    0.70%
  98565 72787     5144.2334   230     5120.5593     5156.2609  3200197    0.70%
  99195 73262     5149.5318   205     5120.5593     5156.1742  3219561    0.70%
Elapsed time = 1623.26 sec. (921580.07 ticks, tree = 1304.69 MB, solutions = 1)
  99789 73676     5132.5042   196     5120.5593     5156.0814  3239594    0.69%
 100350 74048     5143.7069   271     5120.5593     5156.0179  3259257    0.69%
 100815 74311     5139.5917   219     5120.5593     5155.9360  3274554    0.69%
 101421 74730     5134.9659   158     5120.5593     5155.8593  3293913    0.69%
 101950 75071     5123.5103   222     5120.5593     5155.7658  3312291    0.69%
 102553 75486     5128.8885   290     5120.5593     5155.6780  3331726    0.69%
 103006 75786     5128.6234   228     5120.5593     5155.6212  3350715    0.68%
 103587 76197     5126.6295   163     5120.5593     5155.5251  3368175    0.68%
 104085 76519     5148.1229   210     5120.5593     5155.4535  3386520    0.68%
 104518 76831     5124.3367   166     5120.5593     5155.4064  3400402    0.68%
Elapsed time = 1691.32 sec. (959854.46 ticks, tree = 1300.87 MB, solutions = 1)
 105085 77220     5124.8208   234     5120.5593     5155.3449  3418688    0.68%
 105502 77492     5126.9449   192     5120.5593     5155.2720  3435425    0.68%
 106134 77904     5122.0410   164     5120.5593     5155.1986  3454216    0.68%
 106687 78323     5144.5421   199     5120.5593     5155.1575  3471770    0.68%
 107285 78696     5124.8127   143     5120.5593     5155.0489  3489947    0.67%
 107854 79088     5140.9240   131     5120.5593     5155.0012  3507180    0.67%
 108382 79372     5123.0115   201     5120.5593     5154.8992  3525796    0.67%
 108909 79725     5127.7842   193     5120.5593     5154.8285  3544494    0.67%
 109465 80058     5122.1896   196     5120.5593     5154.7385  3563386    0.67%
 109977 80412     5130.5766   213     5120.5593     5154.6646  3581880    0.67%
Elapsed time = 1759.36 sec. (998318.57 ticks, tree = 1299.26 MB, solutions = 1)
 110552 80803        cutoff           5120.5593     5154.5704  3601068    0.66%
 111229 81306     5133.9185   251     5120.5593     5154.5142  3619578    0.66%
 111758 81637     5142.2708   248     5120.5593     5154.3972  3639206    0.66%
 112376 82021     5121.7848   162     5120.5593     5154.3224  3657551    0.66%
 112990 82438        cutoff           5120.5593     5154.2692  3676459    0.66%
 113586 82816        cutoff           5120.5593     5154.1755  3695892    0.66%
 114253 83307     5146.8386   314     5120.5593     5154.1324  3716279    0.66%
 114859 83710        cutoff           5120.5593     5154.0507  3735795    0.65%
 115412 84009     5146.3091   234     5120.5593     5153.9662  3755701    0.65%
 115960 84365     5129.6872   223     5120.5593     5153.9022  3774207    0.65%
Elapsed time = 1827.22 sec. (1036518.39 ticks, tree = 1298.23 MB, solutions = 1)
 116500 84730     5121.0794   278     5120.5593     5153.8466  3792845    0.65%
 117083 85131     5128.1697   248     5120.5593     5153.7856  3811864    0.65%
 117636 85491     5127.1496   186     5120.5593     5153.7075  3830215    0.65%
 118143 85798     5133.3432   175     5120.5593     5153.6226  3848940    0.65%
 118723 86197     5141.6202   257     5120.5593     5153.5826  3865843    0.64%
 119260 86529     5139.1337   157     5120.5593     5153.5215  3883676    0.64%
 119841 86927     5144.0827   284     5120.5593     5153.4629  3901509    0.64%
 120373 87215     5138.9533   164     5120.5593     5153.3884  3920032    0.64%
 120865 87479     5144.5530   192     5120.5593     5153.3139  3938463    0.64%
 121461 87864     5141.2604   219     5120.5593     5153.2260  3956702    0.64%
Elapsed time = 1896.26 sec. (1074751.84 ticks, tree = 1298.09 MB, solutions = 1)
 122093 88262     5124.8451   170     5120.5593     5153.1525  3974150    0.64%
 122679 88636     5149.8947   231     5120.5593     5153.0790  3994168    0.64%
 123305 89106     5123.2185   168     5120.5593     5153.0265  4013126    0.63%
 123873 89440     5144.8498   281     5120.5593     5152.9564  4032639    0.63%
 124406 89811     5126.1352   314     5120.5593     5152.9160  4051049    0.63%
 124918 90151     5129.4761   265     5120.5593     5152.8647  4066820    0.63%
 125444 90457     5140.3755   321     5120.5593     5152.7920  4086148    0.63%
 125964 90791     5137.2115   220     5120.5593     5152.7237  4102307    0.63%
 126536 91168     5147.2281   212     5120.5593     5152.6563  4119747    0.63%
 127116 91547        cutoff           5120.5593     5152.6006  4139349    0.63%
Elapsed time = 1964.57 sec. (1113023.05 ticks, tree = 1298.57 MB, solutions = 1)
 127675 91948     5136.9290   269     5120.5593     5152.5438  4159670    0.62%
 128258 92336     5126.3738   159     5120.5593     5152.5043  4177584    0.62%
 128862 92685     5135.9352   195     5120.5593     5152.4137  4197328    0.62%
 129373 92999     5148.1156   145     5120.5593     5152.3400  4215462    0.62%
 129859 93316     5134.1919   228     5120.5593     5152.2981  4231772    0.62%
 130426 93685     5132.2012   220     5120.5593     5152.2439  4251138    0.62%
 131020 94057     5131.9134   199     5120.5593     5152.1614  4270710    0.62%
 131565 94434     5127.1401   187     5120.5593     5152.1213  4287287    0.62%
 132178 94837     5130.3360   135     5120.5593     5152.0556  4305583    0.62%
 132628 95087     5137.5203   213     5120.5593     5152.0061  4324215    0.61%
Elapsed time = 2034.10 sec. (1151313.67 ticks, tree = 1297.59 MB, solutions = 1)
 133174 95483        cutoff           5120.5593     5151.9767  4341184    0.61%
 133737 95846        cutoff           5120.5593     5151.9184  4358832    0.61%
 134355 96256     5123.0662   171     5120.5593     5151.8849  4377646    0.61%
 134861 96560     5133.6691   228     5120.5593     5151.8044  4395100    0.61%
 135500 97004     5132.6364   184     5120.5593     5151.7593  4413339    0.61%
 136032 97281     5122.9913   173     5120.5593     5151.6877  4433143    0.61%
 136550 97594     5121.8335   276     5120.5593     5151.6326  4450828    0.61%
 137178 98027     5133.1999   302     5120.5593     5151.5800  4470128    0.61%
 137781 98430     5128.2844   228     5120.5593     5151.5171  4488574    0.60%
 138350 98790     5139.4286   177     5120.5593     5151.4550  4507305    0.60%
Elapsed time = 2106.04 sec. (1189751.93 ticks, tree = 1296.56 MB, solutions = 1)
 139041 99287     5131.0818   165     5120.5593     5151.3991  4526303    0.60%
 139602 99641     5121.2205   245     5120.5593     5151.3428  4544820    0.60%
 140269 100021     5126.4272   130     5120.5593     5151.2582  4564962    0.60%
 140798 100365     5133.1260   240     5120.5593     5151.2185  4584781    0.60%
 141360 100733     5126.1966   166     5120.5593     5151.1671  4604628    0.60%
 141803 101001     5141.8969   222     5120.5593     5151.1201  4620964    0.60%
 142354 101338     5143.9063   260     5120.5593     5151.0713  4640181    0.60%
 142851 101668     5132.0127   185     5120.5593     5151.0134  4657165    0.59%
 143482 102102     5142.2417   250     5120.5593     5150.9638  4675108    0.59%
 144046 102476     5130.7233   140     5120.5593     5150.9142  4694128    0.59%
Elapsed time = 2176.78 sec. (1227962.41 ticks, tree = 1296.95 MB, solutions = 1)
 144541 102805     5128.4839   263     5120.5593     5150.8700  4709114    0.59%
 145159 103167     5125.1305   251     5120.5593     5150.7939  4727468    0.59%
 145650 103467     5127.7585   212     5120.5593     5150.7405  4743108    0.59%
 146163 103778     5135.3873   218     5120.5593     5150.6897  4760915    0.59%
 146769 104162     5124.7915   231     5120.5593     5150.6211  4780149    0.59%
 147415 104555     5137.7038   204     5120.5593     5150.5625  4797716    0.59%
 147983 104921     5131.0398   120     5120.5593     5150.5127  4817384    0.58%
 148567 105244     5142.4721   388     5120.5593     5150.4487  4837684    0.58%
 149199 105706     5121.2578   242     5120.5593     5150.4241  4856752    0.58%
 149740 106021        cutoff           5120.5593     5150.3687  4874864    0.58%
Elapsed time = 2246.89 sec. (1266302.78 ticks, tree = 1295.13 MB, solutions = 1)
 150281 106361     5130.2500   200     5120.5593     5150.3276  4893933    0.58%
 150821 106674     5137.5534   131     5120.5593     5150.2640  4912326    0.58%
 151312 106932        cutoff           5120.5593     5150.1983  4931536    0.58%
 151946 107350     5129.9440   236     5120.5593     5150.1568  4950051    0.58%
 152603 107748        cutoff           5120.5593     5150.0795  4969837    0.58%
 153105 108014        cutoff           5120.5593     5150.0259  4989607    0.58%
 153664 108349     5146.1464   235     5120.5593     5149.9771  5008892    0.57%
 154280 108739     5121.4201   363     5120.5593     5149.9359  5027486    0.57%
 154900 109091     5131.3193   139     5120.5593     5149.8822  5047328    0.57%
 155466 109440     5130.7904   199     5120.5593     5149.8216  5066640    0.57%
Elapsed time = 2318.30 sec. (1304590.53 ticks, tree = 1293.62 MB, solutions = 1)
 156030 109757     5131.7747   257     5120.5593     5149.7692  5085008    0.57%
 156500 110034     5137.5635   199     5120.5593     5149.7130  5101288    0.57%
 157098 110427     5126.8170   126     5120.5593     5149.6599  5119167    0.57%
 157684 110819     5138.5004   200     5120.5593     5149.6117  5136466    0.57%
 158241 111150     5137.6160   192     5120.5593     5149.5682  5154344    0.57%
 158837 111518     5130.1107   177     5120.5593     5149.5206  5172598    0.57%
 159414 111884     5128.0280   197     5120.5593     5149.4758  5191362    0.56%
 159957 112216     5126.1475   226     5120.5593     5149.4312  5207849    0.56%
 160482 112561     5130.4023   190     5120.5593     5149.4045  5225396    0.56%
 161084 112917     5140.8709   232     5120.5593     5149.3419  5243131    0.56%
Elapsed time = 2389.07 sec. (1342950.02 ticks, tree = 1293.32 MB, solutions = 1)
 161570 113210     5126.9120   231     5120.5593     5149.3045  5258583    0.56%
 162137 113522        cutoff           5120.5593     5149.2557  5277320    0.56%
 162684 113872     5137.5960   201     5120.5593     5149.2133  5295696    0.56%
 163315 114319     5123.7490    66     5120.5593     5149.1786  5312393    0.56%
 163830 114611     5146.2885   149     5120.5593     5149.1238  5330103    0.56%
 164430 115003     5130.8879   185     5120.5593     5149.0829  5350044    0.56%
 165056 115378     5129.0829   188     5120.5593     5149.0232  5370906    0.56%
 165586 115744     5122.7837   273     5120.5593     5148.9939  5388702    0.56%
 166160 116086     5131.1810   170     5120.5593     5148.9386  5407917    0.55%
 166740 116436     5140.5198   227     5120.5593     5148.8868  5427646    0.55%
Elapsed time = 2458.88 sec. (1381162.56 ticks, tree = 1293.60 MB, solutions = 1)
 167337 116825     5121.4067   205     5120.5593     5148.8434  5447108    0.55%
 167915 117128     5136.3688   195     5120.5593     5148.7928  5465312    0.55%
 168553 117532     5124.7361   132     5120.5593     5148.7443  5484655    0.55%
 169173 117921     5139.4157   216     5120.5593     5148.6967  5504591    0.55%
 169802 118364     5132.0420   208     5120.5593     5148.6559  5523663    0.55%
 170426 118753     5125.4839   268     5120.5593     5148.6165  5543018    0.55%
 171033 119120     5129.1278   216     5120.5593     5148.5747  5562743    0.55%
 171629 119513     5124.6879   263     5120.5593     5148.5366  5580875    0.55%
 172191 119852     5127.1995   178     5120.5593     5148.4999  5598158    0.55%
 172734 120137     5128.3946   303     5120.5593     5148.4263  5615565    0.54%
Elapsed time = 2531.56 sec. (1419459.12 ticks, tree = 1295.40 MB, solutions = 1)
 173342 120510        cutoff           5120.5593     5148.3684  5633794    0.54%
 173804 120779     5132.8294   158     5120.5593     5148.3243  5648642    0.54%
 174418 121168     5123.9571   194     5120.5593     5148.2811  5667886    0.54%
 175108 121645     5130.9386   155     5120.5593     5148.2517  5686290    0.54%
 175741 122070        cutoff           5120.5593     5148.2162  5705451    0.54%
 176412 122484     5136.1173   227     5120.5593     5148.1630  5723050    0.54%
 176979 122822     5129.9956   193     5120.5593     5148.1181  5740773    0.54%
 177597 123200     5142.2504   176     5120.5593     5148.0804  5759144    0.54%
 178186 123602        cutoff           5120.5593     5148.0355  5777483    0.54%
 178734 123900        cutoff           5120.5593     5147.9838  5795112    0.54%
Elapsed time = 2602.15 sec. (1457703.23 ticks, tree = 1297.97 MB, solutions = 1)
 179301 124203        cutoff           5120.5593     5147.9322  5814799    0.53%
 179919 124592     5121.4026   179     5120.5593     5147.8937  5833970    0.53%
 180484 124914     5129.5043    81     5120.5593     5147.8357  5852042    0.53%
 181138 125311     5139.4373   142     5120.5593     5147.7956  5870867    0.53%
 181818 125734     5139.7017   139     5120.5593     5147.7547  5889090    0.53%
 182410 126071     5137.5214   304     5120.5593     5147.7165  5908521    0.53%
 182926 126336     5126.0579   330     5120.5593     5147.6655  5927872    0.53%
 183500 126690     5126.6904   176     5120.5593     5147.6308  5946484    0.53%
 184168 127069        cutoff           5120.5593     5147.5750  5965928    0.53%
 184802 127428        cutoff           5120.5593     5147.5231  5985879    0.53%
Elapsed time = 2673.40 sec. (1496013.23 ticks, tree = 1297.38 MB, solutions = 1)
 185439 127876     5122.7343   218     5120.5593     5147.4819  6005078    0.53%
 186004 128204        cutoff           5120.5593     5147.4384  6024647    0.52%
 186585 128516     5133.6713   134     5120.5593     5147.3697  6044075    0.52%
 187099 128752     5125.9498   199     5120.5593     5147.3153  6062102    0.52%
 187741 129161     5122.1933   293     5120.5593     5147.2762  6081725    0.52%
 188360 129511     5140.3682   230     5120.5593     5147.2255  6099872    0.52%
 188983 129844        cutoff           5120.5593     5147.1869  6118715    0.52%
 189500 130163     5120.8061   203     5120.5593     5147.1419  6135301    0.52%
 190181 130631     5134.0193   183     5120.5593     5147.1169  6154688    0.52%
 190759 130997     5131.1345   299     5120.5593     5147.0828  6171119    0.52%
Elapsed time = 2743.59 sec. (1534393.73 ticks, tree = 1296.67 MB, solutions = 1)
 191326 131327     5128.4275   230     5120.5593     5147.0427  6189957    0.52%
 191844 131631     5129.1584   213     5120.5593     5147.0037  6208777    0.52%
 192499 132038     5132.9407   194     5120.5593     5146.9599  6226638    0.52%
 193138 132461     5128.2165   190     5120.5593     5146.9336  6243833    0.52%
 193758 132825        cutoff           5120.5593     5146.8947  6262041    0.51%
 194385 133190        cutoff           5120.5593     5146.8530  6281213    0.51%
 195069 133616        cutoff           5120.5593     5146.8155  6301473    0.51%
 195717 133995        cutoff           5120.5593     5146.7717  6319424    0.51%
 196347 134372     5142.1853   210     5120.5593     5146.7327  6339544    0.51%
 196968 134742     5140.8930   137     5120.5593     5146.6887  6358193    0.51%
Elapsed time = 2813.74 sec. (1572589.40 ticks, tree = 1300.40 MB, solutions = 1)
 197557 135066        cutoff           5120.5593     5146.6543  6377020    0.51%
 198181 135487     5122.1853   158     5120.5593     5146.6246  6395438    0.51%
 198833 135824     5126.4214   180     5120.5593     5146.5817  6415698    0.51%
 199500 136256     5139.4147   186     5120.5593     5146.5514  6434252    0.51%
 200192 136737     5129.0141   151     5120.5593     5146.5222  6452969    0.51%
 200794 137081     5129.3150   134     5120.5593     5146.4889  6472047    0.51%
 201544 137589     5123.6133   175     5120.5593     5146.4529  6491072    0.51%
 202191 137971     5131.8714   255     5120.5593     5146.4027  6510550    0.50%
 202797 138337     5138.4595   205     5120.5593     5146.3610  6528671    0.50%
 203386 138694     5135.4647   195     5120.5593     5146.3272  6547611    0.50%
Elapsed time = 2883.44 sec. (1610837.48 ticks, tree = 1301.82 MB, solutions = 1)
 204018 139050     5132.1003   111     5120.5593     5146.2764  6565435    0.50%
 204665 139477     5136.8894   193     5120.5593     5146.2438  6583705    0.50%
 205280 139859     5136.4279   228     5120.5593     5146.2179  6602274    0.50%
 206033 140354     5134.8938   229     5120.5593     5146.1697  6620120    0.50%
 206639 140724     5133.5234   199     5120.5593     5146.1486  6638235    0.50%
 207275 141100     5126.6672   188     5120.5593     5146.1120  6656727    0.50%
 207875 141484        cutoff           5120.5593     5146.0830  6673569    0.50%
 208487 141811     5124.7304   197     5120.5593     5146.0351  6691993    0.50%
 209120 142193     5145.0580   171     5120.5593     5146.0058  6710159    0.50%
 209772 142569     5124.7726   238     5120.5593     5145.9663  6727695    0.50%
Elapsed time = 2951.45 sec. (1649029.67 ticks, tree = 1305.79 MB, solutions = 1)
 210411 142919     5128.7082   168     5120.5593     5145.9247  6747375    0.50%
 211052 143303        cutoff           5120.5593     5145.8911  6765852    0.49%
 211655 143699     5139.6704   170     5120.5593     5145.8714  6784463    0.49%
 212254 144078     5125.2692   190     5120.5593     5145.8520  6804173    0.49%
 212819 144380        cutoff           5120.5593     5145.8226  6821756    0.49%
 213425 144723     5133.5779   238     5120.5593     5145.7852  6841192    0.49%
 214027 145019        cutoff           5120.5593     5145.7359  6859976    0.49%
 214585 145336     5128.5291   225     5120.5593     5145.7117  6877026    0.49%
 215196 145674     5128.3930   151     5120.5593     5145.6745  6896588    0.49%
 215800 146011     5125.8152   299     5120.5593     5145.6350  6913752    0.49%
Elapsed time = 3019.57 sec. (1687250.74 ticks, tree = 1307.77 MB, solutions = 1)
 216522 146485     5130.6482   225     5120.5593     5145.6047  6932557    0.49%
 217198 146910     5133.8886   161     5120.5593     5145.5715  6952334    0.49%
 217874 147286     5132.9075   188     5120.5593     5145.5404  6971918    0.49%
 218539 147655     5129.2691   202     5120.5593     5145.4974  6990898    0.49%
 219255 148068     5134.2094   285     5120.5593     5145.4474  7010180    0.49%
 219876 148470     5123.8888   193     5120.5593     5145.4206  7027999    0.49%
 220547 148902     5134.6986   178     5120.5593     5145.3912  7047944    0.48%
 221225 149338     5133.0094   220     5120.5593     5145.3634  7066693    0.48%
 221858 149722     5128.9825   132     5120.5593     5145.3333  7085834    0.48%
 222439 150038     5122.4240   126     5120.5593     5145.2939  7105080    0.48%
Elapsed time = 3087.90 sec. (1725463.33 ticks, tree = 1309.64 MB, solutions = 1)
 223038 150370     5126.0139   348     5120.5593     5145.2609  7123489    0.48%
 223706 150811        cutoff           5120.5593     5145.2428  7140861    0.48%
 224342 151120        cutoff           5120.5593     5145.1944  7159612    0.48%
 224926 151476        cutoff           5120.5593     5145.1648  7176320    0.48%
 225566 151888     5136.3697   148     5120.5593     5145.1341  7193943    0.48%
 226200 152255     5138.5535   143     5120.5593     5145.1087  7212303    0.48%
 226872 152684        cutoff           5120.5593     5145.0831  7230102    0.48%
 227467 153017     5126.5815   182     5120.5593     5145.0496  7248590    0.48%
 228093 153304     5122.0999   190     5120.5593     5145.0062  7266809    0.48%
 228651 153604     5133.6842   206     5120.5593     5144.9750  7284374    0.48%
Elapsed time = 3155.35 sec. (1763700.35 ticks, tree = 1310.84 MB, solutions = 1)
 229250 153931     5124.8566   217     5120.5593     5144.9402  7302487    0.48%
 229750 154235     5127.6694   251     5120.5593     5144.9214  7315999    0.48%
 230305 154536     5137.8425   160     5120.5593     5144.8928  7333944    0.48%
 230958 154931     5137.0477   129     5120.5593     5144.8541  7352971    0.47%
 231557 155286     5138.1794   171     5120.5593     5144.8232  7370712    0.47%
 232180 155629     5136.9624   261     5120.5593     5144.7877  7389988    0.47%
 232874 156083     5129.3934   205     5120.5593     5144.7619  7409392    0.47%
 233491 156486     5124.7338   171     5120.5593     5144.7437  7427375    0.47%
 234183 156904     5129.7374   218     5120.5593     5144.7095  7446996    0.47%
 234850 157307     5133.2920   230     5120.5593     5144.6786  7464560    0.47%
Elapsed time = 3222.82 sec. (1801949.25 ticks, tree = 1313.40 MB, solutions = 1)
 235534 157684     5126.4947   224     5120.5593     5144.6375  7483875    0.47%
 236099 157950     5123.5617   157     5120.5593     5144.5995  7503799    0.47%
 236697 158274     5136.9719   192     5120.5593     5144.5678  7522157    0.47%
 237034 158490     5138.6528   249     5120.5593     5144.5543  7531951    0.47%
 237300 158659     5122.8797   202     5120.5593     5144.5432  7539196    0.47%
 237500 158767     5127.0236   177     5120.5593     5144.5279  7544437    0.47%
 237600 158829     5133.4859   198     5120.5593     5144.5238  7547527    0.47%
 237814 158986     5139.8040   233     5120.5593     5144.5166  7553426    0.47%
 238100 159137     5123.2973   187     5120.5593     5144.4909  7562322    0.47%
 238300 159257     5121.7490   144     5120.5593     5144.4844  7567271    0.47%
Elapsed time = 3298.40 sec. (1843430.97 ticks, tree = 1314.15 MB, solutions = 1)
 238500 159394     5122.2249   194     5120.5593     5144.4787  7573441    0.47%
 238700 159528     5127.3320   201     5120.5593     5144.4715  7579615    0.47%
 238900 159625     5124.4199   207     5120.5593     5144.4591  7586703    0.47%
 239000 159680     5127.9203   208     5120.5593     5144.4558  7589604    0.47%
 239242 159818        cutoff           5120.5593     5144.4446  7596017    0.47%
 239300 159849     5131.3904   228     5120.5593     5144.4397  7597675    0.47%
 239400 159898     5137.0205   175     5120.5593     5144.4349  7600598    0.47%
 239500 159966     5132.0787   231     5120.5593     5144.4302  7603890    0.47%
 239700 160101     5129.2147   275     5120.5593     5144.4231  7608425    0.47%
 240200 160420     5135.4784   220     5120.5593     5144.4009  7623154    0.47%
Elapsed time = 3432.70 sec. (1917624.64 ticks, tree = 1315.16 MB, solutions = 1)
 240484 160588     5135.7002   167     5120.5593     5144.3911  7632527    0.47%
 240800 160751     5127.2226   204     5120.5593     5144.3723  7642925    0.47%
 241100 160930     5140.0262   157     5120.5593     5144.3618  7651876    0.46%
 241631 161257     5129.1164   207     5120.5593     5144.3411  7666192    0.46%
 241913 161400     5131.5392   181     5120.5593     5144.3221  7675975    0.46%
 242280 161624     5132.5378   193     5120.5593     5144.3091  7685826    0.46%
 242700 161856     5123.4095   211     5120.5593     5144.2840  7697734    0.46%
 243300 162198     5137.5411   210     5120.5593     5144.2624  7715862    0.46%
 243730 162446     5122.5374   188     5120.5593     5144.2486  7729771    0.46%
 244100 162650     5138.8092   173     5120.5593     5144.2288  7741812    0.46%
Elapsed time = 3508.34 sec. (1959215.95 ticks, tree = 1315.80 MB, solutions = 1)
 244749 163077        cutoff           5120.5593     5144.2017  7757094    0.46%
 245000 163201     5136.4877   179     5120.5593     5144.1870  7764634    0.46%
 245565 163561     5129.8921   144     5120.5593     5144.1692  7780079    0.46%
 245783 163687     5123.3917   214     5120.5593     5144.1554  7787195    0.46%
 246100 163841     5135.7587   154     5120.5593     5144.1356  7797238    0.46%
 246617 164191     5125.0113   201     5120.5593     5144.1184  7810844    0.46%
 246914 164353     5122.1363   177     5120.5593     5144.1076  7820590    0.46%
 247400 164631     5143.2431   228     5120.5593     5144.0888  7833722    0.46%
 247844 164893        cutoff           5120.5593     5144.0698  7846348    0.46%
 248315 165141     5138.4604   162     5120.5593     5144.0451  7860923    0.46%
Elapsed time = 3578.12 sec. (1998196.13 ticks, tree = 1318.05 MB, solutions = 1)
 248700 165340     5131.1554   155     5120.5593     5144.0303  7872276    0.46%
 249210 165631     5126.1946   169     5120.5593     5144.0127  7887367    0.46%
 249706 165879     5139.2993   216     5120.5593     5143.9851  7903083    0.46%

Implied bound cuts applied:  21
Flow cuts applied:  117
Mixed integer rounding cuts applied:  745
Lift and project cuts applied:  75
Gomory fractional cuts applied:  29

Root node processing (before b&c):
  Real time             =    5.87 sec. (3215.29 ticks)
Sequential b&c:
  Real time             = 3594.13 sec. (2007595.78 ticks)
                          ------------
Total (root+branch&cut) = 3600.00 sec. (2010811.06 ticks)
