1 of 1 MIP starts provided solutions.
MIP start 'm1' defined initial solution with objective 4154.8329.
Tried aggregator 13 times.
MIP Presolve eliminated 1623 rows and 1 columns.
Aggregator did 8726 substitutions.
Reduced MIP has 12045 rows, 10449 columns, and 55266 nonzeros.
Reduced MIP has 1600 binaries, 0 generals, 0 SOSs, and 0 indicators.
Presolve time = 0.39 sec. (186.17 ticks)
Probing time = 0.03 sec. (10.89 ticks)
Tried aggregator 1 time.
Reduced MIP has 12045 rows, 10449 columns, and 55266 nonzeros.
Reduced MIP has 1600 binaries, 0 generals, 0 SOSs, and 0 indicators.
Presolve time = 0.07 sec. (27.01 ticks)
Probing time = 0.03 sec. (10.98 ticks)
Clique table members: 11697.
MIP emphasis: balance optimality and feasibility.
MIP search method: dynamic search.
Parallel mode: none, using 1 thread.
Root relaxation solution time = 0.33 sec. (212.08 ticks)

        Nodes                                         Cuts/
   Node  Left     Objective  IInf  Best Integer    Best Bound    ItCnt     Gap

*     0+    0                         4154.8329    21135.9972     7964  408.71%
      0     0     4475.6234   206     4154.8329     4475.6234     7964    7.72%
      0     0     4382.8554   240     4154.8329     Cuts: 404     9255    5.49%
      0     0     4339.4919   287     4154.8329     Cuts: 389    10040    4.44%
      0     0     4319.1495   286     4154.8329     Cuts: 287    10570    3.95%
      0     0     4309.3248   306     4154.8329     Cuts: 225    10965    3.72%
      0     0     4306.5350   337     4154.8329     Cuts: 183    11378    3.65%
      0     0     4303.3521   321     4154.8329     Cuts: 161    11717    3.57%
      0     0     4298.7017   329     4154.8329     Cuts: 140    11912    3.46%
      0     0     4296.2416   335     4154.8329     Cuts: 133    12130    3.40%
      0     0     4293.8947   316     4154.8329     Cuts: 184    12271    3.35%
      0     0     4290.3719   318     4154.8329      Cuts: 75    12435    3.26%
      0     0     4288.2232   315     4154.8329     Cuts: 125    12563    3.21%
      0     0     4287.6295   319     4154.8329      Cuts: 80    12644    3.20%
      0     0     4286.8901   329     4154.8329      Cuts: 82    12723    3.18%
      0     0     4285.9537   318     4154.8329      Cuts: 73    12821    3.16%
      0     0     4285.2357   315     4154.8329      Cuts: 50    12934    3.14%
      0     0     4284.4868   319     4154.8329      Cuts: 51    13050    3.12%
      0     0     4283.9769   319     4154.8329      Cuts: 80    13104    3.11%
      0     0     4283.4200   316     4154.8329      Cuts: 41    13169    3.09%
      0     2     4283.4200   316     4154.8329     4283.4056    13169    3.09%
Elapsed time = 8.77 sec. (4596.97 ticks, tree = 0.00 MB, solutions = 1)
      9    11     4266.2664   303     4154.8329     4282.2821    14277    3.07%
     19    21     4263.2382   284     4154.8329     4282.2821    15365    3.07%
     27    27     4248.2397   259     4154.8329     4282.2821    16294    3.07%
     40    40     4230.1606   190     4154.8329     4282.2821    18143    3.07%
     60    52     4198.5442   165     4154.8329     4282.2821    19592    3.07%
     80    70     4173.8005   114     4154.8329     4282.2821    20716    3.07%
     95    75     4272.9037   305     4154.8329     4282.2012    21923    3.07%
    108    84     4212.7736   252     4154.8329     4282.2012    23582    3.07%
    115    89     4196.3986   247     4154.8329     4282.2012    24638    3.07%
    189   146     4228.2671   268     4154.8329     4280.4142    29550    3.02%
Elapsed time = 14.60 sec. (7861.09 ticks, tree = 0.91 MB, solutions = 1)
    270   219     4181.5463   226     4154.8329     4276.5988    34240    2.93%
    330   258     4185.1590   207     4154.8329     4276.1387    40781    2.92%
    371   284     4206.6618   266     4154.8329     4275.4480    43599    2.90%
    440   347     4196.3380   263     4154.8329     4274.7310    49245    2.89%
    508   412     4235.2475   366     4154.8329     4235.1046    69775    1.93%
    509   413     4233.5294   345     4154.8329     4233.5083    70101    1.89%
    511   415     4230.9102   338     4154.8329     4233.5083    70700    1.89%
    514   418     4229.6818   341     4154.8329     4233.5083    71833    1.89%
    516   419     4228.2689   335     4154.8329     4233.5083    73856    1.89%
    522   348     4227.1807   337     4154.8329     4233.5083    74796    1.89%
Elapsed time = 65.48 sec. (34475.25 ticks, tree = 2.26 MB, solutions = 1)
    527   324     4202.4745   239     4154.8329     4233.5083    76534    1.89%
    533   327     4193.0954   238     4154.8329     4233.5083    77188    1.89%
    550   321     4156.0781   204     4154.8329     4233.5083    79499    1.89%
    561   317     4216.8592   272     4154.8329     4230.1799    81846    1.81%
    608   326     4199.6295   196     4154.8329     4230.1799    84855    1.81%
    642   320     4218.0209   348     4154.8329     4227.5845    87900    1.75%
    692   348     4188.3637   186     4154.8329     4227.5845    90718    1.75%
    743   371     4178.7961   239     4154.8329     4227.5343    93774    1.75%
    794   386     4205.5538   253     4154.8329     4223.8512    96896    1.66%
    868   425     4167.2272   102     4154.8329     4223.8512    98915    1.66%
Elapsed time = 82.85 sec. (44571.14 ticks, tree = 2.44 MB, solutions = 1)
    887   420     4181.1271   296     4154.8329     4222.8729   103198    1.64%
    930   434     4188.4578   272     4154.8329     4221.9543   107757    1.62%
    983   445     4169.1875   268     4154.8329     4221.1256   111929    1.60%
   1005   443     4198.3752   270     4154.8329     4218.9988   114460    1.54%
   1083   482     4174.3770   313     4154.8329     4218.7728   119889    1.54%
   1131   495     4185.9977   272     4154.8329     4216.6733   125317    1.49%
   1188   528     4171.4931   217     4154.8329     4215.1329   130128    1.45%
   1268   597     4167.9461   204     4154.8329     4214.9869   134904    1.45%
   1350   656     4164.6781   219     4154.8329     4214.9041   138345    1.45%
   1389   681     4159.5961   224     4154.8329     4214.8725   142348    1.45%
Elapsed time = 101.29 sec. (54931.13 ticks, tree = 3.13 MB, solutions = 1)
   1431   707     4179.8408   269     4154.8329     4214.4778   146267    1.44%
   1477   743     4192.5507   280     4154.8329     4214.3019   149433    1.43%
   1524   777        cutoff           4154.8329     4214.3019   152059    1.43%
   1548   785     4193.0255   270     4154.8329     4211.2538   154416    1.36%
   1599   819     4193.3295   270     4154.8329     4210.9678   159705    1.35%
   1689   892     4189.5291   281     4154.8329     4210.5489   163687    1.34%
   1715   906     4158.8125   281     4154.8329     4210.5004   167430    1.34%
   1758   938     4166.9350   168     4154.8329     4209.6528   171572    1.32%
   1787   957     4157.6742   308     4154.8329     4208.7321   174892    1.30%
   1844  1007     4170.1193   157     4154.8329     4207.8646   179129    1.28%
Elapsed time = 119.41 sec. (65235.97 ticks, tree = 4.41 MB, solutions = 1)
   1892  1052     4178.4878   264     4154.8329     4207.4243   182442    1.27%
   1940  1088     4155.2685   337     4154.8329     4207.2822   186824    1.26%
   1988  1111        cutoff           4154.8329     4207.0899   192593    1.26%
   2027  1143     4167.9048   347     4154.8329     4207.0582   197340    1.26%
   2072  1179     4157.8343   224     4154.8329     4206.9028   202362    1.25%
   2144  1237     4169.3856   321     4154.8329     4206.6924   208817    1.25%
   2179  1262     4185.6698   211     4154.8329     4206.2744   215235    1.24%
   2241  1312     4155.3535   116     4154.8329     4206.2744   220428    1.24%
   2269  1332     4167.6131   217     4154.8329     4204.8969   225951    1.20%
   2339  1390     4192.8002   274     4154.8329     4204.7142   232917    1.20%
Elapsed time = 139.28 sec. (76196.96 ticks, tree = 6.56 MB, solutions = 1)
   2358  1408     4178.1840   263     4154.8329     4204.7142   236386    1.20%
   2402  1432     4163.6221   302     4154.8329     4204.3928   240941    1.19%
   2439  1458     4176.9502   310     4154.8329     4203.8668   244999    1.18%
   2501  1508     4177.1146   250     4154.8329     4203.7384   248716    1.18%
   2544  1539     4188.7383   243     4154.8329     4203.3053   252903    1.17%
   2591  1571        cutoff           4154.8329     4202.1989   258374    1.14%
   2604  1570     4185.1501   288     4154.8329     4201.8237   261954    1.13%
   2659  1605     4166.6884   281     4154.8329     4201.6986   266675    1.13%
   2694  1630     4164.3818   287     4154.8329     4201.4086   271781    1.12%
   2752  1667        cutoff           4154.8329     4201.4086   276459    1.12%
Elapsed time = 162.13 sec. (86544.22 ticks, tree = 8.52 MB, solutions = 1)
   2820  1719     4183.1328   328     4154.8329     4200.7969   281736    1.11%
   2858  1744     4162.6171   291     4154.8329     4200.6315   286049    1.10%
   2913  1775     4168.5958   254     4154.8329     4200.1209   291350    1.09%
   2987  1829     4182.1250   263     4154.8329     4199.9562   296524    1.09%
   3057  1878     4159.9904   293     4154.8329     4199.8858   302235    1.08%
   3127  1937     4166.1852   181     4154.8329     4199.6710   307734    1.08%
   3192  1972     4188.2865   361     4154.8329     4199.1137   313716    1.07%
   3236  2005     4182.9264   287     4154.8329     4198.7033   321599    1.06%
   3261  2023     4155.1015   302     4154.8329     4198.6188   324771    1.05%
   3349  2083     4160.9579   178     4154.8329     4198.2961   330677    1.05%
Elapsed time = 182.45 sec. (97017.27 ticks, tree = 10.41 MB, solutions = 1)
   3373  2092     4167.3680   284     4154.8329     4198.2822   335121    1.05%
   3404  2110     4181.0284   299     4154.8329     4198.1990   340941    1.04%
   3459  2158     4170.3599   261     4154.8329     4198.1171   344997    1.04%
   3503  2197     4155.0165   178     4154.8329     4198.1171   346781    1.04%
   3555  2209        cutoff           4154.8329     4196.7536   353567    1.01%
   3611  2252     4162.3611   326     4154.8329     4196.6001   360240    1.01%
   3669  2283        cutoff           4154.8329     4196.4487   365392    1.00%
   3679  2285     4181.7596   328     4154.8329     4195.9625   368559    0.99%
   3730  2319     4159.0846   258     4154.8329     4195.7949   372443    0.99%
   3767  2331        cutoff           4154.8329     4195.3791   378730    0.98%
Elapsed time = 202.96 sec. (107737.83 ticks, tree = 11.50 MB, solutions = 1)
   3823  2374     4171.5674   267     4154.8329     4194.9084   384356    0.96%
   3897  2434     4158.9583   287     4154.8329     4194.8234   390195    0.96%
   3953  2466        cutoff           4154.8329     4194.3866   396730    0.95%
   4007  2509     4175.4826   284     4154.8329     4194.1263   401564    0.95%
   4063  2556     4162.2538   201     4154.8329     4194.0775   408242    0.94%
   4136  2586     4157.1367   291     4154.8329     4192.9755   415035    0.92%
   4185  2617     4165.1538   222     4154.8329     4192.7532   420328    0.91%
   4266  2675     4157.4223   229     4154.8329     4192.2514   426084    0.90%
   4346  2724     4180.4979   235     4154.8329     4191.5153   432479    0.88%
   4689  2972        cutoff           4154.8329     4190.6058   453072    0.86%
Elapsed time = 227.21 sec. (120614.69 ticks, tree = 14.03 MB, solutions = 1)
   4931  3144     4175.4711   209     4154.8329     4190.0433   469645    0.85%
   5172  3304     4161.1162   291     4154.8329     4189.4303   487841    0.83%
   5441  3508     4169.4102   209     4154.8329     4188.7488   504505    0.82%
   5639  3658     4159.5730   236     4154.8329     4188.6382   521533    0.81%
   5857  3798     4163.4267   236     4154.8329     4187.4115   544751    0.78%
   6086  3943     4158.3612   175     4154.8329     4186.9564   569669    0.77%
   6339  4094     4163.9794   232     4154.8329     4186.2625   590811    0.76%
   6661  4319     4156.9493   124     4154.8329     4185.6519   610715    0.74%
   6930  4502     4164.5297   227     4154.8329     4185.1912   629664    0.73%
   7154  4630     4169.8215   257     4154.8329     4184.7368   646985    0.72%
Elapsed time = 297.90 sec. (159194.54 ticks, tree = 20.98 MB, solutions = 1)
   7388  4778     4157.8585   235     4154.8329     4184.0967   664109    0.70%
   7709  5000     4162.0244   207     4154.8329     4183.7970   682592    0.70%
   7982  5167     4161.1475   249     4154.8329     4183.3765   698864    0.69%
   8342  5437     4155.6049   257     4154.8329     4182.9910   721333    0.68%
   8673  5658     4160.6574   265     4154.8329     4182.6655   744093    0.67%
   8954  5815     4165.7085   211     4154.8329     4182.2385   769007    0.66%
   9313  6041     4177.6780   259     4154.8329     4182.0585   792327    0.66%
   9671  6295     4164.7912   284     4154.8329     4181.8255   815428    0.65%
   9923  6474     4160.9147   180     4154.8329     4181.6283   832919    0.64%
  10135  6598     4159.3639   238     4154.8329     4181.3282   849602    0.64%
Elapsed time = 367.29 sec. (197681.55 ticks, tree = 30.26 MB, solutions = 1)
  10401  6746     4171.1438   193     4154.8329     4180.9704   869989    0.63%
  10668  6916     4162.0479   182     4154.8329     4180.7245   885597    0.62%
  10901  7009     4159.3164   226     4154.8329     4180.1482   905887    0.61%
  11285  7236     4178.6702   218     4154.8329     4179.5067   930253    0.59%
  11674  7492     4155.8458   127     4154.8329     4179.0975   954803    0.58%
  11975  7648        cutoff           4154.8329     4178.8199   977471    0.58%
  12299  7821     4173.7530   209     4154.8329     4178.4988  1000730    0.57%
  12566  7991        cutoff           4154.8329     4178.2235  1024675    0.56%
  12857  8145     4165.0477   255     4154.8329     4177.9015  1046757    0.56%
  13103  8292     4172.3980   274     4154.8329     4177.6975  1065415    0.55%
Elapsed time = 444.32 sec. (240197.20 ticks, tree = 37.97 MB, solutions = 1)
  13489  8555     4173.0596   198     4154.8329     4177.3427  1088046    0.54%
  13709  8645     4164.0464   207     4154.8329     4176.9780  1106627    0.53%
  14027  8814     4160.3755   129     4154.8329     4176.6725  1126423    0.53%
  14353  8984     4158.1051   196     4154.8329     4176.3930  1147327    0.52%
  14707  9179     4166.7542   193     4154.8329     4176.1712  1170768    0.51%
  15019  9355        cutoff           4154.8329     4175.9878  1193879    0.51%
  15352  9528     4170.3134   157     4154.8329     4175.7612  1218138    0.50%
  15742  9778     4161.7262   209     4154.8329     4175.6381  1243109    0.50%
  16095  9963        cutoff           4154.8329     4175.4833  1266206    0.50%
  16379 10137     4154.8979   244     4154.8329     4175.2846  1288182    0.49%
Elapsed time = 514.83 sec. (279335.97 ticks, tree = 46.13 MB, solutions = 1)
  16734 10350     4156.3862   130     4154.8329     4175.0586  1312254    0.49%
  17003 10500     4159.3678   224     4154.8329     4174.8557  1332273    0.48%
  17268 10621        cutoff           4154.8329     4174.6567  1354179    0.48%
  17541 10748     4160.8683   195     4154.8329     4174.4442  1372662    0.47%
  17867 10942     4165.8391   205     4154.8329     4174.2924  1395856    0.47%
  18202 11183     4166.1599   227     4154.8329     4174.1807  1418606    0.47%
  18516 11349     4160.9046   169     4154.8329     4174.0237  1441550    0.46%
  18862 11502     4169.1907   284     4154.8329     4173.8029  1465106    0.46%
  19198 11696     4169.1519   231     4154.8329     4173.6625  1490309    0.45%
  19518 11891     4161.5845   200     4154.8329     4173.5125  1513962    0.45%
Elapsed time = 584.02 sec. (317589.22 ticks, tree = 53.90 MB, solutions = 1)
  19847 12057     4157.2921   178     4154.8329     4173.3062  1539253    0.44%
  20078 12171     4155.0258   160     4154.8329     4173.1817  1560959    0.44%
  20350 12284     4165.2428   203     4154.8329     4173.0270  1582172    0.44%
  20593 12413     4159.8921   260     4154.8329     4172.8939  1601278    0.43%
  20937 12605     4166.0929   249     4154.8329     4172.7853  1623080    0.43%
  21244 12752     4159.4388   200     4154.8329     4172.6474  1645329    0.43%
  21558 12879     4168.9398   259     4154.8329     4172.4624  1669450    0.42%
  21863 13010     4160.8685   199     4154.8329     4172.2564  1692449    0.42%
  22174 13137     4159.5944   167     4154.8329     4172.1269  1717480    0.42%
  22513 13293        cutoff           4154.8329     4172.0052  1744027    0.41%
Elapsed time = 654.84 sec. (356522.85 ticks, tree = 60.12 MB, solutions = 1)
  22828 13464     4159.7536   112     4154.8329     4171.8857  1766772    0.41%
  23148 13641     4159.4955   274     4154.8329     4171.8021  1790418    0.41%
  23461 13802     4162.5141   189     4154.8329     4171.7209  1815129    0.41%
  23687 13900     4159.4066   192     4154.8329     4171.6025  1834181    0.40%
  24022 14069        cutoff           4154.8329     4171.4475  1856963    0.40%
  24277 14140     4166.6191   176     4154.8329     4171.2923  1878478    0.40%
  24572 14295     4158.9231   214     4154.8329     4171.1722  1899027    0.39%
  24885 14421     4159.9099   241     4154.8329     4171.0357  1921921    0.39%
  25123 14562     4158.1883   298     4154.8329     4170.9696  1941907    0.39%
  25406 14681     4162.8277   237     4154.8329     4170.8664  1964421    0.39%
Elapsed time = 727.36 sec. (394991.64 ticks, tree = 65.97 MB, solutions = 1)
  25708 14828     4155.2532   227     4154.8329     4170.7679  1986759    0.38%
  25992 14920     4158.2095   147     4154.8329     4170.6657  2009371    0.38%
  26284 15049     4163.1337   188     4154.8329     4170.5326  2032995    0.38%
  26584 15166     4160.0286   115     4154.8329     4170.3810  2057446    0.37%
  26884 15285     4166.0270   148     4154.8329     4170.2718  2080849    0.37%
  27157 15399     4159.4120   197     4154.8329     4170.1601  2105756    0.37%
  27445 15529     4157.0157   197     4154.8329     4170.0752  2127573    0.37%
  27708 15637     4164.7599   221     4154.8329     4169.9832  2150875    0.36%
  27971 15784     4162.3745   120     4154.8329     4169.9118  2174674    0.36%
  28274 15932     4155.9671   177     4154.8329     4169.8038  2196761    0.36%
Elapsed time = 798.74 sec. (433578.67 ticks, tree = 71.54 MB, solutions = 1)
  28566 16037     4160.4059   189     4154.8329     4169.6518  2218779    0.36%
  28825 16108     4154.9669   219     4154.8329     4169.5518  2240468    0.35%
  29088 16208     4160.6840   227     4154.8329     4169.4597  2262893    0.35%
  29375 16319     4162.8785   246     4154.8329     4169.3492  2286276    0.35%
  29689 16445     4166.3428   191     4154.8329     4169.2171  2309978    0.35%
  30045 16601     4163.0182   150     4154.8329     4169.1202  2334274    0.34%
  30314 16723     4161.3107   241     4154.8329     4169.0369  2358981    0.34%
  30647 16759     4163.5906   145     4154.8329     4168.8638  2383674    0.34%
  30906 16835     4163.0670   199     4154.8329     4168.7656  2406574    0.34%
  31184 16919     4164.4910   286     4154.8329     4168.6646  2430798    0.33%
Elapsed time = 870.64 sec. (471901.03 ticks, tree = 76.40 MB, solutions = 1)
  31464 16982     4161.2379   231     4154.8329     4168.5236  2456757    0.33%
  31795 17101     4160.5945   278     4154.8329     4168.4196  2481826    0.33%
  32013 17188     4159.7728   119     4154.8329     4168.3633  2501305    0.33%
  32291 17279     4157.7993   150     4154.8329     4168.2509  2523465    0.32%
  32596 17411     4161.5550   170     4154.8329     4168.1817  2546301    0.32%
  32858 17488     4160.2300   228     4154.8329     4168.0949  2568282    0.32%
  33143 17578        cutoff           4154.8329     4167.9737  2591164    0.32%
  33413 17666        cutoff           4154.8329     4167.8917  2613069    0.31%
  33710 17753     4162.3839   146     4154.8329     4167.7987  2635467    0.31%
  34042 17887        cutoff           4154.8329     4167.7070  2659157    0.31%
Elapsed time = 941.07 sec. (510226.68 ticks, tree = 80.42 MB, solutions = 1)
  34328 17952     4157.0743   233     4154.8329     4167.5975  2681337    0.31%
  34641 18079     4159.1483   240     4154.8329     4167.4874  2704994    0.30%
  34956 18163     4155.0959   239     4154.8329     4167.3765  2731548    0.30%
  35274 18221     4166.6748   184     4154.8329     4167.2349  2757595    0.30%
  35600 18295     4162.4766   237     4154.8329     4167.0889  2780310    0.29%
  35928 18421     4159.9835   160     4154.8329     4167.0087  2805997    0.29%
  36254 18498     4159.2532   203     4154.8329     4166.8975  2832906    0.29%
  36563 18621     4163.5852   166     4154.8329     4166.8453  2856016    0.29%
  36757 18651        cutoff           4154.8329     4166.7619  2874423    0.29%
  37041 18754     4155.8654   262     4154.8329     4166.6965  2899329    0.29%
Elapsed time = 1012.16 sec. (548565.02 ticks, tree = 84.29 MB, solutions = 1)
  37308 18825     4158.1010   174     4154.8329     4166.6062  2921007    0.28%
  37598 18883     4160.9814   273     4154.8329     4166.5267  2942624    0.28%
  37868 18940     4155.7692   228     4154.8329     4166.4414  2965634    0.28%
  38180 19011        cutoff           4154.8329     4166.3403  2989334    0.28%
  38400 19059        cutoff           4154.8329     4166.2671  3011839    0.28%
  38699 19112     4156.2230   161     4154.8329     4166.1736  3033386    0.27%
  38978 19213     4163.8056   264     4154.8329     4166.1221  3059020    0.27%
  39280 19262        cutoff           4154.8329     4166.0230  3085126    0.27%
  39552 19262     4158.6528   187     4154.8329     4165.9228  3109156    0.27%
  39856 19352     4156.3345   247     4154.8329     4165.8716  3134762    0.27%
Elapsed time = 1084.31 sec. (587142.20 ticks, tree = 86.98 MB, solutions = 1)
  40161 19397     4158.6949   137     4154.8329     4165.7764  3157965    0.26%
  40454 19445     4155.1501   188     4154.8329     4165.6918  3184015    0.26%
  40769 19483     4161.2246   177     4154.8329     4165.6015  3208967    0.26%
  41109 19515     4155.1360    45     4154.8329     4165.4952  3232897    0.26%
  41372 19585     4158.4307   305     4154.8329     4165.4327  3255201    0.26%
  41631 19653     4155.5050   259     4154.8329     4165.3594  3276044    0.25%
  41929 19692     4155.5482   174     4154.8329     4165.2640  3302620    0.25%
  42162 19713     4158.8245   265     4154.8329     4165.1871  3324016    0.25%
  42452 19811     4155.1492   228     4154.8329     4165.1302  3348565    0.25%
  42722 19862        cutoff           4154.8329     4165.0636  3371487    0.25%
Elapsed time = 1154.40 sec. (625455.14 ticks, tree = 89.12 MB, solutions = 1)
  42999 19897        cutoff           4154.8329     4164.9883  3393642    0.24%
  43274 19938     4155.6144   146     4154.8329     4164.9281  3416080    0.24%
  43539 19950     4156.1014   150     4154.8329     4164.8655  3439966    0.24%
  43802 19946     4157.2883   210     4154.8329     4164.7811  3462757    0.24%
  44093 19967     4158.1434   217     4154.8329     4164.7014  3486539    0.24%
  44418 20022        cutoff           4154.8329     4164.6386  3512005    0.24%
  44750 20067     4160.7838   175     4154.8329     4164.5567  3536740    0.23%
  45129 20092     4161.9094   230     4154.8329     4164.4426  3561117    0.23%
  45446 20093     4157.1937   211     4154.8329     4164.3734  3587517    0.23%
  45786 20117     4155.6278   243     4154.8329     4164.2933  3613218    0.23%
Elapsed time = 1225.03 sec. (663833.82 ticks, tree = 90.30 MB, solutions = 1)
  46074 20113     4155.5286   265     4154.8329     4164.2059  3639385    0.23%
  46374 20133        cutoff           4154.8329     4164.1179  3664451    0.22%
  46720 20171     4159.0605   218     4154.8329     4164.0259  3688643    0.22%
  46988 20231     4159.3521   326     4154.8329     4163.9827  3710673    0.22%
  47288 20255     4157.3875   182     4154.8329     4163.9128  3733728    0.22%
  47609 20271     4156.5304   215     4154.8329     4163.8287  3757795    0.22%
  47862 20293     4157.5962   114     4154.8329     4163.7668  3777055    0.22%
  48135 20296     4154.8979   261     4154.8329     4163.7068  3799732    0.21%
  48447 20307     4160.3060   188     4154.8329     4163.6095  3821229    0.21%
  48724 20313     4160.1464   101     4154.8329     4163.5496  3842287    0.21%
Elapsed time = 1295.25 sec. (702082.51 ticks, tree = 91.21 MB, solutions = 1)
  48986 20301     4157.5719   267     4154.8329     4163.4701  3862023    0.21%
  49267 20278     4157.9112   131     4154.8329     4163.3805  3884420    0.21%
  49540 20303     4157.5137   215     4154.8329     4163.3266  3908595    0.20%
  49832 20337     4157.5139   178     4154.8329     4163.2709  3932971    0.20%
  50139 20303     4155.8971   253     4154.8329     4163.1759  3954395    0.20%
  50429 20294     4156.1758   193     4154.8329     4163.1052  3977751    0.20%
  50733 20318     4155.0451   113     4154.8329     4163.0543  4001396    0.20%
  51044 20322        cutoff           4154.8329     4162.9798  4026017    0.20%
  51340 20292        cutoff           4154.8329     4162.8991  4048972    0.19%
  51654 20246     4156.0277   213     4154.8329     4162.8125  4072936    0.19%
Elapsed time = 1368.65 sec. (740571.73 ticks, tree = 90.96 MB, solutions = 1)
  51951 20235     4154.9874   115     4154.8329     4162.7451  4095415    0.19%
  52248 20196     4157.8514    41     4154.8329     4162.6651  4119673    0.19%
  52534 20160        cutoff           4154.8329     4162.5878  4141590    0.19%
  52802 20097     4158.3746   230     4154.8329     4162.5037  4162647    0.18%
  53048 20063     4155.5518   133     4154.8329     4162.4427  4182271    0.18%
  53368 20002     4156.2839   141     4154.8329     4162.3560  4204752    0.18%
  53667 19942     4155.6460   309     4154.8329     4162.2729  4228654    0.18%
  53981 19917     4155.0207   250     4154.8329     4162.2121  4251108    0.18%
  54301 19859        cutoff           4154.8329     4162.1223  4273723    0.18%
  54606 19791     4156.2146   112     4154.8329     4162.0364  4296007    0.17%
Elapsed time = 1440.59 sec. (779251.86 ticks, tree = 88.84 MB, solutions = 1)
  54938 19758     4156.3751   246     4154.8329     4161.9735  4317391    0.17%
  55259 19723        cutoff           4154.8329     4161.9046  4342055    0.17%
  55621 19674        cutoff           4154.8329     4161.8253  4368033    0.17%
  55984 19705     4158.2860   207     4154.8329     4161.7517  4393538    0.17%
  56320 19613     4157.6458   146     4154.8329     4161.6668  4417177    0.16%
  56655 19600     4155.9896   237     4154.8329     4161.5888  4442609    0.16%
  57007 19525        cutoff           4154.8329     4161.4912  4468239    0.16%
  57359 19444     4155.7227   184     4154.8329     4161.4044  4493094    0.16%
  57725 19368     4155.0509   176     4154.8329     4161.3150  4518018    0.16%
  58088 19252     4156.5277   251     4154.8329     4161.2127  4542318    0.15%
Elapsed time = 1513.75 sec. (817550.85 ticks, tree = 86.50 MB, solutions = 1)
  58442 19128        cutoff           4154.8329     4161.1263  4566900    0.15%
  58781 19062     4159.7200   187     4154.8329     4161.0553  4589727    0.15%
  59093 18958        cutoff           4154.8329     4160.9737  4609560    0.15%
  59407 18831     4155.5828    83     4154.8329     4160.8809  4630959    0.15%
  59729 18723     4156.5232   178     4154.8329     4160.8072  4651874    0.14%
  60048 18618        cutoff           4154.8329     4160.7365  4673748    0.14%
  60392 18493     4157.1069   204     4154.8329     4160.6438  4696239    0.14%
  60657 18467     4158.2877   205     4154.8329     4160.5978  4718364    0.14%
  60980 18378        cutoff           4154.8329     4160.5302  4739597    0.14%
  61324 18260     4155.6573   267     4154.8329     4160.4479  4760931    0.14%
Elapsed time = 1586.08 sec. (855801.41 ticks, tree = 82.15 MB, solutions = 1)
  61699 18091     4154.9347   207     4154.8329     4160.3436  4782982    0.13%
  62054 17978     4155.8245   251     4154.8329     4160.2696  4806783    0.13%
  62412 17791        cutoff           4154.8329     4160.1743  4829664    0.13%
  62757 17645        cutoff           4154.8329     4160.0964  4853959    0.13%
  63133 17457        cutoff           4154.8329     4160.0003  4875084    0.12%
  63509 17294        cutoff           4154.8329     4159.9080  4899232    0.12%
  63898 17122     4155.5373   141     4154.8329     4159.8154  4920388    0.12%
  64270 16973        cutoff           4154.8329     4159.7379  4941613    0.12%
  64640 16893     4156.3857   206     4154.8329     4159.6595  4965663    0.12%
  65024 16695     4155.5984   230     4154.8329     4159.5762  4987767    0.11%
Elapsed time = 1657.84 sec. (894030.56 ticks, tree = 75.25 MB, solutions = 1)
  65434 16492     4154.9308   247     4154.8329     4159.4809  5009417    0.11%
  65807 16317        cutoff           4154.8329     4159.4028  5031897    0.11%
  66105 16180     4156.4220    97     4154.8329     4159.3327  5049048    0.11%
  66508 16014     4157.6886   208     4154.8329     4159.2430  5068658    0.11%
  66922 15831     4155.4532   272     4154.8329     4159.1663  5088500    0.10%
  67266 15606        cutoff           4154.8329     4159.0787  5107324    0.10%
  67692 15354     4155.2241   267     4154.8329     4158.9736  5127191    0.10%
  68049 15149        cutoff           4154.8329     4158.8842  5144871    0.10%
  68467 14912     4157.0944   135     4154.8329     4158.7856  5165592    0.10%
  68831 14698        cutoff           4154.8329     4158.7002  5185657    0.09%
Elapsed time = 1732.22 sec. (932488.28 ticks, tree = 66.29 MB, solutions = 1)
  69227 14481        cutoff           4154.8329     4158.6106  5202779    0.09%
  69632 14217        cutoff           4154.8329     4158.5184  5220232    0.09%
  70063 13929        cutoff           4154.8329     4158.4181  5238421    0.09%
  70475 13641        cutoff           4154.8329     4158.3307  5256949    0.08%
  70884 13343        cutoff           4154.8329     4158.2399  5274682    0.08%
  71292 13075        cutoff           4154.8329     4158.1500  5292992    0.08%
  71721 12764     4156.7669   284     4154.8329     4158.0549  5310890    0.08%
  72173 12440        cutoff           4154.8329     4157.9448  5326810    0.07%
  72618 12108        cutoff           4154.8329     4157.8431  5343749    0.07%
  73057 11766        cutoff           4154.8329     4157.7428  5360335    0.07%
Elapsed time = 1805.92 sec. (970768.63 ticks, tree = 53.31 MB, solutions = 1)
  73475 11459        cutoff           4154.8329     4157.6499  5378818    0.07%
  73928 11085     4156.9232    33     4154.8329     4157.5467  5395560    0.07%
  74385 10750        cutoff           4154.8329     4157.4581  5409594    0.06%
  74864 10352        cutoff           4154.8329     4157.3525  5423379    0.06%
  75336  9964        cutoff           4154.8329     4157.2448  5436826    0.06%
  75815  9528     4156.4404    74     4154.8329     4157.1312  5450126    0.06%
  76288  9120        cutoff           4154.8329     4157.0345  5462168    0.05%
  76797  8670        cutoff           4154.8329     4156.9181  5474437    0.05%
  77281  8224     4156.1831   199     4154.8329     4156.8023  5486062    0.05%
  77787  7767     4155.7863    81     4154.8329     4156.6908  5496149    0.04%
Elapsed time = 1878.85 sec. (1008982.50 ticks, tree = 35.54 MB, solutions = 1)
  78298  7273        cutoff           4154.8329     4156.5664  5505739    0.04%
  78810  6787        cutoff           4154.8329     4156.4469  5515292    0.04%
  79316  6316        cutoff           4154.8329     4156.3383  5524341    0.04%
  79729  5943        cutoff           4154.8329     4156.2505  5530662    0.03%
  80235  5451        cutoff           4154.8329     4156.1385  5538956    0.03%
  80781  4911        cutoff           4154.8329     4156.0157  5545752    0.03%
  81302  4414        cutoff           4154.8329     4155.8996  5552084    0.03%
  81804  3952        cutoff           4154.8329     4155.7972  5558117    0.02%
  82353  3417        cutoff           4154.8329     4155.6813  5564709    0.02%
  82904  2888        cutoff           4154.8329     4155.5643  5570223    0.02%
Elapsed time = 1949.05 sec. (1048569.80 ticks, tree = 13.80 MB, solutions = 1)
  83454  2357        cutoff           4154.8329     4155.4348  5575187    0.01%
  84024  1791        cutoff           4154.8329     4155.2982  5579487    0.01%

GUB cover cuts applied:  1
Clique cuts applied:  1
Implied bound cuts applied:  310
Flow cuts applied:  149
Mixed integer rounding cuts applied:  584
Lift and project cuts applied:  115
Gomory fractional cuts applied:  32

Root node processing (before b&c):
  Real time             =    8.59 sec. (4519.37 ticks)
Sequential b&c:
  Real time             = 1958.00 sec. (1053193.54 ticks)
                          ------------
Total (root+branch&cut) = 1966.58 sec. (1057712.91 ticks)
