1 of 1 MIP starts provided solutions.
MIP start 'm1' defined initial solution with objective 5256.2895.
Tried aggregator 15 times.
MIP Presolve eliminated 2026 rows and 1 columns.
Aggregator did 10917 substitutions.
Reduced MIP has 14983 rows, 12985 columns, and 68712 nonzeros.
Reduced MIP has 2000 binaries, 0 generals, 0 SOSs, and 0 indicators.
Presolve time = 0.53 sec. (250.94 ticks)
Probing time = 0.04 sec. (12.55 ticks)
Tried aggregator 1 time.
Reduced MIP has 14983 rows, 12985 columns, and 68712 nonzeros.
Reduced MIP has 2000 binaries, 0 generals, 0 SOSs, and 0 indicators.
Presolve time = 0.09 sec. (33.47 ticks)
Probing time = 0.03 sec. (12.08 ticks)
Clique table members: 13406.
MIP emphasis: balance optimality and feasibility.
MIP search method: dynamic search.
Parallel mode: none, using 1 thread.
Root relaxation solution time = 0.51 sec. (321.92 ticks)

        Nodes                                         Cuts/
   Node  Left     Objective  IInf  Best Integer    Best Bound    ItCnt     Gap

*     0+    0                         5256.2895    26461.6380    10218  403.43%
      0     0     5781.4383   304     5256.2895     5781.4383    10218    9.99%
      0     0     5664.2854   349     5256.2895     Cuts: 556    11246    7.76%
      0     0     5575.0693   413     5256.2895     Cuts: 508    12286    6.06%
      0     0     5544.3972   392     5256.2895     Cuts: 473    12977    5.48%
      0     0     5526.8181   402     5256.2895     Cuts: 418    13537    5.15%
      0     0     5518.5417   407     5256.2895     Cuts: 396    13872    4.99%
      0     0     5511.4614   405     5256.2895     Cuts: 314    14376    4.85%
      0     0     5503.2985   482     5256.2895     Cuts: 203    14877    4.70%
      0     0     5498.5925   424     5256.2895     Cuts: 289    15304    4.61%
      0     0     5492.8719   435     5256.2895     Cuts: 168    15980    4.50%
      0     0     5489.7639   416     5256.2895     Cuts: 237    16313    4.44%
      0     0     5488.1302   455     5256.2895     Cuts: 195    16649    4.41%
      0     0     5485.5922   452     5256.2895     Cuts: 136    16937    4.36%
      0     0     5483.2061   434     5256.2895     Cuts: 173    17069    4.32%
      0     0     5482.3075   451     5256.2895     Cuts: 114    17209    4.30%
      0     0     5481.7127   452     5256.2895      Cuts: 73    17352    4.29%
      0     0     5481.1654   457     5256.2895      Cuts: 94    17655    4.28%
      0     2     5481.1654   457     5256.2895     5481.1603    17655    4.28%
Elapsed time = 15.09 sec. (7854.26 ticks, tree = 0.00 MB, solutions = 1)
      2     4     5467.5146   418     5256.2895     5481.1341    19159    4.28%
      3     5     5474.5667   423     5256.2895     5481.1341    20017    4.28%
      7     9     5467.4648   423     5256.2895     5481.1341    21620    4.28%
     10    12     5461.8996   407     5256.2895     5481.1341    22456    4.28%
     15    17     5444.1935   321     5256.2895     5481.1341    23788    4.28%
     20    22     5424.3831   327     5256.2895     5481.1341    24836    4.28%
     29    31     5392.6545   298     5256.2895     5481.1341    26006    4.28%
     47    47     5353.1099   275     5256.2895     5481.1341    28185    4.28%
     66    64     5310.8392   213     5256.2895     5481.1341    30367    4.28%
    107    95     5409.5459   329     5256.2895     5479.7142    35521    4.25%
Elapsed time = 22.27 sec. (11671.97 ticks, tree = 1.78 MB, solutions = 1)
    146   134     5371.1573   271     5256.2895     5479.7142    42644    4.25%
    216   192     5387.4118   331     5256.2895     5477.1798    48707    4.20%
    283   254     5277.1031   307     5256.2895     5476.2426    55369    4.18%
    302   265     5268.3124   285     5256.2895     5473.6837    62460    4.14%
    360   301     5463.6454   467     5256.2895     5467.5091    67077    4.02%
    380   321     5374.4328   361     5256.2895     5467.5091    72775    4.02%
    437   371     5452.8980   412     5256.2895     5467.4951    78954    4.02%
    477   410     5421.5713   508     5256.2895     5421.3970   105323    3.14%
    478   410     5419.7615   508     5256.2895     5419.7157   105966    3.11%
    480   412     5409.8485   411     5256.2895     5419.6297   108762    3.11%
Elapsed time = 96.28 sec. (48423.18 ticks, tree = 3.32 MB, solutions = 1)
    481   412     5417.1340   495     5256.2895     5419.6297   108966    3.11%
    483   413     5398.9098   405     5256.2895     5419.6297   110190    3.11%
    485   414     5386.1888   419     5256.2895     5419.6297   113349    3.11%
    488   378     5385.9745   379     5256.2895     5419.6297   114288    3.11%
    493   349     5284.3775   349     5256.2895     5419.6297   116514    3.11%
    496   351     5378.2802   381     5256.2895     5419.6297   118347    3.11%
    498   351     5368.7022   369     5256.2895     5419.6297   118971    3.11%
    504   336     5303.4981   296     5256.2895     5419.6297   120682    3.11%
    507   337     5366.6230   330     5256.2895     5419.6297   120703    3.11%
    513   329        cutoff           5256.2895     5419.6297   122556    3.11%
Elapsed time = 117.03 sec. (59879.83 ticks, tree = 4.03 MB, solutions = 1)
    518   332     5357.2039   312     5256.2895     5419.6297   123039    3.11%
    529   339     5336.4228   300     5256.2895     5419.6297   124815    3.11%
    553   344     5288.8125   236     5256.2895     5419.6297   127571    3.11%
    602   330     5415.7796   493     5256.2895     5417.0704   129960    3.06%
    608   334     5414.2714   488     5256.2895     5417.0704   130556    3.06%
    617   339     5403.6839   456     5256.2895     5417.0704   132342    3.06%
    636   351     5377.0327   381     5256.2895     5417.0704   135735    3.06%
    655   355     5321.9953   368     5256.2895     5417.0704   138814    3.06%
    716   382     5257.9153   256     5256.2895     5417.0704   141515    3.06%
    730   382     5390.4581   483     5256.2895     5415.6673   144238    3.03%
Elapsed time = 136.44 sec. (70906.11 ticks, tree = 4.16 MB, solutions = 1)
    748   388     5363.7432   440     5256.2895     5415.6673   148545    3.03%
    777   399     5331.3133   364     5256.2895     5415.6673   153683    3.03%
    831   427     5305.8175   267     5256.2895     5415.6673   156481    3.03%
    891   458     5266.4945   185     5256.2895     5415.6673   160241    3.03%
    920   448     5347.9480   445     5256.2895     5413.5120   165797    2.99%
    937   459     5326.9711   426     5256.2895     5413.5120   169048    2.99%
    955   471     5287.9388   394     5256.2895     5413.5120   171765    2.99%
    978   480     5272.0641   352     5256.2895     5413.5120   174878    2.99%
   1002   489     5258.5331   323     5256.2895     5413.5120   177199    2.99%
   1007   481     5377.8137   445     5256.2895     5411.1661   182833    2.95%
Elapsed time = 157.83 sec. (81922.72 ticks, tree = 4.35 MB, solutions = 1)
   1023   491     5347.6141   387     5256.2895     5411.1661   185305    2.95%
   1055   508     5272.1746   284     5256.2895     5411.1661   188563    2.95%
   1077   515     5359.3481   425     5256.2895     5408.9250   191738    2.90%
   1091   523     5326.8368   362     5256.2895     5408.9250   194552    2.90%
   1112   532     5283.2947   308     5256.2895     5408.9250   198939    2.90%
   1144   546     5261.8028   318     5256.2895     5405.5553   204430    2.84%
   1150   547     5399.8361   432     5256.2895     5405.2958   206205    2.83%
   1164   561     5383.1056   382     5256.2895     5405.2958   209006    2.83%
   1178   575     5344.6127   394     5256.2895     5405.2958   213815    2.83%
   1218   615     5323.6856   302     5256.2895     5405.2958   218341    2.83%
Elapsed time = 177.31 sec. (92140.05 ticks, tree = 4.94 MB, solutions = 1)
   1286   681     5259.8351   156     5256.2895     5405.2958   221833    2.83%
   1313   700     5336.5404   374     5256.2895     5404.5687   226466    2.82%
   1331   717     5294.7507   311     5256.2895     5404.5687   229783    2.82%
   1366   748     5270.8472   263     5256.2895     5404.5687   231995    2.82%
   1371   749     5333.1477   401     5256.2895     5404.2204   235109    2.81%
   1391   769     5282.2569   311     5256.2895     5404.2204   238014    2.81%
   1438   807     5380.3928   491     5256.2895     5404.0360   242044    2.81%
   1449   818     5334.1490   438     5256.2895     5404.0360   245603    2.81%
   1462   831     5321.0492   368     5256.2895     5404.0360   247888    2.81%
   1493   861     5304.3255   354     5256.2895     5404.0360   251741    2.81%
Elapsed time = 197.25 sec. (102779.04 ticks, tree = 6.26 MB, solutions = 1)
   1515   882     5295.2775   311     5256.2895     5404.0360   255096    2.81%
   1559   920     5287.3651   427     5256.2895     5403.6896   261177    2.80%
   1565   923     5261.3316   405     5256.2895     5403.6896   263054    2.80%
   1571   923     5371.2286   494     5256.2895     5403.1418   267027    2.79%
   1576   928     5361.8410   451     5256.2895     5403.1418   268890    2.79%
   1596   948     5320.1777   411     5256.2895     5403.1418   273010    2.79%
   1617   968     5272.6092   340     5256.2895     5403.1418   275568    2.79%
   1652   985        cutoff           5256.2895     5398.2391   280776    2.70%
   1656   985     5339.7998   398     5256.2895     5398.0308   284964    2.70%
   1668   995        cutoff           5256.2895     5398.0308   289973    2.70%
Elapsed time = 218.83 sec. (114048.33 ticks, tree = 6.97 MB, solutions = 1)
   1707  1021     5376.4975   421     5256.2895     5398.0193   296151    2.70%
   1734  1048     5353.7720   389     5256.2895     5398.0193   300693    2.70%
   1781  1084        cutoff           5256.2895     5397.3784   306566    2.68%
   1787  1082     5360.0940   418     5256.2895     5396.0270   310582    2.66%
   1833  1128     5315.5066   289     5256.2895     5396.0270   315037    2.66%
   1903  1195     5283.9725   142     5256.2895     5396.0270   317705    2.66%
   1951  1234     5325.0523   455     5256.2895     5395.1428   320549    2.64%
   1973  1255     5286.2573   358     5256.2895     5395.1428   324384    2.64%
   2006  1285     5265.1524   329     5256.2895     5395.1428   327463    2.64%
   2020  1291     5360.0254   457     5256.2895     5393.7964   331055    2.62%
Elapsed time = 238.11 sec. (124534.18 ticks, tree = 8.79 MB, solutions = 1)
   2023  1292     5284.7421   332     5256.2895     5393.7964   334124    2.62%
   2047  1299        cutoff           5256.2895     5390.4338   338912    2.55%
   2049  1299     5329.9252   429     5256.2895     5390.0088   342658    2.54%
   2057  1307     5304.8680   410     5256.2895     5390.0088   343581    2.54%
   2068  1318     5280.8677   339     5256.2895     5390.0088   346843    2.54%
   2103  1338        cutoff           5256.2895     5389.9276   350064    2.54%
   2105  1338     5338.8194   383     5256.2895     5389.7442   353668    2.54%
   2118  1351     5325.1107   372     5256.2895     5389.7442   355380    2.54%
   2157  1388     5289.4071   317     5256.2895     5389.7442   358855    2.54%
   2218  1425     5343.6865   428     5256.2895     5386.5659   372677    2.48%
Elapsed time = 262.82 sec. (137700.63 ticks, tree = 9.51 MB, solutions = 1)
   2325  1519     5303.9926   376     5256.2895     5386.1795   391368    2.47%
   2427  1611     5303.7285   351     5256.2895     5385.6907   409907    2.46%
   2527  1688     5310.4293   453     5256.2895     5385.5315   427851    2.46%
   2640  1795     5277.6281   224     5256.2895     5385.1877   443629    2.45%
   2694  1833     5363.7522   456     5256.2895     5384.0268   457237    2.43%
   2854  1972     5355.7505   468     5256.2895     5382.8910   473054    2.41%
   2927  2032     5367.3949   464     5256.2895     5380.1553   487444    2.36%
   2967  2068     5273.8674   363     5256.2895     5380.1553   500687    2.36%
   3071  2139     5318.9683   385     5256.2895     5377.3518   516304    2.30%
   3218  2250     5351.9539   463     5256.2895     5376.9471   537081    2.30%
Elapsed time = 342.21 sec. (178438.45 ticks, tree = 14.21 MB, solutions = 1)
   3352  2374     5312.3140   410     5256.2895     5376.8459   554366    2.29%
   3423  2425     5322.4772   379     5256.2895     5375.8080   572965    2.27%
   3597  2583     5270.5850   240     5256.2895     5375.7753   593191    2.27%
   3696  2663     5315.9933   355     5256.2895     5373.2380   609084    2.22%
   3817  2770     5360.2481   438     5256.2895     5371.9683   622905    2.20%
   3967  2900     5282.2224   409     5256.2895     5370.2671   638654    2.17%
   4057  2974     5276.1219   250     5256.2895     5369.6457   651065    2.16%
   4110  3009     5307.4489   387     5256.2895     5368.7648   665313    2.14%
   4213  3095     5335.6303   441     5256.2895     5368.5826   682298    2.14%
   4331  3193     5303.6537   352     5256.2895     5368.2037   701702    2.13%
Elapsed time = 418.37 sec. (217429.47 ticks, tree = 18.92 MB, solutions = 1)
   4449  3295     5289.7804   368     5256.2895     5367.3665   719911    2.11%
   4518  3338     5283.0072   380     5256.2895     5365.9929   742570    2.09%
   4603  3386     5272.3076   322     5256.2895     5364.9950   763493    2.07%
   4691  3451     5276.5280   369     5256.2895     5363.7495   780943    2.04%
   4746  3486     5306.7879   405     5256.2895     5363.1988   794329    2.03%
   4815  3540     5284.3832   396     5256.2895     5362.9192   810578    2.03%
   4897  3594     5348.9218   459     5256.2895     5361.5504   824880    2.00%
   4992  3679     5335.3238   435     5256.2895     5361.5339   839129    2.00%
   5113  3787     5327.9883   490     5256.2895     5361.4061   855861    2.00%
   5210  3862     5321.3680   433     5256.2895     5361.0645   875757    1.99%
Elapsed time = 495.10 sec. (257097.04 ticks, tree = 22.36 MB, solutions = 1)
   5271  3905     5330.9185   494     5256.2895     5360.8423   894702    1.99%
   5357  3963     5286.3910   350     5256.2895     5359.5580   910766    1.96%
   5444  4017     5288.2037   337     5256.2895     5358.4256   926551    1.94%
   5552  4089     5282.8009   415     5256.2895     5357.5051   946684    1.93%
   5663  4162     5300.0559   397     5256.2895     5357.2760   968123    1.92%
   5782  4240     5290.0586   350     5256.2895     5356.9552   983611    1.92%
   5905  4300     5341.9428   445     5256.2895     5355.9759  1001098    1.90%
   6022  4404     5312.1172   372     5256.2895     5355.9138  1016430    1.90%
   6136  4502     5334.7333   500     5256.2895     5355.7946  1032945    1.89%
   6173  4524     5309.5457   450     5256.2895     5355.0245  1045410    1.88%
Elapsed time = 573.12 sec. (297429.48 ticks, tree = 27.36 MB, solutions = 1)
   6295  4631     5283.0275   295     5256.2895     5355.0208  1059642    1.88%
   6403  4719     5259.7140   362     5256.2895     5354.5005  1076821    1.87%
   6533  4838     5282.7365   213     5256.2895     5354.3969  1094866    1.87%
   6678  4943     5275.0408   401     5256.2895     5354.1623  1113229    1.86%
   6787  5024     5321.4978   396     5256.2895     5353.6097  1133504    1.85%
   6962  5170     5300.7005   325     5256.2895     5353.4746  1154091    1.85%
   7181  5345     5272.8336   144     5256.2895     5352.9280  1174328    1.84%
   7295  5431     5297.1122   439     5256.2895     5352.7141  1195052    1.83%
   7397  5513     5295.9912   343     5256.2895     5352.5673  1213830    1.83%
   7498  5591     5288.5305   432     5256.2895     5352.0202  1230544    1.82%
Elapsed time = 647.57 sec. (335972.26 ticks, tree = 32.95 MB, solutions = 1)
   7579  5654     5259.3367   290     5256.2895     5351.5671  1247319    1.81%
   7639  5692     5334.8176   409     5256.2895     5350.8959  1261611    1.80%
   7813  5845     5269.6461   228     5256.2895     5350.8522  1277256    1.80%
   7880  5888     5308.3774   382     5256.2895     5350.4288  1292068    1.79%
   7939  5911     5282.5343   425     5256.2895     5349.7573  1309658    1.78%
   8108  6044     5260.4186   339     5256.2895     5349.2759  1326254    1.77%
   8164  6073     5313.6450   490     5256.2895     5349.0823  1342067    1.77%
   8246  6124     5278.6663   417     5256.2895     5348.2239  1363223    1.75%
   8343  6189     5301.2252   401     5256.2895     5347.7509  1381577    1.74%
   8450  6267     5279.1359   388     5256.2895     5347.5930  1401944    1.74%
Elapsed time = 726.63 sec. (376359.18 ticks, tree = 36.81 MB, solutions = 1)
   8543  6314     5325.7683   448     5256.2895     5346.7937  1419918    1.72%
   8596  6334     5288.9790   370     5256.2895     5346.4455  1437453    1.72%
   8705  6398     5321.7989   430     5256.2895     5345.7475  1461288    1.70%
   8843  6497     5278.5620   355     5256.2895     5345.0313  1482759    1.69%
   8908  6545     5277.1076   369     5256.2895     5344.7784  1496613    1.68%
   9015  6635     5261.6408   168     5256.2895     5344.6680  1513604    1.68%
   9169  6755     5260.2375   385     5256.2895     5344.3463  1528119    1.68%
   9228  6786     5281.1812   411     5256.2895     5343.6425  1543973    1.66%
   9288  6820     5300.3781   415     5256.2895     5343.3773  1560152    1.66%
   9350  6863     5311.1028   474     5256.2895     5343.2904  1577367    1.66%
Elapsed time = 806.17 sec. (415472.40 ticks, tree = 40.24 MB, solutions = 1)
   9437  6932     5302.9115   363     5256.2895     5342.9696  1593961    1.65%
   9500  6950     5264.8259   383     5256.2895     5342.0200  1611087    1.63%
   9591  7020     5307.8577   424     5256.2895     5341.8801  1630876    1.63%
   9708  7086     5278.8693   401     5256.2895     5341.5342  1649785    1.62%
   9800  7140     5319.6690   432     5256.2895     5340.9788  1672613    1.61%
   9922  7239     5271.2072   377     5256.2895     5340.8948  1689782    1.61%
  10017  7321     5285.8885   224     5256.2895     5340.7939  1702519    1.61%
  10018  7322     5276.1189   412     5256.2895     5340.7555  1704983    1.61%
  10103  7393     5264.7013   368     5256.2895     5340.5529  1725983    1.60%
  10245  7503     5316.8766   380     5256.2895     5339.7986  1747845    1.59%
Elapsed time = 963.78 sec. (494538.58 ticks, tree = 43.89 MB, solutions = 1)
  10417  7624     5292.6837   462     5256.2895     5339.3638  1768563    1.58%
  10497  7669     5257.0315   303     5256.2895     5339.1240  1783866    1.58%
  10585  7721     5278.2827   414     5256.2895     5338.9020  1803104    1.57%
  10673  7784     5269.3450   365     5256.2895     5338.8229  1820740    1.57%
  10758  7844     5301.8691   380     5256.2895     5338.6962  1837280    1.57%
  10840  7912     5299.0385   410     5256.2895     5338.6668  1855562    1.57%
  10998  8010        cutoff           5256.2895     5337.8943  1874952    1.55%
  11099  8099     5270.4456   381     5256.2895     5337.7428  1892255    1.55%
  11162  8139     5260.7608   460     5256.2895     5337.5520  1908371    1.55%
  11333  8274     5271.9644   412     5256.2895     5337.3292  1926589    1.54%
Elapsed time = 1043.74 sec. (534503.88 ticks, tree = 48.31 MB, solutions = 1)
  11436  8341     5291.0123   354     5256.2895     5337.0724  1945845    1.54%
  11546  8414     5268.9849   364     5256.2895     5336.5309  1968038    1.53%
  11715  8559     5260.4286   193     5256.2895     5336.4499  1986118    1.53%
  11769  8565     5277.1223   433     5256.2895     5335.7796  2006430    1.51%
  11892  8661     5281.8181   432     5256.2895     5335.3224  2025573    1.50%
  12004  8717     5290.0557   389     5256.2895     5334.5722  2047386    1.49%
  12186  8837     5308.7305   402     5256.2895     5334.3881  2070221    1.49%
  12279  8906     5271.2144   403     5256.2895     5334.2413  2086844    1.48%
  12409  8998     5319.3598   389     5256.2895     5334.0246  2104058    1.48%
  12529  9093     5293.5711   451     5256.2895     5333.8877  2119298    1.48%
Elapsed time = 1123.55 sec. (573422.47 ticks, tree = 52.97 MB, solutions = 1)
  12611  9157     5319.9276   420     5256.2895     5333.6528  2133573    1.47%
  12826  9346     5291.5859   218     5256.2895     5333.6003  2152778    1.47%
  12979  9454     5272.3194   347     5256.2895     5333.1444  2169077    1.46%
  13047  9498     5260.7338   273     5256.2895     5332.7499  2185968    1.45%
  13150  9573     5315.6866   483     5256.2895     5332.7037  2203760    1.45%
  13260  9658        cutoff           5256.2895     5332.6562  2221375    1.45%
  13330  9700     5260.6433   297     5256.2895     5332.4023  2235910    1.45%
  13384  9711     5291.9901   391     5256.2895     5332.0022  2255323    1.44%
  13499  9782     5317.0059   442     5256.2895     5331.8192  2276121    1.44%
  13571  9847     5259.5826   394     5256.2895     5331.6815  2295313    1.43%
Elapsed time = 1199.85 sec. (612823.12 ticks, tree = 57.07 MB, solutions = 1)
  13645  9885     5267.6810   411     5256.2895     5331.5776  2312688    1.43%
  13733  9951     5292.9423   391     5256.2895     5331.5062  2332464    1.43%
  13826 10013        cutoff           5256.2895     5331.3331  2353237    1.43%
  13937 10095     5265.3658   345     5256.2895     5331.1332  2372319    1.42%
  14011 10121     5294.7266   390     5256.2895     5330.6222  2391342    1.41%
  14110 10206     5288.7864   402     5256.2895     5330.4811  2408635    1.41%
  14212 10270     5284.6177   409     5256.2895     5329.9495  2428142    1.40%
  14312 10326     5263.8006   449     5256.2895     5329.2059  2445903    1.39%
  14402 10385     5271.5212   360     5256.2895     5329.0003  2464098    1.38%
  14489 10437     5291.4927   456     5256.2895     5328.8243  2482964    1.38%
Elapsed time = 1279.53 sec. (652715.66 ticks, tree = 60.29 MB, solutions = 1)
  14572 10493     5261.2443   450     5256.2895     5328.6989  2497176    1.38%
  14623 10509     5255.5488   444     5256.2895     5328.2641  2514504    1.37%
  14759 10621     5264.5925   351     5256.2895     5328.2147  2528894    1.37%
  14847 10678     5277.1448   403     5256.2895     5328.0825  2545538    1.37%
  14944 10754     5285.8874   457     5256.2895     5327.9218  2562057    1.36%
  15060 10846     5283.9237   377     5256.2895     5327.8243  2578438    1.36%
  15167 10919     5285.4251   342     5256.2895     5327.6232  2599259    1.36%
  15325 11037     5279.5398   308     5256.2895     5327.2448  2617241    1.35%
  15457 11130     5269.7998   298     5256.2895     5327.1837  2637722    1.35%
  15597 11215     5264.3684   265     5256.2895     5326.8737  2658283    1.34%
Elapsed time = 1355.28 sec. (691760.79 ticks, tree = 67.37 MB, solutions = 1)
  15691 11275     5296.0250   423     5256.2895     5326.6306  2679734    1.34%
  15820 11368     5257.9357   443     5256.2895     5326.4838  2699322    1.34%
  15973 11466     5289.2549   383     5256.2895     5326.3438  2720070    1.33%
  16137 11602     5260.7895   427     5256.2895     5326.2514  2738140    1.33%
  16268 11679     5312.6666   477     5256.2895     5325.7989  2760134    1.32%
  16367 11766     5305.1385   425     5256.2895     5325.7397  2778490    1.32%
  16464 11826     5263.2047   409     5256.2895     5325.4416  2799043    1.32%
  16574 11887     5260.2860   412     5256.2895     5325.1798  2817215    1.31%
  16645 11918     5273.8233   395     5256.2895     5324.9838  2834378    1.31%
  16780 12004        cutoff           5256.2895     5324.8024  2852147    1.30%
Elapsed time = 1433.79 sec. (731053.73 ticks, tree = 71.31 MB, solutions = 1)
  16856 12033     5263.1129   385     5256.2895     5324.4488  2871982    1.30%
  16987 12128     5272.7935   310     5256.2895     5324.3060  2888436    1.29%
  17083 12200     5285.3297   446     5256.2895     5324.1800  2907096    1.29%
  17220 12312     5257.0857   239     5256.2895     5324.1734  2924801    1.29%
  17335 12383     5296.7802   429     5256.2895     5323.7082  2943205    1.28%
  17416 12442     5257.4880   467     5256.2895     5323.6852  2959854    1.28%
  17504 12481     5279.4050   293     5256.2895     5323.3605  2980977    1.28%
  17679 12592     5263.7437   344     5256.2895     5323.1327  3002961    1.27%
  17801 12673     5292.5924   348     5256.2895     5322.8795  3023410    1.27%
  17901 12740     5266.5789   427     5256.2895     5322.7009  3045041    1.26%
Elapsed time = 1513.95 sec. (770855.74 ticks, tree = 75.52 MB, solutions = 1)
  18010 12809     5303.7440   440     5256.2895     5322.5333  3064638    1.26%
  18160 12896     5268.1057   237     5256.2895     5322.3996  3084098    1.26%
  18288 12981     5272.4071   387     5256.2895     5322.1281  3103531    1.25%
  18417 13048     5285.6693   395     5256.2895     5321.9580  3123726    1.25%
  18503 13085     5272.7536   454     5256.2895     5321.6962  3145805    1.24%
  18601 13156     5280.8522   336     5256.2895     5321.6231  3166399    1.24%
  18696 13216     5280.3685   298     5256.2895     5321.4883  3188094    1.24%
  18817 13302     5265.6734   424     5256.2895     5321.4350  3211325    1.24%
  18922 13386     5270.5206   320     5256.2895     5321.3883  3226971    1.24%
  19021 13454     5288.5953   433     5256.2895     5321.3233  3244111    1.24%
Elapsed time = 1594.90 sec. (811280.50 ticks, tree = 79.42 MB, solutions = 1)
  19101 13490     5296.9898   421     5256.2895     5321.0763  3258020    1.23%
  19256 13602     5261.9316   371     5256.2895     5321.0029  3278918    1.23%
  19397 13670     5272.8955   311     5256.2895     5320.7350  3297002    1.23%
  19477 13717     5280.3513   352     5256.2895     5320.5831  3316062    1.22%
  19589 13800     5264.3373   362     5256.2895     5320.5471  3332209    1.22%
  19699 13858     5278.6640   392     5256.2895     5320.3724  3350235    1.22%
  19775 13911     5306.1152   469     5256.2895     5320.3168  3367462    1.22%
  19908 14007     5267.4026   419     5256.2895     5320.2754  3388158    1.22%
  20026 14072     5263.4197   391     5256.2895     5320.0483  3407847    1.21%
  20186 14192     5285.0124   410     5256.2895     5319.9396  3428337    1.21%
Elapsed time = 1671.37 sec. (850526.01 ticks, tree = 83.46 MB, solutions = 1)
  20270 14224     5276.2798   403     5256.2895     5319.7359  3449323    1.21%
  20377 14295     5287.8191   387     5256.2895     5319.5583  3467986    1.20%
  20480 14338        cutoff           5256.2895     5319.3177  3489994    1.20%
  20563 14376        cutoff           5256.2895     5319.1301  3508712    1.20%
  20728 14488        cutoff           5256.2895     5318.9309  3529544    1.19%
  20810 14532     5308.4642   434     5256.2895     5318.7758  3549017    1.19%
  20915 14610     5266.6259   427     5256.2895     5318.7403  3568965    1.19%
  21002 14659        cutoff           5256.2895     5318.6239  3589508    1.19%
  21064 14666     5257.1134   435     5256.2895     5318.4004  3607865    1.18%
  21210 14795     5290.2725   448     5256.2895     5318.3741  3627639    1.18%
Elapsed time = 1752.18 sec. (890719.95 ticks, tree = 86.58 MB, solutions = 1)
  21314 14852     5274.9744   471     5256.2895     5318.1579  3647404    1.18%
  21390 14888     5262.3013   439     5256.2895     5318.0622  3662305    1.18%
  21488 14941     5279.7064   378     5256.2895     5317.9667  3678951    1.17%
  21568 14982     5283.9030   337     5256.2895     5317.7215  3694808    1.17%
  21696 15053     5282.0445   357     5256.2895     5317.6088  3717217    1.17%
  21762 15087     5297.4963   478     5256.2895     5317.4917  3733477    1.16%
  21889 15164     5266.6976   398     5256.2895     5317.3804  3751839    1.16%
  21994 15245     5279.9712   386     5256.2895     5317.3066  3769129    1.16%
  22125 15330     5260.5561   273     5256.2895     5317.2060  3784899    1.16%
  22204 15387     5289.0044   425     5256.2895     5317.1200  3800507    1.16%
Elapsed time = 1828.31 sec. (929742.76 ticks, tree = 89.82 MB, solutions = 1)
  22306 15465     5269.4869   447     5256.2895     5317.0400  3818398    1.16%
  22437 15550     5285.2454   458     5256.2895     5316.9228  3841468    1.15%
  22608 15652        cutoff           5256.2895     5316.6793  3860498    1.15%
  22743 15739     5276.8054   345     5256.2895     5316.4521  3879180    1.14%
  22896 15844        cutoff           5256.2895     5316.4145  3900021    1.14%
  23042 15949     5261.8747   302     5256.2895     5316.2881  3919975    1.14%
  23142 16008     5270.0568   430     5256.2895     5316.2475  3939839    1.14%
  23308 16131     5278.9985   396     5256.2895     5316.0868  3961516    1.14%
  23458 16220     5276.8033   396     5256.2895     5315.8338  3981876    1.13%
  23554 16280     5264.6382   437     5256.2895     5315.7080  4002218    1.13%
Elapsed time = 1905.69 sec. (968742.49 ticks, tree = 94.71 MB, solutions = 1)
  23722 16383     5293.5733   338     5256.2895     5315.4126  4023046    1.12%
  23854 16470     5291.1971   420     5256.2895     5315.3231  4044092    1.12%
  23941 16531     5276.3373   400     5256.2895     5315.1672  4060216    1.12%
  24029 16576     5302.3414   451     5256.2895     5315.0694  4077137    1.12%
  24073 16595     5286.2895   408     5256.2895     5315.0204  4095253    1.12%
  24173 16669     5276.1025   392     5256.2895     5314.9774  4111457    1.12%
  24277 16750     5257.7088   315     5256.2895     5314.9539  4126653    1.12%
  24321 16755     5269.4370   397     5256.2895     5314.7274  4141103    1.11%
  24447 16819     5283.9300   329     5256.2895     5314.5762  4160116    1.11%
  24556 16880     5274.0483   295     5256.2895     5314.4943  4177355    1.11%
Elapsed time = 1984.83 sec. (1007845.75 ticks, tree = 98.46 MB, solutions = 1)
  24647 16931     5259.5120   386     5256.2895     5314.4099  4192362    1.11%
  24743 16970     5292.0466   440     5256.2895     5314.1025  4210660    1.10%
  24905 17088     5266.5066   197     5256.2895     5313.9696  4227130    1.10%
  24981 17112     5263.3656   419     5256.2895     5313.7307  4248089    1.09%
  25105 17182     5272.1667   252     5256.2895     5313.6410  4266352    1.09%
  25267 17268     5274.5120   256     5256.2895     5313.3452  4287148    1.09%
  25452 17398     5256.6058   130     5256.2895     5313.2943  4305509    1.08%
  25620 17480     5263.6738   380     5256.2895     5313.0449  4330266    1.08%
  25735 17567     5289.7470   325     5256.2895     5312.9246  4349003    1.08%
  25889 17653     5289.0743   302     5256.2895     5312.6846  4368909    1.07%
Elapsed time = 2065.64 sec. (1046858.08 ticks, tree = 102.16 MB, solutions = 1)
  26018 17740     5281.5876   373     5256.2895     5312.6489  4389685    1.07%
  26190 17868     5281.7002   448     5256.2895     5312.6073  4411771    1.07%
  26318 17950        cutoff           5256.2895     5312.4769  4431567    1.07%
  26476 18048     5271.9365   479     5256.2895     5312.2965  4452528    1.07%
  26536 18080     5270.7274   412     5256.2895     5312.2531  4471520    1.06%
  26631 18133     5293.0391   412     5256.2895     5312.0022  4492922    1.06%
  26741 18214     5270.9266   461     5256.2895     5311.9302  4512556    1.06%
  26888 18283     5279.0927   404     5256.2895     5311.5821  4533871    1.05%
  26998 18347        cutoff           5256.2895     5311.4967  4555135    1.05%
  27069 18388     5263.3720   210     5256.2895     5311.4275  4570092    1.05%
Elapsed time = 2149.74 sec. (1086703.33 ticks, tree = 105.64 MB, solutions = 1)
  27168 18443     5259.0833   299     5256.2895     5311.1643  4588711    1.04%
  27258 18473     5270.5685   301     5256.2895     5310.8486  4606471    1.04%
  27348 18534        cutoff           5256.2895     5310.7885  4624384    1.04%
  27437 18579     5256.6370   376     5256.2895     5310.6746  4641993    1.03%
  27502 18608     5272.9159   373     5256.2895     5310.5696  4655055    1.03%
  27617 18654     5257.5539   348     5256.2895     5310.3256  4676306    1.03%
  27706 18712     5266.5410   389     5256.2895     5310.2716  4692594    1.03%
  27794 18750     5274.5754   373     5256.2895     5310.1503  4710750    1.02%
  27933 18848     5256.5643   265     5256.2895     5310.0132  4729379    1.02%
  28001 18883     5267.3091   353     5256.2895     5309.9024  4746593    1.02%
Elapsed time = 2227.53 sec. (1125116.98 ticks, tree = 108.36 MB, solutions = 1)
  28163 19017     5256.9088   224     5256.2895     5309.8880  4765612    1.02%
  28290 19080     5269.7683   355     5256.2895     5309.7001  4785348    1.02%
  28438 19167     5265.7851   394     5256.2895     5309.5283  4805873    1.01%
  28560 19269     5263.9626   400     5256.2895     5309.5132  4826189    1.01%
  28640 19275     5264.2519   365     5256.2895     5309.3238  4847482    1.01%
  28773 19356     5257.6195   431     5256.2895     5309.1816  4868444    1.01%
  28872 19392     5267.6613   354     5256.2895     5308.8754  4891571    1.00%
  28962 19423     5268.4687   339     5256.2895     5308.6509  4913107    1.00%
  29091 19512     5277.5412   459     5256.2895     5308.5671  4934439    0.99%
  29286 19660     5257.2173   422     5256.2895     5308.4694  4956117    0.99%
Elapsed time = 2313.27 sec. (1165154.15 ticks, tree = 112.83 MB, solutions = 1)
  29435 19725     5264.0346   444     5256.2895     5308.2715  4979596    0.99%
  29563 19805     5273.9463   357     5256.2895     5308.1145  4999531    0.99%
  29674 19874     5262.6718   363     5256.2895     5308.0210  5020763    0.98%
  29801 19956     5285.9822   343     5256.2895     5307.9525  5037840    0.98%
  29921 20020     5291.6094   352     5256.2895     5307.8626  5055863    0.98%
  30045 20102     5260.9011   352     5256.2895     5307.7534  5075415    0.98%
  30177 20176     5265.4459   260     5256.2895     5307.5967  5092767    0.98%
  30268 20205     5263.4519   472     5256.2895     5307.4593  5108978    0.97%
  30349 20243     5264.3441   353     5256.2895     5307.3820  5126308    0.97%
  30446 20290     5278.3224   247     5256.2895     5307.2923  5145799    0.97%
Elapsed time = 2390.78 sec. (1204133.09 ticks, tree = 116.29 MB, solutions = 1)
  30553 20320     5284.6513   343     5256.2895     5307.1472  5164522    0.97%
  30655 20372     5282.0123   456     5256.2895     5307.0767  5183434    0.97%
  30813 20485     5287.7119   422     5256.2895     5306.9744  5204176    0.96%
  30919 20549     5289.2041   470     5256.2895     5306.9543  5224300    0.96%
  31039 20599        cutoff           5256.2895     5306.7859  5241640    0.96%
  31187 20673     5268.7841   376     5256.2895     5306.4879  5260924    0.96%
  31313 20726     5278.5262   250     5256.2895     5306.3349  5283526    0.95%
  31432 20767     5295.7149   335     5256.2895     5306.1321  5301312    0.95%
  31597 20858     5260.3868   423     5256.2895     5305.9663  5323415    0.95%
  31704 20904     5280.4578   385     5256.2895     5305.8630  5339376    0.94%
Elapsed time = 2468.20 sec. (1243046.36 ticks, tree = 119.49 MB, solutions = 1)
  31809 20962     5276.3004   445     5256.2895     5305.7962  5361619    0.94%
  31930 21021     5267.6324   433     5256.2895     5305.6715  5380514    0.94%
  32091 21126     5263.1484   232     5256.2895     5305.6066  5400116    0.94%
  32168 21162     5287.3310   383     5256.2895     5305.4796  5418093    0.94%
  32343 21266     5262.3757   218     5256.2895     5305.3790  5438436    0.93%
  32446 21318     5260.1156   411     5256.2895     5305.2783  5459765    0.93%
  32515 21354     5259.6989   480     5256.2895     5305.2352  5477652    0.93%
  32596 21393     5262.2562   401     5256.2895     5305.1771  5495594    0.93%
  32809 21545     5284.4197   359     5256.2895     5305.1180  5513363    0.93%
  32963 21641     5261.8685   378     5256.2895     5305.0591  5532432    0.93%
Elapsed time = 2545.36 sec. (1281559.03 ticks, tree = 123.54 MB, solutions = 1)
  33100 21722     5269.5299   256     5256.2895     5304.9267  5552077    0.93%
  33232 21808     5290.5625   316     5256.2895     5304.8677  5571961    0.92%
  33417 21919     5258.1809   380     5256.2895     5304.7456  5590300    0.92%
  33533 21992     5288.0081   392     5256.2895     5304.6229  5608484    0.92%
  33609 22045     5274.7168   403     5256.2895     5304.5481  5623957    0.92%
  33761 22132     5280.4376   319     5256.2895     5304.3684  5644430    0.91%
  33877 22186     5272.0883   456     5256.2895     5304.2581  5663867    0.91%
  34013 22281     5261.6494   422     5256.2895     5304.2260  5681637    0.91%
  34103 22337     5273.1803   387     5256.2895     5304.1567  5698422    0.91%
  34225 22411     5268.0289   283     5256.2895     5303.9972  5717328    0.91%
Elapsed time = 2620.00 sec. (1320549.32 ticks, tree = 127.60 MB, solutions = 1)
  34362 22504     5295.5037   394     5256.2895     5303.9088  5735546    0.91%
  34487 22584     5281.3659   426     5256.2895     5303.8080  5753219    0.90%
  34565 22618     5283.7667   405     5256.2895     5303.7320  5770442    0.90%
  34686 22695     5286.5580   407     5256.2895     5303.6828  5788717    0.90%
  34812 22776     5279.6373   305     5256.2895     5303.6421  5805409    0.90%
  34937 22850     5280.9146   259     5256.2895     5303.5746  5824278    0.90%
  35106 22979     5292.4855   368     5256.2895     5303.4925  5843617    0.90%
  35214 23048     5277.5169   323     5256.2895     5303.4278  5862691    0.90%
  35353 23123     5262.9517   376     5256.2895     5303.2967  5883667    0.89%
  35486 23200        cutoff           5256.2895     5303.1958  5904082    0.89%
Elapsed time = 2696.16 sec. (1359322.54 ticks, tree = 131.94 MB, solutions = 1)
  35610 23286     5293.3017   365     5256.2895     5303.1083  5925179    0.89%
  35790 23400     5271.3566   439     5256.2895     5303.0139  5947404    0.89%
  35866 23435     5271.4618   431     5256.2895     5302.9489  5967058    0.89%
  36005 23537     5258.6303   270     5256.2895     5302.8510  5986767    0.89%
  36077 23536     5278.9991   397     5256.2895     5302.6901  6004908    0.88%
  36240 23674     5259.2042   203     5256.2895     5302.6228  6024502    0.88%
  36348 23731     5287.3216   406     5256.2895     5302.5772  6044196    0.88%
  36480 23827     5281.7089   456     5256.2895     5302.4992  6060323    0.88%
  36587 23905     5287.5393   436     5256.2895     5302.4529  6082038    0.88%
  36795 24060     5270.4967   145     5256.2895     5302.4149  6100257    0.88%
Elapsed time = 2773.19 sec. (1398056.34 ticks, tree = 136.67 MB, solutions = 1)
  36935 24149     5273.0663   224     5256.2895     5302.3677  6118503    0.88%
  37082 24221     5258.6483   393     5256.2895     5302.2693  6140643    0.87%
  37189 24265     5271.9222   425     5256.2895     5302.1199  6164514    0.87%
  37319 24350     5271.3397   337     5256.2895     5302.0869  6182571    0.87%
  37442 24418     5266.9783   446     5256.2895     5301.9058  6201483    0.87%
  37545 24486     5271.6943   422     5256.2895     5301.8593  6220409    0.87%
  37676 24580     5298.4245   389     5256.2895     5301.8032  6236842    0.87%
  37756 24613     5274.2858   365     5256.2895     5301.6920  6255960    0.86%
  37892 24697     5275.1919   336     5256.2895     5301.6004  6275122    0.86%
  37985 24729     5275.2019   336     5256.2895     5301.5115  6293560    0.86%
Elapsed time = 2852.27 sec. (1438241.24 ticks, tree = 140.36 MB, solutions = 1)
  38101 24766     5256.8211   340     5256.2895     5301.3333  6312235    0.86%
  38253 24864     5284.5142   457     5256.2895     5301.2544  6335224    0.86%
  38341 24915     5282.6124   362     5256.2895     5301.1760  6352888    0.85%
  38538 25069     5256.9969   352     5256.2895     5301.1186  6370885    0.85%
  38611 25091     5270.2303   393     5256.2895     5301.0320  6390133    0.85%
  38747 25154     5269.0759   282     5256.2895     5300.9290  6408477    0.85%
  38860 25232     5265.5077   355     5256.2895     5300.8599  6428134    0.85%
  38955 25280     5289.6303   219     5256.2895     5300.8109  6445870    0.85%
  39123 25363     5270.3236   431     5256.2895     5300.6296  6466057    0.84%
  39260 25419     5283.0141   479     5256.2895     5300.4109  6485770    0.84%
Elapsed time = 2929.70 sec. (1477732.89 ticks, tree = 144.16 MB, solutions = 1)
  39377 25499     5268.8457   254     5256.2895     5300.3675  6507527    0.84%
  39535 25611     5268.3871   301     5256.2895     5300.3171  6529484    0.84%
  39656 25678     5265.7005   410     5256.2895     5300.2311  6548392    0.84%
  39756 25738     5265.1875   436     5256.2895     5300.1845  6569238    0.84%
  39887 25824     5294.1604   375     5256.2895     5300.1088  6588922    0.83%
  40044 25928        cutoff           5256.2895     5300.0423  6608518    0.83%
  40127 25979     5274.0428   469     5256.2895     5299.9127  6625389    0.83%
  40296 26057     5262.8542   460     5256.2895     5299.7911  6647326    0.83%
  40466 26161     5257.8412   200     5256.2895     5299.7039  6666785    0.83%
  40574 26194     5282.3812   290     5256.2895     5299.5169  6689654    0.82%
Elapsed time = 3007.66 sec. (1516489.75 ticks, tree = 148.43 MB, solutions = 1)
  40697 26279     5278.3390   430     5256.2895     5299.4924  6710513    0.82%
  40815 26345     5277.3141   278     5256.2895     5299.3757  6729157    0.82%
  40925 26407     5263.6611   419     5256.2895     5299.2834  6749134    0.82%
  41048 26470     5271.9985   295     5256.2895     5299.1810  6765610    0.82%
  41199 26560     5256.9364   305     5256.2895     5299.1036  6788044    0.81%
  41361 26667     5257.5394   417     5256.2895     5299.0078  6805310    0.81%
  41445 26713     5259.0092   427     5256.2895     5298.9718  6824544    0.81%
  41632 26860     5278.0768   463     5256.2895     5298.9376  6842798    0.81%
  41744 26908     5264.7979   285     5256.2895     5298.8739  6859955    0.81%
  41896 26985        cutoff           5256.2895     5298.8019  6878568    0.81%
Elapsed time = 3084.64 sec. (1555545.54 ticks, tree = 152.80 MB, solutions = 1)
  41992 27050     5286.8035   317     5256.2895     5298.7691  6892638    0.81%
  42175 27176     5258.6793   400     5256.2895     5298.7345  6911833    0.81%
  42324 27272     5265.8384   222     5256.2895     5298.7033  6931899    0.81%
  42491 27391     5262.4547   346     5256.2895     5298.6358  6950628    0.81%
  42591 27452     5272.5063   287     5256.2895     5298.5856  6969767    0.80%
  42744 27548     5274.5101   411     5256.2895     5298.5201  6987306    0.80%
  42860 27617     5256.9324   213     5256.2895     5298.4838  7009650    0.80%
  42986 27687     5265.3017   395     5256.2895     5298.4253  7031370    0.80%
  43164 27799     5257.7057   408     5256.2895     5298.3241  7051247    0.80%
  43269 27880     5276.1432   316     5256.2895     5298.2949  7070798    0.80%
Elapsed time = 3159.95 sec. (1593856.56 ticks, tree = 157.72 MB, solutions = 1)
  43428 27983     5276.7518   254     5256.2895     5298.2459  7092880    0.80%
  43578 28081     5269.9071   324     5256.2895     5298.1969  7114257    0.80%
  43735 28180     5259.4061   407     5256.2895     5298.1690  7136117    0.80%
  43898 28294     5263.4277   443     5256.2895     5298.1361  7155788    0.80%
  44043 28373     5269.5154   377     5256.2895     5297.9900  7175299    0.79%
  44175 28424     5263.8056   459     5256.2895     5297.8634  7196109    0.79%
  44340 28531     5287.3692   367     5256.2895     5297.8178  7217278    0.79%
  44487 28627     5271.7313   326     5256.2895     5297.7447  7240297    0.79%
  44659 28725     5273.7608   302     5256.2895     5297.6756  7260831    0.79%
  44807 28770     5266.2732   229     5256.2895     5297.5467  7283740    0.78%
Elapsed time = 3237.69 sec. (1632840.89 ticks, tree = 162.62 MB, solutions = 1)
  44942 28861     5260.3100   345     5256.2895     5297.5272  7304776    0.78%
  45091 28912     5266.7822   282     5256.2895     5297.3685  7325677    0.78%
  45190 28972     5260.5907   248     5256.2895     5297.3386  7343225    0.78%
  45329 29059     5274.6179   342     5256.2895     5297.2976  7360339    0.78%
  45451 29111     5269.9435   378     5256.2895     5297.2217  7377700    0.78%
  45505 29136     5265.6434   381     5256.2895     5297.1741  7388380    0.78%
  45577 29169     5270.4293   226     5256.2895     5297.1487  7401120    0.78%
  45677 29230     5264.1681   437     5256.2895     5297.1283  7413390    0.78%
  45769 29252     5265.4957   355     5256.2895     5297.0551  7432411    0.78%
  45877 29309     5277.5290   163     5256.2895     5296.9922  7441299    0.77%
Elapsed time = 3323.56 sec. (1676927.82 ticks, tree = 165.60 MB, solutions = 1)
  45977 29339     5292.7322   365     5256.2895     5296.9000  7453465    0.77%
  46077 29416     5268.0125   293     5256.2895     5296.8891  7465600    0.77%
  46177 29469     5270.0037   201     5256.2895     5296.8119  7480019    0.77%
  46368 29570        cutoff           5256.2895     5296.7161  7500501    0.77%
  46377 29576     5269.2482   256     5256.2895     5296.7128  7502705    0.77%
  46477 29654     5276.6124   413     5256.2895     5296.7053  7509994    0.77%
  46577 29725     5276.7620   419     5256.2895     5296.6625  7526479    0.77%
  46777 29843     5260.2993   172     5256.2895     5296.6055  7545450    0.77%
  46950 29936     5274.0685   275     5256.2895     5296.5370  7564275    0.77%
  47137 30050     5278.8908   363     5256.2895     5296.4686  7581288    0.76%
Elapsed time = 3479.82 sec. (1760409.62 ticks, tree = 168.56 MB, solutions = 1)
  47216 30087     5273.3165   313     5256.2895     5296.4232  7599155    0.76%
  47330 30138     5257.4473   420     5256.2895     5296.3506  7619911    0.76%
  47547 30263     5258.9826   256     5256.2895     5296.2531  7644985    0.76%
  47687 30322     5281.0280   438     5256.2895     5296.2037  7664683    0.76%
  47788 30392     5259.8953   274     5256.2895     5296.1797  7681435    0.76%
  47953 30498     5257.6345   267     5256.2895     5296.0846  7701079    0.76%
  48103 30594     5257.3635   153     5256.2895     5296.0383  7717495    0.76%
  48217 30662     5264.6199   264     5256.2895     5295.9513  7735701    0.75%
  48377 30760     5267.8152   274     5256.2895     5295.8846  7755795    0.75%
  48555 30867     5282.5207   255     5256.2895     5295.8374  7775043    0.75%
Elapsed time = 3555.51 sec. (1799006.56 ticks, tree = 172.31 MB, solutions = 1)
  48747 30988     5283.3835   351     5256.2895     5295.8037  7793367    0.75%
  48887 31081     5264.9446   259     5256.2895     5295.7788  7812520    0.75%
  49072 31200     5267.0363   454     5256.2895     5295.7366  7835027    0.75%
  49233 31313     5276.8569   418     5256.2895     5295.7127  7854445    0.75%
  49366 31397     5269.8624   324     5256.2895     5295.6374  7874171    0.75%

Implied bound cuts applied:  513
Flow cuts applied:  218
Mixed integer rounding cuts applied:  883
Lift and project cuts applied:  114
Gomory fractional cuts applied:  65

Root node processing (before b&c):
  Real time             =   14.74 sec. (7704.20 ticks)
Sequential b&c:
  Real time             = 3585.26 sec. (1814078.07 ticks)
                          ------------
Total (root+branch&cut) = 3600.00 sec. (1821782.27 ticks)
