1 of 1 MIP starts provided solutions.
MIP start 'm1' defined initial solution with objective 4239.7938.
Tried aggregator 2 times.
MIP Presolve eliminated 38 rows and 37 columns.
MIP Presolve modified 8200 coefficients.
Aggregator did 2 substitutions.
Reduced MIP has 3360 rows, 1942 columns, and 21696 nonzeros.
Reduced MIP has 1583 binaries, 0 generals, 0 SOSs, and 0 indicators.
Presolve time = 0.02 sec. (14.30 ticks)
Probing time = 0.01 sec. (3.51 ticks)
Tried aggregator 1 time.
Reduced MIP has 3360 rows, 1942 columns, and 21696 nonzeros.
Reduced MIP has 1583 binaries, 0 generals, 0 SOSs, and 0 indicators.
Presolve time = 0.01 sec. (7.56 ticks)
Probing time = 0.01 sec. (3.46 ticks)
Clique table members: 201.
MIP emphasis: balance optimality and feasibility.
MIP search method: dynamic search.
Parallel mode: none, using 1 thread.
Root relaxation solution time = 0.01 sec. (8.17 ticks)

        Nodes                                         Cuts/
   Node  Left     Objective  IInf  Best Integer    Best Bound    ItCnt     Gap

*     0+    0                         4239.7938    21057.0628      401  396.65%
      0     0     4844.4424   238     4239.7938     4844.4424      401   14.26%
      0     0     4621.1379   188     4239.7938     Cuts: 529      669    8.99%
      0     0     4538.3446   208     4239.7938     Cuts: 521      895    7.04%
      0     0     4516.1489   238     4239.7938     Cuts: 357     1050    6.52%
      0     0     4495.1792   241     4239.7938     Cuts: 227     1168    6.02%
      0     0     4479.8379   242     4239.7938     Cuts: 267     1320    5.66%
      0     0     4472.8277   244     4239.7938     Cuts: 343     1412    5.50%
      0     0     4448.6634   257     4239.7938     Cuts: 202     1534    4.93%
      0     0     4436.5382   290     4239.7938     Cuts: 231     1670    4.64%
      0     0     4424.2434   283     4239.7938     Cuts: 190     1771    4.35%
      0     0     4417.5593   283     4239.7938     Cuts: 219     1863    4.19%
      0     0     4407.6682   341     4239.7938     Cuts: 127     1980    3.96%
      0     0     4404.8209   338     4239.7938     Cuts: 104     2054    3.89%
      0     0     4402.6443   340     4239.7938     Cuts: 159     2122    3.84%
      0     0     4398.0710   322     4239.7938     Cuts: 104     2196    3.73%
      0     0     4393.5117   324     4239.7938      Cuts: 74     2244    3.63%
      0     0     4392.2345   316     4239.7938      Cuts: 58     2282    3.60%
      0     0     4388.7351   300     4239.7938     Cuts: 147     2324    3.51%
      0     0     4386.6029   341     4239.7938      Cuts: 43     2374    3.46%
      0     0     4385.5938   338     4239.7938      Cuts: 92     2413    3.44%
      0     0     4385.0826   289     4239.7938      Cuts: 40     2443    3.43%
      0     0     4384.2235   343     4239.7938      Cuts: 54     2473    3.41%
      0     0     4383.8957   341     4239.7938      Cuts: 59     2491    3.40%
      0     2     4383.8957   341     4239.7938     4382.8541     2491    3.37%
Elapsed time = 2.39 sec. (1207.08 ticks, tree = 0.00 MB, solutions = 1)
     30    32     4312.7125   152     4239.7938     4382.3046     3301    3.36%
     84    73     4328.0907   242     4239.7938     4380.8031     4894    3.33%
    160   143     4376.3857   255     4239.7938     4376.9559     6586    3.24%
    236   213     4351.4595   275     4239.7938     4376.7873     7787    3.23%
    321   294     4308.8231   266     4239.7938     4375.1953     9014    3.19%
    408   362        cutoff           4239.7938     4374.6276    10660    3.18%
    475   412     4322.4470   244     4239.7938     4370.5124    12801    3.08%
    576   503     4345.2349   308     4239.7938     4370.1237    14553    3.07%
    650   565     4333.0054   276     4239.7938     4369.4129    16272    3.06%
    932   810     4356.6267   370     4239.7938     4356.6220    24933    2.76%
Elapsed time = 18.34 sec. (9750.16 ticks, tree = 1.03 MB, solutions = 1)
    936   812     4344.0615   354     4239.7938     4351.7160    25272    2.64%
    943   816     4334.1794   255     4239.7938     4351.7160    25804    2.64%
   1016   730     4264.1043   201     4239.7938     4349.9917    28046    2.60%
   1124   723     4305.1707   301     4239.7938     4343.8633    31969    2.45%
   1263   777     4284.7085   180     4239.7938     4341.2508    35528    2.39%
   1367   781     4302.3961   315     4239.7938     4331.9256    40241    2.17%
   1450   800     4298.9843   313     4239.7938     4330.8700    43755    2.15%
   1604   853     4252.5109   316     4239.7938     4329.8253    47834    2.12%
   1719   887     4306.8142   327     4239.7938     4329.1229    52122    2.11%
   1842   910     4294.5457   352     4239.7938     4326.5941    56750    2.05%
Elapsed time = 33.17 sec. (19518.44 ticks, tree = 2.08 MB, solutions = 1)
   1979   951     4275.6765   262     4239.7938     4323.2329    62394    1.97%
   2153  1016     4260.7855   332     4239.7938     4320.4051    67481    1.90%
   2316  1048     4295.7810   333     4239.7938     4318.4903    73350    1.86%
   2429  1128     4275.5346   276     4239.7938     4317.5772    78531    1.83%
   2532  1198     4267.0973   266     4239.7938     4316.0976    82714    1.80%
   2650  1285     4276.6535   250     4239.7938     4314.5484    87056    1.76%
   2776  1382     4262.9035   302     4239.7938     4313.3650    91457    1.74%
   2879  1458     4240.2939   191     4239.7938     4312.8893    95234    1.72%
   2971  1516     4275.5470   292     4239.7938     4311.9709    99290    1.70%
   3069  1580     4275.9471   299     4239.7938     4309.1426   103859    1.64%
Elapsed time = 49.10 sec. (29385.28 ticks, tree = 3.26 MB, solutions = 1)
   3215  1691     4256.8800   246     4239.7938     4308.2174   108635    1.61%
   3379  1810     4249.1190   208     4239.7938     4306.6397   113145    1.58%
   3570  1961     4247.5674   117     4239.7938     4305.9431   118083    1.56%
   3711  2049     4248.5499   291     4239.7938     4305.4438   123301    1.55%
   3903  2198     4242.7988   317     4239.7938     4304.6947   128598    1.53%
   4022  2274     4273.4458   299     4239.7938     4304.0076   134449    1.51%
   4217  2421     4241.9708   334     4239.7938     4303.2626   139725    1.50%
   4311  2479     4262.9644   219     4239.7938     4302.2265   144721    1.47%
   4431  2551     4260.2816   321     4239.7938     4300.9507   149674    1.44%
   4541  2624     4263.5260   322     4239.7938     4299.4895   154447    1.41%
Elapsed time = 65.07 sec. (39224.23 ticks, tree = 4.69 MB, solutions = 1)
   4656  2700     4254.9175   147     4239.7938     4298.5794   158821    1.39%
   4756  2750     4268.9953   316     4239.7938     4297.8398   163187    1.37%
   4892  2836     4272.3698   339     4239.7938     4295.9808   167626    1.33%
   5001  2903     4259.5960   287     4239.7938     4295.4695   172203    1.31%
   5113  2979     4252.1195   205     4239.7938     4294.7066   177196    1.30%
   5309  3114     4242.7752    83     4239.7938     4293.6289   182096    1.27%
   5463  3202        cutoff           4239.7938     4292.0846   186934    1.23%
   5586  3272     4259.5252   324     4239.7938     4291.1419   192372    1.21%
   5807  3450     4245.2261   307     4239.7938     4290.8616   197158    1.20%
   5945  3534     4244.7025   320     4239.7938     4290.0134   202579    1.18%
Elapsed time = 80.59 sec. (48826.01 ticks, tree = 6.83 MB, solutions = 1)
   6063  3605     4260.5715   302     4239.7938     4289.3144   208300    1.17%
   6220  3710        cutoff           4239.7938     4289.0383   213166    1.16%
   6335  3781     4241.8358   334     4239.7938     4288.3897   217370    1.15%
   6447  3853     4242.6906   191     4239.7938     4288.2433   221303    1.14%
   6574  3920     4256.7114   282     4239.7938     4287.5988   227242    1.13%
   6706  4004     4269.3639   219     4239.7938     4286.8776   231531    1.11%
   6843  4074        cutoff           4239.7938     4286.3269   236602    1.10%
   6966  4150     4263.5602   258     4239.7938     4286.1395   240996    1.09%
   7094  4232     4271.3080   341     4239.7938     4285.8058   245740    1.09%
   7241  4317     4262.3310   269     4239.7938     4285.3269   251116    1.07%
Elapsed time = 96.43 sec. (58612.02 ticks, tree = 7.93 MB, solutions = 1)
   7433  4413     4245.5056   281     4239.7938     4284.8427   256723    1.06%
   7612  4548     4247.3204   338     4239.7938     4284.4332   262294    1.05%
   7794  4667     4269.9324   338     4239.7938     4284.1103   267177    1.05%
   7940  4755     4272.7056   260     4239.7938     4283.5136   272493    1.03%
   8130  4880     4257.5022   201     4239.7938     4283.2535   278002    1.03%
   8387  5088     4255.9402   160     4239.7938     4283.0115   283181    1.02%
   8587  5226     4266.9845   166     4239.7938     4282.5204   288420    1.01%
   8820  5394     4240.3885   196     4239.7938     4281.8029   293566    0.99%
   8996  5496        cutoff           4239.7938     4281.5356   298702    0.98%
   9200  5632     4257.1754   197     4239.7938     4281.2005   303336    0.98%
Elapsed time = 111.74 sec. (68221.82 ticks, tree = 9.68 MB, solutions = 1)
   9501  5878     4241.6879    53     4239.7938     4281.0696   308121    0.97%
   9575  5907     4249.5611   315     4239.7938     4280.7816   311457    0.97%
   9763  6024     4264.7520   304     4239.7938     4280.4348   317010    0.96%
   9903  6110     4260.5229   338     4239.7938     4280.0199   322502    0.95%
  10051  6174        cutoff           4239.7938     4279.5563   327307    0.94%
  10182  6251     4255.1075   310     4239.7938     4279.0933   332019    0.93%
  10252  6297     4240.4607   195     4239.7938     4278.9574   334308    0.92%
  10452  6439        cutoff           4239.7938     4278.8242   338922    0.92%
  10590  6527     4240.9510   344     4239.7938     4278.5994   343357    0.92%
  10765  6618     4261.9889   306     4239.7938     4277.7230   348844    0.89%
Elapsed time = 131.58 sec. (79993.54 ticks, tree = 10.99 MB, solutions = 1)
  10977  6750     4258.7795   346     4239.7938     4277.5540   353856    0.89%
  11166  6862     4266.1166   154     4239.7938     4277.3928   359085    0.89%
  11497  7113     4249.3943   195     4239.7938     4277.2020   363750    0.88%
  11670  7180     4248.8064   340     4239.7938     4276.9088   369119    0.88%
  11824  7259     4234.4063   227     4239.7938     4276.5358   374242    0.87%
  12017  7390     4258.9104   183     4239.7938     4276.2951   379764    0.86%
  12255  7547     4248.7961   330     4239.7938     4276.0718   384762    0.86%
  12481  7692     4242.2964   144     4239.7938     4275.9111   389877    0.85%
  12658  7815     4251.4172   320     4239.7938     4275.7289   395343    0.85%
  12872  7966     4255.4455   305     4239.7938     4275.5585   400263    0.84%
Elapsed time = 147.06 sec. (89574.01 ticks, tree = 12.73 MB, solutions = 1)
  13078  8104     4253.2177   280     4239.7938     4275.3350   405159    0.84%
  13228  8196     4240.8994   215     4239.7938     4275.0032   409943    0.83%
  13392  8288     4246.3729   315     4239.7938     4274.7098   415194    0.82%
  13526  8360     4266.9962   257     4239.7938     4274.4546   419735    0.82%
  13750  8510     4243.5820    86     4239.7938     4274.3024   424620    0.81%
  13966  8641     4257.0834   211     4239.7938     4274.1804   429463    0.81%
  14152  8753        cutoff           4239.7938     4273.9575   434591    0.81%
  14307  8852     4242.9930   294     4239.7938     4273.8756   438258    0.80%
  14555  9019     4240.0274   311     4239.7938     4273.8007   443513    0.80%
  15403  9524        cutoff           4239.7938     4272.8279   464326    0.78%
Elapsed time = 167.44 sec. (102208.96 ticks, tree = 15.04 MB, solutions = 1)
  16185  9972     4245.8160   269     4239.7938     4272.0021   485445    0.76%
  17014 10459     4251.5050   326     4239.7938     4271.3756   505904    0.74%
  17939 11061     4248.0206   200     4239.7938     4270.7151   527469    0.73%
  18732 11569     4250.0154   243     4239.7938     4270.1076   547607    0.71%
  19492 12029     4249.5114   292     4239.7938     4269.5837   567337    0.70%
  20435 12626     4260.9006   171     4239.7938     4268.9386   587009    0.69%
  21464 13295     4248.3639   114     4239.7938     4268.4106   608766    0.67%
  22476 13882     4245.3644   213     4239.7938     4267.8762   629930    0.66%
  23428 14472     4242.8812   252     4239.7938     4267.2364   652406    0.65%
  24293 14939     4258.2563   101     4239.7938     4266.6599   671626    0.63%
Elapsed time = 228.61 sec. (140488.32 ticks, tree = 22.15 MB, solutions = 1)
  25261 15525     4240.7912   278     4239.7938     4266.1717   691850    0.62%
  26171 16061     4243.8421   243     4239.7938     4265.7254   711198    0.61%
  27117 16576     4253.4793   191     4239.7938     4265.2380   731748    0.60%
  28118 17156     4249.2552   193     4239.7938     4264.7323   752118    0.59%
  29222 17780     4240.4830   228     4239.7938     4264.2107   774068    0.58%
  30338 18417     4259.8734   181     4239.7938     4263.8452   794496    0.57%
  31413 19027     4250.9456   156     4239.7938     4263.5132   816050    0.56%
  32393 19608     4245.7230   132     4239.7938     4263.2236   835136    0.55%
  33414 20140     4240.0707   289     4239.7938     4262.8412   854779    0.54%
  34401 20664        cutoff           4239.7938     4262.5178   875188    0.54%
Elapsed time = 288.83 sec. (178921.60 ticks, tree = 29.73 MB, solutions = 1)
  35324 21146     4250.0285   257     4239.7938     4262.1541   896327    0.53%
  36295 21620     4243.6197   119     4239.7938     4261.7804   917507    0.52%
  37293 22133     4255.5408   237     4239.7938     4261.4968   939082    0.51%
  38198 22559     4248.5203   123     4239.7938     4261.1561   960349    0.50%
  39159 22947     4242.8465   193     4239.7938     4260.7789   980724    0.49%
  40189 23435        cutoff           4239.7938     4260.4303   999797    0.49%
  41169 23884     4242.2303   177     4239.7938     4260.1830  1020247    0.48%
  42050 24235     4249.4037   238     4239.7938     4259.9007  1040192    0.47%
  43129 24700        cutoff           4239.7938     4259.5847  1061180    0.47%
  44058 25041     4247.3913   298     4239.7938     4259.2578  1082457    0.46%
Elapsed time = 350.09 sec. (217150.62 ticks, tree = 35.52 MB, solutions = 1)
  45212 25503     4253.0084   329     4239.7938     4258.9334  1103542    0.45%
  46239 25879        cutoff           4239.7938     4258.6691  1125278    0.45%
  47318 26312     4245.0046   251     4239.7938     4258.3661  1147448    0.44%
  48294 26692        cutoff           4239.7938     4258.0836  1167728    0.43%
  49131 26940     4241.2326   135     4239.7938     4257.7674  1186675    0.42%
  50185 27349        cutoff           4239.7938     4257.4910  1208882    0.42%
  51156 27616     4246.3658   248     4239.7938     4257.1973  1228949    0.41%
  52170 27910        cutoff           4239.7938     4256.8837  1250632    0.40%
  53165 28250        cutoff           4239.7938     4256.6282  1271783    0.40%
  54126 28530     4250.5426   281     4239.7938     4256.3769  1293702    0.39%
Elapsed time = 411.05 sec. (255393.49 ticks, tree = 40.13 MB, solutions = 1)
  55190 28844     4240.3977   208     4239.7938     4256.0979  1315538    0.38%
  56140 29120     4240.4196   279     4239.7938     4255.8570  1337848    0.38%
  57083 29380     4244.4570   262     4239.7938     4255.6378  1358424    0.37%
  58042 29505     4244.7447   290     4239.7938     4255.3625  1379342    0.37%
  59090 29786     4242.2528   203     4239.7938     4255.1031  1399846    0.36%
  60067 30028     4250.8792   316     4239.7938     4254.8969  1420368    0.36%
  61166 30356     4244.0552   157     4239.7938     4254.6827  1440882    0.35%
  62152 30586     4244.2045   205     4239.7938     4254.4447  1461822    0.35%
  63215 30847     4240.0997   119     4239.7938     4254.1973  1483742    0.34%
  64299 31076     4240.1403   152     4239.7938     4253.9342  1505323    0.33%
Elapsed time = 472.30 sec. (293734.46 ticks, tree = 43.55 MB, solutions = 1)
  65296 31273     4241.5207   185     4239.7938     4253.6982  1525464    0.33%
  66295 31389     4245.4822   204     4239.7938     4253.4623  1547012    0.32%
  67214 31519     4242.5374   188     4239.7938     4253.2670  1566784    0.32%
  68317 31672        cutoff           4239.7938     4252.9999  1588136    0.31%
  69332 31790     4246.1279   202     4239.7938     4252.7394  1607088    0.31%
  70382 31884     4245.4303   193     4239.7938     4252.5076  1627393    0.30%
  71364 31931        cutoff           4239.7938     4252.2647  1646534    0.29%
  72393 31955        cutoff           4239.7938     4252.0252  1666907    0.29%
  73359 31966        cutoff           4239.7938     4251.7760  1687406    0.28%
  74497 32057     4248.6178    84     4239.7938     4251.5403  1708074    0.28%
Elapsed time = 532.78 sec. (331939.67 ticks, tree = 45.08 MB, solutions = 1)
  75525 32132        cutoff           4239.7938     4251.3221  1728259    0.27%
  76565 32184        cutoff           4239.7938     4251.1091  1750127    0.27%
  77650 32251        cutoff           4239.7938     4250.9006  1770470    0.26%
  78700 32231     4242.9891   218     4239.7938     4250.7018  1789740    0.26%
  79758 32242     4248.6663   195     4239.7938     4250.5061  1809119    0.25%
  80746 32175        cutoff           4239.7938     4250.2941  1828009    0.25%
  81830 32138     4246.8041   300     4239.7938     4250.0897  1847938    0.24%
  82921 32198     4232.4813   293     4239.7938     4249.9003  1868288    0.24%
  84061 32072     4243.4786   253     4239.7938     4249.6646  1888324    0.23%
  85130 31880        cutoff           4239.7938     4249.4393  1909096    0.23%
Elapsed time = 593.20 sec. (370184.19 ticks, tree = 45.06 MB, solutions = 1)
  86252 31742     4244.2126   275     4239.7938     4249.2137  1930593    0.22%
  87355 31534        cutoff           4239.7938     4248.9698  1951732    0.22%
  88481 31298     4243.0956    93     4239.7938     4248.7404  1973139    0.21%
  89636 30944     4243.6716   135     4239.7938     4248.4852  1993927    0.20%
  90632 30693        cutoff           4239.7938     4248.2943  2012856    0.20%
  91872 30311     4240.2313   234     4239.7938     4248.0360  2033405    0.19%
  92959 29941        cutoff           4239.7938     4247.7944  2052587    0.19%
  94046 29576     4240.1829   280     4239.7938     4247.5816  2071108    0.18%
  95122 29214     4241.2121   285     4239.7938     4247.3806  2090054    0.18%
  96236 28806        cutoff           4239.7938     4247.1503  2108638    0.17%
Elapsed time = 654.83 sec. (408397.39 ticks, tree = 40.82 MB, solutions = 1)
  97406 28319        cutoff           4239.7938     4246.9294  2127762    0.17%
  98558 27839        cutoff           4239.7938     4246.7020  2147900    0.16%
  99780 27239     4243.4920   172     4239.7938     4246.4441  2166891    0.16%
 101082 26676        cutoff           4239.7938     4246.2070  2185421    0.15%
 102289 26092        cutoff           4239.7938     4245.9640  2203680    0.15%
 103604 25467        cutoff           4239.7938     4245.7301  2222285    0.14%
 104931 24749        cutoff           4239.7938     4245.4707  2240472    0.13%
 106247 24065        cutoff           4239.7938     4245.2446  2257812    0.13%
 107508 23329        cutoff           4239.7938     4245.0078  2274397    0.12%
 108666 22555     4242.5918    93     4239.7938     4244.7916  2289952    0.12%
Elapsed time = 714.17 sec. (446559.39 ticks, tree = 32.33 MB, solutions = 1)
 110042 21666        cutoff           4239.7938     4244.5438  2306200    0.11%
 111295 20743        cutoff           4239.7938     4244.2933  2321315    0.11%
 112520 19786        cutoff           4239.7938     4244.0299  2335281    0.10%
 113905 18784     4240.5255   150     4239.7938     4243.7662  2349721    0.09%
 115275 17766        cutoff           4239.7938     4243.5154  2364307    0.09%
 116658 16653        cutoff           4239.7938     4243.2506  2377980    0.08%
 118006 15547     4241.4172   235     4239.7938     4242.9932  2391456    0.08%
 119393 14411     4240.8852   269     4239.7938     4242.7526  2403969    0.07%
 120816 13171     4241.0529    82     4239.7938     4242.4933  2415363    0.06%
 122242 11901        cutoff           4239.7938     4242.2377  2426735    0.06%
Elapsed time = 772.58 sec. (484743.16 ticks, tree = 17.65 MB, solutions = 1)
 123732 10602     4240.1495   257     4239.7938     4241.9732  2437317    0.05%
 125265  9187     4240.6505    79     4239.7938     4241.7069  2446847    0.05%
 126771  7767        cutoff           4239.7938     4241.4275  2455648    0.04%
 128306  6304        cutoff           4239.7938     4241.1427  2463524    0.03%
 129946  4696        cutoff           4239.7938     4240.8209  2471004    0.02%
 131619  3055        cutoff           4239.7938     4240.5018  2477360    0.02%

Implied bound cuts applied:  820
Flow cuts applied:  33
Mixed integer rounding cuts applied:  83
Lift and project cuts applied:  120
Gomory fractional cuts applied:  67

Root node processing (before b&c):
  Real time             =    2.37 sec. (1192.58 ticks)
Sequential b&c:
  Real time             =  807.77 sec. (509932.78 ticks)
                          ------------
Total (root+branch&cut) =  810.15 sec. (511125.35 ticks)
