1 of 1 MIP starts provided solutions.
MIP start 'm1' defined initial solution with objective 3303.8620.
Tried aggregator 2 times.
MIP Presolve eliminated 68 rows and 63 columns.
MIP Presolve modified 5201 coefficients.
Aggregator did 6 substitutions.
Reduced MIP has 2476 rows, 1418 columns, and 16424 nonzeros.
Reduced MIP has 1153 binaries, 0 generals, 0 SOSs, and 0 indicators.
Presolve time = 0.02 sec. (11.17 ticks)
Probing time = 0.01 sec. (3.25 ticks)
Tried aggregator 1 time.
Reduced MIP has 2476 rows, 1418 columns, and 16424 nonzeros.
Reduced MIP has 1153 binaries, 0 generals, 0 SOSs, and 0 indicators.
Presolve time = 0.01 sec. (5.83 ticks)
Probing time = 0.01 sec. (3.22 ticks)
Clique table members: 259.
MIP emphasis: balance optimality and feasibility.
MIP search method: dynamic search.
Parallel mode: none, using 1 thread.
Root relaxation solution time = 0.01 sec. (5.69 ticks)

        Nodes                                         Cuts/
   Node  Left     Objective  IInf  Best Integer    Best Bound    ItCnt     Gap

*     0+    0                         3303.8620    15605.7031      304  372.35%
      0     0     3774.1052   167     3303.8620     3774.1052      304   14.23%
      0     0     3595.1377   139     3303.8620     Cuts: 404      504    8.82%
      0     0     3520.5141   160     3303.8620     Cuts: 391      680    6.56%
      0     0     3496.0794   169     3303.8620     Cuts: 279      823    5.82%
      0     0     3478.3930   187     3303.8620     Cuts: 233      936    5.28%
      0     0     3465.3477   204     3303.8620     Cuts: 169     1046    4.89%
      0     0     3458.6072   207     3303.8620     Cuts: 178     1126    4.68%
      0     0     3454.4569   196     3303.8620      Cuts: 85     1181    4.56%
      0     0     3448.4232   219     3303.8620     Cuts: 143     1256    4.38%
      0     0     3444.5495   251     3303.8620      Cuts: 91     1333    4.26%
      0     0     3437.4291   253     3303.8620     Cuts: 115     1374    4.04%
      0     0     3436.7048   236     3303.8620      Cuts: 49     1397    4.02%
      0     0     3434.5023   252     3303.8620      Cuts: 77     1428    3.95%
      0     0     3429.4799   250     3303.8620      Cuts: 45     1481    3.80%
      0     0     3426.6627   252     3303.8620      Cuts: 49     1508    3.72%
      0     0     3425.3757   249     3303.8620      Cuts: 27     1526    3.68%
      0     0     3425.0361   252     3303.8620      Cuts: 45     1544    3.67%
      0     0     3424.2757   249     3303.8620      Cuts: 18     1572    3.64%
      0     0     3424.0122   251     3303.8620      Cuts: 62     1595    3.64%
      0     2     3424.0122   251     3303.8620     3423.9812     1595    3.64%
Elapsed time = 1.46 sec. (725.97 ticks, tree = 0.00 MB, solutions = 1)
     65    51     3368.3629   161     3303.8620     3420.4316     3009    3.53%
    178   146     3390.5314   198     3303.8620     3415.5571     5116    3.38%
    240   205     3365.0452   163     3303.8620     3414.2290     6446    3.34%
    354   311     3400.3776   241     3303.8620     3410.0607     8259    3.21%
    429   371     3399.3300   220     3303.8620     3408.4694    10209    3.17%
    480   417     3386.2078   197     3303.8620     3406.9650    11656    3.12%
    528   465     3391.6677   280     3303.8620     3391.6336    13807    2.66%
    529   466     3391.3275   272     3303.8620     3391.3069    13834    2.65%
    531   467     3390.9578   253     3303.8620     3390.9507    13911    2.64%
    565   410     3387.1155   244     3303.8620     3390.7610    14499    2.63%
Elapsed time = 14.80 sec. (7972.13 ticks, tree = 0.53 MB, solutions = 1)
    844   493     3307.1870   186     3303.8620     3385.8838    18354    2.48%
   1203   622     3348.7460   241     3303.8620     3378.8386    24050    2.27%
   1534   828     3353.6702   264     3303.8620     3375.2507    29327    2.16%
   1868  1102     3323.8050   231     3303.8620     3374.0637    35400    2.12%
   2212  1368     3320.6576   201     3303.8620     3371.6815    41431    2.05%
   2680  1763     3324.2645   244     3303.8620     3367.6835    47732    1.93%
   3119  2125     3329.4351   216     3303.8620     3366.5108    53713    1.90%
   3548  2468     3305.3078    41     3303.8620     3365.2241    59350    1.86%
   3952  2798     3318.0887   115     3303.8620     3363.9831    65724    1.82%
   4381  3160     3312.6260    48     3303.8620     3363.1356    70745    1.79%
Elapsed time = 29.28 sec. (17647.46 ticks, tree = 3.20 MB, solutions = 1)
   4837  3554     3316.9943    43     3303.8620     3362.1517    76112    1.76%
   5309  3933     3325.2743   144     3303.8620     3361.2775    81488    1.74%
   5629  4181     3328.7323   128     3303.8620     3360.7736    87119    1.72%
   5938  4416     3345.7650   127     3303.8620     3360.0068    92904    1.70%
   6369  4745     3331.9391   175     3303.8620     3359.4523    99363    1.68%
   6788  5090        cutoff           3303.8620     3358.8105   105456    1.66%
   7130  5338     3340.2165   182     3303.8620     3357.5712   112236    1.63%
   7651  5754     3332.5850   147     3303.8620     3356.6729   118407    1.60%
   8013  6029     3315.6711   203     3303.8620     3355.8418   124640    1.57%
   8410  6346        cutoff           3303.8620     3355.4381   130756    1.56%
Elapsed time = 43.60 sec. (27270.88 ticks, tree = 6.47 MB, solutions = 1)
   8790  6625     3322.9727   131     3303.8620     3354.8367   136199    1.54%
   9238  6975     3326.7614   151     3303.8620     3354.4034   141703    1.53%
   9725  7347     3342.1484   191     3303.8620     3353.6437   148936    1.51%
  10286  7784     3330.0683   183     3303.8620     3353.2645   155404    1.50%
  10772  8158     3307.9675   128     3303.8620     3352.6713   162512    1.48%
  11088  8388     3309.8298   103     3303.8620     3352.4189   166784    1.47%
  11620  8800     3320.6948   118     3303.8620     3351.9386   173836    1.46%
  12132  9184        cutoff           3303.8620     3351.2273   179724    1.43%
  12498  9486        cutoff           3303.8620     3350.8796   185884    1.42%
  12953  9827     3340.1757   163     3303.8620     3350.3354   191593    1.41%
Elapsed time = 61.24 sec. (38444.91 ticks, tree = 10.17 MB, solutions = 1)
  13362 10101     3326.7374   129     3303.8620     3350.0817   196957    1.40%
  13783 10364     3330.6628   175     3303.8620     3349.5285   203489    1.38%
  14222 10687     3327.6670   165     3303.8620     3349.0799   209986    1.37%
  14614 10971     3312.1631   131     3303.8620     3348.6444   216941    1.36%
  14982 11212     3312.2686   129     3303.8620     3348.1018   223268    1.34%
  15445 11542     3310.4203   123     3303.8620     3347.6238   230140    1.32%
  15949 11882     3305.1694    60     3303.8620     3347.3194   236784    1.32%
  16419 12209     3305.8325    80     3303.8620     3346.8864   243396    1.30%
  16875 12535     3343.1565   150     3303.8620     3346.6382   249422    1.29%
  17220 12748     3307.0754    96     3303.8620     3346.3143   254601    1.28%
Elapsed time = 75.68 sec. (48041.78 ticks, tree = 13.09 MB, solutions = 1)
  17586 12997     3322.5858   134     3303.8620     3346.0801   259841    1.28%
  18029 13314     3337.2997   112     3303.8620     3345.7926   265845    1.27%
  18395 13577        cutoff           3303.8620     3345.4790   271635    1.26%
  18819 13881     3306.8725    81     3303.8620     3345.0407   277521    1.25%
  19287 14192     3335.1141   142     3303.8620     3344.7202   283086    1.24%
  19746 14472     3311.4896   114     3303.8620     3344.2937   289811    1.22%
  20164 14766     3326.8934   114     3303.8620     3344.0779   297189    1.22%
  20546 14994     3324.4738   191     3303.8620     3343.7173   303873    1.21%
  20958 15257     3309.3334   238     3303.8620     3343.4281   310288    1.20%
  21435 15589     3314.1519   135     3303.8620     3343.2228   316672    1.19%
Elapsed time = 90.61 sec. (57655.76 ticks, tree = 15.95 MB, solutions = 1)
  21947 15965     3306.2999   155     3303.8620     3343.0177   322728    1.19%
  22366 16265     3330.2430   188     3303.8620     3342.7637   328643    1.18%
  22738 16519     3331.3694    84     3303.8620     3342.5488   334496    1.17%
  23158 16773        cutoff           3303.8620     3342.1951   340678    1.16%
  23601 17071     3312.7329   184     3303.8620     3341.9110   345462    1.15%
  24047 17367     3318.5572   119     3303.8620     3341.7306   351729    1.15%
  24459 17655     3317.2887    54     3303.8620     3341.4867   357161    1.14%
  24900 17953        cutoff           3303.8620     3341.2834   362756    1.13%
  25268 18195     3304.1078   115     3303.8620     3341.1244   368588    1.13%
  25722 18509     3320.6752   205     3303.8620     3340.9534   374813    1.12%
Elapsed time = 104.54 sec. (67228.96 ticks, tree = 19.35 MB, solutions = 1)
  26118 18720     3316.1954   140     3303.8620     3340.6197   381997    1.11%
  26616 19042     3304.4807    11     3303.8620     3340.3759   388124    1.11%
  27085 19358     3313.1491   221     3303.8620     3340.2007   393910    1.10%
  27593 19694     3315.6447    34     3303.8620     3339.9808   400520    1.09%
  28052 20011     3313.0800   179     3303.8620     3339.8086   407181    1.09%
  28568 20395     3318.2478   141     3303.8620     3339.6279   413323    1.08%
  29047 20666        cutoff           3303.8620     3339.3328   420265    1.07%
  29601 21037     3316.9045   174     3303.8620     3339.1086   426543    1.07%
  29968 21271     3319.3682   179     3303.8620     3338.9610   432897    1.06%
  30430 21598     3306.7893   101     3303.8620     3338.7685   438987    1.06%
Elapsed time = 118.36 sec. (76825.46 ticks, tree = 22.48 MB, solutions = 1)
  30923 21910     3321.2849   130     3303.8620     3338.5344   445383    1.05%
  31422 22255     3308.1545    55     3303.8620     3338.3990   451129    1.05%
  31941 22604     3316.4716    62     3303.8620     3338.2355   456777    1.04%
  32461 22958     3309.2386   130     3303.8620     3338.0526   462379    1.03%
  32991 23304     3317.6585   138     3303.8620     3337.8725   468718    1.03%
  33505 23661     3321.0086    90     3303.8620     3337.7087   475006    1.02%
  33981 23972     3334.2321   193     3303.8620     3337.5391   481421    1.02%
  34511 24332     3323.7556   246     3303.8620     3337.3795   487987    1.01%
  34971 24648     3317.1516   164     3303.8620     3337.2461   494252    1.01%
  35467 24989        cutoff           3303.8620     3337.1436   500544    1.01%
Elapsed time = 132.27 sec. (86394.33 ticks, tree = 25.91 MB, solutions = 1)
  35895 25267     3329.4908    90     3303.8620     3336.9317   507029    1.00%
  36363 25557     3306.8428    58     3303.8620     3336.7599   513360    1.00%
  36862 25883     3323.6788   188     3303.8620     3336.5753   520039    0.99%
  37206 26084     3322.2204    72     3303.8620     3336.4053   526308    0.99%
  37694 26391        cutoff           3303.8620     3336.1893   532815    0.98%
  38124 26635     3315.7091    58     3303.8620     3336.0145   538467    0.97%
  38570 26916     3305.2216   221     3303.8620     3335.8836   544166    0.97%
  38915 27076        cutoff           3303.8620     3335.7448   550372    0.97%
  39423 27419     3312.3225    95     3303.8620     3335.6226   556699    0.96%
  41266 28526     3307.2016    41     3303.8620     3334.9454   581098    0.94%
Elapsed time = 150.84 sec. (98807.26 ticks, tree = 29.50 MB, solutions = 1)
  43122 29644     3319.6095    94     3303.8620     3334.2659   606456    0.92%
  44879 30654     3325.1295    52     3303.8620     3333.7115   632591    0.90%
  46689 31781     3322.6236   105     3303.8620     3333.2532   657508    0.89%
  48349 32764     3320.8768   173     3303.8620     3332.8054   682952    0.88%
  50001 33660     3305.6970   184     3303.8620     3332.3253   707898    0.86%
  51776 34640     3311.3703   170     3303.8620     3331.8504   734924    0.85%
  53578 35632     3307.5385   118     3303.8620     3331.3857   762272    0.83%
  55407 36625     3323.7549    98     3303.8620     3330.9052   789303    0.82%
  57022 37454     3321.6860   258     3303.8620     3330.5104   814840    0.81%
  58732 38433        cutoff           3303.8620     3330.1361   840710    0.80%
Elapsed time = 208.42 sec. (136996.88 ticks, tree = 40.57 MB, solutions = 1)
  60688 39502     3319.2626   136     3303.8620     3329.6810   868613    0.78%
  62367 40235     3309.4750   167     3303.8620     3329.1837   896725    0.77%
  64241 41210     3320.3541   199     3303.8620     3328.7904   922793    0.75%
  66019 42165     3308.5938   126     3303.8620     3328.4537   948957    0.74%
  67595 42824     3326.4187   173     3303.8620     3328.0936   973935    0.73%
  69556 43831     3311.9874   196     3303.8620     3327.7234  1000058    0.72%
  71440 44828        cutoff           3303.8620     3327.3391  1026416    0.71%
  73302 45839     3306.8371   153     3303.8620     3326.9927  1052889    0.70%
  75088 46732     3306.2324    93     3303.8620     3326.6645  1078867    0.69%
  76939 47754     3310.5285    80     3303.8620     3326.3458  1102935    0.68%
Elapsed time = 265.21 sec. (175230.77 ticks, tree = 50.17 MB, solutions = 1)
  78892 48627     3321.5382   130     3303.8620     3326.0135  1128383    0.67%
  80768 49397     3304.8372   109     3303.8620     3325.6523  1155026    0.66%
  82870 50485        cutoff           3303.8620     3325.3929  1179845    0.65%
  84823 51453     3308.4200   172     3303.8620     3325.1338  1205986    0.64%
  86703 52293     3322.5056    84     3303.8620     3324.8582  1231634    0.64%
  88492 53075     3307.5051    79     3303.8620     3324.5414  1257598    0.63%
  90432 53903     3312.6763   125     3303.8620     3324.2746  1282616    0.62%
  92527 54941     3321.4552   132     3303.8620     3324.0136  1307641    0.61%
  94434 55833     3310.7920   115     3303.8620     3323.7902  1333172    0.60%
  96274 56638        cutoff           3303.8620     3323.5561  1359468    0.60%
Elapsed time = 321.17 sec. (213411.97 ticks, tree = 59.40 MB, solutions = 1)
  98251 57544     3307.5472   192     3303.8620     3323.3194  1385156    0.59%
 100159 58351     3305.7554   160     3303.8620     3323.0708  1410666    0.58%
 102018 59115     3308.9934   237     3303.8620     3322.8282  1436764    0.57%
 103815 59783     3313.3421   117     3303.8620     3322.6043  1461907    0.57%
 105802 60519        cutoff           3303.8620     3322.3359  1488012    0.56%
 107806 61313     3304.9530   112     3303.8620     3322.1145  1514942    0.55%
 109797 62138     3319.1592   132     3303.8620     3321.9178  1541575    0.55%
 111802 62822     3304.8249    75     3303.8620     3321.6762  1568716    0.54%
 113659 63490     3304.7671   229     3303.8620     3321.4711  1593981    0.53%
 115619 64273     3305.9409   130     3303.8620     3321.2749  1620057    0.53%
Elapsed time = 377.60 sec. (251622.10 ticks, tree = 67.39 MB, solutions = 1)
 117417 64776        cutoff           3303.8620     3321.0260  1645864    0.52%
 119342 65458     3313.1236   123     3303.8620     3320.8440  1672417    0.51%
 121347 66294     3305.2212    73     3303.8620     3320.6665  1699144    0.51%
 123386 67052     3312.8759    88     3303.8620     3320.4748  1725182    0.50%
 125413 67645     3308.8515   122     3303.8620     3320.2424  1752242    0.50%
 127465 68237        cutoff           3303.8620     3320.0159  1777982    0.49%
 129428 68897     3307.1587   125     3303.8620     3319.8298  1803117    0.48%
 131404 69612     3307.5659    95     3303.8620     3319.6359  1828244    0.48%
 133361 70263     3304.2463    94     3303.8620     3319.4548  1854153    0.47%
 135366 70965        cutoff           3303.8620     3319.2605  1881002    0.47%
Elapsed time = 433.98 sec. (289780.74 ticks, tree = 76.39 MB, solutions = 1)
 137387 71577     3311.5754    78     3303.8620     3319.0732  1907071    0.46%
 139350 72046     3314.1241    72     3303.8620     3318.8569  1933960    0.45%
 141421 72630        cutoff           3303.8620     3318.6666  1961181    0.45%
 143348 73162     3313.5655    92     3303.8620     3318.4851  1986430    0.44%
 145302 73790     3308.1518   125     3303.8620     3318.3260  2012334    0.44%
 147244 74357     3306.8261   156     3303.8620     3318.1695  2037579    0.43%
 149190 74726        cutoff           3303.8620     3317.9828  2063088    0.43%
 151147 75226        cutoff           3303.8620     3317.8182  2089044    0.42%
 153258 75814     3307.5995    59     3303.8620     3317.6465  2114679    0.42%
 155332 76386     3312.1984    61     3303.8620     3317.4755  2141748    0.41%
Elapsed time = 490.46 sec. (327959.22 ticks, tree = 82.25 MB, solutions = 1)
 157372 76796        cutoff           3303.8620     3317.2909  2168504    0.41%
 159333 77178     3308.7064    82     3303.8620     3317.1227  2194438    0.40%
 161455 77728        cutoff           3303.8620     3316.9652  2220144    0.40%
 163488 78216        cutoff           3303.8620     3316.8053  2244702    0.39%
 165529 78676     3311.8843   106     3303.8620     3316.6305  2270852    0.39%
 167579 79018     3312.0618   140     3303.8620     3316.4729  2297313    0.38%
 169581 79530     3314.6181   105     3303.8620     3316.3416  2322095    0.38%
 171577 79866     3310.3191    48     3303.8620     3316.1771  2348430    0.37%
 173579 80153     3308.1029    77     3303.8620     3316.0122  2374403    0.37%
 175597 80443     3308.7275    97     3303.8620     3315.8675  2400186    0.36%
Elapsed time = 545.69 sec. (366165.50 ticks, tree = 86.73 MB, solutions = 1)
 177563 80814     3312.6088   141     3303.8620     3315.7276  2425526    0.36%
 179528 81199     3308.1714    83     3303.8620     3315.5891  2450212    0.35%
 181565 81465        cutoff           3303.8620     3315.4378  2475860    0.35%
 183561 81747     3306.1955   139     3303.8620     3315.2964  2500902    0.35%
 185666 81994        cutoff           3303.8620     3315.1289  2526019    0.34%
 187740 82299        cutoff           3303.8620     3314.9836  2551816    0.34%
 189777 82389     3313.3809   116     3303.8620     3314.8235  2577606    0.33%
 191839 82819     3306.7483   110     3303.8620     3314.7062  2603064    0.33%
 193854 82954        cutoff           3303.8620     3314.5600  2627677    0.32%
 195793 83167     3309.1782    86     3303.8620     3314.4456  2651007    0.32%
Elapsed time = 600.82 sec. (404340.85 ticks, tree = 89.87 MB, solutions = 1)
 197665 83294        cutoff           3303.8620     3314.3187  2674952    0.32%
 199614 83449     3307.6172   105     3303.8620     3314.1999  2697936    0.31%
 201568 83547     3306.1615    85     3303.8620     3314.0762  2721620    0.31%
 203597 83492     3307.8273    68     3303.8620     3313.9307  2746258    0.30%
 205557 83465     3307.8156    89     3303.8620     3313.7787  2771232    0.30%
 207674 83594        cutoff           3303.8620     3313.6546  2795394    0.30%
 209670 83558        cutoff           3303.8620     3313.5231  2820060    0.29%
 211687 83551     3306.4095    63     3303.8620     3313.3792  2843354    0.29%
 213681 83453        cutoff           3303.8620     3313.2425  2867959    0.28%
 215622 83253        cutoff           3303.8620     3313.0919  2892248    0.28%
Elapsed time = 655.81 sec. (442503.99 ticks, tree = 90.27 MB, solutions = 1)
 217629 83160     3307.2772    97     3303.8620     3312.9505  2915959    0.28%
 219581 83033        cutoff           3303.8620     3312.8149  2939833    0.27%
 221548 82882        cutoff           3303.8620     3312.6802  2964413    0.27%
 223648 82824     3305.7027    48     3303.8620     3312.5503  2987709    0.26%
 225624 82691        cutoff           3303.8620     3312.4269  3011562    0.26%
 227682 82474        cutoff           3303.8620     3312.2957  3035787    0.26%
 229668 82172     3309.1227    85     3303.8620     3312.1665  3060262    0.25%
 231698 81833        cutoff           3303.8620     3312.0274  3084358    0.25%
 233767 81619     3307.5840    63     3303.8620     3311.8996  3108159    0.24%
 235678 81120        cutoff           3303.8620     3311.7708  3131950    0.24%
Elapsed time = 711.11 sec. (480668.25 ticks, tree = 88.37 MB, solutions = 1)
 237668 80873     3304.8456    64     3303.8620     3311.6572  3154784    0.24%
 239603 80486        cutoff           3303.8620     3311.5346  3177119    0.23%
 241633 80111        cutoff           3303.8620     3311.4076  3200857    0.23%
 243675 79625        cutoff           3303.8620     3311.2860  3228863    0.22%
 245833 79255     3307.9680    76     3303.8620     3311.1578  3256323    0.22%
 247893 78837        cutoff           3303.8620     3311.0344  3284819    0.22%
 249898 78427        cutoff           3303.8620     3310.9233  3312973    0.21%
 252077 77908        cutoff           3303.8620     3310.7914  3341328    0.21%
 254151 77289        cutoff           3303.8620     3310.6531  3368844    0.21%
 256167 76669     3304.5234   118     3303.8620     3310.5264  3395474    0.20%
Elapsed time = 767.99 sec. (518842.20 ticks, tree = 84.03 MB, solutions = 1)
 258189 76045        cutoff           3303.8620     3310.3908  3421834    0.20%
 260208 75315     3304.8090   139     3303.8620     3310.2584  3447787    0.19%
 262143 74622     3304.7376    71     3303.8620     3310.1357  3474970    0.19%
 264095 73814        cutoff           3303.8620     3310.0029  3501143    0.19%
 266083 72990        cutoff           3303.8620     3309.8816  3526028    0.18%
 268190 72169     3307.4239    74     3303.8620     3309.7547  3552505    0.18%
 270211 71274        cutoff           3303.8620     3309.6270  3578102    0.17%
 272277 70309        cutoff           3303.8620     3309.4979  3603126    0.17%
 274275 69311        cutoff           3303.8620     3309.3663  3628189    0.17%
 276364 68359     3305.1461    73     3303.8620     3309.2349  3652487    0.16%
Elapsed time = 823.56 sec. (557004.74 ticks, tree = 75.62 MB, solutions = 1)
 278358 67316        cutoff           3303.8620     3309.1077  3675715    0.16%
 280392 66342        cutoff           3303.8620     3308.9889  3699268    0.16%
 282371 65209        cutoff           3303.8620     3308.8635  3722024    0.15%
 284418 64060        cutoff           3303.8620     3308.7419  3744605    0.15%
 286422 62860        cutoff           3303.8620     3308.6157  3767254    0.14%
 288476 61683     3306.7574   127     3303.8620     3308.4942  3789995    0.14%
 290584 60485        cutoff           3303.8620     3308.3732  3811606    0.14%
 292636 59167        cutoff           3303.8620     3308.2461  3832943    0.13%
 294686 57774        cutoff           3303.8620     3308.1146  3853590    0.13%
 296753 56431        cutoff           3303.8620     3307.9793  3873919    0.12%
Elapsed time = 880.03 sec. (595162.49 ticks, tree = 63.34 MB, solutions = 1)
 298800 55023     3304.5102   132     3303.8620     3307.8465  3894786    0.12%
 300807 53506        cutoff           3303.8620     3307.7095  3914383    0.12%
 302778 51938        cutoff           3303.8620     3307.5781  3932930    0.11%
 304759 50461     3306.2763    79     3303.8620     3307.4518  3952020    0.11%
 306791 48998     3305.2657     5     3303.8620     3307.3248  3969972    0.10%
 308856 47487     3304.9419    97     3303.8620     3307.1956  3988403    0.10%
 310964 45868        cutoff           3303.8620     3307.0695  4005812    0.10%
 313035 44220        cutoff           3303.8620     3306.9387  4022093    0.09%
 315096 42491        cutoff           3303.8620     3306.8152  4038345    0.09%
 317163 40808        cutoff           3303.8620     3306.6879  4053893    0.09%
Elapsed time = 935.63 sec. (633324.09 ticks, tree = 47.06 MB, solutions = 1)
 319227 39020        cutoff           3303.8620     3306.5605  4069169    0.08%
 321321 37228        cutoff           3303.8620     3306.4322  4083493    0.08%
 323409 35416        cutoff           3303.8620     3306.3007  4097426    0.07%
 325500 33515        cutoff           3303.8620     3306.1704  4111130    0.07%
 327549 31686        cutoff           3303.8620     3306.0447  4123528    0.07%
 329667 29767        cutoff           3303.8620     3305.9176  4136424    0.06%
 331780 27883     3304.3824    26     3303.8620     3305.7935  4148982    0.06%
 333916 25848        cutoff           3303.8620     3305.6594  4160964    0.05%
 335988 23925        cutoff           3303.8620     3305.5363  4172028    0.05%
 338206 21798        cutoff           3303.8620     3305.4000  4182750    0.05%
Elapsed time = 989.71 sec. (671478.90 ticks, tree = 27.01 MB, solutions = 1)
 339856 20210        cutoff           3303.8620     3305.2931  4190548    0.04%
 342097 18064        cutoff           3303.8620     3305.1513  4200562    0.04%
 344391 15852        cutoff           3303.8620     3305.0089  4210307    0.03%
 346765 13535        cutoff           3303.8620     3304.8552  4219555    0.03%
 349103 11252        cutoff           3303.8620     3304.7042  4228337    0.03%
 351470  8951        cutoff           3303.8620     3304.5483  4236435    0.02%
 353794  6705        cutoff           3303.8620     3304.3906  4243852    0.02%
 356266  4279        cutoff           3303.8620     3304.2147  4250710    0.01%

Implied bound cuts applied:  549
Flow cuts applied:  27
Mixed integer rounding cuts applied:  65
Lift and project cuts applied:  116
Gomory fractional cuts applied:  56

Root node processing (before b&c):
  Real time             =    1.46 sec. (725.87 ticks)
Sequential b&c:
  Real time             = 1028.93 sec. (701935.87 ticks)
                          ------------
Total (root+branch&cut) = 1030.39 sec. (702661.74 ticks)
