1 of 1 MIP starts provided solutions.
MIP start 'm1' defined initial solution with objective 4308.2798.
Tried aggregator 15 times.
MIP Presolve eliminated 1622 rows and 1 columns.
Aggregator did 8665 substitutions.
Reduced MIP has 11939 rows, 10341 columns, and 54670 nonzeros.
Reduced MIP has 1600 binaries, 0 generals, 0 SOSs, and 0 indicators.
Presolve time = 0.39 sec. (196.70 ticks)
Probing time = 0.03 sec. (11.30 ticks)
Tried aggregator 1 time.
Reduced MIP has 11939 rows, 10341 columns, and 54670 nonzeros.
Reduced MIP has 1600 binaries, 0 generals, 0 SOSs, and 0 indicators.
Presolve time = 0.07 sec. (26.72 ticks)
Probing time = 0.02 sec. (10.64 ticks)
Clique table members: 11222.
MIP emphasis: balance optimality and feasibility.
MIP search method: dynamic search.
Parallel mode: none, using 1 thread.
Root relaxation solution time = 0.34 sec. (234.83 ticks)

        Nodes                                         Cuts/
   Node  Left     Objective  IInf  Best Integer    Best Bound    ItCnt     Gap

*     0+    0                         4308.2798    21546.7021     8510  400.12%
      0     0     4676.8553   232     4308.2798     4676.8553     8510    8.56%
      0     0     4589.1502   263     4308.2798     Cuts: 487     9694    6.52%
      0     0     4523.1720   285     4308.2798     Cuts: 444    10807    4.99%
      0     0     4505.5408   353     4308.2798     Cuts: 366    11451    4.58%
      0     0     4491.1544   341     4308.2798     Cuts: 257    11865    4.24%
      0     0     4484.9904   354     4308.2798     Cuts: 279    12245    4.10%
      0     0     4481.3172   361     4308.2798     Cuts: 240    12593    4.02%
      0     0     4477.3203   348     4308.2798     Cuts: 182    12933    3.92%
      0     0     4471.7184   355     4308.2798     Cuts: 141    13198    3.79%
      0     0     4469.0937   344     4308.2798     Cuts: 147    13398    3.73%
      0     0     4465.6950   384     4308.2798     Cuts: 133    13562    3.65%
      0     0     4463.5117   365     4308.2798     Cuts: 144    13715    3.60%
      0     0     4462.1193   368     4308.2798      Cuts: 84    13794    3.57%
      0     0     4461.6407   368     4308.2798      Cuts: 58    13925    3.56%
      0     0     4461.2248   372     4308.2798      Cuts: 79    13991    3.55%
      0     2     4461.2248   372     4308.2798     4461.1649    13991    3.55%
Elapsed time = 9.46 sec. (4950.84 ticks, tree = 0.00 MB, solutions = 1)
      4     6     4460.7520   360     4308.2798     4460.6814    15165    3.54%
      8    10     4448.8177   314     4308.2798     4459.1814    16583    3.50%
     10    12     4453.3750   325     4308.2798     4459.1814    17010    3.50%
     17    19     4451.1360   317     4308.2798     4459.1814    18076    3.50%
     21    23     4448.7312   308     4308.2798     4459.1814    18628    3.50%
     26    28     4439.0055   304     4308.2798     4459.1814    20531    3.50%
     29    31     4432.5063   293     4308.2798     4459.1814    21497    3.50%
     31    33     4404.0017   253     4308.2798     4459.1814    21820    3.50%
     43    45     4390.7454   231     4308.2798     4459.1814    23493    3.50%
     88    83     4347.4455   260     4308.2798     4459.1368    29985    3.50%
Elapsed time = 15.55 sec. (8363.38 ticks, tree = 0.35 MB, solutions = 1)
    125   116     4419.2984   273     4308.2798     4458.7180    34425    3.49%
    168   159     4333.2675   277     4308.2798     4458.7180    39544    3.49%
    207   193     4416.8209   319     4308.2798     4458.5723    45448    3.49%
    250   236     4334.5506   273     4308.2798     4458.5723    51167    3.49%
    280   261     4422.1873   350     4308.2798     4456.6457    56919    3.44%
    302   283     4361.0489   309     4308.2798     4456.6457    62639    3.44%
    327   305     4364.1038   317     4308.2798     4456.5016    68713    3.44%
    364   332     4309.5450   292     4308.2798     4455.4094    75075    3.42%
    384   348     4411.3082   334     4308.2798     4454.1550    78946    3.39%
    426   390     4350.6055   267     4308.2798     4454.1550    84350    3.39%
Elapsed time = 33.73 sec. (18200.39 ticks, tree = 1.67 MB, solutions = 1)
    462   421     4428.1384   339     4308.2798     4454.1402    89177    3.39%
    469   428     4420.9085   420     4308.2798     4420.8765   106429    2.61%
    471   429     4420.2709   419     4308.2798     4420.1610   106853    2.60%
    473   430     4413.1437   390     4308.2798     4418.9896   107754    2.57%
    475   432     4418.3408   401     4308.2798     4418.9300   108171    2.57%
    477   433     4416.7659   397     4308.2798     4418.9300   109068    2.57%
    479   435     4415.1215   395     4308.2798     4418.9300   112292    2.57%
    481   437     4414.5621   395     4308.2798     4418.9300   113844    2.57%
    483   437     4337.3005   254     4308.2798     4418.9300   117298    2.57%
    486   439     4411.9178   386     4308.2798     4418.9300   118041    2.57%
Elapsed time = 95.71 sec. (49697.13 ticks, tree = 2.17 MB, solutions = 1)
    492   444     4410.9885   369     4308.2798     4418.9300   118270    2.57%
    496   429     4410.3008   366     4308.2798     4418.9300   119553    2.57%
    500   431     4395.5711   282     4308.2798     4418.9300   120519    2.57%
    511   438     4379.2182   229     4308.2798     4418.9300   122922    2.57%
    519   444     4374.3828   268     4308.2798     4418.9300   124939    2.57%
    534   450     4352.8348   165     4308.2798     4418.9300   127357    2.57%
    592   474     4314.1962    89     4308.2798     4418.9300   130688    2.57%
    599   467     4407.9957   379     4308.2798     4418.7586   133692    2.56%
    603   469     4404.7927   362     4308.2798     4418.7586   136135    2.56%
    609   472     4401.3009   355     4308.2798     4418.7586   138508    2.56%
Elapsed time = 117.54 sec. (61635.32 ticks, tree = 4.97 MB, solutions = 1)
    618   476     4397.9684   344     4308.2798     4418.7586   141215    2.56%
    641   492     4388.1210   320     4308.2798     4418.7586   144329    2.56%
    667   510     4354.6969   242     4308.2798     4418.7586   146937    2.56%
    710   532     4331.8888   210     4308.2798     4418.7586   149183    2.56%
    741   535     4409.3384   365     4308.2798     4418.2291   151764    2.55%
    749   539     4399.5316   378     4308.2798     4418.2291   155556    2.55%
    786   564     4382.3009   303     4308.2798     4418.2291   160169    2.55%
    824   583     4354.3223   199     4308.2798     4418.2291   163274    2.55%
    872   594     4411.2250   398     4308.2798     4414.2502   166410    2.46%
    889   602     4401.0823   355     4308.2798     4414.2502   170836    2.46%
Elapsed time = 135.97 sec. (72251.20 ticks, tree = 5.54 MB, solutions = 1)
    924   627     4375.3442   296     4308.2798     4414.2502   175123    2.46%
    982   655     4309.2840   165     4308.2798     4414.2502   178474    2.46%
    988   653     4386.8933   356     4308.2798     4413.1048   181604    2.43%
   1006   662     4371.8785   295     4308.2798     4413.1048   184246    2.43%
   1081   701     4324.1459   199     4308.2798     4413.1048   188026    2.43%
   1116   711     4398.9134   327     4308.2798     4413.0148   190460    2.43%
   1123   714     4390.0791   358     4308.2798     4413.0148   193283    2.43%
   1149   729     4367.5260   316     4308.2798     4413.0148   196334    2.43%
   1195   754     4348.3809   217     4308.2798     4413.0148   198931    2.43%
   1251   772     4408.5663   395     4308.2798     4411.5887   201483    2.40%
Elapsed time = 154.52 sec. (82950.28 ticks, tree = 6.01 MB, solutions = 1)
   1258   774     4402.5796   376     4308.2798     4411.5887   204289    2.40%
   1262   776     4399.7598   380     4308.2798     4411.5887   205752    2.40%
   1274   784     4385.7641   358     4308.2798     4411.5887   209602    2.40%
   1297   795     4368.3380   333     4308.2798     4411.5887   212628    2.40%
   1348   823     4333.7016   157     4308.2798     4411.5887   216360    2.40%
   1403   845     4362.6784   371     4308.2798     4411.2005   220776    2.39%
   1409   851     4354.1972   367     4308.2798     4411.2005   223451    2.39%
   1429   871     4345.2779   366     4308.2798     4411.2005   227237    2.39%
   1460   897     4390.7709   391     4308.2798     4411.1916   231811    2.39%
   1478   915     4375.3238   331     4308.2798     4411.1916   236165    2.39%
Elapsed time = 173.68 sec. (93913.82 ticks, tree = 6.64 MB, solutions = 1)
   1512   949     4349.7970   294     4308.2798     4411.1916   240187    2.39%
   1569   997     4387.3512   353     4308.2798     4410.9678   244977    2.38%
   1597  1025     4371.2082   308     4308.2798     4410.9678   249295    2.38%
   1676  1094        cutoff           4308.2798     4410.8891   254833    2.38%
   1677  1094     4346.8982   367     4308.2798     4410.8313   257546    2.38%
   1690  1106     4340.6843   315     4308.2798     4410.8313   259680    2.38%
   1712  1128     4319.7634   316     4308.2798     4410.8313   263483    2.38%
   1735  1145     4372.3974   336     4308.2798     4410.6957   267745    2.38%
   1750  1160     4351.2744   308     4308.2798     4410.6957   270198    2.38%
   1791  1193        cutoff           4308.2798     4410.2841   274346    2.37%
Elapsed time = 193.75 sec. (105296.14 ticks, tree = 7.74 MB, solutions = 1)
   1792  1194     4369.2395   379     4308.2798     4410.2345   278203    2.37%
   1799  1201     4362.9466   355     4308.2798     4410.2345   280022    2.37%
   1810  1212     4337.0217   358     4308.2798     4410.2345   283178    2.37%
   1835  1237     4321.0544   327     4308.2798     4410.2345   285693    2.37%
   1859  1254     4330.8373   310     4308.2798     4410.1407   290363    2.36%
   1881  1264     4347.6322   363     4308.2798     4409.9262   295025    2.36%
   1892  1275     4337.9334   341     4308.2798     4409.9262   297043    2.36%
   1921  1303     4316.0398   287     4308.2798     4409.9262   300626    2.36%
   1931  1308     4335.5741   358     4308.2798     4409.5348   304709    2.35%
   1950  1327     4316.3074   314     4308.2798     4409.5348   308083    2.35%
Elapsed time = 214.41 sec. (116768.14 ticks, tree = 8.18 MB, solutions = 1)
   1961  1334     4372.2932   359     4308.2798     4409.3829   312232    2.35%
   1983  1356     4352.2981   312     4308.2798     4409.3829   316159    2.35%
   2061  1429     4311.7308   189     4308.2798     4409.3829   320110    2.35%
   2070  1431     4351.3341   334     4308.2798     4409.3254   323352    2.35%
   2102  1461     4310.1249   275     4308.2798     4409.3254   327461    2.35%
   2114  1464     4398.4575   393     4308.2798     4408.5557   331276    2.33%
   2130  1480     4385.3977   369     4308.2798     4408.5557   335422    2.33%
   2151  1501     4364.7937   305     4308.2798     4408.5557   339246    2.33%
   2254  1596     4308.4150   126     4308.2798     4408.5557   342590    2.33%
   2371  1701     4353.7562   309     4308.2798     4408.1352   358809    2.32%
Elapsed time = 237.64 sec. (129593.28 ticks, tree = 9.52 MB, solutions = 1)
   2417  1738     4315.3484   266     4308.2798     4407.9876   370656    2.31%
   2482  1788     4373.0172   358     4308.2798     4407.7338   384050    2.31%
   2538  1829     4346.5446   339     4308.2798     4406.5199   397111    2.28%
   2588  1853     4369.0490   304     4308.2798     4405.7893   409496    2.26%
   2683  1937     4355.9537   363     4308.2798     4405.5415   421924    2.26%
   2761  2001     4382.8264   350     4308.2798     4405.0262   437034    2.25%
   2898  2116     4344.3336   313     4308.2798     4404.1487   458056    2.23%
   2963  2167     4341.2272   299     4308.2798     4403.4819   475844    2.21%
   3108  2294     4386.0048   391     4308.2798     4403.0767   492824    2.20%
   3180  2358     4374.7245   376     4308.2798     4403.0215   509383    2.20%
Elapsed time = 309.69 sec. (169499.13 ticks, tree = 12.49 MB, solutions = 1)
   3276  2444     4365.9653   298     4308.2798     4402.8068   522937    2.19%
   3363  2524     4337.6351   382     4308.2798     4402.7557   536396    2.19%
   3441  2586     4375.0131   365     4308.2798     4402.6682   551292    2.19%
   3531  2669     4369.0006   379     4308.2798     4402.5396   563897    2.19%
   3655  2772     4381.8277   382     4308.2798     4402.2049   578888    2.18%
   3781  2888     4380.0155   388     4308.2798     4402.1389   593757    2.18%
   3869  2959     4362.5971   362     4308.2798     4401.8373   615533    2.17%
   4005  3083     4324.1207   300     4308.2798     4401.5943   633838    2.17%
   4111  3162        cutoff           4308.2798     4401.1701   650942    2.16%
   4182  3223     4329.9938   234     4308.2798     4400.8468   668945    2.15%
Elapsed time = 382.01 sec. (209396.43 ticks, tree = 16.31 MB, solutions = 1)
   4233  3261     4321.1509   337     4308.2798     4400.5623   681792    2.14%
   4317  3339     4323.1102   224     4308.2798     4400.4970   695635    2.14%
   4375  3389     4321.2143   246     4308.2798     4400.4429   709373    2.14%
   4444  3434     4309.1496   300     4308.2798     4399.8558   723615    2.13%
   4487  3468     4366.5955   367     4308.2798     4399.1653   736344    2.11%
   4552  3508     4359.0404   339     4308.2798     4398.9577   753078    2.10%
   4640  3583     4309.1199   190     4308.2798     4398.9486   771590    2.10%
   4729  3655     4316.2407   378     4308.2798     4398.4480   788311    2.09%
   4787  3691     4365.3112   292     4308.2798     4398.2090   807984    2.09%
   4897  3790     4349.5070   354     4308.2798     4398.0477   825711    2.08%
Elapsed time = 454.54 sec. (248218.62 ticks, tree = 18.83 MB, solutions = 1)
   4989  3864     4361.8425   358     4308.2798     4397.4954   843817    2.07%
   5152  4004     4332.3044   212     4308.2798     4397.3219   862811    2.07%
   5261  4091     4309.8759   325     4308.2798     4397.0814   877897    2.06%
   5342  4169     4315.0075   243     4308.2798     4397.0245   891533    2.06%
   5383  4199     4370.2546   393     4308.2798     4396.9207   902698    2.06%
   5506  4312     4355.1666   311     4308.2798     4396.7034   919014    2.05%
   5639  4435     4331.6528   238     4308.2798     4396.6965   933456    2.05%
   5725  4506     4359.5181   361     4308.2798     4396.3088   947317    2.04%
   5854  4625     4358.6396   371     4308.2798     4396.1036   961754    2.04%
   5992  4743     4373.8550   370     4308.2798     4395.4447   978378    2.02%
Elapsed time = 525.82 sec. (286681.17 ticks, tree = 23.15 MB, solutions = 1)
   6109  4839        cutoff           4308.2798     4395.1733   996654    2.02%
   6206  4918     4328.6133   397     4308.2798     4394.7564  1016131    2.01%
   6323  5024     4357.7061   350     4308.2798     4394.3684  1034844    2.00%
   6437  5121     4321.0533   333     4308.2798     4394.0037  1055777    1.99%
   6535  5204     4362.4660   363     4308.2798     4393.6765  1074629    1.98%
   6661  5305     4362.7851   330     4308.2798     4392.8436  1094488    1.96%
   6759  5391     4359.2171   320     4308.2798     4392.5812  1109111    1.96%
   6891  5500     4384.6169   397     4308.2798     4392.2154  1124738    1.95%
   6964  5571     4316.2283   267     4308.2798     4392.2154  1138836    1.95%
   7108  5692     4357.0429   330     4308.2798     4392.1563  1153456    1.95%
Elapsed time = 601.02 sec. (326370.38 ticks, tree = 27.05 MB, solutions = 1)
   7272  5839     4370.2335   324     4308.2798     4391.9620  1168500    1.94%
   7363  5903     4359.9976   320     4308.2798     4391.3732  1184553    1.93%
   7469  5990     4343.4383   313     4308.2798     4391.2156  1199308    1.93%
   7617  6112     4337.0916   335     4308.2798     4390.3779  1217212    1.91%
   7780  6259     4360.1219   365     4308.2798     4390.1285  1234725    1.90%
   7956  6418     4345.6361   333     4308.2798     4389.9657  1253972    1.90%
   8049  6497     4342.5817   229     4308.2798     4389.6753  1271188    1.89%
   8211  6626     4351.8473   349     4308.2798     4389.5580  1290701    1.89%
   8297  6703     4327.2167   302     4308.2798     4389.3759  1310872    1.88%
   8443  6816     4330.4770   323     4308.2798     4389.0230  1331726    1.87%
Elapsed time = 673.51 sec. (365394.69 ticks, tree = 32.06 MB, solutions = 1)
   8526  6880     4342.5822   313     4308.2798     4388.3503  1350118    1.86%
   8616  6952     4315.3044   317     4308.2798     4388.3237  1366538    1.86%
   8681  7005     4330.0083   228     4308.2798     4388.2513  1384456    1.86%
   8807  7110     4313.4575   193     4308.2798     4388.1452  1398848    1.85%
   8915  7202     4309.0068   155     4308.2798     4388.0865  1416556    1.85%
   9079  7354     4316.9957   228     4308.2798     4388.0156  1431228    1.85%
   9199  7460     4336.4657   345     4308.2798     4387.8246  1448171    1.85%
   9309  7556     4324.7076   321     4308.2798     4387.7490  1464471    1.84%
   9439  7666     4328.3551   313     4308.2798     4387.5069  1481464    1.84%
   9532  7717        cutoff           4308.2798     4387.3776  1500620    1.84%
Elapsed time = 744.53 sec. (403854.62 ticks, tree = 36.07 MB, solutions = 1)
   9630  7809     4321.1195   234     4308.2798     4387.3507  1517985    1.84%
   9753  7913     4351.9507   343     4308.2798     4387.1522  1538155    1.83%
   9849  8005     4325.3080   276     4308.2798     4387.0985  1553010    1.83%
   9850  8004        cutoff           4308.2798     4387.0750  1553455    1.83%
   9937  8075     4338.9005   285     4308.2798     4386.7448  1573248    1.82%
  10035  8145     4320.5900   307     4308.2798     4386.6417  1592585    1.82%
  10138  8220     4352.3120   324     4308.2798     4386.4187  1614510    1.81%
  10271  8336     4352.7163   313     4308.2798     4386.2750  1631445    1.81%
  10383  8429     4360.3591   334     4308.2798     4386.1569  1649191    1.81%
  10490  8513     4367.2734   351     4308.2798     4385.6636  1666893    1.80%
Elapsed time = 847.78 sec. (459178.39 ticks, tree = 40.59 MB, solutions = 1)
  10568  8568     4365.5586   393     4308.2798     4385.4683  1683386    1.79%
  10721  8713     4320.5580   244     4308.2798     4385.4096  1698429    1.79%
  10849  8819     4343.1565   210     4308.2798     4385.3087  1715560    1.79%
  10961  8901     4365.7397   351     4308.2798     4384.9093  1732593    1.78%
  11072  8988        cutoff           4308.2798     4384.7187  1748297    1.77%
  11164  9055     4356.8578   359     4308.2798     4384.3913  1766785    1.77%
  11304  9176     4313.1491   307     4308.2798     4384.2168  1786410    1.76%
  11352  9194     4353.9625   345     4308.2798     4383.9339  1802825    1.76%
  11487  9300     4321.0925   333     4308.2798     4383.6529  1822267    1.75%
  11595  9389     4354.8481   370     4308.2798     4383.4415  1842241    1.74%
Elapsed time = 920.98 sec. (498687.38 ticks, tree = 44.48 MB, solutions = 1)
  11733  9511     4343.6004   292     4308.2798     4383.1933  1858711    1.74%
  11849  9610     4333.6621   318     4308.2798     4383.1626  1875860    1.74%
  11993  9730     4358.9569   358     4308.2798     4383.0466  1894748    1.74%
  12098  9808     4362.2666   363     4308.2798     4382.8244  1911037    1.73%
  12185  9883     4350.3863   353     4308.2798     4382.6403  1928230    1.73%
  12271  9955     4339.3048   346     4308.2798     4382.5493  1945138    1.72%
  12381 10055     4344.8777   360     4308.2798     4382.4334  1961004    1.72%
  12493 10146     4351.2149   376     4308.2798     4382.3710  1975582    1.72%
  12579 10208     4316.2979   347     4308.2798     4382.0271  1992166    1.71%
  12650 10266     4310.1235   330     4308.2798     4381.9992  2007149    1.71%
Elapsed time = 995.23 sec. (538046.46 ticks, tree = 48.54 MB, solutions = 1)
  12759 10363     4355.3335   306     4308.2798     4381.9173  2020967    1.71%
  12899 10474     4353.7199   354     4308.2798     4381.9007  2037901    1.71%
  13019 10579     4317.4859   269     4308.2798     4381.6101  2053792    1.70%
  13164 10711     4327.3718   274     4308.2798     4381.4557  2070021    1.70%
  13269 10798     4338.5145   288     4308.2798     4381.4170  2087136    1.70%
  13399 10904     4336.9902   300     4308.2798     4381.1156  2106118    1.69%
  13537 11014     4308.4342   302     4308.2798     4380.9223  2123855    1.69%
  13620 11076     4316.5352   311     4308.2798     4380.7060  2142704    1.68%
  13713 11147     4317.4468   265     4308.2798     4380.5964  2162702    1.68%
  13831 11228        cutoff           4308.2798     4380.0895  2180651    1.67%
Elapsed time = 1066.42 sec. (576356.19 ticks, tree = 52.83 MB, solutions = 1)
  13902 11272     4340.8458   326     4308.2798     4379.7844  2199424    1.66%
  14013 11354     4318.3162   295     4308.2798     4379.6209  2221543    1.66%
  14107 11421     4367.5746   375     4308.2798     4379.5859  2240161    1.66%
  14241 11543     4344.3744   341     4308.2798     4379.5671  2259442    1.65%
  14328 11612     4346.9244   346     4308.2798     4379.4467  2277882    1.65%
  14402 11661     4325.1779   329     4308.2798     4379.3031  2295600    1.65%
  14469 11712     4332.6432   366     4308.2798     4379.2268  2311792    1.65%
  14560 11794     4319.1312   302     4308.2798     4379.0428  2329141    1.64%
  14610 11814     4356.4479   352     4308.2798     4378.7357  2346065    1.64%
  14713 11903     4321.3310   299     4308.2798     4378.6355  2362689    1.63%
Elapsed time = 1140.40 sec. (615600.32 ticks, tree = 56.61 MB, solutions = 1)
  14783 11962     4320.2278   323     4308.2798     4378.5522  2379255    1.63%
  14880 12045     4314.8810   243     4308.2798     4378.4772  2395524    1.63%
  14944 12072     4349.6008   289     4308.2798     4378.1892  2413941    1.62%
  15051 12162     4348.2757   345     4308.2798     4378.0505  2431899    1.62%
  15148 12229     4352.0587   368     4308.2798     4377.9730  2448884    1.62%
  15238 12302     4334.4529   329     4308.2798     4377.7910  2466309    1.61%
  15346 12382     4310.9766   326     4308.2798     4377.5715  2485273    1.61%
  15425 12438     4347.8774   346     4308.2798     4377.1764  2503042    1.60%
  15535 12525     4312.4137   290     4308.2798     4377.1249  2522207    1.60%
  15631 12580     4339.8059   308     4308.2798     4376.8315  2541049    1.59%
Elapsed time = 1213.35 sec. (654673.49 ticks, tree = 60.55 MB, solutions = 1)
  15767 12699        cutoff           4308.2798     4376.8116  2560111    1.59%
  15830 12742     4318.4793   304     4308.2798     4376.7031  2579543    1.59%
  15922 12806     4352.1508   344     4308.2798     4376.4683  2597646    1.58%
  16058 12926     4344.4737   356     4308.2798     4376.4129  2617640    1.58%
  16159 13013     4336.0854   305     4308.2798     4376.3071  2635782    1.58%
  16255 13093     4339.3658   310     4308.2798     4376.1380  2654510    1.58%
  16365 13180     4326.4406   324     4308.2798     4375.9918  2671378    1.57%
  16428 13221     4342.0475   336     4308.2798     4375.9436  2685788    1.57%
  16514 13283     4332.5677   343     4308.2798     4375.7107  2705145    1.57%
  16570 13317     4320.3557   317     4308.2798     4375.4837  2721735    1.56%
Elapsed time = 1288.09 sec. (693312.61 ticks, tree = 63.55 MB, solutions = 1)
  16685 13411     4339.1612   292     4308.2798     4375.2398  2738567    1.55%
  16788 13477     4370.1029   402     4308.2798     4375.1040  2756390    1.55%
  16932 13608        cutoff           4308.2798     4375.0290  2773122    1.55%
  17043 13702     4313.9895   225     4308.2798     4374.8022  2790116    1.54%
  17121 13764     4342.7280   349     4308.2798     4374.7007  2805903    1.54%
  17182 13806     4332.7750   355     4308.2798     4374.4819  2824044    1.54%
  17268 13861        cutoff           4308.2798     4374.2630  2842470    1.53%
  17363 13938     4349.2250   351     4308.2798     4374.1303  2857633    1.53%
  17487 14049     4339.3974   324     4308.2798     4374.0746  2875567    1.53%
  17623 14169     4337.4508   256     4308.2798     4373.9900  2893019    1.53%
Elapsed time = 1360.53 sec. (732168.49 ticks, tree = 67.20 MB, solutions = 1)
  17747 14260     4329.4076   264     4308.2798     4373.9442  2910790    1.52%
  17843 14332     4346.9917   324     4308.2798     4373.8471  2928596    1.52%
  17939 14405        cutoff           4308.2798     4373.6786  2948014    1.52%
  18053 14507     4351.3211   327     4308.2798     4373.5984  2966548    1.52%
  18185 14608     4319.5150   192     4308.2798     4373.4410  2986895    1.51%
  18300 14687     4344.9645   328     4308.2798     4373.1743  3007109    1.51%
  18438 14792        cutoff           4308.2798     4373.0855  3026759    1.50%
  18523 14864     4353.5680   367     4308.2798     4372.9505  3044782    1.50%
  18609 14922     4344.9837   363     4308.2798     4372.6939  3063297    1.50%
  18706 15001     4323.6310   275     4308.2798     4372.6339  3080734    1.49%
Elapsed time = 1433.03 sec. (770915.80 ticks, tree = 70.93 MB, solutions = 1)
  18805 15082     4321.5818   330     4308.2798     4372.5949  3098150    1.49%
  18892 15160     4321.2137   338     4308.2798     4372.5306  3113435    1.49%
  18980 15230     4338.5546   318     4308.2798     4372.4866  3129419    1.49%
  19049 15275     4329.0194   294     4308.2798     4372.4243  3146700    1.49%
  19176 15364     4344.7718   386     4308.2798     4372.3914  3164917    1.49%
  19266 15426     4310.0621   190     4308.2798     4372.2867  3182964    1.49%
  19361 15499     4343.8557   313     4308.2798     4372.1491  3198728    1.48%
  19473 15597     4338.7151   289     4308.2798     4372.1100  3215354    1.48%
  19575 15679     4320.5216   262     4308.2798     4372.0947  3231472    1.48%
  19667 15747     4343.0191   290     4308.2798     4371.9207  3250176    1.48%
Elapsed time = 1505.39 sec. (810237.73 ticks, tree = 74.11 MB, solutions = 1)
  19778 15836     4320.6628   246     4308.2798     4371.8011  3268490    1.47%
  19899 15932     4324.3765   327     4308.2798     4371.7715  3286480    1.47%
  20010 16018     4342.1051   345     4308.2798     4371.5808  3306344    1.47%
  20090 16079     4319.0216   264     4308.2798     4371.3827  3325858    1.46%
  20221 16178        cutoff           4308.2798     4371.2827  3346263    1.46%
  20329 16264     4350.2523   388     4308.2798     4371.1306  3365790    1.46%
  20412 16313     4349.9275   398     4308.2798     4370.8932  3385772    1.45%
  20547 16428        cutoff           4308.2798     4370.8612  3404894    1.45%
  20631 16495     4321.4090   294     4308.2798     4370.8157  3424294    1.45%
  20750 16591     4322.6916   316     4308.2798     4370.6410  3442273    1.45%
Elapsed time = 1577.61 sec. (848828.61 ticks, tree = 78.36 MB, solutions = 1)
  20848 16654        cutoff           4308.2798     4370.4976  3460881    1.44%
  20978 16764     4315.9342   266     4308.2798     4370.3240  3478556    1.44%
  21072 16842     4344.4727   371     4308.2798     4370.2233  3496465    1.44%
  21156 16908     4356.6504   369     4308.2798     4370.1880  3514361    1.44%
  21267 17006     4347.5829   361     4308.2798     4370.0490  3532580    1.43%
  21373 17088     4311.9491   134     4308.2798     4369.8743  3550539    1.43%
  21466 17157     4335.8087   335     4308.2798     4369.7395  3567313    1.43%
  21529 17209     4321.0626   309     4308.2798     4369.7156  3580621    1.43%
  21614 17270     4347.0019   331     4308.2798     4369.6829  3599961    1.43%
  21722 17370     4343.8704   295     4308.2798     4369.6529  3617374    1.42%
Elapsed time = 1649.01 sec. (887838.16 ticks, tree = 81.85 MB, solutions = 1)
  21836 17461        cutoff           4308.2798     4369.5066  3635635    1.42%
  21914 17511     4358.5729   373     4308.2798     4369.3853  3654590    1.42%
  22028 17604     4332.0767   307     4308.2798     4369.3027  3673167    1.42%
  22149 17702     4331.1453   261     4308.2798     4369.2112  3690990    1.41%
  22248 17787     4316.0812   294     4308.2798     4369.1070  3709660    1.41%
  22329 17834     4306.8530   300     4308.2798     4368.9086  3729790    1.41%
  22434 17920     4325.3353   284     4308.2798     4368.5890  3749069    1.40%
  22545 18014     4345.3258   342     4308.2798     4368.4820  3767748    1.40%
  22660 18101     4351.4062   352     4308.2798     4368.3042  3785597    1.39%
  22790 18218     4316.5495   306     4308.2798     4368.2369  3805549    1.39%
Elapsed time = 1724.48 sec. (927676.46 ticks, tree = 85.48 MB, solutions = 1)
  22867 18269     4323.2892   322     4308.2798     4368.1843  3825747    1.39%
  22977 18353     4334.4886   302     4308.2798     4368.0824  3847462    1.39%
  23107 18454     4344.9431   386     4308.2798     4368.0140  3867851    1.39%
  23252 18574     4331.0652   264     4308.2798     4367.9264  3886560    1.38%
  23351 18637     4311.5776   298     4308.2798     4367.8513  3906598    1.38%
  23443 18695        cutoff           4308.2798     4367.7881  3926025    1.38%
  23591 18803     4342.6524   349     4308.2798     4367.6337  3946317    1.38%
  23711 18903     4345.5278   358     4308.2798     4367.5342  3965138    1.38%
  23821 18990     4327.2712   329     4308.2798     4367.3968  3982834    1.37%
  23885 19043     4335.6034   325     4308.2798     4367.3438  3999321    1.37%
Elapsed time = 1799.05 sec. (966791.79 ticks, tree = 89.18 MB, solutions = 1)
  23993 19108     4343.7193   328     4308.2798     4367.2310  4017890    1.37%
  24089 19183     4324.3773   316     4308.2798     4367.1406  4035464    1.37%
  24185 19255     4314.1472   300     4308.2798     4367.0498  4054405    1.36%
  24304 19362     4312.4047   196     4308.2798     4367.0383  4070454    1.36%
  24414 19439     4340.6812   277     4308.2798     4366.8620  4087487    1.36%
  24548 19550     4331.4226   344     4308.2798     4366.7839  4106175    1.36%
  24639 19625     4328.1365   326     4308.2798     4366.6994  4122937    1.36%
  24763 19721     4318.7348   255     4308.2798     4366.5941  4141410    1.35%
  24894 19833     4309.1348   231     4308.2798     4366.5782  4160947    1.35%
  24992 19896     4313.4492   343     4308.2798     4366.2960  4179694    1.35%
Elapsed time = 1872.14 sec. (1006099.44 ticks, tree = 92.99 MB, solutions = 1)
  25116 20004     4328.4112   228     4308.2798     4366.2438  4198356    1.35%
  25251 20110     4313.3540   280     4308.2798     4366.2095  4217678    1.34%
  25355 20193     4331.1427   325     4308.2798     4366.0991  4237912    1.34%
  25482 20282     4330.7277   296     4308.2798     4366.0538  4260287    1.34%
  25603 20377     4314.2032   260     4308.2798     4365.9537  4280228    1.34%
  25741 20482     4336.7839   362     4308.2798     4365.8241  4303311    1.34%
  25855 20569     4315.0838   291     4308.2798     4365.7352  4322364    1.33%
  25969 20657     4357.2444   289     4308.2798     4365.6078  4342955    1.33%
  26121 20772     4338.1462   269     4308.2798     4365.4257  4363315    1.33%
  26243 20871     4322.0087   198     4308.2798     4365.3991  4383850    1.33%
Elapsed time = 1945.46 sec. (1045205.52 ticks, tree = 97.07 MB, solutions = 1)
  26358 20948     4309.4318   312     4308.2798     4365.2808  4404209    1.32%
  26458 21025     4323.1457   326     4308.2798     4365.2402  4423306    1.32%
  26567 21111     4315.3381   309     4308.2798     4365.1662  4442318    1.32%
  26713 21215     4351.5184   359     4308.2798     4365.0749  4460467    1.32%
  26832 21311        cutoff           4308.2798     4365.0382  4478146    1.32%
  26959 21416     4353.2887   340     4308.2798     4364.9685  4496921    1.32%
  27069 21505     4335.3785   306     4308.2798     4364.9309  4516442    1.31%
  27191 21609     4310.5467   249     4308.2798     4364.9227  4534972    1.31%
  27339 21725     4355.4044   336     4308.2798     4364.8522  4552972    1.31%
  27502 21851        cutoff           4308.2798     4364.7820  4570935    1.31%
Elapsed time = 2016.52 sec. (1084257.39 ticks, tree = 101.48 MB, solutions = 1)
  27617 21946     4340.7356   364     4308.2798     4364.7167  4589173    1.31%
  27706 22011     4321.6452   337     4308.2798     4364.5599  4605823    1.31%
  27793 22066        cutoff           4308.2798     4364.4919  4625388    1.30%
  27893 22146     4342.5169   379     4308.2798     4364.3995  4642592    1.30%
  28021 22263     4322.2521   285     4308.2798     4364.3863  4659935    1.30%
  28103 22320     4348.2623   362     4308.2798     4364.2073  4677923    1.30%
  28214 22407     4331.5763   344     4308.2798     4364.1713  4698859    1.30%
  28361 22530     4322.2019   207     4308.2798     4364.0857  4717253    1.30%
  28495 22633     4333.2553   332     4308.2798     4364.0146  4736792    1.29%
  28633 22736     4310.5480   308     4308.2798     4363.9263  4756968    1.29%
Elapsed time = 2089.35 sec. (1123496.24 ticks, tree = 105.44 MB, solutions = 1)
  28717 22787     4349.9724   370     4308.2798     4363.8446  4776487    1.29%
  28834 22868     4329.5842   358     4308.2798     4363.6651  4797798    1.29%
  28916 22932     4312.0143   233     4308.2798     4363.6431  4813587    1.29%
  29041 23030     4324.0156   346     4308.2798     4363.5910  4832932    1.28%
  29141 23112     4348.5554   383     4308.2798     4363.5343  4853762    1.28%
  29283 23232     4347.0526   373     4308.2798     4363.4427  4873608    1.28%
  29423 23321        cutoff           4308.2798     4363.3450  4893233    1.28%
  29522 23407     4342.8774   235     4308.2798     4363.3099  4913544    1.28%
  29630 23492     4343.9120   335     4308.2798     4363.2559  4933330    1.28%
  29794 23630     4311.5020   238     4308.2798     4363.1721  4954037    1.27%
Elapsed time = 2163.94 sec. (1162528.27 ticks, tree = 109.44 MB, solutions = 1)
  29949 23751     4343.9830   337     4308.2798     4363.0846  4973668    1.27%
  30045 23811     4343.1545   292     4308.2798     4362.8726  4992318    1.27%
  30130 23870     4319.5327   327     4308.2798     4362.7418  5009022    1.26%
  30215 23935     4308.5141   290     4308.2798     4362.6912  5023600    1.26%
  30330 24027     4345.5131   332     4308.2798     4362.5496  5043684    1.26%
  30453 24127     4337.5696   243     4308.2798     4362.4543  5064609    1.26%
  30630 24259     4336.7783   302     4308.2798     4362.4118  5083846    1.26%
  30742 24342     4347.7018   358     4308.2798     4362.3666  5102392    1.26%
  30884 24466     4315.2618   278     4308.2798     4362.3047  5120309    1.25%
  31007 24558     4326.6303   235     4308.2798     4362.2434  5139391    1.25%
Elapsed time = 2238.14 sec. (1202647.39 ticks, tree = 113.62 MB, solutions = 1)
  31147 24662     4326.6213   351     4308.2798     4362.1759  5158361    1.25%
  31268 24762     4311.9300   286     4308.2798     4362.0960  5175510    1.25%
  31439 24891     4352.1884   363     4308.2798     4361.9253  5196044    1.25%
  31595 25023     4356.6376   370     4308.2798     4361.8698  5214681    1.24%
  31729 25140     4341.8459   356     4308.2798     4361.8170  5231276    1.24%
  31826 25217     4328.1256   315     4308.2798     4361.7091  5250368    1.24%
  31933 25301     4341.4479   319     4308.2798     4361.6378  5268328    1.24%
  32025 25347     4349.7705   357     4308.2798     4361.4322  5287999    1.23%
  32164 25468     4341.7907   302     4308.2798     4361.3961  5307360    1.23%
  32287 25558     4316.1465   325     4308.2798     4361.3460  5326379    1.23%
Elapsed time = 2310.30 sec. (1241564.10 ticks, tree = 117.95 MB, solutions = 1)
  32405 25641     4316.4447   260     4308.2798     4361.2537  5347302    1.23%
  32543 25727     4327.0868   336     4308.2798     4361.1223  5367900    1.23%
  32646 25800     4334.6008   351     4308.2798     4361.0354  5388261    1.22%
  32761 25884     4351.4414   355     4308.2798     4360.9779  5407841    1.22%
  32859 25961     4344.9748   297     4308.2798     4360.9586  5426970    1.22%
  32971 26043     4345.1066   320     4308.2798     4360.9202  5448669    1.22%
  33100 26146     4338.0592   314     4308.2798     4360.8512  5467739    1.22%
  33212 26230     4326.9354   328     4308.2798     4360.6526  5488777    1.22%
  33365 26357     4308.5517   217     4308.2798     4360.6234  5506895    1.21%
  33443 26408     4335.8083   286     4308.2798     4360.6086  5523298    1.21%
Elapsed time = 2383.58 sec. (1280642.31 ticks, tree = 121.77 MB, solutions = 1)
  33552 26492     4315.9602   254     4308.2798     4360.4972  5542184    1.21%
  33643 26563        cutoff           4308.2798     4360.4670  5560067    1.21%
  33757 26656     4335.7906   303     4308.2798     4360.4219  5579197    1.21%
  33859 26742     4308.8676   267     4308.2798     4360.4055  5597596    1.21%
  34013 26859     4331.8172   320     4308.2798     4360.3748  5616707    1.21%
  34126 26940     4342.7965   313     4308.2798     4360.3267  5634512    1.21%
  34250 27035     4337.0936   370     4308.2798     4360.2706  5652897    1.21%
  34380 27128        cutoff           4308.2798     4360.2006  5672761    1.21%
  34475 27195     4312.6682   343     4308.2798     4360.1816  5689820    1.20%
  34629 27312     4313.8177   227     4308.2798     4360.1480  5708505    1.20%
Elapsed time = 2454.76 sec. (1319630.25 ticks, tree = 125.68 MB, solutions = 1)
  34764 27408     4332.5642   283     4308.2798     4360.0102  5729560    1.20%
  34858 27483     4336.9313   326     4308.2798     4359.9794  5747396    1.20%
  34994 27585     4327.9527   287     4308.2798     4359.9368  5769842    1.20%
  35142 27693     4335.6295   371     4308.2798     4359.8299  5791045    1.20%
  35299 27814     4329.3086   342     4308.2798     4359.7986  5810402    1.20%
  35441 27926     4318.9020   356     4308.2798     4359.7571  5831088    1.19%
  35577 28032        cutoff           4308.2798     4359.6693  5849972    1.19%
  35734 28156     4315.1541   224     4308.2798     4359.5884  5869023    1.19%
  35860 28241     4327.6509   330     4308.2798     4359.5555  5888555    1.19%
  36006 28360     4330.9203   307     4308.2798     4359.4872  5908074    1.19%
Elapsed time = 2527.39 sec. (1358617.52 ticks, tree = 130.38 MB, solutions = 1)
  36146 28476     4321.8791   271     4308.2798     4359.4586  5927242    1.19%
  36302 28603     4336.4961   313     4308.2798     4359.4222  5947295    1.19%
  36430 28692     4333.9022   388     4308.2798     4359.2514  5967995    1.18%
  36592 28821        cutoff           4308.2798     4359.1959  5987580    1.18%
  36727 28919     4343.3955   221     4308.2798     4359.1782  6007367    1.18%
  36924 29067     4333.6689   350     4308.2798     4359.1119  6025270    1.18%
  37011 29128     4313.2320   284     4308.2798     4359.0635  6042996    1.18%
  37144 29230     4340.2772   249     4308.2798     4359.0529  6060629    1.18%
  37271 29334     4314.6111   317     4308.2798     4358.9559  6080170    1.18%
  37419 29436        cutoff           4308.2798     4358.9009  6098183    1.17%
Elapsed time = 2597.88 sec. (1397227.22 ticks, tree = 135.23 MB, solutions = 1)
  37547 29549     4319.3136   244     4308.2798     4358.8844  6115821    1.17%
  37625 29594     4328.9239   327     4308.2798     4358.8492  6132978    1.17%
  37726 29673     4313.2770   277     4308.2798     4358.8098  6152001    1.17%
  37845 29761     4310.8042   160     4308.2798     4358.7700  6169877    1.17%
  37961 29847     4333.8491   337     4308.2798     4358.7339  6189213    1.17%
  38092 29956     4321.7716   280     4308.2798     4358.6736  6204572    1.17%
  38190 30024     4310.7964   208     4308.2798     4358.6517  6222670    1.17%
  38307 30106     4342.1395   266     4308.2798     4358.6057  6243058    1.17%
  38468 30246     4308.5483   229     4308.2798     4358.5519  6260805    1.17%
  38585 30325     4340.4140   343     4308.2798     4358.4840  6279686    1.17%
Elapsed time = 2668.83 sec. (1435855.32 ticks, tree = 139.07 MB, solutions = 1)
  38692 30399     4326.7560   338     4308.2798     4358.4399  6297140    1.16%
  38832 30497        cutoff           4308.2798     4358.4049  6316919    1.16%
  38937 30576     4344.5568   336     4308.2798     4358.3545  6336169    1.16%
  39073 30692     4324.4351   284     4308.2798     4358.3236  6355955    1.16%
  39255 30839     4333.4049   328     4308.2798     4358.2543  6375243    1.16%
  39398 30950     4329.5287   348     4308.2798     4358.1847  6396981    1.16%
  39518 31047     4332.1035   323     4308.2798     4358.1456  6417043    1.16%
  39664 31153     4339.8333   340     4308.2798     4358.0830  6440082    1.16%
  39829 31277     4323.0874   287     4308.2798     4358.0057  6461945    1.15%
  39958 31365     4339.4889   281     4308.2798     4357.9015  6483084    1.15%
Elapsed time = 2743.51 sec. (1474879.26 ticks, tree = 143.74 MB, solutions = 1)
  40135 31506     4329.0579   293     4308.2798     4357.8730  6502890    1.15%
  40273 31608     4309.6687   301     4308.2798     4357.8469  6523750    1.15%
  40396 31689     4348.5886   343     4308.2798     4357.8082  6545947    1.15%
  40549 31814     4321.7477   203     4308.2798     4357.7865  6565504    1.15%
  40713 31944     4344.4260   306     4308.2798     4357.7556  6585857    1.15%
  40833 32048     4319.4435   329     4308.2798     4357.7216  6605603    1.15%
  40969 32145     4353.2065   330     4308.2798     4357.6592  6624018    1.15%
  41116 32269     4347.5239   334     4308.2798     4357.6138  6641030    1.15%
  41230 32362     4334.2971   301     4308.2798     4357.5890  6661013    1.14%
  41358 32469     4317.0881   342     4308.2798     4357.5564  6680002    1.14%
Elapsed time = 2814.95 sec. (1513614.54 ticks, tree = 148.71 MB, solutions = 1)
  41490 32577     4335.0698   318     4308.2798     4357.4936  6698720    1.14%
  41598 32661     4327.9202   309     4308.2798     4357.4725  6716218    1.14%
  41712 32746     4340.9585   331     4308.2798     4357.4189  6733406    1.14%
  41844 32848     4336.8390   318     4308.2798     4357.3543  6752851    1.14%
  41974 32955     4343.1042   292     4308.2798     4357.3414  6770984    1.14%
  42124 33072     4314.7717   277     4308.2798     4357.3069  6790430    1.14%
  42218 33128     4333.1033   308     4308.2798     4357.1920  6807421    1.14%
  42327 33213     4315.8748   140     4308.2798     4357.1306  6825879    1.13%
  42465 33306     4334.6998   339     4308.2798     4357.0736  6845434    1.13%
  42593 33401     4326.6457   254     4308.2798     4357.0420  6865472    1.13%
Elapsed time = 2886.31 sec. (1552447.79 ticks, tree = 153.71 MB, solutions = 1)
  42766 33547     4341.1181   311     4308.2798     4357.0116  6885426    1.13%
  42896 33648     4330.2383   310     4308.2798     4356.9657  6904194    1.13%
  42991 33711     4340.9096   370     4308.2798     4356.9354  6922301    1.13%
  43114 33803     4345.2011   350     4308.2798     4356.9179  6941513    1.13%
  43196 33855     4322.0869   205     4308.2798     4356.8074  6960703    1.13%
  43323 33949        cutoff           4308.2798     4356.7682  6982410    1.13%
  43461 34067     4321.3045   284     4308.2798     4356.7578  7001708    1.13%
  43582 34150     4321.5291   312     4308.2798     4356.7109  7024029    1.12%
  43685 34218     4340.6283   319     4308.2798     4356.6383  7043982    1.12%
  43831 34332     4314.8087   211     4308.2798     4356.5928  7064316    1.12%
Elapsed time = 2960.80 sec. (1591021.53 ticks, tree = 157.74 MB, solutions = 1)
  43931 34392     4315.7045   299     4308.2798     4356.5177  7083970    1.12%
  44074 34505     4321.4403   232     4308.2798     4356.4609  7103590    1.12%
  44254 34632     4332.2632   340     4308.2798     4356.3795  7122720    1.12%
  44373 34736     4332.9526   278     4308.2798     4356.3648  7141957    1.12%
  44506 34836     4333.7245   338     4308.2798     4356.3238  7163106    1.12%
  44698 34984     4338.3598   308     4308.2798     4356.2454  7182280    1.11%
  44809 35077     4326.4806   292     4308.2798     4356.2283  7202828    1.11%
  44939 35175     4336.4914   345     4308.2798     4356.1806  7221351    1.11%
  45033 35231        cutoff           4308.2798     4356.1223  7241090    1.11%
  45129 35298     4321.1805   284     4308.2798     4356.0597  7258504    1.11%
Elapsed time = 3034.19 sec. (1629632.97 ticks, tree = 162.07 MB, solutions = 1)
  45277 35411     4314.1918   274     4308.2798     4356.0051  7277130    1.11%
  45352 35464     4336.8064   357     4308.2798     4355.9503  7293016    1.11%
  45506 35588     4339.7596   360     4308.2798     4355.9036  7312706    1.11%
  45599 35658     4334.5581   344     4308.2798     4355.8837  7331050    1.10%
  45713 35757     4317.3230   285     4308.2798     4355.8633  7348544    1.10%
  45818 35837     4333.1194   339     4308.2798     4355.8509  7365761    1.10%
  45919 35921     4328.0623   230     4308.2798     4355.8113  7382979    1.10%
  46028 35999     4328.0391   297     4308.2798     4355.7578  7398989    1.10%
  46122 36061     4326.8169   360     4308.2798     4355.6644  7415785    1.10%
  46195 36103     4324.3359   324     4308.2798     4355.6206  7433020    1.10%
Elapsed time = 3108.25 sec. (1668582.97 ticks, tree = 165.68 MB, solutions = 1)
  46325 36205     4344.6362   338     4308.2798     4355.5609  7450773    1.10%
  46414 36267        cutoff           4308.2798     4355.5399  7469537    1.10%
  46556 36378     4316.4605   342     4308.2798     4355.4818  7489785    1.10%
  46691 36472     4344.2304   304     4308.2798     4355.4393  7508617    1.09%
  46839 36575     4312.7262   297     4308.2798     4355.3587  7527385    1.09%
  46939 36644     4313.5502   313     4308.2798     4355.3174  7546106    1.09%
  47028 36701     4312.6555   329     4308.2798     4355.2954  7567860    1.09%
  47131 36774     4311.0678   274     4308.2798     4355.2609  7587448    1.09%
  47269 36882     4327.8113   340     4308.2798     4355.2111  7605768    1.09%
  47394 36973     4324.7702   299     4308.2798     4355.1340  7626038    1.09%
Elapsed time = 3180.74 sec. (1707427.64 ticks, tree = 169.61 MB, solutions = 1)
  47554 37095     4332.2814   328     4308.2798     4355.0538  7645491    1.09%
  47692 37206     4339.7777   362     4308.2798     4355.0465  7663541    1.09%
  47822 37310     4314.4458   304     4308.2798     4355.0206  7682051    1.08%
  47936 37387     4334.1874   305     4308.2798     4354.9514  7702543    1.08%
  48044 37472     4310.3378   340     4308.2798     4354.9125  7722831    1.08%
  48184 37583     4330.8887   352     4308.2798     4354.8819  7742558    1.08%
  48313 37676     4318.8375   241     4308.2798     4354.8276  7762376    1.08%
  48413 37746     4310.2668   381     4308.2798     4354.7962  7782221    1.08%
  48533 37839     4334.2109   374     4308.2798     4354.7582  7802355    1.08%
  48689 37963     4312.2140   175     4308.2798     4354.7500  7820298    1.08%
Elapsed time = 3254.29 sec. (1746456.87 ticks, tree = 174.08 MB, solutions = 1)
  48816 38062     4336.3504   318     4308.2798     4354.7252  7837543    1.08%
  48919 38145     4326.1909   233     4308.2798     4354.7139  7852967    1.08%
  49039 38238     4330.0099   261     4308.2798     4354.6653  7868002    1.08%
  49149 38323     4313.0145   186     4308.2798     4354.6351  7886701    1.08%
  49176 38332     4330.5312   299     4308.2798     4354.6084  7889907    1.08%
  49269 38392     4340.5226   302     4308.2798     4354.5354  7905727    1.07%
  49363 38447     4338.2277   363     4308.2798     4354.4846  7926162    1.07%
  49438 38510        cutoff           4308.2798     4354.4830  7938499    1.07%
  49479 38530     4325.5674   354     4308.2798     4354.4518  7948721    1.07%
  49569 38589     4315.0900   339     4308.2798     4354.4008  7962511    1.07%
Elapsed time = 3336.14 sec. (1790315.22 ticks, tree = 177.21 MB, solutions = 1)
  49669 38677     4322.0650   128     4308.2798     4354.3903  7973909    1.07%
  49769 38762     4317.7949   290     4308.2798     4354.3658  7987912    1.07%
  49869 38846     4335.5961   301     4308.2798     4354.3550  8003700    1.07%
  49947 38899     4338.8242   336     4308.2798     4354.3326  8022098    1.07%
  49969 38921     4322.0908   230     4308.2798     4354.3326  8025973    1.07%
  50069 39003     4332.2333   327     4308.2798     4354.3136  8040924    1.07%
  50169 39082     4325.8457   259     4308.2798     4354.2875  8058000    1.07%
  50269 39157     4324.8722   348     4308.2798     4354.2612  8072888    1.07%
  50349 39222     4311.9593   292     4308.2798     4354.2426  8091049    1.07%
  50369 39235     4312.8068   290     4308.2798     4354.2421  8095524    1.07%
Elapsed time = 3483.62 sec. (1869430.05 ticks, tree = 180.12 MB, solutions = 1)
  50469 39303     4318.6661   316     4308.2798     4354.1824  8111560    1.07%
  50550 39342     4331.3975   270     4308.2798     4354.0844  8131427    1.06%
  50603 39380     4317.1066   269     4308.2798     4354.0626  8140458    1.06%
  50759 39491     4327.7919   325     4308.2798     4354.0444  8160961    1.06%
  50869 39580     4312.1587   147     4308.2798     4354.0213  8173958    1.06%
  51002 39677     4338.5489   356     4308.2798     4353.9482  8191037    1.06%
  51197 39841     4312.5387   163     4308.2798     4353.9408  8209987    1.06%
  51350 39961     4336.5464   276     4308.2798     4353.8516  8229763    1.06%
  51484 40049     4324.2924   309     4308.2798     4353.7773  8250867    1.06%
  51657 40186     4310.3377   240     4308.2798     4353.6946  8269332    1.05%
Elapsed time = 3575.50 sec. (1917388.35 ticks, tree = 184.42 MB, solutions = 1)
  51779 40280     4320.2935   174     4308.2798     4353.6681  8288842    1.05%
  51875 40343     4318.2256   276     4308.2798     4353.6424  8309325    1.05%
  52007 40436        cutoff           4308.2798     4353.5909  8328892    1.05%

Implied bound cuts applied:  241
Flow cuts applied:  237
Mixed integer rounding cuts applied:  872
Lift and project cuts applied:  149
Gomory fractional cuts applied:  57

Root node processing (before b&c):
  Real time             =    9.26 sec. (4861.83 ticks)
Sequential b&c:
  Real time             = 3590.75 sec. (1925004.98 ticks)
                          ------------
Total (root+branch&cut) = 3600.00 sec. (1929866.81 ticks)
