1 of 1 MIP starts provided solutions.
MIP start 'm1' defined initial solution with objective 3173.4898.
Tried aggregator 2 times.
MIP Presolve eliminated 26 rows and 26 columns.
MIP Presolve modified 6136 coefficients.
Aggregator did 1 substitutions.
Reduced MIP has 2523 rows, 1460 columns, and 16954 nonzeros.
Reduced MIP has 1193 binaries, 0 generals, 0 SOSs, and 0 indicators.
Presolve time = 0.02 sec. (11.11 ticks)
Probing time = 0.01 sec. (3.24 ticks)
Tried aggregator 1 time.
Reduced MIP has 2523 rows, 1460 columns, and 16954 nonzeros.
Reduced MIP has 1193 binaries, 0 generals, 0 SOSs, and 0 indicators.
Presolve time = 0.01 sec. (5.99 ticks)
Probing time = 0.01 sec. (3.22 ticks)
Clique table members: 270.
MIP emphasis: balance optimality and feasibility.
MIP search method: dynamic search.
Parallel mode: none, using 1 thread.
Root relaxation solution time = 0.01 sec. (5.76 ticks)

        Nodes                                         Cuts/
   Node  Left     Objective  IInf  Best Integer    Best Bound    ItCnt     Gap

*     0+    0                         3173.4898    15819.4972      324  398.49%
      0     0     3599.3039   189     3173.4898     3599.3039      324   13.42%
      0     0     3420.2817   159     3173.4898     Cuts: 451      542    7.78%
      0     0     3342.9452   179     3173.4898     Cuts: 413      765    5.34%
      0     0     3319.8301   185     3173.4898     Cuts: 249      892    4.61%
      0     0     3310.1238   183     3173.4898     Cuts: 173      964    4.31%
      0     0     3302.4232   221     3173.4898     Cuts: 123     1047    4.06%
      0     0     3300.2084   226     3173.4898     Cuts: 113     1089    3.99%
      0     0     3295.1644   217     3173.4898      Cuts: 74     1135    3.83%
      0     0     3291.2841   234     3173.4898      Cuts: 76     1180    3.71%
      0     0     3289.4884   222     3173.4898      Cuts: 53     1209    3.66%
      0     0     3285.4219   232     3173.4898      Cuts: 58     1237    3.53%
      0     0     3280.5217   209     3173.4898      Cuts: 58     1271    3.37%
      0     0     3278.6635   224     3173.4898      Cuts: 68     1315    3.31%
      0     0     3275.3207   208     3173.4898      Cuts: 51     1368    3.21%
      0     0     3273.5870   252     3173.4898      Cuts: 59     1427    3.15%
      0     0     3271.1017   246     3173.4898      Cuts: 43     1458    3.08%
      0     0     3269.4785   251     3173.4898      Cuts: 45     1492    3.02%
      0     0     3268.8745   266     3173.4898      Cuts: 42     1515    3.01%
      0     0     3268.7920   264     3173.4898      Cuts: 23     1524    3.00%
      0     0     3268.7257   265     3173.4898      Cuts: 12     1529    3.00%
      0     2     3268.7257   265     3173.4898     3268.6394     1529    3.00%
Elapsed time = 1.42 sec. (695.13 ticks, tree = 0.00 MB, solutions = 1)
     74    72     3205.3366   190     3173.4898     3266.3989     3072    2.93%
    200   185     3190.9296   172     3173.4898     3262.9441     4746    2.82%
    292   255        cutoff           3173.4898     3260.1662     6530    2.73%
    417   373     3184.0400   139     3173.4898     3259.7518     8638    2.72%
    482   430     3229.4508   291     3173.4898     3229.4239    11312    1.76%
    483   431     3227.6422   280     3173.4898     3227.6291    11372    1.71%
    486   433     3226.1989   264     3173.4898     3227.3602    11425    1.70%
    489   434     3194.6898   207     3173.4898     3227.3602    11634    1.70%
    491   434     3193.7016   203     3173.4898     3227.3602    11661    1.70%
    538   349     3202.3210   208     3173.4898     3227.3587    12732    1.70%
Elapsed time = 16.17 sec. (8305.49 ticks, tree = 0.57 MB, solutions = 1)
    753   426     3195.2907   132     3173.4898     3226.1952    14871    1.66%
   1101   573     3186.5496   228     3173.4898     3224.5176    18290    1.61%
   1445   804     3188.8118   192     3173.4898     3223.9431    22502    1.59%
   1771  1088     3185.9678   266     3173.4898     3222.8552    26618    1.56%
   2040  1294     3201.0766   218     3173.4898     3222.2255    29781    1.54%
   2406  1614     3197.1445   250     3173.4898     3221.8960    32980    1.53%
   2755  1914     3188.3067   180     3173.4898     3221.5894    36965    1.52%
   3063  2162     3178.5794   184     3173.4898     3220.8755    40955    1.49%
   3397  2439        cutoff           3173.4898     3219.5149    45303    1.45%
   3804  2771     3207.8352   251     3173.4898     3218.6599    50037    1.42%
Elapsed time = 29.91 sec. (17961.22 ticks, tree = 38.26 MB, solutions = 1)
   4239  3156        cutoff           3173.4898     3218.0787    54145    1.41%
   4675  3519     3181.2312   246     3173.4898     3217.7792    58282    1.40%
   5087  3865        cutoff           3173.4898     3215.7984    63015    1.33%
   5235  3961     3175.3480   230     3173.4898     3213.8952    66202    1.27%
   5489  4138     3182.4252   186     3173.4898     3213.3892    71562    1.26%
   5774  4371     3198.0706   260     3173.4898     3213.0271    76334    1.25%
   6026  4575     3191.5694   235     3173.4898     3212.3669    80735    1.23%
   6318  4814     3178.5845   147     3173.4898     3211.5330    85013    1.20%
   6652  5094     3191.5040   155     3173.4898     3211.2549    89165    1.19%
   7000  5362     3196.0816   181     3173.4898     3210.3818    92750    1.16%
Elapsed time = 43.93 sec. (27669.17 ticks, tree = 77.13 MB, solutions = 1)
   7315  5602     3183.0431   182     3173.4898     3209.8330    96697    1.15%
   7676  5903     3177.6267   245     3173.4898     3209.4465   100917    1.13%
   8011  6150     3190.8266   276     3173.4898     3209.1317   105159    1.12%
   8282  6347     3189.3395   243     3173.4898     3208.4738   109239    1.10%
   8613  6603     3187.1977   216     3173.4898     3208.0372   113905    1.09%
   8992  6901     3196.9423   227     3173.4898     3207.7965   118062    1.08%
   9334  7179     3174.7351   162     3173.4898     3207.4346   121846    1.07%
   9688  7440     3193.8363   225     3173.4898     3206.7433   126200    1.05%
  10042  7702        cutoff           3173.4898     3206.1582   130618    1.03%
  10122  7755     3175.3618   125     3173.4898     3206.0536   132022    1.03%
Elapsed time = 59.89 sec. (37697.26 ticks, tree = 120.91 MB, solutions = 1)
  10126  7755     3197.9679   236     3173.4898     3205.9875   132434    1.02%
  10443  8003     3180.7522   216     3173.4898     3205.7003   136268    1.01%
  10742  8204     3188.6250   254     3173.4898     3205.4269   140472    1.01%
  11132  8496     3175.3414    51     3173.4898     3204.9868   144965    0.99%
  11474  8727     3173.5980   147     3173.4898     3204.4703   149416    0.98%
  11879  9047     3182.3086   142     3173.4898     3204.1480   153961    0.97%
  12215  9284     3184.4774   252     3173.4898     3203.7620   159058    0.95%
  12499  9446     3190.5404   198     3173.4898     3203.1668   163042    0.94%
  12876  9733     3183.3876   186     3173.4898     3202.7855   166890    0.92%
  13213  9941     3187.9698    98     3173.4898     3202.3839   170471    0.91%
Elapsed time = 75.06 sec. (47270.99 ticks, tree = 148.11 MB, solutions = 1)
  13493 10107     3179.3857   227     3173.4898     3202.1210   174080    0.90%
  13859 10339     3179.1741   134     3173.4898     3201.8767   177436    0.89%
  14197 10561     3189.1637   255     3173.4898     3201.5582   180787    0.88%
  14554 10830     3191.5902   177     3173.4898     3201.3999   184164    0.88%
  14959 11132     3189.0501   266     3173.4898     3201.2277   187856    0.87%
  15224 11284        cutoff           3173.4898     3200.7953   191775    0.86%
  15519 11459     3181.3137   109     3173.4898     3200.5405   196047    0.85%
  15830 11666        cutoff           3173.4898     3200.3874   199585    0.85%
  16136 11836        cutoff           3173.4898     3200.1022   202807    0.84%
  16485 12075     3190.9917   192     3173.4898     3199.8517   207307    0.83%
Elapsed time = 92.56 sec. (56964.35 ticks, tree = 209.48 MB, solutions = 1)
  16836 12287     3187.3334   171     3173.4898     3199.5673   211893    0.82%
  17184 12529     3192.5090   159     3173.4898     3199.4355   216972    0.82%
  17502 12707     3178.9828   153     3173.4898     3199.1017   221736    0.81%
  17859 12958     3176.4674   139     3173.4898     3198.9335   225937    0.80%
  18176 13145     3183.9503   145     3173.4898     3198.7389   230553    0.80%
  18517 13355        cutoff           3173.4898     3198.5401   235989    0.79%
  18810 13529     3189.0327   160     3173.4898     3198.3478   240269    0.78%
  19079 13686        cutoff           3173.4898     3198.1220   243748    0.78%
  19426 13922     3173.6219   227     3173.4898     3197.9275   247456    0.77%
  19733 14100     3174.2166   160     3173.4898     3197.6683   251065    0.76%
Elapsed time = 107.83 sec. (66523.75 ticks, tree = 234.92 MB, solutions = 1)
  19966 14249     3178.7273   223     3173.4898     3197.5599   253646    0.76%
  20322 14505     3179.4758   188     3173.4898     3197.4054   257266    0.75%
  20741 14803     3181.6799   204     3173.4898     3197.2815   261535    0.75%
  21091 14998        cutoff           3173.4898     3197.0221   265978    0.74%
  21406 15136        cutoff           3173.4898     3196.8370   270126    0.74%
  21674 15244     3188.1536   217     3173.4898     3196.5801   274470    0.73%
  21951 15383        cutoff           3173.4898     3196.4153   278445    0.72%
  22253 15532        cutoff           3173.4898     3196.2596   282810    0.72%
  22672 15797     3178.3761   188     3173.4898     3196.1129   289734    0.71%
  23022 15961        cutoff           3173.4898     3195.8985   297500    0.71%
Elapsed time = 124.10 sec. (76119.05 ticks, tree = 265.68 MB, solutions = 1)
  23469 16234     3192.1725   245     3173.4898     3195.6924   305539    0.70%
  23929 16511     3175.1295   202     3173.4898     3195.5176   313919    0.69%
  24313 16746     3179.6633   255     3173.4898     3195.3928   321458    0.69%
  24738 16952     3174.1767   129     3173.4898     3195.1396   329781    0.68%
  25176 17221     3186.6985   180     3173.4898     3194.9586   337445    0.68%
  25542 17427     3173.8035   174     3173.4898     3194.7939   344814    0.67%
  25945 17674     3188.2129   143     3173.4898     3194.6504   351572    0.67%
  26380 17966     3173.5186   205     3173.4898     3194.5161   358039    0.66%
  26712 18119     3182.2161   193     3173.4898     3194.3413   365366    0.66%
  27160 18348     3177.7685   119     3173.4898     3194.1170   372596    0.65%
Elapsed time = 138.60 sec. (85723.69 ticks, tree = 260.54 MB, solutions = 1)
  27510 18514        cutoff           3173.4898     3194.0074   379716    0.65%
  27947 18750     3185.8716   139     3173.4898     3193.8243   386818    0.64%
  28392 18992     3185.1367   197     3173.4898     3193.7018   394382    0.64%
  28771 19187     3186.4335   230     3173.4898     3193.5167   402380    0.63%
  29200 19412     3181.6802    74     3173.4898     3193.3118   410618    0.62%
  29572 19605     3182.6234   186     3173.4898     3193.1718   417982    0.62%
  30013 19889     3176.6520   103     3173.4898     3193.0674   425494    0.62%
  30337 20042     3181.9761   237     3173.4898     3192.9662   433477    0.61%
  30624 20138        cutoff           3173.4898     3192.8081   440307    0.61%
  32173 20901     3176.0080   182     3173.4898     3192.2174   468666    0.59%
Elapsed time = 157.53 sec. (98182.70 ticks, tree = 253.11 MB, solutions = 1)
  33710 21483        cutoff           3173.4898     3191.5107   499737    0.57%
  35179 22035     3176.1927   146     3173.4898     3190.9315   531356    0.55%
  36823 22730     3177.6198   170     3173.4898     3190.3706   561839    0.53%
  38309 23270     3175.8254   178     3173.4898     3189.8434   590497    0.52%
  39916 23836     3177.9105    54     3173.4898     3189.2970   621346    0.50%
  41641 24512     3178.0695   140     3173.4898     3188.8871   653212    0.49%
  43140 24958     3174.4111   197     3173.4898     3188.3783   683513    0.47%
  44675 25419     3178.1591   134     3173.4898     3187.9450   713875    0.46%
  46482 26021     3182.3789   142     3173.4898     3187.5577   744651    0.44%
  48197 26469        cutoff           3173.4898     3187.0431   775954    0.43%
Elapsed time = 216.29 sec. (136389.84 ticks, tree = 214.80 MB, solutions = 1)
  49932 26900     3180.8570   132     3173.4898     3186.6033   805814    0.41%
  51728 27369     3179.6388   109     3173.4898     3186.1700   835999    0.40%
  53415 27811     3174.3023   184     3173.4898     3185.7710   866478    0.39%
  55307 28259     3175.1468   198     3173.4898     3185.2849   898279    0.37%
  57235 28733     3175.8475   210     3173.4898     3184.8797   929404    0.36%
  58910 29023     3173.8056    72     3173.4898     3184.4767   957753    0.35%
  60615 29181     3174.6838    55     3173.4898     3184.0720   986889    0.33%
  62400 29449        cutoff           3173.4898     3183.7440  1016919    0.32%
  64233 29709     3179.0364   200     3173.4898     3183.3924  1045633    0.31%
  66206 29867     3181.4012    81     3173.4898     3183.0045  1075229    0.30%
Elapsed time = 274.61 sec. (174573.35 ticks, tree = 168.38 MB, solutions = 1)
  67950 29932        cutoff           3173.4898     3182.6607  1103203    0.29%
  69859 30053     3177.8629   181     3173.4898     3182.3362  1131696    0.28%
  71698 29985     3176.9781    66     3173.4898     3181.9626  1159046    0.27%
  73619 30014     3175.1908   155     3173.4898     3181.6048  1188364    0.26%
  75641 29846     3174.1551   133     3173.4898     3181.2179  1216691    0.24%
  77675 29719        cutoff           3173.4898     3180.8781  1243349    0.23%
  79576 29367     3175.5702   111     3173.4898     3180.5109  1270495    0.22%
  81579 28947        cutoff           3173.4898     3180.1703  1296295    0.21%
  83575 28557     3175.7323   135     3173.4898     3179.8307  1321829    0.20%
  85642 27941     3173.5008    95     3173.4898     3179.4835  1348714    0.19%
Elapsed time = 334.38 sec. (212735.45 ticks, tree = 117.26 MB, solutions = 1)
  87646 27297        cutoff           3173.4898     3179.1499  1375069    0.18%
  89735 26537        cutoff           3173.4898     3178.8092  1399502    0.17%
  91709 25633        cutoff           3173.4898     3178.4592  1423336    0.16%
  93739 24863     3175.8949    97     3173.4898     3178.1637  1446123    0.15%
  95760 23892     3173.5663   181     3173.4898     3177.8667  1468138    0.14%
  97748 22834        cutoff           3173.4898     3177.5591  1490041    0.13%
  99783 21641        cutoff           3173.4898     3177.2474  1510276    0.12%
 101852 20329     3174.2679   130     3173.4898     3176.9476  1530110    0.11%
 103886 18970        cutoff           3173.4898     3176.6427  1549038    0.10%
 105976 17507     3175.0078    27     3173.4898     3176.3394  1567109    0.09%
Elapsed time = 393.17 sec. (250918.51 ticks, tree = 60.48 MB, solutions = 1)
 108031 15865        cutoff           3173.4898     3176.0424  1583707    0.08%
 110064 14201        cutoff           3173.4898     3175.7416  1598780    0.07%
 112052 12454        cutoff           3173.4898     3175.4508  1612178    0.06%
 114140 10637        cutoff           3173.4898     3175.1645  1625051    0.05%
 116204  8735        cutoff           3173.4898     3174.8562  1636006    0.04%
 118340  6719        cutoff           3173.4898     3174.5618  1646253    0.03%
 120572  4582        cutoff           3173.4898     3174.2361  1655066    0.02%
 122922  2275        cutoff           3173.4898     3173.8963  1662757    0.01%

GUB cover cuts applied:  1
Implied bound cuts applied:  449
Flow cuts applied:  39
Mixed integer rounding cuts applied:  42
Lift and project cuts applied:  122
Gomory fractional cuts applied:  70

Root node processing (before b&c):
  Real time             =    1.42 sec. (695.04 ticks)
Sequential b&c:
  Real time             =  436.74 sec. (281964.39 ticks)
                          ------------
Total (root+branch&cut) =  438.16 sec. (282659.44 ticks)
