1 of 1 MIP starts provided solutions.
MIP start 'm1' defined initial solution with objective 3303.8620.
Tried aggregator 14 times.
MIP Presolve eliminated 1214 rows and 1 columns.
Aggregator did 6457 substitutions.
Reduced MIP has 8953 rows, 7753 columns, and 40942 nonzeros.
Reduced MIP has 1200 binaries, 0 generals, 0 SOSs, and 0 indicators.
Presolve time = 0.29 sec. (144.90 ticks)
Probing time = 0.02 sec. (9.00 ticks)
Tried aggregator 1 time.
Reduced MIP has 8953 rows, 7753 columns, and 40942 nonzeros.
Reduced MIP has 1200 binaries, 0 generals, 0 SOSs, and 0 indicators.
Presolve time = 0.05 sec. (20.09 ticks)
Probing time = 0.02 sec. (8.81 ticks)
Clique table members: 8576.
MIP emphasis: balance optimality and feasibility.
MIP search method: dynamic search.
Parallel mode: none, using 1 thread.
Root relaxation solution time = 0.19 sec. (132.96 ticks)

        Nodes                                         Cuts/
   Node  Left     Objective  IInf  Best Integer    Best Bound    ItCnt     Gap

*     0+    0                         3303.8620    16142.4647     6297  388.59%
      0     0     3595.6690   163     3303.8620     3595.6690     6297    8.83%
      0     0     3503.5059   214     3303.8620     Cuts: 347     7149    6.04%
      0     0     3472.5196   224     3303.8620     Cuts: 295     7714    5.10%
      0     0     3460.9545   257     3303.8620     Cuts: 244     8128    4.75%
      0     0     3450.5556   255     3303.8620     Cuts: 237     8488    4.44%
      0     0     3444.1488   273     3303.8620     Cuts: 188     8781    4.25%
      0     0     3439.6471   259     3303.8620     Cuts: 168     9015    4.11%
      0     0     3436.8159   284     3303.8620     Cuts: 158     9229    4.02%
      0     0     3435.4763   266     3303.8620     Cuts: 140     9330    3.98%
      0     0     3431.1263   276     3303.8620      Cuts: 60     9577    3.85%
      0     0     3427.7131   282     3303.8620     Cuts: 135     9766    3.75%
      0     0     3426.0279   266     3303.8620      Cuts: 74     9883    3.70%
      0     0     3425.3959   269     3303.8620      Cuts: 78     9974    3.68%
      0     0     3424.2116   285     3303.8620      Cuts: 67    10080    3.64%
      0     0     3423.4234   285     3303.8620      Cuts: 42    10146    3.62%
      0     0     3422.3010   277     3303.8620      Cuts: 69    10225    3.58%
      0     0     3421.7785   282     3303.8620      Cuts: 40    10265    3.57%
      0     0     3421.3204   285     3303.8620      Cuts: 23    10314    3.56%
      0     2     3421.3204   285     3303.8620     3421.3090    10314    3.55%
Elapsed time = 6.54 sec. (3497.53 ticks, tree = 0.00 MB, solutions = 1)
      6     8     3408.2191   213     3303.8620     3419.9881    11753    3.51%
     16    18     3404.2576   192     3303.8620     3419.9881    13338    3.51%
     24    26     3395.3877   156     3303.8620     3419.9881    14791    3.51%
     34    34     3376.4697   130     3303.8620     3419.9881    16042    3.51%
     75    71     3312.6752    71     3303.8620     3419.9881    18394    3.51%
     84    75     3408.0220   278     3303.8620     3418.2071    20030    3.46%
     93    80     3392.9228   228     3303.8620     3418.2071    21726    3.46%
    101    88     3379.6526   184     3303.8620     3418.2071    23418    3.46%
    115   100     3347.3036   119     3303.8620     3418.2071    25396    3.46%
    180   161     3369.1266   205     3303.8620     3417.2994    30375    3.43%
Elapsed time = 12.43 sec. (6744.47 ticks, tree = 0.55 MB, solutions = 1)
    258   231     3340.4320   143     3303.8620     3413.6567    36209    3.32%
    337   301     3404.6619   248     3303.8620     3411.2159    43549    3.25%
    411   342        cutoff           3303.8620     3410.0713    51858    3.21%
    460   382     3335.0298   200     3303.8620     3408.0647    59234    3.15%
    535   451     3387.6012   296     3303.8620     3387.5988    77264    2.53%
    537   452     3386.8348   289     3303.8620     3386.7741    77989    2.51%
    539   453     3304.9771   155     3303.8620     3386.7370    78884    2.51%
    543   272     3386.3187   285     3303.8620     3386.1710    79753    2.49%
    545   272     3376.6285   242     3303.8620     3385.8040    81556    2.48%
    551   276     3374.2501   231     3303.8620     3385.8040    82693    2.48%
Elapsed time = 55.01 sec. (30535.90 ticks, tree = 1.18 MB, solutions = 1)
    555   280     3366.5095   205     3303.8620     3385.8040    84083    2.48%
    575   291     3354.9367   166     3303.8620     3385.8040    85288    2.48%
    642   296     3382.9210   273     3303.8620     3385.5193    87826    2.47%
    661   307     3365.1997   236     3303.8620     3385.5193    90895    2.47%
    715   340     3336.3635    76     3303.8620     3385.5193    93801    2.47%
    737   344     3347.1729   249     3303.8620     3382.9504    96383    2.39%
    755   344     3365.7369   247     3303.8620     3381.9309   101765    2.36%
    793   365     3318.2769   129     3303.8620     3381.9309   105845    2.36%
    822   375     3326.1498   240     3303.8620     3381.6952   109241    2.36%
    866   388     3353.8550   266     3303.8620     3380.8531   115198    2.33%
Elapsed time = 73.52 sec. (41053.91 ticks, tree = 1.43 MB, solutions = 1)
    909   400     3365.7956   227     3303.8620     3380.0997   121104    2.31%
    964   424        cutoff           3303.8620     3380.0471   126617    2.31%
    978   434     3336.6383   219     3303.8620     3379.9232   129861    2.30%
   1067   461     3318.1488   270     3303.8620     3377.3093   138116    2.22%
   1091   470     3323.2611   211     3303.8620     3376.0746   143323    2.19%
   1134   483     3329.3307   211     3303.8620     3375.8837   148616    2.18%
   1162   497     3307.3249   210     3303.8620     3375.0328   152483    2.15%
   1178   507     3350.3560   191     3303.8620     3374.7161   156665    2.14%
   1249   562     3350.6783   249     3303.8620     3372.8250   161472    2.09%
   1275   586     3312.3885   175     3303.8620     3372.8250   166532    2.09%
Elapsed time = 92.49 sec. (52017.01 ticks, tree = 1.99 MB, solutions = 1)
   1295   595     3360.5361   257     3303.8620     3372.5434   169604    2.08%
   1328   627     3311.3391   198     3303.8620     3372.5434   175022    2.08%
   1348   638     3306.4273   222     3303.8620     3372.4201   178208    2.08%
   1376   662     3325.6787   236     3303.8620     3372.1329   182296    2.07%
   1410   689     3357.4576   234     3303.8620     3372.1012   186055    2.07%
   1425   704     3330.7222   239     3303.8620     3372.1012   189266    2.07%
   1481   753     3310.6553   115     3303.8620     3372.1012   194796    2.07%
   1507   769     3317.3667   218     3303.8620     3370.8307   200143    2.03%
   1534   796     3331.0226   209     3303.8620     3370.8307   206260    2.03%
   1576   816     3315.6860   245     3303.8620     3368.4544   211936    1.96%
Elapsed time = 110.41 sec. (62008.27 ticks, tree = 2.76 MB, solutions = 1)
   1595   831     3347.4158   237     3303.8620     3368.4019   216942    1.95%
   1683   908        cutoff           3303.8620     3368.4019   221739    1.95%
   1710   933     3330.9754   157     3303.8620     3367.4205   225523    1.92%
   1757   966     3303.7753   175     3303.8620     3367.0893   229849    1.91%
   1789   988     3309.0622   145     3303.8620     3367.0195   235405    1.91%
   1814  1004     3326.1832   217     3303.8620     3365.7396   239571    1.87%
   1864  1046     3336.3050   200     3303.8620     3365.6515   244579    1.87%
   1895  1077     3319.0827   149     3303.8620     3365.6515   247964    1.87%
   1938  1108     3314.1424   184     3303.8620     3365.4295   252014    1.86%
   1954  1115     3327.1964   202     3303.8620     3365.0682   256137    1.85%
Elapsed time = 127.75 sec. (71993.21 ticks, tree = 3.79 MB, solutions = 1)
   1980  1137     3339.2846   223     3303.8620     3365.0240   260429    1.85%
   2041  1184     3307.9847   234     3303.8620     3364.9234   264910    1.85%
   2067  1200     3343.9259   174     3303.8620     3364.6398   268497    1.84%
   2162  1274     3334.9821   198     3303.8620     3363.6572   273245    1.81%
   2213  1313     3334.6908   223     3303.8620     3362.6599   278221    1.78%
   2255  1339     3319.4402   211     3303.8620     3362.0624   285589    1.76%
   2310  1381     3342.9591   260     3303.8620     3361.6424   292784    1.75%
   2377  1439     3333.2813   209     3303.8620     3361.3280   298973    1.74%
   2438  1479     3327.7529   188     3303.8620     3360.9227   305891    1.73%
   2514  1539     3327.7209   220     3303.8620     3360.5623   312827    1.72%
Elapsed time = 147.09 sec. (82869.32 ticks, tree = 5.23 MB, solutions = 1)
   2560  1579     3321.6123   198     3303.8620     3360.5217   317781    1.71%
   2595  1609     3318.3929   199     3303.8620     3360.4925   322380    1.71%
   2616  1619     3346.2172   206     3303.8620     3360.2745   326760    1.71%
   2700  1696     3332.1038   123     3303.8620     3360.2130   332243    1.71%
   2736  1723     3315.9507   202     3303.8620     3360.1909   335869    1.70%
   2771  1751     3318.6566   120     3303.8620     3359.9800   341186    1.70%
   2808  1777     3316.5590   189     3303.8620     3359.9533   346318    1.70%
   2842  1792     3339.3935   219     3303.8620     3358.9727   350606    1.67%
   2902  1836     3324.8175   224     3303.8620     3358.4627   355961    1.65%
   2919  1844     3339.0009   198     3303.8620     3358.4372   359089    1.65%
Elapsed time = 165.15 sec. (93027.12 ticks, tree = 6.26 MB, solutions = 1)
   2992  1907     3310.8037    72     3303.8620     3358.4372   363657    1.65%
   3048  1947        cutoff           3303.8620     3357.7277   368579    1.63%
   3094  1985     3324.6891   194     3303.8620     3357.1328   374805    1.61%
   3139  2017     3337.1329   213     3303.8620     3356.2484   379298    1.59%
   3238  2096     3332.8545   178     3303.8620     3356.0773   383943    1.58%
   3295  2135     3336.5308   262     3303.8620     3355.7436   389560    1.57%
   3350  2175     3314.1752    73     3303.8620     3355.4927   396016    1.56%
   3422  2208     3333.1807   186     3303.8620     3355.0584   402009    1.55%
   3511  2282     3318.0554    80     3303.8620     3354.4171   408776    1.53%
   3588  2319     3351.7860   260     3303.8620     3353.4279   416223    1.50%
Elapsed time = 182.22 sec. (102939.61 ticks, tree = 7.93 MB, solutions = 1)
   3654  2383     3312.9012   160     3303.8620     3353.4279   421699    1.50%
   3708  2425     3305.6915   230     3303.8620     3353.3756   427767    1.50%
   3720  2431     3318.2075   220     3303.8620     3353.3261   432187    1.50%
   3771  2463     3307.6900   190     3303.8620     3353.0823   440549    1.49%
   3840  2515     3307.3366   188     3303.8620     3352.3079   446130    1.47%
   3871  2525        cutoff           3303.8620     3352.2057   453377    1.46%
   3884  2535     3312.1885   212     3303.8620     3352.1515   457572    1.46%
   3917  2549     3318.1082   149     3303.8620     3352.0152   462928    1.46%
   3951  2562     3308.8831   226     3303.8620     3351.7288   466946    1.45%
   4153  2715     3335.2426   244     3303.8620     3350.6507   485536    1.42%
Elapsed time = 205.23 sec. (115975.59 ticks, tree = 9.28 MB, solutions = 1)
   4282  2817     3315.8902   221     3303.8620     3349.9915   501493    1.40%
   4447  2932     3329.9759   254     3303.8620     3349.2207   522780    1.37%
   4590  3015     3332.7198   268     3303.8620     3348.4256   542039    1.35%
   4802  3173     3306.5299   239     3303.8620     3347.8937   565161    1.33%
   5019  3339     3306.1460   199     3303.8620     3347.3526   587654    1.32%
   5238  3494     3343.9844   230     3303.8620     3346.4769   611575    1.29%
   5390  3595     3315.0736   219     3303.8620     3346.0767   627416    1.28%
   5514  3674     3333.3815   253     3303.8620     3345.7912   648179    1.27%
   5695  3788     3335.8410   212     3303.8620     3345.0311   668591    1.25%
   5895  3937     3328.3833   192     3303.8620     3344.4946   687119    1.23%
Elapsed time = 274.56 sec. (154928.09 ticks, tree = 13.43 MB, solutions = 1)
   6099  4061     3330.9894   190     3303.8620     3343.3366   709879    1.19%
   6375  4276     3304.4414   129     3303.8620     3342.9522   733999    1.18%
   6616  4451     3309.9242   174     3303.8620     3342.3615   761076    1.17%
   6937  4673     3322.2063   221     3303.8620     3341.8805   789074    1.15%
   7112  4798     3307.2228   155     3303.8620     3341.4164   809529    1.14%
   7329  4944     3331.3826   250     3303.8620     3341.0114   830392    1.12%
   7429  5010     3337.5673   253     3303.8620     3340.7906   848178    1.12%
   7595  5144     3316.7442   243     3303.8620     3340.5583   867349    1.11%
   7738  5229     3320.1080   194     3303.8620     3340.0134   886358    1.09%
   7964  5397     3322.2366   174     3303.8620     3339.5640   909837    1.08%
Elapsed time = 343.24 sec. (193450.92 ticks, tree = 18.50 MB, solutions = 1)
   8225  5603        cutoff           3303.8620     3339.2915   933108    1.07%
   8487  5787     3330.3171   266     3303.8620     3339.1119   957386    1.07%
   8673  5929     3316.1451   233     3303.8620     3338.9318   980294    1.06%
   8837  6020     3309.8404   202     3303.8620     3338.6216  1001315    1.05%
   9033  6158     3315.9085   179     3303.8620     3338.2671  1022441    1.04%
   9185  6266     3324.7696   233     3303.8620     3338.0937  1040633    1.04%
   9432  6426     3331.0033   212     3303.8620     3337.7901  1061064    1.03%
   9648  6554     3308.6652   150     3303.8620     3337.5014  1082635    1.02%
   9933  6759     3321.9893   246     3303.8620     3337.3211  1106457    1.01%
  10200  6958     3308.9483   163     3303.8620     3337.0672  1129656    1.01%
Elapsed time = 411.46 sec. (232050.94 ticks, tree = 23.82 MB, solutions = 1)
  10385  7058     3321.1727   265     3303.8620     3336.7411  1155354    1.00%
  10603  7206     3318.4694   213     3303.8620     3336.5058  1178265    0.99%
  10837  7364     3307.9194    56     3303.8620     3336.3645  1203377    0.98%
  11064  7514     3323.7956   225     3303.8620     3336.1413  1228168    0.98%
  11232  7633     3307.5645   160     3303.8620     3335.8624  1248292    0.97%
  11235  7635     3304.8158   174     3303.8620     3335.8624  1248461    0.97%
  11236  7636     3304.8164   209     3303.8620     3335.8104  1249640    0.97%
  11414  7745     3316.8707   217     3303.8620     3335.6258  1271211    0.96%
  11568  7823     3311.0433   167     3303.8620     3335.2444  1292206    0.95%
  11749  7939     3317.9342   159     3303.8620     3335.0142  1313979    0.94%
Elapsed time = 521.90 sec. (291474.34 ticks, tree = 27.17 MB, solutions = 1)
  11983  8079     3311.1222   221     3303.8620     3334.7314  1335655    0.93%
  12143  8132     3318.9600   247     3303.8620     3334.3546  1359664    0.92%
  12332  8248     3306.8397   223     3303.8620     3334.2362  1386303    0.92%
  12572  8402     3305.5885   199     3303.8620     3333.9686  1413119    0.91%
  12806  8543        cutoff           3303.8620     3333.6977  1440512    0.90%
  13124  8727        cutoff           3303.8620     3333.3771  1469308    0.89%
  13421  8920     3319.1332   206     3303.8620     3333.0669  1497119    0.88%
  13654  9052     3319.9528   158     3303.8620     3332.8065  1520900    0.88%
  13854  9166        cutoff           3303.8620     3332.6862  1542252    0.87%
  14108  9306     3305.9056   194     3303.8620     3332.4315  1567102    0.86%
Elapsed time = 592.70 sec. (330079.53 ticks, tree = 32.09 MB, solutions = 1)
  14427  9505        cutoff           3303.8620     3332.2160  1590493    0.86%
  14669  9651     3312.1838   128     3303.8620     3331.8693  1613636    0.85%
  14920  9805     3308.3715   169     3303.8620     3331.7354  1637580    0.84%
  15229  9977     3303.9780   176     3303.8620     3331.4105  1662626    0.83%
  15502 10157        cutoff           3303.8620     3331.2128  1687096    0.83%
  15782 10352     3304.2816   249     3303.8620     3331.0618  1713934    0.82%
  16084 10560     3305.8211    72     3303.8620     3330.8503  1741024    0.82%
  16273 10629     3321.0060   197     3303.8620     3330.5636  1764386    0.81%
  16499 10719     3319.8313   236     3303.8620     3330.2512  1787407    0.80%
  16725 10860     3305.4205   237     3303.8620     3330.1519  1807973    0.80%
Elapsed time = 660.38 sec. (368418.78 ticks, tree = 37.44 MB, solutions = 1)
  16908 10940     3306.8471   237     3303.8620     3329.9348  1829790    0.79%
  17081 11015     3304.6792   210     3303.8620     3329.7551  1852453    0.78%
  17350 11161     3306.6151   144     3303.8620     3329.5694  1876742    0.78%
  17518 11227     3306.9195   215     3303.8620     3329.4049  1900023    0.77%
  17717 11313     3312.5897    98     3303.8620     3329.2171  1922199    0.77%
  17949 11408        cutoff           3303.8620     3328.9932  1947058    0.76%
  18162 11504     3319.4978   204     3303.8620     3328.7459  1970289    0.75%
  18380 11621     3315.3419   203     3303.8620     3328.6162  1996692    0.75%
  18645 11756     3310.5132   198     3303.8620     3328.4185  2021957    0.74%
  18925 11893     3309.9449   157     3303.8620     3328.2033  2047446    0.74%
Elapsed time = 729.04 sec. (407526.51 ticks, tree = 41.00 MB, solutions = 1)
  19163 12030     3304.0761   201     3303.8620     3328.0919  2073751    0.73%
  19434 12170        cutoff           3303.8620     3327.8479  2099426    0.73%
  19652 12306     3322.6373   277     3303.8620     3327.7461  2122392    0.72%
  19836 12394     3309.0514   229     3303.8620     3327.5721  2145234    0.72%
  20025 12507     3315.7397   238     3303.8620     3327.4939  2167133    0.72%
  20172 12540     3304.1972   159     3303.8620     3327.3491  2188131    0.71%
  20364 12636     3308.3333   254     3303.8620     3327.2146  2211882    0.71%
  20593 12750     3319.6725   209     3303.8620     3327.0608  2235282    0.70%
  20811 12868     3322.1838   250     3303.8620     3326.9280  2260072    0.70%
  21068 12951        cutoff           3303.8620     3326.6806  2284042    0.69%
Elapsed time = 797.47 sec. (446045.64 ticks, tree = 44.64 MB, solutions = 1)
  21399 13123     3313.9845   188     3303.8620     3326.4815  2311208    0.68%
  21658 13197     3317.3876   221     3303.8620     3326.1639  2339913    0.68%
  21889 13303     3310.6627   236     3303.8620     3326.0531  2363147    0.67%
  22184 13469        cutoff           3303.8620     3325.9381  2389615    0.67%
  22467 13557        cutoff           3303.8620     3325.6280  2414843    0.66%
  22731 13646     3315.1030   185     3303.8620     3325.4282  2439094    0.65%
  23005 13758     3313.0409   238     3303.8620     3325.2526  2463480    0.65%
  23254 13882     3309.4475   204     3303.8620     3325.0842  2482220    0.64%
  23517 13998        cutoff           3303.8620     3324.9353  2508084    0.64%
  23670 14023     3319.1660   239     3303.8620     3324.7610  2530889    0.63%
Elapsed time = 865.62 sec. (484650.35 ticks, tree = 48.36 MB, solutions = 1)
  23934 14140     3319.8187   172     3303.8620     3324.6126  2555508    0.63%
  24202 14264     3314.5652   181     3303.8620     3324.5247  2578444    0.63%
  24510 14418     3312.5658   242     3303.8620     3324.3838  2604030    0.62%
  24765 14548     3305.0485   209     3303.8620     3324.2406  2629307    0.62%
  25068 14707     3308.3937   159     3303.8620     3324.1081  2654236    0.61%
  25319 14776     3304.9467   142     3303.8620     3323.9272  2679199    0.61%
  25648 14948     3304.3449   242     3303.8620     3323.7801  2703533    0.60%
  25876 15035     3319.2983   187     3303.8620     3323.6395  2729216    0.60%
  26163 15121        cutoff           3303.8620     3323.4000  2756937    0.59%
  26355 15174     3306.0176   190     3303.8620     3323.2633  2779243    0.59%
Elapsed time = 933.33 sec. (522996.48 ticks, tree = 52.35 MB, solutions = 1)
  26583 15241     3313.0914   244     3303.8620     3323.1041  2801232    0.58%
  26799 15308     3315.7276   230     3303.8620     3322.9673  2824507    0.58%
  27056 15405     3317.3576   102     3303.8620     3322.8003  2845466    0.57%
  27233 15441     3316.4676   181     3303.8620     3322.6526  2867718    0.57%
  27468 15520     3314.5607   175     3303.8620     3322.5111  2891000    0.56%
  27769 15636     3303.8821   200     3303.8620     3322.3868  2914057    0.56%
  28013 15694        cutoff           3303.8620     3322.2120  2937093    0.56%
  28236 15748     3310.0504   167     3303.8620     3322.0569  2958474    0.55%
  28511 15851     3308.8222   294     3303.8620     3321.8938  2981945    0.55%
  28791 15945     3307.1980   168     3303.8620     3321.7090  3006415    0.54%
Elapsed time = 1002.15 sec. (561540.73 ticks, tree = 55.28 MB, solutions = 1)
  29020 15970     3304.8530   109     3303.8620     3321.5363  3032473    0.53%
  29324 16069     3318.2507   177     3303.8620     3321.3460  3058251    0.53%
  29640 16123     3314.9356   182     3303.8620     3321.1064  3084235    0.52%
  29981 16237     3313.4720   212     3303.8620     3320.9221  3109922    0.52%
  30286 16361     3315.4413   188     3303.8620     3320.7850  3133305    0.51%
  30601 16492     3305.5259   203     3303.8620     3320.6656  3158980    0.51%
  30846 16579     3307.5305   119     3303.8620     3320.5426  3181577    0.50%
  31108 16664        cutoff           3303.8620     3320.4133  3205282    0.50%
  31419 16806     3310.2887   133     3303.8620     3320.3362  3228033    0.50%
  31656 16837        cutoff           3303.8620     3320.1760  3251858    0.49%
Elapsed time = 1069.72 sec. (600043.20 ticks, tree = 58.89 MB, solutions = 1)
  31884 16864     3307.6163   252     3303.8620     3320.0181  3274421    0.49%
  32143 16883     3314.0722   187     3303.8620     3319.8205  3296794    0.48%
  32404 16931     3308.3640   194     3303.8620     3319.6569  3320975    0.48%
  32667 17000     3304.9124   143     3303.8620     3319.5445  3345719    0.47%
  32953 17058     3316.9001   179     3303.8620     3319.3971  3370453    0.47%
  33304 17182     3305.0631   231     3303.8620     3319.2546  3397447    0.47%
  33567 17240     3307.3263   177     3303.8620     3319.1278  3424027    0.46%
  33825 17325     3309.6491   160     3303.8620     3319.0316  3448837    0.46%
  34120 17434        cutoff           3303.8620     3318.9236  3474347    0.46%
  34422 17496     3308.8655   190     3303.8620     3318.7800  3499917    0.45%
Elapsed time = 1139.77 sec. (638726.29 ticks, tree = 61.23 MB, solutions = 1)
  34688 17574     3307.3663   200     3303.8620     3318.6673  3525871    0.45%
  35031 17655     3309.2818   222     3303.8620     3318.5081  3553739    0.44%
  35340 17716     3313.8472   104     3303.8620     3318.3384  3577480    0.44%
  35614 17760     3309.6534   255     3303.8620     3318.2000  3601701    0.43%
  35875 17848     3309.0700   219     3303.8620     3318.1268  3623110    0.43%
  36130 17893     3313.3115   122     3303.8620     3318.0060  3646181    0.43%
  36403 17939     3306.8667   198     3303.8620     3317.8389  3673394    0.42%
  36721 17990     3307.9780   163     3303.8620     3317.7007  3697687    0.42%
  37018 18090     3309.1024   251     3303.8620     3317.5972  3721490    0.42%
  37360 18181     3316.3308   246     3303.8620     3317.4806  3747183    0.41%
Elapsed time = 1208.88 sec. (677492.07 ticks, tree = 63.66 MB, solutions = 1)
  37735 18320     3311.8979   176     3303.8620     3317.3901  3773972    0.41%
  38022 18372     3307.7202   120     3303.8620     3317.2669  3799600    0.41%
  38356 18429        cutoff           3303.8620     3317.1347  3825190    0.40%
  38694 18489     3308.5541   247     3303.8620     3316.9789  3850663    0.40%
  38985 18575     3308.8828   180     3303.8620     3316.8882  3874422    0.39%
  39324 18656     3308.6467   198     3303.8620     3316.7782  3898885    0.39%
  39667 18752     3308.4007   110     3303.8620     3316.6564  3924174    0.39%
  40027 18860     3313.1305   170     3303.8620     3316.5579  3946598    0.38%
  40397 18953     3309.8805   133     3303.8620     3316.4354  3969941    0.38%
  40680 18990     3305.6790   191     3303.8620     3316.3173  3993059    0.38%
Elapsed time = 1277.65 sec. (716022.44 ticks, tree = 66.56 MB, solutions = 1)
  40902 19018     3306.3180    29     3303.8620     3316.2467  4014516    0.37%
  41163 19063     3309.4119   218     3303.8620     3316.1651  4037064    0.37%
  41445 19110     3309.6495   207     3303.8620     3316.0753  4058509    0.37%
  41731 19133        cutoff           3303.8620     3315.9593  4080845    0.37%
  42035 19199        cutoff           3303.8620     3315.8741  4103427    0.36%
  42387 19290        cutoff           3303.8620     3315.7578  4125292    0.36%
  42687 19361     3306.4331    49     3303.8620     3315.6908  4149599    0.36%
  43005 19407     3310.2298   165     3303.8620     3315.5742  4170726    0.35%
  43350 19525     3309.9088   201     3303.8620     3315.4932  4193793    0.35%
  43741 19613     3312.6098    75     3303.8620     3315.3904  4219129    0.35%
Elapsed time = 1344.17 sec. (754301.19 ticks, tree = 68.93 MB, solutions = 1)
  44114 19697     3306.0760   172     3303.8620     3315.2889  4244717    0.35%
  44444 19701     3304.5157    87     3303.8620     3315.1797  4270573    0.34%
  44808 19763        cutoff           3303.8620     3315.0991  4297652    0.34%
  45145 19827     3310.5169   161     3303.8620     3315.0154  4322118    0.34%
  45465 19868     3305.7478   226     3303.8620     3314.9077  4349440    0.33%
  45821 19858     3309.5726   210     3303.8620     3314.7764  4375695    0.33%
  46210 19957        cutoff           3303.8620     3314.7031  4401541    0.33%
  46536 19983     3310.3589   236     3303.8620     3314.6234  4426909    0.33%
  46819 20007     3303.9110   204     3303.8620     3314.5636  4449519    0.32%
  47165 20047     3309.2703   116     3303.8620     3314.4754  4477051    0.32%
Elapsed time = 1412.72 sec. (793264.42 ticks, tree = 70.53 MB, solutions = 1)
  47551 20106     3309.5359   147     3303.8620     3314.3962  4502271    0.32%
  47902 20142     3305.2881   194     3303.8620     3314.3047  4526882    0.32%
  48257 20182     3310.6663   126     3303.8620     3314.2178  4551489    0.31%
  48592 20186     3306.9166   134     3303.8620     3314.1043  4572602    0.31%
  48930 20229     3304.4495   133     3303.8620     3314.0242  4597916    0.31%
  49308 20323     3305.1863    53     3303.8620     3313.9269  4621329    0.30%
  49690 20393        cutoff           3303.8620     3313.8391  4645728    0.30%
  49990 20390     3305.5322   203     3303.8620     3313.7449  4669945    0.30%
  50390 20421     3305.7300   191     3303.8620     3313.6334  4694633    0.30%
  50723 20473     3309.8727   163     3303.8620     3313.5616  4720677    0.29%
Elapsed time = 1480.51 sec. (831586.36 ticks, tree = 72.11 MB, solutions = 1)
  51087 20495     3304.4419   179     3303.8620     3313.4600  4743887    0.29%
  51457 20521     3303.9736   103     3303.8620     3313.3622  4769557    0.29%
  51750 20538     3304.5064   161     3303.8620     3313.2770  4793335    0.28%
  52155 20559     3307.3154    72     3303.8620     3313.1751  4818163    0.28%
  52518 20558     3306.3335   202     3303.8620     3313.0773  4844859    0.28%
  52915 20602        cutoff           3303.8620     3312.9713  4870963    0.28%
  53227 20558        cutoff           3303.8620     3312.8687  4891457    0.27%
  53588 20568     3304.7699   180     3303.8620     3312.7735  4916829    0.27%
  53884 20542        cutoff           3303.8620     3312.6892  4937140    0.27%
  54237 20563        cutoff           3303.8620     3312.5985  4959115    0.26%
Elapsed time = 1550.53 sec. (869940.20 ticks, tree = 72.53 MB, solutions = 1)
  54560 20565     3305.5353    53     3303.8620     3312.5072  4981372    0.26%
  54935 20545     3306.9162   191     3303.8620     3312.4006  5004983    0.26%
  55249 20495     3304.5809   140     3303.8620     3312.3120  5026473    0.26%
  55596 20445     3309.5512   201     3303.8620     3312.2148  5049033    0.25%
  55957 20440        cutoff           3303.8620     3312.1242  5069572    0.25%
  56289 20443        cutoff           3303.8620     3312.0538  5090572    0.25%
  56569 20388     3306.1055   176     3303.8620     3311.9621  5113140    0.25%
  56931 20394     3307.2183   208     3303.8620     3311.8682  5137401    0.24%
  57325 20399     3307.3208   159     3303.8620     3311.7758  5159982    0.24%
  57711 20369     3308.3035   182     3303.8620     3311.6634  5185872    0.24%
Elapsed time = 1619.79 sec. (908544.64 ticks, tree = 71.85 MB, solutions = 1)
  58056 20341     3306.6426   162     3303.8620     3311.5900  5210475    0.23%
  58477 20374     3304.3355   166     3303.8620     3311.5205  5235403    0.23%
  58842 20349     3307.4800   221     3303.8620     3311.4330  5259119    0.23%
  59231 20291        cutoff           3303.8620     3311.3432  5283790    0.23%
  59590 20298     3309.7651    66     3303.8620     3311.2735  5306338    0.22%
  59985 20302     3304.0651   116     3303.8620     3311.1922  5328837    0.22%
  60352 20302     3305.4966   208     3303.8620     3311.1201  5355392    0.22%
  60739 20225     3304.6600   155     3303.8620     3311.0198  5380007    0.22%
  61078 20154     3305.4639    72     3303.8620     3310.9373  5402769    0.21%
  61432 20069     3309.4050   130     3303.8620     3310.8499  5424917    0.21%
Elapsed time = 1690.72 sec. (946855.18 ticks, tree = 70.93 MB, solutions = 1)
  61863 19972     3305.7360    87     3303.8620     3310.7638  5447365    0.21%
  62123 19908        cutoff           3303.8620     3310.7027  5464989    0.21%
  62598 19900     3305.2283    75     3303.8620     3310.6061  5489294    0.20%
  63010 19829        cutoff           3303.8620     3310.5047  5510765    0.20%
  63382 19765     3306.0448   111     3303.8620     3310.4205  5532004    0.20%
  63787 19721     3305.0616   215     3303.8620     3310.3438  5555773    0.20%
  64131 19606        cutoff           3303.8620     3310.2618  5579537    0.19%
  64554 19523     3309.1945   145     3303.8620     3310.1643  5601225    0.19%
  64958 19435        cutoff           3303.8620     3310.0730  5624838    0.19%
  65374 19417     3305.5690   116     3303.8620     3310.0007  5647533    0.19%
Elapsed time = 1758.00 sec. (985191.03 ticks, tree = 68.79 MB, solutions = 1)
  65797 19316     3305.0575   201     3303.8620     3309.9081  5670049    0.18%
  66209 19211        cutoff           3303.8620     3309.8115  5693688    0.18%
  66676 19107        cutoff           3303.8620     3309.7076  5715404    0.18%
  67048 19028        cutoff           3303.8620     3309.6438  5737722    0.18%
  67435 18847     3305.4458   132     3303.8620     3309.5529  5761550    0.17%
  67840 18703     3305.5229    43     3303.8620     3309.4538  5784761    0.17%
  68278 18562        cutoff           3303.8620     3309.3621  5808629    0.17%
  68721 18435     3305.1468   190     3303.8620     3309.2630  5831272    0.16%
  69164 18288        cutoff           3303.8620     3309.1696  5854376    0.16%
  69575 18086        cutoff           3303.8620     3309.0745  5876608    0.16%
Elapsed time = 1826.60 sec. (1023456.30 ticks, tree = 64.27 MB, solutions = 1)
  69928 17879     3305.0531    19     3303.8620     3308.9803  5893735    0.15%
  70359 17699        cutoff           3303.8620     3308.8882  5916121    0.15%
  70767 17503     3305.7716   187     3303.8620     3308.7981  5940089    0.15%
  71132 17322     3305.1634   178     3303.8620     3308.7192  5959018    0.15%
  71554 17163        cutoff           3303.8620     3308.6344  5979720    0.14%
  71988 16956     3304.0247    16     3303.8620     3308.5425  6001451    0.14%
  72417 16773     3307.2169   150     3303.8620     3308.4587  6021667    0.14%
  72843 16562        cutoff           3303.8620     3308.3684  6041695    0.14%
  73271 16394        cutoff           3303.8620     3308.2863  6062187    0.13%
  73674 16194        cutoff           3303.8620     3308.2032  6082212    0.13%
Elapsed time = 1894.58 sec. (1061677.73 ticks, tree = 57.78 MB, solutions = 1)
  74111 15925        cutoff           3303.8620     3308.1003  6103710    0.13%
  74605 15730     3306.1849   105     3303.8620     3307.9999  6122335    0.13%
  75036 15478        cutoff           3303.8620     3307.9144  6142062    0.12%
  75485 15206     3305.4559    87     3303.8620     3307.8124  6160603    0.12%
  75971 14876     3304.6082    58     3303.8620     3307.6979  6178921    0.12%
  76443 14641     3303.9991    62     3303.8620     3307.6066  6197993    0.11%
  76925 14374     3306.3760   131     3303.8620     3307.5067  6217839    0.11%
  77445 14032     3305.4663   202     3303.8620     3307.3942  6236063    0.11%
  77929 13700     3304.1240   209     3303.8620     3307.2817  6252158    0.10%
  78468 13315     3306.0280   111     3303.8620     3307.1690  6268266    0.10%
Elapsed time = 1962.83 sec. (1099908.50 ticks, tree = 47.70 MB, solutions = 1)
  79013 12928        cutoff           3303.8620     3307.0518  6284028    0.10%
  79562 12576        cutoff           3303.8620     3306.9422  6302543    0.09%
  80099 12179        cutoff           3303.8620     3306.8262  6317893    0.09%
  80634 11770        cutoff           3303.8620     3306.7083  6333952    0.09%
  81177 11402        cutoff           3303.8620     3306.6032  6351693    0.08%
  81740 10975        cutoff           3303.8620     3306.4841  6367903    0.08%
  82329 10516        cutoff           3303.8620     3306.3612  6382418    0.08%
  82881 10057        cutoff           3303.8620     3306.2438  6396874    0.07%
  83480  9517        cutoff           3303.8620     3306.1023  6409403    0.07%
  84043  9013        cutoff           3303.8620     3305.9776  6421047    0.06%
Elapsed time = 2031.32 sec. (1138081.82 ticks, tree = 32.73 MB, solutions = 1)
  84607  8566        cutoff           3303.8620     3305.8700  6433680    0.06%
  85136  8099        cutoff           3303.8620     3305.7473  6444555    0.06%
  85717  7593        cutoff           3303.8620     3305.6229  6454772    0.05%
  86153  7198        cutoff           3303.8620     3305.5321  6462618    0.05%
  86739  6663        cutoff           3303.8620     3305.4114  6472137    0.05%
  87306  6123        cutoff           3303.8620     3305.2916  6480466    0.04%
  87896  5572        cutoff           3303.8620     3305.1653  6488872    0.04%
  88521  4979        cutoff           3303.8620     3305.0380  6496725    0.04%
  89148  4366        cutoff           3303.8620     3304.9061  6503900    0.03%
  89798  3752        cutoff           3303.8620     3304.7705  6510806    0.03%
Elapsed time = 2097.07 sec. (1176274.24 ticks, tree = 14.16 MB, solutions = 1)
  90437  3131        cutoff           3303.8620     3304.6280  6517328    0.02%
  91080  2494        cutoff           3303.8620     3304.4882  6522812    0.02%
  91767  1819        cutoff           3303.8620     3304.3281  6527426    0.01%

Clique cuts applied:  1
Implied bound cuts applied:  327
Flow cuts applied:  148
Mixed integer rounding cuts applied:  550
Lift and project cuts applied:  129
Gomory fractional cuts applied:  39

Root node processing (before b&c):
  Real time             =    6.41 sec. (3441.73 ticks)
Sequential b&c:
  Real time             = 2117.18 sec. (1188111.69 ticks)
                          ------------
Total (root+branch&cut) = 2123.60 sec. (1191553.43 ticks)
