1 of 1 MIP starts provided solutions.
MIP start 'm1' defined initial solution with objective 3303.8620.
Tried aggregator 1 time.
MIP Presolve eliminated 28 rows and 15 columns.
Reduced MIP has 2672 rows, 1472 columns, and 20210 nonzeros.
Reduced MIP has 1200 binaries, 0 generals, 0 SOSs, and 0 indicators.
Presolve time = 0.01 sec. (6.57 ticks)
Probing time = 0.00 sec. (3.06 ticks)
Tried aggregator 1 time.
Reduced MIP has 2672 rows, 1472 columns, and 20210 nonzeros.
Reduced MIP has 1200 binaries, 0 generals, 0 SOSs, and 0 indicators.
Presolve time = 0.01 sec. (6.58 ticks)
Probing time = 0.00 sec. (3.11 ticks)
Clique table members: 419.
MIP emphasis: balance optimality and feasibility.
MIP search method: dynamic search.
Parallel mode: none, using 1 thread.
Root relaxation solution time = 0.02 sec. (12.98 ticks)

        Nodes                                         Cuts/
   Node  Left     Objective  IInf  Best Integer    Best Bound    ItCnt     Gap

*     0+    0                         3303.8620     3950.2814      795   19.57%
      0     0     3774.1052   167     3303.8620     3774.1052      795   14.23%
      0     0     3636.3885   156     3303.8620     Cuts: 338      985   10.06%
      0     0     3577.4395   160     3303.8620     Cuts: 261     1142    8.28%
      0     0     3558.1975   171     3303.8620      Cuts: 90     1215    7.70%
      0     0     3552.7888   182     3303.8620      Cuts: 56     1263    7.53%
      0     0     3545.1417   181     3303.8620      Cuts: 69     1339    7.30%
      0     0     3537.2037   191     3303.8620      Cuts: 50     1409    7.06%
      0     0     3535.4489   194     3303.8620      Cuts: 56     1441    7.01%
      0     0     3532.2103   198     3303.8620      Cuts: 25     1474    6.91%
      0     0     3530.8808   203     3303.8620      Cuts: 29     1501    6.87%
      0     0     3530.1119   205     3303.8620      Cuts: 39     1521    6.85%
      0     0     3528.6129   206     3303.8620      Cuts: 12     1533    6.80%
      0     0     3528.3444   207     3303.8620       Cuts: 4     1537    6.79%
      0     0     3526.9142   209     3303.8620      Cuts: 12     1557    6.75%
      0     0     3526.8919   210     3303.8620   Impl Bds: 1     1559    6.75%
      0     2     3526.8919   210     3303.8620     3526.8037     1559    6.75%
Elapsed time = 0.93 sec. (492.63 ticks, tree = 0.00 MB, solutions = 1)
    109    96        cutoff           3303.8620     3521.1312     2634    6.58%
    240   182     3462.2291   138     3303.8620     3519.4831     4667    6.53%
    413   324        cutoff           3303.8620     3519.4831     6642    6.53%
    523   393     3431.1146   243     3303.8620     3431.0625     9407    3.85%
    525   395     3428.2463   243     3303.8620     3428.1125     9479    3.76%
    527   397     3427.2854   233     3303.8620     3427.9717     9542    3.76%
    532   400     3424.6312   238     3303.8620     3427.9717     9649    3.76%
    535   402     3424.5152   230     3303.8620     3427.9717     9659    3.76%
    539   403     3361.3665   195     3303.8620     3427.9717     9865    3.76%
    683   413     3389.1534   168     3303.8620     3424.4817    12196    3.65%
Elapsed time = 10.86 sec. (6779.27 ticks, tree = 0.60 MB, solutions = 1)
   1053   575     3390.0480   201     3303.8620     3416.4574    16813    3.41%
   1472   811     3342.4536   223     3303.8620     3414.0151    22001    3.33%
   1853  1139     3314.7940    38     3303.8620     3408.3991    27257    3.16%
   2165  1405     3314.2781   176     3303.8620     3398.1442    32461    2.85%
   2492  1693     3309.4870   210     3303.8620     3395.6091    37935    2.78%
   2894  2008     3331.4098   109     3303.8620     3394.2023    43286    2.73%
   3336  2378     3325.2406   169     3303.8620     3393.0378    49354    2.70%
   3777  2758     3339.6399   148     3303.8620     3390.9224    54112    2.64%
   4235  3153     3344.2620   186     3303.8620     3389.2263    59660    2.58%
   4798  3652     3367.0967   220     3303.8620     3388.5099    65044    2.56%
Elapsed time = 25.84 sec. (16469.67 ticks, tree = 3.97 MB, solutions = 1)
   5289  4065     3345.1571   151     3303.8620     3387.1028    70653    2.52%
   5753  4464     3354.2068   145     3303.8620     3386.0839    75677    2.49%
   6128  4776        cutoff           3303.8620     3384.1106    80477    2.43%
   6647  5217     3330.3982   158     3303.8620     3381.8764    85533    2.36%
   7110  5616     3322.3375   163     3303.8620     3380.9113    90381    2.33%
   7551  5975     3328.2203   138     3303.8620     3378.9958    95396    2.27%
   8005  6327     3310.4437   107     3303.8620     3377.1477   100468    2.22%
   8525  6733     3332.4050   217     3303.8620     3375.9665   105384    2.18%
   9060  7180     3331.0838   143     3303.8620     3375.1785   110695    2.16%
   9604  7610     3327.1563   105     3303.8620     3374.2844   116172    2.13%
Elapsed time = 40.63 sec. (26082.36 ticks, tree = 8.09 MB, solutions = 1)
  10205  8106     3325.8149   154     3303.8620     3373.7112   121991    2.11%
  10679  8479     3347.1548   151     3303.8620     3372.5875   127706    2.08%
  10983  8710     3317.4690    90     3303.8620     3372.2361   130740    2.07%
  11135  8830     3310.8263   146     3303.8620     3371.9668   132715    2.06%
  11595  9209     3325.8579   139     3303.8620     3371.3779   137921    2.04%
  12138  9652     3339.6372   152     3303.8620     3371.0792   142825    2.03%
  12501  9926     3325.0298   129     3303.8620     3370.5647   147746    2.02%
  12919 10240     3311.2630   137     3303.8620     3369.9112   152791    2.00%
  13317 10536     3338.1531   111     3303.8620     3369.2420   158384    1.98%
  13723 10840     3331.0001   115     3303.8620     3368.7481   164220    1.96%
Elapsed time = 57.73 sec. (36870.70 ticks, tree = 11.63 MB, solutions = 1)
  14201 11203     3317.3244   146     3303.8620     3367.9323   170485    1.94%
  14631 11511     3317.2706   145     3303.8620     3367.1714   176161    1.92%
  15077 11854     3306.5407   171     3303.8620     3366.0315   182337    1.88%
  15548 12189     3341.1099   113     3303.8620     3365.1914   188455    1.86%
  16136 12666     3343.5724   100     3303.8620     3364.6334   194217    1.84%
  16632 13073     3317.4073    71     3303.8620     3364.1922   199079    1.83%
  17021 13330     3332.3154   172     3303.8620     3363.5673   204229    1.81%
  17464 13667     3341.3463   174     3303.8620     3363.2780   209119    1.80%
  17938 14019     3309.5411   133     3303.8620     3362.9104   213762    1.79%
  18385 14333     3331.3765   148     3303.8620     3362.5088   218851    1.78%
Elapsed time = 73.19 sec. (46434.70 ticks, tree = 15.24 MB, solutions = 1)
  18823 14654     3329.7974   151     3303.8620     3362.0855   223766    1.76%
  19323 15014     3323.3117   163     3303.8620     3361.6978   229291    1.75%
  19891 15470     3330.0503   101     3303.8620     3361.4491   234501    1.74%
  20399 15838        cutoff           3303.8620     3361.0623   240131    1.73%
  20923 16243     3323.8551   176     3303.8620     3360.8114   245763    1.72%
  21441 16610     3306.4002   132     3303.8620     3360.3819   251834    1.71%
  21936 16996     3332.4528    86     3303.8620     3360.0073   257877    1.70%
  22433 17351     3339.2762   167     3303.8620     3359.7187   263582    1.69%
  23044 17834     3311.2794   142     3303.8620     3359.4548   269123    1.68%
  23529 18145     3331.0377   157     3303.8620     3359.1747   274959    1.67%
Elapsed time = 90.16 sec. (56041.10 ticks, tree = 19.76 MB, solutions = 1)
  23958 18393     3328.7193   168     3303.8620     3358.6709   281196    1.66%
  24548 18878     3333.3126   119     3303.8620     3358.4817   286313    1.65%
  25093 19314     3350.8222   102     3303.8620     3358.3539   291622    1.65%
  25595 19700     3314.9082   120     3303.8620     3358.1964   296185    1.64%
  26097 20067     3310.6211   164     3303.8620     3357.9616   301708    1.64%
  26608 20458     3309.2835   168     3303.8620     3357.7598   306483    1.63%
  27123 20808     3310.8329   142     3303.8620     3357.4179   312134    1.62%
  27564 21087     3350.4879   125     3303.8620     3357.0953   317603    1.61%
  28169 21558     3315.6579   146     3303.8620     3356.8865   323050    1.60%
  28741 21973     3323.2942    99     3303.8620     3356.5752   328680    1.60%
Elapsed time = 104.72 sec. (65612.19 ticks, tree = 23.99 MB, solutions = 1)
  29321 22423     3317.6343   166     3303.8620     3356.2649   334339    1.59%
  29808 22760     3325.6009   175     3303.8620     3355.9724   339810    1.58%
  30418 23207     3317.8793   142     3303.8620     3355.7933   345573    1.57%
  30982 23635     3324.5187   104     3303.8620     3355.5334   350984    1.56%
  31627 24134     3310.7780   132     3303.8620     3355.2171   356256    1.55%
  32235 24572        cutoff           3303.8620     3354.8745   361804    1.54%
  32790 24998     3305.3721   124     3303.8620     3354.7359   366861    1.54%
  33401 25464     3335.6709   122     3303.8620     3354.5178   372050    1.53%
  34029 25924        cutoff           3303.8620     3354.0981   377823    1.52%
  34621 26314     3309.0354   105     3303.8620     3353.7388   383127    1.51%
Elapsed time = 118.77 sec. (75174.91 ticks, tree = 28.50 MB, solutions = 1)
  35173 26695     3305.9338    80     3303.8620     3353.5042   388134    1.50%
  35617 26998     3317.5162   102     3303.8620     3353.3089   393076    1.50%
  36121 27348     3341.5517   101     3303.8620     3353.1354   398981    1.49%
  36706 27803     3322.1880   129     3303.8620     3352.8930   403768    1.48%
  37279 28220     3340.7782   135     3303.8620     3352.7522   408801    1.48%
  37836 28595     3333.5231   111     3303.8620     3352.4942   413842    1.47%
  38351 28953     3344.2421   110     3303.8620     3352.2245   419064    1.46%
  39012 29440     3321.7345    74     3303.8620     3352.0084   424483    1.46%
  39563 29807     3309.7844   134     3303.8620     3351.7168   430330    1.45%
  40134 30220     3306.3157   113     3303.8620     3351.5147   435970    1.44%
Elapsed time = 132.96 sec. (84715.92 ticks, tree = 32.56 MB, solutions = 1)
  40751 30698     3306.9966   122     3303.8620     3351.3526   441344    1.44%
  41362 31132     3307.8678   101     3303.8620     3351.1887   446681    1.43%
  41969 31564     3306.1125   157     3303.8620     3350.9962   452258    1.43%
  42523 31957     3311.3367   140     3303.8620     3350.8365   457506    1.42%
  43073 32312     3311.3273    95     3303.8620     3350.6571   463260    1.42%
  43672 32752     3333.2720   108     3303.8620     3350.5175   468832    1.41%
  44345 33271     3331.5374   137     3303.8620     3350.3384   474149    1.41%
  44946 33721     3307.0965   126     3303.8620     3350.2237   479365    1.40%
  45509 34129     3315.2053   108     3303.8620     3350.1052   484653    1.40%
  47861 35802     3315.4682   102     3303.8620     3349.4924   505609    1.38%
Elapsed time = 151.29 sec. (97129.57 ticks, tree = 39.31 MB, solutions = 1)
  50214 37487     3297.7523   115     3303.8620     3348.9058   526222    1.36%
  52681 39290     3305.5226    69     3303.8620     3348.4409   546459    1.35%
  55106 40990     3317.1071    99     3303.8620     3347.8391   569707    1.33%
  57549 42706     3304.1763   130     3303.8620     3347.3057   591681    1.31%
  59877 44342     3306.4415   118     3303.8620     3346.8416   612563    1.30%
  61990 45718        cutoff           3303.8620     3346.1979   633913    1.28%
  64237 47244        cutoff           3303.8620     3345.6443   654322    1.26%
  66580 48849     3332.1193    98     3303.8620     3345.1590   675666    1.25%
  69063 50511     3311.7851   132     3303.8620     3344.6342   697330    1.23%
  71474 52204     3303.8846   145     3303.8620     3344.1645   719149    1.22%
Elapsed time = 208.73 sec. (135310.23 ticks, tree = 56.41 MB, solutions = 1)
  73979 53938     3321.1489   139     3303.8620     3343.8271   740372    1.21%
  76421 55584     3305.8719    79     3303.8620     3343.4519   761315    1.20%
  78713 57078     3315.6687   159     3303.8620     3343.0401   783039    1.19%
  81130 58659        cutoff           3303.8620     3342.6249   804148    1.17%
  83589 60304     3314.3364   138     3303.8620     3342.2803   825799    1.16%
  86018 61899        cutoff           3303.8620     3341.9274   847862    1.15%
  88485 63499     3309.5187    63     3303.8620     3341.5676   869801    1.14%
  91023 65150     3314.4481    85     3303.8620     3341.1482   891780    1.13%
  93379 66739     3326.2714   132     3303.8620     3340.9051   910920    1.12%
  95669 68181     3315.9461   176     3303.8620     3340.5614   932511    1.11%
Elapsed time = 264.01 sec. (173502.41 ticks, tree = 75.01 MB, solutions = 1)
  98101 69692     3317.9312   154     3303.8620     3340.1794   954166    1.10%
 100558 71194     3322.7188    62     3303.8620     3339.7920   976289    1.09%
 102922 72687     3317.1901    92     3303.8620     3339.4680   998817    1.08%
 105237 74093     3310.5687    94     3303.8620     3339.1250  1020595    1.07%
 107682 75617     3330.4409   126     3303.8620     3338.8034  1041656    1.06%
 110057 77164     3304.8857   139     3303.8620     3338.5368  1062716    1.05%
 112348 78592     3318.0048   165     3303.8620     3338.2392  1083521    1.04%
 114748 80073     3318.8523   103     3303.8620     3337.9615  1104772    1.03%
 117122 81526     3323.4320    97     3303.8620     3337.6898  1126581    1.02%
 119569 82990     3329.8821   118     3303.8620     3337.3970  1149093    1.02%
Elapsed time = 321.32 sec. (211671.80 ticks, tree = 90.53 MB, solutions = 1)
 122108 84570     3310.5025    58     3303.8620     3337.1290  1171247    1.01%
 124487 85984     3322.3835    89     3303.8620     3336.8695  1193387    1.00%
 126849 87328     3317.7591   101     3303.8620     3336.5805  1216347    0.99%
 129356 88834     3306.0963   101     3303.8620     3336.3263  1237566    0.98%
 131701 90189     3334.8150   130     3303.8620     3336.0804  1259191    0.98%
 134182 91693     3319.9738   134     3303.8620     3335.8409  1280888    0.97%
 136619 93089     3312.8187   137     3303.8620     3335.5799  1302553    0.96%
 139048 94416     3311.8122    96     3303.8620     3335.3066  1325497    0.95%
 141650 95920     3309.4019    81     3303.8620     3335.0829  1347808    0.94%
 144159 97361     3330.0282   121     3303.8620     3334.8313  1370919    0.94%
Elapsed time = 378.67 sec. (249837.79 ticks, tree = 105.59 MB, solutions = 1)
 146593 98743        cutoff           3303.8620     3334.6453  1392941    0.93%
 148984 100142        cutoff           3303.8620     3334.4117  1414339    0.92%
 151544 101638        cutoff           3303.8620     3334.2018  1435515    0.92%
 153893 102848     3328.6042   138     3303.8620     3333.9839  1457359    0.91%
 156424 104374     3303.9960   101     3303.8620     3333.7981  1479620    0.91%
 158898 105730        cutoff           3303.8620     3333.5888  1501708    0.90%
 161349 107008     3313.0945   148     3303.8620     3333.3426  1525885    0.89%
 163754 108348     3306.7151   101     3303.8620     3333.1352  1549330    0.89%
 166200 109689     3317.5493   105     3303.8620     3332.9346  1572000    0.88%
 168698 111126     3313.6772   109     3303.8620     3332.7328  1592864    0.87%
Elapsed time = 434.99 sec. (288002.72 ticks, tree = 120.11 MB, solutions = 1)
 171152 112458     3312.5493   110     3303.8620     3332.5229  1615352    0.87%
 173519 113715     3312.2280   173     3303.8620     3332.3394  1637286    0.86%
 176090 115171     3309.1431   110     3303.8620     3332.1725  1659273    0.86%
 178478 116361     3317.4667   177     3303.8620     3331.9875  1681912    0.85%
 180987 117687     3319.6089   155     3303.8620     3331.8028  1704652    0.85%
 183544 119062     3315.6063   133     3303.8620     3331.6263  1727179    0.84%
 185989 120307     3308.7574   133     3303.8620     3331.4460  1750998    0.83%
 188401 121502     3315.9717   104     3303.8620     3331.2717  1773861    0.83%
 190923 122761     3323.2220   144     3303.8620     3331.0900  1795947    0.82%
 193197 123835     3306.9690   114     3303.8620     3330.9312  1818637    0.82%
Elapsed time = 492.06 sec. (326184.38 ticks, tree = 133.51 MB, solutions = 1)
 195682 125130     3305.1860   121     3303.8620     3330.7718  1841284    0.81%
 198201 126464     3317.0241    96     3303.8620     3330.5875  1864652    0.81%
 200654 127738     3318.6610   128     3303.8620     3330.4318  1886582    0.80%
 203059 128860     3313.8608   126     3303.8620     3330.2620  1910108    0.80%
 205568 130123     3310.9886    94     3303.8620     3330.0770  1933319    0.79%
 208005 131297        cutoff           3303.8620     3329.9177  1956949    0.79%
 210569 132663        cutoff           3303.8620     3329.7606  1979676    0.78%
 213064 133900        cutoff           3303.8620     3329.6067  2002084    0.78%
 215530 135178     3310.6543   146     3303.8620     3329.4506  2024236    0.77%
 218043 136496     3307.5078   130     3303.8620     3329.2991  2045605    0.77%
Elapsed time = 548.18 sec. (364359.28 ticks, tree = 148.63 MB, solutions = 1)
 220602 137758     3315.5160   101     3303.8620     3329.1466  2067877    0.77%
 223027 138907        cutoff           3303.8620     3328.9951  2090611    0.76%
 225475 140022     3316.0111   101     3303.8620     3328.8344  2113541    0.76%
 227864 141061        cutoff           3303.8620     3328.6699  2135667    0.75%
 230246 142191     3316.3216    87     3303.8620     3328.5215  2157090    0.75%
 232775 143467     3304.5488   118     3303.8620     3328.3951  2179324    0.74%
 235196 144559     3315.3900   121     3303.8620     3328.2457  2201889    0.74%
 237526 145523     3304.4857    88     3303.8620     3328.0971  2223997    0.73%
 239884 146620     3304.1492    75     3303.8620     3327.9570  2245428    0.73%
 242181 147613     3321.7738   135     3303.8620     3327.8125  2268120    0.72%
Elapsed time = 603.83 sec. (402516.00 ticks, tree = 160.48 MB, solutions = 1)
 244603 148686     3308.3639    99     3303.8620     3327.6768  2291311    0.72%
 247090 149901     3309.6630    76     3303.8620     3327.5604  2313579    0.72%
 249514 150962     3315.3394   135     3303.8620     3327.4161  2336336    0.71%
 251944 152051     3315.4582    92     3303.8620     3327.2897  2358721    0.71%
 254357 153096     3314.1460   111     3303.8620     3327.1518  2380810    0.70%
 256851 154137     3304.9282   106     3303.8620     3327.0004  2403777    0.70%
 259293 155236     3308.6873   121     3303.8620     3326.8746  2425283    0.70%
 261729 156312     3306.3240   131     3303.8620     3326.7487  2447188    0.69%
 264143 157301        cutoff           3303.8620     3326.6135  2468926    0.69%
 266468 158155        cutoff           3303.8620     3326.4841  2491717    0.68%
Elapsed time = 661.32 sec. (440680.89 ticks, tree = 172.85 MB, solutions = 1)
 268953 159189     3305.2868   138     3303.8620     3326.3523  2514801    0.68%
 271322 160098        cutoff           3303.8620     3326.2326  2536628    0.68%
 273751 161039        cutoff           3303.8620     3326.1012  2559339    0.67%
 276226 162067     3312.9665   145     3303.8620     3325.9635  2581813    0.67%
 278658 162921     3313.8210   116     3303.8620     3325.8217  2605250    0.66%
 281091 163890        cutoff           3303.8620     3325.6924  2627555    0.66%
 283657 164943     3308.5961   142     3303.8620     3325.5579  2650480    0.66%
 285938 165692     3309.3091   106     3303.8620     3325.4168  2672703    0.65%
 288321 166516     3316.0473    99     3303.8620     3325.2778  2695852    0.65%
 290753 167401     3322.7352   123     3303.8620     3325.1499  2718151    0.64%
Elapsed time = 718.10 sec. (478840.74 ticks, tree = 182.84 MB, solutions = 1)
 293064 168157     3308.3459   138     3303.8620     3325.0257  2740905    0.64%
 295559 169079     3308.9645   118     3303.8620     3324.9063  2762907    0.64%
 298023 169915     3309.6547    98     3303.8620     3324.7804  2785907    0.63%
 300457 170682     3307.3329   139     3303.8620     3324.6555  2809797    0.63%
 302923 171553     3320.8072   126     3303.8620     3324.5344  2831926    0.63%
 305514 172492     3304.8825   126     3303.8620     3324.4082  2854246    0.62%
 308097 173456     3305.9870   125     3303.8620     3324.3008  2877264    0.62%
 310486 174223     3308.8044   107     3303.8620     3324.1765  2900857    0.61%
 312775 174919     3311.1785    75     3303.8620     3324.0653  2923470    0.61%
 315216 175755     3316.1144    85     3303.8620     3323.9367  2947234    0.61%
Elapsed time = 773.88 sec. (517017.76 ticks, tree = 191.92 MB, solutions = 1)
 317476 176433     3309.3998    97     3303.8620     3323.8122  2969627    0.60%
 319755 177034        cutoff           3303.8620     3323.6872  2992103    0.60%
 322038 177680        cutoff           3303.8620     3323.5716  3015200    0.60%
 324348 178380        cutoff           3303.8620     3323.4637  3037479    0.59%
 326708 179057        cutoff           3303.8620     3323.3330  3061141    0.59%
 329098 179776     3308.3774   104     3303.8620     3323.2239  3083403    0.59%
 331582 180572     3322.7874   149     3303.8620     3323.1182  3106984    0.58%
 334013 181224     3308.4850   139     3303.8620     3322.9987  3130077    0.58%
 336180 181768     3322.1663   136     3303.8620     3322.8794  3151099    0.58%
 338626 182475     3314.0866    99     3303.8620     3322.7632  3174552    0.57%
Elapsed time = 829.55 sec. (555196.94 ticks, tree = 199.28 MB, solutions = 1)
 340826 183017     3308.7274   106     3303.8620     3322.6467  3196823    0.57%
 343284 183753        cutoff           3303.8620     3322.5407  3219555    0.57%
 345586 184318     3305.0335   105     3303.8620     3322.4302  3242024    0.56%
 347859 184744     3316.2468   119     3303.8620     3322.3089  3264443    0.56%
 350297 185310     3308.2724    92     3303.8620     3322.1893  3287914    0.55%
 352616 185771     3318.9492   129     3303.8620     3322.0631  3312021    0.55%
 355075 186401     3310.0322    93     3303.8620     3321.9405  3335177    0.55%
 357523 187060     3305.0923   105     3303.8620     3321.8339  3357946    0.54%
 359935 187675     3309.7856   128     3303.8620     3321.7288  3381351    0.54%
 362389 188298     3315.2361   121     3303.8620     3321.6227  3404073    0.54%
Elapsed time = 885.81 sec. (593364.70 ticks, tree = 205.72 MB, solutions = 1)
 364838 188913        cutoff           3303.8620     3321.5168  3426603    0.53%
 367196 189390     3310.6354   152     3303.8620     3321.4044  3449170    0.53%
 369433 189826     3305.1323   113     3303.8620     3321.3041  3471696    0.53%
 371891 190497     3308.7874    84     3303.8620     3321.2172  3493693    0.53%
 374257 190967     3307.0692    75     3303.8620     3321.1123  3515969    0.52%
 376585 191354        cutoff           3303.8620     3320.9940  3538295    0.52%
 379004 191947        cutoff           3303.8620     3320.8973  3561569    0.52%
 381463 192483     3313.3629    90     3303.8620     3320.7890  3584616    0.51%
 383881 193018        cutoff           3303.8620     3320.6894  3607281    0.51%
 386300 193540        cutoff           3303.8620     3320.5896  3630005    0.51%
Elapsed time = 942.39 sec. (631528.69 ticks, tree = 212.87 MB, solutions = 1)
 388679 193909     3319.9442   107     3303.8620     3320.4847  3653376    0.50%
 390998 194257     3305.4019    93     3303.8620     3320.3784  3676649    0.50%
 393305 194755        cutoff           3303.8620     3320.2869  3698481    0.50%
 395610 195216     3314.8870   113     3303.8620     3320.1974  3719819    0.49%
 397965 195575     3307.3308   128     3303.8620     3320.0917  3742596    0.49%
 400173 195950     3308.8591   101     3303.8620     3319.9913  3763529    0.49%
 402286 196181     3305.6500   104     3303.8620     3319.8967  3785834    0.49%
 404587 196514     3311.9281    92     3303.8620     3319.7959  3807688    0.48%
 406911 196935     3312.2148   109     3303.8620     3319.7035  3829820    0.48%
 409175 197418     3306.8040   110     3303.8620     3319.6152  3850778    0.48%
Elapsed time = 999.25 sec. (669696.03 ticks, tree = 217.26 MB, solutions = 1)
 411424 197552     3307.8636   109     3303.8620     3319.5084  3874176    0.47%
 413647 197710        cutoff           3303.8620     3319.4044  3896217    0.47%
 415878 197900     3319.1311   121     3303.8620     3319.3031  3918679    0.47%
 418202 198200     3309.4424    76     3303.8620     3319.2056  3941607    0.46%
 420508 198478     3310.6469   101     3303.8620     3319.1089  3964992    0.46%
 422791 198664     3312.3772   114     3303.8620     3319.0070  3987915    0.46%
 425082 198972     3305.2712   146     3303.8620     3318.9140  4009280    0.46%
 427447 199251     3315.6900   116     3303.8620     3318.8221  4031613    0.45%
 429642 199425     3308.8249   109     3303.8620     3318.7243  4053536    0.45%
 431817 199492     3314.0223   123     3303.8620     3318.6226  4076532    0.45%
Elapsed time = 1055.47 sec. (707869.75 ticks, tree = 219.74 MB, solutions = 1)
 434110 199729     3313.7477    97     3303.8620     3318.5323  4098592    0.44%
 436427 199983     3312.0752   141     3303.8620     3318.4426  4121082    0.44%
 438621 200133        cutoff           3303.8620     3318.3493  4143251    0.44%
 440849 200399     3303.9150    98     3303.8620     3318.2614  4165510    0.44%
 443143 200549        cutoff           3303.8620     3318.1695  4187819    0.43%
 445326 200546     3312.6772   103     3303.8620     3318.0702  4210017    0.43%
 447584 200723     3313.2108    90     3303.8620     3317.9748  4230797    0.43%
 449927 200864        cutoff           3303.8620     3317.8788  4252545    0.42%
 452215 201072     3315.0489   109     3303.8620     3317.7939  4274220    0.42%
 454538 201304     3307.4313    89     3303.8620     3317.7108  4296415    0.42%
Elapsed time = 1111.13 sec. (746037.16 ticks, tree = 221.96 MB, solutions = 1)
 456760 201437        cutoff           3303.8620     3317.6242  4318703    0.42%
 458947 201462     3305.8936    83     3303.8620     3317.5244  4340616    0.41%
 461060 201421     3306.1253    84     3303.8620     3317.4313  4362690    0.41%
 463178 201410     3304.9869   117     3303.8620     3317.3395  4383772    0.41%
 465443 201579     3315.4018   141     3303.8620     3317.2556  4404982    0.41%
 467653 201643     3309.3427   112     3303.8620     3317.1755  4426724    0.40%
 469866 201619        cutoff           3303.8620     3317.0890  4448496    0.40%
 472110 201816        cutoff           3303.8620     3317.0096  4469650    0.40%
 474305 201645        cutoff           3303.8620     3316.9117  4492730    0.39%
 476684 201705        cutoff           3303.8620     3316.8215  4515094    0.39%
Elapsed time = 1167.09 sec. (784197.13 ticks, tree = 222.69 MB, solutions = 1)
 478998 201672     3304.7585    89     3303.8620     3316.7311  4537900    0.39%
 481351 201694        cutoff           3303.8620     3316.6457  4559399    0.39%
 483647 201531     3309.9587    93     3303.8620     3316.5446  4582415    0.38%
 485880 201371     3308.3159   114     3303.8620     3316.4535  4604879    0.38%
 488139 201219        cutoff           3303.8620     3316.3595  4627550    0.38%
 490306 201002     3308.5220    95     3303.8620     3316.2614  4649720    0.38%
 492443 200708     3305.6955   125     3303.8620     3316.1656  4670957    0.37%
 494637 200572     3310.2641   128     3303.8620     3316.0838  4692898    0.37%
 496877 200487     3306.4424    87     3303.8620     3315.9909  4714369    0.37%
 499061 200195        cutoff           3303.8620     3315.8994  4736536    0.36%
Elapsed time = 1221.98 sec. (822357.14 ticks, tree = 221.40 MB, solutions = 1)
 501323 200033     3306.7870    92     3303.8620     3315.8112  4757947    0.36%
 503509 199784        cutoff           3303.8620     3315.7239  4780249    0.36%
 505835 199753        cutoff           3303.8620     3315.6400  4802347    0.36%
 508117 199571     3310.7788   106     3303.8620     3315.5525  4824686    0.35%
 510313 199269     3304.8789    75     3303.8620     3315.4605  4846534    0.35%
 512632 198920        cutoff           3303.8620     3315.3696  4868813    0.35%
 514877 198611     3307.6189   130     3303.8620     3315.2731  4890309    0.35%
 517130 198254     3313.0281    91     3303.8620     3315.1791  4911675    0.34%
 519416 197978        cutoff           3303.8620     3315.0893  4932971    0.34%
 521626 197652     3304.6751    88     3303.8620     3315.0037  4954483    0.34%
Elapsed time = 1276.72 sec. (860522.80 ticks, tree = 219.02 MB, solutions = 1)
 523765 197377        cutoff           3303.8620     3314.9224  4975102    0.33%
 526053 197177     3306.5910    27     3303.8620     3314.8384  4996025    0.33%
 528298 196834     3307.1013    78     3303.8620     3314.7538  5017017    0.33%
 530479 196481        cutoff           3303.8620     3314.6708  5037610    0.33%
 532684 196036     3305.0843   158     3303.8620     3314.5856  5058235    0.32%
 534885 195588        cutoff           3303.8620     3314.5006  5078640    0.32%
 537088 195119     3310.0665   104     3303.8620     3314.4120  5099837    0.32%
 539235 194645        cutoff           3303.8620     3314.3238  5121026    0.32%
 541360 194134        cutoff           3303.8620     3314.2375  5142261    0.31%
 543603 193771     3310.0284    84     3303.8620     3314.1584  5163404    0.31%
Elapsed time = 1332.07 sec. (898693.18 ticks, tree = 215.19 MB, solutions = 1)
 545821 193285     3309.4335   127     3303.8620     3314.0731  5184141    0.31%
 547977 192805     3303.9155   152     3303.8620     3313.9866  5204816    0.31%
 550114 192320     3313.2545    92     3303.8620     3313.9042  5225561    0.30%
 552370 191825     3306.6082    84     3303.8620     3313.8196  5247398    0.30%
 554554 191222     3310.3739    77     3303.8620     3313.7311  5268189    0.30%
 556700 190589     3309.5321   110     3303.8620     3313.6486  5288722    0.30%
 558832 190071        cutoff           3303.8620     3313.5693  5309044    0.29%
 561034 189569        cutoff           3303.8620     3313.4886  5329069    0.29%
 563156 188869     3308.0858   103     3303.8620     3313.4016  5349827    0.29%
 565242 188235        cutoff           3303.8620     3313.3199  5369964    0.29%
Elapsed time = 1389.66 sec. (936855.85 ticks, tree = 209.61 MB, solutions = 1)
 567318 187408        cutoff           3303.8620     3313.2321  5389593    0.28%
 569425 186753        cutoff           3303.8620     3313.1459  5410601    0.28%
 571541 186021        cutoff           3303.8620     3313.0597  5431136    0.28%
 573752 185384        cutoff           3303.8620     3312.9771  5450681    0.28%
 575890 184619        cutoff           3303.8620     3312.8931  5471362    0.27%
 577985 183873        cutoff           3303.8620     3312.8129  5491700    0.27%
 580135 183194        cutoff           3303.8620     3312.7332  5511335    0.27%
 582248 182403     3305.9468    55     3303.8620     3312.6523  5531302    0.27%
 584311 181568     3307.8064   108     3303.8620     3312.5728  5550608    0.26%
 586430 180842     3311.1083    97     3303.8620     3312.4975  5570376    0.26%
Elapsed time = 1444.97 sec. (975026.93 ticks, tree = 202.02 MB, solutions = 1)
 588579 180173     3307.3418   149     3303.8620     3312.4203  5589796    0.26%
 590706 179300        cutoff           3303.8620     3312.3314  5609314    0.26%
 592764 178447        cutoff           3303.8620     3312.2519  5628520    0.25%
 594839 177627        cutoff           3303.8620     3312.1785  5647572    0.25%
 596917 176744        cutoff           3303.8620     3312.0971  5666382    0.25%
 598993 175920        cutoff           3303.8620     3312.0185  5685548    0.25%
 601053 175155        cutoff           3303.8620     3311.9423  5704379    0.24%
 603147 174354     3304.2331   114     3303.8620     3311.8681  5723112    0.24%
 605274 173497        cutoff           3303.8620     3311.7853  5742640    0.24%
 607328 172492        cutoff           3303.8620     3311.7061  5761877    0.24%
Elapsed time = 1500.32 sec. (1013183.73 ticks, tree = 193.39 MB, solutions = 1)
 609379 171477     3304.4190   110     3303.8620     3311.6276  5781715    0.24%
 611535 170641     3305.1588   120     3303.8620     3311.5484  5800789    0.23%
 613589 169664     3304.6507    72     3303.8620     3311.4714  5819324    0.23%
 615611 168632        cutoff           3303.8620     3311.3906  5838500    0.23%
 617673 167585        cutoff           3303.8620     3311.3098  5856976    0.23%
 619736 166525        cutoff           3303.8620     3311.2330  5875689    0.22%
 621801 165567     3306.4810    58     3303.8620     3311.1594  5894103    0.22%
 623833 164530     3306.4630   109     3303.8620     3311.0828  5912920    0.22%
 625865 163528        cutoff           3303.8620     3311.0054  5931478    0.22%
 627921 162452        cutoff           3303.8620     3310.9283  5950092    0.21%
Elapsed time = 1555.15 sec. (1051342.65 ticks, tree = 182.93 MB, solutions = 1)
 629935 161418        cutoff           3303.8620     3310.8524  5968145    0.21%
 631940 160392     3304.7092    86     3303.8620     3310.7845  5985797    0.21%
 633915 159302     3304.2655    99     3303.8620     3310.7076  6003463    0.21%
 635904 158148     3305.9439   133     3303.8620     3310.6334  6020943    0.20%
 637888 157101     3306.6809    56     3303.8620     3310.5600  6038165    0.20%
 639833 155908     3305.0138    91     3303.8620     3310.4845  6055361    0.20%
 641837 154719        cutoff           3303.8620     3310.4102  6072996    0.20%
 643884 153594     3306.4675    68     3303.8620     3310.3334  6090284    0.20%
 645859 152333     3305.0649   102     3303.8620     3310.2567  6108224    0.19%
 647843 151097        cutoff           3303.8620     3310.1796  6125411    0.19%
Elapsed time = 1612.75 sec. (1089509.27 ticks, tree = 171.04 MB, solutions = 1)
 649837 149920     3306.8829    99     3303.8620     3310.1058  6142581    0.19%
 651785 148668        cutoff           3303.8620     3310.0329  6159690    0.19%
 653752 147441        cutoff           3303.8620     3309.9590  6176371    0.18%
 655756 146310        cutoff           3303.8620     3309.8912  6193402    0.18%
 657764 145046        cutoff           3303.8620     3309.8189  6210553    0.18%
 659740 143766        cutoff           3303.8620     3309.7466  6227558    0.18%
 661717 142492        cutoff           3303.8620     3309.6717  6243914    0.18%
 663719 141135     3306.9221    99     3303.8620     3309.5971  6260135    0.17%
 665725 139852     3305.4841    65     3303.8620     3309.5276  6276587    0.17%
 667640 138521        cutoff           3303.8620     3309.4570  6292294    0.17%
Elapsed time = 1668.35 sec. (1127668.86 ticks, tree = 157.75 MB, solutions = 1)
 669675 137197        cutoff           3303.8620     3309.3832  6308170    0.17%
 670714 136446        cutoff           3303.8620     3309.3436  6316516    0.17%
 672660 135007        cutoff           3303.8620     3309.2733  6331952    0.16%
 674617 133705     3304.7716    13     3303.8620     3309.2029  6347232    0.16%
 676587 132357        cutoff           3303.8620     3309.1282  6362574    0.16%
 678532 131054        cutoff           3303.8620     3309.0618  6377906    0.16%
 680485 129655        cutoff           3303.8620     3308.9939  6393291    0.16%
 682466 128279     3305.2423    83     3303.8620     3308.9235  6408559    0.15%
 684417 126878        cutoff           3303.8620     3308.8540  6423542    0.15%
 686388 125466     3305.4247   112     3303.8620     3308.7869  6439228    0.15%
Elapsed time = 1722.66 sec. (1165832.11 ticks, tree = 143.88 MB, solutions = 1)
 688394 123992     3308.1803    91     3303.8620     3308.7172  6454475    0.15%
 690357 122631        cutoff           3303.8620     3308.6527  6469132    0.15%
 692352 121231        cutoff           3303.8620     3308.5855  6484052    0.14%
 694283 119706     3306.1329   101     3303.8620     3308.5163  6498980    0.14%
 696273 118267        cutoff           3303.8620     3308.4485  6513818    0.14%
 698243 116773        cutoff           3303.8620     3308.3780  6528183    0.14%
 700214 115298     3304.2407    75     3303.8620     3308.3097  6542385    0.13%
 702222 113861     3308.2416    80     3303.8620     3308.2415  6556925    0.13%
 704193 112343        cutoff           3303.8620     3308.1736  6571440    0.13%
 706149 110764        cutoff           3303.8620     3308.1022  6585436    0.13%
Elapsed time = 1780.84 sec. (1203997.11 ticks, tree = 128.20 MB, solutions = 1)
 708073 109231        cutoff           3303.8620     3308.0327  6599350    0.13%
 710010 107798        cutoff           3303.8620     3307.9688  6613042    0.12%
 711987 106256        cutoff           3303.8620     3307.8993  6626974    0.12%
 713841 104698        cutoff           3303.8620     3307.8330  6640399    0.12%
 715750 103141        cutoff           3303.8620     3307.7673  6653542    0.12%
 717696 101532        cutoff           3303.8620     3307.7015  6666998    0.12%
 719647 99953     3304.8365    97     3303.8620     3307.6338  6680251    0.11%
 721569 98405        cutoff           3303.8620     3307.5719  6692912    0.11%
 723506 96731        cutoff           3303.8620     3307.5058  6705307    0.11%
 725435 95144        cutoff           3303.8620     3307.4391  6717823    0.11%
Elapsed time = 1837.76 sec. (1242155.25 ticks, tree = 111.43 MB, solutions = 1)
 727345 93578     3305.0439   105     3303.8620     3307.3731  6730188    0.11%
 729285 91942        cutoff           3303.8620     3307.3105  6742639    0.10%
 731212 90256        cutoff           3303.8620     3307.2456  6755120    0.10%
 733185 88637        cutoff           3303.8620     3307.1824  6767419    0.10%
 735157 86999        cutoff           3303.8620     3307.1173  6779598    0.10%
 737127 85358     3304.0249   130     3303.8620     3307.0550  6791511    0.10%
 739068 83643        cutoff           3303.8620     3306.9890  6803410    0.09%
 741025 81945        cutoff           3303.8620     3306.9240  6815201    0.09%
 742951 80208        cutoff           3303.8620     3306.8596  6826797    0.09%
 744892 78449     3304.8240    99     3303.8620     3306.7939  6837889    0.09%
Elapsed time = 1895.41 sec. (1280313.09 ticks, tree = 93.44 MB, solutions = 1)
 746817 76694        cutoff           3303.8620     3306.7294  6849431    0.09%
 748805 74970        cutoff           3303.8620     3306.6671  6860479    0.08%
 750729 73243        cutoff           3303.8620     3306.6023  6871817    0.08%
 752659 71507        cutoff           3303.8620     3306.5405  6882812    0.08%
 754606 69763        cutoff           3303.8620     3306.4763  6893474    0.08%
 756537 68001        cutoff           3303.8620     3306.4100  6904141    0.08%
 758478 66262     3303.9668    88     3303.8620     3306.3485  6914636    0.08%
 760396 64485        cutoff           3303.8620     3306.2829  6924653    0.07%
 762249 62783        cutoff           3303.8620     3306.2220  6934432    0.07%
 764210 60965        cutoff           3303.8620     3306.1575  6944669    0.07%
Elapsed time = 1953.06 sec. (1318476.56 ticks, tree = 74.50 MB, solutions = 1)
 766124 59207        cutoff           3303.8620     3306.0939  6954398    0.07%
 768094 57366        cutoff           3303.8620     3306.0259  6964391    0.07%
 770004 55579        cutoff           3303.8620     3305.9625  6973720    0.06%
 771937 53770        cutoff           3303.8620     3305.8972  6983399    0.06%
 773836 52003        cutoff           3303.8620     3305.8361  6992546    0.06%
 775790 50166     3304.6132    49     3303.8620     3305.7715  7001742    0.06%
 777643 48427        cutoff           3303.8620     3305.7134  7010710    0.06%
 779651 46504        cutoff           3303.8620     3305.6458  7020111    0.05%
 781633 44608        cutoff           3303.8620     3305.5800  7029084    0.05%
 783547 42808        cutoff           3303.8620     3305.5166  7037808    0.05%
Elapsed time = 2009.98 sec. (1356638.38 ticks, tree = 54.73 MB, solutions = 1)
 785541 40924        cutoff           3303.8620     3305.4449  7046574    0.05%
 787532 39025        cutoff           3303.8620     3305.3774  7054952    0.05%
 789565 37064        cutoff           3303.8620     3305.3087  7063739    0.04%
 791675 34999     3304.5814    85     3303.8620     3305.2348  7072366    0.04%
 793721 33023        cutoff           3303.8620     3305.1650  7080930    0.04%
 795764 31045     3304.9790    35     3303.8620     3305.0934  7089047    0.04%
 797867 28995        cutoff           3303.8620     3305.0199  7097387    0.04%
 799968 26950        cutoff           3303.8620     3304.9462  7105108    0.03%
 802055 24917        cutoff           3303.8620     3304.8715  7112799    0.03%
 804194 22826     3304.7770   151     3303.8620     3304.7958  7120672    0.03%
Elapsed time = 2066.90 sec. (1394799.22 ticks, tree = 32.89 MB, solutions = 1)
 806329 20730        cutoff           3303.8620     3304.7173  7128013    0.03%
 808451 18650        cutoff           3303.8620     3304.6381  7135324    0.02%
 810613 16517        cutoff           3303.8620     3304.5568  7142423    0.02%
 812793 14373        cutoff           3303.8620     3304.4753  7149290    0.02%
 814962 12240        cutoff           3303.8620     3304.3919  7155810    0.02%
 817168 10056        cutoff           3303.8620     3304.3045  7162238    0.01%
 819405  7833        cutoff           3303.8620     3304.2127  7168372    0.01%

Clique cuts applied:  2
Implied bound cuts applied:  231
Flow cuts applied:  51
Mixed integer rounding cuts applied:  80
Lift and project cuts applied:  139
Gomory fractional cuts applied:  80

Root node processing (before b&c):
  Real time             =    0.93 sec. (492.55 ticks)
Sequential b&c:
  Real time             = 2106.69 sec. (1423360.08 ticks)
                          ------------
Total (root+branch&cut) = 2107.62 sec. (1423852.63 ticks)
