1 of 1 MIP starts provided solutions.
MIP start 'm1' defined initial solution with objective 3173.4898.
Tried aggregator 14 times.
MIP Presolve eliminated 1218 rows and 1 columns.
Aggregator did 6539 substitutions.
Reduced MIP has 9033 rows, 7837 columns, and 41444 nonzeros.
Reduced MIP has 1200 binaries, 0 generals, 0 SOSs, and 0 indicators.
Presolve time = 0.29 sec. (144.37 ticks)
Probing time = 0.03 sec. (9.59 ticks)
Tried aggregator 1 time.
Reduced MIP has 9033 rows, 7837 columns, and 41444 nonzeros.
Reduced MIP has 1200 binaries, 0 generals, 0 SOSs, and 0 indicators.
Presolve time = 0.05 sec. (20.31 ticks)
Probing time = 0.02 sec. (9.16 ticks)
Clique table members: 9415.
MIP emphasis: balance optimality and feasibility.
MIP search method: dynamic search.
Parallel mode: none, using 1 thread.
Root relaxation solution time = 0.25 sec. (170.10 ticks)

        Nodes                                         Cuts/
   Node  Left     Objective  IInf  Best Integer    Best Bound    ItCnt     Gap

*     0+    0                         3173.4898    15934.7870     6474  402.12%
      0     0     3402.8299   193     3173.4898     3402.8299     6474    7.23%
      0     0     3333.9181   227     3173.4898     Cuts: 374     7232    5.06%
      0     0     3298.5854   210     3173.4898     Cuts: 333     7770    3.94%
      0     0     3283.2662   227     3173.4898     Cuts: 260     8192    3.46%
      0     0     3278.7098   282     3173.4898     Cuts: 302     8520    3.32%
      0     0     3276.0772   251     3173.4898     Cuts: 226     8716    3.23%
      0     0     3273.5747   267     3173.4898     Cuts: 172     8874    3.15%
      0     0     3272.5334   242     3173.4898     Cuts: 197     9117    3.12%
      0     0     3270.5000   268     3173.4898     Cuts: 101     9251    3.06%
      0     0     3269.3738   274     3173.4898     Cuts: 121     9388    3.02%
      0     0     3268.4684   263     3173.4898     Cuts: 189     9497    2.99%
      0     0     3267.7557   283     3173.4898     Cuts: 110     9632    2.97%
      0     0     3267.1262   274     3173.4898      Cuts: 63     9719    2.95%
      0     0     3265.7249   250     3173.4898      Cuts: 69     9818    2.91%
      0     0     3265.4394   265     3173.4898      Cuts: 95     9883    2.90%
      0     0     3265.2052   274     3173.4898      Cuts: 63     9932    2.89%
      0     2     3265.2052   274     3173.4898     3265.1468     9932    2.89%
Elapsed time = 5.93 sec. (3225.55 ticks, tree = 0.00 MB, solutions = 1)
      6     8     3212.6024   218     3173.4898     3264.1859    12327    2.86%
     10    12     3250.4384   237     3173.4898     3264.1859    13880    2.86%
     15    17     3248.3944   223     3173.4898     3264.1859    15170    2.86%
     17    19     3192.8125   184     3173.4898     3264.1859    16837    2.86%
     20    22     3242.0378   217     3173.4898     3264.1859    17550    2.86%
     25    27     3186.7640   201     3173.4898     3264.1859    19477    2.86%
     40    40     3217.7042   164     3173.4898     3264.1859    21156    2.86%
     66    64     3192.3248   126     3173.4898     3264.1859    22790    2.86%
     81    67     3251.4470   238     3173.4898     3263.7499    24073    2.84%
    141   119     3218.5676   196     3173.4898     3263.7285    31247    2.84%
Elapsed time = 11.77 sec. (6768.91 ticks, tree = 0.72 MB, solutions = 1)
    202   175     3193.8914   209     3173.4898     3257.8637    38050    2.66%
    244   208     3191.5106   244     3173.4898     3255.6947    45513    2.59%
    268   218     3254.1164   265     3173.4898     3255.5184    51402    2.58%
    320   270     3177.7154   226     3173.4898     3255.5184    57538    2.58%
    384   327     3176.4176   180     3173.4898     3254.9930    64910    2.57%
    409   337     3192.7619   224     3173.4898     3252.2451    71936    2.48%
    452   370     3220.8031   262     3173.4898     3250.4384    78303    2.42%
    505   407     3191.3541   225     3173.4898     3248.7951    86401    2.37%
    547   445     3184.9956   111     3173.4898     3248.3525    91920    2.36%
    592   486     3181.8987   177     3173.4898     3248.0868    98005    2.35%
Elapsed time = 28.26 sec. (16614.85 ticks, tree = 2.17 MB, solutions = 1)
    646   522        cutoff           3173.4898     3247.6054   104716    2.34%
    685   555     3237.6320   280     3173.4898     3247.4513   111721    2.33%
    735   601     3228.2310   293     3173.4898     3247.3880   117799    2.33%
    792   651     3182.1042   245     3173.4898     3247.2360   124867    2.32%
    814   663     3174.6816   267     3173.4898     3245.8720   132046    2.28%
    863   704     3224.1177   242     3173.4898     3244.4874   139113    2.24%
    912   739     3235.6252   278     3173.4898     3243.6318   145864    2.21%
    973   795     3211.5237   180     3173.4898     3243.4654   152534    2.21%
   1018   832     3222.8851   319     3173.4898     3222.8637   170024    1.56%
   1020   834     3221.2346   304     3173.4898     3221.2900   170862    1.51%
Elapsed time = 72.19 sec. (40633.50 ticks, tree = 3.47 MB, solutions = 1)
   1022   834     3189.5736   248     3173.4898     3221.2900   172165    1.51%
   1026   832     3182.5502   206     3173.4898     3221.2900   174014    1.51%
   1033   728     3206.1278   303     3173.4898     3220.4542   176452    1.48%
   1043   690        cutoff           3173.4898     3220.4542   178677    1.48%
   1061   666     3195.7547   212     3173.4898     3220.4542   182097    1.48%
   1088   628     3216.8845   256     3173.4898     3220.4099   185409    1.48%
   1144   653     3179.4868    73     3173.4898     3220.4099   189083    1.48%
   1171   652     3190.5454   235     3173.4898     3218.8061   192804    1.43%
   1207   648     3185.2221   254     3173.4898     3217.4677   198467    1.39%
   1238   631     3174.0245   186     3173.4898     3217.4429   203278    1.39%
Elapsed time = 91.60 sec. (52082.33 ticks, tree = 2.50 MB, solutions = 1)
   1253   597        cutoff           3173.4898     3215.6691   208585    1.33%
   1262   597     3195.0767   268     3173.4898     3214.9628   212252    1.31%
   1326   612     3178.8315   257     3173.4898     3214.2775   217985    1.29%
   1366   600     3194.8389   216     3173.4898     3213.2034   225504    1.25%
   1415   609     3197.6887   255     3173.4898     3212.2254   231617    1.22%
   1460   629     3175.3638   118     3173.4898     3212.2254   235190    1.22%
   1502   640     3187.9680   192     3173.4898     3211.5240   239150    1.20%
   1538   638     3204.9183   225     3173.4898     3210.8166   242087    1.18%
   1620   668     3191.5102   249     3173.4898     3210.1185   247640    1.15%
   1661   681     3196.8812   284     3173.4898     3209.4444   253984    1.13%
Elapsed time = 109.41 sec. (62625.36 ticks, tree = 2.46 MB, solutions = 1)
   1707   682     3187.0963   154     3173.4898     3209.0483   258737    1.12%
   1755   697     3189.0282   205     3173.4898     3207.2306   262988    1.06%
   1864   711     3195.5740   168     3173.4898     3206.5884   267426    1.04%
   1968   738        cutoff           3173.4898     3205.9312   272034    1.02%
   2002   728     3199.7053   144     3173.4898     3205.0201   277813    0.99%
   2062   722        cutoff           3173.4898     3203.2948   285634    0.94%
   2076   714     3181.7846   201     3173.4898     3203.2054   290470    0.94%
   2162   750     3183.5159   186     3173.4898     3202.4638   296585    0.91%
   2201   770     3180.4273   259     3173.4898     3201.6494   302396    0.89%
   2224   785     3179.2524   247     3173.4898     3201.6203   307249    0.89%
Elapsed time = 126.43 sec. (72669.60 ticks, tree = 2.63 MB, solutions = 1)
   2252   791     3197.1750   235     3173.4898     3198.3296   311749    0.78%
   2322   846     3179.1537   265     3173.4898     3197.7807   316531    0.77%
   2376   859     3186.6269   200     3173.4898     3197.0053   322166    0.74%
   2430   895     3173.7006   247     3173.4898     3196.6124   326604    0.73%
   2476   931     3184.3567   233     3173.4898     3196.1793   332522    0.71%
   2538   980     3183.1315   189     3173.4898     3196.0211   337213    0.71%
   2605  1010     3175.3178   228     3173.4898     3194.9898   342898    0.68%
   2664  1041     3193.2061   246     3173.4898     3194.9604   348054    0.68%
   2726  1084        cutoff           3173.4898     3194.6658   353258    0.67%
   2796  1096     3175.1887   212     3173.4898     3193.4141   360747    0.63%
Elapsed time = 144.13 sec. (83358.65 ticks, tree = 3.70 MB, solutions = 1)
   2851  1111     3184.7185   271     3173.4898     3193.0377   367746    0.62%
   2948  1181     3176.1545    75     3173.4898     3192.8969   374218    0.61%
   3032  1241     3184.8926   255     3173.4898     3192.7701   378364    0.61%
   3086  1256     3179.6050   216     3173.4898     3192.0516   385596    0.58%
   3121  1255     3176.7849   251     3173.4898     3191.3490   390950    0.56%
   3198  1281     3182.4190   155     3173.4898     3190.9379   398358    0.55%
   3292  1345     3178.2558    26     3173.4898     3190.8115   405222    0.55%
   3351  1361        cutoff           3173.4898     3190.5478   408672    0.54%
   3441  1417        cutoff           3173.4898     3190.3838   414040    0.53%
   3484  1416        cutoff           3173.4898     3190.0846   419597    0.52%
Elapsed time = 161.79 sec. (93939.19 ticks, tree = 4.77 MB, solutions = 1)
   3537  1445        cutoff           3173.4898     3189.9400   424637    0.52%
   3580  1447     3173.5823   220     3173.4898     3189.7886   429133    0.51%
   3640  1470     3176.8495   174     3173.4898     3189.6420   434578    0.51%
   3721  1506        cutoff           3173.4898     3189.5495   439750    0.51%
   3780  1531        cutoff           3173.4898     3189.3637   444886    0.50%
   3818  1553     3175.4553   148     3173.4898     3189.2481   449748    0.50%
   3928  1589     3186.1652   244     3173.4898     3188.7091   456759    0.48%
   4034  1643     3174.5793   131     3173.4898     3188.4303   463707    0.47%
   4129  1670     3180.4128   172     3173.4898     3187.9612   471721    0.46%
   4251  1690        cutoff           3173.4898     3187.2608   478937    0.43%
Elapsed time = 177.34 sec. (103577.40 ticks, tree = 5.91 MB, solutions = 1)
   4337  1725     3177.0183   268     3173.4898     3187.0711   485837    0.43%
   4409  1726        cutoff           3173.4898     3186.5780   492683    0.41%
   4485  1741     3179.6384   205     3173.4898     3186.2147   499500    0.40%
   4565  1748     3180.6351   251     3173.4898     3185.9688   506639    0.39%
   4606  1759     3178.7382   226     3173.4898     3185.8814   512331    0.39%
   4707  1796        cutoff           3173.4898     3185.6397   518481    0.38%
   4764  1815     3181.1333   198     3173.4898     3185.5514   522785    0.38%
   4899  1879     3177.2705   120     3173.4898     3185.3947   530138    0.38%
   5028  1915     3177.3254   239     3173.4898     3185.1067   537106    0.37%
   5268  1940     3179.1520    68     3173.4898     3184.2533   556987    0.34%
Elapsed time = 198.66 sec. (116405.70 ticks, tree = 6.75 MB, solutions = 1)
   5717  1967     3177.3235    47     3173.4898     3182.7490   581667    0.29%
   6191  1996     3174.9677   233     3173.4898     3181.6889   607735    0.26%
   6693  2006        cutoff           3173.4898     3180.5966   633483    0.22%
   7117  1936     3174.1136   133     3173.4898     3179.5631   653798    0.19%
   7628  1751     3175.7793    46     3173.4898     3178.2583   677853    0.15%
   8192  1413        cutoff           3173.4898     3176.8850   698132    0.11%
   8806   966        cutoff           3173.4898     3175.5113   713935    0.06%
   9493   377        cutoff           3173.4898     3174.2983   725771    0.03%

Implied bound cuts applied:  94
Flow cuts applied:  99
Mixed integer rounding cuts applied:  468
Lift and project cuts applied:  82
Gomory fractional cuts applied:  37

Root node processing (before b&c):
  Real time             =    5.82 sec. (3174.43 ticks)
Sequential b&c:
  Real time             =  245.73 sec. (145239.40 ticks)
                          ------------
Total (root+branch&cut) =  251.54 sec. (148413.82 ticks)
