1 of 1 MIP starts provided solutions.
MIP start 'm1' defined initial solution with objective 4155.8966.
Tried aggregator 2 times.
MIP Presolve eliminated 45 rows and 41 columns.
MIP Presolve modified 8022 coefficients.
Aggregator did 4 substitutions.
Reduced MIP has 3351 rows, 1940 columns, and 22587 nonzeros.
Reduced MIP has 1584 binaries, 0 generals, 0 SOSs, and 0 indicators.
Presolve time = 0.02 sec. (14.70 ticks)
Probing time = 0.01 sec. (3.49 ticks)
Tried aggregator 1 time.
MIP Presolve modified 1 coefficients.
Reduced MIP has 3351 rows, 1940 columns, and 22587 nonzeros.
Reduced MIP has 1584 binaries, 0 generals, 0 SOSs, and 0 indicators.
Presolve time = 0.01 sec. (7.70 ticks)
Probing time = 0.01 sec. (3.47 ticks)
Clique table members: 263.
MIP emphasis: balance optimality and feasibility.
MIP search method: dynamic search.
Parallel mode: none, using 1 thread.
Root relaxation solution time = 0.01 sec. (8.06 ticks)

        Nodes                                         Cuts/
   Node  Left     Objective  IInf  Best Integer    Best Bound    ItCnt     Gap

*     0+    0                         4155.8966    19869.9920      404  378.12%
      0     0     4672.8164   221     4155.8966     4672.8164      404   12.44%
      0     0     4455.7413   185     4155.8966     Cuts: 537      666    7.21%
      0     0     4369.2254   195     4155.8966     Cuts: 485      886    5.13%
      0     0     4342.0462   170     4155.8966     Cuts: 313     1028    4.48%
      0     0     4318.0011   183     4155.8966     Cuts: 288     1166    3.90%
      0     0     4307.1684   213     4155.8966     Cuts: 271     1289    3.64%
      0     0     4297.8103   254     4155.8966     Cuts: 191     1395    3.41%
      0     0     4292.8248   227     4155.8966     Cuts: 209     1477    3.29%
      0     0     4288.4875   211     4155.8966     Cuts: 156     1582    3.19%
      0     0     4284.2373   274     4155.8966     Cuts: 113     1654    3.09%
      0     0     4280.8610   260     4155.8966     Cuts: 111     1719    3.01%
      0     0     4274.1599   266     4155.8966      Cuts: 83     1822    2.85%
      0     0     4269.8594   266     4155.8966     Cuts: 130     1933    2.74%
      0     0     4266.6313   324     4155.8966      Cuts: 90     2011    2.66%
      0     0     4263.9195   316     4155.8966      Cuts: 95     2065    2.60%
      0     0     4261.7944   305     4155.8966      Cuts: 67     2094    2.55%
      0     0     4261.0622   318     4155.8966      Cuts: 65     2135    2.53%
      0     0     4259.9763   316     4155.8966      Cuts: 27     2166    2.50%
      0     0     4259.4108   308     4155.8966      Cuts: 89     2204    2.49%
*     0+    0                         4161.2237     4259.4108     2204    2.36%
      0     0     4258.6874   329     4161.2237      Cuts: 62     2239    2.34%
      0     2     4258.6874   329     4161.2237     4258.4621     2239    2.34%
Elapsed time = 2.07 sec. (1047.71 ticks, tree = 0.00 MB, solutions = 2)
     60    62     4201.0030   144     4161.2237     4255.8496     3377    2.27%
    120   102     4230.7878   249     4161.2237     4255.8315     4239    2.27%
    206   180     4184.6358   121     4161.2237     4255.8315     6154    2.27%
    309   262     4237.8527   257     4161.2237     4251.4760     7883    2.17%
    413   362     4203.6767   169     4161.2237     4251.4141     9200    2.17%
    481   422     4218.2483   183     4161.2237     4249.5886    10666    2.12%
    495   436     4226.2996   363     4161.2237     4226.0551    12806    1.56%
    496   437     4224.7608   348     4161.2237     4224.6950    12856    1.53%
    497   438     4224.5676   349     4161.2237     4224.5580    12896    1.52%
    506   316     4214.0230   293     4161.2237     4223.3941    13478    1.49%
Elapsed time = 17.89 sec. (9276.33 ticks, tree = 0.92 MB, solutions = 2)
    525   290     4196.5646   237     4161.2237     4223.3941    14219    1.49%
    701   336     4203.9310   342     4161.2237     4223.2271    17145    1.49%
    915   432     4168.6992   189     4161.2237     4222.3789    22455    1.47%
   1111   524     4214.3108   317     4161.2237     4222.0746    26555    1.46%
   1342   740     4204.9549   236     4161.2237     4220.9519    31219    1.44%
   1542   927     4182.2910   258     4161.2237     4220.6940    36252    1.43%
   1764  1101     4196.9238   273     4161.2237     4218.4242    41353    1.37%
   2015  1318     4198.3815   276     4161.2237     4217.4592    47076    1.35%
   2305  1564     4169.6710    78     4161.2237     4215.3854    52882    1.30%
   2576  1796     4166.7489    82     4161.2237     4214.2456    58647    1.27%
Elapsed time = 33.23 sec. (18989.33 ticks, tree = 2.40 MB, solutions = 2)
   2813  1979     4186.3480   285     4161.2237     4213.8071    64169    1.26%
   3019  2149     4167.2249   269     4161.2237     4213.3937    68852    1.25%
   3234  2323     4180.4533   305     4161.2237     4212.7481    74025    1.24%
   3425  2481     4183.5127   266     4161.2237     4212.2770    78982    1.23%
   3587  2614        cutoff           4161.2237     4211.8819    84094    1.22%
   3838  2831     4192.2789   325     4161.2237     4211.3954    88451    1.21%
   4028  2990     4195.6062   315     4161.2237     4211.0196    93525    1.20%
   4213  3121     4182.4388   173     4161.2237     4210.7207    99000    1.19%
   4493  3355     4203.9760   351     4161.2237     4210.4348   104945    1.18%
   4690  3506     4169.6206   255     4161.2237     4210.2990   111111    1.18%
Elapsed time = 48.57 sec. (28852.35 ticks, tree = 4.91 MB, solutions = 2)
   4921  3705     4165.1035   197     4161.2237     4209.9923   116823    1.17%
   5134  3886     4175.0461   111     4161.2237     4209.7151   122385    1.17%
   5362  4080     4181.8728   313     4161.2237     4209.4458   127640    1.16%
   5520  4207     4164.1206   282     4161.2237     4208.9040   132033    1.15%
   5756  4393     4189.3072   322     4161.2237     4208.5518   138704    1.14%
   5944  4555     4191.3459   297     4161.2237     4208.3482   143931    1.13%
   6141  4718     4177.0969   324     4161.2237     4208.2337   149015    1.13%
   6351  4892     4167.7628    83     4161.2237     4207.8281   154347    1.12%
   6558  5056     4188.5484   349     4161.2237     4207.3188   159613    1.11%
   6804  5238        cutoff           4161.2237     4206.9711   166030    1.10%
Elapsed time = 63.58 sec. (38619.74 ticks, tree = 7.25 MB, solutions = 2)
   7030  5431     4179.5675   165     4161.2237     4206.3972   171841    1.09%
   7272  5633     4191.1890   297     4161.2237     4206.0444   178033    1.08%
   7509  5821        cutoff           4161.2237     4205.2083   184282    1.06%
   7694  5963     4163.0037   191     4161.2237     4204.7065   189458    1.04%
   7932  6159     4178.6263   293     4161.2237     4204.4982   195244    1.04%
   8110  6299     4183.9529   326     4161.2237     4204.2786   199947    1.03%
   8408  6548        cutoff           4161.2237     4204.1000   205763    1.03%
   8554  6655     4190.7556   336     4161.2237     4203.8944   210547    1.03%
   8784  6833     4161.5995    52     4161.2237     4203.7036   216533    1.02%
   8984  6997     4180.4315   182     4161.2237     4203.4138   221674    1.01%
Elapsed time = 78.40 sec. (48210.85 ticks, tree = 9.49 MB, solutions = 2)
   9240  7169     4170.0267   106     4161.2237     4203.0250   227233    1.00%
   9422  7294     4172.0680   241     4161.2237     4202.5329   233464    0.99%
   9705  7516     4163.9989   268     4161.2237     4202.2041   239675    0.98%
   9954  7694     4172.6395   280     4161.2237     4201.6763   246422    0.97%
  10177  7849     4179.4356   180     4161.2237     4201.4348   252818    0.97%
  10395  8009     4178.3013   194     4161.2237     4201.2988   258082    0.96%
  10396  8009     4175.9446   307     4161.2237     4201.2849   258452    0.96%
  10602  8160     4171.4939   286     4161.2237     4201.0591   264470    0.96%
  10787  8288        cutoff           4161.2237     4200.8808   269639    0.95%
  10974  8406     4185.4683   317     4161.2237     4200.5497   275805    0.95%
Elapsed time = 98.69 sec. (60710.82 ticks, tree = 11.62 MB, solutions = 2)
  11124  8507     4173.1607   315     4161.2237     4200.3508   280809    0.94%
  11345  8673     4185.7208   198     4161.2237     4200.0531   286323    0.93%
  11621  8892     4167.7678   309     4161.2237     4199.8346   292068    0.93%
  11761  8989     4168.6399   320     4161.2237     4199.7302   297315    0.93%
  11997  9149     4176.3887   305     4161.2237     4199.5821   303287    0.92%
  12147  9243     4180.1450   191     4161.2237     4199.3825   307993    0.92%
  12342  9382     4171.3143   296     4161.2237     4199.1751   313083    0.91%
  12514  9491     4180.7239   294     4161.2237     4198.8504   318597    0.90%
  12801  9706        cutoff           4161.2237     4198.6200   324441    0.90%
  12988  9852     4185.2159   273     4161.2237     4198.4638   330271    0.89%
Elapsed time = 113.86 sec. (70448.46 ticks, tree = 13.56 MB, solutions = 2)
  13171  9968     4165.0148   207     4161.2237     4198.2228   336369    0.89%
  13404 10143     4182.2917   193     4161.2237     4198.1280   342225    0.89%
  13661 10326     4170.5730   304     4161.2237     4197.7969   348153    0.88%
  13834 10454     4183.6890   199     4161.2237     4197.5174   354302    0.87%
  14061 10614     4172.6149   275     4161.2237     4197.0575   360771    0.86%
  14304 10779        cutoff           4161.2237     4196.7690   367426    0.85%
  14589 10999     4168.4663   141     4161.2237     4196.5813   373203    0.85%
  14730 11081     4184.8607   199     4161.2237     4196.3826   378753    0.84%
  14958 11235     4175.9939   299     4161.2237     4196.2249   385025    0.84%
  15197 11412     4169.4680   213     4161.2237     4196.1177   390392    0.84%
Elapsed time = 129.07 sec. (80168.06 ticks, tree = 15.94 MB, solutions = 2)
  15396 11547     4172.0785   208     4161.2237     4196.0592   395535    0.84%
  15591 11666     4193.6483   314     4161.2237     4195.8295   401573    0.83%
  15765 11780     4178.6747   228     4161.2237     4195.7385   406525    0.83%
  15960 11927     4180.2982   213     4161.2237     4195.6998   411678    0.83%
  16143 12044     4167.0623   231     4161.2237     4195.4467   417082    0.82%
  16349 12176     4173.4604   220     4161.2237     4195.2350   422334    0.82%
  16586 12325     4175.6438   334     4161.2237     4195.0424   427978    0.81%
  16753 12416     4170.0877   310     4161.2237     4194.8694   434524    0.81%
  16968 12547        cutoff           4161.2237     4194.6098   440669    0.80%
  17184 12682     4180.6450   271     4161.2237     4194.4827   446725    0.80%
Elapsed time = 144.41 sec. (89810.72 ticks, tree = 17.66 MB, solutions = 2)
  17271 12713     4166.3307   241     4161.2237     4194.3206   452198    0.80%
  17464 12804        cutoff           4161.2237     4194.1341   457985    0.79%
  17628 12885     4174.9246   340     4161.2237     4193.8455   464172    0.78%
  17847 13024     4172.5945   321     4161.2237     4193.7251   470272    0.78%
  18028 13137     4181.4357   198     4161.2237     4193.5726   476286    0.78%
  18244 13285     4171.3416   287     4161.2237     4193.4492   482148    0.77%
  18491 13455     4175.8017   342     4161.2237     4193.3221   488826    0.77%
  18629 13512     4163.7337   270     4161.2237     4193.2235   494614    0.77%
  18779 13566     4181.1955   335     4161.2237     4192.9539   500454    0.76%
  19448 13882        cutoff           4161.2237     4192.2055   523255    0.74%
Elapsed time = 164.45 sec. (102407.11 ticks, tree = 19.74 MB, solutions = 2)
  20215 14329     4172.4718   164     4161.2237     4191.6693   545012    0.73%
  20853 14635        cutoff           4161.2237     4191.1301   568169    0.72%
  21639 15059     4174.8609   317     4161.2237     4190.5217   592978    0.70%
  22318 15334     4185.0595   329     4161.2237     4189.8010   617266    0.69%
  23035 15684     4177.5053   273     4161.2237     4189.1266   640932    0.67%
  23765 16091     4166.0065   202     4161.2237     4188.6381   663524    0.66%
  24429 16397     4169.1283   309     4161.2237     4188.1061   686148    0.65%
  25203 16757     4165.2649   325     4161.2237     4187.4879   711329    0.63%
  26032 17150     4163.0060   232     4161.2237     4186.8951   737451    0.62%
  26735 17431     4166.5793   176     4161.2237     4186.2959   762282    0.60%
Elapsed time = 225.02 sec. (140654.52 ticks, tree = 24.65 MB, solutions = 2)
  27471 17777     4164.1912   318     4161.2237     4185.7837   785261    0.59%
  28376 18219     4166.1662   298     4161.2237     4185.2852   811863    0.58%
  29194 18585        cutoff           4161.2237     4184.9092   836861    0.57%
  30155 19021        cutoff           4161.2237     4184.4337   864346    0.56%
  31145 19521     4177.6772   213     4161.2237     4183.9733   891576    0.55%
  32036 19892     4167.9291   351     4161.2237     4183.5458   918720    0.54%
  32834 20216     4165.6172   338     4161.2237     4183.1195   943724    0.53%
  33540 20468     4161.5211   289     4161.2237     4182.7331   967237    0.52%
  34324 20832     4168.2845   249     4161.2237     4182.4619   990419    0.51%
  35344 21329     4164.3038   262     4161.2237     4182.1426  1015397    0.50%
Elapsed time = 285.93 sec. (179161.64 ticks, tree = 29.85 MB, solutions = 2)
  36396 21798     4162.1961   230     4161.2237     4181.7264  1042712    0.49%
  37246 22102     4163.9924   331     4161.2237     4181.3705  1069437    0.48%
  38210 22522     4167.8587    33     4161.2237     4181.0504  1096808    0.48%
  39208 22946     4165.5755   197     4161.2237     4180.7316  1123450    0.47%
  40191 23390     4168.8237   308     4161.2237     4180.4494  1147596    0.46%
  41166 23689     4170.9274   102     4161.2237     4180.0857  1172497    0.45%
  42224 24193     4164.2508   236     4161.2237     4179.8011  1197516    0.45%
  43228 24617     4164.2264   127     4161.2237     4179.4644  1223319    0.44%
  44237 24948        cutoff           4161.2237     4179.1076  1250443    0.43%
  45294 25372        cutoff           4161.2237     4178.7699  1277818    0.42%
Elapsed time = 346.27 sec. (217349.80 ticks, tree = 35.31 MB, solutions = 2)
  46197 25622     4172.5594   323     4161.2237     4178.4590  1303987    0.41%
  47171 26002     4163.3520   158     4161.2237     4178.0961  1330378    0.41%
  48122 26277     4165.1514   101     4161.2237     4177.7321  1356440    0.40%
  49080 26595     4173.5678   128     4161.2237     4177.3758  1383198    0.39%
  50238 27043     4162.0634   161     4161.2237     4177.0923  1409325    0.38%
  51298 27442     4175.5794   218     4161.2237     4176.8382  1435037    0.38%
  52190 27596     4162.1572   292     4161.2237     4176.5065  1462519    0.37%
  53229 27827     4164.4354   146     4161.2237     4176.1974  1490745    0.36%
  54282 28125     4163.0365    62     4161.2237     4175.9038  1516785    0.35%
  55259 28314     4162.7470   194     4161.2237     4175.6063  1543220    0.35%
Elapsed time = 407.80 sec. (255627.50 ticks, tree = 39.37 MB, solutions = 2)
  56265 28500     4162.0093   300     4161.2237     4175.3634  1569340    0.34%
  57201 28622     4167.0265   118     4161.2237     4175.0784  1595468    0.33%
  58275 28809        cutoff           4161.2237     4174.7654  1621450    0.33%
  59312 28969     4162.4224   319     4161.2237     4174.5064  1648113    0.32%
  60336 29102     4167.9908   192     4161.2237     4174.2436  1676332    0.31%
  61475 29272     4161.9467   280     4161.2237     4173.9491  1703568    0.31%
  62590 29512     4163.9805   139     4161.2237     4173.6899  1730582    0.30%
  63758 29738     4167.2935   215     4161.2237     4173.4435  1755647    0.29%
  64875 29950     4167.8933   141     4161.2237     4173.1942  1780817    0.29%
  65974 30084     4162.0202   184     4161.2237     4172.9265  1805742    0.28%
Elapsed time = 468.91 sec. (293843.44 ticks, tree = 42.00 MB, solutions = 2)
  67128 30190     4164.7463   100     4161.2237     4172.6431  1831348    0.27%
  68333 30429     4165.0233   335     4161.2237     4172.4077  1856339    0.27%
  69634 30696        cutoff           4161.2237     4172.1942  1882573    0.26%
  70911 30881        cutoff           4161.2237     4171.9547  1907882    0.26%
  72147 30991     4163.9447   205     4161.2237     4171.7059  1933475    0.25%
  73475 31153     4162.3529   297     4161.2237     4171.4667  1959324    0.25%
  74715 31270     4165.8320   119     4161.2237     4171.2114  1983636    0.24%
  76074 31411     4162.1339    94     4161.2237     4170.9602  2008899    0.23%
  77360 31588        cutoff           4161.2237     4170.7594  2031752    0.23%
  78646 31589        cutoff           4161.2237     4170.5240  2056823    0.22%
Elapsed time = 528.96 sec. (332011.20 ticks, tree = 44.21 MB, solutions = 2)
  79917 31715        cutoff           4161.2237     4170.3411  2080041    0.22%
  81194 31667     4165.7195   102     4161.2237     4170.1045  2104660    0.21%
  82495 31607     4164.1398    74     4161.2237     4169.8432  2129536    0.21%
  84089 31865     4163.0308   171     4161.2237     4169.6299  2153590    0.20%
  85477 32004     4162.6870   102     4161.2237     4169.4334  2177139    0.20%
  86965 32068        cutoff           4161.2237     4169.2177  2200014    0.19%
  88388 32036     4163.9692   122     4161.2237     4169.0003  2223499    0.19%
  89712 32027     4163.2959   206     4161.2237     4168.8078  2246268    0.18%
  91262 32084     4164.9821    63     4161.2237     4168.6030  2269279    0.18%
  92651 32071     4166.1466   126     4161.2237     4168.4325  2290791    0.17%
Elapsed time = 588.64 sec. (370219.60 ticks, tree = 45.28 MB, solutions = 2)
  94202 32278     4162.4276   176     4161.2237     4168.2598  2312035    0.17%
  95695 32196        cutoff           4161.2237     4168.0629  2334677    0.16%
  97210 32073        cutoff           4161.2237     4167.8711  2356561    0.16%
  98771 31831        cutoff           4161.2237     4167.6515  2378445    0.15%
 100515 31861     4161.4800   254     4161.2237     4167.4693  2399909    0.15%
 102115 31592     4165.5101   104     4161.2237     4167.2639  2421466    0.15%
 103724 31345        cutoff           4161.2237     4167.0747  2443267    0.14%
 105344 31092     4164.2946   117     4161.2237     4166.8915  2464973    0.14%
 106910 30703     4162.2932    79     4161.2237     4166.6972  2485908    0.13%
 108540 30445     4159.2829   133     4161.2237     4166.5213  2504977    0.13%
Elapsed time = 647.14 sec. (408396.92 ticks, tree = 43.46 MB, solutions = 2)
 110154 30288     4164.5830   176     4161.2237     4166.3682  2523345    0.12%
 111743 29898     4163.2797   148     4161.2237     4166.2001  2542149    0.12%
 113359 29436        cutoff           4161.2237     4166.0148  2561089    0.12%
 114976 29000        cutoff           4161.2237     4165.8471  2579765    0.11%
 116534 28373        cutoff           4161.2237     4165.6646  2597924    0.11%
 118156 27842     4163.9577   161     4161.2237     4165.4970  2616086    0.10%
 119893 27383     4163.2034    79     4161.2237     4165.3461  2633641    0.10%
 121524 26659        cutoff           4161.2237     4165.1650  2651582    0.09%
 123127 25991     4162.8393    83     4161.2237     4164.9982  2669063    0.09%
 124796 25320     4162.1512   129     4161.2237     4164.8236  2684936    0.09%
Elapsed time = 704.47 sec. (446562.27 ticks, tree = 36.86 MB, solutions = 2)
 126447 24514     4163.2477    74     4161.2237     4164.6558  2701021    0.08%
 128055 23721     4164.3568   117     4161.2237     4164.4934  2717049    0.08%
 129691 22859        cutoff           4161.2237     4164.3285  2731942    0.07%
 131201 21943        cutoff           4161.2237     4164.1669  2746116    0.07%
 132716 20972        cutoff           4161.2237     4164.0100  2760450    0.07%
 134221 20003        cutoff           4161.2237     4163.8616  2773901    0.06%
 135761 18963     4161.3349    59     4161.2237     4163.7053  2787252    0.06%
 137305 17929        cutoff           4161.2237     4163.5478  2799838    0.06%
 138795 16833        cutoff           4161.2237     4163.4026  2812052    0.05%
 140310 15599        cutoff           4161.2237     4163.2347  2823568    0.05%
Elapsed time = 761.35 sec. (484724.92 ticks, tree = 23.31 MB, solutions = 2)
 141831 14376        cutoff           4161.2237     4163.0743  2835270    0.04%
 143357 13085     4162.1699    72     4161.2237     4162.8972  2845745    0.04%
 144905 11655        cutoff           4161.2237     4162.7026  2854945    0.04%
 146506 10156        cutoff           4161.2237     4162.5153  2863810    0.03%
 148145  8585     4161.3277   113     4161.2237     4162.3247  2871933    0.03%
 149817  6976        cutoff           4161.2237     4162.1314  2879571    0.02%
 151486  5353        cutoff           4161.2237     4161.9366  2886537    0.02%
 153197  3675        cutoff           4161.2237     4161.7315  2892699    0.01%

Implied bound cuts applied:  681
Flow cuts applied:  48
Mixed integer rounding cuts applied:  62
Lift and project cuts applied:  105
Gomory fractional cuts applied:  69

Root node processing (before b&c):
  Real time             =    2.06 sec. (1036.34 ticks)
Sequential b&c:
  Real time             =  805.31 sec. (516396.56 ticks)
                          ------------
Total (root+branch&cut) =  807.37 sec. (517432.91 ticks)
