1 of 1 MIP starts provided solutions.
MIP start 'm1' defined initial solution with objective 203838.0000.
Tried aggregator 1 time.
MIP Presolve eliminated 0 rows and 1 columns.
Reduced MIP has 120200 rows, 80200 columns, and 16280000 nonzeros.
Reduced MIP has 40000 binaries, 0 generals, 0 SOSs, and 0 indicators.
Presolve time = 9.08 sec. (3975.84 ticks)
Probing time = 0.38 sec. (162.30 ticks)
Tried aggregator 1 time.
Reduced MIP has 120200 rows, 80200 columns, and 16280000 nonzeros.
Reduced MIP has 40000 binaries, 0 generals, 0 SOSs, and 0 indicators.
Presolve time = 11.62 sec. (4678.34 ticks)
Probing time = 0.34 sec. (162.28 ticks)
Clique table members: 200.
MIP emphasis: balance optimality and feasibility.
MIP search method: dynamic search.
Parallel mode: none, using 1 thread.
Root relaxation solution time = 33.85 sec. (19406.51 ticks)

        Nodes                                         Cuts/
   Node  Left     Objective  IInf  Best Integer    Best Bound    ItCnt     Gap

*     0+    0                       203838.0000   3.06991e+07    28249     --- 
      0     0   203974.5625   138   203838.0000   203974.5625    28249    0.07%
      0     0   203942.3105   185   203838.0000      Cuts: 50    29351    0.05%
      0     0   203928.1645   193   203838.0000      Cuts: 46    29787    0.04%

Repeating presolve.
Tried aggregator 1 time.
MIP Presolve eliminated 52536 rows and 52536 columns.
MIP Presolve modified 6386 coefficients.
Reduced MIP has 67664 rows, 27664 columns, and 5615192 nonzeros.
Reduced MIP has 13732 binaries, 0 generals, 0 SOSs, and 0 indicators.
Presolve time = 7.54 sec. (3089.70 ticks)
Probing time = 0.35 sec. (154.97 ticks)
Tried aggregator 1 time.
Reduced MIP has 67664 rows, 27664 columns, and 5615192 nonzeros.
Reduced MIP has 13732 binaries, 0 generals, 0 SOSs, and 0 indicators.
Presolve time = 3.56 sec. (1612.71 ticks)
Represolve time = 12.78 sec. (5988.98 ticks)
Probing time = 0.29 sec. (153.96 ticks)
Clique table members: 18711.
MIP emphasis: balance optimality and feasibility.
MIP search method: dynamic search.
Parallel mode: none, using 1 thread.
Root relaxation solution time = 11.75 sec. (4275.71 ticks)

        Nodes                                         Cuts/
   Node  Left     Objective  IInf  Best Integer    Best Bound    ItCnt     Gap

*     0+    0                       203838.0000   203928.1645    42126    0.04%
      0     0   203928.1645   194   203838.0000   203928.1645    42126    0.04%
      0     2   203928.1645   194   203838.0000   203928.1605    42126    0.04%
Elapsed time = 166.30 sec. (88761.03 ticks, tree = 0.00 MB, solutions = 1)
      3     5   203923.6948   194   203838.0000   203927.0988    42318    0.04%
      5     7   203906.9540   181   203838.0000   203926.5786    42615    0.04%
      8    10   203893.9918   155   203838.0000   203926.5786    42776    0.04%
     10    12   203883.1108   155   203838.0000   203926.5786    42857    0.04%
     12    14   203870.2703   156   203838.0000   203926.5786    43029    0.04%
     15    17   203841.9819   138   203838.0000   203926.5786    43406    0.04%
     17    17        cutoff         203838.0000   203926.5786    43428    0.04%
     19    17   203921.2067   188   203838.0000   203923.6793    43565    0.04%
     22    20   203908.5224   180   203838.0000   203923.6793    43715    0.04%
     32    28   203896.4933   148   203838.0000   203923.6793    44311    0.04%
Elapsed time = 175.89 sec. (92665.70 ticks, tree = 3.53 MB, solutions = 1)
     38    30   203903.7464   179   203838.0000   203923.6554    44831    0.04%
     46    38   203884.2201   162   203838.0000   203923.6554    45217    0.04%
     50    42   203873.9558   141   203838.0000   203923.6554    45325    0.04%
     61    53   203856.6276   103   203838.0000   203923.6554    45546    0.04%
     74    61   203918.1543   187   203838.0000   203917.7613    45837    0.04%
     87    74   203882.7955   141   203838.0000   203917.7613    46442    0.04%
     98    85   203862.4403   100   203838.0000   203917.7613    46596    0.04%
    110    97   203852.1602    89   203838.0000   203917.7613    46759    0.04%
    124   106   203898.0617   170   203838.0000   203916.8368    47078    0.04%
    135   117   203874.1393   126   203838.0000   203916.8368    47351    0.04%
Elapsed time = 196.65 sec. (103289.55 ticks, tree = 5.31 MB, solutions = 1)
    145   123        cutoff         203838.0000   203916.8368    47528    0.04%
    150   128   203894.5402   177   203838.0000   203915.9311    47821    0.04%
    156   134   203886.3748   148   203838.0000   203915.9311    48182    0.04%
    164   140   203865.7020   134   203838.0000   203915.9311    48602    0.04%
    171   139        cutoff         203838.0000   203915.9311    49148    0.04%
    180   148   203895.7914   161   203838.0000   203915.6572    49450    0.04%
    193   161   203869.7495   107   203838.0000   203915.6572    49714    0.04%
    204   166   203909.2281   185   203838.0000   203915.0414    50136    0.04%
    220   182   203881.2596   141   203838.0000   203915.0414    50528    0.04%
    235   197   203854.8130   104   203838.0000   203915.0414    50881    0.04%
Elapsed time = 221.00 sec. (114370.78 ticks, tree = 7.48 MB, solutions = 1)
    241   203   203848.7891    92   203838.0000   203915.0414    50959    0.04%
    257   212        cutoff         203838.0000   203912.6700    51382    0.04%
    264   216   203855.1450   159   203838.0000   203911.6340    52122    0.04%
    275   223   203896.9099   174   203838.0000   203911.4517    52508    0.04%
    283   231   203868.2077   179   203838.0000   203911.4517    52948    0.04%
    290   238   203839.3718   159   203838.0000   203911.4517    53247    0.04%
    300   244   203841.9111   131   203838.0000   203911.1537    53705    0.04%
    309   245   203906.0665   173   203838.0000   203910.3186    54322    0.04%
    312   248   203853.0517   149   203838.0000   203910.3186    54604    0.04%
    321   253   203904.7278   184   203838.0000   203908.4095    54914    0.03%
Elapsed time = 245.01 sec. (125138.35 ticks, tree = 10.89 MB, solutions = 1)
    334   266   203864.6162   129   203838.0000   203908.4095    55261    0.03%
    343   275   203846.1167   111   203838.0000   203908.4095    55561    0.03%
    354   282   203886.0463   136   203838.0000   203908.0659    55962    0.03%
    368   296   203869.6396    94   203838.0000   203908.0659    56086    0.03%
    387   315   203845.3774    85   203838.0000   203908.0659    56320    0.03%
    398   322   203903.7791   180   203838.0000   203907.4391    56468    0.03%
    403   327   203896.1647   171   203838.0000   203907.4391    56560    0.03%
    421   345   203848.4326    71   203838.0000   203907.4391    56882    0.03%
    437   353   203900.9545   171   203838.0000   203907.2975    57088    0.03%
    454   370   203877.1016    86   203838.0000   203907.2975    57300    0.03%
Elapsed time = 265.94 sec. (135047.83 ticks, tree = 13.22 MB, solutions = 1)
    459   375   203915.4286   200   203838.0000   203907.2975    67892    0.03%
    460   375   203910.2777   189   203838.0000   203907.2975    67957    0.03%
    461   375   203906.7251   185   203838.0000   203907.2975    68012    0.03%
    462   375   203905.8010   179   203838.0000   203907.2975    68037    0.03%
    465   375   203846.2053   163   203838.0000   203907.2975    68230    0.03%
    467   225   203830.5837   185   203838.0000   203905.8654    68638    0.03%
    468   226   203896.3669   181   203838.0000   203903.7195    68827    0.03%
    469   227   203895.9879   178   203838.0000   203903.7195    68856    0.03%
    470   227   203884.5452   161   203838.0000   203903.7195    68938    0.03%
    471   226   203884.2600   161   203838.0000   203903.7195    68942    0.03%
Elapsed time = 441.71 sec. (215603.11 ticks, tree = 7.93 MB, solutions = 1)
    473   226   203884.2208   155   203838.0000   203903.7195    68948    0.03%
    474   226   203883.3173   153   203838.0000   203903.7195    68949    0.03%
    475   225   203880.5691   146   203838.0000   203903.7195    68982    0.03%
    476   225   203880.5682   145   203838.0000   203903.7195    68983    0.03%
    477   226   203880.5682   144   203838.0000   203903.7195    68985    0.03%
    480   227   203874.6755   152   203838.0000   203903.7195    69020    0.03%
    483   229   203872.0032   148   203838.0000   203903.7195    69054    0.03%
    486   228   203869.3169   140   203838.0000   203903.7195    69070    0.03%
    490   226   203869.2284   139   203838.0000   203903.7195    69081    0.03%
    497   226   203864.1987   119   203838.0000   203903.7195    69145    0.03%
Elapsed time = 469.49 sec. (230559.61 ticks, tree = 7.65 MB, solutions = 1)
    499   226   203861.5577   111   203838.0000   203903.7195    69212    0.03%
    501   225   203858.4874   113   203838.0000   203903.7195    69254    0.03%
    506   227   203852.4024   106   203838.0000   203903.7195    69325    0.03%
    510   227   203840.8498    99   203838.0000   203903.7195    69409    0.03%
    516   223   203838.8367    85   203838.0000   203903.7195    69451    0.03%
    519   215   203899.8940   168   203838.0000   203899.8940    69510    0.03%
    520   215   203899.6609   159   203838.0000   203899.6609    69520    0.03%
    522   216   203890.1676   151   203838.0000   203899.6363    69619    0.03%
    527   218   203886.7445   145   203838.0000   203899.6363    69646    0.03%
    537   223   203879.6360   115   203838.0000   203899.6363    69737    0.03%
Elapsed time = 491.52 sec. (243585.05 ticks, tree = 7.04 MB, solutions = 1)
    541   227   203875.9880   107   203838.0000   203899.6363    69799    0.03%
    544   227   203873.5357   111   203838.0000   203899.6363    69836    0.03%
    551   229   203867.5671   100   203838.0000   203899.6363    69922    0.03%
    559   234   203863.0105    84   203838.0000   203899.6363    69971    0.03%
    560   234   203861.0914    99   203838.0000   203899.6363    70015    0.03%
    563   232   203860.9796    93   203838.0000   203899.6363    70040    0.03%
    567   232   203845.4399    85   203838.0000   203899.6363    70117    0.03%
    572   231   203841.1323    86   203838.0000   203899.6363    70152    0.03%
    577   230   203840.1711    83   203838.0000   203899.6363    70178    0.03%
    582   226   203895.7596   159   203838.0000   203898.7725    70247    0.03%
Elapsed time = 514.25 sec. (255460.78 ticks, tree = 6.68 MB, solutions = 1)
    590   229   203887.6037   141   203838.0000   203898.7725    70318    0.03%
    594   228   203887.5412   140   203838.0000   203898.7725    70326    0.03%
    598   229   203886.5509   136   203838.0000   203898.7725    70348    0.03%
    603   230   203877.0687   123   203838.0000   203898.7725    70482    0.03%
    612   234   203872.3196    97   203838.0000   203898.7725    70586    0.03%
    619   239   203863.7004    84   203838.0000   203898.7725    70673    0.03%
    624   241   203857.3334    94   203838.0000   203898.7725    70749    0.03%
    631   242   203845.8075    80   203838.0000   203898.7725    70873    0.03%
    639   238   203854.8480   163   203838.0000   203895.9360    71135    0.03%
    665   247   203866.1445   136   203838.0000   203895.6524    71636    0.03%
Elapsed time = 542.99 sec. (271322.96 ticks, tree = 6.31 MB, solutions = 1)
    714   268   203860.3001    90   203838.0000   203894.1900    72419    0.03%
    756   278   203852.4307   130   203838.0000   203894.1602    72926    0.03%
    804   303   203843.0349   108   203838.0000   203893.6875    73487    0.03%
    819   304   203865.9449   147   203838.0000   203892.8034    74061    0.03%
    848   315   203842.1612   114   203838.0000   203892.8034    74524    0.03%
    863   307   203841.4858   112   203838.0000   203892.8034    74574    0.03%
    878   300   203868.1595   155   203838.0000   203892.3031    74890    0.03%
    917   308   203860.5600   168   203838.0000   203891.5786    75630    0.03%
    966   326   203870.1339   131   203838.0000   203891.1148    76165    0.03%
    967   327   203868.2140   131   203838.0000   203891.1148    76180    0.03%
Elapsed time = 642.40 sec. (326621.07 ticks, tree = 5.01 MB, solutions = 1)
    968   328   203866.0350   128   203838.0000   203891.1148    76222    0.03%
   1000   351   203868.9306   159   203838.0000   203891.0066    76676    0.03%
   1024   360   203866.3879   104   203838.0000   203890.8406    77645    0.03%
   1078   401   203864.4024   103   203838.0000   203890.1550    78524    0.03%
   1117   429   203842.1571    52   203838.0000   203890.1550    78732    0.03%
   1159   452   203852.2718   151   203838.0000   203889.5298    79822    0.03%
   1202   474   203880.7958   136   203838.0000   203887.9759    80817    0.02%
   1256   519   203859.7274   124   203838.0000   203887.7755    81763    0.02%
   1261   523   203856.8937   112   203838.0000   203887.7755    81825    0.02%
   1332   574   203869.8544   114   203838.0000   203886.8962    82982    0.02%
Elapsed time = 765.21 sec. (398010.64 ticks, tree = 9.00 MB, solutions = 1)
   1388   616   203854.8018   101   203838.0000   203886.8774    83750    0.02%
   1444   660   203865.4217   133   203838.0000   203886.5734    84391    0.02%
   1499   703   203861.0760   114   203838.0000   203886.4071    85302    0.02%
   1569   758   203848.4702   158   203838.0000   203885.5965    86624    0.02%
   1619   785        cutoff         203838.0000   203884.8654    87635    0.02%
   1667   825   203849.7279   151   203838.0000   203884.2816    88504    0.02%
   1689   837   203851.2896   135   203838.0000   203884.0021    89027    0.02%
   1746   874   203870.7477   144   203838.0000   203883.8080    89881    0.02%
   1809   923   203862.1124   102   203838.0000   203883.3529    90922    0.02%
   1860   953   203854.3210   146   203838.0000   203882.4345    92097    0.02%
Elapsed time = 893.89 sec. (460485.08 ticks, tree = 14.99 MB, solutions = 1)
   1914   995   203842.3071   162   203838.0000   203882.3283    92898    0.02%
   1929  1000   203875.9527   118   203838.0000   203882.2628    93315    0.02%
   2010  1059   203870.2203   112   203838.0000   203881.5332    94337    0.02%
   2044  1079   203840.7030    62   203838.0000   203881.5332    94738    0.02%
   2083  1105   203859.2810   111   203838.0000   203880.5390    95498    0.02%
   2141  1151   203844.9797   111   203838.0000   203880.2502    96305    0.02%
   2167  1164   203856.7442   138   203838.0000   203880.0352    96907    0.02%
   2178  1164   203856.4392   141   203838.0000   203880.0352    96978    0.02%
   2193  1164   203856.3376   136   203838.0000   203880.0352    97022    0.02%
   2214  1170   203847.2170   127   203838.0000   203880.0352    97199    0.02%
Elapsed time = 1009.45 sec. (519727.03 ticks, tree = 18.48 MB, solutions = 1)
   2266  1204        cutoff         203838.0000   203880.0040    97723    0.02%
   2328  1247   203857.5283   114   203838.0000   203879.6605    98905    0.02%
   2371  1269   203855.4668   128   203838.0000   203879.1507   100024    0.02%
   2425  1309   203852.5512   104   203838.0000   203878.7710   101198    0.02%
   2488  1344   203861.7793   137   203838.0000   203878.3482   102535    0.02%
   2511  1359   203868.5563   142   203838.0000   203878.1472   102925    0.02%
   2550  1369        cutoff         203838.0000   203877.8752   103772    0.02%
   2613  1405        cutoff         203838.0000   203877.4265   105276    0.02%
   2674  1451   203838.3530    68   203838.0000   203877.0455   106158    0.02%
   2714  1466        cutoff         203838.0000   203876.2339   106855    0.02%
Elapsed time = 1134.00 sec. (585955.92 ticks, tree = 23.15 MB, solutions = 1)
   2773  1498   203870.9780   111   203838.0000   203875.8884   107828    0.02%
   2853  1550   203870.5490   118   203838.0000   203875.1837   108745    0.02%
   2883  1573   203863.2453    92   203838.0000   203875.0488   109116    0.02%
   2928  1591        cutoff         203838.0000   203874.7208   110339    0.02%
   2984  1623   203845.9628   116   203838.0000   203874.4944   111299    0.02%
   3053  1651   203845.2931   114   203838.0000   203874.0501   112540    0.02%
   3063  1654   203874.0343   141   203838.0000   203873.9885   112640    0.02%
   3127  1688        cutoff         203838.0000   203873.8614   113890    0.02%
   3176  1709   203868.6318   105   203838.0000   203873.4481   115152    0.02%
   3228  1743   203847.9162    97   203838.0000   203873.2320   115771    0.02%
Elapsed time = 1256.99 sec. (655315.57 ticks, tree = 27.49 MB, solutions = 1)
   3271  1766   203838.3091   131   203838.0000   203873.1351   116469    0.02%
   3310  1780   203850.3875   150   203838.0000   203872.5509   117491    0.02%
   3355  1803   203853.7167   108   203838.0000   203872.2955   118097    0.02%
   3411  1837   203838.5170    76   203838.0000   203872.1795   118872    0.02%
   3441  1844   203839.4847   122   203838.0000   203871.8051   119601    0.02%
   3488  1872   203848.2262    66   203838.0000   203871.5678   120247    0.02%
   3542  1917   203843.2039    86   203838.0000   203871.5185   120880    0.02%
   3594  1952   203854.2212    87   203838.0000   203870.9369   121543    0.02%
   3638  1980   203839.4254    97   203838.0000   203870.9017   122313    0.02%
   3708  2032   203860.3781    96   203838.0000   203870.8371   123035    0.02%
Elapsed time = 1373.23 sec. (718647.87 ticks, tree = 73.31 MB, solutions = 1)
   3751  2065   203857.3365   107   203838.0000   203870.7028   123576    0.02%
   3795  2091   203864.4384    94   203838.0000   203870.6373   124399    0.02%
   3849  2131   203852.4055   164   203838.0000   203870.6108   125242    0.02%
   3885  2136   203852.7598   143   203838.0000   203870.3802   126305    0.02%
   3902  2143   203840.0768   131   203838.0000   203870.3802   126618    0.02%
   3954  2175   203849.0600    81   203838.0000   203870.3379   127363    0.02%
   3985  2192   203856.0676   152   203838.0000   203870.2906   128096    0.02%
   4029  2211   203857.0477   106   203838.0000   203870.2172   129206    0.02%
   4058  2226   203851.0960   158   203838.0000   203870.1830   129802    0.02%
   4082  2228        cutoff         203838.0000   203870.0487   130150    0.02%
Elapsed time = 1516.38 sec. (796455.57 ticks, tree = 111.17 MB, solutions = 1)
   4142  2274   203854.9163    78   203838.0000   203869.9690   131173    0.02%
   4194  2296   203840.5670   136   203838.0000   203869.8280   132051    0.02%
   4208  2296   203840.0648   134   203838.0000   203869.8280   132113    0.02%
   4279  2338   203846.7052   113   203838.0000   203869.5438   133323    0.02%
   4358  2388   203841.7456   115   203838.0000   203869.5270   134209    0.02%
   4382  2390   203849.6088   146   203838.0000   203869.4703   134717    0.02%
   4431  2415        cutoff         203838.0000   203869.3416   135702    0.02%
   4471  2434        cutoff         203838.0000   203869.0046   136310    0.02%
   4519  2460   203843.2414   118   203838.0000   203868.7528   137180    0.02%
   4548  2476   203838.4304   100   203838.0000   203868.6977   137612    0.02%
Elapsed time = 1644.37 sec. (862740.57 ticks, tree = 149.77 MB, solutions = 1)
   4600  2507        cutoff         203838.0000   203868.5953   138580    0.02%
   4637  2525   203859.9293   115   203838.0000   203868.5002   139190    0.01%
   4668  2537   203842.4368    93   203838.0000   203868.4405   139638    0.01%
   4722  2568   203853.6058   111   203838.0000   203868.2130   140512    0.01%
   4762  2586   203845.1325    90   203838.0000   203868.1998   141167    0.01%
   4819  2616   203855.2596    81   203838.0000   203868.0908   141956    0.01%
   4846  2629   203853.4644   124   203838.0000   203868.0698   142320    0.01%
   4918  2686   203845.6806    65   203838.0000   203868.0398   143255    0.01%
   4955  2708   203841.6434   121   203838.0000   203867.9806   143815    0.01%
   4984  2724   203839.2745    61   203838.0000   203867.9443   144454    0.01%
Elapsed time = 1731.50 sec. (914143.46 ticks, tree = 154.55 MB, solutions = 1)
   5021  2735   203839.1897   139   203838.0000   203867.8299   145184    0.01%
   5060  2758   203851.1557    92   203838.0000   203867.7541   145715    0.01%
   5108  2782   203842.1215   169   203838.0000   203867.6050   146644    0.01%
   5146  2796   203840.9281    71   203838.0000   203867.5712   147259    0.01%
   5157  2796   203847.2648    99   203838.0000   203867.5413   147552    0.01%
   5191  2813   203841.5199    89   203838.0000   203867.5065   148014    0.01%
   5248  2840   203848.1309   107   203838.0000   203867.3502   148937    0.01%
   5298  2865   203841.0007   101   203838.0000   203867.2222   149596    0.01%
   5342  2890   203847.0354   130   203838.0000   203867.1039   150345    0.01%
   5380  2914   203846.5014    85   203838.0000   203867.0856   150744    0.01%
Elapsed time = 1832.31 sec. (973913.86 ticks, tree = 164.84 MB, solutions = 1)
   5445  2948        cutoff         203838.0000   203866.9612   152044    0.01%
   5489  2970   203843.0159   119   203838.0000   203866.8846   152871    0.01%
   5517  2985   203856.9607   118   203838.0000   203866.8203   153350    0.01%
   5579  3028   203851.8147    68   203838.0000   203866.7498   154620    0.01%
   5604  3034   203856.8539    85   203838.0000   203866.5591   155081    0.01%
   5679  3081        cutoff         203838.0000   203866.5504   155764    0.01%
   5752  3124   203848.0101   126   203838.0000   203866.4709   157009    0.01%
   5811  3153   203839.2777    63   203838.0000   203866.4181   157833    0.01%
   5871  3176   203850.8598    99   203838.0000   203866.1571   159089    0.01%
   5945  3222        cutoff         203838.0000   203866.0864   159772    0.01%
Elapsed time = 1954.95 sec. (1041540.64 ticks, tree = 167.83 MB, solutions = 1)
   6006  3265   203848.5630    91   203838.0000   203866.0370   160641    0.01%
   6040  3281   203852.6352   121   203838.0000   203866.0135   161237    0.01%
   6081  3308   203838.6903   161   203838.0000   203865.9994   161918    0.01%
   6110  3306   203860.7794    86   203838.0000   203865.8171   162640    0.01%
   6172  3334   203839.4711   140   203838.0000   203865.7003   163430    0.01%
   6229  3361        cutoff         203838.0000   203865.4676   164564    0.01%
   6296  3394   203842.4620   123   203838.0000   203865.4111   165546    0.01%
   6366  3430        cutoff         203838.0000   203865.3083   166418    0.01%
   6421  3470   203852.7382   123   203838.0000   203865.2150   167059    0.01%
   6444  3481   203864.6201   101   203838.0000   203865.1978   167254    0.01%
Elapsed time = 2115.93 sec. (1128982.42 ticks, tree = 169.21 MB, solutions = 1)
   6493  3511   203838.5606   100   203838.0000   203865.0898   167834    0.01%
   6542  3528   203850.5310   132   203838.0000   203864.9439   168933    0.01%
   6603  3545   203838.9259   113   203838.0000   203864.7020   170523    0.01%
   6621  3549   203840.4783    98   203838.0000   203864.6700   170744    0.01%
   6671  3572   203851.0698   102   203838.0000   203864.5856   171560    0.01%
   6724  3587   203854.7543    99   203838.0000   203864.4886   172622    0.01%
   6768  3601        cutoff         203838.0000   203864.4584   173907    0.01%
   6820  3619   203843.9515   152   203838.0000   203864.2236   175084    0.01%
   6868  3645   203842.5368   107   203838.0000   203864.1297   175799    0.01%
   6918  3662   203840.6504    89   203838.0000   203863.9776   176883    0.01%
Elapsed time = 2231.95 sec. (1183277.38 ticks, tree = 169.39 MB, solutions = 1)
   6997  3704   203848.3535    79   203838.0000   203863.8957   177954    0.01%
   7063  3737   203846.6386   104   203838.0000   203863.7580   179079    0.01%
   7110  3746   203841.2560   141   203838.0000   203863.6061   180151    0.01%
   7120  3746   203852.6439   114   203838.0000   203863.5692   180387    0.01%
   7186  3785   203840.8623   144   203838.0000   203863.5206   181653    0.01%
   7256  3824        cutoff         203838.0000   203863.4832   182784    0.01%
   7305  3848   203838.9381    38   203838.0000   203863.3954   183589    0.01%
   7369  3883   203852.9531   110   203838.0000   203863.3113   184506    0.01%
   7449  3925        cutoff         203838.0000   203863.2635   185467    0.01%
   7492  3945   203838.3201   143   203838.0000   203863.1666   186367    0.01%
Elapsed time = 2374.24 sec. (1247818.53 ticks, tree = 173.30 MB, solutions = 1)
   7549  3967   203847.8312   107   203838.0000   203863.0344   187274    0.01%
   7616  4011        cutoff         203838.0000   203862.9337   188177    0.01%
   7620  4010   203843.1582    94   203838.0000   203862.9182   188419    0.01%
   7667  4031        cutoff         203838.0000   203862.8339   189087    0.01%
   7703  4053   203848.5956    85   203838.0000   203862.7621   189595    0.01%
   7769  4089   203839.4448   107   203838.0000   203862.7131   190495    0.01%
   7785  4091   203840.6064   131   203838.0000   203862.6721   191046    0.01%
   7841  4115        cutoff         203838.0000   203862.5799   192239    0.01%
   7897  4137   203841.9927   100   203838.0000   203862.4512   193353    0.01%
   7949  4157   203846.9272    84   203838.0000   203862.4187   194269    0.01%
Elapsed time = 2540.60 sec. (1326258.21 ticks, tree = 174.63 MB, solutions = 1)
   7983  4162   203852.8502   116   203838.0000   203862.3168   194806    0.01%
   8047  4199   203841.5559    85   203838.0000   203862.2875   195770    0.01%
   8099  4226   203841.5612    74   203838.0000   203862.2533   196397    0.01%
   8128  4240   203841.9220    96   203838.0000   203862.2286   196922    0.01%
   8180  4253   203859.1627   103   203838.0000   203862.1393   197967    0.01%
   8225  4277   203843.2972   143   203838.0000   203862.0904   198722    0.01%
   8254  4290   203849.2377   103   203838.0000   203862.0633   199174    0.01%
   8310  4308   203840.2910    90   203838.0000   203861.9785   200241    0.01%
   8366  4326   203848.6644    70   203838.0000   203861.9012   201414    0.01%
   8419  4353        cutoff         203838.0000   203861.8386   202189    0.01%
Elapsed time = 2671.88 sec. (1391813.34 ticks, tree = 177.83 MB, solutions = 1)
   8459  4375   203838.8896    90   203838.0000   203861.7787   202814    0.01%
   8502  4401   203838.1737    53   203838.0000   203861.7460   203349    0.01%
   8545  4417   203848.1336   117   203838.0000   203861.6720   204214    0.01%
   8573  4420   203853.6805   109   203838.0000   203861.6356   204551    0.01%
   8620  4449   203845.4616    62   203838.0000   203861.6148   205048    0.01%
   8659  4461   203843.5814    88   203838.0000   203861.5582   205765    0.01%
   8680  4463        cutoff         203838.0000   203861.5582   205890    0.01%
   8746  4493        cutoff         203838.0000   203861.4960   206857    0.01%
   8799  4509   203851.6863    76   203838.0000   203861.3380   207832    0.01%
   8859  4543   203838.5262    62   203838.0000   203861.3064   208613    0.01%
Elapsed time = 2781.50 sec. (1450904.58 ticks, tree = 180.30 MB, solutions = 1)
   8904  4568   203844.0205   118   203838.0000   203861.2437   209414    0.01%
   8932  4579   203853.0883   104   203838.0000   203861.2319   209615    0.01%
   8991  4611   203847.4903   121   203838.0000   203861.1713   210700    0.01%
   9038  4635   203851.6368    77   203838.0000   203861.1250   211324    0.01%
   9061  4632   203844.9269    71   203838.0000   203860.9837   211753    0.01%
   9114  4651        cutoff         203838.0000   203860.9293   212474    0.01%
   9170  4670   203860.6941   142   203838.0000   203860.8654   213517    0.01%
   9217  4695   203853.0340   116   203838.0000   203860.8582   214500    0.01%
   9260  4719   203849.0315   116   203838.0000   203860.8249   215238    0.01%
   9297  4738   203840.3103   137   203838.0000   203860.7912   215798    0.01%
Elapsed time = 2902.81 sec. (1517340.18 ticks, tree = 183.46 MB, solutions = 1)
   9336  4757   203846.8324   156   203838.0000   203860.7722   216460    0.01%
   9349  4759   203848.7380   116   203838.0000   203860.7612   216783    0.01%
   9410  4788   203839.6164   101   203838.0000   203860.6990   218114    0.01%
   9467  4818        cutoff         203838.0000   203860.6357   218806    0.01%
   9498  4820   203847.5461   134   203838.0000   203860.6059   219430    0.01%
   9540  4834   203845.7979    86   203838.0000   203860.5028   220539    0.01%
   9578  4837   203835.6860    96   203838.0000   203860.4424   221197    0.01%
   9624  4870   203846.4539   109   203838.0000   203860.4125   221791    0.01%
   9639  4874   203852.4017   142   203838.0000   203860.3823   222047    0.01%
   9640  4875   203847.2567   120   203838.0000   203860.3684   222091    0.01%
Elapsed time = 3140.94 sec. (1652129.93 ticks, tree = 185.65 MB, solutions = 1)
   9641  4876   203915.4286   202   203838.0000   203860.3684   231750    0.01%
   9642  4877   203913.5859   201   203838.0000   203860.3684   231780    0.01%
   9644  4877   203852.1300   160   203838.0000   203860.3684   232150    0.01%
   9645  4876   203846.1195   141   203838.0000   203860.3684   232206    0.01%
   9646  4875   203840.1534   125   203838.0000   203860.3684   232314    0.01%
   9649  3656   203908.3965   200   203838.0000   203860.3684   232400    0.01%
   9650  3657   203907.4975   199   203838.0000   203860.3684   232401    0.01%
   9651  3656   203882.2150   189   203838.0000   203860.3684   232510    0.01%
   9654  3657   203880.9371   186   203838.0000   203860.3684   232544    0.01%
   9656  3655   203880.6192   181   203838.0000   203860.3684   232547    0.01%
Elapsed time = 3430.35 sec. (1814701.15 ticks, tree = 138.98 MB, solutions = 1)
   9659  3657   203880.4104   179   203838.0000   203860.3684   232568    0.01%
   9661  3657   203870.2472   154   203838.0000   203860.3684   232680    0.01%
   9664  3656   203869.0065   152   203838.0000   203860.3684   232711    0.01%
   9667  3657   203868.1131   140   203838.0000   203860.3684   232744    0.01%
   9670  3656   203865.4230   138   203838.0000   203860.3684   232847    0.01%
   9673  3656   203856.6352   132   203838.0000   203860.3684   232963    0.01%
   9675  3656   203853.3309   115   203838.0000   203860.3684   233005    0.01%
   9679  3658   203850.1099   117   203838.0000   203860.3684   233084    0.01%
   9681  3659   203843.4637   109   203838.0000   203860.3684   233164    0.01%
   9684  3475   203854.1597   201   203838.0000   203860.3684   233379    0.01%
Elapsed time = 3519.38 sec. (1867272.86 ticks, tree = 131.86 MB, solutions = 1)
   9686  3474   203847.9657   169   203838.0000   203860.3684   233616    0.01%
   9687  3474   203838.4241   145   203838.0000   203860.3684   233720    0.01%
   9691  3292   203906.2064   200   203838.0000   203860.3684   233824    0.01%
   9692  3292   203904.4158   205   203838.0000   203860.3684   233889    0.01%
   9694  3293   203904.0981   189   203838.0000   203860.3684   233908    0.01%
   9696  3292   203903.4186   187   203838.0000   203860.3684   233912    0.01%
   9698  3292   203895.2550   160   203838.0000   203860.3684   233979    0.01%
   9701  3294   203894.6830   152   203838.0000   203860.3684   233983    0.01%
   9705  3294   203892.1265   148   203838.0000   203860.3684   234057    0.01%

Flow cuts applied:  63
Mixed integer rounding cuts applied:  39
Gomory fractional cuts applied:  15

Root node processing (before b&c):
  Real time             =  165.99 sec. (88544.90 ticks)
Sequential b&c:
  Real time             = 3434.04 sec. (1826915.46 ticks)
                          ------------
Total (root+branch&cut) = 3600.03 sec. (1915460.36 ticks)
