1 of 1 MIP starts provided solutions.
MIP start 'm1' defined initial solution with objective 254761.0000.
Tried aggregator 1 time.
MIP Presolve eliminated 0 rows and 1 columns.
Reduced MIP has 125500 rows, 63000 columns, and 16062750 nonzeros.
Reduced MIP has 62500 binaries, 0 generals, 0 SOSs, and 0 indicators.
Presolve time = 8.59 sec. (4081.79 ticks)
Probing time = 0.47 sec. (153.95 ticks)
Tried aggregator 1 time.
Reduced MIP has 125500 rows, 63000 columns, and 16062750 nonzeros.
Reduced MIP has 62500 binaries, 0 generals, 0 SOSs, and 0 indicators.
Presolve time = 8.72 sec. (4082.04 ticks)
Probing time = 0.46 sec. (153.41 ticks)
Clique table members: 250.
MIP emphasis: balance optimality and feasibility.
MIP search method: dynamic search.
Parallel mode: none, using 1 thread.
Root relaxation solution time = 4.62 sec. (1799.69 ticks)

        Nodes                                         Cuts/
   Node  Left     Objective  IInf  Best Integer    Best Bound    ItCnt     Gap

*     0+    0                       254761.0000   255286.0000     1738    0.21%
      0     0   255285.3633   194   254761.0000   255285.3633     1738    0.21%
      0     0   255154.1264   114   254761.0000     Cuts: 226     1975    0.15%
      0     0   255100.7185   136   254761.0000     Cuts: 102     2113    0.13%
      0     0   255084.1133   153   254761.0000      Cuts: 41     2196    0.13%
      0     0   255075.4644   158   254761.0000      Cuts: 41     2246    0.12%
      0     0   255068.6269   154   254761.0000      Cuts: 20     2279    0.12%
      0     2   255068.6269   154   254761.0000   255068.2936     2279    0.12%
Elapsed time = 141.19 sec. (64031.89 ticks, tree = 0.00 MB, solutions = 1)
      2     4   255068.0915   158   254761.0000   255068.0911     2304    0.12%
      5     7   255066.5813   156   254761.0000   255067.2614     2314    0.12%
      9    11   255063.5286   144   254761.0000   255067.2614     2340    0.12%
     13    15   255043.5545   142   254761.0000   255067.2614     2364    0.12%
     15    17   255042.9606   140   254761.0000   255067.2614     2374    0.12%
     18    20   255046.6253   134   254761.0000   255067.2614     2395    0.12%
     21    23   255045.4310   132   254761.0000   255067.2614     2408    0.12%
     23    25   255043.5236   129   254761.0000   255067.2614     2426    0.12%
     25    27   255040.5673   125   254761.0000   255067.2614     2434    0.12%
     34    36   255016.3919   116   254761.0000   255067.2614     2525    0.12%
Elapsed time = 152.30 sec. (67937.54 ticks, tree = 1.18 MB, solutions = 1)
     40    42   255011.8014   105   254761.0000   255067.2614     2545    0.12%
     47    49   254994.0430    96   254761.0000   255067.2614     2588    0.12%
     50    52   254993.1501    93   254761.0000   255067.2614     2600    0.12%
     58    58   254987.1547    92   254761.0000   255067.2614     2728    0.12%
     66    66   254982.4945    90   254761.0000   255067.2614     2849    0.12%
     73    73   254979.3378    82   254761.0000   255067.2614     2929    0.12%
     81    81   254973.2846    77   254761.0000   255067.2614     2971    0.12%
     89    89   254971.0212    72   254761.0000   255067.2614     3042    0.12%
     95    93   254964.9842    72   254761.0000   255067.2614     3153    0.12%
    101    95   254951.0029    72   254761.0000   255067.2614     3251    0.12%
Elapsed time = 184.95 sec. (80666.56 ticks, tree = 3.36 MB, solutions = 1)
    107    95   254948.9547    72   254761.0000   255067.2614     3310    0.12%
    113    95        cutoff         254761.0000   255067.2614     3343    0.12%
    118    98   254944.7838    72   254761.0000   255067.2614     3420    0.12%
    124    98        cutoff         254761.0000   255067.2614     3445    0.12%
    127    99   254944.0818    72   254761.0000   255067.2614     3453    0.12%
    132    98        cutoff         254761.0000   255067.2614     3479    0.12%
    139   101        cutoff         254761.0000   255067.2614     3494    0.12%
    141   101        cutoff         254761.0000   255067.2614     3499    0.12%
    147   101        cutoff         254761.0000   255067.2614     3515    0.12%
    152   102   254942.7944    72   254761.0000   255067.2614     3532    0.12%
Elapsed time = 206.69 sec. (91154.76 ticks, tree = 3.63 MB, solutions = 1)
    157   101        cutoff         254761.0000   255067.2614     3547    0.12%
    161   101        cutoff         254761.0000   255067.2614     3559    0.12%
    164   102   254941.8627    72   254761.0000   255067.2614     3561    0.12%
    170   102        cutoff         254761.0000   255067.2614     3580    0.12%
    179   103   254941.2040    72   254761.0000   255067.2614     3592    0.12%
    186   102        cutoff         254761.0000   255067.2614     3602    0.12%
    197   103   254939.7765    72   254761.0000   255067.2614     3610    0.12%
    203   103   254939.4568    72   254761.0000   255067.2614     3617    0.12%
    209   103        cutoff         254761.0000   255067.2614     3627    0.12%
    219   105   254937.9406    72   254761.0000   255067.2614     3633    0.12%
Elapsed time = 229.24 sec. (102058.91 ticks, tree = 3.74 MB, solutions = 1)
    230   106   254937.4637    72   254761.0000   255067.2614     3642    0.12%
    240   108   254936.4873    72   254761.0000   255067.2614     3648    0.12%
    250   108        cutoff         254761.0000   255067.2614     3656    0.12%
    260   110   254935.4061    72   254761.0000   255067.2614     3662    0.12%
    275   113   254934.3628    72   254761.0000   255067.2614     3671    0.12%
    288   114   254933.2063    72   254761.0000   255067.2614     3678    0.12%
    292   112   255065.8013   153   254761.0000   255066.5800     3703    0.12%
    296   116   255064.0306   140   254761.0000   255066.5800     3721    0.12%
    297   117   255062.1232   137   254761.0000   255066.5800     3726    0.12%
    306   126   255040.2500   125   254761.0000   255066.5800     3791    0.12%
Elapsed time = 261.45 sec. (115964.33 ticks, tree = 4.49 MB, solutions = 1)
    310   130   255039.5834   123   254761.0000   255066.5800     3860    0.12%
    320   140   254974.1806   106   254761.0000   255066.5800     3934    0.12%
    329   149   254961.4925   100   254761.0000   255066.5800     3986    0.12%
    336   156   254957.0534    96   254761.0000   255066.5800     4059    0.12%
    340   160   254945.0524    94   254761.0000   255066.5800     4085    0.12%
    349   169   254942.3214    94   254761.0000   255066.5800     4169    0.12%
    357   177   254912.3373    97   254761.0000   255066.5800     4289    0.12%
    363   177        cutoff         254761.0000   255066.5800     4410    0.12%
    364   178   254921.8084    95   254761.0000   255066.5800     4418    0.12%
    371   181        cutoff         254761.0000   255066.5800     4572    0.12%
Elapsed time = 291.90 sec. (127742.74 ticks, tree = 6.59 MB, solutions = 1)
    377   183   254906.6982    95   254761.0000   255066.5800     4633    0.12%
    380   186   254905.6982    95   254761.0000   255066.5800     4651    0.12%
    388   194   254900.1982    95   254761.0000   255066.5800     4750    0.12%
    394   198   254894.6982    95   254761.0000   255066.5800     4851    0.12%
    400   198   254893.6982    95   254761.0000   255066.5800     4890    0.12%
    409   203   254886.7825    85   254761.0000   255066.5800     4922    0.12%
    416   210   254813.2348    93   254761.0000   255066.5800     5043    0.12%
    424   216   254876.3769    83   254761.0000   255066.5800     5130    0.12%
    431   221   254873.8700    82   254761.0000   255066.5800     5209    0.12%
    440   230   254869.3594    74   254761.0000   255066.5800     5312    0.12%
Elapsed time = 323.38 sec. (142297.89 ticks, tree = 8.39 MB, solutions = 1)
    446   231   254869.3473    74   254761.0000   255066.5800     5384    0.12%
    448   231   254869.1870    74   254761.0000   255066.5800     5405    0.12%
    455   232        cutoff         254761.0000   255066.5800     5448    0.12%
    462   233        cutoff         254761.0000   255066.5800     5484    0.12%
    469   234        cutoff         254761.0000   255066.5800     5509    0.12%
    476   235        cutoff         254761.0000   255066.5800     5531    0.12%
    480   237   254869.0675    74   254761.0000   255066.5800     5538    0.12%
    484   237   254869.0642    74   254761.0000   255066.5800     5543    0.12%
    490   237        cutoff         254761.0000   255066.5800     5563    0.12%
    498   239        cutoff         254761.0000   255066.5800     5576    0.12%
Elapsed time = 350.88 sec. (156218.67 ticks, tree = 8.77 MB, solutions = 1)
    504   239        cutoff         254761.0000   255066.5800     5588    0.12%
    512   243   254868.9766    74   254761.0000   255066.5800     5603    0.12%
    522   243        cutoff         254761.0000   255066.5800     5615    0.12%
    532   245        cutoff         254761.0000   255066.5800     5628    0.12%
    542   247   254868.8767    74   254761.0000   255066.5800     5638    0.12%
    550   249   254859.7019    72   254761.0000   255066.5800     5651    0.12%
    556   249   254859.4906    72   254761.0000   255066.5800     5674    0.12%
    560   249   254859.3310    72   254761.0000   255066.5800     5679    0.12%
    570   251    infeasible         254761.0000   255066.5800     5691    0.12%
    577   252   254858.3529    72   254761.0000   255066.5800     5699    0.12%
Elapsed time = 371.96 sec. (166899.59 ticks, tree = 9.22 MB, solutions = 1)
    579   252   254858.2420    72   254761.0000   255066.5800     5701    0.12%
    586   251        cutoff         254761.0000   255066.5800     5711    0.12%
    595   252        cutoff         254761.0000   255066.5800     5720    0.12%
    603   252        cutoff         254761.0000   255066.5800     5729    0.12%
    613   252    infeasible         254761.0000   255066.5800     5737    0.12%
    623   252    infeasible         254761.0000   255066.5800     5744    0.12%
    633   251        cutoff         254761.0000   255066.5800     5756    0.12%
    634   252   255065.9552   156   254761.0000   255066.2004     5770    0.12%
    635   253   255064.0318   158   254761.0000   255065.7523     5796    0.12%
    661   279   254880.6392   143   254761.0000   255065.4204     5954    0.12%
Elapsed time = 406.06 sec. (182638.91 ticks, tree = 10.27 MB, solutions = 1)
    696   314   254854.4429   121   254761.0000   255065.4204     6027    0.12%
    720   338   254834.3278   123   254761.0000   255065.4204     6094    0.12%
    786   403   254824.1979   122   254761.0000   255065.4204     6201    0.12%
    800   417   254818.1395   117   254761.0000   255065.4204     6216    0.12%
    824   441   255037.7819   139   254761.0000   255064.9203     6717    0.12%
    825   442   255037.7819   138   254761.0000   255064.9203     6718    0.12%
    862   479   254879.6797   100   254761.0000   255064.9203     6935    0.12%
    889   504   254937.5811   108   254761.0000   255064.9203     7349    0.12%
    916   517   254897.8059    95   254761.0000   255064.9203     7649    0.12%
    944   535   254861.4592    76   254761.0000   255064.9203     7876    0.12%
Elapsed time = 499.32 sec. (226859.07 ticks, tree = 19.83 MB, solutions = 1)
    960   551   254853.4424    69   254761.0000   255064.9203     7994    0.12%
    983   558   254853.3043    69   254761.0000   255064.9203     8138    0.12%
    988   559   255004.7843   224   254761.0000   255002.8220    10454    0.09%
    989   558   255001.7815   222   254761.0000   255001.7815    10461    0.09%
    990   558   255001.6841   221   254761.0000   255001.6841    10468    0.09%
   1001   558   254991.9542   203   254761.0000   254997.4767    10572    0.09%
   1011   564   254977.0487   183   254761.0000   254997.4767    10675    0.09%
   1014   564   254972.8127   191   254761.0000   254997.4767    10696    0.09%
   1018   564   254969.2155   165   254761.0000   254997.4767    10736    0.09%
   1022   568   254965.3113   162   254761.0000   254997.4767    10757    0.09%
Elapsed time = 1175.19 sec. (530948.03 ticks, tree = 20.72 MB, solutions = 1)
   1032   574   254923.5912   155   254761.0000   254997.4767    10824    0.09%
   1043   581   254901.7063   125   254761.0000   254997.4767    10892    0.09%
   1058   579   254896.0897   124   254761.0000   254997.4767    10923    0.09%
   1074   573   254894.0284   123   254761.0000   254997.4767    10946    0.09%
   1088   567   254893.1377   123   254761.0000   254997.4767    10960    0.09%
   1106   561   254891.5623   121   254761.0000   254997.4767    10978    0.09%
   1120   555   254890.9920   121   254761.0000   254997.4767    10992    0.09%
   1131   541   254997.4732   193   254761.0000   254996.6607    11011    0.09%
   1139   547   254988.5653   168   254761.0000   254996.6607    11082    0.09%
   1155   557   254975.9457   169   254761.0000   254996.6607    11180    0.09%
Elapsed time = 1263.62 sec. (573377.91 ticks, tree = 19.71 MB, solutions = 1)
   1166   561   254890.1437   173   254761.0000   254996.6607    11271    0.09%
   1181   566   254867.9250   161   254761.0000   254996.6607    11371    0.09%
   1188   565   254838.8699   161   254761.0000   254996.6607    11447    0.09%
   1201   561   254830.2455   159   254761.0000   254996.6607    11494    0.09%
   1216   556   254826.3097   156   254761.0000   254996.6607    11525    0.09%
   1230   550   254798.0906   163   254761.0000   254996.6607    11562    0.09%
   1231   549   254797.8684   163   254761.0000   254996.6607    11563    0.09%
   1248   553   254982.2999   173   254761.0000   254996.5153    11781    0.09%
   1280   569   254959.9321   154   254761.0000   254996.5153    11928    0.09%
   1320   591   254907.3070   111   254761.0000   254996.5153    12081    0.09%
Elapsed time = 1392.91 sec. (632910.92 ticks, tree = 19.70 MB, solutions = 1)
   1341   592   254899.2715   101   254761.0000   254996.5153    12133    0.09%
   1355   587   254899.2376   101   254761.0000   254996.5153    12146    0.09%
   1372   580   254899.2175   101   254761.0000   254996.5153    12163    0.09%
   1389   572   254899.1574   101   254761.0000   254996.5153    12180    0.09%
   1395   569   254867.8733   191   254761.0000   254994.8727    12395    0.09%
   1427   583   254846.7163   163   254761.0000   254994.8727    12568    0.09%
   1460   593   254814.1902   130   254761.0000   254994.8727    12699    0.09%
   1493   606   254781.7551    98   254761.0000   254994.8727    12820    0.09%
   1505   604   254986.7834   188   254761.0000   254994.4999    12899    0.09%
   1535   622   254967.2014   161   254761.0000   254994.4999    13074    0.09%
Elapsed time = 1479.03 sec. (671875.50 ticks, tree = 19.43 MB, solutions = 1)
   1570   638   254869.7214   127   254761.0000   254994.4999    13236    0.09%
   1600   645   254829.9631   115   254761.0000   254994.4999    13324    0.09%
   1618   640   254828.3958   115   254761.0000   254994.4999    13349    0.09%
   1633   635   254827.0402   115   254761.0000   254994.4999    13363    0.09%
   1635   635   254826.1016   113   254761.0000   254994.4999    13369    0.09%
   1655   640   254936.1809   174   254761.0000   254993.7806    13628    0.09%
   1671   652   254797.3075   153   254761.0000   254993.7806    13771    0.09%
   1691   656   254780.2040   138   254761.0000   254993.7806    13863    0.09%
   1715   655   254985.7848   167   254761.0000   254993.0232    14263    0.09%
   1766   684   254942.7447   113   254761.0000   254993.0232    14493    0.09%
Elapsed time = 1591.30 sec. (731933.43 ticks, tree = 19.81 MB, solutions = 1)
   1800   702   254906.7326    99   254761.0000   254993.0232    14593    0.09%
   1840   722   254887.9204    83   254761.0000   254993.0232    14667    0.09%
   1855   717   254887.3803    83   254761.0000   254993.0232    14682    0.09%
   1872   709   254886.7327    83   254761.0000   254993.0232    14699    0.09%
   1889   703   254886.1299    83   254761.0000   254993.0232    14716    0.09%
   1903   701   254774.0234    89   254761.0000   254993.0232    14793    0.09%
   1919   696   254924.8265   187   254761.0000   254992.1432    14959    0.09%
   1957   718   254907.2002   163   254761.0000   254992.1432    15135    0.09%
   1981   724   254901.9020   152   254761.0000   254992.1432    15174    0.09%
   1997   718   254901.8899   152   254761.0000   254992.1432    15189    0.09%
Elapsed time = 1723.34 sec. (788237.25 ticks, tree = 19.64 MB, solutions = 1)
   2014   711   254901.8832   152   254761.0000   254992.1432    15206    0.09%
   2030   704   254901.8803   152   254761.0000   254992.1432    15222    0.09%
   2042   699   254901.8790   152   254761.0000   254992.1432    15234    0.09%
   2058   692   254901.8772   152   254761.0000   254992.1432    15250    0.09%
   2076   685   254901.8757   152   254761.0000   254992.1432    15267    0.09%
   2093   678   254901.8748   152   254761.0000   254992.1432    15284    0.09%
   2118   684   254889.2273   133   254761.0000   254992.1432    15347    0.09%
   2151   690   254867.5530   119   254761.0000   254992.1432    15409    0.09%
   2168   682   254866.3335   119   254761.0000   254992.1432    15426    0.09%
   2185   675   254865.4504   119   254761.0000   254992.1432    15443    0.09%
Elapsed time = 1848.52 sec. (844130.14 ticks, tree = 17.58 MB, solutions = 1)
   2188   673   254987.1143   171   254761.0000   254991.2459    15479    0.09%
   2268   735   254961.6073   128   254761.0000   254991.2459    15770    0.09%
   2401   867   254929.0506   112   254761.0000   254991.2459    15955    0.09%
   2469   931   254911.8995   103   254761.0000   254991.2459    16065    0.09%
   2487   931   254910.6501   103   254761.0000   254991.2459    16083    0.09%
   2498   931   254988.3471   171   254761.0000   254990.4985    16170    0.09%
   2534   967   254823.1106   151   254761.0000   254990.4985    16958    0.09%
   2651  1084   254821.1713   147   254761.0000   254990.4985    17082    0.09%
   2706  1136   254766.3426   119   254761.0000   254990.4985    17230    0.09%
   2721  1140   254900.1359   193   254761.0000   254990.4331    17425    0.09%
Elapsed time = 1937.70 sec. (885428.05 ticks, tree = 29.40 MB, solutions = 1)
   2765  1179   254881.1374   167   254761.0000   254990.4331    17602    0.09%
   2832  1246   254859.9974   140   254761.0000   254990.4331    17735    0.09%
   2882  1295   254852.0261   136   254761.0000   254990.4331    17807    0.09%
   2904  1312   254974.5857   185   254761.0000   254990.4186    18038    0.09%
   2957  1365   254945.5565   159   254761.0000   254990.4186    18302    0.09%
   2988  1396   254941.9501   151   254761.0000   254990.4186    18341    0.09%
   3168  1575   254930.4907   122   254761.0000   254990.4186    18554    0.09%
   3189  1580   254924.4423   113   254761.0000   254990.4186    18588    0.09%
   3229  1617   254890.8998    65   254761.0000   254990.4186    18703    0.09%
   3247  1617   254890.2991    65   254761.0000   254990.4186    18721    0.09%
Elapsed time = 2073.51 sec. (950821.92 ticks, tree = 41.72 MB, solutions = 1)
   3265  1617   254889.3095    65   254761.0000   254990.4186    18739    0.09%
   3283  1617   254888.1182    65   254761.0000   254990.4186    18757    0.09%
   3313  1640   254961.2662   165   254761.0000   254988.5897    18924    0.09%
   3389  1716   254949.6053   131   254761.0000   254988.5897    19084    0.09%
   3560  1883   254939.3287   121   254761.0000   254988.5897    19299    0.09%
   3590  1911   254940.8106   170   254761.0000   254988.4540    19483    0.09%
   3644  1965   254908.3978   148   254761.0000   254988.4540    19698    0.09%
   3788  2109   254895.5619   127   254761.0000   254988.4540    19879    0.09%
   3815  2126   254984.3607   170   254761.0000   254988.1344    20201    0.09%
   3876  2187   254957.7890   132   254761.0000   254988.1344    20431    0.09%
Elapsed time = 2193.34 sec. (1011972.51 ticks, tree = 56.51 MB, solutions = 1)
   4035  2346   254913.1297   124   254761.0000   254988.1344    20667    0.09%
   4086  2397   254881.7630    74   254761.0000   254988.1344    20778    0.09%
   4116  2421   254851.2077    54   254761.0000   254988.1344    20844    0.09%
   4166  2462   254787.4971   164   254761.0000   254988.0735    21095    0.09%
   4174  2469   254782.7397   159   254761.0000   254988.0735    21116    0.09%
   4204  2493   254768.3979   151   254761.0000   254988.0735    21238    0.09%
   4234  2516   254797.6095   178   254761.0000   254987.5814    21504    0.09%
   4277  2553   254768.3541   151   254761.0000   254987.5814    21727    0.09%
   4301  2559   254809.1949   172   254761.0000   254987.5712    21979    0.09%
   4343  2598   254783.8373   160   254761.0000   254987.5712    22236    0.09%
Elapsed time = 2294.50 sec. (1064266.38 ticks, tree = 67.15 MB, solutions = 1)
   4378  2629   254981.6987   166   254761.0000   254987.5572    22471    0.09%
   4420  2670   254828.5071   136   254761.0000   254987.5572    22908    0.09%
   4457  2701   254961.5763   176   254761.0000   254987.4398    23376    0.09%
   4507  2745   254936.9708   138   254761.0000   254987.4398    23561    0.09%
   4588  2826   254926.6090   138   254761.0000   254987.4398    23658    0.09%
   4615  2852   254891.2724   121   254761.0000   254987.4398    23702    0.09%
   4684  2917   254857.7800    98   254761.0000   254987.4398    23832    0.09%
   4701  2917   254857.4425    98   254761.0000   254987.4398    23849    0.09%
   4718  2917   254857.1399    98   254761.0000   254987.4398    23866    0.09%
   4739  2929   254820.4442    94   254761.0000   254987.4398    23918    0.09%
Elapsed time = 2419.08 sec. (1127550.20 ticks, tree = 75.71 MB, solutions = 1)
   4761  2936   254814.1927    87   254761.0000   254987.4398    23973    0.09%
   4786  2948   254807.3589    75   254761.0000   254987.4398    24011    0.09%
   4803  2949   254806.7445    75   254761.0000   254987.4398    24027    0.09%
   4828  2968   254824.9471   177   254761.0000   254987.2657    24257    0.09%
   4887  3023   254971.2931   159   254761.0000   254987.0251    24583    0.09%
   4940  3075   254950.3683   144   254761.0000   254987.0251    24736    0.09%
   5033  3168   254926.3356   141   254761.0000   254987.0251    24868    0.09%
   5097  3227   254984.1388   174   254761.0000   254986.8945    25019    0.09%
   5119  3249   254970.1358   155   254761.0000   254986.8945    25117    0.09%
   5188  3318   254954.5084   142   254761.0000   254986.8945    25294    0.09%
Elapsed time = 2541.38 sec. (1193511.42 ticks, tree = 85.77 MB, solutions = 1)
   5237  3355   254951.5211   140   254761.0000   254986.8945    25349    0.09%
   5253  3357   254825.9124   143   254761.0000   254986.8945    25405    0.09%
   5303  3402   254808.4358   175   254761.0000   254986.7170    25757    0.09%
   5348  3438   254777.1024   155   254761.0000   254986.7170    26086    0.09%
   5383  3468   254974.2411   175   254761.0000   254986.1957    26203    0.09%
   5388  3473   254972.5999   178   254761.0000   254986.1957    26254    0.09%
   5474  3559   254958.3260   143   254761.0000   254986.1957    26465    0.09%
   5544  3624   254801.3705   135   254761.0000   254986.1957    26593    0.09%
   5584  3653   254769.4330   121   254761.0000   254986.1957    26717    0.09%
*  5588+ 3628                       254763.0000   254986.1957    26721    0.09%
   5617  3653   254975.6276   149   254763.0000   254986.1836    26827    0.09%
Elapsed time = 2623.17 sec. (1232675.31 ticks, tree = 94.44 MB, solutions = 2)
   5692  3728   254957.3030   135   254763.0000   254986.1836    27032    0.09%
   5752  3787   254786.1220   133   254763.0000   254986.1836    27342    0.09%
   5784  3814   254799.5896   192   254763.0000   254986.0046    27787    0.09%
   5808  3837   254785.6573   171   254763.0000   254986.0046    27880    0.09%
   5856  3880   254969.7241   160   254763.0000   254985.9483    28051    0.09%
   5926  3950   254956.0624   139   254763.0000   254985.9483    28358    0.09%
*  5988+ 3997                       254764.0000   254985.9483    28466    0.09%
   5988  3999   254825.1995   140   254764.0000   254985.9483    28466    0.09%
   6037  4042   254935.6782   169   254764.0000   254985.8743    28984    0.09%
   6111  4116   254918.8382   159   254764.0000   254985.8743    29113    0.09%
   6160  4159   254981.6053   162   254764.0000   254985.8743    29284    0.09%
Elapsed time = 2761.45 sec. (1303229.36 ticks, tree = 107.64 MB, solutions = 3)
   6223  4222   254963.7346   140   254764.0000   254985.8743    29480    0.09%
   6317  4313   254810.4950   139   254764.0000   254985.8743    29639    0.09%
   6379  4369   254943.2240   152   254764.0000   254985.8173    29883    0.09%
   6443  4433   254884.7461   130   254764.0000   254985.8173    30092    0.09%
   6520  4509   254778.0031   100   254764.0000   254985.8173    30235    0.09%
   6548  4527   254804.7251   180   254764.0000   254985.7836    30477    0.09%
*  6588+ 4534                       254766.0000   254985.7836    30626    0.09%
   6588  4536   254787.1846   168   254766.0000   254985.7836    30626    0.09%
   6642  4581   254872.0744   156   254766.0000   254985.6466    31113    0.09%
*  6688+ 4583                       254768.0000   254985.6466    31366    0.09%
   6688  4585   254803.1346    84   254768.0000   254985.6466    31366    0.09%
   6719  4610   254773.7862    69   254768.0000   254985.6466    31474    0.09%
Elapsed time = 2896.78 sec. (1376982.22 ticks, tree = 119.33 MB, solutions = 5)
   6760  4646   254870.7495   155   254768.0000   254985.5660    32339    0.09%
   6778  4646   254870.7495   153   254768.0000   254985.5660    32360    0.09%
   6796  4647   254870.6329   152   254768.0000   254985.5660    32378    0.09%
   6830  4671   254837.3190   138   254768.0000   254985.5660    32446    0.09%
   6852  4679   254833.8270   133   254768.0000   254985.5660    32484    0.09%
   6869  4679   254833.6974   133   254768.0000   254985.5660    32501    0.09%
   6908  4714   254778.8204    70   254768.0000   254985.5660    32624    0.09%
   6964  4767   254905.1864   130   254768.0000   254985.5650    33013    0.09%
*  6988+ 4758                       254769.0000   254985.5650    33068    0.09%
   6988  4760   254893.9589   127   254769.0000   254985.5650    33068    0.09%
   7030  4791   254889.1622   127   254769.0000   254985.5650    33113    0.09%
Elapsed time = 3002.82 sec. (1421379.78 ticks, tree = 124.02 MB, solutions = 6)
   7033  4791   254888.7577   127   254769.0000   254985.5650    33116    0.09%
   7049  4791   254808.3273   172   254769.0000   254985.4985    33283    0.08%
*  7088+ 4784                       254771.0000   254985.4985    33414    0.08%
   7093  4791   254786.8468   146   254771.0000   254985.4985    33425    0.08%
   7139  4827   254910.1104   188   254771.0000   254985.3465    33884    0.08%
   7188  4876   254792.3224   143   254771.0000   254985.3465    34252    0.08%
   7248  4932   254953.5603   175   254771.0000   254984.9460    34679    0.08%
   7310  4994   254922.8299   139   254771.0000   254984.9460    35092    0.08%
   7378  5055   254914.8966   139   254771.0000   254984.9460    35162    0.08%
   7388  5056   254977.1052   173   254771.0000   254984.8390    35212    0.08%
   7452  5120   254926.6800   146   254771.0000   254984.8390    35432    0.08%
Elapsed time = 3131.48 sec. (1494852.38 ticks, tree = 132.51 MB, solutions = 7)
   7527  5193   254919.2558   145   254771.0000   254984.8390    35516    0.08%
   7581  5240   254899.9440   153   254771.0000   254984.6651    35720    0.08%
   7644  5301   254887.4695   162   254771.0000   254984.6651    35836    0.08%
   7704  5356   254792.3042   145   254771.0000   254984.6015    36358    0.08%
   7758  5400   254964.7315   157   254771.0000   254984.4769    37028    0.08%
   7826  5466   254949.0935   166   254771.0000   254984.4769    37135    0.08%
   7862  5487   254944.8045   166   254771.0000   254984.4769    37174    0.08%
   7883  5492   254872.8694   160   254771.0000   254984.4134    37595    0.08%
   7949  5558   254860.0821   157   254771.0000   254984.4134    37704    0.08%
   7988  5590   254902.3528   182   254771.0000   254984.3948    37909    0.08%
Elapsed time = 3279.59 sec. (1579644.63 ticks, tree = 144.67 MB, solutions = 7)
   8060  5660   254887.7193   168   254771.0000   254984.3948    38076    0.08%
*  8088+ 5588                       254775.0000   254984.3706    38243    0.08%
   8088  5590   254970.6392   182   254775.0000   254984.3706    38243    0.08%
   8158  5658   254949.9443   156   254775.0000   254984.3706    38372    0.08%
   8188  5686   254945.1674   156   254775.0000   254984.3706    38403    0.08%
   8239  5727   254933.6501   144   254775.0000   254984.3607    39140    0.08%
   8288  5776   254883.5403   141   254775.0000   254984.3607    39232    0.08%
   8343  5827   254788.9761   138   254775.0000   254984.3607    39467    0.08%
   8360  5836   254941.3494   171   254775.0000   254984.2929    39723    0.08%
   8453  5929   254926.2609   146   254775.0000   254984.2929    39879    0.08%
   8512  5980   254822.0488   136   254775.0000   254984.2929    40070    0.08%
Elapsed time = 3423.00 sec. (1658376.74 ticks, tree = 154.79 MB, solutions = 8)
   8586  6048   254965.8323   153   254775.0000   254984.1977    40267    0.08%
   8685  6138   254913.2479   150   254775.0000   254984.1977    40389    0.08%
   8748  6201   254854.2696   133   254775.0000   254984.1977    40600    0.08%
   8782  6235   254845.4886   122   254775.0000   254984.1977    40660    0.08%
   8878  6329   254819.1208    76   254775.0000   254984.1977    40817    0.08%
   8913  6355   254808.0081    68   254775.0000   254984.1977    40862    0.08%
   8938  6367        cutoff         254775.0000   254984.1977    40922    0.08%
   9019  6443   254955.2028   175   254775.0000   254984.1774    41139    0.08%
   9112  6532   254859.2065   156   254775.0000   254984.1774    41377    0.08%
   9183  6602   254829.4820   143   254775.0000   254984.1774    41632    0.08%
Elapsed time = 3542.34 sec. (1732590.27 ticks, tree = 170.89 MB, solutions = 8)
   9253  6665   254979.5422   161   254775.0000   254984.1618    41799    0.08%
   9348  6760   254964.6104   138   254775.0000   254984.1618    41948    0.08%
   9425  6829   254866.0774   146   254775.0000   254984.1618    42179    0.08%

Implied bound cuts applied:  76
Flow cuts applied:  133
Mixed integer rounding cuts applied:  84
Lift and project cuts applied:  22
Gomory fractional cuts applied:  53

Root node processing (before b&c):
  Real time             =  140.53 sec. (63719.09 ticks)
Sequential b&c:
  Real time             = 3459.51 sec. (1706100.01 ticks)
                          ------------
Total (root+branch&cut) = 3600.04 sec. (1769819.09 ticks)
