1 of 1 MIP starts provided solutions.
MIP start 'm1' defined initial solution with objective 152794.0000.
Tried aggregator 1 time.
MIP Presolve eliminated 0 rows and 1 columns.
MIP Presolve modified 79200 coefficients.
Reduced MIP has 45150 rows, 22800 columns, and 3486802 nonzeros.
Reduced MIP has 22500 binaries, 0 generals, 0 SOSs, and 0 indicators.
Presolve time = 2.67 sec. (1507.16 ticks)
Probing time = 0.13 sec. (49.89 ticks)
Tried aggregator 1 time.
Reduced MIP has 45150 rows, 22800 columns, and 3486802 nonzeros.
Reduced MIP has 22500 binaries, 0 generals, 0 SOSs, and 0 indicators.
Presolve time = 1.73 sec. (865.03 ticks)
Probing time = 0.12 sec. (49.87 ticks)
Clique table members: 150.
MIP emphasis: balance optimality and feasibility.
MIP search method: dynamic search.
Parallel mode: none, using 1 thread.
Root relaxation solution time = 0.89 sec. (498.10 ticks)

        Nodes                                         Cuts/
   Node  Left     Objective  IInf  Best Integer    Best Bound    ItCnt     Gap

*     0+    0                       152794.0000   1.72855e+07      323     --- 
      0     0   153080.3062   134   152794.0000   153080.3062      323    0.19%
      0     0   152976.2241    78   152794.0000      Cuts: 72      418    0.12%
      0     0   152944.3232    60   152794.0000      Cuts: 98      484    0.10%

Repeating presolve.
Tried aggregator 1 time.
MIP Presolve eliminated 15323 rows and 15666 columns.
MIP Presolve modified 486513 coefficients.
Reduced MIP has 29827 rows, 7134 columns, and 1090590 nonzeros.
Reduced MIP has 6834 binaries, 0 generals, 0 SOSs, and 0 indicators.
Presolve time = 1.55 sec. (1001.51 ticks)
Probing time = 0.05 sec. (18.00 ticks)
Tried aggregator 1 time.
MIP Presolve modified 911135 coefficients.
Reduced MIP has 29827 rows, 7134 columns, and 1090590 nonzeros.
Reduced MIP has 6834 binaries, 0 generals, 0 SOSs, and 0 indicators.
Presolve time = 1.25 sec. (943.44 ticks)
Represolve time = 3.01 sec. (2072.98 ticks)
Probing time = 0.05 sec. (17.94 ticks)
Clique table members: 150.
MIP emphasis: balance optimality and feasibility.
MIP search method: dynamic search.
Parallel mode: none, using 1 thread.
Root relaxation solution time = 0.71 sec. (416.93 ticks)

        Nodes                                         Cuts/
   Node  Left     Objective  IInf  Best Integer    Best Bound    ItCnt     Gap

*     0+    0                       152794.0000   152944.3232     1092    0.10%
      0     0   152943.5633    52   152794.0000   152943.5633     1092    0.10%
      0     2   152943.5633    52   152794.0000   152941.5633     1092    0.10%
Elapsed time = 20.76 sec. (11761.01 ticks, tree = 0.00 MB, solutions = 1)
     10    10   152931.5615    48   152794.0000   152941.0266     1169    0.10%
     20    14   152913.9920    46   152794.0000   152941.0266     1241    0.10%
     30    24   152885.8963    52   152794.0000   152941.0266     1322    0.10%
     41    35   152885.4639    46   152794.0000   152941.0266     1385    0.10%
     50    44   152907.3070    46   152794.0000   152941.0266     1480    0.10%
     60    50   152868.7153    58   152794.0000   152941.0266     1599    0.10%
     73    57   152922.6655    42   152794.0000   152931.1000     1720    0.09%
     86    64   152915.3243    40   152794.0000   152931.1000     1851    0.09%
     98    76   152875.1587    40   152794.0000   152931.1000     1961    0.09%
    144    95   152912.4309    45   152794.0000   152931.0266     2282    0.09%
Elapsed time = 26.27 sec. (15421.24 ticks, tree = 0.58 MB, solutions = 1)
    240   178   152919.8646    48   152794.0000   152927.5633     2598    0.09%
    347   275   152800.8959    44   152794.0000   152927.4445     2916    0.09%
    431   349   152809.9448    46   152794.0000   152920.7333     3207    0.08%
    476   374   152818.1376    40   152794.0000   152919.3744     3520    0.08%
    560   432   152893.8137    40   152794.0000   152919.3679     3729    0.08%
    664   528   152893.3354    40   152794.0000   152918.5744     3973    0.08%
    756   615   152819.3824    47   152794.0000   152918.5067     4179    0.08%
    828   664        cutoff         152794.0000   152918.2846     4585    0.08%
    886   674        cutoff         152794.0000   152918.2846     4713    0.08%
    977   760   152901.4402    50   152794.0000   152916.8155     4871    0.08%
Elapsed time = 41.47 sec. (25448.44 ticks, tree = 4.74 MB, solutions = 1)
   1000   782   152823.5219    52   152794.0000   152916.8155     4912    0.08%
   1018   794   152832.6813   110   152794.0000   152832.6806     7024    0.03%
   1019   794   152832.4489   105   152794.0000   152832.4489     7031    0.03%
   1031   798   152827.1773    77   152794.0000   152832.0775     7141    0.02%
   1050   803   152818.6910    54   152794.0000   152832.0775     7234    0.02%
   1067   805   152797.3557    38   152794.0000   152832.0775     7342    0.02%
   1080   759   152825.2426    84   152794.0000   152832.0449     7459    0.02%
   1092   763   152822.5103    59   152794.0000   152832.0449     7500    0.02%
   1111   761   152814.9723    57   152794.0000   152832.0449     7552    0.02%
   1131   717   152816.2566    91   152794.0000   152829.7447     7686    0.02%
Elapsed time = 116.77 sec. (63751.52 ticks, tree = 4.72 MB, solutions = 1)
   1163   728   152796.4853    58   152794.0000   152829.7447     7818    0.02%
   1190   717   152820.4798    62   152794.0000   152829.3737     7965    0.02%
   1226   716   152824.3244    83   152794.0000   152829.1155     8167    0.02%
   1273   729   152803.7889    61   152794.0000   152829.1155     8354    0.02%
   1298   726   152822.1558    81   152794.0000   152826.5342     8495    0.02%
   1343   741   152804.0308    56   152794.0000   152825.2380     8730    0.02%
   1402   757   152804.0390    36   152794.0000   152824.7907     8973    0.02%
   1435   747   152803.5598    63   152794.0000   152823.8428     9266    0.02%
   1492   768   152819.2586    62   152794.0000   152823.3026     9733    0.02%
   1540   774   152808.6098    55   152794.0000   152823.0859    10137    0.02%
Elapsed time = 135.93 sec. (73657.06 ticks, tree = 4.39 MB, solutions = 1)
   1591   766   152805.9883    56   152794.0000   152822.2415    10659    0.02%
   1681   776   152799.2970    32   152794.0000   152822.0780    11109    0.02%
   1765   793   152809.2808    70   152794.0000   152822.0444    11555    0.02%
   1873   833   152793.1561    20   152794.0000   152821.2761    12396    0.02%
   1957   841        cutoff         152794.0000   152820.3533    13172    0.02%
   2077   871   152808.6264    53   152794.0000   152819.5757    13996    0.02%
   2177   893   152816.6970    42   152794.0000   152818.1373    14577    0.02%
   2316   939        cutoff         152794.0000   152817.7973    15122    0.02%
   2468   996   152796.0822    44   152794.0000   152817.6060    16233    0.02%
   2600  1092   152806.3649    64   152794.0000   152816.9708    16926    0.02%
Elapsed time = 154.93 sec. (83372.33 ticks, tree = 5.44 MB, solutions = 1)
   2669  1127   152803.0687    63   152794.0000   152816.7489    17553    0.01%
   2812  1233   152813.7872    54   152794.0000   152816.5003    18525    0.01%
   2927  1310   152809.2898    26   152794.0000   152816.3194    19221    0.01%
   3049  1401   152810.6631    76   152794.0000   152816.1734    20025    0.01%
   3172  1470   152794.2840    50   152794.0000   152815.5445    20790    0.01%
   3296  1561   152794.9181    84   152794.0000   152814.9311    21823    0.01%
   3429  1654   152794.4565    28   152794.0000   152814.6870    22643    0.01%
   3535  1716   152802.3587    50   152794.0000   152814.1941    23702    0.01%
   3668  1806   152801.7309    52   152794.0000   152813.8088    24591    0.01%
   3776  1872   152797.6301    24   152794.0000   152813.4359    25306    0.01%
Elapsed time = 171.69 sec. (93015.13 ticks, tree = 9.30 MB, solutions = 1)
   3896  1940   152801.8568    55   152794.0000   152813.1817    26111    0.01%
   4002  2006   152806.7272    56   152794.0000   152812.9727    26922    0.01%
   4117  2083   152794.2915    19   152794.0000   152812.7994    27739    0.01%
   4218  2156   152797.2332    38   152794.0000   152812.5970    28309    0.01%
   4326  2211        cutoff         152794.0000   152812.1848    29059    0.01%
   4434  2280   152806.7300    34   152794.0000   152811.8059    29764    0.01%
   4542  2342   152809.6222    40   152794.0000   152811.4498    30634    0.01%
   4684  2436   152800.9126    62   152794.0000   152811.1891    31607    0.01%
   4816  2515   152802.1928    54   152794.0000   152810.9722    32459    0.01%
   4930  2590   152807.6153    55   152794.0000   152810.7551    33099    0.01%
Elapsed time = 186.63 sec. (102699.21 ticks, tree = 12.91 MB, solutions = 1)
   5047  2663   152804.5507    51   152794.0000   152810.5703    33910    0.01%
   5184  2755   152802.7217    25   152794.0000   152810.4273    34552    0.01%
   5307  2834   152805.3686    48   152794.0000   152810.2463    35353    0.01%
   5416  2888   152796.2319    36   152794.0000   152810.0949    36212    0.01%
   5514  2935   152794.7978    38   152794.0000   152809.8327    37083    0.01%
   5639  3012   152799.5699    20   152794.0000   152809.7194    37808    0.01%
   5725  3057   152795.5750    18   152794.0000   152809.6387    38455    0.01%
   5843  3130   152808.9124    48   152794.0000   152809.5197    39135    0.01%
   5932  3180        cutoff         152794.0000   152809.4220    39692    0.01%
   6037  3236   152809.3326    52   152794.0000   152809.3192    40438    0.01%
Elapsed time = 200.45 sec. (112375.89 ticks, tree = 16.11 MB, solutions = 1)

Implied bound cuts applied:  76
Flow cuts applied:  41
Mixed integer rounding cuts applied:  77
Gomory fractional cuts applied:  103

Root node processing (before b&c):
  Real time             =   20.72 sec. (11729.18 ticks)
Sequential b&c:
  Real time             =  180.41 sec. (101163.78 ticks)
                          ------------
Total (root+branch&cut) =  201.13 sec. (112892.96 ticks)
