1 of 1 MIP starts provided solutions.
MIP start 'm1' defined initial solution with objective 254761.0000.
Tried aggregator 1 time.
MIP Presolve eliminated 0 rows and 1 columns.
MIP Presolve modified 396250 coefficients.
Reduced MIP has 125250 rows, 63000 columns, and 15935606 nonzeros.
Reduced MIP has 62500 binaries, 0 generals, 0 SOSs, and 0 indicators.
Presolve time = 13.37 sec. (7222.96 ticks)
Probing time = 0.55 sec. (170.26 ticks)
Tried aggregator 1 time.
Reduced MIP has 125250 rows, 63000 columns, and 15935606 nonzeros.
Reduced MIP has 62500 binaries, 0 generals, 0 SOSs, and 0 indicators.
Presolve time = 8.57 sec. (3906.31 ticks)
Probing time = 0.48 sec. (170.22 ticks)
Clique table members: 250.
MIP emphasis: balance optimality and feasibility.
MIP search method: dynamic search.
Parallel mode: none, using 1 thread.
Root relaxation solution time = 4.72 sec. (2338.45 ticks)

        Nodes                                         Cuts/
   Node  Left     Objective  IInf  Best Integer    Best Bound    ItCnt     Gap

*     0+    0                       254761.0000   4.79084e+07      511     --- 
      0     0   255285.3633   196   254761.0000   255285.3633      511    0.21%
      0     0   255171.0111   125   254761.0000      Cuts: 98      666    0.16%
      0     0   255128.0291   122   254761.0000      Cuts: 79      777    0.14%

Repeating presolve.
Presolve has eliminated 16928 rows and 17522 columns...
Presolve has improved bounds 182 times...
Tried aggregator 1 time.
MIP Presolve eliminated 16928 rows and 17522 columns.
MIP Presolve modified 6693844 coefficients.
Reduced MIP has 108322 rows, 45478 columns, and 11503728 nonzeros.
Reduced MIP has 44978 binaries, 0 generals, 0 SOSs, and 0 indicators.
Presolve time = 28.91 sec. (24683.29 ticks)
Probing time = 0.55 sec. (126.84 ticks)
Presolve has eliminated 0 rows and 0 columns...
Tried aggregator 1 time.
MIP Presolve modified 13067079 coefficients.
Reduced MIP has 108322 rows, 45478 columns, and 11503728 nonzeros.
Reduced MIP has 44978 binaries, 0 generals, 0 SOSs, and 0 indicators.
Presolve time = 38.03 sec. (36442.75 ticks)
Represolve time = 69.45 sec. (62155.14 ticks)
Probing time = 0.50 sec. (125.79 ticks)
Clique table members: 250.
MIP emphasis: balance optimality and feasibility.
MIP search method: dynamic search.
Parallel mode: none, using 1 thread.
Root relaxation solution time = 3.20 sec. (1683.08 ticks)

        Nodes                                         Cuts/
   Node  Left     Objective  IInf  Best Integer    Best Bound    ItCnt     Gap

*     0+    0                       254761.0000   255128.0291     1373    0.14%
      0     0   255127.8404   114   254761.0000   255127.8404     1373    0.14%
      0     2   255127.8404   114   254761.0000   255125.3404     1373    0.14%
Elapsed time = 162.33 sec. (106964.57 ticks, tree = 0.00 MB, solutions = 1)
      3     5   255124.5824   115   254761.0000   255124.4634     1400    0.14%
      5     7   255122.5791   119   254761.0000   255120.0757     1423    0.14%
      8    10   255093.0255   117   254761.0000   255118.7784     1445    0.14%
     11    13   255118.7784   117   254761.0000   255118.2784     1465    0.14%
     14    16   255114.7784   119   254761.0000   255114.7784     1480    0.14%
     17    19   255109.1063   121   254761.0000   255112.5798     1499    0.14%
     20    22   255105.1712   118   254761.0000   255112.5798     1511    0.14%
     23    25   255109.7877   111   254761.0000   255112.5798     1520    0.14%
     26    28   255105.0297   111   254761.0000   255112.5798     1524    0.14%
     35    37   255084.5701   103   254761.0000   255112.5798     1568    0.14%
Elapsed time = 175.29 sec. (111999.66 ticks, tree = 3.50 MB, solutions = 1)
     45    47   255082.1732    92   254761.0000   255112.5798     1611    0.14%
     54    56   255079.1263    92   254761.0000   255112.5798     1712    0.14%
     60    62   255035.3239    90   254761.0000   255112.5798     1775    0.14%
     69    71   255072.9837    92   254761.0000   255112.5798     1856    0.14%
     79    81   255050.8148    84   254761.0000   255112.5798     1912    0.14%
     85    87   255048.5583    70   254761.0000   255112.5798     1927    0.14%
     94    96   255045.6940    72   254761.0000   255112.5798     2029    0.14%
    104   106   255012.9567    68   254761.0000   255112.5798     2095    0.14%
    114   116   254913.5134    82   254761.0000   255112.5798     2208    0.14%
    120   118   254890.3352    86   254761.0000   255112.5798     2293    0.14%
Elapsed time = 198.90 sec. (122559.04 ticks, tree = 5.87 MB, solutions = 1)
    129   121        cutoff         254761.0000   255112.5798     2384    0.14%
    137   125   254985.8449    68   254761.0000   255112.5798     2473    0.14%
    139   125   254985.7341    68   254761.0000   255112.5798     2474    0.14%
    145   125    infeasible         254761.0000   255112.5798     2501    0.14%
    148   126   254985.0696    68   254761.0000   255112.5798     2512    0.14%
    151   127   254984.8481    68   254761.0000   255112.5798     2530    0.14%
    159   127   254984.2943    68   254761.0000   255112.5798     2567    0.14%
    161   127   254984.2943    68   254761.0000   255112.5798     2579    0.14%
    169   129        cutoff         254761.0000   255112.5798     2593    0.14%
    178   130        cutoff         254761.0000   255112.5798     2615    0.14%
Elapsed time = 218.96 sec. (133274.07 ticks, tree = 6.23 MB, solutions = 1)
    187   133   254981.0824    68   254761.0000   255112.5798     2637    0.14%
    193   135   254980.7502    68   254761.0000   255112.5798     2648    0.14%
    200   136   254979.8641    68   254761.0000   255112.5798     2663    0.14%
    209   137        cutoff         254761.0000   255112.5798     2683    0.14%
    215   139    infeasible         254761.0000   255112.5798     2691    0.14%
    223   141   254976.5415    68   254761.0000   255112.5798     2704    0.14%
    230   140    infeasible         254761.0000   255112.5798     2714    0.14%
    239   143        cutoff         254761.0000   255112.5798     2726    0.14%
    246   144   254973.4404    68   254761.0000   255112.5798     2736    0.14%
    254   144   254972.5544    68   254761.0000   255112.5798     2746    0.14%
Elapsed time = 248.28 sec. (148059.97 ticks, tree = 6.64 MB, solutions = 1)
    265   147   254971.1146    68   254761.0000   255112.5798     2760    0.14%
    269   149   254970.1178    68   254761.0000   255112.5798     2766    0.14%
    277   149   254968.5673    68   254761.0000   255112.5798     2777    0.14%
    286   150        cutoff         254761.0000   255112.5798     2791    0.14%
    294   152   254967.3490    68   254761.0000   255112.5798     2802    0.14%
    300   154   254966.9059    68   254761.0000   255112.5798     2809    0.14%
    307   153        cutoff         254761.0000   255112.5798     2820    0.14%
    319   157        cutoff         254761.0000   255112.5798     2835    0.14%
    332   160   254963.6941    68   254761.0000   255112.5798     2845    0.14%
    342   160        cutoff         254761.0000   255112.5798     2856    0.14%
Elapsed time = 269.61 sec. (159979.70 ticks, tree = 7.11 MB, solutions = 1)
    352   162   254961.7005    68   254761.0000   255112.5798     2867    0.14%
    359   161   255108.5333   117   254761.0000   255111.7784     2891    0.14%
    360   162   255108.5333   117   254761.0000   255111.7784     2892    0.14%
    372   174   255103.9469   109   254761.0000   255111.7784     2990    0.14%
    382   184   255093.5156   102   254761.0000   255111.7784     3029    0.14%
    393   195   255077.5958    97   254761.0000   255111.7784     3105    0.14%
    397   199   255071.5660    91   254761.0000   255111.7784     3116    0.14%
    400   202   255070.5337    93   254761.0000   255111.7784     3122    0.14%
    402   204   255067.7004    91   254761.0000   255111.7784     3153    0.14%
    413   215   255064.4079    91   254761.0000   255111.7784     3227    0.14%
Elapsed time = 295.45 sec. (173035.73 ticks, tree = 8.69 MB, solutions = 1)
    426   228   255059.9244    89   254761.0000   255111.7784     3277    0.14%
    434   236   255052.4325    81   254761.0000   255111.7784     3301    0.14%
    443   245   255045.1771    79   254761.0000   255111.7784     3413    0.14%
    452   254   255044.1424    75   254761.0000   255111.7784     3568    0.14%
    464   262   254985.5827    81   254761.0000   255111.7784     3664    0.14%
    474   272   255012.0690    75   254761.0000   255111.7784     3708    0.14%
    483   275        cutoff         254761.0000   255111.7784     3772    0.14%
    490   276   254990.1673    75   254761.0000   255111.7784     3806    0.14%
    499   277        cutoff         254761.0000   255111.7784     3842    0.14%
    509   281   254988.2845    75   254761.0000   255111.7784     3869    0.14%
Elapsed time = 322.62 sec. (185228.98 ticks, tree = 10.63 MB, solutions = 1)
    517   281        cutoff         254761.0000   255111.7784     3896    0.14%
    522   282   254986.6232    75   254761.0000   255111.7784     3909    0.14%
    533   285        cutoff         254761.0000   255111.7784     3934    0.14%
    540   286   254985.1834    75   254761.0000   255111.7784     3954    0.14%
    549   289   254983.8544    75   254761.0000   255111.7784     3975    0.14%
    557   289        cutoff         254761.0000   255111.7784     3994    0.14%
    560   290   254982.9683    75   254761.0000   255111.7784     3998    0.14%
    568   290    infeasible         254761.0000   255111.7784     4013    0.14%
    575   291        cutoff         254761.0000   255111.7784     4025    0.14%
    583   293        cutoff         254761.0000   255111.7784     4036    0.14%
Elapsed time = 345.72 sec. (198009.06 ticks, tree = 11.01 MB, solutions = 1)
    589   293    infeasible         254761.0000   255111.7784     4041    0.14%
    597   295    infeasible         254761.0000   255111.7784     4051    0.14%
    605   297   254976.2124    75   254761.0000   255111.7784     4061    0.14%
    613   299   254974.8833    75   254761.0000   255111.7784     4073    0.14%
    618   298        cutoff         254761.0000   255111.7784     4081    0.14%
    626   300   254973.2220    75   254761.0000   255111.7784     4092    0.14%
    633   301   254972.4467    75   254761.0000   255111.7784     4103    0.14%
    643   303   254971.8930    75   254761.0000   255111.7784     4117    0.14%
    650   304   254970.7854    75   254761.0000   255111.7784     4127    0.14%
    660   306        cutoff         254761.0000   255111.7784     4142    0.14%
Elapsed time = 369.73 sec. (211458.98 ticks, tree = 11.39 MB, solutions = 1)
    667   307   254969.7886    75   254761.0000   255111.7784     4153    0.14%
    677   309        cutoff         254761.0000   255111.7784     4167    0.14%
    680   310   254968.1273    75   254761.0000   255111.7784     4171    0.14%
    688   310    infeasible         254761.0000   255111.7784     4183    0.14%
    695   311   254966.7983    75   254761.0000   255111.7784     4193    0.14%
    705   310   255100.6770   121   254761.0000   255111.6951     4241    0.14%
    716   321   255096.3616   124   254761.0000   255110.4698     4309    0.14%
    720   325   255090.5632   111   254761.0000   255110.4698     4321    0.14%
    731   336   255081.9702   114   254761.0000   255110.4698     4346    0.14%
    760   365   255058.7460   106   254761.0000   255110.4698     4393    0.14%
Elapsed time = 402.91 sec. (228162.34 ticks, tree = 13.12 MB, solutions = 1)
    801   406   255034.0868    92   254761.0000   255110.4698     4464    0.14%
    833   438   255061.4594   118   254761.0000   255109.2877     4783    0.14%
    875   480   255026.0721    79   254761.0000   255109.2877     5035    0.14%
    897   502   255000.6868    68   254761.0000   255109.2877     5148    0.14%
    935   536   254784.0378    84   254761.0000   255109.2877     5606    0.14%
    968   557   254977.2963   182   254761.0000   254977.1550     9036    0.08%
    969   558   254976.6966   178   254761.0000   254975.9810     9056    0.08%
    971   558   254973.8186   178   254761.0000   254975.9810     9115    0.08%
    973   558   254972.7091   176   254761.0000   254975.9810     9143    0.08%
    983   563   254955.0526   138   254761.0000   254975.9810     9299    0.08%
Elapsed time = 1026.76 sec. (547639.69 ticks, tree = 20.96 MB, solutions = 1)
    987   566   254950.2129   139   254761.0000   254975.9810     9340    0.08%
    990   567   254947.5804   142   254761.0000   254975.9810     9383    0.08%
    993   568   254941.9207   140   254761.0000   254975.9810     9426    0.08%
    999   570   254936.0977   153   254761.0000   254975.9810     9521    0.08%
   1008   569   254923.1110   147   254761.0000   254975.9810     9575    0.08%
   1014   568   254918.6754   150   254761.0000   254975.9810     9661    0.08%
   1029   561   254899.7778   142   254761.0000   254975.9810     9744    0.08%
   1043   556   254890.0304   139   254761.0000   254975.9810     9824    0.08%
   1059   549   254876.2428   137   254761.0000   254975.9810     9876    0.08%
   1075   546   254868.2884   138   254761.0000   254975.9810     9923    0.08%
Elapsed time = 1114.99 sec. (588138.10 ticks, tree = 21.30 MB, solutions = 1)
   1094   546   254859.7646   138   254761.0000   254975.9810     9982    0.08%
   1108   540   254858.4426   138   254761.0000   254975.9810     9996    0.08%
   1127   534   254855.2411   136   254761.0000   254975.9810    10014    0.08%
   1145   526   254854.2382   136   254761.0000   254975.9810    10032    0.08%
   1161   525   254790.8497   125   254761.0000   254975.9810    10111    0.08%
   1178   497   254926.6681   151   254761.0000   254973.9766    10322    0.08%
   1217   522   254899.4899   129   254761.0000   254973.9766    10677    0.08%
   1241   528   254798.1004   133   254761.0000   254973.9766    10852    0.08%
   1263   520   254834.4265   161   254761.0000   254972.6903    11322    0.08%
   1282   524   254813.8828   152   254761.0000   254972.6903    11538    0.08%
Elapsed time = 1197.80 sec. (629485.86 ticks, tree = 19.57 MB, solutions = 1)
   1306   532   254786.1585   133   254761.0000   254972.6903    11679    0.08%
   1335   536   254964.0837   170   254761.0000   254971.4341    12176    0.08%
*  1368+  437                       254762.0000   254971.4341    12589    0.08%
   1373   442   254947.1863   112   254762.0000   254971.4341    12595    0.08%
   1406   462   254895.0587   107   254762.0000   254971.4341    12796    0.08%
   1431   466   254863.0413   107   254762.0000   254971.4341    12905    0.08%
   1456   464   254852.5604    98   254762.0000   254971.4341    12967    0.08%
   1475   455   254852.2940    98   254762.0000   254971.4341    12986    0.08%
   1488   449   254852.2051    98   254762.0000   254971.4341    12999    0.08%
   1513   447   254826.6707    78   254762.0000   254971.4341    13069    0.08%
   1532   439   254822.8207    78   254762.0000   254971.4341    13088    0.08%
Elapsed time = 1275.33 sec. (669039.58 ticks, tree = 15.21 MB, solutions = 2)
   1563   454   254881.0083   169   254762.0000   254971.1811    13511    0.08%
   1639   494   254856.6705   144   254762.0000   254971.1811    13793    0.08%
   1669   507   254841.2023   122   254762.0000   254971.1811    13944    0.08%
   1686   499   254839.9878   122   254762.0000   254971.1811    13961    0.08%
   1703   502   254809.7343   130   254762.0000   254971.1811    14027    0.08%
   1720   496   254808.3548   130   254762.0000   254971.1811    14046    0.08%
   1743   490   254776.3057   129   254762.0000   254971.1811    14088    0.08%
*  1768+  467                       254765.0000   254971.1811    14241    0.08%
   1768   469   254915.0319   137   254765.0000   254970.7735    14241    0.08%
   1811   493   254880.0888   114   254765.0000   254970.7735    14901    0.08%
   1854   520   254834.7631    61   254765.0000   254970.7735    15187    0.08%
Elapsed time = 1352.93 sec. (709027.13 ticks, tree = 14.44 MB, solutions = 3)
   1857   523   254830.1939    64   254765.0000   254970.7735    15199    0.08%
   1858   524   254831.2000    67   254765.0000   254970.7735    15215    0.08%
   1901   559   254815.0884    44   254765.0000   254970.7735    15339    0.08%
   1908   565   254793.6166    48   254765.0000   254970.7735    15355    0.08%
   1925   565   254780.4650    48   254765.0000   254970.7735    15381    0.08%
*  1934+  557                       254768.0000   254970.7735    15553    0.08%
   1934   559   254956.4419   162   254768.0000   254969.7850    15553    0.08%
   2016   641   254940.4402   161   254768.0000   254969.7850    15990    0.08%
   2037   648   254937.4456   161   254768.0000   254969.7850    16011    0.08%
   2063   662   254862.1332   132   254768.0000   254969.7850    16260    0.08%
   2122   721   254789.9530    75   254768.0000   254969.7850    16574    0.08%
Elapsed time = 1463.27 sec. (758419.28 ticks, tree = 19.20 MB, solutions = 4)
   2145   725   254770.5530    75   254768.0000   254969.7850    16622    0.08%
   2227   807   254917.1372   163   254768.0000   254969.6044    17043    0.08%
   2285   865   254797.6152   130   254768.0000   254969.6044    17484    0.08%
   2328   902   254932.8443   141   254768.0000   254968.8965    17794    0.08%
   2408   982   254921.0600   145   254768.0000   254968.8965    18027    0.08%
   2465  1036   254833.6646   142   254768.0000   254968.8965    18441    0.08%
   2482  1036   254833.4621   144   254768.0000   254968.8965    18461    0.08%
   2508  1047   254829.4890   143   254768.0000   254968.8965    18505    0.08%
   2534  1060   254824.7581   136   254768.0000   254968.8965    18545    0.08%
   2554  1064   254789.2085   125   254768.0000   254968.8965    18608    0.08%
Elapsed time = 1550.94 sec. (798716.45 ticks, tree = 26.25 MB, solutions = 4)
   2569  1070   254782.2364   111   254768.0000   254968.8965    18635    0.08%
   2578  1077   254962.2202   163   254768.0000   254967.6361    18887    0.08%
   2630  1125   254775.1732   140   254768.0000   254967.6361    19395    0.08%
   2689  1178   254944.6584   107   254768.0000   254967.3343    19943    0.08%
   2758  1240   254923.6609    72   254768.0000   254967.3343    20136    0.08%
   2775  1241   254921.7720    72   254768.0000   254967.3343    20152    0.08%
   2794  1241   254918.5987    72   254768.0000   254967.3343    20171    0.08%
   2813  1241   254915.3498    72   254768.0000   254967.3343    20192    0.08%
   2837  1250   254786.7492    82   254768.0000   254967.3343    20287    0.08%
   2858  1258   254842.8122   140   254768.0000   254966.9533    20557    0.08%
Elapsed time = 1652.29 sec. (846034.68 ticks, tree = 30.82 MB, solutions = 4)
   2950  1344   254871.9980   149   254768.0000   254966.9305    21096    0.08%
   2958  1344   254871.7670   148   254768.0000   254966.9305    21106    0.08%
   2966  1344   254871.6994   148   254768.0000   254966.9305    21114    0.08%
   2968  1344   254871.6882   148   254768.0000   254966.9305    21116    0.08%
   2977  1345   254871.6393   148   254768.0000   254966.9305    21124    0.08%
   2985  1345   254871.5980   148   254768.0000   254966.9305    21132    0.08%
   2993  1345   254871.4456   148   254768.0000   254966.9305    21140    0.08%
   3091  1438        cutoff         254768.0000   254966.9305    21377    0.08%
   3173  1514   254922.0434   148   254768.0000   254964.0851    22021    0.08%
   3243  1578   254774.7838   111   254768.0000   254964.0851    22411    0.08%
Elapsed time = 1758.16 sec. (892762.17 ticks, tree = 38.41 MB, solutions = 4)
   3263  1582   254924.5619   144   254768.0000   254963.7546    22623    0.08%
   3357  1668   254911.3381   106   254768.0000   254963.7546    22833    0.08%
   3380  1676   254910.5607    99   254768.0000   254963.7546    22859    0.08%
   3429  1708   254910.1471    99   254768.0000   254963.7546    22921    0.08%
   3475  1743   254898.5573    89   254768.0000   254963.7546    23063    0.08%
   3566  1830   254917.1083   112   254768.0000   254963.5200    23372    0.08%
   3690  1954   254878.5995    75   254768.0000   254963.5200    23681    0.08%
   3709  1956   254878.3369    75   254768.0000   254963.5200    23700    0.08%
   3727  1956   254878.1983    75   254768.0000   254963.5200    23718    0.08%
   3745  1956   254877.8628    75   254768.0000   254963.5200    23736    0.08%
Elapsed time = 1852.01 sec. (931496.41 ticks, tree = 47.34 MB, solutions = 4)
   3767  1969   254876.4788    71   254768.0000   254963.5200    23762    0.08%
   3785  1970   254876.3734    71   254768.0000   254963.5200    23779    0.08%
   3821  1993   254804.6546    54   254768.0000   254963.5200    23862    0.08%
   3851  2014   254792.5855    58   254768.0000   254963.5200    23937    0.08%
   3875  2018   254947.7475   149   254768.0000   254963.4302    24074    0.08%
   3981  2117   254929.4237   113   254768.0000   254963.4302    24365    0.08%
   4029  2153   254921.1880   115   254768.0000   254963.4302    24485    0.08%
   4120  2241   254789.8574   109   254768.0000   254963.4302    24655    0.08%
   4150  2264   254876.8678   159   254768.0000   254963.2998    24953    0.08%
   4179  2288   254792.7007   151   254768.0000   254963.2998    25215    0.08%
Elapsed time = 1938.33 sec. (970828.91 ticks, tree = 55.20 MB, solutions = 4)
   4276  2374   254902.3917   106   254768.0000   254962.3165    25655    0.08%
   4383  2481   254879.7524   104   254768.0000   254962.3165    25884    0.08%
   4483  2577   254913.1164   113   254768.0000   254962.0791    26239    0.08%
   4590  2684   254884.7443   112   254768.0000   254962.0791    26495    0.08%
   4670  2760   254939.3572   116   254768.0000   254961.9967    26885    0.08%
   4768  2858   254835.3628   124   254768.0000   254961.9967    27076    0.08%
   4861  2947   254960.9791   158   254768.0000   254961.3740    27270    0.08%
   4935  3021   254929.9093    95   254768.0000   254961.3740    27584    0.08%
   4968  3054   254925.7593    93   254768.0000   254961.3740    27618    0.08%
   5045  3125   254786.0191   102   254768.0000   254961.3740    27817    0.08%
Elapsed time = 2023.04 sec. (1010127.89 ticks, tree = 75.00 MB, solutions = 4)
   5096  3170   254906.8664    93   254768.0000   254961.3434    28440    0.08%
   5177  3245   254938.5752   108   254768.0000   254961.2045    28812    0.08%
   5302  3368   254911.8288    93   254768.0000   254961.2045    29141    0.08%
   5377  3443   254897.3280    79   254768.0000   254961.2045    29270    0.08%
   5511  3574   254944.0541   117   254768.0000   254960.2596    29669    0.08%
   5589  3646   254923.5952    97   254768.0000   254960.2596    29863    0.08%
   5690  3740   254960.1075   152   254768.0000   254960.2488    30061    0.08%
   5768  3818   254933.6644   108   254768.0000   254960.2488    30433    0.08%
   5911  3961   254909.7529    95   254768.0000   254960.2488    30656    0.08%
   6039  4083   254911.8577   111   254768.0000   254960.2404    31018    0.08%
Elapsed time = 2112.92 sec. (1050878.62 ticks, tree = 97.63 MB, solutions = 4)
   6141  4185   254791.8750   117   254768.0000   254960.2404    31308    0.08%
   6168  4208   254837.3547   138   254768.0000   254960.0161    31764    0.08%
   6242  4272        cutoff         254768.0000   254960.0161    32214    0.08%
   6333  4363   254839.9447   133   254768.0000   254959.9037    32423    0.08%
   6420  4446   254914.9886   150   254768.0000   254959.7318    32726    0.08%
   6512  4538   254896.0724   123   254768.0000   254959.7318    33022    0.08%
   6568  4594   254893.3975   121   254768.0000   254959.7318    33089    0.08%
   6611  4625   254827.8000   121   254768.0000   254959.7318    33220    0.08%
   6666  4676   254941.0396   127   254768.0000   254959.4756    33374    0.08%
   6768  4778   254836.6281   116   254768.0000   254959.4756    33611    0.08%
Elapsed time = 2193.03 sec. (1090125.75 ticks, tree = 114.16 MB, solutions = 4)
   6861  4867   254945.6279   139   254768.0000   254959.2459    33815    0.08%
*  6968+ 4962                       254769.0000   254959.2459    34008    0.07%
   6968  4964   254844.1813   120   254769.0000   254959.2459    34008    0.07%
   7039  5026   254937.5648   130   254769.0000   254959.2112    34648    0.07%
   7103  5083   254778.9218   116   254769.0000   254959.2112    34904    0.07%
   7121  5083   254778.4448   116   254769.0000   254959.2112    34922    0.07%
   7140  5083   254778.1630   116   254769.0000   254959.2112    34941    0.07%
   7158  5083   254777.8378   116   254769.0000   254959.2112    34959    0.07%
   7161  5083   254777.8034   116   254769.0000   254959.2112    34965    0.07%
   7162  5083   254776.7269   116   254769.0000   254959.2112    34974    0.07%
   7190  5102   254878.0942   136   254769.0000   254958.9771    35173    0.07%
Elapsed time = 2341.09 sec. (1159337.22 ticks, tree = 121.81 MB, solutions = 5)
   7304  5212   254940.9778   135   254769.0000   254958.8322    35469    0.07%
   7368  5276   254847.2907   135   254769.0000   254958.8322    35573    0.07%
   7432  5329   254819.7064   128   254769.0000   254958.8322    35681    0.07%
   7506  5395   254938.7191   153   254769.0000   254958.5553    35947    0.07%
   7653  5540   254928.7331   119   254769.0000   254958.5553    36217    0.07%
   7672  5540   254928.4206   119   254769.0000   254958.5553    36236    0.07%
   7691  5540   254928.1372   119   254769.0000   254958.5553    36255    0.07%
   7722  5557   254800.6323   108   254769.0000   254958.5553    36361    0.07%
   7750  5574   254784.2670   157   254769.0000   254958.5553    36716    0.07%
   7801  5620   254771.7335   165   254769.0000   254958.2793    37195    0.07%
Elapsed time = 2422.22 sec. (1198301.71 ticks, tree = 134.03 MB, solutions = 5)
   7926  5742   254870.3004   125   254769.0000   254958.1332    37664    0.07%
   7968  5780   254945.5224   118   254769.0000   254957.5495    37773    0.07%
   8097  5905   254814.6946   117   254769.0000   254957.5495    38005    0.07%
   8203  6003   254815.5531   119   254769.0000   254957.5294    38419    0.07%
   8348  6141   254909.7776   101   254769.0000   254957.4368    38764    0.07%
   8443  6232   254774.3755   116   254769.0000   254957.4368    39041    0.07%
   8522  6299   254836.6945   118   254769.0000   254957.4295    39666    0.07%
   8556  6322   254691.2247   103   254769.0000   254957.4295    39835    0.07%
   8640  6406   254843.6859   137   254769.0000   254957.2342    40036    0.07%
   8734  6488   254951.4072   116   254769.0000   254957.1945    40351    0.07%
Elapsed time = 2507.70 sec. (1241806.64 ticks, tree = 154.56 MB, solutions = 5)
   8847  6601   254933.4884   118   254769.0000   254957.1945    40541    0.07%
   8962  6712   254921.7583   106   254769.0000   254957.1945    40705    0.07%
   9014  6761   254921.9167   129   254769.0000   254956.6741    41023    0.07%
   9115  6860   254777.3156   110   254769.0000   254956.6741    41209    0.07%
   9193  6936   254794.5228   138   254769.0000   254956.4695    41488    0.07%
   9286  7023   254938.7797   139   254769.0000   254956.3525    41754    0.07%
   9384  7121   254928.4717   139   254769.0000   254956.3525    41959    0.07%
   9440  7161   254839.0508   133   254769.0000   254956.3525    42161    0.07%
   9459  7164   254827.4867   131   254769.0000   254956.3525    42224    0.07%
   9482  7173   254818.9036   113   254769.0000   254956.3525    42274    0.07%
Elapsed time = 2589.46 sec. (1283183.67 ticks, tree = 170.74 MB, solutions = 5)
   9501  7174   254814.3690   113   254769.0000   254956.3525    42296    0.07%
   9562  7229   254858.2625   159   254769.0000   254956.3525    42725    0.07%
   9638  7301   254847.8421   149   254769.0000   254956.1303    43254    0.07%
   9708  7364   254916.6662   129   254769.0000   254956.0540    43619    0.07%
   9819  7475   254819.2879   127   254769.0000   254956.0540    43848    0.07%
   9918  7560   254944.2970   147   254769.0000   254955.8898    44235    0.07%
   9968  7610   254927.9891   137   254769.0000   254955.8898    44374    0.07%
  10113  7748   254829.2375   131   254769.0000   254955.8898    44679    0.07%
  10234  7863   254838.5473   130   254769.0000   254955.7479    45071    0.07%
  10329  7952   254923.3791   124   254769.0000   254955.7387    45424    0.07%
Elapsed time = 2686.22 sec. (1331260.92 ticks, tree = 189.15 MB, solutions = 5)
  10421  8027   254930.5766   140   254769.0000   254955.7219    45858    0.07%
  10544  8150   254833.6247   149   254769.0000   254955.7219    46140    0.07%
* 10568+ 8088                       254772.0000   254955.7219    46179    0.07%
  10656  8178   254804.2462   112   254772.0000   254955.7219    46420    0.07%
  10678  8190   254787.5781   105   254772.0000   254955.7219    46468    0.07%
* 10679+ 8143                       254773.0000   254955.7219    46593    0.07%
  10679  8145   254939.3311   144   254773.0000   254955.7103    46593    0.07%
  10680  8146   254963.3166   173   254773.0000   254955.7103    48305    0.07%
* 10681+ 5430                       254774.0000   254955.7103    48338    0.07%
  10681  5432   254962.6003   184   254774.0000   254955.7103    48338    0.07%
  10683  5432   254961.1548   160   254774.0000   254955.7103    48391    0.07%
  10686  5435   254960.8860   158   254774.0000   254955.7103    48513    0.07%
  10690  5436   254959.6297   150   254774.0000   254955.7103    48542    0.07%
Elapsed time = 3263.67 sec. (1596927.67 ticks, tree = 131.29 MB, solutions = 8)
  10694  5438   254954.8132   160   254774.0000   254955.7103    48593    0.07%
  10698  5441   254954.3093   153   254774.0000   254955.7103    48630    0.07%
  10701  5441   254899.6434   166   254774.0000   254955.7103    48773    0.07%
  10706  5443   254891.7281   150   254774.0000   254955.7103    48809    0.07%
  10711  5446   254874.1346   159   254774.0000   254955.7103    48907    0.07%
  10719  5446   254872.1796   159   254774.0000   254955.7103    48937    0.07%
  10724  5444   254870.3223   159   254774.0000   254955.7103    48946    0.07%
  10729  5442   254808.2110   150   254774.0000   254955.7103    49051    0.07%
  10733  5445   254797.3923   145   254774.0000   254955.7103    49061    0.07%
  10743  5445   254788.7593   130   254774.0000   254955.7103    49100    0.07%
Elapsed time = 3352.15 sec. (1641606.63 ticks, tree = 131.37 MB, solutions = 8)
  10750  5307        cutoff         254774.0000   254955.7103    49201    0.07%
  10753  5309   254887.4322   156   254774.0000   254955.7103    49413    0.07%
  10757  5311   254885.6541   158   254774.0000   254955.7103    49467    0.07%
  10761  5312   254881.6081   158   254774.0000   254955.7103    49520    0.07%
  10768  5315   254875.4011   159   254774.0000   254955.7103    49601    0.07%
  10772  5318   254869.0131   153   254774.0000   254955.7103    49694    0.07%
  10775  5321   254864.8468   153   254774.0000   254955.7103    49712    0.07%
  10779  5323   254850.5060   142   254774.0000   254955.7103    49816    0.07%
* 10780+ 3569                       254775.0000   254955.7103    49835    0.07%
  10780  3570   254848.1251   149   254775.0000   254955.7103    49835    0.07%
  10787  3571   254805.5960   134   254775.0000   254955.7103    49894    0.07%
Elapsed time = 3434.34 sec. (1685552.19 ticks, tree = 87.74 MB, solutions = 9)
  10793  3572   254792.3810   124   254775.0000   254955.7103    49932    0.07%
  10803  3571   254789.8806   117   254775.0000   254955.7103    49992    0.07%
  10812  3567   254781.4549   118   254775.0000   254955.7103    50048    0.07%
  10823  3519   254909.0848   134   254775.0000   254954.8020    50186    0.07%
  10826  3518   254903.4928   130   254775.0000   254954.8020    50209    0.07%
  10830  3519   254901.6186   130   254775.0000   254954.8020    50255    0.07%
  10837  3518   254900.5965   132   254775.0000   254954.8020    50281    0.07%
  10849  3511   254897.2575   132   254775.0000   254954.8020    50311    0.07%
  10862  3506   254893.2082   132   254775.0000   254954.8020    50338    0.07%
  10867  3504   254815.0119   138   254775.0000   254954.8020    50445    0.07%
Elapsed time = 3514.63 sec. (1727558.30 ticks, tree = 86.09 MB, solutions = 9)
  10870  3502   254804.0432   135   254775.0000   254954.8020    50483    0.07%
  10880  3502   254782.6225   117   254775.0000   254954.8020    50575    0.07%
  10887  3461   254816.6978   164   254775.0000   254954.2456    50750    0.07%
  10889  3460   254798.7440   166   254775.0000   254954.2456    50793    0.07%
  10892  3458   254786.2212   157   254775.0000   254954.2456    50861    0.07%
  10901  3415   254634.2039   151   254775.0000   254954.2456    50930    0.07%
  10904  3415   254953.2551   164   254775.0000   254954.2410    50957    0.07%
  10909  3418   254947.2717   159   254775.0000   254954.2410    51064    0.07%
  10923  3423   254943.6658   139   254775.0000   254954.2410    51135    0.07%

Implied bound cuts applied:  8
Flow cuts applied:  37
Mixed integer rounding cuts applied:  55
Gomory fractional cuts applied:  204

Root node processing (before b&c):
  Real time             =  162.26 sec. (106878.20 ticks)
Sequential b&c:
  Real time             = 3437.86 sec. (1663040.56 ticks)
                          ------------
Total (root+branch&cut) = 3600.11 sec. (1769918.76 ticks)
