1 of 1 MIP starts provided solutions.
MIP start 'm1' defined initial solution with objective 101564.0000.
Aggregator has done 117509 substitutions...
Aggregator has done 182502 substitutions...
Tried aggregator 21 times.
MIP Presolve eliminated 51 rows and 1 columns.
Aggregator did 182502 substitutions.
Reduced MIP has 857547 rows, 837598 columns, and 3712946 nonzeros.
Reduced MIP has 10000 binaries, 0 generals, 0 SOSs, and 0 indicators.
Presolve time = 49.49 sec. (20866.10 ticks)
Probing time = 1.94 sec. (732.71 ticks)
Aggregator has done 63460 substitutions...
Tried aggregator 17 times.
Aggregator did 116551 substitutions.
Reduced MIP has 740996 rows, 721047 columns, and 3479844 nonzeros.
Reduced MIP has 10000 binaries, 0 generals, 0 SOSs, and 0 indicators.
Presolve time = 46.76 sec. (18385.37 ticks)
Probing time = 1.71 sec. (664.25 ticks)
Aggregator has done 56753 substitutions...
Tried aggregator 17 times.
Aggregator did 93056 substitutions.
Reduced MIP has 647940 rows, 627991 columns, and 3293732 nonzeros.
Reduced MIP has 10000 binaries, 0 generals, 0 SOSs, and 0 indicators.
Presolve time = 41.88 sec. (16712.92 ticks)
Probing time = 1.69 sec. (603.76 ticks)
Clique table members: 100.
MIP emphasis: balance optimality and feasibility.
MIP search method: dynamic search.
Parallel mode: none, using 1 thread.
Root relaxation solution time = 491.53 sec. (142442.05 ticks)

        Nodes                                         Cuts/
   Node  Left     Objective  IInf  Best Integer    Best Bound    ItCnt     Gap

*     0+    0                       101564.0000  7693784.0000   562908     --- 
      0     0   101685.4497    62   101564.0000   101685.4497   562908    0.12%
      0     0   101650.4260    90   101564.0000      Cuts: 73   582349    0.09%
      0     0   101628.9032    64   101564.0000     Cuts: 115   588276    0.06%
      0     0   101623.9344    96   101564.0000      Cuts: 25   593549    0.06%
      0     0   101620.4700    75   101564.0000      Cuts: 15   594336    0.06%
      0     0   101620.4563    74   101564.0000       Cuts: 2   594339    0.06%
Heuristic still looking.
      0     2   101620.4563    74   101564.0000   101620.4150   594339    0.06%
Elapsed time = 1249.95 sec. (342171.11 ticks, tree = 0.00 MB, solutions = 1)
      1     3   101610.0758    62   101564.0000   101620.4150   594948    0.06%
      2     4   101604.5620    68   101564.0000   101620.4150   595530    0.06%
      3     5   101608.1247    60   101564.0000   101620.4150   595706    0.06%
      4     6   101607.4716    77   101564.0000   101620.4150   596105    0.06%
      5     7   101602.9105    59   101564.0000   101620.4150   596814    0.06%
      6     8   101602.4683    54   101564.0000   101620.4150   597589    0.06%
      7     9   101600.6474    54   101564.0000   101620.4150   599026    0.06%
      8    10   101597.3439    65   101564.0000   101620.4150   600875    0.06%
      9    11   101595.0728    47   101564.0000   101620.4150   601051    0.06%
     10    12   101594.9675    45   101564.0000   101620.4150   601054    0.06%
Elapsed time = 1288.94 sec. (352048.30 ticks, tree = 17.12 MB, solutions = 1)
     16    18   101571.3479    27   101564.0000   101620.4150   601449    0.06%
     20    19   101567.2265    17   101564.0000   101620.4150   601482    0.06%
     24    20   101564.9066    10   101564.0000   101620.4150   601872    0.06%
     27    19   101616.6523    69   101564.0000   101616.6177   602228    0.05%
     29    21   101612.6680    77   101564.0000   101614.6611   602732    0.05%
     30    22   101614.6611    67   101564.0000   101614.5443   602733    0.05%
     36    28   101604.5605    60   101564.0000   101614.5443   603233    0.05%
     38    28   101597.2126    71   101564.0000   101614.5443   604294    0.05%
     40    29   101564.4706    60   101564.0000   101614.5443   604827    0.05%
     43    29   101593.8453    52   101564.0000   101612.6521   605221    0.05%
Elapsed time = 1341.25 sec. (368025.01 ticks, tree = 21.04 MB, solutions = 1)
     47    33   101578.0582    65   101564.0000   101612.6521   606592    0.05%
     50    36   101570.2544    54   101564.0000   101612.6521   606950    0.05%
     56    38        cutoff         101564.0000   101612.6521   607396    0.05%
     60    40   101608.2907    74   101564.0000   101612.5052   607849    0.05%
     66    46   101594.7994    59   101564.0000   101612.5052   608910    0.05%
     70    46        cutoff         101564.0000   101612.5052   609648    0.05%
     73    49   101602.4957    64   101564.0000   101611.4611   609985    0.05%
     75    51   101601.8414    63   101564.0000   101611.4611   610190    0.05%
     80    56   101591.7002    60   101564.0000   101611.4611   611063    0.05%
     84    58   101564.6487    42   101564.0000   101611.4611   612013    0.05%
Elapsed time = 1395.80 sec. (384427.56 ticks, tree = 27.91 MB, solutions = 1)
     86    58   101605.4882    66   101564.0000   101609.8875   612779    0.05%
     88    60   101597.0860    57   101564.0000   101609.8875   613245    0.05%
     90    62   101587.7789    58   101564.0000   101609.8875   613947    0.05%
     93    63        cutoff         101564.0000   101609.8875   615083    0.05%
     96    62   101589.0867    55   101564.0000   101609.5433   615417    0.04%
    100    66   101585.0835    51   101564.0000   101609.5433   615667    0.04%
    106    68        cutoff         101564.0000   101609.5433   616548    0.04%
    110    72   101596.6846    49   101564.0000   101607.4126   617043    0.04%
    116    78   101573.4159    45   101564.0000   101607.4126   617899    0.04%
    120    78   101606.3376    71   101564.0000   101607.4111   618684    0.04%
Elapsed time = 1451.78 sec. (400493.79 ticks, tree = 32.27 MB, solutions = 1)
    124    82   101596.1437    51   101564.0000   101607.4111   619096    0.04%
    130    84        cutoff         101564.0000   101607.4111   619908    0.04%
    134    88   101589.1464    75   101564.0000   101607.2052   620918    0.04%
    139    93   101564.9528    64   101564.0000   101607.2052   621782    0.04%
    143    93   101603.9782    68   101564.0000   101606.9924   622286    0.04%
    147    97   101594.7214    47   101564.0000   101606.9924   623084    0.04%
    152   101   101571.9139    31   101564.0000   101606.9924   623317    0.04%
    156   103   101590.7964    76   101564.0000   101606.4823   625341    0.04%
    160   106   101580.5281    61   101564.0000   101606.4823   626207    0.04%
    166   112   101572.9725    54   101564.0000   101606.4823   626814    0.04%
Elapsed time = 1493.26 sec. (413351.06 ticks, tree = 32.64 MB, solutions = 1)
    170   112   101582.4335    54   101564.0000   101606.4609   627228    0.04%
    174   115   101572.0592    45   101564.0000   101606.4609   628110    0.04%
    177   115   101597.7633    74   101564.0000   101606.3434   628837    0.04%
    182   120   101588.6323    77   101564.0000   101606.3434   629475    0.04%
    185   121        cutoff         101564.0000   101606.3434   631268    0.04%
    187   121   101599.5776    67   101564.0000   101606.1268   631580    0.04%
    191   125   101590.0538    66   101564.0000   101606.1268   632280    0.04%
    196   127   101588.9256    59   101564.0000   101605.6375   633676    0.04%
    200   131   101576.4268    52   101564.0000   101605.6375   634328    0.04%
    205   131        cutoff         101564.0000   101605.6375   634449    0.04%
Elapsed time = 1538.77 sec. (425817.82 ticks, tree = 37.22 MB, solutions = 1)
    209   133   101582.8477    43   101564.0000   101605.2387   634774    0.04%
    215   139   101568.0659    34   101564.0000   101605.2387   635344    0.04%
    218   138   101582.0555    45   101564.0000   101605.0416   636048    0.04%
    220   140   101579.2600    64   101564.0000   101605.0416   636187    0.04%
    224   140   101599.4272    63   101564.0000   101604.6254   636982    0.04%
    228   144   101586.2704    67   101564.0000   101604.6254   638239    0.04%
    230   146   101578.5269    58   101564.0000   101604.6254   639107    0.04%
    236   150        cutoff         101564.0000   101604.6254   639499    0.04%
    239   151   101588.4748    67   101564.0000   101604.2560   640566    0.04%
    240   152   101588.1523    65   101564.0000   101604.2560   640581    0.04%
Elapsed time = 1581.61 sec. (438964.35 ticks, tree = 34.39 MB, solutions = 1)
    244   156   101567.4382    72   101564.0000   101604.2560   641900    0.04%
    248   156   101602.4853    57   101564.0000   101603.9642   642042    0.04%
    254   162   101582.3591    32   101564.0000   101603.9642   642869    0.04%
    259   163   101573.3992    39   101564.0000   101603.9642   643679    0.04%
    263   165   101573.6164    22   101564.0000   101603.9642   643906    0.04%
    270   168        cutoff         101564.0000   101603.9642   644176    0.04%
    274   172   101592.6652    74   101564.0000   101603.6046   645204    0.04%
    279   177   101584.8633    59   101564.0000   101603.6046   646536    0.04%
    283   177   101567.2689    58   101564.0000   101603.1733   647346    0.04%
    288   178   101588.9789    50   101564.0000   101602.5777   648385    0.04%
Elapsed time = 1616.57 sec. (450063.56 ticks, tree = 40.35 MB, solutions = 1)
    293   183   101584.1119    45   101564.0000   101602.5777   648624    0.04%
    299   187        cutoff         101564.0000   101602.5777   648871    0.04%
    304   192   101568.2952    54   101564.0000   101602.5777   649440    0.04%
    310   193   101592.6388    61   101564.0000   101602.4411   650176    0.04%
    313   196   101574.8147    46   101564.0000   101602.4411   651133    0.04%
    318   201   101571.7307    43   101564.0000   101602.4411   651232    0.04%
    320   202   101569.7394    42   101564.0000   101602.4411   651361    0.04%
    326   204   101599.4694    50   101564.0000   101601.9209   651501    0.04%
    329   207   101592.3948    48   101564.0000   101601.9209   652164    0.04%
    335   210   101577.6888    36   101564.0000   101601.9209   652537    0.04%
Elapsed time = 1655.35 sec. (462763.92 ticks, tree = 47.69 MB, solutions = 1)
    340   210        cutoff         101564.0000   101601.9209   653068    0.04%
    342   210   101594.9580    70   101564.0000   101601.1988   653772    0.04%
    345   213   101585.4133    57   101564.0000   101601.1988   654820    0.04%
    349   213        cutoff         101564.0000   101601.1988   655410    0.04%
    351   215   101596.8813    64   101564.0000   101601.1003   655776    0.04%
    357   221   101586.3480    42   101564.0000   101601.1003   656658    0.04%
    360   220   101591.6035    78   101564.0000   101600.5915   657434    0.04%
    365   225   101584.5846    66   101564.0000   101600.5915   658056    0.04%
    370   226   101595.3675    54   101564.0000   101600.5234   659302    0.04%
    384   236   101586.5770    53   101564.0000   101599.3590   662297    0.03%
Elapsed time = 1705.03 sec. (478834.45 ticks, tree = 53.65 MB, solutions = 1)
    401   240        cutoff         101564.0000   101599.3590   663523    0.03%
    417   248   101595.7262    55   101564.0000   101599.3454   665310    0.03%
    434   262   101597.0481    50   101564.0000   101599.2957   666299    0.03%
    446   267   101589.8513    59   101564.0000   101599.2853   668779    0.03%
    460   275        cutoff         101564.0000   101599.1288   671780    0.03%
    471   277   101588.9611    59   101564.0000   101598.4041   674571    0.03%
    484   286   101564.8079    50   101564.0000   101598.0450   676624    0.03%
    496   291   101565.1854    46   101564.0000   101597.8228   678849    0.03%
    509   293   101596.0419    75   101564.0000   101597.4666   681286    0.03%
    522   304   101566.5617    41   101564.0000   101597.4666   683091    0.03%
Elapsed time = 1823.47 sec. (518108.24 ticks, tree = 69.25 MB, solutions = 1)
    540   311   101578.8190    72   101564.0000   101597.2426   685275    0.03%
    557   324   101577.4084    27   101564.0000   101597.2373   687105    0.03%
    570   332   101574.5414    42   101564.0000   101597.2339   688808    0.03%
    588   341        cutoff         101564.0000   101597.1998   690024    0.03%
    601   346   101578.8747    61   101564.0000   101597.1449   692228    0.03%
    611   351   101574.2529    39   101564.0000   101596.8951   694067    0.03%
    631   362        cutoff         101564.0000   101596.7874   695427    0.03%
    643   369   101589.2886    47   101564.0000   101596.3224   697482    0.03%
    660   377   101573.2192    51   101564.0000   101596.1132   699628    0.03%
    675   383   101585.5881    63   101564.0000   101596.0419   702069    0.03%
Elapsed time = 1956.82 sec. (557697.26 ticks, tree = 87.37 MB, solutions = 1)
    686   389   101588.6045    63   101564.0000   101595.9759   703024    0.03%
    705   404   101567.4820    72   101564.0000   101595.8103   705276    0.03%
    719   409   101576.2399    63   101564.0000   101595.7620   707903    0.03%
    732   414   101583.0595    59   101564.0000   101595.5415   709905    0.03%
    748   420   101586.3841    56   101564.0000   101595.3482   712611    0.03%
    760   426   101583.9968    30   101564.0000   101595.2353   713583    0.03%
    781   442        cutoff         101564.0000   101595.2028   714859    0.03%
    799   450   101573.8468    55   101564.0000   101595.1781   716870    0.03%
    820   462   101591.2330    35   101564.0000   101595.1379   718237    0.03%
    841   475        cutoff         101564.0000   101594.7988   719261    0.03%
Elapsed time = 2084.64 sec. (598779.35 ticks, tree = 108.70 MB, solutions = 1)
    859   485   101588.6481    39   101564.0000   101594.4671   720519    0.03%
    877   498   101568.5700    36   101564.0000   101594.4541   721858    0.03%
    890   502   101586.1047    36   101564.0000   101594.2532   723265    0.03%
    907   512   101578.0016    71   101564.0000   101594.2457   727605    0.03%
    915   513   101567.5987    62   101564.0000   101594.1326   729666    0.03%
    930   524   101565.1606    26   101564.0000   101594.0243   730488    0.03%
    940   531   101596.1675    86   101564.0000   101593.8453   904454    0.03%
    945   532   101592.9049    65   101564.0000   101593.8453   904812    0.03%
    947   532   101585.9362    62   101564.0000   101593.8453   905593    0.03%
    948   531   101585.8785    64   101564.0000   101593.8453   905597    0.03%
Elapsed time = 2617.74 sec. (841014.53 ticks, tree = 122.48 MB, solutions = 1)
    949   530   101585.2979    64   101564.0000   101593.8453   905696    0.03%
    951   532   101584.1497    54   101564.0000   101593.8453   906130    0.03%
    953   531   101583.3554    61   101564.0000   101593.8453   906503    0.03%
    955   531   101581.8797    51   101564.0000   101593.8453   906793    0.03%
    957   531   101578.4096    44   101564.0000   101593.8453   906964    0.03%
    958   530   101578.1702    47   101564.0000   101593.8453   907048    0.03%
    967   528   101578.1152    44   101564.0000   101593.8453   907143    0.03%
    977   525   101578.1127    44   101564.0000   101593.8453   907249    0.03%
    978   525   101576.8626    42   101564.0000   101593.8453   907436    0.03%
    981   485   101568.9545    34   101564.0000   101593.8453   908706    0.03%
Elapsed time = 2715.61 sec. (892866.97 ticks, tree = 110.96 MB, solutions = 1)
    985   482   101567.5671    24   101564.0000   101593.8453   909409    0.03%
    990   415   101595.7371    82   101564.0000   101593.8453   910120    0.03%
    992   417   101593.9136    72   101564.0000   101593.8453   910326    0.03%
    994   418   101593.3859    66   101564.0000   101593.8453   910342    0.03%
    996   418   101588.3380    57   101564.0000   101593.8453   911818    0.03%
   1003   416   101587.1929    57   101564.0000   101593.8453   911891    0.03%
   1015   413   101587.1891    57   101564.0000   101593.8453   912086    0.03%
   1021   413   101585.5132    61   101564.0000   101593.8453   913077    0.03%
   1030   417   101570.6237    37   101564.0000   101593.8453   914914    0.03%
   1037   389   101592.0838    84   101564.0000   101593.3380   915395    0.03%
Elapsed time = 2810.03 sec. (940570.20 ticks, tree = 85.96 MB, solutions = 1)
   1044   391   101582.1709    55   101564.0000   101593.3380   917040    0.03%
   1053   388   101581.4445    56   101564.0000   101593.3380   918145    0.03%
   1068   386   101580.4617    50   101564.0000   101593.3380   918424    0.03%
   1089   375   101581.6666    48   101564.0000   101592.3366   920187    0.03%
   1122   375   101567.6810    19   101564.0000   101592.3366   922208    0.03%
   1140   367   101570.5734    16   101564.0000   101590.9260   925127    0.03%
   1162   353   101572.5642    24   101564.0000   101590.7101   928256    0.03%
   1189   346   101577.9377    57   101564.0000   101588.0879   931479    0.02%
   1216   336   101569.7607    35   101564.0000   101585.4355   934754    0.02%
   1237   307   101568.4364    39   101564.0000   101582.7520   938081    0.02%
Elapsed time = 2879.94 sec. (981183.96 ticks, tree = 52.83 MB, solutions = 1)
   1251   286   101567.4615    19   101564.0000   101580.5746   942514    0.02%
   1258   276   101569.7343    65   101564.0000   101580.2535   943291    0.02%
   1286   278   101574.8422    41   101564.0000   101580.0913   945673    0.02%
   1318   272   101566.5180    25   101564.0000   101579.9154   948431    0.02%
   1363   253   101567.5358    10   101564.0000   101579.4986   950257    0.02%
   1389   245   101568.2114    70   101564.0000   101578.4821   953281    0.01%
   1422   225   101577.4105    40   101564.0000   101577.6653   956399    0.01%
   1467   225   101573.6446    34   101564.0000   101577.3312   960558    0.01%
   1509   209   101566.8188    35   101564.0000   101576.7054   962825    0.01%
   1550   187        cutoff         101564.0000   101575.2967   965372    0.01%
Elapsed time = 2935.22 sec. (1021241.64 ticks, tree = 12.87 MB, solutions = 1)
   1588   195   101570.2305    38   101564.0000   101575.1593   967691    0.01%

Implied bound cuts applied:  5
Flow cuts applied:  68
Mixed integer rounding cuts applied:  114
Lift and project cuts applied:  1
Gomory fractional cuts applied:  35

Root node processing (before b&c):
  Real time             = 1193.27 sec. (331926.25 ticks)
Sequential b&c:
  Real time             = 1750.87 sec. (695961.47 ticks)
                          ------------
Total (root+branch&cut) = 2944.14 sec. (1027887.72 ticks)
