1 of 1 MIP starts provided solutions.
MIP start 'm1' defined initial solution with objective 152671.0000.
Tried aggregator 1 time.
MIP Presolve eliminated 0 rows and 1 columns.
Reduced MIP has 45300 rows, 22800 columns, and 3532650 nonzeros.
Reduced MIP has 22500 binaries, 0 generals, 0 SOSs, and 0 indicators.
Presolve time = 1.70 sec. (905.38 ticks)
Probing time = 0.10 sec. (45.03 ticks)
Tried aggregator 1 time.
Reduced MIP has 45300 rows, 22800 columns, and 3532650 nonzeros.
Reduced MIP has 22500 binaries, 0 generals, 0 SOSs, and 0 indicators.
Presolve time = 1.76 sec. (905.48 ticks)
Probing time = 0.10 sec. (44.67 ticks)
Clique table members: 150.
MIP emphasis: balance optimality and feasibility.
MIP search method: dynamic search.
Parallel mode: none, using 1 thread.
Root relaxation solution time = 1.04 sec. (494.41 ticks)

        Nodes                                         Cuts/
   Node  Left     Objective  IInf  Best Integer    Best Bound    ItCnt     Gap

*     0+    0                       152671.0000   153025.0000     1045    0.23%
      0     0   153024.2850   140   152671.0000   153024.2850     1045    0.23%
      0     0   152904.3320    84   152671.0000     Cuts: 190     1220    0.15%
      0     0   152867.5645    89   152671.0000      Cuts: 62     1320    0.13%
*     0+    0                       152672.0000   152867.5645     1320    0.13%

Repeating presolve.
Tried aggregator 1 time.
MIP Presolve eliminated 15271 rows and 13473 columns.
MIP Presolve modified 651268 coefficients.
Reduced MIP has 30029 rows, 9327 columns, and 1320534 nonzeros.
Reduced MIP has 9027 binaries, 0 generals, 0 SOSs, and 0 indicators.
Presolve time = 5.04 sec. (4100.16 ticks)
Probing time = 0.04 sec. (20.46 ticks)
Cover probing fixed 0 vars, tightened 2 bounds.
Tried aggregator 1 time.
MIP Presolve modified 190 coefficients.
Reduced MIP has 30029 rows, 9327 columns, and 1320534 nonzeros.
Reduced MIP has 9027 binaries, 0 generals, 0 SOSs, and 0 indicators.
Presolve time = 0.65 sec. (363.84 ticks)
Represolve time = 6.09 sec. (4663.21 ticks)
Probing time = 0.04 sec. (20.29 ticks)
Clique table members: 162.
MIP emphasis: balance optimality and feasibility.
MIP search method: dynamic search.
Parallel mode: none, using 1 thread.
Root relaxation solution time = 0.49 sec. (245.01 ticks)

        Nodes                                         Cuts/
   Node  Left     Objective  IInf  Best Integer    Best Bound    ItCnt     Gap

*     0+    0                       152672.0000   152867.5645     2707    0.13%
      0     0   152867.5555    85   152672.0000   152867.5555     2707    0.13%
      0     2   152867.5555    85   152672.0000   152866.5555     2707    0.13%
Elapsed time = 25.96 sec. (15623.61 ticks, tree = 0.00 MB, solutions = 2)
     10    12   152849.9450    70   152672.0000   152864.9342     2749    0.13%
     20    22   152784.9009    62   152672.0000   152864.9342     2825    0.13%
     30    32   152819.4341    49   152672.0000   152864.9342     2859    0.13%
     40    42   152804.3973    41   152672.0000   152864.9342     2898    0.13%
     50    52   152714.2725    38   152672.0000   152864.9342     2951    0.13%
     61    57   152737.6398    32   152672.0000   152864.9342     3028    0.13%
     72    55        cutoff         152672.0000   152864.9342     3063    0.13%
     80    57   152708.3632    32   152672.0000   152864.9342     3074    0.13%
     91    59   152837.6564    83   152672.0000   152864.8852     3131    0.13%
    139   105        cutoff         152672.0000   152864.8852     3405    0.13%
Elapsed time = 32.70 sec. (19535.63 ticks, tree = 0.73 MB, solutions = 2)
    179   113        cutoff         152672.0000   152864.8852     3563    0.13%
    225   135   152814.9843    74   152672.0000   152864.3748     3703    0.13%
    280   190   152750.2152    60   152672.0000   152864.3748     3823    0.13%
    347   245   152821.5506    72   152672.0000   152863.2881     3965    0.13%
    440   338   152735.4803    52   152672.0000   152863.2881     4188    0.13%
    499   389   152785.7793   105   152672.0000   152785.5755     6066    0.07%
    500   389   152782.6210   103   152672.0000   152782.6210     6073    0.07%
    509   388   152771.5294    85   152672.0000   152774.0212     6133    0.07%
    523   388   152749.2913    82   152672.0000   152774.0212     6183    0.07%
    538   384   152747.4966    82   152672.0000   152774.0212     6206    0.07%
Elapsed time = 124.47 sec. (63348.76 ticks, tree = 3.04 MB, solutions = 2)
    549   380   152746.6089    82   152672.0000   152774.0212     6216    0.07%
    560   382   152697.7638    82   152672.0000   152774.0212     6267    0.07%
    570   361   152730.0526    80   152672.0000   152770.0002     6402    0.06%
    578   358   152729.7986    79   152672.0000   152770.0002     6415    0.06%
    589   354   152729.3759    77   152672.0000   152770.0002     6426    0.06%
    599   351   152728.3747    77   152672.0000   152770.0002     6435    0.06%
    618   344   152722.4305    71   152672.0000   152770.0002     6457    0.06%
    631   345   152704.6529    74   152672.0000   152770.0002     6521    0.06%
    640   328   152678.0069    99   152672.0000   152762.4859     6662    0.06%
    648   319   152711.7348    87   152672.0000   152759.2678     6738    0.06%
Elapsed time = 146.36 sec. (73868.05 ticks, tree = 2.23 MB, solutions = 2)
    663   316   152709.8993    84   152672.0000   152759.2678     6762    0.06%
    677   310   152723.6716    89   152672.0000   152756.3093     6852    0.06%
    702   317   152681.9443    91   152672.0000   152756.3093     6892    0.06%
    719   319   152726.3439    81   152672.0000   152755.0801     6958    0.05%
    754   327   152727.5041    88   152672.0000   152749.3324     7120    0.05%
    799   347   152710.6093    51   152672.0000   152746.6193     7284    0.05%
    821   348   152708.0473    64   152672.0000   152743.0968     7376    0.05%
    844   347   152699.3234    60   152672.0000   152735.9529     7539    0.04%
    863   341   152685.6508    60   152672.0000   152735.9529     7585    0.04%
    883   333   152685.4256    60   152672.0000   152735.9529     7605    0.04%
Elapsed time = 165.76 sec. (83803.97 ticks, tree = 2.32 MB, solutions = 2)
    901   325   152685.1692    60   152672.0000   152735.9529     7622    0.04%
    938   326   152708.1305    79   152672.0000   152732.9143     7798    0.04%
    985   343   152706.0143    63   152672.0000   152731.7458     8050    0.04%
   1006   337   152700.7731    65   152672.0000   152731.7458     8088    0.04%
   1026   328   152688.5259    65   152672.0000   152731.7458     8108    0.04%
   1066   336   152682.3541    60   152672.0000   152731.2686     8316    0.04%
   1122   347   152724.7976    78   152672.0000   152729.7637     8521    0.04%
   1157   348   152717.7322    71   152672.0000   152729.5202     8672    0.04%
   1201   367   152724.2886    86   152672.0000   152729.1440     8824    0.04%
   1246   378   152705.1492    74   152672.0000   152728.3357     9051    0.04%
Elapsed time = 186.22 sec. (95590.55 ticks, tree = 2.62 MB, solutions = 2)
   1280   389   152702.2616    91   152672.0000   152728.1294     9167    0.04%
   1340   434        cutoff         152672.0000   152726.5179     9397    0.04%
   1398   472   152724.4474    84   152672.0000   152726.2883     9680    0.04%
   1423   495   152679.7672    87   152672.0000   152726.2883     9752    0.04%
   1461   521   152721.4283   100   152672.0000   152725.8489    10023    0.04%
   1471   531   152705.9296    90   152672.0000   152725.8489    10066    0.04%
   1530   576   152701.2891    86   152672.0000   152724.9914    10340    0.03%
   1587   611   152685.5864    83   152672.0000   152724.4657    10618    0.03%
   1623   627   152703.1622    69   152672.0000   152724.1119    10810    0.03%
   1663   653   152703.0316    55   152672.0000   152723.9180    10974    0.03%
Elapsed time = 203.69 sec. (106600.57 ticks, tree = 4.53 MB, solutions = 2)
   1716   697   152679.9398    63   152672.0000   152723.8659    11185    0.03%
   1788   757   152721.1602    75   152672.0000   152723.6894    11456    0.03%
   1858   812   152711.3014    87   152672.0000   152723.4268    11760    0.03%
   1888   836   152677.6110    68   152672.0000   152723.4268    11939    0.03%
   1948   879   152677.1955    92   152672.0000   152723.1622    12236    0.03%
   1991   905   152720.1017    58   152672.0000   152723.0996    12418    0.03%
   2055   957   152701.9362    73   152672.0000   152722.6562    12745    0.03%
   2099   981   152708.5459    64   152672.0000   152722.1102    13019    0.03%
   2150  1019   152704.4405    68   152672.0000   152721.5738    13304    0.03%
   2218  1064   152721.1484    64   152672.0000   152721.2563    13721    0.03%
Elapsed time = 221.87 sec. (118943.05 ticks, tree = 7.41 MB, solutions = 2)
   2249  1094   152678.0896    61   152672.0000   152721.2563    13810    0.03%
   2325  1149   152720.9316    73   152672.0000   152721.0776    14099    0.03%
   2385  1200   152683.6859    65   152672.0000   152720.9441    14388    0.03%
   2447  1240   152680.0859    60   152672.0000   152720.6843    14763    0.03%
   2499  1273   152702.4355    65   152672.0000   152720.5387    15059    0.03%
   2576  1331   152707.1541    81   152672.0000   152720.4657    15426    0.03%
   2638  1376   152707.5765    85   152672.0000   152720.2928    15717    0.03%
   2683  1399   152418.4913    63   152672.0000   152720.2221    15926    0.03%
   2721  1422   152677.7893    59   152672.0000   152720.1990    16095    0.03%
   2738  1433   152701.1122    54   152672.0000   152720.1049    16168    0.03%
Elapsed time = 242.83 sec. (132354.76 ticks, tree = 9.96 MB, solutions = 2)
   2803  1479   152684.8823    84   152672.0000   152720.0102    16525    0.03%
   2869  1527   152711.1645    63   152672.0000   152719.9561    16756    0.03%
   2926  1570   152707.8480    76   152672.0000   152719.9207    16969    0.03%
   2989  1622   152676.7643    68   152672.0000   152719.8045    17270    0.03%
   3034  1637   152709.1927    59   152672.0000   152719.3886    17713    0.03%
   3085  1675   152674.9951    46   152672.0000   152719.2427    17948    0.03%
   3112  1691   152700.2827    81   152672.0000   152718.9755    18124    0.03%
   3190  1748   152711.1068    60   152672.0000   152718.6562    18445    0.03%
   3241  1780   152710.6508    58   152672.0000   152718.2430    18726    0.03%
   3299  1823   152680.6876    55   152672.0000   152718.1496    18924    0.03%
Elapsed time = 260.90 sec. (143544.85 ticks, tree = 12.66 MB, solutions = 2)
   3362  1869   152706.8901    69   152672.0000   152717.9534    19167    0.03%
   3437  1921   152712.8179    65   152672.0000   152717.7001    19491    0.03%
   3499  1970   152708.5030    56   152672.0000   152717.3672    19784    0.03%
   3554  2016   152689.9793    45   152672.0000   152717.3370    19997    0.03%
   3633  2081   152714.8696    65   152672.0000   152717.1962    20273    0.03%
   3700  2138   152700.8835    66   152672.0000   152717.1402    20480    0.03%
   3762  2173   152677.2977    63   152672.0000   152716.8580    20794    0.03%
   3833  2212   152704.2468    57   152672.0000   152716.6055    21191    0.03%
   3884  2245   152703.6405    59   152672.0000   152716.4898    21410    0.03%
   4068  2358   152713.8000    75   152672.0000   152716.0575    22478    0.03%
Elapsed time = 288.93 sec. (161164.44 ticks, tree = 16.43 MB, solutions = 2)
   4327  2552   152704.6309    64   152672.0000   152715.6691    23535    0.03%
   4534  2692   152695.5307    59   152672.0000   152715.3951    24557    0.03%
   4701  2814   152707.0997    59   152672.0000   152715.2526    25153    0.03%
   4905  2968   152700.3642    50   152672.0000   152715.0350    25964    0.03%
   5075  3077   152688.1502    68   152672.0000   152714.6874    26750    0.03%
   5238  3181   152697.6317    60   152672.0000   152714.5246    27280    0.03%
   5450  3315   152714.2055    64   152672.0000   152714.2014    28234    0.03%
   5688  3485   152710.9847    54   152672.0000   152713.8850    29225    0.03%
   5934  3645   152704.6988    58   152672.0000   152713.4931    30267    0.03%
   6188  3817   152712.4345    61   152672.0000   152713.2429    31300    0.03%
Elapsed time = 357.13 sec. (205772.01 ticks, tree = 26.53 MB, solutions = 2)
   6400  3938   152708.7084    54   152672.0000   152712.8477    32377    0.03%
   6527  4033   152690.7207    64   152672.0000   152712.7750    32894    0.03%
   6642  4097   152711.6604    63   152672.0000   152712.6582    33485    0.03%
   6776  4192   152693.9910    60   152672.0000   152712.5304    34004    0.03%
   6982  4325   152697.2810    64   152672.0000   152712.3516    34879    0.03%
   7114  4401   152693.1137    60   152672.0000   152712.2137    35576    0.03%
   7318  4530   152698.3716    56   152672.0000   152711.9563    36509    0.03%
   7472  4620   152687.9767    58   152672.0000   152711.7064    37196    0.03%
   7621  4704   152689.8542    65   152672.0000   152711.6129    37890    0.03%
   7764  4795   152693.6874    48   152672.0000   152711.4904    38464    0.03%
Elapsed time = 419.70 sec. (245996.88 ticks, tree = 33.40 MB, solutions = 2)
   7895  4867   152678.8610    60   152672.0000   152711.3531    39116    0.03%
   8092  4998   152703.3915    63   152672.0000   152711.2208    39961    0.03%
   8306  5143   152690.1671    75   152672.0000   152711.0985    40834    0.03%
   8453  5243   152686.7145    59   152672.0000   152711.0299    41433    0.03%
*  8499+ 5018                       152674.0000   152711.0261    41631    0.02%
   8509  5029   152684.0314    58   152674.0000   152710.9856    41664    0.02%
   8609  5073        cutoff         152674.0000   152710.8813    42233    0.02%
   8732  5120   152676.1386    53   152674.0000   152710.6994    43045    0.02%
   8929  5232   152674.6452    24   152674.0000   152710.5306    44060    0.02%
   9033  5264        cutoff         152674.0000   152710.3984    44717    0.02%
   9164  5339   152692.0465    58   152674.0000   152710.2517    45305    0.02%
Elapsed time = 486.03 sec. (285612.88 ticks, tree = 37.17 MB, solutions = 3)
   9342  5434   152692.7075    39   152674.0000   152710.1028    46148    0.02%
   9481  5530   152692.5589    70   152674.0000   152709.9960    46752    0.02%
   9628  5616   152688.4637    58   152674.0000   152709.9325    47366    0.02%
   9819  5748   152676.5200    62   152674.0000   152709.7916    48055    0.02%
   9947  5818   152690.8447    59   152674.0000   152709.6721    48614    0.02%
  10099  5902   152686.0083    48   152674.0000   152709.4965    49205    0.02%
  10227  5988   152705.1832    62   152674.0000   152709.4511    49679    0.02%
  10405  6090   152709.2756    76   152674.0000   152709.2684    50403    0.02%
  10479  6121    infeasible         152674.0000   152709.2190    50912    0.02%
  10481  6123   152780.3021   109   152674.0000   152709.2116    52324    0.02%
Elapsed time = 624.50 sec. (359088.01 ticks, tree = 42.60 MB, solutions = 3)
  10521  6115   152720.0550    75   152674.0000   152709.2116    52439    0.02%
  10589  5998   152771.7231    99   152674.0000   152709.2116    52633    0.02%
  10633  5889   152769.6769    89   152674.0000   152709.2116    52854    0.02%
  10660  5781   152706.6897    78   152674.0000   152709.2116    53098    0.02%
  10711  5622   152723.7292   100   152674.0000   152709.2116    53346    0.02%
  10767  5545   152688.8468    62   152674.0000   152709.2116    53541    0.02%
  10828  5416   152724.5727    88   152674.0000   152709.2116    53740    0.02%
  10885  5403   152710.7399    72   152674.0000   152709.2116    53882    0.02%
  10950  5246   152696.1875    85   152674.0000   152709.2116    54153    0.02%
  11010  5144   152694.2134    79   152674.0000   152709.2116    54434    0.02%
Elapsed time = 711.06 sec. (398006.48 ticks, tree = 35.53 MB, solutions = 3)
  11094  4908   152725.9511    60   152674.0000   152709.2116    54860    0.02%
  11180  4820   152710.3719    73   152674.0000   152709.2116    55157    0.02%
  11278  4779   152675.6938    56   152674.0000   152709.2116    55487    0.02%
  11377  4639   152717.0893    52   152674.0000   152709.2116    55935    0.02%
  11490  4573   152694.4536    63   152674.0000   152709.2116    56366    0.02%
  11612  4458   152714.0114    46   152674.0000   152709.2116    56801    0.02%
  11760  4376   152714.7421    50   152674.0000   152709.2116    57272    0.02%
  11886  4315   152677.4624    80   152674.0000   152709.2116    57891    0.02%
  12020  4215   152710.4889    50   152674.0000   152709.2116    58469    0.02%
  12165  4159   152720.6511    81   152674.0000   152709.2116    59005    0.02%
Elapsed time = 787.33 sec. (436493.48 ticks, tree = 27.56 MB, solutions = 3)
  12295  4133   152719.2823    53   152674.0000   152709.2116    59432    0.02%
  12416  4087   152676.7705    53   152674.0000   152709.2116    59997    0.02%
  12556  4061   152717.2658    59   152674.0000   152709.2116    60569    0.02%
  12745  4019        cutoff         152674.0000   152709.2116    61221    0.02%
  12881  4004   152676.4480    61   152674.0000   152709.2116    61706    0.02%
  13046  3965   152700.0773   100   152674.0000   152709.2116    62568    0.02%
  13184  3954   152687.3013    34   152674.0000   152709.2116    62939    0.02%
  13338  3937   152681.3348    36   152674.0000   152709.2116    63591    0.02%
  13503  3926        cutoff         152674.0000   152709.2116    64260    0.02%
  13689  3934   152712.9013    64   152674.0000   152709.2116    65019    0.02%
Elapsed time = 848.27 sec. (474855.87 ticks, tree = 24.20 MB, solutions = 3)
  13875  3934   152690.1767    38   152674.0000   152709.2116    65604    0.02%
  14056  3927   152708.7010    56   152674.0000   152709.2116    66220    0.02%
  14224  3950   152694.4445    58   152674.0000   152709.2116    66798    0.02%
  14404  3939   152677.6494    66   152674.0000   152709.2116    67577    0.02%
  14569  3935   152684.8017    46   152674.0000   152709.2116    68539    0.02%
  14750  3933        cutoff         152674.0000   152709.2116    69232    0.02%
  14957  3987   152698.8563    72   152674.0000   152709.2116    69930    0.02%
  15169  4014   152682.5144    36   152674.0000   152709.2116    70687    0.02%
  15392  4036   152674.6504    52   152674.0000   152709.2116    71632    0.02%
  15590  4065   152709.9410    86   152674.0000   152709.2116    72446    0.02%
Elapsed time = 904.03 sec. (513190.07 ticks, tree = 22.68 MB, solutions = 3)
  15815  4101   152692.1399    51   152674.0000   152709.2116    73269    0.02%
  16013  4146   152693.6921    76   152674.0000   152709.2116    73835    0.02%
* 16155  3669      integral     0   152675.0000   152709.2116    74330    0.02%
  16371  3643   152703.3099    68   152675.0000   152709.1529    75227    0.02%
  16551  3646   152692.4809    73   152675.0000   152708.7580    75980    0.02%
  16764  3616   152707.8239    42   152675.0000   152708.1485    76891    0.02%
  16972  3618   152678.3699    57   152675.0000   152707.6111    78019    0.02%
  17202  3646   152683.1004    50   152675.0000   152707.3185    78726    0.02%
  17413  3634   152699.7928    60   152675.0000   152706.8563    79546    0.02%
  17587  3656   152692.3205    50   152675.0000   152706.7261    80115    0.02%
Elapsed time = 956.59 sec. (550569.01 ticks, tree = 17.71 MB, solutions = 4)
  17801  3783   152702.7090    62   152675.0000   152706.3121    80853    0.02%
  18001  3877   152693.7258    68   152675.0000   152706.1227    81596    0.02%
  18201  3996   152702.5162    70   152675.0000   152705.9801    82297    0.02%
  18378  4065   152682.9612    69   152675.0000   152705.4453    83162    0.02%
  18569  4152   152686.3068    56   152675.0000   152704.8118    84007    0.02%
  18766  4237   152697.1652    69   152675.0000   152704.4528    84727    0.02%
  18955  4371   152693.2914    59   152675.0000   152704.2204    85286    0.02%
  19140  4473   152678.2961    32   152675.0000   152703.9304    85982    0.02%
  19326  4573   152676.8733    28   152675.0000   152703.7217    86520    0.02%
  19481  4648   152700.9566    59   152675.0000   152703.3723    87079    0.02%
Elapsed time = 1016.48 sec. (588972.56 ticks, tree = 22.55 MB, solutions = 4)
  19672  4747   152699.4234    52   152675.0000   152703.1948    87709    0.02%
  19859  4827   152676.3090    78   152675.0000   152702.9172    88536    0.02%
  20033  4926   152699.2949    66   152675.0000   152702.7628    89208    0.02%
  20223  5013        cutoff         152675.0000   152702.4731    89899    0.02%
  20429  5110   152686.7489    56   152675.0000   152702.0896    90681    0.02%
  20602  5186   152699.6007    60   152675.0000   152701.9194    91366    0.02%
  20802  5309   152675.0992    22   152675.0000   152701.7943    91952    0.02%
  20960  5361   152681.5506    58   152675.0000   152701.5498    92719    0.02%
  21145  5432   152680.6311    50   152675.0000   152701.3217    93584    0.02%
  21356  5545   152676.3377    14   152675.0000   152701.0910    94306    0.02%
Elapsed time = 1074.35 sec. (627335.04 ticks, tree = 26.87 MB, solutions = 4)
  21535  5605   152691.4719    66   152675.0000   152700.8045    95131    0.02%
  21703  5692   152692.9276    46   152675.0000   152700.5494    95827    0.02%
  21851  5763   152696.4417    63   152675.0000   152700.4393    96535    0.02%
  22053  5880   152675.9562    47   152675.0000   152700.3346    97126    0.02%
  22242  5965   152690.7491    52   152675.0000   152700.0818    98084    0.02%
  22421  6049   152682.0514    34   152675.0000   152699.9378    98892    0.02%
  22556  6138   152678.8484    41   152675.0000   152699.8951    99277    0.02%
  22739  6231   152684.2462    65   152675.0000   152699.7624    99941    0.02%
  22915  6324   152699.1886    64   152675.0000   152699.6568   100554    0.02%
  23089  6409   152693.4804    65   152675.0000   152699.4400   101247    0.02%
Elapsed time = 1129.64 sec. (665679.65 ticks, tree = 31.03 MB, solutions = 4)
  23269  6502   152695.2650    45   152675.0000   152699.2895   102046    0.02%
  23459  6595   152676.5351    37   152675.0000   152699.1265   102715    0.02%
  23644  6692   152686.4701    68   152675.0000   152698.9749   103399    0.02%
  23822  6769   152679.3680    39   152675.0000   152698.7333   104185    0.02%
  23979  6808   152685.4310    48   152675.0000   152698.4545   104931    0.02%
  24152  6883   152675.0556    49   152675.0000   152698.2827   105568    0.02%
  24335  6967   152682.3575    57   152675.0000   152698.1386   106259    0.02%
  24500  7047   152697.4183    38   152675.0000   152698.0432   106750    0.02%
  24702  7125   152685.1608    78   152675.0000   152697.9050   107645    0.02%
  24882  7212   152677.6167    50   152675.0000   152697.7761   108431    0.01%
Elapsed time = 1183.47 sec. (703974.61 ticks, tree = 34.91 MB, solutions = 4)
  25042  7272   152683.3263    36   152675.0000   152697.6121   109054    0.01%
  25242  7370   152679.4150    57   152675.0000   152697.4396   109770    0.01%
  25448  7476   152676.1531    42   152675.0000   152697.3324   110441    0.01%
  25631  7553   152687.9617    38   152675.0000   152697.1960   111094    0.01%
  25810  7618   152688.8031    48   152675.0000   152696.9956   111897    0.01%
  25985  7702   152680.7956    60   152675.0000   152696.8855   112523    0.01%
  26151  7770   152677.7072    59   152675.0000   152696.7766   113239    0.01%
  26325  7860   152696.3716    49   152675.0000   152696.6938   113868    0.01%
  26481  7937   152675.8108    72   152675.0000   152696.6037   114510    0.01%
  26662  8009   152682.3242    52   152675.0000   152696.4287   115338    0.01%
Elapsed time = 1237.47 sec. (742594.00 ticks, tree = 38.75 MB, solutions = 4)
  26826  8079   152677.3221    36   152675.0000   152696.3248   116150    0.01%
  27014  8174   152695.1671    38   152675.0000   152696.2470   116724    0.01%
  27211  8250   152681.4968    44   152675.0000   152696.0944   117547    0.01%
  27401  8323        cutoff         152675.0000   152695.9658   118360    0.01%
  27550  8397   152685.7536    42   152675.0000   152695.8859   118876    0.01%
  27735  8478   152692.9398    42   152675.0000   152695.7679   119692    0.01%
  27938  8571   152678.6225    60   152675.0000   152695.6489   120413    0.01%
  28126  8636   152682.4430    40   152675.0000   152695.4873   121311    0.01%
  28325  8715   152675.9702    60   152675.0000   152695.3369   122231    0.01%
  28514  8801   152678.3545    50   152675.0000   152695.2047   122887    0.01%
Elapsed time = 1289.65 sec. (780883.94 ticks, tree = 42.80 MB, solutions = 4)
  28688  8866   152679.2804    46   152675.0000   152695.1331   123731    0.01%
  28873  8941   152683.6758    38   152675.0000   152695.0200   124434    0.01%
  29074  9006        cutoff         152675.0000   152694.8646   125360    0.01%
  29266  9059   152682.2492    34   152675.0000   152694.7171   126334    0.01%
  29447  9119   152677.1961    59   152675.0000   152694.6190   127196    0.01%
  29651  9200   152682.7990    42   152675.0000   152694.4941   127924    0.01%
  29853  9274   152682.4375    36   152675.0000   152694.3393   128678    0.01%
  30044  9369   152675.0690    69   152675.0000   152694.2788   129392    0.01%
  30199  9418        cutoff         152675.0000   152694.1706   130140    0.01%
  30358  9496   152680.5770    28   152675.0000   152694.0873   130736    0.01%
Elapsed time = 1344.50 sec. (819167.34 ticks, tree = 46.15 MB, solutions = 4)
  30528  9560   152690.9230    40   152675.0000   152693.9882   131449    0.01%
  30709  9640   152682.5433    42   152675.0000   152693.8722   132035    0.01%
  30883  9705   152687.9637    40   152675.0000   152693.7958   132742    0.01%
  31060  9777        cutoff         152675.0000   152693.7344   133357    0.01%
  31218  9829        cutoff         152675.0000   152693.6190   134142    0.01%
  31411  9921   152689.5325    48   152675.0000   152693.5223   134781    0.01%
  31539  9968   152678.4707    47   152675.0000   152693.4578   135501    0.01%
  31726 10038   152688.8845    60   152675.0000   152693.3687   136141    0.01%
  31900 10112   152681.9891    36   152675.0000   152693.2830   136754    0.01%
  32063 10153   152679.4289    38   152675.0000   152693.1511   137465    0.01%
Elapsed time = 1403.34 sec. (857505.31 ticks, tree = 49.32 MB, solutions = 4)
  32200 10202   152681.7138    56   152675.0000   152693.1017   137978    0.01%
  32410 10304   152676.8253    47   152675.0000   152693.0575   138483    0.01%
  32568 10352   152675.1944    44   152675.0000   152692.9072   139204    0.01%
  32731 10416   152684.8249    44   152675.0000   152692.8152   139898    0.01%
  32881 10458        cutoff         152675.0000   152692.7422   140394    0.01%
  33033 10494   152683.5862    47   152675.0000   152692.6644   141220    0.01%
  33221 10563   152682.1177    44   152675.0000   152692.5938   141898    0.01%
  33401 10610   152692.4349    56   152675.0000   152692.5102   142551    0.01%
  33516 10638        cutoff         152675.0000   152692.4585   142983    0.01%
  33668 10687   152685.8741    40   152675.0000   152692.3822   143720    0.01%
Elapsed time = 1461.59 sec. (895810.40 ticks, tree = 51.90 MB, solutions = 4)
  33839 10751   152685.6252    44   152675.0000   152692.3005   144512    0.01%
  33980 10771        cutoff         152675.0000   152692.2424   145232    0.01%
  34148 10803   152678.3115    46   152675.0000   152692.1389   146009    0.01%
  34318 10835   152691.5775    48   152675.0000   152692.0681   146686    0.01%
  34508 10901   152676.6199    41   152675.0000   152691.9796   147434    0.01%
  34711 10982   152683.4388    46   152675.0000   152691.9230   148088    0.01%
  34899 11033   152675.9848    43   152675.0000   152691.8214   148957    0.01%
  35054 11063   152677.7858    44   152675.0000   152691.7367   149678    0.01%
  35242 11099   152682.6469    38   152675.0000   152691.6440   150407    0.01%
  35431 11170   152675.2363    52   152675.0000   152691.5698   151004    0.01%
Elapsed time = 1522.98 sec. (934130.59 ticks, tree = 54.23 MB, solutions = 4)
  35571 11197   152681.9869    44   152675.0000   152691.4936   151724    0.01%
  35742 11259        cutoff         152675.0000   152691.4506   152295    0.01%
  35915 11304   152678.8438    34   152675.0000   152691.3759   153078    0.01%
  36057 11326   152680.8665    64   152675.0000   152691.2643   153864    0.01%
  36223 11371   152678.4952    65   152675.0000   152691.1883   154513    0.01%
  36403 11425   152680.2966    26   152675.0000   152691.0834   155219    0.01%
  36551 11475   152690.0990    42   152675.0000   152691.0366   155736    0.01%
  36703 11518   152681.4454    64   152675.0000   152690.9752   156407    0.01%
  36872 11574   152678.7165    40   152675.0000   152690.9267   157131    0.01%
  37054 11637   152688.5228    55   152675.0000   152690.8424   157872    0.01%
Elapsed time = 1586.22 sec. (972476.64 ticks, tree = 56.49 MB, solutions = 4)
  37252 11686   152676.3607    48   152675.0000   152690.7293   158596    0.01%
  37438 11747        cutoff         152675.0000   152690.6657   159308    0.01%
  37616 11764        cutoff         152675.0000   152690.5477   160244    0.01%
  37804 11818   152676.1892    32   152675.0000   152690.4724   160998    0.01%
  37985 11869   152676.4787    46   152675.0000   152690.4134   161827    0.01%
  38135 11919   152682.8840    40   152675.0000   152690.3845   162489    0.01%
  38320 11988   152689.3236    38   152675.0000   152690.3174   163225    0.01%

Implied bound cuts applied:  46
Flow cuts applied:  65
Mixed integer rounding cuts applied:  33
Gomory fractional cuts applied:  40

Root node processing (before b&c):
  Real time             =   25.94 sec. (15611.10 ticks)
Sequential b&c:
  Real time             = 1608.71 sec. (987565.40 ticks)
                          ------------
Total (root+branch&cut) = 1634.65 sec. (1003176.50 ticks)
