1 of 1 MIP starts provided solutions.
MIP start 'm1' defined initial solution with objective 101751.0000.
Tried aggregator 1 time.
MIP Presolve eliminated 0 rows and 1 columns.
Reduced MIP has 30100 rows, 20100 columns, and 2070000 nonzeros.
Reduced MIP has 10000 binaries, 0 generals, 0 SOSs, and 0 indicators.
Presolve time = 1.04 sec. (512.62 ticks)
Probing time = 0.05 sec. (31.68 ticks)
Tried aggregator 1 time.
Reduced MIP has 30100 rows, 20100 columns, and 2070000 nonzeros.
Reduced MIP has 10000 binaries, 0 generals, 0 SOSs, and 0 indicators.
Presolve time = 1.33 sec. (604.31 ticks)
Probing time = 0.05 sec. (31.66 ticks)
Clique table members: 100.
MIP emphasis: balance optimality and feasibility.
MIP search method: dynamic search.
Parallel mode: none, using 1 thread.
Root relaxation solution time = 2.15 sec. (1195.78 ticks)

        Nodes                                         Cuts/
   Node  Left     Objective  IInf  Best Integer    Best Bound    ItCnt     Gap

*     0+    0                       101751.0000  7695000.0000     8012     --- 
      0     0   101804.8939    54   101751.0000   101804.8939     8012    0.05%
      0     0   101789.8510    62   101751.0000      Cuts: 30     8332    0.04%
      0     0   101777.3139    77   101751.0000      Cuts: 14     8458    0.03%

Repeating presolve.
Tried aggregator 1 time.
MIP Presolve eliminated 14908 rows and 14908 columns.
MIP Presolve modified 1848 coefficients.
Reduced MIP has 15192 rows, 5192 columns, and 534476 nonzeros.
Reduced MIP has 2546 binaries, 0 generals, 0 SOSs, and 0 indicators.
Presolve time = 0.82 sec. (369.40 ticks)
Probing time = 0.06 sec. (23.49 ticks)
Tried aggregator 1 time.
Reduced MIP has 15192 rows, 5192 columns, and 534476 nonzeros.
Reduced MIP has 2546 binaries, 0 generals, 0 SOSs, and 0 indicators.
Presolve time = 0.31 sec. (159.13 ticks)
Represolve time = 1.31 sec. (625.71 ticks)
Probing time = 0.05 sec. (23.18 ticks)
Clique table members: 5856.
MIP emphasis: balance optimality and feasibility.
MIP search method: dynamic search.
Parallel mode: none, using 1 thread.
Root relaxation solution time = 0.48 sec. (225.38 ticks)

        Nodes                                         Cuts/
   Node  Left     Objective  IInf  Best Integer    Best Bound    ItCnt     Gap

*     0+    0                       101751.0000   101777.3139    11457    0.03%
      0     0   101777.3139    74   101751.0000   101777.3139    11457    0.03%
      0     2   101777.3139    74   101751.0000   101777.0792    11457    0.03%
Elapsed time = 15.06 sec. (8430.61 ticks, tree = 0.00 MB, solutions = 1)
     15    17   101755.6353    20   101751.0000   101776.3997    11647    0.02%
     23    19   101758.3796    54   101751.0000   101771.6863    11794    0.02%
     33    22   101762.3998    48   101751.0000   101769.7640    11930    0.02%
     46    26   101760.5945    66   101751.0000   101769.6140    12010    0.02%
     60    36   101758.4345    27   101751.0000   101769.1140    12141    0.02%
     70    39   101751.9117    18   101751.0000   101769.1140    12196    0.02%
     90    50   101751.6412    14   101751.0000   101767.4809    12296    0.02%
    102    58   101755.2027    18   101751.0000   101766.9359    12371    0.02%
    119    64        cutoff         101751.0000   101766.2673    12495    0.02%
    200   108   101757.4678    26   101751.0000   101763.7748    12878    0.01%
Elapsed time = 21.51 sec. (11776.41 ticks, tree = 0.42 MB, solutions = 1)
    240   127   101753.8683    22   101751.0000   101763.4756    13056    0.01%
    333   171   101755.6333    26   101751.0000   101762.7119    13445    0.01%
    440   214   101759.7178    32   101751.0000   101761.7100    13961    0.01%

Implied bound cuts applied:  1
Flow cuts applied:  20
Mixed integer rounding cuts applied:  9
Gomory fractional cuts applied:  7

Root node processing (before b&c):
  Real time             =   15.04 sec. (8418.91 ticks)
Sequential b&c:
  Real time             =   13.17 sec. (6771.52 ticks)
                          ------------
Total (root+branch&cut) =   28.21 sec. (15190.42 ticks)
