1 of 1 MIP starts provided solutions.
MIP start 'm1' defined initial solution with objective 152471.0000.
Tried aggregator 1 time.
MIP Presolve eliminated 0 rows and 1 columns.
Reduced MIP has 67650 rows, 45150 columns, and 6907500 nonzeros.
Reduced MIP has 22500 binaries, 0 generals, 0 SOSs, and 0 indicators.
Presolve time = 3.57 sec. (1694.86 ticks)
Probing time = 0.15 sec. (79.51 ticks)
Tried aggregator 1 time.
Reduced MIP has 67650 rows, 45150 columns, and 6907500 nonzeros.
Reduced MIP has 22500 binaries, 0 generals, 0 SOSs, and 0 indicators.
Presolve time = 4.48 sec. (1995.04 ticks)
Probing time = 0.15 sec. (79.50 ticks)
Clique table members: 150.
MIP emphasis: balance optimality and feasibility.
MIP search method: dynamic search.
Parallel mode: none, using 1 thread.
Root relaxation solution time = 10.84 sec. (6636.97 ticks)

        Nodes                                         Cuts/
   Node  Left     Objective  IInf  Best Integer    Best Bound    ItCnt     Gap

*     0+    0                       152471.0000   1.72492e+07    15829     --- 
      0     0   152641.7180   126   152471.0000   152641.7180    15829    0.11%
      0     0   152614.4982   142   152471.0000      Cuts: 71    16531    0.09%
      0     0   152598.0387   160   152471.0000      Cuts: 61    17170    0.08%

Repeating presolve.
Tried aggregator 1 time.
MIP Presolve eliminated 26316 rows and 26316 columns.
MIP Presolve modified 3662 coefficients.
Reduced MIP has 41334 rows, 18834 columns, and 2881152 nonzeros.
Reduced MIP has 9342 binaries, 0 generals, 0 SOSs, and 0 indicators.
Presolve time = 3.52 sec. (1409.78 ticks)
Probing time = 0.18 sec. (55.60 ticks)
Tried aggregator 1 time.
Reduced MIP has 41334 rows, 18834 columns, and 2881152 nonzeros.
Reduced MIP has 9342 binaries, 0 generals, 0 SOSs, and 0 indicators.
Presolve time = 1.84 sec. (831.04 ticks)
Represolve time = 6.39 sec. (2856.03 ticks)
Probing time = 0.12 sec. (55.21 ticks)
Clique table members: 7252.
MIP emphasis: balance optimality and feasibility.
MIP search method: dynamic search.
Parallel mode: none, using 1 thread.
Root relaxation solution time = 4.28 sec. (1747.94 ticks)

        Nodes                                         Cuts/
   Node  Left     Objective  IInf  Best Integer    Best Bound    ItCnt     Gap

*     0+    0                       152471.0000   152598.0387    25661    0.08%
      0     0   152598.0387   160   152471.0000   152598.0387    25661    0.08%
      0     2   152598.0387   160   152471.0000   152597.5689    25661    0.08%
Elapsed time = 67.97 sec. (36851.94 ticks, tree = 0.00 MB, solutions = 1)
      5     7   152545.2761   131   152471.0000   152597.5689    25948    0.08%
      7     9   152526.6032   131   152471.0000   152597.5689    26057    0.08%
     11    13   152506.3643    94   152471.0000   152597.5689    26326    0.08%
     16    18   152501.2423    79   152471.0000   152597.5689    26461    0.08%
     22    24   152482.7644    71   152471.0000   152597.5689    26584    0.08%
     29    31   152476.3785    58   152471.0000   152597.5689    26644    0.08%
     36    31   152594.3124   163   152471.0000   152594.2932    26777    0.08%
     40    35   152570.4689   147   152471.0000   152575.3869    27127    0.07%
     45    40   152539.8025   122   152471.0000   152575.3869    27453    0.07%
     64    57   152479.4271    77   152471.0000   152575.3869    28028    0.07%
Elapsed time = 76.63 sec. (40453.58 ticks, tree = 1.57 MB, solutions = 1)
     83    67   152532.5645   184   152471.0000   152575.1349    28438    0.07%
    100    84   152483.7395   156   152471.0000   152575.1349    28855    0.07%
    122    93   152572.6242   180   152471.0000   152571.8088    29850    0.07%
    138   109   152487.0155   155   152471.0000   152571.3832    30578    0.07%
    149   116   152509.7187   127   152471.0000   152571.0956    31161    0.07%
    168   127        cutoff         152471.0000   152571.0956    31633    0.07%
    189   144   152491.3682   165   152471.0000   152565.5554    32367    0.06%
    203   155   152539.9426   139   152471.0000   152565.0309    32945    0.06%
    221   168   152546.3275   146   152471.0000   152563.9087    33742    0.06%
    240   185   152473.0842   126   152471.0000   152563.9087    34439    0.06%
Elapsed time = 97.54 sec. (50631.16 ticks, tree = 4.00 MB, solutions = 1)
    257   198   152491.9978   138   152471.0000   152561.9927    35006    0.06%
    272   204        cutoff         152471.0000   152561.3718    35662    0.06%
    294   222   152481.8086   110   152471.0000   152561.3718    36443    0.06%
    320   242   152482.3226   111   152471.0000   152560.8812    37293    0.06%
    335   249   152521.0555   156   152471.0000   152559.9272    38107    0.06%
    352   260   152515.5759   167   152471.0000   152559.1617    38760    0.06%
    365   267        cutoff         152471.0000   152559.1163    39324    0.06%
    383   278   152559.0768   159   152471.0000   152558.8969    39965    0.06%
    400   295   152505.3902   120   152471.0000   152558.8969    40399    0.06%
    423   314   152503.7442   137   152471.0000   152558.8128    41132    0.06%
Elapsed time = 120.46 sec. (60768.73 ticks, tree = 8.81 MB, solutions = 1)
    441   326        cutoff         152471.0000   152558.8128    41619    0.06%
    456   341   152479.1537   130   152471.0000   152558.6735    42381    0.06%
    471   351   152521.0150   130   152471.0000   152558.2849    43093    0.06%
    473   353   152482.1271   134   152471.0000   152558.2849    43306    0.06%
    488   364   152506.7230   105   152471.0000   152555.2843    43843    0.06%
    489   365   152496.5103   106   152471.0000   152555.2843    43945    0.06%
    490   366   152505.5215   103   152471.0000   152555.2843    43954    0.06%
    510   379   152497.0965   154   152471.0000   152555.1322    44574    0.06%
    520   385   152534.5547   178   152471.0000   152554.2063    44814    0.05%
    539   399   152535.7471   129   152471.0000   152552.4943    45665    0.05%
Elapsed time = 146.56 sec. (73650.84 ticks, tree = 21.17 MB, solutions = 1)
    561   418   152526.9303   122   152471.0000   152552.4345    46581    0.05%
    575   427   152489.1816    96   152471.0000   152552.4345    46951    0.05%
    600   445   152480.4685   152   152471.0000   152551.8311    47409    0.05%
    628   464   152497.2835   103   152471.0000   152551.3513    48265    0.05%
    649   473   152512.6819   143   152471.0000   152550.6302    49302    0.05%
    660   480   152477.7430   124   152471.0000   152550.6302    49689    0.05%
    682   484        cutoff         152471.0000   152549.8234    50225    0.05%
    707   505   152507.2181   136   152471.0000   152548.8091    51074    0.05%
    732   520   152515.2651   128   152471.0000   152548.7902    51620    0.05%
    757   537        cutoff         152471.0000   152548.7902    52119    0.05%
Elapsed time = 169.01 sec. (85508.64 ticks, tree = 22.78 MB, solutions = 1)
    766   544   152489.5802   147   152471.0000   152548.0172    52589    0.05%
    793   567   152487.0799   138   152471.0000   152547.8102    53498    0.05%
    816   584   152473.2327    96   152471.0000   152547.3272    54350    0.05%
    840   599   152539.2019   150   152471.0000   152546.3191    55069    0.05%
    852   611   152477.7897   122   152471.0000   152546.3191    55530    0.05%
    875   626   152540.5435   125   152471.0000   152546.1815    56349    0.05%
    882   633   152492.7393   134   152471.0000   152546.1815    56694    0.05%
    910   654        cutoff         152471.0000   152545.5099    57778    0.05%
    934   672   152529.2240   140   152471.0000   152544.9669    58599    0.05%
    960   692   152477.0000   124   152471.0000   152544.7725    59558    0.05%
Elapsed time = 189.33 sec. (96461.43 ticks, tree = 24.57 MB, solutions = 1)
    983   706   152490.5019   118   152471.0000   152544.1765    60721    0.05%
   1012   725        cutoff         152471.0000   152543.8730    61672    0.05%
   1018   729   152575.1087   206   152471.0000   152543.5256    70021    0.05%
   1019   729   152565.2860   205   152471.0000   152543.5256    70140    0.05%
   1020   730   152564.1991   199   152471.0000   152543.5256    70225    0.05%
   1021   730   152563.4054   200   152471.0000   152543.5256    70260    0.05%
   1022   729   152559.4195   161   152471.0000   152543.5256    70355    0.05%
   1023   729   152558.8392   153   152471.0000   152543.5256    70393    0.05%
   1025   728   152558.6538   156   152471.0000   152543.5256    70429    0.05%
   1027   729   152546.6666   170   152471.0000   152543.5256    70577    0.05%
Elapsed time = 300.46 sec. (152678.88 ticks, tree = 24.87 MB, solutions = 1)
   1028   729   152545.6518   153   152471.0000   152543.5256    70649    0.05%
   1031   728   152538.7992   145   152471.0000   152543.5256    70799    0.05%
   1032   728   152538.7992   143   152471.0000   152543.5256    70800    0.05%
   1036   729   152515.1345   131   152471.0000   152543.5256    71032    0.05%
   1040   730   152475.7785   145   152471.0000   152543.5256    71183    0.05%
   1045   547   152516.5722   115   152471.0000   152543.5256    71496    0.05%
   1051   549   152497.8195   117   152471.0000   152543.5256    71676    0.05%
   1058   550   152483.5260   103   152471.0000   152543.5256    71829    0.05%
   1066   546   152480.7822    89   152471.0000   152543.5256    71881    0.05%
   1076   548   152473.0543    64   152471.0000   152543.5256    71918    0.05%
Elapsed time = 322.45 sec. (166315.14 ticks, tree = 18.66 MB, solutions = 1)
   1080   479   152518.0451   192   152471.0000   152541.4448    72223    0.05%
   1096   469   152503.0129   151   152471.0000   152541.4448    72513    0.05%
   1104   466   152474.0512   152   152471.0000   152541.4448    72807    0.05%
   1111   429   152508.1208    86   152471.0000   152533.0127    73395    0.04%
   1125   435   152482.3695    70   152471.0000   152533.0127    73568    0.04%
   1137   435   152475.6682    52   152471.0000   152533.0127    73641    0.04%
   1146   417   152473.7714   137   152471.0000   152527.0811    73937    0.04%
   1151   409   152505.8623   137   152471.0000   152526.1891    74104    0.04%
   1160   412   152471.1362    90   152471.0000   152526.1891    74428    0.04%
   1174   402   152481.9751    82   152471.0000   152517.0954    74775    0.03%
Elapsed time = 342.39 sec. (177209.62 ticks, tree = 12.10 MB, solutions = 1)
   1198   366        cutoff         152471.0000   152511.7962    75071    0.03%
   1212   362   152485.8960   110   152471.0000   152511.1125    75746    0.03%
   1232   359        cutoff         152471.0000   152510.6278    76165    0.03%
   1245   349   152502.5576    86   152471.0000   152509.7830    76393    0.03%
   1269   356   152477.2231    37   152471.0000   152509.7830    76562    0.03%
   1288   346   152496.2414    69   152471.0000   152504.0604    76743    0.02%
   1306   349   152487.5126    43   152471.0000   152504.0604    76808    0.02%
   1327   354   152478.5050    35   152471.0000   152504.0604    77133    0.02%
   1340   353   152490.2352    89   152471.0000   152503.0023    77268    0.02%
   1398   340   152494.5275    84   152471.0000   152499.5447    77905    0.02%
Elapsed time = 365.19 sec. (190101.00 ticks, tree = 7.46 MB, solutions = 1)
   1483   346   152479.9694    65   152471.0000   152498.0399    78846    0.02%
   1484   345   152479.9653    65   152471.0000   152498.0399    78847    0.02%
   1488   344   152479.2877    66   152471.0000   152498.0399    78867    0.02%
   1527   334   152487.7055    76   152471.0000   152496.2590    79335    0.02%
   1655   347   152473.1627    67   152471.0000   152495.5737    80190    0.02%
   1657   348   152472.9462    54   152471.0000   152495.5737    80198    0.02%
   1707   342   152471.4164    41   152471.0000   152493.8275    80830    0.01%
   1743   336   152472.6698    65   152471.0000   152493.2240    81309    0.01%
   1818   359   152472.0502    62   152471.0000   152492.1159    81751    0.01%
   1878   375   152477.2335    65   152471.0000   152491.4020    82416    0.01%
Elapsed time = 448.56 sec. (240003.30 ticks, tree = 4.07 MB, solutions = 1)
   1900   378   152483.0966    65   152471.0000   152490.5927    82532    0.01%
   1974   382        cutoff         152471.0000   152487.7532    83538    0.01%
   2029   401   152483.7562    45   152471.0000   152487.0973    84205    0.01%
   2075   408   152473.6023    39   152471.0000   152486.5131    84912    0.01%

Flow cuts applied:  87
Mixed integer rounding cuts applied:  56
Gomory fractional cuts applied:  13

Root node processing (before b&c):
  Real time             =   67.81 sec. (36763.28 ticks)
Sequential b&c:
  Real time             =  420.43 sec. (226036.44 ticks)
                          ------------
Total (root+branch&cut) =  488.24 sec. (262799.72 ticks)
