1 of 1 MIP starts provided solutions.
MIP start 'm1' defined initial solution with objective 302402.0000.
Tried aggregator 1 time.
MIP Presolve eliminated 0 rows and 1 columns.
Reduced MIP has 90300 rows, 60100 columns, and 6210000 nonzeros.
Reduced MIP has 30000 binaries, 0 generals, 0 SOSs, and 0 indicators.
Presolve time = 3.19 sec. (1536.92 ticks)
Probing time = 0.17 sec. (79.01 ticks)
Tried aggregator 1 time.
Reduced MIP has 90300 rows, 60100 columns, and 6210000 nonzeros.
Reduced MIP has 30000 binaries, 0 generals, 0 SOSs, and 0 indicators.
Presolve time = 4.08 sec. (1815.33 ticks)
Probing time = 0.15 sec. (78.99 ticks)
Clique table members: 300.
MIP emphasis: balance optimality and feasibility.
MIP search method: dynamic search.
Parallel mode: none, using 1 thread.
Root relaxation solution time = 30.54 sec. (13823.29 ticks)

        Nodes                                         Cuts/
   Node  Left     Objective  IInf  Best Integer    Best Bound    ItCnt     Gap

*     0+    0                       302402.0000   2.30372e+07    20933     --- 
      0     0   304859.1797   332   302402.0000   304859.1797    20933    0.81%
      0     0   304640.1478   399   302402.0000     Cuts: 229    23959    0.74%
      0     0   304538.1630   464   302402.0000     Cuts: 200    26510    0.71%
      0     0   304497.9772   474   302402.0000     Cuts: 124    28464    0.69%
      0     0   304478.3721   488   302402.0000     Cuts: 111    29574    0.69%
      0     0   304471.0835   517   302402.0000      Cuts: 52    30061    0.68%
      0     0   304467.2950   510   302402.0000      Cuts: 48    30386    0.68%
      0     0   304466.2248   508   302402.0000      Cuts: 27    30662    0.68%
Heuristic still looking.
      0     2   304466.2248   508   302402.0000   304466.2124    30662    0.68%
Elapsed time = 291.57 sec. (118547.05 ticks, tree = 0.00 MB, solutions = 1)
      1     3   304304.1672   465   302402.0000   304466.0768    32849    0.68%
      2     4   304434.9263   497   302402.0000   304434.4980    33594    0.67%
      3     5   304300.5394   455   302402.0000   304434.4980    33885    0.67%
      4     6   304293.5129   451   302402.0000   304434.4980    34058    0.67%
      5     7   304288.8576   456   302402.0000   304434.4980    34152    0.67%
      6     8   304284.0296   453   302402.0000   304434.4980    34489    0.67%
      7     9   304280.3587   446   302402.0000   304434.4980    35205    0.67%
      8    10   304266.7311   454   302402.0000   304434.4980    36303    0.67%
      9    11   304268.9908   443   302402.0000   304434.4980    36791    0.67%
     10    12   304260.7277   437   302402.0000   304434.4980    37206    0.67%
Elapsed time = 354.52 sec. (139924.34 ticks, tree = 6.49 MB, solutions = 1)
     11    13   304254.3973   434   302402.0000   304434.4980    37388    0.67%
     13    15   304201.3009   426   302402.0000   304434.4980    38097    0.67%
     16    18   304187.9144   424   302402.0000   304434.4980    38571    0.67%
     18    20   304186.0403   426   302402.0000   304434.4980    39113    0.67%
     21    23   304027.1922   411   302402.0000   304434.4980    41029    0.67%
     22    24   304174.9103   418   302402.0000   304434.4980    41152    0.67%
     26    28   304167.9905   415   302402.0000   304434.4980    41651    0.67%
     28    30   304022.2827   420   302402.0000   304434.4980    42373    0.67%
     31    33   304162.0720   415   302402.0000   304434.4980    43269    0.67%
     36    38   304155.9081   403   302402.0000   304434.4980    43633    0.67%
Elapsed time = 396.52 sec. (157572.73 ticks, tree = 12.37 MB, solutions = 1)
     46    48   304011.8105   348   302402.0000   304434.4980    44781    0.67%
     56    58   303991.2322   332   302402.0000   304434.4980    45821    0.67%
     59    61   303399.2759   378   302402.0000   304434.4980    47488    0.67%
     67    69   303904.3754   325   302402.0000   304434.4980    48465    0.67%
     74    76   303940.8822   323   302402.0000   304434.4980    49766    0.67%
     85    87   303665.7552   307   302402.0000   304434.4980    51581    0.67%
     90    92   303794.6073   305   302402.0000   304434.4980    53128    0.67%
     98   100   303644.3202   300   302402.0000   304434.4980    55591    0.67%
    107   109   303756.5182   303   302402.0000   304434.4980    57230    0.67%
    118   120   303714.4615   291   302402.0000   304434.4980    58162    0.67%
Elapsed time = 421.99 sec. (168156.25 ticks, tree = 14.74 MB, solutions = 1)
    130   132   303171.3858   305   302402.0000   304434.4980    60316    0.67%
    140   140   303349.0007   283   302402.0000   304434.4980    62423    0.67%
    153   153   303562.7577   262   302402.0000   304434.4980    63012    0.67%
    166   164   303477.9694   252   302402.0000   304434.4980    64685    0.67%
    175   171   303013.9749   305   302402.0000   304434.4980    68103    0.67%
    181   171    infeasible         302402.0000   304434.4980    69363    0.67%
    187   173        cutoff         302402.0000   304434.4980    70988    0.67%
    192   174    infeasible         302402.0000   304434.4980    71137    0.67%
    196   174    infeasible         302402.0000   304434.4980    71444    0.67%
    200   176   303298.5421   270   302402.0000   304434.4980    71506    0.67%
Elapsed time = 443.58 sec. (179387.27 ticks, tree = 16.43 MB, solutions = 1)
    205   176   303124.4821   284   302402.0000   304434.4980    72084    0.67%
    213   182   303228.0600   262   302402.0000   304434.4980    74058    0.67%
    224   189   303062.0017   283   302402.0000   304434.4980    76360    0.67%
    233   194   303136.9319   277   302402.0000   304434.4980    78030    0.67%
    240   197   303112.3381   282   302402.0000   304434.4980    78724    0.67%
    245   195    infeasible         302402.0000   304434.4980    78984    0.67%
    255   203   302946.9171   256   302402.0000   304434.4980    80267    0.67%
    263   210   302930.7306   257   302402.0000   304434.4980    82560    0.67%
    274   219   302585.8569   273   302402.0000   304434.4980    84261    0.67%
    282   219    infeasible         302402.0000   304434.4980    84629    0.67%
Elapsed time = 463.47 sec. (189701.56 ticks, tree = 17.79 MB, solutions = 1)
    291   224   302800.7256   258   302402.0000   304434.4980    85245    0.67%
    295   224   302795.6867   256   302402.0000   304434.4980    85668    0.67%
    299   224        cutoff         302402.0000   304434.4980    85705    0.67%
    307   226   302776.6527   270   302402.0000   304434.4980    85800    0.67%
    311   226    infeasible         302402.0000   304434.4980    85835    0.67%
    321   236   302712.8476   257   302402.0000   304434.4980    86841    0.67%
    331   242   302667.0456   263   302402.0000   304434.4980    87365    0.67%
    339   241   302639.5430   265   302402.0000   304434.4980    87514    0.67%
    346   242   302617.6271   269   302402.0000   304434.4980    87871    0.67%
    352   244    infeasible         302402.0000   304434.4980    88191    0.67%
Elapsed time = 481.35 sec. (200169.74 ticks, tree = 18.56 MB, solutions = 1)
    355   244    infeasible         302402.0000   304434.4980    88300    0.67%
    365   250   302495.6798   268   302402.0000   304434.4980    88405    0.67%
    369   249   302477.9037   275   302402.0000   304434.4980    88482    0.67%
    377   250    infeasible         302402.0000   304434.4980    88702    0.67%
    387   249        cutoff         302402.0000   304434.4980    88812    0.67%
    388   250   304391.4579   488   302402.0000   304434.3051    89764    0.67%
    393   255   304371.7578   459   302402.0000   304434.3051    90618    0.67%
    397   259   304035.0886   435   302402.0000   304434.3051    92981    0.67%
    400   262   303798.2657   459   302402.0000   304434.3051    95466    0.67%
    405   267   303984.1491   448   302402.0000   304434.3051    97791    0.67%
Elapsed time = 513.34 sec. (215554.96 ticks, tree = 19.21 MB, solutions = 1)
    408   270   304308.1360   434   302402.0000   304434.3051    98684    0.67%
    409   271   304283.6549   426   302402.0000   304434.3051    99595    0.67%
    412   274   304269.3988   430   302402.0000   304434.3051    99963    0.67%
    413   275   303887.2691   459   302402.0000   304434.3051   101745    0.67%
    417   279   303312.8719   467   302402.0000   304434.3051   106243    0.67%
    420   282   303532.1587   482   302402.0000   304434.3051   108562    0.67%
    424   286   303817.9387   422   302402.0000   304434.3051   110447    0.67%
    426   288   303900.3713   444   302402.0000   304434.3051   112291    0.67%
    430   292   303392.4598   456   302402.0000   304434.3051   115453    0.67%
    433   295   303911.8812   440   302402.0000   304434.3051   117501    0.67%
Elapsed time = 587.91 sec. (237087.19 ticks, tree = 19.96 MB, solutions = 1)
    435   297   303304.4269   473   302402.0000   304434.3051   119909    0.67%
    438   300   304210.3178   405   302402.0000   304434.3051   120677    0.67%
    439   301   304004.4091   430   302402.0000   304434.3051   122096    0.67%
    442   302   304202.9008   407   302402.0000   304434.3051   122602    0.67%
    444   302   304197.1807   399   302402.0000   304434.3051   123877    0.67%
    449   307   304180.7574   412   302402.0000   304434.3051   125250    0.67%
    450   308   304143.6578   388   302402.0000   304434.3051   125837    0.67%
    453   311   304065.3598   385   302402.0000   304434.3051   127359    0.67%
    455   313   303677.3593   395   302402.0000   304434.3051   129069    0.67%
    460   318   304046.9517   379   302402.0000   304434.3051   129726    0.67%
Elapsed time = 636.25 sec. (250502.09 ticks, tree = 20.59 MB, solutions = 1)
    470   328   303341.8310   385   302402.0000   304434.3051   132411    0.67%
    477   335   303890.0249   377   302402.0000   304434.3051   134487    0.67%
    480   338   303987.5085   350   302402.0000   304434.3051   135156    0.67%
    485   343   303490.9196   360   302402.0000   304434.3051   138485    0.67%
    489   347   302829.2158   433   302402.0000   304434.3051   141385    0.67%
    494   352   303546.8495   386   302402.0000   304434.3051   142859    0.67%
    506   364   303688.4946   338   302402.0000   304434.3051   144402    0.67%
    509   367   304462.3549   520   302402.0000   304434.3051   176018    0.67%
    510   368   304429.1204   506   302402.0000   304428.5802   176695    0.67%
    511   369   304420.6919   492   302402.0000   304425.5172   176981    0.67%
Elapsed time = 1303.28 sec. (511633.33 ticks, tree = 21.97 MB, solutions = 1)
    512   370   304408.2215   484   302402.0000   304425.5172   177338    0.67%
    513   371   304415.1111   498   302402.0000   304425.5172   177730    0.67%
    514   372   304412.5571   488   302402.0000   304425.5172   178757    0.67%
    515   372   304251.6124   464   302402.0000   304425.5172   182436    0.67%
    516   372   304411.4921   486   302402.0000   304425.5172   182870    0.67%
    517   373   304263.7924   495   302402.0000   304425.5172   184847    0.67%
    518   374   304408.4012   494   302402.0000   304425.5172   185107    0.67%
    519   375   304399.7916   491   302402.0000   304425.5172   185284    0.67%
    520   375   304398.4492   484   302402.0000   304425.5172   185392    0.67%
    521   376   304116.2227   456   302402.0000   304425.5172   187445    0.67%
Elapsed time = 1554.14 sec. (597076.03 ticks, tree = 22.07 MB, solutions = 1)
    523   376   304114.7385   452   302402.0000   304425.5172   187645    0.67%
    524   376   303962.2451   437   302402.0000   304425.5172   189183    0.67%
    525   377   304114.4892   452   302402.0000   304425.5172   189265    0.67%
    526   378   303627.7432   458   302402.0000   304425.5172   191843    0.67%
    527   379   304114.4710   450   302402.0000   304425.5172   191851    0.67%
    529   380   304114.3849   452   302402.0000   304425.5172   191934    0.67%
    531   380   304103.3846   447   302402.0000   304425.5172   192362    0.67%
    533   381   304103.1466   447   302402.0000   304425.5172   192375    0.67%
    535   381   304102.3565   434   302402.0000   304425.5172   192505    0.67%
    537   381   304043.5090   412   302402.0000   304425.5172   193861    0.67%
Elapsed time = 1706.91 sec. (649745.90 ticks, tree = 21.82 MB, solutions = 1)
    539   383   303926.3382   447   302402.0000   304425.5172   195604    0.67%
    541   384   304088.0685   452   302402.0000   304425.5172   196199    0.67%
    542   385   304030.5208   429   302402.0000   304425.5172   197374    0.67%
    545   387   304084.9740   439   302402.0000   304425.5172   197777    0.67%
    547   387   304037.5522   432   302402.0000   304425.5172   198958    0.67%
    549   387   303999.8936   437   302402.0000   304425.5172   200366    0.67%
    552   389   303462.7894   417   302402.0000   304425.5172   202788    0.67%
    554   391   303986.6330   434   302402.0000   304425.5172   202945    0.67%
    557   392   303984.6975   434   302402.0000   304425.5172   203034    0.67%
    559   393   303981.0615   427   302402.0000   304425.5172   204243    0.67%
Elapsed time = 1860.02 sec. (703967.99 ticks, tree = 25.94 MB, solutions = 1)
    562   394   303488.4530   447   302402.0000   304425.5172   208015    0.67%
    565   395   303949.0982   421   302402.0000   304425.5172   208451    0.67%
    567   396   303932.3171   428   302402.0000   304425.5172   209264    0.67%
    570   399   303897.4618   413   302402.0000   304425.5172   210436    0.67%
    574   402   303668.4906   415   302402.0000   304425.5172   212430    0.67%
    577   404   303899.7689   427   302402.0000   304425.5172   212959    0.67%
    582   406   303829.8906   404   302402.0000   304425.5172   213967    0.67%
    588   408   303587.2861   405   302402.0000   304425.5172   216278    0.67%
    595   410   303450.1675   412   302402.0000   304425.5172   218691    0.67%
    598   412   303007.5738   442   302402.0000   304425.5172   220492    0.67%
Elapsed time = 1996.03 sec. (758961.43 ticks, tree = 27.91 MB, solutions = 1)
    600   411   303007.4549   443   302402.0000   304425.5172   220605    0.67%
    610   416   302974.0329   434   302402.0000   304425.5172   220702    0.67%
    615   418   302541.5636   458   302402.0000   304425.5172   222418    0.67%
    618   420   302541.4990   462   302402.0000   304425.5172   222435    0.67%
    624   421   302475.6364   455   302402.0000   304425.5172   222662    0.67%
    638   418   302455.6880   445   302402.0000   304425.5172   223110    0.67%
    653   415   302429.6857   446   302402.0000   304425.5172   223445    0.67%
    670   409        cutoff         302402.0000   304425.5172   224537    0.67%
    672   405   304302.1025   465   302402.0000   304415.3953   227557    0.67%
    675   408   304296.9449   465   302402.0000   304415.3953   228102    0.67%
Elapsed time = 2098.42 sec. (805541.75 ticks, tree = 26.45 MB, solutions = 1)
    678   410   304292.5555   471   302402.0000   304415.3953   228647    0.67%
    688   416   304265.0365   449   302402.0000   304415.3953   230244    0.67%
    700   423   303774.1345   468   302402.0000   304415.3953   233453    0.67%
    713   433   303874.8635   457   302402.0000   304415.3953   237029    0.67%
    716   434   303344.6942   507   302402.0000   304415.3953   241457    0.67%
    724   440   304101.8168   409   302402.0000   304415.3953   244132    0.67%
    732   444   304070.8198   399   302402.0000   304415.3953   247534    0.67%
    735   445   304061.4304   399   302402.0000   304415.3953   248676    0.67%
    754   454   303889.5590   381   302402.0000   304415.3953   251722    0.67%
    762   461   303698.3518   385   302402.0000   304415.3953   254132    0.67%
Elapsed time = 2231.13 sec. (856346.92 ticks, tree = 26.75 MB, solutions = 1)
    776   468   303602.3755   350   302402.0000   304415.3953   255957    0.67%
    785   473   302681.4937   423   302402.0000   304415.3953   258820    0.67%
    802   485   303711.8739   339   302402.0000   304415.3953   260191    0.67%
    813   491   303670.8598   336   302402.0000   304415.3953   260745    0.67%
    822   498   302647.0712   417   302402.0000   304415.3953   262994    0.67%
    824   498   302647.0561   417   302402.0000   304415.3953   262998    0.67%
    828   499   302622.0752   409   302402.0000   304415.3953   263210    0.67%
    836   500        cutoff         302402.0000   304415.3953   263745    0.67%
    856   504   302483.7946   404   302402.0000   304415.3953   264526    0.67%
    874   507   304408.6595   480   302402.0000   304408.6363   265787    0.66%
Elapsed time = 2319.23 sec. (902578.13 ticks, tree = 26.54 MB, solutions = 1)
    887   516   304382.6502   455   302402.0000   304408.5699   269072    0.66%
    896   519   304363.6668   449   302402.0000   304408.5699   270818    0.66%
    911   526   303436.1312   463   302402.0000   304408.2788   276556    0.66%
    914   528   303424.5964   474   302402.0000   304408.2788   277542    0.66%
    917   530   303420.0659   473   302402.0000   304408.2788   277728    0.66%
    928   537   303400.7148   453   302402.0000   304408.2788   279524    0.66%
    942   544   303374.4457   461   302402.0000   304408.2788   281413    0.66%
    949   549   303374.3527   457   302402.0000   304408.2788   281433    0.66%
    955   552   303374.1740   456   302402.0000   304408.2788   281648    0.66%
    961   557   303356.2140   457   302402.0000   304408.2788   282541    0.66%
Elapsed time = 2455.95 sec. (953203.84 ticks, tree = 26.55 MB, solutions = 1)
    972   561   303350.0618   459   302402.0000   304408.2788   283056    0.66%
    984   566   303311.5558   438   302402.0000   304408.2788   284658    0.66%
    991   569   303311.4293   436   302402.0000   304408.2788   284668    0.66%
    998   573   303311.3620   444   302402.0000   304408.2788   284683    0.66%
   1005   578   303311.3272   432   302402.0000   304408.2788   284694    0.66%
   1012   582   303310.3022   436   302402.0000   304408.2788   284722    0.66%
   1020   583   303309.9239   435   302402.0000   304408.2788   284734    0.66%
   1027   587   303306.2727   439   302402.0000   304408.2788   284750    0.66%
   1033   586   303306.1979   435   302402.0000   304408.2788   284758    0.66%
   1039   585   303305.5703   436   302402.0000   304408.2788   284767    0.66%
Elapsed time = 2556.91 sec. (995127.59 ticks, tree = 26.05 MB, solutions = 1)
   1045   583   303305.0394   433   302402.0000   304408.2788   284815    0.66%
   1051   583   303303.9272   449   302402.0000   304408.2788   284941    0.66%
   1054   581   303298.4572   436   302402.0000   304408.2788   285756    0.66%
   1067   587   303243.0186   436   302402.0000   304408.2788   287908    0.66%
   1087   597   303132.7606   448   302402.0000   304408.2788   290267    0.66%
   1107   606   303063.8051   433   302402.0000   304408.2788   291899    0.66%
*  1109+  571                       302414.0000   304408.2788   292097    0.66%
*  1109+  550                       302415.0000   304408.2788   292097    0.66%
*  1109+  522                       302459.0000   304408.2788   292097    0.64%
*  1109+  513                       302460.0000   304408.2788   292097    0.64%
*  1109+  499                       302466.0000   304408.2788   292097    0.64%
   1109   501   303063.4703   427   302466.0000   304408.2788   292097    0.64%
   1112   502   304266.0453   430   302466.0000   304408.0215   294246    0.64%
   1122   506   304240.0765   431   302466.0000   304408.0215   297159    0.64%
   1133   515   304213.6593   420   302466.0000   304408.0215   298685    0.64%
Elapsed time = 2669.12 sec. (1040129.91 ticks, tree = 19.83 MB, solutions = 6)
   1141   523   304192.5278   433   302466.0000   304408.0215   299273    0.64%
   1147   529   304171.1660   437   302466.0000   304408.0215   299965    0.64%
   1155   537   304143.8524   434   302466.0000   304408.0215   301113    0.64%
   1159   541   304135.2824   445   302466.0000   304408.0215   301807    0.64%
   1172   554   304111.4816   428   302466.0000   304408.0215   303398    0.64%
   1177   558   304110.6288   431   302466.0000   304408.0215   304002    0.64%
   1184   565   304099.4242   430   302466.0000   304408.0215   305164    0.64%
   1194   575   304076.3855   416   302466.0000   304408.0215   307013    0.64%
   1203   584   304046.3978   405   302466.0000   304408.0215   308109    0.64%
   1207   587   303979.8860   423   302466.0000   304408.0215   309480    0.64%
Elapsed time = 2783.63 sec. (1083742.34 ticks, tree = 21.70 MB, solutions = 6)
*  1209+  587                       302468.0000   304408.0215   309629    0.64%
   1211   591   303968.3301   419   302468.0000   304408.0215   309978    0.64%
   1224   603   303950.5665   389   302468.0000   304408.0215   311137    0.64%
   1233   612   303924.0384   395   302468.0000   304408.0215   312502    0.64%
   1240   619   303848.1235   372   302468.0000   304408.0215   313623    0.64%
   1251   630   303823.5032   367   302468.0000   304408.0215   314617    0.64%
   1264   643   303750.9926   384   302468.0000   304408.0215   315900    0.64%
   1273   652   303732.0115   386   302468.0000   304408.0215   316337    0.64%
   1282   660   303659.2874   397   302468.0000   304408.0215   317009    0.64%
   1285   662   303527.8108   407   302468.0000   304408.0215   317533    0.64%
   1287   662   303420.9340   359   302468.0000   304408.0215   318796    0.64%
Elapsed time = 2902.64 sec. (1129726.72 ticks, tree = 23.67 MB, solutions = 7)
   1301   676   303252.7862   350   302468.0000   304408.0215   321611    0.64%
   1311   686   304048.5223   443   302468.0000   304407.8648   324456    0.64%
   1313   688   304037.9159   454   302468.0000   304407.8648   325049    0.64%
   1315   688   304037.6585   450   302468.0000   304407.8648   326255    0.64%
   1328   701   303590.9597   486   302468.0000   304407.8648   329327    0.64%
   1333   706   303845.0126   424   302468.0000   304407.8648   331433    0.64%
   1336   709   303829.7429   408   302468.0000   304407.8648   332396    0.64%
   1349   722   303768.2625   398   302468.0000   304407.8648   335126    0.64%
   1352   725   303075.5776   459   302468.0000   304407.8648   336946    0.64%
   1356   728   303722.6868   407   302468.0000   304407.8648   338116    0.64%
Elapsed time = 3025.46 sec. (1176816.07 ticks, tree = 25.37 MB, solutions = 7)
   1361   733   303548.6342   405   302468.0000   304407.8648   339723    0.64%
   1367   739   303201.8369   423   302468.0000   304407.8648   342356    0.64%
   1370   742   303196.4069   422   302468.0000   304407.8648   343558    0.64%
   1379   751   302869.6852   423   302468.0000   304407.8648   345818    0.64%
   1385   757   303129.8607   415   302468.0000   304407.8648   346369    0.64%
   1401   771   303097.5645   410   302468.0000   304407.8648   347464    0.64%
   1407   776   302970.5977   421   302468.0000   304407.8648   349049    0.64%
   1415   782   302512.2517   447   302468.0000   304407.8648   350265    0.64%
   1441   806   304346.4327   432   302468.0000   304407.6488   353251    0.64%
   1449   814   304341.4620   427   302468.0000   304407.6488   354349    0.64%
Elapsed time = 3133.89 sec. (1225232.24 ticks, tree = 27.66 MB, solutions = 7)
   1462   827   304317.3799   432   302468.0000   304407.6488   355469    0.64%
   1468   833   304294.5672   432   302468.0000   304407.6488   356535    0.64%
   1469   834   304293.9333   431   302468.0000   304407.6488   356769    0.64%
   1477   842   304266.8955   435   302468.0000   304407.6488   358191    0.64%
   1487   852   304226.4590   429   302468.0000   304407.6488   360303    0.64%
   1505   870   304190.9823   419   302468.0000   304407.6488   361878    0.64%
   1514   879   304153.3630   424   302468.0000   304407.6488   364109    0.64%
   1520   885   304130.4252   427   302468.0000   304407.6488   365047    0.64%
   1528   893   304106.1525   421   302468.0000   304407.6488   366628    0.64%
   1542   907   304073.2629   410   302468.0000   304407.6488   368263    0.64%
Elapsed time = 3242.42 sec. (1268128.70 ticks, tree = 30.06 MB, solutions = 7)
   1550   915   304056.8957   402   302468.0000   304407.6488   368785    0.64%
   1558   923   304031.3720   406   302468.0000   304407.6488   369719    0.64%
   1561   926   304003.8691   412   302468.0000   304407.6488   370467    0.64%
   1566   931   303987.7284   419   302468.0000   304407.6488   371019    0.64%
   1576   941   303773.0711   441   302468.0000   304407.6488   373267    0.64%
   1580   945   303732.6843   439   302468.0000   304407.6488   373600    0.64%
   1585   949   303723.1927   437   302468.0000   304407.6488   373973    0.64%
   1593   957   303694.0532   436   302468.0000   304407.6488   374332    0.64%
   1597   961   303682.2877   435   302468.0000   304407.6488   374665    0.64%
   1602   966   303663.9479   430   302468.0000   304407.6488   374897    0.64%
Elapsed time = 3336.52 sec. (1311262.63 ticks, tree = 31.61 MB, solutions = 7)
   1606   969   303641.4798   438   302468.0000   304407.6488   375396    0.64%
*  1609+  967                       302469.0000   304407.6488   375607    0.64%
   1609   969   303635.1513   429   302469.0000   304407.6488   375607    0.64%
   1615   975   303610.3826   431   302469.0000   304407.6488   376330    0.64%
   1622   982   303589.0229   423   302469.0000   304407.6488   377122    0.64%
   1628   987   303550.2947   432   302469.0000   304407.6488   377649    0.64%
   1633   992   303535.8599   439   302469.0000   304407.6488   377912    0.64%
   1641  1000   303490.3891   443   302469.0000   304407.6488   378465    0.64%
   1650  1006   303459.2859   430   302469.0000   304407.6488   378806    0.64%
   1658  1012   303446.9538   423   302469.0000   304407.6488   379086    0.64%
   1665  1017   303399.9061   433   302469.0000   304407.6488   379672    0.64%
Elapsed time = 3498.41 sec. (1379562.14 ticks, tree = 33.00 MB, solutions = 8)
   1674  1025   303388.4669   421   302469.0000   304407.6488   379957    0.64%
   1692  1043   303344.6835   424   302469.0000   304407.6488   380637    0.64%
   1704  1055   303304.6009   403   302469.0000   304407.6488   381138    0.64%
   1709  1060   303298.4026   400   302469.0000   304407.6488   381203    0.64%
   1711  1062   303980.0464   451   302469.0000   304407.5668   383567    0.64%
   1742  1093   303937.2150   428   302469.0000   304407.5668   385887    0.64%
   1753  1104   303903.1622   425   302469.0000   304407.5668   387402    0.64%
   1767  1118   303886.1078   423   302469.0000   304407.5668   388642    0.64%

Flow cuts applied:  119
Mixed integer rounding cuts applied:  217
Gomory fractional cuts applied:  55

Root node processing (before b&c):
  Real time             =  289.90 sec. (116762.18 ticks)
Sequential b&c:
  Real time             = 3310.15 sec. (1306317.00 ticks)
                          ------------
Total (root+branch&cut) = 3600.05 sec. (1423079.19 ticks)
