1 of 1 MIP starts provided solutions.
MIP start 'm1' defined initial solution with objective 254305.0000.
Tried aggregator 1 time.
MIP Presolve eliminated 0 rows and 1 columns.
MIP Presolve modified 108150 coefficients.
Reduced MIP has 75250 rows, 37900 columns, and 5811579 nonzeros.
Reduced MIP has 37500 binaries, 0 generals, 0 SOSs, and 0 indicators.
Presolve time = 4.27 sec. (2460.94 ticks)
Probing time = 0.19 sec. (78.64 ticks)
Tried aggregator 1 time.
Reduced MIP has 75250 rows, 37900 columns, and 5811579 nonzeros.
Reduced MIP has 37500 binaries, 0 generals, 0 SOSs, and 0 indicators.
Presolve time = 2.79 sec. (1433.84 ticks)
Probing time = 0.18 sec. (78.60 ticks)
Clique table members: 250.
MIP emphasis: balance optimality and feasibility.
MIP search method: dynamic search.
Parallel mode: none, using 1 thread.
Root relaxation solution time = 1.37 sec. (886.77 ticks)

        Nodes                                         Cuts/
   Node  Left     Objective  IInf  Best Integer    Best Bound    ItCnt     Gap

*     0+    0                       254305.0000   2.87681e+07      423     --- 
      0     0   255063.4089   260   254305.0000   255063.4089      423    0.30%
      0     0   254825.8300   176   254305.0000     Cuts: 138      626    0.20%
      0     0   254767.5690   178   254305.0000     Cuts: 129      778    0.18%
      0     0   254715.9961   184   254305.0000     Cuts: 126      886    0.16%
      0     0   254697.5167   194   254305.0000     Cuts: 107      976    0.15%
      0     0   254675.7837   202   254305.0000     Cuts: 100     1051    0.15%

Repeating presolve.
Tried aggregator 1 time.
MIP Presolve eliminated 9661 rows and 10231 columns.
MIP Presolve modified 3338479 coefficients.
Reduced MIP has 65589 rows, 27669 columns, and 4247376 nonzeros.
Reduced MIP has 27269 binaries, 0 generals, 0 SOSs, and 0 indicators.
Presolve time = 8.90 sec. (7571.11 ticks)
Probing time = 0.23 sec. (58.91 ticks)
Tried aggregator 1 time.
MIP Presolve modified 4890886 coefficients.
Reduced MIP has 65589 rows, 27669 columns, and 4247376 nonzeros.
Reduced MIP has 27269 binaries, 0 generals, 0 SOSs, and 0 indicators.
Presolve time = 10.16 sec. (9451.54 ticks)
Represolve time = 19.98 sec. (17498.84 ticks)
Probing time = 0.21 sec. (59.84 ticks)
Clique table members: 250.
MIP emphasis: balance optimality and feasibility.
MIP search method: dynamic search.
Parallel mode: none, using 1 thread.
Root relaxation solution time = 1.14 sec. (681.47 ticks)

        Nodes                                         Cuts/
   Node  Left     Objective  IInf  Best Integer    Best Bound    ItCnt     Gap

*     0+    0                       254305.0000   254675.7837     1689    0.15%
      0     0   254675.5740   202   254305.0000   254675.5740     1689    0.15%
      0     2   254675.5740   202   254305.0000   254675.5740     1689    0.15%
Elapsed time = 69.69 sec. (44653.82 ticks, tree = 0.00 MB, solutions = 1)
      6     8   254674.5954   203   254305.0000   254674.5954     1842    0.15%
     11    13   254668.5367   197   254305.0000   254673.1139     1902    0.14%
     17    19   254662.7152   189   254305.0000   254673.1139     1951    0.14%
     22    24   254643.3671   179   254305.0000   254673.1139     1988    0.14%
     28    30   254638.7569   177   254305.0000   254673.1139     2019    0.14%
     33    35   254620.5299   164   254305.0000   254673.1139     2053    0.14%
     40    42   254618.5604   149   254305.0000   254673.1139     2069    0.14%
     47    49   254615.0868   139   254305.0000   254673.1139     2100    0.14%
     50    52   254606.7648   133   254305.0000   254673.1139     2110    0.14%
     68    68   254569.1520   122   254305.0000   254673.1139     2437    0.14%
Elapsed time = 78.80 sec. (49014.80 ticks, tree = 4.16 MB, solutions = 1)
     88    84   254546.9046   124   254305.0000   254673.1139     2763    0.14%
    108    96   254527.1235   119   254305.0000   254673.1139     3005    0.14%
    127   111   254334.0283   129   254305.0000   254673.1139     3339    0.14%
    145   123   254444.7357   111   254305.0000   254673.1139     3529    0.14%
    161   133   254432.9569   111   254305.0000   254673.1139     3657    0.14%
    180   138   254429.2094   109   254305.0000   254673.1139     3715    0.14%
    192   140   254426.5605   109   254305.0000   254673.1139     3743    0.14%
    203   141   254425.0560   115   254305.0000   254673.1139     3786    0.14%
    214   142    infeasible         254305.0000   254673.1139     3829    0.14%
    224   142        cutoff         254305.0000   254673.1139     3862    0.14%
Elapsed time = 92.84 sec. (59205.81 ticks, tree = 5.51 MB, solutions = 1)
    239   141        cutoff         254305.0000   254673.1139     3888    0.14%
    249   149   254626.9209   187   254305.0000   254670.5551     4228    0.14%
    260   160   254604.4997   169   254305.0000   254670.5551     4410    0.14%
    283   183   254553.1003   143   254305.0000   254670.5551     4686    0.14%
    303   201   254523.2792   138   254305.0000   254670.5551     4872    0.14%
    320   214   254500.5489   137   254305.0000   254670.5551     5089    0.14%
    340   230   254429.9027   118   254305.0000   254670.5551     5248    0.14%
    358   236   254423.3710   111   254305.0000   254670.5551     5414    0.14%
    361   237        cutoff         254305.0000   254670.5551     5431    0.14%
    379   243   254406.3896   111   254305.0000   254670.5551     5584    0.14%
Elapsed time = 107.99 sec. (69572.59 ticks, tree = 6.54 MB, solutions = 1)
    393   249        cutoff         254305.0000   254670.5551     5682    0.14%
    414   262   254366.0275   107   254305.0000   254670.5551     5766    0.14%
    426   268        cutoff         254305.0000   254670.5551     5822    0.14%
    436   268    infeasible         254305.0000   254670.5551     5829    0.14%
    447   267   254623.9093   178   254305.0000   254670.0905     5919    0.14%
    463   283   254543.6356   191   254305.0000   254668.0367     6082    0.14%
    487   307   254519.9852   171   254305.0000   254668.0367     6147    0.14%
    515   335   254484.9200   172   254305.0000   254668.0367     6232    0.14%
    545   365   254458.5042   153   254305.0000   254668.0367     6322    0.14%
    581   401   254451.5906   149   254305.0000   254668.0367     6363    0.14%
Elapsed time = 122.19 sec. (79697.17 ticks, tree = 9.39 MB, solutions = 1)
    602   422   254627.8142   172   254305.0000   254663.7401     6473    0.14%
    628   448   254598.8753   161   254305.0000   254663.7401     6550    0.14%
    661   481   254565.8730   167   254305.0000   254663.7401     6664    0.14%
    675   495   254548.7125   160   254305.0000   254663.7401     6706    0.14%
    693   513   254525.7237   142   254305.0000   254663.7401     6775    0.14%
    725   545   254514.2067   138   254305.0000   254663.7401     6831    0.14%
    760   580   254500.1233   143   254305.0000   254663.7401     6882    0.14%
    798   608   254351.8351   154   254305.0000   254663.7401     6954    0.14%
    802   609   254512.9864   165   254305.0000   254662.0485     7091    0.14%
    819   616   254412.7042   172   254305.0000   254662.0485     7508    0.14%
Elapsed time = 138.88 sec. (89864.68 ticks, tree = 12.49 MB, solutions = 1)
    839   632   254480.5572   143   254305.0000   254662.0485     7733    0.14%
    840   633   254484.9029   137   254305.0000   254662.0485     7734    0.14%
    859   652   254450.8654   121   254305.0000   254662.0485     7930    0.14%
    880   671        cutoff         254305.0000   254662.0485     8062    0.14%
    901   690   254402.5507    82   254305.0000   254662.0485     8209    0.14%
    923   700        cutoff         254305.0000   254662.0485     8338    0.14%
    928   703   254511.1520   283   254305.0000   254511.1394    11712    0.08%
    929   704   254509.4744   258   254305.0000   254511.1324    11743    0.08%
    930   704   254508.8547   261   254305.0000   254511.1324    11767    0.08%
    931   705   254508.8547   261   254305.0000   254511.1324    11768    0.08%
Elapsed time = 583.15 sec. (312146.69 ticks, tree = 14.05 MB, solutions = 1)
    932   706   254508.7787   264   254305.0000   254511.1324    11781    0.08%
    936   707   254507.8963   265   254305.0000   254511.1324    11800    0.08%
    943   713   254504.8694   253   254305.0000   254511.1324    11858    0.08%
    947   715   254498.9755   254   254305.0000   254511.1324    11975    0.08%
    948   716   254498.9703   255   254305.0000   254511.1324    11978    0.08%
    950   717   254497.9402   256   254305.0000   254511.1324    12001    0.08%
    952   718   254494.3079   246   254305.0000   254511.1324    12021    0.08%
    954   720   254494.2748   250   254305.0000   254511.1324    12026    0.08%
    956   720   254494.2214   244   254305.0000   254511.1324    12033    0.08%
    958   721   254489.6852   242   254305.0000   254511.1324    12065    0.08%
Elapsed time = 614.86 sec. (327820.93 ticks, tree = 14.87 MB, solutions = 1)
    960   723   254461.3061   237   254305.0000   254511.1324    12159    0.08%
    962   724   254426.2617   240   254305.0000   254511.1324    12275    0.08%
    964   724   254425.0926   237   254305.0000   254511.1324    12297    0.08%
    966   726   254419.0936   241   254305.0000   254511.1324    12336    0.08%
    968   728   254413.1817   238   254305.0000   254511.1324    12391    0.08%
    974   731   254416.2036   252   254305.0000   254511.1324    12431    0.08%
    980   730   254411.1079   241   254305.0000   254511.1324    12461    0.08%
    988   728   254410.0346   239   254305.0000   254511.1324    12473    0.08%
    992   731   254406.0692   235   254305.0000   254511.1324    12515    0.08%
   1000   736   254409.0559   241   254305.0000   254511.1324    12536    0.08%
Elapsed time = 636.54 sec. (340167.38 ticks, tree = 16.37 MB, solutions = 1)
   1008   735   254408.7011   241   254305.0000   254511.1324    12548    0.08%
   1020   732   254400.7528   224   254305.0000   254511.1324    12616    0.08%
   1028   732   254396.0388   212   254305.0000   254511.1324    12627    0.08%
   1038   730   254391.8699   202   254305.0000   254511.1324    12645    0.08%
   1048   726   254390.0725   202   254305.0000   254511.1324    12655    0.08%
   1057   723   254313.4130   196   254305.0000   254511.1324    12711    0.08%
   1066   712   254491.1107   259   254305.0000   254508.7635    12941    0.08%
   1083   721   254470.7702   224   254305.0000   254508.7635    13195    0.08%
   1103   714   254448.7973   206   254305.0000   254508.7635    13500    0.08%
   1120   723   254395.2157   202   254305.0000   254508.7635    13690    0.08%
Elapsed time = 655.18 sec. (351347.77 ticks, tree = 15.74 MB, solutions = 1)
   1136   725   254346.9944   172   254305.0000   254508.7635    13889    0.08%
   1145   720   254346.5665   172   254305.0000   254508.7635    13898    0.08%
   1155   716   254346.2922   172   254305.0000   254508.7635    13908    0.08%
   1172   720   254328.5344   154   254305.0000   254508.7635    13953    0.08%
   1188   725   254317.1638   161   254305.0000   254508.7635    14019    0.08%
   1196   716   254345.3411   235   254305.0000   254508.6835    14266    0.08%
   1217   717   254135.9644   236   254305.0000   254508.6835    14384    0.08%
   1218   718   254388.1016   266   254305.0000   254508.1133    14615    0.08%
   1242   731   254363.5284   237   254305.0000   254508.1133    14840    0.08%
   1314   751   254474.2885   246   254305.0000   254506.0657    15442    0.08%
Elapsed time = 679.32 sec. (366049.72 ticks, tree = 15.60 MB, solutions = 1)
   1379   754   254447.7627   236   254305.0000   254506.0657    15765    0.08%
   1425   754   254405.6701   235   254305.0000   254505.7381    16631    0.08%
   1453   752   254400.7030   232   254305.0000   254504.8230    17472    0.08%
   1533   794   254344.6277   200   254305.0000   254504.8230    17958    0.08%
   1597   811   254428.6866   239   254305.0000   254503.8105    18708    0.08%
   1699   846   254388.7192   187   254305.0000   254503.8105    19301    0.08%
   1800   886   254406.3878   226   254305.0000   254503.6258    20008    0.08%
   1885   931   254484.5951   209   254305.0000   254502.9028    21019    0.08%
   1991   984   254475.5782   242   254305.0000   254502.7141    21520    0.08%
   2098  1013   254495.4930   256   254305.0000   254499.2080    23001    0.08%
Elapsed time = 745.90 sec. (406266.13 ticks, tree = 16.76 MB, solutions = 1)
   2224  1073   254474.2904   229   254305.0000   254499.1023    23939    0.08%
   2305  1097   254348.2594   210   254305.0000   254498.8976    24621    0.08%
   2409  1140   254495.2473   252   254305.0000   254498.4783    25365    0.08%
   2528  1247        cutoff         254305.0000   254496.9907    26433    0.08%
   2611  1309   254444.7952   207   254305.0000   254496.9907    26784    0.08%
   2685  1357   254100.4248   167   254305.0000   254496.9907    27296    0.08%
   2798  1466   254420.2836   241   254305.0000   254496.7380    28127    0.08%
   2855  1502   254442.0334   211   254305.0000   254496.7078    28644    0.08%
   3014  1654   254320.8124   115   254305.0000   254496.7078    29247    0.08%
   3105  1730   254460.5526   235   254305.0000   254496.3521    30474    0.08%
Elapsed time = 811.62 sec. (445731.85 ticks, tree = 26.38 MB, solutions = 1)
   3244  1862   254393.7308   239   254305.0000   254495.2964    31350    0.07%
   3374  1984   254468.3079   226   254305.0000   254495.1036    32153    0.07%
   3518  2117   254359.3988   189   254305.0000   254495.0978    33060    0.07%
   3632  2218   254377.8018   215   254305.0000   254494.2187    34013    0.07%
   3746  2324   254454.3747   223   254305.0000   254494.1977    35031    0.07%
   3848  2396   254444.9769   194   254305.0000   254494.1977    35323    0.07%
   3928  2458   254368.5150   107   254305.0000   254494.1977    35655    0.07%
   3993  2503   254449.6299   221   254305.0000   254494.0456    36072    0.07%
   4128  2634   254441.3826   175   254305.0000   254493.9625    36972    0.07%
   4229  2710   254395.6438   147   254305.0000   254493.9625    37275    0.07%
Elapsed time = 883.40 sec. (484994.10 ticks, tree = 40.60 MB, solutions = 1)
   4281  2729   254380.6251   128   254305.0000   254493.9625    37346    0.07%
   4381  2808   254486.4810   235   254305.0000   254493.9020    38023    0.07%
   4528  2943   254448.0257   205   254305.0000   254493.4924    39626    0.07%
   4692  3095   254457.2984   194   254305.0000   254493.4643    40636    0.07%
   4758  3158   254432.0417   173   254305.0000   254493.4643    40848    0.07%
   4774  3174   254415.1176   171   254305.0000   254493.4643    40979    0.07%
   4854  3231   254400.1570   152   254305.0000   254493.4643    41122    0.07%
   4928  3286   254307.8049   238   254305.0000   254493.2690    41985    0.07%
   5032  3374   254482.7512   251   254305.0000   254492.8604    43389    0.07%
   5170  3505   254369.3917   251   254305.0000   254492.6029    44526    0.07%
Elapsed time = 960.99 sec. (531633.14 ticks, tree = 52.10 MB, solutions = 1)
   5286  3608   254476.9270   224   254305.0000   254492.0279    45644    0.07%
   5417  3729   254453.8035   229   254305.0000   254491.9699    46832    0.07%
   5563  3872   254459.8165   221   254305.0000   254491.9257    47866    0.07%
   5667  3966   254457.4813   222   254305.0000   254491.6221    49093    0.07%
   5764  4049   254366.8960   260   254305.0000   254491.4789    50200    0.07%
   5866  4138   254374.2809   238   254305.0000   254491.0177    51608    0.07%
   6016  4276   254453.2563   202   254305.0000   254490.9192    52642    0.07%
   6089  4318   254438.9489   232   254305.0000   254490.8873    53062    0.07%
   6189  4406   254394.9682   228   254305.0000   254490.7524    54051    0.07%
   6340  4550   254434.0767   229   254305.0000   254490.3470    55004    0.07%
Elapsed time = 1028.80 sec. (570171.47 ticks, tree = 67.30 MB, solutions = 1)
   6442  4632   254488.3763   236   254305.0000   254490.1114    56469    0.07%
   6563  4745   254423.1036   220   254305.0000   254490.0405    57362    0.07%
   6710  4880        cutoff         254305.0000   254490.0129    58144    0.07%
   6841  5007   254312.3812   224   254305.0000   254489.9223    59287    0.07%
   6902  5063   254426.0727   195   254305.0000   254489.7824    59699    0.07%
   6983  5131   254353.6680   239   254305.0000   254489.6579    61117    0.07%
   7151  5289   254313.7729   223   254305.0000   254489.5538    62337    0.07%
   7276  5400   254439.0964   208   254305.0000   254489.1527    63770    0.07%
   7373  5485   254478.9525   223   254305.0000   254488.8847    64822    0.07%
   7510  5610        cutoff         254305.0000   254488.7881    65803    0.07%
Elapsed time = 1100.49 sec. (610462.83 ticks, tree = 82.64 MB, solutions = 1)
   7555  5653   254434.5993   222   254305.0000   254488.7663    66112    0.07%
   7675  5765   254432.0381   226   254305.0000   254488.7268    67059    0.07%
   7743  5820   254483.6113   238   254305.0000   254488.5537    68114    0.07%
   7898  5969   254429.1636   185   254305.0000   254488.5392    69626    0.07%
   8072  6133   254317.5138    38   254305.0000   254488.5392    70052    0.07%
   8158  6206   254372.3914   227   254305.0000   254488.3677    71194    0.07%
   8299  6340   254430.3372   206   254305.0000   254488.0729    72425    0.07%
   8434  6467   254341.9718   213   254305.0000   254487.9465    74093    0.07%
   8549  6563   254365.6609   222   254305.0000   254487.6257    75709    0.07%
   8682  6683   254385.2327   218   254305.0000   254487.1878    77262    0.07%
Elapsed time = 1173.94 sec. (651138.75 ticks, tree = 98.15 MB, solutions = 1)
   8835  6818        cutoff         254305.0000   254486.8404    78830    0.07%
   8874  6850   254423.5694   224   254305.0000   254486.6130    79553    0.07%
   8928  6900   254383.5047   233   254305.0000   254486.6130    80056    0.07%
   9086  7045   254457.7819   253   254305.0000   254486.4083    81439    0.07%
   9199  7137   254453.4080   228   254305.0000   254486.2893    83283    0.07%
   9366  7295   254450.0751   222   254305.0000   254486.1404    84240    0.07%
   9509  7418   254456.0982   224   254305.0000   254485.7105    86156    0.07%
   9631  7530   254423.9824   240   254305.0000   254485.5670    87324    0.07%
   9749  7638   254453.7640   240   254305.0000   254485.4126    88105    0.07%
   9892  7770   254408.5495   230   254305.0000   254485.2024    89237    0.07%
Elapsed time = 1252.78 sec. (697212.28 ticks, tree = 113.86 MB, solutions = 1)
   9987  7859   254453.7420   231   254305.0000   254485.2002    89683    0.07%
  10067  7925   254360.4667   204   254305.0000   254484.8587    90920    0.07%
* 10208+ 8042                       254307.0000   254484.4570    91970    0.07%
* 10208+ 7997                       254309.0000   254484.4570    91970    0.07%
  10208  7997        cutoff         254309.0000   254484.4570    91970    0.07%
  10209  7998   254381.8821   262   254309.0000   254484.4570    92214    0.07%
  10210  7999   254501.1575   290   254309.0000   254484.4570    93767    0.07%
  10211  8000   254500.1722   292   254309.0000   254484.4570    93790    0.07%
  10212  8001   254498.9818   284   254309.0000   254484.4570    93849    0.07%
  10214  8003   254498.7978   276   254309.0000   254484.4570    93860    0.07%
  10219  6671   254496.0259   281   254309.0000   254484.4570    94036    0.07%
  10224  6674   254493.9512   257   254309.0000   254484.4570    94138    0.07%
Elapsed time = 1656.54 sec. (886431.54 ticks, tree = 98.95 MB, solutions = 3)
  10229  6678   254417.0106   242   254309.0000   254484.4570    94453    0.07%
  10235  6327   254398.0722   223   254309.0000   254484.4570    94690    0.07%
  10240  6330   254390.9213   214   254309.0000   254484.4570    94793    0.07%
  10247  6120   254381.5083   226   254309.0000   254484.4570    95039    0.07%
  10252  6123   254378.8732   229   254309.0000   254484.4570    95064    0.07%
  10258  6124   254376.6039   217   254309.0000   254484.4570    95101    0.07%
  10270  6127   254368.0246   204   254309.0000   254484.4570    95205    0.07%
  10280  6127   254359.7852   187   254309.0000   254484.4570    95282    0.07%
  10288  6132   254352.6775   186   254309.0000   254484.4570    95321    0.07%
  10298  6132   254309.0482   180   254309.0000   254484.4570    95477    0.07%
Elapsed time = 1742.77 sec. (929930.10 ticks, tree = 92.79 MB, solutions = 3)
  10302  6044   254464.7363   237   254309.0000   254484.4570    95744    0.07%
  10305  6046   254462.7719   235   254309.0000   254484.4570    95840    0.07%
  10311  6049   254461.4648   249   254309.0000   254484.4570    95889    0.07%
  10319  6054   254459.3519   242   254309.0000   254484.4570    95946    0.07%
  10329  5993   254446.9612   211   254309.0000   254484.4570    96084    0.07%
  10336  5997   254441.8290   200   254309.0000   254484.4570    96128    0.07%
  10345  5945   254438.8215   192   254309.0000   254484.4570    96268    0.07%
  10365  5946   254424.8069   191   254309.0000   254484.4570    96310    0.07%
  10375  5892   254479.2784   248   254309.0000   254484.4570    96462    0.07%
  10380  5895   254478.0536   258   254309.0000   254484.4570    96502    0.07%
Elapsed time = 1837.26 sec. (972327.04 ticks, tree = 89.18 MB, solutions = 3)
  10386  5899   254475.1725   242   254309.0000   254484.4570    96544    0.07%
  10397  5905   254467.1418   231   254309.0000   254484.4570    96699    0.07%
  10409  5912   254461.1502   227   254309.0000   254484.4570    96729    0.07%
  10430  5922   254438.5177   207   254309.0000   254484.4570    96856    0.07%
  10444  5930   254429.6286   215   254309.0000   254484.4570    96919    0.07%
  10453  5870   254385.4853   272   254309.0000   254484.4570    97351    0.07%
  10459  5872   254369.2244   258   254309.0000   254484.4570    97426    0.07%
  10478  5874   254353.4333   261   254309.0000   254484.4570    97586    0.07%
  10495  5876   254334.0740   225   254309.0000   254484.4570    97724    0.07%
  10509  5848   254470.4669   269   254309.0000   254484.4570    98020    0.07%
Elapsed time = 1912.54 sec. (1012787.31 ticks, tree = 90.15 MB, solutions = 3)
  10517  5851   254468.9266   257   254309.0000   254484.4570    98089    0.07%
  10533  5858   254464.3205   260   254309.0000   254484.4570    98292    0.07%
  10550  5865   254446.4818   245   254309.0000   254484.4570    98496    0.07%
  10578  5870   254349.2382   236   254309.0000   254484.4570    98607    0.07%
  10585  5846   254312.9563   237   254309.0000   254484.4570    99037    0.07%
  10590  5804   254382.2158   246   254309.0000   254484.4570    99832    0.07%
  10613  5783   254476.7713   251   254309.0000   254484.4570   100105    0.07%
  10635  5792   254459.6325   235   254309.0000   254484.4570   100272    0.07%
  10657  5798   254437.8818   241   254309.0000   254484.4570   100431    0.07%
  10676  5785   254487.2570   244   254309.0000   254484.4570   100548    0.07%
Elapsed time = 1986.83 sec. (1053829.29 ticks, tree = 88.31 MB, solutions = 3)
  10694  5789   254449.7767   248   254309.0000   254484.4570   100690    0.07%
  10716  5758   254483.3906   229   254309.0000   254484.4570   100949    0.07%
  10734  5758   254330.4747   243   254309.0000   254484.4570   101251    0.07%
  10744  5691   254350.7241   248   254309.0000   254484.4570   101980    0.07%
  10760  5640   254390.0930   228   254309.0000   254483.3455   102603    0.07%
  10775  5618   254311.4156   219   254309.0000   254481.3560   102946    0.07%
  10795  5595   254408.8114   224   254309.0000   254480.1793   103171    0.07%
  10815  5569   254454.8569   224   254309.0000   254480.1631   103343    0.07%
  10824  5519   254355.2207   239   254309.0000   254479.2007   104135    0.07%
  10851  5526   254324.0285   240   254309.0000   254479.2007   104395    0.07%
Elapsed time = 2065.51 sec. (1094025.09 ticks, tree = 84.43 MB, solutions = 3)
  10875  5473   254464.0106   242   254309.0000   254478.4271   105260    0.07%
  10906  5490   254446.1398   213   254309.0000   254478.4271   105481    0.07%
  10937  5499   254394.8894   175   254309.0000   254478.4271   105621    0.07%
  10959  5495   254352.3452   177   254309.0000   254478.4271   105773    0.07%
  10985  5422   254470.0546   229   254309.0000   254476.0013   106310    0.07%
  11019  5440   254448.5059   207   254309.0000   254476.0013   106645    0.07%
  11053  5455   254415.1358   170   254309.0000   254476.0013   106852    0.07%
  11084  5459   254352.3444   150   254309.0000   254476.0013   106997    0.07%
  11100  5425   254354.8205   233   254309.0000   254475.7148   107305    0.07%
  11130  5425   254466.1349   230   254309.0000   254475.5438   107637    0.07%
Elapsed time = 2138.36 sec. (1133177.91 ticks, tree = 82.50 MB, solutions = 3)
  11174  5448   254431.0989   211   254309.0000   254475.5438   107996    0.07%
  11205  5457   254451.4477   215   254309.0000   254475.4673   108402    0.07%
  11236  5466   254448.1163   226   254309.0000   254475.4673   108484    0.07%
  11276  5479   254399.1295   178   254309.0000   254475.4673   108692    0.07%
  11305  5481   254340.9231   187   254309.0000   254475.4673   108823    0.07%
  11347  5479   254451.0882   210   254309.0000   254475.3379   109257    0.07%
  11382  5487   254382.9676   148   254309.0000   254475.3379   109504    0.07%
  11402  5475   254340.4468   246   254309.0000   254474.9726   109877    0.07%
  11431  5479   254387.2419   238   254309.0000   254474.8892   110236    0.07%
  11470  5477   254439.0320   243   254309.0000   254474.5985   110568    0.07%
Elapsed time = 2204.12 sec. (1172223.58 ticks, tree = 82.65 MB, solutions = 3)
  11503  5493   254323.2319   231   254309.0000   254474.5985   111090    0.07%
  11541  5507   254360.5690   187   254309.0000   254474.5786   111565    0.07%
  11576  5512   254388.0079   233   254309.0000   254473.9311   111860    0.06%
  11612  5518   254452.3575   247   254309.0000   254473.8988   112109    0.06%
  11644  5534   254441.2561   243   254309.0000   254473.8988   112235    0.06%
  11672  5525   254378.9870   216   254309.0000   254473.3897   112760    0.06%
  11701  5521   254379.4949   237   254309.0000   254473.3897   113213    0.06%
  11744  5548   254345.6226   201   254309.0000   254473.3897   113534    0.06%
  11784  5545   254342.0439   213   254309.0000   254473.2871   114032    0.06%
  11821  5556   254355.5196   220   254309.0000   254473.2163   114545    0.06%
Elapsed time = 2273.15 sec. (1212313.46 ticks, tree = 83.15 MB, solutions = 3)
  11867  5568   254409.4266   223   254309.0000   254472.8597   114985    0.06%
  11906  5574   254372.2257   193   254309.0000   254472.8597   115331    0.06%
  11928  5554   254362.2520   238   254309.0000   254472.8597   115778    0.06%
  11970  5545   254380.4498   217   254309.0000   254472.0332   116545    0.06%
  12009  5531   254329.4586   190   254309.0000   254471.6563   117207    0.06%
  12044  5517   254353.1436   253   254309.0000   254470.3897   117859    0.06%
  12086  5526   254375.0091   222   254309.0000   254470.3397   118396    0.06%
  12130  5537   254432.2587   237   254309.0000   254470.3213   118714    0.06%
  12173  5543   254395.4089   239   254309.0000   254470.1446   119319    0.06%
  12222  5558   254459.8038   243   254309.0000   254469.8183   119692    0.06%
Elapsed time = 2343.84 sec. (1253378.53 ticks, tree = 82.46 MB, solutions = 3)
  12268  5586   254448.9740   195   254309.0000   254469.8183   119950    0.06%
  12305  5599   254432.2197   188   254309.0000   254469.8183   120060    0.06%
  12339  5607   254313.6948   207   254309.0000   254469.7722   120606    0.06%
  12377  5621   254448.7528   230   254309.0000   254469.7543   121076    0.06%
  12410  5634   254444.9628   205   254309.0000   254469.7543   121234    0.06%
  12426  5631   254310.0784   195   254309.0000   254469.7543   121544    0.06%
  12444  5617   254331.1922   245   254309.0000   254469.4125   122367    0.06%
  12478  5615   254451.7638   216   254309.0000   254469.0308   122779    0.06%
  12526  5635   254434.7476   182   254309.0000   254469.0308   122964    0.06%
  12557  5635   254381.6165   258   254309.0000   254468.9449   123256    0.06%
Elapsed time = 2409.46 sec. (1292147.42 ticks, tree = 82.98 MB, solutions = 3)
  12613  5650   254411.1989   197   254309.0000   254468.7216   123994    0.06%
  12652  5653   254359.4632   191   254309.0000   254468.7216   124429    0.06%
  12683  5648   254332.3814   232   254309.0000   254468.6215   124809    0.06%
  12720  5655   254454.5954   254   254309.0000   254468.4466   125285    0.06%
  12763  5678   254396.0344   193   254309.0000   254468.4466   125708    0.06%
  12799  5691   254353.9754   179   254309.0000   254468.4466   125879    0.06%
  12827  5685   254461.5344   229   254309.0000   254468.3338   126140    0.06%
  12877  5705   254438.0140   220   254309.0000   254468.3338   126524    0.06%
  12922  5716   254415.5769   188   254309.0000   254468.3338   126683    0.06%
  12965  5733   254373.8506   210   254309.0000   254468.1493   127164    0.06%
Elapsed time = 2474.59 sec. (1331072.09 ticks, tree = 83.63 MB, solutions = 3)
  13002  5734   254382.0408   229   254309.0000   254467.7900   127846    0.06%
  13054  5761   254356.5756   172   254309.0000   254467.7900   128117    0.06%
  13083  5755   254424.8122   238   254309.0000   254467.7213   128358    0.06%
  13132  5785   254400.8645   222   254309.0000   254467.7213   128743    0.06%
  13174  5798   254352.7530   212   254309.0000   254467.7043   129129    0.06%
  13210  5813   254400.7809   238   254309.0000   254467.6937   129564    0.06%
  13251  5834   254368.2416   198   254309.0000   254467.6937   130026    0.06%
  13286  5842   254316.3331   171   254309.0000   254467.6937   130274    0.06%
  13333  5861   254432.5654   207   254309.0000   254467.5983   130706    0.06%
  13382  5884   254415.8498   175   254309.0000   254467.5983   130845    0.06%
Elapsed time = 2547.11 sec. (1374879.78 ticks, tree = 85.09 MB, solutions = 3)
  13435  5899   254415.0706   226   254309.0000   254467.4592   131655    0.06%
  13490  5935   254366.5877   186   254309.0000   254467.4592   131934    0.06%
  13532  5940   254450.8121   225   254309.0000   254467.4184   132257    0.06%
  13564  5939   254322.6067   226   254309.0000   254467.4184   132409    0.06%
  13603  5945   254411.2168   189   254309.0000   254467.3074   132837    0.06%
  13643  5962   254363.1418   196   254309.0000   254467.3074   133034    0.06%
  13673  5958   254345.6452   235   254309.0000   254467.1683   133407    0.06%
  13712  5960   254391.2087   224   254309.0000   254466.8974   134413    0.06%
  13760  5984   254334.9353   256   254309.0000   254466.8974   134961    0.06%
  13797  5998   254346.0054   215   254309.0000   254466.7532   135497    0.06%
Elapsed time = 2609.81 sec. (1413959.75 ticks, tree = 86.02 MB, solutions = 3)
  13839  6006   254394.9466   241   254309.0000   254466.5838   136289    0.06%
  13889  6027   254376.6436   200   254309.0000   254466.5838   136517    0.06%
  13944  6053   254435.0026   214   254309.0000   254466.4604   136933    0.06%
  13986  6076   254421.9417   184   254309.0000   254466.4604   137054    0.06%
  14028  6094   254342.8581   174   254309.0000   254466.4604   137314    0.06%
  14066  6099   254357.8317   196   254309.0000   254466.3688   137955    0.06%
  14116  6120   254327.0562   228   254309.0000   254466.3688   138557    0.06%
  14155  6102   254381.0075   259   254309.0000   254465.4623   140153    0.06%
  14205  6128   254339.9499   188   254309.0000   254465.4623   140617    0.06%
  14239  6131   254450.8365   246   254309.0000   254465.0171   141362    0.06%
Elapsed time = 2671.50 sec. (1452868.30 ticks, tree = 87.71 MB, solutions = 3)
  14286  6148   254433.7501   187   254309.0000   254465.0171   141581    0.06%
  14334  6145   254452.8761   228   254309.0000   254464.7080   142375    0.06%
  14380  6171   254438.3515   194   254309.0000   254464.7080   142559    0.06%
  14427  6182   254438.2133   222   254309.0000   254464.6838   143018    0.06%
  14487  6217   254421.6500   185   254309.0000   254464.6838   143213    0.06%
  14532  6239   254357.4440   245   254309.0000   254464.6830   143790    0.06%
  14583  6262   254374.1408   227   254309.0000   254464.6096   144519    0.06%
  14635  6285   254331.4182   240   254309.0000   254464.5189   145048    0.06%
  14677  6303   254316.0210   209   254309.0000   254464.3700   145675    0.06%
  14730  6323   254383.1654   191   254309.0000   254464.3563   146271    0.06%
Elapsed time = 2736.48 sec. (1491714.28 ticks, tree = 95.79 MB, solutions = 3)
  14781  6344   254434.4027   190   254309.0000   254464.1845   146796    0.06%
  14825  6356   254324.8894   225   254309.0000   254464.0894   147399    0.06%
  14869  6368   254351.3820   216   254309.0000   254463.8290   148207    0.06%
  14915  6376   254457.4508   243   254309.0000   254463.7343   148787    0.06%
  14967  6404   254441.5734   214   254309.0000   254463.7343   149011    0.06%
  15010  6415   254414.2516   242   254309.0000   254463.4477   149491    0.06%
  15073  6448   254346.5483   210   254309.0000   254463.4477   149816    0.06%
  15112  6452   254419.5388   226   254309.0000   254463.3766   150232    0.06%
  15170  6479   254353.8409   198   254309.0000   254463.3766   150541    0.06%
  15224  6500   254448.7760   220   254309.0000   254463.3640   150956    0.06%
Elapsed time = 2798.91 sec. (1530368.30 ticks, tree = 101.15 MB, solutions = 3)
  15273  6522   254427.9510   174   254309.0000   254463.3640   151174    0.06%
  15310  6517   254417.6696   219   254309.0000   254462.9603   152179    0.06%
  15371  6543   254397.7804   181   254309.0000   254462.9603   152638    0.06%
  15418  6568   254370.7090   213   254309.0000   254462.9332   153144    0.06%
  15472  6595   254364.4097   250   254309.0000   254462.7251   153727    0.06%
  15518  6619   254332.3315   227   254309.0000   254462.6594   154346    0.06%
  15574  6647   254387.3036   200   254309.0000   254462.6501   154986    0.06%
  15633  6673   254402.1053   220   254309.0000   254462.6471   155403    0.06%
  15678  6685   254450.2968   239   254309.0000   254462.5779   156266    0.06%
  15736  6717   254429.4204   173   254309.0000   254462.5779   156535    0.06%
Elapsed time = 2862.45 sec. (1569047.19 ticks, tree = 106.49 MB, solutions = 3)
  15787  6741   254388.0389   193   254309.0000   254462.5494   157004    0.06%
  15840  6767   254337.7711   174   254309.0000   254462.5494   157407    0.06%
  15887  6782   254434.7637   204   254309.0000   254462.5440   157703    0.06%
  15948  6814   254418.3366   185   254309.0000   254462.5440   157908    0.06%
  15999  6827   254445.4604   239   254309.0000   254462.3724   158800    0.06%
  16057  6856   254419.8565   183   254309.0000   254462.3724   159242    0.06%
  16096  6866   254403.8633   163   254309.0000   254462.3724   159381    0.06%
  16134  6872   254367.7956   145   254309.0000   254462.3724   159520    0.06%
  16166  6876   254311.5945   245   254309.0000   254462.3125   160205    0.06%
  16210  6896   254442.2361   232   254309.0000   254462.2582   160690    0.06%
Elapsed time = 2925.02 sec. (1607913.91 ticks, tree = 108.17 MB, solutions = 3)
  16263  6924   254395.4667   200   254309.0000   254462.2582   160880    0.06%
  16312  6940   254322.5025   224   254309.0000   254462.0964   161630    0.06%
  16366  6965   254331.3897   183   254309.0000   254462.0897   162254    0.06%
  16417  6972   254357.9234   191   254309.0000   254461.6736   163128    0.06%
  16474  6997   254372.3851   221   254309.0000   254461.5821   163845    0.06%
  16535  7017   254368.4688   234   254309.0000   254461.4960   164465    0.06%
  16584  7033   254323.1800   215   254309.0000   254461.4174   165110    0.06%
  16633  7052   254427.5524   207   254309.0000   254461.2924   165783    0.06%
  16688  7075   254364.9815   139   254309.0000   254461.2924   166291    0.06%
  16731  7083   254333.9735   119   254309.0000   254461.2924   166466    0.06%
Elapsed time = 2988.13 sec. (1646919.90 ticks, tree = 109.87 MB, solutions = 3)
  16771  7092   254323.8314   250   254309.0000   254461.1738   167112    0.06%
  16820  7114   254444.4356   210   254309.0000   254461.1522   167513    0.06%
  16869  7131   254327.3842   252   254309.0000   254460.9752   168174    0.06%
  16910  7142   254356.1542   229   254309.0000   254460.8920   169036    0.06%
  16968  7168   254388.2616   239   254309.0000   254460.7927   169698    0.06%
  17035  7207   254346.7519   174   254309.0000   254460.7927   170107    0.06%
  17075  7208   254325.6350   218   254309.0000   254460.7464   170387    0.06%
  17119  7229   254320.1370   195   254309.0000   254460.6344   171110    0.06%
  17174  7253   254432.9906   214   254309.0000   254460.6169   171591    0.06%
  17210  7276   254390.9543   187   254309.0000   254460.6169   171758    0.06%
Elapsed time = 3048.08 sec. (1686473.68 ticks, tree = 111.70 MB, solutions = 3)
  17265  7303   254398.8011   195   254309.0000   254460.5925   172196    0.06%
  17319  7332   254339.1247   244   254309.0000   254460.5118   172757    0.06%
  17359  7339   254414.9315   218   254309.0000   254460.2102   174111    0.06%
  17408  7360   254329.5453   219   254309.0000   254460.0435   174670    0.06%
  17462  7376   254375.4263   238   254309.0000   254459.9905   175439    0.06%
  17510  7390   254385.4842   226   254309.0000   254459.9634   176034    0.06%
  17572  7416        cutoff         254309.0000   254459.9634   176463    0.06%
  17619  7425        cutoff         254309.0000   254459.9082   177315    0.06%
  17664  7432   254328.7299   191   254309.0000   254459.8323   178287    0.06%
  17711  7446   254350.5070   214   254309.0000   254459.7130   178812    0.06%
Elapsed time = 3109.90 sec. (1725648.34 ticks, tree = 113.19 MB, solutions = 3)
  17761  7466   254389.5575   229   254309.0000   254459.6583   179268    0.06%
  17810  7482   254452.1970   237   254309.0000   254459.5488   179587    0.06%
  17869  7514   254430.7650   181   254309.0000   254459.5488   179803    0.06%
  17912  7522   254329.6850   204   254309.0000   254459.5176   180417    0.06%
  17951  7516        cutoff         254309.0000   254459.4361   181098    0.06%
  18001  7534   254406.4386   235   254309.0000   254459.1818   182184    0.06%
  18056  7556   254322.1246   184   254309.0000   254459.1818   182559    0.06%
  18115  7582   254348.3450   180   254309.0000   254459.1818   183213    0.06%
  18161  7597   254446.8726   207   254309.0000   254459.1268   183723    0.06%
  18210  7625   254437.0277   183   254309.0000   254459.1268   183972    0.06%
Elapsed time = 3175.28 sec. (1767088.68 ticks, tree = 114.79 MB, solutions = 3)
  18264  7648   254332.0376   178   254309.0000   254459.0955   184459    0.06%
  18313  7673   254426.9409   192   254309.0000   254459.0725   185289    0.06%
  18365  7696   254322.7264   218   254309.0000   254458.9817   185841    0.06%
  18420  7721   254357.6466   191   254309.0000   254458.9727   186407    0.06%
  18467  7732   254333.8646   169   254309.0000   254458.9727   186571    0.06%
  18509  7735   254365.6604   172   254309.0000   254458.9441   187188    0.06%
  18563  7751   254324.9906   218   254309.0000   254458.9347   187733    0.06%
  18605  7765   254360.7060   195   254309.0000   254458.9322   188212    0.06%
  18645  7773   254374.7537   205   254309.0000   254458.8855   188860    0.06%
  18679  7781   254313.8972   190   254309.0000   254458.7383   189485    0.06%
Elapsed time = 3243.50 sec. (1805563.54 ticks, tree = 117.42 MB, solutions = 3)
  18710  7795   254375.0143   221   254309.0000   254458.7333   189749    0.06%
  18762  7817        cutoff         254309.0000   254458.7186   190240    0.06%
  18783  7807   254419.4703   240   254309.0000   254458.5909   191060    0.06%
  18810  7827   254409.4031   223   254309.0000   254458.5909   191348    0.06%
  18859  7843   254370.3678   173   254309.0000   254458.5909   191649    0.06%
  18895  7838   254338.5202   252   254309.0000   254458.5821   192053    0.06%
  18910  7849   254329.6702   219   254309.0000   254458.5821   192161    0.06%
  18945  7857   254329.0692   194   254309.0000   254458.5315   192704    0.06%
  18971  7852   254442.8323   258   254309.0000   254458.4409   193341    0.06%
  19007  7861   254409.1027   199   254309.0000   254458.3535   193692    0.06%
Elapsed time = 3348.48 sec. (1864739.48 ticks, tree = 118.01 MB, solutions = 3)
  19063  7894   254384.2400   177   254309.0000   254458.3535   193860    0.06%
  19104  7897   254364.1320   149   254309.0000   254458.3535   193966    0.06%
  19138  7892   254324.7058   131   254309.0000   254458.3535   194060    0.06%
  19171  7888   254410.9372   219   254309.0000   254458.2634   194791    0.06%
  19227  7914   254360.8324   265   254309.0000   254458.2488   195319    0.06%
  19274  7932   254357.7101   226   254309.0000   254458.2483   195870    0.06%
  19320  7953   254320.2902   198   254309.0000   254458.1934   196264    0.06%
  19355  7963   254318.6506   204   254309.0000   254458.0611   196897    0.06%
  19380  7964   254325.9120   220   254309.0000   254458.0444   197234    0.06%
  19405  7966   254336.0836   244   254309.0000   254457.9379   198148    0.06%
Elapsed time = 3411.27 sec. (1903754.17 ticks, tree = 118.83 MB, solutions = 3)
  19437  7972   254413.4112   222   254309.0000   254457.9341   198749    0.06%
  19479  7985   254343.0476   208   254309.0000   254457.8851   199202    0.06%
  19529  8013   254341.1496   193   254309.0000   254457.8805   199752    0.06%
  19566  8027   254449.1958   233   254309.0000   254457.8424   200280    0.06%
  19608  8051   254337.1809   208   254309.0000   254457.8424   200747    0.06%
  19645  8068   254327.9940   213   254309.0000   254457.8348   201308    0.06%
  19691  8092   254404.7330   181   254309.0000   254457.7199   201650    0.06%
  19732  8110   254421.5491   194   254309.0000   254457.6036   202010    0.06%
  19767  8125   254438.6986   228   254309.0000   254457.5604   202421    0.06%
  19818  8153   254428.4468   193   254309.0000   254457.5604   202667    0.06%
Elapsed time = 3475.08 sec. (1943013.20 ticks, tree = 120.71 MB, solutions = 3)
  19852  8156   254310.3562   190   254309.0000   254457.5431   203059    0.06%
  19892  8165   254367.6632   199   254309.0000   254457.4324   203999    0.06%
  19932  8172   254351.1645   189   254309.0000   254457.4324   204153    0.06%
  19971  8172   254409.7706   229   254309.0000   254457.4005   204582    0.06%
  20022  8181   254444.9830   225   254309.0000   254457.3620   205361    0.06%
  20075  8209   254333.1726   177   254309.0000   254457.3620   205734    0.06%
  20117  8217   254317.5260   218   254309.0000   254457.2247   206437    0.06%
  20163  8238   254437.8424   218   254309.0000   254457.1826   207072    0.06%
* 20210+ 8102                       254310.0000   254457.1826   207278    0.06%
  20210  8104   254421.9005   183   254310.0000   254457.1826   207278    0.06%
  20257  8127   254343.2236   187   254310.0000   254457.1826   207874    0.06%
Elapsed time = 3548.24 sec. (1987509.26 ticks, tree = 118.89 MB, solutions = 4)
  20302  8129   254436.4869   248   254310.0000   254457.0628   208977    0.06%
  20332  8130   254326.0333   221   254310.0000   254457.0628   209222    0.06%
  20388  8150   254443.8260   199   254310.0000   254457.0018   209876    0.06%
  20440  8169   254353.3074   250   254310.0000   254456.9570   210326    0.06%
  20489  8193   254435.1169   194   254310.0000   254456.9308   210866    0.06%
  20542  8216   254407.1673   239   254310.0000   254456.9082   211381    0.06%
  20572  8214   254349.2711   186   254310.0000   254456.9082   211724    0.06%

Implied bound cuts applied:  130
Flow cuts applied:  48
Mixed integer rounding cuts applied:  122
Gomory fractional cuts applied:  178

Root node processing (before b&c):
  Real time             =   69.65 sec. (44617.58 ticks)
Sequential b&c:
  Real time             = 3530.36 sec. (1970622.60 ticks)
                          ------------
Total (root+branch&cut) = 3600.01 sec. (2015240.18 ticks)
