1 of 1 MIP starts provided solutions.
MIP start 'm1' defined initial solution with objective 254169.0000.
Tried aggregator 1 time.
MIP Presolve eliminated 0 rows and 1 columns.
Reduced MIP has 112750 rows, 75150 columns, and 11512500 nonzeros.
Reduced MIP has 37500 binaries, 0 generals, 0 SOSs, and 0 indicators.
Presolve time = 6.01 sec. (2824.32 ticks)
Probing time = 0.25 sec. (120.54 ticks)
Tried aggregator 1 time.
Reduced MIP has 112750 rows, 75150 columns, and 11512500 nonzeros.
Reduced MIP has 37500 binaries, 0 generals, 0 SOSs, and 0 indicators.
Presolve time = 7.77 sec. (3327.72 ticks)
Probing time = 0.23 sec. (120.53 ticks)
Clique table members: 250.
MIP emphasis: balance optimality and feasibility.
MIP search method: dynamic search.
Parallel mode: none, using 1 thread.
Root relaxation solution time = 24.82 sec. (17449.85 ticks)

        Nodes                                         Cuts/
   Node  Left     Objective  IInf  Best Integer    Best Bound    ItCnt     Gap

*     0+    0                       254169.0000   2.87772e+07    29306     --- 
      0     0   254577.7908   208   254169.0000   254577.7908    29306    0.16%
      0     0   254493.6640   261   254169.0000     Cuts: 134    30707    0.13%
      0     0   254452.5372   269   254169.0000      Cuts: 92    31793    0.11%
      0     0   254431.1584   290   254169.0000      Cuts: 60    32603    0.10%
      0     0   254425.9713   315   254169.0000      Cuts: 41    33079    0.10%
      0     0   254421.7410   344   254169.0000      Cuts: 44    33633    0.10%
Heuristic still looking.
      0     2   254421.7410   344   254169.0000   254421.5857    33633    0.10%
Elapsed time = 230.65 sec. (123389.91 ticks, tree = 0.00 MB, solutions = 1)
      2     4   254413.7937   300   254169.0000   254421.0256    34170    0.10%
      3     5   254412.6069   298   254169.0000   254421.0256    34221    0.10%
      4     6   254405.5414   303   254169.0000   254421.0256    34477    0.10%
      5     7   254356.0000   273   254169.0000   254421.0256    35668    0.10%
      6     8   254353.0401   240   254169.0000   254421.0256    35889    0.10%
      7     9   254347.3571   246   254169.0000   254421.0256    36062    0.10%
      8    10   254282.1582   247   254169.0000   254421.0256    36627    0.10%
     10    12   254342.0987   246   254169.0000   254421.0256    36866    0.10%
     12    14   254334.2192   240   254169.0000   254421.0256    36943    0.10%
     18    20   254320.5549   232   254169.0000   254421.0256    37142    0.10%
Elapsed time = 243.81 sec. (129283.67 ticks, tree = 0.66 MB, solutions = 1)
     24    26   254309.6743   215   254169.0000   254421.0256    37586    0.10%
     30    32   254304.4720   187   254169.0000   254421.0256    37821    0.10%
     38    40   254300.4077   182   254169.0000   254421.0256    38000    0.10%
     40    42   254299.4160   181   254169.0000   254421.0256    38247    0.10%
     46    48   254293.8970   172   254169.0000   254421.0256    38615    0.10%
     52    52   254284.4988   164   254169.0000   254421.0256    38888    0.10%
     60    60   254278.1702   153   254169.0000   254421.0256    38985    0.10%
     66    62        cutoff         254169.0000   254421.0256    39234    0.10%
     70    66   254267.9818   152   254169.0000   254421.0256    39421    0.10%
     75    69   254255.2042   146   254169.0000   254421.0256    39656    0.10%
Elapsed time = 267.08 sec. (140295.10 ticks, tree = 18.10 MB, solutions = 1)
     83    76   254244.5508   139   254169.0000   254421.0256    39951    0.10%
     90    80   254197.5803   150   254169.0000   254421.0256    40300    0.10%
     95    81   254178.0762   146   254169.0000   254421.0256    40573    0.10%
     99    81   254410.8635   342   254169.0000   254415.9557    41634    0.10%
    100    82   254407.4214   337   254169.0000   254415.9557    41927    0.10%
    102    84   254383.3249   322   254169.0000   254415.9557    42702    0.10%
    105    87   254301.7925   297   254169.0000   254415.9557    43672    0.10%
    111    93   254283.7492   277   254169.0000   254415.9557    44355    0.10%
    116    98   254206.7313   273   254169.0000   254415.9557    45197    0.10%
    122   104   254185.2915   256   254169.0000   254415.9557    45544    0.10%
Elapsed time = 297.76 sec. (155039.83 ticks, tree = 19.46 MB, solutions = 1)
    128   104   254399.6557   289   254169.0000   254413.6470    46271    0.10%
    131   107   254392.7041   266   254169.0000   254413.6470    46626    0.10%
    137   113   254375.8148   255   254169.0000   254413.6470    47272    0.10%
    142   118   254362.4927   272   254169.0000   254413.6470    47709    0.10%
    146   122   254355.9371   277   254169.0000   254413.6470    47903    0.10%
    153   129   254342.4997   258   254169.0000   254413.6470    48169    0.10%
    156   132   254326.0570   234   254169.0000   254413.6470    48473    0.10%
    160   136   254316.4325   222   254169.0000   254413.6470    48601    0.10%
    170   146   254283.0776   216   254169.0000   254413.6470    48976    0.10%
    175   151   254262.3132   223   254169.0000   254413.6470    49390    0.10%
Elapsed time = 316.19 sec. (167224.71 ticks, tree = 21.22 MB, solutions = 1)
    178   154   254233.1654   218   254169.0000   254413.6470    49989    0.10%
    183   159   254196.1290   231   254169.0000   254413.6470    50552    0.10%
    186   159   254170.2232   236   254169.0000   254413.6470    51134    0.10%
    188   159   254408.2499   293   254169.0000   254410.7256    51417    0.10%
    192   163   254388.9821   265   254169.0000   254410.7256    52446    0.10%
    197   168   254372.9800   273   254169.0000   254410.7256    52841    0.10%
    200   171   254363.5591   281   254169.0000   254410.7256    53009    0.10%
    204   175   254347.5679   276   254169.0000   254410.7256    53812    0.10%
    209   180   254334.0164   254   254169.0000   254410.7256    54138    0.10%
    215   186   254329.6981   240   254169.0000   254410.7256    54487    0.10%
Elapsed time = 336.55 sec. (179726.10 ticks, tree = 22.55 MB, solutions = 1)
    219   190   254323.8122   231   254169.0000   254410.7256    54693    0.10%
    226   197   254316.1610   230   254169.0000   254410.7256    54777    0.10%
    233   204   254308.1246   224   254169.0000   254410.7256    55018    0.10%
    238   209   254304.8547   216   254169.0000   254410.7256    55467    0.10%
    244   215   254293.1497   200   254169.0000   254410.7256    55894    0.10%
    249   220   254266.1167   210   254169.0000   254410.7256    56159    0.10%
    255   225   254225.7799   222   254169.0000   254410.7256    56498    0.10%
    260   230   254209.3649   226   254169.0000   254410.7256    56822    0.10%
    270   238   254183.6769   232   254169.0000   254410.7256    57369    0.10%
    276   239   254395.7828   327   254169.0000   254408.0331    58357    0.09%
Elapsed time = 352.55 sec. (191793.56 ticks, tree = 24.60 MB, solutions = 1)
    278   241   254369.6019   327   254169.0000   254408.0331    59283    0.09%
    280   243   254364.5396   316   254169.0000   254408.0331    59573    0.09%
    288   251   254347.4210   306   254169.0000   254408.0331    60463    0.09%
    294   257   254315.5839   288   254169.0000   254408.0331    60971    0.09%
    300   263   254303.5455   284   254169.0000   254408.0331    61182    0.09%
    303   266   254291.7266   273   254169.0000   254408.0331    61527    0.09%
    305   268   254285.5546   259   254169.0000   254408.0331    61732    0.09%
    310   273   254243.7641   275   254169.0000   254408.0331    62258    0.09%
    320   283   254212.5973   280   254169.0000   254408.0331    62611    0.09%
    329   291   254195.9003   264   254169.0000   254408.0331    62846    0.09%
Elapsed time = 373.02 sec. (204353.41 ticks, tree = 26.56 MB, solutions = 1)
    337   299   254178.2511   255   254169.0000   254408.0331    62982    0.09%
    340   298   254384.5179   284   254169.0000   254407.3408    63657    0.09%
    342   300   254324.9694   290   254169.0000   254407.3408    65095    0.09%
    348   306   254242.4478   267   254169.0000   254407.3408    66062    0.09%
    355   313   254217.6286   256   254169.0000   254407.3408    66821    0.09%
    360   318   254224.9064   231   254169.0000   254407.3408    66944    0.09%
    369   325   254177.7554   206   254169.0000   254407.3408    67462    0.09%
    375   327        cutoff         254169.0000   254407.3408    67630    0.09%
    379   328   254359.8153   271   254169.0000   254405.4921    68565    0.09%
    381   330   254356.5451   271   254169.0000   254405.4921    68653    0.09%
Elapsed time = 394.69 sec. (215610.24 ticks, tree = 28.17 MB, solutions = 1)
    388   337   254332.5331   264   254169.0000   254405.4921    69386    0.09%
    396   345   254308.7830   256   254169.0000   254405.4921    69649    0.09%
    402   351   254288.4821   224   254169.0000   254405.4921    70053    0.09%
    408   357   254274.3397   217   254169.0000   254405.4921    70344    0.09%
    415   364   254266.8890   208   254169.0000   254405.4921    70585    0.09%
    421   370   254259.7802   209   254169.0000   254405.4921    70725    0.09%
    427   376   254256.0226   191   254169.0000   254405.4921    70800    0.09%
    430   379   254254.7726   187   254169.0000   254405.4921    70807    0.09%
    440   389   254242.7552   198   254169.0000   254405.4921    71188    0.09%
    448   397   254208.4091   171   254169.0000   254405.4921    71991    0.09%
Elapsed time = 413.13 sec. (228810.65 ticks, tree = 31.34 MB, solutions = 1)
    457   406   254188.4504   170   254169.0000   254405.4921    72361    0.09%
    463   407   254400.3533   285   254169.0000   254405.1508    73116    0.09%
    469   413   254384.6223   266   254169.0000   254405.1508    73461    0.09%
    476   420   254364.5360   246   254169.0000   254405.1508    74056    0.09%
    482   426   254338.4346   220   254169.0000   254405.1508    74672    0.09%
    488   432   254331.0642   196   254169.0000   254405.1508    74965    0.09%
    494   438   254324.2107   200   254169.0000   254405.1508    75155    0.09%
*   499+  294                       254170.0000   254405.1508   100261    0.09%
    499   295   254415.1590   313   254170.0000   254405.1508   100686    0.09%
    500   295   254414.4563   317   254170.0000   254405.1508   101110    0.09%
    501   296   254395.2001   307   254170.0000   254405.1508   101690    0.09%
Elapsed time = 777.51 sec. (392345.59 ticks, tree = 22.15 MB, solutions = 2)
    502   297   254388.2716   305   254170.0000   254405.1508   101941    0.09%
    503   297   254384.9343   295   254170.0000   254405.1508   102190    0.09%
    504   298   254379.0568   289   254170.0000   254405.1508   102833    0.09%
    505   298   254322.0098   270   254170.0000   254405.1508   104381    0.09%
    507   298   254317.0524   259   254170.0000   254405.1508   105591    0.09%
    509   300   254316.5760   258   254170.0000   254405.1508   105715    0.09%
    511   300   254315.5695   250   254170.0000   254405.1508   105817    0.09%
    513   299   254315.4202   246   254170.0000   254405.1508   105833    0.09%
    514   300   254315.4202   245   254170.0000   254405.1508   105834    0.09%
    516   301   254312.1464   235   254170.0000   254405.1508   105941    0.09%
Elapsed time = 905.81 sec. (448600.08 ticks, tree = 23.98 MB, solutions = 2)
    519   302   254301.3374   237   254170.0000   254405.1508   106135    0.09%
    522   304   254296.2016   231   254170.0000   254405.1508   106164    0.09%
    525   305   254295.5903   229   254170.0000   254405.1508   106237    0.09%
    527   305   254242.9673   228   254170.0000   254405.1508   107074    0.09%
    531   306   254239.9987   226   254170.0000   254405.1508   107086    0.09%
    541   306   254212.3298   212   254170.0000   254405.1508   107273    0.09%
    547   307   254184.2815   210   254170.0000   254405.1508   107571    0.09%
    559   281   254168.1921   184   254170.0000   254405.1508   107956    0.09%
    561   273   254360.0320   277   254170.0000   254405.1508   109024    0.09%
    570   279   254355.6400   262   254170.0000   254405.1508   109138    0.09%
Elapsed time = 996.07 sec. (494899.71 ticks, tree = 23.83 MB, solutions = 2)
    575   279   254344.5971   253   254170.0000   254405.1508   109804    0.09%
    585   284   254332.2874   233   254170.0000   254405.1508   110398    0.09%
    589   286   254262.9841   204   254170.0000   254405.1508   111166    0.09%
    598   289   254255.8155   204   254170.0000   254405.1508   111349    0.09%
    603   291   254245.1492   194   254170.0000   254405.1508   111550    0.09%
    617   294   254236.9875   172   254170.0000   254405.1508   112018    0.09%
    630   300   254215.9131   159   254170.0000   254405.1508   112593    0.09%
    639   294   254213.2343   158   254170.0000   254405.1508   112617    0.09%
    652   297   254192.0885   145   254170.0000   254405.1508   112836    0.09%
    669   292   254407.4429   317   254170.0000   254405.1508   113196    0.09%
Elapsed time = 1094.02 sec. (540080.41 ticks, tree = 21.46 MB, solutions = 2)
    677   296   254399.0927   293   254170.0000   254405.1508   114006    0.09%
    688   302   254382.6808   263   254170.0000   254405.1508   115213    0.09%
    695   307   254372.2836   245   254170.0000   254405.1508   115731    0.09%
    706   314   254358.0143   252   254170.0000   254405.1508   116829    0.09%
    727   320   254317.8476   228   254170.0000   254405.1508   117572    0.09%
    736   319   254305.6723   229   254170.0000   254405.1508   117928    0.09%
    756   323   254283.6220   230   254170.0000   254405.1508   118345    0.09%
    782   334   254255.3359   170   254170.0000   254405.1508   119036    0.09%
    801   339   254216.5448   139   254170.0000   254405.1508   119274    0.09%
    826   347   254188.1913   129   254170.0000   254405.1508   119748    0.09%
Elapsed time = 1181.13 sec. (580937.55 ticks, tree = 18.99 MB, solutions = 2)
    837   345   254298.8704   313   254170.0000   254402.7446   121144    0.09%
    848   348   254276.4984   288   254170.0000   254402.7446   122149    0.09%
    869   360   254230.4278   258   254170.0000   254402.7446   124553    0.09%
    907   370        cutoff         254170.0000   254402.7446   125805    0.09%
    911   369   254331.3987   270   254170.0000   254402.2163   126572    0.09%
    924   377   254304.4857   246   254170.0000   254402.2163   128057    0.09%
    937   386   254242.4621   281   254170.0000   254402.2163   129383    0.09%
    939   386   254172.0830   259   254170.0000   254402.2163   130403    0.09%
    946   381   254372.5873   304   254170.0000   254396.5634   131467    0.09%
    969   392   254338.7100   252   254170.0000   254396.5634   133121    0.09%
Elapsed time = 1280.00 sec. (623504.62 ticks, tree = 16.76 MB, solutions = 2)
    991   400   254264.4846   243   254170.0000   254396.5634   133985    0.09%
   1015   410   254246.8096   230   254170.0000   254396.5634   135236    0.09%
   1037   417   254192.8902   214   254170.0000   254396.5634   136315    0.09%
   1062   423   254354.4847   270   254170.0000   254395.0186   137773    0.09%
   1085   445   254322.4741   214   254170.0000   254395.0186   139167    0.09%
   1099   458   254276.1340   222   254170.0000   254395.0186   139870    0.09%
   1117   470   254235.0696   217   254170.0000   254395.0186   141227    0.09%
   1132   482   254175.7503   208   254170.0000   254395.0186   142388    0.09%
   1158   504   254306.3193   228   254170.0000   254393.9946   144738    0.09%
   1185   529   254288.9782   208   254170.0000   254393.9946   145835    0.09%
Elapsed time = 1364.95 sec. (665287.48 ticks, tree = 18.32 MB, solutions = 2)
   1207   545   254258.9424   168   254170.0000   254393.9946   146480    0.09%
   1231   565   254228.5669   126   254170.0000   254393.9946   146876    0.09%
   1243   568   254216.6753   119   254170.0000   254393.9946   146972    0.09%
   1257   575   254179.0127   132   254170.0000   254393.9946   147165    0.09%
   1277   591   254335.3886   241   254170.0000   254391.4358   148836    0.09%
   1304   616   254259.1398   243   254170.0000   254391.4358   149834    0.09%
   1331   639   254214.2451   211   254170.0000   254391.4358   150583    0.09%
   1350   648   254197.7719   188   254170.0000   254391.4358   150896    0.09%
   1378   671   254174.0303   177   254170.0000   254391.4358   151135    0.09%
   1403   686   254350.5720   223   254170.0000   254389.0930   153095    0.09%
Elapsed time = 1445.48 sec. (705950.51 ticks, tree = 22.29 MB, solutions = 2)
   1444   725   254280.2153   197   254170.0000   254389.0930   154029    0.09%
   1476   756   254242.0821   148   254170.0000   254389.0930   154715    0.09%
   1504   775   254199.0220   122   254170.0000   254389.0930   155136    0.09%
   1523   780   254171.6567   108   254170.0000   254389.0930   155379    0.09%
   1525   779   254348.3359   284   254170.0000   254387.1973   156415    0.09%
   1527   779   254322.7097   265   254170.0000   254387.1973   157104    0.09%
   1534   783   254299.5531   256   254170.0000   254387.1973   157547    0.09%
   1556   800   254232.0243   191   254170.0000   254387.1973   158759    0.09%
   1583   816        cutoff         254170.0000   254386.5019   159420    0.09%
   1587   819   254201.8353   271   254170.0000   254386.1686   161108    0.09%
Elapsed time = 1533.38 sec. (746583.70 ticks, tree = 25.68 MB, solutions = 2)
   1607   829   254378.8671   264   254170.0000   254383.1050   163038    0.08%
   1640   858   254301.1019   256   254170.0000   254383.1050   165169    0.08%
   1657   869   254284.6677   244   254170.0000   254383.1050   165640    0.08%
   1673   878   254221.6108   260   254170.0000   254383.1050   166777    0.08%
   1699   900   254353.4522   196   254170.0000   254381.7107   168755    0.08%
   1729   928   254287.7258   210   254170.0000   254381.7107   170129    0.08%
   1764   960   254250.9843   188   254170.0000   254381.7107   170905    0.08%
   1777   962   254250.9253   188   254170.0000   254381.7107   170926    0.08%
   1809   989   254222.7870   167   254170.0000   254381.7107   171380    0.08%
   1824  1000   254203.3606   149   254170.0000   254381.7107   171932    0.08%
Elapsed time = 1626.39 sec. (790291.68 ticks, tree = 30.26 MB, solutions = 2)
   1853  1025   254284.5732   241   254170.0000   254381.3479   174723    0.08%
   1880  1040        cutoff         254170.0000   254379.6378   176223    0.08%
   1891  1051   254238.5036   216   254170.0000   254379.4763   178912    0.08%
   1926  1080   254181.0000   165   254170.0000   254379.4763   179865    0.08%
   1968  1119   254297.1075   241   254170.0000   254378.9700   182147    0.08%
   1984  1129   254213.2742   265   254170.0000   254378.9700   183472    0.08%
   2005  1136   254302.2292   210   254170.0000   254377.7127   185058    0.08%
   2049  1176   254215.7452   186   254170.0000   254377.7127   186702    0.08%
   2091  1209   254302.0763   224   254170.0000   254377.4770   188528    0.08%
   2118  1235   254247.5010   216   254170.0000   254377.4770   189646    0.08%
Elapsed time = 1703.77 sec. (829334.12 ticks, tree = 36.20 MB, solutions = 2)
   2156  1268   254198.9544   200   254170.0000   254377.4770   190609    0.08%
   2193  1293   254375.8986   226   254170.0000   254377.4577   191254    0.08%
   2234  1334   254309.7785   222   254170.0000   254377.4577   193768    0.08%
   2286  1384   254266.7063   194   254170.0000   254377.4577   195250    0.08%
   2328  1419   254234.3057   183   254170.0000   254377.4577   195688    0.08%
   2346  1431   254184.9992   185   254170.0000   254377.4577   196105    0.08%
   2358  1431   254180.1658   175   254170.0000   254377.4577   196251    0.08%
   2376  1438   254372.7187   258   254170.0000   254375.5312   197735    0.08%
   2406  1465   254266.5087   214   254170.0000   254375.5312   200096    0.08%
   2447  1498        cutoff         254170.0000   254375.5312   200898    0.08%
Elapsed time = 1778.02 sec. (869380.47 ticks, tree = 42.85 MB, solutions = 2)
   2476  1507    infeasible         254170.0000   254373.8123   201991    0.08%
   2489  1517   254241.9537   217   254170.0000   254373.3163   203228    0.08%
   2526  1549   254203.1463   219   254170.0000   254373.3163   203883    0.08%
   2549  1567   254187.4306   200   254170.0000   254373.3163   204551    0.08%
   2583  1591   254234.1799   225   254170.0000   254372.3153   206084    0.08%
   2612  1605   254175.8348   235   254170.0000   254372.3153   206671    0.08%
   2625  1608   254363.6900   228   254170.0000   254371.6686   207259    0.08%
   2662  1645   254305.3474   222   254170.0000   254371.6686   209335    0.08%
   2680  1661   254280.4840   191   254170.0000   254371.6686   209999    0.08%
   2737  1712   254268.5552   167   254170.0000   254371.6686   210381    0.08%
Elapsed time = 1852.28 sec. (910629.83 ticks, tree = 48.28 MB, solutions = 2)
   2780  1753   254174.4284    92   254170.0000   254371.6686   211135    0.08%
   2801  1769   254303.3326   222   254170.0000   254371.2510   212752    0.08%
   2845  1813   254275.8829   212   254170.0000   254371.2510   213686    0.08%
   2875  1838   254237.1238   200   254170.0000   254371.2510   214861    0.08%
*  2899+ 1772                       254179.0000   254371.2510   215210    0.08%
   2901  1772   254324.6971   289   254179.0000   254371.0096   216634    0.08%
   2908  1774   254323.6662   274   254179.0000   254371.0096   217223    0.08%
   2921  1781   254307.8490   270   254179.0000   254371.0096   219057    0.08%
   2939  1794   254235.5705   251   254179.0000   254371.0096   220037    0.08%
   2960  1801   254332.9579   294   254179.0000   254370.7838   222034    0.08%
   2968  1808   254330.2040   283   254179.0000   254370.7838   222540    0.08%
Elapsed time = 1943.95 sec. (956957.61 ticks, tree = 50.70 MB, solutions = 3)
   2983  1822   254302.9983   239   254179.0000   254370.7838   224159    0.08%
*  2999+ 1822                       254181.0000   254370.7838   224541    0.07%
   3012  1835   254230.7648   256   254181.0000   254370.7838   225526    0.07%
   3031  1849   254182.6143   237   254181.0000   254370.7838   226885    0.07%
   3074  1888   254298.5601   214   254181.0000   254370.7589   228837    0.07%
   3124  1934   254260.6294   188   254181.0000   254370.7589   229870    0.07%
   3158  1964   254217.3923   132   254181.0000   254370.7589   230734    0.07%
   3188  1988   254183.3581    93   254181.0000   254370.7589   231310    0.07%
   3219  2009   254284.1164   221   254181.0000   254370.5267   232848    0.07%
   3248  2035   254235.5671   162   254181.0000   254370.5267   233954    0.07%
   3285  2063   254208.4687   128   254181.0000   254370.5267   234596    0.07%
Elapsed time = 2032.70 sec. (1004164.30 ticks, tree = 57.18 MB, solutions = 4)
   3309  2072   254274.5886   293   254181.0000   254369.5804   235952    0.07%
   3320  2082   254270.7659   278   254181.0000   254369.5804   236649    0.07%
   3342  2103   254205.5028   264   254181.0000   254369.5804   237918    0.07%
   3359  2105   254306.1534   220   254181.0000   254369.2814   239497    0.07%
   3436  2181   254279.7252   189   254181.0000   254369.2814   240807    0.07%
   3482  2227   254220.0765   153   254181.0000   254369.2814   241342    0.07%
*  3499+ 2186                       254186.0000   254369.2814   241691    0.07%
   3510  2197   254190.8420   122   254186.0000   254369.2814   241802    0.07%
   3537  2217   254294.3652   238   254186.0000   254369.0670   242861    0.07%
   3592  2270   254280.6931   219   254186.0000   254369.0670   243344    0.07%
   3622  2291   254225.7501   210   254186.0000   254368.9624   244376    0.07%
Elapsed time = 2124.31 sec. (1049570.83 ticks, tree = 62.98 MB, solutions = 5)
   3649  2306   254314.1885   223   254186.0000   254368.7686   245767    0.07%
   3687  2344   254293.1403   207   254186.0000   254368.7686   246970    0.07%
   3707  2360   254289.8316   200   254186.0000   254368.7686   247082    0.07%
   3743  2388   254281.9923   201   254186.0000   254368.7686   247235    0.07%
   3781  2423   254221.2548   146   254186.0000   254368.7686   248050    0.07%
   3811  2446   254363.3147   209   254186.0000   254368.5197   248595    0.07%
   3830  2458   254212.7027   197   254186.0000   254368.5197   249859    0.07%
   3863  2473   254364.0834   287   254186.0000   254368.0784   250702    0.07%
   3887  2497   254334.3575   251   254186.0000   254368.0784   251767    0.07%
   3904  2514   254298.7062   257   254186.0000   254368.0784   252860    0.07%
Elapsed time = 2209.00 sec. (1091306.50 ticks, tree = 68.59 MB, solutions = 5)
   3925  2528   254240.5500   272   254186.0000   254368.0784   253396    0.07%
   3938  2534   254216.5178   245   254186.0000   254368.0784   253994    0.07%
   3964  2555   254330.8322   236   254186.0000   254367.4088   255649    0.07%
   3998  2589   254307.6994   217   254186.0000   254367.4088   256846    0.07%
   4035  2624   254273.0587   177   254186.0000   254367.4088   257797    0.07%
   4050  2633   254234.6721   172   254186.0000   254367.4088   258120    0.07%
   4083  2661   254209.6748   113   254186.0000   254367.4088   258515    0.07%
   4102  2673   254213.6808   224   254186.0000   254367.3930   259519    0.07%
   4125  2690   254199.2829   212   254186.0000   254367.3930   259753    0.07%
   4136  2692   254127.3574   222   254186.0000   254367.3930   260125    0.07%
Elapsed time = 2325.84 sec. (1148276.78 ticks, tree = 73.11 MB, solutions = 5)
   4139  2691   254319.7598   304   254186.0000   254367.1743   261483    0.07%
   4151  2700   254233.1379   260   254186.0000   254367.1743   262848    0.07%
   4180  2710   254188.0950   259   254186.0000   254367.1743   263926    0.07%
   4219  2745   254309.0553   232   254186.0000   254367.0700   266237    0.07%
   4262  2780   254281.6046   219   254186.0000   254367.0700   267163    0.07%
   4288  2801   254223.5651   215   254186.0000   254367.0700   267916    0.07%
   4317  2824   254239.7257   224   254186.0000   254366.8694   270814    0.07%
   4344  2838   254255.1135   204   254186.0000   254366.5400   272579    0.07%
   4385  2863   254342.4182   223   254186.0000   254366.4996   274624    0.07%
   4423  2900   254282.3455   203   254186.0000   254366.4996   276163    0.07%
Elapsed time = 2419.81 sec. (1189768.19 ticks, tree = 78.36 MB, solutions = 5)
   4450  2924   254254.4186   183   254186.0000   254366.4996   276805    0.07%
   4466  2927   254254.3069   174   254186.0000   254366.4996   276823    0.07%
   4485  2937   254236.0942   155   254186.0000   254366.4996   277127    0.07%
   4499  2949   254221.3725   143   254186.0000   254366.4996   277289    0.07%
   4534  2966   254221.3406   229   254186.0000   254365.5584   279233    0.07%
   4569  2985   254361.4353   198   254186.0000   254365.0830   280061    0.07%
   4599  3013   254285.0401   203   254186.0000   254365.0830   280981    0.07%
   4621  3028   254258.2050   195   254186.0000   254365.0830   281831    0.07%
   4642  3045   254243.6233   176   254186.0000   254365.0830   282101    0.07%
   4675  3074   254198.0590   122   254186.0000   254365.0830   282571    0.07%
Elapsed time = 2494.65 sec. (1230154.28 ticks, tree = 82.74 MB, solutions = 5)
   4709  3095   254305.9375   213   254186.0000   254363.8855   284070    0.07%
   4756  3135   254278.0063   214   254186.0000   254363.8855   284887    0.07%
   4779  3149   254240.3920   199   254186.0000   254363.8855   286331    0.07%
   4806  3167   254300.9117   224   254186.0000   254363.3476   287868    0.07%
   4882  3238   254268.0517   189   254186.0000   254363.3476   289109    0.07%
   4937  3288   254363.2187   212   254186.0000   254363.2225   290043    0.07%
   4969  3313   254296.7242   211   254186.0000   254363.2225   291305    0.07%
   4990  3330   254261.2619   209   254186.0000   254363.2225   292294    0.07%
   5024  3360   254221.4775   187   254186.0000   254363.2225   293001    0.07%
   5071  3401   254357.2853   212   254186.0000   254363.0878   293566    0.07%
Elapsed time = 2572.44 sec. (1269568.93 ticks, tree = 91.00 MB, solutions = 5)
   5129  3457   254309.2549   216   254186.0000   254363.0878   294874    0.07%
   5164  3490   254247.1909   191   254186.0000   254363.0878   295979    0.07%
   5207  3527   254212.4666   242   254186.0000   254362.9876   298773    0.07%
   5246  3546   254278.1780   265   254186.0000   254362.8625   300432    0.07%
   5269  3563   254194.3999   249   254186.0000   254362.8625   302759    0.07%
   5302  3587        cutoff         254186.0000   254362.7731   304004    0.07%
   5344  3618   254199.8628   201   254186.0000   254362.5485   305553    0.07%
   5379  3639   254206.4344   217   254186.0000   254362.2696   307275    0.07%
   5419  3664   254220.6103   216   254186.0000   254361.6064   309828    0.07%
   5448  3686   254314.7299   231   254186.0000   254361.5701   310853    0.07%
Elapsed time = 2648.24 sec. (1312751.41 ticks, tree = 98.21 MB, solutions = 5)
   5468  3699   254199.4967   221   254186.0000   254361.5701   311937    0.07%
   5477  3703   254351.5238   289   254186.0000   254361.5621   312450    0.07%
   5508  3733   254273.5456   242   254186.0000   254361.5621   314229    0.07%
   5516  3735   254250.6430   254   254186.0000   254361.5621   314792    0.07%
   5553  3764   254297.1763   222   254186.0000   254361.5094   316763    0.07%
   5559  3769   254288.5890   235   254186.0000   254361.5094   317001    0.07%
   5599  3803   254218.9389   206   254186.0000   254361.5094   317995    0.07%
   5640  3826   254190.0675   189   254186.0000   254361.5094   319028    0.07%
   5647  3822   254192.6040   243   254186.0000   254360.9931   320290    0.07%
   5699  3865   254307.1614   220   254186.0000   254360.9511   321896    0.07%
Elapsed time = 2732.81 sec. (1355136.49 ticks, tree = 102.73 MB, solutions = 5)
   5720  3885   254271.8447   177   254186.0000   254360.9511   322684    0.07%
   5767  3929   254213.8889    99   254186.0000   254360.9511   323191    0.07%
   5797  3949   254318.7687   254   254186.0000   254360.7634   324562    0.07%
   5819  3968   254221.9311   241   254186.0000   254360.7634   325743    0.07%
   5859  3985   254343.6595   226   254186.0000   254359.8108   328496    0.07%
   5889  4014   254286.7797   222   254186.0000   254359.8108   329595    0.07%
   5931  4050   254250.9946   214   254186.0000   254359.8108   330472    0.07%
   5957  4074   254231.9385   188   254186.0000   254359.8108   330884    0.07%
   5990  4099   254195.0415   140   254186.0000   254359.8108   331291    0.07%
   6004  4100   254285.8738   268   254186.0000   254359.4767   332349    0.07%
Elapsed time = 2805.06 sec. (1398997.09 ticks, tree = 108.77 MB, solutions = 5)
   6037  4130   254223.2194   249   254186.0000   254359.4767   333548    0.07%
   6039  4131   254217.3500   246   254186.0000   254359.4767   333720    0.07%
   6075  4145   254201.0556   235   254186.0000   254358.4204   336052    0.07%
   6098  4158   254292.1554   271   254186.0000   254358.3049   337400    0.07%
   6113  4173   254228.2717   272   254186.0000   254358.3049   338859    0.07%
   6126  4182   254198.3024   232   254186.0000   254358.3049   339471    0.07%
   6158  4201   254212.4205   202   254186.0000   254358.0680   340884    0.07%
   6199  4227   254231.4606   200   254186.0000   254357.9986   342601    0.07%
   6220  4242   254201.9349   192   254186.0000   254357.9986   342981    0.07%
   6242  4251   254210.4754   235   254186.0000   254357.7419   344032    0.07%
Elapsed time = 2887.69 sec. (1444621.47 ticks, tree = 112.61 MB, solutions = 5)
   6282  4283   254308.2805   219   254186.0000   254357.6975   345676    0.07%
   6326  4325   254251.5059   213   254186.0000   254357.6975   346346    0.07%
   6370  4366   254205.7608   139   254186.0000   254357.6975   347138    0.07%
   6396  4382   254302.0381   243   254186.0000   254357.5451   348012    0.07%
   6422  4408   254290.9014   237   254186.0000   254357.5451   348716    0.07%
   6449  4434   254255.3294   188   254186.0000   254357.5451   349231    0.07%
   6477  4458   254205.8482   177   254186.0000   254357.5451   349999    0.07%
   6509  4482        cutoff         254186.0000   254357.5451   350463    0.07%
   6537  4506   254189.7636   244   254186.0000   254357.3872   351342    0.07%
   6541  4506   254193.6117   229   254186.0000   254357.3227   352744    0.07%
Elapsed time = 2960.79 sec. (1486403.76 ticks, tree = 119.06 MB, solutions = 5)
   6546  4506   254186.6645   238   254186.0000   254357.3227   352817    0.07%
   6608  4564   254242.3547   190   254186.0000   254357.2945   354327    0.07%
   6657  4604        cutoff         254186.0000   254357.1452   355062    0.07%
   6686  4627        cutoff         254186.0000   254357.0691   356935    0.07%
   6720  4649   254214.4102   227   254186.0000   254357.0250   357999    0.07%
   6753  4665   254265.7971   220   254186.0000   254356.6963   359913    0.07%
   6772  4678   254237.3978   202   254186.0000   254356.6963   360321    0.07%
   6811  4706   254287.2718   195   254186.0000   254356.6234   362350    0.07%
   6851  4743   254220.8890   163   254186.0000   254356.6234   362979    0.07%
   6887  4770   254304.4192   227   254186.0000   254356.0435   363877    0.07%
Elapsed time = 3032.82 sec. (1525909.87 ticks, tree = 125.71 MB, solutions = 5)
   6936  4818   254239.2139   208   254186.0000   254356.0435   364743    0.07%
   6963  4839   254209.7431   166   254186.0000   254356.0435   365098    0.07%
   6993  4857   254307.0833   263   254186.0000   254355.6731   366742    0.07%
   7008  4867   254282.0348   239   254186.0000   254355.6731   367826    0.07%
   7023  4876   254256.4410   228   254186.0000   254355.6731   368658    0.07%
   7039  4885   254222.9743   242   254186.0000   254355.5314   370769    0.07%
   7078  4913   254318.9676   236   254186.0000   254355.5069   372203    0.07%
   7096  4921   254221.8914   222   254186.0000   254355.5069   373404    0.07%
   7124  4933   254194.1970   211   254186.0000   254355.5069   374078    0.07%
   7149  4952   254261.6448   256   254186.0000   254355.3412   375208    0.07%
Elapsed time = 3106.29 sec. (1566209.40 ticks, tree = 130.31 MB, solutions = 5)
   7174  4968   254278.6524   235   254186.0000   254355.3089   377661    0.07%
   7200  4985        cutoff         254186.0000   254355.3089   379264    0.07%
   7212  4991   254276.6964   242   254186.0000   254355.1692   380583    0.07%
   7217  4993        cutoff         254186.0000   254355.1692   382248    0.07%
   7219  4992   254195.9683   271   254186.0000   254355.0832   383140    0.07%
   7231  4995   254218.3457   246   254186.0000   254354.9775   384784    0.07%
   7265  5010   254187.4296   180   254186.0000   254354.9775   385660    0.07%
   7299  5037   254296.7021   215   254186.0000   254354.8869   387006    0.07%
   7322  5056   254267.1482   212   254186.0000   254354.8869   387907    0.07%
   7356  5084   254243.2756   187   254186.0000   254354.8869   388345    0.07%
Elapsed time = 3180.88 sec. (1610192.74 ticks, tree = 133.65 MB, solutions = 5)
   7393  5118   254193.1523   121   254186.0000   254354.8869   388881    0.07%
   7428  5131   254249.9336   287   254186.0000   254354.4435   391316    0.07%
   7449  5151   254227.8335   245   254186.0000   254354.4435   392583    0.07%
   7496  5195   254186.7308   191   254186.0000   254354.4435   393883    0.07%
   7507  5204   254292.1845   236   254186.0000   254354.0663   395272    0.07%
   7533  5223        cutoff         254186.0000   254353.9586   397418    0.07%
   7567  5242   254192.8845   263   254186.0000   254353.9586   399407    0.07%
   7599  5266   254314.6819   237   254186.0000   254353.8158   400526    0.07%
   7616  5283   254282.3934   223   254186.0000   254353.8158   401411    0.07%
   7673  5335   254219.9774   172   254186.0000   254353.8158   402848    0.07%
Elapsed time = 3311.36 sec. (1674818.10 ticks, tree = 140.01 MB, solutions = 5)
   7699  5356   254191.6597   143   254186.0000   254353.8158   403038    0.07%
   7750  5399   254282.3815   204   254186.0000   254353.3977   404133    0.07%
*  7799+ 5411                       254187.0000   254353.3977   405344    0.07%
   7799  5413   254202.8515   142   254187.0000   254353.3977   405344    0.07%
   7844  5435   254205.7421   224   254187.0000   254352.9367   406723    0.07%
   7893  5470   254286.3335   209   254187.0000   254352.6893   408289    0.07%
   7899  5475   254284.5865   207   254187.0000   254352.6893   408357    0.07%
   7925  5488   254283.4520   208   254187.0000   254352.6893   408483    0.07%
   7956  5510   254207.5626   212   254187.0000   254352.6893   410060    0.07%
   7993  5529   254219.9309   225   254187.0000   254351.8958   411208    0.06%
   8036  5567   254328.7449   252   254187.0000   254351.8847   412223    0.06%
Elapsed time = 3440.22 sec. (1744974.95 ticks, tree = 145.85 MB, solutions = 6)
   8099  5627   254274.8457   230   254187.0000   254351.8847   413510    0.06%
   8143  5657   254215.8883   227   254187.0000   254351.8169   416542    0.06%
   8164  5671   254206.3606   311   254187.0000   254351.8143   417964    0.06%
   8174  5678   254191.9946   296   254187.0000   254351.8143   419219    0.06%
   8197  5693   254216.0730   242   254187.0000   254351.7293   420807    0.06%
   8223  5694   254197.0815   227   254187.0000   254350.1955   422398    0.06%
   8248  5704   254288.3661   236   254187.0000   254350.0001   423382    0.06%
   8276  5725   254334.2182   224   254187.0000   254349.7697   426035    0.06%
   8307  5746        cutoff         254187.0000   254349.7451   427693    0.06%
   8342  5774   254241.0068   193   254187.0000   254349.1480   429175    0.06%
Elapsed time = 3516.21 sec. (1787407.52 ticks, tree = 151.08 MB, solutions = 6)
   8390  5814   254239.1316   205   254187.0000   254349.0732   430539    0.06%
   8438  5857   254256.1099   241   254187.0000   254349.0333   432341    0.06%
   8463  5874   254213.8205   235   254187.0000   254349.0333   433059    0.06%
   8499  5904   254288.6440   210   254187.0000   254348.6150   434592    0.06%
   8552  5954   254190.5519   162   254187.0000   254348.6150   435915    0.06%
   8595  5978   254203.0692   272   254187.0000   254348.4134   438100    0.06%
   8599  5978   254202.9961   268   254187.0000   254348.4134   438132    0.06%
   8619  5984   254196.4322   278   254187.0000   254348.2544   439354    0.06%
   8623  5984   254192.8675   263   254187.0000   254348.2544   439815    0.06%
   8627  5984   254192.2097   273   254187.0000   254348.2544   439994    0.06%
Elapsed time = 3599.47 sec. (1835806.03 ticks, tree = 156.42 MB, solutions = 6)

Flow cuts applied:  103
Mixed integer rounding cuts applied:  102
Lift and project cuts applied:  1
Gomory fractional cuts applied:  30

Root node processing (before b&c):
  Real time             =  228.87 sec. (122088.90 ticks)
Sequential b&c:
  Real time             = 3371.20 sec. (1714283.17 ticks)
                          ------------
Total (root+branch&cut) = 3600.07 sec. (1836372.08 ticks)
