1 of 1 MIP starts provided solutions.
MIP start 'm1' defined initial solution with objective 303550.0000.
Tried aggregator 1 time.
MIP Presolve eliminated 0 rows and 1 columns.
Reduced MIP has 90300 rows, 60100 columns, and 6210000 nonzeros.
Reduced MIP has 30000 binaries, 0 generals, 0 SOSs, and 0 indicators.
Presolve time = 3.08 sec. (1536.93 ticks)
Probing time = 0.15 sec. (80.10 ticks)
Tried aggregator 1 time.
Reduced MIP has 90300 rows, 60100 columns, and 6210000 nonzeros.
Reduced MIP has 30000 binaries, 0 generals, 0 SOSs, and 0 indicators.
Presolve time = 3.85 sec. (1816.06 ticks)
Probing time = 0.14 sec. (80.09 ticks)
Clique table members: 300.
MIP emphasis: balance optimality and feasibility.
MIP search method: dynamic search.
Parallel mode: none, using 1 thread.
Root relaxation solution time = 20.52 sec. (11348.13 ticks)

        Nodes                                         Cuts/
   Node  Left     Objective  IInf  Best Integer    Best Bound    ItCnt     Gap

*     0+    0                       303550.0000   2.30456e+07    22577     --- 
      0     0   304832.6824   326   303550.0000   304832.6824    22577    0.42%
      0     0   304667.7494   388   303550.0000     Cuts: 219    24526    0.37%
      0     0   304569.5448   449   303550.0000     Cuts: 208    26297    0.34%
      0     0   304520.5574   455   303550.0000     Cuts: 146    27245    0.32%
      0     0   304504.1118   470   303550.0000      Cuts: 87    27968    0.31%
      0     0   304497.4890   477   303550.0000      Cuts: 65    28386    0.31%
      0     0   304494.1130   466   303550.0000      Cuts: 32    28782    0.31%
      0     0   304492.5803   473   303550.0000      Cuts: 43    29124    0.31%
Heuristic still looking.
      0     2   304492.5803   473   303550.0000   304492.0057    29124    0.31%
Elapsed time = 223.56 sec. (92179.68 ticks, tree = 0.00 MB, solutions = 1)
      2     4   304469.1537   456   303550.0000   304489.2188    30051    0.31%
      3     5   304478.2040   456   303550.0000   304489.0167    30581    0.31%
      4     6   304472.9715   459   303550.0000   304489.0167    30768    0.31%
      6     8   304463.9639   427   303550.0000   304489.0167    31089    0.31%
      8    10   304451.5047   420   303550.0000   304489.0167    31326    0.31%
      9    11   304309.3762   407   303550.0000   304489.0167    32742    0.31%
     10    12   304446.5532   417   303550.0000   304489.0167    32821    0.31%
     11    13   304443.3503   410   303550.0000   304489.0167    33703    0.31%
     12    14   304442.7914   409   303550.0000   304489.0167    34037    0.31%
     14    16   304433.5545   403   303550.0000   304489.0167    34483    0.31%
Elapsed time = 242.85 sec. (99569.04 ticks, tree = 3.48 MB, solutions = 1)
     17    19   304425.7615   408   303550.0000   304489.0167    34806    0.31%
     22    24   304380.8945   377   303550.0000   304489.0167    35932    0.31%
     25    27   304318.4483   369   303550.0000   304489.0167    37119    0.31%
     27    29   304121.4554   368   303550.0000   304489.0167    38330    0.31%
     30    32   304068.2931   370   303550.0000   304489.0167    39822    0.31%
     34    36   304295.6017   369   303550.0000   304489.0167    40454    0.31%
     42    44   304119.9952   331   303550.0000   304489.0167    42303    0.31%
     44    46   303730.8998   344   303550.0000   304489.0167    44101    0.31%
     46    48   303963.7023   369   303550.0000   304489.0167    44646    0.31%
     50    52   303718.0991   378   303550.0000   304489.0167    46831    0.31%
Elapsed time = 279.94 sec. (111479.53 ticks, tree = 11.73 MB, solutions = 1)
     53    55   304029.7475   348   303550.0000   304489.0167    47889    0.31%
     60    56   303986.7433   349   303550.0000   304489.0167    49310    0.31%
     67    57   303947.2234   374   303550.0000   304489.0167    50339    0.31%
     77    61   303897.3924   363   303550.0000   304489.0167    51012    0.31%
     86    64   303867.1084   369   303550.0000   304489.0167    51485    0.31%
     97    67        cutoff         303550.0000   304489.0167    52520    0.31%
    100    70   303805.5074   364   303550.0000   304489.0167    53032    0.31%
    110    78   303786.5210   365   303550.0000   304489.0167    54122    0.31%
    121    86   303751.8898   352   303550.0000   304489.0167    55577    0.31%
    130    95   303703.2916   342   303550.0000   304489.0167    56576    0.31%
Elapsed time = 304.50 sec. (122232.89 ticks, tree = 14.01 MB, solutions = 1)
    140   101   303682.4877   335   303550.0000   304489.0167    57823    0.31%
    150   111   303646.6746   309   303550.0000   304489.0167    58993    0.31%
    161   120        cutoff         303550.0000   304489.0167    60091    0.31%
    170   119        cutoff         303550.0000   304489.0167    60320    0.31%
    171   120   304476.9200   479   303550.0000   304476.8038    61228    0.31%
    173   122   304452.3616   452   303550.0000   304476.8038    62218    0.31%
    176   125   304304.2569   443   303550.0000   304476.8038    63788    0.31%
    181   130   304405.6245   423   303550.0000   304476.8038    64933    0.31%
    190   139   304400.5173   397   303550.0000   304476.8038    65750    0.31%
    192   141   304134.8461   363   303550.0000   304476.8038    67352    0.31%
Elapsed time = 328.97 sec. (133240.65 ticks, tree = 15.28 MB, solutions = 1)
    200   149   304118.3196   353   303550.0000   304476.8038    67713    0.31%
    211   160   303962.4254   310   303550.0000   304476.8038    70280    0.31%
    220   169   303836.6800   282   303550.0000   304476.8038    71659    0.31%
    230   179   303805.0789   266   303550.0000   304476.8038    72404    0.31%
    241   190   303675.9850   237   303550.0000   304476.8038    74495    0.31%
    252   197   303614.6093   221   303550.0000   304476.8038    75591    0.31%
    264   209   303584.4497   207   303550.0000   304476.8038    76558    0.31%
    276   215   304455.9439   456   303550.0000   304476.6424    77225    0.31%
    280   219   304437.2862   449   303550.0000   304476.6424    77954    0.31%
    286   225   304414.9870   433   303550.0000   304476.6424    79120    0.31%
Elapsed time = 357.98 sec. (146804.06 ticks, tree = 17.67 MB, solutions = 1)
    291   230   304384.8675   420   303550.0000   304476.6424    79914    0.31%
    294   233   304358.8617   436   303550.0000   304476.6424    80917    0.31%
    296   235   304341.4500   437   303550.0000   304476.6424    81948    0.31%
    300   239   304304.1809   420   303550.0000   304476.6424    83106    0.31%
    306   245   304287.6092   402   303550.0000   304476.6424    84171    0.31%
    314   253   304250.8901   395   303550.0000   304476.6424    85114    0.31%
    321   260   304234.5892   398   303550.0000   304476.6424    85885    0.31%
    327   266   304191.1929   417   303550.0000   304476.6424    87179    0.31%
    332   271   304180.7051   407   303550.0000   304476.6424    88112    0.31%
    338   277   304165.2410   400   303550.0000   304476.6424    89481    0.31%
Elapsed time = 378.24 sec. (157623.82 ticks, tree = 19.07 MB, solutions = 1)
    340   279   304161.2250   398   303550.0000   304476.6424    89814    0.31%
    345   284   304122.8872   396   303550.0000   304476.6424    91279    0.31%
    358   297   304079.8865   391   303550.0000   304476.6424    91890    0.31%
    368   307   304042.7369   390   303550.0000   304476.6424    92501    0.31%
    375   314   304022.3040   391   303550.0000   304476.6424    93216    0.31%
    385   324   304002.7712   374   303550.0000   304476.6424    93539    0.31%
    395   334   303978.2851   369   303550.0000   304476.6424    93903    0.31%
    402   341   304454.2771   486   303550.0000   304472.7666    95048    0.30%
    406   345   304429.4634   452   303550.0000   304472.7666    96168    0.30%
    412   351   304412.4482   426   303550.0000   304472.7666    97500    0.30%
Elapsed time = 406.51 sec. (172063.62 ticks, tree = 21.14 MB, solutions = 1)
    418   357   304392.7254   414   303550.0000   304472.7666    98497    0.30%
    424   363   304378.2992   413   303550.0000   304472.7666    99593    0.30%
    432   371   304360.0931   399   303550.0000   304472.7666   100268    0.30%
    438   377   304335.9723   412   303550.0000   304472.7666   101306    0.30%
    446   385   304256.1571   424   303550.0000   304472.7666   102308    0.30%
    449   388   304204.4344   429   303550.0000   304472.7666   103242    0.30%
    453   392   304178.7372   433   303550.0000   304472.7666   104116    0.30%
    459   398   304160.9016   415   303550.0000   304472.7666   104904    0.30%
    463   402   304134.9059   414   303550.0000   304472.7666   106090    0.30%
    468   407   304115.4677   413   303550.0000   304472.7666   106811    0.30%
Elapsed time = 424.97 sec. (182521.35 ticks, tree = 22.70 MB, solutions = 1)
    470   409   304108.2795   413   303550.0000   304472.7666   107246    0.30%
    477   416   304073.0214   401   303550.0000   304472.7666   108765    0.30%
    484   423   304040.8560   415   303550.0000   304472.7666   109867    0.30%
    488   427   304003.8625   414   303550.0000   304472.7666   110882    0.30%
    495   434   303958.4354   392   303550.0000   304472.7666   111978    0.30%
    500   438   303929.6602   385   303550.0000   304472.7666   112386    0.30%
    509   447   304482.1905   491   303550.0000   304472.7666   145684    0.30%
    510   447   304475.0326   491   303550.0000   304472.7666   146043    0.30%
    511   448   304469.1336   468   303550.0000   304472.7666   146268    0.30%
    512   449   304437.1066   472   303550.0000   304472.2619   146928    0.30%
Elapsed time = 1043.84 sec. (512502.94 ticks, tree = 23.82 MB, solutions = 1)
    513   450   304463.8931   471   303550.0000   304472.2619   147382    0.30%
    514   450   304451.7565   472   303550.0000   304472.2619   148364    0.30%
    515   450   304378.5293   441   303550.0000   304472.2619   149830    0.30%
    516   450   304449.9966   468   303550.0000   304472.2619   150017    0.30%
    517   451   304318.8129   453   303550.0000   304472.2619   151324    0.30%
    518   452   304448.4946   474   303550.0000   304472.2619   151476    0.30%
    519   452   304441.1691   462   303550.0000   304472.2619   151881    0.30%
    520   452   304440.6490   465   303550.0000   304472.2619   151946    0.30%
    521   453   304209.3957   438   303550.0000   304472.2619   153389    0.30%
    522   453   304439.9499   462   303550.0000   304472.2619   153423    0.30%
Elapsed time = 1196.32 sec. (627453.29 ticks, tree = 23.75 MB, solutions = 1)
    523   453   304436.7626   463   303550.0000   304472.2619   153574    0.30%
    524   454   304436.4044   461   303550.0000   304472.2619   153578    0.30%
    525   455   304435.8841   454   303550.0000   304472.2619   153700    0.30%
    526   456   304433.6714   451   303550.0000   304472.2619   153769    0.30%
    528   457   304433.2000   447   303550.0000   304472.2619   153881    0.30%
    530   458   304431.2910   452   303550.0000   304472.2619   154054    0.30%
    532   460   304426.9616   446   303550.0000   304472.2619   154480    0.30%
    534   462   304388.3299   452   303550.0000   304472.2619   155150    0.30%
    535   462   304387.7862   449   303550.0000   304472.2619   155168    0.30%
    536   463   304386.4304   450   303550.0000   304472.2619   155354    0.30%
Elapsed time = 1286.50 sec. (691925.15 ticks, tree = 23.89 MB, solutions = 1)
    538   464   304383.9260   437   303550.0000   304472.2619   155455    0.30%
    539   465   304376.1677   443   303550.0000   304472.2619   155693    0.30%
    541   467   304373.7261   448   303550.0000   304472.2619   156094    0.30%
    542   468   303836.3759   463   303550.0000   304472.2619   157931    0.30%
    544   468   304371.2116   440   303550.0000   304472.2619   158377    0.30%
    545   468   304368.4615   442   303550.0000   304472.2619   158566    0.30%
    546   469   304344.8125   429   303550.0000   304472.2619   158965    0.30%
    548   470   304360.5348   448   303550.0000   304472.2619   159324    0.30%
    550   472   304354.2921   433   303550.0000   304472.2619   159691    0.30%
    552   472   304352.1250   420   303550.0000   304472.2619   159864    0.30%
Elapsed time = 1389.11 sec. (753206.50 ticks, tree = 23.94 MB, solutions = 1)
    556   473   304338.1688   428   303550.0000   304472.2619   160721    0.30%
    559   475   304319.4233   420   303550.0000   304472.2619   161748    0.30%
    565   478   304230.5414   391   303550.0000   304472.2619   163554    0.30%
    568   480   304320.5326   409   303550.0000   304472.2619   164303    0.30%
    572   483   304315.1878   411   303550.0000   304472.2619   165468    0.30%
    577   487   304298.6339   398   303550.0000   304472.2619   166163    0.30%
    582   489   304274.4580   383   303550.0000   304472.2619   167525    0.30%
    586   489   304174.2307   396   303550.0000   304472.2619   169054    0.30%
    590   492   303763.9127   384   303550.0000   304472.2619   171331    0.30%
    593   494   303723.4782   379   303550.0000   304472.2619   171866    0.30%
Elapsed time = 1500.11 sec. (809766.81 ticks, tree = 23.97 MB, solutions = 1)
    595   495   303718.0465   400   303550.0000   304472.2619   172276    0.30%
    601   497   303696.1022   396   303550.0000   304472.2619   172520    0.30%
    609   497   303654.9770   378   303550.0000   304472.2619   173160    0.30%
    615   497   303626.9660   376   303550.0000   304472.2619   173929    0.30%
    626   492   303584.1719   367   303550.0000   304472.2619   174713    0.30%
    635   483   304446.8623   478   303550.0000   304457.0826   175991    0.30%
    640   488   304442.6096   458   303550.0000   304457.0826   176859    0.30%
    641   488   304352.4457   425   303550.0000   304457.0826   178401    0.30%
    646   491   303976.9399   419   303550.0000   304457.0826   181867    0.30%
    651   493   304322.0728   410   303550.0000   304457.0826   182945    0.30%
Elapsed time = 1618.58 sec. (864598.78 ticks, tree = 23.03 MB, solutions = 1)
    659   498   303784.5365   446   303550.0000   304457.0826   185954    0.30%
    667   504   304269.3825   426   303550.0000   304457.0826   187205    0.30%
    677   511   304121.1354   399   303550.0000   304457.0826   189679    0.30%
    682   514   304189.8435   408   303550.0000   304457.0826   190894    0.30%
    686   512   303963.4812   403   303550.0000   304457.0826   192894    0.30%
    693   509        cutoff         303550.0000   304457.0826   194653    0.30%
    709   512   304102.2313   341   303550.0000   304457.0826   196723    0.30%
    716   515   304043.5998   342   303550.0000   304457.0826   197930    0.30%
    728   513   304066.5481   350   303550.0000   304457.0826   199119    0.30%
    742   516   304049.3528   343   303550.0000   304457.0826   199605    0.30%
Elapsed time = 1747.62 sec. (912086.02 ticks, tree = 22.36 MB, solutions = 1)
    749   516   304014.8883   352   303550.0000   304457.0826   200124    0.30%
    754   518   304002.8223   360   303550.0000   304457.0826   200458    0.30%
    765   521   303929.1434   328   303550.0000   304457.0826   201882    0.30%
    770   520   303918.0896   332   303550.0000   304457.0826   202061    0.30%
    783   526   303882.7470   308   303550.0000   304457.0826   202912    0.30%
    796   524   303844.0571   305   303550.0000   304457.0826   203415    0.30%
    806   524   303829.0994   312   303550.0000   304457.0826   203625    0.30%
    814   525   303805.6298   312   303550.0000   304457.0826   204120    0.30%
    824   525   303792.4009   314   303550.0000   304457.0826   204385    0.30%
    831   526   303757.7682   306   303550.0000   304457.0826   204994    0.30%
Elapsed time = 1833.37 sec. (953117.65 ticks, tree = 21.61 MB, solutions = 1)
    838   529   303552.6929   297   303550.0000   304457.0826   205962    0.30%
    840   526   304246.1153   450   303550.0000   304449.7946   207822    0.30%
    853   532   304238.6669   433   303550.0000   304449.7946   208490    0.30%
    868   538   304176.8605   405   303550.0000   304449.7946   210578    0.30%
    880   546   304127.8370   423   303550.0000   304449.7946   211921    0.30%
    889   550   304107.4704   417   303550.0000   304449.7946   212784    0.30%
    900   557   304069.0196   410   303550.0000   304449.7946   214380    0.30%
    911   565   304273.9464   475   303550.0000   304448.0216   215789    0.30%
    922   569   304263.9215   457   303550.0000   304448.0216   216585    0.30%
    937   574   304248.0288   454   303550.0000   304448.0216   218042    0.30%
Elapsed time = 1927.11 sec. (998458.78 ticks, tree = 21.37 MB, solutions = 1)
    947   580   304212.4954   452   303550.0000   304448.0216   219444    0.30%
    963   590   304164.0767   450   303550.0000   304448.0216   221137    0.30%
    975   595   304124.1995   425   303550.0000   304448.0216   222667    0.30%
    987   601   304081.5313   429   303550.0000   304448.0216   224644    0.30%
    995   607   304050.4522   428   303550.0000   304448.0216   225422    0.30%
   1006   612   304033.4841   430   303550.0000   304448.0216   226217    0.30%
   1017   618   303980.0911   422   303550.0000   304448.0216   227297    0.30%
   1029   621   303961.5070   409   303550.0000   304448.0216   227747    0.30%
   1041   626   303917.1652   421   303550.0000   304448.0216   228718    0.30%
   1053   635   303872.7531   418   303550.0000   304448.0216   229516    0.30%
Elapsed time = 2017.78 sec. (1041631.35 ticks, tree = 21.77 MB, solutions = 1)
   1066   640   303842.5264   411   303550.0000   304448.0216   229938    0.30%
   1077   644   303827.8361   416   303550.0000   304448.0216   230192    0.30%
   1084   645   303796.7943   419   303550.0000   304448.0216   230669    0.30%
   1094   646   303721.8191   394   303550.0000   304448.0216   231457    0.30%
   1100   649   303666.2868   378   303550.0000   304448.0216   232156    0.30%
   1106   646   303634.4564   371   303550.0000   304448.0216   232590    0.30%
*  1109+  593                       303555.0000   304448.0216   232724    0.29%
   1111   595   304299.5388   439   303555.0000   304446.8396   234049    0.29%
   1119   600   304289.4310   440   303555.0000   304446.8396   235205    0.29%
   1142   613   304218.6418   433   303555.0000   304446.8396   237233    0.29%
   1160   625   304137.5720   406   303555.0000   304446.8396   239079    0.29%
Elapsed time = 2105.84 sec. (1084985.39 ticks, tree = 19.04 MB, solutions = 2)
   1176   633   304066.7654   419   303555.0000   304446.8396   241640    0.29%
   1197   643   304020.1122   411   303555.0000   304446.8396   243247    0.29%
   1212   651   303862.8259   381   303555.0000   304446.8396   244516    0.29%
   1225   654   303830.9185   389   303555.0000   304446.8396   245230    0.29%
   1234   655   303803.0948   392   303555.0000   304446.8396   245719    0.29%
   1238   652   303801.0850   390   303555.0000   304446.8396   245851    0.29%
   1244   652   303773.9024   379   303555.0000   304446.8396   246163    0.29%
   1256   657   303660.5736   365   303555.0000   304446.8396   246903    0.29%
   1260   658   303648.9942   367   303555.0000   304446.8396   247228    0.29%
   1265   656   303642.6726   369   303555.0000   304446.8396   247753    0.29%
Elapsed time = 2194.57 sec. (1126487.76 ticks, tree = 18.68 MB, solutions = 2)
   1271   656   303636.4478   364   303555.0000   304446.8396   248087    0.29%
   1276   656   303613.1783   377   303555.0000   304446.8396   248305    0.29%
   1286   655   303556.2053   355   303555.0000   304446.8396   249185    0.29%
   1290   653   304053.6275   462   303555.0000   304446.0360   250845    0.29%
   1295   656   304048.1821   472   303555.0000   304446.0360   251259    0.29%
   1301   659   303908.8677   452   303555.0000   304446.0360   253027    0.29%
   1309   663   303879.5480   442   303555.0000   304446.0360   254382    0.29%
   1310   664   303824.0635   409   303555.0000   304446.0360   255367    0.29%
   1315   663   303624.5761   405   303555.0000   304446.0360   256445    0.29%
   1324   666   303558.4699   398   303555.0000   304446.0360   257497    0.29%
Elapsed time = 2306.57 sec. (1179112.81 ticks, tree = 18.32 MB, solutions = 2)
   1329   665   304267.1698   459   303555.0000   304444.9506   259373    0.29%
   1342   674   304241.0637   458   303555.0000   304444.9506   261670    0.29%
   1350   682   304219.1258   460   303555.0000   304444.9506   262492    0.29%
   1356   688   304202.2296   455   303555.0000   304444.9506   263399    0.29%
   1364   696   304176.0972   425   303555.0000   304444.9506   264729    0.29%
   1369   701   304161.3978   430   303555.0000   304444.9506   265604    0.29%
   1381   713   304120.2121   427   303555.0000   304444.9506   267462    0.29%
   1393   725   304070.3977   393   303555.0000   304444.9506   269068    0.29%
   1399   731   304047.8071   401   303555.0000   304444.9506   269659    0.29%
   1407   739   303834.8807   416   303555.0000   304444.9506   271492    0.29%
Elapsed time = 2400.72 sec. (1226424.28 ticks, tree = 19.98 MB, solutions = 2)
   1417   749   303791.4692   401   303555.0000   304444.9506   272486    0.29%
   1434   765   303725.6161   395   303555.0000   304444.9506   273525    0.29%
   1456   784   303644.8596   386   303555.0000   304444.9506   275038    0.29%
   1469   789   303626.1700   388   303555.0000   304444.9506   275726    0.29%
   1488   796        cutoff         303555.0000   304444.9506   276618    0.29%
   1490   796   304215.6162   435   303555.0000   304444.8783   278118    0.29%
   1494   800   304203.8503   440   303555.0000   304444.8783   278859    0.29%
   1500   806   304198.3861   425   303555.0000   304444.8783   279405    0.29%
   1513   819   304156.1200   424   303555.0000   304444.8783   280594    0.29%
   1522   828   304133.7893   410   303555.0000   304444.8783   281814    0.29%
Elapsed time = 2492.34 sec. (1274155.06 ticks, tree = 22.48 MB, solutions = 2)
   1528   834   304100.6909   402   303555.0000   304444.8783   283110    0.29%
   1541   846   304058.4664   382   303555.0000   304444.8783   284381    0.29%
   1550   854   304041.8436   393   303555.0000   304444.8783   284999    0.29%
   1561   864   304019.4581   393   303555.0000   304444.8783   285619    0.29%
   1577   880   303972.6794   362   303555.0000   304444.8783   286391    0.29%
   1594   893   303951.7291   338   303555.0000   304444.8783   286831    0.29%
   1612   911   303904.7964   345   303555.0000   304444.8783   287652    0.29%
   1622   919   303866.4287   336   303555.0000   304444.8783   288369    0.29%
   1629   924   303847.3940   346   303555.0000   304444.8783   288863    0.29%
   1649   943   303816.5561   332   303555.0000   304444.8783   290035    0.29%
Elapsed time = 2568.73 sec. (1317141.77 ticks, tree = 25.75 MB, solutions = 2)
   1666   955   303776.0837   338   303555.0000   304444.8783   290660    0.29%
   1679   963   303747.2764   339   303555.0000   304444.8783   291228    0.29%
   1698   977   303724.9390   331   303555.0000   304444.8783   291892    0.29%
*  1709+  978                       303560.0000   304444.8783   291920    0.29%
   1709   979   303724.5390   332   303560.0000   304444.8783   291920    0.29%
   1723   983   303663.6845   331   303560.0000   304444.8783   292478    0.29%
   1727   983   303649.9144   331   303560.0000   304444.8783   292790    0.29%
   1734   984   303585.3048   350   303560.0000   304444.8783   293308    0.29%
   1736   984   303989.5367   466   303560.0000   304442.5626   296403    0.29%
   1738   986   303984.4876   480   303560.0000   304442.5626   296927    0.29%
   1746   994   303969.3859   458   303560.0000   304442.5626   298051    0.29%
Elapsed time = 2662.13 sec. (1367461.54 ticks, tree = 27.26 MB, solutions = 3)
   1764  1012   303923.0165   481   303560.0000   304442.5626   300639    0.29%
   1770  1017   303893.8837   446   303560.0000   304442.5626   301986    0.29%
   1779  1026   303866.5793   441   303560.0000   304442.5626   302605    0.29%
   1787  1034   303856.2215   442   303560.0000   304442.5626   302890    0.29%
   1789  1036   303847.3951   444   303560.0000   304442.5626   303280    0.29%
   1800  1047   303833.9699   436   303560.0000   304442.5626   303915    0.29%
*  1809+ 1051                       303565.0000   304442.5626   304799    0.29%
   1809  1053   303805.1173   442   303565.0000   304442.5626   304799    0.29%
   1815  1059   303788.3128   446   303565.0000   304442.5626   305682    0.29%
   1838  1080   303749.1969   428   303565.0000   304442.5626   306656    0.29%
   1854  1092   303704.6252   420   303565.0000   304442.5626   307820    0.29%
Elapsed time = 2739.23 sec. (1410276.30 ticks, tree = 30.16 MB, solutions = 4)
   1869  1105   303673.9607   408   303565.0000   304442.5626   308368    0.29%
   1888  1121   303630.4270   400   303565.0000   304442.5626   309305    0.29%
   1903  1128   304189.3294   431   303565.0000   304442.5588   312488    0.29%
   1906  1131   304186.2910   426   303565.0000   304442.5588   312716    0.29%
   1910  1135   304163.3830   416   303565.0000   304442.5588   313821    0.29%
   1928  1153   304140.7283   416   303565.0000   304442.5588   315039    0.29%
   1942  1167   304104.6719   397   303565.0000   304442.5588   316508    0.29%
   1952  1176   304097.5090   398   303565.0000   304442.5588   316943    0.29%
   1963  1186   304068.9471   400   303565.0000   304442.5588   317971    0.29%
   1980  1202   304024.9405   391   303565.0000   304442.5588   319246    0.29%
Elapsed time = 2838.60 sec. (1459198.38 ticks, tree = 33.12 MB, solutions = 4)
   2001  1223   303960.8332   362   303565.0000   304442.5588   320397    0.29%
   2028  1248   303894.7752   363   303565.0000   304442.5588   321324    0.29%
   2039  1259   303855.5755   360   303565.0000   304442.5588   322474    0.29%
   2054  1273   303815.6302   354   303565.0000   304442.5588   323027    0.29%
   2063  1279   303786.5296   346   303565.0000   304442.5588   323522    0.29%
   2070  1280   303664.6054   346   303565.0000   304442.5588   324205    0.29%
   2081  1284   303640.1845   346   303565.0000   304442.5588   324460    0.29%
   2092  1284   303639.5819   346   303565.0000   304442.5588   324481    0.29%
   2104  1289   303635.9566   348   303565.0000   304442.5588   324747    0.29%
   2109  1291   303634.5671   347   303565.0000   304442.5588   324758    0.29%
Elapsed time = 2910.63 sec. (1499139.20 ticks, tree = 35.76 MB, solutions = 4)
   2115  1292   304442.3207   459   303565.0000   304442.2112   325049    0.29%
   2124  1301   304369.7747   446   303565.0000   304441.6514   327510    0.29%
   2128  1304   303666.5751   458   303565.0000   304441.6514   330721    0.29%
   2134  1308   303654.2993   451   303565.0000   304441.6514   331118    0.29%
   2138  1311   303651.5130   453   303565.0000   304441.6514   331274    0.29%
   2143  1314   303649.2754   452   303565.0000   304441.6514   331544    0.29%
   2174  1330        cutoff         303565.0000   304441.6514   333338    0.29%
   2191  1332   303565.9174   449   303565.0000   304441.6514   333828    0.29%
   2193  1332   304230.5255   438   303565.0000   304441.6320   335777    0.29%
   2203  1342   304156.8712   427   303565.0000   304441.6320   337436    0.29%
Elapsed time = 3007.20 sec. (1547567.77 ticks, tree = 37.15 MB, solutions = 4)
   2223  1362   304095.7060   409   303565.0000   304441.6320   339394    0.29%
   2244  1383   304047.0073   391   303565.0000   304441.6320   340564    0.29%
   2262  1401   303959.4830   372   303565.0000   304441.6320   342266    0.29%
   2269  1407   303716.3129   385   303565.0000   304441.6320   343247    0.29%
   2278  1408   303714.6478   385   303565.0000   304441.6320   343290    0.29%
   2284  1408   303710.7594   390   303565.0000   304441.6320   343337    0.29%
   2287  1408   303702.9180   392   303565.0000   304441.6320   343522    0.29%
   2291  1412   303648.3864   381   303565.0000   304441.6320   344107    0.29%
   2315  1433   303575.5566   352   303565.0000   304441.6320   345109    0.29%
   2322  1436   303900.7012   466   303565.0000   304441.3735   347534    0.29%
Elapsed time = 3110.39 sec. (1593041.42 ticks, tree = 39.79 MB, solutions = 4)
   2325  1439   303892.4654   456   303565.0000   304441.3735   348168    0.29%
   2337  1451   303865.5724   454   303565.0000   304441.3735   349818    0.29%
   2354  1468   303840.1622   434   303565.0000   304441.3735   351288    0.29%
   2369  1483   303809.3529   430   303565.0000   304441.3735   353000    0.29%
   2401  1514   303774.4696   444   303565.0000   304441.3735   354178    0.29%
   2419  1532   303707.6751   433   303565.0000   304441.3735   356139    0.29%
   2441  1554   303641.4628   426   303565.0000   304441.3735   357970    0.29%
   2465  1570   303572.1157   396   303565.0000   304441.3735   359349    0.29%
   2473  1572   304063.7756   433   303565.0000   304440.4042   362233    0.29%
   2476  1575   304007.0962   428   303565.0000   304440.4042   363495    0.29%
Elapsed time = 3198.41 sec. (1636314.36 ticks, tree = 43.84 MB, solutions = 4)
   2493  1592   303972.9348   431   303565.0000   304440.4042   365096    0.29%
   2505  1604   303950.6880   435   303565.0000   304440.4042   366671    0.29%
   2509  1608   303947.2905   433   303565.0000   304440.4042   366775    0.29%
   2530  1628   303905.6002   415   303565.0000   304440.4042   367785    0.29%
   2550  1647   303859.6280   434   303565.0000   304440.4042   368376    0.29%
   2555  1650   303682.5054   422   303565.0000   304440.4042   369539    0.29%
   2580  1674   303577.5363   379   303565.0000   304440.4042   371166    0.29%
   2584  1674   304282.7104   466   303565.0000   304437.2302   373198    0.29%
   2586  1676   304223.3498   449   303565.0000   304437.2302   374325    0.29%
   2587  1677   304220.8408   443   303565.0000   304437.2302   374472    0.29%
Elapsed time = 3306.38 sec. (1687974.33 ticks, tree = 46.80 MB, solutions = 4)
   2599  1689   304184.1597   451   303565.0000   304437.2302   375948    0.29%
   2609  1699   304175.9998   446   303565.0000   304437.2302   376472    0.29%
   2619  1709   304146.0646   432   303565.0000   304437.2302   377158    0.29%
   2621  1711   304125.9773   423   303565.0000   304437.2302   377916    0.29%
   2642  1732   304107.8273   410   303565.0000   304437.2302   378871    0.29%
   2653  1742   304041.3843   423   303565.0000   304437.2302   379950    0.29%
   2666  1752   303935.2244   435   303565.0000   304437.2302   381492    0.29%
   2672  1757   303758.7784   428   303565.0000   304437.2302   383064    0.29%
   2676  1761   303725.3495   435   303565.0000   304437.2302   384063    0.29%
   2687  1772   303663.8512   423   303565.0000   304437.2302   385400    0.29%
Elapsed time = 3522.90 sec. (1775010.42 ticks, tree = 49.34 MB, solutions = 4)
   2688  1772   303645.9610   421   303565.0000   304437.2302   385623    0.29%
   2695  1774   303733.9739   462   303565.0000   304437.0252   389284    0.29%
   2700  1777   303732.3951   462   303565.0000   304437.0252   389482    0.29%
   2704  1780   303615.5027   446   303565.0000   304437.0252   391500    0.29%

Flow cuts applied:  130
Mixed integer rounding cuts applied:  207
Zero-half cuts applied:  1
Gomory fractional cuts applied:  34

Root node processing (before b&c):
  Real time             =  222.21 sec. (90801.99 ticks)
Sequential b&c:
  Real time             = 3378.25 sec. (1722950.57 ticks)
                          ------------
Total (root+branch&cut) = 3600.46 sec. (1813752.56 ticks)
