1 of 1 MIP starts provided solutions.
MIP start 'm1' defined initial solution with objective 303550.0000.
Tried aggregator 1 time.
MIP Presolve eliminated 0 rows and 1 columns.
MIP Presolve modified 35700 coefficients.
Reduced MIP has 60300 rows, 30400 columns, and 3149511 nonzeros.
Reduced MIP has 30000 binaries, 0 generals, 0 SOSs, and 0 indicators.
Presolve time = 2.25 sec. (1284.90 ticks)
Probing time = 0.12 sec. (54.63 ticks)
Tried aggregator 1 time.
Reduced MIP has 60300 rows, 30400 columns, and 3149511 nonzeros.
Reduced MIP has 30000 binaries, 0 generals, 0 SOSs, and 0 indicators.
Presolve time = 1.48 sec. (781.10 ticks)
Probing time = 0.12 sec. (54.59 ticks)
Clique table members: 300.
MIP emphasis: balance optimality and feasibility.
MIP search method: dynamic search.
Parallel mode: none, using 1 thread.
Root relaxation solution time = 0.94 sec. (492.71 ticks)

        Nodes                                         Cuts/
   Node  Left     Objective  IInf  Best Integer    Best Bound    ItCnt     Gap

*     0+    0                       303550.0000   2.30456e+07      519     --- 
      0     0   305548.0417   414   303550.0000   305548.0417      519    0.66%
      0     0   305063.5199   254   303550.0000     Cuts: 355      815    0.50%
      0     0   304897.7668   313   303550.0000     Cuts: 297     1139    0.44%
      0     0   304827.2182   344   303550.0000     Cuts: 176     1309    0.42%
      0     0   304805.4252   336   303550.0000     Cuts: 196     1444    0.41%
      0     0   304791.5750   334   303550.0000     Cuts: 114     1526    0.41%
      0     0   304770.8306   337   303550.0000     Cuts: 130     1620    0.40%
      0     0   304749.5964   347   303550.0000     Cuts: 158     1700    0.40%
      0     2   304749.5964   347   303550.0000   304749.4297     1700    0.40%
Elapsed time = 51.96 sec. (24028.59 ticks, tree = 0.00 MB, solutions = 1)
      7     9   304717.2416   323   303550.0000   304749.0908     1777    0.40%
     18    20   304659.6794   292   303550.0000   304749.0908     1863    0.40%
     28    30   304557.9972   257   303550.0000   304749.0908     2048    0.40%
     36    38   304539.6062   255   303550.0000   304749.0908     2107    0.40%
     45    47   304400.9163   251   303550.0000   304749.0908     2259    0.40%
     54    56   304456.0802   246   303550.0000   304749.0908     2350    0.40%
     64    66   304462.7579   231   303550.0000   304749.0908     2459    0.40%
     72    74   304152.3960   253   303550.0000   304749.0908     2711    0.40%
     79    81   304437.9642   225   303550.0000   304749.0908     2843    0.40%
    105    99   304385.8872   210   303550.0000   304749.0908     3409    0.40%
Elapsed time = 57.86 sec. (27364.85 ticks, tree = 3.03 MB, solutions = 1)
    124   112   304352.6128   199   303550.0000   304749.0908     3692    0.40%
    146   132   304237.5527   175   303550.0000   304749.0908     4068    0.40%
    161   137    infeasible         303550.0000   304749.0908     4282    0.40%
    180   150   304150.7202   160   303550.0000   304749.0908     4544    0.40%
    207   173   304081.0656   145   303550.0000   304749.0908     4797    0.40%
    225   187   304051.0562   139   303550.0000   304749.0908     5084    0.40%
    247   209   303796.8772   147   303550.0000   304749.0908     5344    0.40%
    265   215    infeasible         303550.0000   304749.0908     5664    0.40%
    273   219        cutoff         303550.0000   304749.0908     5778    0.40%
    293   221        cutoff         303550.0000   304749.0908     5886    0.40%
Elapsed time = 77.21 sec. (39068.45 ticks, tree = 5.28 MB, solutions = 1)
    311   223        cutoff         303550.0000   304749.0908     5937    0.40%
    329   223        cutoff         303550.0000   304749.0908     5978    0.40%
    340   224   303993.0727   139   303550.0000   304749.0908     6007    0.40%
    346   224   303990.7210   138   303550.0000   304749.0908     6032    0.40%
    365   225   303987.4549   138   303550.0000   304749.0908     6065    0.40%
    385   225        cutoff         303550.0000   304749.0908     6096    0.40%
    407   227   303978.0500   138   303550.0000   304749.0908     6123    0.40%
    417   227   303973.0240   138   303550.0000   304749.0908     6135    0.40%
    436   232   304450.8745   343   303550.0000   304747.2835     6513    0.39%
    466   262   304580.8478   279   303550.0000   304747.2835     6841    0.39%
Elapsed time = 94.77 sec. (49318.79 ticks, tree = 5.93 MB, solutions = 1)
    494   290   304508.6600   240   303550.0000   304747.2835     7134    0.39%
    509   305   304419.8246   201   303550.0000   304747.2835     7253    0.39%
    511   307   304436.3570   411   303550.0000   304436.3158    10388    0.29%
    512   308   304433.1818   396   303550.0000   304433.1424    10469    0.29%
    513   309   304428.4780   393   303550.0000   304429.1570    10522    0.29%
    514   309   304355.9295   366   303550.0000   304426.9973    10760    0.29%
    515   310   304424.4418   393   303550.0000   304426.9973    10764    0.29%
    516   311   304422.3861   392   303550.0000   304426.9973    10810    0.29%
    517   312   304420.0771   407   303550.0000   304426.9973    10846    0.29%
    518   312   304419.2974   414   303550.0000   304426.9973    10878    0.29%
Elapsed time = 765.21 sec. (326495.33 ticks, tree = 7.42 MB, solutions = 1)
    519   313   304394.8992   395   303550.0000   304426.9973    11045    0.29%
    520   314   304394.4229   394   303550.0000   304426.9973    11058    0.29%
    521   315   304388.1187   391   303550.0000   304426.9973    11123    0.29%
    522   315   304333.5527   375   303550.0000   304426.9973    11319    0.29%
    523   316   304385.7598   390   303550.0000   304426.9973    11355    0.29%
    524   317   304349.3092   360   303550.0000   304426.9973    11454    0.29%
    525   317   304384.1081   381   303550.0000   304426.9973    11471    0.29%
    526   317   304384.0945   380   303550.0000   304426.9973    11477    0.29%
    527   318   304383.1219   372   303550.0000   304426.9973    11513    0.29%
    529   320   304383.0318   369   303550.0000   304426.9973    11532    0.29%
Elapsed time = 816.71 sec. (344037.41 ticks, tree = 8.93 MB, solutions = 1)
    531   322   304278.5135   391   303550.0000   304426.9973    11782    0.29%
    535   324   304381.9595   370   303550.0000   304426.9973    11817    0.29%
    536   324   304188.9628   356   303550.0000   304426.9973    12082    0.29%
    539   326   304356.3547   363   303550.0000   304426.9973    12216    0.29%
    544   330   304314.7621   333   303550.0000   304426.9973    12403    0.29%
    551   334   304370.0522   374   303550.0000   304426.9973    12513    0.29%
    561   339   304369.7565   370   303550.0000   304426.9973    12526    0.29%
    571   344   304369.3790   370   303550.0000   304426.9973    12536    0.29%
    581   350   304368.8954   370   303550.0000   304426.9973    12546    0.29%
    591   356   304368.5546   370   303550.0000   304426.9973    12556    0.29%
Elapsed time = 847.79 sec. (355830.25 ticks, tree = 9.30 MB, solutions = 1)
    601   362   304367.9125   374   303550.0000   304426.9973    12568    0.29%
    611   367   304367.2368   375   303550.0000   304426.9973    12579    0.29%
    621   373   304366.5547   375   303550.0000   304426.9973    12595    0.29%
    631   370   304365.2299   375   303550.0000   304426.9973    12606    0.29%
    641   368   304364.0864   375   303550.0000   304426.9973    12617    0.29%
    648   367   304353.0244   363   303550.0000   304426.9973    12735    0.29%
    659   374   304352.7581   363   303550.0000   304426.9973    12746    0.29%
    670   381   304352.3285   351   303550.0000   304426.9973    12759    0.29%
    680   385   304352.1337   351   303550.0000   304426.9973    12769    0.29%
    691   391   304351.8711   351   303550.0000   304426.9973    12780    0.29%
Elapsed time = 874.46 sec. (365895.37 ticks, tree = 9.53 MB, solutions = 1)
    701   395   304351.7120   351   303550.0000   304426.9973    12790    0.29%
    711   400   304351.2856   351   303550.0000   304426.9973    12801    0.29%
    722   406   304350.5567   351   303550.0000   304426.9973    12815    0.29%
    733   412   304350.1116   351   303550.0000   304426.9973    12827    0.29%
    743   411   304349.9290   351   303550.0000   304426.9973    12838    0.29%
    755   417   304335.7848   355   303550.0000   304426.9973    12942    0.29%
    760   420   304335.5815   352   303550.0000   304426.9973    13169    0.29%
    768   424   304279.2759   325   303550.0000   304426.9973    13431    0.29%
    780   429   304247.3944   302   303550.0000   304426.9973    13601    0.29%
    791   435   304253.3694   297   303550.0000   304426.9973    13647    0.29%
Elapsed time = 902.56 sec. (376195.00 ticks, tree = 9.96 MB, solutions = 1)
    802   440   304250.3694   303   303550.0000   304426.9973    13677    0.29%
    814   445   304246.5124   296   303550.0000   304426.9973    13700    0.29%
    824   444   304242.0349   296   303550.0000   304426.9973    13723    0.29%
    834   442   304237.8464   301   303550.0000   304426.9973    13758    0.29%
    845   446   304233.9446   301   303550.0000   304426.9973    13777    0.29%
    855   446   304223.9013   299   303550.0000   304426.9973    13832    0.29%
    865   448   304216.7245   299   303550.0000   304426.9973    13843    0.29%
    876   444   304305.1316   387   303550.0000   304422.0654    14205    0.29%
    894   452   304275.8605   383   303550.0000   304422.0654    14664    0.29%
*   911+  417                       303551.0000   304422.0654    14846    0.29%
    911   418   304264.5438   379   303551.0000   304422.0654    14846    0.29%
Elapsed time = 939.12 sec. (389277.82 ticks, tree = 9.12 MB, solutions = 2)
    967   445   304255.2636   375   303551.0000   304422.0654    15229    0.29%
   1018   475   304182.3551   352   303551.0000   304422.0654    15503    0.29%
   1035   483   304121.0424   343   303551.0000   304422.0654    15877    0.29%
   1046   491   304157.6122   336   303551.0000   304422.0654    15985    0.29%
   1059   498   304151.5542   348   303551.0000   304422.0654    16016    0.29%
   1070   505   304151.3280   351   303551.0000   304422.0654    16030    0.29%
   1081   512   304151.0351   352   303551.0000   304422.0654    16043    0.29%
   1092   518   304150.7140   352   303551.0000   304422.0654    16054    0.29%
   1103   525   304150.4403   352   303551.0000   304422.0654    16065    0.29%
   1146   568   304149.6965   347   303551.0000   304422.0654    16113    0.29%
Elapsed time = 975.29 sec. (402296.19 ticks, tree = 11.01 MB, solutions = 2)
   1184   605   304100.2576   327   303551.0000   304422.0654    16504    0.29%
   1227   646   304099.8754   316   303551.0000   304422.0654    16558    0.29%
   1299   706   304088.0578   325   303551.0000   304422.0654    16766    0.29%
   1356   758   304418.7465   410   303551.0000   304419.1675    17208    0.29%
   1431   833   304066.1287   343   303551.0000   304418.7377    18360    0.29%
   1542   944   304387.6396   360   303551.0000   304416.5461    19013    0.29%
   1585   984   304387.1380   360   303551.0000   304416.5461    19056    0.29%
   1624   997   304386.2100   360   303551.0000   304416.5461    19096    0.29%
   1871  1240   304176.1745   354   303551.0000   304416.3517    19956    0.29%
*  1911+ 1278                       303555.0000   304416.3517    19999    0.28%
   2040  1403   304196.1206   348   303555.0000   304415.1475    20545    0.28%
Elapsed time = 1087.72 sec. (441401.08 ticks, tree = 24.10 MB, solutions = 3)
   2311  1671   304309.8419   353   303555.0000   304415.1111    21283    0.28%
   2442  1802   303770.3388   352   303555.0000   304412.9394    22782    0.28%
   2713  2073   304307.7432   398   303555.0000   304404.8638    23880    0.28%
   3028  2388   304310.7500   353   303555.0000   304404.4509    24765    0.28%
   3313  2673   304391.5568   394   303555.0000   304401.9087    25538    0.28%
   3526  2886   304351.4095   335   303555.0000   304400.7810    26675    0.28%
   3864  3224   304212.8781   333   303555.0000   304399.9408    27533    0.28%
   3917  3277   304378.9439   391   303555.0000   304399.8765    27681    0.28%
   3918  3278   304352.2789   378   303555.0000   304399.8765    27736    0.28%
   3919  3279   304351.9216   377   303555.0000   304399.8765    27737    0.28%
Elapsed time = 1228.50 sec. (504144.05 ticks, tree = 52.03 MB, solutions = 3)
   4068  3427   304065.9659   208   303555.0000   304399.8765    28584    0.28%
   4107  3442   304046.8612   208   303555.0000   304399.8765    28668    0.28%
   4324  3655   304221.5156   361   303555.0000   304396.6046    29510    0.28%
   4494  3825   304034.4486   313   303555.0000   304396.6046    30396    0.28%
   4702  4032   304298.0858   336   303555.0000   304394.8919    30890    0.28%
*  4911+ 4239                       303558.0000   304394.5993    31678    0.28%
   4911  4241   304263.0178   336   303558.0000   304394.5993    31678    0.28%
   4977  4307   304262.9016   362   303558.0000   304390.9930    32004    0.27%
   5249  4579   304297.5260   360   303558.0000   304390.8798    32827    0.27%
*  5311+ 4639                       303560.0000   304390.8798    32901    0.27%
   5356  4684   303683.0635   342   303560.0000   304390.8798    33957    0.27%
   5508  4832   303873.7674   321   303560.0000   304390.8798    34451    0.27%
Elapsed time = 1342.00 sec. (557659.25 ticks, tree = 77.20 MB, solutions = 5)
   5511  4835   303872.8745   316   303560.0000   304390.8798    34459    0.27%
   5658  4982   303954.9323   367   303560.0000   304389.7046    35050    0.27%
   5911  5235   304307.3521   333   303560.0000   304389.7033    35654    0.27%
   6190  5514   304357.2344   359   303560.0000   304388.4226    36280    0.27%
*  6311+ 5633                       303565.0000   304388.4226    36570    0.27%
   6457  5781   304293.5002   366   303565.0000   304388.3292    37044    0.27%
   6713  6037   304265.0419   388   303565.0000   304388.1455    37869    0.27%
   7083  6407   304326.9683   368   303565.0000   304386.3246    38659    0.27%
*  7311+ 6633                       303566.0000   304385.2732    39109    0.27%
   7346  6670   304304.3009   324   303566.0000   304384.9442    39648    0.27%
   7588  6910   304260.6083   391   303566.0000   304384.5422    40893    0.27%
   7625  6947   304257.1992   384   303566.0000   304384.5422    40947    0.27%
Elapsed time = 1482.43 sec. (614387.21 ticks, tree = 110.28 MB, solutions = 7)
   7852  7174   303812.2305   268   303566.0000   304384.5178    42067    0.27%
   7912  7210   304338.1808   385   303566.0000   304384.4017    42454    0.27%
   8246  7544   304323.7455   363   303566.0000   304384.3027    43322    0.27%
   8313  7607   304262.3690   390   303566.0000   304384.2564    43629    0.27%
   8575  7869   304294.8540   355   303566.0000   304384.1081    44755    0.27%
   8714  8008   304346.4591   385   303566.0000   304383.6422    45286    0.27%
   8913  8207   303903.1031   370   303566.0000   304383.5445    46303    0.27%
   9042  8332   304006.8321   384   303566.0000   304383.5445    47094    0.27%
   9270  8560   303956.8669   354   303566.0000   304383.5445    47465    0.27%
   9375  8661   303955.2995   353   303566.0000   304383.1113    48175    0.27%
Elapsed time = 1629.28 sec. (677891.23 ticks, tree = 139.23 MB, solutions = 7)
   9513  8799   303705.3097   370   303566.0000   304382.5441    49002    0.27%
   9651  8931   304326.4384   367   303566.0000   304382.5301    49749    0.27%
   9658  8938   304326.3286   367   303566.0000   304382.5301    49756    0.27%
   9913  9193   303839.8935   376   303566.0000   304382.4075    50812    0.27%
  10062  9342   303598.3129   330   303566.0000   304382.4075    51385    0.27%
  10281  9556   304269.7571   361   303566.0000   304382.3486    52443    0.27%
  10336  9582   304266.2076   359   303566.0000   304382.3486    52499    0.27%
  10511  9750   304291.9747   354   303566.0000   304382.0380    53496    0.27%
  10691  9930   304252.5846   352   303566.0000   304382.0380    53859    0.27%
  10991 10230   304108.4347   344   303566.0000   304381.5583    54810    0.27%
Elapsed time = 1944.93 sec. (789568.91 ticks, tree = 165.41 MB, solutions = 7)
  11249 10478   304350.3880   375   303566.0000   304380.8764    55842    0.27%
  11422 10651   303970.8249   311   303566.0000   304380.8764    56634    0.27%
  11692 10913    infeasible         303566.0000   304380.6569    57501    0.27%
  11954 11171   304323.4763   348   303566.0000   304380.4300    58827    0.27%
  12040 11253   304349.7506   374   303566.0000   304379.6569    59108    0.27%
  12254 11457   304369.0785   335   303566.0000   304379.2976    60625    0.27%
  12614 11813   304209.0659   337   303566.0000   304379.2688    61606    0.27%
  12764 11957   304130.7239   274   303566.0000   304379.2688    61933    0.27%
  12804 11961   304127.5994   274   303566.0000   304379.2688    61973    0.27%
  12860 11989   304073.3142   262   303566.0000   304379.2688    62074    0.27%
Elapsed time = 2104.89 sec. (857119.36 ticks, tree = 193.46 MB, solutions = 7)
  12937 12039   303999.3660   263   303566.0000   304379.2688    62188    0.27%
  12975 12039   303991.4433   263   303566.0000   304379.2688    62227    0.27%
  13122 12162        cutoff         303566.0000   304379.1793    62829    0.27%
  13267 12303   303997.1917   373   303566.0000   304379.1648    64075    0.27%
  13498 12534   303920.5908   348   303566.0000   304379.1648    64485    0.27%
  13637 12671   303615.8224   345   303566.0000   304379.1648    64921    0.27%
  13805 12836   303949.9517   336   303566.0000   304378.9992    65641    0.27%
  13944 12970   303649.4484   345   303566.0000   304378.8190    66350    0.27%
  14288 13306   304368.2727   369   303566.0000   304378.5332    67388    0.27%
  14577 13595   304320.1372   360   303566.0000   304377.8935    68846    0.27%
Elapsed time = 2225.95 sec. (905111.57 ticks, tree = 220.41 MB, solutions = 7)
  14885 13903   304308.0623   353   303566.0000   304376.4015    69695    0.27%
  15080 14098   304307.9932   352   303566.0000   304376.3317    70225    0.27%
  15266 14280   303738.0375   334   303566.0000   304375.9490    71455    0.27%
  15520 14519   304277.6179   338   303566.0000   304375.9041    72320    0.27%
  15770 14761   304327.5365   379   303566.0000   304375.7707    73361    0.27%
  16118 15101   304172.6700   374   303566.0000   304374.7707    74551    0.27%
  16246 15217   304340.7294   349   303566.0000   304374.3438    75241    0.27%
  16320 15291   304314.5612   351   303566.0000   304374.3438    75431    0.27%
  16715 15682   304129.6071   317   303566.0000   304374.0536    76517    0.27%
  16767 15714   304099.8773   300   303566.0000   304374.0536    76616    0.27%
Elapsed time = 2432.19 sec. (1008756.60 ticks, tree = 253.90 MB, solutions = 7)
  16806 15714   304097.9670   300   303566.0000   304374.0536    76661    0.27%
  16858 15746   303993.4837   304   303566.0000   304374.0536    76805    0.27%
  16896 15764   303989.0761   301   303566.0000   304374.0536    76851    0.27%
  17113 15965   304363.0973   350   303566.0000   304372.9520    77550    0.27%
  17332 16180   303913.4046   286   303566.0000   304372.6366    78895    0.27%
  17447 16289   303633.9407   264   303566.0000   304372.6366    79392    0.27%
  17669 16494   304199.5804   327   303566.0000   304371.7707    79901    0.27%
  17884 16701   304314.8748   318   303566.0000   304371.3170    80677    0.27%
  18310 17122   304281.9117   337   303566.0000   304371.1726    81483    0.27%
  18460 17272   304057.7763   327   303566.0000   304370.8831    82307    0.27%
Elapsed time = 2529.21 sec. (1047750.32 ticks, tree = 279.26 MB, solutions = 7)
  18736 17544   304186.5601   336   303566.0000   304370.7846    83215    0.27%
  19020 17824   304280.0452   328   303566.0000   304370.5644    83981    0.27%
  19072 17872   304236.9216   376   303566.0000   304370.5239    84361    0.27%
  19225 18023   303787.8754   194   303566.0000   304370.5239    85168    0.27%
  19309 18091   303753.1904   177   303566.0000   304370.5239    85298    0.27%
  19515 18295   303972.0232   366   303566.0000   304369.8313    86623    0.26%
  19664 18440   304321.4808   351   303566.0000   304369.7707    87235    0.26%
  19982 18750   304303.6445   356   303566.0000   304369.5694    88301    0.26%
  20181 18941        cutoff         303566.0000   304369.5032    89387    0.26%
  20472 19226   304227.7422   367   303566.0000   304369.0727    90436    0.26%
Elapsed time = 2704.84 sec. (1122549.76 ticks, tree = 311.71 MB, solutions = 7)
  20646 19394   303983.6351   345   303566.0000   304369.0208    91227    0.26%
  20758 19500   303850.6463   356   303566.0000   304368.8455    92033    0.26%
  20945 19675   304224.0979   355   303566.0000   304368.7707    92865    0.26%
  21265 19987   304301.7802   341   303566.0000   304368.4729    93844    0.26%
  21503 20217   303755.5942   362   303566.0000   304368.4564    94937    0.26%
  21640 20344   303697.2152   344   303566.0000   304368.1773    95724    0.26%
  21764 20458   303936.9094   347   303566.0000   304367.8152    96370    0.26%
  21900 20588   303852.1262   353   303566.0000   304367.7992    97088    0.26%
  22036 20720   304236.6952   332   303566.0000   304367.5024    97770    0.26%
  22321 21001   304295.3733   351   303566.0000   304367.4526    98735    0.26%
Elapsed time = 2848.92 sec. (1185831.23 ticks, tree = 347.69 MB, solutions = 7)
  22511 21187   303839.0238   357   303566.0000   304367.2046    99555    0.26%
  22702 21374   304293.9141   344   303566.0000   304367.1808   100090    0.26%
  22915 21583   303727.0488   337   303566.0000   304367.1773   101075    0.26%
  23087 21737   304246.7817   329   303566.0000   304367.0007   102035    0.26%
  23261 21903   304313.0610   342   303566.0000   304366.8115   102893    0.26%
  23278 21920   304304.4660   336   303566.0000   304366.8115   102970    0.26%
  23452 22088   303869.5714   353   303566.0000   304366.7626   104025    0.26%
  23602 22223   303741.8655   353   303566.0000   304366.7626   104443    0.26%
  23695 22308   303624.1547   287   303566.0000   304366.7626   104866    0.26%
  23749 22344   303802.1005   329   303566.0000   304366.6523   105459    0.26%
Elapsed time = 3073.94 sec. (1278510.09 ticks, tree = 370.54 MB, solutions = 7)
  23877 22468   303935.3297   367   303566.0000   304366.6523   106148    0.26%
  24006 22593   303969.9245   356   303566.0000   304366.6167   106760    0.26%
  24110 22693   304328.8612   367   303566.0000   304366.4185   107127    0.26%
  24324 22901   304207.6610   327   303566.0000   304365.9726   108464    0.26%
  24422 22993    infeasible         303566.0000   304365.9726   109422    0.26%
  24495 23050   303940.5567   342   303566.0000   304365.9190   110051    0.26%
  24672 23223   304270.9704   346   303566.0000   304365.5451   110502    0.26%
  24733 23269   303609.2048   338   303566.0000   304365.5375   111426    0.26%
  25040 23573   304257.1351   342   303566.0000   304365.5322   112056    0.26%
  25328 23859   304107.5391   283   303566.0000   304365.5322   112613    0.26%
Elapsed time = 3179.37 sec. (1321694.76 ticks, tree = 395.97 MB, solutions = 7)
  25369 23871   304105.2923   283   303566.0000   304365.5322   112654    0.26%
  25413 23879   304033.4832   286   303566.0000   304365.5322   112747    0.26%
  25565 24031   303983.5725   278   303566.0000   304365.5322   112929    0.26%
  25611 24051   303803.5602   268   303566.0000   304365.5322   113040    0.26%
  25711 24147   304301.6637   338   303566.0000   304365.5016   113494    0.26%
  25943 24371   304315.1138   364   303566.0000   304365.4825   114748    0.26%
  26201 24621   304293.2424   338   303566.0000   304365.3680   115989    0.26%
  26584 25000   304109.9842   326   303566.0000   304365.3680   117114    0.26%
  26778 25181   304044.8775   293   303566.0000   304365.3680   117719    0.26%
  26818 25184   304044.2888   293   303566.0000   304365.3680   117759    0.26%
Elapsed time = 3460.46 sec. (1431796.53 ticks, tree = 417.75 MB, solutions = 7)
  26860 25192   303991.4961   284   303566.0000   304365.3680   117927    0.26%
  26910 25209   303990.1137   284   303566.0000   304365.3680   117977    0.26%
  26947 25209   303988.6070   284   303566.0000   304365.3680   118014    0.26%
  27002 25246   303848.3658   282   303566.0000   304365.3680   118211    0.26%
  27037 25246   303791.6240   284   303566.0000   304365.3680   118269    0.26%
  27163 25349   304328.5596   389   303566.0000   304364.7720   118873    0.26%
  27376 25554   304117.5328   341   303566.0000   304364.7456   119800    0.26%
  27525 25697   303868.4748   350   303566.0000   304364.7343   120596    0.26%

Implied bound cuts applied:  217
Flow cuts applied:  97
Mixed integer rounding cuts applied:  132
Lift and project cuts applied:  27
Gomory fractional cuts applied:  169

Root node processing (before b&c):
  Real time             =   51.91 sec. (23966.02 ticks)
Sequential b&c:
  Real time             = 3548.10 sec. (1485480.85 ticks)
                          ------------
Total (root+branch&cut) = 3600.02 sec. (1509446.87 ticks)
