1 of 1 MIP starts provided solutions.
MIP start 'm1' defined initial solution with objective 102144.0000.
Tried aggregator 1 time.
MIP Presolve eliminated 0 rows and 1 columns.
MIP Presolve modified 324300 coefficients.
Reduced MIP has 60100 rows, 30400 columns, and 9148586 nonzeros.
Reduced MIP has 30000 binaries, 0 generals, 0 SOSs, and 0 indicators.
Presolve time = 7.67 sec. (4556.04 ticks)
Probing time = 0.24 sec. (98.40 ticks)
Tried aggregator 1 time.
Reduced MIP has 60100 rows, 30400 columns, and 9148586 nonzeros.
Reduced MIP has 30000 binaries, 0 generals, 0 SOSs, and 0 indicators.
Presolve time = 4.72 sec. (2260.34 ticks)
Probing time = 0.24 sec. (98.37 ticks)
Clique table members: 100.
MIP emphasis: balance optimality and feasibility.
MIP search method: dynamic search.
Parallel mode: none, using 1 thread.
Root relaxation solution time = 2.10 sec. (993.71 ticks)

        Nodes                                         Cuts/
   Node  Left     Objective  IInf  Best Integer    Best Bound    ItCnt     Gap

*     0+    0                       102144.0000   2.30454e+07      505     --- 
      0     0   102174.9469    30   102144.0000   102174.9469      505    0.03%
      0     0   102156.9863    12   102144.0000      Cuts: 22      531    0.01%
      0     0   102154.0000     2   102144.0000      Cuts: 18      540    0.01%

Implied bound cuts applied:  8
Flow cuts applied:  9
Mixed integer rounding cuts applied:  12
Gomory fractional cuts applied:  7

Root node processing (before b&c):
  Real time             =   30.13 sec. (15567.65 ticks)
Sequential b&c:
  Real time             =    0.00 sec. (0.00 ticks)
                          ------------
Total (root+branch&cut) =   30.13 sec. (15567.65 ticks)
