1 of 1 MIP starts provided solutions.
MIP start 'm1' defined initial solution with objective 254177.0000.
Tried aggregator 1 time.
MIP Presolve eliminated 0 rows and 1 columns.
MIP Presolve modified 111150 coefficients.
Reduced MIP has 75250 rows, 37900 columns, and 5811565 nonzeros.
Reduced MIP has 37500 binaries, 0 generals, 0 SOSs, and 0 indicators.
Presolve time = 4.36 sec. (2463.11 ticks)
Probing time = 0.20 sec. (79.20 ticks)
Tried aggregator 1 time.
Reduced MIP has 75250 rows, 37900 columns, and 5811565 nonzeros.
Reduced MIP has 37500 binaries, 0 generals, 0 SOSs, and 0 indicators.
Presolve time = 2.73 sec. (1434.00 ticks)
Probing time = 0.19 sec. (79.16 ticks)
Clique table members: 250.
MIP emphasis: balance optimality and feasibility.
MIP search method: dynamic search.
Parallel mode: none, using 1 thread.
Root relaxation solution time = 1.40 sec. (899.57 ticks)

        Nodes                                         Cuts/
   Node  Left     Objective  IInf  Best Integer    Best Bound    ItCnt     Gap

*     0+    0                       254177.0000   2.87507e+07      438     --- 
      0     0   255084.2908   264   254177.0000   255084.2908      438    0.36%
      0     0   254850.7523   141   254177.0000     Cuts: 132      626    0.27%
      0     0   254786.1874   163   254177.0000      Cuts: 94      782    0.24%
      0     0   254755.6178   175   254177.0000      Cuts: 87      862    0.23%
      0     0   254728.5723   168   254177.0000      Cuts: 81      931    0.22%
      0     0   254711.6868   169   254177.0000      Cuts: 96      996    0.21%
      0     0   254687.7646   176   254177.0000     Cuts: 101     1064    0.20%
      0     0   254673.8162   176   254177.0000      Cuts: 69     1109    0.20%
      0     0   254658.3460   166   254177.0000      Cuts: 86     1152    0.19%
      0     0   254642.9736   177   254177.0000     Cuts: 136     1207    0.18%
      0     2   254642.9736   173   254177.0000   254642.3879     1207    0.18%
Elapsed time = 84.11 sec. (42459.62 ticks, tree = 0.00 MB, solutions = 1)
      5     7   254581.1258   168   254177.0000   254642.3540     1297    0.18%
      9    11   254608.8133   169   254177.0000   254642.3540     1382    0.18%
     14    16   254604.8692   154   254177.0000   254642.3540     1404    0.18%
     18    20   254594.6764   153   254177.0000   254642.3540     1473    0.18%
     23    25   254581.9154   145   254177.0000   254642.3540     1487    0.18%
     28    30   254576.5931   138   254177.0000   254642.3540     1504    0.18%
     35    37   254568.3633   135   254177.0000   254642.3540     1523    0.18%
     39    37        cutoff         254177.0000   254642.3540     1646    0.18%
     43    41   254260.2800   149   254177.0000   254642.3540     1875    0.18%
     59    51   254480.7138   126   254177.0000   254642.3540     2205    0.18%
Elapsed time = 91.52 sec. (45925.20 ticks, tree = 7.16 MB, solutions = 1)
     73    61        cutoff         254177.0000   254642.3540     2423    0.18%
     90    68   254450.6039   118   254177.0000   254642.3540     2561    0.18%
    104    68        cutoff         254177.0000   254642.3540     2712    0.18%
    118    72        cutoff         254177.0000   254642.3540     2869    0.18%
    132    76   254424.4221   109   254177.0000   254642.3540     3016    0.18%
    140    80   254421.0159   107   254177.0000   254642.3540     3091    0.18%
    156    90        cutoff         254177.0000   254642.3540     3280    0.18%
    171    91        cutoff         254177.0000   254642.3540     3430    0.18%
    185    95   254345.8871    89   254177.0000   254642.3540     3649    0.18%
    200   106   254336.7046    86   254177.0000   254642.3540     3838    0.18%
Elapsed time = 113.29 sec. (59091.09 ticks, tree = 13.58 MB, solutions = 1)
    207   108    infeasible         254177.0000   254642.3540     4040    0.18%
    220   109        cutoff         254177.0000   254642.3540     4200    0.18%
    234   115   254307.0088    87   254177.0000   254642.3540     4342    0.18%
    248   117   254306.7162    89   254177.0000   254642.3540     4399    0.18%
    254   119   254306.2094    87   254177.0000   254642.3540     4415    0.18%
    255   118    infeasible         254177.0000   254642.3540     4415    0.18%
    267   120   254304.3752    87   254177.0000   254642.3540     4435    0.18%
    276   119        cutoff         254177.0000   254642.3540     4446    0.18%
    283   120   254209.3369    85   254177.0000   254642.3540     4460    0.18%
    297   122        cutoff         254177.0000   254642.3540     4480    0.18%
Elapsed time = 127.30 sec. (69701.02 ticks, tree = 13.96 MB, solutions = 1)
    303   121   254618.7722   160   254177.0000   254628.5649     4532    0.18%
    320   136   254448.7738   175   254177.0000   254628.5649     4896    0.18%
    336   152   254440.4635   154   254177.0000   254628.5649     5216    0.18%
    353   165   254531.2625   139   254177.0000   254628.5649     5417    0.18%
    369   177   254465.9573   130   254177.0000   254628.5649     5758    0.18%
    383   187   254407.6660   108   254177.0000   254628.5649     5893    0.18%
    400   202   254385.3657    93   254177.0000   254628.5649     6035    0.18%
    417   215   254385.3230    93   254177.0000   254628.5649     6292    0.18%
    430   214    infeasible         254177.0000   254628.5649     6356    0.18%
    440   216   254385.2159    93   254177.0000   254628.5649     6385    0.18%
Elapsed time = 150.53 sec. (83892.19 ticks, tree = 16.08 MB, solutions = 1)
    451   215        cutoff         254177.0000   254628.5649     6417    0.18%
    464   216        cutoff         254177.0000   254628.5649     6438    0.18%
    477   217        cutoff         254177.0000   254628.5649     6459    0.18%
    491   221   254384.9898    93   254177.0000   254628.5649     6481    0.18%
    504   222   254384.8843    93   254177.0000   254628.5649     6501    0.18%
    520   228   254382.6840    89   254177.0000   254628.5649     6567    0.18%
    530   236   254382.4077    89   254177.0000   254628.5649     6837    0.18%
    546   238        cutoff         254177.0000   254628.5649     6899    0.18%
    551   239   254380.8245    89   254177.0000   254628.5649     6914    0.18%
    560   238        cutoff         254177.0000   254628.5649     6938    0.18%
Elapsed time = 168.49 sec. (96106.19 ticks, tree = 16.60 MB, solutions = 1)
    572   238        cutoff         254177.0000   254628.5649     6961    0.18%
    587   241   254377.0833    89   254177.0000   254628.5649     6981    0.18%
    597   241   254376.3238    89   254177.0000   254628.5649     6998    0.18%
    613   243        cutoff         254177.0000   254628.5649     7019    0.18%
    626   244   254372.4422    89   254177.0000   254628.5649     7036    0.18%
    638   244   254588.4294   165   254177.0000   254627.5291     7150    0.18%
    640   246   254600.7927   165   254177.0000   254624.3181     7310    0.18%
    662   268   254575.7487   189   254177.0000   254624.3181     7435    0.18%
    683   289   254536.4902   165   254177.0000   254624.3181     7511    0.18%
    705   311   254519.9729   159   254177.0000   254624.3181     7564    0.18%
Elapsed time = 189.72 sec. (108452.45 ticks, tree = 17.40 MB, solutions = 1)
    724   330   254485.6920   135   254177.0000   254624.3181     7613    0.18%
    746   352   254468.8037   118   254177.0000   254624.3181     7662    0.18%
    760   366   254405.0736   102   254177.0000   254624.3181     7715    0.18%
    781   387   254377.1738    93   254177.0000   254624.3181     7777    0.18%
    800   406   254354.9016    90   254177.0000   254624.3181     7825    0.18%
    808   412   254296.6969   174   254177.0000   254614.0282     8150    0.17%
    821   421        cutoff         254177.0000   254614.0282     8687    0.17%
    834   426   254299.2326   163   254177.0000   254614.0282     9133    0.17%
    853   443   254382.1215   161   254177.0000   254614.0282     9307    0.17%
    868   450        cutoff         254177.0000   254614.0282     9524    0.17%
Elapsed time = 210.67 sec. (121389.75 ticks, tree = 19.69 MB, solutions = 1)
    883   459   254391.7856   129   254177.0000   254614.0282     9834    0.17%
    899   467   254382.6004   124   254177.0000   254614.0282    10026    0.17%
    914   470        cutoff         254177.0000   254614.0282    10182    0.17%
    920   472   254366.0710   124   254177.0000   254614.0282    10209    0.17%
    923   471    infeasible         254177.0000   254614.0282    10234    0.17%
    937   483   254334.7600   118   254177.0000   254614.0282    10447    0.17%
    953   495   254305.7203    99   254177.0000   254614.0282    10614    0.17%
    960   496   254302.5598    95   254177.0000   254614.0282    10692    0.17%
    976   500        cutoff         254177.0000   254614.0282    10877    0.17%
    984   500    infeasible         254177.0000   254614.0282    10939    0.17%
Elapsed time = 224.79 sec. (132122.50 ticks, tree = 20.83 MB, solutions = 1)
   1000   510   254228.8318    88   254177.0000   254614.0282    11072    0.17%
   1010   520   254585.8578   172   254177.0000   254614.0068    11194    0.17%
   1033   543   254554.7113   181   254177.0000   254614.0068    11319    0.17%
   1057   567   254536.4459   154   254177.0000   254614.0068    11369    0.17%
   1078   588   254512.2076   149   254177.0000   254614.0068    11430    0.17%
   1099   609   254476.0486   122   254177.0000   254614.0068    11485    0.17%
   1120   630   254452.5810   115   254177.0000   254614.0068    11542    0.17%
   1141   651   254412.8607   121   254177.0000   254614.0068    11613    0.17%
   1162   672   254380.0659   126   254177.0000   254614.0068    11691    0.17%
   1186   696   254319.9011   130   254177.0000   254614.0068    11765    0.17%
Elapsed time = 245.50 sec. (144632.19 ticks, tree = 25.28 MB, solutions = 1)
   1200   710   254317.0127   130   254177.0000   254614.0068    11800    0.17%
   1210   720   254563.3423   170   254177.0000   254610.2977    11921    0.17%
   1227   737   254551.7553   168   254177.0000   254610.2977    11970    0.17%
   1251   761   254516.1009   162   254177.0000   254610.2977    12032    0.17%
   1274   784   254491.3553   137   254177.0000   254610.2977    12105    0.17%
   1280   790   254488.9697   125   254177.0000   254610.2977    12115    0.17%
   1303   813   254447.1382   112   254177.0000   254610.2977    12195    0.17%
   1323   833   254414.9037   103   254177.0000   254610.2977    12266    0.17%
   1347   857   254374.7166   107   254177.0000   254610.2977    12343    0.17%
   1392   902   254470.8879   342   254177.0000   254470.8877    16751    0.12%
Elapsed time = 1125.88 sec. (556261.42 ticks, tree = 29.93 MB, solutions = 1)
   1393   902   254470.8867   335   254177.0000   254470.8221    16754    0.12%
   1394   903   254470.6926   334   254177.0000   254470.6519    16761    0.12%
   1396   903   254470.5418   316   254177.0000   254470.5214    16781    0.12%
   1400   903   254319.1121   300   254177.0000   254470.0811    17219    0.12%
   1403   905   254308.0148   288   254177.0000   254470.0811    17273    0.12%
   1407   907   254295.7416   258   254177.0000   254470.0811    17334    0.12%
   1412   910   254289.6678   258   254177.0000   254470.0811    17369    0.12%
   1419   872   254273.6940   250   254177.0000   254470.0811    17515    0.12%
   1428   876   254207.8334   256   254177.0000   254470.0811    17722    0.12%
   1440   845   254470.0811   319   254177.0000   254470.0234    17767    0.12%
Elapsed time = 1264.08 sec. (605615.85 ticks, tree = 29.05 MB, solutions = 1)
   1454   856   254453.5259   246   254177.0000   254470.0079    18280    0.12%
   1469   860   254449.1880   262   254177.0000   254470.0079    18992    0.12%
   1488   844   254287.2187   218   254177.0000   254470.0079    19685    0.12%
   1518   854   254241.4323   203   254177.0000   254470.0079    19885    0.12%
   1542   834   254415.7114   296   254177.0000   254470.0060    20217    0.12%
   1593   862   254371.3145   180   254177.0000   254470.0060    20696    0.12%
   1630   870   254230.7638   192   254177.0000   254470.0060    20898    0.12%
   1652   869   254217.2444   263   254177.0000   254469.9742    21447    0.12%
   1726   901   254442.2944   188   254177.0000   254469.9283    22105    0.12%
   1784   929   254376.8649   164   254177.0000   254469.9283    22371    0.12%
Elapsed time = 1363.27 sec. (645091.25 ticks, tree = 28.00 MB, solutions = 1)
*  1792+  720                       254180.0000   254469.9283    22384    0.11%
   1815   711   254367.6552   174   254180.0000   254469.9283    22432    0.11%
   1856   708   254351.1091   167   254180.0000   254469.9283    22538    0.11%
   1901   721   254333.3931   160   254180.0000   254469.9283    22640    0.11%
   1947   725   254282.4304   135   254180.0000   254469.9283    22750    0.11%
   1984   721   254231.6449   113   254180.0000   254469.9283    22835    0.11%
   2008   713   254234.3694   249   254180.0000   254469.5251    23246    0.11%
   2065   724   254417.9696   272   254180.0000   254469.1205    23735    0.11%
   2129   761   254318.0880   173   254180.0000   254469.1205    24164    0.11%
*  2192+  703                       254187.0000   254469.1205    24312    0.11%
   2208   712   254240.8725   157   254187.0000   254469.1205    24356    0.11%
*  2292+  711                       254189.0000   254469.0201    24956    0.11%
   2292   713   254432.7290   219   254189.0000   254469.0201    24956    0.11%
Elapsed time = 1447.76 sec. (685168.43 ticks, tree = 14.82 MB, solutions = 4)
   2351   722   254418.9857   201   254189.0000   254469.0201    25068    0.11%
   2380   711   254413.6672   201   254189.0000   254469.0201    25096    0.11%
   2445   739   254392.2388   290   254189.0000   254468.8730    25571    0.11%
   2563   849   254246.4248   194   254189.0000   254468.8730    26008    0.11%
   2619   893   254349.0690   272   254189.0000   254468.7244    26451    0.11%
   2734  1006   254249.9110   184   254189.0000   254468.7244    27084    0.11%
   2770  1029   254349.4256   247   254189.0000   254468.6546    27560    0.11%
   2871  1117   254263.7498   158   254189.0000   254468.6546    28319    0.11%
   2933  1165   254359.9325   211   254189.0000   254468.6076    28824    0.11%
   3047  1275        cutoff         254189.0000   254468.6076    29291    0.11%
Elapsed time = 1532.79 sec. (724254.46 ticks, tree = 23.32 MB, solutions = 4)
   3071  1283   254244.0977   252   254189.0000   254468.5990    29757    0.11%
   3144  1348   254206.5066   247   254189.0000   254468.4802    30853    0.11%
   3243  1440   254414.1589   187   254189.0000   254468.3613    31438    0.11%
   3352  1548   254222.5179   167   254189.0000   254468.3613    31793    0.11%
   3384  1566   254247.5573   221   254189.0000   254468.3245    32432    0.11%
   3455  1625   254408.5043   241   254189.0000   254468.1525    32976    0.11%
   3574  1737   254338.5831   177   254189.0000   254468.1525    33337    0.11%
   3603  1738   254399.7653   281   254189.0000   254467.7383    33605    0.11%
   3719  1850   254342.8272   273   254189.0000   254467.6965    34513    0.11%
   3787  1907   254388.6140   291   254189.0000   254467.6442    35280    0.11%
Elapsed time = 1615.75 sec. (763989.15 ticks, tree = 34.18 MB, solutions = 4)
   3834  1954   254358.2442   250   254189.0000   254467.6442    35676    0.11%
   3924  2031   254314.5762   230   254189.0000   254467.6442    35936    0.11%
   3974  2063   254411.9702   215   254189.0000   254467.3059    36387    0.11%
   4101  2181        cutoff         254189.0000   254467.3059    37079    0.11%
*  4192+ 2210                       254200.0000   254467.1330    37926    0.11%
   4192  2212   254287.7058   197   254200.0000   254467.1330    37926    0.11%
   4237  2252   254438.7053   223   254200.0000   254467.0151    38397    0.11%
   4386  2398        cutoff         254200.0000   254467.0151    38916    0.11%
   4392  2402   254313.7908   218   254200.0000   254466.8879    39391    0.10%
   4507  2513   254422.2158   267   254200.0000   254466.6919    40114    0.10%
   4582  2588   254368.2953   223   254200.0000   254466.6919    40431    0.10%
Elapsed time = 1712.98 sec. (808277.56 ticks, tree = 45.96 MB, solutions = 5)
   4646  2640   254340.1883   230   254200.0000   254466.6417    41073    0.10%
   4735  2712        cutoff         254200.0000   254466.6417    41764    0.10%
   4849  2826   254329.5954   201   254200.0000   254466.6040    42302    0.10%
   4985  2956   254406.1223   194   254200.0000   254465.5749    42897    0.10%
   5087  3054   254307.2328   226   254200.0000   254465.4855    43526    0.10%
   5189  3150   254310.7648   198   254200.0000   254464.6919    44399    0.10%
   5306  3263   254319.3650   218   254200.0000   254464.5283    44997    0.10%
   5355  3308   254341.6245   236   254200.0000   254464.2960    45344    0.10%
   5471  3421   254381.1090   253   254200.0000   254464.1358    46118    0.10%
   5508  3458   254356.4107   224   254200.0000   254464.1358    46309    0.10%
Elapsed time = 1788.01 sec. (847335.16 ticks, tree = 60.93 MB, solutions = 5)
   5595  3533   254300.8758   188   254200.0000   254463.6628    47452    0.10%
   5725  3655   254372.8602   206   254200.0000   254463.5283    48150    0.10%
   5785  3715   254289.2079   209   254200.0000   254463.5283    48335    0.10%
   5878  3802   254426.7813   239   254200.0000   254463.4911    49258    0.10%
   6020  3940   254461.4831   283   254200.0000   254463.3169    49716    0.10%
   6168  4088   254329.4128   213   254200.0000   254463.3169    50278    0.10%
   6260  4172   254403.0537   203   254200.0000   254463.1957    50968    0.10%
   6395  4299   254421.0242   213   254200.0000   254462.9867    51547    0.10%
   6493  4393   254431.3288   199   254200.0000   254462.9619    52135    0.10%
   6592  4488   254417.8596   255   254200.0000   254462.7923    52703    0.10%
Elapsed time = 1869.23 sec. (886987.26 ticks, tree = 78.74 MB, solutions = 5)
   6687  4579   254438.0578   252   254200.0000   254462.5283    53348    0.10%
   6789  4677   254351.0931   274   254200.0000   254462.1907    54052    0.10%
   6832  4712   254272.9045   199   254200.0000   254462.1907    54934    0.10%
   6896  4764   254373.8128   247   254200.0000   254462.0290    55740    0.10%
   6997  4861   254317.2860   247   254200.0000   254461.9216    56553    0.10%
   7097  4957   254405.8146   228   254200.0000   254461.8950    57218    0.10%
   7203  5058   254212.1043   205   254200.0000   254461.7993    57859    0.10%
   7253  5099   254235.8347   203   254200.0000   254461.6919    59157    0.10%
   7336  5174   254397.3480   222   254200.0000   254461.0821    60144    0.10%
   7452  5286   254419.4164   178   254200.0000   254461.0575    60695    0.10%
Elapsed time = 1972.75 sec. (927042.64 ticks, tree = 92.47 MB, solutions = 5)
   7572  5395   254298.2276   256   254200.0000   254460.6134    61667    0.10%
   7642  5455   254428.1703   232   254200.0000   254460.4610    62569    0.10%
   7717  5530   254386.9230   211   254200.0000   254460.4610    62754    0.10%
   7822  5631   254369.5899   193   254200.0000   254460.3481    63313    0.10%
   7914  5715   254426.8169   228   254200.0000   254460.0659    64441    0.10%
   8008  5805   254319.1607   228   254200.0000   254459.8589    65268    0.10%
   8097  5881   254280.0065   240   254200.0000   254459.6919    66694    0.10%
   8192  5970   254299.4776   211   254200.0000   254459.5283    67570    0.10%
   8279  6043   254438.5217   248   254200.0000   254459.1713    68934    0.10%
   8392  6156   254269.2790   223   254200.0000   254459.1713    69469    0.10%
Elapsed time = 2079.42 sec. (975394.41 ticks, tree = 107.44 MB, solutions = 5)
   8458  6216   254366.0624   242   254200.0000   254459.0473    70125    0.10%
   8596  6350   254407.4473   213   254200.0000   254458.6084    70936    0.10%
   8698  6448   254287.7974   205   254200.0000   254458.4652    71664    0.10%
   8772  6506   254428.7655   222   254200.0000   254458.0484    73064    0.10%
   8817  6550   254385.5960   170   254200.0000   254458.0484    73294    0.10%
   8915  6635   254219.9448   186   254200.0000   254458.0066    74353    0.10%
   8988  6697   254372.8483   240   254200.0000   254457.6616    75405    0.10%
   9072  6778   254211.2972   185   254200.0000   254457.6616    75948    0.10%
   9095  6778   254203.3062   177   254200.0000   254457.6616    76021    0.10%
   9166  6838   254268.9230   214   254200.0000   254457.5283    76745    0.10%
Elapsed time = 2172.25 sec. (1021001.27 ticks, tree = 119.17 MB, solutions = 5)
   9242  6900   254298.1216   203   254200.0000   254456.9779    77747    0.10%
   9257  6909   254440.9730   224   254200.0000   254456.7736    78012    0.10%
   9258  6910   254440.8981   224   254200.0000   254456.7736    78013    0.10%
   9367  7015   254440.6232   215   254200.0000   254456.6919    78703    0.10%
   9502  7144        cutoff         254200.0000   254456.6585    79504    0.10%
   9552  7175   254201.3542   233   254200.0000   254456.3240    80933    0.10%
   9664  7285   254381.4895   167   254200.0000   254456.0666    81791    0.10%
   9788  7403   254390.9095   211   254200.0000   254455.8879    82695    0.10%
   9846  7449   254368.0455   254   254200.0000   254455.8679    83231    0.10%
   9927  7524   254285.0238   244   254200.0000   254455.7137    84441    0.10%
Elapsed time = 2261.52 sec. (1062679.15 ticks, tree = 130.98 MB, solutions = 5)
  10012  7603   254355.5486   224   254200.0000   254455.7098    85588    0.10%
  10098  7683   254415.2193   236   254200.0000   254455.7042    86276    0.10%
  10199  7780   254397.6499   230   254200.0000   254455.6231    87061    0.10%
  10261  7831   254339.4896   183   254200.0000   254455.4457    88179    0.10%
  10328  7887   254344.8377   214   254200.0000   254455.3059    88893    0.10%
  10329  7888   254344.6207   213   254200.0000   254455.3059    88894    0.10%
  10392  7947   254409.8707   269   254200.0000   254455.1496    89598    0.10%
  10493  8042   254435.5240   218   254200.0000   254455.1362    90414    0.10%
  10587  8123   254331.4239   198   254200.0000   254455.1362    91509    0.10%
  10623  8149   254279.7530   225   254200.0000   254455.1344    92311    0.10%
Elapsed time = 2370.92 sec. (1115863.69 ticks, tree = 141.73 MB, solutions = 5)
* 10672+ 7874                       254216.0000   254455.1344    92561    0.09%
* 10672+ 7818                       254218.0000   254455.1344    92561    0.09%
  10672  7818   254254.5019   181   254218.0000   254455.1344    92561    0.09%
  10674  7818   254455.4645   353   254218.0000   254454.9858    94981    0.09%
  10675  7819   254455.3787   358   254218.0000   254454.9858    94989    0.09%
  10676  7820   254454.9876   339   254218.0000   254454.9689    95010    0.09%
  10678  7822   254396.6858   293   254218.0000   254454.9689    95280    0.09%
  10680  7823   254396.5121   293   254218.0000   254454.9689    95285    0.09%
  10684  7824   254324.0290   225   254218.0000   254454.9689    95477    0.09%
  10688  7826   254307.4248   238   254218.0000   254454.9689    95651    0.09%
  10692  7828   254384.6663   264   254218.0000   254454.9689    95673    0.09%
  10699  7490   254368.7334   284   254218.0000   254454.9689    95764    0.09%
Elapsed time = 3395.31 sec. (1531469.38 ticks, tree = 132.68 MB, solutions = 7)
  10704  7492   254347.4592   248   254218.0000   254454.9689    95879    0.09%
  10709  7493   254343.7200   215   254218.0000   254454.9689    95947    0.09%
  10715  7497   254302.1884   223   254218.0000   254454.9689    96064    0.09%
  10721  7501   254279.3830   206   254218.0000   254454.9689    96137    0.09%
  10725  7501   254220.1290   200   254218.0000   254454.9689    96284    0.09%
  10730  7344   254453.8714   330   254218.0000   254453.8175    96317    0.09%
  10733  7346   254451.6277   307   254218.0000   254451.6069    96369    0.09%
  10736  7348   254450.4130   312   254218.0000   254450.9295    96417    0.09%
  10740  7217   254450.0756   301   254218.0000   254450.9295    96841    0.09%
  10745  7219   254448.9641   290   254218.0000   254450.9295    96875    0.09%
Elapsed time = 3503.04 sec. (1575187.49 ticks, tree = 129.32 MB, solutions = 7)
  10749  7220   254448.1519   284   254218.0000   254450.9295    96919    0.09%
  10753  7222   254446.6061   271   254218.0000   254450.9295    97049    0.09%
  10758  7225   254444.9964   239   254218.0000   254450.9295    97101    0.09%
  10763  7136   254443.4728   226   254218.0000   254450.9295    97250    0.09%
  10768  7138   254296.9781   238   254218.0000   254450.9295    97506    0.09%
  10774  7057   254291.6124   241   254218.0000   254450.9295    97582    0.09%
  10778  7060   254287.1878   219   254218.0000   254450.9295    97603    0.09%
  10789  7064   254275.5906   197   254218.0000   254450.9295    97685    0.09%

Implied bound cuts applied:  108
Flow cuts applied:  27
Mixed integer rounding cuts applied:  99
Lift and project cuts applied:  129
Gomory fractional cuts applied:  144

Root node processing (before b&c):
  Real time             =   83.84 sec. (42245.94 ticks)
Sequential b&c:
  Real time             = 3516.18 sec. (1573118.08 ticks)
                          ------------
Total (root+branch&cut) = 3600.02 sec. (1615364.01 ticks)
