1 of 1 MIP starts provided solutions.
MIP start 'm1' defined initial solution with objective 203764.0000.
Tried aggregator 1 time.
MIP Presolve eliminated 0 rows and 1 columns.
MIP Presolve modified 198000 coefficients.
Reduced MIP has 80200 rows, 40400 columns, and 8198779 nonzeros.
Reduced MIP has 40000 binaries, 0 generals, 0 SOSs, and 0 indicators.
Presolve time = 7.51 sec. (3633.65 ticks)
Probing time = 0.28 sec. (98.96 ticks)
Tried aggregator 1 time.
Reduced MIP has 80200 rows, 40400 columns, and 8198779 nonzeros.
Reduced MIP has 40000 binaries, 0 generals, 0 SOSs, and 0 indicators.
Presolve time = 4.59 sec. (2022.05 ticks)
Probing time = 0.27 sec. (98.93 ticks)
Clique table members: 200.
MIP emphasis: balance optimality and feasibility.
MIP search method: dynamic search.
Parallel mode: none, using 1 thread.
Root relaxation solution time = 2.12 sec. (1165.59 ticks)

        Nodes                                         Cuts/
   Node  Left     Objective  IInf  Best Integer    Best Bound    ItCnt     Gap

*     0+    0                       203764.0000   3.06615e+07      412     --- 
      0     0   204108.2873   164   203764.0000   204108.2873      412    0.17%
      0     0   203984.1895   109   203764.0000      Cuts: 87      541    0.11%
      0     0   203937.9202    88   203764.0000     Cuts: 102      650    0.09%

Repeating presolve.
Tried aggregator 1 time.
MIP Presolve eliminated 25677 rows and 26227 columns.
MIP Presolve modified 1303275 coefficients.
Reduced MIP has 54523 rows, 14173 columns, and 2875798 nonzeros.
Reduced MIP has 13773 binaries, 0 generals, 0 SOSs, and 0 indicators.
Presolve time = 4.61 sec. (3020.48 ticks)
Probing time = 0.13 sec. (36.32 ticks)
Tried aggregator 1 time.
MIP Presolve modified 2537700 coefficients.
Reduced MIP has 54523 rows, 14173 columns, and 2875798 nonzeros.
Reduced MIP has 13773 binaries, 0 generals, 0 SOSs, and 0 indicators.
Presolve time = 4.06 sec. (3226.79 ticks)
Represolve time = 9.30 sec. (6548.22 ticks)
Probing time = 0.13 sec. (36.96 ticks)
Clique table members: 200.
MIP emphasis: balance optimality and feasibility.
MIP search method: dynamic search.
Parallel mode: none, using 1 thread.
Root relaxation solution time = 0.81 sec. (418.17 ticks)

        Nodes                                         Cuts/
   Node  Left     Objective  IInf  Best Integer    Best Bound    ItCnt     Gap

*     0+    0                       203764.0000   203937.9202     1139    0.09%
      0     0   203937.6301   102   203764.0000   203937.6301     1139    0.09%
      0     2   203937.6301   102   203764.0000   203936.1301     1139    0.08%
Elapsed time = 53.12 sec. (27929.25 ticks, tree = 0.00 MB, solutions = 1)
      8    10   203929.8518    98   203764.0000   203936.0922     1192    0.08%
     20    22   203912.9466    78   203764.0000   203936.0922     1224    0.08%
     29    31   203903.9533    62   203764.0000   203936.0922     1244    0.08%
     34    36   203896.8552    64   203764.0000   203936.0922     1263    0.08%
     43    45   203802.9594    70   203764.0000   203936.0922     1340    0.08%
     48    48   203891.2581    62   203764.0000   203936.0922     1374    0.08%
     52    48   203890.0581    62   203764.0000   203936.0922     1397    0.08%
     59    51   203888.1411    60   203764.0000   203936.0922     1449    0.08%
     67    59   203882.6261    58   203764.0000   203936.0922     1506    0.08%
     89    65        cutoff         203764.0000   203936.0922     1694    0.08%
Elapsed time = 60.81 sec. (31394.03 ticks, tree = 0.74 MB, solutions = 1)
    109    77   203847.1401    54   203764.0000   203936.0922     1804    0.08%
    132    88        cutoff         203764.0000   203936.0922     1953    0.08%
    153    91        cutoff         203764.0000   203936.0922     1988    0.08%
    173    97        cutoff         203764.0000   203936.0922     2037    0.08%
    193   101   203876.5382   102   203764.0000   203927.3518     2148    0.08%
    209   109        cutoff         203764.0000   203927.3518     2266    0.08%
    235   119   203812.2398    85   203764.0000   203927.3518     2356    0.08%
    257   135   203773.1138    67   203764.0000   203927.3518     2451    0.08%
    280   144   203778.7331    61   203764.0000   203927.3518     2505    0.08%
    306   150        cutoff         203764.0000   203927.3518     2599    0.08%
Elapsed time = 76.67 sec. (41121.36 ticks, tree = 1.74 MB, solutions = 1)
    320   158   203916.7452    89   203764.0000   203926.3518     2635    0.08%
    360   198   203875.1677    75   203764.0000   203926.3518     2707    0.08%
    380   218   203855.8859    74   203764.0000   203926.3518     2737    0.08%
    415   253   203910.3332    83   203764.0000   203917.9326     2828    0.08%
    456   294   203866.8869    70   203764.0000   203917.9326     2914    0.08%
*   479+  210                       203765.0000   203840.3705     5385    0.04%
    479   211   203826.9380   112   203765.0000   203826.4047     5667    0.03%
    480   210   203826.3730   112   203765.0000   203826.3730     5669    0.03%
    487   211   203825.4237   105   203765.0000   203826.3452     5694    0.03%
    493   211   203818.4330   106   203765.0000   203826.3452     5722    0.03%
    501   209   203817.3646   113   203765.0000   203826.3452     5742    0.03%
Elapsed time = 209.55 sec. (105073.57 ticks, tree = 2.41 MB, solutions = 2)
    509   205   203816.8907   113   203765.0000   203826.3452     5750    0.03%
    521   210   203808.2205    67   203765.0000   203826.3452     5830    0.03%
    527   213   203800.9545    61   203765.0000   203826.3452     5877    0.03%
    531   212   203787.9073    58   203765.0000   203826.3452     5938    0.03%
    537   190   203769.6473   105   203765.0000   203816.2042     6170    0.03%
    539   180   203804.1682    85   203765.0000   203815.7875     6342    0.02%
    543   179   203803.6894    95   203765.0000   203815.7875     6352    0.02%
    546   179   203803.5883    97   203765.0000   203815.7875     6357    0.02%
    551   177   203801.2691    95   203765.0000   203815.7875     6375    0.02%
    563   164   203795.1576    87   203765.0000   203815.7875     6429    0.02%
Elapsed time = 236.56 sec. (116952.38 ticks, tree = 1.86 MB, solutions = 2)
    573   162   203790.4925    82   203765.0000   203815.7875     6461    0.02%
    575   154   203812.8456    92   203765.0000   203815.2717     6514    0.02%
    583   152   203804.9163    88   203765.0000   203815.2717     6632    0.02%
    602   155   203788.4507    61   203765.0000   203815.2717     6678    0.02%
    608   154   203805.8524   113   203765.0000   203814.2745     6757    0.02%
    632   147   203794.4440   109   203765.0000   203813.9439     6949    0.02%
    650   150   203811.8382    86   203765.0000   203813.5848     7096    0.02%
    690   158   203792.3932    79   203765.0000   203812.1593     7437    0.02%
    707   158   203786.2666    60   203765.0000   203812.1593     7515    0.02%
    722   157   203800.5699    77   203765.0000   203811.7609     7615    0.02%
Elapsed time = 259.37 sec. (127741.88 ticks, tree = 1.57 MB, solutions = 2)
    748   166   203789.1330    66   203765.0000   203811.7134     7751    0.02%
    763   168   203781.6535    61   203765.0000   203811.7134     7863    0.02%
    774   164   203773.4885    61   203765.0000   203811.7134     7887    0.02%
    805   175   203799.0890    87   203765.0000   203811.2637     8197    0.02%
    844   194   203778.5878    61   203765.0000   203811.2637     8326    0.02%
    859   201   203769.9071    56   203765.0000   203811.2637     8388    0.02%
    900   237   203772.0537    57   203765.0000   203811.1003     8654    0.02%
    937   264   203766.6671    64   203765.0000   203811.0929     8866    0.02%
    984   306   203771.5822    44   203765.0000   203809.1074     9113    0.02%
   1036   341   203786.3374    79   203765.0000   203807.2037     9477    0.02%
Elapsed time = 279.01 sec. (137618.89 ticks, tree = 3.21 MB, solutions = 2)
   1088   378   203765.6502    46   203765.0000   203807.2037     9780    0.02%
   1146   421   203785.4026    61   203765.0000   203806.8954    10123    0.02%
   1194   454   203803.7880    67   203765.0000   203806.4583    10518    0.02%
   1252   500   203781.8441    65   203765.0000   203806.2288    10847    0.02%
   1292   526   203788.6564    84   203765.0000   203805.7603    11200    0.02%
   1312   541   203793.0409    98   203765.0000   203804.1792    11394    0.02%
   1382   586        cutoff         203765.0000   203803.8943    11787    0.02%
   1439   632   203775.4460    79   203765.0000   203803.7450    12107    0.02%
   1472   653   203783.1257    59   203765.0000   203802.7807    12392    0.02%
   1517   687   203773.6545    61   203765.0000   203802.7756    12657    0.02%
Elapsed time = 296.05 sec. (147983.88 ticks, tree = 6.51 MB, solutions = 2)
   1555   712   203772.8213    40   203765.0000   203802.2739    12848    0.02%
   1595   729   203786.2051    70   203765.0000   203801.5199    13225    0.02%
   1623   741   203781.3999    68   203765.0000   203801.3609    13434    0.02%
   1660   757   203788.1924    88   203765.0000   203800.9388    13684    0.02%
   1720   799   203786.3410    84   203765.0000   203799.6026    14036    0.02%
   1745   808   203775.2796    67   203765.0000   203799.4917    14257    0.02%
   1786   831   203771.5710    80   203765.0000   203799.0197    14664    0.02%
   1839   855   203765.7327    66   203765.0000   203798.7131    15181    0.02%
   1881   876   203765.5958    68   203765.0000   203798.1808    15620    0.02%
   1914   875        cutoff         203765.0000   203797.1881    16129    0.02%
Elapsed time = 313.27 sec. (158163.35 ticks, tree = 8.28 MB, solutions = 2)
   1961   891        cutoff         203765.0000   203796.4565    16575    0.02%
   2000   920   203784.8535    91   203765.0000   203796.1638    16857    0.02%
   2057   955   203791.8314    66   203765.0000   203795.5903    17299    0.02%
   2086   976   203772.8535    34   203765.0000   203795.5706    17446    0.02%
   2134   998        cutoff         203765.0000   203795.0628    17733    0.01%
   2182  1012   203774.3888    71   203765.0000   203794.3709    18123    0.01%
   2234  1051   203773.9526    45   203765.0000   203794.2061    18446    0.01%
   2280  1067   203787.7964    77   203765.0000   203793.6971    18754    0.01%
   2335  1101   203768.6066    73   203765.0000   203793.4552    19223    0.01%
   2386  1115   203773.5393    68   203765.0000   203793.1962    19785    0.01%
Elapsed time = 331.70 sec. (168025.56 ticks, tree = 10.59 MB, solutions = 2)
   2444  1159   203775.4948    63   203765.0000   203793.1409    20069    0.01%
   2479  1175   203776.8601    87   203765.0000   203792.9433    20289    0.01%
   2518  1188   203766.0140    77   203765.0000   203792.4188    20838    0.01%
   2555  1207   203770.9390    51   203765.0000   203792.2688    21117    0.01%
   2607  1245   203769.9817    32   203765.0000   203792.1930    21287    0.01%
   2633  1251   203749.0623    58   203765.0000   203792.0289    21463    0.01%
   2664  1261   203779.7393    74   203765.0000   203791.8023    21822    0.01%
   2725  1302   203768.7795    73   203765.0000   203791.5213    22342    0.01%
   2778  1330   203771.6266    65   203765.0000   203791.1822    22757    0.01%
   2987  1447        cutoff         203765.0000   203790.4255    24147    0.01%
Elapsed time = 357.95 sec. (182047.95 ticks, tree = 13.74 MB, solutions = 2)
   3209  1559        cutoff         203765.0000   203789.6115    25874    0.01%
   3380  1638        cutoff         203765.0000   203788.9151    27205    0.01%
   3564  1708   203776.6285    78   203765.0000   203787.9673    28386    0.01%
   3763  1811   203781.6775    57   203765.0000   203787.3978    29649    0.01%
   3949  1925   203775.5458    48   203765.0000   203787.1161    30544    0.01%
   4150  2020   203767.4568    46   203765.0000   203786.6517    31775    0.01%
   4306  2104   203781.1299    62   203765.0000   203786.2654    32885    0.01%
   4453  2154        cutoff         203765.0000   203785.9539    33883    0.01%

Implied bound cuts applied:  43
Flow cuts applied:  72
Mixed integer rounding cuts applied:  88
Gomory fractional cuts applied:  151

Root node processing (before b&c):
  Real time             =   53.09 sec. (27906.79 ticks)
Sequential b&c:
  Real time             =  366.08 sec. (188629.39 ticks)
                          ------------
Total (root+branch&cut) =  419.17 sec. (216536.18 ticks)
