1 of 1 MIP starts provided solutions.
MIP start 'm1' defined initial solution with objective 152549.0000.
Tried aggregator 1 time.
MIP Presolve eliminated 0 rows and 1 columns.
Reduced MIP has 45300 rows, 22800 columns, and 3532650 nonzeros.
Reduced MIP has 22500 binaries, 0 generals, 0 SOSs, and 0 indicators.
Presolve time = 1.70 sec. (905.41 ticks)
Probing time = 0.11 sec. (46.41 ticks)
Tried aggregator 1 time.
Reduced MIP has 45300 rows, 22800 columns, and 3532650 nonzeros.
Reduced MIP has 22500 binaries, 0 generals, 0 SOSs, and 0 indicators.
Presolve time = 1.78 sec. (905.50 ticks)
Probing time = 0.10 sec. (46.00 ticks)
Clique table members: 150.
MIP emphasis: balance optimality and feasibility.
MIP search method: dynamic search.
Parallel mode: none, using 1 thread.
Root relaxation solution time = 0.87 sec. (431.20 ticks)

        Nodes                                         Cuts/
   Node  Left     Objective  IInf  Best Integer    Best Bound    ItCnt     Gap

*     0+    0                       152549.0000   152961.0000     1031    0.27%
      0     0   152960.1877   130   152549.0000   152960.1877     1031    0.27%
      0     0   152844.4785    64   152549.0000     Cuts: 176     1156    0.19%
      0     0   152798.5206    86   152549.0000      Cuts: 48     1256    0.16%

Repeating presolve.
Tried aggregator 1 time.
MIP Presolve eliminated 11175 rows and 11095 columns.
MIP Presolve modified 638152 coefficients.
Reduced MIP has 34125 rows, 11705 columns, and 1768202 nonzeros.
Reduced MIP has 11405 binaries, 0 generals, 0 SOSs, and 0 indicators.
Presolve time = 6.10 sec. (5101.18 ticks)
Probing time = 0.09 sec. (27.71 ticks)
Tried aggregator 1 time.
MIP Presolve modified 2635 coefficients.
Reduced MIP has 34125 rows, 11705 columns, and 1768202 nonzeros.
Reduced MIP has 11405 binaries, 0 generals, 0 SOSs, and 0 indicators.
Presolve time = 0.90 sec. (493.38 ticks)
Represolve time = 7.90 sec. (5847.50 ticks)
Probing time = 0.06 sec. (27.50 ticks)
Clique table members: 2592.
MIP emphasis: balance optimality and feasibility.
MIP search method: dynamic search.
Parallel mode: none, using 1 thread.
Root relaxation solution time = 0.64 sec. (320.32 ticks)

        Nodes                                         Cuts/
   Node  Left     Objective  IInf  Best Integer    Best Bound    ItCnt     Gap

*     0+    0                       152549.0000   152798.5206     2616    0.16%
      0     0   152798.5158    89   152549.0000   152798.5158     2616    0.16%
      0     2   152798.5158    89   152549.0000   152798.0158     2616    0.16%
Elapsed time = 29.45 sec. (18050.19 ticks, tree = 0.00 MB, solutions = 1)
     10    12   152787.1918    66   152549.0000   152798.0158     2656    0.16%
     20    22   152778.0020    53   152549.0000   152798.0158     2706    0.16%
     30    32   152764.5304    48   152549.0000   152798.0158     2761    0.16%
     40    42   152729.4913    42   152549.0000   152798.0158     2865    0.16%
     48    46   152717.4419    42   152549.0000   152798.0158     2947    0.16%
     56    46   152711.9908    42   152549.0000   152798.0158     3045    0.16%
     67    45        cutoff         152549.0000   152798.0158     3060    0.16%
     77    47   152710.0863    42   152549.0000   152798.0158     3074    0.16%
     89    47    infeasible         152549.0000   152798.0158     3084    0.16%
    129    47   152783.5613    82   152549.0000   152797.1790     3174    0.16%
Elapsed time = 35.04 sec. (21602.99 ticks, tree = 0.38 MB, solutions = 1)
    160    78   152710.2563    46   152549.0000   152797.1790     3342    0.16%
    193    99        cutoff         152549.0000   152797.1790     3688    0.16%
    220   104        cutoff         152549.0000   152797.1790     3864    0.16%
    240   106   152704.5563    38   152549.0000   152797.1790     3893    0.16%
    286   113   152773.0308    65   152549.0000   152796.5020     4000    0.16%
    320   147   152729.4482    44   152549.0000   152796.5020     4089    0.16%
    379   203   152774.5821    60   152549.0000   152796.0020     4202    0.16%
    427   251   152691.5173    42   152549.0000   152796.0020     4305    0.16%
    476   296   152760.8123    64   152549.0000   152795.0020     4412    0.16%
    499   319   152721.4819   105   152549.0000   152721.4445     6230    0.11%
Elapsed time = 155.27 sec. (83404.94 ticks, tree = 2.66 MB, solutions = 1)
    500   318   152717.7923   104   152549.0000   152717.7923     6233    0.11%
    506   316   152699.8302    99   152549.0000   152699.8302     6299    0.10%
    512   316   152686.8299    92   152549.0000   152695.1195     6326    0.10%
    519   312   152682.1336    92   152549.0000   152695.1195     6352    0.10%
    528   308   152642.5109    96   152549.0000   152695.1195     6452    0.10%
    531   307   152625.3370    92   152549.0000   152695.1195     6473    0.10%
    539   305   152622.0416    92   152549.0000   152695.1195     6481    0.10%
    551   301   152616.2574    91   152549.0000   152695.1195     6512    0.10%
    561   301   152599.2334    81   152549.0000   152695.1195     6591    0.10%
    575   284   152570.5292    68   152549.0000   152695.1195     6666    0.10%
Elapsed time = 179.16 sec. (94512.46 ticks, tree = 2.37 MB, solutions = 1)
    578   266   152578.5213   102   152549.0000   152674.8743     6788    0.08%
    587   263   152569.6000    95   152549.0000   152674.8743     6820    0.08%
    599   258   152569.5429    94   152549.0000   152674.8743     6832    0.08%
    617   220   152637.8354    83   152549.0000   152638.0134     6955    0.06%
    629   225   152610.3893    77   152549.0000   152638.0134     7034    0.06%
    645   229   152595.9222    69   152549.0000   152638.0134     7103    0.06%
    657   230   152586.2482    66   152549.0000   152638.0134     7125    0.06%
    666   219   152571.5262    78   152549.0000   152637.2257     7215    0.06%
    673   214   152614.3983    81   152549.0000   152630.4035     7246    0.05%
    695   219   152580.4969    77   152549.0000   152630.4035     7388    0.05%
Elapsed time = 200.72 sec. (105921.72 ticks, tree = 1.83 MB, solutions = 1)
    708   216   152593.5647    82   152549.0000   152622.7722     7441    0.05%
    746   217   152569.1390    85   152549.0000   152621.9402     7668    0.05%
    774   219   152586.0760    80   152549.0000   152619.1109     7841    0.05%
    799   228   152582.7249    83   152549.0000   152617.7782     8043    0.05%
    836   244   152575.8459    59   152549.0000   152615.7488     8267    0.04%
    847   248   152573.5311    48   152549.0000   152615.7488     8286    0.04%
    866   250   152552.3778    39   152549.0000   152615.7488     8327    0.04%
    902   262   152574.1060    41   152549.0000   152615.6050     8464    0.04%
    941   281   152586.9013    63   152549.0000   152614.8444     8608    0.04%
   1004   313   152562.5421    38   152549.0000   152614.7080     8794    0.04%
Elapsed time = 220.17 sec. (117823.08 ticks, tree = 2.61 MB, solutions = 1)
   1034   320   152549.1820    73   152549.0000   152614.3003     8914    0.04%
   1070   342   152592.5518    76   152549.0000   152610.2599     9099    0.04%
   1110   371   152560.3232    43   152549.0000   152610.2599     9174    0.04%
   1132   376   152598.8944    87   152549.0000   152608.7936     9231    0.04%
   1171   414   152555.5807    38   152549.0000   152608.7936     9325    0.04%
   1215   444   152589.1958    77   152549.0000   152608.6556     9547    0.04%
   1252   475   152582.1798    74   152549.0000   152608.6203     9699    0.04%
   1269   475   152549.1738    72   152549.0000   152608.6203     9746    0.04%
   1287   483   152562.5412    72   152549.0000   152607.9388     9892    0.04%
   1341   524   152595.4430    79   152549.0000   152607.3298    10072    0.04%
Elapsed time = 240.65 sec. (130667.48 ticks, tree = 4.38 MB, solutions = 1)
   1381   557   152601.3445    76   152549.0000   152606.9898    10229    0.04%
   1424   595   152557.4577    48   152549.0000   152606.9898    10365    0.04%
   1458   620   152580.2535    52   152549.0000   152606.9722    10462    0.04%
   1487   638   152576.3278    69   152549.0000   152606.5014    10589    0.04%
   1518   662   152585.5188    84   152549.0000   152606.4738    10750    0.04%
   1572   709   152574.7088    55   152549.0000   152606.3121    10954    0.04%
   1620   745        cutoff         152549.0000   152606.3018    11071    0.04%
   1670   787   152579.2649    48   152549.0000   152606.1756    11224    0.04%
   1695   804   152584.2892    68   152549.0000   152604.7420    11346    0.04%
   1739   838   152553.8649    87   152549.0000   152604.2341    11478    0.04%
Elapsed time = 262.34 sec. (144647.77 ticks, tree = 7.00 MB, solutions = 1)
   1776   858   152569.8672    59   152549.0000   152603.2591    11674    0.04%
   1823   889   152587.9793    73   152549.0000   152603.0762    11833    0.04%
   1856   914   152586.5625    72   152549.0000   152602.7429    11941    0.04%
   1906   956   152551.0588    34   152549.0000   152602.7429    12041    0.04%
   1943   985   152593.2079    77   152549.0000   152602.6626    12206    0.04%
   2014  1052   152572.8744    68   152549.0000   152602.1007    12374    0.03%
   2064  1096   152583.0116    50   152549.0000   152602.0147    12485    0.03%
   2111  1134   152564.8845    41   152549.0000   152601.6610    12673    0.03%
   2128  1147   152587.8628    83   152549.0000   152601.1558    12763    0.03%
   2190  1191   152587.4159    81   152549.0000   152600.9108    13041    0.03%
Elapsed time = 283.29 sec. (158624.54 ticks, tree = 9.97 MB, solutions = 1)
   2244  1235   152591.9651    88   152549.0000   152600.7681    13282    0.03%
   2306  1289   152567.4064    56   152549.0000   152600.6318    13488    0.03%
   2343  1314   152576.6751    71   152549.0000   152600.3990    13633    0.03%
   2403  1354   152551.1171    47   152549.0000   152600.3538    13837    0.03%
   2418  1368   152563.2776    58   152549.0000   152600.2692    13917    0.03%
   2481  1420   152571.4930    63   152549.0000   152600.0121    14132    0.03%
   2515  1446   152570.3231    53   152549.0000   152599.9388    14248    0.03%
   2559  1480   152566.5706    62   152549.0000   152599.5904    14415    0.03%
   2605  1519   152567.1903    54   152549.0000   152599.5261    14539    0.03%
   2646  1549   152558.3693    70   152549.0000   152599.4415    14807    0.03%
Elapsed time = 301.49 sec. (171203.51 ticks, tree = 12.95 MB, solutions = 1)
   2689  1577   152580.7433    77   152549.0000   152599.2179    15014    0.03%
   2746  1623   152575.3170    54   152549.0000   152599.0246    15247    0.03%
   2759  1634   152559.1852    37   152549.0000   152599.0246    15289    0.03%
   2796  1659   152585.8775    56   152549.0000   152598.7949    15445    0.03%
   2854  1707        cutoff         152549.0000   152598.6670    15609    0.03%
   2907  1751   152588.9146    77   152549.0000   152598.6140    15769    0.03%
   2933  1766   152595.5956    78   152549.0000   152598.5194    15854    0.03%
   2989  1818   152571.5155    55   152549.0000   152598.5004    16020    0.03%
   3023  1847   152572.5910    74   152549.0000   152598.4524    16161    0.03%
   3212  1998   152554.5861    35   152549.0000   152597.8993    16853    0.03%
Elapsed time = 324.52 sec. (187867.23 ticks, tree = 16.70 MB, solutions = 1)
   3299  2062   152582.8947    56   152549.0000   152597.4047    17191    0.03%
   3492  2208        cutoff         152549.0000   152596.7009    17901    0.03%
   3517  2225   152593.9050    68   152549.0000   152596.5115    18030    0.03%
   3619  2306   152590.2429    73   152549.0000   152596.2097    18387    0.03%
   3761  2405   152555.1032    72   152549.0000   152595.8367    19083    0.03%
   3914  2518   152569.8142    76   152549.0000   152595.5863    19660    0.03%
   4049  2598   152591.7078    73   152549.0000   152595.1357    20450    0.03%
   4141  2668   152586.3102    69   152549.0000   152595.0082    20840    0.03%
   4319  2785        cutoff         152549.0000   152594.3743    21606    0.03%
   4353  2807        cutoff         152549.0000   152594.2707    21770    0.03%
Elapsed time = 382.65 sec. (229132.85 ticks, tree = 23.51 MB, solutions = 1)
   4499  2907   152583.6842    74   152549.0000   152593.8220    22658    0.03%
   4568  2960        cutoff         152549.0000   152593.7258    22984    0.03%
   4714  3069   152558.5434    49   152549.0000   152593.5985    23559    0.03%
   4857  3175   152553.0962    32   152549.0000   152593.4590    24131    0.03%
   5014  3257   152582.2195    61   152549.0000   152592.9775    25070    0.03%
   5135  3348   152564.5478    56   152549.0000   152592.6840    25624    0.03%
   5307  3461        cutoff         152549.0000   152592.3338    26475    0.03%
   5375  3513   152572.2430    64   152549.0000   152592.2175    26783    0.03%
   5453  3564   152582.0475    75   152549.0000   152592.0265    27151    0.03%
   5579  3655   152563.3193    54   152549.0000   152591.7527    27693    0.03%
Elapsed time = 450.94 sec. (275847.06 ticks, tree = 30.57 MB, solutions = 1)
   5680  3715   152584.8773    72   152549.0000   152591.5703    28216    0.03%
   5868  3856        cutoff         152549.0000   152591.3822    29004    0.03%
   5971  3923   152589.8492    70   152549.0000   152591.2511    29479    0.03%
   6111  4018   152552.4451    52   152549.0000   152591.0450    30124    0.03%
   6234  4081   152583.8426    68   152549.0000   152590.6435    30887    0.03%
   6394  4195   152571.7242    72   152549.0000   152590.4398    31545    0.03%
   6472  4241   152556.0581    58   152549.0000   152590.1718    32093    0.03%
   6612  4329   152558.5447    70   152549.0000   152589.7963    32872    0.03%
   6631  4336   152589.4842    64   152549.0000   152589.7453    32973    0.03%
   6719  4380   152554.4763    56   152549.0000   152589.4657    33544    0.03%
Elapsed time = 516.51 sec. (322976.65 ticks, tree = 36.72 MB, solutions = 1)
   6872  4470   152551.7528    63   152549.0000   152589.2380    34306    0.03%
   6912  4487   152577.1217    69   152549.0000   152589.1425    34627    0.03%
   7092  4601   152578.9191    52   152549.0000   152588.9316    35379    0.03%
   7152  4626   152583.7506    68   152549.0000   152588.7443    35772    0.03%
   7299  4704   152581.7977    67   152549.0000   152588.4597    36655    0.03%
   7393  4774   152570.0922    64   152549.0000   152588.4078    37080    0.03%
   7499  4845   152563.6607    60   152549.0000   152588.3146    37631    0.03%
   7575  4886   152572.8689    61   152549.0000   152588.2445    38029    0.03%
   7752  4993   152549.9146    47   152549.0000   152587.9733    38880    0.03%
   7844  5052   152566.4858    62   152549.0000   152587.9509    39226    0.03%
Elapsed time = 572.45 sec. (363572.20 ticks, tree = 42.32 MB, solutions = 1)
   7956  5121   152573.3811    62   152549.0000   152587.8114    39901    0.03%
   8135  5229        cutoff         152549.0000   152587.5799    40767    0.03%
   8190  5259   152570.5454    48   152549.0000   152587.4524    41096    0.03%
   8363  5347   152569.0717    77   152549.0000   152587.2122    42090    0.03%
   8396  5365   152567.1135    63   152549.0000   152587.1928    42268    0.03%
   8539  5447   152565.9244    72   152549.0000   152587.0388    43068    0.02%
   8704  5531   152551.6357    63   152549.0000   152586.8457    44090    0.02%
   8871  5633   152564.7790    55   152549.0000   152586.5937    45022    0.02%
   8931  5672   152572.7454    51   152549.0000   152586.5192    45298    0.02%
   9111  5781   152456.1281    55   152549.0000   152586.3112    46167    0.02%
Elapsed time = 645.71 sec. (410320.72 ticks, tree = 48.41 MB, solutions = 1)
   9173  5820   152575.0189    61   152549.0000   152586.2162    46532    0.02%
   9305  5901   152576.6971    56   152549.0000   152586.0599    47259    0.02%
   9469  5983   152577.0326    57   152549.0000   152585.7822    48283    0.02%
   9524  6016   152551.1656    63   152549.0000   152585.7235    48619    0.02%
   9692  6130   152557.5507    50   152549.0000   152585.5937    49278    0.02%
   9802  6200   152567.2695    60   152549.0000   152585.5092    49778    0.02%
   9951  6292   152560.7472    59   152549.0000   152585.3516    50635    0.02%
  10066  6362   152556.5621    46   152549.0000   152585.2468    51255    0.02%
  10197  6442   152580.0513    65   152549.0000   152585.1209    51881    0.02%
  10374  6553   152562.1914    54   152549.0000   152584.9780    52687    0.02%
Elapsed time = 716.10 sec. (459224.50 ticks, tree = 54.84 MB, solutions = 1)
  10457  6607        cutoff         152549.0000   152584.9255    53038    0.02%
  10479  6626   152563.3650    55   152549.0000   152584.8902    53090    0.02%
  10481  6626   152712.1341   105   152549.0000   152584.8876    54418    0.02%
  10501  6620   152708.2305    99   152549.0000   152584.8876    54463    0.02%
  10540  6619   152589.3504    74   152549.0000   152584.8876    54647    0.02%
  10583  6414   152682.8238    83   152549.0000   152584.8876    54750    0.02%
  10601  6030   152570.1075    87   152549.0000   152584.8876    54933    0.02%
  10616  5660   152641.8569    89   152549.0000   152584.8876    55159    0.02%
  10659  5659   152580.8611    64   152549.0000   152584.8876    55317    0.02%
  10696  5558   152562.4685    74   152549.0000   152584.8876    55433    0.02%
Elapsed time = 867.65 sec. (543184.15 ticks, tree = 46.40 MB, solutions = 1)
  10719  5276   152596.3497    80   152549.0000   152584.8876    55627    0.02%
  10772  5270   152550.5545    59   152549.0000   152584.8876    55796    0.02%
  10819  5189   152582.5793    64   152549.0000   152584.8876    55941    0.02%
  10864  5014   152572.4339    80   152549.0000   152584.8876    56147    0.02%
  10912  4954   152559.1163    59   152549.0000   152584.8876    56363    0.02%
  10965  4895   152580.7988    59   152549.0000   152584.8876    56529    0.02%
  11029  4805   152572.0866    62   152549.0000   152584.8876    56761    0.02%
  11098  4693   152578.2090    53   152549.0000   152584.8876    56958    0.02%
  11165  4659   152578.6447    54   152549.0000   152584.8876    57138    0.02%
  11215  4550   152592.8193    64   152549.0000   152584.8876    57412    0.02%
Elapsed time = 930.25 sec. (581740.11 ticks, tree = 37.74 MB, solutions = 1)
  11281  4508   152585.3090    61   152549.0000   152584.8876    57608    0.02%
  11366  4441   152593.0967    66   152549.0000   152584.8876    57854    0.02%
  11430  4425   152564.9110    63   152549.0000   152584.8876    57998    0.02%
  11481  4378   152567.1470    47   152549.0000   152584.8876    58187    0.02%
  11566  4344   152568.1241    42   152549.0000   152584.8876    58451    0.02%
  11657  4333   152573.4477    60   152549.0000   152584.8876    58681    0.02%
  11766  4297   152568.5287    52   152549.0000   152584.8876    59027    0.02%
  11849  4248   152589.1242    71   152549.0000   152584.8876    59351    0.02%
  11951  4221   152584.5693    63   152549.0000   152584.8876    59645    0.02%
  12033  4181   152580.2647    62   152549.0000   152584.8876    59945    0.02%
Elapsed time = 987.09 sec. (620245.99 ticks, tree = 33.88 MB, solutions = 1)
  12131  4160   152554.9775    67   152549.0000   152584.8876    60219    0.02%
  12219  4109   152581.7138    81   152549.0000   152584.8876    60598    0.02%
  12315  4113   152594.5614    55   152549.0000   152584.8876    60878    0.02%
  12446  4122   152566.9060    51   152549.0000   152584.8876    61286    0.02%
  12557  4136   152578.3083    70   152549.0000   152584.8876    61620    0.02%
  12614  4124   152557.7690    79   152549.0000   152584.8876    61834    0.02%
  12712  4126   152583.3530    62   152549.0000   152584.8876    62191    0.02%
  12839  4142   152549.0375    30   152549.0000   152584.8876    62577    0.02%
  12963  4179   152563.1008    35   152549.0000   152584.8876    62906    0.02%
  13051  4172   152550.0793    39   152549.0000   152584.8876    63221    0.02%
Elapsed time = 1049.40 sec. (658674.52 ticks, tree = 32.64 MB, solutions = 1)
  13177  4194   152549.8125    59   152549.0000   152584.8876    63616    0.02%
  13304  4205   152582.1923    54   152549.0000   152584.8876    64080    0.02%
  13435  4241   152560.1166    51   152549.0000   152584.8876    64512    0.02%
  13556  4269   152574.2902    44   152549.0000   152584.8876    64871    0.02%
  13685  4293   152580.8505    60   152549.0000   152584.8876    65193    0.02%
  13771  4299   152589.0290    60   152549.0000   152584.8876    65498    0.02%
  13876  4315   152552.5733    33   152549.0000   152584.8876    65723    0.02%
  13977  4311   152575.1601    51   152549.0000   152584.8876    65980    0.02%
  14097  4334   152583.3177    56   152549.0000   152584.8876    66332    0.02%
  14219  4349   152588.0096    50   152549.0000   152584.8876    66732    0.02%
Elapsed time = 1104.62 sec. (697104.46 ticks, tree = 32.56 MB, solutions = 1)
  14341  4389   152579.3845    43   152549.0000   152584.8876    67044    0.02%
  14456  4402   152581.6878    54   152549.0000   152584.8876    67540    0.02%
  14569  4433   152585.8128    61   152549.0000   152584.8876    67849    0.02%
  14701  4469   152552.3255    53   152549.0000   152584.8876    68361    0.02%
  14829  4497   152576.0821    49   152549.0000   152584.8876    68716    0.02%
  14947  4517   152578.5824    62   152549.0000   152584.8876    69164    0.02%
  15086  4556   152575.4135    49   152549.0000   152584.8876    69765    0.02%
  15214  4575   152561.6135    35   152549.0000   152584.8876    70149    0.02%
  15337  4594   152583.7928    59   152549.0000   152584.8876    70634    0.02%
  15474  4639   152582.7516    53   152549.0000   152584.8876    70994    0.02%
Elapsed time = 1160.49 sec. (735378.30 ticks, tree = 33.35 MB, solutions = 1)
  15595  4673   152570.8487    59   152549.0000   152584.8876    71393    0.02%
  15727  4699   152562.7033    60   152549.0000   152584.8876    71825    0.02%
  15855  4716        cutoff         152549.0000   152584.8876    72251    0.02%
  15990  4746   152572.4881    65   152549.0000   152584.8876    72707    0.02%
  16128  4769        cutoff         152549.0000   152584.8876    73329    0.02%
  16257  4786   152531.6092    40   152549.0000   152584.8876    73802    0.02%
  16388  4823   152549.3323    31   152549.0000   152584.8876    74219    0.02%
  16481  4837   152568.1501    51   152549.0000   152584.8876    74712    0.02%
  16612  4869        cutoff         152549.0000   152584.8876    75091    0.02%
  16743  4889   152564.4705    56   152549.0000   152584.8876    75605    0.02%
Elapsed time = 1219.57 sec. (773884.62 ticks, tree = 33.83 MB, solutions = 1)
  16879  4905   152558.3871    61   152549.0000   152584.8876    76130    0.02%
  17014  4933   152567.4240    53   152549.0000   152584.8876    76667    0.02%
  17135  4942   152575.7655    53   152549.0000   152584.8876    77005    0.02%
  17281  4986   152553.4668    39   152549.0000   152584.8876    77526    0.02%
  17404  5004   152569.4246    51   152549.0000   152584.8876    78066    0.02%
  17538  5011   152568.9197    46   152549.0000   152584.8876    78500    0.02%
  17675  5031   152573.7868    71   152549.0000   152584.8876    78951    0.02%
  17796  5034   152585.1897    52   152549.0000   152584.8876    79509    0.02%
  17933  5060   152553.1701    54   152549.0000   152584.8876    79971    0.02%
  18065  5076   152565.9729    57   152549.0000   152584.7782    80495    0.02%
Elapsed time = 1276.30 sec. (812459.36 ticks, tree = 33.89 MB, solutions = 1)
  18195  5091   152566.4809    62   152549.0000   152584.6367    81005    0.02%
  18329  5122   152581.8152    65   152549.0000   152584.5091    81424    0.02%
  18472  5142   152577.1966    52   152549.0000   152584.2585    81923    0.02%
  18575  5172   152573.3264    45   152549.0000   152584.2137    82217    0.02%
  18701  5177   152563.8813    55   152549.0000   152584.0585    82676    0.02%
  18845  5205   152550.8144    43   152549.0000   152583.9467    83111    0.02%
  18965  5244   152578.7381    52   152549.0000   152583.8731    83398    0.02%
  19105  5342   152558.3764    42   152549.0000   152583.8148    83988    0.02%
  19238  5425   152571.9678    67   152549.0000   152583.7494    84598    0.02%
  19382  5528   152567.1475    45   152549.0000   152583.6657    85048    0.02%
Elapsed time = 1337.22 sec. (850795.27 ticks, tree = 36.00 MB, solutions = 1)
  19481  5582   152574.7803    54   152549.0000   152583.5227    85475    0.02%
  19620  5668   152583.0396    43   152549.0000   152583.3387    86041    0.02%
  19737  5727   152580.5204    54   152549.0000   152583.1966    86516    0.02%
  19888  5839   152552.7982    39   152549.0000   152583.1430    87077    0.02%
  20016  5915        cutoff         152549.0000   152583.0406    87605    0.02%
  20149  6003   152566.8862    49   152549.0000   152582.9255    88116    0.02%
  20279  6081   152558.5523    48   152549.0000   152582.7943    88674    0.02%
  20403  6152   152552.4854    65   152549.0000   152582.7196    89179    0.02%
  20534  6231   152577.6077    57   152549.0000   152582.5884    89628    0.02%
  20680  6336   152555.9274    50   152549.0000   152582.4253    90163    0.02%
Elapsed time = 1400.00 sec. (890199.94 ticks, tree = 41.24 MB, solutions = 1)
  20817  6418   152569.5489    43   152549.0000   152582.3496    90592    0.02%
  20943  6497   152565.5830    39   152549.0000   152582.2436    91048    0.02%
  21086  6594   152565.5551    55   152549.0000   152582.1529    91495    0.02%
  21236  6695   152570.2766    40   152549.0000   152582.0108    91957    0.02%
  21379  6785   152577.7471    54   152549.0000   152581.8827    92382    0.02%
  21514  6872   152575.6299    52   152549.0000   152581.7539    92901    0.02%
  21658  6962   152567.2730    48   152549.0000   152581.6268    93569    0.02%
  21806  7062   152554.4019    56   152549.0000   152581.5612    94049    0.02%
  21947  7147   152556.3901    45   152549.0000   152581.4014    94547    0.02%
  22079  7238   152572.7008    58   152549.0000   152581.3580    94944    0.02%
Elapsed time = 1459.28 sec. (928523.54 ticks, tree = 47.08 MB, solutions = 1)
  22223  7331   152551.4877    36   152549.0000   152581.3005    95432    0.02%
  22365  7426        cutoff         152549.0000   152581.2643    95831    0.02%
  22494  7503   152568.4175    51   152549.0000   152581.1972    96355    0.02%
  22640  7603   152562.6193    37   152549.0000   152581.0594    96929    0.02%
  22781  7704   152568.4504    55   152549.0000   152580.9845    97417    0.02%
  22908  7792   152554.0639    53   152549.0000   152580.9028    97862    0.02%
  23037  7883   152564.5720    46   152549.0000   152580.8250    98292    0.02%
  23175  7967   152559.8131    60   152549.0000   152580.6795    98728    0.02%
  23297  8048   152575.5818    47   152549.0000   152580.6071    99150    0.02%
  23442  8152   152559.3702    54   152549.0000   152580.5463    99547    0.02%
Elapsed time = 1517.12 sec. (966890.89 ticks, tree = 53.00 MB, solutions = 1)
  23523  8201   152568.8443    44   152549.0000   152580.4565    99871    0.02%
  23669  8291   152571.3945    57   152549.0000   152580.4067   100331    0.02%
  23793  8364   152576.7444    44   152549.0000   152580.3654   100846    0.02%
  23924  8442   152563.5955    73   152549.0000   152580.3126   101282    0.02%
  24075  8541   152579.4068    47   152549.0000   152580.2325   101773    0.02%
  24215  8632   152574.7680    53   152549.0000   152580.1625   102364    0.02%
  24355  8734   152561.5564    40   152549.0000   152580.1312   102914    0.02%
  24484  8810   152550.4362    43   152549.0000   152580.0953   103324    0.02%
  24617  8891        cutoff         152549.0000   152580.0496   103746    0.02%
  24752  8980   152557.1061    47   152549.0000   152579.9818   104193    0.02%
Elapsed time = 1578.31 sec. (1005161.48 ticks, tree = 58.60 MB, solutions = 1)
  24892  9081   152566.5984    53   152549.0000   152579.9044   104596    0.02%
  25039  9178   152568.8382    39   152549.0000   152579.8522   105033    0.02%
  25166  9250        cutoff         152549.0000   152579.7400   105446    0.02%
  25310  9352   152560.4654    64   152549.0000   152579.6868   105844    0.02%
  25450  9447   152557.7985    47   152549.0000   152579.6286   106298    0.02%
  25605  9555   152576.3581    56   152549.0000   152579.4994   106696    0.02%
  25733  9634   152579.4293    66   152549.0000   152579.4253   107188    0.02%
  25869  9705   152572.5716    50   152549.0000   152579.3810   107667    0.02%
  26021  9814   152552.0672    38   152549.0000   152579.3206   108062    0.02%
  26164  9909   152558.3088    53   152549.0000   152579.1982   108470    0.02%
Elapsed time = 1639.80 sec. (1043738.33 ticks, tree = 64.61 MB, solutions = 1)
  26305  9991        cutoff         152549.0000   152579.1494   108822    0.02%
  26438 10078   152578.3159    39   152549.0000   152579.1120   109198    0.02%
  26556 10159        cutoff         152549.0000   152579.0628   109544    0.02%
  26690 10249   152560.6804    51   152549.0000   152579.0108   109937    0.02%
  26810 10332   152552.3916    61   152549.0000   152578.9486   110365    0.02%
  26929 10405   152570.6363    69   152549.0000   152578.8808   110645    0.02%
  27041 10471   152553.6952    63   152549.0000   152578.8522   110933    0.02%
  27155 10533   152574.8436    57   152549.0000   152578.8107   111224    0.02%
  27291 10625   152572.6074    62   152549.0000   152578.7626   111556    0.02%
  27412 10694   152569.9363    44   152549.0000   152578.7055   112013    0.02%
Elapsed time = 1699.25 sec. (1082181.36 ticks, tree = 69.70 MB, solutions = 1)
  27484 10735   152553.9853    52   152549.0000   152578.6608   112275    0.02%
  27601 10776   152569.8442    56   152549.0000   152578.5131   112720    0.02%
  27711 10841   152572.9733    57   152549.0000   152578.4810   113014    0.02%
  27824 10904   152549.5077    34   152549.0000   152578.3983   113471    0.02%
  27937 10967   152566.7982    57   152549.0000   152578.3712   113754    0.02%
  28052 11039   152574.6652    46   152549.0000   152578.3069   114139    0.02%
  28167 11101   152553.3037    43   152549.0000   152578.2589   114607    0.02%
  28310 11192        cutoff         152549.0000   152578.1781   114947    0.02%
  28430 11261   152559.8893    49   152549.0000   152578.1034   115485    0.02%
  28544 11328   152570.2586    55   152549.0000   152578.0659   115858    0.02%
Elapsed time = 1758.19 sec. (1120709.08 ticks, tree = 73.81 MB, solutions = 1)
  28680 11408   152570.2805    44   152549.0000   152578.0010   116360    0.02%
  28800 11469   152567.8256    61   152549.0000   152577.9433   116769    0.02%
  28912 11534   152565.2254    61   152549.0000   152577.9042   117237    0.02%
  29054 11613   152549.1259    43   152549.0000   152577.8522   117735    0.02%
  29182 11686   152567.1685    42   152549.0000   152577.7997   118148    0.02%
  29287 11749   152554.1383    49   152549.0000   152577.7840   118570    0.02%
  29395 11806   152568.5980    56   152549.0000   152577.7197   118927    0.02%
  29511 11864   152555.6724    55   152549.0000   152577.6536   119300    0.02%
  29618 11914   152559.4657    43   152549.0000   152577.6379   119684    0.02%
  29744 11974   152569.2887    75   152549.0000   152577.6249   120141    0.02%
Elapsed time = 1815.05 sec. (1159162.57 ticks, tree = 78.00 MB, solutions = 1)
  29861 12025   152553.4221    46   152549.0000   152577.6066   120555    0.02%
  29975 12085   152577.5706    45   152549.0000   152577.5760   120913    0.02%
  30077 12133   152574.7946    69   152549.0000   152577.5180   121309    0.02%
  30186 12191   152568.5656    48   152549.0000   152577.4671   121744    0.02%
  30308 12265   152550.6915    39   152549.0000   152577.4149   122081    0.02%
  30436 12344   152571.2488    50   152549.0000   152577.3702   122483    0.02%
  30542 12392   152550.2669    35   152549.0000   152577.3414   122824    0.02%
  30651 12452   152557.7639    59   152549.0000   152577.3097   123166    0.02%
  30775 12529   152561.5286    50   152549.0000   152577.2715   123572    0.02%
  30911 12602   152562.9292    52   152549.0000   152577.2322   123993    0.02%
Elapsed time = 1870.27 sec. (1197553.05 ticks, tree = 82.07 MB, solutions = 1)
  31056 12672   152560.3792    43   152549.0000   152577.1688   124536    0.02%
  31184 12745   152550.4074    43   152549.0000   152577.1517   124988    0.02%
  31307 12823   152550.4206    41   152549.0000   152577.1344   125364    0.02%
  31441 12889   152573.6834    37   152549.0000   152577.1082   125854    0.02%
  31523 12931   152568.4361    62   152549.0000   152577.0731   126095    0.02%
  31669 13013   152561.5796    52   152549.0000   152577.0203   126612    0.02%
  31804 13085   152560.5588    39   152549.0000   152576.9467   127030    0.02%
  31928 13140   152556.0663    41   152549.0000   152576.9112   127500    0.02%
  32066 13204   152555.6322    53   152549.0000   152576.8619   128008    0.02%
  32198 13253   152564.7291    49   152549.0000   152576.8109   128538    0.02%
Elapsed time = 1923.70 sec. (1236022.02 ticks, tree = 86.29 MB, solutions = 1)
  32329 13327   152562.1917    53   152549.0000   152576.7720   129086    0.02%
  32454 13371   152557.2088    40   152549.0000   152576.7120   129620    0.02%
  32538 13421   152561.7710    40   152549.0000   152576.6832   129877    0.02%
  32666 13483   152557.4594    43   152549.0000   152576.6200   130349    0.02%
  32783 13527   152554.9115    49   152549.0000   152576.5636   130791    0.02%
  32907 13575   152555.7910    54   152549.0000   152576.4980   131272    0.02%
  33001 13614   152549.0651    56   152549.0000   152576.4458   131690    0.02%
  33113 13674   152565.4912    61   152549.0000   152576.4003   132080    0.02%
  33230 13741   152564.8133    57   152549.0000   152576.3481   132679    0.02%
  33352 13796        cutoff         152549.0000   152576.3029   133156    0.02%
Elapsed time = 1975.55 sec. (1274384.37 ticks, tree = 89.81 MB, solutions = 1)
  33462 13847   152570.9238    46   152549.0000   152576.2827   133557    0.02%
  33587 13907   152551.3888    27   152549.0000   152576.2337   134018    0.02%
  33699 13953   152555.0734    55   152549.0000   152576.1801   134436    0.02%
  33805 13997   152576.0990    58   152549.0000   152576.0985   134928    0.02%
  33913 14044        cutoff         152549.0000   152576.0696   135307    0.02%
  34042 14127   152569.8291    61   152549.0000   152576.0223   135755    0.02%
  34175 14194   152562.2472    46   152549.0000   152575.9687   136220    0.02%
  34307 14244   152566.9200    55   152549.0000   152575.9078   136769    0.02%
  34437 14314   152559.8990    55   152549.0000   152575.8612   137238    0.02%
  34564 14384   152560.5602    45   152549.0000   152575.8256   137699    0.02%
Elapsed time = 2030.82 sec. (1312822.79 ticks, tree = 93.62 MB, solutions = 1)
  34692 14433   152559.7592    47   152549.0000   152575.7788   138330    0.02%
  34812 14486   152550.0466    40   152549.0000   152575.7257   138779    0.02%
  34914 14533   152570.9319    52   152549.0000   152575.6636   139212    0.02%
  35039 14602   152559.0581    56   152549.0000   152575.5976   139565    0.02%
  35157 14639   152564.5514    45   152549.0000   152575.5613   140128    0.02%
  35285 14683   152550.9600    47   152549.0000   152575.5082   140698    0.02%
  35414 14763   152568.1517    45   152549.0000   152575.4786   141105    0.02%
  35481 14791   152554.5860    45   152549.0000   152575.4392   141451    0.02%
  35586 14821   152559.4258    42   152549.0000   152575.3960   142053    0.02%
  35687 14861   152554.1003    42   152549.0000   152575.3827   142430    0.02%
Elapsed time = 2094.44 sec. (1351364.75 ticks, tree = 96.71 MB, solutions = 1)
  35797 14904   152570.3005    41   152549.0000   152575.3482   142939    0.02%
  35922 14983   152555.4027    39   152549.0000   152575.3230   143223    0.02%
  36049 15044        cutoff         152549.0000   152575.2779   143717    0.02%
  36181 15115   152552.8429    45   152549.0000   152575.2407   144145    0.02%
  36292 15172   152550.0492    42   152549.0000   152575.2144   144547    0.02%
  36398 15222   152558.2824    59   152549.0000   152575.1715   144957    0.02%
  36481 15266   152568.4889    54   152549.0000   152575.1306   145289    0.02%
  36588 15312   152556.7866    48   152549.0000   152575.1034   145664    0.02%
  36700 15365   152562.3065    56   152549.0000   152575.0599   146090    0.02%
  36823 15407   152557.6118    49   152549.0000   152575.0217   146592    0.02%
Elapsed time = 2159.99 sec. (1390148.72 ticks, tree = 100.25 MB, solutions = 1)
  36942 15465        cutoff         152549.0000   152574.9885   146973    0.02%
  37054 15518   152566.0012    50   152549.0000   152574.9557   147388    0.02%
  37170 15593   152559.8151    54   152549.0000   152574.9373   147706    0.02%
  37299 15650   152569.0845    45   152549.0000   152574.8911   148124    0.02%
  37421 15714   152554.1149    49   152549.0000   152574.8474   148488    0.02%
  37545 15756   152569.0227    51   152549.0000   152574.8165   148921    0.02%
  37678 15816   152562.1615    49   152549.0000   152574.7470   149318    0.02%
  37801 15855   152555.7019    45   152549.0000   152574.7096   149774    0.02%
  37918 15913   152555.7361    53   152549.0000   152574.6710   150174    0.02%
  38045 15989   152551.2734    47   152549.0000   152574.6305   150640    0.02%
Elapsed time = 2224.14 sec. (1428413.36 ticks, tree = 104.03 MB, solutions = 1)
  38163 16041   152565.4769    59   152549.0000   152574.5887   151032    0.02%
  38292 16105   152552.5036    43   152549.0000   152574.5460   151508    0.02%
  38422 16162   152568.4153    48   152549.0000   152574.4457   151972    0.02%
  38558 16244   152558.0670    46   152549.0000   152574.4161   152309    0.02%
  38694 16307   152569.0630    45   152549.0000   152574.3690   152771    0.02%
  38824 16374   152569.2554    45   152549.0000   152574.3347   153119    0.02%
  38927 16410   152550.0456    37   152549.0000   152574.2798   153584    0.02%
  39035 16462   152570.3705    51   152549.0000   152574.2618   153975    0.02%
  39154 16530   152570.8371    55   152549.0000   152574.2287   154297    0.02%
  39263 16579   152551.9439    46   152549.0000   152574.1984   154721    0.02%
Elapsed time = 2285.99 sec. (1466722.31 ticks, tree = 108.32 MB, solutions = 1)
  39391 16644   152564.8757    53   152549.0000   152574.1610   155198    0.02%
  39522 16705        cutoff         152549.0000   152574.1033   155643    0.02%
  39650 16760   152573.9699    50   152549.0000   152574.0427   156061    0.02%
  39774 16823   152559.9563    51   152549.0000   152574.0179   156445    0.02%
  39907 16899   152555.1752    44   152549.0000   152573.9915   156839    0.02%
  40030 16960   152569.0970    50   152549.0000   152573.9552   157257    0.02%
  40146 17013   152565.7206    44   152549.0000   152573.9264   157670    0.02%
  40266 17074   152559.0012    45   152549.0000   152573.8800   158030    0.02%
  40382 17101   152568.5087    43   152549.0000   152573.8346   158543    0.02%
  40481 17148   152557.8550    45   152549.0000   152573.8124   158892    0.02%
Elapsed time = 2347.96 sec. (1505648.74 ticks, tree = 112.00 MB, solutions = 1)
  40605 17196        cutoff         152549.0000   152573.7649   159447    0.02%
  40715 17240   152563.6986    52   152549.0000   152573.7249   159788    0.02%
  40835 17297   152567.4925    47   152549.0000   152573.6777   160223    0.02%
  40962 17346   152562.2913    50   152549.0000   152573.6465   160700    0.02%
  41078 17401   152557.2861    53   152549.0000   152573.5902   161151    0.02%
  41199 17453   152554.4443    51   152549.0000   152573.5641   161546    0.02%
  41311 17513   152560.1132    44   152549.0000   152573.5434   161936    0.02%
  41426 17553   152566.8401    50   152549.0000   152573.4911   162405    0.02%
  41508 17600   152573.3608    55   152549.0000   152573.4709   162606    0.02%
  41654 17689   152551.8503    49   152549.0000   152573.4367   163037    0.02%
Elapsed time = 2408.00 sec. (1544063.06 ticks, tree = 115.51 MB, solutions = 1)
  41780 17751   152568.2612    44   152549.0000   152573.3978   163422    0.02%
  41910 17824   152552.4173    43   152549.0000   152573.3780   163802    0.02%
  42051 17877   152573.3425    47   152549.0000   152573.3414   164288    0.02%
  42195 17945   152552.2492    61   152549.0000   152573.3247   164817    0.02%
  42317 18014   152563.5426    47   152549.0000   152573.2901   165212    0.02%
  42428 18060   152565.6773    65   152549.0000   152573.2546   165613    0.02%
  42529 18089   152550.2600    43   152549.0000   152573.1846   166118    0.02%
  42635 18145   152556.6259    53   152549.0000   152573.1568   166573    0.02%
  42748 18184   152569.0019    55   152549.0000   152573.0838   166992    0.02%
  42871 18236   152554.8313    53   152549.0000   152573.0574   167463    0.02%
Elapsed time = 2468.35 sec. (1582399.33 ticks, tree = 119.06 MB, solutions = 1)
  42983 18263   152559.4285    57   152549.0000   152573.0083   168018    0.02%
  43095 18310   152561.6869    50   152549.0000   152572.9653   168456    0.02%
  43224 18375   152561.3120    47   152549.0000   152572.9255   168941    0.02%
  43333 18416   152551.4213    57   152549.0000   152572.8927   169388    0.02%
  43461 18452   152557.2814    60   152549.0000   152572.8505   169895    0.02%
  43581 18502   152564.9691    65   152549.0000   152572.8267   170350    0.02%
  43683 18541   152568.8888    57   152549.0000   152572.7872   170766    0.02%
  43799 18605   152554.7800    49   152549.0000   152572.7702   171157    0.02%
  43920 18660   152572.6101    57   152549.0000   152572.7308   171590    0.02%
  44039 18708   152553.3393    35   152549.0000   152572.6962   172041    0.02%
Elapsed time = 2528.53 sec. (1620883.41 ticks, tree = 122.11 MB, solutions = 1)
  44142 18752   152561.7176    39   152549.0000   152572.6491   172466    0.02%
  44275 18809   152563.4003    43   152549.0000   152572.6066   173005    0.02%
  44393 18863   152552.9329    51   152549.0000   152572.5822   173446    0.02%
  44481 18896   152550.0716    40   152549.0000   152572.5415   173799    0.02%
  44609 18957   152556.5595    50   152549.0000   152572.5158   174276    0.02%
  44720 19000   152569.3584    51   152549.0000   152572.4828   174628    0.02%
  44853 19067   152556.0813    61   152549.0000   152572.4568   175023    0.02%
  44961 19124   152557.2217    44   152549.0000   152572.4401   175315    0.02%
  45062 19159   152565.8235    57   152549.0000   152572.3975   175694    0.02%
  45188 19215   152551.8838    48   152549.0000   152572.3631   176155    0.02%
Elapsed time = 2588.71 sec. (1659812.34 ticks, tree = 125.41 MB, solutions = 1)
  45291 19244   152566.3868    55   152549.0000   152572.3259   176580    0.02%
  45398 19290   152561.1307    50   152549.0000   152572.2912   176935    0.02%
  45516 19340   152552.3019    46   152549.0000   152572.2661   177331    0.02%
  45628 19391   152572.1472    35   152549.0000   152572.2319   177681    0.02%
  45741 19436   152562.0831    43   152549.0000   152572.1945   178098    0.02%
  45847 19479   152572.1612    52   152549.0000   152572.1545   178454    0.02%
  45967 19552   152564.0707    58   152549.0000   152572.1360   178861    0.02%
  46069 19595   152566.0717    51   152549.0000   152572.1120   179259    0.02%
  46183 19649   152560.2853    44   152549.0000   152572.0760   179623    0.02%
  46306 19694   152560.6378    63   152549.0000   152572.0436   180050    0.02%
Elapsed time = 2647.92 sec. (1698195.84 ticks, tree = 128.51 MB, solutions = 1)
  46433 19766   152549.2263    43   152549.0000   152572.0154   180360    0.02%
  46530 19802   152564.0483    45   152549.0000   152571.9719   180716    0.02%
  46634 19844        cutoff         152549.0000   152571.9434   181135    0.02%
  46752 19899   152571.9172    42   152549.0000   152571.9167   181516    0.02%
  46881 19946   152557.9738    47   152549.0000   152571.8482   182026    0.01%
  47006 19996        cutoff         152549.0000   152571.8124   182476    0.01%
  47116 20035   152550.1226    64   152549.0000   152571.7785   182906    0.01%
  47237 20093   152551.9033    36   152549.0000   152571.7533   183307    0.01%
  47345 20132   152571.7161    66   152549.0000   152571.7157   183698    0.01%
  47457 20187   152570.8934    45   152549.0000   152571.6916   184101    0.01%
Elapsed time = 2707.56 sec. (1736820.78 ticks, tree = 131.70 MB, solutions = 1)
  47557 20239   152552.3542    39   152549.0000   152571.6647   184420    0.01%
  47683 20284   152556.6475    43   152549.0000   152571.6237   184813    0.01%
  47798 20326   152555.4830    47   152549.0000   152571.5938   185213    0.01%
  47920 20376   152556.7387    40   152549.0000   152571.5820   185589    0.01%
  48048 20437   152558.0353    63   152549.0000   152571.5484   186037    0.01%
  48163 20490   152555.1103    47   152549.0000   152571.5172   186417    0.01%
  48274 20532        cutoff         152549.0000   152571.4861   186801    0.01%
  48390 20560        cutoff         152549.0000   152571.4564   187243    0.01%
  48481 20605   152562.4508    47   152549.0000   152571.4355   187497    0.01%
  48594 20655   152553.2257    51   152549.0000   152571.4182   187924    0.01%
Elapsed time = 2769.56 sec. (1776252.04 ticks, tree = 134.74 MB, solutions = 1)
  48701 20715   152563.4061    54   152549.0000   152571.4042   188278    0.01%
  48814 20771   152571.3960    51   152549.0000   152571.3924   188693    0.01%
  48946 20827   152571.2851    35   152549.0000   152571.3631   189148    0.01%
  49060 20873   152561.8660    43   152549.0000   152571.3298   189526    0.01%
  49171 20918        cutoff         152549.0000   152571.3005   189926    0.01%
  49290 20978   152553.4679    33   152549.0000   152571.2629   190266    0.01%
  49405 21030   152552.6379    35   152549.0000   152571.2417   190665    0.01%
  49510 21076   152562.8519    38   152549.0000   152571.2092   190995    0.01%
  49614 21124   152569.1682    54   152549.0000   152571.1824   191385    0.01%
  49728 21171        cutoff         152549.0000   152571.1627   191793    0.01%
Elapsed time = 2827.62 sec. (1814528.19 ticks, tree = 138.09 MB, solutions = 1)
  49845 21218   152566.0426    51   152549.0000   152571.1379   192183    0.01%
  49954 21267   152568.4481    62   152549.0000   152571.1147   192535    0.01%
  50070 21326   152558.5834    53   152549.0000   152571.0973   192834    0.01%
  50167 21344   152560.0091    46   152549.0000   152571.0422   193326    0.01%
  50269 21401   152565.0490    52   152549.0000   152571.0155   193671    0.01%
  50391 21441   152565.2536    51   152549.0000   152570.9876   194200    0.01%
  50481 21472   152556.7467    47   152549.0000   152570.9609   194505    0.01%
  50602 21512   152551.0712    65   152549.0000   152570.9302   194985    0.01%
  50716 21535   152558.0136    41   152549.0000   152570.8950   195438    0.01%
  50827 21570   152551.2884    56   152549.0000   152570.8578   195840    0.01%
Elapsed time = 2887.06 sec. (1853354.91 ticks, tree = 140.68 MB, solutions = 1)
  50954 21615   152562.1662    46   152549.0000   152570.8324   196332    0.01%
  51072 21658   152549.9733    52   152549.0000   152570.8026   196804    0.01%
  51206 21712        cutoff         152549.0000   152570.7713   197219    0.01%
  51333 21747   152568.5734    53   152549.0000   152570.7432   197767    0.01%
  51461 21788   152560.6368    36   152549.0000   152570.7054   198228    0.01%
  51580 21824   152561.8985    37   152549.0000   152570.6483   198784    0.01%
  51715 21879   152553.5066    43   152549.0000   152570.6081   199274    0.01%
  51814 21907   152556.6870    54   152549.0000   152570.5961   199653    0.01%
  51952 21953   152563.7697    49   152549.0000   152570.5698   200139    0.01%
  52085 22007   152562.3876    43   152549.0000   152570.5445   200608    0.01%
Elapsed time = 2944.31 sec. (1891744.49 ticks, tree = 143.51 MB, solutions = 1)
  52198 22048        cutoff         152549.0000   152570.5172   201023    0.01%
  52303 22085        cutoff         152549.0000   152570.5026   201411    0.01%
  52415 22120   152566.8304    40   152549.0000   152570.4718   201783    0.01%
  52517 22160        cutoff         152549.0000   152570.4506   202124    0.01%
  52623 22215   152554.2028    43   152549.0000   152570.4392   202483    0.01%
  52731 22254   152556.9078    34   152549.0000   152570.4128   202802    0.01%
  52840 22299   152562.1260    43   152549.0000   152570.3841   203213    0.01%
  52949 22337        cutoff         152549.0000   152570.3640   203616    0.01%
  53042 22360   152555.9378    62   152549.0000   152570.3277   204161    0.01%
  53167 22415   152554.0834    48   152549.0000   152570.3019   204547    0.01%
Elapsed time = 3001.78 sec. (1930104.30 ticks, tree = 146.16 MB, solutions = 1)
  53283 22460   152557.8507    33   152549.0000   152570.2774   204873    0.01%
  53408 22506   152570.1694    44   152549.0000   152570.2463   205355    0.01%
  53536 22543   152549.6242    39   152549.0000   152570.2152   205820    0.01%
  53659 22582        cutoff         152549.0000   152570.1780   206355    0.01%
  53776 22626   152559.2005    54   152549.0000   152570.1462   206786    0.01%
  53869 22657   152566.1493    79   152549.0000   152570.1200   207150    0.01%
  53980 22710   152553.9211    41   152549.0000   152570.0971   207513    0.01%
  54097 22771   152558.4900    41   152549.0000   152570.0727   207943    0.01%
  54199 22811   152564.0059    61   152549.0000   152570.0459   208348    0.01%
  54300 22830        cutoff         152549.0000   152570.0217   208817    0.01%
Elapsed time = 3059.18 sec. (1968641.06 ticks, tree = 148.85 MB, solutions = 1)
  54396 22868        cutoff         152549.0000   152570.0010   209231    0.01%
  54481 22892   152565.9337    40   152549.0000   152569.9667   209526    0.01%
  54575 22924   152566.6121    70   152549.0000   152569.9429   209906    0.01%
  54685 22955   152569.9134    43   152549.0000   152569.9207   210403    0.01%
  54805 23008   152551.8271    40   152549.0000   152569.9023   210839    0.01%
  54905 23025   152559.8658    58   152549.0000   152569.8660   211342    0.01%
  54997 23043   152557.6228    62   152549.0000   152569.8334   211827    0.01%
  55108 23072   152564.3688    43   152549.0000   152569.8105   212251    0.01%
  55217 23117   152562.2796    46   152549.0000   152569.7895   212630    0.01%
  55321 23142   152569.7400    59   152549.0000   152569.7601   213023    0.01%
Elapsed time = 3117.67 sec. (2007927.32 ticks, tree = 150.88 MB, solutions = 1)
  55429 23169   152558.2593    49   152549.0000   152569.7330   213407    0.01%
  55550 23202   152569.6930    48   152549.0000   152569.6894   213942    0.01%
  55652 23229   152567.7491    45   152549.0000   152569.6628   214412    0.01%
  55772 23274   152554.8596    46   152549.0000   152569.6233   214835    0.01%
  55884 23317        cutoff         152549.0000   152569.5961   215192    0.01%
  55992 23363   152569.5653    70   152549.0000   152569.5648   215619    0.01%
  56103 23401   152560.8828    58   152549.0000   152569.5291   216027    0.01%
  56215 23437   152550.0377    38   152549.0000   152569.5132   216385    0.01%
  56303 23468   152561.2777    46   152549.0000   152569.4932   216808    0.01%
  56409 23509   152558.5453    52   152549.0000   152569.4765   217213    0.01%
Elapsed time = 3174.53 sec. (2046325.45 ticks, tree = 153.25 MB, solutions = 1)
  56481 23529   152559.6780    51   152549.0000   152569.4546   217481    0.01%
  56571 23559   152565.4323    50   152549.0000   152569.4375   217833    0.01%
  56673 23594        cutoff         152549.0000   152569.4092   218224    0.01%
  56777 23644   152554.0020    61   152549.0000   152569.3782   218613    0.01%
  56883 23676   152554.8667    72   152549.0000   152569.3670   219004    0.01%
  56992 23705   152551.6596    53   152549.0000   152569.3485   219459    0.01%
  57107 23743        cutoff         152549.0000   152569.3220   219911    0.01%
  57217 23774   152556.8493    77   152549.0000   152569.2857   220390    0.01%
  57316 23807   152561.0757    71   152549.0000   152569.2646   220764    0.01%
  57431 23849   152556.7545    44   152549.0000   152569.2423   221150    0.01%
Elapsed time = 3232.17 sec. (2085005.51 ticks, tree = 155.47 MB, solutions = 1)
  57528 23877   152569.1296    59   152549.0000   152569.2047   221574    0.01%
  57602 23899        cutoff         152549.0000   152569.1905   221884    0.01%
  57681 23917   152562.5207    37   152549.0000   152569.1652   222281    0.01%
  57781 23953   152562.2009    53   152549.0000   152569.1513   222687    0.01%
  57881 23994   152564.6324    45   152549.0000   152569.1447   222997    0.01%
  57981 24023        cutoff         152549.0000   152569.1220   223398    0.01%
  58074 24060   152557.0508    57   152549.0000   152569.0972   223742    0.01%
  58081 24063   152552.4861    44   152549.0000   152569.0972   223767    0.01%
  58181 24112   152551.0756    64   152549.0000   152569.0852   224109    0.01%
  58265 24127   152569.0468    47   152549.0000   152569.0605   224570    0.01%
Elapsed time = 3321.30 sec. (2144397.47 ticks, tree = 157.26 MB, solutions = 1)
  58363 24160        cutoff         152549.0000   152569.0382   224988    0.01%
  58381 24160   152559.7570    50   152549.0000   152569.0338   225117    0.01%
  58481 24202   152564.8429    59   152549.0000   152569.0154   225404    0.01%
  58587 24230   152561.0693    40   152549.0000   152568.9866   225893    0.01%
  58681 24267   152565.7985    53   152549.0000   152568.9691   226153    0.01%
  58788 24312   152565.7663    50   152549.0000   152568.9537   226613    0.01%
  58881 24342   152565.9297    64   152549.0000   152568.9340   227050    0.01%
  58981 24386   152551.3105    65   152549.0000   152568.9186   227409    0.01%
  59091 24432   152560.1552    61   152549.0000   152568.9047   227806    0.01%
  59205 24449   152552.5557    37   152549.0000   152568.8599   228327    0.01%
Elapsed time = 3412.91 sec. (2202774.58 ticks, tree = 159.36 MB, solutions = 1)
  59309 24484   152561.5383    59   152549.0000   152568.8384   228742    0.01%
  59449 24542   152550.1907    65   152549.0000   152568.8041   229216    0.01%
  59481 24549   152553.5123    50   152549.0000   152568.8005   229385    0.01%
  59588 24603   152555.2166    48   152549.0000   152568.7788   229791    0.01%
  59693 24630        cutoff         152549.0000   152568.7457   230182    0.01%
  59787 24638   152553.4838    51   152549.0000   152568.7094   230755    0.01%
  59881 24637   152557.6829    45   152549.0000   152568.6852   231257    0.01%
  59967 24637   152554.8109    54   152549.0000   152568.6575   231698    0.01%
  60053 24648   152556.1022    56   152549.0000   152568.6345   232184    0.01%
  60146 24673   152562.4357    55   152549.0000   152568.6164   232640    0.01%
Elapsed time = 3471.79 sec. (2241313.97 ticks, tree = 160.81 MB, solutions = 1)
  60236 24688   152557.4833    52   152549.0000   152568.5981   232943    0.01%
  60344 24720   152554.3223    31   152549.0000   152568.5723   233489    0.01%
  60442 24731   152553.0526    56   152549.0000   152568.5503   234034    0.01%
  60557 24752   152553.9456    42   152549.0000   152568.5155   234616    0.01%
  60646 24760   152552.6369    52   152549.0000   152568.5086   235021    0.01%
  60742 24768   152553.0046    54   152549.0000   152568.4956   235521    0.01%
  60848 24786        cutoff         152549.0000   152568.4649   236126    0.01%
  60972 24834        cutoff         152549.0000   152568.4443   236755    0.01%
  61090 24863   152555.0339    56   152549.0000   152568.4126   237340    0.01%
  61211 24909   152552.9601    60   152549.0000   152568.3915   237869    0.01%
Elapsed time = 3529.38 sec. (2279667.05 ticks, tree = 162.34 MB, solutions = 1)
  61281 24933   152553.1396    57   152549.0000   152568.3768   238171    0.01%
  61406 24945   152561.5513    44   152549.0000   152568.3341   238818    0.01%
  61511 24963        cutoff         152549.0000   152568.3060   239401    0.01%
  61632 25000   152562.7861    40   152549.0000   152568.2747   239970    0.01%
  61681 25007   152560.4110    39   152549.0000   152568.2660   240249    0.01%
  61795 25038   152557.1457    43   152549.0000   152568.2528   240692    0.01%
  61917 25071   152554.9459    52   152549.0000   152568.2211   241244    0.01%
  62027 25108   152556.4142    62   152549.0000   152568.1851   241756    0.01%
  62110 25126   152550.7697    45   152549.0000   152568.1642   242202    0.01%
  62186 25146   152556.5262    42   152549.0000   152568.1490   242575    0.01%
Elapsed time = 3592.09 sec. (2322039.53 ticks, tree = 163.89 MB, solutions = 1)
  62293 25177   152549.5362    49   152549.0000   152568.1241   243139    0.01%

Implied bound cuts applied:  56
Flow cuts applied:  44
Mixed integer rounding cuts applied:  27
Gomory fractional cuts applied:  42

Root node processing (before b&c):
  Real time             =   29.40 sec. (18017.92 ticks)
Sequential b&c:
  Real time             = 3570.61 sec. (2310147.84 ticks)
                          ------------
Total (root+branch&cut) = 3600.00 sec. (2328165.76 ticks)
