1 of 1 MIP starts provided solutions.
MIP start 'm1' defined initial solution with objective 254907.0000.
Tried aggregator 1 time.
MIP Presolve eliminated 0 rows and 1 columns.
Reduced MIP has 125500 rows, 63000 columns, and 16062750 nonzeros.
Reduced MIP has 62500 binaries, 0 generals, 0 SOSs, and 0 indicators.
Presolve time = 8.52 sec. (4081.78 ticks)
Probing time = 0.47 sec. (150.07 ticks)
Tried aggregator 1 time.
Reduced MIP has 125500 rows, 63000 columns, and 16062750 nonzeros.
Reduced MIP has 62500 binaries, 0 generals, 0 SOSs, and 0 indicators.
Presolve time = 8.63 sec. (4082.03 ticks)
Probing time = 0.47 sec. (151.35 ticks)
Clique table members: 250.
MIP emphasis: balance optimality and feasibility.
MIP search method: dynamic search.
Parallel mode: none, using 1 thread.
Root relaxation solution time = 4.67 sec. (1812.22 ticks)

        Nodes                                         Cuts/
   Node  Left     Objective  IInf  Best Integer    Best Bound    ItCnt     Gap

*     0+    0                       254907.0000   255307.0000     1833    0.16%
      0     0   255306.4236   208   254907.0000   255306.4236     1833    0.16%
      0     0   255164.9583   135   254907.0000     Cuts: 257     2080    0.10%
      0     0   255122.4717   142   254907.0000     Cuts: 116     2234    0.08%

Repeating presolve.
Presolve has eliminated 21854 rows and 31877 columns...
Presolve has improved bounds 223 times...
Presolve has eliminated 39633 rows and 35477 columns...
Presolve has improved bounds 223 times...
Tried aggregator 1 time.
MIP Presolve eliminated 39633 rows and 35477 columns.
MIP Presolve modified 2694809 coefficients.
Reduced MIP has 85867 rows, 27523 columns, and 6530250 nonzeros.
Reduced MIP has 27023 binaries, 0 generals, 0 SOSs, and 0 indicators.
Presolve time = 32.76 sec. (29430.01 ticks)
Probing time = 0.19 sec. (67.05 ticks)
Tried aggregator 1 time.
Reduced MIP has 85867 rows, 27523 columns, and 6530250 nonzeros.
Reduced MIP has 27023 binaries, 0 generals, 0 SOSs, and 0 indicators.
Presolve time = 3.35 sec. (1754.29 ticks)
Represolve time = 38.33 sec. (32133.35 ticks)
Probing time = 0.18 sec. (66.52 ticks)
Clique table members: 411.
MIP emphasis: balance optimality and feasibility.
MIP search method: dynamic search.
Parallel mode: none, using 1 thread.
Root relaxation solution time = 3.12 sec. (1365.05 ticks)

        Nodes                                         Cuts/
   Node  Left     Objective  IInf  Best Integer    Best Bound    ItCnt     Gap

*     0+    0                       254907.0000   255122.4717     4468    0.08%
      0     0   255122.4709   138   254907.0000   255122.4709     4468    0.08%
      0     2   255122.4709   138   254907.0000   255122.2209     4468    0.08%
Elapsed time = 133.35 sec. (76931.24 ticks, tree = 0.00 MB, solutions = 1)
      4     6   255110.2160   124   254907.0000   255121.9709     4494    0.08%
      8    10   255108.7964   120   254907.0000   255121.9709     4514    0.08%
     12    14   255095.2976   116   254907.0000   255121.9709     4534    0.08%
     16    18   255082.6199   109   254907.0000   255121.9709     4554    0.08%
     21    23   255071.8561   101   254907.0000   255121.9709     4588    0.08%
     25    27   255070.1463    99   254907.0000   255121.9709     4606    0.08%
     29    31   255063.1463    97   254907.0000   255121.9709     4632    0.08%
     33    35   255060.7979    88   254907.0000   255121.9709     4655    0.08%
     37    39   255056.4159    80   254907.0000   255121.9709     4666    0.08%
     45    47   255045.8743    74   254907.0000   255121.9709     4703    0.08%
Elapsed time = 142.05 sec. (80402.21 ticks, tree = 0.88 MB, solutions = 1)
     58    60   255024.8430    68   254907.0000   255121.9709     4799    0.08%
     68    70   255017.1838    64   254907.0000   255121.9709     4866    0.08%
     79    75   255001.8863    57   254907.0000   255121.9709     4938    0.08%
     90    74        cutoff         254907.0000   255121.9709     5045    0.08%
    100    76   254984.8716    57   254907.0000   255121.9709     5090    0.08%
    112    76   254979.9098    57   254907.0000   255121.9709     5117    0.08%
    124    78   254978.5282    57   254907.0000   255121.9709     5150    0.08%
    136    80   254978.1397    57   254907.0000   255121.9709     5170    0.08%
    152    82        cutoff         254907.0000   255121.9709     5184    0.08%
    165    85   254976.2307    57   254907.0000   255121.9709     5200    0.08%
Elapsed time = 161.48 sec. (90727.46 ticks, tree = 1.65 MB, solutions = 1)
    178    86   254975.7998    57   254907.0000   255121.9709     5211    0.08%
    184    85   255110.6122   130   254907.0000   255117.7993     5279    0.08%
    191    92   255102.5035   128   254907.0000   255117.7993     5368    0.08%
    204   105   255058.0271   135   254907.0000   255117.7993     5505    0.08%
    219   120   255077.4805   114   254907.0000   255117.7993     5608    0.08%
    233   134   255070.0805   107   254907.0000   255117.7993     5697    0.08%
    240   141   255060.3577    99   254907.0000   255117.7993     5729    0.08%
    254   155   254972.5825   106   254907.0000   255117.7993     5905    0.08%
    260   159   255057.9319    95   254907.0000   255117.7993     6107    0.08%
    274   167   255034.4273    97   254907.0000   255117.7993     6419    0.08%
Elapsed time = 184.71 sec. (102038.83 ticks, tree = 3.32 MB, solutions = 1)
    286   173   255017.1403    91   254907.0000   255117.7993     6695    0.08%
    299   176   255003.7830    88   254907.0000   255117.7993     6797    0.08%
    305   182   254975.4847    83   254907.0000   255117.7993     6839    0.08%
    319   192        cutoff         254907.0000   255117.7993     6963    0.08%
    333   206   254929.7232    74   254907.0000   255117.7993     7037    0.08%
    348   213        cutoff         254907.0000   255117.7993     7113    0.08%
    361   218        cutoff         254907.0000   255117.7993     7151    0.08%
    368   221   255099.6231   116   254907.0000   255115.5493     7230    0.08%
    387   240   255084.4828   103   254907.0000   255115.5493     7284    0.08%
    400   253   255074.9702   100   254907.0000   255115.5493     7302    0.08%
Elapsed time = 207.43 sec. (113083.96 ticks, tree = 5.06 MB, solutions = 1)
    404   257   255094.7560   122   254907.0000   255115.5493     7388    0.08%
    423   276   255077.9498    97   254907.0000   255115.5493     7462    0.08%
    446   299   255060.1801    91   254907.0000   255115.5493     7499    0.08%
    467   320   255044.6763    91   254907.0000   255115.5493     7542    0.08%
    480   333   255024.2889    80   254907.0000   255115.5493     7577    0.08%
    494   347   255032.7104   191   254907.0000   255032.6689    10918    0.05%
    495   347   255032.6314   202   254907.0000   255032.5922    10932    0.05%
    496   347   255031.3243   202   254907.0000   255031.9197    10940    0.05%
    500   345   255030.9852   200   254907.0000   255031.9197    10965    0.05%
    505   345   255029.6531   194   254907.0000   255031.9197    10982    0.05%
Elapsed time = 578.38 sec. (278180.10 ticks, tree = 6.90 MB, solutions = 1)
    511   348   255027.2822   194   254907.0000   255031.9197    11020    0.05%
    516   347   255027.1578   187   254907.0000   255031.9197    11032    0.05%
    523   345   255026.9692   187   254907.0000   255031.9197    11050    0.05%
    529   343   255026.7144   187   254907.0000   255031.9197    11056    0.05%
    535   342   255026.3819   187   254907.0000   255031.9197    11064    0.05%
    540   341   255026.1921   186   254907.0000   255031.9197    11076    0.05%
    546   339   255025.7211   186   254907.0000   255031.9197    11082    0.05%
    552   336   255025.4804   186   254907.0000   255031.9197    11088    0.05%
    558   333   255024.9526   186   254907.0000   255031.9197    11094    0.05%
    564   331   255024.6643   186   254907.0000   255031.9197    11100    0.05%
Elapsed time = 601.69 sec. (288851.24 ticks, tree = 6.61 MB, solutions = 1)
    570   329   255024.1102   186   254907.0000   255031.9197    11106    0.05%
    576   326   255023.5765   186   254907.0000   255031.9197    11112    0.05%
    582   302   254932.0322   199   254907.0000   255030.0007    11399    0.05%
    583   302   254920.2310   183   254907.0000   255030.0007    11538    0.05%
    584   302   254915.5230   182   254907.0000   255030.0007    11552    0.05%
    585   280   254905.0979   179   254907.0000   255030.0007    11572    0.05%
    587   257   255005.4140   185   254907.0000   255027.8186    11685    0.05%
    588   257   255005.4140   189   254907.0000   255027.8186    11693    0.05%
    590   259   255002.4213   185   254907.0000   255027.8186    11702    0.05%
    591   258   255002.3974   185   254907.0000   255027.8186    11703    0.05%
Elapsed time = 641.73 sec. (309116.50 ticks, tree = 5.15 MB, solutions = 1)
    593   257   255002.3944   185   254907.0000   255027.8186    11705    0.05%
    599   255   255002.3639   185   254907.0000   255027.8186    11711    0.05%
    605   253   255002.3107   185   254907.0000   255027.8186    11717    0.05%
    611   250   255002.2753   185   254907.0000   255027.8186    11723    0.05%
    617   247   255002.2290   185   254907.0000   255027.8186    11729    0.05%
    623   245   255002.1986   185   254907.0000   255027.8186    11735    0.05%
    629   242   255002.1465   185   254907.0000   255027.8186    11741    0.05%
    635   241   255000.1001   180   254907.0000   255027.8186    11751    0.05%
    638   242   254997.3584   177   254907.0000   255027.8186    11788    0.05%
    648   245   254987.5723   162   254907.0000   255027.8186    11839    0.05%
Elapsed time = 666.54 sec. (320640.23 ticks, tree = 4.89 MB, solutions = 1)
    652   247   254986.3006   164   254907.0000   255027.8186    11857    0.05%
    658   251   254983.2806   152   254907.0000   255027.8186    11890    0.05%
    669   257   254974.7190   136   254907.0000   255027.8186    11943    0.05%
    674   260   254972.2185   134   254907.0000   255027.8186    11976    0.05%
    678   263   254968.9899   128   254907.0000   255027.8186    11986    0.05%
    685   264   254968.1681   114   254907.0000   255027.8186    12021    0.05%
    691   261   254968.1259   114   254907.0000   255027.8186    12027    0.05%
    698   260   254968.0689   114   254907.0000   255027.8186    12033    0.05%
    704   257   254967.9372   114   254907.0000   255027.8186    12039    0.05%
    710   255   254967.8314   114   254907.0000   255027.8186    12045    0.05%
Elapsed time = 690.02 sec. (331030.84 ticks, tree = 5.08 MB, solutions = 1)
    716   252   254967.7928   114   254907.0000   255027.8186    12051    0.05%
    724   252   254960.7138   108   254907.0000   255027.8186    12065    0.05%
    737   257   254947.3422    90   254907.0000   255027.8186    12088    0.05%
    743   256   254942.3182    88   254907.0000   255027.8186    12104    0.05%
    749   253   254940.7557    84   254907.0000   255027.8186    12117    0.05%
    752   251   254939.3835    97   254907.0000   255027.8186    12126    0.05%
    756   248   254938.4838    95   254907.0000   255027.8186    12137    0.05%
    762   245   254937.3588    95   254907.0000   255027.8186    12150    0.05%
    768   244   254936.8011   101   254907.0000   255027.8186    12160    0.05%
    775   240   254936.7942   101   254907.0000   255027.8186    12167    0.05%
Elapsed time = 722.29 sec. (347529.41 ticks, tree = 4.78 MB, solutions = 1)
    798   231   254936.7755   101   254907.0000   255027.8186    12190    0.05%
    821   225   254935.6775    90   254907.0000   255027.8186    12216    0.05%
    845   225   254916.4613    81   254907.0000   255027.8186    12311    0.05%
    854   227   254912.9217    75   254907.0000   255027.8186    12330    0.05%
*   894+  193                       254910.0000   255026.4915    12580    0.05%
    894   194   255011.2708   192   254910.0000   255026.4915    12580    0.05%
    943   206   254929.2498   149   254910.0000   255026.4915    12885    0.05%
    977   210   254922.2236   172   254910.0000   255025.7486    13114    0.05%
    981   209   254921.9767   172   254910.0000   255025.7486    13118    0.05%
   1026   230   254937.9920   175   254910.0000   255025.6161    13453    0.05%
   1123   315   255000.9689   176   254910.0000   255023.9825    13703    0.04%
Elapsed time = 803.93 sec. (391831.47 ticks, tree = 6.27 MB, solutions = 2)
   1209   396   254990.3329   170   254910.0000   255019.9787    13970    0.04%
   1259   437   255009.8572   184   254910.0000   255012.4626    14375    0.04%
   1313   490   254973.9896   112   254910.0000   255012.4626    14602    0.04%
   1351   519   254915.4724    97   254910.0000   255012.4626    14793    0.04%
   1378   525   254913.5376    90   254910.0000   255012.4626    14825    0.04%
   1416   552   254958.0316   145   254910.0000   255010.4626    15029    0.04%
   1490   616   254910.2206   113   254910.0000   255010.4626    15337    0.04%
   1516   629   255002.6809   168   254910.0000   255009.8572    15506    0.04%
   1568   680   254961.4588   105   254910.0000   255009.8572    15785    0.04%
   1624   726   254950.8157    88   254910.0000   255009.8572    15915    0.04%
Elapsed time = 884.10 sec. (436414.81 ticks, tree = 14.56 MB, solutions = 2)
   1648   726   254950.8157    88   254910.0000   255009.8572    15939    0.04%
   1672   726   254950.8157    88   254910.0000   255009.8572    15963    0.04%
   1682   728   254950.3166    85   254910.0000   255009.8572    15974    0.04%
   1714   751   254933.4751    62   254910.0000   255009.8572    16046    0.04%
   1772   795   254977.7919   111   254910.0000   255009.7129    16217    0.04%
   1904   872   254946.4907    81   254910.0000   255009.7129    16542    0.04%
   1928   895   254935.5944    70   254910.0000   255009.7129    16596    0.04%
   1955   900   254931.3483    68   254910.0000   255009.7129    16626    0.04%
   1983   922   254932.1417   137   254910.0000   255009.5839    16799    0.04%
   2078  1002   254981.7620   132   254910.0000   255009.4644    17168    0.04%
Elapsed time = 975.99 sec. (487543.79 ticks, tree = 20.07 MB, solutions = 2)
   2209  1085   254916.5542    72   254910.0000   255009.4644    17465    0.04%
   2247  1118   254931.3513   137   254910.0000   255009.4196    17705    0.04%
   2256  1119   254924.6360   147   254910.0000   255009.4196    17761    0.04%
*  2294+ 1128                       254912.0000   255008.8813    17918    0.04%
   2303  1139   254987.1019   115   254912.0000   255008.8813    17948    0.04%
   2377  1211   254927.6381    66   254912.0000   255008.8813    18297    0.04%
   2425  1252   254979.7757   109   254912.0000   255008.6034    18462    0.04%
   2494  1321   254926.1520    66   254912.0000   255008.6034    18731    0.04%
   2538  1352   254954.8719   134   254912.0000   255008.5622    19069    0.04%
   2594  1405   254985.0384   156   254912.0000   255008.4840    19491    0.04%
   2726  1498   254925.9258    89   254912.0000   255008.4840    19816    0.04%
Elapsed time = 1073.59 sec. (545784.81 ticks, tree = 30.07 MB, solutions = 3)
   2781  1543   254955.6977   135   254912.0000   255008.4533    20395    0.04%
   2818  1569   255008.1555   178   254912.0000   255008.4514    20601    0.04%
   2894  1645   254938.7689   109   254912.0000   255008.4514    21044    0.04%
   2992  1694   254912.5605    81   254912.0000   255008.4514    21184    0.04%
   3083  1778   254933.2635   104   254912.0000   255008.3101    21683    0.04%
   3098  1793   254927.9549    91   254912.0000   255008.3101    21717    0.04%
   3200  1853   254938.2979   132   254912.0000   255008.1711    22168    0.04%
   3277  1924   254945.6811   120   254912.0000   255008.0990    22585    0.04%
   3385  1983   254921.6304    85   254912.0000   255008.0990    22734    0.04%
   3427  2015   254992.0193   134   254912.0000   255007.9811    22954    0.04%
Elapsed time = 1191.71 sec. (622720.20 ticks, tree = 40.42 MB, solutions = 3)
   3469  2043   254922.2774   122   254912.0000   255007.9811    23196    0.04%
   3494  2062   254975.3573   172   254912.0000   255007.7241    23406    0.04%
   3562  2124   254924.1388   123   254912.0000   255007.7241    23657    0.04%
   3619  2173   254987.9602   132   254912.0000   255007.7198    23874    0.04%
   3769  2279   254940.2279    78   254912.0000   255007.7198    24217    0.04%
   3792  2289   254935.4251    74   254912.0000   255007.7198    24247    0.04%
   3866  2358   254960.8241   115   254912.0000   255007.5963    24567    0.04%
   3940  2422   255001.9441   167   254912.0000   255007.5225    24792    0.04%
   4029  2510   254920.6404    97   254912.0000   255007.5225    25223    0.04%
   4051  2527   254986.8639   169   254912.0000   255007.4069    25394    0.04%
Elapsed time = 1326.34 sec. (694632.30 ticks, tree = 50.75 MB, solutions = 3)
   4094  2561   255007.2914   174   254912.0000   255007.3724    25706    0.04%
   4185  2652   254944.1166    89   254912.0000   255007.3724    26075    0.04%
   4246  2700   254928.7424    70   254912.0000   255007.3724    26157    0.04%
   4323  2769   255000.3881   157   254912.0000   255007.0260    26571    0.04%
   4420  2865   254936.9275    95   254912.0000   255007.0260    26958    0.04%
   4477  2915   254989.1964   177   254912.0000   255007.0008    27218    0.04%
   4567  3002   254920.9242   104   254912.0000   255007.0008    27575    0.04%
   4580  3009   254994.4967   177   254912.0000   255006.9797    27603    0.04%
   4641  3067   254982.1620   124   254912.0000   255006.9041    28181    0.04%
   4728  3152   254940.7639    85   254912.0000   255006.9041    28421    0.04%
Elapsed time = 1422.03 sec. (745771.79 ticks, tree = 63.29 MB, solutions = 3)
   4788  3201   254916.4733    50   254912.0000   255006.9041    28514    0.04%
   4843  3251   254964.5401   117   254912.0000   255006.7814    28826    0.04%
   4926  3329        cutoff         254912.0000   255006.7814    29015    0.04%
   4968  3358   254941.3457   138   254912.0000   255006.6878    29363    0.04%
   5033  3416   254958.7977   150   254912.0000   255006.5765    29836    0.04%
   5096  3473   254924.6370   168   254912.0000   255006.5639    30187    0.04%
   5166  3535   254951.3494   112   254912.0000   255006.4293    30615    0.04%
   5247  3605        cutoff         254912.0000   255006.4293    30839    0.04%
   5301  3654   254951.2951   137   254912.0000   255006.4214    31166    0.04%
   5359  3701   254988.1681   177   254912.0000   255006.3759    31419    0.04%
Elapsed time = 1512.15 sec. (795273.12 ticks, tree = 74.30 MB, solutions = 3)
   5428  3763   254934.7505   114   254912.0000   255006.3759    31731    0.04%
   5494  3818   255002.6150   179   254912.0000   255006.3580    31888    0.04%
   5583  3893   254937.9341   134   254912.0000   255006.3118    32326    0.04%
   5644  3944   254993.6836   144   254912.0000   255006.2413    32558    0.04%
   5697  3997   254949.3245   103   254912.0000   255006.2413    32822    0.04%
   5813  4105   254916.4692    46   254912.0000   255006.2413    33021    0.04%
   5890  4170   254981.7878   158   254912.0000   255006.1268    33526    0.04%
   5958  4233   254915.0832   103   254912.0000   255006.1268    33830    0.04%
   6025  4296   254969.4891   126   254912.0000   255006.0748    34089    0.04%
   6117  4381   254971.0627   167   254912.0000   255006.0560    34366    0.04%
Elapsed time = 1622.81 sec. (857659.98 ticks, tree = 88.03 MB, solutions = 3)
   6175  4420   254998.5567   162   254912.0000   255006.0381    34986    0.04%
   6260  4504   254942.9899    95   254912.0000   255006.0381    35293    0.04%
   6340  4572   254994.0493   158   254912.0000   255006.0100    35532    0.04%
   6422  4652   254935.2989    81   254912.0000   255006.0100    35857    0.04%
   6494  4714   254992.5318   160   254912.0000   255006.0080    36058    0.04%
   6591  4807   254936.3783    96   254912.0000   255006.0080    36373    0.04%
   6633  4845   254918.7120    83   254912.0000   255006.0080    36447    0.04%
   6702  4905   254996.5527   167   254912.0000   255005.9835    36745    0.04%
   6796  4998   254923.0163   101   254912.0000   255005.9835    37127    0.04%
   6893  5085   254959.5187   112   254912.0000   255005.9484    37490    0.04%
Elapsed time = 1747.78 sec. (930684.79 ticks, tree = 102.17 MB, solutions = 3)
   6909  5101   254937.4863   104   254912.0000   255005.9484    37581    0.04%
   6963  5142   255003.9471   158   254912.0000   255005.8881    37690    0.04%
   7066  5242   254950.1729   101   254912.0000   255005.8881    38061    0.04%
   7173  5340   255005.8268   180   254912.0000   255005.8876    38240    0.04%
   7269  5432   254966.6199   106   254912.0000   255005.8876    38548    0.04%
   7332  5493   254940.5535    81   254912.0000   255005.8876    38713    0.04%
   7406  5558   254965.0052   169   254912.0000   255005.8245    39002    0.04%
   7483  5618   254980.4060   160   254912.0000   255005.8118    39440    0.04%
   7566  5693   255005.0188   162   254912.0000   255005.7563    39734    0.04%
   7664  5787   254947.4556   115   254912.0000   255005.7563    40130    0.04%
Elapsed time = 1867.26 sec. (998815.84 ticks, tree = 116.25 MB, solutions = 3)
   7727  5845   254913.6288    79   254912.0000   255005.7563    40263    0.04%
   7820  5930   254970.9134   123   254912.0000   255005.6956    40540    0.04%
   7899  6007   254932.2388    73   254912.0000   255005.6956    40768    0.04%
   8011  6108   254958.5284   150   254912.0000   255005.6601    41050    0.04%
   8085  6175   254961.9684   151   254912.0000   255005.6383    41566    0.04%
   8120  6201   254944.2611   160   254912.0000   255005.6335    41863    0.04%
   8175  6244   255000.0155   169   254912.0000   255005.5800    42139    0.04%
   8224  6282   254959.8458   149   254912.0000   255005.5800    42382    0.04%
   8253  6298   254938.5086   126   254912.0000   255005.5800    42475    0.04%
   8323  6357   254974.4388   155   254912.0000   255005.5530    42791    0.04%
Elapsed time = 1991.66 sec. (1069936.54 ticks, tree = 127.70 MB, solutions = 3)
   8404  6432   254926.7160    97   254912.0000   255005.5530    43012    0.04%
   8496  6514   254930.2109   139   254912.0000   255005.5525    43343    0.04%
   8563  6566   254939.7902   175   254912.0000   255005.5156    43713    0.04%
   8609  6600   254980.7694   162   254912.0000   255005.5112    44137    0.04%
   8696  6683   254919.1855   102   254912.0000   255005.5112    44474    0.04%
   8782  6760   254955.1257   111   254912.0000   255005.5089    44806    0.04%
   8874  6844   254932.1687    74   254912.0000   255005.5089    44976    0.04%
   8894  6855   255004.3193   177   254912.0000   255005.4771    45059    0.04%
   8935  6896   254982.3649   123   254912.0000   255005.4771    45227    0.04%
   9052  7004   254920.7471    90   254912.0000   255005.4771    45506    0.04%
Elapsed time = 2104.54 sec. (1136859.24 ticks, tree = 140.66 MB, solutions = 3)
   9132  7076   254971.9054   181   254912.0000   255005.3325    46008    0.04%
   9213  7149   254918.9632   101   254912.0000   255005.3325    46520    0.04%
   9295  7220   254939.1171   131   254912.0000   255005.3006    46817    0.04%
   9384  7304   254940.1259   120   254912.0000   255005.2625    47196    0.04%
   9468  7379   254955.2368   144   254912.0000   255005.2258    47518    0.04%
   9494  7405   254936.9262   127   254912.0000   255005.2258    47588    0.04%
   9570  7471   254966.4539   153   254912.0000   255005.2233    47935    0.04%
   9625  7524   254919.0924   101   254912.0000   255005.2233    48140    0.04%
   9691  7580   254934.4157   127   254912.0000   255005.1736    48486    0.04%
   9743  7621   254988.8478   131   254912.0000   255005.1624    48727    0.04%
Elapsed time = 2202.08 sec. (1191326.86 ticks, tree = 153.04 MB, solutions = 3)
   9792  7670   254937.1788   103   254912.0000   255005.1624    48971    0.04%
   9888  7760   254970.5707   122   254912.0000   255005.1055    49294    0.04%
   9975  7831   254994.8454   165   254912.0000   255005.1041    49552    0.04%
  10070  7925   254938.9964    98   254912.0000   255005.1041    49917    0.04%
  10135  7979   254951.9359   152   254912.0000   255005.0950    50342    0.04%
  10219  8050   254971.6969   156   254912.0000   255004.9843    50846    0.04%
  10300  8127   254912.7404    99   254912.0000   255004.9843    51183    0.04%
  10357  8176   254963.2821   176   254912.0000   255004.9749    51632    0.04%
* 10374+ 8079                       254913.0000   255004.9749    51749    0.04%
  10374  8081   254935.0428   175   254913.0000   255004.9749    51749    0.04%
  10375  8082   254998.2409   155   254913.0000   255004.9577    51777    0.04%
Elapsed time = 2463.43 sec. (1330556.59 ticks, tree = 162.30 MB, solutions = 4)
  10376  8083   255030.8371   210   254913.0000   255004.9577    54396    0.04%
  10379  8084   254996.6125   195   254913.0000   255004.9577    54649    0.04%
  10382  8083   254977.8673   202   254913.0000   255004.9577    54727    0.04%
  10394  8079   254977.8669   198   254913.0000   255004.9577    54748    0.04%
  10408  7610   254932.1260   188   254913.0000   255004.9577    54860    0.04%
  10422  7604   254929.8370   182   254913.0000   255004.9577    54899    0.04%
  10440  7599   254928.8345   169   254913.0000   255004.9577    54919    0.04%
  10445  7598   254924.7265   158   254913.0000   255004.9577    54944    0.04%
  10455  7594   254918.2227   163   254913.0000   255004.9577    54991    0.04%
  10461  6932   255027.2951   209   254913.0000   255004.9577    55026    0.04%
Elapsed time = 2635.87 sec. (1413739.15 ticks, tree = 139.04 MB, solutions = 4)
  10467  6936   255024.6191   194   254913.0000   255004.9577    55046    0.04%
  10474  6937   254965.4509   187   254913.0000   255004.9577    55125    0.04%
  10493  6937   254962.6242   199   254913.0000   255004.9577    55174    0.04%
  10504  6935   254931.5150   191   254913.0000   255004.9577    55274    0.04%
  10509  6932   254921.8821   188   254913.0000   255004.9577    55321    0.04%
  10515  6781   255023.4318   206   254913.0000   255004.9577    55389    0.04%
  10521  6784   255018.9492   195   254913.0000   255004.9577    55416    0.04%
  10527  6787   255017.3300   184   254913.0000   255004.9577    55427    0.04%
  10539  6788   255010.6250   196   254913.0000   255004.9577    55477    0.04%
  10561  6795   255001.1916   195   254913.0000   255004.9577    55545    0.04%
Elapsed time = 2724.51 sec. (1454860.66 ticks, tree = 135.89 MB, solutions = 4)
  10584  6787   255000.9972   195   254913.0000   255004.9577    55568    0.04%
  10598  6790   254996.9544   162   254913.0000   255004.9577    55611    0.04%
  10606  6793   254989.1810   149   254913.0000   255004.9577    55640    0.04%
  10623  6797   254987.6178   150   254913.0000   255004.9577    55684    0.04%
  10646  6790   254979.9480   145   254913.0000   255004.9577    55730    0.04%
  10670  6780   254973.3119   143   254913.0000   255004.9577    55760    0.04%
  10673  6716   254916.7315   188   254913.0000   255004.9577    56002    0.04%
  10680  6402   255021.7580   190   254913.0000   255004.9577    56346    0.04%
  10687  6405   255018.9882   184   254913.0000   255004.9577    56369    0.04%
  10696  6405   255017.4877   195   254913.0000   255004.9577    56410    0.04%
Elapsed time = 2802.27 sec. (1494489.51 ticks, tree = 127.79 MB, solutions = 4)
  10717  6417   255007.0932   162   254913.0000   255004.9577    56495    0.04%
  10738  6411   255006.9209   162   254913.0000   255004.9577    56515    0.04%
  10760  6405   255004.2864   159   254913.0000   255004.9577    56552    0.04%
  10772  6406   254986.8000   163   254913.0000   255004.9577    56602    0.04%
  10794  6414   254977.4077   140   254913.0000   255004.9577    56674    0.04%
  10813  6413   254962.9171   141   254913.0000   255004.9577    56774    0.04%
  10831  6412   254951.9293   142   254913.0000   255004.9577    56817    0.04%
  10850  6404   254933.4906   144   254913.0000   255004.9577    56855    0.04%
  10864  6396   254928.8188   147   254913.0000   255004.9577    56911    0.04%
  10891  6394   254921.2866   120   254913.0000   255004.9577    56970    0.04%
Elapsed time = 2871.97 sec. (1533459.01 ticks, tree = 127.07 MB, solutions = 4)
  10911  6387   254916.6126   115   254913.0000   255004.9577    57004    0.04%
  10919  6350   254980.6763   210   254913.0000   255004.9577    57126    0.04%
  10936  6352   254977.7167   206   254913.0000   255004.9577    57185    0.04%
  10961  6366   254967.3038   170   254913.0000   255004.9577    57261    0.04%
  10978  6364   254959.3418   152   254913.0000   255004.9577    57327    0.04%
  10996  6330   255013.2671   183   254913.0000   255004.9577    57460    0.04%
  11009  6333   255011.7262   190   254913.0000   255004.9577    57486    0.04%
  11032  6326   255011.5304   190   254913.0000   255004.9577    57509    0.04%
  11052  6324   255008.8875   195   254913.0000   255004.9577    57615    0.04%
  11071  6323   254990.2287   169   254913.0000   255004.9577    57689    0.04%
Elapsed time = 2944.52 sec. (1574619.98 ticks, tree = 125.20 MB, solutions = 4)
  11095  6299   254943.2282   137   254913.0000   255004.9577    57830    0.04%
  11117  6297   254936.3606   130   254913.0000   255004.9577    57882    0.04%
  11140  6287   254928.3099   128   254913.0000   255004.9577    57918    0.04%
  11163  6277   254928.2938   128   254913.0000   255004.9577    57945    0.04%
  11180  6271   254927.0265   122   254913.0000   255004.9577    57989    0.04%
  11196  6180   254936.0185   183   254913.0000   255004.9577    58229    0.04%
  11223  6186   254927.9588   154   254913.0000   255004.9577    58311    0.04%
  11250  6184   254915.1747   144   254913.0000   255004.9577    58393    0.04%
  11256  6161   254917.2498   193   254913.0000   255004.9577    58699    0.04%
  11273  6155   254917.0820   189   254913.0000   255004.9577    58739    0.04%
Elapsed time = 3011.73 sec. (1613876.58 ticks, tree = 121.52 MB, solutions = 4)
  11293  6144   254917.0810   189   254913.0000   255004.9577    58768    0.04%
  11311  6102   255006.2055   203   254913.0000   255004.9577    58926    0.04%
  11334  6117   254989.5399   176   254913.0000   255004.9577    59061    0.04%
  11354  6121   254974.8728   155   254913.0000   255004.9577    59132    0.04%
  11376  6121   254940.2748   157   254913.0000   255004.9577    59234    0.04%
  11387  6101   254936.7815   197   254913.0000   255004.9577    59690    0.04%
  11417  6110   254925.1065   168   254913.0000   255004.9577    59813    0.04%
  11442  6046   254996.5258   181   254913.0000   255004.9577    59915    0.04%
  11462  6036   255017.9661   187   254913.0000   255004.9577    60121    0.04%
  11486  6039   255015.6761   188   254913.0000   255004.9577    60162    0.04%
Elapsed time = 3079.67 sec. (1653715.02 ticks, tree = 118.49 MB, solutions = 4)
  11504  6031   255014.7346   188   254913.0000   255004.9577    60182    0.04%
  11531  6046   255000.0785   159   254913.0000   255004.9577    60302    0.04%
  11560  6056   254990.7616   126   254913.0000   255004.9577    60381    0.04%
  11587  6054   254973.8690   115   254913.0000   255004.9577    60454    0.04%
  11614  6054   254946.7975   121   254913.0000   255004.9577    60517    0.04%
  11632  6035   254981.2541   183   254913.0000   255004.9577    60626    0.04%
  11655  6027   254981.0751   183   254913.0000   255004.9577    60649    0.04%
  11685  6038   254964.9610   151   254913.0000   255004.9577    60773    0.04%
  11712  6046   254947.4182   122   254913.0000   255004.9577    60857    0.04%
  11737  6041   254946.3302   123   254913.0000   255004.9577    60893    0.04%
Elapsed time = 3146.26 sec. (1692497.39 ticks, tree = 117.71 MB, solutions = 4)
  11763  6037   254932.4878   129   254913.0000   255004.9577    60977    0.04%
  11785  6013   255012.1793   207   254913.0000   255004.9577    61071    0.04%
  11808  6005   255011.9596   207   254913.0000   255004.9577    61094    0.04%
  11833  6011   255006.8790   161   254913.0000   255004.9577    61153    0.04%
  11867  6032   254991.5954   131   254913.0000   255004.9577    61270    0.04%
  11895  6039   254971.7806   136   254913.0000   255004.9577    61394    0.04%
  11918  6033   254964.7806   133   254913.0000   255004.9577    61427    0.04%
  11944  6010   255009.8402   179   254913.0000   255004.9577    61478    0.04%
  11972  6006   255009.6340   179   254913.0000   255004.9577    61507    0.04%
  11999  6014   255002.8433   170   254913.0000   255004.9577    61605    0.04%
Elapsed time = 3209.21 sec. (1731522.13 ticks, tree = 116.39 MB, solutions = 4)
  12029  6023   254984.5789   136   254913.0000   255004.9577    61714    0.04%
  12057  6019   254974.1148   120   254913.0000   255004.9577    61771    0.04%
  12080  6011   254973.3677   186   254913.0000   255004.9577    61953    0.04%
  12115  6026   254952.9475   140   254913.0000   255004.9577    62090    0.04%
  12146  6029   254951.2457   136   254913.0000   255004.9577    62140    0.04%
  12176  6029   255008.6507   192   254913.0000   255004.9577    62184    0.04%
  12205  6033   255003.8374   151   254913.0000   255004.9577    62245    0.04%
  12239  6051   254988.9556   127   254913.0000   255004.9577    62354    0.04%
  12274  6054   254986.0154   123   254913.0000   255004.9577    62402    0.04%
  12276  6054   254985.8931   123   254913.0000   255004.9577    62404    0.04%
Elapsed time = 3280.63 sec. (1775849.55 ticks, tree = 116.01 MB, solutions = 4)
  12299  6040   254939.3102   188   254913.0000   255004.9577    62608    0.04%
  12339  6061   254925.0101   166   254913.0000   255004.9577    62767    0.04%
  12362  6051   254923.9572   164   254913.0000   255004.9577    62796    0.04%
  12376  6056   254920.1179   155   254913.0000   255004.9577    62836    0.04%
  12400  6055   254914.7611   160   254913.0000   255004.9577    62915    0.04%
  12420  6039   254958.5321   177   254913.0000   255004.9577    63074    0.04%
  12457  6052   254941.5332   159   254913.0000   255004.9577    63273    0.04%
  12481  6045   254941.5332   159   254913.0000   255004.9577    63303    0.04%
  12509  6038   254968.7539   199   254913.0000   255004.9577    63610    0.04%
  12551  6057   254948.4784   156   254913.0000   255004.9577    63727    0.04%
Elapsed time = 3345.00 sec. (1816436.83 ticks, tree = 115.00 MB, solutions = 4)
  12582  6063   254936.9119   153   254913.0000   255004.9577    63795    0.04%
  12608  6061   254924.1951   137   254913.0000   255004.9577    63872    0.04%
  12645  6070   255000.0633   189   254913.0000   255004.9577    64005    0.04%
  12686  6092   254992.6916   173   254913.0000   255004.9577    64123    0.04%
  12722  6106   254970.1481   148   254913.0000   255004.9577    64250    0.04%
  12749  6109   254967.3236   147   254913.0000   255004.9577    64299    0.04%
  12769  6097   254980.1762   177   254913.0000   255004.9577    64476    0.04%
  12812  6122   254972.2645   170   254913.0000   255004.9577    64575    0.04%
  12848  6136   254948.5635   148   254913.0000   255004.9577    64662    0.04%
  12874  6129   254932.1124   153   254913.0000   255004.9577    64741    0.04%
Elapsed time = 3405.57 sec. (1855196.40 ticks, tree = 114.90 MB, solutions = 4)
  12907  6118   254981.1528   191   254913.0000   255004.9577    64932    0.04%
  12937  6117   254950.8528   173   254913.0000   255004.9577    65090    0.04%
  12963  6121   254981.8420   192   254913.0000   255004.9577    65268    0.04%
  13008  6144   254974.5556   184   254913.0000   255004.9577    65349    0.04%
  13043  6163   254962.2463   165   254913.0000   255004.9577    65430    0.04%
  13072  6161   254955.8543   160   254913.0000   255004.9577    65491    0.04%
  13102  6164   254955.0555   190   254913.0000   255004.9577    65816    0.04%
  13139  6179   254919.7619   125   254913.0000   255004.9577    65974    0.04%
  13170  6185   254987.8536   186   254913.0000   255004.9577    66190    0.04%
  13213  6207   254976.8751   178   254913.0000   255004.9577    66304    0.04%
Elapsed time = 3469.50 sec. (1894173.80 ticks, tree = 114.73 MB, solutions = 4)
  13251  6230   254965.4053   156   254913.0000   255004.9577    66393    0.04%
  13279  6226   254959.8561   156   254913.0000   255004.9577    66452    0.04%
  13311  6229   255001.5981   196   254913.0000   255004.9577    66513    0.04%
  13351  6244   254994.8334   155   254913.0000   255004.9577    66678    0.04%
  13379  6249   254989.4437   146   254913.0000   255004.9577    66751    0.04%
  13404  6239   254988.2801   146   254913.0000   255004.9577    66776    0.04%
  13431  6238   254970.2318   180   254913.0000   255004.9577    66950    0.04%
  13464  6246   254942.1373   168   254913.0000   255004.9577    67111    0.04%
  13497  6244   255005.9051   184   254913.0000   255004.9577    67271    0.04%
  13527  6262   254976.5282   146   254913.0000   255004.9577    67427    0.04%
Elapsed time = 3533.86 sec. (1932947.22 ticks, tree = 114.37 MB, solutions = 4)
  13559  6273   254947.6541   128   254913.0000   255004.9577    67528    0.04%
  13588  6274   254933.7629   107   254913.0000   255004.9577    67597    0.04%
  13614  6269   254926.5183    99   254913.0000   255004.9577    67640    0.04%
  13640  6256   254919.1984   180   254913.0000   255004.9577    67839    0.04%
  13660  6246   254918.9484   179   254913.0000   255004.9577    67876    0.04%
  13685  6254   255011.7522   180   254913.0000   255004.9577    67999    0.04%
  13726  6276   255008.5204   178   254913.0000   255004.9577    68053    0.04%
  13763  6298   254989.5891   182   254913.0000   255004.9577    68178    0.04%
  13790  6298   254984.0824   152   254913.0000   255004.9577    68270    0.04%
  13808  6284   254994.8167   183   254913.0000   255004.9577    68420    0.04%
Elapsed time = 3592.94 sec. (1971853.52 ticks, tree = 113.81 MB, solutions = 4)
  13830  6275   254994.0185   186   254913.0000   255004.9577    68451    0.04%

Implied bound cuts applied:  64
Flow cuts applied:  116
Mixed integer rounding cuts applied:  59
Gomory fractional cuts applied:  69

Root node processing (before b&c):
  Real time             =  133.29 sec. (76862.73 ticks)
Sequential b&c:
  Real time             = 3466.75 sec. (1899358.72 ticks)
                          ------------
Total (root+branch&cut) = 3600.04 sec. (1976221.45 ticks)
