1 of 1 MIP starts provided solutions.
MIP start 'm1' defined initial solution with objective 152698.0000.
Tried aggregator 1 time.
MIP Presolve eliminated 0 rows and 1 columns.
Reduced MIP has 45300 rows, 22800 columns, and 3532650 nonzeros.
Reduced MIP has 22500 binaries, 0 generals, 0 SOSs, and 0 indicators.
Presolve time = 1.87 sec. (905.40 ticks)
Probing time = 0.11 sec. (46.69 ticks)
Tried aggregator 1 time.
Reduced MIP has 45300 rows, 22800 columns, and 3532650 nonzeros.
Reduced MIP has 22500 binaries, 0 generals, 0 SOSs, and 0 indicators.
Presolve time = 1.77 sec. (905.49 ticks)
Probing time = 0.11 sec. (47.64 ticks)
Clique table members: 150.
MIP emphasis: balance optimality and feasibility.
MIP search method: dynamic search.
Parallel mode: none, using 1 thread.
Root relaxation solution time = 1.05 sec. (493.03 ticks)

        Nodes                                         Cuts/
   Node  Left     Objective  IInf  Best Integer    Best Bound    ItCnt     Gap

*     0+    0                       152698.0000   153027.0000     1025    0.22%
      0     0   153026.2345   130   152698.0000   153026.2345     1025    0.21%
      0     0   152898.6186    61   152698.0000     Cuts: 175     1178    0.13%
      0     0   152876.6625    64   152698.0000      Cuts: 42     1229    0.12%

Repeating presolve.
Tried aggregator 1 time.
MIP Presolve eliminated 17513 rows and 14307 columns.
MIP Presolve modified 674039 coefficients.
Reduced MIP has 27787 rows, 8493 columns, and 1125504 nonzeros.
Reduced MIP has 8193 binaries, 0 generals, 0 SOSs, and 0 indicators.
Presolve time = 5.17 sec. (4226.79 ticks)
Probing time = 0.04 sec. (18.27 ticks)
Cover probing fixed 0 vars, tightened 3 bounds.
Tried aggregator 1 time.
MIP Presolve modified 254 coefficients.
Reduced MIP has 27787 rows, 8493 columns, and 1125504 nonzeros.
Reduced MIP has 8193 binaries, 0 generals, 0 SOSs, and 0 indicators.
Presolve time = 0.57 sec. (310.23 ticks)
Represolve time = 6.11 sec. (4711.96 ticks)
Probing time = 0.04 sec. (18.37 ticks)
Clique table members: 257.
MIP emphasis: balance optimality and feasibility.
MIP search method: dynamic search.
Parallel mode: none, using 1 thread.
Root relaxation solution time = 0.57 sec. (259.48 ticks)

        Nodes                                         Cuts/
   Node  Left     Objective  IInf  Best Integer    Best Bound    ItCnt     Gap

*     0+    0                       152698.0000   152876.6625     2451    0.12%
      0     0   152876.6548    68   152698.0000   152876.6548     2451    0.12%
      0     2   152876.6548    68   152698.0000   152876.1548     2451    0.12%
Elapsed time = 25.99 sec. (15069.91 ticks, tree = 0.00 MB, solutions = 1)
     10    12   152870.4812    64   152698.0000   152875.1310     2531    0.12%
     20    22   152855.4112    55   152698.0000   152875.1310     2576    0.12%
     30    32   152853.8102    48   152698.0000   152875.1310     2610    0.12%
     40    42   152752.8212    62   152698.0000   152875.1310     2766    0.12%
     52    44        cutoff         152698.0000   152875.1310     2875    0.12%
     63    45   152816.9880    48   152698.0000   152875.1310     2923    0.12%
     74    44        cutoff         152698.0000   152875.1310     2958    0.12%
     87    45        cutoff         152698.0000   152875.1310     2979    0.12%
    100    48        cutoff         152698.0000   152875.1310     2997    0.12%
    130    50   152852.5459    58   152698.0000   152875.0993     3070    0.12%
Elapsed time = 32.70 sec. (18623.60 ticks, tree = 0.31 MB, solutions = 1)
    160    66   152821.0878    50   152698.0000   152875.0993     3383    0.12%
    206    95   152723.2283    31   152698.0000   152875.0993     3682    0.12%
    255   137   152746.1483    55   152698.0000   152871.5899     3910    0.11%
    311   189   152793.8109    52   152698.0000   152869.3562     4065    0.11%
    385   258   152793.6535    58   152698.0000   152868.5419     4318    0.11%
    454   313   152836.4917    56   152698.0000   152866.5186     4671    0.11%
    491   334   152772.6019    53   152698.0000   152866.5186     5065    0.11%
    553   387   152732.3183    50   152698.0000   152865.8145     5401    0.11%
    604   433   152747.5066    52   152698.0000   152864.4779     5642    0.11%
    685   506        cutoff         152698.0000   152860.5116     5930    0.11%
Elapsed time = 48.29 sec. (28363.59 ticks, tree = 3.28 MB, solutions = 1)
    740   553        cutoff         152698.0000   152860.5085     6172    0.11%
    780   579   152763.9353    51   152698.0000   152859.9983     6638    0.11%
    840   633   152787.1965    46   152698.0000   152859.5214     6880    0.11%
    917   702   152756.6630    44   152698.0000   152857.5710     7115    0.10%
    978   759   152762.1132    44   152698.0000   152855.4811     7271    0.10%
    998   775   152787.7290    93   152698.0000   152787.0706    10041    0.06%
   1006   772   152776.8582    94   152698.0000   152776.8582    10096    0.05%
   1030   767   152763.6548    74   152698.0000   152773.9393    10177    0.05%
   1050   762   152740.7625    69   152698.0000   152773.9393    10239    0.05%
   1068   758   152734.5725    71   152698.0000   152773.9393    10278    0.05%
Elapsed time = 102.52 sec. (61947.93 ticks, tree = 4.88 MB, solutions = 1)
   1091   755   152722.4847    60   152698.0000   152773.9393    10335    0.05%
   1126   752   152705.5068    48   152698.0000   152773.9393    10389    0.05%
   1139   656   152743.4053    77   152698.0000   152768.3355    10643    0.05%
   1163   640   152732.0568    77   152698.0000   152761.8085    10742    0.04%
   1198   638   152703.1556    58   152698.0000   152761.8085    10865    0.04%
   1235   625   152731.4859    71   152698.0000   152753.0262    10969    0.04%
   1266   592   152745.8503    75   152698.0000   152746.9272    11135    0.03%
   1296   588   152712.5324    75   152698.0000   152745.4118    11252    0.03%
   1336   580   152709.3238    58   152698.0000   152745.1807    11423    0.03%
   1378   556   152723.4359    79   152698.0000   152742.6506    11607    0.03%
Elapsed time = 118.41 sec. (71804.95 ticks, tree = 3.28 MB, solutions = 1)
   1422   555   152709.9564    51   152698.0000   152742.6506    11698    0.03%
   1488   557   152714.9224    48   152698.0000   152739.9437    11930    0.03%
   1557   555   152721.5524    60   152698.0000   152738.2907    12173    0.03%
   1618   560   152700.8470    61   152698.0000   152738.1384    12309    0.03%
   1697   561   152707.5792    73   152698.0000   152736.9801    12744    0.03%
   1826   590   152713.6371    65   152698.0000   152735.8796    13250    0.02%
   1963   608        cutoff         152698.0000   152734.3345    13851    0.02%
   2044   601   152724.1977    67   152698.0000   152732.7478    14331    0.02%
   2144   618   152731.0523    59   152698.0000   152732.6056    14590    0.02%
   2248   669        cutoff         152698.0000   152731.8333    14973    0.02%
Elapsed time = 133.75 sec. (81745.87 ticks, tree = 2.77 MB, solutions = 1)
   2343   721   152720.1194    67   152698.0000   152730.8549    15523    0.02%
   2457   794   152700.3964    48   152698.0000   152730.2147    16135    0.02%
   2560   848   152725.6916    48   152698.0000   152729.8250    16543    0.02%
   2654   906   152703.4436    48   152698.0000   152729.1471    16888    0.02%
   2732   957   152701.5519    59   152698.0000   152728.7462    17232    0.02%
   2843  1032        cutoff         152698.0000   152728.1714    17704    0.02%
   2947  1095   152725.0281    59   152698.0000   152727.5796    18244    0.02%
   2997  1123   152726.6622    48   152698.0000   152727.2738    18462    0.02%
   3137  1235   152722.2667    74   152698.0000   152726.8818    18897    0.02%
   3256  1304   152702.6523    63   152698.0000   152726.0799    19562    0.02%
Elapsed time = 149.52 sec. (91661.07 ticks, tree = 5.40 MB, solutions = 1)
   3345  1354   152704.2920    22   152698.0000   152725.6660    20019    0.02%
   3461  1431   152707.8945    34   152698.0000   152725.4088    20381    0.02%
   3545  1481   152719.9906    50   152698.0000   152725.0411    20710    0.02%
   3663  1546   152700.5469    40   152698.0000   152724.8368    21108    0.02%
   3792  1629   152720.6916    50   152698.0000   152724.6664    21537    0.02%
   3895  1700   152701.7955    38   152698.0000   152724.5605    21811    0.02%
   3969  1743   152722.9437    40   152698.0000   152724.3192    22102    0.02%
   4105  1833   152700.7252    62   152698.0000   152723.9801    22529    0.02%
   4210  1883   152705.0854    49   152698.0000   152723.6553    22982    0.02%
   4224  1894   152718.5688    63   152698.0000   152723.6552    23021    0.02%
Elapsed time = 164.63 sec. (101557.98 ticks, tree = 7.82 MB, solutions = 1)
   4377  1993   152706.5575    44   152698.0000   152723.3636    23493    0.02%
   4448  2036   152704.3291    52   152698.0000   152723.3243    23741    0.02%
   4565  2117   152703.0651    50   152698.0000   152723.2044    24116    0.02%
   4677  2191   152718.9789    52   152698.0000   152722.9758    24488    0.02%
   4752  2227        cutoff         152698.0000   152722.8680    24770    0.02%
   4845  2277   152720.4776    57   152698.0000   152722.6616    25170    0.02%
   4943  2331        cutoff         152698.0000   152722.5282    25542    0.02%
   5019  2387        cutoff         152698.0000   152722.4575    25757    0.02%
   5103  2439   152717.9814    56   152698.0000   152722.3732    25982    0.02%
   5213  2511   152715.1601    46   152698.0000   152722.2268    26309    0.02%
Elapsed time = 179.95 sec. (111447.76 ticks, tree = 10.41 MB, solutions = 1)
   5349  2602   152705.4672    44   152698.0000   152722.1075    26706    0.02%
   5433  2654   152701.0257    64   152698.0000   152721.9960    26966    0.02%
   5538  2731   152716.9056    42   152698.0000   152721.8632    27268    0.02%
   5580  2755   152709.2917    60   152698.0000   152721.8250    27397    0.02%
   5697  2820   152719.0387    52   152698.0000   152721.7056    27832    0.02%
   5829  2901   152704.8038    36   152698.0000   152721.5688    28187    0.02%
   5964  2987   152700.7879    22   152698.0000   152721.2879    28670    0.02%
   5998  3007   152715.2946    42   152698.0000   152721.2160    28744    0.02%
   6116  3088   152697.9641    38   152698.0000   152721.1727    29089    0.02%
   6228  3153   152705.0636    56   152698.0000   152720.9859    29520    0.02%
Elapsed time = 197.26 sec. (121489.69 ticks, tree = 13.05 MB, solutions = 1)
   6300  3199   152702.7726    61   152698.0000   152720.8914    29686    0.01%
   6419  3256   152703.2653    50   152698.0000   152720.7141    30084    0.01%
   6449  3270   152715.7056    50   152698.0000   152720.6228    30165    0.01%
   6587  3372   152712.2344    68   152698.0000   152720.5319    30482    0.01%
   6701  3447        cutoff         152698.0000   152720.4955    30813    0.01%
   6787  3510        cutoff         152698.0000   152720.4451    31028    0.01%
   6914  3588   152698.4663    32   152698.0000   152720.3128    31458    0.01%
   7021  3657   152704.6885    44   152698.0000   152720.2342    31738    0.01%
   7124  3711   152706.0642    34   152698.0000   152720.1774    32060    0.01%
   7572  3956   152719.4268    52   152698.0000   152719.7513    33648    0.01%
Elapsed time = 218.90 sec. (134213.84 ticks, tree = 16.34 MB, solutions = 1)
   7930  4174   152708.7311    50   152698.0000   152719.5034    34737    0.01%
   8379  4423   152713.1851    59   152698.0000   152718.8789    36200    0.01%
   8801  4683   152712.5752    58   152698.0000   152718.6228    37319    0.01%
   9116  4901   152718.0984    52   152698.0000   152718.4240    38239    0.01%
   9562  5190   152701.8396    42   152698.0000   152718.1199    39585    0.01%
   9906  5406        cutoff         152698.0000   152717.9037    40662    0.01%
  10341  5666   152707.8265    42   152698.0000   152717.6498    41936    0.01%
  10605  5829   152717.1741    36   152698.0000   152717.4678    42727    0.01%
  10978  6050   152705.2076    44   152698.0000   152717.2684    43850    0.01%
  10980  6050   152787.7289    94   152698.0000   152717.2575    45035    0.01%
Elapsed time = 302.86 sec. (184641.06 ticks, tree = 25.05 MB, solutions = 1)
  11042  5659   152467.3915    77   152698.0000   152717.2575    45268    0.01%
  11116  5313   152712.2010    63   152698.0000   152717.2575    45562    0.01%
  11170  4803   152745.8678    78   152698.0000   152717.2575    45835    0.01%
  11265  4613   152721.9541    92   152698.0000   152717.2575    46078    0.01%
  11324  4429   152712.5169    69   152698.0000   152717.2575    46325    0.01%
  11388  4169   152719.5840    71   152698.0000   152717.2575    46609    0.01%
  11479  4032   152730.0415    78   152698.0000   152717.2575    46886    0.01%
  11580  3864   152725.0922    75   152698.0000   152717.2575    47144    0.01%
  11689  3604   152726.3851    61   152698.0000   152717.2575    47699    0.01%
  11832  3489   152710.9893    82   152698.0000   152717.2575    48087    0.01%
Elapsed time = 370.98 sec. (223210.49 ticks, tree = 14.39 MB, solutions = 1)
  11980  3363   152711.0068    69   152698.0000   152717.2575    48632    0.01%
  12162  3286   152707.1996    63   152698.0000   152717.2575    49131    0.01%
  12360  3209   152718.7530    62   152698.0000   152717.2575    49607    0.01%
  12558  3157   152725.4825    59   152698.0000   152717.2575    50170    0.01%
  12730  3127   152709.0474    70   152698.0000   152717.2575    50636    0.01%
  12955  3131   152714.6788    51   152698.0000   152717.2575    51122    0.01%
  13200  3142   152720.4673    49   152698.0000   152717.2575    51785    0.01%
  13460  3187   152706.6953    41   152698.0000   152717.2575    52412    0.01%
  13740  3233   152708.0381    48   152698.0000   152717.2575    53036    0.01%
  14012  3299   152714.6139    51   152698.0000   152717.2575    53604    0.01%
Elapsed time = 432.43 sec. (261711.05 ticks, tree = 13.34 MB, solutions = 1)
  14242  3307   152698.8013    49   152698.0000   152717.2575    54219    0.01%
  14520  3370   152703.4731    47   152698.0000   152717.2575    54857    0.01%
  14819  3427   152691.6889    61   152698.0000   152717.2575    55726    0.01%
  15044  3437   152702.6587    45   152698.0000   152717.2575    56323    0.01%
  15349  3512   152699.0583    46   152698.0000   152717.2575    57056    0.01%
  15647  3542   152721.3104    59   152698.0000   152717.2575    57905    0.01%
  15936  3577   152717.7617    42   152698.0000   152717.2575    58808    0.01%
  16212  3634   152721.2538    64   152698.0000   152717.2575    59391    0.01%
  16501  3677   152699.7073    60   152698.0000   152717.2575    60151    0.01%
  16767  3700   152710.2936    47   152698.0000   152717.2575    60812    0.01%
Elapsed time = 491.17 sec. (299955.33 ticks, tree = 14.66 MB, solutions = 1)
  17026  3736   152720.7057    59   152698.0000   152717.2575    61565    0.01%
  17321  3742        cutoff         152698.0000   152717.2575    62411    0.01%
  17583  3816   152710.7251    35   152698.0000   152717.2575    63082    0.01%
  17876  3992   152718.8249    45   152698.0000   152717.2575    63850    0.01%
  18166  4185   152708.0513    47   152698.0000   152717.2575    64762    0.01%
  18423  4355   152714.3266    53   152698.0000   152717.2575    65543    0.01%
  18713  4548   152711.3026    43   152698.0000   152717.2575    66346    0.01%
  18980  4688   152705.2223    54   152698.0000   152717.2575    67089    0.01%
  19265  4845   152716.6819    46   152698.0000   152717.2575    67997    0.01%
  19577  5055        cutoff         152698.0000   152717.2575    68771    0.01%
Elapsed time = 558.35 sec. (338476.45 ticks, tree = 19.99 MB, solutions = 1)
  19894  5256   152707.7316    56   152698.0000   152717.2575    69475    0.01%
  20156  5426   152708.9233    49   152698.0000   152717.2575    70186    0.01%
  20435  5606   152713.1119    67   152698.0000   152717.2575    70901    0.01%
  20715  5756   152717.0307    59   152698.0000   152717.2575    71670    0.01%
  21031  5975   152702.1873    44   152698.0000   152717.2575    72312    0.01%
  21369  6197   152709.7410    33   152698.0000   152717.2575    73149    0.01%
  21667  6368   152706.1906    55   152698.0000   152717.2575    74033    0.01%
  21950  6514   152597.7798    39   152698.0000   152717.2575    74934    0.01%
  22233  6706   152708.5551    44   152698.0000   152717.1114    75594    0.01%
  22552  6922   152711.7946    47   152698.0000   152716.9728    76267    0.01%
Elapsed time = 627.28 sec. (376744.67 ticks, tree = 27.30 MB, solutions = 1)
  22844  7112   152713.2155    49   152698.0000   152716.8808    76925    0.01%
  23180  7324   152716.7177    45   152698.0000   152716.7177    77717    0.01%
  23470  7478   152707.1896    33   152698.0000   152716.5616    78461    0.01%
  23777  7638   152705.3858    53   152698.0000   152716.3111    79252    0.01%
  24026  7788   152700.3916    42   152698.0000   152716.1885    80009    0.01%
  24320  7967   152715.9690    49   152698.0000   152716.0834    80757    0.01%
  24615  8130        cutoff         152698.0000   152715.9446    81492    0.01%
  24942  8353   152704.1608    32   152698.0000   152715.8459    82139    0.01%
  25257  8547   152708.8054    41   152698.0000   152715.7830    82881    0.01%
  25577  8720   152710.5674    55   152698.0000   152715.5611    83771    0.01%
Elapsed time = 695.51 sec. (414956.07 ticks, tree = 34.56 MB, solutions = 1)
  25832  8822   152713.4148    50   152698.0000   152715.3157    84630    0.01%
  26045  8900        cutoff         152698.0000   152715.2512    85133    0.01%
  26327  9014   152705.6686    53   152698.0000   152715.0374    86072    0.01%
  26595  9144   152701.0184    54   152698.0000   152714.9191    86897    0.01%
  26889  9269   152699.3974    56   152698.0000   152714.7830    87838    0.01%
  27163  9439   152699.9023    31   152698.0000   152714.6590    88495    0.01%
  27467  9619   152701.7597    45   152698.0000   152714.5519    89233    0.01%
  27755  9750   152702.9189    61   152698.0000   152714.4048    90120    0.01%
  27993  9846        cutoff         152698.0000   152714.2867    90857    0.01%
  28305 10016   152711.6526    55   152698.0000   152714.1543    91743    0.01%
Elapsed time = 765.21 sec. (453212.59 ticks, tree = 39.65 MB, solutions = 1)
  28592 10177   152703.8004    35   152698.0000   152714.0592    92490    0.01%
  28862 10278   152712.1275    70   152698.0000   152713.8682    93412    0.01%
  29116 10396   152697.4792    51   152698.0000   152713.7927    94169    0.01%
  29372 10494   152712.5580    59   152698.0000   152713.6659    94934    0.01%
  29629 10634   152706.3903    38   152698.0000   152713.6181    95605    0.01%
  29915 10772   152701.8203    73   152698.0000   152713.5422    96496    0.01%
  30214 10933        cutoff         152698.0000   152713.3671    97322    0.01%
  30501 11075   152700.3386    37   152698.0000   152713.2808    98143    0.01%

Implied bound cuts applied:  35
Flow cuts applied:  62
Mixed integer rounding cuts applied:  27
Gomory fractional cuts applied:  42

Root node processing (before b&c):
  Real time             =   25.98 sec. (15056.31 ticks)
Sequential b&c:
  Real time             =  799.45 sec. (469283.33 ticks)
                          ------------
Total (root+branch&cut) =  825.43 sec. (484339.64 ticks)
