1 of 1 MIP starts provided solutions.
MIP start 'm1' defined initial solution with objective 152698.0000.
Tried aggregator 1 time.
MIP Presolve eliminated 0 rows and 1 columns.
Reduced MIP has 67650 rows, 45150 columns, and 6907500 nonzeros.
Reduced MIP has 22500 binaries, 0 generals, 0 SOSs, and 0 indicators.
Presolve time = 3.57 sec. (1694.91 ticks)
Probing time = 0.16 sec. (78.39 ticks)
Tried aggregator 1 time.
Reduced MIP has 67650 rows, 45150 columns, and 6907500 nonzeros.
Reduced MIP has 22500 binaries, 0 generals, 0 SOSs, and 0 indicators.
Presolve time = 4.55 sec. (1994.90 ticks)
Probing time = 0.15 sec. (78.38 ticks)
Clique table members: 150.
MIP emphasis: balance optimality and feasibility.
MIP search method: dynamic search.
Parallel mode: none, using 1 thread.
Root relaxation solution time = 10.37 sec. (5728.23 ticks)

        Nodes                                         Cuts/
   Node  Left     Objective  IInf  Best Integer    Best Bound    ItCnt     Gap

*     0+    0                       152698.0000   1.72751e+07    15381     --- 
      0     0   152828.1990    87   152698.0000   152828.1990    15381    0.09%
      0     0   152799.2758   118   152698.0000      Cuts: 56    16287    0.07%
      0     0   152792.1970   121   152698.0000      Cuts: 27    16722    0.06%

Repeating presolve.
Tried aggregator 1 time.
MIP Presolve eliminated 28704 rows and 28704 columns.
MIP Presolve modified 3746 coefficients.
Reduced MIP has 38946 rows, 16446 columns, and 2515788 nonzeros.
Reduced MIP has 8148 binaries, 0 generals, 0 SOSs, and 0 indicators.
Presolve time = 3.13 sec. (1344.36 ticks)
Probing time = 0.14 sec. (77.18 ticks)
Tried aggregator 1 time.
Reduced MIP has 38946 rows, 16446 columns, and 2515788 nonzeros.
Reduced MIP has 8148 binaries, 0 generals, 0 SOSs, and 0 indicators.
Presolve time = 1.49 sec. (727.96 ticks)
Represolve time = 5.31 sec. (2595.23 ticks)
Probing time = 0.13 sec. (76.53 ticks)
Clique table members: 12265.
MIP emphasis: balance optimality and feasibility.
MIP search method: dynamic search.
Parallel mode: none, using 1 thread.
Root relaxation solution time = 2.58 sec. (1326.03 ticks)

        Nodes                                         Cuts/
   Node  Left     Objective  IInf  Best Integer    Best Bound    ItCnt     Gap

*     0+    0                       152698.0000   152792.1970    24127    0.06%
      0     0   152792.1968   120   152698.0000   152792.1968    24127    0.06%
      0     2   152792.1968   120   152698.0000   152790.9971    24127    0.06%
Elapsed time = 61.85 sec. (33929.04 ticks, tree = 0.00 MB, solutions = 1)
      5     7   152753.4817    83   152698.0000   152790.9971    24465    0.06%
     12    14   152750.3572    72   152698.0000   152790.9971    24561    0.06%
     18    20   152731.6345    62   152698.0000   152790.9971    24693    0.06%
     23    20   152706.0295    76   152698.0000   152790.9971    24952    0.06%
     28    23   152781.4812   107   152698.0000   152785.3440    25161    0.06%
     34    27        cutoff         152698.0000   152785.3440    25508    0.06%
     37    26        cutoff         152698.0000   152785.3440    25705    0.06%
     39    26   152781.2658   121   152698.0000   152780.9336    25762    0.05%
     40    27   152773.5616   122   152698.0000   152780.2670    25848    0.05%
     57    36   152744.4552    86   152698.0000   152773.2161    26837    0.05%
Elapsed time = 69.41 sec. (37548.49 ticks, tree = 1.69 MB, solutions = 1)
     90    63        cutoff         152698.0000   152773.2161    27234    0.05%
    106    71   152731.2289    96   152698.0000   152764.7638    28025    0.04%
    133    92   152759.7521   124   152698.0000   152764.3648    28566    0.04%
    145   100   152747.8557   102   152698.0000   152759.4330    29274    0.04%
    159   107   152754.3666   106   152698.0000   152758.2445    30044    0.04%
    167   115   152725.3562    77   152698.0000   152758.2445    30447    0.04%
    186   126        cutoff         152698.0000   152758.0514    31212    0.04%
    212   146   152704.2493    75   152698.0000   152753.7509    31968    0.04%
    226   153   152716.8004    82   152698.0000   152752.8688    32486    0.04%
    253   168   152744.9507    92   152698.0000   152752.6263    32971    0.04%
Elapsed time = 89.02 sec. (47774.23 ticks, tree = 4.45 MB, solutions = 1)
    270   174   152712.6544    91   152698.0000   152751.5225    33756    0.04%
    285   184        cutoff         152698.0000   152751.5225    34043    0.04%
    310   203   152738.0250    89   152698.0000   152750.3653    34441    0.03%
    338   224   152741.6730    68   152698.0000   152750.1098    34898    0.03%
    360   240   152729.5745    68   152698.0000   152749.1255    35450    0.03%
    384   253   152743.9894    86   152698.0000   152748.5705    35785    0.03%
    405   274   152711.1084    68   152698.0000   152748.5705    36032    0.03%
    440   300   152732.0264    72   152698.0000   152747.8603    36431    0.03%
    460   312   152743.8874    80   152698.0000   152747.5240    36689    0.03%
    480   330   152708.4141    64   152698.0000   152747.5240    37112    0.03%
Elapsed time = 112.08 sec. (58546.19 ticks, tree = 6.28 MB, solutions = 1)
    512   356   152719.3809    67   152698.0000   152747.4992    37413    0.03%
    545   377   152732.0781    82   152698.0000   152747.2471    37717    0.03%
    572   396   152729.3285    83   152698.0000   152746.9751    38152    0.03%
    591   409   152735.4162    77   152698.0000   152746.9336    38570    0.03%
    618   431        cutoff         152698.0000   152746.9336    38884    0.03%
    640   445   152712.1411    90   152698.0000   152746.9150    39213    0.03%
    679   481   152710.9725    18   152698.0000   152746.8539    39482    0.03%
    708   502   152734.9147    83   152698.0000   152746.3871    40001    0.03%
    720   510   152732.1905    80   152698.0000   152746.0131    40310    0.03%
    744   528   152706.9741    66   152698.0000   152746.0131    40667    0.03%
Elapsed time = 130.96 sec. (68454.75 ticks, tree = 7.59 MB, solutions = 1)
    777   553   152719.9737    68   152698.0000   152745.9907    41002    0.03%
    808   579   152732.1861    90   152698.0000   152745.9182    41230    0.03%
    841   601        cutoff         152698.0000   152745.5519    41840    0.03%
    869   626   152718.1566    52   152698.0000   152745.2198    42349    0.03%
    906   657   152728.0545    71   152698.0000   152744.9016    42705    0.03%
    922   673   152716.7815    43   152698.0000   152744.9016    42833    0.03%
    923   674   152714.7874    41   152698.0000   152744.9016    42837    0.03%
    951   692   152716.9242    98   152698.0000   152744.6288    43436    0.03%
    960   696   152734.8814    83   152698.0000   152744.5450    43524    0.03%
    984   716   152710.2189    68   152698.0000   152744.5450    43884    0.03%
Elapsed time = 157.29 sec. (83759.14 ticks, tree = 9.68 MB, solutions = 1)
   1015   731        cutoff         152698.0000   152744.4248    44191    0.03%
   1018   734   152781.5578   141   152698.0000   152744.3276    51311    0.03%
   1019   734   152774.0566   130   152698.0000   152744.3276    51365    0.03%
   1020   734   152773.5415   129   152698.0000   152744.3276    51371    0.03%
   1024   734   152769.5026   127   152698.0000   152744.3276    51482    0.03%
   1027   736   152766.7521   123   152698.0000   152744.3276    51561    0.03%
   1028   736   152757.1652   114   152698.0000   152744.3276    51622    0.03%
   1030   735   152744.0027   104   152698.0000   152744.3276    51691    0.03%
   1032   735   152741.6783    95   152698.0000   152744.3276    51710    0.03%
   1036   735   152736.4137    78   152698.0000   152744.3276    51804    0.03%
Elapsed time = 211.82 sec. (113412.10 ticks, tree = 10.27 MB, solutions = 1)
   1045   737   152730.9187    79   152698.0000   152744.3276    51841    0.03%
   1050   736   152729.8550    80   152698.0000   152744.3276    51866    0.03%
   1054   735   152727.1682    95   152698.0000   152744.3276    51970    0.03%
   1060   739   152719.3690    62   152698.0000   152744.3276    52030    0.03%
   1068   740   152704.9709    60   152698.0000   152744.3276    52165    0.03%
   1072   708   152715.6738   126   152698.0000   152744.3276    52418    0.03%
   1078   709   152703.1547   105   152698.0000   152744.3276    52544    0.03%
   1084   651   152738.1764    89   152698.0000   152744.3276    52736    0.03%
   1094   654   152731.0179    76   152698.0000   152744.3276    52795    0.03%
   1103   654   152728.5407    76   152698.0000   152744.3276    52858    0.03%
Elapsed time = 232.28 sec. (125115.82 ticks, tree = 8.62 MB, solutions = 1)
   1118   660   152716.8946    45   152698.0000   152744.3276    52912    0.03%
   1136   663   152701.3312    28   152698.0000   152744.3276    52987    0.03%
   1140   630        cutoff         152698.0000   152744.3276    53258    0.03%
   1145   629   152714.3255    82   152698.0000   152744.3276    53516    0.03%
   1158   603   152731.6176   116   152698.0000   152741.4175    53886    0.03%
   1185   582   152725.3601    84   152698.0000   152735.7604    54334    0.02%
   1208   586   152714.7245    73   152698.0000   152734.7433    54508    0.02%
   1226   580        cutoff         152698.0000   152734.7433    54667    0.02%
   1234   582   152699.8834    82   152698.0000   152734.2178    54911    0.02%
   1241   572   152719.2808    92   152698.0000   152734.0758    55017    0.02%
Elapsed time = 250.92 sec. (135432.09 ticks, tree = 9.62 MB, solutions = 1)
   1274   566        cutoff         152698.0000   152733.7905    55439    0.02%
   1298   558   152711.6501    76   152698.0000   152733.0291    55982    0.02%
   1314   557        cutoff         152698.0000   152732.4737    56343    0.02%
   1340   562   152700.4575    47   152698.0000   152731.5113    56607    0.02%
   1367   550   152714.3155    90   152698.0000   152729.7718    57028    0.02%
   1402   554   152702.7121    70   152698.0000   152729.7594    57333    0.02%
   1437   547   152702.7849    59   152698.0000   152728.0607    57973    0.02%
   1488   545   152706.0714    51   152698.0000   152726.9247    58555    0.02%
   1529   551   152709.7217    32   152698.0000   152725.9803    58767    0.02%
   1557   555   152710.5690    69   152698.0000   152725.5885    59081    0.02%
Elapsed time = 270.44 sec. (145147.63 ticks, tree = 9.31 MB, solutions = 1)
   1598   561   152702.6308    89   152698.0000   152725.0600    59565    0.02%
   1626   561        cutoff         152698.0000   152724.7733    59810    0.02%
   1666   576   152717.9245    53   152698.0000   152724.3734    60219    0.02%
   1717   590   152698.8432    53   152698.0000   152724.0977    60716    0.02%
   1754   601   152708.9804    44   152698.0000   152723.8455    61092    0.02%
   1802   615   152703.4607    30   152698.0000   152723.8221    61402    0.02%
   1839   619   152717.0269    62   152698.0000   152723.2518    61762    0.02%
   1856   622   152704.0108    45   152698.0000   152723.2518    61824    0.02%
   1905   634   152704.2165    38   152698.0000   152722.5973    62186    0.02%
   2098   637        cutoff         152698.0000   152721.3642    64133    0.02%
Elapsed time = 296.85 sec. (157963.02 ticks, tree = 8.80 MB, solutions = 1)
   2269   747   152710.3611    39   152698.0000   152719.9471    65438    0.01%
   2413   810   152714.6837    55   152698.0000   152718.9493    66828    0.01%
   2601   940   152706.2237    85   152698.0000   152718.5281    68200    0.01%
   2737  1005   152709.6298    49   152698.0000   152717.8810    69098    0.01%
   2888  1081   152709.2488    58   152698.0000   152717.3669    70963    0.01%
   3058  1176   152704.0327    51   152698.0000   152717.0076    72280    0.01%
   3236  1278   152703.8479    42   152698.0000   152716.6478    73684    0.01%
   3393  1361   152712.3602    68   152698.0000   152716.2844    74867    0.01%
   3560  1447   152715.9143    54   152698.0000   152715.9123    76015    0.01%
   3723  1548   152713.7784    51   152698.0000   152715.7584    77230    0.01%
Elapsed time = 373.00 sec. (196928.92 ticks, tree = 17.46 MB, solutions = 1)
   3873  1629   152702.0542    80   152698.0000   152715.4662    78468    0.01%
   4022  1706   152706.1892    62   152698.0000   152715.2414    79632    0.01%
   4142  1771   152709.0015    52   152698.0000   152715.1428    80481    0.01%
   4307  1858   152697.2342    38   152698.0000   152714.9389    81829    0.01%
   4435  1909   152704.7819    61   152698.0000   152714.4311    83410    0.01%
   4617  1998   152698.0775    48   152698.0000   152714.1810    85016    0.01%
   4765  2070   152707.5886    49   152698.0000   152713.8994    86562    0.01%
   4939  2140   152705.2640    76   152698.0000   152713.7079    88299    0.01%
   5104  2208   152709.2076    62   152698.0000   152713.4494    90067    0.01%

Flow cuts applied:  54
Mixed integer rounding cuts applied:  20
Gomory fractional cuts applied:  13

Root node processing (before b&c):
  Real time             =   61.72 sec. (33832.80 ticks)
Sequential b&c:
  Real time             =  381.23 sec. (200883.69 ticks)
                          ------------
Total (root+branch&cut) =  442.95 sec. (234716.50 ticks)
