1 of 1 MIP starts provided solutions.
MIP start 'm1' defined initial solution with objective 255049.0000.
Tried aggregator 1 time.
MIP Presolve eliminated 0 rows and 1 columns.
Reduced MIP has 187750 rows, 125250 columns, and 31687500 nonzeros.
Reduced MIP has 62500 binaries, 0 generals, 0 SOSs, and 0 indicators.
Presolve time = 17.37 sec. (8247.63 ticks)
Probing time = 0.65 sec. (281.44 ticks)
Tried aggregator 1 time.
Reduced MIP has 187750 rows, 125250 columns, and 31687500 nonzeros.
Reduced MIP has 62500 binaries, 0 generals, 0 SOSs, and 0 indicators.
Presolve time = 22.64 sec. (9612.15 ticks)
Probing time = 0.62 sec. (281.42 ticks)
Clique table members: 250.
MIP emphasis: balance optimality and feasibility.
MIP search method: dynamic search.
Parallel mode: none, using 1 thread.
Root relaxation solution time = 58.61 sec. (38996.34 ticks)

        Nodes                                         Cuts/
   Node  Left     Objective  IInf  Best Integer    Best Bound    ItCnt     Gap

*     0+    0                       255049.0000   4.79900e+07    40480     --- 
      0     0   255165.2356   155   255049.0000   255165.2356    40480    0.05%
      0     0   255148.5766   177   255049.0000      Cuts: 59    41751    0.04%
      0     0   255141.7508   174   255049.0000      Cuts: 31    42189    0.04%

Repeating presolve.
Tried aggregator 1 time.
MIP Presolve eliminated 82110 rows and 82110 columns.
MIP Presolve modified 9645 coefficients.
Reduced MIP has 105640 rows, 43140 columns, and 10913670 nonzeros.
Reduced MIP has 21445 binaries, 0 generals, 0 SOSs, and 0 indicators.
Presolve time = 15.49 sec. (5986.84 ticks)
Probing time = 0.42 sec. (217.49 ticks)
Tried aggregator 1 time.
Reduced MIP has 105640 rows, 43140 columns, and 10913670 nonzeros.
Reduced MIP has 21445 binaries, 0 generals, 0 SOSs, and 0 indicators.
Presolve time = 7.07 sec. (3117.82 ticks)
Represolve time = 25.72 sec. (11814.97 ticks)
Probing time = 0.35 sec. (216.48 ticks)
Clique table members: 18860.
MIP emphasis: balance optimality and feasibility.
MIP search method: dynamic search.
Parallel mode: none, using 1 thread.
Root relaxation solution time = 15.20 sec. (8426.42 ticks)

        Nodes                                         Cuts/
   Node  Left     Objective  IInf  Best Integer    Best Bound    ItCnt     Gap

*     0+    0                       255049.0000   255141.7508    59727    0.04%
      0     0   255141.7508   179   255049.0000   255141.7508    59727    0.04%
      0     2   255141.7508   179   255049.0000   255141.6459    59727    0.04%
Elapsed time = 299.35 sec. (175857.15 ticks, tree = 0.00 MB, solutions = 1)
      3     5   255133.9065   170   255049.0000   255141.6459    59883    0.04%
      4     6   255135.0876   161   255049.0000   255141.6459    59888    0.04%
      6     8   255129.6540   147   255049.0000   255141.6459    60069    0.04%
      8    10   255126.0633   135   255049.0000   255141.6459    60082    0.04%
     10    12   255120.9706   123   255049.0000   255141.6459    60216    0.04%
     11    13   255116.3479   118   255049.0000   255141.6459    60262    0.04%
     13    15   255103.4184   108   255049.0000   255141.6459    60417    0.04%
     15    17   255102.6684    98   255049.0000   255141.6459    60419    0.04%
     17    19   255101.3636   105   255049.0000   255141.6459    60430    0.04%
     23    25   255091.8229    97   255049.0000   255141.6459    60664    0.04%
Elapsed time = 308.57 sec. (180269.68 ticks, tree = 1.82 MB, solutions = 1)
     32    34   255086.7813    87   255049.0000   255141.6459    60769    0.04%
     40    42   255078.0549    66   255049.0000   255141.6459    60862    0.04%
     48    50   255068.9292    61   255049.0000   255141.6459    61051    0.04%
     54    56   255062.4861    53   255049.0000   255141.6459    61126    0.04%
     60    60   255060.9381    45   255049.0000   255141.6459    61231    0.04%
     64    64   255055.9479    39   255049.0000   255141.6459    61313    0.04%
     70    67   255049.9794    29   255049.0000   255141.6459    61380    0.04%
     72    67   255138.4999   177   255049.0000   255138.1249    61475    0.03%
     77    72   255129.6330   165   255049.0000   255136.6249    61853    0.03%
     83    78   255120.9480   132   255049.0000   255136.6249    62193    0.03%
Elapsed time = 334.12 sec. (191362.92 ticks, tree = 4.55 MB, solutions = 1)
     93    88   255097.2790    95   255049.0000   255136.6249    62438    0.03%
     96    91   255091.2441    91   255049.0000   255136.6249    62494    0.03%
    101    96   255083.0639    84   255049.0000   255136.6249    62546    0.03%
    110   105   255075.3406    72   255049.0000   255136.6249    62643    0.03%
    116   111   255069.1636    74   255049.0000   255136.6249    62914    0.03%
    120   115   255073.2462    69   255049.0000   255136.6249    63007    0.03%
    130   125   255060.6301    63   255049.0000   255136.6249    63104    0.03%
    134   129   255059.9179    46   255049.0000   255136.6249    63149    0.03%
    144   134   255050.1024    33   255049.0000   255136.6249    63245    0.03%
    150   134   255131.7193   174   255049.0000   255136.6186    63311    0.03%
Elapsed time = 360.60 sec. (203974.90 ticks, tree = 7.34 MB, solutions = 1)
    160   144   255109.6174   151   255049.0000   255136.6186    63571    0.03%
    171   155   255095.9397   133   255049.0000   255136.6186    63825    0.03%
    180   164   255078.9720   143   255049.0000   255136.6186    64078    0.03%
    188   172   255068.6618   141   255049.0000   255136.6186    64274    0.03%
    196   178   255049.1295   137   255049.0000   255136.6186    64461    0.03%
    201   181   255128.7815   169   255049.0000   255136.6162    64652    0.03%
    208   188   255116.8794   135   255049.0000   255136.6162    64753    0.03%
    215   195   255112.5698   126   255049.0000   255136.6162    64812    0.03%
    221   201   255098.2231   125   255049.0000   255136.6162    64972    0.03%
    227   207   255088.8988   131   255049.0000   255136.6162    65152    0.03%
Elapsed time = 384.06 sec. (216928.45 ticks, tree = 9.29 MB, solutions = 1)
    230   210   255083.0625   123   255049.0000   255136.6162    65222    0.03%
    240   220   255067.4131   128   255049.0000   255136.6162    65327    0.03%
    248   221        cutoff         255049.0000   255136.6162    65529    0.03%
    256   229   255120.1057   122   255049.0000   255135.5062    65690    0.03%
    268   241   255103.0210   109   255049.0000   255135.5062    65937    0.03%
    271   244   255100.5059   104   255049.0000   255135.5062    65969    0.03%
    280   253   255086.2850   110   255049.0000   255135.5062    66183    0.03%
    291   263   255063.0398   118   255049.0000   255135.5062    66357    0.03%
    298   265   255126.3103   179   255049.0000   255134.6962    66575    0.03%
    305   272   255111.7130   134   255049.0000   255134.6962    66987    0.03%
Elapsed time = 414.23 sec. (230017.85 ticks, tree = 11.07 MB, solutions = 1)
    312   279   255092.2046   105   255049.0000   255134.6962    67304    0.03%
    320   287   255086.5875    96   255049.0000   255134.6962    67499    0.03%
    326   291   255082.4041    95   255049.0000   255134.6962    67627    0.03%
    331   292   255072.4949   108   255049.0000   255134.6962    67887    0.03%
    334   291        cutoff         255049.0000   255134.6962    68054    0.03%
    339   290   255050.3672   111   255049.0000   255134.6962    68275    0.03%
    341   292   255130.7699   159   255049.0000   255134.2932    68413    0.03%
    352   303   255119.3165   116   255049.0000   255134.2932    68542    0.03%
    362   313   255097.2658   118   255049.0000   255134.2932    68835    0.03%
    373   324   255080.1356   120   255049.0000   255134.2932    69073    0.03%
Elapsed time = 441.39 sec. (240303.12 ticks, tree = 11.28 MB, solutions = 1)
    383   330        cutoff         255049.0000   255134.2932    69386    0.03%
    390   337   255119.7999   124   255049.0000   255134.1567    69549    0.03%
    400   347   255104.1861   111   255049.0000   255134.1567    69765    0.03%
    411   358   255091.1094   117   255049.0000   255134.1567    70001    0.03%
    421   368   255061.1502   113   255049.0000   255134.1567    70300    0.03%
    430   372   255049.5067   111   255049.0000   255134.1567    70470    0.03%
    438   380   255119.4210   113   255049.0000   255133.8995    70633    0.03%
    444   386   255111.6905   105   255049.0000   255133.8995    70715    0.03%
    455   397   255092.2557   103   255049.0000   255133.8995    71141    0.03%
    466   408   255067.7818    99   255049.0000   255133.8995    71322    0.03%
Elapsed time = 468.36 sec. (250850.43 ticks, tree = 13.58 MB, solutions = 1)
    474   413   255123.4053   139   255049.0000   255133.5150    71528    0.03%
    480   419   255112.1958   115   255049.0000   255133.5150    71728    0.03%
    492   431   255101.8467   103   255049.0000   255133.5150    71896    0.03%
    494   433   255136.2461   183   255049.0000   255133.5150    86951    0.03%
    495   434   255133.4644   188   255049.0000   255132.2687    87010    0.03%
    496   434   255130.9903   183   255049.0000   255132.2687    87064    0.03%
    497   435   255130.9823   184   255049.0000   255132.2687    87069    0.03%
    498   435   255127.9555   184   255049.0000   255132.2687    87120    0.03%
    499   436   255126.9455   186   255049.0000   255132.2687    87144    0.03%
    500   436   255124.1962   186   255049.0000   255132.2687    87184    0.03%
Elapsed time = 652.61 sec. (354608.62 ticks, tree = 15.42 MB, solutions = 1)
    501   436   255124.1672   184   255049.0000   255132.2687    87191    0.03%
    502   437   255123.9512   182   255049.0000   255132.2687    87232    0.03%
    503   436   255123.2719   175   255049.0000   255132.2687    87267    0.03%
    504   437   255123.2719   174   255049.0000   255132.2687    87268    0.03%
    505   438   255121.2833   169   255049.0000   255132.2687    87317    0.03%
    506   439   255120.2106   166   255049.0000   255132.2687    87320    0.03%
    507   440   255119.6359   168   255049.0000   255132.2687    87328    0.03%
    508   439   255106.8165   163   255049.0000   255132.2687    87440    0.03%
    509   440   255106.8165   157   255049.0000   255132.2687    87447    0.03%
    510   440   255105.8157   156   255049.0000   255132.2687    87450    0.03%
Elapsed time = 682.39 sec. (374392.21 ticks, tree = 17.68 MB, solutions = 1)
    511   440   255105.6426   156   255049.0000   255132.2687    87452    0.03%
    512   440   255105.6236   160   255049.0000   255132.2687    87460    0.03%
    513   439   255104.9602   154   255049.0000   255132.2687    87475    0.03%
    514   439   255104.9602   146   255049.0000   255132.2687    87477    0.03%
    515   439   255104.5279   149   255049.0000   255132.2687    87484    0.03%
    516   440   255104.3239   147   255049.0000   255132.2687    87486    0.03%
    517   441   255104.1573   146   255049.0000   255132.2687    87488    0.03%
    518   441   255104.1568   144   255049.0000   255132.2687    87491    0.03%
    520   420   255102.9039   146   255049.0000   255132.2687    87632    0.03%
    522   419   255102.4560   148   255049.0000   255132.2687    87664    0.03%
Elapsed time = 717.01 sec. (400331.65 ticks, tree = 18.05 MB, solutions = 1)
    527   420   255102.2179   140   255049.0000   255132.2687    87680    0.03%
    534   423   255094.8953   131   255049.0000   255132.2687    87842    0.03%
    540   425   255090.5872   138   255049.0000   255132.2687    87929    0.03%
    547   428   255049.9658   119   255049.0000   255132.2687    88112    0.03%
    550   416   255131.9408   189   255049.0000   255131.8332    88158    0.03%
    557   419   255099.9118   173   255049.0000   255130.7735    88527    0.03%
    561   410   255098.8917   176   255049.0000   255130.7735    88804    0.03%
    568   403   255092.2569   171   255049.0000   255130.7735    88952    0.03%
    578   397   255088.4839   168   255049.0000   255130.7735    89098    0.03%
    585   396   255053.7834   178   255049.0000   255130.7735    89417    0.03%
Elapsed time = 787.77 sec. (448804.77 ticks, tree = 16.93 MB, solutions = 1)
    588   390   255061.6077   178   255049.0000   255130.3572    89824    0.03%
    599   391   255056.1065   178   255049.0000   255130.3572    89973    0.03%
    606   385   255055.8913   178   255049.0000   255130.3572    89996    0.03%
    614   381   255055.5074   176   255049.0000   255130.3572    90023    0.03%
    630   378   255086.2527   194   255049.0000   255128.6435    90533    0.03%
    653   393   255071.1823   178   255049.0000   255128.6435    90807    0.03%
    674   405   255061.4158   124   255049.0000   255128.6435    91046    0.03%
    683   403   255051.7412   123   255049.0000   255128.6435    91156    0.03%
    692   402   255051.1288   124   255049.0000   255128.6435    91184    0.03%
    700   400   255050.8362   121   255049.0000   255128.6435    91215    0.03%
Elapsed time = 853.70 sec. (490672.06 ticks, tree = 16.51 MB, solutions = 1)
    723   407   255073.8876   152   255049.0000   255128.3588    91577    0.03%
    748   410   255128.3588   173   255049.0000   255128.2985    92047    0.03%
    771   419   255095.5794   175   255049.0000   255127.9516    92638    0.03%
    780   422   255059.7835   157   255049.0000   255127.9516    92856    0.03%
    793   415   255058.3391   178   255049.0000   255127.9324    93348    0.03%
    806   417   255049.5353   165   255049.0000   255127.9324    93464    0.03%
    814   415   255049.4338   164   255049.0000   255127.9324    93548    0.03%
    843   420   255049.1226   136   255049.0000   255127.3017    94265    0.03%
    846   416   255081.2160   181   255049.0000   255125.9593    94476    0.03%
    879   432        cutoff         255049.0000   255125.9593    95050    0.03%
Elapsed time = 924.09 sec. (531565.70 ticks, tree = 15.39 MB, solutions = 1)
    912   444   255078.0187   179   255049.0000   255125.3165    95812    0.03%
    946   455   255050.2349   150   255049.0000   255125.3165    96232    0.03%
    965   455   255108.0549   142   255049.0000   255124.4935    96619    0.03%
    974   460   255101.8906   128   255049.0000   255124.4935    96724    0.03%
   1003   474   255077.3732    80   255049.0000   255124.4935    96968    0.03%
   1012   475   255063.1772    69   255049.0000   255124.4935    97164    0.03%
   1019   472   255062.2300    76   255049.0000   255124.4935    97236    0.03%
   1026   469   255061.9033    76   255049.0000   255124.4935    97304    0.03%
   1038   471   255053.9989    67   255049.0000   255124.4935    97411    0.03%
   1054   472   255070.1983   166   255049.0000   255122.0436    97899    0.03%
Elapsed time = 1002.63 sec. (577073.49 ticks, tree = 15.65 MB, solutions = 1)
   1091   476   255098.0229   171   255049.0000   255121.0796    98529    0.03%
   1095   478   255051.1527   183   255049.0000   255121.0796    98689    0.03%
   1104   478   255049.3849   162   255049.0000   255120.9132    98954    0.03%
   1113   474   255049.3772   164   255049.0000   255120.9132    98984    0.03%
   1128   473   255099.9320   151   255049.0000   255120.5165    99190    0.03%
   1164   488   255064.7199   101   255049.0000   255120.5165    99828    0.03%
   1165   488   255064.6418    94   255049.0000   255120.5165    99830    0.03%
   1166   488   255063.4744    98   255049.0000   255120.5165    99858    0.03%
   1186   491   255073.6056   180   255049.0000   255119.6862   100244    0.03%
   1216   500   255071.3538   169   255049.0000   255119.6178   100833    0.03%
Elapsed time = 1182.93 sec. (682403.08 ticks, tree = 15.76 MB, solutions = 1)
   1240   510   255117.2702   171   255049.0000   255119.1681   101318    0.03%
   1258   513   255095.4113   175   255049.0000   255119.1681   101826    0.03%
   1274   517   255071.3704   155   255049.0000   255119.1681   102506    0.03%
   1286   515   255053.3948   155   255049.0000   255119.1681   102641    0.03%
   1294   512   255053.2662   155   255049.0000   255119.1681   102653    0.03%
   1304   509   255049.7971   162   255049.0000   255119.1681   102722    0.03%
   1318   510   255089.5099   169   255049.0000   255115.7419   102935    0.03%
   1353   537   255070.6074   167   255049.0000   255115.3619   103907    0.03%
   1371   551   255114.8914   172   255049.0000   255114.6570   104253    0.03%
   1376   556   255113.0751   167   255049.0000   255114.6570   104288    0.03%
Elapsed time = 1253.62 sec. (722428.02 ticks, tree = 15.60 MB, solutions = 1)
   1409   587   255056.0690   137   255049.0000   255114.6570   105194    0.03%
   1412   589   255055.6233   135   255049.0000   255114.6570   105199    0.03%
   1415   588   255080.9821   178   255049.0000   255114.3636   105355    0.03%
   1443   606   255050.0134   171   255049.0000   255113.9780   106312    0.03%
   1457   617   255063.8298   189   255049.0000   255113.2752   106713    0.03%
   1486   630   255065.0925   171   255049.0000   255112.5576   107544    0.02%
   1515   649   255084.0754   180   255049.0000   255111.8910   108359    0.02%
   1543   670   255049.4930   111   255049.0000   255111.8910   108743    0.02%
   1546   668   255059.5770   166   255049.0000   255111.2002   108936    0.02%
   1551   668   255058.3543   151   255049.0000   255111.2002   109049    0.02%
Elapsed time = 1365.49 sec. (795452.57 ticks, tree = 18.47 MB, solutions = 1)
   1564   671   255052.1425   181   255049.0000   255110.4542   109587    0.02%
   1583   682   255077.2979   119   255049.0000   255109.7468   110049    0.02%
   1614   707   255051.7584   169   255049.0000   255109.5833   110601    0.02%
   1620   707   255050.3044   173   255049.0000   255109.5833   110705    0.02%
   1631   706        cutoff         255049.0000   255109.5833   110799    0.02%
   1665   740   255075.6114   111   255049.0000   255109.3124   111294    0.02%
   1694   760   255082.5009   155   255049.0000   255109.1806   111824    0.02%
   1699   765   255079.8285   151   255049.0000   255109.1806   111854    0.02%
   1718   782   255054.4791   121   255049.0000   255109.1806   112249    0.02%
   1731   785   255051.0266   121   255049.0000   255109.1806   112343    0.02%
Elapsed time = 1452.54 sec. (840322.92 ticks, tree = 21.59 MB, solutions = 1)
   1748   792   255093.4963   148   255049.0000   255108.6874   112713    0.02%
   1774   814   255071.4295   123   255049.0000   255108.6874   113226    0.02%
   1797   827   255052.6733   111   255049.0000   255108.6874   113580    0.02%
   1817   834   255054.0290   172   255049.0000   255108.2904   114210    0.02%
   1832   841   255067.0873   134   255049.0000   255107.9822   114603    0.02%
   1866   868   255059.1162   101   255049.0000   255107.9822   114798    0.02%
   1902   898   255079.8812   102   255049.0000   255107.9812   115410    0.02%
   1935   927   255057.9187    78   255049.0000   255107.9812   115887    0.02%
   1954   936   255058.9427   151   255049.0000   255107.3535   116158    0.02%
   1984   955   255080.2542   182   255049.0000   255106.3186   117188    0.02%
Elapsed time = 1529.16 sec. (882270.06 ticks, tree = 25.09 MB, solutions = 1)
   2014   983   255054.4138   109   255049.0000   255106.3186   117557    0.02%
   2032   995   255083.4390   141   255049.0000   255105.6268   118032    0.02%
   2072  1031   255057.4203   102   255049.0000   255105.6268   118356    0.02%
   2093  1042   255059.2635   158   255049.0000   255105.2288   119044    0.02%
   2098  1043   255083.4844   168   255049.0000   255105.1701   119246    0.02%
   2123  1057   255092.2180   129   255049.0000   255104.8404   120226    0.02%
   2173  1099   255054.0734    89   255049.0000   255104.8404   120742    0.02%
   2197  1109   255072.9445   158   255049.0000   255104.5718   121641    0.02%
   2205  1111   255077.4308   121   255049.0000   255104.3084   122143    0.02%
   2238  1140   255079.8172   108   255049.0000   255103.7507   122821    0.02%
Elapsed time = 1621.70 sec. (934702.85 ticks, tree = 30.10 MB, solutions = 1)
   2268  1167   255063.8925    90   255049.0000   255103.7507   123170    0.02%
   2305  1194   255084.0765   118   255049.0000   255103.7272   123648    0.02%
   2346  1231   255059.9608    93   255049.0000   255103.7272   124032    0.02%
   2387  1266   255068.7335   113   255049.0000   255103.6840   124575    0.02%
   2417  1285   255093.2990   139   255049.0000   255103.4904   124968    0.02%
   2452  1315   255073.1788   102   255049.0000   255103.4904   125413    0.02%
   2482  1337   255055.6880    78   255049.0000   255103.4904   125696    0.02%
   2494  1343   255049.5457    62   255049.0000   255103.4904   125752    0.02%
   2539  1381   255055.0129   114   255049.0000   255103.3062   126198    0.02%
   2556  1386   255053.3241   116   255049.0000   255103.3062   126257    0.02%
Elapsed time = 1692.24 sec. (974268.72 ticks, tree = 37.40 MB, solutions = 1)
   2569  1387        cutoff         255049.0000   255103.3062   126390    0.02%
   2576  1387   255056.1132   182   255049.0000   255103.0441   126822    0.02%
   2587  1389   255073.6841   135   255049.0000   255102.6018   127252    0.02%
   2613  1406   255070.0467   127   255049.0000   255102.3905   127958    0.02%
   2631  1417   255054.0561   123   255049.0000   255102.3905   128397    0.02%
   2632  1417   255054.0561   123   255049.0000   255102.3905   128399    0.02%
   2633  1417   255054.0558   123   255049.0000   255102.3905   128400    0.02%
   2634  1417   255054.0548   123   255049.0000   255102.3905   128401    0.02%
   2635  1417   255054.0524   123   255049.0000   255102.3905   128402    0.02%
   2654  1425   255050.0106   117   255049.0000   255102.3905   128516    0.02%
Elapsed time = 1832.77 sec. (1062464.74 ticks, tree = 38.48 MB, solutions = 1)
   2670  1434   255054.5571   127   255049.0000   255102.2179   129059    0.02%
   2694  1451   255073.6086   121   255049.0000   255102.0706   129481    0.02%
   2716  1472   255057.2286    94   255049.0000   255102.0706   129825    0.02%
   2744  1494   255069.2512   129   255049.0000   255101.9141   130178    0.02%
   2762  1509   255050.0332    97   255049.0000   255101.9141   130468    0.02%
   2795  1536   255062.9086   115   255049.0000   255101.8240   131246    0.02%
   2817  1545   255050.1917    97   255049.0000   255101.8240   131486    0.02%
   2844  1560   255095.1283   128   255049.0000   255101.4031   132233    0.02%
   2894  1610   255058.8695    52   255049.0000   255101.4031   132744    0.02%
   2913  1616   255055.2847   157   255049.0000   255101.3191   133194    0.02%
Elapsed time = 1977.13 sec. (1150673.25 ticks, tree = 43.82 MB, solutions = 1)
   2926  1617   255064.8186   179   255049.0000   255101.1749   133520    0.02%
   2951  1634   255050.7116   141   255049.0000   255101.1749   133754    0.02%
   2960  1634   255050.1814   141   255049.0000   255101.1749   133820    0.02%
   2968  1634   255049.8030   138   255049.0000   255101.1749   133837    0.02%
   2992  1652   255073.8302   142   255049.0000   255100.7475   134205    0.02%
   3007  1666   255061.7831   103   255049.0000   255100.7475   134303    0.02%
   3058  1707   255062.0244    91   255049.0000   255100.4731   135141    0.02%
   3091  1729   255088.4963   125   255049.0000   255099.9313   135879    0.02%
   3115  1750   255058.4464   122   255049.0000   255099.9313   136325    0.02%
   3144  1768   255092.0619   118   255049.0000   255099.5728   137033    0.02%
Elapsed time = 2084.93 sec. (1219858.01 ticks, tree = 46.40 MB, solutions = 1)
   3199  1817   255066.6449    84   255049.0000   255099.5728   137449    0.02%
   3224  1835   255050.5063   184   255049.0000   255099.5132   137951    0.02%
   3251  1853   255061.4405   181   255049.0000   255098.9438   138757    0.02%
   3272  1865   255072.6059   129   255049.0000   255098.1589   139169    0.02%
   3294  1886   255068.6142   110   255049.0000   255098.1589   139259    0.02%
   3314  1897   255049.4282    98   255049.0000   255098.1589   139484    0.02%
   3335  1914   255067.8364   121   255049.0000   255098.0870   139947    0.02%
   3377  1943   255082.1661   144   255049.0000   255098.0642   140550    0.02%
   3406  1965   255059.5382   130   255049.0000   255098.0642   140996    0.02%
   3418  1970   255075.7250   172   255049.0000   255098.0012   141443    0.02%
Elapsed time = 2184.10 sec. (1271852.86 ticks, tree = 52.84 MB, solutions = 1)
   3445  1986   255056.6027   166   255049.0000   255097.9711   142474    0.02%
   3472  2004   255085.4000   148   255049.0000   255097.5773   143474    0.02%
   3530  2054   255092.8173   130   255049.0000   255097.4320   144153    0.02%
   3568  2089   255049.3489   130   255049.0000   255097.4320   144872    0.02%
   3616  2124   255056.9431   103   255049.0000   255097.3644   145576    0.02%
   3643  2143   255066.5461   150   255049.0000   255097.3168   146294    0.02%
   3676  2165   255076.4353   165   255049.0000   255096.9729   146748    0.02%
   3729  2203   255068.9345   137   255049.0000   255096.8650   147482    0.02%
   3771  2227        cutoff         255049.0000   255096.8345   147884    0.02%
   3816  2264   255082.6438   100   255049.0000   255096.6359   148425    0.02%
Elapsed time = 2319.15 sec. (1346197.20 ticks, tree = 61.26 MB, solutions = 1)
   3841  2283   255073.2230    92   255049.0000   255096.6359   148515    0.02%
   3859  2295   255068.6691    69   255049.0000   255096.6359   148590    0.02%
   3884  2312   255050.7735    44   255049.0000   255096.6359   148864    0.02%
   3916  2334   255068.2847   129   255049.0000   255096.5695   149296    0.02%
   3958  2361   255073.6144   141   255049.0000   255096.3754   150067    0.02%
   4007  2391   255058.0810   154   255049.0000   255096.2755   150661    0.02%
   4008  2391   255058.0790   153   255049.0000   255096.2755   150665    0.02%
   4042  2417   255054.9207    98   255049.0000   255095.7878   151253    0.02%
   4065  2428   255049.5995   169   255049.0000   255095.6523   151896    0.02%
   4106  2462   255055.4616   109   255049.0000   255095.4834   152348    0.02%
Elapsed time = 2406.74 sec. (1393315.58 ticks, tree = 66.07 MB, solutions = 1)
   4143  2485        cutoff         255049.0000   255095.4816   153153    0.02%
   4219  2540   255071.9773    92   255049.0000   255095.4552   153570    0.02%
   4258  2570   255094.4907   167   255049.0000   255095.4512   153927    0.02%
   4294  2604   255051.7075   119   255049.0000   255095.4512   154551    0.02%
   4308  2607   255078.3487   131   255049.0000   255095.4444   154815    0.02%
   4363  2644   255076.0500   165   255049.0000   255095.2146   155385    0.02%
   4389  2662   255072.2668   125   255049.0000   255095.1244   156151    0.02%
   4401  2666   255059.3697   117   255049.0000   255095.1244   156545    0.02%
   4440  2699   255069.8715    92   255049.0000   255095.1048   157076    0.02%
   4476  2728        cutoff         255049.0000   255095.0619   157381    0.02%
Elapsed time = 2476.00 sec. (1432679.01 ticks, tree = 73.97 MB, solutions = 1)
   4513  2755   255069.8590   120   255049.0000   255094.9247   158313    0.02%
   4519  2758   255067.8261   110   255049.0000   255094.9247   158345    0.02%
   4557  2779   255086.2670   121   255049.0000   255094.8897   158890    0.02%
   4589  2807   255060.2733   105   255049.0000   255094.8897   159491    0.02%
   4623  2825        cutoff         255049.0000   255094.8859   160120    0.02%
   4655  2843   255093.8424   162   255049.0000   255094.6908   160920    0.02%
   4681  2865   255052.7727   129   255049.0000   255094.6908   161625    0.02%
   4704  2876   255073.5335   172   255049.0000   255094.3653   162310    0.02%
   4739  2904   255089.9809   131   255049.0000   255094.0871   163416    0.02%
   4796  2956   255062.6998   104   255049.0000   255094.0871   163738    0.02%
Elapsed time = 2651.68 sec. (1534025.26 ticks, tree = 79.68 MB, solutions = 1)
   4811  2966   255056.6758    93   255049.0000   255094.0871   163880    0.02%
   4829  2971   255051.2125   149   255049.0000   255093.9123   164250    0.02%
   4866  2991   255079.3810   143   255049.0000   255093.4376   165023    0.02%
   4910  3024   255049.0246    95   255049.0000   255093.4376   165441    0.02%
   4933  3029   255054.8514   171   255049.0000   255093.0204   166389    0.02%
   4967  3051   255066.3848   103   255049.0000   255092.9587   167135    0.02%
   5001  3067   255053.9738   105   255049.0000   255092.9587   167565    0.02%
   5046  3103   255064.5929   105   255049.0000   255092.9045   168109    0.02%
   5075  3117        cutoff         255049.0000   255092.8533   168921    0.02%
   5116  3144   255069.7324   156   255049.0000   255092.7657   169923    0.02%
Elapsed time = 2736.62 sec. (1574707.50 ticks, tree = 84.66 MB, solutions = 1)
   5141  3158   255049.1250   113   255049.0000   255092.7657   170271    0.02%
   5186  3196   255061.9760    95   255049.0000   255092.7473   170759    0.02%
   5213  3201   255092.3836   124   255049.0000   255092.3836   171129    0.02%
   5289  3272   255059.0352    68   255049.0000   255092.3042   171700    0.02%
   5305  3278   255069.5394   117   255049.0000   255092.2361   172087    0.02%
   5337  3302   255055.3748   110   255049.0000   255092.2361   172272    0.02%
   5347  3302        cutoff         255049.0000   255092.2361   172422    0.02%
   5380  3324        cutoff         255049.0000   255092.0706   173115    0.02%
   5434  3361   255083.2275   133   255049.0000   255091.9919   173902    0.02%
   5483  3405   255052.6513    89   255049.0000   255091.9919   174442    0.02%
Elapsed time = 2873.19 sec. (1648270.65 ticks, tree = 91.77 MB, solutions = 1)
   5513  3422   255064.7909   107   255049.0000   255091.9056   174870    0.02%
   5546  3432   255059.7934   142   255049.0000   255091.5920   175909    0.02%
   5597  3471   255054.4727    89   255049.0000   255091.5725   176474    0.02%
   5627  3485        cutoff         255049.0000   255091.4926   177071    0.02%
   5683  3536   255052.6166    72   255049.0000   255091.4814   177536    0.02%
   5718  3563   255083.7661   105   255049.0000   255091.3651   177982    0.02%
   5774  3612   255050.9475    74   255049.0000   255091.3651   178464    0.02%
   5787  3617   255050.5066   173   255049.0000   255091.3646   178965    0.02%
   5833  3650   255058.8465   100   255049.0000   255091.2464   179296    0.02%
   5862  3669   255070.6155   110   255049.0000   255091.2367   179576    0.02%
Elapsed time = 3047.93 sec. (1728831.96 ticks, tree = 99.50 MB, solutions = 1)
   5908  3696   255055.0344   167   255049.0000   255091.1505   180058    0.02%
   5910  3696   255053.9976   174   255049.0000   255091.1505   180138    0.02%
   5912  3696   255050.0974   179   255049.0000   255091.1505   180296    0.02%
   5942  3708   255073.3182    92   255049.0000   255090.9318   181033    0.02%
   6002  3756   255085.8029   148   255049.0000   255090.8972   181506    0.02%
   6040  3784   255049.2311   155   255049.0000   255090.8770   182380    0.02%
   6054  3790   255076.4522   156   255049.0000   255090.6461   182627    0.02%
   6094  3826   255074.9900   131   255049.0000   255090.6036   183010    0.02%
   6147  3865   255054.5015   165   255049.0000   255090.5877   183656    0.02%
   6174  3875   255076.7741   171   255049.0000   255090.5010   184660    0.02%
Elapsed time = 3195.28 sec. (1806602.87 ticks, tree = 105.21 MB, solutions = 1)
   6204  3899   255078.3270   115   255049.0000   255090.4296   185336    0.02%
   6244  3925   255064.9068   130   255049.0000   255090.4014   185916    0.02%
   6289  3963   255068.0172   129   255049.0000   255090.3631   186470    0.02%
   6348  4012   255069.1359   103   255049.0000   255090.2366   186936    0.02%
   6375  4028   255061.5233   100   255049.0000   255090.2366   187193    0.02%
   6406  4043        cutoff         255049.0000   255090.1495   187543    0.02%
   6422  4049   255086.8665   141   255049.0000   255089.9764   188136    0.02%
   6466  4089   255066.1272   113   255049.0000   255089.9764   188628    0.02%
   6489  4097   255052.7826   139   255049.0000   255089.8731   189381    0.02%
   6498  4096        cutoff         255049.0000   255089.8396   189612    0.02%
Elapsed time = 3286.80 sec. (1851100.77 ticks, tree = 112.25 MB, solutions = 1)
   6531  4127   255064.7668   115   255049.0000   255089.8331   190203    0.02%
   6559  4137   255075.7454   114   255049.0000   255089.6284   190671    0.02%
   6594  4163   255064.1881   100   255049.0000   255089.6284   190930    0.02%
   6632  4188   255052.0566   166   255049.0000   255089.5491   191650    0.02%
   6668  4211        cutoff         255049.0000   255089.3798   192142    0.02%
   6694  4226   255059.1727    93   255049.0000   255089.2280   192916    0.02%
   6737  4251   255069.8964   172   255049.0000   255089.1728   193527    0.02%
   6773  4277   255064.2852   119   255049.0000   255089.1073   194199    0.02%
   6802  4286   255088.9427   143   255049.0000   255088.9646   194618    0.02%
   6821  4305   255073.3987   108   255049.0000   255088.9646   194758    0.02%
Elapsed time = 3420.14 sec. (1914539.24 ticks, tree = 118.55 MB, solutions = 1)
   6867  4348   255052.1204    74   255049.0000   255088.9646   195217    0.02%
   6894  4367   255058.9112   107   255049.0000   255088.8568   195581    0.02%
   6942  4397   255049.5687   121   255049.0000   255088.8206   196122    0.02%
   6980  4423   255054.4984   176   255049.0000   255088.8131   196724    0.02%
   6994  4427   255084.5880   137   255049.0000   255088.7834   196882    0.02%
   7065  4482   255051.6160   100   255049.0000   255088.7834   197394    0.02%
   7094  4493   255085.6594   128   255049.0000   255088.7035   197848    0.02%
   7161  4556   255056.6544    60   255049.0000   255088.7035   198392    0.02%
   7194  4577   255085.5968   115   255049.0000   255088.6509   198694    0.02%
   7254  4633   255056.6316    80   255049.0000   255088.6509   199189    0.02%
Elapsed time = 3540.11 sec. (1978919.29 ticks, tree = 129.53 MB, solutions = 1)
   7292  4663   255067.7557    96   255049.0000   255088.6021   199669    0.02%
   7331  4695   255055.5774    70   255049.0000   255088.6021   199943    0.02%
   7370  4721        cutoff         255049.0000   255088.5259   200500    0.02%

Flow cuts applied:  43
Mixed integer rounding cuts applied:  38
Gomory fractional cuts applied:  16

Root node processing (before b&c):
  Real time             =  298.66 sec. (175332.69 ticks)
Sequential b&c:
  Real time             = 3301.44 sec. (1835953.23 ticks)
                          ------------
Total (root+branch&cut) = 3600.10 sec. (2011285.92 ticks)
