1 of 1 MIP starts provided solutions.
MIP start 'm1' defined initial solution with objective 152471.0000.
Tried aggregator 1 time.
MIP Presolve eliminated 0 rows and 1 columns.
Reduced MIP has 45300 rows, 22800 columns, and 3532650 nonzeros.
Reduced MIP has 22500 binaries, 0 generals, 0 SOSs, and 0 indicators.
Presolve time = 1.82 sec. (905.41 ticks)
Probing time = 0.11 sec. (45.80 ticks)
Tried aggregator 1 time.
Reduced MIP has 45300 rows, 22800 columns, and 3532650 nonzeros.
Reduced MIP has 22500 binaries, 0 generals, 0 SOSs, and 0 indicators.
Presolve time = 1.79 sec. (905.51 ticks)
Probing time = 0.12 sec. (45.42 ticks)
Clique table members: 150.
MIP emphasis: balance optimality and feasibility.
MIP search method: dynamic search.
Parallel mode: none, using 1 thread.
Root relaxation solution time = 0.97 sec. (432.47 ticks)

        Nodes                                         Cuts/
   Node  Left     Objective  IInf  Best Integer    Best Bound    ItCnt     Gap

*     0+    0                       152471.0000   152914.0000     1037    0.29%
      0     0   152912.8033   136   152471.0000   152912.8033     1037    0.29%
      0     0   152773.8512    78   152471.0000     Cuts: 171     1173    0.20%
      0     0   152731.4594    84   152471.0000      Cuts: 57     1257    0.17%

Repeating presolve.
Tried aggregator 1 time.
MIP Presolve eliminated 10797 rows and 10789 columns.
MIP Presolve modified 417986 coefficients.
Reduced MIP has 34503 rows, 12011 columns, and 1857120 nonzeros.
Reduced MIP has 11711 binaries, 0 generals, 0 SOSs, and 0 indicators.
Presolve time = 6.33 sec. (5133.47 ticks)
Probing time = 0.06 sec. (24.87 ticks)
Cover probing fixed 0 vars, tightened 3 bounds.
Tried aggregator 1 time.
MIP Presolve modified 382 coefficients.
Reduced MIP has 34503 rows, 12011 columns, and 1857120 nonzeros.
Reduced MIP has 11711 binaries, 0 generals, 0 SOSs, and 0 indicators.
Presolve time = 0.98 sec. (517.12 ticks)
Represolve time = 7.93 sec. (5937.86 ticks)
Probing time = 0.06 sec. (24.96 ticks)
Clique table members: 151.
MIP emphasis: balance optimality and feasibility.
MIP search method: dynamic search.
Parallel mode: none, using 1 thread.
Root relaxation solution time = 0.79 sec. (350.90 ticks)

        Nodes                                         Cuts/
   Node  Left     Objective  IInf  Best Integer    Best Bound    ItCnt     Gap

*     0+    0                       152471.0000   152731.4594     2443    0.17%
      0     0   152731.4594    80   152471.0000   152731.4594     2443    0.17%
      0     2   152731.4594    80   152471.0000   152730.9594     2443    0.17%
Elapsed time = 29.93 sec. (17056.89 ticks, tree = 0.00 MB, solutions = 1)
     10    12   152708.1206    64   152471.0000   152730.9594     2503    0.17%
     20    22   152710.1962    59   152471.0000   152730.9594     2598    0.17%
     30    32   152682.7719    47   152471.0000   152730.9594     2658    0.17%
     40    36        cutoff         152471.0000   152730.9594     2774    0.17%
     48    44   152624.4266    42   152471.0000   152730.9594     2844    0.17%
     50    46   152584.9753    46   152471.0000   152730.9594     2874    0.17%
     58    46        cutoff         152471.0000   152730.9594     2927    0.17%
     67    47        cutoff         152471.0000   152730.9594     2966    0.17%
     71    47        cutoff         152471.0000   152730.9594     2983    0.17%
    100    50   152629.0025    40   152471.0000   152730.9594     3057    0.17%
Elapsed time = 37.81 sec. (20870.43 ticks, tree = 0.40 MB, solutions = 1)
    147    51   152620.1036    40   152471.0000   152730.9594     3093    0.17%
    178    66   152713.0268    68   152471.0000   152730.7510     3316    0.17%
    218   100   152686.9418    68   152471.0000   152730.7510     3776    0.17%
    240   120   152665.0685    50   152471.0000   152730.7510     3958    0.17%
    275   133   152655.0472    44   152471.0000   152730.7510     4175    0.17%
    309   135   152651.5955    44   152471.0000   152730.7510     4252    0.17%
    355   137   152646.1712    44   152471.0000   152730.7510     4283    0.17%
    400   176   152676.4177    57   152471.0000   152730.1296     4432    0.17%
    434   200   152678.0288    55   152471.0000   152725.8962     4860    0.17%
    472   236   152660.9933    58   152471.0000   152725.8962     5267    0.17%
Elapsed time = 57.74 sec. (30769.26 ticks, tree = 1.98 MB, solutions = 1)
    504   254        cutoff         152471.0000   152725.8962     5548    0.17%
    535   266   152501.6587    47   152471.0000   152725.8962     5904    0.17%
    567   268        cutoff         152471.0000   152725.8962     5966    0.17%
    574   269   152579.1925    43   152471.0000   152725.8962     5982    0.17%
    610   281   152685.6609    65   152471.0000   152725.6451     6058    0.17%
    645   316   152613.8552    51   152471.0000   152725.6451     6158    0.17%
    713   377   152567.5256    51   152471.0000   152725.6451     6269    0.17%
    746   408   152652.9320    60   152471.0000   152725.2157     6386    0.17%
    787   449   152587.8436    59   152471.0000   152725.2157     6485    0.17%
    840   491   152679.8221    76   152471.0000   152725.1627     6606    0.17%
Elapsed time = 75.29 sec. (40602.96 ticks, tree = 4.17 MB, solutions = 1)
    882   533   152618.1216    75   152471.0000   152725.1627     6739    0.17%
    942   589        cutoff         152471.0000   152725.1627     6922    0.17%
    967   614   152672.9420    59   152471.0000   152725.1462     6997    0.17%
    998   645   152584.1956   153   152471.0000   152583.8278    10346    0.07%
    999   644   152581.1880   149   152471.0000   152581.1880    10364    0.07%
   1008   645   152569.2555   120   152471.0000   152572.7924    10463    0.07%
   1028   636   152556.1991   115   152471.0000   152572.7924    10498    0.07%
   1038   561   152483.3494   113   152471.0000   152571.2481    10667    0.07%
   1042   419   152563.2136   122   152471.0000   152568.4436    10797    0.06%
   1047   416   152554.4489   118   152471.0000   152568.4436    10831    0.06%
Elapsed time = 196.42 sec. (99438.85 ticks, tree = 3.52 MB, solutions = 1)
   1060   416   152523.5800   104   152471.0000   152568.4436    10931    0.06%
   1085   417   152490.7954    81   152471.0000   152568.4436    10999    0.06%
   1099   373   152546.0164    96   152471.0000   152562.0921    11074    0.06%
   1118   368   152542.4455    98   152471.0000   152562.0921    11105    0.06%
   1131   311   152527.3755   117   152471.0000   152546.9952    11373    0.05%
   1156   317   152515.1833    92   152471.0000   152546.9952    11457    0.05%
   1188   313   152511.2982    97   152471.0000   152542.2760    11657    0.05%
   1216   303   152510.2170    94   152471.0000   152542.2760    11687    0.05%
   1238   295   152505.8983    93   152471.0000   152542.2760    11710    0.05%
   1278   281   152531.0719    99   152471.0000   152539.3997    11957    0.04%
Elapsed time = 215.44 sec. (109300.89 ticks, tree = 2.10 MB, solutions = 1)
   1358   318   152500.0191    72   152471.0000   152537.5827    12136    0.04%
   1418   336   152518.7065    82   152471.0000   152534.6943    12319    0.04%
   1478   366   152488.0320    67   152471.0000   152532.2523    12560    0.04%
   1523   373   152529.4508    94   152471.0000   152531.0853    12768    0.04%
   1603   413   152498.4999    55   152471.0000   152531.0853    12958    0.04%
   1647   424   152507.8421    66   152471.0000   152530.5238    13196    0.04%
   1707   456   152494.8043    55   152471.0000   152530.3970    13406    0.04%
   1793   529   152501.2571    94   152471.0000   152529.3707    13649    0.04%
   1906   629        cutoff         152471.0000   152528.9278    13937    0.04%
   2006   720   152516.7024    88   152471.0000   152527.2280    14321    0.04%
Elapsed time = 232.41 sec. (119095.23 ticks, tree = 3.73 MB, solutions = 1)
   2056   750   152523.8292   102   152471.0000   152527.1841    14530    0.04%
   2141   823   152490.5125    66   152471.0000   152527.0734    14807    0.04%
   2267   933        cutoff         152471.0000   152526.8489    15145    0.04%
   2337   985   152511.7539    69   152471.0000   152526.3001    15414    0.04%
   2370  1008        cutoff         152471.0000   152526.3001    15518    0.04%
   2459  1091   152486.8982    77   152471.0000   152525.6693    15848    0.04%
   2552  1163   152483.5656    38   152471.0000   152524.4361    16168    0.04%
   2603  1191   152481.2511    49   152471.0000   152524.3315    16306    0.03%
   2711  1280   152485.6770    40   152471.0000   152523.8692    16665    0.03%
   2721  1282        cutoff         152471.0000   152523.8692    16685    0.03%
Elapsed time = 250.89 sec. (130097.25 ticks, tree = 6.66 MB, solutions = 1)
   2723  1281   152495.3328    94   152471.0000   152523.8024    16728    0.03%
   2807  1334   152486.7551    65   152471.0000   152522.7413    17117    0.03%
   2907  1418   152499.0269    80   152471.0000   152522.0601    17504    0.03%
   2981  1451   152491.4049    87   152471.0000   152520.4339    17939    0.03%
   2998  1468   152482.3599    63   152471.0000   152520.4339    17986    0.03%
   3065  1490   152481.4535    73   152471.0000   152519.9601    18301    0.03%
   3146  1551   152497.6212    60   152471.0000   152519.8120    18608    0.03%
   3246  1637   152471.3327    41   152471.0000   152519.6758    18922    0.03%
   3340  1708   152479.5011    82   152471.0000   152519.5561    19237    0.03%
   3390  1722   152494.6424    71   152471.0000   152519.2650    19500    0.03%
Elapsed time = 267.20 sec. (140386.21 ticks, tree = 8.92 MB, solutions = 1)
   3478  1794   152510.0068    66   152471.0000   152519.0969    19808    0.03%
   3578  1870   152506.8164   103   152471.0000   152518.7946    20244    0.03%
   3649  1932   152481.2313    47   152471.0000   152518.7917    20460    0.03%
   3751  1991        cutoff         152471.0000   152518.7065    20834    0.03%
   3802  1971   152488.0615    95   152471.0000   152518.2324    21137    0.03%
   3874  2005   152505.5430   108   152471.0000   152517.8403    21470    0.03%
   3972  2087   152489.7064    63   152471.0000   152517.6158    21787    0.03%
   4075  2163   152479.5449    71   152471.0000   152517.4656    22133    0.03%
   4165  2225   152479.8782    79   152471.0000   152517.3520    22583    0.03%
   4235  2268   152491.1186    68   152471.0000   152516.9571    22875    0.03%
Elapsed time = 283.42 sec. (150928.09 ticks, tree = 11.79 MB, solutions = 1)
   4309  2315   152480.8534    74   152471.0000   152516.6879    23192    0.03%
   4401  2388   152479.2106    80   152471.0000   152516.6852    23441    0.03%
   4493  2460   152479.6858    69   152471.0000   152516.6069    23768    0.03%
   4524  2475   152492.6624    68   152471.0000   152516.5312    24007    0.03%
   4607  2534   152473.7626    92   152471.0000   152516.4617    24388    0.03%
   4675  2567   152504.1477    92   152471.0000   152516.1089    24846    0.03%
   4734  2599   152506.8382    79   152471.0000   152515.8834    25326    0.03%
   4780  2626   152497.0581    66   152471.0000   152515.8013    25499    0.03%
   4874  2701   152484.6112    84   152471.0000   152515.7965    25796    0.03%
   5150  2870   152490.8430    90   152471.0000   152514.8887    27255    0.03%
Elapsed time = 303.86 sec. (164303.54 ticks, tree = 14.90 MB, solutions = 1)
   5450  3057        cutoff         152471.0000   152514.2156    28868    0.03%
   5687  3205   152493.0151    76   152471.0000   152513.3776    30247    0.03%
   5979  3437        cutoff         152471.0000   152512.9187    31490    0.03%
   6176  3451        cutoff         152471.0000   152512.3288    32914    0.03%
   6398  3569   152488.1730    75   152471.0000   152511.5631    34238    0.03%
   6605  3659   152486.5039    67   152471.0000   152510.4697    35609    0.03%
   6904  3812   152471.6310    67   152471.0000   152509.3287    37014    0.03%
   7177  3998   152481.6867    32   152471.0000   152509.0872    37965    0.02%
   7420  4152        cutoff         152471.0000   152508.4627    39211    0.02%
   7668  4225   152480.3803    29   152471.0000   152508.0734    40407    0.02%
Elapsed time = 362.86 sec. (202998.83 ticks, tree = 22.00 MB, solutions = 1)
   7901  4337   152489.1931    68   152471.0000   152507.1628    41601    0.02%
   8095  4405        cutoff         152471.0000   152506.3248    42919    0.02%
   8338  4506        cutoff         152471.0000   152505.6769    44182    0.02%
   8547  4612   152477.3128    57   152471.0000   152505.0341    45310    0.02%
   8756  4682   152493.2212    77   152471.0000   152504.0282    46683    0.02%
   8942  4765   152477.3219    72   152471.0000   152503.4843    47714    0.02%
   9117  4837   152493.3780    68   152471.0000   152502.9636    48648    0.02%
   9364  4908   152473.9580    67   152471.0000   152502.1473    50091    0.02%
   9566  4985   152493.4638    96   152471.0000   152501.4738    51301    0.02%
   9838  5041   152481.0590    99   152471.0000   152500.6611    52663    0.02%
Elapsed time = 423.31 sec. (242005.07 ticks, tree = 26.21 MB, solutions = 1)
  10118  5186   152473.1242    74   152471.0000   152500.0523    54165    0.02%
  10385  5315   152477.8397   102   152471.0000   152499.5102    55602    0.02%
  10730  5515   152483.5638    68   152471.0000   152499.1224    56809    0.02%
  10904  5536        cutoff         152471.0000   152498.3439    58138    0.02%
  10978  5538   152488.3386    57   152471.0000   152498.0021    59054    0.02%
  10980  5538   152577.1497   140   152471.0000   152497.9789    60440    0.02%
  11012  4645   152548.8716   110   152471.0000   152497.9789    60691    0.02%
  11060  4633   152522.7214    99   152471.0000   152497.9789    60817    0.02%
  11117  4623   152477.5614    46   152471.0000   152497.9789    60987    0.02%
  11166  3915   152483.1785    92   152471.0000   152497.9789    61385    0.02%
Elapsed time = 526.41 sec. (299923.77 ticks, tree = 20.33 MB, solutions = 1)
  11211  3800   152528.1121   104   152471.0000   152497.9789    61525    0.02%
  11267  3702   152542.3682   107   152471.0000   152497.9789    61759    0.02%
  11325  3630   152519.4961   109   152471.0000   152497.9789    61962    0.02%
  11345  3569   152482.5781    90   152471.0000   152497.9789    62197    0.02%
  11389  3441   152496.9608   105   152471.0000   152497.9789    62406    0.02%
  11450  3320   152478.6029    83   152471.0000   152497.9789    62630    0.02%
  11522  3200   152494.4123    83   152471.0000   152497.9789    62857    0.02%
  11596  3042   152476.4138    76   152471.0000   152497.9789    63198    0.02%
  11675  2872   152520.6529    98   152471.0000   152497.9789    63539    0.02%
  11780  2799   152497.2406    64   152471.0000   152497.9789    63963    0.02%
Elapsed time = 597.73 sec. (338415.45 ticks, tree = 14.48 MB, solutions = 1)
  11858  2675   152501.3417    92   152471.0000   152497.9789    64546    0.02%
  11986  2610   152474.8312    28   152471.0000   152497.9789    65024    0.02%
  12103  2523   152500.4553    57   152471.0000   152497.9789    65606    0.02%
  12255  2511   152483.5612    89   152471.0000   152497.9789    66221    0.02%
  12400  2483   152503.1713   100   152471.0000   152497.9789    66837    0.02%
  12519  2458   152483.4498   101   152471.0000   152497.9789    67216    0.02%
  12662  2413   152479.6400    69   152471.0000   152497.9789    67913    0.02%
  12840  2431   152482.7078    36   152471.0000   152497.9789    68708    0.02%
  12985  2389   152497.8655    97   152471.0000   152497.9789    69495    0.02%
  13113  2350   152492.1704    68   152471.0000   152497.9789    70117    0.02%
Elapsed time = 656.58 sec. (376709.89 ticks, tree = 11.84 MB, solutions = 1)
  13250  2317   152472.9354    68   152471.0000   152497.9789    70724    0.02%
  13430  2306   152490.5544    99   152471.0000   152497.9789    71534    0.02%
  13593  2277   152493.6215    43   152471.0000   152497.9789    72291    0.02%
  13761  2222   152493.2655    48   152471.0000   152496.7633    73204    0.02%
  13919  2191   152477.8392    57   152471.0000   152495.3217    74134    0.02%
  14067  2152   152492.2878    47   152471.0000   152494.5634    74877    0.02%
  14225  2119   152490.3309    48   152471.0000   152493.6181    75718    0.01%
  14385  2106        cutoff         152471.0000   152493.3430    76372    0.01%
  14567  2054   152490.2518    46   152471.0000   152492.1704    77417    0.01%
  14737  2053   152472.0587    50   152471.0000   152491.6659    78296    0.01%
Elapsed time = 716.26 sec. (415114.62 ticks, tree = 10.04 MB, solutions = 1)
  14927  2003   152487.5037    66   152471.0000   152490.7439    79170    0.01%
  15128  1996   152477.2539    16   152471.0000   152490.2353    79951    0.01%
  15261  1951   152479.9018    38   152471.0000   152489.8509    80538    0.01%
  15439  1932   152476.2278    44   152471.0000   152489.4298    81378    0.01%
  15626  1913   152484.5406    54   152471.0000   152489.0718    82149    0.01%
  15786  1923   152478.3392    73   152471.0000   152488.8238    82791    0.01%
  15971  1999   152477.8506    40   152471.0000   152488.3052    83662    0.01%
  16164  2035   152471.6385    68   152471.0000   152487.6513    84731    0.01%
  16338  2088   152484.5692    40   152471.0000   152487.2600    85656    0.01%
  16511  2135   152474.3449    49   152471.0000   152486.7835    86496    0.01%
Elapsed time = 775.04 sec. (453506.22 ticks, tree = 10.24 MB, solutions = 1)
  16676  2188   152478.9606    46   152471.0000   152486.4516    87446    0.01%

Implied bound cuts applied:  78
Flow cuts applied:  69
Mixed integer rounding cuts applied:  33
Gomory fractional cuts applied:  51

Root node processing (before b&c):
  Real time             =   29.90 sec. (17038.37 ticks)
Sequential b&c:
  Real time             =  753.75 sec. (442277.05 ticks)
                          ------------
Total (root+branch&cut) =  783.65 sec. (459315.42 ticks)
