1 of 1 MIP starts provided solutions.
MIP start 'm1' defined initial solution with objective 203845.0000.
Tried aggregator 1 time.
MIP Presolve eliminated 0 rows and 1 columns.
Reduced MIP has 120200 rows, 80200 columns, and 16280000 nonzeros.
Reduced MIP has 40000 binaries, 0 generals, 0 SOSs, and 0 indicators.
Presolve time = 9.19 sec. (3975.73 ticks)
Probing time = 0.34 sec. (160.87 ticks)
Tried aggregator 1 time.
Reduced MIP has 120200 rows, 80200 columns, and 16280000 nonzeros.
Reduced MIP has 40000 binaries, 0 generals, 0 SOSs, and 0 indicators.
Presolve time = 11.44 sec. (4678.00 ticks)
Probing time = 0.34 sec. (160.85 ticks)
Clique table members: 200.
MIP emphasis: balance optimality and feasibility.
MIP search method: dynamic search.
Parallel mode: none, using 1 thread.
Root relaxation solution time = 28.20 sec. (16897.99 ticks)

        Nodes                                         Cuts/
   Node  Left     Objective  IInf  Best Integer    Best Bound    ItCnt     Gap

*     0+    0                       203845.0000   3.06638e+07    27471     --- 
      0     0   203968.1967   140   203845.0000   203968.1967    27471    0.06%
      0     0   203940.7046   183   203845.0000      Cuts: 72    28553    0.05%
      0     0   203930.4280   173   203845.0000      Cuts: 36    28878    0.04%

Repeating presolve.
Tried aggregator 1 time.
MIP Presolve eliminated 52254 rows and 52254 columns.
MIP Presolve modified 6954 coefficients.
Reduced MIP has 67946 rows, 27946 columns, and 5672438 nonzeros.
Reduced MIP has 13873 binaries, 0 generals, 0 SOSs, and 0 indicators.
Presolve time = 7.54 sec. (3099.06 ticks)
Probing time = 0.19 sec. (101.42 ticks)
Tried aggregator 1 time.
Reduced MIP has 67946 rows, 27946 columns, and 5672438 nonzeros.
Reduced MIP has 13873 binaries, 0 generals, 0 SOSs, and 0 indicators.
Presolve time = 3.97 sec. (1627.98 ticks)
Represolve time = 13.05 sec. (5954.35 ticks)
Probing time = 0.25 sec. (100.89 ticks)
Clique table members: 9834.
MIP emphasis: balance optimality and feasibility.
MIP search method: dynamic search.
Parallel mode: none, using 1 thread.
Root relaxation solution time = 8.73 sec. (3671.03 ticks)

        Nodes                                         Cuts/
   Node  Left     Objective  IInf  Best Integer    Best Bound    ItCnt     Gap

*     0+    0                       203845.0000   203930.4280    41445    0.04%
      0     0   203930.4279   177   203845.0000   203930.4279    41445    0.04%
      0     2   203930.4279   177   203845.0000   203930.3219    41445    0.04%
Elapsed time = 158.45 sec. (85495.41 ticks, tree = 0.00 MB, solutions = 1)
      3     5   203920.8273   171   203845.0000   203927.9996    41593    0.04%
      4     6   203927.7741   160   203845.0000   203927.3490    41599    0.04%
      9    11   203909.2543   145   203845.0000   203927.2938    41680    0.04%
     12    14   203899.4202   128   203845.0000   203927.2938    41757    0.04%
     15    17   203888.1446   117   203845.0000   203927.2938    41841    0.04%
     19    21   203884.8416   108   203845.0000   203927.2938    41860    0.04%
     22    24   203880.8936    96   203845.0000   203927.2938    41885    0.04%
     26    28   203875.9791    87   203845.0000   203927.2938    41959    0.04%
     30    32   203861.6964    69   203845.0000   203927.2938    42172    0.04%
     46    43   203920.6633   141   203845.0000   203926.2504    42409    0.04%
Elapsed time = 167.82 sec. (89904.45 ticks, tree = 1.64 MB, solutions = 1)
     57    54   203896.5670   107   203845.0000   203926.2504    42641    0.04%
     70    67   203872.0012    68   203845.0000   203926.2504    42846    0.04%
     86    83   203864.9044    39   203845.0000   203926.2504    42972    0.04%
    102    92   203923.7048   173   203845.0000   203925.9366    43144    0.04%
    119   107   203845.0153   158   203845.0000   203925.9366    43793    0.04%
    130   116   203882.0655   159   203845.0000   203925.8829    44026    0.04%
    141   123        cutoff         203845.0000   203925.8829    44277    0.04%
    152   134   203887.7961   141   203845.0000   203925.6510    44503    0.04%
    159   137   203919.5344   177   203845.0000   203923.4134    44806    0.04%
    169   147   203890.8297   129   203845.0000   203923.4134    45000    0.04%
Elapsed time = 191.25 sec. (100794.91 ticks, tree = 8.42 MB, solutions = 1)
    176   154   203876.7990   108   203845.0000   203923.4134    45130    0.04%
    177   155   203875.7960   108   203845.0000   203923.4134    45135    0.04%
    187   165   203863.5631    86   203845.0000   203923.4134    45269    0.04%
    200   176   203849.1396    65   203845.0000   203923.4134    45561    0.04%
    218   184   203898.1143   153   203845.0000   203922.3447    45816    0.04%
    220   186   203893.3994   148   203845.0000   203922.3447    45844    0.04%
    230   192   203903.5251   162   203845.0000   203921.5359    46211    0.04%
    231   193   203900.2030   158   203845.0000   203921.5359    46253    0.04%
    241   199   203914.9053   153   203845.0000   203920.8186    46560    0.04%
    256   210   203920.5945   159   203845.0000   203920.5853    46953    0.04%
Elapsed time = 216.44 sec. (112941.24 ticks, tree = 16.67 MB, solutions = 1)
    271   222   203911.1332   140   203845.0000   203920.3573    47500    0.04%
    283   234   203876.6853    93   203845.0000   203920.3573    47779    0.04%
    296   247   203848.8864    64   203845.0000   203920.3573    48087    0.04%
    307   250   203913.2027   143   203845.0000   203920.2155    48213    0.04%
    320   259   203908.9622   157   203845.0000   203919.5251    48777    0.04%
    330   269   203852.9943   179   203845.0000   203919.5251    49206    0.04%
    340   275   203887.0994   147   203845.0000   203919.5172    49466    0.04%
    352   283   203893.8040   150   203845.0000   203918.9670    49956    0.04%
    366   293   203899.8428   147   203845.0000   203918.2481    50446    0.04%
    379   306   203870.9218    96   203845.0000   203918.2481    50720    0.04%
Elapsed time = 237.22 sec. (122953.73 ticks, tree = 31.65 MB, solutions = 1)
    391   318   203846.1719    70   203845.0000   203918.2481    50994    0.04%
    400   324   203873.0420   138   203845.0000   203917.8785    51263    0.04%
    402   325   203852.5953   158   203845.0000   203917.8785    51352    0.04%
    416   334   203849.5347   155   203845.0000   203917.8384    51924    0.04%
    420   336   203903.5625   154   203845.0000   203917.1217    52033    0.04%
    439   355   203861.2605    96   203845.0000   203917.1217    52357    0.04%
    454   365   203853.8496   140   203845.0000   203917.0395    52780    0.04%
    457   365   203906.7488   146   203845.0000   203916.6526    52964    0.04%
    472   380   203872.3936    97   203845.0000   203916.6526    53205    0.04%
    485   392   203855.5356    67   203845.0000   203916.6526    53474    0.04%
Elapsed time = 262.28 sec. (136665.60 ticks, tree = 33.22 MB, solutions = 1)
    504   409   203849.6889    35   203845.0000   203916.6526    53564    0.04%
    517   408   203915.4125   147   203845.0000   203916.2830    53639    0.03%
    531   417   203900.6343   154   203845.0000   203916.1508    54141    0.03%
    544   426   203895.8661   144   203845.0000   203916.0359    54559    0.03%
    557   435   203882.7664   159   203845.0000   203915.4288    55046    0.03%
    567   441   203891.7770   162   203845.0000   203915.2697    55473    0.03%
    576   447   203846.0195   120   203845.0000   203915.2697    55883    0.03%
    590   456   203898.2163   146   203845.0000   203914.2023    56400    0.03%
    600   462   203901.8550   145   203845.0000   203913.5156    56901    0.03%
    612   470   203884.4673   142   203845.0000   203913.4637    57434    0.03%
Elapsed time = 286.13 sec. (147721.40 ticks, tree = 51.13 MB, solutions = 1)
    624   478   203901.2167   136   203845.0000   203913.2720    57767    0.03%
    637   491   203859.9075   113   203845.0000   203913.2720    58086    0.03%
    651   503        cutoff         203845.0000   203913.2720    58299    0.03%
    653   505   203848.7959    82   203845.0000   203913.2720    58311    0.03%
    660   509   203870.6770   144   203845.0000   203913.1301    58587    0.03%
    672   517   203882.0262   143   203845.0000   203912.8901    58914    0.03%
    680   521   203900.3671   151   203845.0000   203912.3910    59233    0.03%
    694   530   203859.9540   151   203845.0000   203912.3455    59988    0.03%
    705   537   203887.6594   129   203845.0000   203912.2341    60294    0.03%
    716   548   203886.7723   100   203845.0000   203912.2341    60463    0.03%
Elapsed time = 308.74 sec. (159328.37 ticks, tree = 56.53 MB, solutions = 1)
    726   558   203850.1462    69   203845.0000   203912.2341    60601    0.03%
    738   563        cutoff         203845.0000   203912.1205    61073    0.03%
    753   578   203861.2747   103   203845.0000   203912.0869    61555    0.03%
    760   582   203852.7443    97   203845.0000   203912.0869    61687    0.03%
    770   588   203885.1734   130   203845.0000   203911.9693    61929    0.03%
    782   600   203868.3825   105   203845.0000   203911.9693    62068    0.03%
    789   602   203908.5379   155   203845.0000   203911.8855    62164    0.03%
    800   610   203900.2454   141   203845.0000   203911.6331    62605    0.03%
    814   624   203875.9924    93   203845.0000   203911.6331    62818    0.03%
    825   629   203863.3927    83   203845.0000   203911.6331    63101    0.03%
Elapsed time = 331.31 sec. (171210.07 ticks, tree = 57.31 MB, solutions = 1)
    833   633   203856.0122    85   203845.0000   203911.6331    63139    0.03%
    844   638   203890.5781   140   203845.0000   203911.4543    63316    0.03%
    853   643   203907.4077   146   203845.0000   203911.4093    63636    0.03%
    867   653   203883.2621   170   203845.0000   203911.3519    64240    0.03%
    880   663   203895.1819   150   203845.0000   203911.3209    64627    0.03%
    892   671   203893.7800   134   203845.0000   203911.2880    65066    0.03%
    906   685   203875.0366   102   203845.0000   203911.2880    65312    0.03%
    918   697   203921.4266   176   203845.0000   203911.2880    76001    0.03%
    919   698   203919.0014   166   203845.0000   203911.2880    76004    0.03%
    920   698   203894.7889   172   203845.0000   203911.2880    76160    0.03%
Elapsed time = 455.89 sec. (237562.19 ticks, tree = 64.69 MB, solutions = 1)
    924   698   203890.0119   160   203845.0000   203911.2880    76195    0.03%
    926   698   203888.8143   148   203845.0000   203911.2880    76202    0.03%
    927   698   203884.6098   151   203845.0000   203911.2880    76233    0.03%
    928   697   203883.8857   145   203845.0000   203911.2880    76253    0.03%
    930   698   203882.6065   139   203845.0000   203911.2880    76256    0.03%
    931   699   203882.6065   125   203845.0000   203911.2880    76258    0.03%
    932   698   203874.8111   137   203845.0000   203911.2880    76328    0.03%
    933   698   203871.2979   130   203845.0000   203911.2880    76441    0.03%
    934   698   203868.2860   132   203845.0000   203911.2880    76477    0.03%
    937   697   203847.0520   127   203845.0000   203911.2880    76596    0.03%
Elapsed time = 488.41 sec. (261636.65 ticks, tree = 64.06 MB, solutions = 1)
    939   626   203865.7247   172   203845.0000   203911.2880    76784    0.03%
    941   626   203855.5204   136   203845.0000   203911.2880    76880    0.03%
    948   626   203854.0967   128   203845.0000   203911.2880    76924    0.03%
    954   569   203914.1723   163   203845.0000   203911.2880    76977    0.03%
    961   573   203900.9592   157   203845.0000   203911.2880    77074    0.03%
    971   575   203889.6315   155   203845.0000   203911.2880    77301    0.03%
    980   574   203882.6587   150   203845.0000   203911.2880    77475    0.03%
    993   574   203873.0366   125   203845.0000   203911.2880    77635    0.03%
   1005   575   203859.7831   111   203845.0000   203911.2880    77770    0.03%
   1022   516        cutoff         203845.0000   203908.1878    78263    0.03%
Elapsed time = 548.17 sec. (302605.86 ticks, tree = 45.23 MB, solutions = 1)
   1040   518   203881.1215   158   203845.0000   203907.7838    78638    0.03%
   1061   524   203853.1818   124   203845.0000   203907.7838    79030    0.03%
   1080   526   203882.6169   162   203845.0000   203904.0009    79615    0.03%
   1108   530   203894.3765   141   203845.0000   203903.4101    80087    0.03%
   1138   529   203893.8086   151   203845.0000   203898.9453    80777    0.03%
   1159   538   203854.8486   140   203845.0000   203898.9453    81527    0.03%
   1186   537   203858.7508   113   203845.0000   203898.4255    82041    0.03%
   1207   538   203850.2165   105   203845.0000   203898.4255    82203    0.03%
   1231   546   203861.5613   175   203845.0000   203898.4133    82749    0.03%
   1242   541   203845.6927   176   203845.0000   203898.4133    82945    0.03%
Elapsed time = 609.73 sec. (342016.50 ticks, tree = 36.80 MB, solutions = 1)
   1259   542   203866.8709   142   203845.0000   203898.0589    83187    0.03%
   1260   543   203866.7997   139   203845.0000   203898.0589    83189    0.03%
   1261   543   203864.8232   137   203845.0000   203898.0589    83193    0.03%
   1300   550        cutoff         203845.0000   203896.0598    84111    0.03%
   1340   551   203891.1418   145   203845.0000   203894.4172    84804    0.02%
   1375   567   203863.6687    80   203845.0000   203894.4172    85124    0.02%
   1398   572   203849.2793    49   203845.0000   203894.4172    85327    0.02%
   1445   578   203848.5491   151   203845.0000   203893.3651    86264    0.02%
   1478   591   203864.0291    72   203845.0000   203893.0972    86699    0.02%
   1513   595   203845.6881   149   203845.0000   203892.8339    87774    0.02%
Elapsed time = 709.32 sec. (404463.73 ticks, tree = 26.93 MB, solutions = 1)
   1566   622   203862.7512   108   203845.0000   203891.2782    88395    0.02%
   1584   617   203851.0926    91   203845.0000   203891.2782    88522    0.02%
   1621   600        cutoff         203845.0000   203889.5344    89221    0.02%
   1651   591   203846.8762    94   203845.0000   203888.5414    89791    0.02%
   1692   604   203865.3599    69   203845.0000   203888.0899    90415    0.02%
   1753   612   203849.2728    82   203845.0000   203887.7319    91123    0.02%
   1803   625   203858.6204    56   203845.0000   203887.6780    91481    0.02%
   1861   643   203849.4727    57   203845.0000   203887.6485    91978    0.02%
   1918   645   203862.0728   120   203845.0000   203886.8045    92729    0.02%
   1978   681   203851.2106    45   203845.0000   203886.6339    93292    0.02%
Elapsed time = 787.65 sec. (446522.51 ticks, tree = 12.24 MB, solutions = 1)
   2028   705   203850.5406   145   203845.0000   203885.7850    94098    0.02%
   2067   726   203857.1004   145   203845.0000   203885.1923    94917    0.02%
   2086   732   203862.8866   137   203845.0000   203884.8727    95242    0.02%
   2098   735   203845.4127   133   203845.0000   203884.8727    95433    0.02%
   2112   733   203847.0306   117   203845.0000   203884.5473    95690    0.02%
   2147   747        cutoff         203845.0000   203883.8470    96021    0.02%
   2198   783   203867.2233    93   203845.0000   203883.2471    96590    0.02%
   2256   814        cutoff         203845.0000   203883.1428    97392    0.02%
   2309   849   203848.7240   112   203845.0000   203883.0299    98169    0.02%
   2331   853   203878.7107   109   203845.0000   203882.7981    98389    0.02%
Elapsed time = 867.87 sec. (488523.77 ticks, tree = 15.33 MB, solutions = 1)
   2392   901   203849.8390   171   203845.0000   203882.7743    99033    0.02%
   2431   935   203863.6503    82   203845.0000   203882.6623    99462    0.02%
   2432   936   203863.6086    77   203845.0000   203882.6623    99463    0.02%
   2433   937   203862.2800    86   203845.0000   203882.6623    99506    0.02%
   2480   964   203879.4892   105   203845.0000   203882.4408    99929    0.02%
   2511   995   203864.4893    73   203845.0000   203882.4408   100278    0.02%
   2548  1024   203848.1307    36   203845.0000   203882.4408   100494    0.02%
   2570  1033   203875.9906    98   203845.0000   203881.9732   100932    0.02%
   2601  1050   203866.7477    97   203845.0000   203881.9732   101206    0.02%
   2616  1050   203866.5355    97   203845.0000   203881.9732   101237    0.02%
Elapsed time = 1010.92 sec. (565000.15 ticks, tree = 19.09 MB, solutions = 1)
   2645  1061   203857.0429    65   203845.0000   203881.9732   101356    0.02%
   2675  1078   203845.5748    55   203845.0000   203881.9732   101560    0.02%
   2724  1110   203848.6945   137   203845.0000   203881.8032   102077    0.02%
   2761  1124        cutoff         203845.0000   203881.6265   102825    0.02%
   2814  1162   203846.0219   116   203845.0000   203881.3163   103669    0.02%
   2837  1162   203845.2502    96   203845.0000   203881.1855   103932    0.02%
   2902  1204   203865.3176   109   203845.0000   203880.7988   104633    0.02%
   2942  1228   203851.6072   132   203845.0000   203880.7380   105250    0.02%
   2955  1228   203851.2276   138   203845.0000   203880.7380   105338    0.02%
   2978  1235   203877.0553    93   203845.0000   203880.6749   105510    0.02%
Elapsed time = 1089.91 sec. (606423.17 ticks, tree = 22.07 MB, solutions = 1)
   3024  1281   203846.5203    34   203845.0000   203880.6749   105789    0.02%
   3086  1327   203867.3850   113   203845.0000   203880.5981   106345    0.02%
   3164  1391   203846.9151    87   203845.0000   203880.5347   107166    0.02%
   3197  1403   203875.7987    98   203845.0000   203880.1978   107639    0.02%
   3290  1491   203850.0046    33   203845.0000   203880.1345   108256    0.02%
   3301  1495   203852.4328   140   203845.0000   203880.1178   108413    0.02%
   3366  1548   203862.8017    60   203845.0000   203880.0086   108898    0.02%
   3391  1562   203852.2654    39   203845.0000   203880.0086   109042    0.02%
   3425  1572   203866.6785   128   203845.0000   203879.9150   109252    0.02%
   3485  1621   203861.8316   105   203845.0000   203879.8814   109972    0.02%
Elapsed time = 1229.82 sec. (682273.17 ticks, tree = 28.30 MB, solutions = 1)
   3487  1623   203859.3560   101   203845.0000   203879.8814   109976    0.02%
   3560  1677   203854.4916   128   203845.0000   203879.7266   111013    0.02%
   3632  1723   203860.5790    93   203845.0000   203879.6820   111897    0.02%
   3687  1767   203870.9744    88   203845.0000   203879.6475   112235    0.02%
   3758  1813   203847.3604    42   203845.0000   203879.6475   112574    0.02%
   3818  1864   203853.6963    32   203845.0000   203879.5883   112983    0.02%
   3833  1866   203853.1538    27   203845.0000   203879.5883   113022    0.02%
   3852  1871   203852.4951    28   203845.0000   203879.5883   113092    0.02%
   3867  1872   203851.9951    25   203845.0000   203879.5883   113125    0.02%
   3912  1889   203876.7833   116   203845.0000   203879.3731   113995    0.02%
Elapsed time = 1353.91 sec. (753353.87 ticks, tree = 32.94 MB, solutions = 1)
   4002  1946   203846.6897    36   203845.0000   203879.3731   114394    0.02%
   4032  1948   203845.9326    34   203845.0000   203879.3731   114482    0.02%
   4093  1992   203857.1082    57   203845.0000   203879.2751   114864    0.02%
   4141  2023   203870.8500   100   203845.0000   203879.2559   115288    0.02%
   4187  2059   203848.8918    51   203845.0000   203879.2559   115500    0.02%
   4200  2060   203848.2498    48   203845.0000   203879.2559   115540    0.02%
   4256  2085   203853.2308    86   203845.0000   203879.2491   115917    0.02%
   4350  2147   203845.1182    37   203845.0000   203879.2429   116423    0.02%
   4401  2171   203871.5871    85   203845.0000   203879.0448   117369    0.02%
   4494  2236   203853.0795    31   203845.0000   203878.9648   117996    0.02%
Elapsed time = 1454.69 sec. (812325.84 ticks, tree = 38.83 MB, solutions = 1)
   4564  2258        cutoff         203845.0000   203878.6668   118815    0.02%
   4571  2265   203874.9069   103   203845.0000   203878.6238   118875    0.02%
   4655  2325   203855.2466    75   203845.0000   203878.5799   119404    0.02%
   4749  2387        cutoff         203845.0000   203878.4729   120053    0.02%
   4839  2463   203862.8435    68   203845.0000   203878.3851   120742    0.02%
   4882  2491   203846.1992    35   203845.0000   203878.3851   120925    0.02%
   4903  2493   203878.3780   121   203845.0000   203878.3081   121006    0.02%
   4954  2532        cutoff         203845.0000   203878.3081   121490    0.02%
   5011  2563   203861.6493   106   203845.0000   203878.2387   122362    0.02%
   5026  2572   203847.5834   104   203845.0000   203878.2387   122679    0.02%
Elapsed time = 1549.73 sec. (871203.33 ticks, tree = 44.92 MB, solutions = 1)
   5107  2631   203869.3585   138   203845.0000   203878.2011   123248    0.02%
   5195  2692   203848.0610    33   203845.0000   203878.1238   124093    0.02%
   5252  2700   203872.2422    92   203845.0000   203877.9697   124687    0.02%
   5328  2769   203851.0414    47   203845.0000   203877.9618   125142    0.02%
   5428  2836   203854.0645    66   203845.0000   203877.8310   125912    0.02%
   5518  2893   203872.8158   124   203845.0000   203877.7309   126546    0.02%
   5620  2981   203845.6870    46   203845.0000   203877.7072   127098    0.02%
   5622  2981   203875.2893    93   203845.0000   203877.6882   127133    0.02%
   5702  3020        cutoff         203845.0000   203877.5848   128214    0.02%
   5735  3036   203875.7095    88   203845.0000   203877.4934   128796    0.02%
Elapsed time = 1678.31 sec. (951125.67 ticks, tree = 52.78 MB, solutions = 1)
   5815  3081        cutoff         203845.0000   203877.3685   129603    0.02%
   5853  3112   203849.9436   108   203845.0000   203877.3667   130040    0.02%
   5912  3157   203848.0309    43   203845.0000   203877.3618   130511    0.02%
   5947  3179   203857.2950   101   203845.0000   203877.2772   131152    0.02%
   6010  3212   203860.5505    69   203845.0000   203877.0938   132402    0.02%
   6042  3234   203845.0516    39   203845.0000   203877.0938   132644    0.02%
   6118  3286   203860.3034    82   203845.0000   203876.9642   133127    0.02%
   6208  3357   203857.4122    57   203845.0000   203876.9532   133820    0.02%
   6262  3384   203845.9863    35   203845.0000   203876.9532   134064    0.02%
   6338  3438   203853.3082    72   203845.0000   203876.8724   134856    0.02%
Elapsed time = 1789.43 sec. (1018741.72 ticks, tree = 60.03 MB, solutions = 1)
   6420  3496   203847.1424    55   203845.0000   203876.7647   135578    0.02%
   6483  3532   203860.4679    63   203845.0000   203876.6842   136344    0.02%
   6570  3587   203845.4129    58   203845.0000   203876.6117   136927    0.02%
   6610  3606   203845.1217    52   203845.0000   203876.5809   137169    0.02%
   6662  3635   203846.6934    49   203845.0000   203876.5051   137535    0.02%
   6737  3682   203876.0940    84   203845.0000   203876.4659   138173    0.02%
   6765  3705   203874.0194    95   203845.0000   203876.4555   138502    0.02%
   6850  3756   203872.7135   124   203845.0000   203876.3437   139229    0.02%
   6915  3798   203856.9780    95   203845.0000   203876.3046   139987    0.02%
   6969  3833   203846.9325    64   203845.0000   203876.2410   140558    0.02%
Elapsed time = 1893.19 sec. (1081325.72 ticks, tree = 67.30 MB, solutions = 1)
   7048  3892   203854.2947    50   203845.0000   203876.2029   141592    0.02%
   7083  3912   203845.2782    77   203845.0000   203876.1817   141954    0.02%
   7158  3966   203860.4405    69   203845.0000   203876.1707   142553    0.02%
   7238  4018   203865.2843    82   203845.0000   203876.1405   143272    0.02%
   7270  4037   203859.7171    84   203845.0000   203876.0716   143638    0.02%
   7318  4070   203860.9957    88   203845.0000   203876.0435   144049    0.02%
   7403  4126   203855.5926    88   203845.0000   203876.0071   144870    0.02%
   7501  4192   203868.4697   115   203845.0000   203875.9511   145523    0.02%
   7577  4242   203859.2704    72   203845.0000   203875.8701   146516    0.02%
   7647  4288   203873.1334   134   203845.0000   203875.7948   147306    0.02%
Elapsed time = 1991.35 sec. (1143278.63 ticks, tree = 75.96 MB, solutions = 1)
   7689  4315        cutoff         203845.0000   203875.7837   148090    0.02%
   7735  4353   203850.7955    48   203845.0000   203875.7626   148439    0.02%
   7775  4381   203854.4461    99   203845.0000   203875.7492   148627    0.02%
   7849  4427   203856.2614    87   203845.0000   203875.6805   149493    0.02%
   7913  4470   203862.6722    90   203845.0000   203875.6346   150194    0.02%
   7992  4517   203875.6098    99   203845.0000   203875.6165   150665    0.02%
   8075  4578   203847.2902    40   203845.0000   203875.6165   151103    0.02%
   8143  4628   203865.4690    78   203845.0000   203875.5989   151524    0.02%
   8218  4675   203864.9732   103   203845.0000   203875.5218   152423    0.01%
   8290  4730        cutoff         203845.0000   203875.4910   153220    0.01%
Elapsed time = 2083.89 sec. (1205033.02 ticks, tree = 84.18 MB, solutions = 1)
   8297  4733   203862.8472    85   203845.0000   203875.4653   153360    0.01%
   8380  4795   203848.4699    53   203845.0000   203875.4568   154425    0.01%
   8459  4852   203847.6530    60   203845.0000   203875.3826   154961    0.01%
   8528  4898   203851.6432   151   203845.0000   203875.3503   155550    0.01%
   8609  4953   203866.6015    99   203845.0000   203875.3208   156293    0.01%
   8695  5017        cutoff         203845.0000   203875.3108   157173    0.01%
   8777  5079   203845.4356    47   203845.0000   203875.2854   157901    0.01%
   8823  5108   203845.1465    49   203845.0000   203875.2567   158632    0.01%
   8830  5105   203863.0269    89   203845.0000   203875.2405   158805    0.01%
   8918  5158        cutoff         203845.0000   203875.2091   159439    0.01%
Elapsed time = 2203.38 sec. (1289641.00 ticks, tree = 91.83 MB, solutions = 1)
   8989  5202   203870.8827    88   203845.0000   203875.1651   160167    0.01%
   9061  5252   203858.3237    66   203845.0000   203875.1580   160518    0.01%
   9153  5320   203848.0645    60   203845.0000   203875.1141   160951    0.01%
   9211  5359   203845.8872    64   203845.0000   203875.0903   161598    0.01%
   9293  5417   203870.9272    85   203845.0000   203875.0796   162448    0.01%
   9354  5460   203858.2727   147   203845.0000   203875.0497   162965    0.01%
   9388  5481   203852.3646   104   203845.0000   203875.0397   163419    0.01%
   9438  5505   203869.0402    75   203845.0000   203875.0051   164050    0.01%
   9477  5532   203871.6216    98   203845.0000   203874.9730   164442    0.01%
   9564  5580   203847.1724    28   203845.0000   203874.9730   164803    0.01%
Elapsed time = 2290.87 sec. (1351413.50 ticks, tree = 99.99 MB, solutions = 1)
   9613  5597   203850.4141    78   203845.0000   203874.9560   165287    0.01%
   9674  5649   203848.3478    46   203845.0000   203874.9406   165606    0.01%
   9740  5662   203840.8992   103   203845.0000   203874.8788   166385    0.01%
   9784  5686   203848.8293    91   203845.0000   203874.7992   166982    0.01%
   9819  5702   203873.7398   104   203845.0000   203874.7707   167425    0.01%
   9900  5747   203845.7644    55   203845.0000   203874.7707   167753    0.01%
   9909  5745   203846.9846   108   203845.0000   203874.7375   168020    0.01%
   9937  5769   203854.5367    91   203845.0000   203874.7046   168297    0.01%
  10015  5824   203850.8178    86   203845.0000   203874.6885   168876    0.01%
  10056  5851   203871.5416   105   203845.0000   203874.6575   169332    0.01%
Elapsed time = 2377.45 sec. (1414964.17 ticks, tree = 104.82 MB, solutions = 1)
  10098  5891   203849.3671    57   203845.0000   203874.6575   169640    0.01%
  10100  5891   203921.4266   169   203845.0000   203874.6502   179686    0.01%
  10101  5890   203918.2344   159   203845.0000   203874.6502   179691    0.01%
  10105  5892   203916.4875   149   203845.0000   203874.6502   179732    0.01%
  10112  5239        cutoff         203845.0000   203874.6502   179809    0.01%
  10117  5241   203903.7922   125   203845.0000   203874.6502   179891    0.01%
  10119  5241   203896.3856   136   203845.0000   203874.6502   180035    0.01%
  10122  5240   203895.4140   126   203845.0000   203874.6502   180050    0.01%
  10124  5240   203895.2683   127   203845.0000   203874.6502   180069    0.01%
  10126  5240   203883.1788   130   203845.0000   203874.6502   180139    0.01%
Elapsed time = 2707.26 sec. (1646585.15 ticks, tree = 94.44 MB, solutions = 1)
  10128  5239   203865.7195   134   203845.0000   203874.6502   180277    0.01%
  10130  5239   203859.3853   126   203845.0000   203874.6502   180327    0.01%
  10133  5239   203854.7013   117   203845.0000   203874.6502   180363    0.01%
  10138  5235   203851.8342   114   203845.0000   203874.6502   180409    0.01%
  10141  4958   203863.2446   145   203845.0000   203874.6502   180569    0.01%
  10143  4956   203854.2757   137   203845.0000   203874.6502   180665    0.01%
  10145  4955   203853.5244   129   203845.0000   203874.6502   180692    0.01%
  10150  4953   203852.4944   123   203845.0000   203874.6502   180737    0.01%
  10155  4952   203852.2509   124   203845.0000   203874.6502   180760    0.01%
  10159  4675   203861.3786   137   203845.0000   203874.6502   180910    0.01%
Elapsed time = 2759.45 sec. (1696780.20 ticks, tree = 84.33 MB, solutions = 1)
  10161  4674   203851.1827   119   203845.0000   203874.6502   180999    0.01%
  10164  4673   203846.5856   105   203845.0000   203874.6502   181070    0.01%
  10170  3847   203874.9133   119   203845.0000   203874.6502   181475    0.01%
  10174  3848   203866.0608   109   203845.0000   203874.6502   181615    0.01%
  10177  3847   203862.5466   123   203845.0000   203874.6502   181641    0.01%
  10180  3847   203859.2684   103   203845.0000   203874.6502   181701    0.01%
  10183  3847   203859.0426   104   203845.0000   203874.6502   181771    0.01%
  10189  3679   203848.7511   100   203845.0000   203874.6502   181918    0.01%
  10191  3510   203814.2427    94   203845.0000   203874.6502   182016    0.01%
  10193  3510   203867.5127   129   203845.0000   203874.6502   182173    0.01%
Elapsed time = 2811.40 sec. (1747977.54 ticks, tree = 63.47 MB, solutions = 1)
  10196  3512   203857.5575   122   203845.0000   203874.6502   182296    0.01%
  10200  3512   203855.5555   113   203845.0000   203874.6502   182307    0.01%
  10205  3513   203847.8449   110   203845.0000   203874.6502   182365    0.01%
  10208  3377   203883.8859   133   203845.0000   203874.6502   182475    0.01%
  10210  3378   203875.5941   113   203845.0000   203874.6502   182581    0.01%
  10213  3377   203868.5394   112   203845.0000   203874.6502   182605    0.01%
  10218  3380   203864.4913    93   203845.0000   203874.6502   182638    0.01%
  10226  3383   203852.3380    86   203845.0000   203874.6502   182733    0.01%
  10232  3297   203845.4941    76   203845.0000   203874.6502   182852    0.01%
  10235  3211   203894.9445   139   203845.0000   203874.6502   182889    0.01%
Elapsed time = 2858.05 sec. (1792465.95 ticks, tree = 58.09 MB, solutions = 1)
  10238  3212   203892.9472   128   203845.0000   203874.6502   182907    0.01%
  10242  3212   203873.6003   141   203845.0000   203874.6502   183079    0.01%
  10244  3212   203850.1837   139   203845.0000   203874.6502   183224    0.01%
  10247  3135   203883.7465   131   203845.0000   203874.6502   183379    0.01%
  10250  3136   203883.1743   132   203845.0000   203874.6502   183421    0.01%
  10257  3137   203861.4263   134   203845.0000   203874.6502   183529    0.01%
  10259  3136   203851.3104   123   203845.0000   203874.6502   183621    0.01%
  10263  3069   203894.7889   161   203845.0000   203874.6502   183761    0.01%
  10266  3070   203892.5520   151   203845.0000   203874.6502   183831    0.01%
  10272  3069   203890.5762   141   203845.0000   203874.6502   183877    0.01%
Elapsed time = 2905.18 sec. (1837955.48 ticks, tree = 55.49 MB, solutions = 1)
  10277  3069   203880.4931   139   203845.0000   203874.6502   183962    0.01%
  10280  3068   203868.7832   150   203845.0000   203874.6502   184064    0.01%
  10285  3070   203858.9460   137   203845.0000   203874.6502   184122    0.01%
  10291  2913   203889.8447   122   203845.0000   203874.6502   184351    0.01%
  10295  2913   203880.7251   138   203845.0000   203874.6502   184430    0.01%
  10301  2911   203875.6737   136   203845.0000   203874.6502   184492    0.01%
  10306  2912   203862.5976   119   203845.0000   203874.6502   184632    0.01%
  10312  2912   203854.0036   111   203845.0000   203874.6502   184764    0.01%
  10318  2825   203888.2024   136   203845.0000   203874.6502   184872    0.01%
  10324  2826   203867.7896   117   203845.0000   203874.6502   185008    0.01%
Elapsed time = 2954.31 sec. (1880487.22 ticks, tree = 51.08 MB, solutions = 1)
  10328  2826   203864.1444   123   203845.0000   203874.6502   185171    0.01%
  10334  2828   203851.7410   120   203845.0000   203874.6502   185269    0.01%
  10340  2826   203850.8628   118   203845.0000   203874.6502   185292    0.01%
  10345  2788   203888.6214   122   203845.0000   203874.6502   185433    0.01%
  10351  2790   203868.5291   140   203845.0000   203874.6502   185605    0.01%
  10359  2791   203859.9583   111   203845.0000   203874.6502   185660    0.01%
  10367  2793   203851.4227   111   203845.0000   203874.6502   185728    0.01%
  10376  2695   203892.1689   147   203845.0000   203874.6502   185806    0.01%
  10380  2695   203887.4189   140   203845.0000   203874.6502   185837    0.01%
  10384  2696   203881.5503   141   203845.0000   203874.6502   185900    0.01%
Elapsed time = 3003.09 sec. (1924269.98 ticks, tree = 47.99 MB, solutions = 1)
  10388  2697   203868.5733   153   203845.0000   203874.6502   185958    0.01%
  10392  2698   203859.0071   155   203845.0000   203874.6502   186057    0.01%
  10395  2698   203847.2393   149   203845.0000   203874.6502   186125    0.01%
  10399  2697   203846.7495   146   203845.0000   203874.6502   186143    0.01%
  10403  2696   203846.3090   147   203845.0000   203874.6502   186174    0.01%
  10407  2693   203846.2824   145   203845.0000   203874.6502   186193    0.01%
  10410  2662   203802.6900   146   203845.0000   203874.6502   186226    0.01%
  10415  2662   203859.1083   144   203845.0000   203874.6502   186521    0.01%
  10422  2663   203846.3063   133   203845.0000   203874.6502   186640    0.01%
  10429  2607   203887.5145   113   203845.0000   203874.6502   186821    0.01%
Elapsed time = 3058.05 sec. (1969317.56 ticks, tree = 46.35 MB, solutions = 1)
  10437  2610   203884.4896    97   203845.0000   203874.6502   186852    0.01%
  10444  2610   203884.4758    97   203845.0000   203874.6502   186868    0.01%
  10453  2613   203878.1435    77   203845.0000   203874.6502   186907    0.01%
  10460  2614   203871.9077    77   203845.0000   203874.6502   186989    0.01%
  10467  2615   203871.2993    76   203845.0000   203874.6502   187019    0.01%
  10476  2617   203868.1917    60   203845.0000   203874.6502   187078    0.01%
  10483  2614   203867.8133    60   203845.0000   203874.6502   187123    0.01%
  10492  2614   203862.5265    47   203845.0000   203874.6502   187218    0.01%
  10503  2618   203855.7751    36   203845.0000   203874.6502   187276    0.01%
  10512  2615   203850.5437    38   203845.0000   203874.6502   187344    0.01%
Elapsed time = 3105.51 sec. (2010174.20 ticks, tree = 46.36 MB, solutions = 1)
  10523  2577   203888.1475   120   203845.0000   203874.6502   187414    0.01%
  10530  2582   203885.7338   101   203845.0000   203874.6502   187445    0.01%
  10537  2581   203885.0114    96   203845.0000   203874.6502   187468    0.01%
  10543  2581   203884.9488    96   203845.0000   203874.6502   187536    0.01%
  10550  2580   203880.6548    88   203845.0000   203874.6502   187562    0.01%
  10558  2582   203877.1274    74   203845.0000   203874.6502   187605    0.01%
  10566  2577   203875.3564    82   203845.0000   203874.6502   187645    0.01%
  10575  2583   203870.3012    73   203845.0000   203874.6502   187691    0.01%
  10582  2585   203868.3995    71   203845.0000   203874.6502   187794    0.01%
  10589  2580   203867.0787    72   203845.0000   203874.6502   187880    0.01%
Elapsed time = 3153.58 sec. (2051291.96 ticks, tree = 45.61 MB, solutions = 1)
  10596  2577   203866.5983    69   203845.0000   203874.6502   187937    0.01%
  10607  2580   203861.4959    54   203845.0000   203874.6502   188006    0.01%
  10614  2567   203890.4923   145   203845.0000   203874.6502   188093    0.01%
  10616  2566   203890.3701   145   203845.0000   203874.6502   188106    0.01%
  10618  2566   203889.2041   143   203845.0000   203874.6502   188129    0.01%
  10620  2567   203886.2884   138   203845.0000   203874.6502   188161    0.01%
  10622  2566   203875.6237   142   203845.0000   203874.6502   188200    0.01%
  10624  2565   203874.0119   150   203845.0000   203874.6502   188284    0.01%
  10626  2565   203872.6478   146   203845.0000   203874.6502   188300    0.01%
  10628  2567   203872.1095   138   203845.0000   203874.6502   188324    0.01%
Elapsed time = 3212.78 sec. (2102211.21 ticks, tree = 45.34 MB, solutions = 1)
  10630  2568   203863.3263   146   203845.0000   203874.6502   188407    0.01%
  10632  2569   203861.2471   132   203845.0000   203874.6502   188414    0.01%
  10635  2558   203856.8495   133   203845.0000   203874.6502   188433    0.01%
  10638  2546   203856.7298   132   203845.0000   203874.6502   188451    0.01%
  10640  2545   203850.9292   135   203845.0000   203874.6502   188470    0.01%
  10642  2544   203849.7596   126   203845.0000   203874.6502   188518    0.01%
  10646  2530   203882.6068   124   203845.0000   203874.6502   188615    0.01%
  10653  2532   203865.4392   147   203845.0000   203874.6502   188769    0.01%
  10660  2534   203854.1327   134   203845.0000   203874.6502   188883    0.01%
  10667  2534   203850.0485   114   203845.0000   203874.6502   188974    0.01%
Elapsed time = 3265.21 sec. (2149005.61 ticks, tree = 44.69 MB, solutions = 1)
  10673  2508   203852.1841   126   203845.0000   203874.6502   189231    0.01%
  10678  2507   203851.6202   125   203845.0000   203874.6502   189265    0.01%
  10683  2504   203850.6658   126   203845.0000   203874.6502   189317    0.01%
  10688  2502   203849.9757   133   203845.0000   203874.6502   189384    0.01%
  10695  2492   203859.7702   144   203845.0000   203874.6502   189600    0.01%
  10700  2495   203856.4208   136   203845.0000   203874.6502   189631    0.01%
  10709  2471   203857.4054   116   203845.0000   203874.6502   189829    0.01%
  10716  2472   203852.4205    95   203845.0000   203874.6502   189903    0.01%
  10724  2475   203846.8902    80   203845.0000   203874.6502   189929    0.01%
  10732  2465   203882.6210   108   203845.0000   203874.6502   190065    0.01%
Elapsed time = 3313.94 sec. (2191247.25 ticks, tree = 43.40 MB, solutions = 1)
  10738  2462   203882.5129   114   203845.0000   203874.6502   190085    0.01%
  10745  2463   203879.1935    99   203845.0000   203874.6502   190174    0.01%
  10753  2466   203875.2491    89   203845.0000   203874.6502   190230    0.01%
  10761  2466   203871.8947    92   203845.0000   203874.6502   190281    0.01%
  10771  2472   203866.3320    78   203845.0000   203874.6502   190328    0.01%
  10775  2471   203865.1116    76   203845.0000   203874.6502   190359    0.01%
  10782  2470   203863.5837    75   203845.0000   203874.6502   190418    0.01%
  10789  2470   203862.9227    68   203845.0000   203874.6502   190461    0.01%
  10799  2470   203858.5610    66   203845.0000   203874.6502   190520    0.01%
  10807  2472   203848.5045    58   203845.0000   203874.6502   190562    0.01%
Elapsed time = 3363.23 sec. (2231547.50 ticks, tree = 43.41 MB, solutions = 1)
  10813  2465   203883.2100   120   203845.0000   203874.6502   190685    0.01%
  10820  2466   203882.2399   111   203845.0000   203874.6502   190739    0.01%
  10826  2461   203881.9183   112   203845.0000   203874.6502   190768    0.01%
  10832  2459   203881.7218   112   203845.0000   203874.6502   190789    0.01%
  10840  2460   203875.7890    91   203845.0000   203874.6502   190832    0.01%
  10848  2462   203870.2282    96   203845.0000   203874.6502   190912    0.01%
  10855  2458   203869.8532    94   203845.0000   203874.6502   190927    0.01%
  10863  2459   203866.4847    77   203845.0000   203874.6502   190961    0.01%
  10871  2459   203864.6051    70   203845.0000   203874.6502   191009    0.01%
  10877  2457   203864.2688    71   203845.0000   203874.6502   191061    0.01%
Elapsed time = 3412.37 sec. (2272858.72 ticks, tree = 45.17 MB, solutions = 1)
  10887  2464   203858.0918    60   203845.0000   203874.6502   191131    0.01%
  10898  2470   203850.6215    42   203845.0000   203874.6502   191264    0.01%
  10907  2453        cutoff         203845.0000   203874.6502   191369    0.01%
  10909  2453   203868.2610   136   203845.0000   203874.6502   191411    0.01%
  10911  2453   203860.4936   137   203845.0000   203874.6502   191477    0.01%
  10913  2452   203850.1857   150   203845.0000   203874.6502   191562    0.01%
  10915  2451   203850.1843   149   203845.0000   203874.6502   191577    0.01%
  10917  2452   203850.1506   148   203845.0000   203874.6502   191580    0.01%
  10919  2452   203849.7607   137   203845.0000   203874.6502   191585    0.01%
  10921  2445   203839.5152   137   203845.0000   203874.6502   191616    0.01%
Elapsed time = 3466.95 sec. (2321992.87 ticks, tree = 44.89 MB, solutions = 1)
  10929  2431   203853.7276    87   203845.0000   203874.6502   191835    0.01%
  10938  2432   203848.4695    88   203845.0000   203874.6502   191962    0.01%
  10943  2415   203851.0450   121   203845.0000   203874.6502   192077    0.01%
  10948  2406   203850.8403   146   203845.0000   203874.6502   192325    0.01%
  10957  2393   203855.1689   139   203845.0000   203874.6502   192502    0.01%
  10968  2366   203865.9849   123   203845.0000   203874.6502   192799    0.01%
  10978  2371   203860.4640    94   203845.0000   203874.6502   192860    0.01%
  10988  2367   203851.9050    94   203845.0000   203874.6502   192984    0.01%
  10996  2362   203846.3454    91   203845.0000   203874.6502   193127    0.01%
  11000  2362   203845.7441    92   203845.0000   203874.6502   193232    0.01%
Elapsed time = 3519.16 sec. (2366160.66 ticks, tree = 43.31 MB, solutions = 1)
  11006  2352   203866.3795   126   203845.0000   203874.6502   193334    0.01%
  11014  2355   203854.4595   130   203845.0000   203874.6502   193450    0.01%
  11020  2337   203874.0849   128   203845.0000   203874.6502   193652    0.01%
  11023  2331   203864.3076   148   203845.0000   203874.6502   193747    0.01%
  11025  2332   203864.0264   139   203845.0000   203874.6502   193781    0.01%
  11028  2325   203862.0612   134   203845.0000   203874.6502   193803    0.01%
  11030  2325   203858.9811   136   203845.0000   203874.6502   193816    0.01%
  11033  2319   203857.3985   133   203845.0000   203874.6502   193821    0.01%
  11036  2314   203854.0091   119   203845.0000   203874.6502   193837    0.01%
  11038  2313   203851.3523   126   203845.0000   203874.6502   193906    0.01%
Elapsed time = 3572.83 sec. (2412950.96 ticks, tree = 42.38 MB, solutions = 1)
  11040  2312   203851.2252   126   203845.0000   203874.6502   193912    0.01%
  11042  2311   203851.0719   126   203845.0000   203874.6502   193936    0.01%
  11044  2310   203850.9182   126   203845.0000   203874.6502   193940    0.01%
  11046  2309   203850.8251   129   203845.0000   203874.6502   193953    0.01%

Flow cuts applied:  49
Mixed integer rounding cuts applied:  34
Gomory fractional cuts applied:  17

Root node processing (before b&c):
  Real time             =  158.06 sec. (85242.88 ticks)
Sequential b&c:
  Real time             = 3441.96 sec. (2352278.47 ticks)
                          ------------
Total (root+branch&cut) = 3600.02 sec. (2437521.34 ticks)
