1 of 1 MIP starts provided solutions.
MIP start 'm1' defined initial solution with objective 101525.0000.
Tried aggregator 1 time.
MIP Presolve eliminated 0 rows and 1 columns.
Reduced MIP has 30100 rows, 20100 columns, and 2070000 nonzeros.
Reduced MIP has 10000 binaries, 0 generals, 0 SOSs, and 0 indicators.
Presolve time = 1.04 sec. (512.63 ticks)
Probing time = 0.05 sec. (31.60 ticks)
Tried aggregator 1 time.
Reduced MIP has 30100 rows, 20100 columns, and 2070000 nonzeros.
Reduced MIP has 10000 binaries, 0 generals, 0 SOSs, and 0 indicators.
Presolve time = 1.31 sec. (604.21 ticks)
Probing time = 0.05 sec. (31.59 ticks)
Clique table members: 100.
MIP emphasis: balance optimality and feasibility.
MIP search method: dynamic search.
Parallel mode: none, using 1 thread.
Root relaxation solution time = 2.37 sec. (1276.68 ticks)

        Nodes                                         Cuts/
   Node  Left     Objective  IInf  Best Integer    Best Bound    ItCnt     Gap

*     0+    0                       101525.0000  7701162.0000     7613     --- 
      0     0   101631.9217    71   101525.0000   101631.9217     7613    0.11%
      0     0   101610.0764   102   101525.0000      Cuts: 40     8103    0.08%
      0     0   101604.4879    99   101525.0000      Cuts: 18     8237    0.08%

Repeating presolve.
Tried aggregator 1 time.
MIP Presolve eliminated 13912 rows and 13912 columns.
MIP Presolve modified 1317 coefficients.
Reduced MIP has 16188 rows, 6188 columns, and 637064 nonzeros.
Reduced MIP has 3044 binaries, 0 generals, 0 SOSs, and 0 indicators.
Presolve time = 0.83 sec. (388.28 ticks)
Probing time = 0.03 sec. (18.37 ticks)
Tried aggregator 1 time.
Reduced MIP has 16188 rows, 6188 columns, and 637064 nonzeros.
Reduced MIP has 3044 binaries, 0 generals, 0 SOSs, and 0 indicators.
Presolve time = 0.35 sec. (188.75 ticks)
Represolve time = 1.33 sec. (687.63 ticks)
Probing time = 0.03 sec. (18.23 ticks)
Clique table members: 3858.
MIP emphasis: balance optimality and feasibility.
MIP search method: dynamic search.
Parallel mode: none, using 1 thread.
Root relaxation solution time = 0.71 sec. (366.40 ticks)

        Nodes                                         Cuts/
   Node  Left     Objective  IInf  Best Integer    Best Bound    ItCnt     Gap

*     0+    0                       101525.0000   101604.4879    11649    0.08%
      0     0   101604.4879   106   101525.0000   101604.4879    11649    0.08%
      0     2   101604.4879   106   101525.0000   101604.2330    11649    0.08%
Elapsed time = 16.91 sec. (9770.82 ticks, tree = 0.00 MB, solutions = 1)
     10    12   101537.2111    76   101525.0000   101602.4522    12025    0.08%
     20    14   101596.8749   111   101525.0000   101600.6404    12216    0.07%
     30    24   101569.2002    78   101525.0000   101600.6404    12578    0.07%
     43    32   101526.1767    52   101525.0000   101600.6404    12765    0.07%
     58    45   101555.0526    82   101525.0000   101600.6038    13047    0.07%
     70    54   101569.2494    98   101525.0000   101598.4892    13311    0.07%
     85    65   101590.6129    91   101525.0000   101598.3767    13545    0.07%
    101    75   101596.0353   106   101525.0000   101597.0849    13941    0.07%
    118    92   101541.2981    48   101525.0000   101597.0849    14287    0.07%
    187   142   101571.0082   104   101525.0000   101594.1817    15492    0.07%
Elapsed time = 23.08 sec. (13116.94 ticks, tree = 2.27 MB, solutions = 1)
    243   181   101572.0439    97   101525.0000   101592.3992    16534    0.07%
    326   251   101560.2945    88   101525.0000   101590.2250    17600    0.06%
    400   312   101558.4989    84   101525.0000   101589.1675    18859    0.06%
    472   368   101535.0767    74   101525.0000   101588.3436    20144    0.06%
    475   369   101531.2797    68   101525.0000   101588.3436    20164    0.06%
    559   441   101549.4718    69   101525.0000   101585.5017    21409    0.06%
    644   508   101552.8037    62   101525.0000   101584.4028    22751    0.06%
    704   556   101562.6054    56   101525.0000   101582.3387    23610    0.06%
    777   606   101525.4949    63   101525.0000   101581.7111    24742    0.06%
    873   682        cutoff         101525.0000   101580.9725    26217    0.06%
Elapsed time = 38.83 sec. (22749.81 ticks, tree = 4.63 MB, solutions = 1)
    910   710   101543.6464    60   101525.0000   101580.4147    26842    0.05%
    988   764   101601.6293   100   101525.0000   101579.5064    33484    0.05%
    991   764   101591.8693    93   101525.0000   101579.5064    33590    0.05%
   1002   765   101547.2986    79   101525.0000   101579.5064    33740    0.05%
   1013   639   101582.7095    97   101525.0000   101579.5064    33892    0.05%
   1022   640   101561.3055    69   101525.0000   101579.5064    34007    0.05%
   1046   644   101528.4745    26   101525.0000   101579.5064    34182    0.05%
   1068   628   101540.6366    62   101525.0000   101579.5064    34459    0.05%
   1092   612   101563.4903    85   101525.0000   101579.5064    34713    0.05%
   1127   617   101567.7163    85   101525.0000   101579.5064    35024    0.05%
Elapsed time = 68.48 sec. (37346.11 ticks, tree = 3.95 MB, solutions = 1)
   1168   606   101542.3716    64   101525.0000   101579.5064    35453    0.05%
   1208   584   101570.9069    78   101525.0000   101579.5064    36051    0.05%
   1269   611   101561.4400    71   101525.0000   101579.5064    36545    0.05%
   1348   621   101528.8325    64   101525.0000   101579.5064    37201    0.05%
   1438   653   101556.7738    68   101525.0000   101579.0169    38062    0.05%
   1518   677   101531.0458    58   101525.0000   101577.9313    38788    0.05%
   1628   719   101542.0507    56   101525.0000   101576.2207    39731    0.05%
   1739   755   101554.2980    65   101525.0000   101574.7948    40715    0.05%
   1840   795   101565.8929    90   101525.0000   101573.5474    41471    0.05%
   1965   831   101553.3384    62   101525.0000   101572.0679    42675    0.05%
Elapsed time = 88.19 sec. (47456.80 ticks, tree = 3.55 MB, solutions = 1)
   2086   870   101527.0534    71   101525.0000   101571.3036    43713    0.05%
   2199   891   101541.9502    57   101525.0000   101570.7695    44802    0.05%
   2350   981   101533.9153    73   101525.0000   101569.5254    46203    0.04%
   2479  1065        cutoff         101525.0000   101568.8217    47721    0.04%
   2618  1173   101535.3882    72   101525.0000   101567.6835    49179    0.04%
   2733  1241        cutoff         101525.0000   101566.5464    50663    0.04%
   2850  1301   101527.6683    54   101525.0000   101565.6123    51995    0.04%
   2956  1368   101539.2350    46   101525.0000   101564.8800    53187    0.04%
   3075  1444   101539.3713    52   101525.0000   101563.3101    54560    0.04%
   3211  1529   101544.3726    51   101525.0000   101562.2661    56072    0.04%
Elapsed time = 104.99 sec. (57067.27 ticks, tree = 5.76 MB, solutions = 1)
   3322  1578   101534.1251    57   101525.0000   101561.4228    57515    0.04%
   3448  1647   101529.5463    42   101525.0000   101561.0355    58927    0.04%
   3549  1700   101544.1068    73   101525.0000   101560.5483    59879    0.04%
   3656  1749   101536.3439    45   101525.0000   101559.9102    61263    0.03%
   3758  1806   101541.2711    59   101525.0000   101559.2121    62365    0.03%
   3867  1852        cutoff         101525.0000   101558.2206    63470    0.03%
   3999  1925   101526.7712    60   101525.0000   101557.5557    64847    0.03%
   4125  1989   101534.5747    59   101525.0000   101557.1744    66022    0.03%
   4227  2044   101548.9192    58   101525.0000   101556.9802    66829    0.03%
   4328  2093   101526.9958    60   101525.0000   101556.6802    67969    0.03%
Elapsed time = 121.52 sec. (66648.82 ticks, tree = 7.88 MB, solutions = 1)
   4458  2167   101545.3952    67   101525.0000   101556.1078    69258    0.03%
   4553  2211   101528.2096    36   101525.0000   101555.7940    70312    0.03%
   4660  2255   101536.6299    52   101525.0000   101555.2915    71456    0.03%
   4772  2318   101527.5149    69   101525.0000   101555.1133    72433    0.03%
   4887  2378   101540.8520    51   101525.0000   101554.7987    73406    0.03%
   4989  2423   101526.5521    62   101525.0000   101554.3291    74312    0.03%
   5082  2464   101535.8312    46   101525.0000   101553.9678    75303    0.03%
   5174  2520   101530.8395    25   101525.0000   101553.6201    75958    0.03%
   5300  2583   101553.1551    65   101525.0000   101553.2253    77176    0.03%
   5406  2641   101525.9990    71   101525.0000   101553.0311    78186    0.03%
Elapsed time = 138.18 sec. (76276.18 ticks, tree = 9.86 MB, solutions = 1)
   5513  2697   101527.4837    72   101525.0000   101552.8404    79195    0.03%
   5623  2741   101530.5839    61   101525.0000   101552.4212    80229    0.03%
   5718  2773   101540.4430    56   101525.0000   101552.0132    81278    0.03%
   5814  2813   101543.7802    44   101525.0000   101551.8412    82179    0.03%
   5930  2878   101530.3024    57   101525.0000   101551.6333    83272    0.03%
   6035  2921   101528.7544    61   101525.0000   101551.0978    84378    0.03%
   6157  2976   101538.9431    61   101525.0000   101550.7852    85451    0.03%
   6262  3028   101546.4993    56   101525.0000   101550.4480    86286    0.03%
   6389  3090   101538.1385    66   101525.0000   101550.1909    87332    0.02%
   6522  3151   101544.9139    57   101525.0000   101549.8769    88559    0.02%
Elapsed time = 154.89 sec. (85990.72 ticks, tree = 11.54 MB, solutions = 1)
   6603  3171   101527.9019    47   101525.0000   101549.4546    89402    0.02%
   6702  3207   101526.7499    40   101525.0000   101549.3049    90347    0.02%
   6819  3248   101537.3406    43   101525.0000   101549.0315    91510    0.02%
   6948  3302   101530.8447    43   101525.0000   101548.6981    92753    0.02%
   7047  3347   101533.6126    43   101525.0000   101548.5645    93783    0.02%
   7165  3415   101526.4019    28   101525.0000   101548.4878    94574    0.02%
   7303  3483   101525.1961    12   101525.0000   101548.1445    95662    0.02%
   7421  3524        cutoff         101525.0000   101547.8560    96647    0.02%
   7541  3568   101544.3302    56   101525.0000   101547.6482    97702    0.02%
   7666  3614   101528.2539    24   101525.0000   101547.3884    98810    0.02%
Elapsed time = 172.25 sec. (95564.61 ticks, tree = 13.23 MB, solutions = 1)
   7757  3638   101528.9649    47   101525.0000   101547.1372    99512    0.02%
   7863  3689   101534.2438    27   101525.0000   101546.9631   100214    0.02%
   7965  3722   101527.4628    32   101525.0000   101546.7837   100958    0.02%
   8086  3758   101527.8145    38   101525.0000   101546.5632   101946    0.02%
   8184  3792   101527.0128    55   101525.0000   101546.2551   102913    0.02%
   8253  3812   101541.5317    60   101525.0000   101546.1614   103554    0.02%
   8354  3863   101535.9359    56   101525.0000   101546.0405   104257    0.02%
   8492  3921        cutoff         101525.0000   101545.7247   105317    0.02%
   8598  3961        cutoff         101525.0000   101545.4757   106115    0.02%
   9052  4101        cutoff         101525.0000   101544.7877   109924    0.02%
Elapsed time = 195.10 sec. (108010.96 ticks, tree = 15.10 MB, solutions = 1)
   9503  4269   101542.2213    56   101525.0000   101544.1894   113359    0.02%
   9954  4438        cutoff         101525.0000   101543.8034   116605    0.02%
  10401  4563   101521.6415    54   101525.0000   101543.2793   119891    0.02%
  10784  4666   101542.7952    57   101525.0000   101542.8038   122732    0.02%
  10868  4693   101540.2455    51   101525.0000   101542.7202   123380    0.02%
  10871  4693   101597.6020    95   101525.0000   101542.7166   127254    0.02%
  10930  4322   101539.4394    70   101525.0000   101542.7166   127907    0.02%
  10980  3823   101542.3496    68   101525.0000   101542.7166   128652    0.02%
  11030  3469   101553.7542    56   101525.0000   101542.7166   129472    0.02%
  11120  3337   101541.8725    74   101525.0000   101542.7166   130570    0.02%
Elapsed time = 278.49 sec. (152756.48 ticks, tree = 12.30 MB, solutions = 1)
  11235  3179   101525.3793    21   101525.0000   101542.7166   131734    0.02%
  11361  3079   101565.2684    68   101525.0000   101542.7166   133189    0.02%
  11472  3025   101547.6228    71   101525.0000   101542.7166   134190    0.02%
  11614  2966   101544.2943    46   101525.0000   101542.7166   135949    0.02%
  11764  2905   101539.9985    57   101525.0000   101542.7166   137938    0.02%
  11910  2850   101532.5973    30   101525.0000   101542.7166   139875    0.02%
  12099  2818        cutoff         101525.0000   101542.7166   141953    0.02%
  12307  2769   101548.4427    57   101525.0000   101542.7166   144872    0.02%
  12453  2770   101532.2728    70   101525.0000   101542.7166   146484    0.02%
  12595  2753   101527.2494    71   101525.0000   101542.7166   147982    0.02%
Elapsed time = 336.35 sec. (191131.50 ticks, tree = 9.36 MB, solutions = 1)
  12764  2754   101544.6588    59   101525.0000   101542.7166   149755    0.02%
  12884  2736   101549.3941    58   101525.0000   101542.7166   151046    0.02%
  12978  2698   101528.8367    73   101525.0000   101542.7166   152299    0.02%
  13067  2671   101525.6963    42   101525.0000   101542.7166   153167    0.02%
  13141  2660   101527.7343    47   101525.0000   101542.7166   154104    0.02%
  13238  2647   101528.9518    46   101525.0000   101542.7166   155207    0.02%
  13334  2604   101532.4672    54   101525.0000   101542.7166   156681    0.02%
  13437  2582   101539.3376    71   101525.0000   101542.7166   157867    0.02%
  13546  2590   101541.0652    64   101525.0000   101542.7166   158790    0.02%
  13648  2595   101537.8431    56   101525.0000   101542.7166   159895    0.02%
Elapsed time = 388.58 sec. (229538.38 ticks, tree = 8.16 MB, solutions = 1)
  13755  2583   101542.7340    60   101525.0000   101542.7166   161017    0.02%
  13861  2580   101541.0281    49   101525.0000   101542.7166   162241    0.02%
  13946  2583   101526.5603    67   101525.0000   101542.7166   163404    0.02%
  14033  2549   101535.1429    70   101525.0000   101542.7166   164556    0.02%
  14153  2553   101532.7846    65   101525.0000   101542.7166   165936    0.02%
  14245  2514   101530.8383    55   101525.0000   101542.7166   167051    0.02%
  14333  2500   101547.3147    44   101525.0000   101542.7166   168123    0.02%
  14421  2471   101528.2575    56   101525.0000   101542.7166   169131    0.02%
  14491  2462   101538.2614    65   101525.0000   101542.7166   169950    0.02%
  14582  2445   101528.7451    51   101525.0000   101542.7166   171087    0.02%
Elapsed time = 439.61 sec. (267892.55 ticks, tree = 7.27 MB, solutions = 1)
  14682  2432   101538.6979    85   101525.0000   101542.7166   172112    0.02%
  14759  2415   101533.9680    46   101525.0000   101542.7166   172776    0.02%
  14880  2425   101528.0858    53   101525.0000   101542.7166   173764    0.02%
  14951  2399   101529.8129    57   101525.0000   101542.7166   174659    0.02%
  15039  2365   101525.9895    27   101525.0000   101542.7166   175941    0.02%
  15123  2316   101540.1770    48   101525.0000   101542.7166   177243    0.02%
  15214  2300   101527.5059    45   101525.0000   101542.7166   178193    0.02%
  15303  2264   101526.5165    36   101525.0000   101542.7166   179185    0.02%
  15367  2239   101538.8700    60   101525.0000   101542.7166   180009    0.02%
  15452  2244   101536.2556    40   101525.0000   101542.7166   180636    0.02%
Elapsed time = 488.61 sec. (306368.20 ticks, tree = 6.31 MB, solutions = 1)
  15528  2228   101527.8439    45   101525.0000   101542.7166   181367    0.02%
  15623  2205   101526.5533    40   101525.0000   101542.7166   182234    0.02%
  15688  2189   101525.3755    58   101525.0000   101542.7166   182970    0.02%
  15795  2224   101530.5035    47   101525.0000   101542.7166   183877    0.02%
  15882  2263        cutoff         101525.0000   101542.7166   184782    0.02%
  15975  2284   101525.6914    58   101525.0000   101542.7166   185952    0.02%
  16068  2303        cutoff         101525.0000   101542.7166   187100    0.02%
  16166  2324   101541.1353    60   101525.0000   101542.6089   188170    0.02%
  16267  2348   101536.0029    62   101525.0000   101542.3436   189062    0.02%
  16342  2367   101537.3148    58   101525.0000   101542.2124   189954    0.02%
Elapsed time = 538.62 sec. (345046.74 ticks, tree = 6.54 MB, solutions = 1)
  16420  2374   101531.0795    62   101525.0000   101541.8818   190808    0.02%
  16507  2394   101533.3912    26   101525.0000   101541.6077   191764    0.02%
  16602  2402   101530.5035    49   101525.0000   101541.2786   192866    0.02%
  16691  2420   101533.4866    30   101525.0000   101540.9868   193770    0.02%
  16781  2430   101529.7043    62   101525.0000   101540.7036   194815    0.02%
  16853  2450   101530.1996    53   101525.0000   101540.6113   195491    0.02%
  16943  2475   101527.2001    26   101525.0000   101540.4733   196161    0.02%
  17020  2498   101526.5023    35   101525.0000   101540.3115   196956    0.02%
  17103  2512   101532.7509    58   101525.0000   101540.1220   197809    0.01%
  17190  2537   101528.5023    46   101525.0000   101539.9587   198726    0.01%
Elapsed time = 589.62 sec. (383494.68 ticks, tree = 7.01 MB, solutions = 1)
  17283  2556   101529.1047    58   101525.0000   101539.7718   199624    0.01%
  17381  2588   101528.3409    42   101525.0000   101539.6138   200360    0.01%
  17467  2608   101528.8293    42   101525.0000   101539.4551   201062    0.01%
  17532  2625   101533.9690    38   101525.0000   101539.3596   201704    0.01%
  17605  2642        cutoff         101525.0000   101539.1967   202494    0.01%
  17710  2672   101535.3976    28   101525.0000   101539.0570   203355    0.01%
  17806  2682   101527.2106    51   101525.0000   101538.7867   204215    0.01%
  17888  2696   101529.5834    39   101525.0000   101538.6591   205055    0.01%
  17984  2718   101538.2458    41   101525.0000   101538.4428   205775    0.01%
  18073  2737   101525.4237    35   101525.0000   101538.2493   206532    0.01%
Elapsed time = 640.89 sec. (422161.28 ticks, tree = 7.56 MB, solutions = 1)
  18155  2747   101532.6559    43   101525.0000   101538.0971   207352    0.01%
  18245  2748   101537.6747    54   101525.0000   101537.9223   208208    0.01%
  18350  2772   101527.2280    17   101525.0000   101537.8163   209033    0.01%
  18445  2803   101531.1804    64   101525.0000   101537.7338   209810    0.01%
  18538  2812        cutoff         101525.0000   101537.5975   210631    0.01%
  18621  2825   101529.5476    54   101525.0000   101537.5032   211256    0.01%
  18724  2841   101531.0932    22   101525.0000   101537.2535   212101    0.01%
  18800  2850   101525.6152    40   101525.0000   101537.1368   212829    0.01%
  18885  2860   101529.4058    38   101525.0000   101536.9793   213473    0.01%
  18970  2867        cutoff         101525.0000   101536.8517   214318    0.01%
Elapsed time = 693.61 sec. (460745.07 ticks, tree = 7.92 MB, solutions = 1)
  19044  2882   101525.1827    40   101525.0000   101536.7955   214913    0.01%
  19139  2893   101534.5952    24   101525.0000   101536.6284   215700    0.01%
  19221  2893   101526.7121    49   101525.0000   101536.4497   216399    0.01%
  19325  2888   101535.7283    46   101525.0000   101536.2471   217262    0.01%
  19407  2891        cutoff         101525.0000   101536.1297   218042    0.01%
  19482  2904   101525.7812    30   101525.0000   101536.0616   218675    0.01%
  19550  2900   101530.4189    46   101525.0000   101535.9653   219333    0.01%
  19648  2923        cutoff         101525.0000   101535.8698   220056    0.01%
  19742  2942   101535.7262    44   101525.0000   101535.7890   220762    0.01%
  19846  2950   101532.8994    23   101525.0000   101535.6334   221445    0.01%
Elapsed time = 745.36 sec. (499073.55 ticks, tree = 8.15 MB, solutions = 1)
  19941  2957   101530.6870    50   101525.0000   101535.5253   222228    0.01%
  20034  2972        cutoff         101525.0000   101535.4402   223128    0.01%
  20122  2969   101526.9599    28   101525.0000   101535.3089   223747    0.01%

Flow cuts applied:  27
Mixed integer rounding cuts applied:  22
Gomory fractional cuts applied:  7

Root node processing (before b&c):
  Real time             =   16.85 sec. (9743.51 ticks)
Sequential b&c:
  Real time             =  748.50 sec. (504305.72 ticks)
                          ------------
Total (root+branch&cut) =  765.35 sec. (514049.23 ticks)
