1 of 1 MIP starts provided solutions.
MIP start 'm1' defined initial solution with objective 203845.0000.
Tried aggregator 1 time.
MIP Presolve eliminated 0 rows and 1 columns.
Reduced MIP has 120200 rows, 80200 columns, and 16280000 nonzeros.
Reduced MIP has 40000 binaries, 0 generals, 0 SOSs, and 0 indicators.
Presolve time = 9.00 sec. (3975.82 ticks)
Probing time = 0.37 sec. (163.66 ticks)
Tried aggregator 1 time.
Reduced MIP has 120200 rows, 80200 columns, and 16280000 nonzeros.
Reduced MIP has 40000 binaries, 0 generals, 0 SOSs, and 0 indicators.
Presolve time = 11.38 sec. (4678.59 ticks)
Probing time = 0.45 sec. (163.64 ticks)
Clique table members: 200.
MIP emphasis: balance optimality and feasibility.
MIP search method: dynamic search.
Parallel mode: none, using 1 thread.
Root relaxation solution time = 26.65 sec. (17323.87 ticks)

        Nodes                                         Cuts/
   Node  Left     Objective  IInf  Best Integer    Best Bound    ItCnt     Gap

*     0+    0                       203845.0000   3.06893e+07    27153     --- 
      0     0   203999.6836   122   203845.0000   203999.6836    27153    0.08%
      0     0   203973.1934   155   203845.0000      Cuts: 59    28049    0.06%
      0     0   203968.8971   144   203845.0000      Cuts: 26    28289    0.06%

Repeating presolve.
Tried aggregator 1 time.
MIP Presolve eliminated 48636 rows and 48636 columns.
MIP Presolve modified 6167 coefficients.
Reduced MIP has 71564 rows, 31564 columns, and 6406892 nonzeros.
Reduced MIP has 15682 binaries, 0 generals, 0 SOSs, and 0 indicators.
Presolve time = 8.46 sec. (3231.67 ticks)
Probing time = 0.35 sec. (192.60 ticks)
Tried aggregator 1 time.
Reduced MIP has 71564 rows, 31564 columns, and 6406892 nonzeros.
Reduced MIP has 15682 binaries, 0 generals, 0 SOSs, and 0 indicators.
Presolve time = 4.07 sec. (1835.78 ticks)
Represolve time = 14.31 sec. (6604.34 ticks)
Probing time = 0.35 sec. (191.31 ticks)
Clique table members: 23730.
MIP emphasis: balance optimality and feasibility.
MIP search method: dynamic search.
Parallel mode: none, using 1 thread.
Root relaxation solution time = 8.79 sec. (4675.85 ticks)

        Nodes                                         Cuts/
   Node  Left     Objective  IInf  Best Integer    Best Bound    ItCnt     Gap

*     0+    0                       203845.0000   203968.8971    41761    0.06%
      0     0   203968.8971   156   203845.0000   203968.8971    41761    0.06%
      0     2   203968.8971   156   203845.0000   203968.8971    41761    0.06%
Elapsed time = 155.16 sec. (88534.62 ticks, tree = 0.00 MB, solutions = 1)
      5     7   203963.6003   141   203845.0000   203968.8219    41872    0.06%
      7     9   203960.5506   142   203845.0000   203968.8219    41980    0.06%
     10    12   203949.7522   143   203845.0000   203968.8219    42151    0.06%
     13    15   203952.3013   124   203845.0000   203968.8219    42280    0.06%
     15    17   203926.6822   124   203845.0000   203968.8219    42644    0.06%
     17    19   203925.0054   116   203845.0000   203968.8219    42744    0.06%
     20    22   203883.3613    89   203845.0000   203968.8219    42979    0.06%
     22    24   203878.5665    92   203845.0000   203968.8219    42996    0.06%
     25    26   203845.0720    82   203845.0000   203968.8219    43193    0.06%
     28    27   203967.1187   149   203845.0000   203967.4647    43258    0.06%
Elapsed time = 164.01 sec. (92559.45 ticks, tree = 1.39 MB, solutions = 1)
     38    37   203930.7618   126   203845.0000   203967.4647    43718    0.06%
     43    42   203924.7683   123   203845.0000   203967.4647    44191    0.06%
     50    49   203888.3728    95   203845.0000   203967.4647    44324    0.06%
     63    60   203845.5822    75   203845.0000   203967.4647    44652    0.06%
     71    64   203957.5109   123   203845.0000   203967.2889    45025    0.06%
     78    71   203935.8686   135   203845.0000   203967.2889    45320    0.06%
     89    82   203918.9046   128   203845.0000   203967.2889    45567    0.06%
    100    93   203888.6105   131   203845.0000   203967.2889    45888    0.06%
    114   103   203956.7036   130   203845.0000   203967.0094    46410    0.06%
    127   116   203930.8139   132   203845.0000   203967.0094    46868    0.06%
Elapsed time = 184.12 sec. (103172.01 ticks, tree = 8.61 MB, solutions = 1)
    139   128   203863.1160   114   203845.0000   203967.0094    47254    0.06%
    149   135   203963.4516   140   203845.0000   203966.6754    47468    0.06%
    160   146   203933.8646   123   203845.0000   203966.6754    47942    0.06%
    176   162   203896.8154   133   203845.0000   203966.6754    48487    0.06%
    188   173   203857.7382   140   203845.0000   203966.6754    48964    0.06%
    199   182   203848.8333   133   203845.0000   203966.6754    49213    0.06%
    203   182   203966.4224   144   203845.0000   203966.4605    49296    0.06%
    214   193   203929.3410   138   203845.0000   203966.4605    49985    0.06%
    222   201   203885.7004    88   203845.0000   203966.4605    50224    0.06%
    230   204        cutoff         203845.0000   203966.4605    50416    0.06%
Elapsed time = 204.93 sec. (114315.47 ticks, tree = 10.21 MB, solutions = 1)
    231   205   203965.3733   133   203845.0000   203966.1026    50441    0.06%
    241   215   203937.0169   139   203845.0000   203966.1026    50962    0.06%
    250   224   203918.7556   140   203845.0000   203966.1026    51200    0.06%
    260   234   203902.5442   128   203845.0000   203966.1026    51377    0.06%
    275   247   203854.4542   141   203845.0000   203966.1026    51918    0.06%
    288   256   203941.4429   134   203845.0000   203965.9815    52314    0.06%
    305   273   203913.0660   135   203845.0000   203965.9815    52762    0.06%
    317   285   203884.0686   148   203845.0000   203965.9815    53079    0.06%
    320   286   203877.1379   149   203845.0000   203965.9815    53136    0.06%
    332   292   203940.2468   138   203845.0000   203965.8663    53784    0.06%
Elapsed time = 228.93 sec. (126713.66 ticks, tree = 12.53 MB, solutions = 1)
    345   305   203921.3797   140   203845.0000   203965.8663    54124    0.06%
    356   316   203905.9884   131   203845.0000   203965.8663    54429    0.06%
    360   320   203895.7019   137   203845.0000   203965.8663    54688    0.06%
    370   330   203862.4824   130   203845.0000   203965.8663    54962    0.06%
    381   337   203951.5765   142   203845.0000   203965.3827    55255    0.06%
    393   349   203922.9175   143   203845.0000   203965.3827    55776    0.06%
    403   359   203908.8389   130   203845.0000   203965.3827    56048    0.06%
    414   370   203885.1285   128   203845.0000   203965.3827    56277    0.06%
    424   377   203858.3332   109   203845.0000   203965.3827    56383    0.06%
    436   383   203955.2102   130   203845.0000   203965.0442    56701    0.06%
Elapsed time = 250.89 sec. (138349.01 ticks, tree = 18.31 MB, solutions = 1)
    440   387   203927.1306   125   203845.0000   203965.0442    56952    0.06%
    447   394   203890.6704   103   203845.0000   203965.0442    57258    0.06%
    456   397   203846.3792    81   203845.0000   203965.0442    57501    0.06%
    465   402   203951.5335   132   203845.0000   203964.9136    57789    0.06%
    475   412   203930.9073   131   203845.0000   203964.9136    58223    0.06%
    486   423   203909.7825   139   203845.0000   203964.9136    58532    0.06%
    498   435   203881.1896   132   203845.0000   203964.9136    58893    0.06%
    509   446   203853.3923   144   203845.0000   203964.9136    59242    0.06%
    518   452   203938.9092   147   203845.0000   203964.8827    59777    0.06%
    523   457   203933.0831   151   203845.0000   203964.8827    59891    0.06%
Elapsed time = 273.24 sec. (149383.18 ticks, tree = 23.59 MB, solutions = 1)
    538   472   203907.0491   137   203845.0000   203964.8827    60564    0.06%
    549   483   203864.4142   157   203845.0000   203964.8827    61085    0.06%
    560   492   203847.7033   136   203845.0000   203964.8827    61302    0.06%
    570   500   203931.0354   134   203845.0000   203964.8655    61696    0.06%
    584   514   203893.2263   151   203845.0000   203964.8655    62122    0.06%
    596   526   203867.7562   145   203845.0000   203964.8655    62399    0.06%
    600   530   203859.2297   137   203845.0000   203964.8655    62523    0.06%
    613   540   203940.6709   137   203845.0000   203964.0256    62995    0.06%
    627   554   203917.5276   129   203845.0000   203964.0256    63440    0.06%
    638   565   203888.3206   130   203845.0000   203964.0256    63994    0.06%
Elapsed time = 293.73 sec. (159788.20 ticks, tree = 26.58 MB, solutions = 1)
    640   567   203883.4355   137   203845.0000   203964.0256    64044    0.06%
    655   579   203957.7195   142   203845.0000   203963.9903    64387    0.06%
    658   582   203953.4358   131   203845.0000   203963.9903    64492    0.06%
    668   592   203880.3519   130   203845.0000   203963.9903    65073    0.06%
    677   597   203861.4633   129   203845.0000   203963.9903    65366    0.06%
    687   603   203857.0839   115   203845.0000   203963.9903    65441    0.06%
    699   609        cutoff         203845.0000   203963.9903    65610    0.06%
    711   621   203921.9757   154   203845.0000   203963.7613    66221    0.06%
    720   630   203885.7359   159   203845.0000   203963.7613    66757    0.06%
    733   643   203851.6152   167   203845.0000   203963.7613    67377    0.06%
Elapsed time = 316.26 sec. (171191.98 ticks, tree = 28.66 MB, solutions = 1)
    740   646   203957.9219   131   203845.0000   203963.7017    67569    0.06%
    753   659   203908.4715   159   203845.0000   203963.7017    68324    0.06%
    766   672   203895.8448   138   203845.0000   203963.7017    68515    0.06%
    777   676        cutoff         203845.0000   203963.7017    68829    0.06%
    784   683   203946.5745   136   203845.0000   203962.9950    69135    0.06%
    795   694   203888.6671    92   203845.0000   203962.9950    69512    0.06%
    800   699   203882.6868    80   203845.0000   203962.9950    69563    0.06%
    817   714   203845.8019    80   203845.0000   203962.9950    69810    0.06%
    831   726   203928.1086   154   203845.0000   203962.8408    70360    0.06%
    844   739   203901.7165   139   203845.0000   203962.8408    70753    0.06%
Elapsed time = 335.10 sec. (181334.41 ticks, tree = 31.05 MB, solutions = 1)
    856   751   203885.4931   136   203845.0000   203962.8408    70923    0.06%
    866   758   203956.8817   144   203845.0000   203962.7927    71379    0.06%
    874   766   203906.1816   117   203845.0000   203962.7927    71919    0.06%
    882   774   203894.7296   103   203845.0000   203962.7927    72045    0.06%
    896   788   203863.9446    81   203845.0000   203962.7927    72352    0.06%
    909   799   203854.9280    56   203845.0000   203962.7927    72534    0.06%
    918   804   203964.6269   161   203845.0000   203962.7927    83901    0.06%
    919   805   203962.3210   161   203845.0000   203960.6797    83928    0.06%
    920   805   203959.8445   162   203845.0000   203959.6276    84021    0.06%
    922   805   203926.5951   148   203845.0000   203959.6276    84287    0.06%
Elapsed time = 451.93 sec. (245027.02 ticks, tree = 32.39 MB, solutions = 1)
    924   804   203925.8744   143   203845.0000   203959.6276    84319    0.06%
    926   802   203923.4952   151   203845.0000   203959.6276    84427    0.06%
    929   802   203920.1188   146   203845.0000   203959.6276    84522    0.06%
    932   800   203920.1174   146   203845.0000   203959.6276    84529    0.06%
    938   800   203903.2272   143   203845.0000   203959.6276    84741    0.06%
    944   802   203860.4573   108   203845.0000   203959.6276    84978    0.06%
    951   801   203858.4448   111   203845.0000   203959.6276    85041    0.06%
    963   740   203848.1490   108   203845.0000   203959.6276    85095    0.06%
    968   688   203957.9663   150   203845.0000   203957.6966    85271    0.06%
    969   687   203883.6002   151   203845.0000   203957.6966    85597    0.06%
Elapsed time = 523.37 sec. (292409.16 ticks, tree = 29.68 MB, solutions = 1)
    984   692   203866.3817   137   203845.0000   203957.6966    85885    0.06%
   1009   679   203938.0742   133   203845.0000   203957.1962    86523    0.06%
   1044   694   203874.9281   102   203845.0000   203957.1962    87041    0.06%
   1055   691   203860.6927    95   203845.0000   203957.1962    87160    0.06%
   1078   681   203883.3296   123   203845.0000   203956.2111    87601    0.05%
   1118   694   203939.9999   125   203845.0000   203955.2173    88415    0.05%
   1155   717   203867.0190   109   203845.0000   203955.2173    89304    0.05%
   1173   706   203913.0611   133   203845.0000   203953.0187    89919    0.05%
   1210   723   203866.2693    87   203845.0000   203953.0187    90437    0.05%
   1235   731   203850.9574    52   203845.0000   203953.0187    90675    0.05%
Elapsed time = 581.46 sec. (331601.18 ticks, tree = 27.16 MB, solutions = 1)
   1271   746   203859.5695    94   203845.0000   203950.9705    91226    0.05%
   1272   747   203859.2250    93   203845.0000   203950.9705    91228    0.05%
   1292   747   203847.0996    74   203845.0000   203950.9705    91317    0.05%
   1318   745   203903.5525   120   203845.0000   203950.6660    91692    0.05%
   1336   757   203879.8056   104   203845.0000   203950.6660    91894    0.05%
   1358   764   203859.1380    69   203845.0000   203950.6660    92120    0.05%
   1373   757   203858.5883    71   203845.0000   203950.6660    92143    0.05%
   1397   765   203848.9353    54   203845.0000   203950.6660    92305    0.05%
   1405   757   203896.7452   139   203845.0000   203948.7525    92703    0.05%
   1428   757   203921.7645   136   203845.0000   203948.3604    93447    0.05%
Elapsed time = 680.55 sec. (399702.34 ticks, tree = 25.74 MB, solutions = 1)
   1469   777   203881.9384    82   203845.0000   203948.3604    94004    0.05%
   1512   793   203869.2404   133   203845.0000   203946.4361    94654    0.05%
   1544   798   203919.2450   140   203845.0000   203945.9670    95089    0.05%
   1584   822   203849.0676    68   203845.0000   203945.9670    95675    0.05%
   1594   825   203915.7681   121   203845.0000   203945.8179    96028    0.05%
   1633   845   203876.4887    81   203845.0000   203945.8179    96569    0.05%
   1658   849   203866.4028   127   203845.0000   203945.6578    97346    0.05%
   1697   858   203883.9329   112   203845.0000   203942.9085    98675    0.05%
   1728   857   203844.3109   118   203845.0000   203941.0786    99911    0.05%
   1740   859   203847.3761   143   203845.0000   203941.0786   100324    0.05%
Elapsed time = 750.69 sec. (454801.85 ticks, tree = 24.78 MB, solutions = 1)
   1749   853   203855.6091   133   203845.0000   203939.4683   100612    0.05%
   1759   848   203855.5210   132   203845.0000   203939.4683   100650    0.05%
   1767   846   203855.1807   133   203845.0000   203939.4683   100688    0.05%
   1775   842   203853.7692   128   203845.0000   203939.4683   100801    0.05%
   1786   836   203853.3472   128   203845.0000   203939.4683   100837    0.05%
   1801   831   203908.7864   107   203845.0000   203939.1087   101148    0.05%
   1843   843   203884.8159   127   203845.0000   203936.5324   102212    0.04%
   1877   839   203924.5726   132   203845.0000   203931.7900   103416    0.04%
   1897   849   203868.0180   133   203845.0000   203931.7900   104004    0.04%
   1943   858   203901.1973   124   203845.0000   203930.2955   105298    0.04%
Elapsed time = 835.99 sec. (516245.36 ticks, tree = 22.63 MB, solutions = 1)
   1985   875   203845.5266    54   203845.0000   203930.2955   105847    0.04%
   2010   875   203860.4604   126   203845.0000   203930.1933   106540    0.04%
   2058   888   203870.4516   103   203845.0000   203927.8943   107761    0.04%
   2098   889        cutoff         203845.0000   203925.7874   108265    0.04%
   2120   892   203851.6356   129   203845.0000   203925.1997   109100    0.04%
   2152   893   203845.1913   133   203845.0000   203923.3312   110138    0.04%
   2166   887   203920.0833   117   203845.0000   203923.2065   110270    0.04%
   2192   895   203883.2440   136   203845.0000   203923.1591   111049    0.04%
   2219   913   203857.5537    97   203845.0000   203923.1591   111349    0.04%
   2260   914   203908.2996   129   203845.0000   203919.6405   112132    0.04%
Elapsed time = 927.16 sec. (579793.15 ticks, tree = 19.95 MB, solutions = 1)
   2320   952   203896.1707   106   203845.0000   203919.4333   113149    0.04%
   2341   967   203872.9084    94   203845.0000   203919.4333   113436    0.04%
   2353   973   203862.9501    88   203845.0000   203919.4333   113617    0.04%
   2393  1003   203899.0704   120   203845.0000   203919.3938   114418    0.04%
   2454  1052   203883.2301   138   203845.0000   203919.1353   115397    0.04%
   2505  1078        cutoff         203845.0000   203917.7645   115894    0.04%
   2558  1124   203845.5684    50   203845.0000   203917.3367   116751    0.04%
   2606  1166   203855.5865    70   203845.0000   203917.1540   117387    0.04%
   2662  1205   203885.0309    95   203845.0000   203916.2680   118449    0.03%
   2698  1232   203874.9316    99   203845.0000   203916.1809   119172    0.03%
Elapsed time = 988.08 sec. (619764.51 ticks, tree = 25.60 MB, solutions = 1)
   2726  1250   203912.1622   119   203845.0000   203916.0743   119559    0.03%
   2798  1314   203876.1723    87   203845.0000   203915.7218   120342    0.03%
   2863  1369   203851.4230    84   203845.0000   203915.6158   121246    0.03%
   2918  1413   203870.4193    97   203845.0000   203915.4526   121774    0.03%
   2958  1439   203884.6474   115   203845.0000   203915.2361   122673    0.03%
   3025  1500   203862.4650    97   203845.0000   203914.8699   123477    0.03%
   3073  1541   203897.3772   110   203845.0000   203914.6838   124484    0.03%
   3141  1603   203859.3333    59   203845.0000   203914.6113   125586    0.03%
   3170  1621   203863.5582   109   203845.0000   203914.4204   126223    0.03%
   3233  1675        cutoff         203845.0000   203914.1796   127161    0.03%
Elapsed time = 1086.06 sec. (687139.30 ticks, tree = 34.47 MB, solutions = 1)
   3295  1719   203864.4874    70   203845.0000   203913.7670   128320    0.03%
   3334  1749   203885.1025   102   203845.0000   203913.7261   129132    0.03%
   3379  1779   203864.1861   117   203845.0000   203913.6694   129949    0.03%
   3447  1833        cutoff         203845.0000   203913.4911   130758    0.03%
   3460  1846   203856.0013   112   203845.0000   203913.2388   131044    0.03%
   3518  1895   203849.2180    94   203845.0000   203913.1824   131770    0.03%
   3578  1938   203885.1508   109   203845.0000   203913.0170   132579    0.03%
   3598  1951   203849.4077    98   203845.0000   203913.0170   132927    0.03%
   3613  1952   203846.2019    83   203845.0000   203913.0170   132955    0.03%
   3673  2000   203845.7634    84   203845.0000   203912.9120   133817    0.03%
Elapsed time = 1187.34 sec. (757072.55 ticks, tree = 41.25 MB, solutions = 1)
   3714  2036   203857.9914    69   203845.0000   203912.7699   134402    0.03%
   3759  2059   203900.3954   110   203845.0000   203912.4304   135008    0.03%
   3784  2084   203880.8226    90   203845.0000   203912.4304   135232    0.03%
   3836  2124   203863.5776    90   203845.0000   203912.3161   136144    0.03%
   3896  2168   203898.4543   119   203845.0000   203912.3014   136923    0.03%
   3964  2225   203845.7293    79   203845.0000   203912.1790   137866    0.03%
   4027  2275   203872.5830   112   203845.0000   203911.9897   138889    0.03%
   4090  2333   203856.8603    63   203845.0000   203911.9869   139636    0.03%
   4138  2363   203865.4371   112   203845.0000   203911.8957   140308    0.03%
   4187  2393   203856.4833   110   203845.0000   203911.7999   141740    0.03%
Elapsed time = 1293.84 sec. (831899.40 ticks, tree = 49.80 MB, solutions = 1)
   4242  2439   203865.1109    73   203845.0000   203911.7673   142267    0.03%
   4289  2465   203885.6272   145   203845.0000   203911.5529   142933    0.03%
   4331  2498   203879.2067   111   203845.0000   203911.4411   143583    0.03%
   4394  2550   203886.7295   106   203845.0000   203911.2026   144503    0.03%
   4448  2584   203882.9025   136   203845.0000   203910.7250   145483    0.03%
   4518  2643   203863.8196    96   203845.0000   203910.6958   146453    0.03%
   4566  2675        cutoff         203845.0000   203910.4218   147456    0.03%
   4600  2697   203845.2311   111   203845.0000   203910.3618   148104    0.03%
   4648  2731   203896.1231   115   203845.0000   203910.2124   148725    0.03%
   4717  2793   203870.1422   117   203845.0000   203910.1593   149515    0.03%
Elapsed time = 1393.87 sec. (907617.27 ticks, tree = 57.94 MB, solutions = 1)
   4766  2829   203891.6979   132   203845.0000   203910.0262   150452    0.03%
   4808  2853   203845.6998   120   203845.0000   203909.8812   151268    0.03%
   4857  2889   203882.0523    96   203845.0000   203909.7166   152010    0.03%
   4905  2924   203848.8457   136   203845.0000   203909.1471   152660    0.03%
   4918  2928   203876.6432   103   203845.0000   203909.0901   152932    0.03%
   4972  2975   203845.3120   113   203845.0000   203909.0611   153688    0.03%
   4974  2975   203898.4159   126   203845.0000   203909.0551   153769    0.03%
   5037  3026        cutoff         203845.0000   203908.7145   154921    0.03%
   5067  3056   203870.1767    73   203845.0000   203908.7084   155174    0.03%
   5150  3118   203900.8286   123   203845.0000   203908.5774   156254    0.03%
Elapsed time = 1464.81 sec. (958313.33 ticks, tree = 64.61 MB, solutions = 1)
   5202  3162   203893.1481   133   203845.0000   203908.5432   157025    0.03%
   5272  3213   203876.9941   100   203845.0000   203908.4437   158165    0.03%
   5287  3228   203856.5871    70   203845.0000   203908.4437   158395    0.03%
   5318  3246   203906.4343   127   203845.0000   203908.1975   158785    0.03%
   5374  3289   203871.5696   118   203845.0000   203908.1446   159589    0.03%
   5433  3338   203851.1220    64   203845.0000   203908.1374   160431    0.03%
   5473  3359   203869.6569    78   203845.0000   203908.0117   161191    0.03%
   5484  3367        cutoff         203845.0000   203908.0117   161323    0.03%
   5542  3416   203857.0280    77   203845.0000   203907.9999   162011    0.03%
   5597  3462   203883.6005   118   203845.0000   203907.6987   162848    0.03%
Elapsed time = 1559.89 sec. (1032077.47 ticks, tree = 71.74 MB, solutions = 1)
   5668  3522   203850.0318    92   203845.0000   203907.6089   163662    0.03%
   5718  3559   203873.9231   110   203845.0000   203907.2097   164949    0.03%
   5786  3616   203881.5572    91   203845.0000   203907.1143   166104    0.03%
   5832  3655   203872.8588   124   203845.0000   203907.0838   166654    0.03%
   5887  3695   203903.4228   116   203845.0000   203906.9386   167614    0.03%
   5928  3728   203853.7145    79   203845.0000   203906.9386   168146    0.03%
   5995  3779   203872.0775    97   203845.0000   203906.8909   168834    0.03%
   6035  3809   203897.1411   128   203845.0000   203906.8486   169388    0.03%
   6095  3861        cutoff         203845.0000   203906.8486   170098    0.03%
   6154  3913   203859.9734    82   203845.0000   203906.7543   171022    0.03%
Elapsed time = 1655.79 sec. (1103818.74 ticks, tree = 80.92 MB, solutions = 1)
   6224  3954   203888.3193   122   203845.0000   203906.5793   172061    0.03%
   6282  4002   203891.9267   113   203845.0000   203906.4613   172927    0.03%
   6321  4036   203857.0515    90   203845.0000   203906.4220   173475    0.03%
   6381  4075   203890.0418   109   203845.0000   203906.2187   174461    0.03%
   6387  4081   203860.9705   110   203845.0000   203906.2187   174617    0.03%
   6450  4130   203878.8241    96   203845.0000   203906.1215   175615    0.03%
   6507  4171   203871.6022    93   203845.0000   203905.9489   176914    0.03%
   6543  4201   203876.8388   116   203845.0000   203905.9020   177369    0.03%
   6596  4232   203889.0442   115   203845.0000   203905.4475   178250    0.03%
   6654  4280   203895.3352   116   203845.0000   203905.4234   178877    0.03%
Elapsed time = 1741.59 sec. (1165867.62 ticks, tree = 88.20 MB, solutions = 1)
   6726  4332   203883.6636   102   203845.0000   203905.2381   179792    0.03%
   6796  4386   203878.9942   138   203845.0000   203905.0882   180837    0.03%
   6850  4425   203869.0618    85   203845.0000   203904.9706   181566    0.03%
   6878  4447   203894.1598   127   203845.0000   203904.7971   181850    0.03%
   6939  4492        cutoff         203845.0000   203904.5812   182771    0.03%
   6952  4494   203898.3517   134   203845.0000   203904.4363   182961    0.03%
   7022  4556   203869.1394   121   203845.0000   203904.4358   183699    0.03%
   7076  4593   203898.0118   128   203845.0000   203904.2045   184491    0.03%
   7146  4650   203847.1913   117   203845.0000   203904.1956   185410    0.03%
   7210  4697   203888.5441   127   203845.0000   203904.1802   186388    0.03%
Elapsed time = 1847.94 sec. (1245836.08 ticks, tree = 97.05 MB, solutions = 1)
   7267  4739   203897.8884   134   203845.0000   203904.1333   187484    0.03%
   7329  4795   203868.1495    63   203845.0000   203904.1163   188232    0.03%
   7366  4820   203871.8641   122   203845.0000   203904.0876   188708    0.03%
   7422  4859   203881.6988    99   203845.0000   203903.8165   189399    0.03%
   7486  4911   203861.2699    93   203845.0000   203903.7810   190396    0.03%
   7548  4957   203859.1591    68   203845.0000   203903.7270   191167    0.03%
   7574  4979   203875.5058    87   203845.0000   203903.6985   191447    0.03%
   7650  5036   203857.5129    95   203845.0000   203903.6411   192627    0.03%
   7705  5080        cutoff         203845.0000   203903.6132   193526    0.03%
   7763  5125   203891.0175   118   203845.0000   203903.5658   194191    0.03%
Elapsed time = 1945.36 sec. (1316906.69 ticks, tree = 105.80 MB, solutions = 1)
   7820  5173   203876.8665   127   203845.0000   203903.5077   194923    0.03%
   7885  5222   203850.7511    94   203845.0000   203903.3779   195663    0.03%
   7923  5251   203856.9142    80   203845.0000   203903.2710   196127    0.03%
   7982  5288        cutoff         203845.0000   203903.1427   197042    0.03%
   8040  5337   203866.5803    92   203845.0000   203902.9439   197898    0.03%
   8094  5376   203887.6734   127   203845.0000   203902.9210   198640    0.03%
   8125  5401   203872.7122   119   203845.0000   203902.8653   199246    0.03%
   8149  5418   203890.4179   101   203845.0000   203902.8082   199595    0.03%
   8226  5488   203852.3178    83   203845.0000   203902.7572   200257    0.03%
   8273  5520   203867.4070   116   203845.0000   203902.6698   200794    0.03%
Elapsed time = 2050.07 sec. (1396566.81 ticks, tree = 114.45 MB, solutions = 1)
   8324  5554   203846.1634    88   203845.0000   203902.6613   201449    0.03%
   8375  5594   203894.8654   116   203845.0000   203902.6041   202078    0.03%
   8411  5623   203871.9274   116   203845.0000   203902.5610   202658    0.03%
   8473  5674   203879.9401   112   203845.0000   203902.4688   203420    0.03%
   8508  5698   203845.8946    85   203845.0000   203902.4688   203741    0.03%
   8542  5722   203872.1554    99   203845.0000   203902.4166   204079    0.03%
   8611  5782   203848.6032    85   203845.0000   203902.3351   204810    0.03%
   8670  5829   203874.3207   105   203845.0000   203902.2654   205799    0.03%
   8715  5859   203870.7568   107   203845.0000   203902.2319   206433    0.03%
   8775  5910   203897.6430   117   203845.0000   203902.2129   207075    0.03%
Elapsed time = 2108.18 sec. (1435276.81 ticks, tree = 122.28 MB, solutions = 1)
   8808  5941   203855.7589    89   203845.0000   203902.2129   207578    0.03%
   8822  5953   203849.4819    66   203845.0000   203902.2129   207713    0.03%
   8868  5990   203864.7242    46   203845.0000   203902.1094   208285    0.03%
   8916  6020   203847.7822   138   203845.0000   203901.9796   208928    0.03%
   8933  6030   203861.3391   106   203845.0000   203901.9678   209309    0.03%
   9001  6086        cutoff         203845.0000   203901.9365   210097    0.03%
   9065  6137   203851.4062    82   203845.0000   203901.8478   211262    0.03%
   9118  6168   203899.9098   127   203845.0000   203901.7831   212164    0.03%
   9189  6223   203883.4780   130   203845.0000   203901.7533   213230    0.03%
   9257  6277   203864.3220   122   203845.0000   203901.6783   214235    0.03%
Elapsed time = 2207.32 sec. (1514195.90 ticks, tree = 129.68 MB, solutions = 1)
   9313  6325   203853.9245   108   203845.0000   203901.6719   214861    0.03%
   9354  6350   203882.6501   118   203845.0000   203901.6435   215538    0.03%
   9400  6384   203848.8370   118   203845.0000   203901.5983   216097    0.03%
   9431  6404   203872.3114   102   203845.0000   203901.5801   216372    0.03%
   9492  6445   203862.3224    65   203845.0000   203901.4186   217107    0.03%
   9501  6452   203846.8919    54   203845.0000   203901.4186   217187    0.03%
   9548  6487   203858.8059   129   203845.0000   203901.3364   217908    0.03%
   9626  6548   203847.9244    76   203845.0000   203901.2280   218773    0.03%
   9683  6596   203862.5842    85   203845.0000   203901.1848   219450    0.03%
   9718  6621   203866.3479   100   203845.0000   203901.1825   219765    0.03%
Elapsed time = 2323.68 sec. (1604121.61 ticks, tree = 136.71 MB, solutions = 1)
   9754  6646   203870.7011   114   203845.0000   203901.0838   220376    0.03%
   9789  6665   203882.0222   114   203845.0000   203900.8887   221455    0.03%
   9840  6703   203877.8474   125   203845.0000   203900.8672   222078    0.03%
   9881  6734   203879.4187   126   203845.0000   203900.8349   222815    0.03%
   9916  6761   203845.8471   100   203845.0000   203900.8349   223096    0.03%
   9957  6788   203856.3373   115   203845.0000   203900.6649   223692    0.03%
  10019  6834   203878.0053    95   203845.0000   203900.4831   224691    0.03%
  10062  6867   203867.2156   102   203845.0000   203900.4703   225415    0.03%
* 10098+ 6248                       203849.0000   203900.4616   225787    0.03%
  10098  6250   203857.6592   109   203849.0000   203900.4616   225787    0.03%
  10100  6250   203964.3238   164   203849.0000   203900.4341   236392    0.03%
Elapsed time = 2693.59 sec. (1850490.42 ticks, tree = 127.72 MB, solutions = 2)
  10101  6250   203961.5495   162   203849.0000   203900.4341   236537    0.03%
  10102  6251   203960.8597   160   203849.0000   203900.4341   236601    0.03%
  10104  6253   203915.3034   136   203849.0000   203900.4341   236880    0.03%
  10105  6253   203913.5468   135   203849.0000   203900.4341   236889    0.03%
  10107  6254   203912.5912   131   203849.0000   203900.4341   236928    0.03%
  10110  6256   203900.5577   125   203849.0000   203900.4341   237099    0.03%
  10113  6256   203897.1465   122   203849.0000   203900.4341   237167    0.03%
  10115  6255   203897.0812   120   203849.0000   203900.4341   237175    0.03%
  10119  6257   203895.0013   108   203849.0000   203900.4341   237210    0.03%
  10123  6256   203888.1508   120   203849.0000   203900.4341   237329    0.03%
Elapsed time = 2746.65 sec. (1901561.84 ticks, tree = 128.52 MB, solutions = 2)
  10126  6258   203884.4669   116   203849.0000   203900.4341   237353    0.03%
  10130  6259   203879.9935   112   203849.0000   203900.4341   237411    0.03%
  10137  6261   203867.6696    88   203849.0000   203900.4341   237504    0.03%
  10141  6261   203860.0509    84   203849.0000   203900.4341   237535    0.03%
  10148  6262   203854.6026    78   203849.0000   203900.4341   237588    0.03%
  10155  6089   203959.3361   155   203849.0000   203900.4341   237645    0.03%
  10157  6089   203895.6595   132   203849.0000   203900.4341   237930    0.03%
  10160  6089   203887.3024   128   203849.0000   203900.4341   238013    0.03%
  10163  6089   203886.2614   128   203849.0000   203900.4341   238024    0.03%
  10167  6092   203877.9720   116   203849.0000   203900.4341   238050    0.03%
Elapsed time = 2796.70 sec. (1949324.66 ticks, tree = 125.03 MB, solutions = 2)
  10172  6092   203855.3155   123   203849.0000   203900.4341   238186    0.03%
  10175  5963   203949.8746   152   203849.0000   203900.4341   238310    0.03%
  10177  5961   203948.1560   160   203849.0000   203900.4341   238376    0.03%
  10179  5962   203945.2840   145   203849.0000   203900.4341   238435    0.03%
  10182  5965   203944.0155   150   203849.0000   203900.4341   238466    0.03%
  10184  5964   203936.0680   156   203849.0000   203900.4341   238499    0.03%
  10186  5963   203932.9752   142   203849.0000   203900.4341   238611    0.03%
  10189  5963   203922.8848   142   203849.0000   203900.4341   238702    0.03%
  10191  5962   203920.9419   142   203849.0000   203900.4341   238760    0.03%
  10194  5964   203913.9444   134   203849.0000   203900.4341   238955    0.03%
Elapsed time = 2846.48 sec. (1998556.95 ticks, tree = 122.35 MB, solutions = 2)
  10197  5966   203897.6033   129   203849.0000   203900.4341   238998    0.03%
  10201  5969   203895.8309   120   203849.0000   203900.4341   239007    0.03%
  10206  5968   203882.3187   118   203849.0000   203900.4341   239172    0.03%
  10209  5968   203879.8511   115   203849.0000   203900.4341   239230    0.03%
  10213  5968   203875.9059   115   203849.0000   203900.4341   239259    0.03%
  10220  5970   203873.1749    99   203849.0000   203900.4341   239310    0.03%
  10225  5973   203868.8135    95   203849.0000   203900.4341   239382    0.03%
  10228  5971   203867.8339    96   203849.0000   203900.4341   239436    0.03%
  10235  5971   203865.0105    89   203849.0000   203900.4341   239504    0.03%
  10244  5972   203853.2293    64   203849.0000   203900.4341   239570    0.03%
Elapsed time = 2892.95 sec. (2041312.66 ticks, tree = 122.45 MB, solutions = 2)
  10254  5842   203825.2615    61   203849.0000   203900.4341   239640    0.03%
  10258  5779   203954.0688   150   203849.0000   203900.4341   239845    0.03%
  10260  5780   203954.0204   156   203849.0000   203900.4341   239855    0.03%
  10264  5781   203947.4666   136   203849.0000   203900.4341   240007    0.03%
  10269  5781   203937.7417   144   203849.0000   203900.4341   240147    0.03%
  10272  5779   203936.3707   142   203849.0000   203900.4341   240231    0.03%
  10275  5777   203917.5338   126   203849.0000   203900.4341   240362    0.03%
  10283  5781   203906.9186   122   203849.0000   203900.4341   240440    0.03%
  10290  5782   203891.8912   114   203849.0000   203900.4341   240493    0.03%
  10297  5784   203880.6031   108   203849.0000   203900.4341   240600    0.03%
Elapsed time = 2937.68 sec. (2083161.62 ticks, tree = 118.48 MB, solutions = 2)
  10301  5785   203874.8627   114   203849.0000   203900.4341   240658    0.03%
  10305  5784   203863.8478   104   203849.0000   203900.4341   240801    0.03%
  10310  5782   203860.0667    90   203849.0000   203900.4341   240854    0.03%
  10319  5784   203851.7747    64   203849.0000   203900.4341   240929    0.03%
  10326  5739   203886.1359   147   203849.0000   203900.4341   241213    0.03%
  10331  5698   203841.5464   138   203849.0000   203900.4341   241500    0.03%
  10337  5700   203852.1374   127   203849.0000   203900.4341   241693    0.03%
  10341  5658   203926.0226   132   203849.0000   203900.4341   242070    0.03%
  10348  5661   203915.0677   122   203849.0000   203900.4341   242199    0.03%
  10355  5663   203909.0395   124   203849.0000   203900.4341   242270    0.03%
Elapsed time = 2985.43 sec. (2127212.14 ticks, tree = 115.90 MB, solutions = 2)
  10364  5666   203892.8334   115   203849.0000   203900.4341   242368    0.03%
  10371  5670   203882.7885   119   203849.0000   203900.4341   242469    0.03%
  10377  5671   203873.2096   109   203849.0000   203900.4341   242568    0.03%
  10385  5672   203859.1269    90   203849.0000   203900.4341   242614    0.03%
  10392  5670   203856.1282    95   203849.0000   203900.4341   242675    0.03%
  10398  5637   203884.6917   119   203849.0000   203900.4341   242970    0.03%
  10408  5639   203876.8059   117   203849.0000   203900.4341   243080    0.03%
  10414  5639   203859.5493   114   203849.0000   203900.4341   243275    0.03%
  10421  5543   203888.9967   149   203849.0000   203900.4341   243681    0.03%
  10430  5543   203884.5365   137   203849.0000   203900.4341   243761    0.03%
Elapsed time = 3031.03 sec. (2168986.81 ticks, tree = 113.30 MB, solutions = 2)
  10438  5547   203881.0381   141   203849.0000   203900.4341   243838    0.03%
  10442  5547   203869.4685   135   203849.0000   203900.4341   243952    0.03%
  10451  5551   203854.2402   125   203849.0000   203900.4341   244045    0.03%
  10455  5522   203911.6692   128   203849.0000   203900.4341   244237    0.03%
  10461  5523   203905.7085   129   203849.0000   203900.4341   244483    0.03%
  10470  5525   203896.5635   127   203849.0000   203900.4341   244647    0.03%
  10477  5526   203893.1574   125   203849.0000   203900.4341   244717    0.03%
  10484  5527   203869.5936   109   203849.0000   203900.4341   244992    0.03%
  10490  5526   203865.9069   111   203849.0000   203900.4341   245095    0.03%
  10500  5530   203854.6322    88   203849.0000   203900.4341   245136    0.03%
Elapsed time = 3076.98 sec. (2210750.92 ticks, tree = 112.83 MB, solutions = 2)
  10506  5529   203851.4853    87   203849.0000   203900.4341   245235    0.03%
  10512  5479   203918.8757   127   203849.0000   203900.4341   245721    0.03%
  10523  5483   203909.2174   121   203849.0000   203900.4341   245877    0.03%
  10530  5484   203901.8865   119   203849.0000   203900.4341   245940    0.03%
  10539  5488   203895.8910   112   203849.0000   203900.4341   246094    0.03%
  10543  5488   203883.8811   118   203849.0000   203900.4341   246197    0.03%
  10549  5488   203875.0881   114   203849.0000   203900.4341   246258    0.03%
  10558  5492   203862.1865    87   203849.0000   203900.4341   246307    0.03%
  10563  5471   203856.5453    89   203849.0000   203900.4341   246418    0.03%
  10569  5468   203853.5444    79   203849.0000   203900.4341   246457    0.03%
Elapsed time = 3121.83 sec. (2251362.70 ticks, tree = 111.44 MB, solutions = 2)
  10576  5465   203853.5285    82   203849.0000   203900.4341   246480    0.03%
  10581  5464   203853.1257    97   203849.0000   203900.4341   246509    0.03%
  10587  5463   203850.1915    76   203849.0000   203900.4341   246553    0.03%
  10592  5441   203892.1291   130   203849.0000   203900.4341   246820    0.03%
  10603  5445   203884.1841   122   203849.0000   203900.4341   246887    0.03%
  10614  5450   203866.0430   118   203849.0000   203900.4341   247002    0.03%
  10620  5450   203858.3082   118   203849.0000   203900.4341   247073    0.03%
  10626  5428   203899.9419   139   203849.0000   203900.4341   247279    0.03%
  10634  5431   203891.3527   128   203849.0000   203900.4341   247451    0.03%
  10641  5433   203873.5213   116   203849.0000   203900.4341   247597    0.03%
Elapsed time = 3166.22 sec. (2293232.92 ticks, tree = 110.55 MB, solutions = 2)
  10648  5434   203855.6432   129   203849.0000   203900.4341   247805    0.03%
  10652  5376   203912.1094   138   203849.0000   203900.4341   248213    0.03%
  10659  5376   203886.8620   114   203849.0000   203900.4341   248377    0.03%
  10666  5379   203877.5382   107   203849.0000   203900.4341   248471    0.03%
  10676  5381   203852.7879    97   203849.0000   203900.4341   248805    0.03%
  10685  5347   203887.0297   116   203849.0000   203900.4341   249076    0.03%
  10696  5353   203865.7718   107   203849.0000   203900.4341   249245    0.03%
  10706  5334   203854.0902   146   203849.0000   203900.4341   249600    0.03%
  10712  5315   203912.4688   135   203849.0000   203900.4341   249788    0.03%
  10718  5316   203885.9001   116   203849.0000   203900.4341   249988    0.03%
Elapsed time = 3212.85 sec. (2336342.55 ticks, tree = 108.02 MB, solutions = 2)
  10728  5320   203853.2161   113   203849.0000   203900.4341   250118    0.03%
  10735  5318   203852.2098   114   203849.0000   203900.4341   250170    0.03%
  10744  5284   203923.4622   134   203849.0000   203900.4341   250309    0.03%
  10752  5287   203859.1566   135   203849.0000   203900.4341   250635    0.03%
  10764  5246   203853.1715   123   203849.0000   203900.4341   250741    0.03%
  10768  5229   203914.2451   147   203849.0000   203900.4341   250921    0.03%
  10775  5232   203905.6394   142   203849.0000   203900.4341   251070    0.03%
  10782  5237   203901.2664   126   203849.0000   203900.4341   251131    0.03%
  10792  5243   203896.2304   101   203849.0000   203900.4341   251224    0.03%
  10800  5246   203880.4126    85   203849.0000   203900.4341   251315    0.03%
Elapsed time = 3259.38 sec. (2377996.38 ticks, tree = 106.36 MB, solutions = 2)
  10808  5248   203873.6663    81   203849.0000   203900.4341   251330    0.03%
  10815  5244   203873.3289    81   203849.0000   203900.4341   251343    0.03%
  10821  5243   203872.4130    88   203849.0000   203900.4341   251430    0.03%
  10830  5246   203870.3853    76   203849.0000   203900.4341   251472    0.03%
  10839  5250   203858.0446    63   203849.0000   203900.4341   251545    0.03%
  10847  5198        cutoff         203849.0000   203900.4341   251802    0.03%
  10854  5186   203870.2890   117   203849.0000   203900.4341   252084    0.03%
  10862  5187   203852.5992   117   203849.0000   203900.4341   252240    0.03%
  10870  5173   203897.7030   113   203849.0000   203900.4341   252409    0.03%
  10882  5180   203877.3383   107   203849.0000   203900.4341   252554    0.03%
Elapsed time = 3303.47 sec. (2419692.95 ticks, tree = 104.87 MB, solutions = 2)
  10893  5183   203870.8995    93   203849.0000   203900.4341   252643    0.03%
  10900  5185   203868.5719    77   203849.0000   203900.4341   252674    0.03%
  10909  5150   203909.7553   131   203849.0000   203900.4341   253052    0.03%
  10917  5155   203902.3170   131   203849.0000   203900.4341   253103    0.03%
  10923  5157   203893.4748   130   203849.0000   203900.4341   253296    0.03%
  10930  5159   203891.3177   128   203849.0000   203900.4341   253322    0.03%
  10938  5164   203883.3816   116   203849.0000   203900.4341   253414    0.03%
  10942  5162   203870.3828   118   203849.0000   203900.4341   253532    0.03%
  10949  5164   203867.7026   124   203849.0000   203900.4341   253644    0.03%
  10957  5170   203865.0723   104   203849.0000   203900.4341   253682    0.03%
Elapsed time = 3349.09 sec. (2460441.61 ticks, tree = 104.44 MB, solutions = 2)
  10964  5169   203859.3819   102   203849.0000   203900.4341   253801    0.03%
  10973  5170   203850.2099    88   203849.0000   203900.4341   253903    0.03%
  10983  5164   203878.7422   114   203849.0000   203900.4341   254174    0.03%
  10994  5170   203871.9147   110   203849.0000   203900.4341   254228    0.03%
  11000  5169   203866.5993   109   203849.0000   203900.4341   254291    0.03%
  11012  5163   203903.1990   131   203849.0000   203900.4341   254532    0.03%
  11019  5154   203896.0712   134   203849.0000   203900.4341   254753    0.03%
  11025  5154   203883.1273   126   203849.0000   203900.4341   254917    0.03%
  11032  5146   203868.0515   120   203849.0000   203900.4341   255015    0.03%
  11039  5140   203858.4062   110   203849.0000   203900.4341   255201    0.03%
Elapsed time = 3398.78 sec. (2504994.55 ticks, tree = 103.75 MB, solutions = 2)
  11046  5129   203854.7294   101   203849.0000   203900.4341   255329    0.03%
  11053  5118   203853.1723   103   203849.0000   203900.4341   255357    0.03%
  11062  5111   203903.1384   121   203849.0000   203900.4341   255563    0.03%
  11074  5115   203881.8539   120   203849.0000   203900.4341   255690    0.03%
  11087  5122   203857.8305   118   203849.0000   203900.4341   255948    0.03%
  11098  5120   203854.1714   105   203849.0000   203900.4341   256033    0.03%
  11109  5081   203899.0847   134   203849.0000   203900.4341   256444    0.03%
  11122  5090   203881.7907   125   203849.0000   203900.4341   256658    0.03%
  11134  5099   203856.5456   119   203849.0000   203900.4341   256818    0.03%
  11145  5099   203852.6933   112   203849.0000   203900.4341   256858    0.03%
Elapsed time = 3444.41 sec. (2545432.57 ticks, tree = 102.62 MB, solutions = 2)
  11152  5089   203866.8071   125   203849.0000   203900.4341   257078    0.03%
  11165  5076   203857.1576   121   203849.0000   203900.4341   257220    0.03%
  11176  5073   203859.9845   131   203849.0000   203900.4341   257508    0.03%
  11186  5065   203854.0528   119   203849.0000   203900.4341   257594    0.03%
  11191  5062   203851.6432   120   203849.0000   203900.4341   257686    0.03%
  11200  5054   203897.8620   111   203849.0000   203900.4341   257907    0.03%
  11208  5056   203858.7716   110   203849.0000   203900.4341   258027    0.03%
  11213  5046   203903.3738   148   203849.0000   203900.4341   258293    0.03%
  11220  5049   203895.1615   142   203849.0000   203900.4341   258405    0.03%
  11226  5050   203891.8314   133   203849.0000   203900.4341   258542    0.03%
Elapsed time = 3491.22 sec. (2587442.57 ticks, tree = 101.44 MB, solutions = 2)
  11233  5053   203889.9343   125   203849.0000   203900.4341   258646    0.03%
  11241  5056   203883.3243    96   203849.0000   203900.4341   258805    0.03%
  11250  5058   203864.7703    70   203849.0000   203900.4341   258964    0.03%
  11261  5058   203850.9738    54   203849.0000   203900.4341   259107    0.03%
  11270  5047   203912.9109   123   203849.0000   203900.4341   259248    0.03%
  11281  5055   203884.0193   121   203849.0000   203900.4341   259442    0.03%
  11292  5062   203860.5890   124   203849.0000   203900.4341   259700    0.03%
  11303  5065   203857.6053   109   203849.0000   203900.4341   259737    0.03%
  11313  5054   203884.1493   146   203849.0000   203900.4341   260087    0.03%
  11320  5057   203860.4806   137   203849.0000   203900.4341   260240    0.03%
Elapsed time = 3536.19 sec. (2628170.76 ticks, tree = 101.37 MB, solutions = 2)
  11324  5058   203855.2059   133   203849.0000   203900.4341   260313    0.03%
  11332  5058   203851.5787   133   203849.0000   203900.4341   260415    0.03%
  11338  5050   203909.6332   125   203849.0000   203900.4341   260631    0.03%
  11348  5057   203894.3216   126   203849.0000   203900.4341   260848    0.03%
  11359  5062   203877.7161   116   203849.0000   203900.4341   261017    0.03%
  11372  5065   203863.8261    94   203849.0000   203900.4341   261138    0.03%
  11383  5055   203882.2766   122   203849.0000   203900.4341   261304    0.03%
  11393  5060   203863.3047   113   203849.0000   203900.4341   261451    0.03%
  11406  5058   203902.6234   124   203849.0000   203900.4341   261823    0.03%
  11417  5063   203892.9376   130   203849.0000   203900.4341   261900    0.03%
Elapsed time = 3582.23 sec. (2669390.85 ticks, tree = 101.24 MB, solutions = 2)
  11427  5068   203881.8664   129   203849.0000   203900.4341   262004    0.03%
  11434  5067   203879.1743   129   203849.0000   203900.4341   262036    0.03%
  11444  5073   203874.6315   114   203849.0000   203900.4341   262160    0.03%
  11453  5077   203870.0546    97   203849.0000   203900.4341   262186    0.03%

Flow cuts applied:  36
Mixed integer rounding cuts applied:  28
Gomory fractional cuts applied:  15

Root node processing (before b&c):
  Real time             =  154.84 sec. (88277.84 ticks)
Sequential b&c:
  Real time             = 3445.20 sec. (2597128.35 ticks)
                          ------------
Total (root+branch&cut) = 3600.04 sec. (2685406.19 ticks)
