1 of 1 MIP starts provided solutions.
MIP start 'm1' defined initial solution with objective 255049.0000.
Tried aggregator 1 time.
MIP Presolve eliminated 0 rows and 1 columns.
MIP Presolve modified 410250 coefficients.
Reduced MIP has 125250 rows, 63000 columns, and 15935541 nonzeros.
Reduced MIP has 62500 binaries, 0 generals, 0 SOSs, and 0 indicators.
Presolve time = 13.09 sec. (7275.12 ticks)
Probing time = 0.55 sec. (163.62 ticks)
Tried aggregator 1 time.
Reduced MIP has 125250 rows, 63000 columns, and 15935541 nonzeros.
Reduced MIP has 62500 binaries, 0 generals, 0 SOSs, and 0 indicators.
Presolve time = 8.86 sec. (3919.77 ticks)
Probing time = 0.46 sec. (163.59 ticks)
Clique table members: 250.
MIP emphasis: balance optimality and feasibility.
MIP search method: dynamic search.
Parallel mode: none, using 1 thread.
Root relaxation solution time = 4.72 sec. (2276.32 ticks)

        Nodes                                         Cuts/
   Node  Left     Objective  IInf  Best Integer    Best Bound    ItCnt     Gap

*     0+    0                       255049.0000   4.79900e+07      503     --- 
      0     0   255359.5620   198   255049.0000   255359.5620      503    0.12%
      0     0   255256.2434   122   255049.0000      Cuts: 99      661    0.08%
      0     0   255222.5413   110   255049.0000     Cuts: 100      774    0.07%

Repeating presolve.
Tried aggregator 1 time.
MIP Presolve eliminated 40234 rows and 40865 columns.
MIP Presolve modified 2489144 coefficients.
Reduced MIP has 85016 rows, 22135 columns, and 5597958 nonzeros.
Reduced MIP has 21635 binaries, 0 generals, 0 SOSs, and 0 indicators.
Presolve time = 9.67 sec. (6428.90 ticks)
Probing time = 0.21 sec. (60.39 ticks)
Tried aggregator 1 time.
MIP Presolve modified 4949966 coefficients.
Reduced MIP has 85016 rows, 22135 columns, and 5597958 nonzeros.
Reduced MIP has 21635 binaries, 0 generals, 0 SOSs, and 0 indicators.
Presolve time = 8.76 sec. (7215.66 ticks)
Represolve time = 19.63 sec. (14208.60 ticks)
Probing time = 0.21 sec. (60.21 ticks)
Clique table members: 250.
MIP emphasis: balance optimality and feasibility.
MIP search method: dynamic search.
Parallel mode: none, using 1 thread.
Root relaxation solution time = 1.62 sec. (778.03 ticks)

        Nodes                                         Cuts/
   Node  Left     Objective  IInf  Best Integer    Best Bound    ItCnt     Gap

*     0+    0                       255049.0000   255222.5413     1349    0.07%
      0     0   255222.2723   107   255049.0000   255222.2723     1349    0.07%
      0     2   255222.2723   107   255049.0000   255221.7723     1349    0.07%
Elapsed time = 101.71 sec. (52868.47 ticks, tree = 0.00 MB, solutions = 1)
      5     7   255220.2723   107   255049.0000   255219.7723     1399    0.07%
      9    11   255219.2723   109   255049.0000   255219.2723     1429    0.07%
     14    16   255217.7723   107   255049.0000   255217.2723     1477    0.07%
     18    20   255215.7607   107   255049.0000   255215.2723     1555    0.07%
     23    25   255184.8184    99   255049.0000   255215.2723     1581    0.07%
     27    29   255181.8184    97   255049.0000   255215.2723     1596    0.07%
     30    32   255174.5091    91   255049.0000   255215.2723     1609    0.07%
     34    36   255172.0261    87   255049.0000   255215.2723     1623    0.07%
     40    42   255093.8407    83   255049.0000   255215.2723     1675    0.07%
     59    59        cutoff         255049.0000   255215.2723     1862    0.07%
Elapsed time = 111.53 sec. (56809.67 ticks, tree = 1.04 MB, solutions = 1)
     70    70   255121.2473    73   255049.0000   255215.2723     1916    0.07%
     85    77        cutoff         255049.0000   255215.2723     2067    0.07%
     97    79   255150.8551    71   255049.0000   255215.2723     2100    0.07%
    111    79        cutoff         255049.0000   255215.2723     2131    0.07%
    127    81    infeasible         255049.0000   255215.2723     2152    0.07%
    138    82   255146.2743    71   255049.0000   255215.2723     2168    0.07%
    141    81    infeasible         255049.0000   255215.2723     2171    0.07%
    155    83        cutoff         255049.0000   255215.2723     2189    0.07%
    168    84        cutoff         255049.0000   255215.2723     2206    0.07%
    185    89        cutoff         255049.0000   255215.2723     2255    0.07%
Elapsed time = 132.52 sec. (67789.66 ticks, tree = 1.58 MB, solutions = 1)
    200    92   255066.4601    84   255049.0000   255215.2723     2282    0.07%
    209    95   255196.4513   104   255049.0000   255215.2607     2325    0.07%
    220   106   255178.3442    97   255049.0000   255215.2607     2390    0.07%
    243   129   255174.7463    77   255049.0000   255215.2607     2460    0.07%
    260   146   255156.5336    65   255049.0000   255215.2607     2534    0.07%
    279   161   255152.0194    62   255049.0000   255215.2607     2660    0.07%
    280   162   255151.8506    62   255049.0000   255215.2607     2661    0.07%
    295   167   255128.4415    62   255049.0000   255215.2607     2752    0.07%
    310   168        cutoff         255049.0000   255215.2607     2787    0.07%
    320   170   255123.3839    62   255049.0000   255215.2607     2803    0.07%
Elapsed time = 154.17 sec. (79424.49 ticks, tree = 3.06 MB, solutions = 1)
    332   172        cutoff         255049.0000   255215.2607     2818    0.07%
    348   176        cutoff         255049.0000   255215.2607     2838    0.07%
    363   179        cutoff         255049.0000   255215.2607     2860    0.07%
    371   183   255187.2000   104   255049.0000   255214.7607     2902    0.06%
    400   212   255177.4323    85   255049.0000   255214.7607     2946    0.06%
    413   225   255194.8379   106   255049.0000   255206.4218     2986    0.06%
    440   252   255181.3740    81   255049.0000   255206.4218     3025    0.06%
    484   296   255116.5446   111   255049.0000   255115.3259     5855    0.03%
    485   296   255115.1158   108   255049.0000   255115.1158     5884    0.03%
    487   296   255115.1085   114   255049.0000   255115.0377     5887    0.03%
Elapsed time = 339.11 sec. (171781.95 ticks, tree = 5.33 MB, solutions = 1)
    492   297   255112.6948   122   255049.0000   255112.9992     5933    0.03%
    494   299   255111.6113   119   255049.0000   255112.9992     5970    0.03%
    498   298   255109.2104   109   255049.0000   255112.9992     6035    0.03%
    503   298   255107.3316   111   255049.0000   255112.9992     6058    0.03%
    505   298   255099.4483   111   255049.0000   255112.9992     6086    0.03%
    507   297   255098.0775   108   255049.0000   255112.9992     6133    0.03%
    508   297   255096.7160   106   255049.0000   255112.9992     6146    0.03%
    512   296   255094.6870   107   255049.0000   255112.9992     6167    0.03%
    516   295   255088.5531   107   255049.0000   255112.9992     6198    0.03%
    522   292   255085.2278   112   255049.0000   255112.9992     6224    0.03%
Elapsed time = 369.09 sec. (184522.25 ticks, tree = 7.92 MB, solutions = 1)
    526   290   255080.5078   129   255049.0000   255112.9992     6273    0.03%
    530   290   255079.0653   121   255049.0000   255112.9992     6284    0.03%
    533   287   255074.5066   127   255049.0000   255112.9992     6293    0.03%
    537   288   255069.4525   127   255049.0000   255112.9992     6339    0.03%
    539   287   255067.7894   144   255049.0000   255112.9992     6368    0.03%
    544   287   255067.1528   116   255049.0000   255112.9992     6390    0.03%
    554   290   255062.5396   125   255049.0000   255112.9992     6423    0.03%
    561   292   255056.7476   113   255049.0000   255112.9992     6481    0.03%
    565   294   255055.3324    96   255049.0000   255112.9992     6502    0.03%
    572   293   255053.4407    93   255049.0000   255112.9992     6530    0.03%
Elapsed time = 391.50 sec. (196222.72 ticks, tree = 7.84 MB, solutions = 1)
    574   292   255049.8044    89   255049.0000   255112.9992     6564    0.03%
    578   275   255073.5299   114   255049.0000   255112.5674     6709    0.02%
    583   275   255058.3107   129   255049.0000   255112.5674     6772    0.02%
    591   268   255051.3225   121   255049.0000   255112.5674     6800    0.02%
    594   253   255095.0552   110   255049.0000   255111.6113     6888    0.02%
    607   259   255075.1211   128   255049.0000   255111.6113     7071    0.02%
    632   266   255054.1201   102   255049.0000   255111.6113     7209    0.02%
    643   257   255108.3018   101   255049.0000   255109.3327     7385    0.02%
    665   270   255085.7257    94   255049.0000   255109.3327     7556    0.02%
    682   273   255075.2387    77   255049.0000   255109.3327     7676    0.02%
Elapsed time = 413.95 sec. (209475.66 ticks, tree = 7.27 MB, solutions = 1)
    694   276   255067.8100    67   255049.0000   255109.3327     7723    0.02%
    704   274   255088.6634   130   255049.0000   255105.7428     8019    0.02%
    735   292   255060.8308   100   255049.0000   255105.7428     8185    0.02%
    749   288        cutoff         255049.0000   255103.8615     8292    0.02%
    764   289        cutoff         255049.0000   255098.0276     8497    0.02%
    774   286   255069.6503    93   255049.0000   255096.8414     8708    0.02%
    794   294   255058.4020    83   255049.0000   255096.8414     8795    0.02%
    804   292   255051.3982    82   255049.0000   255096.8414     8809    0.02%
    827   297   255061.4244   105   255049.0000   255096.6587     9075    0.02%
    855   307   255088.4491    77   255049.0000   255096.2102     9246    0.02%
Elapsed time = 431.78 sec. (220803.87 ticks, tree = 6.60 MB, solutions = 1)
    875   310   255083.9474    72   255049.0000   255096.2102     9328    0.02%
    886   312   255080.8222    70   255049.0000   255096.2102     9394    0.02%
    897   311   255079.2530    70   255049.0000   255096.2102     9410    0.02%
    906   307   255071.7614    99   255049.0000   255094.8544     9470    0.02%
    930   316   255049.5760   117   255049.0000   255093.8009     9781    0.02%
    944   319   255071.1575   101   255049.0000   255092.6736     9962    0.02%
    970   324   255077.6774   104   255049.0000   255092.1288    10077    0.02%
    987   333   255063.2734    95   255049.0000   255092.1288    10163    0.02%
   1004   336   255053.6159    87   255049.0000   255092.1288    10235    0.02%
   1014   332   255078.6845    88   255049.0000   255091.3805    10315    0.02%
Elapsed time = 449.49 sec. (231922.73 ticks, tree = 5.86 MB, solutions = 1)
   1035   340   255060.6069    73   255049.0000   255091.3805    10424    0.02%
   1055   348   255053.1107    64   255049.0000   255091.3805    10480    0.02%
   1084   368   255065.7078    95   255049.0000   255091.3786    10650    0.02%
   1107   384   255061.9162    77   255049.0000   255091.3708    10819    0.02%
   1133   399   255085.4617    81   255049.0000   255090.6823    11009    0.02%
   1170   434   255061.9144    73   255049.0000   255090.6823    11207    0.02%
   1183   441   255053.1119    52   255049.0000   255090.6823    11262    0.02%
   1195   446   255019.8485    49   255049.0000   255090.6823    11307    0.02%
   1197   446   255068.8780   108   255049.0000   255090.6414    11357    0.02%
   1307   533   255069.1163    98   255049.0000   255089.9880    12109    0.02%
Elapsed time = 472.98 sec. (246386.29 ticks, tree = 7.92 MB, solutions = 1)
   1404   602   255069.3961    75   255049.0000   255088.0391    12610    0.02%
   1484   659   255070.9205    97   255049.0000   255087.1284    12949    0.01%
   1624   763   255072.0399    92   255049.0000   255086.5303    13600    0.01%
   1788   899   255058.2220    59   255049.0000   255086.1363    14250    0.01%
   1884   971   255050.4954    92   255049.0000   255085.9228    14833    0.01%
   2049  1113   255066.8528    65   255049.0000   255085.6567    15401    0.01%
   2207  1250   255076.7255    78   255049.0000   255085.3352    15852    0.01%
   2364  1368   255064.4527    69   255049.0000   255085.2107    16651    0.01%
   2529  1501   255059.8900    60   255049.0000   255084.0226    17451    0.01%
   2655  1593   255052.9325    81   255049.0000   255083.3514    18066    0.01%
Elapsed time = 527.02 sec. (286395.11 ticks, tree = 23.71 MB, solutions = 1)
   2769  1655   255069.3120    75   255049.0000   255081.3244    18969    0.01%
   2916  1766   255063.3986    69   255049.0000   255080.4145    19775    0.01%
   3053  1863   255066.1531   111   255049.0000   255080.1353    20638    0.01%
   3169  1939   255079.2722    87   255049.0000   255079.4105    21588    0.01%
   3281  1992   255053.7347    96   255049.0000   255078.5567    22780    0.01%
   3382  2056   255070.6725    68   255049.0000   255078.4145    23496    0.01%
   3484  2136   255069.9731   100   255049.0000   255078.3352    24178    0.01%
   3655  2270        cutoff         255049.0000   255078.1985    25058    0.01%
   3820  2392   255077.0864    52   255049.0000   255077.9063    26054    0.01%
   4010  2540    infeasible         255049.0000   255077.6153    27056    0.01%
Elapsed time = 587.34 sec. (328313.35 ticks, tree = 37.87 MB, solutions = 1)
   4154  2633   255067.9040    90   255049.0000   255077.0663    28157    0.01%
   4279  2718   255063.6012    77   255049.0000   255076.5930    28923    0.01%
   4438  2813        cutoff         255049.0000   255076.1013    30022    0.01%
   4577  2889   255063.3586   101   255049.0000   255075.7984    30975    0.01%
   4763  3028   255063.8539    72   255049.0000   255075.4925    31948    0.01%
   4884  3110   255065.1926    76   255049.0000   255075.3446    32753    0.01%
   5063  3235   255063.5936   103   255049.0000   255075.1879    33832    0.01%
   5207  3343   255051.4848    80   255049.0000   255075.1353    34773    0.01%
   5339  3433   255065.1388    68   255049.0000   255074.9976    35767    0.01%
   5461  3512   255067.8643   103   255049.0000   255074.8834    36742    0.01%
Elapsed time = 646.90 sec. (367622.22 ticks, tree = 52.32 MB, solutions = 1)
   5634  3644   255054.5319    62   255049.0000   255074.6965    37798    0.01%
   5758  3717   255068.4259    89   255049.0000   255074.5749    38778    0.01%

Implied bound cuts applied:  26
Flow cuts applied:  55
Mixed integer rounding cuts applied:  94
Gomory fractional cuts applied:  204

Root node processing (before b&c):
  Real time             =  101.68 sec. (52825.91 ticks)
Sequential b&c:
  Real time             =  559.55 sec. (325151.31 ticks)
                          ------------
Total (root+branch&cut) =  661.23 sec. (377977.22 ticks)
