1 of 1 MIP starts provided solutions.
MIP start 'm1' defined initial solution with objective 203845.0000.
Tried aggregator 1 time.
MIP Presolve eliminated 0 rows and 1 columns.
Reduced MIP has 80400 rows, 40400 columns, and 8280200 nonzeros.
Reduced MIP has 40000 binaries, 0 generals, 0 SOSs, and 0 indicators.
Presolve time = 4.24 sec. (2110.90 ticks)
Probing time = 0.23 sec. (86.95 ticks)
Tried aggregator 1 time.
Reduced MIP has 80400 rows, 40400 columns, and 8280200 nonzeros.
Reduced MIP has 40000 binaries, 0 generals, 0 SOSs, and 0 indicators.
Presolve time = 4.34 sec. (2111.06 ticks)
Probing time = 0.24 sec. (88.67 ticks)
Clique table members: 200.
MIP emphasis: balance optimality and feasibility.
MIP search method: dynamic search.
Parallel mode: none, using 1 thread.
Root relaxation solution time = 2.58 sec. (1091.77 ticks)

        Nodes                                         Cuts/
   Node  Left     Objective  IInf  Best Integer    Best Bound    ItCnt     Gap

*     0+    0                       203845.0000   204174.0000     1374    0.16%
      0     0   204173.5279   166   203845.0000   204173.5279     1374    0.16%
      0     0   204063.4755   106   203845.0000     Cuts: 211     1588    0.11%
      0     0   204016.6298   116   203845.0000      Cuts: 89     1737    0.08%

Repeating presolve.
Presolve has eliminated 32822 rows and 26203 columns...
Presolve has improved bounds 180 times...
Tried aggregator 1 time.
MIP Presolve eliminated 32822 rows and 26203 columns.
MIP Presolve modified 1534114 coefficients.
Reduced MIP has 47578 rows, 14197 columns, and 2432358 nonzeros.
Reduced MIP has 13797 binaries, 0 generals, 0 SOSs, and 0 indicators.
Presolve time = 12.48 sec. (10629.61 ticks)
Probing time = 0.08 sec. (29.51 ticks)
Cover probing fixed 0 vars, tightened 2 bounds.
Tried aggregator 1 time.
MIP Presolve modified 226 coefficients.
Reduced MIP has 47578 rows, 14197 columns, and 2432358 nonzeros.
Reduced MIP has 13797 binaries, 0 generals, 0 SOSs, and 0 indicators.
Presolve time = 1.23 sec. (675.35 ticks)
Represolve time = 14.56 sec. (11677.61 ticks)
Probing time = 0.08 sec. (29.77 ticks)
Clique table members: 209.
MIP emphasis: balance optimality and feasibility.
MIP search method: dynamic search.
Parallel mode: none, using 1 thread.
Root relaxation solution time = 1.06 sec. (449.56 ticks)

        Nodes                                         Cuts/
   Node  Left     Objective  IInf  Best Integer    Best Bound    ItCnt     Gap

*     0+    0                       203845.0000   204016.6298     3561    0.08%
      0     0   204016.6279   115   203845.0000   204016.6279     3561    0.08%
      0     2   204016.6279   115   203845.0000   204016.1772     3561    0.08%
Elapsed time = 60.15 sec. (33185.32 ticks, tree = 0.00 MB, solutions = 1)
     10    12   204009.4261   101   203845.0000   204015.6279     3608    0.08%
     18    20   203994.3206    95   203845.0000   204015.6279     3703    0.08%
     21    21        cutoff         203845.0000   204015.6279     3775    0.08%
     29    27   203984.7771   100   203845.0000   204015.6279     3859    0.08%
     37    35   203977.8187    83   203845.0000   204015.6279     3889    0.08%
     45    43   203971.2969    80   203845.0000   204015.6279     3928    0.08%
     50    48   203964.8317    76   203845.0000   204015.6279     3959    0.08%
     58    56   203897.1725    73   203845.0000   204015.6279     4021    0.08%
     60    58   203931.6353    60   203845.0000   204015.6279     4030    0.08%
     85    59   203903.4852    60   203845.0000   204015.6279     4132    0.08%
Elapsed time = 66.83 sec. (36709.43 ticks, tree = 1.15 MB, solutions = 1)
    110    58        cutoff         203845.0000   204015.6279     4179    0.08%
    135    64   203990.0985   111   203845.0000   204013.2767     4267    0.08%
    153    78   203969.8654    99   203845.0000   204013.2767     4475    0.08%
    180   105   203924.2784    79   203845.0000   204013.2767     4653    0.08%
    203   128   203895.7950    44   203845.0000   204013.2767     4755    0.08%
    228   133        cutoff         203845.0000   204013.2767     4850    0.08%
    253   136   203883.9773    44   203845.0000   204013.2767     4893    0.08%
    260   137   203989.5887   118   203845.0000   204011.3597     4952    0.08%
    297   174   203935.3076    86   203845.0000   204011.3597     5096    0.08%
    320   197   203905.4832    86   203845.0000   204011.3597     5172    0.08%
Elapsed time = 83.67 sec. (46557.61 ticks, tree = 2.67 MB, solutions = 1)
    362   224   203991.4908   114   203845.0000   204011.2317     5287    0.08%
    400   262   203930.5854    98   203845.0000   204011.2317     5436    0.08%
    448   310   203886.5458    84   203845.0000   204011.2317     5544    0.08%
    475   331   203978.9349   104   203845.0000   204010.7346     5660    0.08%
    479   335   203919.7791   152   203845.0000   203919.2859    11408    0.04%
    481   334   203915.3085   153   203845.0000   203916.3873    11434    0.04%
    489   337   203912.4513   149   203845.0000   203916.3873    11484    0.04%
    506   343   203900.0555   140   203845.0000   203916.3873    11572    0.04%
    519   351   203895.4515   126   203845.0000   203916.3873    11611    0.04%
    524   352   203887.2042   118   203845.0000   203916.3873    11639    0.04%
Elapsed time = 220.16 sec. (109528.33 ticks, tree = 4.60 MB, solutions = 1)
    528   349   203874.9684   117   203845.0000   203916.3873    11696    0.04%
    538   347   203857.6772   115   203845.0000   203916.3873    11732    0.04%
    543   326   203894.2740   143   203845.0000   203913.5416    11837    0.03%
    547   328   203891.0021   134   203845.0000   203913.5416    11876    0.03%
    551   327   203890.4089   138   203845.0000   203913.5416    11893    0.03%
    564   327   203885.7758   137   203845.0000   203913.5416    11952    0.03%
    579   324   203882.2703   132   203845.0000   203913.5416    11992    0.03%
    597   321   203872.8654   129   203845.0000   203913.5416    12041    0.03%
    615   325   203856.6607   113   203845.0000   203913.5416    12079    0.03%
    624   321   203898.7689   148   203845.0000   203913.4296    12218    0.03%
Elapsed time = 238.32 sec. (120238.53 ticks, tree = 4.04 MB, solutions = 1)
    647   329   203892.0589   121   203845.0000   203913.4296    12303    0.03%
    669   335   203883.8165   115   203845.0000   203913.4296    12375    0.03%
    697   343   203875.2519   113   203845.0000   203913.4296    12429    0.03%
    718   343   203866.8805   107   203845.0000   203913.4296    12464    0.03%
    738   341   203855.1352    92   203845.0000   203913.4296    12531    0.03%
    747   337   203866.0463   153   203845.0000   203912.2684    12583    0.03%
    781   346   203856.6147   133   203845.0000   203912.2684    12696    0.03%
    807   341        cutoff         203845.0000   203910.8378    12957    0.03%
    878   377   203890.5472   123   203845.0000   203908.1753    13187    0.03%
    922   388   203886.4386   119   203845.0000   203908.0087    13394    0.03%
Elapsed time = 253.67 sec. (129998.58 ticks, tree = 3.33 MB, solutions = 1)
    948   391   203867.9041   100   203845.0000   203908.0087    13493    0.03%
    962   390   203854.8213    93   203845.0000   203908.0087    13544    0.03%
   1003   405   203877.3843   123   203845.0000   203907.4449    13735    0.03%
   1052   420   203896.7579   125   203845.0000   203907.2968    13915    0.03%
   1100   435   203854.7907   118   203845.0000   203907.1766    14219    0.03%
   1165   463   203893.9790   122   203845.0000   203907.0608    14398    0.03%
   1222   514   203905.2792   135   203845.0000   203906.3359    14636    0.03%
   1289   576   203866.0291    78   203845.0000   203906.3359    14816    0.03%
   1327   578        cutoff         203845.0000   203905.1445    15238    0.03%
   1380   629   203870.4615    95   203845.0000   203905.0049    15485    0.03%
Elapsed time = 269.80 sec. (140932.57 ticks, tree = 4.51 MB, solutions = 1)
   1423   660   203857.5950   112   203845.0000   203904.7636    15694    0.03%
   1454   672   203855.0937   125   203845.0000   203904.7564    15818    0.03%
   1500   704   203857.0687   116   203845.0000   203904.6739    16147    0.03%
   1575   773   203881.7149   107   203845.0000   203904.4038    16454    0.03%
   1639   826   203867.3287   118   203845.0000   203904.2630    16829    0.03%
   1683   858   203864.1917   117   203845.0000   203903.8976    17203    0.03%
   1737   903   203859.3718   122   203845.0000   203903.8635    17520    0.03%
   1791   945   203870.4290   104   203845.0000   203903.6520    17793    0.03%
   1845   983   203901.3823   137   203845.0000   203903.4848    18163    0.03%
   1855   991   203895.9913   137   203845.0000   203903.4848    18261    0.03%
Elapsed time = 284.34 sec. (151158.92 ticks, tree = 7.09 MB, solutions = 1)
   1909  1032   203865.2508   111   203845.0000   203902.9153    18529    0.03%
   1967  1080   203885.9205   127   203845.0000   203902.8221    18823    0.03%
   2038  1140   203847.0336   102   203845.0000   203902.7511    19184    0.03%
   2075  1161   203883.1116   128   203845.0000   203902.1775    19449    0.03%
   2129  1204   203881.7616   130   203845.0000   203901.8198    19700    0.03%
   2207  1272   203854.0521   119   203845.0000   203901.7206    20049    0.03%
   2276  1333   203862.8977   112   203845.0000   203901.5898    20421    0.03%
   2341  1388   203881.5049   110   203845.0000   203901.4394    20884    0.03%
   2355  1401   203867.6345   101   203845.0000   203901.4394    20999    0.03%
   2434  1471   203884.2576   122   203845.0000   203901.4394    21234    0.03%
Elapsed time = 298.85 sec. (161297.85 ticks, tree = 10.55 MB, solutions = 1)
   2479  1507   203897.2716   128   203845.0000   203901.4031    21390    0.03%
   2570  1589   203866.3489   116   203845.0000   203901.3247    21705    0.03%
   2595  1611   203891.1301   124   203845.0000   203901.3067    21791    0.03%
   2667  1674   203861.8311   114   203845.0000   203901.0780    22158    0.03%
   2740  1734   203888.3970   119   203845.0000   203900.9798    22496    0.03%
   2816  1804   203886.9801   114   203845.0000   203900.9483    22791    0.03%
   2864  1838   203872.2743   120   203845.0000   203900.9273    23046    0.03%
   2944  1912   203877.6056   105   203845.0000   203900.8823    23308    0.03%
   2966  1916   203900.6971   135   203845.0000   203900.8194    23356    0.03%
   3045  1995   203858.3029    64   203845.0000   203900.8194    23642    0.03%
Elapsed time = 315.66 sec. (172912.52 ticks, tree = 14.30 MB, solutions = 1)
   3114  2040   203892.2820   124   203845.0000   203900.5752    24103    0.03%
   3141  2067   203884.5175   117   203845.0000   203900.5752    24168    0.03%
   3215  2131   203889.7235   119   203845.0000   203900.4812    24546    0.03%
   3283  2195   203849.9426    38   203845.0000   203900.4812    24764    0.03%
   3367  2263   203890.2849   119   203845.0000   203900.1849    25104    0.03%
   3424  2315   203866.0712    93   203845.0000   203900.1849    25252    0.03%
   3465  2342        cutoff         203845.0000   203900.1849    25346    0.03%
   3496  2358   203845.1104   105   203845.0000   203900.1653    25484    0.03%
   3572  2409   203857.0873   120   203845.0000   203899.9754    26022    0.03%
   3777  2556   203874.0550   127   203845.0000   203899.0875    27122    0.03%
Elapsed time = 335.62 sec. (186425.45 ticks, tree = 18.37 MB, solutions = 1)
   4034  2756   203892.4557   125   203845.0000   203898.7130    28365    0.03%
   4350  3029   203874.3332   103   203845.0000   203898.5071    29734    0.03%
   4548  3185   203875.9155   105   203845.0000   203898.3861    30755    0.03%
   4841  3420   203871.5155   107   203845.0000   203897.7813    32034    0.03%
   5113  3645   203858.4064   108   203845.0000   203897.4746    33162    0.03%
   5328  3822   203855.0826    72   203845.0000   203897.3563    33851    0.03%
   5625  4049   203857.7628    97   203845.0000   203896.9328    35272    0.03%
   5809  4193   203882.1557   140   203845.0000   203896.8110    35965    0.03%
   6088  4428   203884.1028   123   203845.0000   203896.5753    37096    0.03%
   6344  4640   203859.3893    65   203845.0000   203896.2424    38047    0.03%
Elapsed time = 390.96 sec. (225740.63 ticks, tree = 33.38 MB, solutions = 1)
   6651  4892   203860.2813   112   203845.0000   203895.8537    39288    0.02%
   6858  5075   203876.6587   119   203845.0000   203895.8248    40013    0.02%
   7086  5263   203893.8067   128   203845.0000   203895.5705    40945    0.02%
   7336  5472   203853.0373   115   203845.0000   203895.3785    42008    0.02%
   7517  5605   203872.4209   130   203845.0000   203895.2039    42737    0.02%
   7778  5818        cutoff         203845.0000   203895.0879    43673    0.02%
   8015  5994   203869.8186   107   203845.0000   203894.8311    44659    0.02%
   8264  6187   203881.5566   117   203845.0000   203894.7109    45978    0.02%
   8527  6387   203878.9905   110   203845.0000   203894.5975    47484    0.02%
   8743  6594   203860.8914    84   203845.0000   203894.5846    48264    0.02%
Elapsed time = 447.24 sec. (264534.93 ticks, tree = 47.35 MB, solutions = 1)
   8938  6723   203874.7059   107   203845.0000   203894.2706    49780    0.02%
   9188  6912   203856.3315   128   203845.0000   203893.9759    51355    0.02%
   9457  7133   203890.8533   110   203845.0000   203893.7861    52676    0.02%
   9625  7268   203881.3805   112   203845.0000   203893.7052    53474    0.02%
   9886  7463   203867.5632    99   203845.0000   203893.4646    54990    0.02%
  10059  7602   203847.2948    34   203845.0000   203893.4301    55639    0.02%
  10061  7602   203919.1436   150   203845.0000   203893.3825    59272    0.02%
  10081  7609   203910.6718   142   203845.0000   203893.3825    59389    0.02%
  10124  7605   203902.1688   138   203845.0000   203893.3825    59488    0.02%
  10136  7078   203866.6486   119   203845.0000   203893.3825    59725    0.02%
Elapsed time = 568.79 sec. (329664.95 ticks, tree = 50.77 MB, solutions = 1)
  10151  6821   203852.4635   118   203845.0000   203893.3825    59912    0.02%
  10175  6331   203880.9368   120   203845.0000   203893.3825    60142    0.02%
  10203  5795   203850.6217   110   203845.0000   203893.3825    60416    0.02%
  10227  5626   203875.7066   120   203845.0000   203893.3825    60606    0.02%
  10255  5274   203903.5695   129   203845.0000   203893.3825    60833    0.02%
  10299  5270   203879.3375   119   203845.0000   203893.3825    60974    0.02%
  10329  4807   203894.1075   127   203845.0000   203893.3825    61390    0.02%
  10367  4671   203903.1495   135   203845.0000   203893.3825    61544    0.02%
  10409  4676   203864.7553   126   203845.0000   203893.3825    61691    0.02%
  10438  4575   203898.0405   117   203845.0000   203893.3825    61973    0.02%
Elapsed time = 651.66 sec. (369152.51 ticks, tree = 32.74 MB, solutions = 1)
  10500  4510   203850.6872   132   203845.0000   203893.3825    62330    0.02%
  10552  4399   203846.5983   145   203845.0000   203893.3825    62706    0.02%
  10614  4188   203866.3145   111   203845.0000   203893.3825    63130    0.02%
  10674  4067   203867.7959   124   203845.0000   203893.3825    63474    0.02%
  10756  3993   203850.5166   124   203845.0000   203893.3825    63883    0.02%
  10829  3925   203880.9052   116   203845.0000   203893.3825    64188    0.02%
  10905  3923   203876.5843    85   203845.0000   203893.3825    64444    0.02%
  11001  3857   203845.8529   104   203845.0000   203893.3825    64837    0.02%
  11078  3827   203863.7617    84   203845.0000   203893.3825    65229    0.02%
  11167  3829   203858.0453    93   203845.0000   203893.3825    65505    0.02%
Elapsed time = 724.41 sec. (407997.57 ticks, tree = 27.09 MB, solutions = 1)
  11256  3797   203872.9144   102   203845.0000   203893.3825    65931    0.02%
  11353  3779   203877.1175   101   203845.0000   203893.3825    66398    0.02%
  11436  3774   203858.8932   137   203845.0000   203893.3825    66660    0.02%
  11524  3749   203867.6184    94   203845.0000   203893.3825    67129    0.02%
  11634  3746   203845.5914   103   203845.0000   203893.3825    67536    0.02%
  11732  3738   203891.4969   122   203845.0000   203893.3825    67912    0.02%
  11829  3719   203881.8604   113   203845.0000   203893.2540    68437    0.02%
  11932  3727   203883.2954    96   203845.0000   203893.2480    68676    0.02%
  12046  3735   203871.9718   123   203845.0000   203893.1791    69104    0.02%
  12112  3725        cutoff         203845.0000   203892.8056    69481    0.02%
Elapsed time = 792.08 sec. (446434.56 ticks, tree = 25.87 MB, solutions = 1)
  12224  3736   203850.1899    48   203845.0000   203892.4340    69830    0.02%
  12347  3753   203858.3880    83   203845.0000   203892.0873    70311    0.02%
  12474  3785   203883.0340   111   203845.0000   203891.8505    70717    0.02%
  12583  3805   203888.9876   121   203845.0000   203891.8496    70960    0.02%
  12728  3859   203879.3726   103   203845.0000   203891.7185    71448    0.02%
  12858  3893   203852.1464   103   203845.0000   203891.5842    72018    0.02%
  13002  3935   203869.3644   112   203845.0000   203891.3472    72569    0.02%
  13107  3939   203858.5937   128   203845.0000   203891.0807    73075    0.02%
  13243  3968   203867.0429   131   203845.0000   203890.6395    73659    0.02%
  13346  3968   203871.9220    89   203845.0000   203890.4633    74042    0.02%
Elapsed time = 856.32 sec. (484779.79 ticks, tree = 26.82 MB, solutions = 1)
  13451  3975   203861.0747   125   203845.0000   203890.0324    74487    0.02%
  13600  4018   203862.7160    87   203845.0000   203890.0164    74916    0.02%
  13740  4068   203880.4006   112   203845.0000   203889.8268    75301    0.02%
  13850  4086   203855.5477   127   203845.0000   203889.5626    75900    0.02%
  13997  4135   203865.3174    93   203845.0000   203889.3930    76386    0.02%
  14136  4190   203877.9399    89   203845.0000   203889.1874    76758    0.02%
  14282  4231   203845.2293    79   203845.0000   203889.0907    77153    0.02%
  14430  4271   203852.7546    63   203845.0000   203889.0632    77605    0.02%
  14560  4309   203865.8264   100   203845.0000   203888.9324    78089    0.02%
  14705  4353        cutoff         203845.0000   203888.9318    78475    0.02%
Elapsed time = 919.93 sec. (523053.16 ticks, tree = 28.69 MB, solutions = 1)
  14857  4413   203879.9074    91   203845.0000   203888.9169    78845    0.02%
  14999  4464   203887.0115   100   203845.0000   203888.9067    79200    0.02%
  15144  4523   203885.9203   111   203845.0000   203888.8179    79605    0.02%
  15305  4605   203876.1987    92   203845.0000   203888.7730    80062    0.02%
  15465  4667   203884.9947    97   203845.0000   203888.7099    80524    0.02%
  15627  4727   203857.2220    72   203845.0000   203888.7096    80930    0.02%
  15763  4764   203885.3310   108   203845.0000   203888.6968    81317    0.02%
  15927  4834   203885.5281   107   203845.0000   203888.6763    81793    0.02%
  16092  4900   203870.9324    87   203845.0000   203888.5462    82235    0.02%
  16247  4948   203879.3946    89   203845.0000   203888.3446    82658    0.02%
Elapsed time = 982.49 sec. (561336.51 ticks, tree = 31.87 MB, solutions = 1)
  16403  5001   203861.5753   101   203845.0000   203888.2700    83227    0.02%
  16573  5059   203866.0237   113   203845.0000   203888.2459    83679    0.02%
  16712  5102   203866.5242   117   203845.0000   203888.1009    84090    0.02%
  16866  5168   203852.2221    44   203845.0000   203888.0921    84500    0.02%
  17008  5212   203884.5186   105   203845.0000   203887.9905    84940    0.02%
  17124  5256   203887.7883   108   203845.0000   203887.9418    85260    0.02%
  17285  5316   203875.8515    86   203845.0000   203887.9404    85637    0.02%
  17437  5370   203857.8911    67   203845.0000   203887.9401    85956    0.02%
  17596  5432   203887.9211   112   203845.0000   203887.9256    86287    0.02%
  17747  5497        cutoff         203845.0000   203887.8106    86731    0.02%
Elapsed time = 1045.12 sec. (599673.89 ticks, tree = 34.68 MB, solutions = 1)
  17903  5554   203866.3338    95   203845.0000   203887.6941    87241    0.02%
  18041  5597        cutoff         203845.0000   203887.6201    87693    0.02%
  18201  5733   203865.7543    71   203845.0000   203887.5660    88064    0.02%
  18368  5871   203864.8152    89   203845.0000   203887.3864    88552    0.02%
  18500  5958   203861.1084   102   203845.0000   203887.1751    89068    0.02%
  18666  6095   203858.9494    73   203845.0000   203887.0685    89555    0.02%
  18829  6233   203885.5991   114   203845.0000   203887.0174    89992    0.02%
  18970  6349   203876.5282    98   203845.0000   203887.0031    90484    0.02%
  19101  6456   203883.1267   117   203845.0000   203886.9838    90803    0.02%
  19235  6557   203882.6071   108   203845.0000   203886.9022    91095    0.02%
Elapsed time = 1106.69 sec. (637973.94 ticks, tree = 41.20 MB, solutions = 1)
  19396  6684   203863.7474    95   203845.0000   203886.6498    91664    0.02%
  19539  6793   203871.9556   128   203845.0000   203886.5063    92286    0.02%
  19698  6919   203846.5287    67   203845.0000   203886.4513    92824    0.02%
  19860  7058   203851.4271    80   203845.0000   203886.4230    93346    0.02%
  20016  7181   203850.2873    74   203845.0000   203886.3322    93930    0.02%
  20155  7276   203884.9756   110   203845.0000   203886.2459    94430    0.02%
  20320  7418   203875.7185   110   203845.0000   203886.1806    94866    0.02%
  20473  7517   203868.8880    89   203845.0000   203886.0281    95433    0.02%
  20635  7640   203847.9191    60   203845.0000   203886.0280    95817    0.02%
  20794  7763   203882.0487    87   203845.0000   203886.0101    96269    0.02%
Elapsed time = 1165.84 sec. (676335.24 ticks, tree = 48.74 MB, solutions = 1)
  20946  7896   203879.3792   105   203845.0000   203886.0025    96625    0.02%
  21092  8006   203854.8476   102   203845.0000   203885.9066    97196    0.02%
  21246  8135   203878.5959    89   203845.0000   203885.7591    97682    0.02%
  21391  8246   203862.1551   111   203845.0000   203885.7285    98255    0.02%
  21525  8343   203861.3201    95   203845.0000   203885.6968    98636    0.02%
  21679  8467   203857.8201    91   203845.0000   203885.5884    99042    0.02%
  21829  8562   203877.2854    91   203845.0000   203885.4656    99620    0.02%
  21994  8700   203851.0418   105   203845.0000   203885.4272   100064    0.02%
  22118  8798   203884.5092    89   203845.0000   203885.4100   100453    0.02%
  22294  8947   203885.1919   103   203845.0000   203885.3908   100994    0.02%
Elapsed time = 1224.47 sec. (714610.65 ticks, tree = 56.37 MB, solutions = 1)
  22448  9071   203884.8201   107   203845.0000   203885.3191   101482    0.02%
  22570  9159   203867.1192    92   203845.0000   203885.2747   101844    0.02%
  22734  9285   203865.8617    86   203845.0000   203885.1781   102397    0.02%
  22899  9431        cutoff         203845.0000   203885.1764   102835    0.02%
  23057  9553   203884.9782   105   203845.0000   203885.1309   103417    0.02%
  23228  9701   203882.4853   112   203845.0000   203885.1023   103759    0.02%
  23371  9801   203849.4973    95   203845.0000   203885.0346   104261    0.02%
  23549  9953   203859.1849    72   203845.0000   203884.9410   104676    0.02%
  23691 10061   203884.4984   105   203845.0000   203884.8458   105206    0.02%
  23845 10186   203861.1473   109   203845.0000   203884.7163   105671    0.02%
Elapsed time = 1282.27 sec. (752948.32 ticks, tree = 64.12 MB, solutions = 1)
  24014 10310   203880.4271   109   203845.0000   203884.6212   106234    0.02%
  24185 10450   203872.1462   125   203845.0000   203884.5934   106747    0.02%
  24346 10583   203866.1004    83   203845.0000   203884.5633   107198    0.02%
  24497 10679   203857.1766   121   203845.0000   203884.4168   107972    0.02%
  24678 10819   203850.8117    50   203845.0000   203884.3965   108447    0.02%
  24832 10935   203850.5907    57   203845.0000   203884.2969   108824    0.02%
  24986 11037   203867.9547    77   203845.0000   203884.2453   109533    0.02%
  25066 11088   203877.2601   114   203845.0000   203884.1953   109840    0.02%
  25224 11205   203880.2165   108   203845.0000   203884.1587   110275    0.02%
  25402 11351   203867.5399    92   203845.0000   203884.0965   110800    0.02%
Elapsed time = 1345.69 sec. (791255.27 ticks, tree = 71.41 MB, solutions = 1)
  25581 11494   203882.3145   108   203845.0000   203884.0752   111242    0.02%
  25752 11628   203855.3505    61   203845.0000   203884.0566   111757    0.02%
  25914 11734        cutoff         203845.0000   203883.9727   112321    0.02%
  26087 11861   203859.1929    93   203845.0000   203883.9579   112924    0.02%
  26251 11991   203872.4415    88   203845.0000   203883.8809   113547    0.02%
  26429 12133   203848.0105    72   203845.0000   203883.8632   114163    0.02%
  26586 12248   203870.0497    92   203845.0000   203883.7737   114714    0.02%
  26771 12386   203865.5608   117   203845.0000   203883.6774   115227    0.02%
  26930 12490   203850.6183   113   203845.0000   203883.6505   115787    0.02%
  27097 12609   203855.6656    93   203845.0000   203883.5515   116355    0.02%
Elapsed time = 1408.32 sec. (829505.16 ticks, tree = 79.28 MB, solutions = 1)
  27255 12712   203860.6312    89   203845.0000   203883.4649   116870    0.02%
  27413 12822   203845.9869    44   203845.0000   203883.4138   117362    0.02%
  27552 12901   203880.2556    99   203845.0000   203883.3012   117938    0.02%
  27722 13029   203879.0704   115   203845.0000   203883.2717   118432    0.02%
  27891 13160   203848.7826    97   203845.0000   203883.2236   118938    0.02%
  28041 13263   203859.1621   100   203845.0000   203883.1934   119450    0.02%
  28194 13364   203854.7031   119   203845.0000   203883.1133   119920    0.02%
  28378 13507   203880.3302   106   203845.0000   203883.0610   120420    0.02%
  28549 13643   203861.8103    77   203845.0000   203883.0104   120910    0.02%
  28692 13725   203862.3921   114   203845.0000   203882.9159   121484    0.02%
Elapsed time = 1469.18 sec. (867789.50 ticks, tree = 86.26 MB, solutions = 1)
  28846 13824   203877.4759   104   203845.0000   203882.8448   122005    0.02%
  29002 13929   203876.1693    97   203845.0000   203882.8062   122391    0.02%
  29121 14022   203874.1824    94   203845.0000   203882.7892   122652    0.02%
  29271 14117   203882.3277   105   203845.0000   203882.6886   123319    0.02%
  29420 14220   203849.0856    83   203845.0000   203882.5696   123923    0.02%
  29556 14288   203857.6780   102   203845.0000   203882.5251   124565    0.02%
  29704 14390   203845.2385    50   203845.0000   203882.4967   125002    0.02%
  29862 14521   203862.4057    65   203845.0000   203882.4880   125485    0.02%
  30037 14659   203882.4675   103   203845.0000   203882.4577   125985    0.02%
  30177 14733   203854.6285   103   203845.0000   203882.3704   126581    0.02%
Elapsed time = 1528.02 sec. (906156.38 ticks, tree = 92.56 MB, solutions = 1)
  30317 14803   203878.8336    94   203845.0000   203882.3056   127238    0.02%
  30476 14914   203867.5162    63   203845.0000   203882.2920   127852    0.02%
  30670 15073   203860.3802    76   203845.0000   203882.2795   128369    0.02%
  30836 15181   203859.5362   102   203845.0000   203882.2299   128945    0.02%
  30984 15265   203855.1772    87   203845.0000   203882.1934   129577    0.02%
  31152 15373   203881.2162   110   203845.0000   203882.1277   130258    0.02%
  31331 15507   203861.0402    75   203845.0000   203882.1159   130748    0.02%
  31496 15606   203860.5455    85   203845.0000   203882.0820   131397    0.02%
  31655 15713   203875.9572   111   203845.0000   203882.0526   131812    0.02%
  31803 15811        cutoff         203845.0000   203881.9974   132400    0.02%
Elapsed time = 1584.11 sec. (944485.11 ticks, tree = 99.32 MB, solutions = 1)
  31953 15888   203880.0475   110   203845.0000   203881.9701   133127    0.02%
  32061 15966   203868.4876    70   203845.0000   203881.9232   133628    0.02%
  32219 16075   203847.2509   114   203845.0000   203881.8872   134204    0.02%
  32364 16133   203852.2503   116   203845.0000   203881.8681   134929    0.02%
  32532 16242   203869.0373    70   203845.0000   203881.8361   135509    0.02%
  32691 16358   203880.1541    99   203845.0000   203881.8204   136126    0.02%
  32861 16503   203874.8989    86   203845.0000   203881.8186   136705    0.02%
  33052 16654   203847.9728   113   203845.0000   203881.8067   137182    0.02%
  33219 16778   203873.9934   106   203845.0000   203881.7101   137834    0.02%
  33399 16887   203873.1432   103   203845.0000   203881.6602   138504    0.02%
Elapsed time = 1644.32 sec. (982945.75 ticks, tree = 106.51 MB, solutions = 1)
  33569 17018   203881.1201   101   203845.0000   203881.6547   139072    0.02%
  33769 17190   203860.6113    52   203845.0000   203881.6519   139508    0.02%
  33934 17297   203849.8371   107   203845.0000   203881.6111   140197    0.02%
  34086 17418   203879.5338   114   203845.0000   203881.5718   140641    0.02%
  34266 17566   203860.1647    72   203845.0000   203881.5465   141253    0.02%
  34420 17682   203854.6059    69   203845.0000   203881.5416   141646    0.02%
  34546 17752   203876.8739   106   203845.0000   203881.5185   142241    0.02%
  34704 17860        cutoff         203845.0000   203881.4973   142789    0.02%
  34846 17961   203874.1941    98   203845.0000   203881.4522   143359    0.02%
  34973 18021   203876.3264   108   203845.0000   203881.4182   143876    0.02%
Elapsed time = 1698.38 sec. (1021259.93 ticks, tree = 113.62 MB, solutions = 1)
  35128 18122   203846.6816    76   203845.0000   203881.3990   144352    0.02%
  35289 18224   203847.8355    63   203845.0000   203881.3352   145004    0.02%
  35457 18350   203877.2752    89   203845.0000   203881.2544   145457    0.02%
  35628 18477   203863.5317    80   203845.0000   203881.2400   146001    0.02%
  35784 18587   203874.0586   107   203845.0000   203881.2180   146432    0.02%
  35960 18706   203871.4132   110   203845.0000   203881.2004   147026    0.02%
  36129 18832   203880.6523   113   203845.0000   203881.1678   147626    0.02%
  36304 18972   203873.9211    81   203845.0000   203881.1643   148158    0.02%
  36481 19124   203872.5659    74   203845.0000   203881.1207   148613    0.02%
  36658 19264   203874.8976    85   203845.0000   203881.1171   149075    0.02%
Elapsed time = 1754.12 sec. (1059502.84 ticks, tree = 121.40 MB, solutions = 1)
  36854 19419   203851.4008    46   203845.0000   203881.0952   149575    0.02%
  36968 19470   203862.6623   132   203845.0000   203881.0779   150156    0.02%
  37108 19544   203865.7949    92   203845.0000   203881.0597   150885    0.02%
  37280 19684   203851.0428   107   203845.0000   203881.0261   151288    0.02%
  37441 19810   203875.6694    81   203845.0000   203881.0136   151871    0.02%
  37606 19952   203850.0289    53   203845.0000   203881.0109   152213    0.02%
  37757 20060   203864.0609    79   203845.0000   203880.9679   152717    0.02%
  37913 20161   203853.2548   102   203845.0000   203880.9405   153222    0.02%
  38061 20276   203866.6523    78   203845.0000   203880.9093   153720    0.02%
  38224 20394   203868.1811    86   203845.0000   203880.8786   154358    0.02%
Elapsed time = 1818.23 sec. (1098092.64 ticks, tree = 128.47 MB, solutions = 1)
  38406 20539   203869.1488    80   203845.0000   203880.8440   154942    0.02%
  38588 20697   203869.5097    82   203845.0000   203880.8388   155381    0.02%
  38763 20811   203870.7240    75   203845.0000   203880.8065   156052    0.02%
  38958 20972   203869.7069    75   203845.0000   203880.7941   156519    0.02%
  39083 21060   203874.4813    75   203845.0000   203880.7873   156984    0.02%
  39253 21168   203880.7429    83   203845.0000   203880.7429   157562    0.02%
  39420 21291   203877.4082   105   203845.0000   203880.7291   158274    0.02%
  39592 21413   203853.4936    89   203845.0000   203880.7030   158870    0.02%
  39758 21517   203876.6852    94   203845.0000   203880.6700   159640    0.02%
  39901 21602   203856.2437   111   203845.0000   203880.6486   160043    0.02%
Elapsed time = 1884.42 sec. (1136342.50 ticks, tree = 136.04 MB, solutions = 1)
  40076 21726   203872.8387   111   203845.0000   203880.5834   160543    0.02%
  40258 21867   203872.3716    98   203845.0000   203880.5679   161080    0.02%
  40451 22007   203878.2404    97   203845.0000   203880.5465   161571    0.02%
  40621 22104   203879.7586    98   203845.0000   203880.5052   162397    0.02%
  40790 22214   203880.1098   101   203845.0000   203880.4695   163094    0.02%
  40966 22360   203872.6196   106   203845.0000   203880.4444   163607    0.02%
  41077 22461   203875.3192    91   203845.0000   203880.4398   163876    0.02%
  41266 22610   203853.4963    87   203845.0000   203880.4335   164352    0.02%
  41414 22700   203874.7768    75   203845.0000   203880.4108   165008    0.02%
  41598 22848   203851.9193    71   203845.0000   203880.4088   165595    0.02%
Elapsed time = 1948.51 sec. (1174647.78 ticks, tree = 143.85 MB, solutions = 1)
  41723 22917   203865.2430   107   203845.0000   203880.3538   166212    0.02%
  41874 23024        cutoff         203845.0000   203880.3262   166957    0.02%
  42051 23172   203867.2942    85   203845.0000   203880.3087   167615    0.02%
  42228 23320   203859.2510    89   203845.0000   203880.3003   168169    0.02%
  42414 23467   203856.2070    73   203845.0000   203880.2982   168734    0.02%
  42569 23580   203872.5763    75   203845.0000   203880.2718   169380    0.02%
  42763 23714   203877.9363   102   203845.0000   203880.2472   170041    0.02%
  42949 23871   203877.4685    85   203845.0000   203880.2412   170567    0.02%
  43132 24008   203855.5352   102   203845.0000   203880.2168   171171    0.02%
  43292 24098        cutoff         203845.0000   203880.1733   171845    0.02%
Elapsed time = 2010.28 sec. (1212894.29 ticks, tree = 151.68 MB, solutions = 1)
  43461 24237   203875.9236   106   203845.0000   203880.1454   172355    0.02%
  43639 24366   203845.5508    77   203845.0000   203880.1282   172952    0.02%
  43814 24497   203852.5741   107   203845.0000   203880.1008   173474    0.02%
  43976 24607   203870.5765    82   203845.0000   203880.0765   174071    0.02%
  44149 24742   203879.8770   105   203845.0000   203880.0436   174593    0.02%
  44319 24874   203873.8654   105   203845.0000   203880.0390   175144    0.02%
  44476 24964   203856.2919    69   203845.0000   203880.0035   175771    0.02%
  44657 25102   203869.5082    83   203845.0000   203879.9940   176281    0.02%
  44853 25270   203866.6776    77   203845.0000   203879.9833   176735    0.02%
  45009 25369   203879.9433   104   203845.0000   203879.9433   177358    0.02%
Elapsed time = 2071.97 sec. (1251239.76 ticks, tree = 159.63 MB, solutions = 1)
  45160 25477   203879.8988    98   203845.0000   203879.9042   178016    0.02%
  45307 25559   203852.2315    69   203845.0000   203879.8468   178940    0.02%
  45450 25638   203851.4032   115   203845.0000   203879.8215   179543    0.02%
  45584 25710   203875.6829   102   203845.0000   203879.7861   180224    0.02%
  45756 25848   203855.9843    56   203845.0000   203879.7856   180654    0.02%
  45930 25984   203861.5024    75   203845.0000   203879.7666   181144    0.02%
  46061 26078   203868.7658    83   203845.0000   203879.7539   181558    0.02%
  46237 26214   203879.1857   105   203845.0000   203879.7182   182105    0.02%
  46427 26357   203864.4725    59   203845.0000   203879.7115   182626    0.02%
  46573 26466   203852.1499   114   203845.0000   203879.6916   183294    0.02%
Elapsed time = 2133.96 sec. (1289602.29 ticks, tree = 166.51 MB, solutions = 1)
  46712 26531   203863.3194    94   203845.0000   203879.6594   183987    0.02%
  46879 26662   203858.1306    76   203845.0000   203879.6412   184467    0.02%
  47042 26785   203849.7602    79   203845.0000   203879.5989   185106    0.02%
  47200 26904   203869.8167    99   203845.0000   203879.5886   185658    0.02%
  47383 27048   203877.3396   121   203845.0000   203879.5699   186250    0.02%
  47531 27139   203878.2163   105   203845.0000   203879.5154   186897    0.02%
  47685 27255   203868.9470    84   203845.0000   203879.4989   187359    0.02%
  47887 27424   203855.2568    47   203845.0000   203879.4948   187808    0.02%
  48050 27547   203871.9094    92   203845.0000   203879.4898   188307    0.02%
  48229 27698   203871.8643    90   203845.0000   203879.4876   188758    0.02%
Elapsed time = 2194.12 sec. (1327894.88 ticks, tree = 174.21 MB, solutions = 1)
  48401 27837   203860.9533    96   203845.0000   203879.4734   189331    0.02%
  48563 27961   203863.4825    89   203845.0000   203879.4581   189883    0.02%
  48731 28090   203874.9316    97   203845.0000   203879.4482   190472    0.02%
  48921 28250   203852.9597    59   203845.0000   203879.4437   190938    0.02%
  49061 28361   203853.1975    78   203845.0000   203879.4393   191483    0.02%
  49251 28525   203863.3855    73   203845.0000   203879.4344   191952    0.02%
  49414 28604   203868.2199    87   203845.0000   203879.4024   192949    0.02%
  49576 28705   203874.9592    92   203845.0000   203879.3779   193673    0.02%
  49753 28824   203859.2476    53   203845.0000   203879.3419   194320    0.02%
  49937 28965   203861.6122    83   203845.0000   203879.3320   194777    0.02%
Elapsed time = 2255.94 sec. (1366548.77 ticks, tree = 182.15 MB, solutions = 1)
  50118 29105   203871.3058    85   203845.0000   203879.3292   195247    0.02%
  50304 29220        cutoff         203845.0000   203879.2915   195977    0.02%
  50488 29362   203874.7690   101   203845.0000   203879.2851   196542    0.02%
  50672 29501   203870.2778    77   203845.0000   203879.2824   197106    0.02%
  50840 29603   203879.2666    99   203845.0000   203879.2571   197706    0.02%
  51011 29731   203852.0471    54   203845.0000   203879.2388   198325    0.02%
  51174 29852   203873.8541    95   203845.0000   203879.2204   198946    0.02%
  51342 29986   203861.9888    71   203845.0000   203879.2064   199440    0.02%
  51536 30133   203859.3577    59   203845.0000   203879.1795   200083    0.02%
  51701 30236   203874.0234    77   203845.0000   203879.1267   200791    0.02%
Elapsed time = 2314.70 sec. (1404803.92 ticks, tree = 190.11 MB, solutions = 1)
  51871 30338   203864.9730    74   203845.0000   203879.1087   201477    0.02%
  52028 30431   203847.8838    81   203845.0000   203879.0841   202114    0.02%
  52132 30497   203869.6979    88   203845.0000   203879.0552   202451    0.02%
  52323 30634        cutoff         203845.0000   203879.0334   202987    0.02%
  52475 30731   203878.5371   112   203845.0000   203878.9987   203529    0.02%
  52660 30885   203863.0115    78   203845.0000   203878.9822   204034    0.02%
  52792 30960   203866.4861    66   203845.0000   203878.9563   204626    0.02%
  52948 31072   203874.4254    94   203845.0000   203878.9453   205199    0.02%
  53115 31207   203858.6108    66   203845.0000   203878.9361   205703    0.02%
  53310 31370   203849.5307    55   203845.0000   203878.9323   206157    0.02%
Elapsed time = 2373.22 sec. (1443046.62 ticks, tree = 197.21 MB, solutions = 1)
  53482 31516   203848.9074    84   203845.0000   203878.9183   206689    0.02%
  53660 31651   203866.7863   115   203845.0000   203878.9042   207306    0.02%
  53821 31731   203865.7300    78   203845.0000   203878.8698   208082    0.02%
  53979 31836   203854.9812    81   203845.0000   203878.8549   208685    0.02%
  54159 31955   203839.8773    96   203845.0000   203878.8173   209422    0.02%
  54338 32109   203866.0861    89   203845.0000   203878.8015   210087    0.02%
  54480 32194   203872.2323   102   203845.0000   203878.7775   210998    0.02%
  54665 32309   203846.7950   108   203845.0000   203878.7429   212127    0.02%
  54822 32392   203847.9037    89   203845.0000   203878.7276   213078    0.02%
  55009 32523   203855.3642    63   203845.0000   203878.7030   213941    0.02%
Elapsed time = 2435.81 sec. (1481508.81 ticks, tree = 204.43 MB, solutions = 1)
  55172 32620   203846.5798   118   203845.0000   203878.6657   214903    0.02%
  55339 32728   203859.5742    87   203845.0000   203878.6376   215745    0.02%
  55533 32903   203876.3760    97   203845.0000   203878.6228   216296    0.02%
  55716 33065   203865.5404    92   203845.0000   203878.6078   216819    0.02%
  55879 33200   203857.8039    94   203845.0000   203878.6011   217674    0.02%
  56057 33317   203871.5628    88   203845.0000   203878.5772   218617    0.02%
  56168 33371   203860.0082    90   203845.0000   203878.5606   219423    0.02%
  56348 33497   203857.0314    77   203845.0000   203878.5436   220341    0.02%
  56506 33587   203871.2310   106   203845.0000   203878.5040   221367    0.02%
  56681 33715   203856.3294    95   203845.0000   203878.4832   222137    0.02%
Elapsed time = 2503.00 sec. (1519870.72 ticks, tree = 212.84 MB, solutions = 1)
  56830 33824   203866.2639   102   203845.0000   203878.4773   222768    0.02%
  57021 33996   203861.2504    81   203845.0000   203878.4695   223314    0.02%
  57169 34098   203863.2495    71   203845.0000   203878.4444   224138    0.02%
  57342 34243   203857.3096    79   203845.0000   203878.4351   224834    0.02%
  57506 34376   203850.8817    61   203845.0000   203878.4252   225574    0.02%
  57668 34511   203866.9769    80   203845.0000   203878.4166   226212    0.02%
  57834 34630   203853.4489   102   203845.0000   203878.4039   226991    0.02%
  58005 34738        cutoff         203845.0000   203878.3536   227969    0.02%
  58125 34816   203873.0319    98   203845.0000   203878.3292   228518    0.02%
  58274 34887   203865.6113    76   203845.0000   203878.2954   229290    0.02%
Elapsed time = 2567.26 sec. (1558105.63 ticks, tree = 220.18 MB, solutions = 1)
  58466 35057   203855.1417    82   203845.0000   203878.2817   229901    0.02%
  58636 35158   203848.8671    75   203845.0000   203878.2574   230880    0.02%
  58803 35255   203866.6432    72   203845.0000   203878.2200   231920    0.02%
  58950 35353   203859.4513   102   203845.0000   203878.1843   232741    0.02%
  59124 35473   203856.8627    73   203845.0000   203878.1590   233509    0.02%
  59274 35588   203863.7874    90   203845.0000   203878.1580   234032    0.02%
  59451 35723   203869.5943    72   203845.0000   203878.1274   234794    0.02%
  59621 35827   203871.2677   103   203845.0000   203878.0953   235782    0.02%
  59783 35949   203853.0653    97   203845.0000   203878.0803   236381    0.02%
  59952 36053        cutoff         203845.0000   203878.0523   237211    0.02%
Elapsed time = 2623.62 sec. (1596372.17 ticks, tree = 227.49 MB, solutions = 1)
  60130 36200   203867.7745    98   203845.0000   203878.0355   237884    0.02%
  60312 36345   203865.9963    69   203845.0000   203878.0259   238601    0.02%
  60468 36441   203852.8611    70   203845.0000   203877.9950   239553    0.02%
  60646 36561   203870.7693    92   203845.0000   203877.9563   240339    0.02%
  60823 36660   203856.6890   120   203845.0000   203877.9257   241565    0.02%
  60990 36772   203860.6320    77   203845.0000   203877.9203   242417    0.02%
  61168 36913   203864.1392    72   203845.0000   203877.9121   243040    0.02%
  61325 37011   203847.6447    67   203845.0000   203877.8971   243936    0.02%
  61504 37140   203848.4632    94   203845.0000   203877.8660   244824    0.02%
  61675 37233   203864.6004    78   203845.0000   203877.8085   245899    0.02%
Elapsed time = 2678.58 sec. (1634621.07 ticks, tree = 234.88 MB, solutions = 1)
  61857 37348   203867.9323    74   203845.0000   203877.7808   246998    0.02%
  62022 37430   203869.4717    70   203845.0000   203877.7551   248164    0.02%
  62150 37528        cutoff         203845.0000   203877.7429   248688    0.02%
  62322 37619        cutoff         203845.0000   203877.7272   249795    0.02%
  62484 37716   203854.9506   104   203845.0000   203877.7047   251048    0.02%
  62671 37821   203856.3075   116   203845.0000   203877.6674   251944    0.02%
  62842 37912        cutoff         203845.0000   203877.6310   253010    0.02%
  63011 38058   203860.6290    98   203845.0000   203877.6228   253583    0.02%
  63100 38100   203871.7586    87   203845.0000   203877.6053   254242    0.02%
  63273 38249   203854.9154    89   203845.0000   203877.5982   254838    0.02%
Elapsed time = 2738.12 sec. (1672853.13 ticks, tree = 241.25 MB, solutions = 1)
  63455 38384   203869.9673    88   203845.0000   203877.5772   255609    0.02%
  63642 38525        cutoff         203845.0000   203877.5600   256324    0.02%
  63814 38645   203871.6543   105   203845.0000   203877.5115   257304    0.02%
  63995 38783   203858.0377    94   203845.0000   203877.4853   257930    0.02%
  64171 38895   203873.4293    81   203845.0000   203877.4573   258796    0.02%
  64353 39048   203868.8531    72   203845.0000   203877.4496   259333    0.02%
  64536 39190   203865.2629    74   203845.0000   203877.4445   260105    0.02%
  64700 39316   203852.7338    62   203845.0000   203877.4388   260965    0.02%
  64847 39335   203859.1835   110   203845.0000   203877.3972   262308    0.02%
  65014 39442   203852.9974   129   203845.0000   203877.3565   263271    0.02%
Elapsed time = 2796.61 sec. (1711110.29 ticks, tree = 248.74 MB, solutions = 1)
  65173 39541   203858.8940    87   203845.0000   203877.3181   264124    0.02%
  65339 39663   203864.4116    74   203845.0000   203877.2989   264958    0.02%
  65514 39801   203850.5075    92   203845.0000   203877.2769   265780    0.02%
  65682 39914   203865.7147    67   203845.0000   203877.2546   266546    0.02%
  65851 40030   203851.6313    84   203845.0000   203877.2359   267503    0.02%
  66023 40164   203846.3806    65   203845.0000   203877.2307   268292    0.02%
  66171 40254   203865.3965   100   203845.0000   203877.1983   269271    0.02%
  66325 40333   203845.0827    96   203845.0000   203877.1676   270266    0.02%
  66493 40466   203864.0733    94   203845.0000   203877.1381   271040    0.02%
  66678 40618   203851.9803    58   203845.0000   203877.1290   271668    0.02%
Elapsed time = 2854.71 sec. (1749364.99 ticks, tree = 256.10 MB, solutions = 1)
  66841 40730   203869.2656    75   203845.0000   203877.1189   272357    0.02%
  67020 40847   203874.6568   113   203845.0000   203877.1046   273243    0.02%
  67159 40904   203875.0431   136   203845.0000   203877.0739   274247    0.02%
  67324 41019   203863.3952    63   203845.0000   203877.0594   275202    0.02%
  67493 41145   203871.2801    76   203845.0000   203877.0480   276012    0.02%
  67663 41259   203847.1464    65   203845.0000   203877.0245   276702    0.02%
  67830 41365   203861.6900    87   203845.0000   203876.9987   277335    0.02%
  68007 41486   203857.6863    71   203845.0000   203876.9823   278293    0.02%
  68107 41564   203862.3282    71   203845.0000   203876.9774   278676    0.02%
  68267 41669   203845.8329   119   203845.0000   203876.9530   279487    0.02%
Elapsed time = 2911.31 sec. (1787642.30 ticks, tree = 262.69 MB, solutions = 1)
  68439 41782   203854.5595   105   203845.0000   203876.9422   280343    0.02%
  68592 41874   203851.5794   114   203845.0000   203876.9240   281245    0.02%
  68786 41963   203862.6740    72   203845.0000   203876.8790   282628    0.02%
  68964 42074   203870.3249   113   203845.0000   203876.8396   283622    0.02%
  69137 42184   203871.8767   106   203845.0000   203876.8185   284452    0.02%
  69308 42312   203868.3441    67   203845.0000   203876.7941   285266    0.02%
  69476 42378   203869.9012    92   203845.0000   203876.7381   286534    0.02%
  69659 42523   203862.0399    69   203845.0000   203876.7248   287138    0.02%
  69824 42580   203872.0308    96   203845.0000   203876.6888   288266    0.02%
  70000 42729   203869.2564    56   203845.0000   203876.6712   288978    0.02%
Elapsed time = 2968.62 sec. (1825935.44 ticks, tree = 269.33 MB, solutions = 1)
  70164 42848   203860.8858    92   203845.0000   203876.6482   289666    0.02%
  70358 43003   203870.7453    90   203845.0000   203876.6363   290409    0.02%
  70534 43136   203872.7562   103   203845.0000   203876.6141   291035    0.02%
  70704 43264   203847.0474    96   203845.0000   203876.6000   291756    0.02%
  70891 43411        cutoff         203845.0000   203876.5790   292460    0.02%
  71059 43467   203856.1256   109   203845.0000   203876.5230   294012    0.02%
  71142 43519   203875.8406    99   203845.0000   203876.5109   294427    0.02%
  71314 43660   203875.8308   104   203845.0000   203876.4968   295058    0.02%
  71511 43832   203854.3573    69   203845.0000   203876.4919   295703    0.02%
  71678 43956   203857.0291    97   203845.0000   203876.4866   296370    0.02%
Elapsed time = 3025.21 sec. (1864199.74 ticks, tree = 277.02 MB, solutions = 1)
  71797 43990   203875.3894   120   203845.0000   203876.4612   297202    0.02%
  71975 44138   203865.0028    61   203845.0000   203876.4541   297833    0.02%
  72146 44276        cutoff         203845.0000   203876.4513   298470    0.02%
  72318 44387   203861.6918    81   203845.0000   203876.4392   299475    0.02%
  72494 44530   203862.1792    65   203845.0000   203876.4290   300028    0.02%
  72641 44639   203850.1177    70   203845.0000   203876.4147   300663    0.02%
  72802 44757   203853.8372    92   203845.0000   203876.4046   301522    0.02%
  72948 44861   203850.9227    65   203845.0000   203876.3895   302294    0.02%
  73086 44947   203867.6588    74   203845.0000   203876.3718   302993    0.02%
  73253 45082   203846.6244    74   203845.0000   203876.3659   303629    0.02%
Elapsed time = 3082.47 sec. (1902479.66 ticks, tree = 284.08 MB, solutions = 1)
  73419 45201   203859.0967   103   203845.0000   203876.3347   304213    0.02%
  73546 45242   203865.9386    92   203845.0000   203876.2915   304936    0.02%
  73685 45352   203859.9089    78   203845.0000   203876.2908   305478    0.02%
  73873 45504   203851.6643    56   203845.0000   203876.2833   306092    0.02%
  74054 45638   203876.2621    94   203845.0000   203876.2613   306798    0.02%
  74225 45759   203845.2954    73   203845.0000   203876.2517   307708    0.02%
  74406 45897   203856.9539   104   203845.0000   203876.2444   308531    0.02%
  74573 45996   203870.4655    99   203845.0000   203876.2150   309582    0.02%
  74749 46131   203867.8924   102   203845.0000   203876.1912   310338    0.02%
  74928 46273   203847.5983    97   203845.0000   203876.1698   311090    0.02%
Elapsed time = 3139.79 sec. (1940793.70 ticks, tree = 291.55 MB, solutions = 1)
  75093 46390   203859.2478    98   203845.0000   203876.1410   311754    0.02%
  75261 46523   203859.1332   114   203845.0000   203876.1323   312350    0.02%
  75448 46663   203856.7581    71   203845.0000   203876.1154   313078    0.02%
  75638 46827   203854.4794    68   203845.0000   203876.1126   313724    0.02%
  75778 46918   203873.2373   101   203845.0000   203876.0904   314608    0.02%
  75953 47066   203876.0851   105   203845.0000   203876.0865   315156    0.02%
  76062 47144   203856.4426    81   203845.0000   203876.0855   315777    0.02%
  76240 47271   203851.3457    67   203845.0000   203876.0729   316452    0.02%
  76398 47350   203861.3876    74   203845.0000   203876.0374   317284    0.02%
  76569 47471   203866.3208    67   203845.0000   203876.0121   318106    0.02%
Elapsed time = 3194.03 sec. (1979158.18 ticks, tree = 299.05 MB, solutions = 1)
  76755 47618   203863.6003    80   203845.0000   203875.9984   318792    0.02%
  76941 47782   203865.9461    65   203845.0000   203875.9952   319311    0.02%
  77124 47930   203850.2782    61   203845.0000   203875.9872   319924    0.02%
  77291 48051   203853.3745    53   203845.0000   203875.9845   320744    0.02%
  77451 48142   203875.9495   109   203845.0000   203875.9589   321664    0.02%
  77635 48293   203857.7081    78   203845.0000   203875.9531   322278    0.02%
  77811 48429   203867.4165    67   203845.0000   203875.9421   322906    0.02%
  77981 48546   203853.5440    62   203845.0000   203875.9215   323689    0.02%
  78148 48659   203857.9019    67   203845.0000   203875.9057   324451    0.02%
  78261 48745   203857.3831    59   203845.0000   203875.8875   324878    0.02%
Elapsed time = 3247.01 sec. (2018253.49 ticks, tree = 307.04 MB, solutions = 1)
  78361 48816   203870.0337    87   203845.0000   203875.8690   325410    0.02%
  78461 48893   203868.0156    67   203845.0000   203875.8660   325886    0.02%
  78561 48960   203858.6672    79   203845.0000   203875.8549   326425    0.02%
  78661 48985   203873.3500   103   203845.0000   203875.8358   327150    0.02%
  78761 49063   203845.1228    95   203845.0000   203875.8287   327477    0.02%
  78861 49129   203851.6729    76   203845.0000   203875.8048   327951    0.02%
  78961 49209   203855.1418    45   203845.0000   203875.8017   328303    0.02%
  79061 49270   203850.6570    63   203845.0000   203875.7883   328840    0.02%
  79161 49330   203874.4659    94   203845.0000   203875.7604   329361    0.02%
  79328 49396   203846.6706    53   203845.0000   203875.7178   330608    0.02%
Elapsed time = 3341.27 sec. (2088276.73 ticks, tree = 311.12 MB, solutions = 1)
  79461 49498   203860.7312    71   203845.0000   203875.7106   331119    0.02%
  79658 49657   203847.9284    49   203845.0000   203875.7042   331849    0.02%
  79824 49793   203863.5490    62   203845.0000   203875.6947   332530    0.02%
  79994 49884   203861.2276    86   203845.0000   203875.6768   333520    0.02%
  80177 50026        cutoff         203845.0000   203875.6708   334126    0.02%
  80358 50169   203872.2856    85   203845.0000   203875.6561   334793    0.02%
  80533 50297   203852.9684    89   203845.0000   203875.6391   335628    0.02%
  80725 50455   203871.6342    97   203845.0000   203875.6254   336288    0.02%
  80906 50585   203870.3070    99   203845.0000   203875.6031   337110    0.02%
  81082 50719   203855.0776    86   203845.0000   203875.5806   337913    0.02%
Elapsed time = 3392.40 sec. (2127790.53 ticks, tree = 319.41 MB, solutions = 1)
  81239 50815   203873.0026    71   203845.0000   203875.5643   338813    0.01%
  81428 50942        cutoff         203845.0000   203875.5308   339619    0.01%
  81627 51118   203855.9332    66   203845.0000   203875.5236   340161    0.01%
  81804 51256   203866.0583    99   203845.0000   203875.5090   340896    0.01%
  81955 51373   203869.9267    73   203845.0000   203875.5015   341490    0.01%
  82049 51452   203862.2725    68   203845.0000   203875.5006   341757    0.01%
  82241 51622   203864.1504    69   203845.0000   203875.4905   342284    0.01%
  82418 51754        cutoff         203845.0000   203875.4759   342975    0.01%
  82591 51895   203860.4693    50   203845.0000   203875.4677   343579    0.01%
  82720 51958   203858.3348   126   203845.0000   203875.4552   344544    0.01%
Elapsed time = 3441.37 sec. (2166035.40 ticks, tree = 327.18 MB, solutions = 1)
  82875 52053   203866.9962   100   203845.0000   203875.4388   345291    0.01%
  83015 52136   203849.0758    66   203845.0000   203875.4282   346012    0.01%
  83190 52252   203872.6879    95   203845.0000   203875.4123   346748    0.01%
  83350 52372   203855.5366    63   203845.0000   203875.4039   347335    0.01%
  83523 52491   203850.5148    64   203845.0000   203875.3874   347955    0.01%
  83661 52574   203873.1387   110   203845.0000   203875.3724   348469    0.01%
  83839 52716   203868.1196    91   203845.0000   203875.3623   349025    0.01%
  84025 52854   203861.4584    68   203845.0000   203875.3587   349604    0.01%
  84201 52987   203864.4826    74   203845.0000   203875.3292   350186    0.01%
  84379 53127   203851.0860   107   203845.0000   203875.3093   350817    0.01%
Elapsed time = 3493.87 sec. (2206903.51 ticks, tree = 334.50 MB, solutions = 1)
  84570 53254   203861.7394    63   203845.0000   203875.2820   351719    0.01%
  84766 53421   203859.7999    88   203845.0000   203875.2780   352254    0.01%
  84910 53512   203863.4330    70   203845.0000   203875.2747   352790    0.01%
  85097 53662   203869.3207   111   203845.0000   203875.2654   353411    0.01%
  85297 53833   203851.3635    80   203845.0000   203875.2604   354043    0.01%
  85483 53968   203868.1427    87   203845.0000   203875.2502   354811    0.01%
  85658 54106   203869.7127    96   203845.0000   203875.2411   355459    0.01%
  85857 54285   203869.4899    74   203845.0000   203875.2350   355992    0.01%
  86017 54360   203859.3506   122   203845.0000   203875.2140   356938    0.01%
  86093 54397   203868.1211    90   203845.0000   203875.1983   357456    0.01%
Elapsed time = 3543.57 sec. (2245190.94 ticks, tree = 342.46 MB, solutions = 1)
  86280 54556   203848.3384    44   203845.0000   203875.1815   358095    0.01%
  86473 54708   203855.5907    69   203845.0000   203875.1718   358783    0.01%
  86654 54848   203856.0226    87   203845.0000   203875.1669   359454    0.01%
  86827 54981   203852.2690   107   203845.0000   203875.1634   360084    0.01%
  87010 55135   203865.2746    91   203845.0000   203875.1509   360685    0.01%
  87199 55295   203852.1883    81   203845.0000   203875.1441   361322    0.01%
  87359 55420   203852.9281    85   203845.0000   203875.1390   361778    0.01%
  87534 55550   203849.1872   111   203845.0000   203875.1216   362478    0.01%
  87687 55637        cutoff         203845.0000   203875.1126   363204    0.01%
  87861 55780   203865.3540    66   203845.0000   203875.1045   363831    0.01%
Elapsed time = 3595.33 sec. (2285006.67 ticks, tree = 351.13 MB, solutions = 1)

Implied bound cuts applied:  53
Flow cuts applied:  98
Mixed integer rounding cuts applied:  47
Gomory fractional cuts applied:  54

Root node processing (before b&c):
  Real time             =   60.12 sec. (33161.92 ticks)
Sequential b&c:
  Real time             = 3539.88 sec. (2256047.88 ticks)
                          ------------
Total (root+branch&cut) = 3600.01 sec. (2289209.80 ticks)
