1 of 1 MIP starts provided solutions.
MIP start 'm1' defined initial solution with objective 254012.0000.
Tried aggregator 1 time.
MIP Presolve eliminated 0 rows and 1 columns.
Reduced MIP has 112750 rows, 75150 columns, and 11512500 nonzeros.
Reduced MIP has 37500 binaries, 0 generals, 0 SOSs, and 0 indicators.
Presolve time = 6.06 sec. (2824.30 ticks)
Probing time = 0.24 sec. (123.16 ticks)
Tried aggregator 1 time.
Reduced MIP has 112750 rows, 75150 columns, and 11512500 nonzeros.
Reduced MIP has 37500 binaries, 0 generals, 0 SOSs, and 0 indicators.
Presolve time = 7.54 sec. (3326.48 ticks)
Probing time = 0.25 sec. (123.14 ticks)
Clique table members: 250.
MIP emphasis: balance optimality and feasibility.
MIP search method: dynamic search.
Parallel mode: none, using 1 thread.
Root relaxation solution time = 25.66 sec. (14829.11 ticks)

        Nodes                                         Cuts/
   Node  Left     Objective  IInf  Best Integer    Best Bound    ItCnt     Gap

*     0+    0                       254012.0000   2.87647e+07    27875     --- 
      0     0   254506.9386   256   254012.0000   254506.9386    27875    0.19%
      0     0   254437.1619   263   254012.0000     Cuts: 128    29142    0.17%
      0     0   254403.7723   323   254012.0000      Cuts: 75    30306    0.15%
      0     0   254382.8336   341   254012.0000      Cuts: 87    31261    0.15%
      0     0   254369.2707   354   254012.0000      Cuts: 72    32057    0.14%
      0     0   254366.5582   354   254012.0000      Cuts: 24    32244    0.14%
      0     0   254364.7320   360   254012.0000      Cuts: 22    32729    0.14%
Heuristic still looking.
      0     2   254364.7320   360   254012.0000   254363.6919    32729    0.14%
Elapsed time = 279.54 sec. (133884.90 ticks, tree = 0.00 MB, solutions = 1)
      2     4   254357.5075   337   254012.0000   254363.6919    33084    0.14%
      3     5   254352.4131   333   254012.0000   254363.6919    33202    0.14%
      4     6   254350.7462   343   254012.0000   254363.6919    33334    0.14%
      5     7   254346.4189   337   254012.0000   254363.6919    33619    0.14%
      6     8   254345.5314   330   254012.0000   254363.6919    33673    0.14%
      7     9   254337.8095   326   254012.0000   254363.6919    33908    0.14%
      8    10   254333.2757   331   254012.0000   254363.6919    34226    0.14%
      9    11   254330.6197   308   254012.0000   254363.6919    34647    0.14%
     10    12   254321.4985   311   254012.0000   254363.6919    35479    0.14%
     12    14   254325.0177   304   254012.0000   254363.6919    36379    0.14%
Elapsed time = 294.91 sec. (141029.36 ticks, tree = 0.39 MB, solutions = 1)
     15    17   254292.6245   273   254012.0000   254363.6919    36918    0.14%
     17    19   254282.0583   250   254012.0000   254363.6919    37316    0.14%
     23    25   254275.2100   253   254012.0000   254363.6919    37431    0.14%
     28    30   254240.8486   243   254012.0000   254363.6919    37806    0.14%
     33    35   254253.7892   228   254012.0000   254363.6919    38292    0.14%
     38    40   254241.5796   223   254012.0000   254363.6919    38566    0.14%
     43    45   254218.8543   206   254012.0000   254363.6919    39212    0.14%
     48    48   254189.9406   197   254012.0000   254363.6919    39893    0.14%
     52    52   254177.1963   191   254012.0000   254363.6919    40251    0.14%
     58    54        cutoff         254012.0000   254363.6919    40495    0.14%
Elapsed time = 324.92 sec. (152601.94 ticks, tree = 4.57 MB, solutions = 1)
     60    56   254145.6412   201   254012.0000   254363.6919    40526    0.14%
     65    57   254138.7665   199   254012.0000   254363.6919    40602    0.14%
     71    61   254125.2233   199   254012.0000   254363.6919    40774    0.14%
     77    65   254110.5332   186   254012.0000   254363.6919    41096    0.14%
     83    68   254086.9928   190   254012.0000   254363.6919    41800    0.14%
     90    73   254055.2976   189   254012.0000   254363.6919    42062    0.14%
     95    74   254353.6300   366   254012.0000   254360.7635    42683    0.14%
     98    77   254347.6854   345   254012.0000   254360.7635    42928    0.14%
    101    80   254326.1091   337   254012.0000   254360.7635    43963    0.14%
    103    82   254316.6125   326   254012.0000   254360.7635    44424    0.14%
Elapsed time = 350.03 sec. (163996.42 ticks, tree = 5.65 MB, solutions = 1)
    107    86   254284.9177   294   254012.0000   254360.7635    45500    0.14%
    108    87   254280.2517   299   254012.0000   254360.7635    45980    0.14%
    110    89   254273.7622   294   254012.0000   254360.7635    46444    0.14%
    115    94   254253.3187   280   254012.0000   254360.7635    47082    0.14%
    121   100   254188.3427   244   254012.0000   254360.7635    48361    0.14%
    126   105   254182.1390   235   254012.0000   254360.7635    49259    0.14%
    133   112   254169.4219   228   254012.0000   254360.7635    49409    0.14%
    139   118   254158.8305   210   254012.0000   254360.7635    49532    0.14%
    145   121   254109.9889   203   254012.0000   254360.7635    49894    0.14%
    151   127   254085.8080   188   254012.0000   254360.7635    50107    0.14%
Elapsed time = 375.46 sec. (176116.45 ticks, tree = 7.43 MB, solutions = 1)
    158   131   254073.3284   183   254012.0000   254360.7635    50343    0.14%
    164   134   254035.5805   176   254012.0000   254360.7635    50824    0.14%
    170   138   254027.9993   162   254012.0000   254360.7635    51209    0.14%
    176   139   254355.2321   354   254012.0000   254357.1597    51648    0.14%
    179   142   254342.6144   341   254012.0000   254357.1597    52429    0.14%
    180   143   254340.4974   346   254012.0000   254357.1597    52636    0.14%
    184   147   254325.1072   324   254012.0000   254357.1597    53345    0.14%
    187   150   254310.4943   317   254012.0000   254357.1597    53736    0.14%
    190   153   254300.3244   325   254012.0000   254357.1597    54322    0.14%
    195   158   254292.7441   320   254012.0000   254357.1597    54640    0.14%
Elapsed time = 395.99 sec. (186987.83 ticks, tree = 8.64 MB, solutions = 1)
    199   162   254280.3799   310   254012.0000   254357.1597    55275    0.14%
    200   163   254277.6087   298   254012.0000   254357.1597    55353    0.14%
    207   170   254245.1147   309   254012.0000   254357.1597    55912    0.14%
    211   174   254219.5006   313   254012.0000   254357.1597    56678    0.14%
    215   178   254184.6064   308   254012.0000   254357.1597    57207    0.14%
    218   180   254152.3039   324   254012.0000   254357.1597    57840    0.14%
    220   182   254145.8837   325   254012.0000   254357.1597    57949    0.14%
    227   189   254107.1783   317   254012.0000   254357.1597    59301    0.14%
    233   195   254060.1904   313   254012.0000   254357.1597    59767    0.14%
    239   201   254039.1582   313   254012.0000   254357.1597    59889    0.14%
Elapsed time = 418.82 sec. (200274.34 ticks, tree = 10.27 MB, solutions = 1)
    244   205   254029.8495   314   254012.0000   254357.1597    60149    0.14%
    248   209   254024.0917   310   254012.0000   254357.1597    60426    0.14%
    254   211        cutoff         254012.0000   254357.1597    60716    0.14%
    256   211   254354.9756   329   254012.0000   254355.2298    60942    0.14%
    260   215   254338.9092   324   254012.0000   254355.2298    61665    0.14%
    264   219   254323.3836   317   254012.0000   254355.2298    62177    0.14%
    267   222   254309.4162   322   254012.0000   254355.2298    62809    0.14%
    273   228   254293.5161   301   254012.0000   254355.2298    62994    0.14%
    279   234   254281.5605   303   254012.0000   254355.2298    63265    0.14%
    284   239   254260.2286   296   254012.0000   254355.2298    63991    0.14%
Elapsed time = 437.97 sec. (211893.26 ticks, tree = 11.71 MB, solutions = 1)
    287   242   254217.8310   294   254012.0000   254355.2298    64726    0.14%
    290   245   254198.5446   292   254012.0000   254355.2298    64904    0.14%
    297   252   254178.3388   298   254012.0000   254355.2298    65433    0.14%
    301   256   254153.8304   288   254012.0000   254355.2298    65952    0.14%
    305   260   254114.7295   305   254012.0000   254355.2298    66786    0.14%
    309   263   254071.7405   311   254012.0000   254355.2298    67183    0.14%
    314   268   254059.3578   323   254012.0000   254355.2298    67549    0.14%
    320   274   254030.0070   316   254012.0000   254355.2298    68062    0.14%
    325   275   254349.6103   351   254012.0000   254353.5677    68502    0.13%
    328   278   254336.4444   355   254012.0000   254353.5677    69319    0.13%
Elapsed time = 458.30 sec. (225607.13 ticks, tree = 13.19 MB, solutions = 1)
    331   281   254322.5871   343   254012.0000   254353.5677    69739    0.13%
    334   284   254314.4345   343   254012.0000   254353.5677    70257    0.13%
    338   288   254301.5652   335   254012.0000   254353.5677    70750    0.13%
    340   290   254294.9221   332   254012.0000   254353.5677    70851    0.13%
    349   299   254267.2153   300   254012.0000   254353.5677    71545    0.13%
    353   303   254237.5662   293   254012.0000   254353.5677    72125    0.13%
    355   305   254214.6996   295   254012.0000   254353.5677    72823    0.13%
    360   310   254193.7199   320   254012.0000   254353.5677    73143    0.13%
    368   318   254154.8122   308   254012.0000   254353.5677    73722    0.13%
    373   322   254109.4100   310   254012.0000   254353.5677    74140    0.13%
Elapsed time = 478.39 sec. (237372.96 ticks, tree = 14.91 MB, solutions = 1)
    377   326   254072.0653   319   254012.0000   254353.5677    74507    0.13%
    384   333   254060.2540   313   254012.0000   254353.5677    74721    0.13%
    390   338   254040.4637   302   254012.0000   254353.5677    75039    0.13%
    400   346   254017.7166   307   254012.0000   254353.5677    75658    0.13%
    405   347   254345.5122   322   254012.0000   254353.0947    75851    0.13%
    409   351   254329.0684   301   254012.0000   254353.0947    76628    0.13%
    414   356   254313.8108   277   254012.0000   254353.0947    77074    0.13%
    417   359   254306.8264   297   254012.0000   254353.0947    78035    0.13%
    422   364   254264.9316   249   254012.0000   254353.0947    78989    0.13%
    443   385   254114.9483   190   254012.0000   254353.0947    81639    0.13%
Elapsed time = 509.56 sec. (253256.51 ticks, tree = 17.31 MB, solutions = 1)
    462   395   254014.2318   172   254012.0000   254353.0947    82802    0.13%
    474   401   254313.5986   351   254012.0000   254352.9739    84228    0.13%
    487   414   254276.5494   334   254012.0000   254352.9739    85435    0.13%
    499   426   254360.3227   366   254012.0000   254352.9739   113703    0.13%
    500   427   254354.9290   371   254012.0000   254352.9739   113970    0.13%
    501   428   254350.6454   364   254012.0000   254350.4322   114495    0.13%
    502   429   254339.9340   356   254012.0000   254350.4322   114779    0.13%
    503   429   254289.6474   317   254012.0000   254346.4375   115862    0.13%
    504   430   254333.0236   346   254012.0000   254346.4375   116271    0.13%
    505   431   254208.8223   341   254012.0000   254346.4375   117707    0.13%
Elapsed time = 1174.44 sec. (561310.77 ticks, tree = 21.20 MB, solutions = 1)
    506   431   254207.9669   337   254012.0000   254346.4375   117895    0.13%
    507   432   254206.5972   335   254012.0000   254346.4375   118190    0.13%
    508   431   254205.4561   331   254012.0000   254346.4375   118366    0.13%
    509   432   254205.4561   330   254012.0000   254346.4375   118367    0.13%
    510   432   254205.0746   324   254012.0000   254346.4375   118391    0.13%
    511   431   254204.4756   325   254012.0000   254346.4375   118490    0.13%
    512   432   254204.4755   323   254012.0000   254346.4375   118502    0.13%
    514   433   254192.4526   332   254012.0000   254346.4375   119248    0.13%
    515   432   254192.0924   331   254012.0000   254346.4375   119249    0.13%
    516   432   254191.8134   332   254012.0000   254346.4375   119422    0.13%
Elapsed time = 1386.32 sec. (649489.56 ticks, tree = 21.17 MB, solutions = 1)
    517   432   254191.6547   325   254012.0000   254346.4375   119440    0.13%
    518   432   254191.3487   317   254012.0000   254346.4375   119482    0.13%
    519   432   254190.7097   310   254012.0000   254346.4375   119640    0.13%
    522   433   254187.4743   306   254012.0000   254346.4375   119803    0.13%
    524   433   254186.9839   303   254012.0000   254346.4375   119806    0.13%
    526   435   254186.0312   304   254012.0000   254346.4375   119821    0.13%
    528   435   254183.1505   311   254012.0000   254346.4375   120034    0.13%
    531   437   254166.3620   304   254012.0000   254346.4375   120290    0.13%
    537   423   254157.9043   297   254012.0000   254346.4375   120769    0.13%
    542   425   254152.0933   297   254012.0000   254346.4375   121488    0.13%
Elapsed time = 1508.85 sec. (706073.59 ticks, tree = 20.59 MB, solutions = 1)
    550   415   254148.0272   294   254012.0000   254346.4375   121880    0.13%
    555   416   254139.8936   293   254012.0000   254346.4375   122322    0.13%
    564   419   254081.0594   276   254012.0000   254346.4375   122983    0.13%
    568   418   254073.3873   280   254012.0000   254346.4375   123302    0.13%
    573   416   254072.4876   278   254012.0000   254346.4375   123369    0.13%
    582   409   254054.0036   262   254012.0000   254346.4375   124022    0.13%
    593   397   254032.6167   248   254012.0000   254346.4375   125401    0.13%
    602   391   254018.3035   248   254012.0000   254346.4375   125858    0.13%
    607   388   254016.1895   240   254012.0000   254346.4375   125914    0.13%
    613   384   254013.6186   236   254012.0000   254346.4375   125963    0.13%
Elapsed time = 1607.85 sec. (754407.50 ticks, tree = 18.36 MB, solutions = 1)
    617   378   254301.7903   351   254012.0000   254339.6022   126486    0.13%
    634   368   254297.0171   340   254012.0000   254339.6022   127254    0.13%
    640   370   254293.5662   317   254012.0000   254339.6022   128550    0.13%
    643   372   254263.1998   333   254012.0000   254339.6022   130264    0.13%
    649   375   254206.2932   316   254012.0000   254339.6022   130856    0.13%
    659   381   254137.2887   268   254012.0000   254339.6022   132906    0.13%
    678   386   254089.7416   246   254012.0000   254339.6022   134048    0.13%
    687   382   254064.4992   229   254012.0000   254339.6022   134709    0.13%
    703   388   254038.9839   200   254012.0000   254339.6022   135137    0.13%
    714   384   254019.9356   212   254012.0000   254339.6022   135567    0.13%
Elapsed time = 1702.14 sec. (799540.59 ticks, tree = 17.33 MB, solutions = 1)
    726   380   254015.5122   207   254012.0000   254339.6022   135768    0.13%
    731   378   254325.9858   373   254012.0000   254332.3083   136367    0.13%
    749   390   254318.1740   341   254012.0000   254332.3083   137338    0.13%
    759   394   254302.4269   315   254012.0000   254332.3083   137995    0.13%
    768   396   254267.2116   282   254012.0000   254332.3083   138749    0.13%
    778   395   254261.0312   287   254012.0000   254332.3083   139043    0.13%
    786   395   254246.5179   288   254012.0000   254332.3083   139877    0.13%
    801   404   254204.4280   273   254012.0000   254332.3083   141633    0.13%
    823   414   254150.5202   221   254012.0000   254332.3083   142624    0.13%
    846   429   254104.9730   204   254012.0000   254332.3083   143364    0.13%
Elapsed time = 1786.31 sec. (844546.45 ticks, tree = 17.80 MB, solutions = 1)
    851   430   254031.7698   199   254012.0000   254332.3083   144064    0.13%
    867   433   254323.8325   324   254012.0000   254328.8518   144858    0.12%
    895   447   254299.2925   328   254012.0000   254328.8518   146151    0.12%
    914   458   254274.7280   301   254012.0000   254328.8518   147468    0.12%
    920   460   254243.5859   258   254012.0000   254328.8518   148842    0.12%
    941   471   254200.5196   243   254012.0000   254328.8518   150149    0.12%
    950   475   254176.0508   228   254012.0000   254328.8518   150549    0.12%
    972   487   254124.1287   190   254012.0000   254328.8518   151408    0.12%
    982   491   254105.5538   194   254012.0000   254328.8518   152074    0.12%
    992   491   254105.2979   194   254012.0000   254328.8518   152096    0.12%
Elapsed time = 1878.64 sec. (892572.85 ticks, tree = 18.82 MB, solutions = 1)
   1006   492   254092.8066   187   254012.0000   254328.8518   152300    0.12%
   1011   492   254028.8921   199   254012.0000   254328.8518   152720    0.12%
   1024   477   254178.5175   312   254012.0000   254322.0244   154999    0.12%
   1037   483   254160.6915   318   254012.0000   254322.0244   156097    0.12%
   1057   494   254119.4637   287   254012.0000   254322.0244   157484    0.12%
   1078   506   254090.0386   244   254012.0000   254322.0244   158031    0.12%
   1093   510   254041.6413   214   254012.0000   254322.0244   158616    0.12%
   1105   511   254018.9254   217   254012.0000   254322.0244   159005    0.12%
   1115   500   254132.8316   319   254012.0000   254319.8092   160464    0.12%
   1122   504   254131.1137   320   254012.0000   254319.8092   160664    0.12%
Elapsed time = 1975.69 sec. (940515.76 ticks, tree = 18.34 MB, solutions = 1)
   1135   511   254127.0929   318   254012.0000   254319.8092   160988    0.12%
   1139   513   254079.9246   304   254012.0000   254319.8092   161860    0.12%
   1150   514   254040.6982   290   254012.0000   254319.8092   162978    0.12%
   1161   515   254014.0357   270   254012.0000   254319.8092   163601    0.12%
   1169   512   254012.8626   266   254012.0000   254319.8092   163785    0.12%
   1172   509   254143.5939   335   254012.0000   254319.7366   165031    0.12%
   1188   517   254121.2032   325   254012.0000   254319.7366   166102    0.12%
   1205   522   254083.1289   311   254012.0000   254319.7366   167276    0.12%
   1216   524   254038.9610   284   254012.0000   254319.7366   169110    0.12%
   1220   524   254030.1447   285   254012.0000   254319.7366   169776    0.12%
Elapsed time = 2069.95 sec. (985806.08 ticks, tree = 18.28 MB, solutions = 1)
   1233   525   254186.3160   295   254012.0000   254319.4758   171049    0.12%
   1254   535   254140.0749   300   254012.0000   254319.4758   172119    0.12%
   1274   555   254114.2328   268   254012.0000   254319.4758   172851    0.12%
   1278   558   254062.9760   270   254012.0000   254319.4758   173569    0.12%
   1281   559   254046.4741   268   254012.0000   254319.4758   173992    0.12%
   1290   560   254185.4814   317   254012.0000   254319.4755   175504    0.12%
   1303   573   254090.2061   283   254012.0000   254319.4755   177292    0.12%
   1324   588        cutoff         254012.0000   254319.4755   178374    0.12%
   1325   589   254132.7012   298   254012.0000   254319.4017   179899    0.12%
   1338   602   254130.0475   305   254012.0000   254319.4017   180114    0.12%
Elapsed time = 2165.26 sec. (1031695.26 ticks, tree = 20.42 MB, solutions = 1)
   1352   616   254076.5875   262   254012.0000   254319.4017   182154    0.12%
   1366   627   254045.1037   276   254012.0000   254319.4017   182588    0.12%
   1377   633   254034.1056   261   254012.0000   254319.4017   182879    0.12%
   1384   635   254014.4624   258   254012.0000   254319.4017   183202    0.12%
   1393   636   254013.2343   253   254012.0000   254319.4017   183243    0.12%
   1400   634   254044.4127   361   254012.0000   254318.8215   184582    0.12%
   1403   636   254029.5760   344   254012.0000   254318.8215   185067    0.12%
   1406   636   254023.1514   335   254012.0000   254318.8215   185255    0.12%
   1409   636   254021.9062   339   254012.0000   254318.8215   185588    0.12%
   1414   637   254019.4660   323   254012.0000   254318.8215   185634    0.12%
Elapsed time = 2277.75 sec. (1086199.21 ticks, tree = 21.51 MB, solutions = 1)
   1418   637   254016.9527   321   254012.0000   254318.8215   186032    0.12%
   1428   638   254162.4533   318   254012.0000   254317.4164   187637    0.12%
   1448   658   254105.1781   270   254012.0000   254317.4164   189988    0.12%
   1460   670   254070.3491   278   254012.0000   254317.4164   190712    0.12%
   1474   678   254054.3336   271   254012.0000   254317.4164   191303    0.12%
   1486   684   254042.6659   268   254012.0000   254317.4164   191637    0.12%
   1498   688   254035.3999   355   254012.0000   254317.1980   193237    0.12%
   1506   691   254024.3704   342   254012.0000   254317.1980   193494    0.12%
   1527   703   254237.6016   301   254012.0000   254312.2647   195631    0.12%
   1551   727   254182.3919   234   254012.0000   254312.2647   197412    0.12%
Elapsed time = 2366.87 sec. (1129767.29 ticks, tree = 24.21 MB, solutions = 1)
   1573   749   254114.5305   193   254012.0000   254312.2647   198381    0.12%
   1583   751   254114.4492   193   254012.0000   254312.2647   198402    0.12%
   1592   753   254114.1166   192   254012.0000   254312.2647   198425    0.12%
   1601   757   254107.9217   199   254012.0000   254312.2647   198773    0.12%
   1616   770   254065.8035   171   254012.0000   254312.2647   199052    0.12%
   1619   772   254055.1242   166   254012.0000   254312.2647   199127    0.12%
   1631   777   254046.4151   166   254012.0000   254312.2647   199463    0.12%
   1646   778   254213.1329   292   254012.0000   254305.5165   201138    0.12%
   1664   796   254173.9207   280   254012.0000   254305.5165   202372    0.12%
   1686   818   254118.8673   284   254012.0000   254305.5165   204072    0.12%
Elapsed time = 2441.22 sec. (1171875.39 ticks, tree = 27.02 MB, solutions = 1)
*  1699+  829                       254013.0000   254305.5165   204893    0.12%
   1706   838   254078.4501   247   254013.0000   254305.5165   205381    0.12%
   1723   853   254039.7378   197   254013.0000   254305.5165   206330    0.12%
   1743   857   254232.7158   326   254013.0000   254305.2957   207427    0.12%
   1770   884   254179.1067   319   254013.0000   254305.2957   208809    0.12%
   1779   893   254150.8083   300   254013.0000   254305.2957   209601    0.12%
   1804   918   254083.7398   253   254013.0000   254305.2957   211219    0.12%
   1824   937   254032.4022   214   254013.0000   254305.2957   212265    0.12%
   1848   948   254122.4579   316   254013.0000   254305.0684   214934    0.11%
   1873   965        cutoff         254013.0000   254305.0684   216915    0.11%
   1900   983   254016.0701   271   254013.0000   254305.0684   218229    0.11%
Elapsed time = 2522.22 sec. (1215202.66 ticks, tree = 32.07 MB, solutions = 2)
   1912   984   254180.1817   297   254013.0000   254305.0661   219297    0.11%
   1933  1005   254138.2444   296   254013.0000   254305.0661   220399    0.11%
   1947  1019   254123.5321   303   254013.0000   254305.0661   221843    0.11%
   1960  1031   254073.3950   299   254013.0000   254305.0661   223033    0.11%
   1972  1042   254040.3431   286   254013.0000   254305.0661   223931    0.11%
   1985  1048   254166.5959   333   254013.0000   254304.0616   225868    0.11%
   1996  1059   254153.7991   296   254013.0000   254304.0616   226814    0.11%
   2011  1073   254113.7943   309   254013.0000   254304.0616   227741    0.11%
   2019  1080   254108.8905   298   254013.0000   254304.0616   228010    0.11%
   2035  1095   254056.7591   276   254013.0000   254304.0616   229312    0.11%
Elapsed time = 2614.61 sec. (1263000.11 ticks, tree = 35.48 MB, solutions = 2)
   2061  1118   254018.3209   254   254013.0000   254304.0616   230411    0.11%
   2070  1119   254017.3854   255   254013.0000   254304.0616   230492    0.11%
   2080  1122   254014.5761   245   254013.0000   254304.0616   230588    0.11%
*  2099+ 1127                       254014.0000   254303.3155   231989    0.11%
   2099  1129   254194.7298   295   254014.0000   254303.3155   231989    0.11%
   2102  1129   254192.9009   298   254014.0000   254303.3155   232155    0.11%
   2122  1143   254153.2888   300   254014.0000   254303.3155   233924    0.11%
   2134  1152   254109.2325   306   254014.0000   254303.3155   234976    0.11%
   2141  1155   254041.9435   328   254014.0000   254303.3155   235835    0.11%
   2163  1169   254152.3099   297   254014.0000   254302.9266   237796    0.11%
   2179  1185   254135.6046   294   254014.0000   254302.9266   238530    0.11%
Elapsed time = 2701.67 sec. (1309664.15 ticks, tree = 38.16 MB, solutions = 3)
   2188  1193   254102.2310   281   254014.0000   254302.9266   239493    0.11%
   2199  1204   254072.2144   262   254014.0000   254302.9266   240343    0.11%
   2212  1216   254047.0758   250   254014.0000   254302.9266   240919    0.11%
   2231  1221   254111.9517   333   254014.0000   254298.9832   242872    0.11%
   2252  1240   254071.2506   291   254014.0000   254298.9832   243893    0.11%
   2253  1240   254079.0868   301   254014.0000   254298.9832   244538    0.11%
   2276  1261   254034.4033   272   254014.0000   254298.9832   246613    0.11%
   2290  1266   254021.1416   354   254014.0000   254298.1335   248285    0.11%
   2307  1279   254118.4128   281   254014.0000   254296.9266   250547    0.11%
   2332  1304   254070.2208   257   254014.0000   254296.9266   252301    0.11%
Elapsed time = 2814.31 sec. (1372137.09 ticks, tree = 41.79 MB, solutions = 3)
   2346  1318   254037.0890   239   254014.0000   254296.9266   253000    0.11%
   2357  1321   254227.8984   344   254014.0000   254296.1424   254033    0.11%
   2367  1331   254186.8095   310   254014.0000   254296.1424   255433    0.11%
   2376  1338   254174.0657   298   254014.0000   254296.1424   255964    0.11%
   2392  1353   254139.0958   250   254014.0000   254296.1424   256630    0.11%
   2409  1366   254110.3325   230   254014.0000   254296.1424   257156    0.11%
   2419  1376   254094.3239   213   254014.0000   254296.1424   257319    0.11%
   2456  1406   254048.5879   172   254014.0000   254296.1424   257974    0.11%
   2476  1418   254018.8571   167   254014.0000   254296.1424   258629    0.11%
   2486  1418   254018.7894   167   254014.0000   254296.1424   258645    0.11%
Elapsed time = 2876.14 sec. (1415003.83 ticks, tree = 45.36 MB, solutions = 3)
   2497  1419   254014.9918   168   254014.0000   254296.1424   258773    0.11%
   2507  1420   254051.9953   326   254014.0000   254295.5211   261221    0.11%
   2511  1421   254024.7733   323   254014.0000   254295.5211   261802    0.11%
   2514  1421   254022.5015   319   254014.0000   254295.5211   261904    0.11%
   2517  1421   254021.2645   315   254014.0000   254295.5211   262163    0.11%
   2521  1421   254019.6092   317   254014.0000   254295.5211   262291    0.11%
   2530  1426   254202.3224   306   254014.0000   254295.3557   263821    0.11%
   2561  1457   254151.5610   291   254014.0000   254295.3557   265381    0.11%
   2579  1475   254122.1652   282   254014.0000   254295.3557   266542    0.11%
   2618  1513   254046.3737   226   254014.0000   254295.3557   268412    0.11%
Elapsed time = 2960.72 sec. (1468871.89 ticks, tree = 48.22 MB, solutions = 3)
   2639  1518   254123.4669   315   254014.0000   254294.7716   270279    0.11%
   2659  1536   254105.6378   307   254014.0000   254294.7716   271019    0.11%
   2677  1552   254037.2209   293   254014.0000   254294.7716   272879    0.11%
   2683  1552   254036.3684   285   254014.0000   254294.7716   272931    0.11%
   2694  1555   254027.3001   278   254014.0000   254294.7716   273377    0.11%
   2703  1556   254247.2124   289   254014.0000   254293.4240   275204    0.11%
   2713  1566   254198.9298   262   254014.0000   254293.4240   276706    0.11%
   2737  1588   254154.2313   218   254014.0000   254293.4240   277418    0.11%
   2748  1596   254130.3722   196   254014.0000   254293.4240   278239    0.11%
   2757  1603   254067.0339   194   254014.0000   254293.4240   278759    0.11%
Elapsed time = 3040.30 sec. (1522430.88 ticks, tree = 51.00 MB, solutions = 3)
   2770  1614   254047.6655   185   254014.0000   254293.4240   279100    0.11%
   2789  1626   254015.6200   187   254014.0000   254293.4240   279567    0.11%
   2801  1627   254257.8357   344   254014.0000   254289.9140   280527    0.11%
   2813  1636   254216.4322   317   254014.0000   254289.9140   281837    0.11%
   2831  1650   254015.8356   307   254014.0000   254289.9140   283112    0.11%
   2850  1664   254281.9855   299   254014.0000   254289.4657   284264    0.11%
   2865  1679   254224.8114   264   254014.0000   254289.4657   285938    0.11%
   2882  1696   254199.5417   228   254014.0000   254289.4657   286518    0.11%
   2897  1709   254170.9400   216   254014.0000   254289.4657   287091    0.11%
   2909  1719   254141.7761   206   254014.0000   254289.4657   287538    0.11%
Elapsed time = 3114.17 sec. (1570138.32 ticks, tree = 53.40 MB, solutions = 3)
   2915  1724   254053.5164   211   254014.0000   254289.4657   288067    0.11%
   2927  1728   254047.4395   206   254014.0000   254289.4657   288109    0.11%
   2936  1728   254047.3187   206   254014.0000   254289.4657   288125    0.11%
   2945  1728   254047.2344   209   254014.0000   254289.4657   288184    0.11%
   2955  1729   254046.7256   206   254014.0000   254289.4657   288203    0.11%
   2964  1730   254046.0697   204   254014.0000   254289.4657   288233    0.11%
   2974  1730        cutoff         254014.0000   254288.0479   289081    0.11%
   2978  1727   254022.1959   293   254014.0000   254286.2745   290091    0.11%
   2985  1732   254131.3567   302   254014.0000   254286.1941   291573    0.11%
   3005  1752   254067.8179   302   254014.0000   254286.1941   293207    0.11%
Elapsed time = 3179.57 sec. (1611292.71 ticks, tree = 53.26 MB, solutions = 3)
   3016  1761   254032.7619   290   254014.0000   254286.1941   294305    0.11%
   3031  1768   254211.1970   319   254014.0000   254285.3292   296049    0.11%
   3053  1790   254159.5632   280   254014.0000   254285.3292   297448    0.11%
   3070  1807   254127.4016   269   254014.0000   254285.3292   298058    0.11%
   3079  1815   254096.7954   248   254014.0000   254285.3292   298651    0.11%
   3080  1816   254096.7407   239   254014.0000   254285.3292   298653    0.11%
   3081  1817   254094.4247   232   254014.0000   254285.3292   298695    0.11%
   3082  1818   254093.9442   229   254014.0000   254285.3292   298697    0.11%
   3095  1825   254068.8479   214   254014.0000   254285.3292   299084    0.11%

Flow cuts applied:  109
Mixed integer rounding cuts applied:  127
Lift and project cuts applied:  1
Gomory fractional cuts applied:  25

Root node processing (before b&c):
  Real time             =  277.50 sec. (132360.93 ticks)
Sequential b&c:
  Real time             = 3323.02 sec. (1676622.09 ticks)
                          ------------
Total (root+branch&cut) = 3600.52 sec. (1808983.02 ticks)
