1 of 1 MIP starts provided solutions.
MIP start 'm1' defined initial solution with objective 302645.0000.
Tried aggregator 1 time.
MIP Presolve eliminated 0 rows and 1 columns.
Reduced MIP has 90300 rows, 60100 columns, and 6210000 nonzeros.
Reduced MIP has 30000 binaries, 0 generals, 0 SOSs, and 0 indicators.
Presolve time = 3.11 sec. (1536.98 ticks)
Probing time = 0.16 sec. (81.01 ticks)
Tried aggregator 1 time.
Reduced MIP has 90300 rows, 60100 columns, and 6210000 nonzeros.
Reduced MIP has 30000 binaries, 0 generals, 0 SOSs, and 0 indicators.
Presolve time = 3.97 sec. (1814.71 ticks)
Probing time = 0.15 sec. (81.00 ticks)
Clique table members: 300.
MIP emphasis: balance optimality and feasibility.
MIP search method: dynamic search.
Parallel mode: none, using 1 thread.
Root relaxation solution time = 18.21 sec. (10523.69 ticks)

        Nodes                                         Cuts/
   Node  Left     Objective  IInf  Best Integer    Best Bound    ItCnt     Gap

*     0+    0                       302645.0000   2.30027e+07    21343     --- 
      0     0   304581.9234   334   302645.0000   304581.9234    21343    0.64%
      0     0   304389.4118   432   302645.0000     Cuts: 227    24412    0.58%
      0     0   304245.5834   463   302645.0000     Cuts: 237    26447    0.53%
      0     0   304207.3742   493   302645.0000     Cuts: 166    28320    0.52%
      0     0   304190.4538   491   302645.0000      Cuts: 89    29361    0.51%
      0     0   304180.0567   493   302645.0000      Cuts: 68    29868    0.51%
      0     0   304175.9476   503   302645.0000      Cuts: 52    30127    0.51%
Heuristic still looking.
      0     2   304175.9476   503   302645.0000   304172.7691    30127    0.50%
Elapsed time = 251.88 sec. (119999.21 ticks, tree = 0.00 MB, solutions = 1)
      1     3   304100.4651   457   302645.0000   304164.1261    30835    0.50%
      2     4   304086.2578   463   302645.0000   304164.1261    31332    0.50%
      3     5   304078.8296   452   302645.0000   304164.1261    31621    0.50%
      4     6   304057.5158   458   302645.0000   304164.1261    31959    0.50%
      5     7   304075.9468   451   302645.0000   304164.1261    32658    0.50%
      6     8   304065.0731   476   302645.0000   304164.1261    33751    0.50%
      7     9   303942.8458   464   302645.0000   304164.1261    35634    0.50%
      8    10   304045.6564   463   302645.0000   304164.1261    36394    0.50%
      9    11   304027.1147   462   302645.0000   304164.1261    36872    0.50%
     11    13   303968.7170   441   302645.0000   304164.1261    37831    0.50%
Elapsed time = 285.11 sec. (130744.40 ticks, tree = 2.36 MB, solutions = 1)
     14    16   303935.7974   453   302645.0000   304164.1261    38499    0.50%
     18    20   303891.7379   420   302645.0000   304164.1261    39862    0.50%
     23    25   303834.4683   393   302645.0000   304164.1261    41005    0.50%
     28    30   303805.9489   387   302645.0000   304164.1261    41842    0.50%
     36    38   303243.4425   388   302645.0000   304164.1261    43745    0.50%
     47    49   302994.4969   398   302645.0000   304164.1261    46705    0.50%
     56    58   303660.2643   373   302645.0000   304164.1261    47854    0.50%
     65    65        cutoff         302645.0000   304164.1261    49498    0.50%
     70    70   303659.8159   340   302645.0000   304164.1261    50592    0.50%
     75    75   303334.0944   352   302645.0000   304164.1261    53054    0.50%
Elapsed time = 323.28 sec. (143979.86 ticks, tree = 6.17 MB, solutions = 1)
     79    79   303063.6759   359   302645.0000   304164.1261    55474    0.50%
     84    84   303591.0037   338   302645.0000   304164.1261    56996    0.50%
     90    88   303580.4996   338   302645.0000   304164.1261    58084    0.50%
    101    99   303439.4954   326   302645.0000   304164.1261    59285    0.50%
    106   104   303488.8432   316   302645.0000   304164.1261    59971    0.50%
    109   107   302839.0753   372   302645.0000   304164.1261    62613    0.50%
    120   116   303341.8112   305   302645.0000   304164.1261    63658    0.50%
    129   125   303387.3323   290   302645.0000   304164.1261    64314    0.50%
    138   134   303257.2733   287   302645.0000   304164.1261    65491    0.50%
    145   141   303228.1953   271   302645.0000   304164.1261    66084    0.50%
Elapsed time = 362.14 sec. (157250.44 ticks, tree = 11.27 MB, solutions = 1)
    153   149   303153.2625   281   302645.0000   304164.1261    67001    0.50%
    160   154   303132.5321   255   302645.0000   304164.1261    67587    0.50%
    169   161   303016.8927   251   302645.0000   304164.1261    68671    0.50%
    174   165   303003.7340   253   302645.0000   304164.1261    69789    0.50%
    182   169        cutoff         302645.0000   304164.1261    70985    0.50%
    188   173   302683.5524   282   302645.0000   304164.1261    72667    0.50%
    193   174    infeasible         302645.0000   304164.1261    72785    0.50%
    201   178   302907.5965   252   302645.0000   304164.1261    73400    0.50%
    209   180   302878.5323   267   302645.0000   304164.1261    73837    0.50%
    218   184   302669.8147   257   302645.0000   304164.1261    75012    0.50%
Elapsed time = 390.69 sec. (168319.05 ticks, tree = 16.76 MB, solutions = 1)
    223   185   302830.6651   265   302645.0000   304164.1261    75160    0.50%
    229   188   302763.7592   245   302645.0000   304164.1261    75500    0.50%
    237   190   302682.7658   250   302645.0000   304164.1261    75862    0.50%
    245   190    infeasible         302645.0000   304164.1261    76004    0.50%
    249   190   304133.6009   513   302645.0000   304131.3100    77104    0.49%
    250   191   304115.2803   509   302645.0000   304131.3100    77515    0.49%
    251   192   304106.0962   506   302645.0000   304115.1932    78219    0.49%
    253   194   304094.2419   507   302645.0000   304112.0366    78719    0.48%
    255   196   303977.7589   509   302645.0000   304104.5833    80905    0.48%
    257   198   304024.6109   493   302645.0000   304104.5833    82514    0.48%
Elapsed time = 443.76 sec. (197591.61 ticks, tree = 19.23 MB, solutions = 1)
    259   200   303841.3807   476   302645.0000   304104.5833    84342    0.48%
    260   201   303804.7845   464   302645.0000   304104.5833    84706    0.48%
    263   204   303798.0869   475   302645.0000   304104.5833    86550    0.48%
    266   207   303785.1534   475   302645.0000   304104.5833    87290    0.48%
    270   209   303771.3610   462   302645.0000   304104.5833    88306    0.48%
    275   214   303732.6100   432   302645.0000   304104.5833    89687    0.48%
    278   217   303726.1580   435   302645.0000   304104.5833    91107    0.48%
    282   221   303715.8758   442   302645.0000   304104.5833    91698    0.48%
    283   222   303470.9959   448   302645.0000   304104.5833    92520    0.48%
    289   226   303709.4722   451   302645.0000   304104.5833    93268    0.48%
Elapsed time = 479.54 sec. (212526.65 ticks, tree = 19.97 MB, solutions = 1)
    294   231   303079.8136   444   302645.0000   304104.5833    95371    0.48%
    303   240   303690.7520   435   302645.0000   304104.5833    96177    0.48%
    308   245   303669.6317   427   302645.0000   304104.5833    97739    0.48%
    318   255   303590.7358   384   302645.0000   304104.5833    99157    0.48%
    322   259   303197.9445   376   302645.0000   304104.5833   102014    0.48%
    330   267   303506.5771   342   302645.0000   304104.5833   102925    0.48%
    340   277   303405.5162   332   302645.0000   304104.5833   104900    0.48%
    353   290   303426.2373   308   302645.0000   304104.5833   105925    0.48%
    360   297   303395.3259   303   302645.0000   304104.5833   108059    0.48%
    369   306   303129.4714   289   302645.0000   304104.5833   109821    0.48%
Elapsed time = 509.03 sec. (224766.79 ticks, tree = 22.28 MB, solutions = 1)
    379   314   302942.1827   280   302645.0000   304104.5833   110986    0.48%
    387   318   302866.9482   275   302645.0000   304104.5833   112298    0.48%
    398   327   302836.7653   266   302645.0000   304104.5833   113119    0.48%
    401   330   302831.0562   266   302645.0000   304104.5833   113285    0.48%
    410   334   302804.1398   259   302645.0000   304104.5833   113536    0.48%
    422   343   302712.2327   254   302645.0000   304104.5833   114286    0.48%
    433   350        cutoff         302645.0000   304104.5833   114687    0.48%
    443   356        cutoff         302645.0000   304104.5833   114776    0.48%
    450   357   304095.7547   515   302645.0000   304103.7968   115172    0.48%
    451   358   303972.4996   499   302645.0000   304093.9022   116916    0.48%
Elapsed time = 535.12 sec. (236729.87 ticks, tree = 21.86 MB, solutions = 1)
    455   362   303945.2024   487   302645.0000   304093.9022   117834    0.48%
    459   366   303913.0912   471   302645.0000   304093.9022   118732    0.48%
    460   367   303909.8123   483   302645.0000   304093.9022   119057    0.48%
    463   370   303892.1543   487   302645.0000   304093.9022   119909    0.48%
    467   374   303866.4887   466   302645.0000   304093.9022   120673    0.48%
    470   377   303849.2442   459   302645.0000   304093.9022   121474    0.48%
    473   380   303841.6773   474   302645.0000   304093.9022   122123    0.48%
    478   385   303814.9131   460   302645.0000   304093.9022   123276    0.48%
    480   387   303811.8476   458   302645.0000   304093.9022   123347    0.48%
    488   395   303782.4575   455   302645.0000   304093.9022   124168    0.48%
Elapsed time = 567.64 sec. (249419.48 ticks, tree = 22.84 MB, solutions = 1)
    492   399   303760.4494   451   302645.0000   304093.9022   125276    0.48%
    495   402   303728.5887   459   302645.0000   304093.9022   126217    0.48%
    500   407   303692.3263   444   302645.0000   304093.9022   126890    0.48%
    506   413   303653.4842   452   302645.0000   304093.9022   127503    0.48%
    509   416   304165.3639   526   302645.0000   304093.9022   159879    0.48%
    510   416   304145.9513   517   302645.0000   304093.9022   160479    0.48%
    511   417   304137.9719   501   302645.0000   304093.9022   161029    0.48%
    512   418   304097.6688   498   302645.0000   304093.9022   161996    0.48%
    513   418   304063.8869   458   302645.0000   304093.9022   162903    0.48%
    514   418   304096.0137   489   302645.0000   304093.9022   164063    0.48%
Elapsed time = 1179.14 sec. (560417.45 ticks, tree = 25.36 MB, solutions = 1)
    515   419   303888.9801   481   302645.0000   304093.9022   166287    0.48%
    516   419   304095.8838   494   302645.0000   304093.9022   166922    0.48%
    517   419   303458.0030   518   302645.0000   304093.9022   169247    0.48%
    518   420   304092.2313   487   302645.0000   304093.9022   169317    0.48%
    520   382   304088.1561   493   302645.0000   304093.9022   170046    0.48%
    521   383   304078.9422   492   302645.0000   304093.9022   170321    0.48%
    522   384   304075.5217   497   302645.0000   304093.9022   170407    0.48%
    524   355   304073.3281   503   302645.0000   304093.9022   170833    0.48%
    525   355   304071.3259   499   302645.0000   304093.9022   170878    0.48%
    527   329   304070.5204   503   302645.0000   304093.9022   171025    0.48%
Elapsed time = 1327.76 sec. (652055.77 ticks, tree = 20.15 MB, solutions = 1)
    529   330   304067.0188   501   302645.0000   304093.9022   171182    0.48%
    531   331   304064.1863   501   302645.0000   304093.9022   171545    0.48%
    532   332   304063.0981   500   302645.0000   304093.9022   171633    0.48%
    533   332   304062.5198   495   302645.0000   304093.9022   171646    0.48%
    535   333   304059.7348   504   302645.0000   304093.9022   171954    0.48%
    536   334   303474.9220   502   302645.0000   304093.9022   174746    0.48%
    538   334   304057.8955   495   302645.0000   304093.9022   174821    0.48%
    540   335   304052.8245   478   302645.0000   304093.9022   175008    0.48%
    541   336   302929.0527   532   302645.0000   304093.9022   178897    0.48%
    543   337   304049.3001   476   302645.0000   304093.9022   179156    0.48%
Elapsed time = 1433.95 sec. (720889.86 ticks, tree = 20.11 MB, solutions = 1)
    546   326   304047.5082   469   302645.0000   304093.9022   179318    0.48%
    548   328   304042.5101   475   302645.0000   304093.9022   179551    0.48%
    550   329   304040.5157   474   302645.0000   304093.9022   179566    0.48%
    553   319   304038.3096   459   302645.0000   304093.9022   179688    0.48%
    555   321   304036.1642   452   302645.0000   304093.9022   179757    0.48%
    558   312   304027.9498   483   302645.0000   304093.9022   180335    0.48%
    560   312   304019.6770   485   302645.0000   304093.9022   180748    0.48%
    561   312   303862.2153   436   302645.0000   304093.9022   182520    0.48%
    564   305   303860.1868   434   302645.0000   304093.9022   182704    0.48%
    567   306   303850.5320   429   302645.0000   304093.9022   183303    0.48%
Elapsed time = 1529.29 sec. (776732.48 ticks, tree = 17.87 MB, solutions = 1)
    568   306   303850.5225   429   302645.0000   304093.9022   183304    0.48%
    570   307   303845.9714   432   302645.0000   304093.9022   183608    0.48%
    573   308   303823.7730   426   302645.0000   304093.9022   183982    0.48%
    578   309   303794.2789   436   302645.0000   304093.9022   184894    0.48%
    586   314   303765.1689   427   302645.0000   304093.9022   185643    0.48%
    592   312   303720.2293   421   302645.0000   304093.9022   186715    0.48%
    602   318   303697.7232   410   302645.0000   304093.9022   187479    0.48%
    612   320   303679.7079   398   302645.0000   304093.9022   188328    0.48%
    622   325   303605.4364   383   302645.0000   304093.9022   189695    0.48%
    629   327   303480.5340   390   302645.0000   304093.9022   190529    0.48%
Elapsed time = 1620.53 sec. (825753.15 ticks, tree = 17.55 MB, solutions = 1)
    639   335   303435.6432   371   302645.0000   304093.9022   192110    0.48%
    652   340   303369.4933   356   302645.0000   304093.9022   193709    0.48%
    662   345   303328.7915   358   302645.0000   304093.9022   194933    0.48%
    674   352   303311.0054   354   302645.0000   304093.9022   196245    0.48%
    684   357   303270.6126   350   302645.0000   304093.9022   197563    0.48%
    692   360   303139.2891   344   302645.0000   304093.9022   198557    0.48%
    700   364   303015.5199   361   302645.0000   304093.9022   199436    0.48%
    715   366   302890.2721   329   302645.0000   304093.9022   200313    0.48%
    726   366   302752.7616   326   302645.0000   304093.9022   201100    0.48%
    743   366   302710.3934   312   302645.0000   304093.9022   201775    0.48%
Elapsed time = 1707.67 sec. (869810.65 ticks, tree = 17.31 MB, solutions = 1)
    754   360   302674.5181   310   302645.0000   304093.9022   202220    0.48%
    768   355   302662.0705   305   302645.0000   304093.9022   202433    0.48%
    781   348   302661.4938   305   302645.0000   304093.9022   202451    0.48%
    793   344   302652.3652   304   302645.0000   304093.9022   202569    0.48%
    804   341   302650.2836   303   302645.0000   304093.9022   202594    0.48%
    814   338   302646.7548   303   302645.0000   304093.9022   202629    0.48%
    818   336   304070.2046   480   302645.0000   304093.9022   204251    0.48%
    834   340        cutoff         302645.0000   304093.9022   205636    0.48%
    844   344   302723.2101   539   302645.0000   304093.9022   209421    0.48%
    845   343   302723.1828   535   302645.0000   304093.9022   209428    0.48%
Elapsed time = 1815.79 sec. (924234.15 ticks, tree = 15.31 MB, solutions = 1)
    858   346   302709.4341   530   302645.0000   304093.9022   209926    0.48%
    873   344   303892.0637   494   302645.0000   304072.3862   213573    0.47%
    896   357   303860.8036   482   302645.0000   304072.3862   215173    0.47%
    908   365   303849.5660   464   302645.0000   304072.3862   216081    0.47%
    913   364   302774.5808   553   302645.0000   304067.6100   220608    0.47%
    914   364   302774.1662   554   302645.0000   304067.6100   220613    0.47%
    915   363   302774.0964   553   302645.0000   304067.6100   220614    0.47%
    927   364   302752.8301   531   302645.0000   304067.6100   221537    0.47%
    939   368   302706.7539   540   302645.0000   304067.6100   222808    0.47%
    942   366   302694.3387   550   302645.0000   304067.6100   223162    0.47%
Elapsed time = 1932.05 sec. (977460.76 ticks, tree = 14.67 MB, solutions = 1)
    955   364   302673.5173   527   302645.0000   304067.6100   223923    0.47%
    967   363   302664.8818   524   302645.0000   304067.6100   224360    0.47%
    976   363   302647.9531   527   302645.0000   304067.6100   225136    0.47%
    989   364   304034.6343   429   302645.0000   304063.7272   227151    0.47%
   1001   370   303992.9002   455   302645.0000   304063.7272   229062    0.47%
   1019   378   303952.4506   426   302645.0000   304063.7272   230317    0.47%
   1026   383   303933.4841   439   302645.0000   304063.7272   231510    0.47%
   1034   388   303900.9849   437   302645.0000   304063.7272   232862    0.47%
   1048   396   303859.1231   428   302645.0000   304063.7272   234743    0.47%
   1056   399   303840.8602   421   302645.0000   304063.7272   235330    0.47%
Elapsed time = 2045.29 sec. (1028001.21 ticks, tree = 12.87 MB, solutions = 1)
   1065   403   303803.5233   431   302645.0000   304063.7272   236875    0.47%
   1079   412   303778.4950   424   302645.0000   304063.7272   238273    0.47%
   1088   418   303745.4239   422   302645.0000   304063.7272   238943    0.47%
   1100   422   303678.3767   403   302645.0000   304063.7272   239851    0.47%
*  1109+  421                       302650.0000   304063.7272   240580    0.47%
*  1109+  412                       302660.0000   304063.7272   240580    0.46%
   1109   414   303660.3948   390   302660.0000   304063.7272   240580    0.46%
   1120   421   303582.5410   384   302660.0000   304063.7272   242479    0.46%
   1129   420   303574.9669   379   302660.0000   304063.7272   242770    0.46%
   1132   422   303536.9870   390   302660.0000   304063.7272   243222    0.46%
   1148   434   303500.5055   384   302660.0000   304063.7272   243941    0.46%
   1160   444   303449.8100   394   302660.0000   304063.7272   244540    0.46%
Elapsed time = 2151.47 sec. (1077553.44 ticks, tree = 12.95 MB, solutions = 3)
   1174   458   303352.6075   407   302660.0000   304063.7272   245971    0.46%
   1183   466   303306.3979   387   302660.0000   304063.7272   246748    0.46%
   1201   484   303232.5176   380   302660.0000   304063.7272   247307    0.46%
   1216   496   303190.3607   414   302660.0000   304063.7272   247934    0.46%
   1224   500   303145.4727   418   302660.0000   304063.7272   248393    0.46%
   1241   513   303116.6809   404   302660.0000   304063.7272   248869    0.46%
   1254   521   303064.8000   389   302660.0000   304063.7272   249655    0.46%
   1268   533   303000.8953   400   302660.0000   304063.7272   250314    0.46%
   1285   544   302972.4529   383   302660.0000   304063.7272   250769    0.46%
   1295   550   302926.6783   380   302660.0000   304063.7272   251183    0.46%
Elapsed time = 2240.41 sec. (1118729.51 ticks, tree = 15.95 MB, solutions = 3)
   1306   555   302879.6006   385   302660.0000   304063.7272   251679    0.46%
   1321   564   302685.0950   359   302660.0000   304063.7272   252916    0.46%
*  1323+  559                       302668.0000   304063.7272   253032    0.46%
   1327   555        cutoff         302668.0000   304062.1478   253372    0.46%
   1331   559   303465.0068   481   302668.0000   304061.1729   255930    0.46%
   1363   591   303391.0548   429   302668.0000   304061.1729   258010    0.46%
   1376   604   303346.9196   435   302668.0000   304061.1729   259433    0.46%
   1391   619   303292.3597   436   302668.0000   304061.1729   260699    0.46%
   1401   629   303199.3865   427   302668.0000   304061.1729   262527    0.46%
   1424   652   303088.5980   423   302668.0000   304061.1729   263775    0.46%
   1437   665   302895.5130   417   302668.0000   304061.1729   265078    0.46%
Elapsed time = 2331.02 sec. (1163555.92 ticks, tree = 19.08 MB, solutions = 4)
   1449   675   302844.3058   405   302668.0000   304061.1729   265718    0.46%
   1464   686   302779.3464   387   302668.0000   304061.1729   266389    0.46%
   1469   688   302678.3467   386   302668.0000   304061.1729   267013    0.46%
   1482   688   302674.2789   387   302668.0000   304061.1729   267120    0.46%
   1491   690   304052.1118   464   302668.0000   304060.6696   268077    0.46%
   1511   702   303836.9446   414   302668.0000   304060.6696   270989    0.46%
   1519   710   303776.9684   424   302668.0000   304060.6696   272739    0.46%
   1523   714   303648.4389   446   302668.0000   304060.6696   274683    0.46%
   1534   725   303557.9762   434   302668.0000   304060.6696   277236    0.46%
   1547   738   303404.5944   449   302668.0000   304060.6696   279889    0.46%
Elapsed time = 2431.57 sec. (1208085.74 ticks, tree = 21.08 MB, solutions = 4)
   1562   753   303214.2962   418   302668.0000   304060.6696   281754    0.46%
   1571   762   303335.4187   399   302668.0000   304060.6696   283994    0.46%
   1591   778   303319.2530   379   302668.0000   304060.6696   285097    0.46%
   1608   794   303080.6598   332   302668.0000   304060.6696   287211    0.46%
   1625   809   303010.2484   319   302668.0000   304060.6696   288904    0.46%
   1641   818   302718.6865   327   302668.0000   304060.6696   290470    0.46%
   1651   819   302669.4542   306   302668.0000   304060.6696   290953    0.46%
   1665   820   302669.3433   308   302668.0000   304060.6696   291017    0.46%
   1673   820   303520.2084   437   302668.0000   304059.0433   293446    0.46%
   1685   832   303481.4662   440   302668.0000   304059.0433   294764    0.46%
Elapsed time = 2520.16 sec. (1251205.29 ticks, tree = 22.70 MB, solutions = 4)
   1706   853   303396.7006   437   302668.0000   304059.0433   296988    0.46%
*  1709+  845                       302675.0000   304059.0433   297687    0.46%
*  1709+  844                       302686.0000   304059.0433   297687    0.45%
*  1709+  839                       302694.0000   304059.0433   297687    0.45%
   1709   841   303373.5498   423   302694.0000   304059.0433   297687    0.45%
   1760   892   303266.8573   398   302694.0000   304059.0433   300154    0.45%
   1783   914   303131.4394   389   302694.0000   304059.0433   301903    0.45%
   1810   940   302899.2511   403   302694.0000   304059.0433   303460    0.45%
   1827   949   302845.6921   385   302694.0000   304059.0433   304039    0.45%
   1836   951   302819.9279   389   302694.0000   304059.0433   304559    0.45%
   1848   958   302736.2166   403   302694.0000   304059.0433   305167    0.45%
   1859   964   302697.3821   364   302694.0000   304059.0433   305912    0.45%
   1872   964   302696.7522   360   302694.0000   304059.0433   305951    0.45%
Elapsed time = 2603.41 sec. (1293524.20 ticks, tree = 26.36 MB, solutions = 7)
*  1884+  956                       302703.0000   304059.0433   306122    0.45%
   1884   956        cutoff         302703.0000   304058.9172   306122    0.45%
   1901   959   303883.9832   407   302703.0000   304052.3043   309723    0.45%
   1904   962   303129.3861   517   302703.0000   304052.3043   312349    0.45%
   1907   965   302981.2474   469   302703.0000   304052.3043   315351    0.45%
   1909   967   303998.0917   431   302703.0000   304052.3043   316126    0.45%
   1911   969   303894.7447   454   302703.0000   304052.3043   317593    0.45%
   1916   970   303892.7131   455   302703.0000   304052.3043   319133    0.45%
   1920   972   303516.4151   445   302703.0000   304052.3043   321126    0.45%
   1935   983   303286.9541   450   302703.0000   304052.3043   322403    0.45%
   1940   986   303158.6603   417   302703.0000   304052.3043   323935    0.45%
Elapsed time = 2723.58 sec. (1349546.77 ticks, tree = 26.91 MB, solutions = 8)
   1946   990   303073.0279   426   302703.0000   304052.3043   325542    0.45%
   1951   995   302965.9668   427   302703.0000   304052.3043   326439    0.45%
   1966  1007   302804.7074   416   302703.0000   304052.3043   328236    0.45%
   1988  1024   302738.5091   385   302703.0000   304052.3043   329311    0.45%
   2004  1029   303404.8174   460   302703.0000   304051.6963   331830    0.45%
   2006  1031   303399.7739   452   302703.0000   304051.6963   332347    0.45%
   2013  1038   303381.5490   462   302703.0000   304051.6963   333520    0.45%
   2020  1045   303354.0782   468   302703.0000   304051.6963   334702    0.45%
   2034  1059   303320.5191   459   302703.0000   304051.6963   335886    0.45%
   2050  1075   303303.5455   444   302703.0000   304051.6963   336775    0.45%
Elapsed time = 2839.31 sec. (1401451.12 ticks, tree = 29.40 MB, solutions = 8)
   2064  1089   303242.4783   442   302703.0000   304051.6963   337998    0.45%
   2074  1098   303209.4865   432   302703.0000   304051.6963   338769    0.45%
   2085  1108   303192.9430   434   302703.0000   304051.6963   339925    0.45%
   2096  1119   303156.6870   408   302703.0000   304051.6963   341064    0.45%
   2108  1130   303108.3525   404   302703.0000   304051.6963   341733    0.45%
*  2109+ 1126                       302706.0000   304051.6963   341734    0.44%
   2122  1140   303036.1507   383   302706.0000   304051.6963   343078    0.44%
   2136  1153   302981.5369   392   302706.0000   304051.6963   344247    0.44%
   2150  1164   302910.8965   397   302706.0000   304051.6963   345014    0.44%
   2162  1167   302907.8820   393   302706.0000   304051.6963   345229    0.44%
   2174  1171   302863.9832   414   302706.0000   304051.6963   346096    0.44%
Elapsed time = 2930.08 sec. (1446946.65 ticks, tree = 32.11 MB, solutions = 9)
   2190  1181   302841.9293   415   302706.0000   304051.6963   346648    0.44%
   2207  1190   303483.1845   465   302706.0000   304049.9548   349877    0.44%
*  2209+ 1188                       302708.0000   304049.9548   350250    0.44%
   2209  1190   303478.1852   476   302708.0000   304049.9548   350250    0.44%
   2216  1197   303320.5310   441   302708.0000   304049.9548   352336    0.44%
   2225  1206   303167.3856   430   302708.0000   304049.9548   353742    0.44%
   2229  1210   303223.3851   443   302708.0000   304049.9548   354646    0.44%
   2233  1213   302978.7633   430   302708.0000   304049.9548   355838    0.44%
   2250  1226   302907.5377   403   302708.0000   304049.9548   357156    0.44%
   2262  1235   302838.6585   403   302708.0000   304049.9548   358008    0.44%
   2271  1243   302721.8691   382   302708.0000   304049.9548   359595    0.44%
Elapsed time = 3031.42 sec. (1498402.63 ticks, tree = 34.16 MB, solutions = 10)
   2278  1243   302721.6887   377   302708.0000   304049.9548   359634    0.44%
   2288  1243   302720.9864   374   302708.0000   304049.9548   359713    0.44%
   2298  1244   302710.6003   375   302708.0000   304049.9548   359866    0.44%
   2318  1255   303983.5066   421   302708.0000   304047.1295   361379    0.44%
   2335  1272   303924.7929   424   302708.0000   304047.1295   363775    0.44%
   2345  1282   303895.3023   422   302708.0000   304047.1295   364681    0.44%
   2349  1286   303874.5260   417   302708.0000   304047.1295   365750    0.44%
   2362  1299   303853.1698   417   302708.0000   304047.1295   366519    0.44%
   2372  1309   303810.7761   407   302708.0000   304047.1295   367988    0.44%
   2385  1322   303773.3433   409   302708.0000   304047.1295   369501    0.44%
Elapsed time = 3126.86 sec. (1543598.17 ticks, tree = 36.18 MB, solutions = 10)
   2398  1335   303726.4184   416   302708.0000   304047.1295   370682    0.44%
   2409  1346   303686.6484   402   302708.0000   304047.1295   371592    0.44%
   2432  1369   303606.6270   383   302708.0000   304047.1295   373543    0.44%
   2445  1382   303548.9213   386   302708.0000   304047.1295   374376    0.44%
   2453  1389   303390.3596   385   302708.0000   304047.1295   375824    0.44%
   2464  1397   303351.7354   388   302708.0000   304047.1295   376245    0.44%
   2473  1406   303244.8702   380   302708.0000   304047.1295   377111    0.44%
   2485  1413   303205.9665   364   302708.0000   304047.1295   377849    0.44%
   2493  1418   303028.3743   375   302708.0000   304047.1295   378722    0.44%
   2499  1423   303001.5715   362   302708.0000   304047.1295   379010    0.44%
Elapsed time = 3205.75 sec. (1585305.08 ticks, tree = 38.87 MB, solutions = 10)
   2507  1430   302981.9494   370   302708.0000   304047.1295   379214    0.44%
*  2509+ 1422                       302716.0000   304047.1295   379385    0.44%
   2509  1423   302964.9747   371   302716.0000   304047.1295   379385    0.44%
   2520  1429   302942.0551   369   302716.0000   304047.1295   379709    0.44%
   2529  1434   302801.1131   359   302716.0000   304047.1295   380231    0.44%
   2547  1444   302768.2844   348   302716.0000   304047.1295   380458    0.44%
   2558  1444   302750.9552   348   302716.0000   304047.1295   380665    0.44%
   2566  1444   302749.8671   351   302716.0000   304047.1295   380811    0.44%
   2575  1445   302743.5923   354   302716.0000   304047.1295   381121    0.44%
   2583  1446   302731.1327   349   302716.0000   304047.1295   381287    0.44%
   2589  1446   303483.2238   462   302716.0000   304046.1776   383482    0.44%
Elapsed time = 3281.19 sec. (1629409.16 ticks, tree = 39.55 MB, solutions = 11)
*  2609+ 1460                       302717.0000   304046.1776   385268    0.44%
   2609  1462   303410.3033   424   302717.0000   304046.1776   385268    0.44%
   2642  1495   303356.1049   444   302717.0000   304046.1776   387294    0.44%
   2665  1518   303255.1890   428   302717.0000   304046.1776   390126    0.44%
   2679  1532   303209.7723   432   302717.0000   304046.1776   391734    0.44%
   2691  1544   303140.0032   443   302717.0000   304046.1776   393531    0.44%
   2704  1554   303074.3319   444   302717.0000   304046.1776   394980    0.44%
   2709  1559   303056.8355   425   302717.0000   304046.1776   395376    0.44%
   2717  1565   302983.6129   433   302717.0000   304046.1776   396574    0.44%
   2719  1565   302959.1588   426   302717.0000   304046.1776   396913    0.44%
   2722  1565   302939.8305   414   302717.0000   304046.1776   397291    0.44%
Elapsed time = 3559.74 sec. (1734871.16 ticks, tree = 42.75 MB, solutions = 12)
   2729  1568   302796.8097   413   302717.0000   304046.1776   398577    0.44%
   2750  1580   302718.9320   397   302717.0000   304046.1776   399282    0.44%
   2757  1575   303969.1710   463   302717.0000   304045.5218   400814    0.44%

Flow cuts applied:  148
Mixed integer rounding cuts applied:  221
Gomory fractional cuts applied:  55

Root node processing (before b&c):
  Real time             =  250.02 sec. (118268.28 ticks)
Sequential b&c:
  Real time             = 3350.03 sec. (1634434.75 ticks)
                          ------------
Total (root+branch&cut) = 3600.05 sec. (1752703.02 ticks)
