1 of 1 MIP starts provided solutions.
MIP start 'm1' defined initial solution with objective 302437.0000.
Tried aggregator 1 time.
MIP Presolve eliminated 0 rows and 1 columns.
Reduced MIP has 90300 rows, 60100 columns, and 6210000 nonzeros.
Reduced MIP has 30000 binaries, 0 generals, 0 SOSs, and 0 indicators.
Presolve time = 4.16 sec. (1536.96 ticks)
Probing time = 0.18 sec. (77.15 ticks)
Tried aggregator 1 time.
Reduced MIP has 90300 rows, 60100 columns, and 6210000 nonzeros.
Reduced MIP has 30000 binaries, 0 generals, 0 SOSs, and 0 indicators.
Presolve time = 4.58 sec. (1815.54 ticks)
Probing time = 0.17 sec. (77.14 ticks)
Clique table members: 300.
MIP emphasis: balance optimality and feasibility.
MIP search method: dynamic search.
Parallel mode: none, using 1 thread.
Root relaxation solution time = 31.74 sec. (12529.00 ticks)

        Nodes                                         Cuts/
   Node  Left     Objective  IInf  Best Integer    Best Bound    ItCnt     Gap

*     0+    0                       302437.0000   2.29711e+07    21573     --- 
      0     0   304713.4661   310   302437.0000   304713.4661    21573    0.75%
      0     0   304544.4101   384   302437.0000     Cuts: 211    23258    0.70%
      0     0   304428.2386   421   302437.0000     Cuts: 198    25623    0.66%
      0     0   304387.2932   428   302437.0000     Cuts: 120    26878    0.64%
      0     0   304371.4376   451   302437.0000      Cuts: 78    27797    0.64%
      0     0   304362.5466   457   302437.0000      Cuts: 55    28427    0.64%
      0     0   304357.8566   472   302437.0000      Cuts: 30    28971    0.64%
Heuristic still looking.
      0     2   304357.8566   472   302437.0000   304357.6430    28971    0.64%
Elapsed time = 267.20 sec. (109712.90 ticks, tree = 0.00 MB, solutions = 1)
      1     3   304351.1309   463   302437.0000   304357.6430    29241    0.64%
      2     4   304350.9846   476   302437.0000   304350.9640    29612    0.63%
      3     5   304321.7362   437   302437.0000   304350.9640    30195    0.63%
      4     6   304316.1069   435   302437.0000   304350.9640    30312    0.63%
      5     7   304297.3997   432   302437.0000   304350.9640    30723    0.63%
      6     8   304256.8561   432   302437.0000   304350.9640    31973    0.63%
      7     9   304248.9562   448   302437.0000   304350.9640    32480    0.63%
      8    10   304278.4362   422   302437.0000   304350.9640    32723    0.63%
      9    11   304265.5428   425   302437.0000   304350.9640    32985    0.63%
     10    12   304137.9413   401   302437.0000   304350.9640    34006    0.63%
Elapsed time = 290.38 sec. (117880.19 ticks, tree = 0.26 MB, solutions = 1)
     12    14   304130.1967   408   302437.0000   304350.9640    34228    0.63%
     15    17   304121.0255   382   302437.0000   304350.9640    34789    0.63%
     20    22   304096.0832   367   302437.0000   304350.9640    35367    0.63%
     26    28   304075.0670   338   302437.0000   304350.9640    36397    0.63%
     34    36   303991.0748   341   302437.0000   304350.9640    37554    0.63%
     45    47   303375.6111   321   302437.0000   304350.9640    40075    0.63%
     52    54   303984.9856   310   302437.0000   304350.9640    40711    0.63%
     57    57   303972.9918   319   302437.0000   304350.9640    41883    0.63%
     73    71   303958.3346   269   302437.0000   304350.9640    43138    0.63%
     84    82   303423.0897   288   302437.0000   304350.9640    46277    0.63%
Elapsed time = 326.23 sec. (129757.47 ticks, tree = 5.42 MB, solutions = 1)
     95    93   303719.7458   228   302437.0000   304350.9640    48568    0.63%
    108   106   303690.9722   204   302437.0000   304350.9640    49425    0.63%
    121   119   303524.8190   211   302437.0000   304350.9640    50771    0.63%
    131   129   303423.8052   182   302437.0000   304350.9640    52528    0.63%
    140   136   303509.1740   177   302437.0000   304350.9640    53436    0.63%
    149   143        cutoff         302437.0000   304350.9640    54968    0.63%
    155   147   303431.6869   172   302437.0000   304350.9640    55121    0.63%
    169   161   303402.9080   155   302437.0000   304350.9640    56351    0.63%
    182   172   303353.7948   143   302437.0000   304350.9640    58384    0.63%
    189   179   303317.4390   155   302437.0000   304350.9640    61729    0.63%
Elapsed time = 353.39 sec. (142062.52 ticks, tree = 8.39 MB, solutions = 1)
    194   180   303291.1454   162   302437.0000   304350.9640    62104    0.63%
    200   180    infeasible         302437.0000   304350.9640    62206    0.63%
    203   181   303263.1175   158   302437.0000   304350.9640    62220    0.63%
    207   181    infeasible         302437.0000   304350.9640    62302    0.63%
    213   183    infeasible         302437.0000   304350.9640    62337    0.63%
    222   186   303192.8109   166   302437.0000   304350.9640    63030    0.63%
    230   190   303134.2293   172   302437.0000   304350.9640    63138    0.63%
    238   193        cutoff         302437.0000   304350.9640    63844    0.63%
    247   197   303035.0281   193   302437.0000   304350.9640    63967    0.63%
    254   196   303003.3854   204   302437.0000   304350.9640    63992    0.63%
Elapsed time = 371.05 sec. (152416.14 ticks, tree = 8.99 MB, solutions = 1)
    270   201    infeasible         302437.0000   304350.9640    64147    0.63%
    282   206   302916.7532   204   302437.0000   304350.9640    64433    0.63%
    292   209   302868.5080   208   302437.0000   304350.9640    64685    0.63%
    304   213   302788.8618   209   302437.0000   304350.9640    64863    0.63%
    315   215   302695.3120   220   302437.0000   304350.9640    65149    0.63%
    326   216   302615.1497   205   302437.0000   304350.9640    65590    0.63%
    336   216   304347.9858   468   302437.0000   304349.4215    66024    0.63%
    338   218   304318.5920   450   302437.0000   304349.4215    66996    0.63%
    340   220   304295.2682   438   302437.0000   304349.4215    67607    0.63%
    345   225   304236.9562   419   302437.0000   304349.4215    68943    0.63%
Elapsed time = 396.54 sec. (163634.69 ticks, tree = 9.84 MB, solutions = 1)
    348   228   304223.9014   389   302437.0000   304349.4215    69911    0.63%
    352   230   304211.4179   385   302437.0000   304349.4215    71348    0.63%
    357   235   303709.8493   417   302437.0000   304349.4215    73553    0.63%
    363   241   304161.9099   347   302437.0000   304349.4215    74241    0.63%
    366   244   302708.6309   467   302437.0000   304349.4215    77520    0.63%
    368   246   303546.8304   373   302437.0000   304349.4215    79972    0.63%
    375   253   304122.8323   341   302437.0000   304349.4215    80686    0.63%
    387   263   304070.7560   306   302437.0000   304349.4215    81994    0.63%
    395   271   304043.5458   299   302437.0000   304349.4215    84323    0.63%
    401   275        cutoff         302437.0000   304349.4215    86475    0.63%
Elapsed time = 425.84 sec. (175518.12 ticks, tree = 11.25 MB, solutions = 1)
    409   283   303988.7689   296   302437.0000   304349.4215    88590    0.63%
    419   293   303951.1784   271   302437.0000   304349.4215    91101    0.63%
    428   302   303749.3260   291   302437.0000   304349.4215    93663    0.63%
    436   308    infeasible         302437.0000   304349.4215    95139    0.63%
    446   316   303714.7526   264   302437.0000   304349.4215    96363    0.63%
    458   327   303564.8338   266   302437.0000   304349.4215    97549    0.63%
    466   333   303703.5043   242   302437.0000   304349.4215    99565    0.63%
    473   336    infeasible         302437.0000   304349.4215    99677    0.63%
    481   344   303550.9961   225   302437.0000   304349.4215   101155    0.63%
    492   355   303513.5281   216   302437.0000   304349.4215   103368    0.63%
Elapsed time = 449.89 sec. (186158.82 ticks, tree = 13.65 MB, solutions = 1)
    504   367   303398.1313   207   302437.0000   304349.4215   104570    0.63%
    509   372   304333.2319   487   302437.0000   304333.2106   138058    0.63%
    510   372   304331.0654   486   302437.0000   304327.8450   138439    0.63%
    511   373   304320.6239   472   302437.0000   304324.5879   139007    0.62%
    512   373   304185.1268   450   302437.0000   304319.8960   140222    0.62%
    513   374   304301.3339   460   302437.0000   304319.8960   140478    0.62%
    514   374   304282.2959   460   302437.0000   304319.8960   141021    0.62%
    515   374   304242.9680   445   302437.0000   304319.8960   142670    0.62%
    516   374   304277.7642   454   302437.0000   304319.8960   143119    0.62%
    517   374   304168.5380   463   302437.0000   304319.8960   144561    0.62%
Elapsed time = 1254.83 sec. (488710.53 ticks, tree = 14.15 MB, solutions = 1)
    518   375   304275.5008   440   302437.0000   304319.8960   144876    0.62%
    519   375   304271.1445   444   302437.0000   304319.8960   145084    0.62%
    520   375   304267.6667   442   302437.0000   304319.8960   145389    0.62%
    521   375   303821.7331   453   302437.0000   304319.8960   147191    0.62%
    522   376   303820.5848   451   302437.0000   304319.8960   147359    0.62%
    523   376   303816.1876   457   302437.0000   304319.8960   147501    0.62%
    524   376   303810.3010   449   302437.0000   304319.8960   147578    0.62%
    525   377   303808.8260   448   302437.0000   304319.8960   147627    0.62%
    527   356   303806.4780   446   302437.0000   304319.8960   148030    0.62%
    528   357   303805.5103   438   302437.0000   304319.8960   148090    0.62%
Elapsed time = 1351.95 sec. (526766.81 ticks, tree = 13.38 MB, solutions = 1)
    529   357   303805.2621   441   302437.0000   304319.8960   148097    0.62%
    530   357   303805.2118   440   302437.0000   304319.8960   148098    0.62%
    531   358   303803.8323   439   302437.0000   304319.8960   148156    0.62%
    533   341   303801.7675   432   302437.0000   304319.8960   148410    0.62%
    534   342   303801.1747   439   302437.0000   304319.8960   148572    0.62%
    536   327   303800.4305   440   302437.0000   304319.8960   148805    0.62%
    537   327   303800.2510   437   302437.0000   304319.8960   148855    0.62%
    538   328   303800.0440   434   302437.0000   304319.8960   148912    0.62%
    539   328   303799.5452   438   302437.0000   304319.8960   148997    0.62%
    543   317   303792.7868   447   302437.0000   304319.8960   149524    0.62%
Elapsed time = 1406.07 sec. (553801.45 ticks, tree = 11.71 MB, solutions = 1)
    544   317   303304.6189   475   302437.0000   304319.8960   151355    0.62%
    547   318   303792.1462   445   302437.0000   304319.8960   151432    0.62%
    549   320   303791.1633   445   302437.0000   304319.8960   151450    0.62%
    552   311   303791.0408   438   302437.0000   304319.8960   151492    0.62%
    556   305   303790.6610   429   302437.0000   304319.8960   151717    0.62%
    560   299   303780.6492   430   302437.0000   304319.8960   152025    0.62%
    563   300   303775.3651   436   302437.0000   304319.8960   152137    0.62%
    564   300   302454.3888   507   302437.0000   304319.8960   155445    0.62%
    566   292   304080.5856   446   302437.0000   304291.4153   157528    0.61%
    568   293   304080.2892   446   302437.0000   304291.4153   157544    0.61%
Elapsed time = 1547.06 sec. (612201.56 ticks, tree = 11.65 MB, solutions = 1)
    574   296   304066.9492   431   302437.0000   304291.4153   157993    0.61%
    576   298   304066.3602   427   302437.0000   304291.4153   159502    0.61%
    582   301   304006.9094   423   302437.0000   304291.4153   161127    0.61%
    587   304   303996.4171   410   302437.0000   304291.4153   162234    0.61%
    590   306   303554.8980   433   302437.0000   304291.4153   164732    0.61%
    593   308   303418.1884   430   302437.0000   304291.4153   166632    0.61%
    603   314   303984.1081   391   302437.0000   304291.4153   168100    0.61%
    613   322   303929.4215   378   302437.0000   304291.4153   169432    0.61%
    619   324   303767.1161   362   302437.0000   304291.4153   170794    0.61%
    627   329   303837.5523   364   302437.0000   304291.4153   172122    0.61%
Elapsed time = 1660.52 sec. (659094.76 ticks, tree = 20.59 MB, solutions = 1)
    632   330   303767.1292   363   302437.0000   304291.4153   173242    0.61%
    637   332   303729.2623   351   302437.0000   304291.4153   174426    0.61%
    654   344   303678.1308   340   302437.0000   304291.4153   175780    0.61%
    666   353   303564.0975   329   302437.0000   304291.4153   177516    0.61%
    676   358   303250.2840   332   302437.0000   304291.4153   179481    0.61%
    691   362   302590.9289   360   302437.0000   304291.4153   181571    0.61%
    707   369   302497.8162   338   302437.0000   304291.4153   182065    0.61%
    727   363   304252.3561   458   302437.0000   304276.2236   183507    0.61%
    739   369   304237.7420   451   302437.0000   304276.2236   184571    0.61%
    752   376   304180.8198   433   302437.0000   304276.2236   186284    0.61%
Elapsed time = 1755.67 sec. (707999.50 ticks, tree = 21.32 MB, solutions = 1)
    762   381   304140.0176   429   302437.0000   304276.2236   187442    0.61%
    765   384   304079.9159   418   302437.0000   304276.2236   188315    0.61%
    777   391   303998.0736   420   302437.0000   304276.2236   190095    0.61%
    788   394   303969.4155   414   302437.0000   304276.2236   191430    0.61%
    805   398   303928.7386   391   302437.0000   304276.2236   192659    0.61%
    819   404   303835.1764   354   302437.0000   304276.2236   195164    0.61%
    835   412   303729.4513   349   302437.0000   304276.2236   198175    0.61%
    853   422   303603.7297   339   302437.0000   304276.2236   200330    0.61%
    877   435   303488.9776   313   302437.0000   304276.2236   201624    0.61%
    896   446   303405.8427   322   302437.0000   304276.2236   202521    0.61%
Elapsed time = 1851.81 sec. (751799.19 ticks, tree = 22.40 MB, solutions = 1)
    911   451   303489.6910   460   302437.0000   304266.7334   206173    0.60%
    915   453   303485.7609   451   302437.0000   304266.7334   206508    0.60%
    922   457   303476.4878   446   302437.0000   304266.7334   206678    0.60%
    942   471   303435.7585   436   302437.0000   304266.7334   209020    0.60%
    949   477   303403.7265   408   302437.0000   304266.7334   210145    0.60%
    980   498   303277.8680   373   302437.0000   304266.7334   212156    0.60%
   1000   511   303047.3868   357   302437.0000   304266.7334   213985    0.60%
   1011   517   302598.8583   392   302437.0000   304266.7334   215803    0.60%
   1022   512   302598.4354   392   302437.0000   304266.7334   215821    0.60%
   1034   511   302583.6732   372   302437.0000   304266.7334   216175    0.60%
Elapsed time = 1949.25 sec. (799441.66 ticks, tree = 23.54 MB, solutions = 1)
   1052   509   302555.8901   373   302437.0000   304266.7334   216612    0.60%
   1068   502   302555.4137   374   302437.0000   304266.7334   216632    0.60%
   1084   507   304259.9244   433   302437.0000   304265.4148   217647    0.60%
   1108   521   304218.9671   426   302437.0000   304265.4148   220354    0.60%
*  1109+  514                       302441.0000   304265.4148   220361    0.60%
*  1109+  506                       302457.0000   304265.4148   220361    0.60%
*  1109+  503                       302461.0000   304265.4148   220361    0.60%
*  1109+  499                       302497.0000   304265.4148   220361    0.58%
*  1109+  495                       302517.0000   304265.4148   220361    0.58%
   1109   497   304218.3686   424   302517.0000   304265.4148   220361    0.58%
   1126   514   304112.4970   425   302517.0000   304265.4148   224070    0.58%
   1148   536   303939.6529   370   302517.0000   304265.4148   227825    0.58%
   1169   557   303789.7170   336   302517.0000   304265.4148   230854    0.58%
   1200   587   303638.3397   338   302517.0000   304265.4148   232792    0.58%
   1235   622   303477.5789   291   302517.0000   304265.4148   234160    0.58%
Elapsed time = 2045.09 sec. (842095.42 ticks, tree = 25.89 MB, solutions = 6)
   1265   651   303372.3727   292   302517.0000   304265.4148   235612    0.58%
   1284   669   303302.9873   286   302517.0000   304265.4148   236773    0.58%
*  1309+  677                       302566.0000   304265.4148   237373    0.56%
   1309   679   303211.9296   272   302566.0000   304265.4148   237373    0.56%
   1312   680   302847.3505   508   302566.0000   304259.2933   242592    0.56%
   1314   682   302846.5545   509   302566.0000   304259.2933   242598    0.56%
   1319   686   302844.8474   501   302566.0000   304259.2933   242827    0.56%
   1338   705   302799.6707   450   302566.0000   304259.2933   244212    0.56%
   1366   732   302731.3861   428   302566.0000   304259.2933   245163    0.56%
   1396   757   302635.1603   394   302566.0000   304259.2933   246761    0.56%
*  1409+  764                       302568.0000   304259.2933   247066    0.56%
   1414   765        cutoff         302568.0000   304256.2278   247182    0.56%
Elapsed time = 2140.90 sec. (885721.36 ticks, tree = 30.01 MB, solutions = 8)
   1424   757   302681.5925   562   302568.0000   304242.3704   253708    0.55%
   1425   757   302680.6541   552   302568.0000   304242.3704   253835    0.55%
   1429   759   302668.0466   536   302568.0000   304242.3704   254169    0.55%
   1431   761   302668.0250   534   302568.0000   304242.3704   254222    0.55%
   1436   762   302666.5022   534   302568.0000   304242.3704   254412    0.55%
   1451   774        cutoff         302568.0000   304242.3704   256224    0.55%
   1453   773   302726.2505   544   302568.0000   304241.6506   260752    0.55%
   1473   792   302670.9896   551   302568.0000   304241.6506   263224    0.55%
   1489   803   302577.5583   536   302568.0000   304241.6506   266312    0.55%
   1512   822   304201.9811   421   302568.0000   304241.4085   268680    0.55%
Elapsed time = 2318.81 sec. (949312.45 ticks, tree = 31.57 MB, solutions = 8)
   1524   830   303547.1770   407   302568.0000   304241.4085   273466    0.55%
   1534   837   304111.0492   427   302568.0000   304241.4085   275305    0.55%
   1547   847   303990.8419   414   302568.0000   304241.4085   277163    0.55%
   1553   852   303454.5622   434   302568.0000   304241.4085   279866    0.55%
   1555   854   303426.1181   420   302568.0000   304241.4085   280299    0.55%
   1564   863   303192.8238   417   302568.0000   304241.4085   282303    0.55%
   1570   868   303064.8722   425   302568.0000   304241.4085   283931    0.55%
   1580   876   303029.2522   420   302568.0000   304241.4085   285279    0.55%
   1603   894   302852.1610   411   302568.0000   304241.4085   287115    0.55%
   1614   904   302832.1826   406   302568.0000   304241.4085   288633    0.55%
Elapsed time = 2434.63 sec. (998497.61 ticks, tree = 33.81 MB, solutions = 8)
   1645   922   302742.7630   381   302568.0000   304241.4085   290927    0.55%
   1660   922   302741.6396   378   302568.0000   304241.4085   290968    0.55%
   1680   927   302723.7479   377   302568.0000   304241.4085   291470    0.55%
   1712   942        cutoff         302568.0000   304241.3836   293051    0.55%
   1714   944   303248.7625   498   302568.0000   304241.2795   297337    0.55%
   1718   948   303245.0743   495   302568.0000   304241.2795   297533    0.55%
   1728   958   303206.9495   493   302568.0000   304241.2795   298352    0.55%
   1744   974   303180.8685   483   302568.0000   304241.2795   299737    0.55%
   1758   987   303127.1745   455   302568.0000   304241.2795   301014    0.55%
   1781  1009   303023.1400   454   302568.0000   304241.2795   302230    0.55%
Elapsed time = 2528.59 sec. (1043683.78 ticks, tree = 36.71 MB, solutions = 8)
   1789  1017   302862.9737   452   302568.0000   304241.2795   302926    0.55%
   1805  1030   302838.7744   451   302568.0000   304241.2795   303007    0.55%
   1820  1033   302836.7057   449   302568.0000   304241.2795   303045    0.55%
   1834  1035   302834.6121   449   302568.0000   304241.2795   303088    0.55%
   1865  1062   302594.9779   416   302568.0000   304241.2795   305455    0.55%
   1885  1054        cutoff         302568.0000   304232.7649   307302    0.55%
   1887  1056   302837.6438   503   302568.0000   304232.2854   310575    0.55%
   1890  1059   302832.5120   496   302568.0000   304232.2854   310979    0.55%
   1897  1066   302812.5832   463   302568.0000   304232.2854   312085    0.55%
   1911  1079   302770.8771   465   302568.0000   304232.2854   313137    0.55%
Elapsed time = 2618.43 sec. (1085252.88 ticks, tree = 38.82 MB, solutions = 8)
   1921  1089   302741.1746   465   302568.0000   304232.2854   314222    0.55%
   1941  1109   302676.3665   447   302568.0000   304232.2854   315830    0.55%
   1957  1121   302615.1752   426   302568.0000   304232.2854   316786    0.55%
   1972  1126   302585.2628   412   302568.0000   304232.2854   317238    0.55%
   1981  1126   304020.2640   431   302568.0000   304229.3865   319503    0.55%
   1997  1142   303962.7803   407   302568.0000   304229.3865   320713    0.55%
   2012  1157   303917.6938   406   302568.0000   304229.3865   322509    0.55%
   2036  1181   303849.1660   412   302568.0000   304229.3865   324012    0.55%
   2053  1198   303766.2218   392   302568.0000   304229.3865   325594    0.55%
   2090  1235   303726.3062   404   302568.0000   304229.3865   326674    0.55%
Elapsed time = 2723.21 sec. (1130111.30 ticks, tree = 43.01 MB, solutions = 8)
*  2109+ 1248                       302574.0000   304229.3865   327474    0.55%
   2109  1250   303709.1676   405   302574.0000   304229.3865   327474    0.55%
   2124  1265   303669.7853   402   302574.0000   304229.3865   328433    0.55%
   2147  1288   303567.3403   393   302574.0000   304229.3865   329598    0.55%
   2179  1320   303502.5803   378   302574.0000   304229.3865   330979    0.55%
   2189  1330   303436.0788   376   302574.0000   304229.3865   331224    0.55%
   2211  1351   303368.8082   329   302574.0000   304229.3865   332071    0.55%
   2235  1373   303296.7189   342   302574.0000   304229.3865   332982    0.55%
   2252  1384   303192.7194   343   302574.0000   304229.3865   333910    0.55%
   2261  1384   303178.2030   337   302574.0000   304229.3865   334181    0.55%
   2273  1387   303154.8518   333   302574.0000   304229.3865   334995    0.55%
Elapsed time = 2822.39 sec. (1174145.43 ticks, tree = 47.13 MB, solutions = 9)
   2284  1393   302956.8841   343   302574.0000   304229.3865   336111    0.55%
   2306  1406   302814.1371   341   302574.0000   304229.3865   336773    0.55%
   2323  1408   302813.5476   339   302574.0000   304229.3865   336793    0.55%
   2340  1410   302805.6963   339   302574.0000   304229.3865   336946    0.55%
   2357  1416   302757.9080   334   302574.0000   304229.3865   337459    0.55%
*  2375+ 1418                       302576.0000   304229.3865   337949    0.55%
   2375  1418        cutoff         302576.0000   304229.3693   337949    0.55%
   2383  1420   303764.3499   438   302576.0000   304224.1096   341670    0.54%
   2414  1451   303686.6198   418   302576.0000   304224.1096   344809    0.54%
   2447  1484   303554.8780   411   302576.0000   304224.1096   347525    0.54%
   2469  1506   303521.0719   407   302576.0000   304224.1096   347959    0.54%
Elapsed time = 2915.56 sec. (1214185.28 ticks, tree = 50.29 MB, solutions = 10)
   2485  1522   303497.9731   411   302576.0000   304224.1096   348252    0.54%
   2503  1539   303464.0851   419   302576.0000   304224.1096   348626    0.54%
   2513  1546   303423.8283   419   302576.0000   304224.1096   349084    0.54%
   2527  1555   303385.2574   402   302576.0000   304224.1096   349651    0.54%
   2542  1563   303371.1988   396   302576.0000   304224.1096   349865    0.54%
   2557  1576   303333.6439   403   302576.0000   304224.1096   350732    0.54%
   2576  1592   303309.7662   405   302576.0000   304224.1096   351882    0.54%
   2581  1596   302831.6761   433   302576.0000   304224.1096   354145    0.54%
   2591  1598   302820.3511   413   302576.0000   304224.1096   354951    0.54%
   2609  1604   302751.2326   406   302576.0000   304224.1096   355738    0.54%
Elapsed time = 3001.94 sec. (1253963.91 ticks, tree = 52.93 MB, solutions = 10)
   2619  1608   302703.3533   407   302576.0000   304224.1096   356525    0.54%
   2637  1620   302655.5482   397   302576.0000   304224.1096   357316    0.54%
   2660  1632   302822.3861   504   302576.0000   304223.4708   361733    0.54%
   2682  1653   302746.7285   476   302576.0000   304223.4708   364049    0.54%
   2705  1675   302709.0944   455   302576.0000   304223.4708   365182    0.54%
*  2709+ 1676                       302577.0000   304223.4708   365633    0.54%
   2709  1678   302685.4135   468   302577.0000   304223.4708   365633    0.54%
   2732  1696   302580.1820   447   302577.0000   304223.4708   366910    0.54%
   2738  1693   303767.5779   441   302577.0000   304220.7844   369432    0.54%
   2741  1696   303762.8122   447   302577.0000   304220.7844   369578    0.54%
   2754  1708   303670.4184   459   302577.0000   304220.7844   371618    0.54%
Elapsed time = 3107.67 sec. (1298316.59 ticks, tree = 55.87 MB, solutions = 11)
   2775  1727   303518.1068   449   302577.0000   304220.7844   374318    0.54%
   2787  1739   303455.7469   421   302577.0000   304220.7844   375471    0.54%
   2799  1750   303351.9033   374   302577.0000   304220.7844   377694    0.54%
*  2809+ 1752                       302582.0000   304220.7844   378160    0.54%
   2831  1775   303101.3935   356   302582.0000   304220.7844   379050    0.54%
   2865  1809   302944.7748   344   302582.0000   304220.7844   380347    0.54%
   2887  1826   302872.1789   345   302582.0000   304220.7844   380805    0.54%
   2908  1838   302787.8971   351   302582.0000   304220.7844   381905    0.54%
   2926  1852   302695.4460   339   302582.0000   304220.7844   382667    0.54%
   2934  1853   302660.2331   337   302582.0000   304220.7844   383266    0.54%
   2948  1861   302597.3057   348   302582.0000   304220.7844   384731    0.54%
Elapsed time = 3182.42 sec. (1337948.08 ticks, tree = 60.10 MB, solutions = 12)
   2960  1865   303457.7800   456   302582.0000   304219.6367   386928    0.54%
   2963  1868   303454.4663   462   302582.0000   304219.6367   387050    0.54%
   2986  1891   303374.5489   423   302582.0000   304219.6367   389665    0.54%
   3022  1927   302960.8690   376   302582.0000   304219.6367   392142    0.54%
   3040  1945   302890.4101   368   302582.0000   304219.6367   393765    0.54%
   3080  1983   302765.1241   337   302582.0000   304219.6367   395088    0.54%
   3095  1983   302764.8470   337   302582.0000   304219.6367   395107    0.54%
   3109  1987   302741.4356   349   302582.0000   304219.6367   395309    0.54%
   3125  1996   302689.3447   348   302582.0000   304219.6367   395734    0.54%
   3150  2009        cutoff         302582.0000   304219.6367   396855    0.54%
Elapsed time = 3360.71 sec. (1416592.56 ticks, tree = 64.24 MB, solutions = 12)
   3153  2010   303576.7341   418   302582.0000   304218.1949   399395    0.54%
   3157  2014   303557.7892   430   302582.0000   304218.1949   399967    0.54%
   3178  2035   303510.2508   414   302582.0000   304218.1949   401340    0.54%
   3205  2062   303420.5258   410   302582.0000   304218.1949   403631    0.54%
*  3209+ 2054                       302587.0000   304218.1949   403762    0.54%
   3209  2056   303401.3050   402   302587.0000   304218.1949   403762    0.54%
   3249  2096   303270.5835   390   302587.0000   304218.1949   406080    0.54%
   3297  2142   303084.9308   390   302587.0000   304218.1949   408203    0.54%
   3328  2169   303036.3945   369   302587.0000   304218.1949   409559    0.54%
   3347  2184   303013.7784   361   302587.0000   304218.1949   409853    0.54%
   3372  2202   302959.6412   357   302587.0000   304218.1949   410591    0.54%
Elapsed time = 3447.82 sec. (1465885.56 ticks, tree = 69.52 MB, solutions = 13)
   3393  2217   302931.8420   333   302587.0000   304218.1949   411161    0.54%
   3409  2229   302709.5298   367   302587.0000   304218.1949   412239    0.54%
   3412  2229   303776.1230   431   302587.0000   304210.9180   414964    0.54%
   3421  2238   303169.6216   511   302587.0000   304210.9180   420243    0.54%
   3435  2247   302606.8623   536   302587.0000   304210.9180   424199    0.54%
   3437  2247   302597.3685   529   302587.0000   304210.9180   424389    0.54%
   3438  2247   302587.8461   524   302587.0000   304210.9180   424572    0.54%
   3440  2247   303753.1365   432   302587.0000   304210.8503   426629    0.54%
   3445  2252   303707.2067   471   302587.0000   304210.8503   428108    0.54%
   3467  2274   303602.9620   469   302587.0000   304210.8503   431351    0.54%
Elapsed time = 3573.90 sec. (1525836.42 ticks, tree = 71.42 MB, solutions = 13)
   3501  2308   303515.6907   433   302587.0000   304210.8503   434182    0.54%

Flow cuts applied:  142
Mixed integer rounding cuts applied:  206
Lift and project cuts applied:  2
Gomory fractional cuts applied:  45

Root node processing (before b&c):
  Real time             =  265.55 sec. (108249.35 ticks)
Sequential b&c:
  Real time             = 3335.08 sec. (1428067.97 ticks)
                          ------------
Total (root+branch&cut) = 3600.63 sec. (1536317.32 ticks)
