1 of 1 MIP starts provided solutions.
MIP start 'm1' defined initial solution with objective 302737.0000.
Tried aggregator 1 time.
MIP Presolve eliminated 0 rows and 1 columns.
Reduced MIP has 90300 rows, 60100 columns, and 6210000 nonzeros.
Reduced MIP has 30000 binaries, 0 generals, 0 SOSs, and 0 indicators.
Presolve time = 3.09 sec. (1536.95 ticks)
Probing time = 0.14 sec. (80.15 ticks)
Tried aggregator 1 time.
Reduced MIP has 90300 rows, 60100 columns, and 6210000 nonzeros.
Reduced MIP has 30000 binaries, 0 generals, 0 SOSs, and 0 indicators.
Presolve time = 3.98 sec. (1815.44 ticks)
Probing time = 0.15 sec. (80.13 ticks)
Clique table members: 300.
MIP emphasis: balance optimality and feasibility.
MIP search method: dynamic search.
Parallel mode: none, using 1 thread.
Root relaxation solution time = 24.65 sec. (14644.80 ticks)

        Nodes                                         Cuts/
   Node  Left     Objective  IInf  Best Integer    Best Bound    ItCnt     Gap

*     0+    0                       302737.0000   2.30501e+07    23220     --- 
      0     0   304682.9354   345   302737.0000   304682.9354    23220    0.64%
      0     0   304490.0372   395   302737.0000     Cuts: 231    25339    0.58%
      0     0   304402.3188   466   302737.0000     Cuts: 194    27159    0.55%
      0     0   304344.7495   488   302737.0000     Cuts: 136    28298    0.53%
      0     0   304318.7394   507   302737.0000     Cuts: 105    28997    0.52%
      0     0   304307.4579   507   302737.0000      Cuts: 77    29410    0.52%
      0     0   304305.5599   498   302737.0000      Cuts: 40    30038    0.52%
      0     0   304304.5450   505   302737.0000      Cuts: 30    30583    0.52%
Heuristic still looking.
      0     2   304304.5450   505   302737.0000   304304.5419    30583    0.52%
Elapsed time = 260.02 sec. (102529.93 ticks, tree = 0.00 MB, solutions = 1)
      1     3   304303.3427   503   302737.0000   304304.5419    31053    0.52%
      2     4   304276.6927   477   302737.0000   304303.3065    32395    0.52%
      3     5   304266.9879   479   302737.0000   304303.3065    32655    0.52%
      4     6   304272.3240   480   302737.0000   304303.3065    33314    0.52%
      5     7   304255.9062   487   302737.0000   304303.3065    34578    0.52%
      7     9   304266.7620   477   302737.0000   304303.3065    34893    0.52%
      8    10   304244.4293   464   302737.0000   304303.3065    35676    0.52%
      9    11   304166.6255   457   302737.0000   304303.3065    36735    0.52%
     10    12   304229.6386   470   302737.0000   304303.3065    37228    0.52%
     12    14   304157.2915   455   302737.0000   304303.3065    37989    0.52%
Elapsed time = 291.17 sec. (112097.85 ticks, tree = 0.29 MB, solutions = 1)
     13    15   304111.6540   441   302737.0000   304303.3065    38349    0.52%
     17    19   304058.4380   438   302737.0000   304303.3065    39731    0.52%
     20    22   304009.0468   422   302737.0000   304303.3065    40773    0.52%
     25    27   303991.1670   417   302737.0000   304303.3065    41335    0.52%
     26    28   303881.9198   364   302737.0000   304303.3065    42502    0.52%
     32    34   303857.0780   358   302737.0000   304303.3065    43778    0.52%
     39    41   303098.7024   361   302737.0000   304303.3065    46842    0.52%
     42    44   303587.1819   388   302737.0000   304303.3065    48207    0.52%
     44    46   303074.7451   356   302737.0000   304303.3065    50185    0.52%
     47    49   303681.8020   338   302737.0000   304303.3065    51878    0.52%
Elapsed time = 342.36 sec. (125532.56 ticks, tree = 5.42 MB, solutions = 1)
     56    58   303211.2650   349   302737.0000   304303.3065    53886    0.52%
     68    70   303536.3221   305   302737.0000   304303.3065    55079    0.52%
     81    83   303360.1699   288   302737.0000   304303.3065    56745    0.52%
     94    94   303220.6598   294   302737.0000   304303.3065    59020    0.52%
    100   100   303319.3777   276   302737.0000   304303.3065    59704    0.52%
    112   112   303256.0887   277   302737.0000   304303.3065    61320    0.52%
    121   120   303212.9113   262   302737.0000   304303.3065    63608    0.52%
    131   130   303184.7704   245   302737.0000   304303.3065    64742    0.52%
    141   136   303087.2611   263   302737.0000   304303.3065    66038    0.52%
    152   141    infeasible         302737.0000   304303.3065    67160    0.52%
Elapsed time = 375.05 sec. (136811.85 ticks, tree = 8.08 MB, solutions = 1)
    160   141   303001.5943   274   302737.0000   304303.3065    67458    0.52%
    170   142    infeasible         302737.0000   304303.3065    67541    0.52%
    181   151   302798.7920   261   302737.0000   304303.3065    68492    0.52%
    189   154   304259.6948   476   302737.0000   304303.2874    71153    0.52%
    193   158   304202.4514   454   302737.0000   304303.2874    72323    0.52%
    195   160   304184.3303   443   302737.0000   304303.2874    73727    0.52%
    197   162   304091.6836   438   302737.0000   304303.2874    75664    0.52%
    200   165   304071.0598   432   302737.0000   304303.2874    76651    0.52%
    204   169   303907.1307   427   302737.0000   304303.2874    78666    0.52%
    213   178   304023.0147   414   302737.0000   304303.2874    80082    0.52%
Elapsed time = 416.62 sec. (151884.68 ticks, tree = 9.06 MB, solutions = 1)
    218   183   303901.6243   388   302737.0000   304303.2874    81506    0.52%
    227   192   303375.0690   391   302737.0000   304303.2874    84808    0.52%
    238   203   303657.1478   343   302737.0000   304303.2874    86959    0.52%
    246   211   302751.5632   391   302737.0000   304303.2874    90718    0.52%
    255   220   303543.7585   322   302737.0000   304303.2874    93120    0.52%
    261   226   303283.7516   360   302737.0000   304303.2874    95598    0.52%
    268   233   303619.0942   316   302737.0000   304303.2874    97329    0.52%
    281   246   303574.8374   299   302737.0000   304303.2874    98776    0.52%
    292   253   303529.1443   285   302737.0000   304303.2874    99601    0.52%
    305   266   303411.8212   286   302737.0000   304303.2874   101580    0.52%
Elapsed time = 452.43 sec. (163334.70 ticks, tree = 11.61 MB, solutions = 1)
    318   279   303442.0937   267   302737.0000   304303.2874   104015    0.52%
    320   281   303433.9406   256   302737.0000   304303.2874   104267    0.52%
    331   290   303408.4394   264   302737.0000   304303.2874   106619    0.52%
    340   297   303396.7054   260   302737.0000   304303.2874   108660    0.52%
    349   306   303377.7516   258   302737.0000   304303.2874   111509    0.52%
    357   312        cutoff         302737.0000   304303.2874   113438    0.52%
    365   316   303323.9013   267   302737.0000   304303.2874   113683    0.52%
    372   319   303042.3859   275   302737.0000   304303.2874   115328    0.52%
    381   326        cutoff         302737.0000   304303.2874   117892    0.52%
    390   333   303212.2674   269   302737.0000   304303.2874   118833    0.52%
Elapsed time = 482.43 sec. (174504.18 ticks, tree = 13.52 MB, solutions = 1)
    400   341   303146.6246   260   302737.0000   304303.2874   120426    0.52%
    410   347   303095.9519   265   302737.0000   304303.2874   121613    0.52%
    418   349    infeasible         302737.0000   304303.2874   121932    0.52%
    428   354   302967.4478   288   302737.0000   304303.2874   122944    0.52%
    433   355   302947.9980   287   302737.0000   304303.2874   123042    0.52%
    440   362   302924.3417   279   302737.0000   304303.2874   123536    0.52%
    450   366   302809.9200   275   302737.0000   304303.2874   124386    0.52%
    460   370   302748.4784   302   302737.0000   304303.2874   125507    0.52%
    465   368   304296.9996   505   302737.0000   304296.9691   126030    0.52%
    466   369   304293.4643   487   302737.0000   304296.7259   126817    0.52%
Elapsed time = 512.21 sec. (185782.22 ticks, tree = 14.59 MB, solutions = 1)
    470   373   304281.6340   475   302737.0000   304296.7259   128550    0.52%
    477   380   304261.0885   468   302737.0000   304296.7259   129629    0.52%
    480   383   304254.8064   462   302737.0000   304296.7259   130599    0.52%
    486   389   304232.3347   433   302737.0000   304296.7259   131659    0.52%
    489   392   304208.2431   445   302737.0000   304296.7259   132460    0.52%
    490   393   304196.0114   436   302737.0000   304296.7259   133360    0.52%
    494   397   304171.1596   435   302737.0000   304296.7259   134559    0.52%
    498   401   304148.0602   446   302737.0000   304296.7259   135615    0.52%
    502   405   304122.7207   440   302737.0000   304296.7259   136835    0.52%
    509   412   304288.2683   504   302737.0000   304285.9765   170870    0.51%
Elapsed time = 1121.48 sec. (386406.40 ticks, tree = 15.67 MB, solutions = 1)
    510   412   304278.8995   509   302737.0000   304280.7440   171504    0.51%
    511   413   304271.2319   501   302737.0000   304280.7440   172221    0.51%
    512   414   304123.3783   460   302737.0000   304280.7440   173910    0.51%
    513   415   304267.0784   500   302737.0000   304280.7440   174083    0.51%
    514   416   304263.9281   498   302737.0000   304280.7440   175855    0.51%
    515   417   304257.3381   495   302737.0000   304280.7440   176802    0.51%
    516   417   304254.9146   493   302737.0000   304280.7440   177415    0.51%
    517   418   304248.6431   487   302737.0000   304280.7440   178116    0.51%
    518   419   303966.4282   505   302737.0000   304280.7440   180942    0.51%
    519   420   304246.1145   485   302737.0000   304280.7440   181447    0.51%
Elapsed time = 1431.00 sec. (476340.45 ticks, tree = 16.89 MB, solutions = 1)
    520   421   304245.1061   484   302737.0000   304280.7440   182023    0.51%
    521   422   303761.5107   476   302737.0000   304280.7440   184013    0.51%
    522   422   304244.9012   485   302737.0000   304280.7440   184191    0.51%
    523   422   304244.3006   483   302737.0000   304280.7440   184202    0.51%
    524   423   303677.3036   468   302737.0000   304280.7440   186785    0.51%
    525   424   304243.7974   480   302737.0000   304280.7440   186818    0.51%
    526   425   304243.0370   479   302737.0000   304280.7440   186846    0.51%
    527   426   304241.7809   476   302737.0000   304280.7440   186998    0.51%
    528   427   303686.7338   462   302737.0000   304280.7440   190000    0.51%
    531   429   304240.0360   471   302737.0000   304280.7440   190580    0.51%
Elapsed time = 1602.56 sec. (526012.99 ticks, tree = 21.21 MB, solutions = 1)
    532   411   302723.5102   533   302737.0000   304280.7440   195198    0.51%
    534   412   304239.8015   469   302737.0000   304280.7440   195254    0.51%
    537   413   304236.6652   472   302737.0000   304280.7440   195726    0.51%
    539   414   303815.8562   487   302737.0000   304280.7440   198390    0.51%
    541   416   304230.9976   467   302737.0000   304280.7440   199560    0.51%
    543   404        cutoff         302737.0000   304280.7440   201818    0.51%
    544   404   304229.1770   466   302737.0000   304280.7440   202779    0.51%
    546   406   304227.7830   459   302737.0000   304280.7440   204806    0.51%
    548   407   303766.2089   463   302737.0000   304280.7440   207281    0.51%
    550   408   303682.2642   448   302737.0000   304280.7440   209076    0.51%
Elapsed time = 1808.92 sec. (583550.67 ticks, tree = 20.24 MB, solutions = 1)
    552   409   303325.2490   472   302737.0000   304280.7440   211572    0.51%
    555   411   303675.3679   449   302737.0000   304280.7440   212161    0.51%
    558   413   303599.7019   436   302737.0000   304280.7440   213159    0.51%
    560   415   303661.2847   448   302737.0000   304280.7440   213385    0.51%
    562   417   303332.4724   445   302737.0000   304280.7440   216389    0.51%
    565   419   303330.0285   446   302737.0000   304280.7440   217003    0.51%
    568   412   303153.4740   440   302737.0000   304280.7440   218330    0.51%
    570   413   303328.7014   445   302737.0000   304280.7440   218491    0.51%
    573   415   303314.4980   440   302737.0000   304280.7440   218993    0.51%
    575   417   303201.9753   437   302737.0000   304280.7440   220287    0.51%
Elapsed time = 1959.86 sec. (636673.86 ticks, tree = 20.28 MB, solutions = 1)
    578   412   303200.4180   433   302737.0000   304280.7440   221329    0.51%
    580   411   302761.5766   434   302737.0000   304280.7440   222814    0.51%
    589   401   304263.9400   480   302737.0000   304269.4686   224741    0.51%
    591   403   304263.2264   475   302737.0000   304269.4686   224999    0.51%
    592   403   303767.8679   455   302737.0000   304269.4686   227907    0.51%
    594   404   303762.0349   457   302737.0000   304269.4686   228369    0.51%
    596   405   303761.9521   456   302737.0000   304269.4686   230372    0.51%
    599   406   303760.0853   453   302737.0000   304269.4686   230579    0.51%
    600   406   303064.6022   479   302737.0000   304269.4686   233290    0.51%
    601   407   303064.5356   476   302737.0000   304269.4686   233296    0.51%
Elapsed time = 2110.36 sec. (691553.80 ticks, tree = 19.77 MB, solutions = 1)
    607   410   303046.8690   477   302737.0000   304269.4686   233546    0.51%
    610   413   303032.2324   479   302737.0000   304269.4686   234103    0.51%
    618   405   303024.0255   473   302737.0000   304269.4686   235093    0.51%
    629   403   302806.4080   477   302737.0000   304269.4686   237442    0.51%
    643   400   302788.2127   478   302737.0000   304269.4686   238309    0.51%
    659   397   302775.6620   460   302737.0000   304269.4686   238738    0.51%
    675   391   302759.8719   457   302737.0000   304269.4686   239364    0.51%
    684   385   304096.4884   480   302737.0000   304266.5918   242468    0.51%
    685   386   303309.4010   483   302737.0000   304266.5918   246040    0.51%
    687   388   303308.3355   476   302737.0000   304266.5918   246227    0.51%
Elapsed time = 2236.17 sec. (738400.37 ticks, tree = 18.63 MB, solutions = 1)
    691   390   303305.5385   475   302737.0000   304266.5918   246462    0.51%
    699   395   303277.3545   469   302737.0000   304266.5918   247967    0.51%
    716   406   303250.3189   467   302737.0000   304266.5918   250248    0.51%
    726   411   303208.6823   477   302737.0000   304266.5918   252728    0.51%
    742   418   303173.6896   472   302737.0000   304266.5918   253914    0.51%
    765   429   303137.0930   448   302737.0000   304266.5918   254907    0.51%
    780   439   303076.1925   435   302737.0000   304266.5918   255996    0.51%
    801   449   303037.6763   411   302737.0000   304266.5918   256496    0.51%
    815   454   302973.3056   416   302737.0000   304266.5918   257342    0.51%
    826   456   302932.5481   424   302737.0000   304266.5918   257830    0.51%
Elapsed time = 2340.12 sec. (780592.54 ticks, tree = 19.94 MB, solutions = 1)
    839   460   302865.7375   402   302737.0000   304266.5918   259288    0.51%
    852   461   302842.2495   396   302737.0000   304266.5918   259938    0.51%
    864   459   304086.9903   481   302737.0000   304262.9540   262504    0.50%
    869   462   304079.3731   483   302737.0000   304262.9540   263006    0.50%
    896   478   304041.0320   431   302737.0000   304262.9540   265926    0.50%
    920   491   303990.2102   423   302737.0000   304262.9540   268387    0.50%
    943   501   303932.3057   408   302737.0000   304262.9540   269944    0.50%
    967   514   303858.4196   376   302737.0000   304262.9540   271711    0.50%
    984   522   303795.8814   392   302737.0000   304262.9540   273323    0.50%
   1006   534   303794.8457   386   302737.0000   304262.9540   273364    0.50%
Elapsed time = 2465.59 sec. (824838.36 ticks, tree = 19.94 MB, solutions = 1)
   1027   540   303794.1213   388   302737.0000   304262.9540   273396    0.50%
   1045   541   303793.3258   387   302737.0000   304262.9540   273423    0.50%
   1063   536   303792.7267   386   302737.0000   304262.9540   273484    0.50%
   1083   540   303762.9447   382   302737.0000   304262.9540   274206    0.50%
   1097   548   303712.9795   369   302737.0000   304262.9540   275516    0.50%
*  1109+  526                       302746.0000   304262.9540   277330    0.50%
*  1109+  501                       302775.0000   304262.9540   277330    0.49%
*  1109+  481                       302793.0000   304262.9540   277330    0.49%
*  1109+  473                       302800.0000   304262.9540   277330    0.48%
*  1109+  467                       302808.0000   304262.9540   277330    0.48%
*  1109+  464                       302812.0000   304262.9540   277330    0.48%
   1109   465   303655.9229   369   302812.0000   304262.9540   277330    0.48%
   1128   479   304210.8660   454   302812.0000   304262.6788   281131    0.48%
   1149   500   304184.1724   421   302812.0000   304262.6788   284299    0.48%
   1163   514   304156.6327   404   302812.0000   304262.6788   286739    0.48%
   1175   526   304109.3073   397   302812.0000   304262.6788   288208    0.48%
Elapsed time = 2590.02 sec. (869175.15 ticks, tree = 18.17 MB, solutions = 7)
   1195   546   304074.8241   390   302812.0000   304262.6788   289549    0.48%
   1210   561   304052.6749   381   302812.0000   304262.6788   290686    0.48%
   1228   579   304008.3211   365   302812.0000   304262.6788   291802    0.48%
   1242   593   303918.8101   374   302812.0000   304262.6788   293282    0.48%
   1255   606   303579.8922   370   302812.0000   304262.6788   295613    0.48%
   1264   615   303551.9887   368   302812.0000   304262.6788   296055    0.48%
   1279   626   303521.2047   362   302812.0000   304262.6788   296766    0.48%
   1298   643   303486.0947   359   302812.0000   304262.6788   297671    0.48%
   1310   651   303434.1367   364   302812.0000   304262.6788   298161    0.48%
   1323   664   304239.9176   460   302812.0000   304261.6630   300995    0.48%
Elapsed time = 2707.91 sec. (913157.29 ticks, tree = 21.80 MB, solutions = 7)
   1325   666   304032.0749   430   302812.0000   304261.6630   303442    0.48%
   1327   668   303580.5100   443   302812.0000   304261.6630   305597    0.48%
   1331   670   303577.8736   437   302812.0000   304261.6630   305995    0.48%
   1351   686   303554.0947   424   302812.0000   304261.6630   307563    0.48%
   1358   693   303296.9742   418   302812.0000   304261.6630   309551    0.48%
   1366   701   303200.6453   446   302812.0000   304261.6630   310826    0.48%
   1382   711        cutoff         302812.0000   304261.6630   311552    0.48%
   1394   719   303444.0023   414   302812.0000   304261.6630   312255    0.48%
   1402   725   303408.2151   405   302812.0000   304261.6630   313784    0.48%
   1426   748   303407.9903   405   302812.0000   304261.6630   314571    0.48%
Elapsed time = 2831.32 sec. (957030.79 ticks, tree = 24.10 MB, solutions = 7)
   1444   758   303407.9795   405   302812.0000   304261.6630   314594    0.48%
   1459   761   303407.9687   405   302812.0000   304261.6630   314610    0.48%
   1477   764   303407.9558   405   302812.0000   304261.6630   314629    0.48%
   1494   767   303407.9461   405   302812.0000   304261.6630   314648    0.48%
   1511   773        cutoff         302812.0000   304258.3032   316215    0.48%
   1522   784   304198.0868   455   302812.0000   304257.0109   318421    0.48%
   1533   795   304180.5934   431   302812.0000   304257.0109   320029    0.48%
   1549   811   304152.2489   422   302812.0000   304257.0109   321896    0.48%
   1571   832   304069.3051   416   302812.0000   304257.0109   324259    0.48%
   1580   841   304033.2779   421   302812.0000   304257.0109   325681    0.48%
Elapsed time = 2966.61 sec. (1003587.92 ticks, tree = 26.53 MB, solutions = 7)
   1596   857   303979.6736   405   302812.0000   304257.0109   327130    0.48%
   1609   870   303851.0156   377   302812.0000   304257.0109   329121    0.48%
   1619   880   303814.0273   355   302812.0000   304257.0109   329859    0.48%
   1636   897   303765.5147   349   302812.0000   304257.0109   331361    0.48%
   1643   903   303640.7038   347   302812.0000   304257.0109   332614    0.48%
   1654   906   303604.0727   354   302812.0000   304257.0109   332833    0.48%
   1663   911   303574.7122   357   302812.0000   304257.0109   333152    0.48%
   1679   924   303170.5596   359   302812.0000   304257.0109   335750    0.48%
   1690   933   302939.0149   350   302812.0000   304257.0109   337794    0.48%
   1707   933        cutoff         302812.0000   304254.9055   340466    0.48%
Elapsed time = 3068.83 sec. (1046959.79 ticks, tree = 29.03 MB, solutions = 7)
   1709   935   304105.1425   469   302812.0000   304254.0498   341879    0.48%
   1725   951   304080.3074   444   302812.0000   304254.0498   344460    0.48%
   1744   970   304050.8952   410   302812.0000   304254.0498   347185    0.48%
   1772   998   303987.5177   416   302812.0000   304254.0498   349551    0.48%
   1780  1006   303931.4821   417   302812.0000   304254.0498   351539    0.48%
   1800  1026   303835.8063   426   302812.0000   304254.0498   354841    0.48%
   1821  1047   303771.7802   408   302812.0000   304254.0498   356499    0.48%
   1834  1060   303670.8998   387   302812.0000   304254.0498   357483    0.48%
   1845  1071   303644.8873   388   302812.0000   304254.0498   357853    0.48%
   1854  1079   303518.9511   362   302812.0000   304254.0498   359366    0.48%
Elapsed time = 3182.31 sec. (1088075.16 ticks, tree = 32.83 MB, solutions = 7)
   1864  1088   303343.0278   346   302812.0000   304254.0498   360137    0.48%
   1876  1098   303261.6007   353   302812.0000   304254.0498   360962    0.48%
   1889  1104   303243.6394   361   302812.0000   304254.0498   361301    0.48%
   1899  1113   303209.5130   369   302812.0000   304254.0498   361669    0.48%
*  1909+ 1118                       302813.0000   304254.0498   361814    0.48%
   1911  1122   303162.7933   363   302813.0000   304254.0498   361827    0.48%
   1919  1126   303150.2069   371   302813.0000   304254.0498   362419    0.48%
   1937  1139   303123.6949   364   302813.0000   304254.0498   362879    0.48%
   1952  1149   303027.4259   352   302813.0000   304254.0498   363412    0.48%
   1970  1158   302931.1098   341   302813.0000   304254.0498   364257    0.48%
   1977  1159   302828.7665   337   302813.0000   304254.0498   365463    0.48%
Elapsed time = 3259.92 sec. (1129765.56 ticks, tree = 35.13 MB, solutions = 8)
   1989  1160   303691.8984   448   302813.0000   304253.5547   368666    0.48%
   1992  1163   303685.0984   450   302813.0000   304253.5547   369045    0.48%
   1999  1170   303676.7659   431   302813.0000   304253.5547   369570    0.48%
*  2009+ 1178                       302814.0000   304253.5547   370592    0.48%
   2009  1180   303654.1713   432   302814.0000   304253.5547   370592    0.48%
   2032  1203   303584.6387   429   302814.0000   304253.5547   373468    0.48%
   2053  1224   303476.4358   428   302814.0000   304253.5547   376479    0.48%
   2081  1251   303298.4082   409   302814.0000   304253.5547   379663    0.48%
   2088  1252   303281.2216   395   302814.0000   304253.5547   380128    0.48%
   2098  1255   303255.8969   384   302814.0000   304253.5547   380441    0.48%
*  2109+ 1260                       302817.0000   304253.5547   380549    0.47%
   2109  1262   303246.4622   380   302817.0000   304253.5547   380549    0.47%
Elapsed time = 3567.18 sec. (1235217.29 ticks, tree = 37.85 MB, solutions = 10)
   2130  1276   303190.9154   376   302817.0000   304253.5547   381453    0.47%
   2158  1302   303132.0447   372   302817.0000   304253.5547   382474    0.47%
   2181  1318   303016.3476   369   302817.0000   304253.5547   383649    0.47%

Flow cuts applied:  132
Mixed integer rounding cuts applied:  216
Gomory fractional cuts applied:  57

Root node processing (before b&c):
  Real time             =  258.29 sec. (100803.85 ticks)
Sequential b&c:
  Real time             = 3341.83 sec. (1149307.75 ticks)
                          ------------
Total (root+branch&cut) = 3600.11 sec. (1250111.60 ticks)
