1 of 1 MIP starts provided solutions.
MIP start 'm1' defined initial solution with objective 254169.0000.
Tried aggregator 1 time.
MIP Presolve eliminated 0 rows and 1 columns.
Reduced MIP has 112750 rows, 75150 columns, and 11512500 nonzeros.
Reduced MIP has 37500 binaries, 0 generals, 0 SOSs, and 0 indicators.
Presolve time = 6.09 sec. (2824.22 ticks)
Probing time = 0.24 sec. (122.23 ticks)
Tried aggregator 1 time.
Reduced MIP has 112750 rows, 75150 columns, and 11512500 nonzeros.
Reduced MIP has 37500 binaries, 0 generals, 0 SOSs, and 0 indicators.
Presolve time = 7.71 sec. (3327.64 ticks)
Probing time = 0.26 sec. (122.21 ticks)
Clique table members: 250.
MIP emphasis: balance optimality and feasibility.
MIP search method: dynamic search.
Parallel mode: none, using 1 thread.
Root relaxation solution time = 33.66 sec. (19366.88 ticks)

        Nodes                                         Cuts/
   Node  Left     Objective  IInf  Best Integer    Best Bound    ItCnt     Gap

*     0+    0                       254169.0000   2.88136e+07    29836     --- 
      0     0   254630.1277   252   254169.0000   254630.1277    29836    0.18%
      0     0   254566.8865   278   254169.0000     Cuts: 131    31626    0.16%
      0     0   254536.8424   308   254169.0000      Cuts: 95    32461    0.14%
      0     0   254516.4687   347   254169.0000      Cuts: 72    33245    0.14%
      0     0   254511.9082   337   254169.0000      Cuts: 31    33564    0.13%
      0     0   254510.7326   350   254169.0000      Cuts: 22    33921    0.13%
      0     0   254508.7282   364   254169.0000      Cuts: 15    34648    0.13%
Heuristic still looking.
      0     2   254508.7282   364   254169.0000   254508.2193    34648    0.13%
Elapsed time = 309.61 sec. (143473.17 ticks, tree = 0.00 MB, solutions = 1)
      1     3   254489.9502   346   254169.0000   254506.2370    34887    0.13%
      2     4   254463.8255   309   254169.0000   254506.2370    35709    0.13%
      3     5   254454.8840   311   254169.0000   254506.2370    35852    0.13%
      4     6   254461.4269   309   254169.0000   254506.2370    36258    0.13%
      5     7   254456.3434   304   254169.0000   254506.2370    36875    0.13%
      6     8   254446.5613   317   254169.0000   254506.2370    37390    0.13%
      7     9   254447.0533   294   254169.0000   254506.2370    37801    0.13%
      8    10   254446.9048   294   254169.0000   254506.2370    37808    0.13%
      9    11   254444.3665   291   254169.0000   254506.2370    37842    0.13%
     15    17   254419.6179   277   254169.0000   254506.2370    38307    0.13%
Elapsed time = 328.18 sec. (152035.60 ticks, tree = 0.56 MB, solutions = 1)
     20    22   254413.7035   257   254169.0000   254506.2370    38732    0.13%
     25    27   254380.8128   235   254169.0000   254506.2370    38918    0.13%
     30    32   254373.2988   236   254169.0000   254506.2370    39375    0.13%
     37    39   254354.2975   223   254169.0000   254506.2370    39848    0.13%
     42    44   254314.5760   211   254169.0000   254506.2370    41159    0.13%
     48    50   254300.3917   186   254169.0000   254506.2370    41325    0.13%
     54    56   254291.0972   181   254169.0000   254506.2370    41621    0.13%
     60    62   254271.0856   169   254169.0000   254506.2370    41961    0.13%
     65    65   254238.1043   166   254169.0000   254506.2370    42808    0.13%
     70    68        cutoff         254169.0000   254506.2370    43269    0.13%
Elapsed time = 357.21 sec. (164256.51 ticks, tree = 11.64 MB, solutions = 1)
     73    69   254187.7339   156   254169.0000   254506.2370    43334    0.13%
     78    72        cutoff         254169.0000   254506.2370    43659    0.13%
     83    72   254495.4577   341   254169.0000   254495.2262    44135    0.13%
     85    74   254468.7967   318   254169.0000   254489.1885    45254    0.13%
     89    78   254451.0497   304   254169.0000   254489.1885    46072    0.13%
     91    80   254435.9583   313   254169.0000   254489.1885    46473    0.13%
     93    82   254405.9167   293   254169.0000   254489.1885    47580    0.13%
     98    87   254395.7388   285   254169.0000   254489.1885    48008    0.13%
    102    91   254385.5709   254   254169.0000   254489.1885    48461    0.13%
    107    96   254367.2310   253   254169.0000   254489.1885    49107    0.13%
Elapsed time = 385.49 sec. (177105.05 ticks, tree = 14.00 MB, solutions = 1)
    112   101   254345.4144   238   254169.0000   254489.1885    49877    0.13%
    117   106   254328.0802   239   254169.0000   254489.1885    50632    0.13%
    123   112   254286.4068   224   254169.0000   254489.1885    51028    0.13%
    130   119   254271.9646   218   254169.0000   254489.1885    51384    0.13%
    137   126   254186.6112   180   254169.0000   254489.1885    52086    0.13%
    140   129   254181.0236   174   254169.0000   254489.1885    52196    0.13%
    148   133        cutoff         254169.0000   254489.1885    52471    0.13%
    155   136        cutoff         254169.0000   254489.1885    52506    0.13%
    159   136   254477.4121   337   254169.0000   254483.6161    53015    0.12%
    163   140   254458.5412   332   254169.0000   254483.6161    53661    0.12%
Elapsed time = 412.42 sec. (189923.43 ticks, tree = 15.75 MB, solutions = 1)
    167   144   254447.1128   317   254169.0000   254483.6161    54290    0.12%
    172   149   254436.9523   285   254169.0000   254483.6161    54734    0.12%
    176   153   254426.1897   289   254169.0000   254483.6161    55098    0.12%
    180   157   254421.9490   282   254169.0000   254483.6161    55344    0.12%
    186   163   254407.5050   276   254169.0000   254483.6161    55907    0.12%
    189   166   254406.3852   273   254169.0000   254483.6161    56063    0.12%
    194   171   254376.6461   269   254169.0000   254483.6161    56451    0.12%
    197   174   254339.8698   263   254169.0000   254483.6161    56968    0.12%
    201   178   254322.1234   265   254169.0000   254483.6161    57275    0.12%
    207   184   254311.1038   259   254169.0000   254483.6161    57496    0.12%
Elapsed time = 428.82 sec. (201628.31 ticks, tree = 22.64 MB, solutions = 1)
    209   186   254304.4600   250   254169.0000   254483.6161    57713    0.12%
    214   191   254284.2987   245   254169.0000   254483.6161    58330    0.12%
    218   195   254274.8005   230   254169.0000   254483.6161    58824    0.12%
    222   199   254265.9787   235   254169.0000   254483.6161    59057    0.12%
    230   207   254249.2134   228   254169.0000   254483.6161    59661    0.12%
    234   211   254231.2965   236   254169.0000   254483.6161    60185    0.12%
    239   216   254204.8503   231   254169.0000   254483.6161    60776    0.12%
    240   217   254198.9736   232   254169.0000   254483.6161    60961    0.12%
    245   219   254481.7376   337   254169.0000   254483.0778    61685    0.12%
    251   225   254456.2427   332   254169.0000   254483.0778    62571    0.12%
Elapsed time = 448.57 sec. (213788.75 ticks, tree = 24.27 MB, solutions = 1)
    255   229   254444.2094   312   254169.0000   254483.0778    63072    0.12%
    259   233   254433.2883   295   254169.0000   254483.0778    63437    0.12%
    262   236   254424.3504   301   254169.0000   254483.0778    63878    0.12%
    266   240   254417.1145   295   254169.0000   254483.0778    64343    0.12%
    272   246   254411.9515   283   254169.0000   254483.0778    64910    0.12%
    275   249   254395.5471   284   254169.0000   254483.0778    65416    0.12%
    278   252   254313.8739   269   254169.0000   254483.0778    65942    0.12%
    280   254   254306.4234   260   254169.0000   254483.0778    66107    0.12%
    290   264   254290.6794   249   254169.0000   254483.0778    66551    0.12%
    297   271   254278.7383   240   254169.0000   254483.0778    66628    0.12%
Elapsed time = 468.84 sec. (226224.58 ticks, tree = 27.37 MB, solutions = 1)
    302   276   254257.5330   248   254169.0000   254483.0778    66779    0.12%
    307   281   254228.3668   253   254169.0000   254483.0778    67426    0.12%
    313   285        cutoff         254169.0000   254483.0778    68096    0.12%
    315   285   254474.8667   334   254169.0000   254481.7333    68507    0.12%
    318   288   254453.8860   352   254169.0000   254481.7333    69586    0.12%
    322   292   254439.0079   334   254169.0000   254481.7333    70027    0.12%
    325   295   254431.9660   332   254169.0000   254481.7333    70489    0.12%
    330   300   254417.0339   319   254169.0000   254481.7333    70886    0.12%
    332   302   254409.9724   308   254169.0000   254481.7333    71404    0.12%
    336   306   254397.9142   307   254169.0000   254481.7333    72156    0.12%
Elapsed time = 490.64 sec. (239260.43 ticks, tree = 28.71 MB, solutions = 1)
    340   310   254376.9402   274   254169.0000   254481.7333    72634    0.12%
    347   317   254363.3542   292   254169.0000   254481.7333    73512    0.12%
    352   322   254355.3023   277   254169.0000   254481.7333    73961    0.12%
    356   326   254348.0766   268   254169.0000   254481.7333    74587    0.12%
    362   332   254341.0719   258   254169.0000   254481.7333    74758    0.12%
    366   336   254317.2871   252   254169.0000   254481.7333    75273    0.12%
    371   341   254302.1215   245   254169.0000   254481.7333    75469    0.12%
    376   346   254283.5381   239   254169.0000   254481.7333    75952    0.12%
    380   350   254269.5332   245   254169.0000   254481.7333    76345    0.12%
    389   359   254232.8518   252   254169.0000   254481.7333    77243    0.12%
Elapsed time = 511.22 sec. (252077.00 ticks, tree = 30.77 MB, solutions = 1)
    396   365   254198.1503   233   254169.0000   254481.7333    77751    0.12%
    400   369   254185.5120   248   254169.0000   254481.7333    77939    0.12%
    407   374        cutoff         254169.0000   254481.7333    78606    0.12%
    409   374   254473.2463   322   254169.0000   254477.3894    79060    0.12%
    415   380   254447.2385   274   254169.0000   254477.3894    79721    0.12%
    421   386   254418.6879   270   254169.0000   254477.3894    80481    0.12%
    424   389   254396.7611   275   254169.0000   254477.3894    81699    0.12%
    427   392   254412.4861   263   254169.0000   254477.3894    82268    0.12%
    432   397   254300.9912   266   254169.0000   254477.3894    83560    0.12%
    451   414   254330.9915   244   254169.0000   254477.3894    87046    0.12%
Elapsed time = 541.03 sec. (266916.09 ticks, tree = 32.91 MB, solutions = 1)
    470   431   254279.8767   224   254169.0000   254477.3894    88682    0.12%
    487   438   254235.7993   208   254169.0000   254477.3894    89333    0.12%
    509   450   254171.5453   185   254169.0000   254477.3894    90224    0.12%
    520   457   254427.3757   325   254169.0000   254475.4198    92121    0.12%
    532   469   254397.4811   300   254169.0000   254475.4198    94747    0.12%
    540   477   254323.3142   292   254169.0000   254475.4198    96546    0.12%
    555   492   254282.5898   280   254169.0000   254475.4198    98540    0.12%
    571   508   254224.3280   260   254169.0000   254475.4198   100036    0.12%
    585   518   254431.6373   313   254169.0000   254474.8625   101967    0.12%
    597   530   254400.5084   298   254169.0000   254474.8625   103910    0.12%
Elapsed time = 613.23 sec. (308084.49 ticks, tree = 37.47 MB, solutions = 1)
    600   533   254384.8119   295   254169.0000   254474.8625   104515    0.12%
    614   547   254304.9448   269   254169.0000   254474.8625   106462    0.12%
    630   563   254260.1107   271   254169.0000   254474.8625   108028    0.12%
    640   573   254225.5043   248   254169.0000   254474.8625   109049    0.12%
    655   585   254442.9635   322   254169.0000   254474.5929   111002    0.12%
    667   597   254406.2726   287   254169.0000   254474.5929   112665    0.12%
    681   611   254372.0665   267   254169.0000   254474.5929   114107    0.12%
    697   627   254295.5244   251   254169.0000   254474.5929   115802    0.12%
    721   644   254459.5483   345   254169.0000   254473.1271   117471    0.12%
    734   657   254419.7492   289   254169.0000   254473.1271   119613    0.12%
Elapsed time = 698.01 sec. (356298.48 ticks, tree = 42.41 MB, solutions = 1)
    749   672   254385.2468   276   254169.0000   254473.1271   121243    0.12%
    771   694   254326.7001   244   254169.0000   254473.1271   122473    0.12%
    790   711   254214.5690   241   254169.0000   254473.1271   123971    0.12%
    804   720   254456.5603   324   254169.0000   254470.4199   125257    0.12%
    821   737   254402.3086   257   254169.0000   254470.4199   128355    0.12%
    840   754   254350.7032   220   254169.0000   254470.4199   131710    0.12%
    864   778   254275.6214   185   254169.0000   254470.4199   133350    0.12%
    885   794   254198.0411   159   254169.0000   254470.4199   134644    0.12%
    909   811   254411.8018   282   254169.0000   254469.5883   135850    0.12%
    920   822   254381.3133   286   254169.0000   254469.5883   137002    0.12%
Elapsed time = 779.39 sec. (400576.90 ticks, tree = 48.93 MB, solutions = 1)
    941   843   254328.3345   268   254169.0000   254469.5883   138750    0.12%
    960   862   254229.3726   252   254169.0000   254469.5883   139642    0.12%
    982   878   254436.2439   270   254169.0000   254468.8460   141332    0.12%
    998   894   254500.5725   355   254169.0000   254468.8460   169522    0.12%
    999   894   254482.4863   341   254169.0000   254468.8460   169806    0.12%
   1000   895   254479.9040   331   254169.0000   254468.8460   169998    0.12%
   1001   896   254372.6786   318   254169.0000   254468.8460   170987    0.12%
   1002   896   254371.0581   317   254169.0000   254468.8460   171015    0.12%
   1003   897   254370.6039   318   254169.0000   254468.8460   171093    0.12%
   1004   897   254272.2659   326   254169.0000   254468.8460   171946    0.12%
Elapsed time = 1340.99 sec. (670595.35 ticks, tree = 51.71 MB, solutions = 1)
   1005   897   254272.2626   322   254169.0000   254468.8460   172036    0.12%
   1006   898   254271.5294   310   254169.0000   254468.8460   172146    0.12%
   1007   898   254204.4679   310   254169.0000   254468.8460   172624    0.12%
   1008   898   254201.1495   303   254169.0000   254468.8460   172741    0.12%
   1009   898   254199.7508   302   254169.0000   254468.8460   172791    0.12%
   1010   898   254199.7393   299   254169.0000   254468.8460   172795    0.12%
   1011   898   254199.7385   298   254169.0000   254468.8460   172797    0.12%
   1013   898   254199.4500   296   254169.0000   254468.8460   172805    0.12%
   1015   898   254190.2768   275   254169.0000   254468.8460   172895    0.12%
   1017   898   254175.7588   267   254169.0000   254468.8460   173087    0.12%
Elapsed time = 1482.28 sec. (759296.12 ticks, tree = 52.82 MB, solutions = 1)
   1019   816   254487.6208   346   254169.0000   254468.8460   173523    0.12%
   1020   817   254487.6201   345   254169.0000   254468.8460   173524    0.12%
   1022   817   254484.9168   333   254169.0000   254468.8460   173704    0.12%
   1024   818   254482.2599   331   254169.0000   254468.8460   173826    0.12%
   1026   818   254481.6523   335   254169.0000   254468.8460   173997    0.12%
   1027   819   254481.2349   332   254169.0000   254468.8460   174012    0.12%
   1029   821   254480.9647   334   254169.0000   254468.8460   174208    0.12%
   1031   823   254381.0249   334   254169.0000   254468.8460   175461    0.12%
   1034   825   254378.4838   325   254169.0000   254468.8460   175643    0.12%
   1036   827   254354.1834   300   254169.0000   254468.8460   176479    0.12%
Elapsed time = 1598.33 sec. (820074.43 ticks, tree = 48.18 MB, solutions = 1)
   1039   830   254345.6023   291   254169.0000   254468.8460   176577    0.12%
   1043   804   254336.1181   295   254169.0000   254468.8460   177291    0.12%
   1046   805   254332.6480   293   254169.0000   254468.8460   177808    0.12%
   1050   806   254204.7635   270   254169.0000   254468.8460   179015    0.12%
   1054   807   254173.5258   267   254169.0000   254468.8460   179230    0.12%
   1060   805   254169.2978   259   254169.0000   254468.8460   179289    0.12%
   1067   803   254169.2423   259   254169.0000   254468.8460   179310    0.12%
   1076   800   254169.0319   260   254169.0000   254468.8460   179333    0.12%
   1081   782   254370.9400   317   254169.0000   254468.8460   180396    0.12%
   1097   788   254336.2788   297   254169.0000   254468.8460   181367    0.12%
Elapsed time = 1681.02 sec. (867818.47 ticks, tree = 45.04 MB, solutions = 1)
   1112   797   254318.8194   275   254169.0000   254468.8460   181903    0.12%
   1127   803   254306.4331   254   254169.0000   254468.8460   182516    0.12%
   1141   808   254283.6238   260   254169.0000   254468.8460   183265    0.12%
   1145   807   254273.7528   258   254169.0000   254468.8460   183628    0.12%
   1157   811   254240.4828   242   254169.0000   254468.8460   184205    0.12%
   1165   812   254212.1839   237   254169.0000   254468.8460   184786    0.12%
   1173   811   254191.5353   228   254169.0000   254468.8460   185042    0.12%
   1179   812   254175.0664   217   254169.0000   254468.8460   185243    0.12%
   1187   808   254174.8049   217   254169.0000   254468.8460   185265    0.12%
   1196   806   254174.5140   219   254169.0000   254468.8460   185291    0.12%
Elapsed time = 1755.83 sec. (911659.99 ticks, tree = 44.50 MB, solutions = 1)
   1203   803   254173.8459   213   254169.0000   254468.8460   185374    0.12%
   1207   789   254368.7615   321   254169.0000   254468.8460   187621    0.12%
   1223   797   254335.9615   300   254169.0000   254468.8460   188674    0.12%
   1242   809   254289.9840   291   254169.0000   254468.8460   190087    0.12%
   1252   813   254283.9644   287   254169.0000   254468.8460   190282    0.12%
   1267   820   254263.2707   269   254169.0000   254468.8460   191141    0.12%
   1278   825   254237.6662   266   254169.0000   254468.8460   191537    0.12%
   1290   830   254206.5880   249   254169.0000   254468.8460   191979    0.12%
   1298   832   254188.3261   253   254169.0000   254468.8460   192646    0.12%
   1320   821   254354.9057   315   254169.0000   254468.8460   194702    0.12%
Elapsed time = 1836.69 sec. (956563.65 ticks, tree = 42.92 MB, solutions = 1)
   1332   824   254328.9094   325   254169.0000   254468.8460   195203    0.12%
   1349   832   254310.8660   312   254169.0000   254468.8460   195759    0.12%
   1354   833   254292.8224   309   254169.0000   254468.8460   196143    0.12%
   1377   844   254252.4639   275   254169.0000   254468.8460   196803    0.12%
   1400   859   254191.0631   251   254169.0000   254468.8460   197763    0.12%
   1414   854   254365.8262   326   254169.0000   254468.8460   199209    0.12%
   1435   865   254307.7305   281   254169.0000   254468.8460   200704    0.12%
   1465   882   254266.7183   288   254169.0000   254468.8460   201906    0.12%
   1473   886   254227.9870   273   254169.0000   254468.8460   202630    0.12%
   1490   887   252836.6710   277   254169.0000   254468.8460   203863    0.12%
Elapsed time = 1917.65 sec. (1006239.25 ticks, tree = 42.90 MB, solutions = 1)
   1495   882   254296.4966   291   254169.0000   254468.8460   205124    0.12%
   1509   892   254256.1043   292   254169.0000   254468.8460   206496    0.12%
   1531   903   254190.2007   271   254169.0000   254468.8460   208070    0.12%
   1554   909   254169.1358   263   254169.0000   254468.8460   208537    0.12%
   1558   905   254294.2302   326   254169.0000   254468.8460   209472    0.12%
   1577   916   254258.7375   320   254169.0000   254468.8460   210647    0.12%
   1595   928   254240.5950   285   254169.0000   254468.8460   211089    0.12%
   1607   933   254209.5612   290   254169.0000   254468.8460   211668    0.12%
   1628   942   254174.2295   277   254169.0000   254468.8460   212714    0.12%
   1635   939   254206.3436   341   254169.0000   254468.8460   214427    0.12%
Elapsed time = 2008.14 sec. (1057531.54 ticks, tree = 42.63 MB, solutions = 1)
   1643   941   254182.3184   306   254169.0000   254468.8460   215732    0.12%
   1661   940   254449.4235   298   254169.0000   254468.8460   217314    0.12%
   1668   944   254424.6696   290   254169.0000   254468.8460   217983    0.12%
   1681   953   254401.0945   266   254169.0000   254468.8460   218689    0.12%
   1697   957   254376.8518   259   254169.0000   254468.8460   219658    0.12%
   1707   961   254363.0547   252   254169.0000   254468.8460   220004    0.12%
   1718   966   254342.3089   243   254169.0000   254468.8460   220219    0.12%
   1733   969   254284.0480   217   254169.0000   254468.8460   221214    0.12%
   1743   971   254275.9650   216   254169.0000   254468.8460   221435    0.12%
   1754   974   254257.1991   212   254169.0000   254468.8460   221949    0.12%
Elapsed time = 2087.14 sec. (1102219.46 ticks, tree = 42.06 MB, solutions = 1)
   1767   976   254239.8910   193   254169.0000   254468.8460   222098    0.12%
   1786   979   254193.0256   180   254169.0000   254468.8460   222678    0.12%
   1805   985   254169.5250   159   254169.0000   254468.8460   223546    0.12%
   1814   980   254169.3897   159   254169.0000   254468.8460   223563    0.12%
   1822   977   254169.2153   159   254169.0000   254468.8460   223580    0.12%
   1831   972   254169.0056   159   254169.0000   254468.8460   223593    0.12%
   1850   984   254432.0415   300   254169.0000   254468.8460   225014    0.12%
   1866   992   254405.1573   296   254169.0000   254468.8460   225589    0.12%
   1886  1005   254342.9594   288   254169.0000   254468.8460   226814    0.12%
   1900  1011   254322.8072   273   254169.0000   254468.8460   227698    0.12%
Elapsed time = 2161.61 sec. (1146128.59 ticks, tree = 41.48 MB, solutions = 1)
   1921  1022   254297.6831   262   254169.0000   254468.8460   228560    0.12%
   1932  1026   254209.1379   239   254169.0000   254468.8460   229446    0.12%
   1940  1026   254171.1433   247   254169.0000   254468.8460   230176    0.12%
   1942  1024   254207.1033   346   254169.0000   254468.8460   231452    0.12%
   1946  1022   254207.0205   341   254169.0000   254468.8460   231486    0.12%
   1950  1020   254207.0011   341   254169.0000   254468.8460   231496    0.12%
   1957  1021   254185.8938   335   254169.0000   254468.8460   232238    0.12%
   1973  1014   254455.5381   302   254169.0000   254468.8460   233137    0.12%
   1988  1025   254411.0562   271   254169.0000   254468.8460   234960    0.12%
*  1998+  889                       254181.0000   254468.8460   235390    0.11%
   2003   894   254399.1716   265   254181.0000   254468.8460   235589    0.11%
Elapsed time = 2259.59 sec. (1193446.86 ticks, tree = 33.66 MB, solutions = 2)
   2020   901   254357.9905   253   254181.0000   254468.8460   236704    0.11%
   2032   908   254290.6693   226   254181.0000   254468.8460   237571    0.11%
   2038   906   254283.5148   215   254181.0000   254468.8460   237994    0.11%
   2046   908   254266.0111   218   254181.0000   254468.8460   238609    0.11%
   2054   907   254243.4261   205   254181.0000   254468.8460   239019    0.11%
   2065   911   254218.6364   204   254181.0000   254468.8460   239610    0.11%
   2081   909   254416.7023   311   254181.0000   254468.8460   240644    0.11%
   2101   920   254359.3729   292   254181.0000   254468.8460   242293    0.11%
   2118   931   254335.7921   302   254181.0000   254468.8460   243240    0.11%
   2137   942   254296.2962   289   254181.0000   254468.8460   244731    0.11%
Elapsed time = 2333.80 sec. (1237077.05 ticks, tree = 33.62 MB, solutions = 2)
   2154   948   254242.3962   251   254181.0000   254468.8460   245750    0.11%
   2170   951   254194.5321   248   254181.0000   254468.8460   245994    0.11%
   2182   954   254205.5477   337   254181.0000   254468.8460   248000    0.11%
   2187   952   254204.3813   328   254181.0000   254468.8460   248349    0.11%
   2197   947   254204.3619   328   254181.0000   254468.8460   248359    0.11%
*  2198+  899                       254182.0000   254468.8460   248360    0.11%
   2198   900   254204.3589   328   254182.0000   254468.8460   248360    0.11%
   2211   897        cutoff         254182.0000   254468.8460   248694    0.11%
   2215   896   254283.1924   312   254182.0000   254468.8460   250168    0.11%
   2228   901   254217.0201   261   254182.0000   254468.8460   251593    0.11%
   2242   903   254359.8315   318   254182.0000   254468.8460   253437    0.11%
Elapsed time = 2414.47 sec. (1282599.04 ticks, tree = 29.89 MB, solutions = 3)
   2262   907   254217.8595   261   254182.0000   254468.8460   254627    0.11%
   2276   906   254184.3895   258   254182.0000   254468.8460   255307    0.11%
   2284   905   254182.7512   248   254182.0000   254468.8460   255432    0.11%
   2292   902   254182.6739   248   254182.0000   254468.8460   255536    0.11%
   2301   894        cutoff         254182.0000   254468.8460   255595    0.11%
   2320   904   254305.2281   286   254182.0000   254468.8460   257829    0.11%
   2352   921   254251.6030   259   254182.0000   254468.8460   259090    0.11%
   2358   923   254227.0376   246   254182.0000   254468.8460   259548    0.11%
   2383   937   254407.3429   318   254182.0000   254468.8460   260867    0.11%
   2404   958   254357.8277   280   254182.0000   254468.8460   261806    0.11%
Elapsed time = 2481.54 sec. (1323203.03 ticks, tree = 29.87 MB, solutions = 3)
   2431   984   254285.9938   267   254182.0000   254468.8460   263098    0.11%
   2441   990   254243.1172   247   254182.0000   254468.8460   263734    0.11%
   2455   997   254222.6198   255   254182.0000   254468.8460   264311    0.11%
   2469  1004   254369.3762   294   254182.0000   254468.8460   265090    0.11%
   2482  1017   254310.2871   269   254182.0000   254468.8460   266240    0.11%
   2501  1035   254286.0965   264   254182.0000   254468.8460   267126    0.11%
   2511  1037   254283.2573   260   254182.0000   254468.8460   267163    0.11%
   2528  1052   254243.2199   261   254182.0000   254468.8460   267544    0.11%
   2538  1053   254241.7018   252   254182.0000   254468.8460   267621    0.11%
   2546  1058   254222.1399   260   254182.0000   254468.8460   268398    0.11%
Elapsed time = 2547.56 sec. (1364120.06 ticks, tree = 32.92 MB, solutions = 3)
   2558  1067   254198.7448   230   254182.0000   254468.8460   268870    0.11%
   2571  1073   254277.8922   336   254182.0000   254468.8460   270379    0.11%
   2585  1085   254239.6402   323   254182.0000   254468.8460   272213    0.11%
   2598  1095   254220.0015   308   254182.0000   254468.8460   272946    0.11%
   2611  1102   254202.1858   289   254182.0000   254468.8460   273543    0.11%
   2621  1104   254183.5325   295   254182.0000   254468.8460   273977    0.11%
   2630  1104   254183.2012   299   254182.0000   254468.8460   274002    0.11%
   2639  1104   254182.9410   297   254182.0000   254468.8460   274079    0.11%
   2646  1104   254374.2463   334   254182.0000   254468.8460   275127    0.11%
   2664  1122   254322.8652   293   254182.0000   254468.8460   276654    0.11%
Elapsed time = 2618.28 sec. (1406701.50 ticks, tree = 34.87 MB, solutions = 3)
   2687  1141   254279.2593   287   254182.0000   254468.8460   277532    0.11%
   2707  1159   254228.6922   247   254182.0000   254468.8460   278735    0.11%
   2715  1161   254218.3019   253   254182.0000   254468.8460   279366    0.11%
   2732  1173   254190.2668   225   254182.0000   254468.8460   279994    0.11%
   2752  1188   254422.6387   289   254182.0000   254462.8434   281106    0.11%
   2777  1213   254347.1062   281   254182.0000   254462.8434   282882    0.11%
   2798  1233   254285.3796   283   254182.0000   254462.8434   284044    0.11%
   2823  1257   254251.0566   273   254182.0000   254462.8434   285191    0.11%
   2838  1266   254182.1512   238   254182.0000   254462.8434   286072    0.11%
   2848  1270   254255.7949   277   254182.0000   254456.9778   287984    0.11%
Elapsed time = 2680.54 sec. (1447054.00 ticks, tree = 39.34 MB, solutions = 3)
   2870  1291   254223.2344   284   254182.0000   254456.9778   288841    0.11%
   2899  1310   254441.9516   299   254182.0000   254455.1908   289757    0.11%
   2915  1325   254418.9168   304   254182.0000   254455.1908   290111    0.11%
   2931  1340   254360.1566   310   254182.0000   254455.1908   291477    0.11%
   2949  1357   254282.2925   310   254182.0000   254455.1908   293230    0.11%
   2976  1382   254248.2596   298   254182.0000   254455.1908   294193    0.11%
   2998  1397   254353.3173   282   254182.0000   254454.4298   295692    0.11%
   3008  1406   254245.9623   285   254182.0000   254454.4298   297212    0.11%
   3038  1432   254197.3317   260   254182.0000   254454.4298   298178    0.11%
   3041  1434   254191.9701   260   254182.0000   254454.4298   298391    0.11%
Elapsed time = 2765.82 sec. (1502425.32 ticks, tree = 44.30 MB, solutions = 3)
   3059  1445   254386.4992   264   254182.0000   254450.0601   301215    0.11%
   3064  1446   254236.6609   265   254182.0000   254450.0601   302233    0.11%
   3071  1452   254224.0000   253   254182.0000   254450.0601   302655    0.11%
   3089  1463   254188.8852   243   254182.0000   254450.0601   303232    0.11%
   3093  1463   254184.8217   247   254182.0000   254450.0601   303373    0.11%
   3108  1475   254430.7449   299   254182.0000   254449.4801   303960    0.11%
   3128  1494   254351.7706   290   254182.0000   254449.4801   305926    0.11%
   3136  1502   254336.2957   281   254182.0000   254449.4801   306115    0.11%
   3137  1503   254335.2278   284   254182.0000   254449.4801   306193    0.11%
   3144  1509   254288.0666   287   254182.0000   254449.4801   306911    0.11%
Elapsed time = 2957.24 sec. (1606486.08 ticks, tree = 46.63 MB, solutions = 3)
   3145  1509   254235.0444   286   254182.0000   254449.4801   307970    0.11%
   3148  1509   254209.5862   275   254182.0000   254449.4801   308420    0.11%
   3163  1518   254194.9331   271   254182.0000   254449.4801   308652    0.11%
   3174  1527   254374.7533   300   254182.0000   254449.2917   309510    0.11%
   3190  1543   254325.5770   283   254182.0000   254449.2917   310753    0.11%
   3202  1553   254250.5399   263   254182.0000   254449.2917   311726    0.11%
   3214  1559   254240.6253   251   254182.0000   254449.2917   312352    0.11%
   3231  1570   254438.4949   289   254182.0000   254446.3306   313443    0.10%
   3255  1593   254358.6335   277   254182.0000   254446.3306   315589    0.10%
   3288  1626   254305.5151   251   254182.0000   254446.3306   316495    0.10%
Elapsed time = 3048.47 sec. (1659964.39 ticks, tree = 50.16 MB, solutions = 3)
   3311  1642   254272.8991   219   254182.0000   254446.3306   317119    0.10%
   3335  1661   254234.7299   207   254182.0000   254446.3306   317393    0.10%
   3350  1671   254208.0731   205   254182.0000   254446.3306   317929    0.10%
   3369  1685   254429.0106   304   254182.0000   254444.6904   319104    0.10%
   3380  1695   254384.3488   299   254182.0000   254444.6904   320007    0.10%
   3398  1713   254327.2661   298   254182.0000   254444.6904   321632    0.10%
   3403  1717   254302.9125   306   254182.0000   254444.6904   322120    0.10%
   3420  1732   254261.8078   283   254182.0000   254444.6904   323115    0.10%
   3434  1744   254214.6224   293   254182.0000   254444.6904   324264    0.10%
   3445  1748   254369.2773   295   254182.0000   254444.1750   325299    0.10%
Elapsed time = 3142.97 sec. (1711812.50 ticks, tree = 53.88 MB, solutions = 3)
   3461  1762   254291.2768   272   254182.0000   254444.1750   326436    0.10%
   3469  1768        cutoff         254182.0000   254444.1750   327198    0.10%
   3491  1780        cutoff         254182.0000   254444.1750   327896    0.10%
   3504  1786   254208.1263   227   254182.0000   254444.1750   328084    0.10%
   3519  1796   254183.4917   202   254182.0000   254444.1750   328514    0.10%
   3524  1796   254182.4556   200   254182.0000   254444.1750   328562    0.10%
   3534  1801   254369.1563   276   254182.0000   254441.4199   329661    0.10%
   3561  1827   254313.6460   254   254182.0000   254441.4199   330828    0.10%
   3579  1845   254281.9179   231   254182.0000   254441.4199   331522    0.10%
   3590  1853   254255.1265   238   254182.0000   254441.4199   331887    0.10%
Elapsed time = 3206.11 sec. (1751176.21 ticks, tree = 57.06 MB, solutions = 3)
   3615  1872   254219.9505   239   254182.0000   254441.4199   332811    0.10%
   3641  1886        cutoff         254182.0000   254441.2256   333692    0.10%
   3652  1895   254415.0003   288   254182.0000   254440.6787   334464    0.10%
   3664  1907   254399.9308   282   254182.0000   254440.6787   335171    0.10%
   3674  1917   254347.0351   294   254182.0000   254440.6787   336107    0.10%
   3689  1931   254306.0047   290   254182.0000   254440.6787   336920    0.10%
*  3698+ 1873                       254190.0000   254440.6787   337082    0.10%
   3698  1875   254285.3136   295   254190.0000   254440.6787   337082    0.10%
   3710  1882   254231.2623   288   254190.0000   254440.6787   337738    0.10%
   3727  1892   254155.3563   308   254190.0000   254440.3214   339881    0.10%
   3736  1899   254421.9978   291   254190.0000   254440.3214   340119    0.10%
Elapsed time = 3298.04 sec. (1803986.85 ticks, tree = 58.34 MB, solutions = 4)
   3750  1911   254405.3044   273   254190.0000   254440.3214   341004    0.10%
   3757  1916   254303.7969   286   254190.0000   254440.3214   342165    0.10%
   3771  1926   254287.8097   265   254190.0000   254440.3214   342891    0.10%
   3783  1936        cutoff         254190.0000   254440.3214   343981    0.10%
   3798  1944   254208.3895   249   254190.0000   254440.3214   344473    0.10%
   3813  1945   254369.7579   286   254190.0000   254439.7662   345443    0.10%
   3826  1958   254350.7987   279   254190.0000   254439.7662   346039    0.10%
   3851  1983   254303.9953   268   254190.0000   254439.7662   347105    0.10%
   3875  2004   254260.3575   263   254190.0000   254439.7662   347814    0.10%
   3887  2012   254233.2325   257   254190.0000   254439.7662   348552    0.10%
Elapsed time = 3381.82 sec. (1856980.44 ticks, tree = 61.77 MB, solutions = 4)
   3898  2019   254217.1821   245   254190.0000   254439.7662   348784    0.10%
   3905  2022   254191.8449   244   254190.0000   254439.7662   348981    0.10%
   3912  2021   254278.2797   327   254190.0000   254439.5261   350040    0.10%
   3920  2028   254271.7882   312   254190.0000   254439.5261   350365    0.10%
   3936  2041   254224.7607   331   254190.0000   254439.5261   351371    0.10%
   3962  2056   254328.0773   304   254190.0000   254439.0146   352284    0.10%
   3974  2068   254291.3553   288   254190.0000   254439.0146   353009    0.10%
   3989  2079   254213.2522   305   254190.0000   254439.0146   355040    0.10%
   4005  2091   254426.0177   284   254190.0000   254437.8896   356138    0.10%
   4021  2107   254368.7379   272   254190.0000   254437.8896   357647    0.10%
Elapsed time = 3484.76 sec. (1919791.13 ticks, tree = 64.65 MB, solutions = 4)
   4040  2126   254309.6829   230   254190.0000   254437.8896   358906    0.10%
   4053  2135   254295.2034   252   254190.0000   254437.8896   359514    0.10%
   4070  2152   254261.8691   211   254190.0000   254437.8896   360453    0.10%
   4096  2177   254243.6084   159   254190.0000   254437.8896   360841    0.10%
   4098  2178   254242.0070   159   254190.0000   254437.8896   360924    0.10%
   4115  2193   254227.6880   155   254190.0000   254437.8896   361109    0.10%
   4126  2201   254218.9224   150   254190.0000   254437.8896   361196    0.10%
   4138  2208   254429.2878   293   254190.0000   254437.2991   361685    0.10%
   4141  2210   254209.0960   288   254190.0000   254437.2991   362879    0.10%

Flow cuts applied:  94
Mixed integer rounding cuts applied:  126
Gomory fractional cuts applied:  28

Root node processing (before b&c):
  Real time             =  307.48 sec. (141791.04 ticks)
Sequential b&c:
  Real time             = 3292.64 sec. (1838637.83 ticks)
                          ------------
Total (root+branch&cut) = 3600.12 sec. (1980428.87 ticks)
