1 of 1 MIP starts provided solutions.
MIP start 'm1' defined initial solution with objective 153094.0000.
Tried aggregator 1 time.
MIP Presolve eliminated 0 rows and 1 columns.
MIP Presolve modified 283750 coefficients.
Reduced MIP has 75150 rows, 37900 columns, and 9561082 nonzeros.
Reduced MIP has 37500 binaries, 0 generals, 0 SOSs, and 0 indicators.
Presolve time = 7.90 sec. (4472.83 ticks)
Probing time = 0.31 sec. (107.01 ticks)
Tried aggregator 1 time.
Reduced MIP has 75150 rows, 37900 columns, and 9561082 nonzeros.
Reduced MIP has 37500 binaries, 0 generals, 0 SOSs, and 0 indicators.
Presolve time = 5.02 sec. (2357.54 ticks)
Probing time = 0.30 sec. (106.98 ticks)
Clique table members: 150.
MIP emphasis: balance optimality and feasibility.
MIP search method: dynamic search.
Parallel mode: none, using 1 thread.
Root relaxation solution time = 2.61 sec. (1207.65 ticks)

        Nodes                                         Cuts/
   Node  Left     Objective  IInf  Best Integer    Best Bound    ItCnt     Gap

*     0+    0                       153094.0000   2.87805e+07      443     --- 
      0     0   153213.7958    92   153094.0000   153213.7958      443    0.08%
      0     0   153160.3625    48   153094.0000      Cuts: 51      514    0.04%
      0     0   153139.4273    28   153094.0000      Cuts: 53      560    0.03%
*     0+    0                       153097.0000   153139.4273      560    0.03%

Repeating presolve.
Tried aggregator 1 time.
MIP Presolve eliminated 33204 rows and 34262 columns.
MIP Presolve modified 146200 coefficients.
Reduced MIP has 41946 rows, 3638 columns, and 894912 nonzeros.
Reduced MIP has 3238 binaries, 0 generals, 0 SOSs, and 0 indicators.
Presolve time = 1.85 sec. (1106.91 ticks)
Probing time = 0.04 sec. (13.08 ticks)
Cover probing fixed 0 vars, tightened 715 bounds.
Tried aggregator 1 time.
MIP Presolve modified 707277 coefficients.
Reduced MIP has 41946 rows, 3638 columns, and 894912 nonzeros.
Reduced MIP has 3238 binaries, 0 generals, 0 SOSs, and 0 indicators.
Presolve time = 0.81 sec. (532.95 ticks)
Represolve time = 2.95 sec. (1788.66 ticks)
Probing time = 0.04 sec. (13.01 ticks)
Clique table members: 150.
MIP emphasis: balance optimality and feasibility.
MIP search method: dynamic search.
Parallel mode: none, using 1 thread.
Root relaxation solution time = 0.64 sec. (339.90 ticks)

        Nodes                                         Cuts/
   Node  Left     Objective  IInf  Best Integer    Best Bound    ItCnt     Gap

*     0+    0                       153097.0000   153139.4273     1252    0.03%
      0     0   153138.0919    24   153097.0000   153138.0919     1252    0.03%
      0     2   153138.0919    24   153097.0000   153137.3419     1252    0.03%
Elapsed time = 44.27 sec. (22409.17 ticks, tree = 0.00 MB, solutions = 2)
     10     8   153106.3678    26   153097.0000   153136.5919     1294    0.03%
     20    14   153099.7307    20   153097.0000   153136.5919     1337    0.03%
     36    22   153098.8993    14   153097.0000   153136.5919     1372    0.03%
     46    24        cutoff         153097.0000   153136.5919     1427    0.03%
     50    26   153114.1549    20   153097.0000   153136.5919     1439    0.03%
     66    27   153097.8081    16   153097.0000   153136.5919     1482    0.03%
     70    31   153113.1482    19   153097.0000   153123.0605     1519    0.02%
     80    31   153122.7610    25   153097.0000   153118.9787     1583    0.01%
    100    39   153110.9884    26   153097.0000   153115.9977     1628    0.01%
    160    78   153107.2020    20   153097.0000   153113.1482     1787    0.01%
Elapsed time = 49.45 sec. (26079.49 ticks, tree = 0.49 MB, solutions = 2)
*   200    96      integral     0   153098.0000   153113.1375     1899    0.01%

Implied bound cuts applied:  38
Flow cuts applied:  28
Mixed integer rounding cuts applied:  8
Gomory fractional cuts applied:  23

Root node processing (before b&c):
  Real time             =   44.23 sec. (22382.24 ticks)
Sequential b&c:
  Real time             =    5.97 sec. (4313.69 ticks)
                          ------------
Total (root+branch&cut) =   50.21 sec. (26695.93 ticks)
