1 of 1 MIP starts provided solutions.
MIP start 'm1' defined initial solution with objective 254292.0000.
Tried aggregator 1 time.
MIP Presolve eliminated 0 rows and 1 columns.
Reduced MIP has 75500 rows, 37900 columns, and 5887750 nonzeros.
Reduced MIP has 37500 binaries, 0 generals, 0 SOSs, and 0 indicators.
Presolve time = 2.88 sec. (1508.68 ticks)
Probing time = 0.18 sec. (72.82 ticks)
Tried aggregator 1 time.
Reduced MIP has 75500 rows, 37900 columns, and 5887750 nonzeros.
Reduced MIP has 37500 binaries, 0 generals, 0 SOSs, and 0 indicators.
Presolve time = 2.93 sec. (1508.84 ticks)
Probing time = 0.19 sec. (72.38 ticks)
Clique table members: 250.
MIP emphasis: balance optimality and feasibility.
MIP search method: dynamic search.
Parallel mode: none, using 1 thread.
Root relaxation solution time = 1.56 sec. (749.09 ticks)

        Nodes                                         Cuts/
   Node  Left     Objective  IInf  Best Integer    Best Bound    ItCnt     Gap

*     0+    0                       254292.0000   255073.0000     1792    0.31%
      0     0   255071.4402   238   254292.0000   255071.4402     1792    0.31%
      0     0   254832.6026   160   254292.0000     Cuts: 298     2100    0.21%
      0     0   254737.6119   200   254292.0000     Cuts: 145     2295    0.18%
      0     0   254712.4095   206   254292.0000      Cuts: 63     2371    0.17%
      0     0   254695.4096   225   254292.0000      Cuts: 54     2438    0.16%
      0     0   254687.5227   225   254292.0000      Cuts: 34     2479    0.16%
      0     0   254677.9782   228   254292.0000      Cuts: 24     2529    0.15%
      0     2   254677.9782   227   254292.0000   254677.4318     2529    0.15%
Elapsed time = 76.20 sec. (36757.01 ticks, tree = 0.00 MB, solutions = 1)
      5     7   254651.2402   218   254292.0000   254675.0237     2577    0.15%
     11    13   254645.7553   209   254292.0000   254675.0237     2599    0.15%
     16    18   254622.7449   191   254292.0000   254675.0237     2644    0.15%
     20    22   254610.8626   189   254292.0000   254675.0237     2679    0.15%
     24    26   254615.0170   188   254292.0000   254675.0237     2778    0.15%
     29    31   254594.1217   169   254292.0000   254675.0237     2811    0.15%
     34    36   254581.5587   158   254292.0000   254675.0237     2836    0.15%
     40    40        cutoff         254292.0000   254675.0237     2900    0.15%
     45    43        cutoff         254292.0000   254675.0237     2948    0.15%
     60    50        cutoff         254292.0000   254675.0237     3159    0.15%
Elapsed time = 84.98 sec. (40925.91 ticks, tree = 1.06 MB, solutions = 1)
     75    59   254526.1484   140   254292.0000   254675.0237     3341    0.15%
     88    70   254486.3950   111   254292.0000   254675.0237     3433    0.15%
    103    77   254467.9622   112   254292.0000   254675.0237     3555    0.15%
    118    88   254445.0981   102   254292.0000   254675.0237     3675    0.15%
    129    89        cutoff         254292.0000   254675.0237     3753    0.15%
    140    90    infeasible         254292.0000   254675.0237     3798    0.15%
    157    91    infeasible         254292.0000   254675.0237     3826    0.15%
    169    91    infeasible         254292.0000   254675.0237     3832    0.15%
    180    96   254368.8985   103   254292.0000   254675.0237     3878    0.15%
    193    97        cutoff         254292.0000   254675.0237     3977    0.15%
Elapsed time = 101.56 sec. (51007.57 ticks, tree = 2.13 MB, solutions = 1)
*   200+   98                       254293.0000   254675.0237     4002    0.15%
    200   100   254314.5801    99   254293.0000   254675.0237     4002    0.15%
    213   105        cutoff         254293.0000   254675.0237     4068    0.15%
    222   112        cutoff         254293.0000   254671.5237     4226    0.15%
    240   130   254479.7040   171   254293.0000   254671.5237     4391    0.15%
    258   148   254459.7368   139   254293.0000   254671.5237     4509    0.15%
    272   158   254388.1552   136   254293.0000   254671.5237     4763    0.15%
    284   168   254352.8042   126   254293.0000   254671.5237     4869    0.15%
    299   174        cutoff         254293.0000   254671.5237     4926    0.15%
    310   177   254332.0490   109   254293.0000   254671.5237     4967    0.15%
    321   182   254310.3193    91   254293.0000   254671.5237     5022    0.15%
Elapsed time = 120.20 sec. (63053.90 ticks, tree = 4.05 MB, solutions = 2)
    330   188   254656.3129   215   254293.0000   254669.1903     5124    0.15%
    351   209   254622.0228   192   254293.0000   254669.1903     5215    0.15%
    371   229   254590.5120   171   254293.0000   254669.1903     5311    0.15%
    393   251   254556.7473   158   254293.0000   254669.1903     5375    0.15%
    400   258   254541.0804   155   254293.0000   254669.1903     5396    0.15%
    410   268   254616.6051   204   254293.0000   254667.9934     5524    0.15%
    431   289   254575.1084   178   254293.0000   254667.9934     5627    0.15%
    452   310   254550.8408   168   254293.0000   254667.9934     5693    0.15%
    473   331   254517.5884   156   254293.0000   254667.9934     5761    0.15%
    474   332   254597.8847   280   254293.0000   254597.0324     8109    0.12%
Elapsed time = 453.90 sec. (202349.45 ticks, tree = 7.42 MB, solutions = 2)
    475   331   254594.7678   277   254293.0000   254594.7678     8114    0.12%
    476   332   254594.7678   276   254293.0000   254594.7315     8121    0.12%
    477   332   254594.7233   284   254293.0000   254594.5989     8130    0.12%
    479   248   254594.5857   278   254293.0000   254594.5857     8194    0.12%
    484   248   254588.1819   271   254293.0000   254588.4409     8240    0.12%
    491   252   254513.5411   245   254293.0000   254588.4409     8315    0.12%
    493   254   254512.7878   243   254293.0000   254588.4409     8320    0.12%
    494   254   254421.2238   249   254293.0000   254588.4409     8434    0.12%
    497   255   254416.0789   249   254293.0000   254588.4409     8455    0.12%
    499   257   254415.4917   245   254293.0000   254588.4409     8458    0.12%
Elapsed time = 519.58 sec. (223268.18 ticks, tree = 7.96 MB, solutions = 2)
    501   258   254414.4126   236   254293.0000   254588.4409     8470    0.12%
    503   257   254411.9113   228   254293.0000   254588.4409     8478    0.12%
    506   258   254409.4762   224   254293.0000   254588.4409     8490    0.12%
    508   257   254409.4762   224   254293.0000   254588.4409     8492    0.12%
    513   255   254409.4762   224   254293.0000   254588.4409     8507    0.12%
    521   254   254405.5913   222   254293.0000   254588.4409     8514    0.12%
    525   251   254405.5913   222   254293.0000   254588.4409     8518    0.12%
    533   248   254405.5913   222   254293.0000   254588.4409     8526    0.12%
    541   246   254397.2683   221   254293.0000   254588.4409     8542    0.12%
    547   244   254391.5551   221   254293.0000   254588.4409     8567    0.12%
Elapsed time = 555.66 sec. (235754.69 ticks, tree = 9.95 MB, solutions = 2)
    555   246   254385.9353   213   254293.0000   254588.4409     8589    0.12%
    563   247   254384.1130   212   254293.0000   254588.4409     8600    0.12%
    569   245   254325.2643   212   254293.0000   254588.4409     8614    0.12%
    575   242   254307.7122   213   254293.0000   254588.4409     8629    0.12%
    578   234   254363.5455   258   254293.0000   254580.9019     8767    0.11%
    580   234   254362.1542   258   254293.0000   254580.9019     8771    0.11%
    581   234   254360.5091   255   254293.0000   254580.9019     8772    0.11%
    586   232   254358.1452   249   254293.0000   254580.9019     8788    0.11%
    594   232   254357.7764   236   254293.0000   254580.9019     8800    0.11%
    601   235   254353.7044   234   254293.0000   254580.9019     8834    0.11%
Elapsed time = 587.03 sec. (247307.79 ticks, tree = 9.68 MB, solutions = 2)
    604   236   254293.9704   227   254293.0000   254580.9019     8878    0.11%
    607   230   254558.5051   261   254293.0000   254580.7093     8941    0.11%
    610   232   254558.1295   254   254293.0000   254580.7093     8947    0.11%
    624   240   254551.8818   229   254293.0000   254580.7093     9008    0.11%
    635   245   254540.4289   222   254293.0000   254580.7093     9052    0.11%
    644   248   254534.9690   212   254293.0000   254580.7093     9087    0.11%
    651   250   254521.5535   210   254293.0000   254580.7093     9149    0.11%
    661   254   254494.7095   188   254293.0000   254580.7093     9250    0.11%
    669   251   254492.7669   188   254293.0000   254580.7093     9258    0.11%
    674   249   254491.8054   188   254293.0000   254580.7093     9263    0.11%
Elapsed time = 621.21 sec. (259447.49 ticks, tree = 9.81 MB, solutions = 2)
    683   252   254481.9143   185   254293.0000   254580.7093     9278    0.11%
    690   252   254423.4613   188   254293.0000   254580.7093     9295    0.11%
    698   248   254420.5267   188   254293.0000   254580.7093     9303    0.11%
    706   245   254416.6732   188   254293.0000   254580.7093     9311    0.11%
    714   241   254413.5124   188   254293.0000   254580.7093     9319    0.11%
    722   238   254410.8913   188   254293.0000   254580.7093     9327    0.11%
    730   232   251571.9067   188   254293.0000   254580.7093     9335    0.11%
    731   231   254390.0411   259   254293.0000   254578.6123     9463    0.11%
    742   231   254389.2519   256   254293.0000   254578.6123     9491    0.11%
    755   238   254373.8131   238   254293.0000   254578.6123     9564    0.11%
Elapsed time = 651.93 sec. (270123.36 ticks, tree = 8.67 MB, solutions = 2)
    771   245   254353.4876   214   254293.0000   254578.6123     9610    0.11%
    783   250   254335.2442   208   254293.0000   254578.6123     9651    0.11%
    791   246   254317.6405   207   254293.0000   254578.6123     9660    0.11%
    799   243   254303.3696   211   254293.0000   254578.6123     9680    0.11%
    804   241   254487.3142   259   254293.0000   254576.5365     9813    0.11%
    825   252   254472.4482   225   254293.0000   254576.5365     9897    0.11%
    845   259   254458.5976   225   254293.0000   254576.5365     9970    0.11%
    870   274   254427.2802   185   254293.0000   254576.5365    10053    0.11%
    881   279   254415.7355   181   254293.0000   254576.5365    10095    0.11%
    917   288   254349.3426   163   254293.0000   254576.5365    10199    0.11%
Elapsed time = 686.59 sec. (284040.15 ticks, tree = 8.59 MB, solutions = 2)
    948   290   254454.2004   235   254293.0000   254576.4156    10454    0.11%
    997   316   254384.9895   179   254293.0000   254576.4156    10740    0.11%
   1008   311   254384.0384   179   254293.0000   254576.4156    10754    0.11%
   1009   311   254383.9977   179   254293.0000   254576.4156    10755    0.11%
   1038   320   254552.8827   246   254293.0000   254575.8001    10975    0.11%
   1098   379   254459.0687   189   254293.0000   254575.8001    11277    0.11%
   1136   401   254410.9207   165   254293.0000   254575.8001    11407    0.11%
   1167   405   254382.4725   160   254293.0000   254575.8001    11458    0.11%
   1196   418   254473.9479   254   254293.0000   254575.7040    11701    0.11%
   1274   496   254366.3281   153   254293.0000   254575.7040    12018    0.11%
Elapsed time = 812.74 sec. (337923.72 ticks, tree = 12.32 MB, solutions = 2)
   1305   502   254355.2315   155   254293.0000   254575.7040    12076    0.11%
   1353   529   254468.7830   253   254293.0000   254574.5224    12294    0.11%
   1456   630   254377.3310   153   254293.0000   254574.5224    12647    0.11%
   1503   660   254340.5044   108   254293.0000   254574.5224    12751    0.11%
   1548   697   254414.8919   188   254293.0000   254574.2268    13127    0.11%
   1613   750   254570.5237   250   254293.0000   254573.6623    13365    0.11%
   1689   814   254529.2181   214   254293.0000   254573.6623    13637    0.11%
   1700   814   254527.2625   214   254293.0000   254573.6623    13650    0.11%
   1731   820   254515.0311   224   254293.0000   254573.3863    13810    0.11%
   1824   906   254522.3888   257   254293.0000   254572.7922    14156    0.11%
Elapsed time = 923.87 sec. (383842.43 ticks, tree = 20.00 MB, solutions = 2)
   1917   997   254479.0270   236   254293.0000   254572.7922    14385    0.11%
   1994  1065   254510.2421   216   254293.0000   254570.6571    14835    0.11%
   2110  1173   254529.0584   245   254293.0000   254570.2662    15168    0.11%
   2209  1264   254538.6917   242   254293.0000   254569.3033    15557    0.11%
   2341  1386   254501.7762   224   254293.0000   254568.7436    15915    0.11%
   2435  1465        cutoff         254293.0000   254566.8231    16359    0.11%
*  2474+ 1496                       254295.0000   254563.8690    16734    0.11%
   2521  1541        cutoff         254295.0000   254563.8690    16791    0.11%
   2606  1618   254401.9009   245   254295.0000   254563.4575    17274    0.11%
   2700  1706   254549.0721   245   254295.0000   254563.1215    17440    0.11%
   2780  1776   254532.0433   239   254295.0000   254561.7072    17849    0.10%
Elapsed time = 1026.29 sec. (423280.60 ticks, tree = 35.53 MB, solutions = 3)
   2874  1864   254511.4880   248   254295.0000   254561.6227    18142    0.10%
   2970  1952   254543.4428   255   254295.0000   254561.2489    18671    0.10%
   3082  2058   254487.3893   199   254295.0000   254560.7276    19149    0.10%
   3128  2091   254341.5865   155   254295.0000   254560.7276    19442    0.10%
   3202  2155   254435.0911   245   254295.0000   254560.4524    19893    0.10%
   3253  2199   254350.8598   180   254295.0000   254559.6255    20533    0.10%
   3288  2207   254295.1438   165   254295.0000   254559.6255    20629    0.10%
   3353  2256   254490.4117   195   254295.0000   254559.0039    20991    0.10%
   3384  2257   254490.2817   195   254295.0000   254559.0039    21021    0.10%
   3443  2299   254453.2158   162   254295.0000   254559.0039    21160    0.10%
Elapsed time = 1123.76 sec. (463824.35 ticks, tree = 45.39 MB, solutions = 3)
*  3474+ 2319                       254296.0000   254559.0039    21259    0.10%
   3474  2321   254327.6014   118   254296.0000   254559.0039    21259    0.10%
   3479  2324   254323.3223   116   254296.0000   254559.0039    21275    0.10%
   3480  2324   254323.3059   116   254296.0000   254559.0039    21276    0.10%
   3557  2391   254486.7145   245   254296.0000   254558.6056    21551    0.10%
*  3574+ 2400                       254297.0000   254558.1817    21687    0.10%
   3648  2476   254488.7970   182   254297.0000   254558.1817    22091    0.10%
   3693  2521   254433.8450   126   254297.0000   254558.1817    22254    0.10%
   3765  2587   254408.7805   106   254297.0000   254558.1817    22398    0.10%
   3797  2589   254404.6896   100   254297.0000   254558.1817    22435    0.10%
   3835  2612   254324.4728   208   254297.0000   254558.0398    23134    0.10%
   3884  2639   254532.9270   235   254297.0000   254557.8742    23600    0.10%
Elapsed time = 1270.78 sec. (536144.04 ticks, tree = 51.74 MB, solutions = 5)
   3981  2736   254415.1595   119   254297.0000   254557.8742    24027    0.10%
   4028  2782   254377.0778    87   254297.0000   254557.8742    24135    0.10%
   4086  2821   254467.7698   206   254297.0000   254557.7062    24496    0.10%
   4197  2932   254369.2579   110   254297.0000   254557.7062    24827    0.10%
   4250  2965   254522.2069   249   254297.0000   254557.5968    25046    0.10%
   4338  3046   254349.0535   223   254297.0000   254557.3760    25615    0.10%
   4435  3134   254439.1078   169   254297.0000   254556.9858    26311    0.10%
   4474  3173   254393.5600   106   254297.0000   254556.9858    26432    0.10%
   4512  3189   254389.1957   103   254297.0000   254556.9858    26473    0.10%
   4531  3189   254389.1864   103   254297.0000   254556.9858    26493    0.10%
Elapsed time = 1448.42 sec. (625814.58 ticks, tree = 62.05 MB, solutions = 5)
   4561  3189   254389.1734   103   254297.0000   254556.9858    26523    0.10%
   4597  3199   254380.3234   102   254297.0000   254556.9858    26575    0.10%
   4652  3238   254323.3738    85   254297.0000   254556.9858    26681    0.10%
   4701  3265   254517.8913   231   254297.0000   254555.3948    27304    0.10%
   4824  3384   254469.2770   225   254297.0000   254555.3760    27804    0.10%
   4855  3407   254498.8411   237   254297.0000   254554.9928    28145    0.10%
   4951  3503   254373.6606   170   254297.0000   254554.9928    28706    0.10%
   5049  3597   254390.8191   180   254297.0000   254554.8353    29304    0.10%
   5134  3677   254479.0463   213   254297.0000   254554.8126    29739    0.10%
   5236  3779   254372.9718    93   254297.0000   254554.8126    30285    0.10%
Elapsed time = 1558.63 sec. (681135.71 ticks, tree = 73.07 MB, solutions = 5)
   5318  3851        cutoff         254297.0000   254554.8126    30448    0.10%
   5420  3944   254422.6480   239   254297.0000   254554.4961    31098    0.10%
   5491  4003   254433.8366   225   254297.0000   254554.3939    31531    0.10%
   5581  4084   254457.0260   214   254297.0000   254554.3285    32522    0.10%
   5674  4173   254373.3500   114   254297.0000   254554.3285    32788    0.10%
   5707  4173   254373.3431   114   254297.0000   254554.3285    32821    0.10%
   5757  4199   254357.3796   105   254297.0000   254554.3285    32903    0.10%
   5815  4238   254318.3575    85   254297.0000   254554.3285    32998    0.10%
   5831  4245   254521.0489   237   254297.0000   254554.2318    33099    0.10%
   5934  4340   254493.6867   221   254297.0000   254554.0150    33607    0.10%
Elapsed time = 1668.35 sec. (736257.48 ticks, tree = 83.67 MB, solutions = 5)
   6037  4443   254376.9295   137   254297.0000   254554.0150    34024    0.10%
   6124  4482   254365.3137   111   254297.0000   254554.0150    34122    0.10%
   6195  4541   254300.9038    89   254297.0000   254554.0150    34285    0.10%
   6281  4622   254448.6255   158   254297.0000   254553.3939    34778    0.10%
   6390  4700   254424.8775   121   254297.0000   254553.3939    34936    0.10%
   6421  4700   254424.8774   121   254297.0000   254553.3939    34967    0.10%
   6474  4730   254417.7412   107   254297.0000   254553.3939    35027    0.10%
   6553  4791   254382.7599    93   254297.0000   254553.3939    35139    0.10%
   6637  4857   254328.0298    70   254297.0000   254553.3939    35299    0.10%
   6711  4905   254410.4920   233   254297.0000   254551.7936    35822    0.10%
Elapsed time = 1771.35 sec. (783448.71 ticks, tree = 94.24 MB, solutions = 5)
   6802  4990   254301.5316   175   254297.0000   254551.7936    36318    0.10%
   6889  5068   254414.3022   169   254297.0000   254551.6490    36971    0.10%
   7023  5160   254332.1539    86   254297.0000   254551.6490    37257    0.10%
   7173  5301   254483.2594   205   254297.0000   254551.6110    37771    0.10%
   7245  5358   254435.9883   132   254297.0000   254551.6110    37964    0.10%
   7400  5454   254406.0583   101   254297.0000   254551.6110    38146    0.10%
   7527  5573   254337.7803    77   254297.0000   254551.6110    38374    0.10%
   7602  5627   254303.6148    46   254297.0000   254551.6110    38499    0.10%
   7657  5667   254467.3611   231   254297.0000   254551.0306    38845    0.10%
   7742  5749   254451.3303   173   254297.0000   254550.9858    39319    0.10%
Elapsed time = 1889.47 sec. (842918.46 ticks, tree = 110.03 MB, solutions = 5)
   7884  5857   254372.9359   109   254297.0000   254550.9858    39585    0.10%
   7999  5952   254504.2970   208   254297.0000   254550.5269    39937    0.10%
   8137  6085   254310.5533   157   254297.0000   254550.5269    40479    0.10%
   8216  6155   254426.4217   181   254297.0000   254550.2050    41195    0.10%
   8296  6224   254368.3229   138   254297.0000   254550.2050    41367    0.10%
   8441  6362   254465.7208   163   254297.0000   254550.1897    41867    0.10%
   8497  6418   254406.7663   147   254297.0000   254550.1897    42043    0.10%
   8576  6482   254444.5130   210   254297.0000   254549.6761    42501    0.10%
   8675  6573   254477.5536   232   254297.0000   254549.4599    43030    0.10%
   8782  6676   254477.1601   232   254297.0000   254549.2652    43580    0.10%
Elapsed time = 2015.74 sec. (904781.64 ticks, tree = 127.37 MB, solutions = 5)
   8871  6752   254419.5563   189   254297.0000   254549.2652    43858    0.10%
   8912  6784   254371.8307   231   254297.0000   254549.1465    44156    0.10%
   9025  6890   254497.5885   232   254297.0000   254548.7980    44625    0.10%
   9143  7000   254534.6363   218   254297.0000   254548.7269    45013    0.10%
   9244  7099   254460.7559   163   254297.0000   254548.7269    45383    0.10%
   9304  7134   254525.3585   242   254297.0000   254548.2589    45811    0.10%
   9419  7243   254479.4750   242   254297.0000   254547.9930    46241    0.10%
   9513  7330   254458.7413   224   254297.0000   254547.5977    46862    0.10%
   9547  7364   254454.2439   227   254297.0000   254547.5977    46906    0.10%
   9628  7430   254298.8984   222   254297.0000   254547.3589    47458    0.10%
Elapsed time = 2162.61 sec. (977354.88 ticks, tree = 141.49 MB, solutions = 5)
   9707  7502   254521.2215   228   254297.0000   254547.2389    47811    0.10%
   9815  7606   254445.4180   200   254297.0000   254546.9682    48499    0.10%
   9911  7691   254437.4342   222   254297.0000   254546.9568    48804    0.10%
   9954  7722   254334.2873   244   254297.0000   254546.8223    49249    0.10%
   9955  7723   254514.3898   213   254297.0000   254546.7416    49318    0.10%
   9956  7724   254597.1081   285   254297.0000   254546.7416    51254    0.10%
   9957  7724   254595.6638   281   254297.0000   254546.7416    51262    0.10%
   9959  7725   254543.5450   256   254297.0000   254546.7416    51383    0.10%
   9969  7729   254434.1649   231   254297.0000   254546.7416    51546    0.10%
   9973  7728   254432.6925   231   254297.0000   254546.7416    51557    0.10%
Elapsed time = 2596.65 sec. (1151723.52 ticks, tree = 149.13 MB, solutions = 5)
   9980  7213   254428.6913   224   254297.0000   254546.7416    51606    0.10%
   9988  7213   254427.2453   224   254297.0000   254546.7416    51617    0.10%
   9996  6886   254590.1367   277   254297.0000   254546.7416    51831    0.10%
  10003  6601   254587.4455   266   254297.0000   254546.7416    51894    0.10%
  10009  6375   254577.6087   261   254297.0000   254546.7416    52138    0.10%
  10015  6379   254507.6496   232   254297.0000   254546.7416    52302    0.10%
  10020  6380   254505.2907   224   254297.0000   254546.7416    52316    0.10%
  10026  6385   254501.5625   226   254297.0000   254546.7416    52338    0.10%
  10036  6387   254493.4122   217   254297.0000   254546.7416    52434    0.10%
  10048  6382   254435.4820   216   254297.0000   254546.7416    52501    0.10%
Elapsed time = 2693.15 sec. (1194423.96 ticks, tree = 129.06 MB, solutions = 5)
  10055  6385   254425.2067   208   254297.0000   254546.7416    52541    0.10%
  10061  6385   254374.1980   204   254297.0000   254546.7416    52612    0.10%
  10073  6381   254373.1288   204   254297.0000   254546.7416    52650    0.10%
  10090  6373   254371.8462   204   254297.0000   254546.7416    52679    0.10%
  10103  6262   254388.6762   259   254297.0000   254546.7416    52950    0.10%
  10108  6260   254387.6237   259   254297.0000   254546.7416    52969    0.10%
  10114  6263   254382.9461   254   254297.0000   254546.7416    53001    0.10%
  10119  6264   254380.4319   253   254297.0000   254546.7416    53021    0.10%
  10129  6261   254374.6122   250   254297.0000   254546.7416    53050    0.10%
  10145  6259   254366.0274   262   254297.0000   254546.7416    53119    0.10%
Elapsed time = 2790.02 sec. (1236799.73 ticks, tree = 126.65 MB, solutions = 5)
  10154  6258   254357.8892   253   254297.0000   254546.7416    53169    0.10%
  10163  6256   254356.1487   255   254297.0000   254546.7416    53185    0.10%
  10173  6260   254343.9061   242   254297.0000   254546.7416    53217    0.10%
  10181  6257   254313.4210   238   254297.0000   254546.7416    53244    0.10%
  10190  6254   254309.3350   226   254297.0000   254546.7416    53309    0.10%
  10198  6250   254297.9420   230   254297.0000   254546.7416    53354    0.10%
  10202  6176   254489.4384   260   254297.0000   254546.7416    53726    0.10%
  10207  6176   254489.1648   258   254297.0000   254546.7416    53732    0.10%
  10212  6175   254488.9895   259   254297.0000   254546.7416    53740    0.10%
  10220  6178   254473.6846   256   254297.0000   254546.7416    53773    0.10%
Elapsed time = 2875.91 sec. (1277801.15 ticks, tree = 125.04 MB, solutions = 5)
  10237  6179   254459.0621   257   254297.0000   254546.7416    53841    0.10%
  10256  6171   254454.5333   257   254297.0000   254546.7416    53860    0.10%
  10275  6163   254445.2137   257   254297.0000   254546.7416    53879    0.10%
  10286  6041   254561.0299   262   254297.0000   254546.7416    54006    0.10%
  10293  6045   254552.6222   246   254297.0000   254546.7416    54031    0.10%
  10297  6046   254545.8221   239   254297.0000   254546.7416    54109    0.10%
  10314  6041   254541.9650   239   254297.0000   254546.7416    54136    0.10%
  10331  6036   254538.4946   239   254297.0000   254546.7416    54155    0.10%
  10350  6028   254528.6187   239   254297.0000   254546.7416    54174    0.10%
  10367  6023   254517.5477   246   254297.0000   254546.7416    54200    0.10%
Elapsed time = 2951.43 sec. (1317741.16 ticks, tree = 122.04 MB, solutions = 5)
  10379  5968   254577.6087   261   254297.0000   254546.7416    54259    0.10%
  10385  5970   254571.9912   257   254297.0000   254546.7416    54282    0.10%
  10401  5969   254558.2870   257   254297.0000   254546.7416    54329    0.10%
  10420  5964   254554.5758   257   254297.0000   254546.7416    54355    0.10%
  10439  5956   254546.2226   257   254297.0000   254546.7416    54374    0.10%
  10458  5949   254535.5063   257   254297.0000   254546.7416    54393    0.10%
  10476  5895   254546.8303   258   254297.0000   254546.7416    54507    0.10%
  10482  5899   254539.7940   255   254297.0000   254546.7416    54541    0.10%
  10500  5897   254529.0105   249   254297.0000   254546.7416    54579    0.10%
  10519  5888   254523.3927   249   254297.0000   254546.7416    54598    0.10%
Elapsed time = 3028.45 sec. (1358652.59 ticks, tree = 119.41 MB, solutions = 5)
  10538  5880   254513.1629   249   254297.0000   254546.7416    54617    0.10%
  10557  5873   254501.7749   249   254297.0000   254546.7416    54635    0.10%
  10564  5829   254559.5711   247   254297.0000   254546.7416    54772    0.10%
  10582  5820   254559.5711   247   254297.0000   254546.7416    54796    0.10%
  10599  5820   254533.9995   242   254297.0000   254546.7416    54868    0.10%
  10618  5814   254522.5413   244   254297.0000   254546.7416    54904    0.10%
  10636  5807   254498.7208   244   254297.0000   254546.7416    54927    0.10%
  10652  5727   254450.7357   239   254297.0000   254546.7416    55135    0.10%
  10666  5724   254431.5824   241   254297.0000   254546.7416    55168    0.10%
  10679  5726   254335.8496   233   254297.0000   254546.7416    55292    0.10%
Elapsed time = 3104.63 sec. (1399610.84 ticks, tree = 116.27 MB, solutions = 5)
  10699  5682   253936.2661   232   254297.0000   254546.7416    55313    0.10%
  10710  5679   254499.5381   229   254297.0000   254546.7416    55437    0.10%
  10727  5676   254489.5951   233   254297.0000   254546.7416    55472    0.10%
  10747  5667   254482.0263   233   254297.0000   254546.7416    55492    0.10%
  10766  5660   254467.2591   232   254297.0000   254546.7416    55522    0.10%
  10781  5620   254517.8795   220   254297.0000   254546.7416    55618    0.10%
  10798  5619   254510.5949   225   254297.0000   254546.7416    55659    0.10%
  10827  5628   254497.7310   225   254297.0000   254546.7416    55689    0.10%
  10847  5618   254482.3085   225   254297.0000   254546.7416    55711    0.10%
  10862  5584   254325.6034   242   254297.0000   254546.7416    55915    0.10%
Elapsed time = 3176.75 sec. (1439194.13 ticks, tree = 113.47 MB, solutions = 5)
  10880  5576   254298.4619   228   254297.0000   254546.7416    55950    0.10%
  10898  5570   254297.9309   224   254297.0000   254546.7416    55974    0.10%
  10916  5563   254297.0717   224   254297.0000   254546.7416    55998    0.10%
  10928  5536   254510.9615   223   254297.0000   254546.7416    56145    0.10%
  10956  5550   254499.9471   222   254297.0000   254546.7416    56201    0.10%
  10983  5560   254478.3886   222   254297.0000   254546.7416    56234    0.10%
  10997  5532   254513.1200   235   254297.0000   254546.7416    56366    0.10%
  11017  5529   254508.9531   236   254297.0000   254546.7416    56393    0.10%
  11048  5545   254495.6388   235   254297.0000   254546.7416    56426    0.10%
  11056  5549   254490.0030   235   254297.0000   254546.7416    56434    0.10%
Elapsed time = 3263.79 sec. (1484941.31 ticks, tree = 112.49 MB, solutions = 5)
  11081  5555   254473.3521   236   254297.0000   254546.7416    56471    0.10%
  11097  5505   254517.3797   246   254297.0000   254546.7416    56634    0.10%
  11125  5520   254507.5681   246   254297.0000   254546.7416    56688    0.10%
  11151  5530   254394.4570   242   254297.0000   254546.7416    56733    0.10%
  11177  5523   254530.6176   253   254297.0000   254546.7416    56836    0.10%
  11189  5522   254482.5555   244   254297.0000   254546.7416    56935    0.10%
  11207  5523   254477.6867   257   254297.0000   254546.7416    56999    0.10%
  11226  5526   254474.3669   247   254297.0000   254546.7416    57036    0.10%
  11244  5519   254473.4534   247   254297.0000   254546.7416    57054    0.10%
  11263  5511   254471.7755   247   254297.0000   254546.7416    57073    0.10%
Elapsed time = 3332.43 sec. (1524940.19 ticks, tree = 111.46 MB, solutions = 5)
  11275  5507   254297.2994   246   254297.0000   254546.7416    57175    0.10%
  11285  5491   254431.6177   235   254297.0000   254546.7416    57329    0.10%
  11300  5485   254395.6408   228   254297.0000   254546.7416    57405    0.10%
  11316  5489   254333.9518   233   254297.0000   254546.7416    57538    0.10%
  11331  5488   254321.5049   233   254297.0000   254546.7416    57602    0.10%
  11348  5481   254320.3889   231   254297.0000   254546.7416    57634    0.10%
  11363  5474   254320.3750   232   254297.0000   254546.7416    57667    0.10%
  11378  5470   254319.7654   233   254297.0000   254546.7416    57715    0.10%
  11394  5464   254314.6606   233   254297.0000   254546.7416    57739    0.10%
  11405  5447   254442.7081   245   254297.0000   254546.7416    57859    0.10%
Elapsed time = 3402.40 sec. (1565156.75 ticks, tree = 110.17 MB, solutions = 5)
  11425  5442   254398.0027   224   254297.0000   254546.7416    57970    0.10%
  11456  5457   254384.8426   224   254297.0000   254546.7416    58008    0.10%
  11479  5446   254534.2068   227   254297.0000   254546.7416    58129    0.10%
  11508  5461   254418.3506   230   254297.0000   254546.7416    58174    0.10%
  11534  5436   254484.7253   225   254297.0000   254546.7416    58292    0.10%
  11565  5454   254470.1401   229   254297.0000   254546.7416    58340    0.10%
  11596  5452   254506.3291   232   254297.0000   254546.7416    58469    0.10%
  11611  5449   254428.3249   245   254297.0000   254546.7416    58582    0.10%
  11640  5467   254410.8437   245   254297.0000   254546.7416    58639    0.10%
  11658  5445   254508.5654   257   254297.0000   254546.7416    58743    0.10%
Elapsed time = 3462.54 sec. (1605141.96 ticks, tree = 109.60 MB, solutions = 5)
  11675  5450   254503.3869   246   254297.0000   254546.7416    58854    0.10%
  11686  5449   254400.5591   250   254297.0000   254546.7416    58995    0.10%
  11703  5447   254312.5142   242   254297.0000   254546.7416    59094    0.10%
  11723  5442   254304.6848   231   254297.0000   254546.7416    59137    0.10%
  11744  5441   254379.4432   226   254297.0000   254546.7416    59285    0.10%
  11775  5441   254502.0516   215   254297.0000   254546.7416    59394    0.10%
  11804  5458   254487.2459   217   254297.0000   254546.7416    59467    0.10%
  11834  5475   254460.4395   210   254297.0000   254546.7416    59507    0.10%
  11855  5447   254510.6512   235   254297.0000   254546.7416    59691    0.10%
  11884  5462   254500.2340   235   254297.0000   254546.7416    59730    0.10%
Elapsed time = 3519.80 sec. (1643962.16 ticks, tree = 109.44 MB, solutions = 5)
  11913  5479   254472.8006   235   254297.0000   254546.7416    59773    0.10%
  11932  5471   254496.8650   220   254297.0000   254546.7416    60014    0.10%
  11951  5480   254454.1343   215   254297.0000   254546.7416    60132    0.10%
  11967  5476   254452.6918   215   254297.0000   254546.7416    60147    0.10%
  11986  5467   254450.9837   215   254297.0000   254546.7416    60166    0.10%
  12006  5446   254495.4888   235   254297.0000   254546.7416    60401    0.10%
  12031  5458   254476.9001   213   254297.0000   254546.7416    60515    0.10%
  12047  5455   254475.4752   213   254297.0000   254546.7416    60530    0.10%
  12067  5448   254473.6921   213   254297.0000   254546.7416    60550    0.10%
  12086  5439   254471.9705   213   254297.0000   254546.7416    60570    0.10%
Elapsed time = 3575.08 sec. (1683697.01 ticks, tree = 108.76 MB, solutions = 5)
  12101  5430   254459.3254   221   254297.0000   254546.7416    60757    0.10%
  12128  5439   254450.6133   221   254297.0000   254546.7416    60789    0.10%
  12156  5441   254489.4820   223   254297.0000   254546.7416    60965    0.10%
  12186  5457   254478.0446   222   254297.0000   254546.7416    61010    0.10%

Implied bound cuts applied:  70
Flow cuts applied:  91
Mixed integer rounding cuts applied:  55
Lift and project cuts applied:  21
Gomory fractional cuts applied:  70

Root node processing (before b&c):
  Real time             =   76.09 sec. (36649.29 ticks)
Sequential b&c:
  Real time             = 3523.94 sec. (1665577.09 ticks)
                          ------------
Total (root+branch&cut) = 3600.03 sec. (1702226.38 ticks)
