1 of 1 MIP starts provided solutions.
MIP start 'm1' defined initial solution with objective 254305.0000.
Tried aggregator 1 time.
MIP Presolve eliminated 0 rows and 1 columns.
Reduced MIP has 112750 rows, 75150 columns, and 11512500 nonzeros.
Reduced MIP has 37500 binaries, 0 generals, 0 SOSs, and 0 indicators.
Presolve time = 5.99 sec. (2824.24 ticks)
Probing time = 0.24 sec. (122.27 ticks)
Tried aggregator 1 time.
Reduced MIP has 112750 rows, 75150 columns, and 11512500 nonzeros.
Reduced MIP has 37500 binaries, 0 generals, 0 SOSs, and 0 indicators.
Presolve time = 7.50 sec. (3327.44 ticks)
Probing time = 0.24 sec. (122.25 ticks)
Clique table members: 250.
MIP emphasis: balance optimality and feasibility.
MIP search method: dynamic search.
Parallel mode: none, using 1 thread.
Root relaxation solution time = 21.94 sec. (15014.04 ticks)

        Nodes                                         Cuts/
   Node  Left     Objective  IInf  Best Integer    Best Bound    ItCnt     Gap

*     0+    0                       254305.0000   2.87681e+07    29944     --- 
      0     0   254680.4889   232   254305.0000   254680.4889    29944    0.15%
      0     0   254623.8453   260   254305.0000     Cuts: 120    31238    0.13%
      0     0   254586.1488   295   254305.0000      Cuts: 90    32575    0.11%
      0     0   254565.7118   313   254305.0000      Cuts: 70    33273    0.10%
*     0+    0                       254306.0000   254565.7118    33273    0.10%
      0     0   254558.1119   329   254306.0000      Cuts: 38    33855    0.10%
      0     0   254555.2399   323   254306.0000      Cuts: 42    34089    0.10%
      0     0   254553.2965   325   254306.0000      Cuts: 27    34277    0.10%
Heuristic still looking.
      0     2   254553.2965   325   254306.0000   254553.2875    34277    0.10%
Elapsed time = 260.77 sec. (124346.45 ticks, tree = 0.00 MB, solutions = 2)
      2     4   254548.2063   331   254306.0000   254548.1924    34760    0.10%
      3     5   254515.4144   311   254306.0000   254548.1924    35423    0.10%
      4     6   254508.9468   330   254306.0000   254548.1924    36167    0.10%
      5     7   254498.8590   294   254306.0000   254548.1924    36399    0.10%
      7     9   254488.4349   284   254306.0000   254548.1924    36674    0.10%
      9    11   254488.3540   273   254306.0000   254548.1924    36825    0.10%
     10    12   254479.7460   261   254306.0000   254548.1924    37026    0.10%
     12    14   254470.0857   271   254306.0000   254548.1924    37274    0.10%
     13    15   254474.7475   250   254306.0000   254548.1924    37448    0.10%
     20    22   254461.7628   223   254306.0000   254548.1924    37968    0.10%
Elapsed time = 281.39 sec. (133863.17 ticks, tree = 3.32 MB, solutions = 2)
     25    27   254446.8893   224   254306.0000   254548.1924    38557    0.10%
     31    33   254446.0330   189   254306.0000   254548.1924    38962    0.10%
     38    40   254437.8949   170   254306.0000   254548.1924    39570    0.10%
     45    45   254428.7362   159   254306.0000   254548.1924    39975    0.10%
     50    50   254424.1275   149   254306.0000   254548.1924    40554    0.10%
     56    56   254395.0136   138   254306.0000   254548.1924    41227    0.10%
     60    60   254399.6539   131   254306.0000   254548.1924    41238    0.10%
     69    69   254395.5983   121   254306.0000   254548.1924    41388    0.10%
     74    74   254367.8463   134   254306.0000   254548.1924    41918    0.10%
     80    80   254348.2361   124   254306.0000   254548.1924    42078    0.10%
Elapsed time = 304.66 sec. (144479.83 ticks, tree = 5.67 MB, solutions = 2)
     86    84   254337.3942   102   254306.0000   254548.1924    42397    0.10%
     95    90        cutoff         254306.0000   254548.1924    42543    0.10%
    100    91   254321.1437    92   254306.0000   254548.1924    42611    0.10%
    107    94   254306.3525    95   254306.0000   254548.1924    43055    0.10%
    110    93   254515.7277   320   254306.0000   254548.0907    43679    0.10%
    113    96   254496.8948   301   254306.0000   254548.0907    44689    0.10%
    115    98   254488.6878   281   254306.0000   254548.0907    44946    0.10%
    120   103   254473.6197   251   254306.0000   254548.0907    45408    0.10%
    125   108   254424.0105   229   254306.0000   254548.0907    46575    0.10%
    130   113   254412.0648   220   254306.0000   254548.0907    46788    0.10%
Elapsed time = 331.25 sec. (157649.32 ticks, tree = 7.03 MB, solutions = 2)
    138   121   254346.0763   222   254306.0000   254548.0907    47482    0.10%
    145   126        cutoff         254306.0000   254548.0907    48280    0.10%
    152   133   254370.0324   202   254306.0000   254548.0907    48547    0.10%
    159   138   254356.0077   184   254306.0000   254548.0907    48865    0.10%
    168   145   254307.3755   157   254306.0000   254548.0907    49226    0.10%
    173   146   254542.5858   331   254306.0000   254546.8133    49455    0.09%
    176   149   254509.2033   327   254306.0000   254546.8133    51041    0.09%
    178   151   254498.0349   326   254306.0000   254546.8133    51925    0.09%
    180   153   254495.0683   330   254306.0000   254546.8133    52182    0.09%
    187   160   254476.3999   305   254306.0000   254546.8133    52625    0.09%
Elapsed time = 357.98 sec. (172265.26 ticks, tree = 9.39 MB, solutions = 2)
    192   165   254456.9964   296   254306.0000   254546.8133    53262    0.09%
    197   170   254442.2323   290   254306.0000   254546.8133    53672    0.09%
    201   174   254431.7900   287   254306.0000   254546.8133    54089    0.09%
    205   178   254426.8592   282   254306.0000   254546.8133    54427    0.09%
    210   183   254409.3240   269   254306.0000   254546.8133    55102    0.09%
    216   189   254403.7352   250   254306.0000   254546.8133    55281    0.09%
    220   193   254381.3224   260   254306.0000   254546.8133    55406    0.09%
    227   200   254373.3339   255   254306.0000   254546.8133    55825    0.09%
    233   206   254349.6321   256   254306.0000   254546.8133    56329    0.09%
    237   210   254332.1389   265   254306.0000   254546.8133    56826    0.09%
Elapsed time = 375.68 sec. (184653.88 ticks, tree = 11.52 MB, solutions = 2)
    241   214   254323.3092   255   254306.0000   254546.8133    56944    0.09%
    247   214   254541.1801   327   254306.0000   254542.5538    57339    0.09%
    249   216   254526.9180   322   254306.0000   254542.5538    58657    0.09%
    252   219   254500.9074   282   254306.0000   254542.5538    59225    0.09%
    256   223   254490.6910   275   254306.0000   254542.5538    59586    0.09%
    261   228   254478.8298   289   254306.0000   254542.5538    60129    0.09%
    265   232   254470.0935   261   254306.0000   254542.5538    60418    0.09%
    270   237   254457.8306   259   254306.0000   254542.5538    61099    0.09%
    277   244   254453.3139   253   254306.0000   254542.5538    61353    0.09%
    280   247   254448.6546   210   254306.0000   254542.5538    61544    0.09%
Elapsed time = 395.07 sec. (196723.69 ticks, tree = 13.00 MB, solutions = 2)
    290   257   254434.7033   213   254306.0000   254542.5538    61971    0.09%
    298   265   254416.4660   201   254306.0000   254542.5538    62398    0.09%
    304   271   254403.4577   191   254306.0000   254542.5538    62794    0.09%
    311   278   254385.3871   194   254306.0000   254542.5538    63032    0.09%
    318   285   254376.1171   198   254306.0000   254542.5538    63209    0.09%
    323   290   254337.5326   194   254306.0000   254542.5538    63651    0.09%
    328   291   254539.9576   327   254306.0000   254541.0392    64148    0.09%
    330   293   254501.1799   294   254306.0000   254541.0392    65096    0.09%
    335   298   254485.9505   244   254306.0000   254541.0392    65510    0.09%
    340   303   254475.0252   238   254306.0000   254541.0392    65732    0.09%
Elapsed time = 413.92 sec. (208402.76 ticks, tree = 15.33 MB, solutions = 2)
    350   313   254460.8627   221   254306.0000   254541.0392    66380    0.09%
    359   322   254441.9407   220   254306.0000   254541.0392    67059    0.09%
    365   328   254424.4511   223   254306.0000   254541.0392    67459    0.09%
    372   335   254415.2577   231   254306.0000   254541.0392    67762    0.09%
    377   340   254407.8105   213   254306.0000   254541.0392    68097    0.09%
    380   343   254395.9064   200   254306.0000   254541.0392    68171    0.09%
    390   353   254368.8538   182   254306.0000   254541.0392    68625    0.09%
    400   363   254336.8911   169   254306.0000   254541.0392    69035    0.09%
    407   367   254306.4307   141   254306.0000   254541.0392    69424    0.09%
    410   370   254506.2719   291   254306.0000   254539.4860    70556    0.09%
Elapsed time = 434.48 sec. (220071.21 ticks, tree = 17.98 MB, solutions = 2)
    414   374   254485.9405   242   254306.0000   254539.4860    71467    0.09%
    419   379   254469.3377   232   254306.0000   254539.4860    72339    0.09%
    425   385   254434.3833   234   254306.0000   254539.4860    73466    0.09%
    429   389   254429.2597   216   254306.0000   254539.4860    74367    0.09%
    435   395   254392.6629   207   254306.0000   254539.4860    75246    0.09%
    441   399   254385.1849   210   254306.0000   254539.4860    75536    0.09%
    449   405        cutoff         254306.0000   254539.4860    75949    0.09%
    457   413   254367.4630   174   254306.0000   254539.4860    76142    0.09%
    460   416   254364.6508   168   254306.0000   254539.4860    76161    0.09%
    466   420   254357.0526   189   254306.0000   254539.4860    76507    0.09%
Elapsed time = 456.91 sec. (230772.36 ticks, tree = 20.42 MB, solutions = 2)
    472   423   254324.9677   158   254306.0000   254539.4860    77060    0.09%
    478   426   254307.4727   159   254306.0000   254539.4860    77394    0.09%
    483   424   254528.9656   333   254306.0000   254531.1285    77823    0.09%
    486   427   254506.5678   306   254306.0000   254531.1285    78518    0.09%
    490   431   254493.4324   280   254306.0000   254531.1285    78814    0.09%
    499   440   254483.3207   263   254306.0000   254531.1285    79231    0.09%
    504   445   254473.0847   264   254306.0000   254531.1285    79550    0.09%
    508   449   254460.7612   255   254306.0000   254531.1285    79930    0.09%
    512   453   254456.2394   243   254306.0000   254531.1285    80245    0.09%
    529   470   254422.4386   224   254306.0000   254531.1285    81564    0.09%
Elapsed time = 479.07 sec. (244786.88 ticks, tree = 22.47 MB, solutions = 2)
    553   494   254362.7581   211   254306.0000   254531.1285    82633    0.09%
    567   504   254507.2560   305   254306.0000   254529.6044    84413    0.09%
    582   519   254469.8987   240   254306.0000   254529.6044    85668    0.09%
    601   538   254423.3775   208   254306.0000   254529.6044    86835    0.09%
    626   563   254363.6413   224   254306.0000   254529.6044    88022    0.09%
    648   585   254326.9180   217   254306.0000   254529.6044    88829    0.09%
    665   598   254483.4417   267   254306.0000   254528.7100    90430    0.09%
    680   613   254459.7607   229   254306.0000   254528.7100    91581    0.09%
    712   645   254410.9607   184   254306.0000   254528.7100    92860    0.09%
    741   673   254342.6433   181   254306.0000   254528.7100    93938    0.09%
Elapsed time = 547.38 sec. (291752.09 ticks, tree = 32.66 MB, solutions = 2)
    754   677   254507.4060   331   254306.0000   254528.4117    95301    0.09%
    760   683   254485.6101   322   254306.0000   254528.4117    96711    0.09%
    774   697   254440.6216   296   254306.0000   254528.4117    98253    0.09%
    795   718   254406.2924   251   254306.0000   254528.4117    99451    0.09%
    815   738   254344.1424   235   254306.0000   254528.4117   100929    0.09%
    832   750   254481.5753   273   254306.0000   254527.4596   102890    0.09%
    852   770   254462.4864   244   254306.0000   254527.4596   105361    0.09%
    871   789   254434.3780   219   254306.0000   254527.4596   107555    0.09%
    892   806   254382.9541   205   254306.0000   254527.4596   108976    0.09%
    916   816        cutoff         254306.0000   254527.4596   110191    0.09%
Elapsed time = 620.50 sec. (334722.65 ticks, tree = 39.19 MB, solutions = 2)
    928   820   254487.6204   296   254306.0000   254527.4336   113013    0.09%
    940   832   254444.8235   287   254306.0000   254527.4336   114576    0.09%
    951   843   254427.2582   280   254306.0000   254527.4336   115254    0.09%
    976   868   254387.5015   243   254306.0000   254527.4336   116251    0.09%
    996   887   254327.7966   202   254306.0000   254527.4336   117540    0.09%
    998   889   254550.0372   318   254306.0000   254527.4336   139403    0.09%
    999   890   254548.6998   303   254306.0000   254527.4336   139683    0.09%
   1000   890   254543.3742   303   254306.0000   254527.4336   139884    0.09%
   1001   891   254539.2018   302   254306.0000   254527.4336   140056    0.09%
   1002   891   254523.7715   311   254306.0000   254527.4336   140374    0.09%
Elapsed time = 1017.96 sec. (496654.12 ticks, tree = 42.22 MB, solutions = 2)
   1003   892   254521.3188   310   254306.0000   254527.4336   140837    0.09%
   1004   893   254458.9185   313   254306.0000   254527.4336   142207    0.09%
   1005   893   254518.6655   309   254306.0000   254527.4336   142631    0.09%
   1006   893   254483.6148   284   254306.0000   254527.4336   143573    0.09%
   1007   893   254483.6088   282   254306.0000   254527.4336   143631    0.09%
   1008   893   254483.0737   280   254306.0000   254527.4336   143651    0.09%
   1010   894   254482.5253   276   254306.0000   254527.4336   143700    0.09%
   1012   894   254481.0731   279   254306.0000   254527.4336   143815    0.09%
   1014   895   254480.1175   286   254306.0000   254527.4336   143865    0.09%
   1017   895   254476.6196   278   254306.0000   254527.4336   144126    0.09%
Elapsed time = 1131.53 sec. (546956.55 ticks, tree = 42.09 MB, solutions = 2)
   1019   895   254475.8055   276   254306.0000   254527.4336   144814    0.09%
   1021   895   254475.7589   275   254306.0000   254527.4336   144817    0.09%
   1025   898   254473.3107   284   254306.0000   254527.4336   145074    0.09%
   1028   899   254445.0764   260   254306.0000   254527.4336   145722    0.09%
   1034   872   254434.2993   253   254306.0000   254527.4336   146167    0.09%
   1039   872   254344.4303   244   254306.0000   254527.4336   146990    0.09%
   1046   873   254342.4361   242   254306.0000   254527.4336   147191    0.09%
   1055   875   254322.7581   263   254306.0000   254527.4336   147701    0.09%
   1058   858   254537.7304   306   254306.0000   254527.4336   148097    0.09%
   1059   857   254354.4023   291   254306.0000   254527.4336   149281    0.09%
Elapsed time = 1228.17 sec. (594313.74 ticks, tree = 39.66 MB, solutions = 2)
   1074   847   254325.8497   283   254306.0000   254527.4336   150131    0.09%
   1086   833   254314.4946   260   254306.0000   254527.4336   151032    0.09%
   1097   808   254537.7069   305   254306.0000   254527.4336   151259    0.09%
   1115   821   254506.8478   313   254306.0000   254527.4336   153419    0.09%
   1128   828   254494.8597   295   254306.0000   254527.4336   154623    0.09%
   1138   833   254478.9059   279   254306.0000   254527.4336   155919    0.09%
   1155   838   254453.8980   267   254306.0000   254527.4336   156759    0.09%
   1167   841   254436.2004   246   254306.0000   254527.4336   157104    0.09%
   1183   844   254425.4882   235   254306.0000   254527.4336   157431    0.09%
   1196   844   254401.5592   233   254306.0000   254527.4336   158145    0.09%
Elapsed time = 1314.74 sec. (634781.25 ticks, tree = 36.73 MB, solutions = 2)
   1214   848   254371.8948   216   254306.0000   254527.4336   158785    0.09%
   1224   850   254351.2317   206   254306.0000   254527.4336   159324    0.09%
   1234   850   254331.9803   204   254306.0000   254527.4336   159905    0.09%
   1252   837   254469.1991   318   254306.0000   254527.4336   161354    0.09%
   1277   839   254401.5069   308   254306.0000   254527.4336   163232    0.09%
   1301   836   254327.9487   242   254306.0000   254527.4336   164729    0.09%
   1318   830   254503.4619   287   254306.0000   254527.4336   166462    0.09%
   1338   841   254476.3156   269   254306.0000   254527.4336   168623    0.09%
   1362   854   254431.4599   204   254306.0000   254527.4336   170151    0.09%
   1398   874   254396.7084   176   254306.0000   254527.4336   171292    0.09%
Elapsed time = 1414.57 sec. (679421.68 ticks, tree = 34.73 MB, solutions = 2)
   1422   883   254379.8982   172   254306.0000   254527.4336   172087    0.09%
   1438   887   254334.7956   179   254306.0000   254527.4336   172702    0.09%
   1454   884   254323.5652   172   254306.0000   254527.4336   173087    0.09%
   1479   887   254503.7730   306   254306.0000   254525.7262   174871    0.09%
   1508   902   254459.2611   283   254306.0000   254525.7262   176164    0.09%
   1528   912   254415.3976   237   254306.0000   254525.7262   177514    0.09%
   1539   909   254393.0938   232   254306.0000   254525.7262   177994    0.09%
   1553   906   254392.9510   231   254306.0000   254525.7262   178109    0.09%
   1587   922   254364.3796   213   254306.0000   254525.7262   179817    0.09%
   1610   931   254313.5347   219   254306.0000   254525.7262   180380    0.09%
Elapsed time = 1503.25 sec. (719542.94 ticks, tree = 33.99 MB, solutions = 2)
   1620   922   254440.2884   311   254306.0000   254522.9605   182257    0.09%
   1636   918   254433.9125   306   254306.0000   254522.9605   182835    0.09%
   1655   918   254414.2209   319   254306.0000   254522.9605   183659    0.09%
   1677   916   254397.4329   294   254306.0000   254522.9605   185297    0.09%
   1680   915   254396.3106   294   254306.0000   254522.9605   185939    0.09%
   1703   916   254370.3102   270   254306.0000   254522.9605   187110    0.09%
   1717   916   254487.9417   299   254306.0000   254521.2512   188782    0.08%
   1730   924   254464.2466   300   254306.0000   254521.2512   190363    0.08%
   1752   939   254425.2009   267   254306.0000   254521.2512   192028    0.08%
   1775   947   254395.9753   258   254306.0000   254521.2512   192637    0.08%
Elapsed time = 1608.17 sec. (759188.22 ticks, tree = 32.41 MB, solutions = 2)
   1793   954   254368.5999   239   254306.0000   254521.2512   193261    0.08%
   1802   953   254368.4175   229   254306.0000   254521.2512   193281    0.08%
   1829   958   254321.6159   213   254306.0000   254521.2512   193922    0.08%
   1848   961   254494.3418   293   254306.0000   254518.6609   195437    0.08%
   1871   970   254450.0721   297   254306.0000   254518.6609   196920    0.08%
   1896   985   254411.8810   240   254306.0000   254518.6609   198269    0.08%
   1925   995   254381.6906   219   254306.0000   254518.6609   199075    0.08%
   1950  1005   254352.8951   193   254306.0000   254518.6609   199859    0.08%
   1955  1006   254324.8979   195   254306.0000   254518.6609   200355    0.08%
   1969  1003   254517.4298   313   254306.0000   254518.5192   201636    0.08%
Elapsed time = 1716.09 sec. (799740.04 ticks, tree = 31.53 MB, solutions = 2)
   1998  1019   254471.9078   306   254306.0000   254518.5192   204190    0.08%
   2032  1040   254424.6341   213   254306.0000   254518.5192   205851    0.08%
   2055  1050   254393.1970   206   254306.0000   254518.5192   206694    0.08%
   2076  1060   254362.7299   208   254306.0000   254518.5192   207271    0.08%
   2099  1068   254339.8311   194   254306.0000   254518.5192   207685    0.08%
   2122  1067   254311.3939   176   254306.0000   254518.5192   208130    0.08%
   2138  1071   254462.2190   285   254306.0000   254517.2197   209402    0.08%
   2172  1085   254405.5112   279   254306.0000   254517.2197   211676    0.08%
   2215  1103   254327.6225   204   254306.0000   254517.2197   213358    0.08%
   2240  1103   254329.7092   275   254306.0000   254516.4202   214818    0.08%
Elapsed time = 1821.90 sec. (841093.91 ticks, tree = 31.06 MB, solutions = 2)
   2261  1103   254506.0152   291   254306.0000   254515.7653   215888    0.08%
   2285  1117   254452.5085   237   254306.0000   254515.7653   217787    0.08%
   2298  1124   254416.0892   184   254306.0000   254515.7653   218460    0.08%
   2333  1144   254369.1269   131   254306.0000   254515.7653   219124    0.08%
   2356  1149   254350.1764   102   254306.0000   254515.7653   219452    0.08%
   2376  1152   254335.9614    84   254306.0000   254515.7653   219628    0.08%
   2406  1165   254308.9726    36   254306.0000   254515.7653   219900    0.08%
   2437  1177   254462.6563   288   254306.0000   254515.7605   223250    0.08%
   2478  1196   254393.5864   214   254306.0000   254515.7605   225191    0.08%
   2518  1219   254319.5936   201   254306.0000   254515.7605   227457    0.08%
Elapsed time = 1912.65 sec. (881978.64 ticks, tree = 31.13 MB, solutions = 2)
   2553  1224   254307.6407   293   254306.0000   254514.6052   230058    0.08%
   2582  1230   254373.4054   275   254306.0000   254513.8118   233186    0.08%
   2607  1247   254341.2613   252   254306.0000   254513.8118   234356    0.08%
   2642  1258        cutoff         254306.0000   254513.8118   236023    0.08%
   2680  1296   254438.1518   218   254306.0000   254513.3238   238237    0.08%
   2707  1322   254374.2553   178   254306.0000   254513.3238   239538    0.08%
   2738  1344   254315.8027   194   254306.0000   254513.3238   240698    0.08%
   2768  1356   254459.2734   274   254306.0000   254510.3004   242150    0.08%
   2785  1373   254432.9812   295   254306.0000   254510.3004   243552    0.08%
   2824  1410   254367.9231   222   254306.0000   254510.3004   245026    0.08%
Elapsed time = 2010.44 sec. (923400.84 ticks, tree = 34.64 MB, solutions = 2)
   2856  1434   254341.8296   204   254306.0000   254510.3004   245482    0.08%
   2890  1459   254309.5380   167   254306.0000   254510.3004   246239    0.08%
   2900  1460   254470.3902   278   254306.0000   254510.0259   247815    0.08%
   2924  1483   254445.5786   291   254306.0000   254510.0259   249358    0.08%
   2939  1498   254427.9129   226   254306.0000   254510.0259   249967    0.08%
   2948  1506   254402.2751   220   254306.0000   254510.0259   251503    0.08%
   2995  1549   254358.8905   218   254306.0000   254510.0259   253013    0.08%
   3016  1566   254336.8946   188   254306.0000   254510.0259   253761    0.08%
   3043  1582   254443.0114   303   254306.0000   254509.4367   254768    0.08%
   3067  1605   254417.5918   286   254306.0000   254509.4367   256272    0.08%
Elapsed time = 2135.36 sec. (973268.68 ticks, tree = 39.40 MB, solutions = 2)
   3078  1616   254392.0780   292   254306.0000   254509.4367   257780    0.08%
   3104  1640   254307.7688   241   254306.0000   254509.4367   259660    0.08%
   3141  1675   254441.1634   253   254306.0000   254509.0445   262479    0.08%
   3186  1719   254357.5678   200   254306.0000   254509.0445   264823    0.08%
   3221  1739   254389.2775   298   254306.0000   254508.0355   266503    0.08%
   3237  1754   254366.9961   278   254306.0000   254508.0355   268290    0.08%
   3267  1779   254342.5401   247   254306.0000   254508.0355   269022    0.08%
   3290  1788   254384.1862   285   254306.0000   254507.0024   271072    0.08%
   3303  1800   254330.2455   259   254306.0000   254507.0024   272529    0.08%
   3321  1808   254478.0269   302   254306.0000   254506.7238   273395    0.08%
Elapsed time = 2270.23 sec. (1024830.79 ticks, tree = 44.38 MB, solutions = 2)
   3337  1823   254455.4315   282   254306.0000   254506.7238   274952    0.08%
   3356  1841   254372.8953   213   254306.0000   254506.7238   276422    0.08%
   3398  1880   254313.0025   188   254306.0000   254506.7238   277890    0.08%
   3414  1893   254397.6972   284   254306.0000   254506.7232   279308    0.08%
   3430  1909   254361.4939   282   254306.0000   254506.7232   281416    0.08%
   3448  1925   254323.1225   241   254306.0000   254506.7232   282630    0.08%
   3469  1941   254484.3420   295   254306.0000   254506.1441   283774    0.08%
   3483  1951   254324.5849   251   254306.0000   254506.1441   285758    0.08%
   3503  1965   254425.0903   286   254306.0000   254505.9566   287220    0.08%
   3527  1988   254392.2221   281   254306.0000   254505.9566   288150    0.08%
Elapsed time = 2399.59 sec. (1070959.90 ticks, tree = 48.80 MB, solutions = 2)
   3558  2018   254338.6908   211   254306.0000   254505.9566   289816    0.08%
   3572  2023   254458.7426   276   254306.0000   254505.9424   291567    0.08%
   3594  2045   254424.3172   266   254306.0000   254505.9424   292897    0.08%
   3632  2082   254368.1410   206   254306.0000   254505.9424   294250    0.08%
   3654  2099   254352.0432   198   254306.0000   254505.9424   294704    0.08%
   3675  2113   254340.6833   179   254306.0000   254505.9424   294980    0.08%
   3692  2117   254322.9728   286   254306.0000   254505.8990   296610    0.08%
   3697  2117   254320.9485   279   254306.0000   254505.8990   296646    0.08%
   3701  2117   254317.7869   275   254306.0000   254505.8990   296751    0.08%
   3721  2133   254397.1062   297   254306.0000   254504.9746   299059    0.08%
Elapsed time = 2515.14 sec. (1113926.90 ticks, tree = 52.42 MB, solutions = 2)
   3753  2162   254348.0080   264   254306.0000   254504.9746   300188    0.08%
   3785  2182   254465.7664   277   254306.0000   254503.7796   302265    0.08%
   3798  2195   254445.1297   265   254306.0000   254503.7796   303166    0.08%
   3839  2236   254370.1818   220   254306.0000   254503.7796   304792    0.08%
   3881  2269   254336.0618   175   254306.0000   254503.7796   305444    0.08%
   3903  2280   254463.2700   277   254306.0000   254503.4640   306323    0.08%
   3933  2310   254410.6427   212   254306.0000   254503.4640   308471    0.08%
   3968  2339   254340.4989   230   254306.0000   254503.4640   309840    0.08%
   3997  2359   254311.3428   224   254306.0000   254503.4640   310666    0.08%
   4010  2366   254341.4266   261   254306.0000   254503.3455   312908    0.08%
Elapsed time = 2615.86 sec. (1153953.14 ticks, tree = 58.16 MB, solutions = 2)
   4043  2388   254368.8274   276   254306.0000   254503.3276   314920    0.08%
   4081  2420   254314.5060   293   254306.0000   254503.2575   317808    0.08%
   4083  2420   254313.8289   298   254306.0000   254503.2575   317890    0.08%
   4085  2420   254312.5584   299   254306.0000   254503.2575   317999    0.08%
   4087  2420   254308.8411   299   254306.0000   254503.2575   318099    0.08%
   4118  2449   254432.3596   262   254306.0000   254503.1342   320492    0.08%
   4156  2486   254309.0751   196   254306.0000   254503.1342   322373    0.08%
   4183  2503   254369.7017   295   254306.0000   254502.9926   325204    0.08%
   4198  2514   254330.6915   267   254306.0000   254502.9926   326003    0.08%
   4231  2534   254447.2897   269   254306.0000   254502.8936   328087    0.08%
Elapsed time = 2742.84 sec. (1201160.20 ticks, tree = 62.26 MB, solutions = 2)
   4272  2573   254376.7492   213   254306.0000   254502.8936   330260    0.08%
   4290  2588   254314.5160   204   254306.0000   254502.8936   330733    0.08%
   4315  2606   254316.4749   289   254306.0000   254502.5661   332365    0.08%
   4332  2610   254307.8055   316   254306.0000   254502.4099   333709    0.08%
   4335  2610   254307.0944   316   254306.0000   254502.4099   333792    0.08%
   4338  2610   254306.2473   321   254306.0000   254502.4099   333933    0.08%
   4363  2633   254431.1557   243   254306.0000   254502.3014   336156    0.08%
   4416  2686   254351.6597   182   254306.0000   254502.3014   337939    0.08%
   4443  2711   254333.1643   172   254306.0000   254502.3014   338347    0.08%
   4474  2728   254306.3528   155   254306.0000   254502.3014   338811    0.08%
Elapsed time = 2883.99 sec. (1257458.68 ticks, tree = 67.04 MB, solutions = 2)
   4484  2734   254365.8184   304   254306.0000   254501.9936   339932    0.08%
   4508  2757   254333.5795   303   254306.0000   254501.9936   341026    0.08%
   4530  2772   254310.8816   261   254306.0000   254501.9936   341905    0.08%
   4547  2780   254308.7208   284   254306.0000   254501.9886   343248    0.08%
   4551  2779   254437.4819   278   254306.0000   254501.5821   343899    0.08%
   4586  2814   254358.2469   295   254306.0000   254501.5821   346435    0.08%
   4627  2845   254497.2197   288   254306.0000   254500.7188   348415    0.08%
   4663  2881   254436.5186   270   254306.0000   254500.7188   350473    0.08%
   4711  2925   254381.7815   207   254306.0000   254500.7188   351788    0.08%
   4735  2944   254320.0291   193   254306.0000   254500.7188   352936    0.08%
Elapsed time = 2976.55 sec. (1297892.95 ticks, tree = 72.34 MB, solutions = 2)
   4767  2965   254475.5556   297   254306.0000   254500.6076   354289    0.08%
   4777  2973   254312.5015   277   254306.0000   254500.6076   355885    0.08%
   4782  2974   254407.2332   282   254306.0000   254500.5416   357145    0.08%
   4831  3023   254364.4935   243   254306.0000   254500.5416   358817    0.08%
   4869  3054   254394.0593   277   254306.0000   254500.0930   361538    0.08%
   4904  3085   254319.9742   219   254306.0000   254500.0930   363374    0.08%
   4936  3107   254449.8123   277   254306.0000   254500.0277   365639    0.08%
   4958  3126   254360.9847   213   254306.0000   254500.0277   367988    0.08%
   4985  3148   254318.1596   184   254306.0000   254500.0277   370031    0.08%
   5000  3153   254480.0478   284   254306.0000   254499.5323   370680    0.08%
Elapsed time = 3076.89 sec. (1341100.40 ticks, tree = 77.45 MB, solutions = 2)
   5020  3173   254447.2298   279   254306.0000   254499.5323   372199    0.08%
   5037  3188   254407.7768   260   254306.0000   254499.5323   374021    0.08%
   5066  3216   254337.9918   235   254306.0000   254499.5323   375330    0.08%
   5094  3239   254431.8031   269   254306.0000   254499.5017   377574    0.08%
   5141  3286   254364.9389   167   254306.0000   254499.5017   379285    0.08%
   5167  3301   254355.6700   160   254306.0000   254499.5017   379848    0.08%
   5196  3322   254337.3513   157   254306.0000   254499.5017   380294    0.08%
   5228  3340   254456.7574   290   254306.0000   254499.2194   381418    0.08%
   5257  3369   254417.7791   262   254306.0000   254499.2194   383501    0.08%
   5286  3397   254372.2521   201   254306.0000   254499.2194   384623    0.08%
Elapsed time = 3168.72 sec. (1385448.80 ticks, tree = 83.44 MB, solutions = 2)
   5307  3415   254345.4058   183   254306.0000   254499.2194   385473    0.08%
   5348  3447   254313.4440   195   254306.0000   254499.2194   386308    0.08%
   5364  3453   254490.3892   273   254306.0000   254498.1841   387897    0.08%
   5384  3468   254336.6236   259   254306.0000   254498.1841   389388    0.08%
   5396  3474   254307.3853   206   254306.0000   254498.1841   390035    0.08%
   5409  3471   254418.6132   281   254306.0000   254497.2805   391537    0.08%
   5433  3494   254397.0842   281   254306.0000   254497.2805   393401    0.08%
   5458  3518   254362.7156   244   254306.0000   254497.2805   394032    0.08%
   5496  3547   254493.2494   284   254306.0000   254497.0923   395483    0.08%
   5498  3549   254492.5474   275   254306.0000   254497.0923   395492    0.08%
Elapsed time = 3288.27 sec. (1437435.39 ticks, tree = 87.17 MB, solutions = 2)
   5528  3579   254446.3045   252   254306.0000   254497.0923   397032    0.08%
   5549  3598   254402.7156   241   254306.0000   254497.0923   398065    0.08%
   5577  3622   254346.5042   231   254306.0000   254497.0923   399287    0.08%
   5594  3635   254331.6458   199   254306.0000   254497.0923   399601    0.08%
   5598  3637   254326.6384   192   254306.0000   254497.0923   400065    0.08%
   5623  3658   254336.7191   314   254306.0000   254497.0611   401949    0.08%
   5648  3674        cutoff         254306.0000   254497.0611   402720    0.08%
   5667  3693   254424.7564   263   254306.0000   254496.8779   404680    0.08%
   5696  3722   254383.3745   210   254306.0000   254496.8779   405839    0.08%
   5698  3724   254379.4664   204   254306.0000   254496.8779   405859    0.08%
Elapsed time = 3418.24 sec. (1494700.28 ticks, tree = 91.46 MB, solutions = 2)
   5742  3765   254350.3069   196   254306.0000   254496.8779   406730    0.08%
   5768  3779   254314.1727   181   254306.0000   254496.8779   407300    0.08%
   5790  3795   254468.5112   274   254306.0000   254496.6950   408972    0.07%
   5798  3803   254449.3805   258   254306.0000   254496.6950   409594    0.07%
   5835  3839   254385.9925   202   254306.0000   254496.6950   411048    0.07%
   5860  3857   254378.8007   183   254306.0000   254496.6950   411556    0.07%
   5885  3874   254331.9523   183   254306.0000   254496.6950   412739    0.07%
   5898  3880   254322.3397   176   254306.0000   254496.6950   412969    0.07%
   5926  3901   254457.0465   267   254306.0000   254496.3635   413921    0.07%
   5945  3920   254424.7574   238   254306.0000   254496.3635   415312    0.07%
Elapsed time = 3497.80 sec. (1536224.71 ticks, tree = 96.27 MB, solutions = 2)
   5971  3945   254364.7953   214   254306.0000   254496.3635   416612    0.07%
   5989  3957   254317.0648   230   254306.0000   254496.3635   418015    0.07%
   6000  3961   254364.6612   290   254306.0000   254496.3095   419501    0.07%
   6031  3991   254317.0042   281   254306.0000   254496.3095   421156    0.07%
   6057  4007   254481.7257   263   254306.0000   254495.9239   423620    0.07%
   6090  4040   254405.9909   254   254306.0000   254495.9239   425945    0.07%
*  6098+ 4029                       254307.0000   254495.9239   426473    0.07%
*  6098+ 3931                       254310.0000   254495.9239   426473    0.07%
   6098  3933   254389.4261   242   254310.0000   254495.9239   426473    0.07%
   6146  3975   254320.4419   212   254310.0000   254495.9239   428827    0.07%
   6170  3988   254422.5042   292   254310.0000   254495.5066   430151    0.07%

Flow cuts applied:  91
Mixed integer rounding cuts applied:  125
Gomory fractional cuts applied:  28

Root node processing (before b&c):
  Real time             =  258.43 sec. (122919.40 ticks)
Sequential b&c:
  Real time             = 3341.66 sec. (1460398.21 ticks)
                          ------------
Total (root+branch&cut) = 3600.09 sec. (1583317.61 ticks)
