1 of 1 MIP starts provided solutions.
MIP start 'm1' defined initial solution with objective 302737.0000.
Tried aggregator 1 time.
MIP Presolve eliminated 0 rows and 1 columns.
Reduced MIP has 60600 rows, 30400 columns, and 3210300 nonzeros.
Reduced MIP has 30000 binaries, 0 generals, 0 SOSs, and 0 indicators.
Presolve time = 1.54 sec. (831.15 ticks)
Probing time = 0.11 sec. (48.46 ticks)
Tried aggregator 1 time.
Reduced MIP has 60600 rows, 30400 columns, and 3210300 nonzeros.
Reduced MIP has 30000 binaries, 0 generals, 0 SOSs, and 0 indicators.
Presolve time = 1.57 sec. (831.27 ticks)
Probing time = 0.11 sec. (48.77 ticks)
Clique table members: 300.
MIP emphasis: balance optimality and feasibility.
MIP search method: dynamic search.
Parallel mode: none, using 1 thread.
Root relaxation solution time = 0.98 sec. (481.08 ticks)

        Nodes                                         Cuts/
   Node  Left     Objective  IInf  Best Integer    Best Bound    ItCnt     Gap

*     0+    0                       302737.0000   305532.0000     2324    0.92%
      0     0   305526.2235   394   302737.0000   305526.2235     2324    0.92%
      0     0   304972.6508   249   302737.0000     Cuts: 430     2706    0.74%
      0     0   304858.1085   298   302737.0000     Cuts: 164     2921    0.70%
      0     0   304804.5791   312   302737.0000      Cuts: 79     3052    0.68%
      0     0   304777.5749   350   302737.0000      Cuts: 56     3122    0.67%
      0     0   304755.2113   358   302737.0000      Cuts: 45     3178    0.67%
      0     0   304730.5919   370   302737.0000      Cuts: 47     3243    0.66%
      0     0   304712.6389   380   302737.0000      Cuts: 33     3307    0.65%
      0     0   304697.4053   385   302737.0000      Cuts: 39     3360    0.65%
      0     2   304697.4053   382   302737.0000   304696.9038     3360    0.65%
Elapsed time = 70.55 sec. (29060.41 ticks, tree = 0.00 MB, solutions = 1)
      9    11   304692.9155   364   302737.0000   304696.6836     3386    0.65%
     19    21   304675.8554   346   302737.0000   304696.6836     3457    0.65%
     29    31   304658.5668   333   302737.0000   304696.6836     3533    0.65%
     37    39   304638.1227   318   302737.0000   304696.6836     3614    0.65%
     50    52   304560.3097   284   302737.0000   304696.6836     3729    0.65%
     60    62   304536.0632   276   302737.0000   304696.6836     3823    0.65%
     70    72   304509.1937   262   302737.0000   304696.6836     3873    0.65%
     78    80   304390.2594   248   302737.0000   304696.6836     4009    0.65%
     87    89   304069.5354   251   302737.0000   304696.6836     4183    0.65%
    110   112   304304.9718   241   302737.0000   304696.6836     4623    0.65%
Elapsed time = 80.10 sec. (32303.67 ticks, tree = 1.91 MB, solutions = 1)
    134   134   303744.1687   231   302737.0000   304696.6836     5157    0.65%
    153   143        cutoff         302737.0000   304696.6836     5677    0.65%
    168   156        cutoff         302737.0000   304696.6836     5943    0.65%
    189   167        cutoff         302737.0000   304696.6836     6631    0.65%
    209   179    infeasible         302737.0000   304696.6836     7369    0.65%
    219   179    infeasible         302737.0000   304696.6836     7553    0.65%
    231   183    infeasible         302737.0000   304696.6836     7734    0.65%
    238   184   303942.3655   195   302737.0000   304696.6836     7771    0.65%
    240   184   303935.5141   195   302737.0000   304696.6836     7802    0.65%
    265   191        cutoff         302737.0000   304696.6836     8172    0.65%
Elapsed time = 111.60 sec. (43049.03 ticks, tree = 6.85 MB, solutions = 1)
    284   194   303829.0522   186   302737.0000   304696.6836     8401    0.65%
    308   200        cutoff         302737.0000   304696.6836     8844    0.65%
    333   213        cutoff         302737.0000   304696.6836     9078    0.65%
    357   225    infeasible         302737.0000   304696.6836     9297    0.65%
    382   230    infeasible         302737.0000   304696.6836     9604    0.65%
    407   235   302825.4823   192   302737.0000   304696.6836     9889    0.65%
    431   239   303281.3890   166   302737.0000   304696.6836    10115    0.65%
    444   246   303268.9539   162   302737.0000   304696.6836    10180    0.65%
    469   247   303260.0897   162   302737.0000   304696.6836    10235    0.65%
    491   247   303252.8319   162   302737.0000   304696.6836    10284    0.65%
Elapsed time = 141.97 sec. (52895.99 ticks, tree = 7.86 MB, solutions = 1)
    519   249   303050.7447   162   302737.0000   304696.6836    10312    0.65%
    548   250        cutoff         302737.0000   304696.6836    10338    0.65%
    570   257   302950.6257   154   302737.0000   304696.6836    10429    0.65%
    599   265    infeasible         302737.0000   304696.6836    10552    0.65%
    619   265   304682.8896   369   302737.0000   304695.5844    10651    0.65%
    637   283   304668.0593   363   302737.0000   304695.5844    12200    0.65%
    654   300   304643.0105   348   302737.0000   304695.5844    13161    0.65%
    672   318   304623.6934   331   302737.0000   304695.5844    13991    0.65%
    689   335   303302.0787   333   302737.0000   304695.5844    15095    0.65%
    711   357   303470.2790   315   302737.0000   304695.5844    16361    0.65%
Elapsed time = 172.66 sec. (62804.68 ticks, tree = 33.35 MB, solutions = 1)
    721   361        cutoff         302737.0000   304695.5844    16707    0.65%
    746   384   304440.3823   281   302737.0000   304695.5844    17857    0.65%
    760   388   304420.4592   281   302737.0000   304695.5844    18690    0.65%
    781   393   304402.0441   276   302737.0000   304695.5844    19757    0.65%
    807   407   304329.1319   256   302737.0000   304695.5844    20859    0.65%
    831   431   304305.8549   245   302737.0000   304695.5844    21741    0.65%
    856   450   304274.1008   228   302737.0000   304695.5844    22486    0.65%
    878   472   303912.8166   251   302737.0000   304695.5844    23296    0.65%
    890   484   304209.4413   229   302737.0000   304695.5844    23653    0.65%
    895   489   304183.5633   241   302737.0000   304695.5844    23953    0.65%
Elapsed time = 204.71 sec. (74436.60 ticks, tree = 39.01 MB, solutions = 1)
    896   490   304195.6376   241   302737.0000   304695.5844    23960    0.65%
    897   491   304111.5199   232   302737.0000   304695.5844    24012    0.65%
    919   511   303884.9538   231   302737.0000   304695.5844    24824    0.65%
    937   525   303865.3822   230   302737.0000   304695.5844    25683    0.65%
    957   539   303832.5995   218   302737.0000   304695.5844    26348    0.65%
    977   541        cutoff         302737.0000   304695.5844    26530    0.65%
    978   542   303811.2696   218   302737.0000   304695.5844    26535    0.65%
    980   544   304591.5317   408   302737.0000   304590.2029    29627    0.61%
    981   545   304587.3085   405   302737.0000   304587.0549    29629    0.61%
    982   546   304585.8015   407   302737.0000   304585.9965    29640    0.61%
Elapsed time = 462.53 sec. (180019.30 ticks, tree = 41.37 MB, solutions = 1)
    983   546   304585.5346   406   302737.0000   304585.9965    29655    0.61%
    984   547   304361.0738   374   302737.0000   304585.9965    29874    0.61%
    985   548   304583.3800   405   302737.0000   304585.9965    29883    0.61%
    986   549   304199.7647   378   302737.0000   304585.9965    30064    0.61%
    987   549   304581.7397   404   302737.0000   304585.9965    30065    0.61%
    989   550   304575.4924   395   302737.0000   304585.9965    30093    0.61%
    990   550   303629.5471   387   302737.0000   304585.9965    30320    0.61%
    992   551   304572.4549   390   302737.0000   304585.9965    30329    0.61%
    993   551   304571.8490   389   302737.0000   304585.9965    30332    0.61%
    994   551   304571.7875   388   302737.0000   304585.9965    30333    0.61%
Elapsed time = 494.01 sec. (197052.46 ticks, tree = 43.10 MB, solutions = 1)
    995   552   304571.7601   387   302737.0000   304585.9965    30334    0.61%
    996   553   304571.4457   385   302737.0000   304585.9965    30337    0.61%
    998   554   304376.4862   383   302737.0000   304585.9965    30468    0.61%
   1000   556   304565.4863   381   302737.0000   304585.9965    30492    0.61%
   1001   556   304257.3181   367   302737.0000   304585.9965    30795    0.61%
   1003   557   304564.0025   378   302737.0000   304585.9965    30799    0.61%
   1005   559   304562.3298   377   302737.0000   304585.9965    30807    0.61%
   1007   560   304556.7764   378   302737.0000   304585.9965    30842    0.61%
   1009   560   304555.9267   374   302737.0000   304585.9965    30848    0.61%
   1011   561   304552.0357   369   302737.0000   304585.9965    30855    0.61%
Elapsed time = 518.69 sec. (211062.91 ticks, tree = 42.88 MB, solutions = 1)
   1013   562   304353.3125   364   302737.0000   304585.9965    30943    0.61%
   1024   569   304546.1796   369   302737.0000   304585.9965    30957    0.61%
   1037   575   304542.5024   369   302737.0000   304585.9965    30970    0.61%
   1045   580   304420.1122   352   302737.0000   304585.9965    31032    0.61%
   1048   583   303666.0006   364   302737.0000   304585.9965    31239    0.61%
   1051   582   304417.8891   354   302737.0000   304585.9965    31242    0.61%
   1063   590   304415.0416   354   302737.0000   304585.9965    31254    0.61%
   1076   595   304341.7077   354   302737.0000   304585.9965    31333    0.61%
   1089   600   304394.4273   354   302737.0000   304585.9965    31346    0.61%
   1099   605   304276.6514   352   302737.0000   304585.9965    31512    0.61%
Elapsed time = 541.87 sec. (224203.29 ticks, tree = 41.03 MB, solutions = 1)
   1104   608   304288.5439   355   302737.0000   304585.9965    31609    0.61%
   1117   609   304278.2521   350   302737.0000   304585.9965    31628    0.61%
   1128   609   304268.5738   349   302737.0000   304585.9965    31651    0.61%
   1134   613   303663.7626   333   302737.0000   304585.9965    31996    0.61%
   1143   617   304251.7043   348   302737.0000   304585.9965    32095    0.61%
   1153   623   304231.6901   340   302737.0000   304585.9965    32215    0.61%
   1165   631   304203.9445   326   302737.0000   304585.9965    32332    0.61%
   1179   641   304062.5211   301   302737.0000   304585.9965    32482    0.61%
   1191   646   304060.6116   301   302737.0000   304585.9965    32498    0.61%
   1234   660   303761.2314   287   302737.0000   304585.9965    32955    0.61%
Elapsed time = 566.40 sec. (237564.47 ticks, tree = 39.12 MB, solutions = 1)
   1278   657   303718.3542   281   302737.0000   304585.9965    33099    0.61%
   1318   640   303032.8751   281   302737.0000   304585.9965    33194    0.61%
   1355   635   303003.1510   277   302737.0000   304585.9965    33342    0.61%
   1380   623   304212.3620   385   302737.0000   304582.8049    33609    0.61%
   1442   657   303068.5358   334   302737.0000   304582.8049    34514    0.61%
   1481   670   302980.8320   300   302737.0000   304582.8049    34831    0.61%
   1520   660   302951.6946   294   302737.0000   304582.8049    34937    0.61%
   1571   676   304353.6157   351   302737.0000   304571.1702    35734    0.61%
   1726   763   304010.8903   350   302737.0000   304570.9121    36468    0.61%
   1775   780   304009.0022   350   302737.0000   304570.9121    36518    0.61%
Elapsed time = 638.46 sec. (276247.28 ticks, tree = 26.83 MB, solutions = 1)
   1816   796   303849.9753   368   302737.0000   304563.2697    37752    0.60%
   1817   796   303849.9535   368   302737.0000   304563.2697    37757    0.60%
   1818   796   303849.9535   368   302737.0000   304563.2697    37758    0.60%
   2043   913   303709.8891   356   302737.0000   304563.2697    38180    0.60%
   2147   957   303356.4505   317   302737.0000   304563.2697    38542    0.60%
   2214   963   304489.8997   356   302737.0000   304562.7967    38768    0.60%
   2500  1246   304197.1870   350   302737.0000   304562.6850    39591    0.60%
   2679  1425   304116.3172   327   302737.0000   304561.9980    40150    0.60%
   2859  1603   304044.8353   303   302737.0000   304561.5124    41866    0.60%
   2965  1706   304026.5051   293   302737.0000   304561.5124    42528    0.60%
Elapsed time = 721.69 sec. (324478.79 ticks, tree = 30.28 MB, solutions = 1)
   3114  1851   304363.5442   333   302737.0000   304556.0025    43220    0.60%
   3434  2171   304222.0583   347   302737.0000   304552.1861    44426    0.60%
   3786  2523   304381.9989   364   302737.0000   304550.6170    45388    0.60%
   3889  2624   303968.6069   305   302737.0000   304550.6170    46585    0.60%
   3936  2650   303965.2967   305   302737.0000   304550.6170    46632    0.60%
   3973  2664   303918.4040   297   302737.0000   304550.6170    46825    0.60%
   4211  2902   303192.3516   362   302737.0000   304542.1119    48018    0.60%
   4218  2909   303179.5144   358   302737.0000   304542.1119    48052    0.60%
   4351  3042   302899.2869   347   302737.0000   304542.1119    48383    0.60%
   4574  3262   303313.4061   273   302737.0000   304541.9282    49638    0.60%
Elapsed time = 814.22 sec. (376897.52 ticks, tree = 55.07 MB, solutions = 1)
   4830  3517   304199.5629   317   302737.0000   304539.7656    51310    0.60%
*  4980+ 3656                       302754.0000   304539.7656    51842    0.59%
   4981  3659   303707.4524   307   302754.0000   304539.7656    51843    0.59%
   5201  3876   304038.5095   359   302754.0000   304538.0323    52774    0.59%
   5586  4261   304361.5982   374   302754.0000   304536.3264    53682    0.59%
   5837  4508   303922.6030   351   302754.0000   304535.1119    55473    0.59%
   5980  4645   303553.4017   273   302754.0000   304535.1119    56746    0.59%
   6116  4780   303362.6813   323   302754.0000   304534.4967    57304    0.59%
   6488  5152   303916.3754   348   302754.0000   304533.6623    58602    0.59%
   6799  5460   302800.3394   337   302754.0000   304533.4016    60144    0.59%
   7122  5777   303466.0876   326   302754.0000   304532.4409    61220    0.59%
Elapsed time = 934.32 sec. (435434.78 ticks, tree = 94.41 MB, solutions = 2)
   7184  5839   304356.8522   361   302754.0000   304531.8238    61630    0.59%
   7540  6193   303680.9983   364   302754.0000   304531.7975    62617    0.59%
   7852  6505   303807.2099   304   302754.0000   304530.8656    64423    0.59%
   7947  6592   303517.8229   286   302754.0000   304530.8656    64934    0.59%
   7954  6592   303506.8796   282   302754.0000   304530.8656    64956    0.59%
   7981  6592   303492.1729   282   302754.0000   304530.8656    65020    0.59%
   8242  6853   302809.1070   322   302754.0000   304529.8936    66585    0.59%
   8387  6992   303688.9730   356   302754.0000   304529.3729    67205    0.59%
   8741  7346   304065.8291   314   302754.0000   304527.3224    68270    0.59%
   9072  7677   304146.6297   350   302754.0000   304526.5032    70211    0.59%
Elapsed time = 1063.09 sec. (497599.17 ticks, tree = 124.94 MB, solutions = 2)
   9380  7985   304320.2046   333   302754.0000   304526.0703    70878    0.59%
   9607  8212   302942.1883   334   302754.0000   304523.5743    71856    0.58%
   9791  8388   303397.5535   312   302754.0000   304523.2304    73285    0.58%
   9980  8575   302983.2649   251   302754.0000   304523.2304    74232    0.58%
  10160  8755   303195.6544   340   302754.0000   304522.3128    75120    0.58%
  10393  8988   304348.4518   362   302754.0000   304520.1119    76022    0.58%
  10616  9211   303298.0205   374   302754.0000   304517.7040    77022    0.58%
  10760  9354   303169.1851   343   302754.0000   304517.7040    77397    0.58%
  11081  9675   303871.6219   322   302754.0000   304517.1334    78939    0.58%
  11251  9827   304202.5554   386   302754.0000   304517.1119    79643    0.58%
Elapsed time = 1249.52 sec. (583571.81 ticks, tree = 159.25 MB, solutions = 2)
  11450 10024   302908.4001   329   302754.0000   304514.4588    80530    0.58%
  11487 10061   302818.4474   321   302754.0000   304514.4588    80854    0.58%
  11782 10352   304245.4633   358   302754.0000   304514.1119    82272    0.58%
  12021 10588   304400.8521   347   302754.0000   304511.0884    84476    0.58%
  12373 10939   303941.5075   310   302754.0000   304511.0884    85286    0.58%
  12613 11179   304285.8865   348   302754.0000   304510.1334    86578    0.58%
  12829 11393   303698.6880   365   302754.0000   304509.1119    87613    0.58%
  13009 11570   302940.0064   360   302754.0000   304509.0085    88510    0.58%
  13036 11596   302878.5779   358   302754.0000   304509.0085    88625    0.58%
  13124 11677   303126.2289   361   302754.0000   304508.7002    89689    0.58%
Elapsed time = 1364.64 sec. (642618.33 ticks, tree = 188.77 MB, solutions = 2)
  13241 11789   302763.6807   323   302754.0000   304508.7002    90126    0.58%
  13503 12045   303240.6360   376   302754.0000   304508.3819    91039    0.58%
  13582 12123   303343.1724   354   302754.0000   304508.1334    91997    0.58%
  13826 12367   303129.0899   363   302754.0000   304506.3819    93441    0.58%
  13909 12448   302855.0607   321   302754.0000   304506.3819    94110    0.58%
  13980 12502   302848.1680   342   302754.0000   304506.1008    95195    0.58%
  14259 12770   304024.8716   316   302754.0000   304505.1334    96264    0.58%
  14382 12867   303578.0142   365   302754.0000   304504.1334    96744    0.58%
  14702 13187   303671.5749   359   302754.0000   304504.1119    97614    0.58%
  14952 13430   304342.9408   326   302754.0000   304502.1119    98904    0.58%
Elapsed time = 1502.03 sec. (702776.86 ticks, tree = 216.97 MB, solutions = 2)
  15217 13687   303893.5102   313   302754.0000   304502.1119    99461    0.58%
  15337 13788   302943.6679   311   302754.0000   304502.1119    99885    0.58%
  15398 13839        cutoff         302754.0000   304502.1119   100061    0.58%
  15400 13839   304335.7197   353   302754.0000   304501.8324   100343    0.58%
  15517 13949   302869.7122   277   302754.0000   304501.8324   102299    0.58%
  15589 14000   303139.4675   343   302754.0000   304501.6318   102888    0.58%
  15753 14164   302939.2698   312   302754.0000   304501.6318   103346    0.58%
  16042 14441   304272.1603   329   302754.0000   304501.4796   104127    0.58%
  16275 14673   303229.3318   318   302754.0000   304501.4796   104696    0.58%
  16336 14701   303198.2483   310   302754.0000   304501.4796   104768    0.58%
Elapsed time = 1685.76 sec. (801185.54 ticks, tree = 238.44 MB, solutions = 2)
  16407 14745   304275.6979   348   302754.0000   304501.3819   105218    0.58%
  16506 14844   304203.2604   341   302754.0000   304501.3819   105479    0.58%
  16736 15074   303182.0542   359   302754.0000   304500.6628   106758    0.58%
  16863 15197        cutoff         302754.0000   304500.3819   108445    0.58%
  17019 15350   303074.8400   380   302754.0000   304499.0089   109403    0.58%
  17190 15515   304360.5591   362   302754.0000   304498.5857   110258    0.58%
  17504 15828   303375.7117   314   302754.0000   304498.5857   111014    0.58%
  17758 16081   303363.1312   341   302754.0000   304498.2466   112182    0.58%
  17931 16253   303416.8530   282   302754.0000   304498.0089   113592    0.58%
  18084 16390   304221.8403   339   302754.0000   304497.0089   114975    0.58%
Elapsed time = 1809.05 sec. (855328.63 ticks, tree = 266.28 MB, solutions = 2)
  18364 16666   303154.4628   293   302754.0000   304497.0089   115670    0.58%
  18525 16825   302908.5305   302   302754.0000   304497.0089   115956    0.58%
  18617 16902   303183.4791   333   302754.0000   304494.2855   117251    0.57%
  18695 16961   302911.2996   301   302754.0000   304494.2855   117669    0.57%
  18812 17059   304027.3531   361   302754.0000   304493.7699   118777    0.57%
  19092 17337   303087.3599   325   302754.0000   304493.7699   119500    0.57%
  19183 17426   304271.7160   349   302754.0000   304493.1119   119890    0.57%
  19415 17655   303595.4436   338   302754.0000   304491.2466   121505    0.57%
  19524 17759   303140.0618   289   302754.0000   304491.2466   121930    0.57%
  19566 17769   303099.2410   275   302754.0000   304491.2466   122005    0.57%
Elapsed time = 1973.78 sec. (932450.44 ticks, tree = 289.72 MB, solutions = 2)
  19609 17776   303722.2591   352   302754.0000   304491.1910   122432    0.57%
  19764 17920   303153.6533   310   302754.0000   304491.1910   124083    0.57%
  19823 17945   303096.0390   310   302754.0000   304491.1910   124145    0.57%
  19920 18032   303776.8889   340   302754.0000   304491.0511   125173    0.57%
  20250 18360   304248.4379   348   302754.0000   304490.0252   126133    0.57%
  20617 18727   303516.3328   349   302754.0000   304489.3229   127217    0.57%
  20896 19001   302998.2122   334   302754.0000   304489.2687   128548    0.57%
  21030 19122   303244.4191   355   302754.0000   304489.2466   129408    0.57%
  21165 19250   303086.9602   338   302754.0000   304489.2466   129794    0.57%
  21362 19436   303310.0527   343   302754.0000   304489.0270   130789    0.57%
Elapsed time = 2099.11 sec. (990551.94 ticks, tree = 316.87 MB, solutions = 2)
  21575 19647   303826.3024   332   302754.0000   304487.3689   131822    0.57%
  21781 19847   303233.6071   349   302754.0000   304487.0240   132978    0.57%
  21895 19946   302755.0727   312   302754.0000   304486.4660   134681    0.57%
  22082 20113   304067.1980   364   302754.0000   304486.2466   135499    0.57%
  22180 20204   303994.9483   355   302754.0000   304486.2466   135823    0.57%
  22480 20503   304170.1478   344   302754.0000   304485.8552   137325    0.57%
  22776 20798   303918.3801   334   302754.0000   304485.2466   138482    0.57%
  22979 20993   302910.5469   321   302754.0000   304484.7045   139836    0.57%
  23182 21194   304197.1489   367   302754.0000   304483.2215   141329    0.57%
  23394 21392   303671.8801   355   302754.0000   304483.1119   141955    0.57%
Elapsed time = 2249.49 sec. (1072542.33 ticks, tree = 347.92 MB, solutions = 2)
  23485 21464   302979.5065   285   302754.0000   304483.1119   142760    0.57%
  23535 21479   302829.7082   269   302754.0000   304483.1119   143012    0.57%
  23646 21564   304065.6771   306   302754.0000   304481.1967   144344    0.57%
  23749 21642   303999.7429   291   302754.0000   304481.1967   144735    0.57%
  23801 21659   303304.6191   295   302754.0000   304481.1967   144943    0.57%
  23980 21820   304273.7720   353   302754.0000   304480.3708   145586    0.57%
  24195 22023   303905.4365   347   302754.0000   304480.1119   146515    0.57%
  24332 22148   304441.6724   358   302754.0000   304478.4670   147718    0.57%
  24435 22251   304369.7604   359   302754.0000   304478.4670   147927    0.57%
  24695 22504   303029.2494   369   302754.0000   304478.4670   148902    0.57%
Elapsed time = 2400.28 sec. (1141023.78 ticks, tree = 366.48 MB, solutions = 2)
  24798 22593   303146.0629   371   302754.0000   304478.2970   150138    0.57%
  24906 22691   302927.2881   325   302754.0000   304478.1432   151078    0.57%
  25072 22833   303430.4827   372   302754.0000   304478.0550   151807    0.57%
  25289 23048   302901.2131   334   302754.0000   304478.0550   152301    0.57%
  25446 23181   303678.7399   314   302754.0000   304477.6317   153484    0.57%
  25666 23388   303918.1895   345   302754.0000   304477.3935   154700    0.57%
  26075 23793   304052.2901   346   302754.0000   304477.3708   155865    0.57%
  26324 24036   304001.9654   345   302754.0000   304477.2647   156696    0.57%
  26669 24381   304306.8650   345   302754.0000   304477.1119   157556    0.57%
  27078 24788   303878.5688   339   302754.0000   304476.3377   158824    0.57%
Elapsed time = 2531.20 sec. (1204340.75 ticks, tree = 403.69 MB, solutions = 2)
  27349 25052   303957.5822   322   302754.0000   304475.1119   160211    0.57%
  27581 25278   302872.1198   373   302754.0000   304474.1119   161172    0.57%
  27853 25543   303721.3814   336   302754.0000   304473.3708   162533    0.57%
  28029 25716   303122.7138   319   302754.0000   304473.2970   163560    0.57%
  28150 25832   303116.5960   333   302754.0000   304472.6048   164690    0.57%
  28272 25949   304258.5011   330   302754.0000   304472.3377   165021    0.57%
  28486 26147   303238.4651   312   302754.0000   304472.3377   166225    0.57%
  28546 26175   303026.5127   369   302754.0000   304472.1935   166889    0.57%
  28793 26417   303841.4148   350   302754.0000   304472.1119   167863    0.57%
  29073 26676   303746.2194   339   302754.0000   304471.7714   169142    0.57%
Elapsed time = 2672.39 sec. (1267465.70 ticks, tree = 434.65 MB, solutions = 2)
  29130 26722   304326.8659   359   302754.0000   304471.3377   169478    0.57%
  29385 26977   303819.0233   337   302754.0000   304471.3377   170228    0.57%
  29598 27181   303055.9339   339   302754.0000   304470.3377   171477    0.57%
  29811 27383   304030.5609   357   302754.0000   304469.7987   172496    0.57%
  30179 27746   303315.5375   330   302754.0000   304469.6039   174033    0.57%
  30322 27878   303325.5920   383   302754.0000   304469.3377   174886    0.57%
  30530 28071   304178.6543   349   302754.0000   304469.0890   175985    0.57%
  30780 28313   304370.4687   331   302754.0000   304468.5671   177302    0.57%
  31015 28543   302960.5549   324   302754.0000   304468.5671   178282    0.57%
  31102 28613   303227.7769   329   302754.0000   304468.5563   179209    0.57%
Elapsed time = 2811.78 sec. (1336343.57 ticks, tree = 466.20 MB, solutions = 2)
  31337 28830   304002.1864   335   302754.0000   304468.3708   180064    0.57%
  31432 28900   303008.2774   334   302754.0000   304468.3708   180450    0.57%
  31554 29002   302856.4026   293   302754.0000   304468.3708   180718    0.57%
  31712 29136   303278.9096   346   302754.0000   304467.6976   181437    0.57%
  31996 29416   303169.6779   356   302754.0000   304467.5889   182609    0.57%
  32134 29543   304222.0682   370   302754.0000   304467.3323   183117    0.57%
  32398 29806   302778.1049   332   302754.0000   304467.3323   184326    0.57%
  32582 29982   303100.3290   310   302754.0000   304467.2919   185769    0.57%
  32850 30246   303772.6615   342   302754.0000   304467.1372   186816    0.57%
  33078 30470   303853.3916   320   302754.0000   304467.0890   187896    0.57%
Elapsed time = 2936.83 sec. (1401166.77 ticks, tree = 496.31 MB, solutions = 2)
  33133 30525   303799.3956   315   302754.0000   304467.0890   187980    0.57%
  33406 30790   303539.8047   338   302754.0000   304466.1313   189003    0.57%
  33678 31056   303706.9552   322   302754.0000   304465.8380   190205    0.57%
  33786 31159   304340.5496   365   302754.0000   304463.1587   191036    0.56%
  33980 31353   303882.5330   325   302754.0000   304463.1587   191681    0.56%
  34246 31612   304223.1126   360   302754.0000   304462.9677   192715    0.56%
  34457 31823   303039.9444   332   302754.0000   304462.9677   193439    0.56%
  34545 31894   302828.4622   340   302754.0000   304462.3708   194565    0.56%
  34628 31962   302837.3428   336   302754.0000   304462.1949   195129    0.56%
  34871 32193   303511.6479   315   302754.0000   304462.0325   196169    0.56%
Elapsed time = 3095.82 sec. (1471218.06 ticks, tree = 524.09 MB, solutions = 2)
  35063 32381   302982.3792   359   302754.0000   304461.4377   197062    0.56%
  35266 32581   303775.0839   328   302754.0000   304461.4236   198202    0.56%
  35420 32725   303479.2867   344   302754.0000   304461.2920   200032    0.56%
  35563 32854   303089.6566   325   302754.0000   304461.2920   201086    0.56%
  35714 32992   302963.0611   299   302754.0000   304461.2920   201428    0.56%
  35756 33001   302946.6005   297   302754.0000   304461.2920   201473    0.56%
  35794 33005   302912.9350   289   302754.0000   304461.2920   201529    0.56%
  35859 33046   304337.0096   353   302754.0000   304461.2312   201899    0.56%
  36164 33345   302755.3394   305   302754.0000   304461.2312   203081    0.56%
  36408 33587   303205.0519   351   302754.0000   304460.5175   204102    0.56%
Elapsed time = 3222.67 sec. (1537235.77 ticks, tree = 547.74 MB, solutions = 2)
  36553 33719   303051.0519   319   302754.0000   304460.5175   204377    0.56%
  36595 33748   302855.2234   315   302754.0000   304460.5175   204435    0.56%
  36631 33748   302842.0114   315   302754.0000   304460.5175   204476    0.56%
  36680 33792   304169.2887   377   302754.0000   304460.3024   204847    0.56%
  36780 33892   304101.0950   383   302754.0000   304460.3024   205104    0.56%
  36880 33990   303744.5627   353   302754.0000   304460.3024   205622    0.56%
  37028 34119   304056.2225   350   302754.0000   304459.4486   208421    0.56%
  37291 34373   303224.0955   352   302754.0000   304458.8055   210242    0.56%
  37427 34508   302931.4148   346   302754.0000   304458.8055   210806    0.56%
  37617 34693   303856.2965   337   302754.0000   304458.6097   211936    0.56%
Elapsed time = 3442.55 sec. (1640330.18 ticks, tree = 565.87 MB, solutions = 2)
  37818 34887   303443.0792   360   302754.0000   304458.3708   213085    0.56%
  37970 35034   303276.9779   361   302754.0000   304458.3278   213989    0.56%
  38063 35122   302833.2503   322   302754.0000   304458.3278   214753    0.56%
  38092 35137   303464.7238   347   302754.0000   304458.1119   215314    0.56%
  38297 35341   302827.8068   324   302754.0000   304458.1119   216013    0.56%
  38359 35353   303175.3482   363   302754.0000   304456.8637   217656    0.56%
* 38380+35368                       302755.0000   304456.8637   217687    0.56%
  38380 35370   303158.2689   364   302755.0000   304456.8637   217687    0.56%
  38498 35475   302914.6233   339   302755.0000   304456.6023   218503    0.56%
  38590 35556   302926.7555   368   302755.0000   304455.8643   219793    0.56%
  38830 35779   303106.4415   351   302755.0000   304455.5889   220665    0.56%
Elapsed time = 3583.78 sec. (1716450.19 ticks, tree = 584.45 MB, solutions = 3)

Implied bound cuts applied:  81
Flow cuts applied:  158
Mixed integer rounding cuts applied:  97
Gomory fractional cuts applied:  85

Root node processing (before b&c):
  Real time             =   70.49 sec. (28994.64 ticks)
Sequential b&c:
  Real time             = 3529.74 sec. (1696444.65 ticks)
                          ------------
Total (root+branch&cut) = 3600.23 sec. (1725439.29 ticks)
