1 of 1 MIP starts provided solutions.
MIP start 'm1' defined initial solution with objective 2556.7991.
Tried aggregator 1 time.
MIP Presolve eliminated 8 rows and 9 columns.
MIP Presolve modified 26730 coefficients.
Reduced MIP has 6592 rows, 3577 columns, and 68787 nonzeros.
Reduced MIP has 3200 binaries, 0 generals, 0 SOSs, and 0 indicators.
Presolve time = 0.06 sec. (37.90 ticks)
Probing time = 0.02 sec. (4.73 ticks)
Tried aggregator 1 time.
Reduced MIP has 6592 rows, 3577 columns, and 68787 nonzeros.
Reduced MIP has 3200 binaries, 0 generals, 0 SOSs, and 0 indicators.
Presolve time = 0.03 sec. (19.80 ticks)
Probing time = 0.02 sec. (4.70 ticks)
Clique table members: 195.
MIP emphasis: balance optimality and feasibility.
MIP search method: dynamic search.
Parallel mode: none, using 1 thread.
Root relaxation solution time = 0.02 sec. (16.69 ticks)

        Nodes                                         Cuts/
   Node  Left     Objective  IInf  Best Integer    Best Bound    ItCnt     Gap

*     0+    0                         2556.7991    21740.5137      451  750.30%
      0     0     2889.4082   246     2556.7991     2889.4082      451   13.01%
      0     0     2767.9582   205     2556.7991     Cuts: 491      735    8.26%
      0     0     2715.2869   226     2556.7991     Cuts: 491     1013    6.20%
      0     0     2696.6953   273     2556.7991     Cuts: 364     1224    5.47%
      0     0     2684.6703   276     2556.7991     Cuts: 354     1390    5.00%
      0     0     2676.7744   297     2556.7991     Cuts: 280     1570    4.69%
      0     0     2672.2199   326     2556.7991     Cuts: 244     1709    4.51%
      0     0     2668.5877   308     2556.7991     Cuts: 220     1851    4.37%
      0     0     2665.0068   419     2556.7991     Cuts: 204     2007    4.23%
      0     0     2662.4057   407     2556.7991     Cuts: 217     2152    4.13%
      0     0     2660.2609   417     2556.7991     Cuts: 168     2283    4.05%
      0     0     2659.0108   422     2556.7991     Cuts: 146     2383    4.00%
      0     0     2658.0661   411     2556.7991     Cuts: 140     2452    3.96%
      0     0     2657.6597   388     2556.7991     Cuts: 133     2498    3.94%
      0     0     2657.2921   416     2556.7991     Cuts: 139     2548    3.93%
      0     0     2657.0301   419     2556.7991      Cuts: 93     2602    3.92%
      0     2     2657.0301   419     2556.7991     2657.0292     2602    3.92%
Elapsed time = 5.51 sec. (2875.00 ticks, tree = 0.00 MB, solutions = 1)
     20    22     2651.9933   327     2556.7991     2656.6635     3504    3.91%
     40    42     2642.4109   282     2556.7991     2656.6635     4347    3.91%
     56    58     2635.6774   245     2556.7991     2656.6635     5017    3.91%
     87    89     2615.6691   204     2556.7991     2656.6635     5833    3.91%
    127   129     2562.2418   119     2556.7991     2656.6635     6782    3.91%
    189   168     2562.4475   133     2556.7991     2656.6635     7650    3.91%
    213   182     2613.1960   303     2556.7991     2656.5964     8549    3.90%
    240   209     2623.7556   256     2556.7991     2656.5964     9455    3.90%
    280   243     2591.7181   177     2556.7991     2656.5964    10567    3.90%
    454   392     2621.2828   345     2556.7991     2656.4552    13608    3.90%
Elapsed time = 10.64 sec. (6229.71 ticks, tree = 0.86 MB, solutions = 1)
    483   421     2645.9304   469     2556.7991     2645.5440    16719    3.47%
    485   422     2644.5370   450     2556.7991     2644.7658    16887    3.44%
    488   423     2634.7502   374     2556.7991     2644.7658    17285    3.44%
    493   424     2593.0618   295     2556.7991     2644.7658    17611    3.44%
    503   429     2575.9375   252     2556.7991     2644.7658    17952    3.44%
    544   381     2564.9372   241     2556.7991     2644.7658    18411    3.44%
    570   382     2641.5999   371     2556.7991     2644.7173    19166    3.44%
    657   433     2595.4649   197     2556.7991     2644.7173    21781    3.44%
    763   471     2628.5114   339     2556.7991     2644.5549    23734    3.43%
    901   546     2612.1295   324     2556.7991     2644.4867    25768    3.43%
Elapsed time = 56.37 sec. (31876.75 ticks, tree = 1.49 MB, solutions = 1)
   1063   624     2611.7937   351     2556.7991     2644.4399    27876    3.43%
   1215   702     2638.2113   423     2556.7991     2644.2352    30482    3.42%
   1313   769     2572.3269   191     2556.7991     2644.2352    33635    3.42%
   1458   888     2604.3350   251     2556.7991     2643.8536    35739    3.40%
   1592  1002     2636.8346   397     2556.7991     2643.8380    37398    3.40%
   1822  1224     2573.9396   149     2556.7991     2643.8380    39416    3.40%
   1875  1254     2594.5788   286     2556.7991     2643.5315    40853    3.39%
   2061  1435     2619.6121   302     2556.7991     2643.5129    43793    3.39%
   2283  1652     2614.4504   356     2556.7991     2643.2310    45999    3.38%
   2359  1720     2632.2292   389     2556.7991     2643.2304    49387    3.38%
Elapsed time = 71.65 sec. (41762.43 ticks, tree = 4.04 MB, solutions = 1)
   2632  1982     2565.8079   127     2556.7991     2643.2304    51525    3.38%
   2812  2148     2615.4092   217     2556.7991     2643.1353    54146    3.38%
   2938  2274     2593.7365   286     2556.7991     2642.9616    56776    3.37%
   3125  2459     2582.6922   271     2556.7991     2642.8519    59328    3.37%
   3236  2562     2617.5822   316     2556.7991     2642.4734    62478    3.35%
   3356  2665     2562.8404   131     2556.7991     2642.4734    64249    3.35%
   3533  2827     2595.4273   182     2556.7991     2642.1665    67317    3.34%
   3685  2974     2612.5290   379     2556.7991     2642.1138    68619    3.34%
   3868  3143     2610.4306   368     2556.7991     2641.7013    70669    3.32%
   4083  3354     2603.5721   240     2556.7991     2641.5768    73944    3.32%
Elapsed time = 86.57 sec. (51413.84 ticks, tree = 7.51 MB, solutions = 1)
   4280  3523     2619.1531   360     2556.7991     2641.5742    75690    3.32%
   4400  3630     2600.1340   366     2556.7991     2641.4206    79059    3.31%
   4616  3840     2598.3211   292     2556.7991     2641.3982    82039    3.31%
   4783  3996     2623.2960   360     2556.7991     2640.9464    84684    3.29%
   5111  4299     2562.3164   114     2556.7991     2640.9464    87072    3.29%
   5151  4330     2612.3131   311     2556.7991     2640.8414    90415    3.29%
   5297  4470     2582.7825   268     2556.7991     2640.8007    93850    3.29%
   5503  4671     2606.1551   250     2556.7991     2640.7853    96908    3.28%
   5796  4943     2589.4298   306     2556.7991     2640.7538    99374    3.28%
   5962  5105     2617.7274   272     2556.7991     2640.6736   101852    3.28%
Elapsed time = 101.63 sec. (61015.59 ticks, tree = 11.76 MB, solutions = 1)
   6244  5347     2633.2130   441     2556.7991     2640.3929   103338    3.27%
   6316  5406     2630.6349   425     2556.7991     2640.1190   107139    3.26%
   6491  5581     2597.1983   204     2556.7991     2640.1190   109406    3.26%
   6687  5765     2603.2039   291     2556.7991     2639.9001   111523    3.25%
   6845  5919     2611.1884   380     2556.7991     2639.8502   113923    3.25%
   7076  6146     2590.4822   368     2556.7991     2639.8474   116256    3.25%
   7201  6263     2634.8221   443     2556.7991     2639.8253   118472    3.25%
   7242  6300     2555.6175   231     2556.7991     2639.8253   121522    3.25%
   7378  6434     2603.6749   254     2556.7991     2639.8036   124487    3.25%
   7573  6623     2595.5873   329     2556.7991     2639.7807   126153    3.25%
Elapsed time = 117.03 sec. (71152.55 ticks, tree = 15.12 MB, solutions = 1)
   7663  6709     2605.2111   360     2556.7991     2639.7759   128472    3.25%
   7844  6880     2624.6157   397     2556.7991     2639.7590   131117    3.24%
   8093  7128     2573.8865   126     2556.7991     2639.7590   133509    3.24%
   8211  7225     2614.8926   317     2556.7991     2639.4371   136052    3.23%
   8451  7454     2565.2527   114     2556.7991     2639.4371   138045    3.23%
   8580  7572     2593.8762   281     2556.7991     2639.4317   140632    3.23%
   8748  7721     2619.9646   399     2556.7991     2639.3666   142431    3.23%
   8993  7961     2572.4589   120     2556.7991     2639.3666   144529    3.23%
   9209  8156     2556.8131   151     2556.7991     2639.3621   146946    3.23%
   9278  8217     2569.0199   196     2556.7991     2639.3186   149833    3.23%
Elapsed time = 131.47 sec. (80891.26 ticks, tree = 18.92 MB, solutions = 1)
   9483  8399     2562.0352   167     2556.7991     2639.2993   153075    3.23%
   9557  8464     2611.7849   336     2556.7991     2639.1179   156120    3.22%
   9837  8725     2557.3108   121     2556.7991     2639.1179   157872    3.22%
   9932  8812     2562.0310   238     2556.7991     2639.0702   160546    3.22%
  10027  8888     2610.9645   395     2556.7991     2638.7256   164861    3.20%
  10143  9004     2580.7617   232     2556.7991     2638.7256   167040    3.20%
  10271  9130     2565.4774   230     2556.7991     2638.6218   170339    3.20%
  10320  9173     2557.0729   261     2556.7991     2638.3919   173487    3.19%
  10403  9253     2583.1488   239     2556.7991     2638.2480   175918    3.19%
  10576  9410     2576.4935   224     2556.7991     2638.2326   178530    3.18%
Elapsed time = 158.72 sec. (97456.76 ticks, tree = 21.60 MB, solutions = 1)
  10688  9517     2619.0137   353     2556.7991     2638.2313   180884    3.18%
  10893  9714     2584.6651   379     2556.7991     2638.1975   183847    3.18%
  10989  9806     2589.2591   374     2556.7991     2638.1426   186670    3.18%
  11067  9877     2619.7398   326     2556.7991     2638.0867   189560    3.18%
  11298 10079     2629.4299   434     2556.7991     2638.0806   191727    3.18%
  11480 10254     2625.8579   455     2556.7991     2638.0707   194675    3.18%
  11628 10402     2571.9097   206     2556.7991     2638.0707   197068    3.18%
  11741 10508     2579.9802   275     2556.7991     2638.0653   199268    3.18%
  11819 10581     2561.0357   341     2556.7991     2638.0605   201873    3.18%
  11893 10649     2590.8986   282     2556.7991     2638.0269   204887    3.18%
Elapsed time = 175.49 sec. (107750.97 ticks, tree = 24.91 MB, solutions = 1)
  12023 10776     2588.4541   287     2556.7991     2637.9687   207525    3.17%
  12125 10865     2613.9520   347     2556.7991     2637.9594   209703    3.17%
  12324 11058     2568.9418   377     2556.7991     2637.9446   212288    3.17%
  12420 11146     2600.6645   255     2556.7991     2637.8808   215250    3.17%
  12518 11225     2578.8021   340     2556.7991     2637.8698   217976    3.17%
  12645 11345     2580.5077   297     2556.7991     2637.8613   221098    3.17%
  12806 11497     2613.3239   273     2556.7991     2637.7717   224141    3.17%
  12988 11655     2620.4786   369     2556.7991     2637.4519   226285    3.15%
  13198 11855     2622.5448   398     2556.7991     2637.4060   229067    3.15%
  13796 12410     2618.9509   407     2556.7991     2636.9066   242966    3.13%
Elapsed time = 195.08 sec. (120244.39 ticks, tree = 28.95 MB, solutions = 1)
  14456 13027     2619.4900   394     2556.7991     2636.5939   254496    3.12%
  15249 13773     2619.9341   392     2556.7991     2636.3931   264666    3.11%
  15741 14232     2617.7110   362     2556.7991     2635.9937   274883    3.10%
  16325 14751     2632.5553   432     2556.7991     2635.1153   284404    3.06%
  17068 15437     2604.2063   381     2556.7991     2634.8846   293923    3.05%
  17601 15944     2580.6627   313     2556.7991     2634.7874   303338    3.05%
  18161 16456     2559.3808   139     2556.7991     2634.7225   312496    3.05%
  18483 16740     2614.3480   307     2556.7991     2634.6953   318155    3.05%
  19173 17364     2595.4446   378     2556.7991     2634.4400   328694    3.04%
  19807 17958     2590.6435   336     2556.7991     2634.2468   340464    3.03%
Elapsed time = 258.24 sec. (159560.10 ticks, tree = 41.95 MB, solutions = 1)
  20576 18685     2559.8122   117     2556.7991     2634.2127   350381    3.03%
  21273 19325     2622.5009   402     2556.7991     2634.0895   362424    3.02%
  21963 19965     2603.5197   366     2556.7991     2633.9292   374665    3.02%
  22586 20562        cutoff           2556.7991     2633.8284   387787    3.01%
  23220 21178     2599.5571   379     2556.7991     2633.6231   399826    3.00%
  23760 21693     2594.1444   319     2556.7991     2633.5395   409246    3.00%
  24191 22093     2578.8717   247     2556.7991     2633.4324   420191    3.00%
  24895 22756     2586.5602   389     2556.7991     2633.2709   429450    2.99%
  25246 23070     2607.7339   399     2556.7991     2633.0456   440945    2.98%
  25695 23498     2575.8800   332     2556.7991     2632.9785   448866    2.98%
Elapsed time = 319.20 sec. (198134.76 ticks, tree = 54.64 MB, solutions = 1)
  26243 24010     2569.5295   177     2556.7991     2632.8987   458974    2.98%
  26881 24594     2579.9303   172     2556.7991     2632.6043   470306    2.96%
  27447 25101     2562.0549   113     2556.7991     2632.5778   481026    2.96%
  28184 25779        cutoff           2556.7991     2632.5195   491846    2.96%
  28680 26244     2558.1224   119     2556.7991     2632.4909   498599    2.96%
  29278 26790     2568.9728   364     2556.7991     2632.4149   510949    2.96%
  29891 27366     2617.5625   403     2556.7991     2632.3599   523592    2.96%
  30618 28063     2582.3345   347     2556.7991     2632.1735   535341    2.95%
  31249 28662     2575.7667   154     2556.7991     2632.1122   548003    2.95%
  31806 29186     2559.0631   322     2556.7991     2631.9514   559804    2.94%
Elapsed time = 379.43 sec. (236409.35 ticks, tree = 67.78 MB, solutions = 1)
  32311 29664     2610.3593   315     2556.7991     2631.8404   570220    2.93%
  33067 30396     2589.1306   211     2556.7991     2631.7690   580123    2.93%
  33764 31041     2590.4751   350     2556.7991     2631.7254   590069    2.93%
  34240 31487     2577.2823   379     2556.7991     2631.6698   601045    2.93%
  34842 32037     2591.0586   272     2556.7991     2631.5592   610558    2.92%
  35412 32549     2583.1889   404     2556.7991     2631.4821   621437    2.92%
  35830 32928     2568.4932   338     2556.7991     2631.4498   627102    2.92%
  36493 33551     2565.3051   277     2556.7991     2631.3276   637773    2.91%
  37143 34155     2623.2020   419     2556.7991     2631.2168   650088    2.91%
  38004 34963     2602.3487   394     2556.7991     2631.1103   661964    2.91%
Elapsed time = 439.12 sec. (274727.34 ticks, tree = 81.78 MB, solutions = 1)
  38613 35537     2580.4518   392     2556.7991     2631.0358   674403    2.90%
  39212 36105     2579.1380   338     2556.7991     2630.9996   686142    2.90%
  39962 36809     2611.0400   396     2556.7991     2630.9177   697534    2.90%
  40675 37488     2602.6988   383     2556.7991     2630.8728   708418    2.90%
  41265 38046     2578.3393   225     2556.7991     2630.7416   720495    2.89%
  41904 38642     2600.8345   304     2556.7991     2630.6716   732444    2.89%
  42514 39213     2596.7724   302     2556.7991     2630.5925   743830    2.89%
  43109 39778     2588.6570   367     2556.7991     2630.4713   754927    2.88%
  43627 40258     2614.6455   409     2556.7991     2630.4202   764684    2.88%
  44090 40687     2590.4834   335     2556.7991     2630.3110   775027    2.88%
Elapsed time = 499.25 sec. (313187.46 ticks, tree = 94.74 MB, solutions = 1)
  44692 41247     2557.6088   299     2556.7991     2630.2785   785145    2.87%
  45026 41540     2602.7598   313     2556.7991     2630.2413   795644    2.87%
  45613 42080     2561.4119   368     2556.7991     2630.1962   805774    2.87%
  46295 42707     2567.5520   279     2556.7991     2630.1636   815901    2.87%
  46913 43248     2587.7354   313     2556.7991     2630.1177   826060    2.87%
  47483 43783     2571.5275   227     2556.7991     2630.0569   837738    2.87%
  48075 44326     2564.8974   247     2556.7991     2629.9969   848874    2.86%
  48618 44833     2592.6305   352     2556.7991     2629.8968   861253    2.86%
  49238 45411     2621.0743   430     2556.7991     2629.8576   873245    2.86%
  49924 46060     2609.1869   418     2556.7991     2629.8334   885784    2.86%
Elapsed time = 561.22 sec. (353135.92 ticks, tree = 106.94 MB, solutions = 1)
  50550 46646     2605.8832   344     2556.7991     2629.7752   898472    2.85%
  51444 47503     2611.3252   401     2556.7991     2629.7376   910877    2.85%
  52138 48167     2623.5417   418     2556.7991     2629.6928   924321    2.85%
  52828 48832     2581.3414   318     2556.7991     2629.6551   936775    2.85%
  53538 49513     2593.7320   352     2556.7991     2629.6225   948241    2.85%
  54264 50214     2599.2209   392     2556.7991     2629.5933   959784    2.85%
  54754 50678     2604.7785   378     2556.7991     2629.5438   971345    2.85%
  55414 51298     2567.7310   365     2556.7991     2629.4079   983627    2.84%
  55774 51642     2603.8146   292     2556.7991     2629.4010   989291    2.84%
  56423 52251     2574.0503   160     2556.7991     2629.3624  1001033    2.84%
Elapsed time = 621.52 sec. (391756.52 ticks, tree = 121.03 MB, solutions = 1)
  56956 52730     2560.2992   372     2556.7991     2629.3269  1011637    2.84%
  57586 53299     2563.4079   105     2556.7991     2629.2606  1022014    2.83%
  57993 53666     2607.5004   398     2556.7991     2629.1685  1034219    2.83%
  58728 54364     2585.8403   337     2556.7991     2629.1444  1044982    2.83%
  59159 54768     2608.6824   362     2556.7991     2629.1331  1057642    2.83%
  59892 55459     2582.5046   255     2556.7991     2629.0970  1070106    2.83%
  60352 55878     2574.3200   422     2556.7991     2629.0585  1082065    2.83%
  60895 56394     2598.3270   370     2556.7991     2629.0365  1093998    2.83%
  61583 57061     2610.5349   381     2556.7991     2628.9843  1106249    2.82%
  62295 57750     2562.4304   399     2556.7991     2628.9090  1119462    2.82%
Elapsed time = 681.73 sec. (430170.06 ticks, tree = 133.59 MB, solutions = 1)
  62901 58326     2574.0262   299     2556.7991     2628.8838  1131509    2.82%
  63483 58886     2562.7712   270     2556.7991     2628.8671  1142105    2.82%
  64112 59469     2601.6345   364     2556.7991     2628.8291  1154223    2.82%
  64862 60176     2619.8013   408     2556.7991     2628.8012  1165925    2.82%
  65555 60837     2585.1317   382     2556.7991     2628.7651  1177912    2.81%
  66050 61304     2595.3571   350     2556.7991     2628.7151  1189036    2.81%
  66796 62027     2608.7696   430     2556.7991     2628.6882  1201183    2.81%
  67280 62496     2577.9907   157     2556.7991     2628.6714  1213718    2.81%
  67775 62957     2613.6406   374     2556.7991     2628.6370  1224738    2.81%
  68426 63567     2597.2381   339     2556.7991     2628.6067  1236244    2.81%
Elapsed time = 743.11 sec. (469023.27 ticks, tree = 146.86 MB, solutions = 1)
  68623 63743     2588.3037   327     2556.7991     2628.5984  1242280    2.81%
  69293 64354     2558.2227   291     2556.7991     2628.5577  1253424    2.81%
  69937 64960     2574.2851   215     2556.7991     2628.5391  1264067    2.81%
  70436 65415     2593.4559   304     2556.7991     2628.4592  1276225    2.80%
  71169 66107     2591.6518   370     2556.7991     2628.4248  1288596    2.80%
  71867 66750     2566.7551   291     2556.7991     2628.3965  1300996    2.80%
  72406 67264     2569.8320   167     2556.7991     2628.2553  1313223    2.79%
  73088 67907     2608.5364   409     2556.7991     2628.2158  1326334    2.79%
  73690 68470     2603.3990   370     2556.7991     2628.1690  1337516    2.79%
  74417 69140     2597.7783   422     2556.7991     2628.1040  1350712    2.79%
Elapsed time = 803.73 sec. (507624.74 ticks, tree = 161.77 MB, solutions = 1)
  74989 69673     2588.2063   351     2556.7991     2628.0538  1363358    2.79%
  75525 70172     2570.2153   348     2556.7991     2628.0389  1376385    2.79%
  76146 70745     2607.3783   380     2556.7991     2627.9987  1389070    2.78%
  76610 71178     2622.9539   412     2556.7991     2627.9530  1399913    2.78%
  77242 71777     2565.0373   325     2556.7991     2627.9415  1412309    2.78%
  77820 72322     2571.7161   393     2556.7991     2627.9305  1424579    2.78%
  78244 72727     2572.2177   386     2556.7991     2627.9104  1435550    2.78%
  78803 73246     2608.3017   376     2556.7991     2627.8649  1448417    2.78%
  79515 73933     2584.4810   244     2556.7991     2627.8306  1460541    2.78%
  80181 74577     2584.0230   289     2556.7991     2627.8041  1472879    2.78%
Elapsed time = 865.85 sec. (546242.83 ticks, tree = 174.78 MB, solutions = 1)
  80483 74843     2582.2484   251     2556.7991     2627.7918  1479397    2.78%
  81029 75355     2606.4926   385     2556.7991     2627.7549  1491106    2.78%
  81532 75817     2606.4484   347     2556.7991     2627.7453  1502425    2.77%
  82099 76337     2567.1546   216     2556.7991     2627.6967  1513873    2.77%
  82619 76817     2589.3196   331     2556.7991     2627.6524  1525697    2.77%
  83170 77324     2562.6168   108     2556.7991     2627.5812  1538998    2.77%
  83862 77970     2575.0598   222     2556.7991     2627.5342  1550150    2.77%
  84351 78417     2610.5599   427     2556.7991     2627.5046  1562379    2.77%
  84868 78902     2593.4373   399     2556.7991     2627.4912  1575214    2.76%
  85460 79464     2562.1185   369     2556.7991     2627.4464  1587856    2.76%
Elapsed time = 928.81 sec. (584774.60 ticks, tree = 185.98 MB, solutions = 1)
  86162 80129     2575.3735   199     2556.7991     2627.4331  1600369    2.76%
  86692 80635     2586.1125   368     2556.7991     2627.3901  1613588    2.76%
  87261 81157     2578.5114   206     2556.7991     2627.3462  1626524    2.76%
  87858 81730     2572.7107   291     2556.7991     2627.3088  1639328    2.76%
  88483 82330     2590.9584   337     2556.7991     2627.2862  1651400    2.76%
  89095 82910     2569.2631   365     2556.7991     2627.2648  1665165    2.76%
  89637 83414     2608.8712   356     2556.7991     2627.1952  1678120    2.75%
  90141 83888     2557.2314    85     2556.7991     2627.1578  1690480    2.75%
  90626 84346     2578.7816   364     2556.7991     2627.1067  1702430    2.75%
  91192 84868     2603.2713   391     2556.7991     2627.0803  1714331    2.75%
Elapsed time = 992.43 sec. (623963.14 ticks, tree = 198.50 MB, solutions = 1)
  91483 85144     2585.9968   310     2556.7991     2627.0507  1721289    2.75%
  91999 85630     2579.2956   354     2556.7991     2627.0043  1733308    2.75%
  92562 86151     2575.5939   403     2556.7991     2626.9752  1745525    2.74%
  93008 86559     2577.9305   204     2556.7991     2626.9523  1757236    2.74%
  93683 87184     2602.9583   378     2556.7991     2626.8276  1769239    2.74%
  94213 87682     2561.0492   214     2556.7991     2626.8007  1780720    2.74%
  94856 88279     2557.2965   106     2556.7991     2626.7759  1792354    2.74%
  95356 88721     2594.0730   311     2556.7991     2626.7407  1804928    2.74%
  95956 89271     2599.9296   351     2556.7991     2626.7049  1817667    2.73%
  96503 89778     2575.8492   302     2556.7991     2626.6601  1829542    2.73%
Elapsed time = 1056.44 sec. (662663.64 ticks, tree = 209.73 MB, solutions = 1)
  97253 90475     2611.8406   389     2556.7991     2626.6282  1840429    2.73%
  97905 91085     2621.1386   425     2556.7991     2626.6024  1852914    2.73%
  98459 91611     2569.2347   396     2556.7991     2626.5909  1866138    2.73%
  99025 92151     2571.2760   172     2556.7991     2626.5655  1878178    2.73%
  99823 92884     2562.6498    93     2556.7991     2626.5494  1889543    2.73%
 100300 93328     2573.0665   405     2556.7991     2626.5384  1902751    2.73%
 100533 93548     2602.8779   361     2556.7991     2626.5069  1908123    2.73%
 101231 94201     2605.4852   400     2556.7991     2626.4578  1920898    2.72%
 101774 94688     2592.5824   401     2556.7991     2626.4171  1934045    2.72%
 102460 95344     2562.9203   121     2556.7991     2626.4019  1945973    2.72%
Elapsed time = 1118.14 sec. (701029.46 ticks, tree = 222.56 MB, solutions = 1)
 102988 95838     2573.4315   373     2556.7991     2626.3336  1957562    2.72%
 103696 96510     2568.3345   119     2556.7991     2626.3189  1969999    2.72%
 104378 97152     2573.0025   242     2556.7991     2626.2980  1983238    2.72%
 104977 97705     2589.8148   339     2556.7991     2626.2556  1995783    2.72%
 105543 98250     2606.6351   345     2556.7991     2626.2215  2007829    2.72%
 106321 98999     2571.3647   391     2556.7991     2626.1945  2019780    2.71%
 106755 99392     2603.0110   403     2556.7991     2626.1688  2032025    2.71%
 107147 99758     2613.6752   427     2556.7991     2626.1184  2041971    2.71%
 107623 100188     2580.9235   206     2556.7991     2626.0954  2054213    2.71%
 108083 100623     2598.9157   378     2556.7991     2626.0728  2065581    2.71%
Elapsed time = 1178.65 sec. (739397.18 ticks, tree = 235.25 MB, solutions = 1)
 108708 101228     2570.6675   163     2556.7991     2626.0620  2076842    2.71%
 109159 101651     2587.1910   335     2556.7991     2626.0175  2088476    2.71%
 109507 101974     2557.9156   179     2556.7991     2625.9883  2095611    2.71%
 110030 102463     2581.6532   408     2556.7991     2625.9701  2107062    2.71%
 110540 102948     2573.3840   327     2556.7991     2625.9512  2118120    2.70%
 111166 103521     2590.0009   383     2556.7991     2625.9066  2131253    2.70%
 111603 103925     2601.7893   390     2556.7991     2625.8862  2143092    2.70%
 112104 104392     2606.7631   381     2556.7991     2625.8665  2155528    2.70%
 112792 105048     2617.1266   404     2556.7991     2625.8092  2168238    2.70%
 113393 105618     2603.4308   394     2556.7991     2625.7848  2180082    2.70%
Elapsed time = 1238.52 sec. (777837.09 ticks, tree = 246.70 MB, solutions = 1)
 113953 106151     2599.7659   333     2556.7991     2625.7488  2191815    2.70%
 114593 106750     2587.7389   389     2556.7991     2625.6867  2204287    2.69%
 115029 107147     2612.3207   346     2556.7991     2625.6622  2217227    2.69%
 115600 107674     2595.4898   358     2556.7991     2625.6219  2230230    2.69%
 116166 108218     2572.9278   355     2556.7991     2625.5912  2243033    2.69%
 116530 108542     2608.1004   401     2556.7991     2625.5725  2252880    2.69%
 117077 109051     2566.3749   363     2556.7991     2625.5393  2266365    2.69%
 117638 109580     2599.0762   361     2556.7991     2625.4998  2278716    2.69%
 118081 109995     2585.9716   339     2556.7991     2625.4527  2291045    2.69%
 118483 110369     2576.0845   215     2556.7991     2625.4274  2302227    2.68%
Elapsed time = 1304.66 sec. (817624.16 ticks, tree = 257.78 MB, solutions = 1)
 119149 111017     2597.7996   414     2556.7991     2625.4032  2314777    2.68%
 119540 111378     2577.7740   298     2556.7991     2625.3801  2327473    2.68%
 120087 111891     2609.3722   421     2556.7991     2625.3560  2339287    2.68%
 120687 112445     2588.1934   409     2556.7991     2625.3384  2352067    2.68%
 121155 112878     2557.6817   293     2556.7991     2625.3106  2363607    2.68%
 121782 113486     2613.9142   411     2556.7991     2625.2591  2375834    2.68%
 122250 113915     2579.2644   287     2556.7991     2625.2267  2386676    2.68%
 122732 114368     2602.1369   405     2556.7991     2625.1819  2398776    2.67%
 123394 115006     2581.5416   325     2556.7991     2625.1589  2411455    2.67%
 123968 115530     2566.2142   175     2556.7991     2625.1266  2422015    2.67%
Elapsed time = 1369.06 sec. (856329.44 ticks, tree = 269.70 MB, solutions = 1)
 124490 116013     2585.8974   388     2556.7991     2625.1028  2433695    2.67%
 125030 116521     2610.7019   394     2556.7991     2625.0853  2444604    2.67%
 125619 117083     2558.8905   130     2556.7991     2625.0251  2455214    2.67%
 126104 117525     2571.8574   166     2556.7991     2624.9940  2467896    2.67%
 126689 118058     2573.5928   329     2556.7991     2624.9606  2479964    2.67%
 127283 118618     2590.7441   335     2556.7991     2624.9196  2492658    2.66%
 127683 119004     2579.8619   167     2556.7991     2624.9157  2499535    2.66%
 128239 119527     2564.0615   378     2556.7991     2624.8986  2512177    2.66%
 128895 120147     2560.9550   116     2556.7991     2624.8663  2524136    2.66%
 129335 120545     2607.9581   381     2556.7991     2624.8128  2536836    2.66%
Elapsed time = 1433.80 sec. (894817.42 ticks, tree = 281.21 MB, solutions = 1)
 129790 120959     2565.1653   200     2556.7991     2624.7745  2548765    2.66%
 130236 121378     2585.0655   347     2556.7991     2624.7457  2561717    2.66%
 130926 122036     2595.0244   295     2556.7991     2624.6889  2574461    2.66%
 131543 122598     2596.6277   350     2556.7991     2624.6704  2586695    2.65%
 132280 123308     2572.4872   280     2556.7991     2624.6451  2599517    2.65%
 132965 123962     2602.1219   352     2556.7991     2624.6311  2611542    2.65%
 133483 124430     2574.2008   327     2556.7991     2624.5985  2624234    2.65%
 134054 124968     2559.5602   331     2556.7991     2624.5291  2637680    2.65%
 134829 125715     2572.6696   365     2556.7991     2624.4946  2650052    2.65%
 135361 126215     2605.3087   368     2556.7991     2624.4308  2663122    2.65%
Elapsed time = 1500.29 sec. (935407.40 ticks, tree = 294.21 MB, solutions = 1)
 136042 126865     2582.2612   201     2556.7991     2624.3683  2675709    2.64%
 136653 127454     2563.5378   310     2556.7991     2624.3526  2687045    2.64%
 137347 128104        cutoff           2556.7991     2624.3346  2699834    2.64%
 137764 128510     2585.3487   293     2556.7991     2624.3061  2710278    2.64%
 138391 129113     2578.5567   186     2556.7991     2624.3023  2723246    2.64%
 138968 129649     2570.6735   324     2556.7991     2624.2578  2735090    2.64%
 139471 130109     2605.1028   411     2556.7991     2624.2374  2748689    2.64%
 139946 130558     2583.0634   335     2556.7991     2624.2129  2760273    2.64%
 140542 131121     2564.0320   184     2556.7991     2624.1713  2771738    2.64%
 141106 131645     2568.6789   296     2556.7991     2624.1602  2784236    2.63%
Elapsed time = 1562.77 sec. (973837.51 ticks, tree = 308.74 MB, solutions = 1)
 141692 132195     2581.8872   194     2556.7991     2624.1424  2796089    2.63%
 142225 132686     2607.3681   420     2556.7991     2624.1149  2808657    2.63%
 142677 133099     2565.8724   182     2556.7991     2624.1003  2819812    2.63%
 143247 133631     2589.2808   366     2556.7991     2624.0724  2831455    2.63%
 143761 134097     2610.1273   428     2556.7991     2624.0462  2844107    2.63%
 144264 134573     2601.5405   370     2556.7991     2624.0169  2856970    2.63%
 144724 135008     2560.5248   132     2556.7991     2624.0048  2866535    2.63%
 145094 135332     2615.6790   403     2556.7991     2623.9672  2879467    2.63%
 145483 135707     2590.2084   286     2556.7991     2623.9596  2887871    2.63%
 146160 136362     2608.8507   390     2556.7991     2623.9297  2900375    2.63%
Elapsed time = 1627.02 sec. (1012890.39 ticks, tree = 320.21 MB, solutions = 1)
 146806 136970     2586.2147   232     2556.7991     2623.9074  2912922    2.62%
 147283 137426     2587.3235   370     2556.7991     2623.8965  2925479    2.62%
 147854 137940     2584.9311   285     2556.7991     2623.8788  2938795    2.62%
 148532 138596     2588.0830   376     2556.7991     2623.8583  2951113    2.62%
 149133 139151     2571.8838   292     2556.7991     2623.8195  2964533    2.62%
 149663 139625     2561.5613   354     2556.7991     2623.7941  2976924    2.62%
 150043 139982     2597.1620   311     2556.7991     2623.7620  2990009    2.62%
 150710 140627     2585.9912   357     2556.7991     2623.7248  3002511    2.62%
 151307 141187     2594.1371   351     2556.7991     2623.6856  3014621    2.62%
 151939 141800     2571.0505   377     2556.7991     2623.6811  3026270    2.62%
Elapsed time = 1690.69 sec. (1051443.05 ticks, tree = 333.00 MB, solutions = 1)
 152384 142209     2610.0187   368     2556.7991     2623.6419  3039421    2.61%
 152955 142758     2557.5256   239     2556.7991     2623.6366  3050141    2.61%
 153371 143132     2563.3899   257     2556.7991     2623.6173  3063813    2.61%
 153933 143640     2557.9625   265     2556.7991     2623.5612  3075864    2.61%
 154491 144184     2562.6951   160     2556.7991     2623.5359  3086706    2.61%
 155013 144656     2594.5375   356     2556.7991     2623.5182  3098574    2.61%
 155525 145151     2600.4658   380     2556.7991     2623.4961  3110501    2.61%
 156063 145652     2568.4477   406     2556.7991     2623.4877  3122673    2.61%
 156483 146052     2574.7676   275     2556.7991     2623.4794  3134176    2.61%
 157051 146592     2594.1035   384     2556.7991     2623.4731  3146147    2.61%
Elapsed time = 1758.98 sec. (1092153.41 ticks, tree = 345.27 MB, solutions = 1)
 157619 147135     2619.4308   441     2556.7991     2623.4610  3157950    2.61%
 158109 147598     2598.2513   397     2556.7991     2623.4505  3170397    2.61%
 158676 148127     2597.9014   418     2556.7991     2623.4360  3183071    2.61%
 159175 148594     2589.7478   370     2556.7991     2623.4147  3194879    2.61%
 159702 149088     2607.6851   392     2556.7991     2623.3924  3207183    2.60%
 160248 149609     2566.2331   285     2556.7991     2623.3759  3220039    2.60%
 160768 150088     2598.1988   341     2556.7991     2623.3360  3232097    2.60%
 161334 150630     2589.8424   378     2556.7991     2623.3281  3244337    2.60%
 161853 151103     2557.9573    67     2556.7991     2623.3140  3256863    2.60%
 162300 151515     2618.3801   418     2556.7991     2623.2878  3269642    2.60%
Elapsed time = 1822.92 sec. (1130487.28 ticks, tree = 356.69 MB, solutions = 1)
 162774 151953     2559.3869   252     2556.7991     2623.2669  3282021    2.60%
 163232 152370     2575.7395   310     2556.7991     2623.2467  3294205    2.60%
 163842 152955     2571.6627   158     2556.7991     2623.2278  3307621    2.60%
 164328 153394     2590.4669   255     2556.7991     2623.2054  3319875    2.60%
 164883 153906     2583.7309   320     2556.7991     2623.1881  3331900    2.60%
 165483 154486     2566.3331   228     2556.7991     2623.1844  3341977    2.60%
 166106 155070     2586.7268   344     2556.7991     2623.1447  3354952    2.59%
 166902 155838     2589.9096   277     2556.7991     2623.1397  3367422    2.59%
 167470 156365     2567.5597   404     2556.7991     2623.1255  3380425    2.59%
 168031 156891     2613.5498   413     2556.7991     2623.0727  3393364    2.59%
Elapsed time = 1886.60 sec. (1169131.70 ticks, tree = 369.03 MB, solutions = 1)
 168573 157389     2610.8233   409     2556.7991     2623.0528  3405292    2.59%
 169078 157861     2584.6989   294     2556.7991     2623.0343  3418577    2.59%
 169584 158335     2597.9564   346     2556.7991     2622.9919  3430937    2.59%
 170220 158941     2604.3651   358     2556.7991     2622.9622  3442998    2.59%
 170568 159278     2573.1421   294     2556.7991     2622.9413  3450937    2.59%
 171060 159728     2604.3335   353     2556.7991     2622.9319  3463218    2.59%
 171683 160325     2580.3449   143     2556.7991     2622.9051  3474561    2.59%
 172341 160940     2602.9010   375     2556.7991     2622.8698  3487216    2.58%
 173017 161593     2565.9380   175     2556.7991     2622.8527  3499472    2.58%
 173553 162095     2573.2425   308     2556.7991     2622.8172  3511609    2.58%
Elapsed time = 1949.52 sec. (1207464.51 ticks, tree = 382.09 MB, solutions = 1)
 174186 162687     2602.3998   363     2556.7991     2622.8002  3523420    2.58%
 174623 163081     2570.9998   407     2556.7991     2622.7855  3536175    2.58%
 175022 163457     2586.0506   365     2556.7991     2622.7674  3547916    2.58%
 175483 163904     2580.3964   231     2556.7991     2622.7599  3557746    2.58%
 176112 164493     2584.9533   241     2556.7991     2622.7349  3569501    2.58%
 176899 165235     2575.7723   394     2556.7991     2622.7131  3581199    2.58%
 177486 165794     2575.5681   242     2556.7991     2622.6914  3593570    2.58%
 178193 166447     2597.6117   371     2556.7991     2622.6616  3605371    2.58%
 178763 166965     2572.2990   376     2556.7991     2622.6293  3618428    2.57%
 179297 167465     2591.2316   333     2556.7991     2622.6186  3631441    2.57%
Elapsed time = 2012.32 sec. (1246603.90 ticks, tree = 394.42 MB, solutions = 1)
 179797 167915     2559.2840   285     2556.7991     2622.6005  3643887    2.57%
 180203 168282     2592.3904   397     2556.7991     2622.5664  3657540    2.57%
 180701 168766     2561.4266   161     2556.7991     2622.5618  3665026    2.57%
 181385 169400     2574.2729   156     2556.7991     2622.5525  3678630    2.57%
 182049 170019     2594.0119   353     2556.7991     2622.5163  3691262    2.57%
 182638 170556        cutoff           2556.7991     2622.5028  3704468    2.57%
 183110 170987     2558.4011   228     2556.7991     2622.4846  3717207    2.57%
 183555 171405     2582.9815   314     2556.7991     2622.4638  3731040    2.57%
 184019 171821     2611.2312   385     2556.7991     2622.4296  3742990    2.57%
 184689 172435     2568.4302   269     2556.7991     2622.4249  3755272    2.57%
Elapsed time = 2075.61 sec. (1285062.19 ticks, tree = 405.79 MB, solutions = 1)
 185347 173047     2597.0951   375     2556.7991     2622.4099  3766538    2.57%
 185820 173491     2567.9753   379     2556.7991     2622.4041  3775067    2.57%
 186408 174054     2588.8225   407     2556.7991     2622.3775  3788533    2.56%
 186880 174482     2603.1395   379     2556.7991     2622.3489  3800646    2.56%
 187308 174878     2611.0707   379     2556.7991     2622.3361  3813681    2.56%
 187733 175266     2591.9046   398     2556.7991     2622.3115  3824451    2.56%
 188384 175902     2601.4562   314     2556.7991     2622.3086  3836352    2.56%
 188692 176167     2582.6178   366     2556.7991     2622.2885  3843543    2.56%
 189194 176628     2593.8920   394     2556.7991     2622.2690  3855509    2.56%
 189616 177012     2561.1819   367     2556.7991     2622.2566  3868533    2.56%
Elapsed time = 2139.77 sec. (1323545.98 ticks, tree = 440.22 MB, solutions = 1)
 190156 177520     2577.5127   272     2556.7991     2622.2473  3880775    2.56%
 190832 178156     2558.2219   348     2556.7991     2622.2400  3892700    2.56%
 191388 178672     2582.0857   418     2556.7991     2622.2267  3904049    2.56%
 191794 179032     2565.6212   350     2556.7991     2622.2231  3916065    2.56%
 192275 179481     2618.2086   426     2556.7991     2622.2113  3928350    2.56%
 192890 180068     2594.4312   361     2556.7991     2622.2042  3939873    2.56%
 193416 180573     2562.3238   137     2556.7991     2622.1948  3951864    2.56%
 193915 181048     2583.3758   311     2556.7991     2622.1808  3963585    2.56%
 194475 181566     2596.8556   361     2556.7991     2622.1625  3976414    2.56%
 194996 182047     2600.4325   390     2556.7991     2622.1505  3988660    2.56%
Elapsed time = 2203.37 sec. (1361784.44 ticks, tree = 451.78 MB, solutions = 1)
 195614 182635     2563.6397   155     2556.7991     2622.1334  4001423    2.56%
 195960 182943     2614.2960   409     2556.7991     2622.1186  4014920    2.55%
 196431 183371     2602.9850   414     2556.7991     2622.1023  4027413    2.55%
 197023 183935     2562.7123   267     2556.7991     2622.0883  4040089    2.55%
 197528 184406     2594.5867   379     2556.7991     2622.0637  4052441    2.55%
 198065 184917     2607.2965   383     2556.7991     2622.0252  4065031    2.55%
 198566 185376     2596.9416   389     2556.7991     2622.0124  4077033    2.55%
 199283 186063     2592.6703   388     2556.7991     2622.0094  4088268    2.55%
 199626 186381     2561.0183   134     2556.7991     2621.9974  4095344    2.55%
 200170 186889     2599.1803   345     2556.7991     2621.9746  4108339    2.55%
Elapsed time = 2267.42 sec. (1400187.24 ticks, tree = 462.93 MB, solutions = 1)
 200720 187402     2609.3521   405     2556.7991     2621.9666  4121824    2.55%
 201235 187873     2606.6951   400     2556.7991     2621.9306  4134431    2.55%
 201896 188494     2560.4243   307     2556.7991     2621.9118  4147117    2.55%
 202371 188921     2587.3729   344     2556.7991     2621.8950  4160222    2.55%
 202883 189381     2592.1155   367     2556.7991     2621.8883  4172665    2.55%
 203404 189862     2568.6566   130     2556.7991     2621.8747  4185570    2.55%
 203683 190122     2585.6328   335     2556.7991     2621.8664  4192293    2.54%
 204398 190800     2572.7114   184     2556.7991     2621.8464  4205381    2.54%
 204941 191294     2613.3533   426     2556.7991     2621.8357  4218158    2.54%
 205549 191874        cutoff           2556.7991     2621.8282  4230917    2.54%
Elapsed time = 2328.97 sec. (1438610.78 ticks, tree = 475.81 MB, solutions = 1)
 206169 192458        cutoff           2556.7991     2621.8164  4242608    2.54%
 206687 192947     2563.2672   258     2556.7991     2621.8035  4254939    2.54%
 207203 193428     2563.3471   222     2556.7991     2621.7894  4267253    2.54%
 207769 193962     2573.8370   303     2556.7991     2621.7791  4279006    2.54%
 208358 194511     2559.2360   215     2556.7991     2621.7641  4290396    2.54%
 208853 194968     2572.3221   296     2556.7991     2621.7494  4303236    2.54%
 209572 195639     2608.2037   413     2556.7991     2621.7241  4314670    2.54%
 210111 196153     2597.2079   387     2556.7991     2621.7120  4326484    2.54%
 210690 196700     2587.8762   411     2556.7991     2621.6974  4338506    2.54%
 211416 197408     2558.2972   153     2556.7991     2621.6876  4349816    2.54%
Elapsed time = 2392.66 sec. (1476971.56 ticks, tree = 488.56 MB, solutions = 1)
 211933 197886     2586.5132   271     2556.7991     2621.6624  4361898    2.54%
 212483 198411     2560.2830   155     2556.7991     2621.6385  4372693    2.54%
 212933 198808     2592.3365   355     2556.7991     2621.6107  4385144    2.53%
 213464 199299     2580.5659   276     2556.7991     2621.5973  4396885    2.53%
 214069 199863     2606.0391   386     2556.7991     2621.5871  4409648    2.53%
 214483 200260     2569.8234   195     2556.7991     2621.5793  4418469    2.53%
 215172 200909     2570.3548   218     2556.7991     2621.5716  4429999    2.53%
 215774 201474     2567.3728   303     2556.7991     2621.5377  4443137    2.53%
 216335 202005     2557.2989   296     2556.7991     2621.5289  4455911    2.53%
 217176 202800        cutoff           2556.7991     2621.5214  4469353    2.53%
Elapsed time = 2457.71 sec. (1516583.28 ticks, tree = 501.00 MB, solutions = 1)
 217723 203318     2557.3466   352     2556.7991     2621.5091  4482550    2.53%
 218263 203817     2590.6897   349     2556.7991     2621.4869  4495621    2.53%
 218979 204471     2606.4771   371     2556.7991     2621.4690  4508124    2.53%
 219646 205112     2567.0076   384     2556.7991     2621.4448  4520956    2.53%
 220269 205685     2571.3716   407     2556.7991     2621.4230  4534624    2.53%
 220836 206225     2574.6780   349     2556.7991     2621.3955  4548072    2.53%
 221513 206867     2606.3445   345     2556.7991     2621.3846  4561099    2.53%
 222284 207598     2595.9787   330     2556.7991     2621.3649  4574147    2.53%
 222768 208041     2569.0907   354     2556.7991     2621.3419  4586723    2.52%
 223289 208538     2597.6835   380     2556.7991     2621.3386  4599452    2.52%
Elapsed time = 2520.19 sec. (1554991.02 ticks, tree = 514.21 MB, solutions = 1)
 223954 209182     2573.6443   197     2556.7991     2621.3247  4611781    2.52%
 224483 209672     2578.0183   189     2556.7991     2621.3013  4623983    2.52%
 225085 210234     2568.9565   135     2556.7991     2621.2858  4636775    2.52%
 225621 210711     2591.9635   345     2556.7991     2621.2694  4649875    2.52%
 226228 211265     2560.2146   332     2556.7991     2621.2625  4662165    2.52%
 226874 211872     2588.6831   382     2556.7991     2621.2461  4674964    2.52%
 227483 212451     2584.9015   197     2556.7991     2621.2306  4685812    2.52%
 228163 213107     2568.4438   133     2556.7991     2621.2119  4696981    2.52%
 228685 213585     2566.4605   363     2556.7991     2621.1783  4709565    2.52%
 229350 214202     2570.6914   348     2556.7991     2621.1621  4721441    2.52%
Elapsed time = 2583.45 sec. (1594610.26 ticks, tree = 527.24 MB, solutions = 1)
 229736 214538     2583.1831   258     2556.7991     2621.1528  4733244    2.52%
 230375 215144     2592.8500   362     2556.7991     2621.1426  4745463    2.52%
 230987 215731     2594.0942   373     2556.7991     2621.1273  4757324    2.52%
 231396 216106     2576.8904   219     2556.7991     2621.1156  4770159    2.52%
 231904 216572     2591.4423   299     2556.7991     2621.0939  4782272    2.51%
 232483 217106     2613.8715   394     2556.7991     2621.0866  4794466    2.51%
 233045 217637     2569.6586   211     2556.7991     2621.0662  4806754    2.51%
 233629 218177     2595.2914   370     2556.7991     2621.0569  4819059    2.51%
 234353 218861     2603.0443   391     2556.7991     2621.0472  4830628    2.51%
 234936 219415     2601.5774   408     2556.7991     2621.0270  4841869    2.51%
Elapsed time = 2647.17 sec. (1633746.76 ticks, tree = 539.25 MB, solutions = 1)
 235608 220044     2601.3083   388     2556.7991     2621.0140  4853819    2.51%
 236174 220561     2588.1985   347     2556.7991     2620.9986  4865819    2.51%
 236483 220823     2606.4731   399     2556.7991     2620.9704  4875917    2.51%
 237020 221311     2570.3569   396     2556.7991     2620.9593  4888294    2.51%
 237566 221803     2578.3119   329     2556.7991     2620.9280  4901789    2.51%
 238070 222262        cutoff           2556.7991     2620.9055  4915869    2.51%
 238741 222897     2605.7332   367     2556.7991     2620.8830  4927974    2.51%
 239485 223595     2598.2133   375     2556.7991     2620.8735  4940047    2.51%
 240084 224156     2593.8026   354     2556.7991     2620.8673  4952985    2.51%
 240710 224746     2558.9242   285     2556.7991     2620.8600  4965901    2.51%
Elapsed time = 2711.92 sec. (1672631.72 ticks, tree = 551.61 MB, solutions = 1)
 241340 225343     2607.5601   375     2556.7991     2620.8351  4978580    2.50%
 241771 225728     2565.2262   350     2556.7991     2620.8269  4987110    2.50%
 242276 226194     2575.6867   291     2556.7991     2620.8102  5000159    2.50%
 242866 226739     2583.4992   256     2556.7991     2620.7936  5013634    2.50%
 243288 227117     2605.8239   330     2556.7991     2620.7656  5026638    2.50%
 243927 227706     2569.0919   401     2556.7991     2620.7601  5039672    2.50%
 244459 228208     2582.6318   261     2556.7991     2620.7448  5052342    2.50%
 244934 228631     2605.4472   357     2556.7991     2620.7091  5065342    2.50%
 245458 229131     2585.1325   340     2556.7991     2620.7054  5079295    2.50%
 245984 229609     2560.4617   389     2556.7991     2620.6970  5091218    2.50%
Elapsed time = 2776.17 sec. (1710914.38 ticks, tree = 564.47 MB, solutions = 1)
 246587 230169        cutoff           2556.7991     2620.6869  5104001    2.50%
 247342 230890     2597.8609   359     2556.7991     2620.6727  5116329    2.50%
 247813 231333     2594.6693   329     2556.7991     2620.6480  5127755    2.50%
 248483 231978     2561.2295   122     2556.7991     2620.6414  5140742    2.50%
 249002 232466     2581.0912   227     2556.7991     2620.6317  5153903    2.50%
 249530 232959     2595.9205   384     2556.7991     2620.6108  5166009    2.50%
 250085 233479     2580.6685   371     2556.7991     2620.5978  5177448    2.50%
 250774 234154     2578.1381   207     2556.7991     2620.5911  5190192    2.49%
 251345 234688     2558.2507   172     2556.7991     2620.5815  5201440    2.49%
 251663 234980     2603.0155   347     2556.7991     2620.5750  5208401    2.49%
Elapsed time = 2843.95 sec. (1749714.26 ticks, tree = 576.85 MB, solutions = 1)
 252272 235540     2573.2085   256     2556.7991     2620.5639  5220019    2.49%
 252714 235942     2584.4808   362     2556.7991     2620.5441  5233050    2.49%
 253373 236573     2565.4283   135     2556.7991     2620.5271  5244211    2.49%
 253897 237059     2610.4045   403     2556.7991     2620.4886  5256290    2.49%
 254333 237464     2559.3376   310     2556.7991     2620.4745  5268593    2.49%
 254883 237978     2562.0319   131     2556.7991     2620.4705  5280736    2.49%
 255293 238346     2568.2698   270     2556.7991     2620.4473  5292716    2.49%
 255837 238861     2570.1670   285     2556.7991     2620.4388  5304669    2.49%
 256450 239426     2597.7858   349     2556.7991     2620.4279  5316717    2.49%
 257087 240033     2593.7166   318     2556.7991     2620.4156  5329658    2.49%
Elapsed time = 2910.52 sec. (1787985.55 ticks, tree = 588.50 MB, solutions = 1)
 257793 240720     2561.6238   380     2556.7991     2620.3953  5342154    2.49%
 258431 241303     2559.5796   157     2556.7991     2620.3867  5355039    2.49%
 258990 241826        cutoff           2556.7991     2620.3565  5367211    2.49%
 259467 242271     2589.4388   408     2556.7991     2620.3288  5380380    2.48%
 259960 242728     2593.7930   372     2556.7991     2620.3200  5391686    2.48%
 260515 243262     2582.0350   376     2556.7991     2620.3179  5402230    2.48%
 261083 243772     2572.8392   230     2556.7991     2620.3099  5415029    2.48%
 261683 244326     2597.4370   363     2556.7991     2620.2929  5428088    2.48%
 262294 244891     2563.5404   367     2556.7991     2620.2636  5441348    2.48%
 262846 245392     2601.8308   405     2556.7991     2620.2485  5454578    2.48%
Elapsed time = 2976.72 sec. (1826538.42 ticks, tree = 600.87 MB, solutions = 1)
 263473 245982     2610.4065   399     2556.7991     2620.2297  5465923    2.48%
 263883 246357     2611.4028   372     2556.7991     2620.2205  5474854    2.48%
 264608 247041     2595.1114   370     2556.7991     2620.2074  5487644    2.48%
 265215 247612     2584.7023   320     2556.7991     2620.1894  5499974    2.48%
 265691 248035     2608.8157   393     2556.7991     2620.1574  5513268    2.48%
 266324 248636     2582.6076   322     2556.7991     2620.1409  5525847    2.48%
 266903 249162     2583.4051   336     2556.7991     2620.1351  5538009    2.48%
 267321 249535     2579.9670   320     2556.7991     2620.1157  5550981    2.48%
 267646 249844     2595.1081   347     2556.7991     2620.1078  5556834    2.48%
 268302 250459     2592.1480   374     2556.7991     2620.0960  5570559    2.48%
Elapsed time = 3040.24 sec. (1864831.19 ticks, tree = 612.56 MB, solutions = 1)
 268851 250975        cutoff           2556.7991     2620.0808  5583151    2.48%
 269279 251341     2587.2787   344     2556.7991     2620.0547  5596446    2.47%
 269883 251919     2568.6902   202     2556.7991     2620.0481  5608866    2.47%
 270382 252379     2594.2565   394     2556.7991     2620.0202  5622436    2.47%
 270958 252924     2560.3137   327     2556.7991     2620.0109  5634978    2.47%
 271403 253330     2595.0801   365     2556.7991     2619.9985  5648197    2.47%
 271954 253852     2600.8621   348     2556.7991     2619.9878  5659654    2.47%
 272586 254462     2583.3952   343     2556.7991     2619.9710  5672752    2.47%
 273123 254955     2591.9863   363     2556.7991     2619.9555  5684269    2.47%
 273831 255625     2585.6494   338     2556.7991     2619.9383  5696323    2.47%
Elapsed time = 3102.96 sec. (1903350.03 ticks, tree = 624.46 MB, solutions = 1)
 274322 256062     2566.8815   173     2556.7991     2619.9264  5709089    2.47%
 274792 256491     2606.8004   398     2556.7991     2619.9097  5720721    2.47%
 275483 257156     2587.3564   306     2556.7991     2619.9013  5732419    2.47%
 276083 257724     2575.3942   308     2556.7991     2619.8850  5744138    2.47%
 276761 258371     2578.4595   206     2556.7991     2619.8799  5757008    2.47%
 277347 258925     2589.8046   363     2556.7991     2619.8734  5769412    2.47%
 277895 259424     2569.2701   387     2556.7991     2619.8638  5781700    2.47%
 278299 259786     2587.0220   292     2556.7991     2619.8545  5794681    2.47%
 278744 260198     2588.8615   391     2556.7991     2619.8410  5807592    2.47%
 279179 260570     2612.7410   400     2556.7991     2619.8234  5820220    2.46%
Elapsed time = 3168.81 sec. (1942719.89 ticks, tree = 636.12 MB, solutions = 1)
 279746 261091     2578.2986   245     2556.7991     2619.8210  5831654    2.46%
 280373 261679     2562.0482   183     2556.7991     2619.8079  5843938    2.46%
 280896 262165     2559.9091   135     2556.7991     2619.7904  5854231    2.46%
 281410 262628     2568.2706   409     2556.7991     2619.7755  5868192    2.46%
 281746 262954     2560.1203   376     2556.7991     2619.7724  5875611    2.46%
 282160 263325        cutoff           2556.7991     2619.7635  5889138    2.46%
 282599 263725     2569.2126   300     2556.7991     2619.7525  5902512    2.46%
 283136 264227     2597.3971   250     2556.7991     2619.7401  5915913    2.46%
 283749 264795     2607.4171   410     2556.7991     2619.7301  5928703    2.46%
 284364 265375        cutoff           2556.7991     2619.7202  5941747    2.46%
Elapsed time = 3232.70 sec. (1981310.08 ticks, tree = 647.30 MB, solutions = 1)
 285039 266017     2574.3330   374     2556.7991     2619.7079  5953730    2.46%
 285183 266137     2575.9229   275     2556.7991     2619.7057  5958678    2.46%
 285283 266233     2586.6709   308     2556.7991     2619.7006  5960899    2.46%
 285483 266423     2587.4830   318     2556.7991     2619.6961  5964869    2.46%
 285683 266611     2565.4189   244     2556.7991     2619.6950  5968860    2.46%
 285783 266704     2575.8417   319     2556.7991     2619.6935  5971240    2.46%
 285883 266797     2595.2141   366     2556.7991     2619.6915  5973390    2.46%
 285983 266897     2567.2182   176     2556.7991     2619.6915  5975039    2.46%
 286083 266989     2590.6023   354     2556.7991     2619.6861  5976834    2.46%
 286183 267089     2571.6736   226     2556.7991     2619.6861  5977954    2.46%
Elapsed time = 3418.77 sec. (2090514.67 ticks, tree = 651.24 MB, solutions = 1)
 286283 267181     2599.2901   309     2556.7991     2619.6769  5980322    2.46%
 286483 267355     2600.6535   372     2556.7991     2619.6726  5986588    2.46%
 286583 267455     2565.7005   147     2556.7991     2619.6726  5988489    2.46%
 286783 267651     2574.3434   129     2556.7991     2619.6716  5991496    2.46%
 287433 268253     2584.8995   325     2556.7991     2619.6637  6004533    2.46%
 288344 269131     2569.6897   167     2556.7991     2619.6556  6018475    2.46%
 288788 269552     2599.3529   397     2556.7991     2619.6468  6030523    2.46%
 289364 270086     2610.6804   409     2556.7991     2619.6392  6043604    2.46%
 289903 270594     2596.3977   401     2556.7991     2619.6266  6056235    2.46%
 290083 270753     2598.2146   345     2556.7991     2619.6253  6063022    2.46%
Elapsed time = 3520.65 sec. (2150368.10 ticks, tree = 659.68 MB, solutions = 1)
 290688 271318     2612.0730   331     2556.7991     2619.6184  6075204    2.46%
 291211 271801     2602.9650   372     2556.7991     2619.6050  6087729    2.46%
 291937 272477        cutoff           2556.7991     2619.5939  6100684    2.46%
 292583 273088     2603.3904   399     2556.7991     2619.5855  6114266    2.46%
 293167 273644     2605.5452   402     2556.7991     2619.5737  6127777    2.46%
 293689 274137     2602.5128   367     2556.7991     2619.5650  6139905    2.45%
 294373 274779     2563.0689   367     2556.7991     2619.5460  6153055    2.45%
 294483 274856     2605.2638   377     2556.7991     2619.5440  6157965    2.45%
 295206 275544     2605.2442   377     2556.7991     2619.5407  6171071    2.45%

Implied bound cuts applied:  942
Flow cuts applied:  58
Mixed integer rounding cuts applied:  134
Lift and project cuts applied:  109
Gomory fractional cuts applied:  58

Root node processing (before b&c):
  Real time             =    5.48 sec. (2850.84 ticks)
Sequential b&c:
  Real time             = 3594.52 sec. (2194213.98 ticks)
                          ------------
Total (root+branch&cut) = 3600.00 sec. (2197064.82 ticks)
