1 of 1 MIP starts provided solutions.
MIP start 'm1' defined initial solution with objective 2436.6329.
Tried aggregator 1 time.
MIP Presolve eliminated 20 rows and 11 columns.
Reduced MIP has 6780 rows, 3581 columns, and 79242 nonzeros.
Reduced MIP has 3200 binaries, 0 generals, 0 SOSs, and 0 indicators.
Presolve time = 0.04 sec. (23.19 ticks)
Probing time = 0.01 sec. (4.70 ticks)
Tried aggregator 1 time.
Reduced MIP has 6780 rows, 3581 columns, and 79242 nonzeros.
Reduced MIP has 3200 binaries, 0 generals, 0 SOSs, and 0 indicators.
Presolve time = 0.04 sec. (23.20 ticks)
Probing time = 0.01 sec. (4.74 ticks)
Clique table members: 194.
MIP emphasis: balance optimality and feasibility.
MIP search method: dynamic search.
Parallel mode: none, using 1 thread.
Root relaxation solution time = 0.05 sec. (35.65 ticks)

        Nodes                                         Cuts/
   Node  Left     Objective  IInf  Best Integer    Best Bound    ItCnt     Gap

*     0+    0                         2436.6329     2850.6840     1317   16.99%
      0     0     2779.7194   270     2436.6329     2779.7194     1317   14.08%
      0     0     2666.1202   255     2436.6329     Cuts: 485     1590    9.42%
      0     0     2621.8303   281     2436.6329     Cuts: 344     1838    7.60%
      0     0     2605.7160   306     2436.6329     Cuts: 196     2000    6.94%
      0     0     2598.7831   302     2436.6329     Cuts: 125     2115    6.65%
      0     0     2592.0914   322     2436.6329     Cuts: 130     2229    6.38%
      0     0     2586.3851   317     2436.6329      Cuts: 82     2331    6.15%
      0     0     2582.0069   317     2436.6329      Cuts: 70     2396    5.97%
      0     0     2579.6620   325     2436.6329      Cuts: 64     2459    5.87%
      0     0     2576.9881   347     2436.6329      Cuts: 47     2528    5.76%
      0     0     2574.5889   334     2436.6329      Cuts: 66     2592    5.66%
      0     0     2573.4080   349     2436.6329      Cuts: 28     2632    5.61%
      0     0     2572.5925   348     2436.6329      Cuts: 16     2671    5.58%
      0     0     2571.9401   350     2436.6329      Cuts: 34     2714    5.55%
      0     0     2571.2485   329     2436.6329      Cuts: 23     2757    5.52%
      0     0     2570.7281   346     2436.6329      Cuts: 47     2796    5.50%
      0     0     2570.4186   346     2436.6329      Cuts: 25     2841    5.49%
      0     0     2569.9489   346     2436.6329      Cuts: 18     2876    5.47%
      0     0     2569.6111   352     2436.6329      Cuts: 29     2901    5.46%
      0     2     2569.6111   352     2436.6329     2569.6041     2901    5.46%
Elapsed time = 4.85 sec. (2588.68 ticks, tree = 0.00 MB, solutions = 1)
     16    18     2563.6570   311     2436.6329     2569.5407     3200    5.45%
     60    62     2544.5281   231     2436.6329     2569.5407     3856    5.45%
     86    88     2534.0261   204     2436.6329     2569.5407     4489    5.45%
    142   144     2511.6568   166     2436.6329     2569.5407     5307    5.45%
    193   193     2492.3345   142     2436.6329     2569.5407     6169    5.45%
    259   244     2442.1891   119     2436.6329     2569.5407     6879    5.45%
    335   275     2450.1792    97     2436.6329     2569.5407     7437    5.45%
    379   284     2566.3014   345     2436.6329     2569.5399     7738    5.45%
    402   307     2515.8008   268     2436.6329     2569.5399     8915    5.45%
    475   376     2544.1379   391     2436.6329     2544.1355    13619    4.41%
Elapsed time = 34.98 sec. (15832.47 ticks, tree = 2.48 MB, solutions = 1)
    477   377     2543.7197   386     2436.6329     2543.6162    13671    4.39%
    479   378     2506.3521   326     2436.6329     2543.1343    14002    4.37%
    484   381     2495.3113   323     2436.6329     2543.1343    14094    4.37%
    492   383     2490.0387   331     2436.6329     2543.1343    14505    4.37%
    508   393     2468.9585   275     2436.6329     2543.1343    15114    4.37%
    575   389     2458.4038   287     2436.6329     2543.1175    16701    4.37%
    682   436     2518.0411   242     2436.6329     2543.0340    17794    4.37%
    783   498     2489.2615   193     2436.6329     2543.0340    18255    4.37%
    917   556     2538.7849   304     2436.6329     2542.9163    19694    4.36%
   1164   692     2467.3713   161     2436.6329     2542.9163    20742    4.36%
Elapsed time = 51.79 sec. (25800.78 ticks, tree = 2.37 MB, solutions = 1)
   1259   711     2508.5490   320     2436.6329     2542.8258    21385    4.36%
   1436   856     2486.9373   326     2436.6329     2542.5233    23969    4.35%
   1679  1085     2526.9277   307     2436.6329     2542.4342    25687    4.34%
   2041  1412     2392.6910   125     2436.6329     2542.4342    26911    4.34%
   2275  1627     2526.1876   369     2436.6329     2542.2672    30489    4.34%
   2660  1994     2518.8492   333     2436.6329     2542.1763    32668    4.33%
   2980  2314     2480.0133   273     2436.6329     2542.1062    35256    4.33%
   3299  2633     2522.5758   310     2436.6329     2541.9649    38042    4.32%
   3524  2841     2516.3038   260     2436.6329     2541.9032    41276    4.32%
   3886  3203     2506.0563   354     2436.6329     2541.5778    43811    4.31%
Elapsed time = 67.06 sec. (35755.14 ticks, tree = 7.73 MB, solutions = 1)
   4108  3419     2489.3938   251     2436.6329     2541.3038    46342    4.30%
   4282  3582     2453.1743   235     2436.6329     2541.0622    48665    4.29%
   4581  3868     2454.1472   163     2436.6329     2541.0100    50874    4.28%
   4888  4157     2524.9245   348     2436.6329     2540.9465    52859    4.28%
   5135  4404     2510.0580   295     2436.6329     2540.7534    54932    4.27%
   5375  4629        cutoff           2436.6329     2540.6149    57528    4.27%
   5685  4938     2526.2504   347     2436.6329     2540.4456    59902    4.26%
   5946  5199     2526.5961   290     2436.6329     2540.2461    62241    4.25%
   6281  5534     2522.3016   326     2436.6329     2539.9634    64524    4.24%
   6462  5683     2531.9016   335     2436.6329     2539.7546    67026    4.23%
Elapsed time = 86.03 sec. (45389.27 ticks, tree = 13.25 MB, solutions = 1)
   6729  5950     2513.7796   293     2436.6329     2539.5449    68927    4.22%
   7046  6264     2488.1106   221     2436.6329     2539.4498    71231    4.22%
   7300  6517     2510.0942   280     2436.6329     2539.3575    73486    4.22%
   7510  6690     2525.8723   306     2436.6329     2539.2945    75950    4.21%
   7804  6976     2503.9242   282     2436.6329     2538.9768    78636    4.20%
   8050  7206     2506.5140   290     2436.6329     2538.9671    80457    4.20%
   8321  7474     2471.0087   264     2436.6329     2538.9596    83680    4.20%
   8667  7807     2462.6030   153     2436.6329     2538.9570    86179    4.20%
   8890  8028     2490.7595   316     2436.6329     2538.3517    88279    4.17%
   9275  8410     2489.5745   198     2436.6329     2538.1808    90826    4.17%
Elapsed time = 101.80 sec. (55032.30 ticks, tree = 19.45 MB, solutions = 1)
   9464  8580     2466.7392   228     2436.6329     2537.6099    94004    4.14%
   9704  8805     2500.6619   265     2436.6329     2537.5245    95940    4.14%
   9975  9075     2469.4035   275     2436.6329     2537.5027    97843    4.14%
  10075  9167     2512.0256   284     2436.6329     2536.9829   101559    4.12%
  10487  9565     2498.3361   211     2436.6329     2536.9243   103992    4.12%
  10734  9778     2443.0660    91     2436.6329     2536.9243   104722    4.12%
  11069 10089     2513.3689   320     2436.6329     2536.8730   106785    4.11%
  11335 10339     2525.7620   351     2436.6329     2536.7581   109764    4.11%
  11613 10585     2528.3420   369     2436.6329     2536.7460   111817    4.11%
  11954 10926     2515.1015   275     2436.6329     2536.7443   114771    4.11%
Elapsed time = 128.46 sec. (71042.74 ticks, tree = 25.01 MB, solutions = 1)
  12302 11274     2507.6214   288     2436.6329     2536.6592   117823    4.11%
  12535 11490     2507.0110   261     2436.6329     2536.6119   120285    4.10%
  12878 11829     2515.2891   335     2436.6329     2536.5285   122543    4.10%
  13138 12073     2526.9987   314     2436.6329     2536.4179   125537    4.10%
  13486 12416     2455.8683   301     2436.6329     2536.3278   127836    4.09%
  13810 12724     2490.8954   213     2436.6329     2536.2442   130278    4.09%
  14085 12969     2505.0939   342     2436.6329     2536.0752   132491    4.08%
  14409 13287     2504.3174   253     2436.6329     2536.0510   134918    4.08%
  14808 13666     2450.1323   206     2436.6329     2536.0004   137068    4.08%
  15157 13997     2526.4052   332     2436.6329     2535.9129   139183    4.07%
Elapsed time = 144.71 sec. (80916.75 ticks, tree = 31.92 MB, solutions = 1)
  15292 14123     2441.2081   171     2436.6329     2535.9129   142192    4.07%
  15578 14394     2472.6875   325     2436.6329     2535.8313   144311    4.07%
  15987 14798     2444.4717   156     2436.6329     2535.8154   146747    4.07%
  16147 14937     2438.7317   298     2436.6329     2535.5083   149513    4.06%
  16453 15224     2524.8496   349     2436.6329     2535.0568   152131    4.04%
  16796 15556     2493.9486   329     2436.6329     2534.9910   154174    4.04%
  17040 15791     2464.1390   235     2436.6329     2534.9348   156816    4.03%
  17284 16018     2498.8826   282     2436.6329     2534.8623   159655    4.03%
  17513 16203     2501.9118   329     2436.6329     2534.8192   161480    4.03%
  17765 16434     2519.8106   334     2436.6329     2534.6156   164117    4.02%
Elapsed time = 161.08 sec. (90555.27 ticks, tree = 37.97 MB, solutions = 1)
  18130 16795     2475.8817   236     2436.6329     2534.5347   166720    4.02%
  18508 17157     2437.7531   123     2436.6329     2534.4893   168614    4.02%
  18719 17331     2489.8100   334     2436.6329     2534.4380   171980    4.01%
  18972 17575     2480.2844   271     2436.6329     2534.3829   174833    4.01%
  19398 17997     2438.8057   175     2436.6329     2534.3207   177274    4.01%
  19475 18064     2454.3569   294     2436.6329     2534.1492   179054    4.00%
  19785 18366     2462.5876   270     2436.6329     2534.0687   181839    4.00%
  19951 18521        cutoff           2436.6329     2534.0156   185245    4.00%
  20211 18753     2482.6020   329     2436.6329     2533.9548   187810    3.99%
  20583 19119     2454.7855   152     2436.6329     2533.9529   190139    3.99%
Elapsed time = 179.17 sec. (101460.90 ticks, tree = 43.90 MB, solutions = 1)
  20889 19406     2457.4096   136     2436.6329     2533.9172   191765    3.99%
  21085 19569     2441.1374   264     2436.6329     2533.8915   194093    3.99%
  21325 19800     2506.2150   330     2436.6329     2533.8641   196185    3.99%
  21547 20010     2469.4093   307     2436.6329     2533.8023   198242    3.99%
  21760 20200     2523.5494   282     2436.6329     2533.7148   201468    3.98%
  22063 20489     2494.1644   311     2436.6329     2533.6974   203411    3.98%
  22350 20772     2516.2279   307     2436.6329     2533.6136   205684    3.98%
  22684 21071     2491.0151   299     2436.6329     2533.5920   207384    3.98%
  22934 21301     2520.6251   333     2436.6329     2533.5456   209832    3.98%
  24035 22353     2440.6307   246     2436.6329     2533.4963   218778    3.98%
Elapsed time = 198.82 sec. (113896.02 ticks, tree = 51.10 MB, solutions = 1)
  25138 23407     2510.7565   273     2436.6329     2533.2847   228552    3.97%
  26158 24371     2491.4594   319     2436.6329     2533.2564   237195    3.97%
  27275 25407     2503.6424   314     2436.6329     2533.2085   246953    3.96%
  28477 26561     2468.1741   318     2436.6329     2533.0793   256423    3.96%
  29618 27654     2501.7176   336     2436.6329     2532.9570   267479    3.95%
  30914 28909     2495.1566   253     2436.6329     2532.8270   278437    3.95%
  32338 30276     2495.5981   230     2436.6329     2532.7704   287515    3.95%
  33446 31349     2487.5486   249     2436.6329     2532.7127   297178    3.94%
  34296 32177     2510.8708   297     2436.6329     2532.6676   304387    3.94%
  35402 33249     2502.0263   285     2436.6329     2532.6164   313906    3.94%
Elapsed time = 261.14 sec. (152295.77 ticks, tree = 76.28 MB, solutions = 1)
  36385 34174     2491.0874   311     2436.6329     2532.5654   322180    3.94%
  37274 35009     2479.4936   214     2436.6329     2532.5149   330798    3.94%
  38377 36056     2500.6864   325     2436.6329     2532.4578   339437    3.93%
  39007 36635     2463.9658   274     2436.6329     2532.4233   345224    3.93%
  40144 37676     2516.3537   309     2436.6329     2532.2866   353764    3.93%
  41455 38937     2455.3605   231     2436.6329     2532.1780   363205    3.92%
  42489 39939     2443.4811   200     2436.6329     2532.1163   373528    3.92%
  43719 41117     2458.0048   203     2436.6329     2532.0652   382824    3.92%
  44989 42318     2483.0979   291     2436.6329     2531.9520   391813    3.91%
  46231 43500     2445.5962   123     2436.6329     2531.8433   402069    3.91%
Elapsed time = 324.33 sec. (190646.44 ticks, tree = 99.17 MB, solutions = 1)
  47431 44667     2513.3139   286     2436.6329     2531.7975   412203    3.91%
  48665 45875     2490.4811   320     2436.6329     2531.7273   421867    3.90%
  49854 47027     2457.4955   271     2436.6329     2531.6316   431804    3.90%
  51058 48187     2449.2262   131     2436.6329     2531.5158   440143    3.89%
  52240 49307     2459.3473   222     2436.6329     2531.4761   448272    3.89%
  53047 50082     2501.0194   329     2436.6329     2531.3514   454758    3.89%
  54324 51315     2446.1195   211     2436.6329     2531.2068   463293    3.88%
  55389 52319     2511.8136   301     2436.6329     2531.1396   472286    3.88%
  56484 53368     2510.1478   289     2436.6329     2531.1031   480875    3.88%
  57502 54322     2438.5711   131     2436.6329     2531.0568   489724    3.88%
Elapsed time = 392.10 sec. (228893.02 ticks, tree = 123.31 MB, solutions = 1)
  58740 55500     2526.8549   314     2436.6329     2530.9494   498751    3.87%
  59991 56706     2510.1845   364     2436.6329     2530.8672   509163    3.87%
  61105 57759     2508.8812   281     2436.6329     2530.8040   519477    3.86%
  62143 58739     2494.8399   342     2436.6329     2530.7450   529864    3.86%
  63387 59930     2518.2385   292     2436.6329     2530.6636   540555    3.86%
  64199 60716     2459.4293   175     2436.6329     2530.5580   546151    3.85%
  65544 61996     2465.6323   273     2436.6329     2530.4894   555999    3.85%
  66694 63115     2446.4724   206     2436.6329     2530.4489   566175    3.85%
  67856 64245     2447.2084   212     2436.6329     2530.3916   576031    3.85%
  69160 65494     2462.7085   260     2436.6329     2530.3137   585140    3.84%
Elapsed time = 459.52 sec. (267228.93 ticks, tree = 150.48 MB, solutions = 1)
  70215 66497     2502.2510   272     2436.6329     2530.2439   594323    3.84%
  71206 67452     2471.9771   292     2436.6329     2530.1491   604016    3.84%
  72193 68398     2509.6586   352     2436.6329     2529.9958   613461    3.83%
  73265 69425     2511.2468   329     2436.6329     2529.8776   622807    3.83%
  74422 70530     2475.6087   315     2436.6329     2529.8138   631938    3.82%
  75416 71474     2503.1122   278     2436.6329     2529.7551   640935    3.82%
  76497 72495     2457.6217   266     2436.6329     2529.6819   650089    3.82%
  77776 73689     2450.5783   316     2436.6329     2529.6190   659608    3.82%
  78990 74850     2480.7032   240     2436.6329     2529.6025   669628    3.82%
  80135 75945     2494.7378   240     2436.6329     2529.5593   679878    3.81%
Elapsed time = 525.34 sec. (305446.17 ticks, tree = 175.79 MB, solutions = 1)
  81198 76949     2465.7645   297     2436.6329     2529.5113   687803    3.81%
  82588 78293     2437.8871   152     2436.6329     2529.4843   697262    3.81%
  83879 79550     2483.4231   255     2436.6329     2529.4205   707842    3.81%
  85224 80841     2496.5359   229     2436.6329     2529.3609   717712    3.81%
  86341 81921     2514.3325   308     2436.6329     2529.2996   728226    3.80%
  87303 82874     2444.1255   254     2436.6329     2529.2916   735771    3.80%
  88394 83893        cutoff           2436.6329     2529.2229   745791    3.80%
  89669 85118     2461.0538   242     2436.6329     2529.1732   755167    3.80%
  91081 86488     2512.3029   307     2436.6329     2529.1303   765195    3.80%
  92056 87412     2459.8481   224     2436.6329     2529.1030   775872    3.79%
Elapsed time = 590.56 sec. (343671.45 ticks, tree = 201.47 MB, solutions = 1)
  92971 88279     2509.9447   299     2436.6329     2529.0314   786055    3.79%
  94240 89507     2461.2491   216     2436.6329     2528.9830   795669    3.79%
  95204 90450     2449.5541   157     2436.6329     2528.9260   803351    3.79%
  96322 91506     2493.2026   338     2436.6329     2528.8851   811878    3.79%
  97409 92521     2445.4910   215     2436.6329     2528.7947   821977    3.78%
  98397 93447     2444.6675   121     2436.6329     2528.7467   830308    3.78%
  99488 94465     2517.3269   307     2436.6329     2528.6692   839691    3.78%
 100475 95399     2460.0974   167     2436.6329     2528.6395   847666    3.78%
 101701 96553     2476.5610   247     2436.6329     2528.6251   856701    3.78%
 102908 97684     2516.9319   332     2436.6329     2528.5566   866172    3.77%
Elapsed time = 658.34 sec. (382618.48 ticks, tree = 224.52 MB, solutions = 1)
 104116 98831     2495.7913   253     2436.6329     2528.5442   876205    3.77%
 105305 99953     2519.2954   328     2436.6329     2528.4966   886149    3.77%
 106585 101178     2456.0027   149     2436.6329     2528.4477   896015    3.77%
 107883 102388     2521.0630   326     2436.6329     2528.3775   905647    3.77%
 108889 103307     2508.3749   327     2436.6329     2528.3063   915323    3.76%
 110155 104521     2476.8880   294     2436.6329     2528.2738   925623    3.76%
 110654 104996        cutoff           2436.6329     2528.2520   931544    3.76%
 111794 106100     2481.1334   282     2436.6329     2528.1940   941062    3.76%
 112933 107194     2477.2489   268     2436.6329     2528.1568   951310    3.76%
 114035 108230     2448.6489   264     2436.6329     2528.1350   961943    3.76%
Elapsed time = 722.32 sec. (420798.64 ticks, tree = 248.15 MB, solutions = 1)
 115275 109426     2443.4561   143     2436.6329     2528.0711   970704    3.75%
 116404 110517     2437.7556   219     2436.6329     2528.0290   980552    3.75%
 117493 111527     2461.4900   181     2436.6329     2527.9518   991348    3.75%
 118698 112685     2500.2392   319     2436.6329     2527.8925  1001579    3.75%
 119805 113735     2499.0666   338     2436.6329     2527.7966  1011854    3.74%
 121014 114870     2489.9040   311     2436.6329     2527.7408  1021753    3.74%
 122108 115915     2506.1075   295     2436.6329     2527.6787  1031588    3.74%
 123441 117199     2473.1358   288     2436.6329     2527.6520  1040788    3.74%
 124491 118194     2455.7007   255     2436.6329     2527.6004  1050138    3.73%
 125603 119255     2471.4334   281     2436.6329     2527.5767  1059122    3.73%
Elapsed time = 788.83 sec. (459010.56 ticks, tree = 272.86 MB, solutions = 1)
 126475 120031     2504.5997   306     2436.6329     2527.5131  1068603    3.73%
 127436 120921     2481.2045   292     2436.6329     2527.4481  1078436    3.73%
 128533 121930     2437.0162   121     2436.6329     2527.4246  1086972    3.73%
 129739 123086     2508.5327   325     2436.6329     2527.3951  1098047    3.72%
 130965 124273     2443.6678   169     2436.6329     2527.3227  1109036    3.72%
 132082 125345     2511.5111   306     2436.6329     2527.2638  1118460    3.72%
 133475 126685     2446.5030   156     2436.6329     2527.2330  1128424    3.72%
 134565 127689     2445.2554   169     2436.6329     2527.1940  1139688    3.72%
 135685 128753     2448.4387   281     2436.6329     2527.1304  1149439    3.71%
 136875 129874     2509.7438   283     2436.6329     2527.0323  1160647    3.71%
Elapsed time = 859.73 sec. (499157.10 ticks, tree = 296.77 MB, solutions = 1)
 138214 131148     2446.0322   307     2436.6329     2527.0013  1170418    3.71%
 139518 132391     2518.3092   314     2436.6329     2526.8907  1180591    3.70%
 140900 133734     2479.0067   283     2436.6329     2526.8742  1189422    3.70%
 141935 134707     2443.5724   242     2436.6329     2526.8307  1201307    3.70%
 143097 135813     2442.5613   248     2436.6329     2526.7975  1211125    3.70%
 143494 136177     2451.2571   275     2436.6329     2526.7768  1216464    3.70%
 144588 137216     2484.1870   266     2436.6329     2526.7613  1225660    3.70%
 145706 138273     2515.0617   250     2436.6329     2526.7356  1236342    3.70%
 146750 139252     2450.0401   192     2436.6329     2526.7104  1246418    3.70%
 147973 140425     2465.6728   239     2436.6329     2526.6809  1255746    3.70%
Elapsed time = 924.17 sec. (537515.91 ticks, tree = 322.41 MB, solutions = 1)
 148968 141332     2507.3489   286     2436.6329     2526.6300  1265895    3.69%
 150037 142348     2447.3530   176     2436.6329     2526.5948  1275236    3.69%
 151247 143511     2440.8847   258     2436.6329     2526.5681  1284632    3.69%
 152418 144616     2515.2060   298     2436.6329     2526.5310  1293972    3.69%
 153563 145710     2499.4991   239     2436.6329     2526.4813  1303459    3.69%
 154680 146740     2519.4487   312     2436.6329     2526.3846  1314420    3.68%
 155813 147802     2482.9750   320     2436.6329     2526.3565  1324055    3.68%
 157075 148990     2436.9269   108     2436.6329     2526.3071  1333148    3.68%
 158310 150151     2445.4196   141     2436.6329     2526.2130  1342867    3.68%
 159584 151351     2483.7042   249     2436.6329     2526.1936  1352519    3.68%
Elapsed time = 988.56 sec. (575796.03 ticks, tree = 347.39 MB, solutions = 1)
 160841 152558     2441.6496   170     2436.6329     2526.1762  1361144    3.67%
 162155 153800     2507.2340   315     2436.6329     2526.1440  1371728    3.67%
 162933 154552     2512.2666   322     2436.6329     2526.1177  1377847    3.67%
 164237 155784     2485.0384   313     2436.6329     2526.0715  1386518    3.67%
 165409 156900     2486.0846   272     2436.6329     2526.0486  1397998    3.67%
 166746 158180     2440.0523   245     2436.6329     2525.9910  1408277    3.67%
 168066 159433     2448.6401   139     2436.6329     2525.9671  1417327    3.67%
 169176 160478     2478.6435   282     2436.6329     2525.9266  1427767    3.66%
 170314 161529     2466.3562   165     2436.6329     2525.8726  1438027    3.66%
 171607 162780     2483.6968   320     2436.6329     2525.8414  1448071    3.66%
Elapsed time = 1052.77 sec. (614080.06 ticks, tree = 374.17 MB, solutions = 1)
 172559 163681     2457.6711   265     2436.6329     2525.7989  1459360    3.66%
 173748 164809     2508.7432   327     2436.6329     2525.7543  1470405    3.66%
 174972 165966     2492.0952   266     2436.6329     2525.6928  1480932    3.66%
 176158 167096     2453.2792   195     2436.6329     2525.6604  1490016    3.65%
 176764 167663     2486.7325   295     2436.6329     2525.6387  1496144    3.65%
 177959 168814     2483.2534   275     2436.6329     2525.6118  1505083    3.65%
 179096 169888     2465.0111   273     2436.6329     2525.5912  1515325    3.65%
 180103 170843     2452.3511   289     2436.6329     2525.5706  1525371    3.65%
 181066 171726     2479.1108   313     2436.6329     2525.5216  1535021    3.65%
 182264 172866     2460.2740   249     2436.6329     2525.4845  1544697    3.65%
Elapsed time = 1118.15 sec. (652385.93 ticks, tree = 396.83 MB, solutions = 1)
 183310 173871     2446.5346   267     2436.6329     2525.4498  1554697    3.65%
 184155 174643     2440.4600   217     2436.6329     2525.4313  1565351    3.64%
 185222 175657     2494.0609   328     2436.6329     2525.4142  1575212    3.64%
 186240 176609     2459.5055   214     2436.6329     2525.3816  1586271    3.64%
 187434 177721     2466.4696   305     2436.6329     2525.3454  1595224    3.64%
 188521 178737     2462.9049   237     2436.6329     2525.3043  1604860    3.64%
 189675 179814     2486.8828   288     2436.6329     2525.2689  1614848    3.64%
 190475 180556     2486.7507   268     2436.6329     2525.2355  1621894    3.64%
 191813 181826     2507.2903   240     2436.6329     2525.2095  1631608    3.64%
 192774 182713     2475.6403   269     2436.6329     2525.1789  1642336    3.63%
Elapsed time = 1183.70 sec. (691867.08 ticks, tree = 418.94 MB, solutions = 1)
 194011 183886     2511.8559   262     2436.6329     2525.1528  1652752    3.63%
 195263 185074     2438.6491   262     2436.6329     2525.1244  1663477    3.63%
 196275 186041     2484.9176   254     2436.6329     2525.0916  1674546    3.63%
 197601 187299     2459.3047   227     2436.6329     2525.0803  1684679    3.63%
 198893 188536     2453.5910   144     2436.6329     2525.0481  1693804    3.63%
 200166 189740     2445.6761   214     2436.6329     2525.0266  1704264    3.63%
 201373 190882     2441.3445   252     2436.6329     2524.9816  1715009    3.63%
 202598 192043     2477.1591   288     2436.6329     2524.9532  1725683    3.62%
 203706 193075     2440.4745   287     2436.6329     2524.9209  1736909    3.62%
 204953 194257     2514.3477   261     2436.6329     2524.8649  1746885    3.62%
Elapsed time = 1246.83 sec. (730057.95 ticks, tree = 446.56 MB, solutions = 1)
 206163 195424     2495.6083   332     2436.6329     2524.8446  1756898    3.62%
 207313 196528     2449.1512   148     2436.6329     2524.8354  1766644    3.62%
 208502 197622     2450.7551   142     2436.6329     2524.8080  1776950    3.62%
 209592 198673     2451.1967   227     2436.6329     2524.7689  1787178    3.62%
 210552 199551     2440.1034    68     2436.6329     2524.7443  1796290    3.62%
 211780 200719     2453.4593   184     2436.6329     2524.7223  1806094    3.62%
 213059 201949     2440.1910   198     2436.6329     2524.6916  1815191    3.61%
 213475 202348     2481.6620   230     2436.6329     2524.6787  1819788    3.61%
 214672 203493     2451.0945   188     2436.6329     2524.6567  1828892    3.61%
 215841 204603     2458.3640   265     2436.6329     2524.6353  1838021    3.61%
Elapsed time = 1317.76 sec. (768260.35 ticks, tree = 470.12 MB, solutions = 1)
 217009 205712     2485.0045   294     2436.6329     2524.6026  1848116    3.61%
 218110 206754     2505.7965   353     2436.6329     2524.5891  1857498    3.61%
 219345 207937     2486.4720   318     2436.6329     2524.5748  1867599    3.61%
 220465 209006     2450.6097   265     2436.6329     2524.5463  1877600    3.61%
 221522 210021     2478.8999   252     2436.6329     2524.5201  1888206    3.61%
 222787 211228     2441.3210   185     2436.6329     2524.4891  1899060    3.61%
 224058 212418     2510.2457   284     2436.6329     2524.4571  1908639    3.60%
 225299 213607     2442.2015   211     2436.6329     2524.4366  1918448    3.60%
 226524 214772     2450.8268   164     2436.6329     2524.3876  1928661    3.60%
 227695 215879     2457.5096   290     2436.6329     2524.3507  1938059    3.60%
Elapsed time = 1381.71 sec. (806448.09 ticks, tree = 495.48 MB, solutions = 1)
 228673 216790     2441.8403   176     2436.6329     2524.3194  1949313    3.60%
 229953 218000     2456.6582   245     2436.6329     2524.2963  1959622    3.60%
 231190 219172     2481.9634   216     2436.6329     2524.2767  1969424    3.60%
 232297 220216     2455.7456   272     2436.6329     2524.2455  1979927    3.60%
 233536 221384     2438.9477   232     2436.6329     2524.2250  1990081    3.59%
 234638 222434     2499.1947   309     2436.6329     2524.2055  1998026    3.59%
 235846 223578     2482.7371   257     2436.6329     2524.1658  2008352    3.59%
 237212 224880     2474.9503   293     2436.6329     2524.1427  2018716    3.59%
 238478 226101     2455.7208   279     2436.6329     2524.1160  2029375    3.59%
 239675 227246     2467.4984   205     2436.6329     2524.0878  2040117    3.59%
Elapsed time = 1445.02 sec. (844665.72 ticks, tree = 522.62 MB, solutions = 1)
 240891 228407     2449.1404   262     2436.6329     2524.0688  2050190    3.59%
 241938 229370     2439.4782   265     2436.6329     2524.0367  2061615    3.59%
 242475 229894     2453.3702   240     2436.6329     2524.0337  2066084    3.59%
 243711 231075     2462.0208   266     2436.6329     2524.0026  2076303    3.59%
 244763 232079     2512.9184   311     2436.6329     2523.9617  2085114    3.58%
 246012 233282     2469.1165   271     2436.6329     2523.9318  2095390    3.58%
 247155 234384     2437.5157   213     2436.6329     2523.9203  2104969    3.58%
 248315 235484     2455.3108   267     2436.6329     2523.8863  2114719    3.58%
 249546 236635     2486.4059   279     2436.6329     2523.8604  2125182    3.58%
 250508 237519     2504.6715   251     2436.6329     2523.8348  2135670    3.58%
Elapsed time = 1506.74 sec. (882991.11 ticks, tree = 545.75 MB, solutions = 1)
 251676 238638     2452.7948   165     2436.6329     2523.8234  2145252    3.58%
 252558 239468     2473.6522   274     2436.6329     2523.8009  2154811    3.58%
 253812 240626     2469.2036   277     2436.6329     2523.7807  2163933    3.58%
 254814 241561     2505.0878   303     2436.6329     2523.7383  2174558    3.57%
 255971 242622     2452.3274   264     2436.6329     2523.7037  2184367    3.57%
 257045 243634     2506.8565   294     2436.6329     2523.6786  2193897    3.57%
 258208 244711     2445.5172   255     2436.6329     2523.6528  2204655    3.57%
 259275 245729     2486.7379   304     2436.6329     2523.6316  2215089    3.57%
 260475 246874     2465.7120   287     2436.6329     2523.6102  2225860    3.57%
 261475 247824     2503.9895   287     2436.6329     2523.5873  2234477    3.57%
Elapsed time = 1572.26 sec. (923036.21 ticks, tree = 568.92 MB, solutions = 1)
 262763 249065     2439.5732   236     2436.6329     2523.5610  2244946    3.57%
 264014 250267     2474.7469   293     2436.6329     2523.5207  2255921    3.57%
 265295 251490     2441.0040   270     2436.6329     2523.5005  2266552    3.57%
 266588 252707     2456.3700   180     2436.6329     2523.4799  2276184    3.56%
 267682 253757        cutoff           2436.6329     2523.4658  2286699    3.56%
 268913 254913     2442.4353   150     2436.6329     2523.4399  2296543    3.56%
 270081 256016     2497.2036   248     2436.6329     2523.4282  2307465    3.56%
 271380 257268     2490.1226   293     2436.6329     2523.3902  2316851    3.56%
 272603 258409     2497.9870   262     2436.6329     2523.3576  2327680    3.56%
 273693 259451     2500.8439   262     2436.6329     2523.3399  2338761    3.56%
Elapsed time = 1633.88 sec. (961245.93 ticks, tree = 595.08 MB, solutions = 1)
 274950 260661     2505.3411   310     2436.6329     2523.3156  2348855    3.56%
 276312 261985     2454.7467   226     2436.6329     2523.2857  2358234    3.56%
 277645 263236     2513.4315   282     2436.6329     2523.2649  2367272    3.56%
 279045 264588     2491.1117   205     2436.6329     2523.2497  2377022    3.55%
 280163 265632     2492.2998   334     2436.6329     2523.2283  2386977    3.55%
 281402 266800     2494.5113   338     2436.6329     2523.1950  2397866    3.55%
 282393 267734     2492.0183   260     2436.6329     2523.1903  2408449    3.55%
 283516 268778     2443.3015   248     2436.6329     2523.1778  2418652    3.55%
 284475 269706     2452.5402   195     2436.6329     2523.1626  2426400    3.55%
 285675 270847     2462.1840   158     2436.6329     2523.1273  2434834    3.55%
Elapsed time = 1698.43 sec. (999611.95 ticks, tree = 620.77 MB, solutions = 1)
 286806 271926     2469.0409   177     2436.6329     2523.1043  2443966    3.55%
 287748 272815     2519.4978   284     2436.6329     2523.0754  2454236    3.55%
 288975 274008     2475.2812   192     2436.6329     2523.0575  2463561    3.55%
 290069 274996     2496.0651   252     2436.6329     2523.0202  2473821    3.55%
 291145 276028     2501.4248   294     2436.6329     2523.0081  2483657    3.54%
 292475 277324     2443.4743   174     2436.6329     2522.9795  2492488    3.54%
 293764 278527     2479.4387   283     2436.6329     2522.9207  2502789    3.54%
 294934 279621     2507.4091   300     2436.6329     2522.8894  2512595    3.54%
 296258 280890     2450.6114   300     2436.6329     2522.8667  2522460    3.54%
 297522 282081     2478.0517   270     2436.6329     2522.8186  2533049    3.54%
Elapsed time = 1764.94 sec. (1038849.94 ticks, tree = 647.92 MB, solutions = 1)
 298717 283226     2461.8807   268     2436.6329     2522.7947  2543211    3.54%
 299832 284259     2502.5430   312     2436.6329     2522.7695  2553107    3.54%
 301267 285637     2436.8793   133     2436.6329     2522.7506  2563012    3.53%
 302428 286754     2452.1398   250     2436.6329     2522.7146  2574050    3.53%
 302860 287169     2500.1639   275     2436.6329     2522.6948  2577472    3.53%
 304175 288413     2478.2028   252     2436.6329     2522.6690  2587115    3.53%
 305288 289481     2470.8530   297     2436.6329     2522.6424  2596744    3.53%
 306475 290588     2474.9614   228     2436.6329     2522.6288  2606904    3.53%
 307770 291816     2450.1034   285     2436.6329     2522.6203  2616974    3.53%
 308876 292854     2455.8139   227     2436.6329     2522.5998  2628717    3.53%
Elapsed time = 1828.16 sec. (1077084.11 ticks, tree = 672.16 MB, solutions = 1)
 310096 294023     2482.6108   309     2436.6329     2522.5797  2638170    3.53%
 311401 295252     2446.6214   274     2436.6329     2522.5466  2648885    3.53%
 312657 296464     2444.9962   223     2436.6329     2522.5135  2658565    3.52%
 313642 297380     2461.3327   217     2436.6329     2522.4862  2669455    3.52%
 314971 298634     2454.9977   318     2436.6329     2522.4642  2680562    3.52%
 316226 299818     2455.2036   193     2436.6329     2522.4514  2690820    3.52%
 317448 301004     2462.3035   291     2436.6329     2522.4251  2700267    3.52%
 318512 301984     2489.0876   259     2436.6329     2522.3955  2710568    3.52%
 319642 303064     2514.3607   297     2436.6329     2522.3764  2720962    3.52%
 320835 304187        cutoff           2436.6329     2522.3459  2732689    3.52%
Elapsed time = 1891.58 sec. (1115536.36 ticks, tree = 697.66 MB, solutions = 1)
 322075 305371     2507.3166   309     2436.6329     2522.3370  2741965    3.52%
 323122 306376     2446.6968   216     2436.6329     2522.3287  2752977    3.52%
 324260 307454     2479.8694   318     2436.6329     2522.3164  2762590    3.52%
 325339 308463     2495.8718   222     2436.6329     2522.3069  2773241    3.52%
 326364 309434     2514.3782   294     2436.6329     2522.2855  2782591    3.52%
 327516 310535     2494.5936   252     2436.6329     2522.2755  2792447    3.51%
 328590 311554     2462.9394   292     2436.6329     2522.2535  2801827    3.51%
 329475 312395     2499.3277   266     2436.6329     2522.2279  2810168    3.51%
 330628 313476     2447.5765   199     2436.6329     2522.1948  2820678    3.51%
 331894 314688     2505.8251   327     2436.6329     2522.1858  2829209    3.51%
Elapsed time = 1956.13 sec. (1155782.42 ticks, tree = 721.33 MB, solutions = 1)
 332894 315613     2437.8091   196     2436.6329     2522.1741  2838569    3.51%
 334068 316709     2484.6776   305     2436.6329     2522.1601  2847982    3.51%
 335320 317891     2446.2066   173     2436.6329     2522.1324  2856704    3.51%
 336377 318861     2442.0517   266     2436.6329     2522.1145  2866708    3.51%
 337497 319877     2448.6403   198     2436.6329     2522.0869  2876128    3.51%
 338547 320884     2464.6661   266     2436.6329     2522.0609  2886824    3.51%
 339755 322026     2506.5458   293     2436.6329     2522.0467  2896793    3.51%
 341212 323428     2469.0656   306     2436.6329     2522.0338  2906401    3.50%
 342332 324497     2486.1037   314     2436.6329     2522.0137  2916174    3.50%
 343380 325466     2478.5143   308     2436.6329     2521.9760  2926568    3.50%
Elapsed time = 2019.01 sec. (1194026.60 ticks, tree = 745.57 MB, solutions = 1)
 344604 326640     2501.5871   307     2436.6329     2521.9658  2937484    3.50%
 345936 327924     2466.1393   262     2436.6329     2521.9446  2947822    3.50%
 347038 328967     2483.2113   309     2436.6329     2521.9221  2957780    3.50%
 348075 329928     2507.6770   318     2436.6329     2521.9035  2968201    3.50%
 349286 331078     2441.4481   266     2436.6329     2521.8888  2978084    3.50%
 350525 332242     2505.6796   317     2436.6329     2521.8602  2988462    3.50%
 351475 333131     2476.5505   242     2436.6329     2521.8450  2998647    3.50%
 352578 334166     2494.1214   327     2436.6329     2521.8131  3009281    3.50%
 353857 335381     2472.4096   225     2436.6329     2521.7769  3019530    3.49%
 355094 336525     2455.9927   220     2436.6329     2521.7543  3029846    3.49%
Elapsed time = 2084.00 sec. (1233378.94 ticks, tree = 772.70 MB, solutions = 1)
 356265 337617     2444.5715   234     2436.6329     2521.7093  3040448    3.49%
 357665 338948     2492.1723   325     2436.6329     2521.6761  3050154    3.49%
 358990 340218     2445.2175   131     2436.6329     2521.6682  3059669    3.49%
 359963 341149     2491.6459   280     2436.6329     2521.6470  3070767    3.49%
 361302 342436     2486.7223   329     2436.6329     2521.6366  3080793    3.49%
 362475 343549     2483.4060   243     2436.6329     2521.6072  3090998    3.49%
 363793 344814     2478.0554   233     2436.6329     2521.5820  3100827    3.49%
 364965 345927     2463.8854   290     2436.6329     2521.5503  3111944    3.49%
 366365 347283     2473.1625   223     2436.6329     2521.5396  3121612    3.48%
 367490 348341     2462.4311   209     2436.6329     2521.5222  3130984    3.48%
Elapsed time = 2150.38 sec. (1273886.98 ticks, tree = 799.33 MB, solutions = 1)
 368583 349379     2492.7693   269     2436.6329     2521.4986  3140492    3.48%
 369785 350525     2508.3545   268     2436.6329     2521.4875  3150862    3.48%
 370898 351576     2491.3846   291     2436.6329     2521.4813  3160934    3.48%
 372034 352661     2440.0104   173     2436.6329     2521.4711  3170950    3.48%
 373275 353826     2446.6799   188     2436.6329     2521.4603  3180360    3.48%
 374360 354827     2462.0048   277     2436.6329     2521.4368  3190660    3.48%
 375453 355830     2500.6086   297     2436.6329     2521.4188  3200415    3.48%
 376565 356856     2483.8065   311     2436.6329     2521.4080  3210515    3.48%
 377681 357908     2457.1266   209     2436.6329     2521.3996  3220092    3.48%
 379053 359231     2457.1490   321     2436.6329     2521.3908  3229539    3.48%
Elapsed time = 2214.41 sec. (1312135.86 ticks, tree = 823.87 MB, solutions = 1)
 380030 360115     2456.7506   255     2436.6329     2521.3828  3239712    3.48%
 381042 361041     2472.4031   276     2436.6329     2521.3602  3250184    3.48%
 382235 362164     2500.6946   321     2436.6329     2521.3446  3259755    3.48%
 383448 363289     2507.5866   260     2436.6329     2521.3273  3269511    3.48%
 384207 364005     2459.1746   306     2436.6329     2521.3239  3278036    3.48%
 385395 365154     2452.5838   169     2436.6329     2521.3059  3288588    3.48%
 386628 366324     2443.9289   268     2436.6329     2521.2923  3298293    3.47%
 387855 367469     2443.1980   222     2436.6329     2521.2811  3308358    3.47%
 389139 368694     2451.5298   240     2436.6329     2521.2410  3318442    3.47%
 390204 369671     2503.3065   297     2436.6329     2521.2264  3328964    3.47%
Elapsed time = 2278.19 sec. (1350382.44 ticks, tree = 847.40 MB, solutions = 1)
 391568 370991     2468.5460   239     2436.6329     2521.2153  3337823    3.47%
 392756 372108     2491.9926   320     2436.6329     2521.1973  3346902    3.47%
 394001 373299     2443.9860   225     2436.6329     2521.1790  3357972    3.47%
 394475 373739     2468.5745   300     2436.6329     2521.1733  3363174    3.47%
 395556 374743     2471.3638   176     2436.6329     2521.1527  3373793    3.47%
 396870 375981     2478.3689   253     2436.6329     2521.1210  3384078    3.47%
 398027 377071     2496.8655   263     2436.6329     2521.1133  3395106    3.47%
 399169 378145     2443.0900   298     2436.6329     2521.0900  3405775    3.47%
 400499 379428     2492.6885   248     2436.6329     2521.0741  3415624    3.47%
 401657 380537     2505.0579   286     2436.6329     2521.0592  3425511    3.46%
Elapsed time = 2342.74 sec. (1389535.41 ticks, tree = 871.94 MB, solutions = 1)
 402645 381465     2471.1453   258     2436.6329     2521.0393  3436583    3.46%
 403937 382719     2496.5516   332     2436.6329     2521.0149  3446983    3.46%
 405021 383761     2452.2772   192     2436.6329     2521.0066  3456939    3.46%
 406188 384872     2457.1867   233     2436.6329     2520.9861  3466704    3.46%
 407261 385896     2483.7356   263     2436.6329     2520.9732  3476970    3.46%
 408374 386936     2504.6998   301     2436.6329     2520.9473  3487293    3.46%
 409489 387999     2437.3191   190     2436.6329     2520.9375  3498004    3.46%
 410666 389116     2485.7259   312     2436.6329     2520.9292  3508328    3.46%
 411893 390290     2456.1623   151     2436.6329     2520.9211  3519094    3.46%
 412985 391332     2492.6633   294     2436.6329     2520.9115  3528880    3.46%
Elapsed time = 2405.84 sec. (1427846.35 ticks, tree = 896.48 MB, solutions = 1)
 414205 392487     2468.0241   248     2436.6329     2520.8940  3539762    3.46%
 415316 393530     2453.6308   302     2436.6329     2520.8814  3549437    3.46%
 416374 394550     2458.1739   266     2436.6329     2520.8747  3559243    3.46%
 417475 395575     2495.3363   271     2436.6329     2520.8603  3568819    3.46%
 418633 396684     2474.9053   305     2436.6329     2520.8498  3578568    3.46%
 419613 397625     2473.1501   299     2436.6329     2520.8326  3588365    3.46%
 420654 398597     2512.5119   353     2436.6329     2520.8116  3599037    3.45%
 421747 399642     2465.0497   212     2436.6329     2520.7947  3608506    3.45%
 422870 400699     2489.0427   280     2436.6329     2520.7802  3618848    3.45%
 423933 401702     2467.3263   228     2436.6329     2520.7647  3628799    3.45%
Elapsed time = 2469.82 sec. (1467247.02 ticks, tree = 923.00 MB, solutions = 1)
 424900 402602     2486.9791   320     2436.6329     2520.7459  3638926    3.45%
 426038 403679     2492.0075   284     2436.6329     2520.7386  3648304    3.45%
 427053 404628     2458.3243   276     2436.6329     2520.7290  3658032    3.45%
 428075 405568     2445.0789   243     2436.6329     2520.7218  3667342    3.45%
 428598 406074     2479.9078   306     2436.6329     2520.7114  3672542    3.45%
 429633 407027     2474.9953   290     2436.6329     2520.6982  3683236    3.45%
 430759 408118        cutoff           2436.6329     2520.6898  3693939    3.45%
 431746 409018     2490.1496   294     2436.6329     2520.6790  3704506    3.45%
 432903 410115     2498.5307   298     2436.6329     2520.6709  3714713    3.45%
 433967 411132     2467.3949   295     2436.6329     2520.6630  3726500    3.45%
Elapsed time = 2535.49 sec. (1505664.84 ticks, tree = 944.49 MB, solutions = 1)
 435134 412243     2503.9788   302     2436.6329     2520.6420  3737076    3.45%
 436209 413235     2498.9137   302     2436.6329     2520.6250  3748111    3.45%
 437396 414361     2501.0124   321     2436.6329     2520.6180  3758375    3.45%
 438441 415335     2468.0678   332     2436.6329     2520.6058  3769702    3.45%
 439348 416158     2441.7646   240     2436.6329     2520.5990  3780187    3.45%
 440547 417261     2442.1423   219     2436.6329     2520.5835  3790367    3.45%
 441589 418255     2447.1144   232     2436.6329     2520.5771  3800172    3.45%
 442693 419282     2503.4664   301     2436.6329     2520.5693  3811535    3.44%
 443475 420013     2461.0530   262     2436.6329     2520.5634  3819554    3.44%
 444401 420873     2477.6874   294     2436.6329     2520.5508  3831156    3.44%
Elapsed time = 2602.83 sec. (1545680.94 ticks, tree = 966.70 MB, solutions = 1)
 445554 421949     2504.1059   266     2436.6329     2520.5443  3842213    3.44%
 446858 423207     2455.9679   294     2436.6329     2520.5324  3851889    3.44%
 447878 424168     2455.0332   291     2436.6329     2520.5255  3863168    3.44%
 449180 425415     2478.5038   242     2436.6329     2520.5075  3872940    3.44%
 450237 426430     2446.5252   189     2436.6329     2520.4966  3883593    3.44%
 451417 427574     2497.3050   258     2436.6329     2520.4806  3893671    3.44%
 452543 428641     2507.3088   317     2436.6329     2520.4624  3904784    3.44%
 453665 429709     2456.3457   242     2436.6329     2520.4491  3915318    3.44%
 454620 430601     2488.3982   312     2436.6329     2520.4390  3925033    3.44%
 455820 431738     2470.9878   216     2436.6329     2520.4315  3935029    3.44%
Elapsed time = 2668.14 sec. (1583930.42 ticks, tree = 991.32 MB, solutions = 1)
 456870 432716     2462.2291   266     2436.6329     2520.4144  3944789    3.44%
 458075 433866     2476.8311   274     2436.6329     2520.4011  3954704    3.44%
 459139 434865     2444.4217   248     2436.6329     2520.3863  3963995    3.44%
 460324 435999        cutoff           2436.6329     2520.3763  3973929    3.44%
 461422 437053     2510.8279   295     2436.6329     2520.3706  3984133    3.44%
 462423 437998     2442.9207   158     2436.6329     2520.3647  3994790    3.44%
 463468 438975     2507.4921   314     2436.6329     2520.3466  4005127    3.44%
 464706 440166     2447.9400   195     2436.6329     2520.3359  4014470    3.44%
 465741 441134     2504.3484   338     2436.6329     2520.3219  4024621    3.43%
 466475 441832     2450.7163   225     2436.6329     2520.3103  4031845    3.43%
Elapsed time = 2734.72 sec. (1623053.92 ticks, tree = 1014.17 MB, solutions = 1)
 467485 442784     2472.2817   277     2436.6329     2520.3029  4041753    3.43%
 468556 443788        cutoff           2436.6329     2520.2953  4051304    3.43%
 469625 444787     2469.9991   221     2436.6329     2520.2838  4062085    3.43%
 470876 445986     2471.7043   262     2436.6329     2520.2766  4072310    3.43%
 471975 447026     2456.5516   270     2436.6329     2520.2711  4082659    3.43%
 473096 448091     2507.4637   312     2436.6329     2520.2578  4092459    3.43%
 474147 449081     2502.7493   250     2436.6329     2520.2415  4102703    3.43%
 475425 450318     2445.8030   155     2436.6329     2520.2388  4112312    3.43%
 476491 451321     2464.0951   318     2436.6329     2520.2183  4123211    3.43%
 477715 452498     2468.4749   250     2436.6329     2520.2095  4132297    3.43%
Elapsed time = 2797.99 sec. (1661226.69 ticks, tree = 1038.30 MB, solutions = 1)
 478658 453396     2505.6967   277     2436.6329     2520.1997  4143459    3.43%
 479675 454347     2471.4280   233     2436.6329     2520.1749  4154313    3.43%
 480713 455322     2446.0563   292     2436.6329     2520.1601  4165361    3.43%
 481675 456195     2478.3453   318     2436.6329     2520.1432  4176297    3.43%
 482475 456934     2439.4944   237     2436.6329     2520.1396  4183564    3.43%
 483488 457888     2473.1976   251     2436.6329     2520.1315  4194286    3.43%
 484537 458866     2438.7150   237     2436.6329     2520.1218  4204491    3.43%
 485742 460011     2481.0506   268     2436.6329     2520.1122  4215362    3.43%
 486816 461036     2462.1769   265     2436.6329     2520.1019  4225890    3.43%
 487808 461960     2470.8675   257     2436.6329     2520.0926  4236152    3.43%
Elapsed time = 2864.79 sec. (1701331.50 ticks, tree = 1059.70 MB, solutions = 1)
 488952 463058     2507.8274   273     2436.6329     2520.0850  4246050    3.42%
 490204 464267     2494.4850   256     2436.6329     2520.0717  4256572    3.42%
 491383 465384     2440.0383   149     2436.6329     2520.0661  4266964    3.42%
 492500 466454     2454.4280   223     2436.6329     2520.0532  4277541    3.42%
 493605 467491     2438.5905   286     2436.6329     2520.0439  4288707    3.42%
 494674 468513     2451.0052   188     2436.6329     2520.0360  4299424    3.42%
 495728 469505     2478.0729   275     2436.6329     2520.0209  4310170    3.42%
 496887 470601     2507.7823   331     2436.6329     2520.0057  4320531    3.42%
 497944 471607     2466.0000   243     2436.6329     2520.0010  4330801    3.42%
 499047 472640     2468.8576   290     2436.6329     2519.9785  4341196    3.42%
Elapsed time = 2929.75 sec. (1739577.40 ticks, tree = 1087.14 MB, solutions = 1)
 500099 473634        cutoff           2436.6329     2519.9732  4351452    3.42%
 500960 474438     2453.6693   227     2436.6329     2519.9603  4361818    3.42%
 501967 475383     2442.0522   300     2436.6329     2519.9425  4372728    3.42%
 502982 476325     2455.7311   272     2436.6329     2519.9322  4383135    3.42%
 504091 477367     2436.8009   285     2436.6329     2519.9168  4393593    3.42%
 505241 478471     2437.6798   220     2436.6329     2519.9102  4403129    3.42%
 506115 479286     2462.1056   236     2436.6329     2519.9062  4411299    3.42%
 507290 480406     2454.2714   174     2436.6329     2519.8887  4420847    3.42%
 508299 481355     2481.2866   325     2436.6329     2519.8703  4431064    3.42%
 509126 482136     2488.3617   264     2436.6329     2519.8616  4442153    3.42%
Elapsed time = 2992.09 sec. (1777863.37 ticks, tree = 1108.64 MB, solutions = 1)
 510337 483283     2492.0694   254     2436.6329     2519.8544  4452366    3.42%
 511444 484294     2486.9300   296     2436.6329     2519.8363  4462458    3.41%
 512432 485244     2486.5786   258     2436.6329     2519.8227  4472587    3.41%
 512775 485557     2454.0367   259     2436.6329     2519.8201  4476850    3.41%
 513878 486615     2447.0324   251     2436.6329     2519.8129  4487813    3.41%
 515006 487661     2468.2071   249     2436.6329     2519.8054  4497692    3.41%
 516167 488769     2437.6806   275     2436.6329     2519.7925  4508254    3.41%
 517273 489828     2448.4954   189     2436.6329     2519.7861  4519201    3.41%
 518475 490980     2472.5658   221     2436.6329     2519.7694  4529415    3.41%
 519552 491999     2480.1063   273     2436.6329     2519.7589  4540441    3.41%
Elapsed time = 3057.78 sec. (1816238.78 ticks, tree = 1130.98 MB, solutions = 1)
 520768 493159     2449.2176   205     2436.6329     2519.7492  4550697    3.41%
 521918 494241     2497.2618   279     2436.6329     2519.7302  4561028    3.41%
 522993 495280     2481.2004   291     2436.6329     2519.7218  4571981    3.41%
 524025 496250     2466.0136   228     2436.6329     2519.7152  4583119    3.41%
 525297 497480     2447.8219   132     2436.6329     2519.7039  4592540    3.41%
 526434 498526        cutoff           2436.6329     2519.6960  4603320    3.41%
 527517 499562     2494.5915   272     2436.6329     2519.6813  4613615    3.41%
 528612 500582     2506.6575   318     2436.6329     2519.6590  4623832    3.41%
 529654 501566     2489.8989   267     2436.6329     2519.6519  4634704    3.41%
 530647 502482     2440.0499   234     2436.6329     2519.6328  4646510    3.41%
Elapsed time = 3120.26 sec. (1854519.16 ticks, tree = 1154.72 MB, solutions = 1)
 531842 503609        cutoff           2436.6329     2519.6281  4656866    3.41%
 532861 504563     2482.1476   281     2436.6329     2519.6192  4667583    3.41%
 533475 505141     2441.1491   217     2436.6329     2519.6166  4673080    3.41%
 534595 506199     2457.3997   298     2436.6329     2519.6099  4684340    3.41%
 535733 507284     2470.0934   256     2436.6329     2519.5994  4694421    3.40%
 536876 508370     2463.2947   284     2436.6329     2519.5849  4705845    3.40%
 537842 509277     2464.8404   265     2436.6329     2519.5765  4716809    3.40%
 538996 510367        cutoff           2436.6329     2519.5625  4727231    3.40%
 540083 511387     2485.2270   310     2436.6329     2519.5499  4737901    3.40%
 541057 512311     2474.6588   306     2436.6329     2519.5418  4749220    3.40%
Elapsed time = 3186.42 sec. (1893771.79 ticks, tree = 1176.96 MB, solutions = 1)
 542057 513252     2469.7319   304     2436.6329     2519.5293  4759221    3.40%
 543096 514225     2470.2538   310     2436.6329     2519.5240  4769762    3.40%
 544213 515289     2465.9862   201     2436.6329     2519.5126  4780534    3.40%
 545391 516419     2450.9981   217     2436.6329     2519.4960  4791269    3.40%
 546625 517581     2450.9095   301     2436.6329     2519.4828  4801104    3.40%
 547749 518638     2467.3742   255     2436.6329     2519.4783  4811215    3.40%
 548699 519534     2443.3309   300     2436.6329     2519.4682  4821308    3.40%
 549709 520501     2463.1931   204     2436.6329     2519.4623  4832300    3.40%
 550075 520848     2473.8366   301     2436.6329     2519.4540  4836364    3.40%
 550275 521039     2457.3392   242     2436.6329     2519.4506  4838363    3.40%
Elapsed time = 3258.68 sec. (1937478.79 ticks, tree = 1196.71 MB, solutions = 1)
 550475 521218     2454.1526   325     2436.6329     2519.4483  4840895    3.40%
 550575 521304     2451.2739   241     2436.6329     2519.4473  4842033    3.40%
 550675 521399     2453.9298   268     2436.6329     2519.4471  4843293    3.40%
 550775 521495     2440.4315   287     2436.6329     2519.4385  4844448    3.40%
 550875 521590     2462.9730   236     2436.6329     2519.4385  4845224    3.40%
 550975 521686     2498.5468   298     2436.6329     2519.4369  4845778    3.40%
 551075 521776     2473.4269   286     2436.6329     2519.4300  4847854    3.40%
 551175 521876     2448.6430   234     2436.6329     2519.4300  4848468    3.40%
 551275 521966     2494.7047   308     2436.6329     2519.4281  4849834    3.40%
 551375 522066     2475.8028   259     2436.6329     2519.4281  4850613    3.40%
Elapsed time = 3396.46 sec. (2018167.17 ticks, tree = 1199.04 MB, solutions = 1)
 551475 522157     2463.5466   280     2436.6329     2519.4274  4851873    3.40%
 551575 522235     2441.9915   226     2436.6329     2519.4274  4852922    3.40%
 551714 522363     2440.0074   260     2436.6329     2519.4269  4854352    3.40%
 552830 523406     2484.7443   293     2436.6329     2519.4109  4865505    3.40%
 554052 524572     2487.3471   298     2436.6329     2519.4023  4876119    3.40%
 555127 525586     2504.8085   327     2436.6329     2519.3906  4886941    3.40%
 556093 526501     2444.0681   226     2436.6329     2519.3796  4898268    3.40%
 557092 527429     2471.3405   288     2436.6329     2519.3611  4909477    3.40%
 558170 528434     2500.8339   305     2436.6329     2519.3504  4920668    3.39%
 559353 529564     2484.2542   292     2436.6329     2519.3452  4930690    3.39%
Elapsed time = 3465.58 sec. (2060612.98 ticks, tree = 1216.00 MB, solutions = 1)
 559375 529586     2475.4007   262     2436.6329     2519.3452  4930991    3.39%
 560518 530649     2447.7454   279     2436.6329     2519.3399  4942305    3.39%
 561706 531791     2502.4746   317     2436.6329     2519.3327  4953217    3.39%
 562724 532748     2501.6209   297     2436.6329     2519.3236  4965419    3.39%
 563959 533929     2466.8247   242     2436.6329     2519.3135  4975823    3.39%
 564883 534795     2450.9474   299     2436.6329     2519.3061  4985880    3.39%
 566066 535932     2465.4628   297     2436.6329     2519.2988  4997270    3.39%
 567199 537005     2492.3218   223     2436.6329     2519.2914  5007954    3.39%
 568364 538097     2497.2292   301     2436.6329     2519.2760  5019568    3.39%
 569615 539284     2455.5678   270     2436.6329     2519.2637  5030496    3.39%
Elapsed time = 3534.32 sec. (2102100.43 ticks, tree = 1238.04 MB, solutions = 1)
 570801 540407     2447.1477   161     2436.6329     2519.2506  5041135    3.39%
 571393 540964     2451.3069   209     2436.6329     2519.2475  5047037    3.39%
 572681 542164     2437.6858   282     2436.6329     2519.2377  5056902    3.39%
 573844 543280     2482.0580   252     2436.6329     2519.2225  5067412    3.39%
 574786 544151     2450.9827   232     2436.6329     2519.2050  5079429    3.39%
 575821 545111     2503.2669   311     2436.6329     2519.1963  5089890    3.39%
 576994 546234     2496.5850   291     2436.6329     2519.1866  5100842    3.39%
 578175 547365     2437.0066   200     2436.6329     2519.1715  5111191    3.39%
 579388 548531     2438.0858   196     2436.6329     2519.1581  5121964    3.39%
 580563 549639     2498.2810   298     2436.6329     2519.1537  5133172    3.39%
Elapsed time = 3598.99 sec. (2141214.49 ticks, tree = 1261.50 MB, solutions = 1)

Implied bound cuts applied:  259
Flow cuts applied:  110
Mixed integer rounding cuts applied:  190
Lift and project cuts applied:  108
Gomory fractional cuts applied:  102

Root node processing (before b&c):
  Real time             =    4.82 sec. (2573.18 ticks)
Sequential b&c:
  Real time             = 3595.18 sec. (2139635.59 ticks)
                          ------------
Total (root+branch&cut) = 3600.00 sec. (2142208.77 ticks)
